
--------------- INIT POSTPROCESSING MODEL ----------------

/leonardo/home/userexternal/mdasilva/leonardo_work/EUR-11/postproc

1. Select variable: pr

2. Concatenate data

3. Convert unit

4. Calculate p99

5. Regrid variable
cdo    remapbil: Bilinear weights from curvilinear (424x412) to lonlat (949x461) grid

6. Delete files

/leonardo/home/userexternal/mdasilva/leonardo_work/EUR-11/postproc

1. Select variable: pr

2. Concatenate data

3. Convert unit

4. Calculate p99

5. Regrid variable
cdo    remapbil: Bilinear weights from curvilinear (424x412) to lonlat (949x461) grid

6. Delete files

/leonardo/home/userexternal/mdasilva/leonardo_work/EUR-11/postproc

1. Select variable: pr

2. Concatenate data

3. Convert unit

4. Calculate p99

5. Regrid variable
cdo    remapbil: Bilinear weights from curvilinear (424x412) to lonlat (949x461) grid

6. Delete files

/leonardo/home/userexternal/mdasilva/leonardo_work/EUR-11/postproc

1. Select variable: pr

2. Concatenate data

3. Convert unit

4. Calculate p99

5. Regrid variable
cdo    remapbil: Bilinear weights from curvilinear (424x412) to lonlat (949x461) grid

6. Delete files

/leonardo/home/userexternal/mdasilva/leonardo_work/EUR-11/postproc

1. Select variable: pr

2. Concatenate data

3. Convert unit

4. Calculate p99

5. Regrid variable
cdo    remapbil: Bilinear weights from curvilinear (424x412) to lonlat (949x461) grid

6. Delete files

--------------- THE END POSPROCESSING MODEL ----------------
