
--------------- INIT POSTPROCESSING MODEL ----------------

/leonardo/home/userexternal/mdasilva/leonardo_work/EUR-11/postproc/rcm

1. Select variable
cdi  warning (cdf_check_variables): 5 dimensional variables are not supported, skipped variable taucl!
cdi  warning (cdf_check_variables): 5 dimensional variables are not supported, skipped variable tauci!
cdi  warning (cdf_check_variables): 5 dimensional variables are not supported, skipped variable taucl!
cdi  warning (cdf_check_variables): 5 dimensional variables are not supported, skipped variable tauci!
cdi  warning (cdf_check_variables): 5 dimensional variables are not supported, skipped variable taucl!
cdi  warning (cdf_check_variables): 5 dimensional variables are not supported, skipped variable tauci!
cdi  warning (cdf_check_variables): 5 dimensional variables are not supported, skipped variable taucl!
cdi  warning (cdf_check_variables): 5 dimensional variables are not supported, skipped variable tauci!
cdi  warning (cdf_check_variables): 5 dimensional variables are not supported, skipped variable taucl!
cdi  warning (cdf_check_variables): 5 dimensional variables are not supported, skipped variable tauci!
cdi  warning (cdf_check_variables): 5 dimensional variables are not supported, skipped variable taucl!
cdi  warning (cdf_check_variables): 5 dimensional variables are not supported, skipped variable tauci!
cdi  warning (cdf_check_variables): 5 dimensional variables are not supported, skipped variable taucl!
cdi  warning (cdf_check_variables): 5 dimensional variables are not supported, skipped variable tauci!
cdi  warning (cdf_check_variables): 5 dimensional variables are not supported, skipped variable taucl!
cdi  warning (cdf_check_variables): 5 dimensional variables are not supported, skipped variable tauci!
cdi  warning (cdf_check_variables): 5 dimensional variables are not supported, skipped variable taucl!
cdi  warning (cdf_check_variables): 5 dimensional variables are not supported, skipped variable tauci!
