
--------------- INIT POSTPROCESSING MODEL ----------------

/leonardo/home/userexternal/mdasilva/leonardo_work/EUR-11/postproc/rcm

1. Select variable: pr

2. Concatenate data

3. Convert unit

4. Seasonal avg and Regrid
cdo    remapbil: Bilinear weights from curvilinear (424x412) to lonlat (949x461) grid
cdo    remapbil: Bilinear weights from curvilinear (424x412) to lonlat (949x461) grid
cdo    remapbil: Bilinear weights from curvilinear (424x412) to lonlat (949x461) grid
cdo    remapbil: Bilinear weights from curvilinear (424x412) to lonlat (949x461) grid

1. Select variable: tas

2. Concatenate data

3. Convert unit

4. Seasonal avg and Regrid
cdo    remapbil: Bilinear weights from curvilinear (424x412) to lonlat (949x461) grid
cdo    remapbil: Bilinear weights from curvilinear (424x412) to lonlat (949x461) grid
cdo    remapbil: Bilinear weights from curvilinear (424x412) to lonlat (949x461) grid
cdo    remapbil: Bilinear weights from curvilinear (424x412) to lonlat (949x461) grid

1. Select variable: clt

2. Concatenate data

3. Convert unit

4. Seasonal avg and Regrid
cdo    remapbil: Bilinear weights from curvilinear (424x412) to lonlat (949x461) grid
cdo    remapbil: Bilinear weights from curvilinear (424x412) to lonlat (949x461) grid
cdo    remapbil: Bilinear weights from curvilinear (424x412) to lonlat (949x461) grid
cdo    remapbil: Bilinear weights from curvilinear (424x412) to lonlat (949x461) grid

5. Delete files

/leonardo/home/userexternal/mdasilva/leonardo_work/EUR-11/postproc/rcm

1. Select variable: pr

2. Concatenate data

3. Convert unit

4. Seasonal avg and Regrid
cdo    remapbil: Bilinear weights from curvilinear (424x412) to lonlat (949x461) grid
cdo    remapbil: Bilinear weights from curvilinear (424x412) to lonlat (949x461) grid
cdo    remapbil: Bilinear weights from curvilinear (424x412) to lonlat (949x461) grid
cdo    remapbil: Bilinear weights from curvilinear (424x412) to lonlat (949x461) grid

1. Select variable: tas

2. Concatenate data

3. Convert unit

4. Seasonal avg and Regrid
cdo    remapbil: Bilinear weights from curvilinear (424x412) to lonlat (949x461) grid
cdo    remapbil: Bilinear weights from curvilinear (424x412) to lonlat (949x461) grid
cdo    remapbil: Bilinear weights from curvilinear (424x412) to lonlat (949x461) grid
cdo    remapbil: Bilinear weights from curvilinear (424x412) to lonlat (949x461) grid

1. Select variable: clt

2. Concatenate data

3. Convert unit

4. Seasonal avg and Regrid
cdo    remapbil: Bilinear weights from curvilinear (424x412) to lonlat (949x461) grid
cdo    remapbil: Bilinear weights from curvilinear (424x412) to lonlat (949x461) grid
cdo    remapbil: Bilinear weights from curvilinear (424x412) to lonlat (949x461) grid
cdo    remapbil: Bilinear weights from curvilinear (424x412) to lonlat (949x461) grid

5. Delete files

/leonardo/home/userexternal/mdasilva/leonardo_work/EUR-11/postproc/rcm

1. Select variable: pr

2. Concatenate data

3. Convert unit

4. Seasonal avg and Regrid
cdo    remapbil: Bilinear weights from curvilinear (424x412) to lonlat (949x461) grid
cdo    remapbil: Bilinear weights from curvilinear (424x412) to lonlat (949x461) grid
cdo    remapbil: Bilinear weights from curvilinear (424x412) to lonlat (949x461) grid
cdo    remapbil: Bilinear weights from curvilinear (424x412) to lonlat (949x461) grid

1. Select variable: tas

2. Concatenate data

3. Convert unit

4. Seasonal avg and Regrid
cdo    remapbil: Bilinear weights from curvilinear (424x412) to lonlat (949x461) grid
cdo    remapbil: Bilinear weights from curvilinear (424x412) to lonlat (949x461) grid
cdo    remapbil: Bilinear weights from curvilinear (424x412) to lonlat (949x461) grid
cdo    remapbil: Bilinear weights from curvilinear (424x412) to lonlat (949x461) grid

1. Select variable: clt

2. Concatenate data

3. Convert unit

4. Seasonal avg and Regrid
cdo    remapbil: Bilinear weights from curvilinear (424x412) to lonlat (949x461) grid
cdo    remapbil: Bilinear weights from curvilinear (424x412) to lonlat (949x461) grid
cdo    remapbil: Bilinear weights from curvilinear (424x412) to lonlat (949x461) grid
cdo    remapbil: Bilinear weights from curvilinear (424x412) to lonlat (949x461) grid

5. Delete files

/leonardo/home/userexternal/mdasilva/leonardo_work/EUR-11/postproc/rcm

1. Select variable: pr

2. Concatenate data

3. Convert unit

4. Seasonal avg and Regrid
cdo    remapbil: Bilinear weights from curvilinear (424x412) to lonlat (949x461) grid
cdo    remapbil: Bilinear weights from curvilinear (424x412) to lonlat (949x461) grid
cdo    remapbil: Bilinear weights from curvilinear (424x412) to lonlat (949x461) grid
cdo    remapbil: Bilinear weights from curvilinear (424x412) to lonlat (949x461) grid

1. Select variable: tas

2. Concatenate data

3. Convert unit

4. Seasonal avg and Regrid
cdo    remapbil: Bilinear weights from curvilinear (424x412) to lonlat (949x461) grid
cdo    remapbil: Bilinear weights from curvilinear (424x412) to lonlat (949x461) grid
cdo    remapbil: Bilinear weights from curvilinear (424x412) to lonlat (949x461) grid
cdo    remapbil: Bilinear weights from curvilinear (424x412) to lonlat (949x461) grid

1. Select variable: clt

2. Concatenate data

3. Convert unit

4. Seasonal avg and Regrid
cdo    remapbil: Bilinear weights from curvilinear (424x412) to lonlat (949x461) grid
cdo    remapbil: Bilinear weights from curvilinear (424x412) to lonlat (949x461) grid
cdo    remapbil: Bilinear weights from curvilinear (424x412) to lonlat (949x461) grid
cdo    remapbil: Bilinear weights from curvilinear (424x412) to lonlat (949x461) grid

5. Delete files

--------------- THE END POSTPROCESSING MODEL ----------------

--------------- INIT POSTPROCESSING MODEL ----------------

/leonardo/home/userexternal/mdasilva/leonardo_work/EUR-11/postproc/rcm

1. Select variable: pr

2. Concatenate data

3. Convert unit

4. Hourly mean

5. Diurnal cycle

6. Regrid output
cdo    remapbil: Bilinear weights from curvilinear (424x412) to lonlat (949x461) grid
cdo    remapbil: Bilinear weights from curvilinear (424x412) to lonlat (949x461) grid
cdo    remapbil: Bilinear weights from curvilinear (424x412) to lonlat (949x461) grid
cdo    remapbil: Bilinear weights from curvilinear (424x412) to lonlat (949x461) grid

7. Delete files

/leonardo/home/userexternal/mdasilva/leonardo_work/EUR-11/postproc/rcm

1. Select variable: pr

2. Concatenate data

3. Convert unit

4. Hourly mean

5. Diurnal cycle

6. Regrid output
cdo    remapbil: Bilinear weights from curvilinear (424x412) to lonlat (949x461) grid
cdo    remapbil: Bilinear weights from curvilinear (424x412) to lonlat (949x461) grid
cdo    remapbil: Bilinear weights from curvilinear (424x412) to lonlat (949x461) grid
cdo    remapbil: Bilinear weights from curvilinear (424x412) to lonlat (949x461) grid

7. Delete files

/leonardo/home/userexternal/mdasilva/leonardo_work/EUR-11/postproc/rcm

1. Select variable: pr

2. Concatenate data

3. Convert unit

4. Hourly mean

5. Diurnal cycle

6. Regrid output
cdo    remapbil: Bilinear weights from curvilinear (424x412) to lonlat (949x461) grid
cdo    remapbil: Bilinear weights from curvilinear (424x412) to lonlat (949x461) grid
cdo    remapbil: Bilinear weights from curvilinear (424x412) to lonlat (949x461) grid
cdo    remapbil: Bilinear weights from curvilinear (424x412) to lonlat (949x461) grid

7. Delete files

/leonardo/home/userexternal/mdasilva/leonardo_work/EUR-11/postproc/rcm

1. Select variable: pr

2. Concatenate data

3. Convert unit

4. Hourly mean

5. Diurnal cycle

6. Regrid output
cdo    remapbil: Bilinear weights from curvilinear (424x412) to lonlat (949x461) grid
cdo    remapbil: Bilinear weights from curvilinear (424x412) to lonlat (949x461) grid
cdo    remapbil: Bilinear weights from curvilinear (424x412) to lonlat (949x461) grid
cdo    remapbil: Bilinear weights from curvilinear (424x412) to lonlat (949x461) grid
slurmstepd: error: *** JOB 17131982 ON lrdn4962 CANCELLED AT 2025-06-30T18:27:45 DUE TO TIME LIMIT ***
