MPI startup(): shm:tmi fabric is unknown or has been removed from the product, please use ofi or shm:ofi instead.
[0] MPI startup(): I_MPI_TMI_PROVIDER variable has been removed from the product, its value is ignored

WARNING: release_mt library was used but no multi-ep feature was enabled. Please use release library instead.

  This is RegCM 5
   GIT Revision: 5.0.0 compiled at: data : Dec 22 2023  time: 12:15:34

 : this run start at  : 2024-02-09 00:07:04+0100
 : it is submitted by : mdasilva
 : it is running on   : r171c01s01
 : it is using        :         1440   processors
 : in directory       : 
 /marconi/home/userexternal/mdasilva/github_projects/shell/ictp/regcm_exp/sam_3k
 m_v2
                       
 CPUS DIM1 =           40
 CPUS DIM2 =           36
 
 Reading model namelist file
 Using default microphysical parameter.
 Initial date of the global simulation:  2018-01-01 00:00:00 UTC        
 Initial date of this run             :  2019-07-01 00:00:00 UTC        
 Final date of this run               :  2019-12-31 00:00:00 UTC        
 Total simulation lenght              :         4392  hours
 Timestep in seconds =   45.000000
 Reading Domain file : 
 /marconi/home/userexternal/mdasilva/user/mdasilva/SAM-3km_v2/input/SAM-3km_DOMA
 IN000.nc
 Advection timestep =    15.000 (factor  3)
 Max. Courant number for horizontal advection =    0.9538
 Sound waves timestep =     2.500 (factor  6)
 Courant number of horizontal sound waves =    0.3760
 Setting IPCC scenario to SSP585  
 Load GHG for 201907 SSP585
 Create SAV files :  T
 Create ATM files :  T
 Create RAD files :  T
 Create SRF files :  T
 Create STS files :  T
 Create SHF files :  F
 Create LAK files :  F
 Monthly new files are created
 Monthly SAV files are written
 Frequency in hours to create ATM :    6.0
 Frequency in hours to create RAD :    6.0
 Frequency in hours to create SRF :    1.0
 Frequency in hours to create LAK :    6.0
 Physical Parameterizations
  Lateral Boundary conditions :  5
  Semi-Lagrangian Advection   :  0
  Land cumulus conv. scheme   :  0
  Ocean cumulus conv. scheme  :  0
  Moisture schem              :  2
  Ocean Flux scheme           :  2
  Zeng roughness formula      :  1
  Zeng roughness method       :  1
  Coupling with ocean         :  0
  Coupling with wave          :  0
  Coupling with COP           :  0
  Pressure gradient force     :  0
  Prescribed LW emissivity    :  0
  Lake model in BATS          :  1
  Simulate diurnal sst cycle  :  0
  Simulate sea ice cover      :  0
  Enable chem/aerosol model   :  0
  Large scale LWP as convect. :  1
  Cloud fraction scheme       :  1
  Marine stratocumulus        :  0
  Climate O3 dataset          :  0
  Climate Aerosol dataset     :  3
 Boundary Pameterizations
  Num. of bndy points cross  :  30
  Num. of bndy points dot    :  30
  Nudge value high range     :  9.000000
  Nudge value medium range   :  6.000000
  Nudge value low range      :  3.000000
  Nm paramter                : -1.000000
  Dm paramter                : -1.000000
 Model Timestep Pameterizations
  time step for dynamical model in seconds :          45.000000
  time step for surface   model in seconds :         450.000000
  time step for cumulus   model in seconds :         225.000000
  time step for radiation model in seconds :        1350.000000
  time step for emission  model in seconds :       48600.000000
 Nudging coefficients F1=    0.040000, F2=    0.000000
  # Nudging coefficient profile #
     8.91       8.73       8.56       8.38       8.20       8.03       7.85    
     7.67       7.50       7.32       7.15       6.97       6.79       6.62    
     6.44       6.26       6.09       5.94       5.81       5.69       5.56    
     5.43       5.31       5.18       5.06       4.93       4.81       4.68    
     4.56       4.43       4.31       4.18       4.06       3.93       3.81    
     3.81       3.69       3.56       3.44       3.31       3.19       3.06    
 Model top at    25000.0000000000       m
 Domain grid parameters:
  Map Projection        : ROTLLR
  Dot Grid Full Extent  : 1231x 783x 41
  Model Grid Spacing    :    3.335968 km
  Proj Center Latitude  :  -24.000000 deg
  Proj Center longitude :  303.000000 deg
  Pole Latitude         :  -70.600000 deg
  Pole longitude        :  123.940000 deg
 Holtslag PBL Scheme
  ricr_ocn     =    0.250000
  ricr_lnd     =    0.250000
  zhnew_fac    =    0.250000
  ifaholt      =  0
  ifaholtth10  =  2
  holtth10iter =    1
 Cloud fraction schemes parameters
  # of bottom no cloud model levels :  1
  Maximum relative humidity         :    1.010000
  Minimum relative humidity         :    0.010000
  Maximum total cloud cover for rad :    0.750000
  Conv. CF UMF factor deep cumulus  :    0.140000
  Conv. CF UMF factor deep cumulus  :    0.140000
  Conv. CF UMF factor k2            :  500.000000
  Surface radiation hack            :           F
  Vavrus-Waliser Arctic cloud fix   :           T
 Convective Cloud Cover parameters after resolution scaling
  Maximum Convective Cloud Cover :    1.000000
  Convective Cloud Water         :    0.000300
 The surface energy budget is used to calculate the ground temperature.
 The radiation is computed every   22. minutes.
 Relaxation boundary conditions (exponential method)
  # Ozone profiles restart #
    0.885E-05  0.662E-05  0.536E-05  0.393E-05  0.269E-05  0.180E-05  0.131E-05
    0.977E-06  0.704E-06  0.497E-06  0.354E-06  0.260E-06  0.201E-06  0.162E-06
    0.135E-06  0.118E-06  0.104E-06  0.921E-07  0.842E-07  0.772E-07  0.722E-07
    0.679E-07  0.643E-07  0.619E-07  0.596E-07  0.575E-07  0.562E-07  0.550E-07
    0.538E-07  0.527E-07  0.521E-07  0.515E-07  0.510E-07  0.505E-07  0.501E-07
    0.497E-07  0.496E-07  0.496E-07  0.496E-07  0.496E-07  0.496E-07  0.496E-07
    0.496E-07
 READY BC DATA for  2019-07-01 00:00:00 UTC        
 SEARCH BC data for 2019070106 , step =  1048320
 READY  BC from     2019070100  to 2019070106 
 Successfully read restart file at time =  2019-07-01 00:00:00 UTC        
 Read solar forcing total irradiance data...
 Updating orbit parameters at  2019-07-01 00:00:00 UTC        
 At  2019-07-01 00:00:00 UTC        
 JDay    181.00000 solar declination angle =  23.20731842 degrees
                   solar TSI irradiance    =    1355.8472 W/m^2
 CLM version: 4.5 - RegCM 5.0.0
 Attempting to initialize the land model .....
 Mask given by RegCM model has a total of       637837  land points
 Attempting to initialize run control settings .....
 Read in clm_inparm namelist from: 
 /marconi/home/userexternal/mdasilva/github_projects/shell/ictp/regcm_exp/sam_3k
 m_v2/NoTo-SAM.in
 Read in clm_hydrology1_inparm namelist
 Read in clm_soilhydrology_inparm namelist
 Successfully initialized run control settings
 
 define run:
    source                = Community Land Model CLM4.5
    model_version         = 5.0.0
    run type              = restart
    case title            = RegCM driven CLM4.5
    username              = mdasilva
    hostname              = r171c01s01
 input data files:
    PFT physiology = 
 /marconi_work/ICT23_ESP/RCMDATA/CLM45/pftdata/pft-physiology.c130503.nc
    surface data   = 
 /marconi/home/userexternal/mdasilva/user/mdasilva/SAM-3km_v2/input/SAM-3km_CLM4
 5_surface.nc
    land frac data = 
 /marconi/home/userexternal/mdasilva/user/mdasilva/SAM-3km_v2/input/SAM-3km_DOMA
 IN000.nc
    enable_megan_emission                                 :  F
    enable_urban_landunit                                 :  T
    enable_more_crop_pft                                  :  F
    SNICAR optical = 
 /marconi_work/ICT23_ESP/RCMDATA/CLM45/snicardata/snicar_optics_5bnd_c090915.nc
    SNICAR aging = 
 /marconi_work/ICT23_ESP/RCMDATA/CLM45/snicardata/snicar_drdt_bst_fit_60_c070416
 .nc
    restart data   = using a restart file
    atmospheric forcing data is from RegCM atm model
 Large file support for output files is ON
 model physics parameters:
    flag for random perturbation test is not set
    CO2 volume mixing ratio   (umol/mol)   =    355.000000000000     
    land albedos  (unitless 0-1)   =   0.800000000000000     
    ice albedos   (unitless 0-1)   =   0.550000000000000     
    urban air conditioning/heating and wasteheat   = OFF             
    urban traffic flux   =  F
    more vertical layers =  F
 restart warning:
    Namelist not checked for agreement with initial run.
    Namelist should not differ except for ending time step and run type
    maxpatch_pft         =           17
    allocate_all_vegpfts =  T
    perchroot (PWS based on unfrozen layers only) =  F
    perchroot (PWS based on time-integrated active layer only) =  F
 
 Lake Model Namelists:
 Hostetler eddy increase low    :    25.0000000000000     
 Hostetler eddy increase factor :    10.0000000000000     
 Albedo melting lakes (visible) :  0.100000000000000     
 Albedo melting lakes (NIR)     :  0.100000000000000     
 Attempting to read ldomain from 
 /marconi/home/userexternal/mdasilva/user/mdasilva/SAM-3km_v2/input/SAM-3km_DOMA
 IN000.nc
   domain_check set       = domain_set
   domain_check decomped  =  T
   domain_check ns        =       957840
   domain_check ni,nj     =         1228         780
   domain_check clmlevel  = gridcell
   domain_check nbeg,nend =            1         442
   domain_check lonc      =   -72.1860395653009       -57.3264049715783     
   domain_check latc      =   -35.6984140874588       -35.0349159744899     
   domain_check mask      =            1           1
   domain_check frac      =    100.000000000000        100.000000000000     
   domain_check topo      =    1.42061796280916        2989.68710312116     
   domain_check area      =    10.6812384818869        10.6828726814438     
   domain_check pftm      =            1           1
  
  Reading in urban input data from surface data file ...
  UrbanInput : 
 /marconi/home/userexternal/mdasilva/user/mdasilva/SAM-3km_v2/input/SAM-3km_CLM4
 5_surface.nc
  Sucessfully read urban input data
 
 Attempting to read PFT physiological data .....
 Successfully read PFT physiological data
 Attempting to read surface boundary data .....
 Checked LAT/LON compliance
 Successfully read surface boundary data
 
  Surface Grid Characteristics
    total number of gridcells =       637837
    total number of landunits =      1346093
    total number of columns   =      2213201
    total number of pfts      =     11136913
  
 ---clm_ptrs_check:
    clm_ptrs_check: g index ranges - OK
    clm_ptrs_check: l index ranges - OK
    clm_ptrs_check: c index ranges - OK
    clm_ptrs_check: p index ranges - OK
    clm_ptrs_check: g mono increasing - OK
    clm_ptrs_check: l mono increasing - OK
    clm_ptrs_check: c mono increasing - OK
    clm_ptrs_check: p mono increasing - OK
    clm_ptrs_check: tree consistent - OK
  
 Attempting to initialize time invariant variables
 Attempting to read soil color, sand and clay boundary data .....
 WARNING:: ETALAKE not found on surface data set.
 All lake columns will have eta set equal to default value
 WARNING:: LAKEFETCH not found on surface data set.
 All lake columns will have fetch set equal to default value
 Successfully read fmax, soil color, sand and clay boundary data
 
 Attempting to read organic matter data .....
  organicrd : 
 /marconi/home/userexternal/mdasilva/user/mdasilva/SAM-3km_v2/input/SAM-3km_CLM4
 5_surface.nc
 Successfully read organic matter data
 
  # zsoi #
    0.710E-02  0.279E-01  0.623E-01  0.119      0.212      0.366      0.620    
     1.04       1.73       2.86       4.74       7.83       12.9       21.3    
     21.3       35.2    
  # zisoi #
     0.00      0.175E-01  0.451E-01  0.906E-01  0.166      0.289      0.493    
    0.829       1.38       2.30       3.80       6.28       10.4       17.1    
     17.1       28.3       42.1    
  # dzsoi #
    0.175E-01  0.276E-01  0.455E-01  0.750E-01  0.124      0.204      0.336    
    0.554      0.913       1.51       2.48       4.09       6.75       11.1    
     11.1       13.9    
 dzsoi_decomp   1.00000000000000     
 Set    15 100% special land-units points to zero slope
 Set    18 100% special land-units points to zero slope
 Set     1 100% special land-units points to zero slope
 Set     2 100% special land-units points to zero slope
 Set    29 100% special land-units points to zero slope
 Set     2 100% special land-units points to zero slope
 Set     9 100% special land-units points to zero slope
 Set     2 100% special land-units points to zero slope
 Set     2 100% special land-units points to zero slope
 Set     3 100% special land-units points to zero slope
 Set     2 100% special land-units points to zero slope
 Set    12 100% special land-units points to zero slope
 Set     2 100% special land-units points to zero slope
 Set     2 100% special land-units points to zero slope
 Set     7 100% special land-units points to zero slope
 Set     2 100% special land-units points to zero slope
 Set     2 100% special land-units points to zero slope
 Set    15 100% special land-units points to zero slope
 Set     4 100% special land-units points to zero slope
 Set     6 100% special land-units points to zero slope
 Set    15 100% special land-units points to zero slope
 Set    16 100% special land-units points to zero slope
 Set     2 100% special land-units points to zero slope
 Set    28 100% special land-units points to zero slope
 Set     1 100% special land-units points to zero slope
 Set     3 100% special land-units points to zero slope
 Set     3 100% special land-units points to zero slope
 Set     1 100% special land-units points to zero slope
 Set     2 100% special land-units points to zero slope
 Set     2 100% special land-units points to zero slope
 Set     3 100% special land-units points to zero slope
 Set     1 100% special land-units points to zero slope
 Set     4 100% special land-units points to zero slope
 Set    12 100% special land-units points to zero slope
 Set    11 100% special land-units points to zero slope
 Set     1 100% special land-units points to zero slope
 Set     2 100% special land-units points to zero slope
 Set     1 100% special land-units points to zero slope
 Set     6 100% special land-units points to zero slope
 Set     1 100% special land-units points to zero slope
 Set     3 100% special land-units points to zero slope
 Set     5 100% special land-units points to zero slope
 Set     4 100% special land-units points to zero slope
 Set     1 100% special land-units points to zero slope
 Attempting to read snow optical properties .....
 Set     4 100% special land-units points to zero slope
 Set     1 100% special land-units points to zero slope
 Set     2 100% special land-units points to zero slope
 Set    12 100% special land-units points to zero slope
 Set     3 100% special land-units points to zero slope
 Set    10 100% special land-units points to zero slope
 Set     2 100% special land-units points to zero slope
 Set     2 100% special land-units points to zero slope
 Set     4 100% special land-units points to zero slope
 Set     2 100% special land-units points to zero slope
 Set     1 100% special land-units points to zero slope
 Set     3 100% special land-units points to zero slope
 Set     2 100% special land-units points to zero slope
 Set     1 100% special land-units points to zero slope
 Set     1 100% special land-units points to zero slope
 Set     2 100% special land-units points to zero slope
 Set     3 100% special land-units points to zero slope
 Set     1 100% special land-units points to zero slope
 Set     2 100% special land-units points to zero slope
 Set     3 100% special land-units points to zero slope
 Set     1 100% special land-units points to zero slope
 Set     1 100% special land-units points to zero slope
 Set     1 100% special land-units points to zero slope
 Set     7 100% special land-units points to zero slope
 Set     1 100% special land-units points to zero slope
 Set     2 100% special land-units points to zero slope
 Set     2 100% special land-units points to zero slope
 Set     9 100% special land-units points to zero slope
 Set     6 100% special land-units points to zero slope
 Set     3 100% special land-units points to zero slope
 Set     3 100% special land-units points to zero slope
 Set     2 100% special land-units points to zero slope
 Set     1 100% special land-units points to zero slope
 Set     2 100% special land-units points to zero slope
 Set     2 100% special land-units points to zero slope
 Set     3 100% special land-units points to zero slope
 Set     1 100% special land-units points to zero slope
 Set     3 100% special land-units points to zero slope
 SnowOptics_init : 
 /marconi_work/ICT23_ESP/RCMDATA/CLM45/snicardata/snicar_optics_5bnd_c090915.nc
 Set     2 100% special land-units points to zero slope
 Set     4 100% special land-units points to zero slope
 Set     1 100% special land-units points to zero slope
 Set    10 100% special land-units points to zero slope
 Set    10 100% special land-units points to zero slope
 Set    10 100% special land-units points to zero slope
 Set    10 100% special land-units points to zero slope
 Set     1 100% special land-units points to zero slope
 Set     1 100% special land-units points to zero slope
 Set    20 100% special land-units points to zero slope
 Set    10 100% special land-units points to zero slope
 Set     1 100% special land-units points to zero slope
 Set    20 100% special land-units points to zero slope
 Set    15 100% special land-units points to zero slope
 Set     1 100% special land-units points to zero slope
 Set     1 100% special land-units points to zero slope
 Set     1 100% special land-units points to zero slope
 Set    10 100% special land-units points to zero slope
 Set    15 100% special land-units points to zero slope
 Set     5 100% special land-units points to zero slope
 Set    10 100% special land-units points to zero slope
 Set    20 100% special land-units points to zero slope
 Set     3 100% special land-units points to zero slope
 Set     1 100% special land-units points to zero slope
 Set    40 100% special land-units points to zero slope
 Set    15 100% special land-units points to zero slope
 Set     3 100% special land-units points to zero slope
 Set     2 100% special land-units points to zero slope
 Set     1 100% special land-units points to zero slope
 Set     1 100% special land-units points to zero slope
 Set    35 100% special land-units points to zero slope
 Set    20 100% special land-units points to zero slope
 Set     1 100% special land-units points to zero slope
 Set     2 100% special land-units points to zero slope
 Set     2 100% special land-units points to zero slope
 Set    10 100% special land-units points to zero slope
 Successfully read snow optical properties
 Attempting to read snow aging parameters .....
 Set    10 100% special land-units points to zero slope
 Set     2 100% special land-units points to zero slope
 Successfully read snow aging properties
 Successfully initialized time invariant variables
 CLM_hist_printflds : number of master fields =          241
 There will be a total of            1  history tapes
 History tape            1  write frequency is MONTHLY
 All fields on history tape            1  are grid averaged
 Output precision on history tape            1 =           2
 Reading restart dataset at 
 /marconi/home/userexternal/mdasilva/user/mdasilva/SAM-3km_v2/output//SAM-3km.cl
 m.regcm.r.2019070100.nc
 Successfully read restart data for restart run
 Attempting to initialize time invariant variables for lakes
 CLM timestep appears to differ from 1800s. 
 Adjusting minimum snow layer thickness over lakes to maintain stability.
 New minimum thickness is   2.000000000000000E-002 .
 Successfully initialized time invariant variables for lakes
 Setting initial data to non-spun up values for lake points
 Successfully initialized the land model
 begin continuation run at: 2019-07-01 00:00:00 UTC
 Attempting to read monthly vegetation data .....
 At  2019-07-01 00:00:00 UTC
 Month =            7  Day =            1
 Reading months :            6           7
 Successfully read monthly vegetation data for
 month            7
 Opening new output file 
 /marconi/home/userexternal/mdasilva/user/mdasilva/SAM-3km_v2/output//SAM-3km_AT
 M.2019070100.nc
 Opening new output file 
 /marconi/home/userexternal/mdasilva/user/mdasilva/SAM-3km_v2/output//SAM-3km_SR
 F.2019070100.nc
 Opening new output file 
 /marconi/home/userexternal/mdasilva/user/mdasilva/SAM-3km_v2/output//SAM-3km_ST
 S.2019070100.nc
 Opening new output file 
 /marconi/home/userexternal/mdasilva/user/mdasilva/SAM-3km_v2/output//SAM-3km_RA
 D.2019070100.nc
 $$$  2019-07-01 00:00:00 UTC        
 $$$ max, min of ps (mb) =  1029.03  491.35
 Updating aerosol optical properties...
 SRF variables written at  2019-07-01 01:00:00 UTC        
 SRF variables written at  2019-07-01 02:00:00 UTC        
 SRF variables written at  2019-07-01 03:00:00 UTC        
 $$$  2019-07-01 03:00:00 UTC        
 $$$ max, min of ps (mb) =  1029.29  491.64
 SRF variables written at  2019-07-01 04:00:00 UTC        
 SRF variables written at  2019-07-01 05:00:00 UTC        
 ATM variables written at  2019-07-01 06:00:00 UTC        
 SRF variables written at  2019-07-01 06:00:00 UTC        
 RAD variables written at  2019-07-01 06:00:00 UTC        
 SEARCH BC data for 2019070112 , step =  1048800
 READY  BC from     2019070106  to 2019070112 
 $$$  2019-07-01 06:00:00 UTC        
 $$$ max, min of ps (mb) =  1029.44  491.86
 SRF variables written at  2019-07-01 07:00:00 UTC        
 SRF variables written at  2019-07-01 08:00:00 UTC        
 SRF variables written at  2019-07-01 09:00:00 UTC        
 $$$  2019-07-01 09:00:00 UTC        
 $$$ max, min of ps (mb) =  1029.02  492.02
 SRF variables written at  2019-07-01 10:00:00 UTC        
 SRF variables written at  2019-07-01 11:00:00 UTC        
 ATM variables written at  2019-07-01 12:00:00 UTC        
 SRF variables written at  2019-07-01 12:00:00 UTC        
 RAD variables written at  2019-07-01 12:00:00 UTC        
 SEARCH BC data for 2019070118 , step =  1049280
 READY  BC from     2019070112  to 2019070118 
 $$$  2019-07-01 12:00:00 UTC        
 $$$ max, min of ps (mb) =  1028.59  492.28
 SRF variables written at  2019-07-01 13:00:00 UTC        
 SRF variables written at  2019-07-01 14:00:00 UTC        
 SRF variables written at  2019-07-01 15:00:00 UTC        
 $$$  2019-07-01 15:00:00 UTC        
 $$$ max, min of ps (mb) =  1027.90  492.06
 SRF variables written at  2019-07-01 16:00:00 UTC        
 SRF variables written at  2019-07-01 17:00:00 UTC        
 ATM variables written at  2019-07-01 18:00:00 UTC        
 SRF variables written at  2019-07-01 18:00:00 UTC        
 RAD variables written at  2019-07-01 18:00:00 UTC        
 SEARCH BC data for 2019070200 , step =  1049760
 READY  BC from     2019070118  to 2019070200 
 $$$  2019-07-01 18:00:00 UTC        
 $$$ max, min of ps (mb) =  1027.18  491.68
 SRF variables written at  2019-07-01 19:00:00 UTC        
 SRF variables written at  2019-07-01 20:00:00 UTC        
 SRF variables written at  2019-07-01 21:00:00 UTC        
 $$$  2019-07-01 21:00:00 UTC        
 $$$ max, min of ps (mb) =  1026.08  491.06
 SRF variables written at  2019-07-01 22:00:00 UTC        
 SRF variables written at  2019-07-01 23:00:00 UTC        
 At  2019-07-02 00:00:00 UTC        
 JDay    182.00000 solar declination angle =  23.14792753 degrees
                   solar TSI irradiance    =    1355.8472 W/m^2
 ATM variables written at  2019-07-02 00:00:00 UTC        
 SRF variables written at  2019-07-02 00:00:00 UTC        
 STS variables written at  2019-07-02 00:00:00 UTC        
 RAD variables written at  2019-07-02 00:00:00 UTC        
 SEARCH BC data for 2019070206 , step =  1050240
 READY  BC from     2019070200  to 2019070206 
 $$$  2019-07-02 00:00:00 UTC        
 $$$ max, min of ps (mb) =  1025.04  490.50
 Updating aerosol optical properties...
 SRF variables written at  2019-07-02 01:00:00 UTC        
 SRF variables written at  2019-07-02 02:00:00 UTC        
 SRF variables written at  2019-07-02 03:00:00 UTC        
 $$$  2019-07-02 03:00:00 UTC        
 $$$ max, min of ps (mb) =  1025.06  489.82
 SRF variables written at  2019-07-02 04:00:00 UTC        
 SRF variables written at  2019-07-02 05:00:00 UTC        
 ATM variables written at  2019-07-02 06:00:00 UTC        
 SRF variables written at  2019-07-02 06:00:00 UTC        
 RAD variables written at  2019-07-02 06:00:00 UTC        
 SEARCH BC data for 2019070212 , step =  1050720
 READY  BC from     2019070206  to 2019070212 
 $$$  2019-07-02 06:00:00 UTC        
 $$$ max, min of ps (mb) =  1025.18  488.82
 SRF variables written at  2019-07-02 07:00:00 UTC        
 SRF variables written at  2019-07-02 08:00:00 UTC        
 SRF variables written at  2019-07-02 09:00:00 UTC        
 $$$  2019-07-02 09:00:00 UTC        
 $$$ max, min of ps (mb) =  1024.75  488.00
 SRF variables written at  2019-07-02 10:00:00 UTC        
 SRF variables written at  2019-07-02 11:00:00 UTC        
 ATM variables written at  2019-07-02 12:00:00 UTC        
 SRF variables written at  2019-07-02 12:00:00 UTC        
 RAD variables written at  2019-07-02 12:00:00 UTC        
 SEARCH BC data for 2019070218 , step =  1051200
 READY  BC from     2019070212  to 2019070218 
 $$$  2019-07-02 12:00:00 UTC        
 $$$ max, min of ps (mb) =  1024.61  488.27
 SRF variables written at  2019-07-02 13:00:00 UTC        
 SRF variables written at  2019-07-02 14:00:00 UTC        
 SRF variables written at  2019-07-02 15:00:00 UTC        
 $$$  2019-07-02 15:00:00 UTC        
 $$$ max, min of ps (mb) =  1024.71  489.06
 SRF variables written at  2019-07-02 16:00:00 UTC        
 SRF variables written at  2019-07-02 17:00:00 UTC        
 ATM variables written at  2019-07-02 18:00:00 UTC        
 SRF variables written at  2019-07-02 18:00:00 UTC        
 RAD variables written at  2019-07-02 18:00:00 UTC        
 SEARCH BC data for 2019070300 , step =  1051680
 READY  BC from     2019070218  to 2019070300 
 $$$  2019-07-02 18:00:00 UTC        
 $$$ max, min of ps (mb) =  1024.89  490.58
 SRF variables written at  2019-07-02 19:00:00 UTC        
 SRF variables written at  2019-07-02 20:00:00 UTC        
 SRF variables written at  2019-07-02 21:00:00 UTC        
 $$$  2019-07-02 21:00:00 UTC        
 $$$ max, min of ps (mb) =  1025.55  491.53
 SRF variables written at  2019-07-02 22:00:00 UTC        
 SRF variables written at  2019-07-02 23:00:00 UTC        
 At  2019-07-03 00:00:00 UTC        
 JDay    183.00000 solar declination angle =  23.08179430 degrees
                   solar TSI irradiance    =    1355.8472 W/m^2
 ATM variables written at  2019-07-03 00:00:00 UTC        
 SRF variables written at  2019-07-03 00:00:00 UTC        
 STS variables written at  2019-07-03 00:00:00 UTC        
 RAD variables written at  2019-07-03 00:00:00 UTC        
 SEARCH BC data for 2019070306 , step =  1052160
 READY  BC from     2019070300  to 2019070306 
 $$$  2019-07-03 00:00:00 UTC        
 $$$ max, min of ps (mb) =  1026.29  492.30
 Updating aerosol optical properties...
 SRF variables written at  2019-07-03 01:00:00 UTC        
 SRF variables written at  2019-07-03 02:00:00 UTC        
 SRF variables written at  2019-07-03 03:00:00 UTC        
 $$$  2019-07-03 03:00:00 UTC        
 $$$ max, min of ps (mb) =  1026.27  493.03
 SRF variables written at  2019-07-03 04:00:00 UTC        
 SRF variables written at  2019-07-03 05:00:00 UTC        
 ATM variables written at  2019-07-03 06:00:00 UTC        
 SRF variables written at  2019-07-03 06:00:00 UTC        
 RAD variables written at  2019-07-03 06:00:00 UTC        
 SEARCH BC data for 2019070312 , step =  1052640
 READY  BC from     2019070306  to 2019070312 
 $$$  2019-07-03 06:00:00 UTC        
 $$$ max, min of ps (mb) =  1026.19  493.17
 SRF variables written at  2019-07-03 07:00:00 UTC        
 SRF variables written at  2019-07-03 08:00:00 UTC        
 SRF variables written at  2019-07-03 09:00:00 UTC        
 $$$  2019-07-03 09:00:00 UTC        
 $$$ max, min of ps (mb) =  1025.77  493.32
 SRF variables written at  2019-07-03 10:00:00 UTC        
 SRF variables written at  2019-07-03 11:00:00 UTC        
 ATM variables written at  2019-07-03 12:00:00 UTC        
 SRF variables written at  2019-07-03 12:00:00 UTC        
 RAD variables written at  2019-07-03 12:00:00 UTC        
 SEARCH BC data for 2019070318 , step =  1053120
 READY  BC from     2019070312  to 2019070318 
 $$$  2019-07-03 12:00:00 UTC        
 $$$ max, min of ps (mb) =  1025.36  493.78
 SRF variables written at  2019-07-03 13:00:00 UTC        
 SRF variables written at  2019-07-03 14:00:00 UTC        
 SRF variables written at  2019-07-03 15:00:00 UTC        
 $$$  2019-07-03 15:00:00 UTC        
 $$$ max, min of ps (mb) =  1024.98  493.71
 SRF variables written at  2019-07-03 16:00:00 UTC        
 SRF variables written at  2019-07-03 17:00:00 UTC        
 ATM variables written at  2019-07-03 18:00:00 UTC        
 SRF variables written at  2019-07-03 18:00:00 UTC        
 RAD variables written at  2019-07-03 18:00:00 UTC        
 SEARCH BC data for 2019070400 , step =  1053600
 READY  BC from     2019070318  to 2019070400 
 $$$  2019-07-03 18:00:00 UTC        
 $$$ max, min of ps (mb) =  1024.62  493.68
 SRF variables written at  2019-07-03 19:00:00 UTC        
 SRF variables written at  2019-07-03 20:00:00 UTC        
 SRF variables written at  2019-07-03 21:00:00 UTC        
 $$$  2019-07-03 21:00:00 UTC        
 $$$ max, min of ps (mb) =  1025.06  493.95
 SRF variables written at  2019-07-03 22:00:00 UTC        
 SRF variables written at  2019-07-03 23:00:00 UTC        
 At  2019-07-04 00:00:00 UTC        
 JDay    184.00000 solar declination angle =  23.00894703 degrees
                   solar TSI irradiance    =    1355.8472 W/m^2
 ATM variables written at  2019-07-04 00:00:00 UTC        
 SRF variables written at  2019-07-04 00:00:00 UTC        
 STS variables written at  2019-07-04 00:00:00 UTC        
 RAD variables written at  2019-07-04 00:00:00 UTC        
 SEARCH BC data for 2019070406 , step =  1054080
 READY  BC from     2019070400  to 2019070406 
 $$$  2019-07-04 00:00:00 UTC        
 $$$ max, min of ps (mb) =  1025.57  494.06
 Updating aerosol optical properties...
 SRF variables written at  2019-07-04 01:00:00 UTC        
 SRF variables written at  2019-07-04 02:00:00 UTC        
 SRF variables written at  2019-07-04 03:00:00 UTC        
 $$$  2019-07-04 03:00:00 UTC        
 $$$ max, min of ps (mb) =  1025.62  493.85
 SRF variables written at  2019-07-04 04:00:00 UTC        
 SRF variables written at  2019-07-04 05:00:00 UTC        
 ATM variables written at  2019-07-04 06:00:00 UTC        
 SRF variables written at  2019-07-04 06:00:00 UTC        
 RAD variables written at  2019-07-04 06:00:00 UTC        
 SEARCH BC data for 2019070412 , step =  1054560
 READY  BC from     2019070406  to 2019070412 
 $$$  2019-07-04 06:00:00 UTC        
 $$$ max, min of ps (mb) =  1025.71  493.78
 SRF variables written at  2019-07-04 07:00:00 UTC        
 SRF variables written at  2019-07-04 08:00:00 UTC        
 SRF variables written at  2019-07-04 09:00:00 UTC        
 $$$  2019-07-04 09:00:00 UTC        
 $$$ max, min of ps (mb) =  1026.24  493.96
 SRF variables written at  2019-07-04 10:00:00 UTC        
 SRF variables written at  2019-07-04 11:00:00 UTC        
 ATM variables written at  2019-07-04 12:00:00 UTC        
 SRF variables written at  2019-07-04 12:00:00 UTC        
 RAD variables written at  2019-07-04 12:00:00 UTC        
 SEARCH BC data for 2019070418 , step =  1055040
 READY  BC from     2019070412  to 2019070418 
 $$$  2019-07-04 12:00:00 UTC        
 $$$ max, min of ps (mb) =  1026.79  494.27
 SRF variables written at  2019-07-04 13:00:00 UTC        
 SRF variables written at  2019-07-04 14:00:00 UTC        
 SRF variables written at  2019-07-04 15:00:00 UTC        
 $$$  2019-07-04 15:00:00 UTC        
 $$$ max, min of ps (mb) =  1027.08  494.61
 SRF variables written at  2019-07-04 16:00:00 UTC        
 SRF variables written at  2019-07-04 17:00:00 UTC        
 ATM variables written at  2019-07-04 18:00:00 UTC        
 SRF variables written at  2019-07-04 18:00:00 UTC        
 RAD variables written at  2019-07-04 18:00:00 UTC        
 SEARCH BC data for 2019070500 , step =  1055520
 READY  BC from     2019070418  to 2019070500 
 $$$  2019-07-04 18:00:00 UTC        
 $$$ max, min of ps (mb) =  1027.38  495.28
 SRF variables written at  2019-07-04 19:00:00 UTC        
 SRF variables written at  2019-07-04 20:00:00 UTC        
 SRF variables written at  2019-07-04 21:00:00 UTC        
 $$$  2019-07-04 21:00:00 UTC        
 $$$ max, min of ps (mb) =  1027.47  495.94
 SRF variables written at  2019-07-04 22:00:00 UTC        
 SRF variables written at  2019-07-04 23:00:00 UTC        
 At  2019-07-05 00:00:00 UTC        
 JDay    185.00000 solar declination angle =  22.92941654 degrees
                   solar TSI irradiance    =    1355.8472 W/m^2
 ATM variables written at  2019-07-05 00:00:00 UTC        
 SRF variables written at  2019-07-05 00:00:00 UTC        
 STS variables written at  2019-07-05 00:00:00 UTC        
 RAD variables written at  2019-07-05 00:00:00 UTC        
 SEARCH BC data for 2019070506 , step =  1056000
 READY  BC from     2019070500  to 2019070506 
 $$$  2019-07-05 00:00:00 UTC        
 $$$ max, min of ps (mb) =  1027.60  496.38
 Updating aerosol optical properties...
 SRF variables written at  2019-07-05 01:00:00 UTC        
 SRF variables written at  2019-07-05 02:00:00 UTC        
 SRF variables written at  2019-07-05 03:00:00 UTC        
 $$$  2019-07-05 03:00:00 UTC        
 $$$ max, min of ps (mb) =  1027.19  497.03
 SRF variables written at  2019-07-05 04:00:00 UTC        
 SRF variables written at  2019-07-05 05:00:00 UTC        
 ATM variables written at  2019-07-05 06:00:00 UTC        
 SRF variables written at  2019-07-05 06:00:00 UTC        
 RAD variables written at  2019-07-05 06:00:00 UTC        
 SEARCH BC data for 2019070512 , step =  1056480
 READY  BC from     2019070506  to 2019070512 
 $$$  2019-07-05 06:00:00 UTC        
 $$$ max, min of ps (mb) =  1028.54  497.69
 SRF variables written at  2019-07-05 07:00:00 UTC        
 SRF variables written at  2019-07-05 08:00:00 UTC        
 SRF variables written at  2019-07-05 09:00:00 UTC        
 $$$  2019-07-05 09:00:00 UTC        
 $$$ max, min of ps (mb) =  1029.73  498.15
 SRF variables written at  2019-07-05 10:00:00 UTC        
 SRF variables written at  2019-07-05 11:00:00 UTC        
 ATM variables written at  2019-07-05 12:00:00 UTC        
 SRF variables written at  2019-07-05 12:00:00 UTC        
 RAD variables written at  2019-07-05 12:00:00 UTC        
 SEARCH BC data for 2019070518 , step =  1056960
 READY  BC from     2019070512  to 2019070518 
 $$$  2019-07-05 12:00:00 UTC        
 $$$ max, min of ps (mb) =  1030.90  498.67
 SRF variables written at  2019-07-05 13:00:00 UTC        
 SRF variables written at  2019-07-05 14:00:00 UTC        
 SRF variables written at  2019-07-05 15:00:00 UTC        
 $$$  2019-07-05 15:00:00 UTC        
 $$$ max, min of ps (mb) =  1031.03  498.70
 SRF variables written at  2019-07-05 16:00:00 UTC        
 SRF variables written at  2019-07-05 17:00:00 UTC        
 ATM variables written at  2019-07-05 18:00:00 UTC        
 SRF variables written at  2019-07-05 18:00:00 UTC        
 RAD variables written at  2019-07-05 18:00:00 UTC        
 SEARCH BC data for 2019070600 , step =  1057440
 READY  BC from     2019070518  to 2019070600 
 $$$  2019-07-05 18:00:00 UTC        
 $$$ max, min of ps (mb) =  1030.47  498.80
 SRF variables written at  2019-07-05 19:00:00 UTC        
 SRF variables written at  2019-07-05 20:00:00 UTC        
 SRF variables written at  2019-07-05 21:00:00 UTC        
 $$$  2019-07-05 21:00:00 UTC        
 $$$ max, min of ps (mb) =  1029.99  498.61
 SRF variables written at  2019-07-05 22:00:00 UTC        
 SRF variables written at  2019-07-05 23:00:00 UTC        
 At  2019-07-06 00:00:00 UTC        
 JDay    186.00000 solar declination angle =  22.84323611 degrees
                   solar TSI irradiance    =    1355.8472 W/m^2
 ATM variables written at  2019-07-06 00:00:00 UTC        
 SRF variables written at  2019-07-06 00:00:00 UTC        
 STS variables written at  2019-07-06 00:00:00 UTC        
 RAD variables written at  2019-07-06 00:00:00 UTC        
 SEARCH BC data for 2019070606 , step =  1057920
 READY  BC from     2019070600  to 2019070606 
 $$$  2019-07-06 00:00:00 UTC        
 $$$ max, min of ps (mb) =  1030.36  498.52
 Updating aerosol optical properties...
 SRF variables written at  2019-07-06 01:00:00 UTC        
 SRF variables written at  2019-07-06 02:00:00 UTC        
 SRF variables written at  2019-07-06 03:00:00 UTC        
 $$$  2019-07-06 03:00:00 UTC        
 $$$ max, min of ps (mb) =  1030.32  498.57
 SRF variables written at  2019-07-06 04:00:00 UTC        
 SRF variables written at  2019-07-06 05:00:00 UTC        
 ATM variables written at  2019-07-06 06:00:00 UTC        
 SRF variables written at  2019-07-06 06:00:00 UTC        
 RAD variables written at  2019-07-06 06:00:00 UTC        
 SEARCH BC data for 2019070612 , step =  1058400
 READY  BC from     2019070606  to 2019070612 
 $$$  2019-07-06 06:00:00 UTC        
 $$$ max, min of ps (mb) =  1030.59  498.72
 SRF variables written at  2019-07-06 07:00:00 UTC        
 SRF variables written at  2019-07-06 08:00:00 UTC        
 SRF variables written at  2019-07-06 09:00:00 UTC        
 $$$  2019-07-06 09:00:00 UTC        
 $$$ max, min of ps (mb) =  1031.25  499.03
 SRF variables written at  2019-07-06 10:00:00 UTC        
 SRF variables written at  2019-07-06 11:00:00 UTC        
 ATM variables written at  2019-07-06 12:00:00 UTC        
 SRF variables written at  2019-07-06 12:00:00 UTC        
 RAD variables written at  2019-07-06 12:00:00 UTC        
 SEARCH BC data for 2019070618 , step =  1058880
 READY  BC from     2019070612  to 2019070618 
 $$$  2019-07-06 12:00:00 UTC        
 $$$ max, min of ps (mb) =  1031.72  499.26
 SRF variables written at  2019-07-06 13:00:00 UTC        
 SRF variables written at  2019-07-06 14:00:00 UTC        
 SRF variables written at  2019-07-06 15:00:00 UTC        
 $$$  2019-07-06 15:00:00 UTC        
 $$$ max, min of ps (mb) =  1030.93  499.06
 SRF variables written at  2019-07-06 16:00:00 UTC        
 SRF variables written at  2019-07-06 17:00:00 UTC        
 ATM variables written at  2019-07-06 18:00:00 UTC        
 SRF variables written at  2019-07-06 18:00:00 UTC        
 RAD variables written at  2019-07-06 18:00:00 UTC        
 SEARCH BC data for 2019070700 , step =  1059360
 READY  BC from     2019070618  to 2019070700 
 $$$  2019-07-06 18:00:00 UTC        
 $$$ max, min of ps (mb) =  1029.89  498.94
 SRF variables written at  2019-07-06 19:00:00 UTC        
 SRF variables written at  2019-07-06 20:00:00 UTC        
 SRF variables written at  2019-07-06 21:00:00 UTC        
 $$$  2019-07-06 21:00:00 UTC        
 $$$ max, min of ps (mb) =  1029.38  498.79
 SRF variables written at  2019-07-06 22:00:00 UTC        
 SRF variables written at  2019-07-06 23:00:00 UTC        
 At  2019-07-07 00:00:00 UTC        
 JDay    187.00000 solar declination angle =  22.75044140 degrees
                   solar TSI irradiance    =    1355.8472 W/m^2
 ATM variables written at  2019-07-07 00:00:00 UTC        
 SRF variables written at  2019-07-07 00:00:00 UTC        
 STS variables written at  2019-07-07 00:00:00 UTC        
 RAD variables written at  2019-07-07 00:00:00 UTC        
 SEARCH BC data for 2019070706 , step =  1059840
 READY  BC from     2019070700  to 2019070706 
 $$$  2019-07-07 00:00:00 UTC        
 $$$ max, min of ps (mb) =  1029.35  498.78
 Updating aerosol optical properties...
 SRF variables written at  2019-07-07 01:00:00 UTC        
 SRF variables written at  2019-07-07 02:00:00 UTC        
 SRF variables written at  2019-07-07 03:00:00 UTC        
 $$$  2019-07-07 03:00:00 UTC        
 $$$ max, min of ps (mb) =  1029.32  498.55
 SRF variables written at  2019-07-07 04:00:00 UTC        
 SRF variables written at  2019-07-07 05:00:00 UTC        
 ATM variables written at  2019-07-07 06:00:00 UTC        
 SRF variables written at  2019-07-07 06:00:00 UTC        
 RAD variables written at  2019-07-07 06:00:00 UTC        
 SEARCH BC data for 2019070712 , step =  1060320
 READY  BC from     2019070706  to 2019070712 
 $$$  2019-07-07 06:00:00 UTC        
 $$$ max, min of ps (mb) =  1029.57  498.37
 SRF variables written at  2019-07-07 07:00:00 UTC        
 SRF variables written at  2019-07-07 08:00:00 UTC        
 SRF variables written at  2019-07-07 09:00:00 UTC        
 $$$  2019-07-07 09:00:00 UTC        
 $$$ max, min of ps (mb) =  1029.80  498.09
 SRF variables written at  2019-07-07 10:00:00 UTC        
 SRF variables written at  2019-07-07 11:00:00 UTC        
 ATM variables written at  2019-07-07 12:00:00 UTC        
 SRF variables written at  2019-07-07 12:00:00 UTC        
 RAD variables written at  2019-07-07 12:00:00 UTC        
 SEARCH BC data for 2019070718 , step =  1060800
 READY  BC from     2019070712  to 2019070718 
 $$$  2019-07-07 12:00:00 UTC        
 $$$ max, min of ps (mb) =  1030.75  498.02
 SRF variables written at  2019-07-07 13:00:00 UTC        
 SRF variables written at  2019-07-07 14:00:00 UTC        
 SRF variables written at  2019-07-07 15:00:00 UTC        
 $$$  2019-07-07 15:00:00 UTC        
 $$$ max, min of ps (mb) =  1029.32  497.93
 SRF variables written at  2019-07-07 16:00:00 UTC        
 SRF variables written at  2019-07-07 17:00:00 UTC        
 ATM variables written at  2019-07-07 18:00:00 UTC        
 SRF variables written at  2019-07-07 18:00:00 UTC        
 RAD variables written at  2019-07-07 18:00:00 UTC        
 SEARCH BC data for 2019070800 , step =  1061280
 READY  BC from     2019070718  to 2019070800 
 $$$  2019-07-07 18:00:00 UTC        
 $$$ max, min of ps (mb) =  1028.01  498.14
 SRF variables written at  2019-07-07 19:00:00 UTC        
 SRF variables written at  2019-07-07 20:00:00 UTC        
 SRF variables written at  2019-07-07 21:00:00 UTC        
 $$$  2019-07-07 21:00:00 UTC        
 $$$ max, min of ps (mb) =  1028.42  498.42
 SRF variables written at  2019-07-07 22:00:00 UTC        
 SRF variables written at  2019-07-07 23:00:00 UTC        
 At  2019-07-08 00:00:00 UTC        
 JDay    188.00000 solar declination angle =  22.65107047 degrees
                   solar TSI irradiance    =    1355.8472 W/m^2
 ATM variables written at  2019-07-08 00:00:00 UTC        
 SRF variables written at  2019-07-08 00:00:00 UTC        
 STS variables written at  2019-07-08 00:00:00 UTC        
 RAD variables written at  2019-07-08 00:00:00 UTC        
 SEARCH BC data for 2019070806 , step =  1061760
 READY  BC from     2019070800  to 2019070806 
 $$$  2019-07-08 00:00:00 UTC        
 $$$ max, min of ps (mb) =  1029.04  498.62
 Updating aerosol optical properties...
 SRF variables written at  2019-07-08 01:00:00 UTC        
 SRF variables written at  2019-07-08 02:00:00 UTC        
 SRF variables written at  2019-07-08 03:00:00 UTC        
 $$$  2019-07-08 03:00:00 UTC        
 $$$ max, min of ps (mb) =  1028.34  498.40
 SRF variables written at  2019-07-08 04:00:00 UTC        
 SRF variables written at  2019-07-08 05:00:00 UTC        
 ATM variables written at  2019-07-08 06:00:00 UTC        
 SRF variables written at  2019-07-08 06:00:00 UTC        
 RAD variables written at  2019-07-08 06:00:00 UTC        
 SEARCH BC data for 2019070812 , step =  1062240
 READY  BC from     2019070806  to 2019070812 
 $$$  2019-07-08 06:00:00 UTC        
 $$$ max, min of ps (mb) =  1027.89  498.27
 SRF variables written at  2019-07-08 07:00:00 UTC        
 SRF variables written at  2019-07-08 08:00:00 UTC        
 SRF variables written at  2019-07-08 09:00:00 UTC        
 $$$  2019-07-08 09:00:00 UTC        
 $$$ max, min of ps (mb) =  1028.14  498.33
 SRF variables written at  2019-07-08 10:00:00 UTC        
 SRF variables written at  2019-07-08 11:00:00 UTC        
 ATM variables written at  2019-07-08 12:00:00 UTC        
 SRF variables written at  2019-07-08 12:00:00 UTC        
 RAD variables written at  2019-07-08 12:00:00 UTC        
 SEARCH BC data for 2019070818 , step =  1062720
 READY  BC from     2019070812  to 2019070818 
 $$$  2019-07-08 12:00:00 UTC        
 $$$ max, min of ps (mb) =  1029.00  498.40
 SRF variables written at  2019-07-08 13:00:00 UTC        
 SRF variables written at  2019-07-08 14:00:00 UTC        
 SRF variables written at  2019-07-08 15:00:00 UTC        
 $$$  2019-07-08 15:00:00 UTC        
 $$$ max, min of ps (mb) =  1028.14  498.11
 SRF variables written at  2019-07-08 16:00:00 UTC        
 SRF variables written at  2019-07-08 17:00:00 UTC        
 ATM variables written at  2019-07-08 18:00:00 UTC        
 SRF variables written at  2019-07-08 18:00:00 UTC        
 RAD variables written at  2019-07-08 18:00:00 UTC        
 SEARCH BC data for 2019070900 , step =  1063200
 READY  BC from     2019070818  to 2019070900 
 $$$  2019-07-08 18:00:00 UTC        
 $$$ max, min of ps (mb) =  1027.32  498.03
 SRF variables written at  2019-07-08 19:00:00 UTC        
 SRF variables written at  2019-07-08 20:00:00 UTC        
 SRF variables written at  2019-07-08 21:00:00 UTC        
 $$$  2019-07-08 21:00:00 UTC        
 $$$ max, min of ps (mb) =  1027.56  498.19
 SRF variables written at  2019-07-08 22:00:00 UTC        
 SRF variables written at  2019-07-08 23:00:00 UTC        
 At  2019-07-09 00:00:00 UTC        
 JDay    189.00000 solar declination angle =  22.54516367 degrees
                   solar TSI irradiance    =    1355.8472 W/m^2
 ATM variables written at  2019-07-09 00:00:00 UTC        
 SRF variables written at  2019-07-09 00:00:00 UTC        
 STS variables written at  2019-07-09 00:00:00 UTC        
 RAD variables written at  2019-07-09 00:00:00 UTC        
 SEARCH BC data for 2019070906 , step =  1063680
 READY  BC from     2019070900  to 2019070906 
 $$$  2019-07-09 00:00:00 UTC        
 $$$ max, min of ps (mb) =  1028.42  498.30
 Updating aerosol optical properties...
 SRF variables written at  2019-07-09 01:00:00 UTC        
 SRF variables written at  2019-07-09 02:00:00 UTC        
 SRF variables written at  2019-07-09 03:00:00 UTC        
 $$$  2019-07-09 03:00:00 UTC        
 $$$ max, min of ps (mb) =  1027.53  498.10
 SRF variables written at  2019-07-09 04:00:00 UTC        
 SRF variables written at  2019-07-09 05:00:00 UTC        
 ATM variables written at  2019-07-09 06:00:00 UTC        
 SRF variables written at  2019-07-09 06:00:00 UTC        
 RAD variables written at  2019-07-09 06:00:00 UTC        
 SEARCH BC data for 2019070912 , step =  1064160
 READY  BC from     2019070906  to 2019070912 
 $$$  2019-07-09 06:00:00 UTC        
 $$$ max, min of ps (mb) =  1027.38  497.97
 SRF variables written at  2019-07-09 07:00:00 UTC        
 SRF variables written at  2019-07-09 08:00:00 UTC        
 SRF variables written at  2019-07-09 09:00:00 UTC        
 $$$  2019-07-09 09:00:00 UTC        
 $$$ max, min of ps (mb) =  1028.39  498.14
 SRF variables written at  2019-07-09 10:00:00 UTC        
 SRF variables written at  2019-07-09 11:00:00 UTC        
 ATM variables written at  2019-07-09 12:00:00 UTC        
 SRF variables written at  2019-07-09 12:00:00 UTC        
 RAD variables written at  2019-07-09 12:00:00 UTC        
 SEARCH BC data for 2019070918 , step =  1064640
 READY  BC from     2019070912  to 2019070918 
 $$$  2019-07-09 12:00:00 UTC        
 $$$ max, min of ps (mb) =  1029.34  498.18
 SRF variables written at  2019-07-09 13:00:00 UTC        
 SRF variables written at  2019-07-09 14:00:00 UTC        
 SRF variables written at  2019-07-09 15:00:00 UTC        
 $$$  2019-07-09 15:00:00 UTC        
 $$$ max, min of ps (mb) =  1028.44  497.62
 SRF variables written at  2019-07-09 16:00:00 UTC        
 SRF variables written at  2019-07-09 17:00:00 UTC        
 ATM variables written at  2019-07-09 18:00:00 UTC        
 SRF variables written at  2019-07-09 18:00:00 UTC        
 RAD variables written at  2019-07-09 18:00:00 UTC        
 SEARCH BC data for 2019071000 , step =  1065120
 READY  BC from     2019070918  to 2019071000 
 $$$  2019-07-09 18:00:00 UTC        
 $$$ max, min of ps (mb) =  1027.42  497.36
 SRF variables written at  2019-07-09 19:00:00 UTC        
 SRF variables written at  2019-07-09 20:00:00 UTC        
 SRF variables written at  2019-07-09 21:00:00 UTC        
 $$$  2019-07-09 21:00:00 UTC        
 $$$ max, min of ps (mb) =  1027.95  497.27
 SRF variables written at  2019-07-09 22:00:00 UTC        
 SRF variables written at  2019-07-09 23:00:00 UTC        
 At  2019-07-10 00:00:00 UTC        
 JDay    190.00000 solar declination angle =  22.43276362 degrees
                   solar TSI irradiance    =    1355.8472 W/m^2
 ATM variables written at  2019-07-10 00:00:00 UTC        
 SRF variables written at  2019-07-10 00:00:00 UTC        
 STS variables written at  2019-07-10 00:00:00 UTC        
 RAD variables written at  2019-07-10 00:00:00 UTC        
 SEARCH BC data for 2019071006 , step =  1065600
 READY  BC from     2019071000  to 2019071006 
 $$$  2019-07-10 00:00:00 UTC        
 $$$ max, min of ps (mb) =  1028.83  497.06
 Updating aerosol optical properties...
 SRF variables written at  2019-07-10 01:00:00 UTC        
 SRF variables written at  2019-07-10 02:00:00 UTC        
 SRF variables written at  2019-07-10 03:00:00 UTC        
 $$$  2019-07-10 03:00:00 UTC        
 $$$ max, min of ps (mb) =  1027.94  496.78
 SRF variables written at  2019-07-10 04:00:00 UTC        
 SRF variables written at  2019-07-10 05:00:00 UTC        
 ATM variables written at  2019-07-10 06:00:00 UTC        
 SRF variables written at  2019-07-10 06:00:00 UTC        
 RAD variables written at  2019-07-10 06:00:00 UTC        
 SEARCH BC data for 2019071012 , step =  1066080
 READY  BC from     2019071006  to 2019071012 
 $$$  2019-07-10 06:00:00 UTC        
 $$$ max, min of ps (mb) =  1027.23  496.48
 SRF variables written at  2019-07-10 07:00:00 UTC        
 SRF variables written at  2019-07-10 08:00:00 UTC        
 SRF variables written at  2019-07-10 09:00:00 UTC        
 $$$  2019-07-10 09:00:00 UTC        
 $$$ max, min of ps (mb) =  1027.35  496.45
 SRF variables written at  2019-07-10 10:00:00 UTC        
 SRF variables written at  2019-07-10 11:00:00 UTC        
 ATM variables written at  2019-07-10 12:00:00 UTC        
 SRF variables written at  2019-07-10 12:00:00 UTC        
 RAD variables written at  2019-07-10 12:00:00 UTC        
 SEARCH BC data for 2019071018 , step =  1066560
 READY  BC from     2019071012  to 2019071018 
 $$$  2019-07-10 12:00:00 UTC        
 $$$ max, min of ps (mb) =  1028.07  496.99
 SRF variables written at  2019-07-10 13:00:00 UTC        
 SRF variables written at  2019-07-10 14:00:00 UTC        
 SRF variables written at  2019-07-10 15:00:00 UTC        
 $$$  2019-07-10 15:00:00 UTC        
 $$$ max, min of ps (mb) =  1026.19  496.83
 SRF variables written at  2019-07-10 16:00:00 UTC        
 SRF variables written at  2019-07-10 17:00:00 UTC        
 ATM variables written at  2019-07-10 18:00:00 UTC        
 SRF variables written at  2019-07-10 18:00:00 UTC        
 RAD variables written at  2019-07-10 18:00:00 UTC        
 SEARCH BC data for 2019071100 , step =  1067040
 READY  BC from     2019071018  to 2019071100 
 $$$  2019-07-10 18:00:00 UTC        
 $$$ max, min of ps (mb) =  1024.54  496.49
 SRF variables written at  2019-07-10 19:00:00 UTC        
 SRF variables written at  2019-07-10 20:00:00 UTC        
 SRF variables written at  2019-07-10 21:00:00 UTC        
 $$$  2019-07-10 21:00:00 UTC        
 $$$ max, min of ps (mb) =  1024.26  496.26
 SRF variables written at  2019-07-10 22:00:00 UTC        
 SRF variables written at  2019-07-10 23:00:00 UTC        
 At  2019-07-11 00:00:00 UTC        
 JDay    191.00000 solar declination angle =  22.31391516 degrees
                   solar TSI irradiance    =    1355.8472 W/m^2
 ATM variables written at  2019-07-11 00:00:00 UTC        
 SRF variables written at  2019-07-11 00:00:00 UTC        
 STS variables written at  2019-07-11 00:00:00 UTC        
 RAD variables written at  2019-07-11 00:00:00 UTC        
 SEARCH BC data for 2019071106 , step =  1067520
 READY  BC from     2019071100  to 2019071106 
 $$$  2019-07-11 00:00:00 UTC        
 $$$ max, min of ps (mb) =  1024.22  495.92
 Updating aerosol optical properties...
 SRF variables written at  2019-07-11 01:00:00 UTC        
 SRF variables written at  2019-07-11 02:00:00 UTC        
 SRF variables written at  2019-07-11 03:00:00 UTC        
 $$$  2019-07-11 03:00:00 UTC        
 $$$ max, min of ps (mb) =  1023.22  495.16
 SRF variables written at  2019-07-11 04:00:00 UTC        
 SRF variables written at  2019-07-11 05:00:00 UTC        
 ATM variables written at  2019-07-11 06:00:00 UTC        
 SRF variables written at  2019-07-11 06:00:00 UTC        
 RAD variables written at  2019-07-11 06:00:00 UTC        
 SEARCH BC data for 2019071112 , step =  1068000
 READY  BC from     2019071106  to 2019071112 
 $$$  2019-07-11 06:00:00 UTC        
 $$$ max, min of ps (mb) =  1022.17  494.46
 SRF variables written at  2019-07-11 07:00:00 UTC        
 SRF variables written at  2019-07-11 08:00:00 UTC        
 SRF variables written at  2019-07-11 09:00:00 UTC        
 $$$  2019-07-11 09:00:00 UTC        
 $$$ max, min of ps (mb) =  1022.80  493.90
 SRF variables written at  2019-07-11 10:00:00 UTC        
 SRF variables written at  2019-07-11 11:00:00 UTC        
 ATM variables written at  2019-07-11 12:00:00 UTC        
 SRF variables written at  2019-07-11 12:00:00 UTC        
 RAD variables written at  2019-07-11 12:00:00 UTC        
 SEARCH BC data for 2019071118 , step =  1068480
 READY  BC from     2019071112  to 2019071118 
 $$$  2019-07-11 12:00:00 UTC        
 $$$ max, min of ps (mb) =  1023.05  493.25
 SRF variables written at  2019-07-11 13:00:00 UTC        
 SRF variables written at  2019-07-11 14:00:00 UTC        
 SRF variables written at  2019-07-11 15:00:00 UTC        
 $$$  2019-07-11 15:00:00 UTC        
 $$$ max, min of ps (mb) =  1021.16  492.03
 SRF variables written at  2019-07-11 16:00:00 UTC        
 SRF variables written at  2019-07-11 17:00:00 UTC        
 ATM variables written at  2019-07-11 18:00:00 UTC        
 SRF variables written at  2019-07-11 18:00:00 UTC        
 RAD variables written at  2019-07-11 18:00:00 UTC        
 SEARCH BC data for 2019071200 , step =  1068960
 READY  BC from     2019071118  to 2019071200 
 $$$  2019-07-11 18:00:00 UTC        
 $$$ max, min of ps (mb) =  1021.20  491.32
 SRF variables written at  2019-07-11 19:00:00 UTC        
 SRF variables written at  2019-07-11 20:00:00 UTC        
 SRF variables written at  2019-07-11 21:00:00 UTC        
 $$$  2019-07-11 21:00:00 UTC        
 $$$ max, min of ps (mb) =  1021.37  491.46
 SRF variables written at  2019-07-11 22:00:00 UTC        
 SRF variables written at  2019-07-11 23:00:00 UTC        
 At  2019-07-12 00:00:00 UTC        
 JDay    192.00000 solar declination angle =  22.18866529 degrees
                   solar TSI irradiance    =    1355.8472 W/m^2
 ATM variables written at  2019-07-12 00:00:00 UTC        
 SRF variables written at  2019-07-12 00:00:00 UTC        
 STS variables written at  2019-07-12 00:00:00 UTC        
 RAD variables written at  2019-07-12 00:00:00 UTC        
 SEARCH BC data for 2019071206 , step =  1069440
 READY  BC from     2019071200  to 2019071206 
 $$$  2019-07-12 00:00:00 UTC        
 $$$ max, min of ps (mb) =  1021.77  491.79
 Updating aerosol optical properties...
 SRF variables written at  2019-07-12 01:00:00 UTC        
 SRF variables written at  2019-07-12 02:00:00 UTC        
 SRF variables written at  2019-07-12 03:00:00 UTC        
 $$$  2019-07-12 03:00:00 UTC        
 $$$ max, min of ps (mb) =  1022.20  491.83
 SRF variables written at  2019-07-12 04:00:00 UTC        
 SRF variables written at  2019-07-12 05:00:00 UTC        
 ATM variables written at  2019-07-12 06:00:00 UTC        
 SRF variables written at  2019-07-12 06:00:00 UTC        
 RAD variables written at  2019-07-12 06:00:00 UTC        
 SEARCH BC data for 2019071212 , step =  1069920
 READY  BC from     2019071206  to 2019071212 
 $$$  2019-07-12 06:00:00 UTC        
 $$$ max, min of ps (mb) =  1022.00  491.76
 SRF variables written at  2019-07-12 07:00:00 UTC        
 SRF variables written at  2019-07-12 08:00:00 UTC        
 SRF variables written at  2019-07-12 09:00:00 UTC        
 $$$  2019-07-12 09:00:00 UTC        
 $$$ max, min of ps (mb) =  1021.71  491.74
 SRF variables written at  2019-07-12 10:00:00 UTC        
 SRF variables written at  2019-07-12 11:00:00 UTC        
 ATM variables written at  2019-07-12 12:00:00 UTC        
 SRF variables written at  2019-07-12 12:00:00 UTC        
 RAD variables written at  2019-07-12 12:00:00 UTC        
 SEARCH BC data for 2019071218 , step =  1070400
 READY  BC from     2019071212  to 2019071218 
 $$$  2019-07-12 12:00:00 UTC        
 $$$ max, min of ps (mb) =  1021.64  491.71
 SRF variables written at  2019-07-12 13:00:00 UTC        
 SRF variables written at  2019-07-12 14:00:00 UTC        
 SRF variables written at  2019-07-12 15:00:00 UTC        
 $$$  2019-07-12 15:00:00 UTC        
 $$$ max, min of ps (mb) =  1021.04  491.42
 SRF variables written at  2019-07-12 16:00:00 UTC        
 SRF variables written at  2019-07-12 17:00:00 UTC        
 ATM variables written at  2019-07-12 18:00:00 UTC        
 SRF variables written at  2019-07-12 18:00:00 UTC        
 RAD variables written at  2019-07-12 18:00:00 UTC        
 SEARCH BC data for 2019071300 , step =  1070880
 READY  BC from     2019071218  to 2019071300 
 $$$  2019-07-12 18:00:00 UTC        
 $$$ max, min of ps (mb) =  1020.75  491.38
 SRF variables written at  2019-07-12 19:00:00 UTC        
 SRF variables written at  2019-07-12 20:00:00 UTC        
 SRF variables written at  2019-07-12 21:00:00 UTC        
 $$$  2019-07-12 21:00:00 UTC        
 $$$ max, min of ps (mb) =  1020.36  491.54
 SRF variables written at  2019-07-12 22:00:00 UTC        
 SRF variables written at  2019-07-12 23:00:00 UTC        
 At  2019-07-13 00:00:00 UTC        
 JDay    193.00000 solar declination angle =  22.05706310 degrees
                   solar TSI irradiance    =    1355.8472 W/m^2
 ATM variables written at  2019-07-13 00:00:00 UTC        
 SRF variables written at  2019-07-13 00:00:00 UTC        
 STS variables written at  2019-07-13 00:00:00 UTC        
 RAD variables written at  2019-07-13 00:00:00 UTC        
 SEARCH BC data for 2019071306 , step =  1071360
 READY  BC from     2019071300  to 2019071306 
 $$$  2019-07-13 00:00:00 UTC        
 $$$ max, min of ps (mb) =  1020.62  491.60
 Updating aerosol optical properties...
 SRF variables written at  2019-07-13 01:00:00 UTC        
 SRF variables written at  2019-07-13 02:00:00 UTC        
 SRF variables written at  2019-07-13 03:00:00 UTC        
 $$$  2019-07-13 03:00:00 UTC        
 $$$ max, min of ps (mb) =  1020.78  491.50
 SRF variables written at  2019-07-13 04:00:00 UTC        
 SRF variables written at  2019-07-13 05:00:00 UTC        
 ATM variables written at  2019-07-13 06:00:00 UTC        
 SRF variables written at  2019-07-13 06:00:00 UTC        
 RAD variables written at  2019-07-13 06:00:00 UTC        
 SEARCH BC data for 2019071312 , step =  1071840
 READY  BC from     2019071306  to 2019071312 
 $$$  2019-07-13 06:00:00 UTC        
 $$$ max, min of ps (mb) =  1020.99  491.39
 SRF variables written at  2019-07-13 07:00:00 UTC        
 SRF variables written at  2019-07-13 08:00:00 UTC        
 SRF variables written at  2019-07-13 09:00:00 UTC        
 $$$  2019-07-13 09:00:00 UTC        
 $$$ max, min of ps (mb) =  1021.06  491.48
