 Error open NetCDF /leonardo_work/ICT26_ESP/RCMDATA//CLM45/snicardata/snicar_opt
 ics_5bnd_c090915.nc in readwrite: 
 Cannot send after transport endpoint shutdown                                  
  
 File mod_clm_nchelper.F90 line      362
 Abort called by computing node          687 at 2026-06-21 18:07:24.760 +0200
 Execution terminated because of runtime error
Abort(1) on node 687 (rank 687 in comm 496): application called MPI_Abort(comm=0x84000002, 1) - process 687
 Error open NetCDF /leonardo_work/ICT26_ESP/RCMDATA//CLM45/snicardata/snicar_opt
 ics_5bnd_c090915.nc in readwrite: 
 Cannot send after transport endpoint shutdown                                  
  
 File mod_clm_nchelper.F90 line      362
 Abort called by computing node          750 at 2026-06-21 18:07:24.760 +0200
 Execution terminated because of runtime error
Abort(1) on node 750 (rank 750 in comm 496): application called MPI_Abort(comm=0x84000002, 1) - process 750
 Error open NetCDF /leonardo_work/ICT26_ESP/RCMDATA//CLM45/snicardata/snicar_opt
 ics_5bnd_c090915.nc in readwrite: 
 Cannot send after transport endpoint shutdown                                  
  
 File mod_clm_nchelper.F90 line      362
 Abort called by computing node          745 at 2026-06-21 18:07:24.761 +0200
 Execution terminated because of runtime error
Abort(1) on node 745 (rank 745 in comm 496): application called MPI_Abort(comm=0x84000002, 1) - process 745
 Error open NetCDF /leonardo_work/ICT26_ESP/RCMDATA//CLM45/snicardata/snicar_opt
 ics_5bnd_c090915.nc in readwrite: 
 Cannot send after transport endpoint shutdown                                  
  
 File mod_clm_nchelper.F90 line      362
 Abort called by computing node          749 at 2026-06-21 18:07:24.761 +0200
 Execution terminated because of runtime error
Abort(1) on node 749 (rank 749 in comm 496): application called MPI_Abort(comm=0x84000002, 1) - process 749
 Error open NetCDF /leonardo_work/ICT26_ESP/RCMDATA//CLM45/snicardata/snicar_opt
 ics_5bnd_c090915.nc in readwrite: 
 Cannot send after transport endpoint shutdown                                  
  
 File mod_clm_nchelper.F90 line      362
 Abort called by computing node          753 at 2026-06-21 18:07:24.762 +0200
 Execution terminated because of runtime error
Abort(1) on node 753 (rank 753 in comm 496): application called MPI_Abort(comm=0x84000002, 1) - process 753
 Error open NetCDF /leonardo_work/ICT26_ESP/RCMDATA//CLM45/snicardata/snicar_opt
 ics_5bnd_c090915.nc in readwrite: 
 Cannot send after transport endpoint shutdown                                  
  
 File mod_clm_nchelper.F90 line      362
 Abort called by computing node          697 at 2026-06-21 18:07:24.762 +0200
 Execution terminated because of runtime error
Abort(1) on node 697 (rank 697 in comm 496): application called MPI_Abort(comm=0x84000002, 1) - process 697
 Error open NetCDF /leonardo_work/ICT26_ESP/RCMDATA//CLM45/snicardata/snicar_opt
 ics_5bnd_c090915.nc in readwrite: 
 Cannot send after transport endpoint shutdown                                  
  
 File mod_clm_nchelper.F90 line      362
 Abort called by computing node          731 at 2026-06-21 18:07:24.763 +0200
 Execution terminated because of runtime error
Abort(1) on node 731 (rank 731 in comm 496): application called MPI_Abort(comm=0x84000002, 1) - process 731
 Error open NetCDF /leonardo_work/ICT26_ESP/RCMDATA//CLM45/snicardata/snicar_opt
 ics_5bnd_c090915.nc in readwrite: 
 Cannot send after transport endpoint shutdown                                  
  
 File mod_clm_nchelper.F90 line      362
 Abort called by computing node          754 at 2026-06-21 18:07:24.763 +0200
 Execution terminated because of runtime error
Abort(1) on node 754 (rank 754 in comm 496): application called MPI_Abort(comm=0x84000002, 1) - process 754
 Error open NetCDF /leonardo_work/ICT26_ESP/RCMDATA//CLM45/snicardata/snicar_opt
 ics_5bnd_c090915.nc in readwrite: 
 Cannot send after transport endpoint shutdown                                  
  
 File mod_clm_nchelper.F90 line      362
 Abort called by computing node          748 at 2026-06-21 18:07:24.763 +0200
 Execution terminated because of runtime error
Abort(1) on node 748 (rank 748 in comm 496): application called MPI_Abort(comm=0x84000002, 1) - process 748
 Error open NetCDF /leonardo_work/ICT26_ESP/RCMDATA//CLM45/snicardata/snicar_opt
 ics_5bnd_c090915.nc in readwrite: 
 Cannot send after transport endpoint shutdown                                  
  
 File mod_clm_nchelper.F90 line      362
 Abort called by computing node          705 at 2026-06-21 18:07:24.765 +0200
 Execution terminated because of runtime error
Abort(1) on node 705 (rank 705 in comm 496): application called MPI_Abort(comm=0x84000002, 1) - process 705
 Error open NetCDF /leonardo_work/ICT26_ESP/RCMDATA//CLM45/snicardata/snicar_opt
 ics_5bnd_c090915.nc in readwrite: 
 Cannot send after transport endpoint shutdown                                  
  
 File mod_clm_nchelper.F90 line      362
 Abort called by computing node          751 at 2026-06-21 18:07:24.765 +0200
 Execution terminated because of runtime error
Abort(1) on node 751 (rank 751 in comm 496): application called MPI_Abort(comm=0x84000002, 1) - process 751
 Error open NetCDF /leonardo_work/ICT26_ESP/RCMDATA//CLM45/snicardata/snicar_opt
 ics_5bnd_c090915.nc in readwrite: 
 Cannot send after transport endpoint shutdown                                  
  
 File mod_clm_nchelper.F90 line      362
 Abort called by computing node          762 at 2026-06-21 18:07:24.765 +0200
 Execution terminated because of runtime error
Abort(1) on node 762 (rank 762 in comm 496): application called MPI_Abort(comm=0x84000002, 1) - process 762
 Error open NetCDF /leonardo_work/ICT26_ESP/RCMDATA//CLM45/snicardata/snicar_opt
 ics_5bnd_c090915.nc in readwrite: 
 Cannot send after transport endpoint shutdown                                  
  
 File mod_clm_nchelper.F90 line      362
 Abort called by computing node          683 at 2026-06-21 18:07:24.766 +0200
 Execution terminated because of runtime error
Abort(1) on node 683 (rank 683 in comm 496): application called MPI_Abort(comm=0x84000002, 1) - process 683
 Error open NetCDF /leonardo_work/ICT26_ESP/RCMDATA//CLM45/snicardata/snicar_opt
 ics_5bnd_c090915.nc in readwrite: 
 Cannot send after transport endpoint shutdown                                  
  
 File mod_clm_nchelper.F90 line      362
 Abort called by computing node          758 at 2026-06-21 18:07:24.766 +0200
 Execution terminated because of runtime error
Abort(1) on node 758 (rank 758 in comm 496): application called MPI_Abort(comm=0x84000002, 1) - process 758
 Error open NetCDF /leonardo_work/ICT26_ESP/RCMDATA//CLM45/snicardata/snicar_opt
 ics_5bnd_c090915.nc in readwrite: 
 Cannot send after transport endpoint shutdown                                  
  
 File mod_clm_nchelper.F90 line      362
 Abort called by computing node          721 at 2026-06-21 18:07:24.767 +0200
 Execution terminated because of runtime error
Abort(1) on node 721 (rank 721 in comm 496): application called MPI_Abort(comm=0x84000002, 1) - process 721
 Error open NetCDF /leonardo_work/ICT26_ESP/RCMDATA//CLM45/snicardata/snicar_opt
 ics_5bnd_c090915.nc in readwrite: 
 Cannot send after transport endpoint shutdown                                  
  
 File mod_clm_nchelper.F90 line      362
 Abort called by computing node          763 at 2026-06-21 18:07:24.767 +0200
 Execution terminated because of runtime error
Abort(1) on node 763 (rank 763 in comm 496): application called MPI_Abort(comm=0x84000002, 1) - process 763
 Error open NetCDF /leonardo_work/ICT26_ESP/RCMDATA//CLM45/snicardata/snicar_opt
 ics_5bnd_c090915.nc in readwrite: 
 Cannot send after transport endpoint shutdown                                  
  
 File mod_clm_nchelper.F90 line      362
 Abort called by computing node          775 at 2026-06-21 18:07:24.769 +0200
 Execution terminated because of runtime error
Abort(1) on node 775 (rank 775 in comm 496): application called MPI_Abort(comm=0x84000002, 1) - process 775
 Error open NetCDF /leonardo_work/ICT26_ESP/RCMDATA//CLM45/snicardata/snicar_opt
 ics_5bnd_c090915.nc in readwrite: 
 Cannot send after transport endpoint shutdown                                  
  
 File mod_clm_nchelper.F90 line      362
 Abort called by computing node          707 at 2026-06-21 18:07:24.769 +0200
 Execution terminated because of runtime error
Abort(1) on node 707 (rank 707 in comm 496): application called MPI_Abort(comm=0x84000002, 1) - process 707
 Error open NetCDF /leonardo_work/ICT26_ESP/RCMDATA//CLM45/snicardata/snicar_opt
 ics_5bnd_c090915.nc in readwrite: 
 Cannot send after transport endpoint shutdown                                  
  
 File mod_clm_nchelper.F90 line      362
 Abort called by computing node          737 at 2026-06-21 18:07:24.770 +0200
 Execution terminated because of runtime error
Abort(1) on node 737 (rank 737 in comm 496): application called MPI_Abort(comm=0x84000002, 1) - process 737
 Error open NetCDF /leonardo_work/ICT26_ESP/RCMDATA//CLM45/snicardata/snicar_opt
 ics_5bnd_c090915.nc in readwrite: 
 Cannot send after transport endpoint shutdown                                  
  
 File mod_clm_nchelper.F90 line      362
 Abort called by computing node          725 at 2026-06-21 18:07:24.770 +0200
 Execution terminated because of runtime error
Abort(1) on node 725 (rank 725 in comm 496): application called MPI_Abort(comm=0x84000002, 1) - process 725
 Error open NetCDF /leonardo_work/ICT26_ESP/RCMDATA//CLM45/snicardata/snicar_opt
 ics_5bnd_c090915.nc in readwrite: 
 Cannot send after transport endpoint shutdown                                  
  
 File mod_clm_nchelper.F90 line      362
 Abort called by computing node          778 at 2026-06-21 18:07:24.770 +0200
 Execution terminated because of runtime error
Abort(1) on node 778 (rank 778 in comm 496): application called MPI_Abort(comm=0x84000002, 1) - process 778
 Error open NetCDF /leonardo_work/ICT26_ESP/RCMDATA//CLM45/snicardata/snicar_opt
 ics_5bnd_c090915.nc in readwrite: 
 Cannot send after transport endpoint shutdown                                  
  
 File mod_clm_nchelper.F90 line      362
 Abort called by computing node          761 at 2026-06-21 18:07:24.771 +0200
 Execution terminated because of runtime error
Abort(1) on node 761 (rank 761 in comm 496): application called MPI_Abort(comm=0x84000002, 1) - process 761
 Error open NetCDF /leonardo_work/ICT26_ESP/RCMDATA//CLM45/snicardata/snicar_opt
 ics_5bnd_c090915.nc in readwrite: 
 Cannot send after transport endpoint shutdown                                  
  
 File mod_clm_nchelper.F90 line      362
 Abort called by computing node          703 at 2026-06-21 18:07:24.772 +0200
 Execution terminated because of runtime error
Abort(1) on node 703 (rank 703 in comm 496): application called MPI_Abort(comm=0x84000002, 1) - process 703
 Error open NetCDF /leonardo_work/ICT26_ESP/RCMDATA//CLM45/snicardata/snicar_opt
 ics_5bnd_c090915.nc in readwrite: 
 Cannot send after transport endpoint shutdown                                  
  
 File mod_clm_nchelper.F90 line      362
 Abort called by computing node          679 at 2026-06-21 18:07:24.772 +0200
 Execution terminated because of runtime error
Abort(1) on node 679 (rank 679 in comm 496): application called MPI_Abort(comm=0x84000002, 1) - process 679
 Error open NetCDF /leonardo_work/ICT26_ESP/RCMDATA//CLM45/snicardata/snicar_opt
 ics_5bnd_c090915.nc in readwrite: 
 Cannot send after transport endpoint shutdown                                  
  
 File mod_clm_nchelper.F90 line      362
 Abort called by computing node          699 at 2026-06-21 18:07:24.773 +0200
 Execution terminated because of runtime error
Abort(1) on node 699 (rank 699 in comm 496): application called MPI_Abort(comm=0x84000002, 1) - process 699
 Error open NetCDF /leonardo_work/ICT26_ESP/RCMDATA//CLM45/snicardata/snicar_opt
 ics_5bnd_c090915.nc in readwrite: 
 Cannot send after transport endpoint shutdown                                  
  
 File mod_clm_nchelper.F90 line      362
 Abort called by computing node          777 at 2026-06-21 18:07:24.773 +0200
 Execution terminated because of runtime error
Abort(1) on node 777 (rank 777 in comm 496): application called MPI_Abort(comm=0x84000002, 1) - process 777
 Error open NetCDF /leonardo_work/ICT26_ESP/RCMDATA//CLM45/snicardata/snicar_opt
 ics_5bnd_c090915.nc in readwrite: 
 Cannot send after transport endpoint shutdown                                  
  
 File mod_clm_nchelper.F90 line      362
 Abort called by computing node          702 at 2026-06-21 18:07:24.773 +0200
 Execution terminated because of runtime error
Abort(1) on node 702 (rank 702 in comm 496): application called MPI_Abort(comm=0x84000002, 1) - process 702
 Error open NetCDF /leonardo_work/ICT26_ESP/RCMDATA//CLM45/snicardata/snicar_opt
 ics_5bnd_c090915.nc in readwrite: 
 Cannot send after transport endpoint shutdown                                  
  
 File mod_clm_nchelper.F90 line      362
 Abort called by computing node          759 at 2026-06-21 18:07:24.774 +0200
 Execution terminated because of runtime error
Abort(1) on node 759 (rank 759 in comm 496): application called MPI_Abort(comm=0x84000002, 1) - process 759
 Error open NetCDF /leonardo_work/ICT26_ESP/RCMDATA//CLM45/snicardata/snicar_opt
 ics_5bnd_c090915.nc in readwrite: 
 Cannot send after transport endpoint shutdown                                  
  
 File mod_clm_nchelper.F90 line      362
 Abort called by computing node          776 at 2026-06-21 18:07:24.774 +0200
 Execution terminated because of runtime error
Abort(1) on node 776 (rank 776 in comm 496): application called MPI_Abort(comm=0x84000002, 1) - process 776
 Error open NetCDF /leonardo_work/ICT26_ESP/RCMDATA//CLM45/snicardata/snicar_opt
 ics_5bnd_c090915.nc in readwrite: 
 Cannot send after transport endpoint shutdown                                  
  
 File mod_clm_nchelper.F90 line      362
 Abort called by computing node          747 at 2026-06-21 18:07:24.775 +0200
 Execution terminated because of runtime error
Abort(1) on node 747 (rank 747 in comm 496): application called MPI_Abort(comm=0x84000002, 1) - process 747
 Error open NetCDF /leonardo_work/ICT26_ESP/RCMDATA//CLM45/snicardata/snicar_opt
 ics_5bnd_c090915.nc in readwrite: 
 Cannot send after transport endpoint shutdown                                  
  
 File mod_clm_nchelper.F90 line      362
 Abort called by computing node          692 at 2026-06-21 18:07:24.775 +0200
 Execution terminated because of runtime error
Abort(1) on node 692 (rank 692 in comm 496): application called MPI_Abort(comm=0x84000002, 1) - process 692
 Error open NetCDF /leonardo_work/ICT26_ESP/RCMDATA//CLM45/snicardata/snicar_opt
 ics_5bnd_c090915.nc in readwrite: 
 Cannot send after transport endpoint shutdown                                  
  
 File mod_clm_nchelper.F90 line      362
 Abort called by computing node          724 at 2026-06-21 18:07:24.775 +0200
 Execution terminated because of runtime error
Abort(1) on node 724 (rank 724 in comm 496): application called MPI_Abort(comm=0x84000002, 1) - process 724
 Error open NetCDF /leonardo_work/ICT26_ESP/RCMDATA//CLM45/snicardata/snicar_opt
 ics_5bnd_c090915.nc in readwrite: 
 Cannot send after transport endpoint shutdown                                  
  
 File mod_clm_nchelper.F90 line      362
 Abort called by computing node          782 at 2026-06-21 18:07:24.776 +0200
 Execution terminated because of runtime error
Abort(1) on node 782 (rank 782 in comm 496): application called MPI_Abort(comm=0x84000002, 1) - process 782
 Error open NetCDF /leonardo_work/ICT26_ESP/RCMDATA//CLM45/snicardata/snicar_opt
 ics_5bnd_c090915.nc in readwrite: 
 Cannot send after transport endpoint shutdown                                  
  
 File mod_clm_nchelper.F90 line      362
 Abort called by computing node          783 at 2026-06-21 18:07:24.777 +0200
 Execution terminated because of runtime error
Abort(1) on node 783 (rank 783 in comm 496): application called MPI_Abort(comm=0x84000002, 1) - process 783
 Error open NetCDF /leonardo_work/ICT26_ESP/RCMDATA//CLM45/snicardata/snicar_opt
 ics_5bnd_c090915.nc in readwrite: 
 Cannot send after transport endpoint shutdown                                  
  
 File mod_clm_nchelper.F90 line      362
 Abort called by computing node          769 at 2026-06-21 18:07:24.777 +0200
 Execution terminated because of runtime error
Abort(1) on node 769 (rank 769 in comm 496): application called MPI_Abort(comm=0x84000002, 1) - process 769
 Error open NetCDF /leonardo_work/ICT26_ESP/RCMDATA//CLM45/snicardata/snicar_opt
 ics_5bnd_c090915.nc in readwrite: 
 Cannot send after transport endpoint shutdown                                  
  
 File mod_clm_nchelper.F90 line      362
 Abort called by computing node          694 at 2026-06-21 18:07:24.777 +0200
 Execution terminated because of runtime error
Abort(1) on node 694 (rank 694 in comm 496): application called MPI_Abort(comm=0x84000002, 1) - process 694
 Error open NetCDF /leonardo_work/ICT26_ESP/RCMDATA//CLM45/snicardata/snicar_opt
 ics_5bnd_c090915.nc in readwrite: 
 Cannot send after transport endpoint shutdown                                  
  
 File mod_clm_nchelper.F90 line      362
 Abort called by computing node          734 at 2026-06-21 18:07:24.778 +0200
 Execution terminated because of runtime error
Abort(1) on node 734 (rank 734 in comm 496): application called MPI_Abort(comm=0x84000002, 1) - process 734
 Error open NetCDF /leonardo_work/ICT26_ESP/RCMDATA//CLM45/snicardata/snicar_opt
 ics_5bnd_c090915.nc in readwrite: 
 Cannot send after transport endpoint shutdown                                  
  
 File mod_clm_nchelper.F90 line      362
 Abort called by computing node          706 at 2026-06-21 18:07:24.778 +0200
 Execution terminated because of runtime error
Abort(1) on node 706 (rank 706 in comm 496): application called MPI_Abort(comm=0x84000002, 1) - process 706
 Error open NetCDF /leonardo_work/ICT26_ESP/RCMDATA//CLM45/snicardata/snicar_opt
 ics_5bnd_c090915.nc in readwrite: 
 Cannot send after transport endpoint shutdown                                  
  
 File mod_clm_nchelper.F90 line      362
 Abort called by computing node          686 at 2026-06-21 18:07:24.779 +0200
 Execution terminated because of runtime error
Abort(1) on node 686 (rank 686 in comm 496): application called MPI_Abort(comm=0x84000002, 1) - process 686
 Error open NetCDF /leonardo_work/ICT26_ESP/RCMDATA//CLM45/snicardata/snicar_opt
 ics_5bnd_c090915.nc in readwrite: 
 Cannot send after transport endpoint shutdown                                  
  
 File mod_clm_nchelper.F90 line      362
 Abort called by computing node          746 at 2026-06-21 18:07:24.779 +0200
 Execution terminated because of runtime error
Abort(1) on node 746 (rank 746 in comm 496): application called MPI_Abort(comm=0x84000002, 1) - process 746
 Error open NetCDF /leonardo_work/ICT26_ESP/RCMDATA//CLM45/snicardata/snicar_opt
 ics_5bnd_c090915.nc in readwrite: 
 Cannot send after transport endpoint shutdown                                  
  
 File mod_clm_nchelper.F90 line      362
 Abort called by computing node          743 at 2026-06-21 18:07:24.779 +0200
 Execution terminated because of runtime error
Abort(1) on node 743 (rank 743 in comm 496): application called MPI_Abort(comm=0x84000002, 1) - process 743
 Error open NetCDF /leonardo_work/ICT26_ESP/RCMDATA//CLM45/snicardata/snicar_opt
 ics_5bnd_c090915.nc in readwrite: 
 Cannot send after transport endpoint shutdown                                  
  
 File mod_clm_nchelper.F90 line      362
 Abort called by computing node          728 at 2026-06-21 18:07:24.779 +0200
 Execution terminated because of runtime error
Abort(1) on node 728 (rank 728 in comm 496): application called MPI_Abort(comm=0x84000002, 1) - process 728
 Error open NetCDF /leonardo_work/ICT26_ESP/RCMDATA//CLM45/snicardata/snicar_opt
 ics_5bnd_c090915.nc in readwrite: 
 Cannot send after transport endpoint shutdown                                  
  
 File mod_clm_nchelper.F90 line      362
 Abort called by computing node          698 at 2026-06-21 18:07:24.779 +0200
 Execution terminated because of runtime error
Abort(1) on node 698 (rank 698 in comm 496): application called MPI_Abort(comm=0x84000002, 1) - process 698
 Error open NetCDF /leonardo_work/ICT26_ESP/RCMDATA//CLM45/snicardata/snicar_opt
 ics_5bnd_c090915.nc in readwrite: 
 Cannot send after transport endpoint shutdown                                  
  
 File mod_clm_nchelper.F90 line      362
 Abort called by computing node          735 at 2026-06-21 18:07:24.780 +0200
 Execution terminated because of runtime error
Abort(1) on node 735 (rank 735 in comm 496): application called MPI_Abort(comm=0x84000002, 1) - process 735
 Error open NetCDF /leonardo_work/ICT26_ESP/RCMDATA//CLM45/snicardata/snicar_opt
 ics_5bnd_c090915.nc in readwrite: 
 Cannot send after transport endpoint shutdown                                  
  
 File mod_clm_nchelper.F90 line      362
 Abort called by computing node          674 at 2026-06-21 18:07:24.780 +0200
 Execution terminated because of runtime error
Abort(1) on node 674 (rank 674 in comm 496): application called MPI_Abort(comm=0x84000002, 1) - process 674
 Error open NetCDF /leonardo_work/ICT26_ESP/RCMDATA//CLM45/snicardata/snicar_opt
 ics_5bnd_c090915.nc in readwrite: 
 Cannot send after transport endpoint shutdown                                  
  
 File mod_clm_nchelper.F90 line      362
 Abort called by computing node          691 at 2026-06-21 18:07:24.781 +0200
 Execution terminated because of runtime error
Abort(1) on node 691 (rank 691 in comm 496): application called MPI_Abort(comm=0x84000002, 1) - process 691
 Error open NetCDF /leonardo_work/ICT26_ESP/RCMDATA//CLM45/snicardata/snicar_opt
 ics_5bnd_c090915.nc in readwrite: 
 Cannot send after transport endpoint shutdown                                  
  
 File mod_clm_nchelper.F90 line      362
 Abort called by computing node          744 at 2026-06-21 18:07:24.781 +0200
 Execution terminated because of runtime error
Abort(1) on node 744 (rank 744 in comm 496): application called MPI_Abort(comm=0x84000002, 1) - process 744
 Error open NetCDF /leonardo_work/ICT26_ESP/RCMDATA//CLM45/snicardata/snicar_opt
 ics_5bnd_c090915.nc in readwrite: 
 Cannot send after transport endpoint shutdown                                  
  
 File mod_clm_nchelper.F90 line      362
 Abort called by computing node          678 at 2026-06-21 18:07:24.781 +0200
 Execution terminated because of runtime error
Abort(1) on node 678 (rank 678 in comm 496): application called MPI_Abort(comm=0x84000002, 1) - process 678
 Error open NetCDF /leonardo_work/ICT26_ESP/RCMDATA//CLM45/snicardata/snicar_opt
 ics_5bnd_c090915.nc in readwrite: 
 Cannot send after transport endpoint shutdown                                  
  
 File mod_clm_nchelper.F90 line      362
 Abort called by computing node          757 at 2026-06-21 18:07:24.782 +0200
 Error open NetCDF /leonardo_work/ICT26_ESP/RCMDATA//CLM45/snicardata/snicar_opt
 ics_5bnd_c090915.nc in readwrite: 
 Cannot send after transport endpoint shutdown                                  
  
 Execution terminated because of runtime error
Abort(1) on node 757 (rank 757 in comm 496): application called MPI_Abort(comm=0x84000002, 1) - process 757
 File mod_clm_nchelper.F90 line      362
 Abort called by computing node          742 at 2026-06-21 18:07:24.782 +0200
 Execution terminated because of runtime error
Abort(1) on node 742 (rank 742 in comm 496): application called MPI_Abort(comm=0x84000002, 1) - process 742
 Error open NetCDF /leonardo_work/ICT26_ESP/RCMDATA//CLM45/snicardata/snicar_opt
 ics_5bnd_c090915.nc in readwrite: 
 Cannot send after transport endpoint shutdown                                  
  
 File mod_clm_nchelper.F90 line      362
 Abort called by computing node          685 at 2026-06-21 18:07:24.782 +0200
 Execution terminated because of runtime error
Abort(1) on node 685 (rank 685 in comm 496): application called MPI_Abort(comm=0x84000002, 1) - process 685
 Error open NetCDF /leonardo_work/ICT26_ESP/RCMDATA//CLM45/snicardata/snicar_opt
 ics_5bnd_c090915.nc in readwrite: 
 Cannot send after transport endpoint shutdown                                  
  
 File mod_clm_nchelper.F90 line      362
 Abort called by computing node          695 at 2026-06-21 18:07:24.782 +0200
 Execution terminated because of runtime error
Abort(1) on node 695 (rank 695 in comm 496): application called MPI_Abort(comm=0x84000002, 1) - process 695
 Error open NetCDF /leonardo_work/ICT26_ESP/RCMDATA//CLM45/snicardata/snicar_opt
 ics_5bnd_c090915.nc in readwrite: 
 Cannot send after transport endpoint shutdown                                  
  
 File mod_clm_nchelper.F90 line      362
 Abort called by computing node          714 at 2026-06-21 18:07:24.782 +0200
 Execution terminated because of runtime error
Abort(1) on node 714 (rank 714 in comm 496): application called MPI_Abort(comm=0x84000002, 1) - process 714
 Error open NetCDF /leonardo_work/ICT26_ESP/RCMDATA//CLM45/snicardata/snicar_opt
 ics_5bnd_c090915.nc in readwrite: 
 Cannot send after transport endpoint shutdown                                  
  
 File mod_clm_nchelper.F90 line      362
 Error open NetCDF /leonardo_work/ICT26_ESP/RCMDATA//CLM45/snicardata/snicar_opt
 ics_5bnd_c090915.nc in readwrite: 
 Cannot send after transport endpoint shutdown                                  
  
 File mod_clm_nchelper.F90 line      362
 Error open NetCDF /leonardo_work/ICT26_ESP/RCMDATA//CLM45/snicardata/snicar_opt
 ics_5bnd_c090915.nc in readwrite: 
 Cannot send after transport endpoint shutdown                                  
  
 File mod_clm_nchelper.F90 line      362
 Abort called by computing node          708 at 2026-06-21 18:07:24.783 +0200
 Execution terminated because of runtime error
Abort(1) on node 708 (rank 708 in comm 496): application called MPI_Abort(comm=0x84000002, 1) - process 708
 Abort called by computing node          709 at 2026-06-21 18:07:24.783 +0200
 Execution terminated because of runtime error
Abort(1) on node 709 (rank 709 in comm 496): application called MPI_Abort(comm=0x84000002, 1) - process 709
 Abort called by computing node          693 at 2026-06-21 18:07:24.783 +0200
 Execution terminated because of runtime error
Abort(1) on node 693 (rank 693 in comm 496): application called MPI_Abort(comm=0x84000002, 1) - process 693
 Error open NetCDF /leonardo_work/ICT26_ESP/RCMDATA//CLM45/snicardata/snicar_opt
 ics_5bnd_c090915.nc in readwrite: 
 Cannot send after transport endpoint shutdown                                  
  
 File mod_clm_nchelper.F90 line      362
 Abort called by computing node          700 at 2026-06-21 18:07:24.783 +0200
 Execution terminated because of runtime error
Abort(1) on node 700 (rank 700 in comm 496): application called MPI_Abort(comm=0x84000002, 1) - process 700
 Error open NetCDF /leonardo_work/ICT26_ESP/RCMDATA//CLM45/snicardata/snicar_opt
 ics_5bnd_c090915.nc in readwrite: 
 Cannot send after transport endpoint shutdown                                  
  
 File mod_clm_nchelper.F90 line      362
 Abort called by computing node          720 at 2026-06-21 18:07:24.783 +0200
 Execution terminated because of runtime error
Abort(1) on node 720 (rank 720 in comm 496): application called MPI_Abort(comm=0x84000002, 1) - process 720
 Error open NetCDF /leonardo_work/ICT26_ESP/RCMDATA//CLM45/snicardata/snicar_opt
 ics_5bnd_c090915.nc in readwrite: 
 Cannot send after transport endpoint shutdown                                  
  
 File mod_clm_nchelper.F90 line      362
 Abort called by computing node          752 at 2026-06-21 18:07:24.783 +0200
 Execution terminated because of runtime error
Abort(1) on node 752 (rank 752 in comm 496): application called MPI_Abort(comm=0x84000002, 1) - process 752
 Error open NetCDF /leonardo_work/ICT26_ESP/RCMDATA//CLM45/snicardata/snicar_opt
 ics_5bnd_c090915.nc in readwrite: 
 Cannot send after transport endpoint shutdown                                  
  
 File mod_clm_nchelper.F90 line      362
 Abort called by computing node          719 at 2026-06-21 18:07:24.784 +0200
 Execution terminated because of runtime error
Abort(1) on node 719 (rank 719 in comm 496): application called MPI_Abort(comm=0x84000002, 1) - process 719
 Error open NetCDF /leonardo_work/ICT26_ESP/RCMDATA//CLM45/snicardata/snicar_opt
 ics_5bnd_c090915.nc in readwrite: 
 Cannot send after transport endpoint shutdown                                  
  
 File mod_clm_nchelper.F90 line      362
 Abort called by computing node          723 at 2026-06-21 18:07:24.784 +0200
 Execution terminated because of runtime error
Abort(1) on node 723 (rank 723 in comm 496): application called MPI_Abort(comm=0x84000002, 1) - process 723
 Error open NetCDF /leonardo_work/ICT26_ESP/RCMDATA//CLM45/snicardata/snicar_opt
 ics_5bnd_c090915.nc in readwrite: 
 Cannot send after transport endpoint shutdown                                  
  
 File mod_clm_nchelper.F90 line      362
 Abort called by computing node          779 at 2026-06-21 18:07:24.784 +0200
 Execution terminated because of runtime error
Abort(1) on node 779 (rank 779 in comm 496): application called MPI_Abort(comm=0x84000002, 1) - process 779
 Error open NetCDF /leonardo_work/ICT26_ESP/RCMDATA//CLM45/snicardata/snicar_opt
 ics_5bnd_c090915.nc in readwrite: 
 Cannot send after transport endpoint shutdown                                  
  
 File mod_clm_nchelper.F90 line      362
 Abort called by computing node          755 at 2026-06-21 18:07:24.784 +0200
 Execution terminated because of runtime error
Abort(1) on node 755 (rank 755 in comm 496): application called MPI_Abort(comm=0x84000002, 1) - process 755
 Error open NetCDF /leonardo_work/ICT26_ESP/RCMDATA//CLM45/snicardata/snicar_opt
 ics_5bnd_c090915.nc in readwrite: 
 Cannot send after transport endpoint shutdown                                  
  
 File mod_clm_nchelper.F90 line      362
 Abort called by computing node          713 at 2026-06-21 18:07:24.785 +0200
 Execution terminated because of runtime error
Abort(1) on node 713 (rank 713 in comm 496): application called MPI_Abort(comm=0x84000002, 1) - process 713
 Error open NetCDF /leonardo_work/ICT26_ESP/RCMDATA//CLM45/snicardata/snicar_opt
 ics_5bnd_c090915.nc in readwrite: 
 Cannot send after transport endpoint shutdown                                  
  
 File mod_clm_nchelper.F90 line      362
 Abort called by computing node          730 at 2026-06-21 18:07:24.785 +0200
 Execution terminated because of runtime error
Abort(1) on node 730 (rank 730 in comm 496): application called MPI_Abort(comm=0x84000002, 1) - process 730
 Error open NetCDF /leonardo_work/ICT26_ESP/RCMDATA//CLM45/snicardata/snicar_opt
 ics_5bnd_c090915.nc in readwrite: 
 Cannot send after transport endpoint shutdown                                  
  
 File mod_clm_nchelper.F90 line      362
 Abort called by computing node          770 at 2026-06-21 18:07:24.787 +0200
 Execution terminated because of runtime error
Abort(1) on node 770 (rank 770 in comm 496): application called MPI_Abort(comm=0x84000002, 1) - process 770
 Error open NetCDF /leonardo_work/ICT26_ESP/RCMDATA//CLM45/snicardata/snicar_opt
 Error open NetCDF /leonardo_work/ICT26_ESP/RCMDATA//CLM45/snicardata/snicar_opt
 Error open NetCDF /leonardo_work/ICT26_ESP/RCMDATA//CLM45/snicardata/snicar_opt
 ics_5bnd_c090915.nc in readwrite: 
 Cannot send after transport endpoint shutdown                                  
  
 File mod_clm_nchelper.F90 line      362
 ics_5bnd_c090915.nc in readwrite: 
 Cannot send after transport endpoint shutdown                                  
  
 File mod_clm_nchelper.F90 line      362
 ics_5bnd_c090915.nc in readwrite: 
 Cannot send after transport endpoint shutdown                                  
  
 File mod_clm_nchelper.F90 line      362
 Error open NetCDF /leonardo_work/ICT26_ESP/RCMDATA//CLM45/snicardata/snicar_opt
 Abort called by computing node          715 at 2026-06-21 18:07:24.788 +0200
 Execution terminated because of runtime error
Abort(1) on node 715 (rank 715 in comm 496): application called MPI_Abort(comm=0x84000002, 1) - process 715
 Error open NetCDF /leonardo_work/ICT26_ESP/RCMDATA//CLM45/snicardata/snicar_opt
 ics_5bnd_c090915.nc in readwrite: 
 Cannot send after transport endpoint shutdown                                  
  
 File mod_clm_nchelper.F90 line      362
 Abort called by computing node          677 at 2026-06-21 18:07:24.788 +0200
 Execution terminated because of runtime error
Abort(1) on node 677 (rank 677 in comm 496): application called MPI_Abort(comm=0x84000002, 1) - process 677
 Error open NetCDF /leonardo_work/ICT26_ESP/RCMDATA//CLM45/snicardata/snicar_opt
 Abort called by computing node          781 at 2026-06-21 18:07:24.788 +0200
 Execution terminated because of runtime error
Abort(1) on node 781 (rank 781 in comm 496): application called MPI_Abort(comm=0x84000002, 1) - process 781
 ics_5bnd_c090915.nc in readwrite: 
 Cannot send after transport endpoint shutdown                                  
  
 File mod_clm_nchelper.F90 line      362
 Error open NetCDF /leonardo_work/ICT26_ESP/RCMDATA//CLM45/snicardata/snicar_opt
 Abort called by computing node          684 at 2026-06-21 18:07:24.788 +0200
 Execution terminated because of runtime error
Abort(1) on node 684 (rank 684 in comm 496): application called MPI_Abort(comm=0x84000002, 1) - process 684
 Error open NetCDF /leonardo_work/ICT26_ESP/RCMDATA//CLM45/snicardata/snicar_opt
 ics_5bnd_c090915.nc in readwrite: 
 Cannot send after transport endpoint shutdown                                  
  
 File mod_clm_nchelper.F90 line      362
 Error open NetCDF /leonardo_work/ICT26_ESP/RCMDATA//CLM45/snicardata/snicar_opt
 Abort called by computing node          689 at 2026-06-21 18:07:24.788 +0200
 Execution terminated because of runtime error
Abort(1) on node 689 (rank 689 in comm 496): application called MPI_Abort(comm=0x84000002, 1) - process 689
 Error open NetCDF /leonardo_work/ICT26_ESP/RCMDATA//CLM45/snicardata/snicar_opt
 ics_5bnd_c090915.nc in readwrite: 
 Cannot send after transport endpoint shutdown                                  
  
 File mod_clm_nchelper.F90 line      362
 Abort called by computing node          771 at 2026-06-21 18:07:24.788 +0200
 Execution terminated because of runtime error
Abort(1) on node 771 (rank 771 in comm 496): application called MPI_Abort(comm=0x84000002, 1) - process 771
 ics_5bnd_c090915.nc in readwrite: 
 Cannot send after transport endpoint shutdown                                  
  
 File mod_clm_nchelper.F90 line      362
 Abort called by computing node          704 at 2026-06-21 18:07:24.788 +0200
 Execution terminated because of runtime error
Abort(1) on node 704 (rank 704 in comm 496): application called MPI_Abort(comm=0x84000002, 1) - process 704
 Error open NetCDF /leonardo_work/ICT26_ESP/RCMDATA//CLM45/snicardata/snicar_opt
 ics_5bnd_c090915.nc in readwrite: 
 Cannot send after transport endpoint shutdown                                  
  
 File mod_clm_nchelper.F90 line      362
 ics_5bnd_c090915.nc in readwrite: 
 Cannot send after transport endpoint shutdown                                  
  
 File mod_clm_nchelper.F90 line      362
 Error open NetCDF /leonardo_work/ICT26_ESP/RCMDATA//CLM45/snicardata/snicar_opt
 Abort called by computing node          681 at 2026-06-21 18:07:24.788 +0200
 Execution terminated because of runtime error
Abort(1) on node 681 (rank 681 in comm 496): application called MPI_Abort(comm=0x84000002, 1) - process 681
 Abort called by computing node          726 at 2026-06-21 18:07:24.788 +0200
 Execution terminated because of runtime error
Abort(1) on node 726 (rank 726 in comm 496): application called MPI_Abort(comm=0x84000002, 1) - process 726
 ics_5bnd_c090915.nc in readwrite: 
 Cannot send after transport endpoint shutdown                                  
  
 File mod_clm_nchelper.F90 line      362
 Error open NetCDF /leonardo_work/ICT26_ESP/RCMDATA//CLM45/snicardata/snicar_opt
 Abort called by computing node          701 at 2026-06-21 18:07:24.788 +0200
 Execution terminated because of runtime error
Abort(1) on node 701 (rank 701 in comm 496): application called MPI_Abort(comm=0x84000002, 1) - process 701
 Error open NetCDF /leonardo_work/ICT26_ESP/RCMDATA//CLM45/snicardata/snicar_opt
 Abort called by computing node          696 at 2026-06-21 18:07:24.788 +0200
 Execution terminated because of runtime error
Abort(1) on node 696 (rank 696 in comm 496): application called MPI_Abort(comm=0x84000002, 1) - process 696
 Error open NetCDF /leonardo_work/ICT26_ESP/RCMDATA//CLM45/snicardata/snicar_opt
 ics_5bnd_c090915.nc in readwrite: 
 Cannot send after transport endpoint shutdown                                  
  
 File mod_clm_nchelper.F90 line      362
 Error open NetCDF /leonardo_work/ICT26_ESP/RCMDATA//CLM45/snicardata/snicar_opt
 Error open NetCDF /leonardo_work/ICT26_ESP/RCMDATA//CLM45/snicardata/snicar_opt
 ics_5bnd_c090915.nc in readwrite: 
 Cannot send after transport endpoint shutdown                                  
  
 File mod_clm_nchelper.F90 line      362
 ics_5bnd_c090915.nc in readwrite: 
 Cannot send after transport endpoint shutdown                                  
  
 File mod_clm_nchelper.F90 line      362
 Error open NetCDF /leonardo_work/ICT26_ESP/RCMDATA//CLM45/snicardata/snicar_opt
 Abort called by computing node          673 at 2026-06-21 18:07:24.789 +0200
 Execution terminated because of runtime error
Abort(1) on node 673 (rank 673 in comm 496): application called MPI_Abort(comm=0x84000002, 1) - process 673
 ics_5bnd_c090915.nc in readwrite: 
 Cannot send after transport endpoint shutdown                                  
  
 File mod_clm_nchelper.F90 line      362
 Error open NetCDF /leonardo_work/ICT26_ESP/RCMDATA//CLM45/snicardata/snicar_opt
 Abort called by computing node          773 at 2026-06-21 18:07:24.789 +0200
 Execution terminated because of runtime error
Abort(1) on node 773 (rank 773 in comm 496): application called MPI_Abort(comm=0x84000002, 1) - process 773
 ics_5bnd_c090915.nc in readwrite: 
 Cannot send after transport endpoint shutdown                                  
  
 File mod_clm_nchelper.F90 line      362
 Error open NetCDF /leonardo_work/ICT26_ESP/RCMDATA//CLM45/snicardata/snicar_opt
 ics_5bnd_c090915.nc in readwrite: 
 Cannot send after transport endpoint shutdown                                  
  
 File mod_clm_nchelper.F90 line      362
 Error open NetCDF /leonardo_work/ICT26_ESP/RCMDATA//CLM45/snicardata/snicar_opt
 Abort called by computing node          780 at 2026-06-21 18:07:24.789 +0200
 Execution terminated because of runtime error
Abort(1) on node 780 (rank 780 in comm 496): application called MPI_Abort(comm=0x84000002, 1) - process 780
 Error open NetCDF /leonardo_work/ICT26_ESP/RCMDATA//CLM45/snicardata/snicar_opt
 Abort called by computing node          711 at 2026-06-21 18:07:24.789 +0200
 Execution terminated because of runtime error
Abort(1) on node 711 (rank 711 in comm 496): application called MPI_Abort(comm=0x84000002, 1) - process 711
 ics_5bnd_c090915.nc in readwrite: 
 Cannot send after transport endpoint shutdown                                  
  
 File mod_clm_nchelper.F90 line      362
 Abort called by computing node          733 at 2026-06-21 18:07:24.789 +0200
 Execution terminated because of runtime error
Abort(1) on node 733 (rank 733 in comm 496): application called MPI_Abort(comm=0x84000002, 1) - process 733
 ics_5bnd_c090915.nc in readwrite: 
 Cannot send after transport endpoint shutdown                                  
  
 File mod_clm_nchelper.F90 line      362
 Error open NetCDF /leonardo_work/ICT26_ESP/RCMDATA//CLM45/snicardata/snicar_opt
 Abort called by computing node          736 at 2026-06-21 18:07:24.789 +0200
 Execution terminated because of runtime error
Abort(1) on node 736 (rank 736 in comm 496): application called MPI_Abort(comm=0x84000002, 1) - process 736
 Abort called by computing node          739 at 2026-06-21 18:07:24.789 +0200
 Execution terminated because of runtime error
Abort(1) on node 739 (rank 739 in comm 496): application called MPI_Abort(comm=0x84000002, 1) - process 739
 Error open NetCDF /leonardo_work/ICT26_ESP/RCMDATA//CLM45/snicardata/snicar_opt
 ics_5bnd_c090915.nc in readwrite: 
 Cannot send after transport endpoint shutdown                                  
  
 File mod_clm_nchelper.F90 line      362
 Error open NetCDF /leonardo_work/ICT26_ESP/RCMDATA//CLM45/snicardata/snicar_opt
 ics_5bnd_c090915.nc in readwrite: 
 Cannot send after transport endpoint shutdown                                  
  
 File mod_clm_nchelper.F90 line      362
 Abort called by computing node          712 at 2026-06-21 18:07:24.789 +0200
 Execution terminated because of runtime error
Abort(1) on node 712 (rank 712 in comm 496): application called MPI_Abort(comm=0x84000002, 1) - process 712
 ics_5bnd_c090915.nc in readwrite: 
 Cannot send after transport endpoint shutdown                                  
  
 File mod_clm_nchelper.F90 line      362
 ics_5bnd_c090915.nc in readwrite: 
 Cannot send after transport endpoint shutdown                                  
  
 File mod_clm_nchelper.F90 line      362
 Abort called by computing node          680 at 2026-06-21 18:07:24.789 +0200
 Execution terminated because of runtime error
 Error open NetCDF /leonardo_work/ICT26_ESP/RCMDATA//CLM45/snicardata/snicar_opt
 ics_5bnd_c090915.nc in readwrite: 
 Cannot send after transport endpoint shutdown                                  
  
 File mod_clm_nchelper.F90 line      362
 ics_5bnd_c090915.nc in readwrite: 
 Cannot send after transport endpoint shutdown                                  
  
 File mod_clm_nchelper.F90 line      362
 Error open NetCDF /leonardo_work/ICT26_ESP/RCMDATA//CLM45/snicardata/snicar_opt
 Abort called by computing node          772 at 2026-06-21 18:07:24.789 +0200
 Execution terminated because of runtime error
Abort(1) on node 772 (rank 772 in comm 496): application called MPI_Abort(comm=0x84000002, 1) - process 772
 ics_5bnd_c090915.nc in readwrite: 
 Cannot send after transport endpoint shutdown                                  
  
 File mod_clm_nchelper.F90 line      362
 Error open NetCDF /leonardo_work/ICT26_ESP/RCMDATA//CLM45/snicardata/snicar_opt
Abort(1) on node 680 (rank 680 in comm 496): application called MPI_Abort(comm=0x84000002, 1) - process 680
 Abort called by computing node          716 at 2026-06-21 18:07:24.789 +0200
 Execution terminated because of runtime error
 Error open NetCDF /leonardo_work/ICT26_ESP/RCMDATA//CLM45/snicardata/snicar_opt
 ics_5bnd_c090915.nc in readwrite: 
 Cannot send after transport endpoint shutdown                                  
  
 File mod_clm_nchelper.F90 line      362
 ics_5bnd_c090915.nc in readwrite: 
 Cannot send after transport endpoint shutdown                                  
  
 File mod_clm_nchelper.F90 line      362
Abort(1) on node 716 (rank 716 in comm 496): application called MPI_Abort(comm=0x84000002, 1) - process 716
 ics_5bnd_c090915.nc in readwrite: 
 Cannot send after transport endpoint shutdown                                  
  
 File mod_clm_nchelper.F90 line      362
 Abort called by computing node          764 at 2026-06-21 18:07:24.789 +0200
 Execution terminated because of runtime error
Abort(1) on node 764 (rank 764 in comm 496): application called MPI_Abort(comm=0x84000002, 1) - process 764
 Abort called by computing node          774 at 2026-06-21 18:07:24.789 +0200
 Execution terminated because of runtime error
Abort(1) on node 774 (rank 774 in comm 496): application called MPI_Abort(comm=0x84000002, 1) - process 774
 Abort called by computing node          682 at 2026-06-21 18:07:24.789 +0200
 Execution terminated because of runtime error
Abort(1) on node 682 (rank 682 in comm 496): application called MPI_Abort(comm=0x84000002, 1) - process 682
 Abort called by computing node          732 at 2026-06-21 18:07:24.789 +0200
 Execution terminated because of runtime error
Abort(1) on node 732 (rank 732 in comm 496): application called MPI_Abort(comm=0x84000002, 1) - process 732
 Error open NetCDF /leonardo_work/ICT26_ESP/RCMDATA//CLM45/snicardata/snicar_opt
 Abort called by computing node          766 at 2026-06-21 18:07:24.789 +0200
 Execution terminated because of runtime error
Abort(1) on node 766 (rank 766 in comm 496): application called MPI_Abort(comm=0x84000002, 1) - process 766
 Abort called by computing node          675 at 2026-06-21 18:07:24.789 +0200
 Execution terminated because of runtime error
 Error open NetCDF /leonardo_work/ICT26_ESP/RCMDATA//CLM45/snicardata/snicar_opt
 Abort called by computing node          741 at 2026-06-21 18:07:24.789 +0200
 Execution terminated because of runtime error
 Error open NetCDF /leonardo_work/ICT26_ESP/RCMDATA//CLM45/snicardata/snicar_opt
 ics_5bnd_c090915.nc in readwrite: 
 Cannot send after transport endpoint shutdown                                  
  
 File mod_clm_nchelper.F90 line      362
 ics_5bnd_c090915.nc in readwrite: 
 Cannot send after transport endpoint shutdown                                  
  
 File mod_clm_nchelper.F90 line      362
Abort(1) on node 675 (rank 675 in comm 496): application called MPI_Abort(comm=0x84000002, 1) - process 675
 ics_5bnd_c090915.nc in readwrite: 
 Cannot send after transport endpoint shutdown                                  
  
 File mod_clm_nchelper.F90 line      362
Abort(1) on node 741 (rank 741 in comm 496): application called MPI_Abort(comm=0x84000002, 1) - process 741
 Abort called by computing node          722 at 2026-06-21 18:07:24.789 +0200
 Execution terminated because of runtime error
 Abort called by computing node          765 at 2026-06-21 18:07:24.789 +0200
 Execution terminated because of runtime error
Abort(1) on node 765 (rank 765 in comm 496): application called MPI_Abort(comm=0x84000002, 1) - process 765
 Error open NetCDF /leonardo_work/ICT26_ESP/RCMDATA//CLM45/snicardata/snicar_opt
 ics_5bnd_c090915.nc in readwrite: 
 Cannot send after transport endpoint shutdown                                  
  
 File mod_clm_nchelper.F90 line      362
Abort(1) on node 722 (rank 722 in comm 496): application called MPI_Abort(comm=0x84000002, 1) - process 722
 Abort called by computing node          760 at 2026-06-21 18:07:24.789 +0200
 Execution terminated because of runtime error
Abort(1) on node 760 (rank 760 in comm 496): application called MPI_Abort(comm=0x84000002, 1) - process 760
 Error open NetCDF /leonardo_work/ICT26_ESP/RCMDATA//CLM45/snicardata/snicar_opt
 ics_5bnd_c090915.nc in readwrite: 
 Cannot send after transport endpoint shutdown                                  
  
 File mod_clm_nchelper.F90 line      362
 Error open NetCDF /leonardo_work/ICT26_ESP/RCMDATA//CLM45/snicardata/snicar_opt
 ics_5bnd_c090915.nc in readwrite: 
 Cannot send after transport endpoint shutdown                                  
  
 File mod_clm_nchelper.F90 line      362
 Error open NetCDF /leonardo_work/ICT26_ESP/RCMDATA//CLM45/snicardata/snicar_opt
 ics_5bnd_c090915.nc in readwrite: 
 Cannot send after transport endpoint shutdown                                  
  
 File mod_clm_nchelper.F90 line      362
 Error open NetCDF /leonardo_work/ICT26_ESP/RCMDATA//CLM45/snicardata/snicar_opt
 Abort called by computing node          710 at 2026-06-21 18:07:24.789 +0200
 Execution terminated because of runtime error
Abort(1) on node 710 (rank 710 in comm 496): application called MPI_Abort(comm=0x84000002, 1) - process 710
 Error open NetCDF /leonardo_work/ICT26_ESP/RCMDATA//CLM45/snicardata/snicar_opt
 ics_5bnd_c090915.nc in readwrite: 
 Cannot send after transport endpoint shutdown                                  
  
 File mod_clm_nchelper.F90 line      362
 ics_5bnd_c090915.nc in readwrite: 
 Cannot send after transport endpoint shutdown                                  
  
 File mod_clm_nchelper.F90 line      362
 Abort called by computing node          672 at 2026-06-21 18:07:24.789 +0200
 Execution terminated because of runtime error
Abort(1) on node 672 (rank 672 in comm 496): application called MPI_Abort(comm=0x84000003, 1) - process 672
 Error open NetCDF /leonardo_work/ICT26_ESP/RCMDATA//CLM45/snicardata/snicar_opt
 ics_5bnd_c090915.nc in readwrite: 
 Cannot send after transport endpoint shutdown                                  
  
 File mod_clm_nchelper.F90 line      362
 Abort called by computing node          717 at 2026-06-21 18:07:24.789 +0200
 Execution terminated because of runtime error
Abort(1) on node 717 (rank 717 in comm 496): application called MPI_Abort(comm=0x84000002, 1) - process 717
 Error open NetCDF /leonardo_work/ICT26_ESP/RCMDATA//CLM45/snicardata/snicar_opt
 ics_5bnd_c090915.nc in readwrite: 
 Cannot send after transport endpoint shutdown                                  
  
 File mod_clm_nchelper.F90 line      362
 Abort called by computing node          729 at 2026-06-21 18:07:24.789 +0200
 Execution terminated because of runtime error
Abort(1) on node 729 (rank 729 in comm 496): application called MPI_Abort(comm=0x84000002, 1) - process 729
 Abort called by computing node          738 at 2026-06-21 18:07:24.789 +0200
 Execution terminated because of runtime error
Abort(1) on node 738 (rank 738 in comm 496): application called MPI_Abort(comm=0x84000002, 1) - process 738
 Abort called by computing node          740 at 2026-06-21 18:07:24.789 +0200
 Execution terminated because of runtime error
Abort(1) on node 740 (rank 740 in comm 496): application called MPI_Abort(comm=0x84000002, 1) - process 740
 Error open NetCDF /leonardo_work/ICT26_ESP/RCMDATA//CLM45/snicardata/snicar_opt
 ics_5bnd_c090915.nc in readwrite: 
 Cannot send after transport endpoint shutdown                                  
  
 File mod_clm_nchelper.F90 line      362
 Error open NetCDF /leonardo_work/ICT26_ESP/RCMDATA//CLM45/snicardata/snicar_opt
 ics_5bnd_c090915.nc in readwrite: 
 Cannot send after transport endpoint shutdown                                  
  
 File mod_clm_nchelper.F90 line      362
 Abort called by computing node          676 at 2026-06-21 18:07:24.789 +0200
 Execution terminated because of runtime error
Abort(1) on node 676 (rank 676 in comm 496): application called MPI_Abort(comm=0x84000002, 1) - process 676
 Abort called by computing node          756 at 2026-06-21 18:07:24.789 +0200
 Execution terminated because of runtime error
Abort(1) on node 756 (rank 756 in comm 496): application called MPI_Abort(comm=0x84000002, 1) - process 756
 Error open NetCDF /leonardo_work/ICT26_ESP/RCMDATA//CLM45/snicardata/snicar_opt
 ics_5bnd_c090915.nc in readwrite: 
 Cannot send after transport endpoint shutdown                                  
  
 File mod_clm_nchelper.F90 line      362
 Abort called by computing node          768 at 2026-06-21 18:07:24.789 +0200
 Execution terminated because of runtime error
 Error open NetCDF /leonardo_work/ICT26_ESP/RCMDATA//CLM45/snicardata/snicar_opt
 ics_5bnd_c090915.nc in readwrite: 
 Cannot send after transport endpoint shutdown                                  
  
 File mod_clm_nchelper.F90 line      362
 Abort called by computing node          727 at 2026-06-21 18:07:24.789 +0200
 Execution terminated because of runtime error
Abort(1) on node 727 (rank 727 in comm 496): application called MPI_Abort(comm=0x84000002, 1) - process 727
Abort(1) on node 768 (rank 768 in comm 496): application called MPI_Abort(comm=0x84000002, 1) - process 768
 Error open NetCDF /leonardo_work/ICT26_ESP/RCMDATA//CLM45/snicardata/snicar_opt
 ics_5bnd_c090915.nc in readwrite: 
 Cannot send after transport endpoint shutdown                                  
  
 File mod_clm_nchelper.F90 line      362
 Abort called by computing node          767 at 2026-06-21 18:07:24.789 +0200
 Execution terminated because of runtime error
Abort(1) on node 767 (rank 767 in comm 496): application called MPI_Abort(comm=0x84000002, 1) - process 767
 Abort called by computing node          718 at 2026-06-21 18:07:24.789 +0200
 Execution terminated because of runtime error
Abort(1) on node 718 (rank 718 in comm 496): application called MPI_Abort(comm=0x84000002, 1) - process 718
 Abort called by computing node          690 at 2026-06-21 18:07:24.789 +0200
 Execution terminated because of runtime error
Abort(1) on node 690 (rank 690 in comm 496): application called MPI_Abort(comm=0x84000002, 1) - process 690
 Error open NetCDF /leonardo_work/ICT26_ESP/RCMDATA//CLM45/snicardata/snicar_opt
 ics_5bnd_c090915.nc in readwrite: 
 Cannot send after transport endpoint shutdown                                  
  
 File mod_clm_nchelper.F90 line      362
 Abort called by computing node          688 at 2026-06-21 18:07:24.790 +0200
 Execution terminated because of runtime error
Abort(1) on node 688 (rank 688 in comm 496): application called MPI_Abort(comm=0x84000002, 1) - process 688
ERROR: Simulation ended abruptly!!!
