
  This is Terrain part of RegCM package version 5
   GIT Revision: 5.0.0 compiled at: data : Jan 12 2023  time: 14:49:26

 : this run start at  : 2024-04-26 17:05:59+0200
 : it is submitted by : mdasilva
 : it is running on   : r171c03s04
 : in directory       : 
 /marconi/home/userexternal/mdasilva/github_projects/shell/ictp/regcm_exp/sam_3k
 m_cyclone
                      
 Using non hydrostatic Moloch dynamic
 
 Doing Horizontal Grid with following parameters
 iy     =         1231
 jx     =         1231
 kz     =           50
 ds     =    3.33596770345637     
 clat   =   -30.0000000000000     
 clon   =   -57.0000000000000     
 iproj  = ROTLLR
 Grid setup done
 Geo mapping done
 Calculated large extrema:
          MINLAT =   -49.0000000000000     
          MAXLAT =   -10.0000000000000     
          MINLON =   -82.0000000000000     
          MAXLON =   -33.0000000000000     
 Determined Grid coordinate range
 No resampling used.
 Static DEM data successfully read in
 Interpolated DEM on model GRID
 Static landcover BATS data successfully read in
 Interpolated landcover on model GRID
 Static texture data successfully read in
 Interpolated texture on model GRID
 Static bathymetry data successfully read in
 Interpolated bathymetry on model GRID
 Fudging data (if requested) succeeded
 Skip moisture creation, no moisture file to read
 Vertical Grid Description (mean over domain)
 
 --------------------------------------------------
 k        sigma       p(mb)          h(m)      T(K)
 --------------------------------------------------
 51       1.000     1013.25          0.00     288.1
 50       0.980     1005.68         63.24     287.7
 49       0.960      997.74        129.89     287.3
 48       0.940      989.42        200.27     286.9
 47       0.920      980.68        274.76     286.4
 46       0.900      971.47        353.74     285.9
 45       0.880      961.77        437.63     285.3
 44       0.860      951.54        526.87     284.7
 43       0.840      940.74        621.91     284.1
 42       0.820      929.33        723.25     283.5
 41       0.800      917.28        831.42     282.8
 40       0.780      904.54        946.98     282.0
 39       0.760      891.09       1070.51     281.2
 38       0.740      876.87       1202.66     280.3
 37       0.720      861.86       1344.08     279.4
 36       0.700      846.03       1495.51     278.4
 35       0.680      829.32       1657.70     277.4
 34       0.660      811.73       1831.46     276.3
 33       0.640      793.21       2017.66     275.1
 32       0.620      773.74       2217.22     273.8
 31       0.600      753.31       2431.12     272.4
 30       0.580      731.89       2660.42     270.9
 29       0.560      709.49       2906.22     269.3
 28       0.540      686.09       3169.72     267.6
 27       0.520      661.70       3452.19     265.7
 26       0.500      636.34       3754.99     263.8
 25       0.480      610.04       4079.56     261.7
 24       0.460      582.83       4427.44     259.4
 23       0.440      554.77       4800.28     257.0
 22       0.420      525.93       5199.84     254.4
 21       0.400      496.38       5627.98     251.6
 20       0.380      466.23       6086.72     248.6
 19       0.360      435.59       6578.18     245.5
 18       0.340      404.59       7104.66     242.0
 17       0.320      373.40       7668.57     238.4
 16       0.300      342.18       8272.53     234.5
 15       0.280      311.13       8919.31     230.3
 14       0.260      280.45       9611.87     225.8
 13       0.240      250.37      10353.39     221.0
 12       0.220      221.12      11147.23     215.8
 11       0.200      192.93      11997.02     210.3
 10       0.180      166.06      12906.62     216.6
  9       0.160      140.75      13880.14     217.7
  8       0.140      117.21      14921.98     218.2
  7       0.120       95.67      16036.85     218.7
  6       0.100       76.28      17229.78     219.2
  5       0.080       59.20      18506.13     219.8
  4       0.060       44.49      19871.64     220.4
  3       0.040       32.19      21332.44     221.1
  2       0.020       22.24      22895.07     221.8
  1       0.000       14.52      24566.53     222.5
 Grid data written to output file
 Successfully completed terrain fields generation

  This is mksurfdata part of RegCM package version 5
   GIT Revision: 5.0.0 compiled at: data : Jan 12 2023  time: 14:53:25

 : this run start at  : 2024-04-26 17:06:15+0200
 : it is submitted by : mdasilva
 : it is running on   : r171c03s04
 : in directory       : 
 /marconi/home/userexternal/mdasilva/github_projects/shell/ictp/regcm_exp/sam_3k
 m_cyclone
                      
 Created topographic informations...
 Computing weights........................................................................................................................... Done.
 Computing weights........................................................................................................................... Done.
 Computing weights........................................................................................................................... Done.
 Computing weights........................................................................................................................... Done.
 Created special categories informations...
 Created pft informations...
 Computing weights........................................................................................................................... Done.
 Created lai/sai informations...
 Computing weights........................................................................................................................... Done.
 Computing weights........................................................................................................................... Done.
 Computing weights........................................................................................................................... Done.
 Created soil texture/color informations...
 Computing weights........................................................................................................................... Done.
 Computing weights........................................................................................................................... Done.
 Computing weights........................................................................................................................... Done.
 Created human population informations...
 Computing weights........................................................................................................................... Done.
 Computing weights........................................................................................................................... Done.
 Created VOC/horganic informations...
 Computing weights........................................................................................................................... Done.
 Computing weights........................................................................................................................... Done.
 Created LAKE/URBAN informations...
 Successfully completed CLM preprocessing.

  This is sst part of the RegCM version 5
   GIT Revision: 5.0.0 compiled at: data : Jan 12 2023  time: 14:49:56

 : this run start at    : 2024-04-26 17:29:10+0200
 : it is submitted by   : mdasilva
 : it is running on     : r171c03s04
 : in directory         : 
 /marconi/home/userexternal/mdasilva/github_projects/shell/ictp/regcm_exp/sam_3k
 m_cyclone
                       
 Opened /marconi_work/ICT23_ESP/RCMDATA/ERA5/SSTD/sst_2023_05.nc
 Add offset   =    288.963322879044     
 Scale factor =   6.003356610410022E-004
 Fill Value   =  -32767
 Computing weights........................................................................................................................... Done.
 GLOBIDATE1 :  2023-05-01 00:00:00 UTC        
 GLOBIDATE2 :  2023-09-01 00:00:00 UTC        
 NSTEPS =          124
 WRITEN OUT SST DATA :  2023-05-01 00:00:00 UTC        
 WRITEN OUT SST DATA :  2023-05-02 00:00:00 UTC        
 WRITEN OUT SST DATA :  2023-05-03 00:00:00 UTC        
 WRITEN OUT SST DATA :  2023-05-04 00:00:00 UTC        
 WRITEN OUT SST DATA :  2023-05-05 00:00:00 UTC        
 WRITEN OUT SST DATA :  2023-05-06 00:00:00 UTC        
 WRITEN OUT SST DATA :  2023-05-07 00:00:00 UTC        
 WRITEN OUT SST DATA :  2023-05-08 00:00:00 UTC        
 WRITEN OUT SST DATA :  2023-05-09 00:00:00 UTC        
 WRITEN OUT SST DATA :  2023-05-10 00:00:00 UTC        
 WRITEN OUT SST DATA :  2023-05-11 00:00:00 UTC        
 WRITEN OUT SST DATA :  2023-05-12 00:00:00 UTC        
 WRITEN OUT SST DATA :  2023-05-13 00:00:00 UTC        
 WRITEN OUT SST DATA :  2023-05-14 00:00:00 UTC        
 WRITEN OUT SST DATA :  2023-05-15 00:00:00 UTC        
 WRITEN OUT SST DATA :  2023-05-16 00:00:00 UTC        
 WRITEN OUT SST DATA :  2023-05-17 00:00:00 UTC        
 WRITEN OUT SST DATA :  2023-05-18 00:00:00 UTC        
 WRITEN OUT SST DATA :  2023-05-19 00:00:00 UTC        
 WRITEN OUT SST DATA :  2023-05-20 00:00:00 UTC        
 WRITEN OUT SST DATA :  2023-05-21 00:00:00 UTC        
 WRITEN OUT SST DATA :  2023-05-22 00:00:00 UTC        
 WRITEN OUT SST DATA :  2023-05-23 00:00:00 UTC        
 WRITEN OUT SST DATA :  2023-05-24 00:00:00 UTC        
 WRITEN OUT SST DATA :  2023-05-25 00:00:00 UTC        
 WRITEN OUT SST DATA :  2023-05-26 00:00:00 UTC        
 WRITEN OUT SST DATA :  2023-05-27 00:00:00 UTC        
 WRITEN OUT SST DATA :  2023-05-28 00:00:00 UTC        
 WRITEN OUT SST DATA :  2023-05-29 00:00:00 UTC        
 WRITEN OUT SST DATA :  2023-05-30 00:00:00 UTC        
 WRITEN OUT SST DATA :  2023-05-31 00:00:00 UTC        
 Opened /marconi_work/ICT23_ESP/RCMDATA/ERA5/SSTD/sst_2023_06.nc
 Add offset   =    288.703316421629     
 Scale factor =   5.937192425953336E-004
 Fill Value   =  -32767
 WRITEN OUT SST DATA :  2023-06-01 00:00:00 UTC        
 WRITEN OUT SST DATA :  2023-06-02 00:00:00 UTC        
 WRITEN OUT SST DATA :  2023-06-03 00:00:00 UTC        
 WRITEN OUT SST DATA :  2023-06-04 00:00:00 UTC        
 WRITEN OUT SST DATA :  2023-06-05 00:00:00 UTC        
 WRITEN OUT SST DATA :  2023-06-06 00:00:00 UTC        
 WRITEN OUT SST DATA :  2023-06-07 00:00:00 UTC        
 WRITEN OUT SST DATA :  2023-06-08 00:00:00 UTC        
 WRITEN OUT SST DATA :  2023-06-09 00:00:00 UTC        
 WRITEN OUT SST DATA :  2023-06-10 00:00:00 UTC        
 WRITEN OUT SST DATA :  2023-06-11 00:00:00 UTC        
 WRITEN OUT SST DATA :  2023-06-12 00:00:00 UTC        
 WRITEN OUT SST DATA :  2023-06-13 00:00:00 UTC        
 WRITEN OUT SST DATA :  2023-06-14 00:00:00 UTC        
 WRITEN OUT SST DATA :  2023-06-15 00:00:00 UTC        
 WRITEN OUT SST DATA :  2023-06-16 00:00:00 UTC        
 WRITEN OUT SST DATA :  2023-06-17 00:00:00 UTC        
 WRITEN OUT SST DATA :  2023-06-18 00:00:00 UTC        
 WRITEN OUT SST DATA :  2023-06-19 00:00:00 UTC        
 WRITEN OUT SST DATA :  2023-06-20 00:00:00 UTC        
 WRITEN OUT SST DATA :  2023-06-21 00:00:00 UTC        
 WRITEN OUT SST DATA :  2023-06-22 00:00:00 UTC        
 WRITEN OUT SST DATA :  2023-06-23 00:00:00 UTC        
 WRITEN OUT SST DATA :  2023-06-24 00:00:00 UTC        
 WRITEN OUT SST DATA :  2023-06-25 00:00:00 UTC        
 WRITEN OUT SST DATA :  2023-06-26 00:00:00 UTC        
 WRITEN OUT SST DATA :  2023-06-27 00:00:00 UTC        
 WRITEN OUT SST DATA :  2023-06-28 00:00:00 UTC        
 WRITEN OUT SST DATA :  2023-06-29 00:00:00 UTC        
 WRITEN OUT SST DATA :  2023-06-30 00:00:00 UTC        
 Opened /marconi_work/ICT23_ESP/RCMDATA/ERA5/SSTD/sst_2023_07.nc
 Add offset   =    290.340986736286     
 Scale factor =   6.437149270215007E-004
 Fill Value   =  -32767
 WRITEN OUT SST DATA :  2023-07-01 00:00:00 UTC        
 WRITEN OUT SST DATA :  2023-07-02 00:00:00 UTC        
 WRITEN OUT SST DATA :  2023-07-03 00:00:00 UTC        
 WRITEN OUT SST DATA :  2023-07-04 00:00:00 UTC        
 WRITEN OUT SST DATA :  2023-07-05 00:00:00 UTC        
 WRITEN OUT SST DATA :  2023-07-06 00:00:00 UTC        
 WRITEN OUT SST DATA :  2023-07-07 00:00:00 UTC        
 WRITEN OUT SST DATA :  2023-07-08 00:00:00 UTC        
 WRITEN OUT SST DATA :  2023-07-09 00:00:00 UTC        
 WRITEN OUT SST DATA :  2023-07-10 00:00:00 UTC        
 WRITEN OUT SST DATA :  2023-07-11 00:00:00 UTC        
 WRITEN OUT SST DATA :  2023-07-12 00:00:00 UTC        
 WRITEN OUT SST DATA :  2023-07-13 00:00:00 UTC        
 WRITEN OUT SST DATA :  2023-07-14 00:00:00 UTC        
 WRITEN OUT SST DATA :  2023-07-15 00:00:00 UTC        
 WRITEN OUT SST DATA :  2023-07-16 00:00:00 UTC        
 WRITEN OUT SST DATA :  2023-07-17 00:00:00 UTC        
 WRITEN OUT SST DATA :  2023-07-18 00:00:00 UTC        
 WRITEN OUT SST DATA :  2023-07-19 00:00:00 UTC        
 WRITEN OUT SST DATA :  2023-07-20 00:00:00 UTC        
 WRITEN OUT SST DATA :  2023-07-21 00:00:00 UTC        
 WRITEN OUT SST DATA :  2023-07-22 00:00:00 UTC        
 WRITEN OUT SST DATA :  2023-07-23 00:00:00 UTC        
 WRITEN OUT SST DATA :  2023-07-24 00:00:00 UTC        
 WRITEN OUT SST DATA :  2023-07-25 00:00:00 UTC        
 WRITEN OUT SST DATA :  2023-07-26 00:00:00 UTC        
 WRITEN OUT SST DATA :  2023-07-27 00:00:00 UTC        
 WRITEN OUT SST DATA :  2023-07-28 00:00:00 UTC        
 WRITEN OUT SST DATA :  2023-07-29 00:00:00 UTC        
 WRITEN OUT SST DATA :  2023-07-30 00:00:00 UTC        
 WRITEN OUT SST DATA :  2023-07-31 00:00:00 UTC        
 Opened /marconi_work/ICT23_ESP/RCMDATA/ERA5/SSTD/sst_2023_08.nc
 Add offset   =    289.915944394189     
 Scale factor =   6.307428723887202E-004
 Fill Value   =  -32767
 WRITEN OUT SST DATA :  2023-08-01 00:00:00 UTC        
 WRITEN OUT SST DATA :  2023-08-02 00:00:00 UTC        
 WRITEN OUT SST DATA :  2023-08-03 00:00:00 UTC        
 WRITEN OUT SST DATA :  2023-08-04 00:00:00 UTC        
 WRITEN OUT SST DATA :  2023-08-05 00:00:00 UTC        
 WRITEN OUT SST DATA :  2023-08-06 00:00:00 UTC        
 WRITEN OUT SST DATA :  2023-08-07 00:00:00 UTC        
 WRITEN OUT SST DATA :  2023-08-08 00:00:00 UTC        
 WRITEN OUT SST DATA :  2023-08-09 00:00:00 UTC        
 WRITEN OUT SST DATA :  2023-08-10 00:00:00 UTC        
 WRITEN OUT SST DATA :  2023-08-11 00:00:00 UTC        
 WRITEN OUT SST DATA :  2023-08-12 00:00:00 UTC        
 WRITEN OUT SST DATA :  2023-08-13 00:00:00 UTC        
 WRITEN OUT SST DATA :  2023-08-14 00:00:00 UTC        
 WRITEN OUT SST DATA :  2023-08-15 00:00:00 UTC        
 WRITEN OUT SST DATA :  2023-08-16 00:00:00 UTC        
 WRITEN OUT SST DATA :  2023-08-17 00:00:00 UTC        
 WRITEN OUT SST DATA :  2023-08-18 00:00:00 UTC        
 WRITEN OUT SST DATA :  2023-08-19 00:00:00 UTC        
 WRITEN OUT SST DATA :  2023-08-20 00:00:00 UTC        
 WRITEN OUT SST DATA :  2023-08-21 00:00:00 UTC        
 WRITEN OUT SST DATA :  2023-08-22 00:00:00 UTC        
 WRITEN OUT SST DATA :  2023-08-23 00:00:00 UTC        
 WRITEN OUT SST DATA :  2023-08-24 00:00:00 UTC        
 WRITEN OUT SST DATA :  2023-08-25 00:00:00 UTC        
 WRITEN OUT SST DATA :  2023-08-26 00:00:00 UTC        
 WRITEN OUT SST DATA :  2023-08-27 00:00:00 UTC        
 WRITEN OUT SST DATA :  2023-08-28 00:00:00 UTC        
 WRITEN OUT SST DATA :  2023-08-29 00:00:00 UTC        
 WRITEN OUT SST DATA :  2023-08-30 00:00:00 UTC        
 WRITEN OUT SST DATA :  2023-08-31 00:00:00 UTC        
 Opened /marconi_work/ICT23_ESP/RCMDATA/ERA5/SSTD/sst_2023_09.nc
 Add offset   =    289.612373534016     
 Scale factor =   5.947288424820319E-004
 Fill Value   =  -32767
 WRITEN OUT SST DATA :  2023-09-01 00:00:00 UTC        
 Input ready at : Fri Apr 26 17:29:51 2024
 Successfully generated SST

  This is icbc part of the RegCM version 5
   GIT Revision: 5.0.0 compiled at: data : Jan 12 2023  time: 14:49:56

 : this run start at    : 2024-04-26 17:29:52+0200
 : it is submitted by   : mdasilva
 : it is running on     : r171c03s04
 : in directory         : 
 /marconi/home/userexternal/mdasilva/github_projects/shell/ictp/regcm_exp/sam_3k
 m_cyclone
                       
 Using Moloch non-hydrostatic dynamical core
 GLOBIDATE1 :  2023-05-01 00:00:00 UTC        
 GLOBIDATE2 :  2023-09-01 00:00:00 UTC        
 NSTEPS     :          493
 Computing weights........................................................................................................................... Done.
 Computing weights........................................................................................................................... Done.
 Computing weights........................................................................................................................... Done.
      131072 /marconi_work/ICT23_ESP/RCMDATA/ERA5/2023/tatm_2023_05.nc
  2.130185908542738E-003   250.213992280093     
      196608 /marconi_work/ICT23_ESP/RCMDATA/ERA5/2023/geop_2023_05.nc
   7.51929645655624        240151.900508022     
      262144 /marconi_work/ICT23_ESP/RCMDATA/ERA5/2023/qhum_2023_05.nc
  3.997099507104756E-007  1.296728878253882E-002
      327680 /marconi_work/ICT23_ESP/RCMDATA/ERA5/2023/uwnd_2023_05.nc
  3.330664438026452E-003   47.8054635740310     
      393216 /marconi_work/ICT23_ESP/RCMDATA/ERA5/2023/vwnd_2023_05.nc
  2.591474099210393E-003  0.461526223399614     
 READ IN fields at DATE: 2023-05-01 00:00:00 UTC        
 READ IN fields at DATE: 2023-05-01 06:00:00 UTC        
 READ IN fields at DATE: 2023-05-01 12:00:00 UTC        
 READ IN fields at DATE: 2023-05-01 18:00:00 UTC        
 READ IN fields at DATE: 2023-05-02 00:00:00 UTC        
 READ IN fields at DATE: 2023-05-02 06:00:00 UTC        
 READ IN fields at DATE: 2023-05-02 12:00:00 UTC        
 READ IN fields at DATE: 2023-05-02 18:00:00 UTC        
 READ IN fields at DATE: 2023-05-03 00:00:00 UTC        
 READ IN fields at DATE: 2023-05-03 06:00:00 UTC        
 READ IN fields at DATE: 2023-05-03 12:00:00 UTC        
 READ IN fields at DATE: 2023-05-03 18:00:00 UTC        
 READ IN fields at DATE: 2023-05-04 00:00:00 UTC        
 READ IN fields at DATE: 2023-05-04 06:00:00 UTC        
 READ IN fields at DATE: 2023-05-04 12:00:00 UTC        
 READ IN fields at DATE: 2023-05-04 18:00:00 UTC        
 READ IN fields at DATE: 2023-05-05 00:00:00 UTC        
 READ IN fields at DATE: 2023-05-05 06:00:00 UTC        
 READ IN fields at DATE: 2023-05-05 12:00:00 UTC        
 READ IN fields at DATE: 2023-05-05 18:00:00 UTC        
 READ IN fields at DATE: 2023-05-06 00:00:00 UTC        
 READ IN fields at DATE: 2023-05-06 06:00:00 UTC        
 READ IN fields at DATE: 2023-05-06 12:00:00 UTC        
 READ IN fields at DATE: 2023-05-06 18:00:00 UTC        
 READ IN fields at DATE: 2023-05-07 00:00:00 UTC        
 READ IN fields at DATE: 2023-05-07 06:00:00 UTC        
 READ IN fields at DATE: 2023-05-07 12:00:00 UTC        
 READ IN fields at DATE: 2023-05-07 18:00:00 UTC        
 READ IN fields at DATE: 2023-05-08 00:00:00 UTC        
 READ IN fields at DATE: 2023-05-08 06:00:00 UTC        
 READ IN fields at DATE: 2023-05-08 12:00:00 UTC        
 READ IN fields at DATE: 2023-05-08 18:00:00 UTC        
 READ IN fields at DATE: 2023-05-09 00:00:00 UTC        
 READ IN fields at DATE: 2023-05-09 06:00:00 UTC        
 READ IN fields at DATE: 2023-05-09 12:00:00 UTC        
 READ IN fields at DATE: 2023-05-09 18:00:00 UTC        
 READ IN fields at DATE: 2023-05-10 00:00:00 UTC        
 READ IN fields at DATE: 2023-05-10 06:00:00 UTC        
 READ IN fields at DATE: 2023-05-10 12:00:00 UTC        
 READ IN fields at DATE: 2023-05-10 18:00:00 UTC        
 READ IN fields at DATE: 2023-05-11 00:00:00 UTC        
 READ IN fields at DATE: 2023-05-11 06:00:00 UTC        
 READ IN fields at DATE: 2023-05-11 12:00:00 UTC        
 READ IN fields at DATE: 2023-05-11 18:00:00 UTC        
 READ IN fields at DATE: 2023-05-12 00:00:00 UTC        
 READ IN fields at DATE: 2023-05-12 06:00:00 UTC        
 READ IN fields at DATE: 2023-05-12 12:00:00 UTC        
 READ IN fields at DATE: 2023-05-12 18:00:00 UTC        
 READ IN fields at DATE: 2023-05-13 00:00:00 UTC        
 READ IN fields at DATE: 2023-05-13 06:00:00 UTC        
 READ IN fields at DATE: 2023-05-13 12:00:00 UTC        
 READ IN fields at DATE: 2023-05-13 18:00:00 UTC        
 READ IN fields at DATE: 2023-05-14 00:00:00 UTC        
 READ IN fields at DATE: 2023-05-14 06:00:00 UTC        
 READ IN fields at DATE: 2023-05-14 12:00:00 UTC        
 READ IN fields at DATE: 2023-05-14 18:00:00 UTC        
 READ IN fields at DATE: 2023-05-15 00:00:00 UTC        
 READ IN fields at DATE: 2023-05-15 06:00:00 UTC        
 READ IN fields at DATE: 2023-05-15 12:00:00 UTC        
 READ IN fields at DATE: 2023-05-15 18:00:00 UTC        
 READ IN fields at DATE: 2023-05-16 00:00:00 UTC        
 READ IN fields at DATE: 2023-05-16 06:00:00 UTC        
 READ IN fields at DATE: 2023-05-16 12:00:00 UTC        
 READ IN fields at DATE: 2023-05-16 18:00:00 UTC        
 READ IN fields at DATE: 2023-05-17 00:00:00 UTC        
 READ IN fields at DATE: 2023-05-17 06:00:00 UTC        
 READ IN fields at DATE: 2023-05-17 12:00:00 UTC        
 READ IN fields at DATE: 2023-05-17 18:00:00 UTC        
 READ IN fields at DATE: 2023-05-18 00:00:00 UTC        
 READ IN fields at DATE: 2023-05-18 06:00:00 UTC        
 READ IN fields at DATE: 2023-05-18 12:00:00 UTC        
 READ IN fields at DATE: 2023-05-18 18:00:00 UTC        
 READ IN fields at DATE: 2023-05-19 00:00:00 UTC        
 READ IN fields at DATE: 2023-05-19 06:00:00 UTC        
 READ IN fields at DATE: 2023-05-19 12:00:00 UTC        
 READ IN fields at DATE: 2023-05-19 18:00:00 UTC        
 READ IN fields at DATE: 2023-05-20 00:00:00 UTC        
 READ IN fields at DATE: 2023-05-20 06:00:00 UTC        
 READ IN fields at DATE: 2023-05-20 12:00:00 UTC        
 READ IN fields at DATE: 2023-05-20 18:00:00 UTC        
 READ IN fields at DATE: 2023-05-21 00:00:00 UTC        
 READ IN fields at DATE: 2023-05-21 06:00:00 UTC        
 READ IN fields at DATE: 2023-05-21 12:00:00 UTC        
 READ IN fields at DATE: 2023-05-21 18:00:00 UTC        
 READ IN fields at DATE: 2023-05-22 00:00:00 UTC        
 READ IN fields at DATE: 2023-05-22 06:00:00 UTC        
 READ IN fields at DATE: 2023-05-22 12:00:00 UTC        
 READ IN fields at DATE: 2023-05-22 18:00:00 UTC        
 READ IN fields at DATE: 2023-05-23 00:00:00 UTC        
 READ IN fields at DATE: 2023-05-23 06:00:00 UTC        
 READ IN fields at DATE: 2023-05-23 12:00:00 UTC        
 READ IN fields at DATE: 2023-05-23 18:00:00 UTC        
 READ IN fields at DATE: 2023-05-24 00:00:00 UTC        
 READ IN fields at DATE: 2023-05-24 06:00:00 UTC        
 READ IN fields at DATE: 2023-05-24 12:00:00 UTC        
 READ IN fields at DATE: 2023-05-24 18:00:00 UTC        
 READ IN fields at DATE: 2023-05-25 00:00:00 UTC        
 READ IN fields at DATE: 2023-05-25 06:00:00 UTC        
 READ IN fields at DATE: 2023-05-25 12:00:00 UTC        
 READ IN fields at DATE: 2023-05-25 18:00:00 UTC        
 READ IN fields at DATE: 2023-05-26 00:00:00 UTC        
 READ IN fields at DATE: 2023-05-26 06:00:00 UTC        
 READ IN fields at DATE: 2023-05-26 12:00:00 UTC        
 READ IN fields at DATE: 2023-05-26 18:00:00 UTC        
 READ IN fields at DATE: 2023-05-27 00:00:00 UTC        
 READ IN fields at DATE: 2023-05-27 06:00:00 UTC        
 READ IN fields at DATE: 2023-05-27 12:00:00 UTC        
 READ IN fields at DATE: 2023-05-27 18:00:00 UTC        
 READ IN fields at DATE: 2023-05-28 00:00:00 UTC        
 READ IN fields at DATE: 2023-05-28 06:00:00 UTC        
 READ IN fields at DATE: 2023-05-28 12:00:00 UTC        
 READ IN fields at DATE: 2023-05-28 18:00:00 UTC        
 READ IN fields at DATE: 2023-05-29 00:00:00 UTC        
 READ IN fields at DATE: 2023-05-29 06:00:00 UTC        
 READ IN fields at DATE: 2023-05-29 12:00:00 UTC        
 READ IN fields at DATE: 2023-05-29 18:00:00 UTC        
 READ IN fields at DATE: 2023-05-30 00:00:00 UTC        
 READ IN fields at DATE: 2023-05-30 06:00:00 UTC        
 READ IN fields at DATE: 2023-05-30 12:00:00 UTC        
 READ IN fields at DATE: 2023-05-30 18:00:00 UTC        
 READ IN fields at DATE: 2023-05-31 00:00:00 UTC        
 READ IN fields at DATE: 2023-05-31 06:00:00 UTC        
 READ IN fields at DATE: 2023-05-31 12:00:00 UTC        
 READ IN fields at DATE: 2023-05-31 18:00:00 UTC        
      524288 /marconi_work/ICT23_ESP/RCMDATA/ERA5/2023/tatm_2023_06.nc
  2.269127668964849E-003   251.735216449349     
      589824 /marconi_work/ICT23_ESP/RCMDATA/ERA5/2023/geop_2023_06.nc
   7.59496396376635        243618.190799268     
      655360 /marconi_work/ICT23_ESP/RCMDATA/ERA5/2023/qhum_2023_06.nc
  4.391783121196831E-007  1.416596927735516E-002
      720896 /marconi_work/ICT23_ESP/RCMDATA/ERA5/2023/uwnd_2023_06.nc
  3.801674451588322E-003   53.2631443287898     
      786432 /marconi_work/ICT23_ESP/RCMDATA/ERA5/2023/vwnd_2023_06.nc
  2.618671127523538E-003   2.33740526404561     
 READ IN fields at DATE: 2023-06-01 00:00:00 UTC        
 READ IN fields at DATE: 2023-06-01 06:00:00 UTC        
 READ IN fields at DATE: 2023-06-01 12:00:00 UTC        
 READ IN fields at DATE: 2023-06-01 18:00:00 UTC        
 READ IN fields at DATE: 2023-06-02 00:00:00 UTC        
 READ IN fields at DATE: 2023-06-02 06:00:00 UTC        
 READ IN fields at DATE: 2023-06-02 12:00:00 UTC        
 READ IN fields at DATE: 2023-06-02 18:00:00 UTC        
 READ IN fields at DATE: 2023-06-03 00:00:00 UTC        
 READ IN fields at DATE: 2023-06-03 06:00:00 UTC        
 READ IN fields at DATE: 2023-06-03 12:00:00 UTC        
 READ IN fields at DATE: 2023-06-03 18:00:00 UTC        
 READ IN fields at DATE: 2023-06-04 00:00:00 UTC        
 READ IN fields at DATE: 2023-06-04 06:00:00 UTC        
 READ IN fields at DATE: 2023-06-04 12:00:00 UTC        
 READ IN fields at DATE: 2023-06-04 18:00:00 UTC        
 READ IN fields at DATE: 2023-06-05 00:00:00 UTC        
 READ IN fields at DATE: 2023-06-05 06:00:00 UTC        
 READ IN fields at DATE: 2023-06-05 12:00:00 UTC        
 READ IN fields at DATE: 2023-06-05 18:00:00 UTC        
 READ IN fields at DATE: 2023-06-06 00:00:00 UTC        
 READ IN fields at DATE: 2023-06-06 06:00:00 UTC        
 READ IN fields at DATE: 2023-06-06 12:00:00 UTC        
 READ IN fields at DATE: 2023-06-06 18:00:00 UTC        
 READ IN fields at DATE: 2023-06-07 00:00:00 UTC        
 READ IN fields at DATE: 2023-06-07 06:00:00 UTC        
 READ IN fields at DATE: 2023-06-07 12:00:00 UTC        
 READ IN fields at DATE: 2023-06-07 18:00:00 UTC        
 READ IN fields at DATE: 2023-06-08 00:00:00 UTC        
 READ IN fields at DATE: 2023-06-08 06:00:00 UTC        
 READ IN fields at DATE: 2023-06-08 12:00:00 UTC        
 READ IN fields at DATE: 2023-06-08 18:00:00 UTC        
 READ IN fields at DATE: 2023-06-09 00:00:00 UTC        
 READ IN fields at DATE: 2023-06-09 06:00:00 UTC        
 READ IN fields at DATE: 2023-06-09 12:00:00 UTC        
 READ IN fields at DATE: 2023-06-09 18:00:00 UTC        
 READ IN fields at DATE: 2023-06-10 00:00:00 UTC        
 READ IN fields at DATE: 2023-06-10 06:00:00 UTC        
 READ IN fields at DATE: 2023-06-10 12:00:00 UTC        
 READ IN fields at DATE: 2023-06-10 18:00:00 UTC        
 READ IN fields at DATE: 2023-06-11 00:00:00 UTC        
 READ IN fields at DATE: 2023-06-11 06:00:00 UTC        
 READ IN fields at DATE: 2023-06-11 12:00:00 UTC        
 READ IN fields at DATE: 2023-06-11 18:00:00 UTC        
 READ IN fields at DATE: 2023-06-12 00:00:00 UTC        
 READ IN fields at DATE: 2023-06-12 06:00:00 UTC        
 READ IN fields at DATE: 2023-06-12 12:00:00 UTC        
 READ IN fields at DATE: 2023-06-12 18:00:00 UTC        
 READ IN fields at DATE: 2023-06-13 00:00:00 UTC        
 READ IN fields at DATE: 2023-06-13 06:00:00 UTC        
 READ IN fields at DATE: 2023-06-13 12:00:00 UTC        
 READ IN fields at DATE: 2023-06-13 18:00:00 UTC        
 READ IN fields at DATE: 2023-06-14 00:00:00 UTC        
 READ IN fields at DATE: 2023-06-14 06:00:00 UTC        
 READ IN fields at DATE: 2023-06-14 12:00:00 UTC        
 READ IN fields at DATE: 2023-06-14 18:00:00 UTC        
 READ IN fields at DATE: 2023-06-15 00:00:00 UTC        
 READ IN fields at DATE: 2023-06-15 06:00:00 UTC        
 READ IN fields at DATE: 2023-06-15 12:00:00 UTC        
 READ IN fields at DATE: 2023-06-15 18:00:00 UTC        
 READ IN fields at DATE: 2023-06-16 00:00:00 UTC        
 READ IN fields at DATE: 2023-06-16 06:00:00 UTC        
 READ IN fields at DATE: 2023-06-16 12:00:00 UTC        
 READ IN fields at DATE: 2023-06-16 18:00:00 UTC        
 READ IN fields at DATE: 2023-06-17 00:00:00 UTC        
 READ IN fields at DATE: 2023-06-17 06:00:00 UTC        
 READ IN fields at DATE: 2023-06-17 12:00:00 UTC        
 READ IN fields at DATE: 2023-06-17 18:00:00 UTC        
 READ IN fields at DATE: 2023-06-18 00:00:00 UTC        
 READ IN fields at DATE: 2023-06-18 06:00:00 UTC        
 READ IN fields at DATE: 2023-06-18 12:00:00 UTC        
 READ IN fields at DATE: 2023-06-18 18:00:00 UTC        
 READ IN fields at DATE: 2023-06-19 00:00:00 UTC        
 READ IN fields at DATE: 2023-06-19 06:00:00 UTC        
 READ IN fields at DATE: 2023-06-19 12:00:00 UTC        
 READ IN fields at DATE: 2023-06-19 18:00:00 UTC        
 READ IN fields at DATE: 2023-06-20 00:00:00 UTC        
 READ IN fields at DATE: 2023-06-20 06:00:00 UTC        
 READ IN fields at DATE: 2023-06-20 12:00:00 UTC        
 READ IN fields at DATE: 2023-06-20 18:00:00 UTC        
 READ IN fields at DATE: 2023-06-21 00:00:00 UTC        
 READ IN fields at DATE: 2023-06-21 06:00:00 UTC        
 READ IN fields at DATE: 2023-06-21 12:00:00 UTC        
 READ IN fields at DATE: 2023-06-21 18:00:00 UTC        
 READ IN fields at DATE: 2023-06-22 00:00:00 UTC        
 READ IN fields at DATE: 2023-06-22 06:00:00 UTC        
 READ IN fields at DATE: 2023-06-22 12:00:00 UTC        
 READ IN fields at DATE: 2023-06-22 18:00:00 UTC        
 READ IN fields at DATE: 2023-06-23 00:00:00 UTC        
 READ IN fields at DATE: 2023-06-23 06:00:00 UTC        
 READ IN fields at DATE: 2023-06-23 12:00:00 UTC        
 READ IN fields at DATE: 2023-06-23 18:00:00 UTC        
 READ IN fields at DATE: 2023-06-24 00:00:00 UTC        
 READ IN fields at DATE: 2023-06-24 06:00:00 UTC        
 READ IN fields at DATE: 2023-06-24 12:00:00 UTC        
 READ IN fields at DATE: 2023-06-24 18:00:00 UTC        
 READ IN fields at DATE: 2023-06-25 00:00:00 UTC        
 READ IN fields at DATE: 2023-06-25 06:00:00 UTC        
 READ IN fields at DATE: 2023-06-25 12:00:00 UTC        
 READ IN fields at DATE: 2023-06-25 18:00:00 UTC        
 READ IN fields at DATE: 2023-06-26 00:00:00 UTC        
 READ IN fields at DATE: 2023-06-26 06:00:00 UTC        
 READ IN fields at DATE: 2023-06-26 12:00:00 UTC        
 READ IN fields at DATE: 2023-06-26 18:00:00 UTC        
 READ IN fields at DATE: 2023-06-27 00:00:00 UTC        
 READ IN fields at DATE: 2023-06-27 06:00:00 UTC        
 READ IN fields at DATE: 2023-06-27 12:00:00 UTC        
 READ IN fields at DATE: 2023-06-27 18:00:00 UTC        
 READ IN fields at DATE: 2023-06-28 00:00:00 UTC        
 READ IN fields at DATE: 2023-06-28 06:00:00 UTC        
 READ IN fields at DATE: 2023-06-28 12:00:00 UTC        
 READ IN fields at DATE: 2023-06-28 18:00:00 UTC        
 READ IN fields at DATE: 2023-06-29 00:00:00 UTC        
 READ IN fields at DATE: 2023-06-29 06:00:00 UTC        
 READ IN fields at DATE: 2023-06-29 12:00:00 UTC        
 READ IN fields at DATE: 2023-06-29 18:00:00 UTC        
 READ IN fields at DATE: 2023-06-30 00:00:00 UTC        
 READ IN fields at DATE: 2023-06-30 06:00:00 UTC        
 READ IN fields at DATE: 2023-06-30 12:00:00 UTC        
 READ IN fields at DATE: 2023-06-30 18:00:00 UTC        
      851968 /marconi_work/ICT23_ESP/RCMDATA/ERA5/2023/tatm_2023_07.nc
  2.394874545627894E-003   248.231567760481     
      917504 /marconi_work/ICT23_ESP/RCMDATA/ERA5/2023/geop_2023_07.nc
   7.60965962520791        243370.908060812     
      983040 /marconi_work/ICT23_ESP/RCMDATA/ERA5/2023/qhum_2023_07.nc
  4.597613720420069E-007  1.495971961095412E-002
     1048576 /marconi_work/ICT23_ESP/RCMDATA/ERA5/2023/uwnd_2023_07.nc
  5.186447803194097E-003   59.7558754040281     
     1114112 /marconi_work/ICT23_ESP/RCMDATA/ERA5/2023/vwnd_2023_07.nc
  4.001746600353066E-003   20.2313975641998     
 READ IN fields at DATE: 2023-07-01 00:00:00 UTC        
 READ IN fields at DATE: 2023-07-01 06:00:00 UTC        
 READ IN fields at DATE: 2023-07-01 12:00:00 UTC        
 READ IN fields at DATE: 2023-07-01 18:00:00 UTC        
 READ IN fields at DATE: 2023-07-02 00:00:00 UTC        
 READ IN fields at DATE: 2023-07-02 06:00:00 UTC        
 READ IN fields at DATE: 2023-07-02 12:00:00 UTC        
 READ IN fields at DATE: 2023-07-02 18:00:00 UTC        
 READ IN fields at DATE: 2023-07-03 00:00:00 UTC        
 READ IN fields at DATE: 2023-07-03 06:00:00 UTC        
 READ IN fields at DATE: 2023-07-03 12:00:00 UTC        
 READ IN fields at DATE: 2023-07-03 18:00:00 UTC        
 READ IN fields at DATE: 2023-07-04 00:00:00 UTC        
 READ IN fields at DATE: 2023-07-04 06:00:00 UTC        
 READ IN fields at DATE: 2023-07-04 12:00:00 UTC        
 READ IN fields at DATE: 2023-07-04 18:00:00 UTC        
 READ IN fields at DATE: 2023-07-05 00:00:00 UTC        
 READ IN fields at DATE: 2023-07-05 06:00:00 UTC        
 READ IN fields at DATE: 2023-07-05 12:00:00 UTC        
 READ IN fields at DATE: 2023-07-05 18:00:00 UTC        
 READ IN fields at DATE: 2023-07-06 00:00:00 UTC        
 READ IN fields at DATE: 2023-07-06 06:00:00 UTC        
 READ IN fields at DATE: 2023-07-06 12:00:00 UTC        
 READ IN fields at DATE: 2023-07-06 18:00:00 UTC        
 READ IN fields at DATE: 2023-07-07 00:00:00 UTC        
 READ IN fields at DATE: 2023-07-07 06:00:00 UTC        
 READ IN fields at DATE: 2023-07-07 12:00:00 UTC        
 READ IN fields at DATE: 2023-07-07 18:00:00 UTC        
 READ IN fields at DATE: 2023-07-08 00:00:00 UTC        
 READ IN fields at DATE: 2023-07-08 06:00:00 UTC        
 READ IN fields at DATE: 2023-07-08 12:00:00 UTC        
 READ IN fields at DATE: 2023-07-08 18:00:00 UTC        
 READ IN fields at DATE: 2023-07-09 00:00:00 UTC        
 READ IN fields at DATE: 2023-07-09 06:00:00 UTC        
 READ IN fields at DATE: 2023-07-09 12:00:00 UTC        
 READ IN fields at DATE: 2023-07-09 18:00:00 UTC        
 READ IN fields at DATE: 2023-07-10 00:00:00 UTC        
 READ IN fields at DATE: 2023-07-10 06:00:00 UTC        
 READ IN fields at DATE: 2023-07-10 12:00:00 UTC        
 READ IN fields at DATE: 2023-07-10 18:00:00 UTC        
 READ IN fields at DATE: 2023-07-11 00:00:00 UTC        
 READ IN fields at DATE: 2023-07-11 06:00:00 UTC        
 READ IN fields at DATE: 2023-07-11 12:00:00 UTC        
 READ IN fields at DATE: 2023-07-11 18:00:00 UTC        
 READ IN fields at DATE: 2023-07-12 00:00:00 UTC        
 READ IN fields at DATE: 2023-07-12 06:00:00 UTC        
 READ IN fields at DATE: 2023-07-12 12:00:00 UTC        
 READ IN fields at DATE: 2023-07-12 18:00:00 UTC        
 READ IN fields at DATE: 2023-07-13 00:00:00 UTC        
 READ IN fields at DATE: 2023-07-13 06:00:00 UTC        
 READ IN fields at DATE: 2023-07-13 12:00:00 UTC        
 READ IN fields at DATE: 2023-07-13 18:00:00 UTC        
 READ IN fields at DATE: 2023-07-14 00:00:00 UTC        
 READ IN fields at DATE: 2023-07-14 06:00:00 UTC        
 READ IN fields at DATE: 2023-07-14 12:00:00 UTC        
 READ IN fields at DATE: 2023-07-14 18:00:00 UTC        
 READ IN fields at DATE: 2023-07-15 00:00:00 UTC        
 READ IN fields at DATE: 2023-07-15 06:00:00 UTC        
 READ IN fields at DATE: 2023-07-15 12:00:00 UTC        
 READ IN fields at DATE: 2023-07-15 18:00:00 UTC        
 READ IN fields at DATE: 2023-07-16 00:00:00 UTC        
 READ IN fields at DATE: 2023-07-16 06:00:00 UTC        
 READ IN fields at DATE: 2023-07-16 12:00:00 UTC        
 READ IN fields at DATE: 2023-07-16 18:00:00 UTC        
 READ IN fields at DATE: 2023-07-17 00:00:00 UTC        
 READ IN fields at DATE: 2023-07-17 06:00:00 UTC        
 READ IN fields at DATE: 2023-07-17 12:00:00 UTC        
 READ IN fields at DATE: 2023-07-17 18:00:00 UTC        
 READ IN fields at DATE: 2023-07-18 00:00:00 UTC        
 READ IN fields at DATE: 2023-07-18 06:00:00 UTC        
 READ IN fields at DATE: 2023-07-18 12:00:00 UTC        
 READ IN fields at DATE: 2023-07-18 18:00:00 UTC        
 READ IN fields at DATE: 2023-07-19 00:00:00 UTC        
 READ IN fields at DATE: 2023-07-19 06:00:00 UTC        
 READ IN fields at DATE: 2023-07-19 12:00:00 UTC        
 READ IN fields at DATE: 2023-07-19 18:00:00 UTC        
 READ IN fields at DATE: 2023-07-20 00:00:00 UTC        
 READ IN fields at DATE: 2023-07-20 06:00:00 UTC        
 READ IN fields at DATE: 2023-07-20 12:00:00 UTC        
 READ IN fields at DATE: 2023-07-20 18:00:00 UTC        
 READ IN fields at DATE: 2023-07-21 00:00:00 UTC        
 READ IN fields at DATE: 2023-07-21 06:00:00 UTC        
 READ IN fields at DATE: 2023-07-21 12:00:00 UTC        
 READ IN fields at DATE: 2023-07-21 18:00:00 UTC        
 READ IN fields at DATE: 2023-07-22 00:00:00 UTC        
 READ IN fields at DATE: 2023-07-22 06:00:00 UTC        
 READ IN fields at DATE: 2023-07-22 12:00:00 UTC        
 READ IN fields at DATE: 2023-07-22 18:00:00 UTC        
 READ IN fields at DATE: 2023-07-23 00:00:00 UTC        
 READ IN fields at DATE: 2023-07-23 06:00:00 UTC        
 READ IN fields at DATE: 2023-07-23 12:00:00 UTC        
 READ IN fields at DATE: 2023-07-23 18:00:00 UTC        
 READ IN fields at DATE: 2023-07-24 00:00:00 UTC        
 READ IN fields at DATE: 2023-07-24 06:00:00 UTC        
 READ IN fields at DATE: 2023-07-24 12:00:00 UTC        
 READ IN fields at DATE: 2023-07-24 18:00:00 UTC        
 READ IN fields at DATE: 2023-07-25 00:00:00 UTC        
 READ IN fields at DATE: 2023-07-25 06:00:00 UTC        
 READ IN fields at DATE: 2023-07-25 12:00:00 UTC        
 READ IN fields at DATE: 2023-07-25 18:00:00 UTC        
 READ IN fields at DATE: 2023-07-26 00:00:00 UTC        
 READ IN fields at DATE: 2023-07-26 06:00:00 UTC        
 READ IN fields at DATE: 2023-07-26 12:00:00 UTC        
 READ IN fields at DATE: 2023-07-26 18:00:00 UTC        
 READ IN fields at DATE: 2023-07-27 00:00:00 UTC        
 READ IN fields at DATE: 2023-07-27 06:00:00 UTC        
 READ IN fields at DATE: 2023-07-27 12:00:00 UTC        
 READ IN fields at DATE: 2023-07-27 18:00:00 UTC        
 READ IN fields at DATE: 2023-07-28 00:00:00 UTC        
 READ IN fields at DATE: 2023-07-28 06:00:00 UTC        
 READ IN fields at DATE: 2023-07-28 12:00:00 UTC        
 READ IN fields at DATE: 2023-07-28 18:00:00 UTC        
 READ IN fields at DATE: 2023-07-29 00:00:00 UTC        
 READ IN fields at DATE: 2023-07-29 06:00:00 UTC        
 READ IN fields at DATE: 2023-07-29 12:00:00 UTC        
 READ IN fields at DATE: 2023-07-29 18:00:00 UTC        
 READ IN fields at DATE: 2023-07-30 00:00:00 UTC        
 READ IN fields at DATE: 2023-07-30 06:00:00 UTC        
 READ IN fields at DATE: 2023-07-30 12:00:00 UTC        
 READ IN fields at DATE: 2023-07-30 18:00:00 UTC        
 READ IN fields at DATE: 2023-07-31 00:00:00 UTC        
 READ IN fields at DATE: 2023-07-31 06:00:00 UTC        
 READ IN fields at DATE: 2023-07-31 12:00:00 UTC        
 READ IN fields at DATE: 2023-07-31 18:00:00 UTC        
     1179648 /marconi_work/ICT23_ESP/RCMDATA/ERA5/2023/tatm_2023_08.nc
  2.271290997504359E-003   248.174981297861     
     1245184 /marconi_work/ICT23_ESP/RCMDATA/ERA5/2023/geop_2023_08.nc
   7.54128049036363        241209.487172255     
     1310720 /marconi_work/ICT23_ESP/RCMDATA/ERA5/2023/qhum_2023_08.nc
  4.653929202677869E-007  1.518116726996263E-002
     1376256 /marconi_work/ICT23_ESP/RCMDATA/ERA5/2023/uwnd_2023_08.nc
  4.158727740669539E-003   55.2141834535125     
     1441792 /marconi_work/ICT23_ESP/RCMDATA/ERA5/2023/vwnd_2023_08.nc
  3.829351365825471E-003   2.19583923056709     
 READ IN fields at DATE: 2023-08-01 00:00:00 UTC        
 READ IN fields at DATE: 2023-08-01 06:00:00 UTC        
 READ IN fields at DATE: 2023-08-01 12:00:00 UTC        
 READ IN fields at DATE: 2023-08-01 18:00:00 UTC        
 READ IN fields at DATE: 2023-08-02 00:00:00 UTC        
 READ IN fields at DATE: 2023-08-02 06:00:00 UTC        
 READ IN fields at DATE: 2023-08-02 12:00:00 UTC        
 READ IN fields at DATE: 2023-08-02 18:00:00 UTC        
 READ IN fields at DATE: 2023-08-03 00:00:00 UTC        
 READ IN fields at DATE: 2023-08-03 06:00:00 UTC        
 READ IN fields at DATE: 2023-08-03 12:00:00 UTC        
 READ IN fields at DATE: 2023-08-03 18:00:00 UTC        
 READ IN fields at DATE: 2023-08-04 00:00:00 UTC        
 READ IN fields at DATE: 2023-08-04 06:00:00 UTC        
 READ IN fields at DATE: 2023-08-04 12:00:00 UTC        
 READ IN fields at DATE: 2023-08-04 18:00:00 UTC        
 READ IN fields at DATE: 2023-08-05 00:00:00 UTC        
 READ IN fields at DATE: 2023-08-05 06:00:00 UTC        
 READ IN fields at DATE: 2023-08-05 12:00:00 UTC        
 READ IN fields at DATE: 2023-08-05 18:00:00 UTC        
 READ IN fields at DATE: 2023-08-06 00:00:00 UTC        
 READ IN fields at DATE: 2023-08-06 06:00:00 UTC        
 READ IN fields at DATE: 2023-08-06 12:00:00 UTC        
 READ IN fields at DATE: 2023-08-06 18:00:00 UTC        
 READ IN fields at DATE: 2023-08-07 00:00:00 UTC        
 READ IN fields at DATE: 2023-08-07 06:00:00 UTC        
 READ IN fields at DATE: 2023-08-07 12:00:00 UTC        
 READ IN fields at DATE: 2023-08-07 18:00:00 UTC        
 READ IN fields at DATE: 2023-08-08 00:00:00 UTC        
 READ IN fields at DATE: 2023-08-08 06:00:00 UTC        
 READ IN fields at DATE: 2023-08-08 12:00:00 UTC        
 READ IN fields at DATE: 2023-08-08 18:00:00 UTC        
 READ IN fields at DATE: 2023-08-09 00:00:00 UTC        
 READ IN fields at DATE: 2023-08-09 06:00:00 UTC        
 READ IN fields at DATE: 2023-08-09 12:00:00 UTC        
 READ IN fields at DATE: 2023-08-09 18:00:00 UTC        
 READ IN fields at DATE: 2023-08-10 00:00:00 UTC        
 READ IN fields at DATE: 2023-08-10 06:00:00 UTC        
 READ IN fields at DATE: 2023-08-10 12:00:00 UTC        
 READ IN fields at DATE: 2023-08-10 18:00:00 UTC        
 READ IN fields at DATE: 2023-08-11 00:00:00 UTC        
 READ IN fields at DATE: 2023-08-11 06:00:00 UTC        
 READ IN fields at DATE: 2023-08-11 12:00:00 UTC        
 READ IN fields at DATE: 2023-08-11 18:00:00 UTC        
 READ IN fields at DATE: 2023-08-12 00:00:00 UTC        
 READ IN fields at DATE: 2023-08-12 06:00:00 UTC        
 READ IN fields at DATE: 2023-08-12 12:00:00 UTC        
 READ IN fields at DATE: 2023-08-12 18:00:00 UTC        
 READ IN fields at DATE: 2023-08-13 00:00:00 UTC        
 READ IN fields at DATE: 2023-08-13 06:00:00 UTC        
 READ IN fields at DATE: 2023-08-13 12:00:00 UTC        
 READ IN fields at DATE: 2023-08-13 18:00:00 UTC        
 READ IN fields at DATE: 2023-08-14 00:00:00 UTC        
 READ IN fields at DATE: 2023-08-14 06:00:00 UTC        
 READ IN fields at DATE: 2023-08-14 12:00:00 UTC        
 READ IN fields at DATE: 2023-08-14 18:00:00 UTC        
 READ IN fields at DATE: 2023-08-15 00:00:00 UTC        
 READ IN fields at DATE: 2023-08-15 06:00:00 UTC        
 READ IN fields at DATE: 2023-08-15 12:00:00 UTC        
 READ IN fields at DATE: 2023-08-15 18:00:00 UTC        
 READ IN fields at DATE: 2023-08-16 00:00:00 UTC        
 READ IN fields at DATE: 2023-08-16 06:00:00 UTC        
 READ IN fields at DATE: 2023-08-16 12:00:00 UTC        
 READ IN fields at DATE: 2023-08-16 18:00:00 UTC        
 READ IN fields at DATE: 2023-08-17 00:00:00 UTC        
 READ IN fields at DATE: 2023-08-17 06:00:00 UTC        
 READ IN fields at DATE: 2023-08-17 12:00:00 UTC        
 READ IN fields at DATE: 2023-08-17 18:00:00 UTC        
 READ IN fields at DATE: 2023-08-18 00:00:00 UTC        
 READ IN fields at DATE: 2023-08-18 06:00:00 UTC        
 READ IN fields at DATE: 2023-08-18 12:00:00 UTC        
 READ IN fields at DATE: 2023-08-18 18:00:00 UTC        
 READ IN fields at DATE: 2023-08-19 00:00:00 UTC        
 READ IN fields at DATE: 2023-08-19 06:00:00 UTC        
 READ IN fields at DATE: 2023-08-19 12:00:00 UTC        
 READ IN fields at DATE: 2023-08-19 18:00:00 UTC        
 READ IN fields at DATE: 2023-08-20 00:00:00 UTC        
 READ IN fields at DATE: 2023-08-20 06:00:00 UTC        
 READ IN fields at DATE: 2023-08-20 12:00:00 UTC        
 READ IN fields at DATE: 2023-08-20 18:00:00 UTC        
 READ IN fields at DATE: 2023-08-21 00:00:00 UTC        
 READ IN fields at DATE: 2023-08-21 06:00:00 UTC        
 READ IN fields at DATE: 2023-08-21 12:00:00 UTC        
 READ IN fields at DATE: 2023-08-21 18:00:00 UTC        
 READ IN fields at DATE: 2023-08-22 00:00:00 UTC        
 READ IN fields at DATE: 2023-08-22 06:00:00 UTC        
 READ IN fields at DATE: 2023-08-22 12:00:00 UTC        
 READ IN fields at DATE: 2023-08-22 18:00:00 UTC        
 READ IN fields at DATE: 2023-08-23 00:00:00 UTC        
 READ IN fields at DATE: 2023-08-23 06:00:00 UTC        
 READ IN fields at DATE: 2023-08-23 12:00:00 UTC        
 READ IN fields at DATE: 2023-08-23 18:00:00 UTC        
 READ IN fields at DATE: 2023-08-24 00:00:00 UTC        
 READ IN fields at DATE: 2023-08-24 06:00:00 UTC        
 READ IN fields at DATE: 2023-08-24 12:00:00 UTC        
 READ IN fields at DATE: 2023-08-24 18:00:00 UTC        
 READ IN fields at DATE: 2023-08-25 00:00:00 UTC        
 READ IN fields at DATE: 2023-08-25 06:00:00 UTC        
 READ IN fields at DATE: 2023-08-25 12:00:00 UTC        
 READ IN fields at DATE: 2023-08-25 18:00:00 UTC        
 READ IN fields at DATE: 2023-08-26 00:00:00 UTC        
 READ IN fields at DATE: 2023-08-26 06:00:00 UTC        
 READ IN fields at DATE: 2023-08-26 12:00:00 UTC        
 READ IN fields at DATE: 2023-08-26 18:00:00 UTC        
 READ IN fields at DATE: 2023-08-27 00:00:00 UTC        
 READ IN fields at DATE: 2023-08-27 06:00:00 UTC        
 READ IN fields at DATE: 2023-08-27 12:00:00 UTC        
 READ IN fields at DATE: 2023-08-27 18:00:00 UTC        
 READ IN fields at DATE: 2023-08-28 00:00:00 UTC        
 READ IN fields at DATE: 2023-08-28 06:00:00 UTC        
 READ IN fields at DATE: 2023-08-28 12:00:00 UTC        
 READ IN fields at DATE: 2023-08-28 18:00:00 UTC        
 READ IN fields at DATE: 2023-08-29 00:00:00 UTC        
 READ IN fields at DATE: 2023-08-29 06:00:00 UTC        
 READ IN fields at DATE: 2023-08-29 12:00:00 UTC        
 READ IN fields at DATE: 2023-08-29 18:00:00 UTC        
 READ IN fields at DATE: 2023-08-30 00:00:00 UTC        
 READ IN fields at DATE: 2023-08-30 06:00:00 UTC        
 READ IN fields at DATE: 2023-08-30 12:00:00 UTC        
 READ IN fields at DATE: 2023-08-30 18:00:00 UTC        
 READ IN fields at DATE: 2023-08-31 00:00:00 UTC        
 READ IN fields at DATE: 2023-08-31 06:00:00 UTC        
 READ IN fields at DATE: 2023-08-31 12:00:00 UTC        
 READ IN fields at DATE: 2023-08-31 18:00:00 UTC        
     1507328 /marconi_work/ICT23_ESP/RCMDATA/ERA5/2023/tatm_2023_09.nc
  2.198004896134748E-003   249.029685604486     
     1572864 /marconi_work/ICT23_ESP/RCMDATA/ERA5/2023/geop_2023_09.nc
   7.43238574697099        237856.328729002     
     1638400 /marconi_work/ICT23_ESP/RCMDATA/ERA5/2023/qhum_2023_09.nc
  4.464776679364057E-007  1.450579527664220E-002
     1703936 /marconi_work/ICT23_ESP/RCMDATA/ERA5/2023/uwnd_2023_09.nc
  4.286767871318767E-003   11.3308110228026     
     1769472 /marconi_work/ICT23_ESP/RCMDATA/ERA5/2023/vwnd_2023_09.nc
  4.183027291817076E-003   7.76483811281894     
 READ IN fields at DATE: 2023-09-01 00:00:00 UTC        
 Input ready at : Fri Apr 26 20:55:12 2024
 Successfully completed ICBC
