MPI startup(): shm:tmi fabric is unknown or has been removed from the product, please use ofi or shm:ofi instead.
[0] MPI startup(): I_MPI_TMI_PROVIDER variable has been removed from the product, its value is ignored

WARNING: release_mt library was used but no multi-ep feature was enabled. Please use release library instead.

  This is RegCM 5
   GIT Revision: 5.0.1 compiled at: data : Mar 05 2024  time: 16:46:05

 : this run start at  : 2024-03-11 12:05:43+0100
 : it is submitted by : mdasilva
 : it is running on   : r164c01s02
 : it is using        :         1440   processors
 : in directory       : 
 /marconi/home/userexternal/mdasilva/github_projects/shell/ictp/regcm_exp/sam_3k
 m_v4
                       
 CPUS DIM1 =           40
 CPUS DIM2 =           36
 
 Reading model namelist file
 Using default microphysical parameter.
 Initial date of the global simulation:  2018-01-01 00:00:00 UTC        
 Initial date of this run             :  2018-07-01 00:00:00 UTC        
 Final date of this run               :  2019-12-31 00:00:00 UTC        
 Total simulation lenght              :        13152  hours
 Timestep in seconds =   45.000000
 Reading Domain file : 
 /marconi/home/userexternal/mdasilva/user/mdasilva/SAM-3km_v4/input/SAM-3km_DOMA
 IN000.nc
 Advection timestep =    15.000 (factor  3)
 Max. Courant number for horizontal advection =    0.9538
 Sound waves timestep =     2.500 (factor  6)
 Courant number of horizontal sound waves =    0.3760
 Setting IPCC scenario to SSP585  
 Load GHG for 201807 SSP585
 Create SAV files :  T
 Create ATM files :  T
 Create RAD files :  T
 Create SRF files :  T
 Create STS files :  T
 Create SHF files :  F
 Create LAK files :  F
 Monthly new files are created
 Monthly SAV files are written
 Frequency in hours to create ATM :    6.0
 Frequency in hours to create RAD :    6.0
 Frequency in hours to create SRF :    1.0
 Frequency in hours to create LAK :    6.0
 Physical Parameterizations
  Lateral Boundary conditions :  5
  Semi-Lagrangian Advection   :  0
  Land cumulus conv. scheme   :  0
  Ocean cumulus conv. scheme  :  0
  Moisture schem              :  2
  Ocean Flux scheme           :  2
  Zeng roughness formula      :  1
  Zeng roughness method       :  1
  Coupling with ocean         :  0
  Coupling with wave          :  0
  Coupling with COP           :  0
  Pressure gradient force     :  0
  Prescribed LW emissivity    :  0
  Lake model in BATS          :  1
  Simulate diurnal sst cycle  :  0
  Simulate sea ice cover      :  0
  Enable chem/aerosol model   :  0
  Large scale LWP as convect. :  1
  Cloud fraction scheme       :  1
  Marine stratocumulus        :  0
  Climate O3 dataset          :  0
  Climate Aerosol dataset     :  3
 Boundary Pameterizations
  Num. of bndy points cross  :  30
  Num. of bndy points dot    :  30
  Nudge value high range     :  9.000000
  Nudge value medium range   :  6.000000
  Nudge value low range      :  3.000000
  Nm paramter                : -1.000000
  Dm paramter                : -1.000000
 Model Timestep Pameterizations
  time step for dynamical model in seconds :          45.000000
  time step for surface   model in seconds :         450.000000
  time step for cumulus   model in seconds :         225.000000
  time step for radiation model in seconds :        1350.000000
  time step for emission  model in seconds :       48600.000000
 Nudging coefficients F1=    0.040000, F2=    0.000000
  # Nudging coefficient profile #
     8.91       8.73       8.56       8.38       8.20       8.03       7.85    
     7.67       7.50       7.32       7.15       6.97       6.79       6.62    
     6.44       6.26       6.09       5.94       5.81       5.69       5.56    
     5.43       5.31       5.18       5.06       4.93       4.81       4.68    
     4.56       4.43       4.31       4.18       4.06       3.93       3.81    
     3.81       3.69       3.56       3.44       3.31       3.19       3.06    
 Model top at    25000.0000000000       m
 Domain grid parameters:
  Map Projection        : ROTLLR
  Dot Grid Full Extent  : 1231x 783x 41
  Model Grid Spacing    :    3.335968 km
  Proj Center Latitude  :  -24.000000 deg
  Proj Center longitude :  303.000000 deg
  Pole Latitude         :  -70.600000 deg
  Pole longitude        :  123.940000 deg
 Holtslag PBL Scheme
  ricr_ocn     =    0.250000
  ricr_lnd     =    0.250000
  zhnew_fac    =    0.250000
  ifaholt      =  0
  ifaholtth10  =  2
  holtth10iter =    1
 Cloud fraction schemes parameters
  # of bottom no cloud model levels :  1
  Maximum relative humidity         :    1.010000
  Minimum relative humidity         :    0.010000
  Maximum total cloud cover for rad :    0.750000
  Conv. CF UMF factor deep cumulus  :    0.140000
  Conv. CF UMF factor deep cumulus  :    0.140000
  Conv. CF UMF factor k2            :  500.000000
  Surface radiation hack            :           F
  Vavrus-Waliser Arctic cloud fix   :           T
 Convective Cloud Cover parameters after resolution scaling
  Maximum Convective Cloud Cover :    1.000000
  Convective Cloud Water         :    0.000300
 The surface energy budget is used to calculate the ground temperature.
 The radiation is computed every   22. minutes.
 Relaxation boundary conditions (exponential method)
  # Ozone profiles restart #
    0.885E-05  0.662E-05  0.536E-05  0.393E-05  0.269E-05  0.180E-05  0.131E-05
    0.977E-06  0.704E-06  0.497E-06  0.354E-06  0.260E-06  0.201E-06  0.162E-06
    0.135E-06  0.118E-06  0.104E-06  0.921E-07  0.842E-07  0.772E-07  0.722E-07
    0.679E-07  0.643E-07  0.619E-07  0.596E-07  0.575E-07  0.562E-07  0.550E-07
    0.538E-07  0.527E-07  0.521E-07  0.515E-07  0.510E-07  0.505E-07  0.501E-07
    0.497E-07  0.496E-07  0.496E-07  0.496E-07  0.496E-07  0.496E-07  0.496E-07
    0.496E-07
 READY BC DATA for  2018-07-01 00:00:00 UTC        
 SEARCH BC data for 2018070106 , step =   347520
 READY  BC from     2018070100  to 2018070106 
 Successfully read restart file at time =  2018-07-01 00:00:00 UTC        
 Read solar forcing total irradiance data...
 Updating orbit parameters at  2018-07-01 00:00:00 UTC        
 At  2018-07-01 00:00:00 UTC        
 JDay    181.00000 solar declination angle =  23.19327702 degrees
                   solar TSI irradiance    =    1355.8897 W/m^2
 CLM version: 4.5 - RegCM 5.0.1
 Attempting to initialize the land model .....
 Mask given by RegCM model has a total of       637837  land points
 Attempting to initialize run control settings .....
 Read in clm_inparm namelist from: 
 /marconi/home/userexternal/mdasilva/github_projects/shell/ictp/regcm_exp/sam_3k
 m_v4/NoTo-SAM.in
 Read in clm_hydrology1_inparm namelist
 Read in clm_soilhydrology_inparm namelist
 Successfully initialized run control settings
 
 define run:
    source                = Community Land Model CLM4.5
    model_version         = 5.0.1
    run type              = restart
    case title            = RegCM driven CLM4.5
    username              = mdasilva
    hostname              = r164c01s02
 input data files:
    PFT physiology = 
 /marconi_work/ICT23_ESP/RCMDATA/CLM45/pftdata/pft-physiology.c130503.nc
    surface data   = 
 /marconi/home/userexternal/mdasilva/user/mdasilva/SAM-3km_v4/input/SAM-3km_CLM4
 5_surface.nc
    land frac data = 
 /marconi/home/userexternal/mdasilva/user/mdasilva/SAM-3km_v4/input/SAM-3km_DOMA
 IN000.nc
    enable_megan_emission                                 :  F
    enable_urban_landunit                                 :  T
    enable_more_crop_pft                                  :  F
    SNICAR optical = 
 /marconi_work/ICT23_ESP/RCMDATA/CLM45/snicardata/snicar_optics_5bnd_c090915.nc
    SNICAR aging = 
 /marconi_work/ICT23_ESP/RCMDATA/CLM45/snicardata/snicar_drdt_bst_fit_60_c070416
 .nc
    restart data   = using a restart file
    atmospheric forcing data is from RegCM atm model
 Large file support for output files is ON
 model physics parameters:
    flag for random perturbation test is not set
    CO2 volume mixing ratio   (umol/mol)   =    355.000000000000     
    land albedos  (unitless 0-1)   =   0.800000000000000     
    ice albedos   (unitless 0-1)   =   0.550000000000000     
    urban air conditioning/heating and wasteheat   = OFF             
    urban traffic flux   =  F
    more vertical layers =  F
 restart warning:
    Namelist not checked for agreement with initial run.
    Namelist should not differ except for ending time step and run type
    maxpatch_pft         =           17
    allocate_all_vegpfts =  T
    perchroot (PWS based on unfrozen layers only) =  F
    perchroot (PWS based on time-integrated active layer only) =  F
 
 Lake Model Namelists:
 Hostetler eddy increase low    :    25.0000000000000     
 Hostetler eddy increase factor :    10.0000000000000     
 Albedo melting lakes (visible) :  0.100000000000000     
 Albedo melting lakes (NIR)     :  0.100000000000000     
 Attempting to read ldomain from 
 /marconi/home/userexternal/mdasilva/user/mdasilva/SAM-3km_v4/input/SAM-3km_DOMA
 IN000.nc
   domain_check set       = domain_set
   domain_check decomped  =  T
   domain_check ns        =       957840
   domain_check ni,nj     =         1228         780
   domain_check clmlevel  = gridcell
   domain_check nbeg,nend =            1         442
   domain_check lonc      =   -72.1860395653009       -57.3264049715783     
   domain_check latc      =   -35.6984140874588       -35.0349159744899     
   domain_check mask      =            1           1
   domain_check frac      =    100.000000000000        100.000000000000     
   domain_check topo      =    1.42061796280916        2989.68710312116     
   domain_check area      =    10.6812384818869        10.6828726814438     
   domain_check pftm      =            1           1
  
  Reading in urban input data from surface data file ...
  UrbanInput : 
 /marconi/home/userexternal/mdasilva/user/mdasilva/SAM-3km_v4/input/SAM-3km_CLM4
 5_surface.nc
  Sucessfully read urban input data
 
 Attempting to read PFT physiological data .....
 Successfully read PFT physiological data
 Attempting to read surface boundary data .....
 Checked LAT/LON compliance
 Successfully read surface boundary data
 
  Surface Grid Characteristics
    total number of gridcells =       637837
    total number of landunits =      1346093
    total number of columns   =      2213201
    total number of pfts      =     11136913
  
 ---clm_ptrs_check:
    clm_ptrs_check: g index ranges - OK
    clm_ptrs_check: l index ranges - OK
    clm_ptrs_check: c index ranges - OK
    clm_ptrs_check: p index ranges - OK
    clm_ptrs_check: g mono increasing - OK
    clm_ptrs_check: l mono increasing - OK
    clm_ptrs_check: c mono increasing - OK
    clm_ptrs_check: p mono increasing - OK
    clm_ptrs_check: tree consistent - OK
  
 Attempting to initialize time invariant variables
 Attempting to read soil color, sand and clay boundary data .....
 WARNING:: ETALAKE not found on surface data set.
 All lake columns will have eta set equal to default value
 WARNING:: LAKEFETCH not found on surface data set.
 All lake columns will have fetch set equal to default value
 Successfully read fmax, soil color, sand and clay boundary data
 
 Attempting to read organic matter data .....
  organicrd : 
 /marconi/home/userexternal/mdasilva/user/mdasilva/SAM-3km_v4/input/SAM-3km_CLM4
 5_surface.nc
 Successfully read organic matter data
 
  # zsoi #
    0.710E-02  0.279E-01  0.623E-01  0.119      0.212      0.366      0.620    
     1.04       1.73       2.86       4.74       7.83       12.9       21.3    
     21.3       35.2    
  # zisoi #
     0.00      0.175E-01  0.451E-01  0.906E-01  0.166      0.289      0.493    
    0.829       1.38       2.30       3.80       6.28       10.4       17.1    
     17.1       28.3       42.1    
  # dzsoi #
    0.175E-01  0.276E-01  0.455E-01  0.750E-01  0.124      0.204      0.336    
    0.554      0.913       1.51       2.48       4.09       6.75       11.1    
     11.1       13.9    
 dzsoi_decomp   1.00000000000000     
 Set    15 100% special land-units points to zero slope
 Set    18 100% special land-units points to zero slope
 Set     2 100% special land-units points to zero slope
 Set     1 100% special land-units points to zero slope
 Set     9 100% special land-units points to zero slope
 Set     2 100% special land-units points to zero slope
 Set     2 100% special land-units points to zero slope
 Set     1 100% special land-units points to zero slope
 Set    15 100% special land-units points to zero slope
 Set    15 100% special land-units points to zero slope
 Set     7 100% special land-units points to zero slope
 Set     2 100% special land-units points to zero slope
 Set     2 100% special land-units points to zero slope
 Set     4 100% special land-units points to zero slope
 Set     3 100% special land-units points to zero slope
 Set     2 100% special land-units points to zero slope
 Set    16 100% special land-units points to zero slope
 Set     2 100% special land-units points to zero slope
 Set    11 100% special land-units points to zero slope
 Set     2 100% special land-units points to zero slope
 Set     1 100% special land-units points to zero slope
 Set     1 100% special land-units points to zero slope
 Set     1 100% special land-units points to zero slope
 Set     1 100% special land-units points to zero slope
 Set     3 100% special land-units points to zero slope
 Set     1 100% special land-units points to zero slope
 Set     3 100% special land-units points to zero slope
 Set    29 100% special land-units points to zero slope
 Attempting to read snow optical properties .....
 Set    12 100% special land-units points to zero slope
 Set    12 100% special land-units points to zero slope
 Set     2 100% special land-units points to zero slope
 Set     2 100% special land-units points to zero slope
 Set     2 100% special land-units points to zero slope
 Set     4 100% special land-units points to zero slope
 Set     1 100% special land-units points to zero slope
 Set     2 100% special land-units points to zero slope
 Set     3 100% special land-units points to zero slope
 Set     1 100% special land-units points to zero slope
 Set     2 100% special land-units points to zero slope
 Set     5 100% special land-units points to zero slope
 Set     2 100% special land-units points to zero slope
 Set     4 100% special land-units points to zero slope
 Set     1 100% special land-units points to zero slope
 Set     2 100% special land-units points to zero slope
 Set     2 100% special land-units points to zero slope
 Set     1 100% special land-units points to zero slope
 Set     1 100% special land-units points to zero slope
 Set     3 100% special land-units points to zero slope
 Set     2 100% special land-units points to zero slope
 Set     2 100% special land-units points to zero slope
 Set    12 100% special land-units points to zero slope
 Set     5 100% special land-units points to zero slope
 Set     1 100% special land-units points to zero slope
 Set     2 100% special land-units points to zero slope
 Set     1 100% special land-units points to zero slope
 Set     2 100% special land-units points to zero slope
 Set     1 100% special land-units points to zero slope
 Set     1 100% special land-units points to zero slope
 Set     4 100% special land-units points to zero slope
 Set     7 100% special land-units points to zero slope
 Set    28 100% special land-units points to zero slope
 Set     6 100% special land-units points to zero slope
 Set     2 100% special land-units points to zero slope
 Set     3 100% special land-units points to zero slope
 SnowOptics_init : 
 /marconi_work/ICT23_ESP/RCMDATA/CLM45/snicardata/snicar_optics_5bnd_c090915.nc
 Set     3 100% special land-units points to zero slope
 Set     2 100% special land-units points to zero slope
 Set     3 100% special land-units points to zero slope
 Set     2 100% special land-units points to zero slope
 Set     6 100% special land-units points to zero slope
 Set     1 100% special land-units points to zero slope
 Set     3 100% special land-units points to zero slope
 Set     9 100% special land-units points to zero slope
 Set     1 100% special land-units points to zero slope
 Set     2 100% special land-units points to zero slope
 Set     3 100% special land-units points to zero slope
 Set     1 100% special land-units points to zero slope
 Set     3 100% special land-units points to zero slope
 Set     6 100% special land-units points to zero slope
 Set    10 100% special land-units points to zero slope
 Set     1 100% special land-units points to zero slope
 Set     4 100% special land-units points to zero slope
 Set     2 100% special land-units points to zero slope
 Set     3 100% special land-units points to zero slope
 Set     1 100% special land-units points to zero slope
 Set     2 100% special land-units points to zero slope
 Set    10 100% special land-units points to zero slope
 Set    10 100% special land-units points to zero slope
 Set     3 100% special land-units points to zero slope
 Set     3 100% special land-units points to zero slope
 Set    10 100% special land-units points to zero slope
 Set     2 100% special land-units points to zero slope
 Set     1 100% special land-units points to zero slope
 Set     1 100% special land-units points to zero slope
 Set     4 100% special land-units points to zero slope
 Set    20 100% special land-units points to zero slope
 Set     3 100% special land-units points to zero slope
 Set    10 100% special land-units points to zero slope
 Set     1 100% special land-units points to zero slope
 Set     1 100% special land-units points to zero slope
 Set    10 100% special land-units points to zero slope
 Set     2 100% special land-units points to zero slope
 Set     1 100% special land-units points to zero slope
 Set     2 100% special land-units points to zero slope
 Set     1 100% special land-units points to zero slope
 Set    20 100% special land-units points to zero slope
 Set     1 100% special land-units points to zero slope
 Set    15 100% special land-units points to zero slope
 Set     1 100% special land-units points to zero slope
 Set    15 100% special land-units points to zero slope
 Set     1 100% special land-units points to zero slope
 Set    10 100% special land-units points to zero slope
 Set    20 100% special land-units points to zero slope
 Set    10 100% special land-units points to zero slope
 Set    15 100% special land-units points to zero slope
 Set    40 100% special land-units points to zero slope
 Set    35 100% special land-units points to zero slope
 Set    20 100% special land-units points to zero slope
 Set    10 100% special land-units points to zero slope
 Set    10 100% special land-units points to zero slope
 Set     2 100% special land-units points to zero slope
 Successfully read snow optical properties
 Attempting to read snow aging parameters .....
 Successfully read snow aging properties
 Successfully initialized time invariant variables
 CLM_hist_printflds : number of master fields =          241
 There will be a total of            1  history tapes
 History tape            1  write frequency is MONTHLY
 All fields on history tape            1  are grid averaged
 Output precision on history tape            1 =           2
 Reading restart dataset at 
 /marconi/home/userexternal/mdasilva/user/mdasilva/SAM-3km_v4/output//SAM-3km.cl
 m.regcm.r.2018070100.nc
 Successfully read restart data for restart run
 Attempting to initialize time invariant variables for lakes
 CLM timestep appears to differ from 1800s. 
 Adjusting minimum snow layer thickness over lakes to maintain stability.
 New minimum thickness is   2.000000000000000E-002 .
 Successfully initialized time invariant variables for lakes
 Setting initial data to non-spun up values for lake points
 Successfully initialized the land model
 begin continuation run at: 2018-07-01 00:00:00 UTC
 Attempting to read monthly vegetation data .....
 At  2018-07-01 00:00:00 UTC
 Month =            7  Day =            1
 Reading months :            6           7
 Successfully read monthly vegetation data for
 month            7
 Opening new output file 
 /marconi/home/userexternal/mdasilva/user/mdasilva/SAM-3km_v4/output//SAM-3km_AT
 M.2018070100.nc
 Opening new output file 
 /marconi/home/userexternal/mdasilva/user/mdasilva/SAM-3km_v4/output//SAM-3km_SR
 F.2018070100.nc
 Opening new output file 
 /marconi/home/userexternal/mdasilva/user/mdasilva/SAM-3km_v4/output//SAM-3km_ST
 S.2018070100.nc
 Opening new output file 
 /marconi/home/userexternal/mdasilva/user/mdasilva/SAM-3km_v4/output//SAM-3km_RA
 D.2018070100.nc
 $$$  2018-07-01 00:00:00 UTC        
 $$$ max, min of ps (mb) =  1022.55  489.57
 Updating aerosol optical properties...
 SRF variables written at  2018-07-01 01:00:00 UTC        
 SRF variables written at  2018-07-01 02:00:00 UTC        
 SRF variables written at  2018-07-01 03:00:00 UTC        
 $$$  2018-07-01 03:00:00 UTC        
 $$$ max, min of ps (mb) =  1022.13  488.27
 SRF variables written at  2018-07-01 04:00:00 UTC        
 SRF variables written at  2018-07-01 05:00:00 UTC        
 ATM variables written at  2018-07-01 06:00:00 UTC        
 SRF variables written at  2018-07-01 06:00:00 UTC        
 RAD variables written at  2018-07-01 06:00:00 UTC        
 SEARCH BC data for 2018070112 , step =   348000
 READY  BC from     2018070106  to 2018070112 
 $$$  2018-07-01 06:00:00 UTC        
 $$$ max, min of ps (mb) =  1021.49  487.28
 SRF variables written at  2018-07-01 07:00:00 UTC        
 SRF variables written at  2018-07-01 08:00:00 UTC        
 SRF variables written at  2018-07-01 09:00:00 UTC        
 $$$  2018-07-01 09:00:00 UTC        
 $$$ max, min of ps (mb) =  1022.00  487.02
 SRF variables written at  2018-07-01 10:00:00 UTC        
 SRF variables written at  2018-07-01 11:00:00 UTC        
 ATM variables written at  2018-07-01 12:00:00 UTC        
 SRF variables written at  2018-07-01 12:00:00 UTC        
 RAD variables written at  2018-07-01 12:00:00 UTC        
 SEARCH BC data for 2018070118 , step =   348480
 READY  BC from     2018070112  to 2018070118 
 $$$  2018-07-01 12:00:00 UTC        
 $$$ max, min of ps (mb) =  1022.82  487.02
 SRF variables written at  2018-07-01 13:00:00 UTC        
 SRF variables written at  2018-07-01 14:00:00 UTC        
 SRF variables written at  2018-07-01 15:00:00 UTC        
 $$$  2018-07-01 15:00:00 UTC        
 $$$ max, min of ps (mb) =  1021.21  487.09
 SRF variables written at  2018-07-01 16:00:00 UTC        
 SRF variables written at  2018-07-01 17:00:00 UTC        
 ATM variables written at  2018-07-01 18:00:00 UTC        
 SRF variables written at  2018-07-01 18:00:00 UTC        
 RAD variables written at  2018-07-01 18:00:00 UTC        
 SEARCH BC data for 2018070200 , step =   348960
 READY  BC from     2018070118  to 2018070200 
 $$$  2018-07-01 18:00:00 UTC        
 $$$ max, min of ps (mb) =  1019.89  487.18
 SRF variables written at  2018-07-01 19:00:00 UTC        
 SRF variables written at  2018-07-01 20:00:00 UTC        
 SRF variables written at  2018-07-01 21:00:00 UTC        
 $$$  2018-07-01 21:00:00 UTC        
 $$$ max, min of ps (mb) =  1019.97  487.78
 SRF variables written at  2018-07-01 22:00:00 UTC        
 SRF variables written at  2018-07-01 23:00:00 UTC        
 At  2018-07-02 00:00:00 UTC        
 JDay    182.00000 solar declination angle =  23.13220293 degrees
                   solar TSI irradiance    =    1355.8897 W/m^2
 ATM variables written at  2018-07-02 00:00:00 UTC        
 SRF variables written at  2018-07-02 00:00:00 UTC        
 STS variables written at  2018-07-02 00:00:00 UTC        
 RAD variables written at  2018-07-02 00:00:00 UTC        
 SEARCH BC data for 2018070206 , step =   349440
 READY  BC from     2018070200  to 2018070206 
 $$$  2018-07-02 00:00:00 UTC        
 $$$ max, min of ps (mb) =  1020.25  488.45
 Updating aerosol optical properties...
 SRF variables written at  2018-07-02 01:00:00 UTC        
 SRF variables written at  2018-07-02 02:00:00 UTC        
 SRF variables written at  2018-07-02 03:00:00 UTC        
 $$$  2018-07-02 03:00:00 UTC        
 $$$ max, min of ps (mb) =  1019.29  489.09
 SRF variables written at  2018-07-02 04:00:00 UTC        
 SRF variables written at  2018-07-02 05:00:00 UTC        
 ATM variables written at  2018-07-02 06:00:00 UTC        
 SRF variables written at  2018-07-02 06:00:00 UTC        
 RAD variables written at  2018-07-02 06:00:00 UTC        
 SEARCH BC data for 2018070212 , step =   349920
 READY  BC from     2018070206  to 2018070212 
 $$$  2018-07-02 06:00:00 UTC        
 $$$ max, min of ps (mb) =  1019.26  489.71
 SRF variables written at  2018-07-02 07:00:00 UTC        
 SRF variables written at  2018-07-02 08:00:00 UTC        
 SRF variables written at  2018-07-02 09:00:00 UTC        
 $$$  2018-07-02 09:00:00 UTC        
 $$$ max, min of ps (mb) =  1019.54  490.39
 SRF variables written at  2018-07-02 10:00:00 UTC        
 SRF variables written at  2018-07-02 11:00:00 UTC        
 ATM variables written at  2018-07-02 12:00:00 UTC        
 SRF variables written at  2018-07-02 12:00:00 UTC        
 RAD variables written at  2018-07-02 12:00:00 UTC        
 SEARCH BC data for 2018070218 , step =   350400
 READY  BC from     2018070212  to 2018070218 
 $$$  2018-07-02 12:00:00 UTC        
 $$$ max, min of ps (mb) =  1019.71  491.33
 SRF variables written at  2018-07-02 13:00:00 UTC        
 SRF variables written at  2018-07-02 14:00:00 UTC        
 SRF variables written at  2018-07-02 15:00:00 UTC        
 $$$  2018-07-02 15:00:00 UTC        
 $$$ max, min of ps (mb) =  1018.21  491.92
 SRF variables written at  2018-07-02 16:00:00 UTC        
 SRF variables written at  2018-07-02 17:00:00 UTC        
 ATM variables written at  2018-07-02 18:00:00 UTC        
 SRF variables written at  2018-07-02 18:00:00 UTC        
 RAD variables written at  2018-07-02 18:00:00 UTC        
 SEARCH BC data for 2018070300 , step =   350880
 READY  BC from     2018070218  to 2018070300 
 $$$  2018-07-02 18:00:00 UTC        
 $$$ max, min of ps (mb) =  1019.56  492.43
 SRF variables written at  2018-07-02 19:00:00 UTC        
 SRF variables written at  2018-07-02 20:00:00 UTC        
 SRF variables written at  2018-07-02 21:00:00 UTC        
 $$$  2018-07-02 21:00:00 UTC        
 $$$ max, min of ps (mb) =  1021.83  492.51
 SRF variables written at  2018-07-02 22:00:00 UTC        
 SRF variables written at  2018-07-02 23:00:00 UTC        
 At  2018-07-03 00:00:00 UTC        
 JDay    183.00000 solar declination angle =  23.06439328 degrees
                   solar TSI irradiance    =    1355.8897 W/m^2
 ATM variables written at  2018-07-03 00:00:00 UTC        
 SRF variables written at  2018-07-03 00:00:00 UTC        
 STS variables written at  2018-07-03 00:00:00 UTC        
 RAD variables written at  2018-07-03 00:00:00 UTC        
 SEARCH BC data for 2018070306 , step =   351360
 READY  BC from     2018070300  to 2018070306 
 $$$  2018-07-03 00:00:00 UTC        
 $$$ max, min of ps (mb) =  1025.18  492.31
 Updating aerosol optical properties...
 SRF variables written at  2018-07-03 01:00:00 UTC        
 SRF variables written at  2018-07-03 02:00:00 UTC        
 SRF variables written at  2018-07-03 03:00:00 UTC        
 $$$  2018-07-03 03:00:00 UTC        
 $$$ max, min of ps (mb) =  1026.46  491.74
 SRF variables written at  2018-07-03 04:00:00 UTC        
 SRF variables written at  2018-07-03 05:00:00 UTC        
 ATM variables written at  2018-07-03 06:00:00 UTC        
 SRF variables written at  2018-07-03 06:00:00 UTC        
 RAD variables written at  2018-07-03 06:00:00 UTC        
 SEARCH BC data for 2018070312 , step =   351840
 READY  BC from     2018070306  to 2018070312 
 $$$  2018-07-03 06:00:00 UTC        
 $$$ max, min of ps (mb) =  1027.94  490.60
 SRF variables written at  2018-07-03 07:00:00 UTC        
 SRF variables written at  2018-07-03 08:00:00 UTC        
 SRF variables written at  2018-07-03 09:00:00 UTC        
 $$$  2018-07-03 09:00:00 UTC        
 $$$ max, min of ps (mb) =  1028.82  489.07
 SRF variables written at  2018-07-03 10:00:00 UTC        
 SRF variables written at  2018-07-03 11:00:00 UTC        
 ATM variables written at  2018-07-03 12:00:00 UTC        
 SRF variables written at  2018-07-03 12:00:00 UTC        
 RAD variables written at  2018-07-03 12:00:00 UTC        
 SEARCH BC data for 2018070318 , step =   352320
 READY  BC from     2018070312  to 2018070318 
 $$$  2018-07-03 12:00:00 UTC        
 $$$ max, min of ps (mb) =  1029.67  487.41
 SRF variables written at  2018-07-03 13:00:00 UTC        
 SRF variables written at  2018-07-03 14:00:00 UTC        
 SRF variables written at  2018-07-03 15:00:00 UTC        
 $$$  2018-07-03 15:00:00 UTC        
 $$$ max, min of ps (mb) =  1028.52  485.57
 SRF variables written at  2018-07-03 16:00:00 UTC        
 SRF variables written at  2018-07-03 17:00:00 UTC        
 ATM variables written at  2018-07-03 18:00:00 UTC        
 SRF variables written at  2018-07-03 18:00:00 UTC        
 RAD variables written at  2018-07-03 18:00:00 UTC        
 SEARCH BC data for 2018070400 , step =   352800
 READY  BC from     2018070318  to 2018070400 
 $$$  2018-07-03 18:00:00 UTC        
 $$$ max, min of ps (mb) =  1027.02  485.16
 SRF variables written at  2018-07-03 19:00:00 UTC        
 SRF variables written at  2018-07-03 20:00:00 UTC        
 SRF variables written at  2018-07-03 21:00:00 UTC        
 $$$  2018-07-03 21:00:00 UTC        
 $$$ max, min of ps (mb) =  1026.95  485.53
 SRF variables written at  2018-07-03 22:00:00 UTC        
 SRF variables written at  2018-07-03 23:00:00 UTC        
 At  2018-07-04 00:00:00 UTC        
 JDay    184.00000 solar declination angle =  22.98987701 degrees
                   solar TSI irradiance    =    1355.8897 W/m^2
 ATM variables written at  2018-07-04 00:00:00 UTC        
 SRF variables written at  2018-07-04 00:00:00 UTC        
 STS variables written at  2018-07-04 00:00:00 UTC        
 RAD variables written at  2018-07-04 00:00:00 UTC        
 SEARCH BC data for 2018070406 , step =   353280
 READY  BC from     2018070400  to 2018070406 
 $$$  2018-07-04 00:00:00 UTC        
 $$$ max, min of ps (mb) =  1027.01  485.61
 Updating aerosol optical properties...
 SRF variables written at  2018-07-04 01:00:00 UTC        
 SRF variables written at  2018-07-04 02:00:00 UTC        
 SRF variables written at  2018-07-04 03:00:00 UTC        
 $$$  2018-07-04 03:00:00 UTC        
 $$$ max, min of ps (mb) =  1026.35  485.81
 SRF variables written at  2018-07-04 04:00:00 UTC        
 SRF variables written at  2018-07-04 05:00:00 UTC        
 ATM variables written at  2018-07-04 06:00:00 UTC        
 SRF variables written at  2018-07-04 06:00:00 UTC        
 RAD variables written at  2018-07-04 06:00:00 UTC        
 SEARCH BC data for 2018070412 , step =   353760
 READY  BC from     2018070406  to 2018070412 
 $$$  2018-07-04 06:00:00 UTC        
 $$$ max, min of ps (mb) =  1025.32  485.88
 SRF variables written at  2018-07-04 07:00:00 UTC        
 SRF variables written at  2018-07-04 08:00:00 UTC        
 SRF variables written at  2018-07-04 09:00:00 UTC        
 $$$  2018-07-04 09:00:00 UTC        
 $$$ max, min of ps (mb) =  1025.00  486.23
 SRF variables written at  2018-07-04 10:00:00 UTC        
 SRF variables written at  2018-07-04 11:00:00 UTC        
 ATM variables written at  2018-07-04 12:00:00 UTC        
 SRF variables written at  2018-07-04 12:00:00 UTC        
 RAD variables written at  2018-07-04 12:00:00 UTC        
 SEARCH BC data for 2018070418 , step =   354240
 READY  BC from     2018070412  to 2018070418 
 $$$  2018-07-04 12:00:00 UTC        
 $$$ max, min of ps (mb) =  1024.55  486.86
 SRF variables written at  2018-07-04 13:00:00 UTC        
 SRF variables written at  2018-07-04 14:00:00 UTC        
 SRF variables written at  2018-07-04 15:00:00 UTC        
 $$$  2018-07-04 15:00:00 UTC        
 $$$ max, min of ps (mb) =  1023.26  487.24
 SRF variables written at  2018-07-04 16:00:00 UTC        
 SRF variables written at  2018-07-04 17:00:00 UTC        
 ATM variables written at  2018-07-04 18:00:00 UTC        
 SRF variables written at  2018-07-04 18:00:00 UTC        
 RAD variables written at  2018-07-04 18:00:00 UTC        
 SEARCH BC data for 2018070500 , step =   354720
 READY  BC from     2018070418  to 2018070500 
 $$$  2018-07-04 18:00:00 UTC        
 $$$ max, min of ps (mb) =  1021.99  487.34
 SRF variables written at  2018-07-04 19:00:00 UTC        
 SRF variables written at  2018-07-04 20:00:00 UTC        
 SRF variables written at  2018-07-04 21:00:00 UTC        
 $$$  2018-07-04 21:00:00 UTC        
 $$$ max, min of ps (mb) =  1022.07  488.04
 SRF variables written at  2018-07-04 22:00:00 UTC        
 SRF variables written at  2018-07-04 23:00:00 UTC        
 At  2018-07-05 00:00:00 UTC        
 JDay    185.00000 solar declination angle =  22.90868555 degrees
                   solar TSI irradiance    =    1355.8897 W/m^2
 ATM variables written at  2018-07-05 00:00:00 UTC        
 SRF variables written at  2018-07-05 00:00:00 UTC        
 STS variables written at  2018-07-05 00:00:00 UTC        
 RAD variables written at  2018-07-05 00:00:00 UTC        
 SEARCH BC data for 2018070506 , step =   355200
 READY  BC from     2018070500  to 2018070506 
 $$$  2018-07-05 00:00:00 UTC        
 $$$ max, min of ps (mb) =  1022.26  489.18
 Updating aerosol optical properties...
 SRF variables written at  2018-07-05 01:00:00 UTC        
 SRF variables written at  2018-07-05 02:00:00 UTC        
 SRF variables written at  2018-07-05 03:00:00 UTC        
 $$$  2018-07-05 03:00:00 UTC        
 $$$ max, min of ps (mb) =  1022.05  490.04
 SRF variables written at  2018-07-05 04:00:00 UTC        
 SRF variables written at  2018-07-05 05:00:00 UTC        
 ATM variables written at  2018-07-05 06:00:00 UTC        
 SRF variables written at  2018-07-05 06:00:00 UTC        
 RAD variables written at  2018-07-05 06:00:00 UTC        
 SEARCH BC data for 2018070512 , step =   355680
 READY  BC from     2018070506  to 2018070512 
 $$$  2018-07-05 06:00:00 UTC        
 $$$ max, min of ps (mb) =  1021.86  490.61
 SRF variables written at  2018-07-05 07:00:00 UTC        
 SRF variables written at  2018-07-05 08:00:00 UTC        
 SRF variables written at  2018-07-05 09:00:00 UTC        
 $$$  2018-07-05 09:00:00 UTC        
 $$$ max, min of ps (mb) =  1022.66  490.86
 SRF variables written at  2018-07-05 10:00:00 UTC        
 SRF variables written at  2018-07-05 11:00:00 UTC        
 ATM variables written at  2018-07-05 12:00:00 UTC        
 SRF variables written at  2018-07-05 12:00:00 UTC        
 RAD variables written at  2018-07-05 12:00:00 UTC        
 SEARCH BC data for 2018070518 , step =   356160
 READY  BC from     2018070512  to 2018070518 
 $$$  2018-07-05 12:00:00 UTC        
 $$$ max, min of ps (mb) =  1023.29  490.99
 SRF variables written at  2018-07-05 13:00:00 UTC        
 SRF variables written at  2018-07-05 14:00:00 UTC        
 SRF variables written at  2018-07-05 15:00:00 UTC        
 $$$  2018-07-05 15:00:00 UTC        
 $$$ max, min of ps (mb) =  1022.90  490.84
 SRF variables written at  2018-07-05 16:00:00 UTC        
 SRF variables written at  2018-07-05 17:00:00 UTC        
 ATM variables written at  2018-07-05 18:00:00 UTC        
 SRF variables written at  2018-07-05 18:00:00 UTC        
 RAD variables written at  2018-07-05 18:00:00 UTC        
 SEARCH BC data for 2018070600 , step =   356640
 READY  BC from     2018070518  to 2018070600 
 $$$  2018-07-05 18:00:00 UTC        
 $$$ max, min of ps (mb) =  1022.49  490.94
 SRF variables written at  2018-07-05 19:00:00 UTC        
 SRF variables written at  2018-07-05 20:00:00 UTC        
 SRF variables written at  2018-07-05 21:00:00 UTC        
 $$$  2018-07-05 21:00:00 UTC        
 $$$ max, min of ps (mb) =  1023.38  491.29
 SRF variables written at  2018-07-05 22:00:00 UTC        
 SRF variables written at  2018-07-05 23:00:00 UTC        
 At  2018-07-06 00:00:00 UTC        
 JDay    186.00000 solar declination angle =  22.82085277 degrees
                   solar TSI irradiance    =    1355.8897 W/m^2
 ATM variables written at  2018-07-06 00:00:00 UTC        
 SRF variables written at  2018-07-06 00:00:00 UTC        
 STS variables written at  2018-07-06 00:00:00 UTC        
 RAD variables written at  2018-07-06 00:00:00 UTC        
 SEARCH BC data for 2018070606 , step =   357120
 READY  BC from     2018070600  to 2018070606 
 $$$  2018-07-06 00:00:00 UTC        
 $$$ max, min of ps (mb) =  1024.48  491.78
 Updating aerosol optical properties...
 SRF variables written at  2018-07-06 01:00:00 UTC        
 SRF variables written at  2018-07-06 02:00:00 UTC        
 SRF variables written at  2018-07-06 03:00:00 UTC        
 $$$  2018-07-06 03:00:00 UTC        
 $$$ max, min of ps (mb) =  1024.65  492.09
 SRF variables written at  2018-07-06 04:00:00 UTC        
 SRF variables written at  2018-07-06 05:00:00 UTC        
 ATM variables written at  2018-07-06 06:00:00 UTC        
 SRF variables written at  2018-07-06 06:00:00 UTC        
 RAD variables written at  2018-07-06 06:00:00 UTC        
 SEARCH BC data for 2018070612 , step =   357600
 READY  BC from     2018070606  to 2018070612 
 $$$  2018-07-06 06:00:00 UTC        
 $$$ max, min of ps (mb) =  1024.93  492.04
 SRF variables written at  2018-07-06 07:00:00 UTC        
 SRF variables written at  2018-07-06 08:00:00 UTC        
 SRF variables written at  2018-07-06 09:00:00 UTC        
 $$$  2018-07-06 09:00:00 UTC        
 $$$ max, min of ps (mb) =  1024.93  491.99
 SRF variables written at  2018-07-06 10:00:00 UTC        
 SRF variables written at  2018-07-06 11:00:00 UTC        
 ATM variables written at  2018-07-06 12:00:00 UTC        
 SRF variables written at  2018-07-06 12:00:00 UTC        
 RAD variables written at  2018-07-06 12:00:00 UTC        
 SEARCH BC data for 2018070618 , step =   358080
 READY  BC from     2018070612  to 2018070618 
 $$$  2018-07-06 12:00:00 UTC        
 $$$ max, min of ps (mb) =  1025.83  491.76
 SRF variables written at  2018-07-06 13:00:00 UTC        
 SRF variables written at  2018-07-06 14:00:00 UTC        
 SRF variables written at  2018-07-06 15:00:00 UTC        
 $$$  2018-07-06 15:00:00 UTC        
 $$$ max, min of ps (mb) =  1024.97  491.32
 SRF variables written at  2018-07-06 16:00:00 UTC        
 SRF variables written at  2018-07-06 17:00:00 UTC        
 ATM variables written at  2018-07-06 18:00:00 UTC        
 SRF variables written at  2018-07-06 18:00:00 UTC        
 RAD variables written at  2018-07-06 18:00:00 UTC        
 SEARCH BC data for 2018070700 , step =   358560
 READY  BC from     2018070618  to 2018070700 
 $$$  2018-07-06 18:00:00 UTC        
 $$$ max, min of ps (mb) =  1024.41  491.59
 SRF variables written at  2018-07-06 19:00:00 UTC        
 SRF variables written at  2018-07-06 20:00:00 UTC        
 SRF variables written at  2018-07-06 21:00:00 UTC        
 $$$  2018-07-06 21:00:00 UTC        
 $$$ max, min of ps (mb) =  1025.36  492.35
 SRF variables written at  2018-07-06 22:00:00 UTC        
 SRF variables written at  2018-07-06 23:00:00 UTC        
 At  2018-07-07 00:00:00 UTC        
 JDay    187.00000 solar declination angle =  22.72641493 degrees
                   solar TSI irradiance    =    1355.8897 W/m^2
 ATM variables written at  2018-07-07 00:00:00 UTC        
 SRF variables written at  2018-07-07 00:00:00 UTC        
 STS variables written at  2018-07-07 00:00:00 UTC        
 RAD variables written at  2018-07-07 00:00:00 UTC        
 SEARCH BC data for 2018070706 , step =   359040
 READY  BC from     2018070700  to 2018070706 
 $$$  2018-07-07 00:00:00 UTC        
 $$$ max, min of ps (mb) =  1027.03  493.48
 Updating aerosol optical properties...
 SRF variables written at  2018-07-07 01:00:00 UTC        
 SRF variables written at  2018-07-07 02:00:00 UTC        
 SRF variables written at  2018-07-07 03:00:00 UTC        
 $$$  2018-07-07 03:00:00 UTC        
 $$$ max, min of ps (mb) =  1026.58  494.53
 SRF variables written at  2018-07-07 04:00:00 UTC        
 SRF variables written at  2018-07-07 05:00:00 UTC        
 ATM variables written at  2018-07-07 06:00:00 UTC        
 SRF variables written at  2018-07-07 06:00:00 UTC        
 RAD variables written at  2018-07-07 06:00:00 UTC        
 SEARCH BC data for 2018070712 , step =   359520
 READY  BC from     2018070706  to 2018070712 
 $$$  2018-07-07 06:00:00 UTC        
 $$$ max, min of ps (mb) =  1026.24  494.94
 SRF variables written at  2018-07-07 07:00:00 UTC        
 SRF variables written at  2018-07-07 08:00:00 UTC        
 SRF variables written at  2018-07-07 09:00:00 UTC        
 $$$  2018-07-07 09:00:00 UTC        
 $$$ max, min of ps (mb) =  1025.97  495.48
 SRF variables written at  2018-07-07 10:00:00 UTC        
 SRF variables written at  2018-07-07 11:00:00 UTC        
 ATM variables written at  2018-07-07 12:00:00 UTC        
 SRF variables written at  2018-07-07 12:00:00 UTC        
 RAD variables written at  2018-07-07 12:00:00 UTC        
 SEARCH BC data for 2018070718 , step =   360000
 READY  BC from     2018070712  to 2018070718 
 $$$  2018-07-07 12:00:00 UTC        
 $$$ max, min of ps (mb) =  1026.51  495.88
 SRF variables written at  2018-07-07 13:00:00 UTC        
 SRF variables written at  2018-07-07 14:00:00 UTC        
 SRF variables written at  2018-07-07 15:00:00 UTC        
 $$$  2018-07-07 15:00:00 UTC        
 $$$ max, min of ps (mb) =  1025.52  495.67
 SRF variables written at  2018-07-07 16:00:00 UTC        
 SRF variables written at  2018-07-07 17:00:00 UTC        
 ATM variables written at  2018-07-07 18:00:00 UTC        
 SRF variables written at  2018-07-07 18:00:00 UTC        
 RAD variables written at  2018-07-07 18:00:00 UTC        
 SEARCH BC data for 2018070800 , step =   360480
 READY  BC from     2018070718  to 2018070800 
 $$$  2018-07-07 18:00:00 UTC        
 $$$ max, min of ps (mb) =  1024.47  495.55
 SRF variables written at  2018-07-07 19:00:00 UTC        
 SRF variables written at  2018-07-07 20:00:00 UTC        
 SRF variables written at  2018-07-07 21:00:00 UTC        
 $$$  2018-07-07 21:00:00 UTC        
 $$$ max, min of ps (mb) =  1024.60  495.64
 SRF variables written at  2018-07-07 22:00:00 UTC        
 SRF variables written at  2018-07-07 23:00:00 UTC        
 At  2018-07-08 00:00:00 UTC        
 JDay    188.00000 solar declination angle =  22.62541067 degrees
                   solar TSI irradiance    =    1355.8897 W/m^2
 ATM variables written at  2018-07-08 00:00:00 UTC        
 SRF variables written at  2018-07-08 00:00:00 UTC        
 STS variables written at  2018-07-08 00:00:00 UTC        
 RAD variables written at  2018-07-08 00:00:00 UTC        
 SEARCH BC data for 2018070806 , step =   360960
 READY  BC from     2018070800  to 2018070806 
 $$$  2018-07-08 00:00:00 UTC        
 $$$ max, min of ps (mb) =  1025.27  495.80
 Updating aerosol optical properties...
 SRF variables written at  2018-07-08 01:00:00 UTC        
 SRF variables written at  2018-07-08 02:00:00 UTC        
 SRF variables written at  2018-07-08 03:00:00 UTC        
 $$$  2018-07-08 03:00:00 UTC        
 $$$ max, min of ps (mb) =  1024.74  495.56
 SRF variables written at  2018-07-08 04:00:00 UTC        
 SRF variables written at  2018-07-08 05:00:00 UTC        
 ATM variables written at  2018-07-08 06:00:00 UTC        
 SRF variables written at  2018-07-08 06:00:00 UTC        
 RAD variables written at  2018-07-08 06:00:00 UTC        
 SEARCH BC data for 2018070812 , step =   361440
 READY  BC from     2018070806  to 2018070812 
 $$$  2018-07-08 06:00:00 UTC        
 $$$ max, min of ps (mb) =  1025.06  495.18
 SRF variables written at  2018-07-08 07:00:00 UTC        
 SRF variables written at  2018-07-08 08:00:00 UTC        
 SRF variables written at  2018-07-08 09:00:00 UTC        
 $$$  2018-07-08 09:00:00 UTC        
 $$$ max, min of ps (mb) =  1025.70  495.30
 SRF variables written at  2018-07-08 10:00:00 UTC        
 SRF variables written at  2018-07-08 11:00:00 UTC        
 ATM variables written at  2018-07-08 12:00:00 UTC        
 SRF variables written at  2018-07-08 12:00:00 UTC        
 RAD variables written at  2018-07-08 12:00:00 UTC        
 SEARCH BC data for 2018070818 , step =   361920
 READY  BC from     2018070812  to 2018070818 
 $$$  2018-07-08 12:00:00 UTC        
 $$$ max, min of ps (mb) =  1027.76  495.53
 SRF variables written at  2018-07-08 13:00:00 UTC        
 SRF variables written at  2018-07-08 14:00:00 UTC        
 SRF variables written at  2018-07-08 15:00:00 UTC        
 $$$  2018-07-08 15:00:00 UTC        
 $$$ max, min of ps (mb) =  1028.12  495.53
 SRF variables written at  2018-07-08 16:00:00 UTC        
 SRF variables written at  2018-07-08 17:00:00 UTC        
 ATM variables written at  2018-07-08 18:00:00 UTC        
 SRF variables written at  2018-07-08 18:00:00 UTC        
 RAD variables written at  2018-07-08 18:00:00 UTC        
 SEARCH BC data for 2018070900 , step =   362400
 READY  BC from     2018070818  to 2018070900 
 $$$  2018-07-08 18:00:00 UTC        
 $$$ max, min of ps (mb) =  1028.25  495.55
 SRF variables written at  2018-07-08 19:00:00 UTC        
 SRF variables written at  2018-07-08 20:00:00 UTC        
 SRF variables written at  2018-07-08 21:00:00 UTC        
 $$$  2018-07-08 21:00:00 UTC        
 $$$ max, min of ps (mb) =  1029.76  495.54
 SRF variables written at  2018-07-08 22:00:00 UTC        
 SRF variables written at  2018-07-08 23:00:00 UTC        
 At  2018-07-09 00:00:00 UTC        
 JDay    189.00000 solar declination angle =  22.51788090 degrees
                   solar TSI irradiance    =    1355.8897 W/m^2
 ATM variables written at  2018-07-09 00:00:00 UTC        
 SRF variables written at  2018-07-09 00:00:00 UTC        
 STS variables written at  2018-07-09 00:00:00 UTC        
 RAD variables written at  2018-07-09 00:00:00 UTC        
 SEARCH BC data for 2018070906 , step =   362880
 READY  BC from     2018070900  to 2018070906 
 $$$  2018-07-09 00:00:00 UTC        
 $$$ max, min of ps (mb) =  1031.07  495.35
 Updating aerosol optical properties...
 SRF variables written at  2018-07-09 01:00:00 UTC        
 SRF variables written at  2018-07-09 02:00:00 UTC        
 SRF variables written at  2018-07-09 03:00:00 UTC        
 $$$  2018-07-09 03:00:00 UTC        
 $$$ max, min of ps (mb) =  1031.81  495.54
 SRF variables written at  2018-07-09 04:00:00 UTC        
 SRF variables written at  2018-07-09 05:00:00 UTC        
 ATM variables written at  2018-07-09 06:00:00 UTC        
 SRF variables written at  2018-07-09 06:00:00 UTC        
 RAD variables written at  2018-07-09 06:00:00 UTC        
 SEARCH BC data for 2018070912 , step =   363360
 READY  BC from     2018070906  to 2018070912 
 $$$  2018-07-09 06:00:00 UTC        
 $$$ max, min of ps (mb) =  1032.78  495.70
 SRF variables written at  2018-07-09 07:00:00 UTC        
 SRF variables written at  2018-07-09 08:00:00 UTC        
 SRF variables written at  2018-07-09 09:00:00 UTC        
 $$$  2018-07-09 09:00:00 UTC        
 $$$ max, min of ps (mb) =  1033.59  495.98
 SRF variables written at  2018-07-09 10:00:00 UTC        
 SRF variables written at  2018-07-09 11:00:00 UTC        
 ATM variables written at  2018-07-09 12:00:00 UTC        
 SRF variables written at  2018-07-09 12:00:00 UTC        
 RAD variables written at  2018-07-09 12:00:00 UTC        
 SEARCH BC data for 2018070918 , step =   363840
 READY  BC from     2018070912  to 2018070918 
 $$$  2018-07-09 12:00:00 UTC        
 $$$ max, min of ps (mb) =  1034.53  496.57
 SRF variables written at  2018-07-09 13:00:00 UTC        
 SRF variables written at  2018-07-09 14:00:00 UTC        
 SRF variables written at  2018-07-09 15:00:00 UTC        
 $$$  2018-07-09 15:00:00 UTC        
 $$$ max, min of ps (mb) =  1034.24  496.74
 SRF variables written at  2018-07-09 16:00:00 UTC        
 SRF variables written at  2018-07-09 17:00:00 UTC        
 ATM variables written at  2018-07-09 18:00:00 UTC        
 SRF variables written at  2018-07-09 18:00:00 UTC        
 RAD variables written at  2018-07-09 18:00:00 UTC        
 SEARCH BC data for 2018071000 , step =   364320
 READY  BC from     2018070918  to 2018071000 
 $$$  2018-07-09 18:00:00 UTC        
 $$$ max, min of ps (mb) =  1033.76  497.12
 SRF variables written at  2018-07-09 19:00:00 UTC        
 SRF variables written at  2018-07-09 20:00:00 UTC        
 SRF variables written at  2018-07-09 21:00:00 UTC        
 $$$  2018-07-09 21:00:00 UTC        
 $$$ max, min of ps (mb) =  1034.01  497.27
 SRF variables written at  2018-07-09 22:00:00 UTC        
 SRF variables written at  2018-07-09 23:00:00 UTC        
 At  2018-07-10 00:00:00 UTC        
 JDay    190.00000 solar declination angle =  22.40386880 degrees
                   solar TSI irradiance    =    1355.8897 W/m^2
 ATM variables written at  2018-07-10 00:00:00 UTC        
 SRF variables written at  2018-07-10 00:00:00 UTC        
 STS variables written at  2018-07-10 00:00:00 UTC        
 RAD variables written at  2018-07-10 00:00:00 UTC        
 SEARCH BC data for 2018071006 , step =   364800
 READY  BC from     2018071000  to 2018071006 
 $$$  2018-07-10 00:00:00 UTC        
 $$$ max, min of ps (mb) =  1034.28  497.24
 Updating aerosol optical properties...
 SRF variables written at  2018-07-10 01:00:00 UTC        
 SRF variables written at  2018-07-10 02:00:00 UTC        
 SRF variables written at  2018-07-10 03:00:00 UTC        
 $$$  2018-07-10 03:00:00 UTC        
 $$$ max, min of ps (mb) =  1033.85  497.10
 SRF variables written at  2018-07-10 04:00:00 UTC        
 SRF variables written at  2018-07-10 05:00:00 UTC        
 ATM variables written at  2018-07-10 06:00:00 UTC        
 SRF variables written at  2018-07-10 06:00:00 UTC        
 RAD variables written at  2018-07-10 06:00:00 UTC        
 SEARCH BC data for 2018071012 , step =   365280
 READY  BC from     2018071006  to 2018071012 
 $$$  2018-07-10 06:00:00 UTC        
 $$$ max, min of ps (mb) =  1033.45  496.96
 SRF variables written at  2018-07-10 07:00:00 UTC        
 SRF variables written at  2018-07-10 08:00:00 UTC        
 SRF variables written at  2018-07-10 09:00:00 UTC        
 $$$  2018-07-10 09:00:00 UTC        
 $$$ max, min of ps (mb) =  1033.37  496.76
 SRF variables written at  2018-07-10 10:00:00 UTC        
 SRF variables written at  2018-07-10 11:00:00 UTC        
 ATM variables written at  2018-07-10 12:00:00 UTC        
 SRF variables written at  2018-07-10 12:00:00 UTC        
 RAD variables written at  2018-07-10 12:00:00 UTC        
 SEARCH BC data for 2018071018 , step =   365760
 READY  BC from     2018071012  to 2018071018 
 $$$  2018-07-10 12:00:00 UTC        
 $$$ max, min of ps (mb) =  1033.63  496.59
 SRF variables written at  2018-07-10 13:00:00 UTC        
 SRF variables written at  2018-07-10 14:00:00 UTC        
 SRF variables written at  2018-07-10 15:00:00 UTC        
 $$$  2018-07-10 15:00:00 UTC        
 $$$ max, min of ps (mb) =  1032.41  496.09
 SRF variables written at  2018-07-10 16:00:00 UTC        
 SRF variables written at  2018-07-10 17:00:00 UTC        
 ATM variables written at  2018-07-10 18:00:00 UTC        
 SRF variables written at  2018-07-10 18:00:00 UTC        
 RAD variables written at  2018-07-10 18:00:00 UTC        
 SEARCH BC data for 2018071100 , step =   366240
 READY  BC from     2018071018  to 2018071100 
 $$$  2018-07-10 18:00:00 UTC        
 $$$ max, min of ps (mb) =  1030.93  495.85
 SRF variables written at  2018-07-10 19:00:00 UTC        
 SRF variables written at  2018-07-10 20:00:00 UTC        
 SRF variables written at  2018-07-10 21:00:00 UTC        
 $$$  2018-07-10 21:00:00 UTC        
 $$$ max, min of ps (mb) =  1030.73  495.69
 SRF variables written at  2018-07-10 22:00:00 UTC        
 SRF variables written at  2018-07-10 23:00:00 UTC        
 At  2018-07-11 00:00:00 UTC        
 JDay    191.00000 solar declination angle =  22.28341975 degrees
                   solar TSI irradiance    =    1355.8897 W/m^2
 ATM variables written at  2018-07-11 00:00:00 UTC        
 SRF variables written at  2018-07-11 00:00:00 UTC        
 STS variables written at  2018-07-11 00:00:00 UTC        
 RAD variables written at  2018-07-11 00:00:00 UTC        
 SEARCH BC data for 2018071106 , step =   366720
 READY  BC from     2018071100  to 2018071106 
 $$$  2018-07-11 00:00:00 UTC        
 $$$ max, min of ps (mb) =  1030.76  495.52
 Updating aerosol optical properties...
 SRF variables written at  2018-07-11 01:00:00 UTC        
 SRF variables written at  2018-07-11 02:00:00 UTC        
 SRF variables written at  2018-07-11 03:00:00 UTC        
 $$$  2018-07-11 03:00:00 UTC        
 $$$ max, min of ps (mb) =  1029.79  495.37
 SRF variables written at  2018-07-11 04:00:00 UTC        
 SRF variables written at  2018-07-11 05:00:00 UTC        
 ATM variables written at  2018-07-11 06:00:00 UTC        
 SRF variables written at  2018-07-11 06:00:00 UTC        
 RAD variables written at  2018-07-11 06:00:00 UTC        
 SEARCH BC data for 2018071112 , step =   367200
 READY  BC from     2018071106  to 2018071112 
 $$$  2018-07-11 06:00:00 UTC        
 $$$ max, min of ps (mb) =  1028.94  495.19
 SRF variables written at  2018-07-11 07:00:00 UTC        
 SRF variables written at  2018-07-11 08:00:00 UTC        
 SRF variables written at  2018-07-11 09:00:00 UTC        
 $$$  2018-07-11 09:00:00 UTC        
 $$$ max, min of ps (mb) =  1029.22  495.09
 SRF variables written at  2018-07-11 10:00:00 UTC        
 SRF variables written at  2018-07-11 11:00:00 UTC        
 ATM variables written at  2018-07-11 12:00:00 UTC        
 SRF variables written at  2018-07-11 12:00:00 UTC        
 RAD variables written at  2018-07-11 12:00:00 UTC        
 SEARCH BC data for 2018071118 , step =   367680
 READY  BC from     2018071112  to 2018071118 
 $$$  2018-07-11 12:00:00 UTC        
 $$$ max, min of ps (mb) =  1029.88  495.00
 SRF variables written at  2018-07-11 13:00:00 UTC        
 SRF variables written at  2018-07-11 14:00:00 UTC        
 SRF variables written at  2018-07-11 15:00:00 UTC        
 $$$  2018-07-11 15:00:00 UTC        
 $$$ max, min of ps (mb) =  1028.98  494.82
 SRF variables written at  2018-07-11 16:00:00 UTC        
 SRF variables written at  2018-07-11 17:00:00 UTC        
 ATM variables written at  2018-07-11 18:00:00 UTC        
 SRF variables written at  2018-07-11 18:00:00 UTC        
 RAD variables written at  2018-07-11 18:00:00 UTC        
 SEARCH BC data for 2018071200 , step =   368160
 READY  BC from     2018071118  to 2018071200 
 $$$  2018-07-11 18:00:00 UTC        
 $$$ max, min of ps (mb) =  1027.64  495.01
 SRF variables written at  2018-07-11 19:00:00 UTC        
 SRF variables written at  2018-07-11 20:00:00 UTC        
 SRF variables written at  2018-07-11 21:00:00 UTC        
 $$$  2018-07-11 21:00:00 UTC        
 $$$ max, min of ps (mb) =  1027.29  495.20
 SRF variables written at  2018-07-11 22:00:00 UTC        
 SRF variables written at  2018-07-11 23:00:00 UTC        
 At  2018-07-12 00:00:00 UTC        
 JDay    192.00000 solar declination angle =  22.15658126 degrees
                   solar TSI irradiance    =    1355.8897 W/m^2
 ATM variables written at  2018-07-12 00:00:00 UTC        
 SRF variables written at  2018-07-12 00:00:00 UTC        
 STS variables written at  2018-07-12 00:00:00 UTC        
 RAD variables written at  2018-07-12 00:00:00 UTC        
 SEARCH BC data for 2018071206 , step =   368640
 READY  BC from     2018071200  to 2018071206 
 $$$  2018-07-12 00:00:00 UTC        
 $$$ max, min of ps (mb) =  1027.44  495.62
 Updating aerosol optical properties...
 SRF variables written at  2018-07-12 01:00:00 UTC        
 SRF variables written at  2018-07-12 02:00:00 UTC        
 SRF variables written at  2018-07-12 03:00:00 UTC        
 $$$  2018-07-12 03:00:00 UTC        
 $$$ max, min of ps (mb) =  1026.27  495.71
 SRF variables written at  2018-07-12 04:00:00 UTC        
 SRF variables written at  2018-07-12 05:00:00 UTC        
 ATM variables written at  2018-07-12 06:00:00 UTC        
 SRF variables written at  2018-07-12 06:00:00 UTC        
 RAD variables written at  2018-07-12 06:00:00 UTC        
 SEARCH BC data for 2018071212 , step =   369120
 READY  BC from     2018071206  to 2018071212 
 $$$  2018-07-12 06:00:00 UTC        
 $$$ max, min of ps (mb) =  1025.13  495.83
 SRF variables written at  2018-07-12 07:00:00 UTC        
 SRF variables written at  2018-07-12 08:00:00 UTC        
 SRF variables written at  2018-07-12 09:00:00 UTC        
 $$$  2018-07-12 09:00:00 UTC        
 $$$ max, min of ps (mb) =  1025.60  496.40
 SRF variables written at  2018-07-12 10:00:00 UTC        
 SRF variables written at  2018-07-12 11:00:00 UTC        
 ATM variables written at  2018-07-12 12:00:00 UTC        
 SRF variables written at  2018-07-12 12:00:00 UTC        
 RAD variables written at  2018-07-12 12:00:00 UTC        
 SEARCH BC data for 2018071218 , step =   369600
 READY  BC from     2018071212  to 2018071218 
 $$$  2018-07-12 12:00:00 UTC        
 $$$ max, min of ps (mb) =  1026.01  496.81
 SRF variables written at  2018-07-12 13:00:00 UTC        
 SRF variables written at  2018-07-12 14:00:00 UTC        
 SRF variables written at  2018-07-12 15:00:00 UTC        
 $$$  2018-07-12 15:00:00 UTC        
 $$$ max, min of ps (mb) =  1024.07  496.91
 SRF variables written at  2018-07-12 16:00:00 UTC        
 SRF variables written at  2018-07-12 17:00:00 UTC        
 ATM variables written at  2018-07-12 18:00:00 UTC        
 SRF variables written at  2018-07-12 18:00:00 UTC        
 RAD variables written at  2018-07-12 18:00:00 UTC        
 SEARCH BC data for 2018071300 , step =   370080
 READY  BC from     2018071218  to 2018071300 
 $$$  2018-07-12 18:00:00 UTC        
 $$$ max, min of ps (mb) =  1023.97  497.28
 SRF variables written at  2018-07-12 19:00:00 UTC        
 SRF variables written at  2018-07-12 20:00:00 UTC        
 SRF variables written at  2018-07-12 21:00:00 UTC        
 $$$  2018-07-12 21:00:00 UTC        
 $$$ max, min of ps (mb) =  1023.56  497.68
 SRF variables written at  2018-07-12 22:00:00 UTC        
 SRF variables written at  2018-07-12 23:00:00 UTC        
 At  2018-07-13 00:00:00 UTC        
 JDay    193.00000 solar declination angle =  22.02340295 degrees
                   solar TSI irradiance    =    1355.8897 W/m^2
 ATM variables written at  2018-07-13 00:00:00 UTC        
 SRF variables written at  2018-07-13 00:00:00 UTC        
 STS variables written at  2018-07-13 00:00:00 UTC        
 RAD variables written at  2018-07-13 00:00:00 UTC        
 SEARCH BC data for 2018071306 , step =   370560
 READY  BC from     2018071300  to 2018071306 
 $$$  2018-07-13 00:00:00 UTC        
 $$$ max, min of ps (mb) =  1023.39  497.98
 Updating aerosol optical properties...
 SRF variables written at  2018-07-13 01:00:00 UTC        
 SRF variables written at  2018-07-13 02:00:00 UTC        
 SRF variables written at  2018-07-13 03:00:00 UTC        
 $$$  2018-07-13 03:00:00 UTC        
 $$$ max, min of ps (mb) =  1023.04  498.11
 SRF variables written at  2018-07-13 04:00:00 UTC        
 SRF variables written at  2018-07-13 05:00:00 UTC        
 ATM variables written at  2018-07-13 06:00:00 UTC        
 SRF variables written at  2018-07-13 06:00:00 UTC        
 RAD variables written at  2018-07-13 06:00:00 UTC        
 SEARCH BC data for 2018071312 , step =   371040
 READY  BC from     2018071306  to 2018071312 
 $$$  2018-07-13 06:00:00 UTC        
 $$$ max, min of ps (mb) =  1022.54  498.20
 SRF variables written at  2018-07-13 07:00:00 UTC        
 SRF variables written at  2018-07-13 08:00:00 UTC        
 SRF variables written at  2018-07-13 09:00:00 UTC        
 $$$  2018-07-13 09:00:00 UTC        
 $$$ max, min of ps (mb) =  1023.06  498.43
 SRF variables written at  2018-07-13 10:00:00 UTC        
 SRF variables written at  2018-07-13 11:00:00 UTC        
 ATM variables written at  2018-07-13 12:00:00 UTC        
 SRF variables written at  2018-07-13 12:00:00 UTC        
 RAD variables written at  2018-07-13 12:00:00 UTC        
 SEARCH BC data for 2018071318 , step =   371520
 READY  BC from     2018071312  to 2018071318 
 $$$  2018-07-13 12:00:00 UTC        
 $$$ max, min of ps (mb) =  1023.73  498.58
 SRF variables written at  2018-07-13 13:00:00 UTC        
 SRF variables written at  2018-07-13 14:00:00 UTC        
 SRF variables written at  2018-07-13 15:00:00 UTC        
 $$$  2018-07-13 15:00:00 UTC        
 $$$ max, min of ps (mb) =  1022.27  498.43
 SRF variables written at  2018-07-13 16:00:00 UTC        
 SRF variables written at  2018-07-13 17:00:00 UTC        
 ATM variables written at  2018-07-13 18:00:00 UTC        
 SRF variables written at  2018-07-13 18:00:00 UTC        
 RAD variables written at  2018-07-13 18:00:00 UTC        
 SEARCH BC data for 2018071400 , step =   372000
 READY  BC from     2018071318  to 2018071400 
 $$$  2018-07-13 18:00:00 UTC        
 $$$ max, min of ps (mb) =  1021.07  498.55
 SRF variables written at  2018-07-13 19:00:00 UTC        
 SRF variables written at  2018-07-13 20:00:00 UTC        
 SRF variables written at  2018-07-13 21:00:00 UTC        
 $$$  2018-07-13 21:00:00 UTC        
 $$$ max, min of ps (mb) =  1022.13  498.52
 SRF variables written at  2018-07-13 22:00:00 UTC        
 SRF variables written at  2018-07-13 23:00:00 UTC        
 At  2018-07-14 00:00:00 UTC        
 JDay    194.00000 solar declination angle =  21.88393646 degrees
                   solar TSI irradiance    =    1355.8897 W/m^2
 ATM variables written at  2018-07-14 00:00:00 UTC        
 SRF variables written at  2018-07-14 00:00:00 UTC        
 STS variables written at  2018-07-14 00:00:00 UTC        
 RAD variables written at  2018-07-14 00:00:00 UTC        
 SEARCH BC data for 2018071406 , step =   372480
 READY  BC from     2018071400  to 2018071406 
 $$$  2018-07-14 00:00:00 UTC        
 $$$ max, min of ps (mb) =  1023.02  498.31
 Updating aerosol optical properties...
 SRF variables written at  2018-07-14 01:00:00 UTC        
 SRF variables written at  2018-07-14 02:00:00 UTC        
 SRF variables written at  2018-07-14 03:00:00 UTC        
 $$$  2018-07-14 03:00:00 UTC        
 $$$ max, min of ps (mb) =  1022.30  498.03
 SRF variables written at  2018-07-14 04:00:00 UTC        
 SRF variables written at  2018-07-14 05:00:00 UTC        
 ATM variables written at  2018-07-14 06:00:00 UTC        
 SRF variables written at  2018-07-14 06:00:00 UTC        
 RAD variables written at  2018-07-14 06:00:00 UTC        
 SEARCH BC data for 2018071412 , step =   372960
 READY  BC from     2018071406  to 2018071412 
 $$$  2018-07-14 06:00:00 UTC        
 $$$ max, min of ps (mb) =  1021.67  497.71
 SRF variables written at  2018-07-14 07:00:00 UTC        
 SRF variables written at  2018-07-14 08:00:00 UTC        
 SRF variables written at  2018-07-14 09:00:00 UTC        
 $$$  2018-07-14 09:00:00 UTC        
 $$$ max, min of ps (mb) =  1022.56  497.59
 SRF variables written at  2018-07-14 10:00:00 UTC        
 SRF variables written at  2018-07-14 11:00:00 UTC        
 ATM variables written at  2018-07-14 12:00:00 UTC        
 SRF variables written at  2018-07-14 12:00:00 UTC        
 RAD variables written at  2018-07-14 12:00:00 UTC        
 SEARCH BC data for 2018071418 , step =   373440
 READY  BC from     2018071412  to 2018071418 
 $$$  2018-07-14 12:00:00 UTC        
 $$$ max, min of ps (mb) =  1023.42  497.42
 SRF variables written at  2018-07-14 13:00:00 UTC        
 SRF variables written at  2018-07-14 14:00:00 UTC        
 SRF variables written at  2018-07-14 15:00:00 UTC        
 $$$  2018-07-14 15:00:00 UTC        
 $$$ max, min of ps (mb) =  1022.31  496.86
 SRF variables written at  2018-07-14 16:00:00 UTC        
 SRF variables written at  2018-07-14 17:00:00 UTC        
 ATM variables written at  2018-07-14 18:00:00 UTC        
 SRF variables written at  2018-07-14 18:00:00 UTC        
 RAD variables written at  2018-07-14 18:00:00 UTC        
 SEARCH BC data for 2018071500 , step =   373920
 READY  BC from     2018071418  to 2018071500 
 $$$  2018-07-14 18:00:00 UTC        
 $$$ max, min of ps (mb) =  1021.35  496.60
 SRF variables written at  2018-07-14 19:00:00 UTC        
 SRF variables written at  2018-07-14 20:00:00 UTC        
 SRF variables written at  2018-07-14 21:00:00 UTC        
 $$$  2018-07-14 21:00:00 UTC        
 $$$ max, min of ps (mb) =  1022.20  496.32
 SRF variables written at  2018-07-14 22:00:00 UTC        
 SRF variables written at  2018-07-14 23:00:00 UTC        
 At  2018-07-15 00:00:00 UTC        
 JDay    195.00000 solar declination angle =  21.73823538 degrees
                   solar TSI irradiance    =    1355.8897 W/m^2
 ATM variables written at  2018-07-15 00:00:00 UTC        
 SRF variables written at  2018-07-15 00:00:00 UTC        
 STS variables written at  2018-07-15 00:00:00 UTC        
 RAD variables written at  2018-07-15 00:00:00 UTC        
 SEARCH BC data for 2018071506 , step =   374400
 READY  BC from     2018071500  to 2018071506 
 $$$  2018-07-15 00:00:00 UTC        
 $$$ max, min of ps (mb) =  1022.89  495.91
 Updating aerosol optical properties...
 SRF variables written at  2018-07-15 01:00:00 UTC        
 SRF variables written at  2018-07-15 02:00:00 UTC        
 SRF variables written at  2018-07-15 03:00:00 UTC        
 $$$  2018-07-15 03:00:00 UTC        
 $$$ max, min of ps (mb) =  1022.21  495.63
 SRF variables written at  2018-07-15 04:00:00 UTC        
 SRF variables written at  2018-07-15 05:00:00 UTC        
 ATM variables written at  2018-07-15 06:00:00 UTC        
 SRF variables written at  2018-07-15 06:00:00 UTC        
 RAD variables written at  2018-07-15 06:00:00 UTC        
 SEARCH BC data for 2018071512 , step =   374880
 READY  BC from     2018071506  to 2018071512 
 $$$  2018-07-15 06:00:00 UTC        
 $$$ max, min of ps (mb) =  1021.93  495.40
 SRF variables written at  2018-07-15 07:00:00 UTC        
 SRF variables written at  2018-07-15 08:00:00 UTC        
 SRF variables written at  2018-07-15 09:00:00 UTC        
 $$$  2018-07-15 09:00:00 UTC        
 $$$ max, min of ps (mb) =  1022.43  495.39
 SRF variables written at  2018-07-15 10:00:00 UTC        
 SRF variables written at  2018-07-15 11:00:00 UTC        
 ATM variables written at  2018-07-15 12:00:00 UTC        
 SRF variables written at  2018-07-15 12:00:00 UTC        
 RAD variables written at  2018-07-15 12:00:00 UTC        
 SEARCH BC data for 2018071518 , step =   375360
 READY  BC from     2018071512  to 2018071518 
 $$$  2018-07-15 12:00:00 UTC        
 $$$ max, min of ps (mb) =  1023.64  495.36
 SRF variables written at  2018-07-15 13:00:00 UTC        
 SRF variables written at  2018-07-15 14:00:00 UTC        
 SRF variables written at  2018-07-15 15:00:00 UTC        
 $$$  2018-07-15 15:00:00 UTC        
 $$$ max, min of ps (mb) =  1022.83  495.16
 SRF variables written at  2018-07-15 16:00:00 UTC        
 SRF variables written at  2018-07-15 17:00:00 UTC        
 ATM variables written at  2018-07-15 18:00:00 UTC        
 SRF variables written at  2018-07-15 18:00:00 UTC        
 RAD variables written at  2018-07-15 18:00:00 UTC        
 SEARCH BC data for 2018071600 , step =   375840
 READY  BC from     2018071518  to 2018071600 
 $$$  2018-07-15 18:00:00 UTC        
 $$$ max, min of ps (mb) =  1023.29  495.24
 SRF variables written at  2018-07-15 19:00:00 UTC        
 SRF variables written at  2018-07-15 20:00:00 UTC        
 SRF variables written at  2018-07-15 21:00:00 UTC        
 $$$  2018-07-15 21:00:00 UTC        
 $$$ max, min of ps (mb) =  1023.46  495.39
 SRF variables written at  2018-07-15 22:00:00 UTC        
 SRF variables written at  2018-07-15 23:00:00 UTC        
 At  2018-07-16 00:00:00 UTC        
 JDay    196.00000 solar declination angle =  21.58635524 degrees
                   solar TSI irradiance    =    1355.8897 W/m^2
 ATM variables written at  2018-07-16 00:00:00 UTC        
 SRF variables written at  2018-07-16 00:00:00 UTC        
 STS variables written at  2018-07-16 00:00:00 UTC        
 RAD variables written at  2018-07-16 00:00:00 UTC        
 SEARCH BC data for 2018071606 , step =   376320
 READY  BC from     2018071600  to 2018071606 
 $$$  2018-07-16 00:00:00 UTC        
 $$$ max, min of ps (mb) =  1023.66  495.42
 Updating aerosol optical properties...
 SRF variables written at  2018-07-16 01:00:00 UTC        
 SRF variables written at  2018-07-16 02:00:00 UTC        
 SRF variables written at  2018-07-16 03:00:00 UTC        
 $$$  2018-07-16 03:00:00 UTC        
 $$$ max, min of ps (mb) =  1023.98  495.27
 SRF variables written at  2018-07-16 04:00:00 UTC        
 SRF variables written at  2018-07-16 05:00:00 UTC        
 ATM variables written at  2018-07-16 06:00:00 UTC        
 SRF variables written at  2018-07-16 06:00:00 UTC        
 RAD variables written at  2018-07-16 06:00:00 UTC        
 SEARCH BC data for 2018071612 , step =   376800
 READY  BC from     2018071606  to 2018071612 
 $$$  2018-07-16 06:00:00 UTC        
 $$$ max, min of ps (mb) =  1025.34  495.03
 SRF variables written at  2018-07-16 07:00:00 UTC        
 SRF variables written at  2018-07-16 08:00:00 UTC        
 SRF variables written at  2018-07-16 09:00:00 UTC        
 $$$  2018-07-16 09:00:00 UTC        
 $$$ max, min of ps (mb) =  1026.43  494.97
 SRF variables written at  2018-07-16 10:00:00 UTC        
 SRF variables written at  2018-07-16 11:00:00 UTC        
 ATM variables written at  2018-07-16 12:00:00 UTC        
 SRF variables written at  2018-07-16 12:00:00 UTC        
 RAD variables written at  2018-07-16 12:00:00 UTC        
 SEARCH BC data for 2018071618 , step =   377280
 READY  BC from     2018071612  to 2018071618 
 $$$  2018-07-16 12:00:00 UTC        
 $$$ max, min of ps (mb) =  1027.73  494.98
 Attempting to read monthly vegetation data .....
 At  2018-07-16 12:22:30 UTC
 Month =            7  Day =           16
 Reading months :            7           8
 Successfully read monthly vegetation data for
 month            8
 SRF variables written at  2018-07-16 13:00:00 UTC        
 SRF variables written at  2018-07-16 14:00:00 UTC        
 SRF variables written at  2018-07-16 15:00:00 UTC        
 $$$  2018-07-16 15:00:00 UTC        
 $$$ max, min of ps (mb) =  1027.94  494.77
 SRF variables written at  2018-07-16 16:00:00 UTC        
 SRF variables written at  2018-07-16 17:00:00 UTC        
 ATM variables written at  2018-07-16 18:00:00 UTC        
 SRF variables written at  2018-07-16 18:00:00 UTC        
 RAD variables written at  2018-07-16 18:00:00 UTC        
 SEARCH BC data for 2018071700 , step =   377760
 READY  BC from     2018071618  to 2018071700 
 $$$  2018-07-16 18:00:00 UTC        
 $$$ max, min of ps (mb) =  1027.92  494.75
 SRF variables written at  2018-07-16 19:00:00 UTC        
 SRF variables written at  2018-07-16 20:00:00 UTC        
 SRF variables written at  2018-07-16 21:00:00 UTC        
 $$$  2018-07-16 21:00:00 UTC        
 $$$ max, min of ps (mb) =  1028.18  494.48
 SRF variables written at  2018-07-16 22:00:00 UTC        
 SRF variables written at  2018-07-16 23:00:00 UTC        
 At  2018-07-17 00:00:00 UTC        
 JDay    197.00000 solar declination angle =  21.42835340 degrees
                   solar TSI irradiance    =    1355.8897 W/m^2
 ATM variables written at  2018-07-17 00:00:00 UTC        
 SRF variables written at  2018-07-17 00:00:00 UTC        
 STS variables written at  2018-07-17 00:00:00 UTC        
 RAD variables written at  2018-07-17 00:00:00 UTC        
 SEARCH BC data for 2018071706 , step =   378240
 READY  BC from     2018071700  to 2018071706 
 $$$  2018-07-17 00:00:00 UTC        
 $$$ max, min of ps (mb) =  1028.68  494.07
 Updating aerosol optical properties...
 SRF variables written at  2018-07-17 01:00:00 UTC        
 SRF variables written at  2018-07-17 02:00:00 UTC        
 SRF variables written at  2018-07-17 03:00:00 UTC        
 $$$  2018-07-17 03:00:00 UTC        
 $$$ max, min of ps (mb) =  1028.90  493.62
 SRF variables written at  2018-07-17 04:00:00 UTC        
 SRF variables written at  2018-07-17 05:00:00 UTC        
 ATM variables written at  2018-07-17 06:00:00 UTC        
 SRF variables written at  2018-07-17 06:00:00 UTC        
 RAD variables written at  2018-07-17 06:00:00 UTC        
 SEARCH BC data for 2018071712 , step =   378720
 READY  BC from     2018071706  to 2018071712 
 $$$  2018-07-17 06:00:00 UTC        
 $$$ max, min of ps (mb) =  1029.69  493.18
 SRF variables written at  2018-07-17 07:00:00 UTC        
 SRF variables written at  2018-07-17 08:00:00 UTC        
 SRF variables written at  2018-07-17 09:00:00 UTC        
 $$$  2018-07-17 09:00:00 UTC        
 $$$ max, min of ps (mb) =  1030.44  492.74
 SRF variables written at  2018-07-17 10:00:00 UTC        
 SRF variables written at  2018-07-17 11:00:00 UTC        
 ATM variables written at  2018-07-17 12:00:00 UTC        
 SRF variables written at  2018-07-17 12:00:00 UTC        
 RAD variables written at  2018-07-17 12:00:00 UTC        
 SEARCH BC data for 2018071718 , step =   379200
 READY  BC from     2018071712  to 2018071718 
 $$$  2018-07-17 12:00:00 UTC        
 $$$ max, min of ps (mb) =  1031.65  492.51
 SRF variables written at  2018-07-17 13:00:00 UTC        
 SRF variables written at  2018-07-17 14:00:00 UTC        
 SRF variables written at  2018-07-17 15:00:00 UTC        
 $$$  2018-07-17 15:00:00 UTC        
 $$$ max, min of ps (mb) =  1031.11  492.03
 SRF variables written at  2018-07-17 16:00:00 UTC        
 SRF variables written at  2018-07-17 17:00:00 UTC        
 ATM variables written at  2018-07-17 18:00:00 UTC        
 SRF variables written at  2018-07-17 18:00:00 UTC        
 RAD variables written at  2018-07-17 18:00:00 UTC        
 SEARCH BC data for 2018071800 , step =   379680
 READY  BC from     2018071718  to 2018071800 
 $$$  2018-07-17 18:00:00 UTC        
 $$$ max, min of ps (mb) =  1030.34  491.64
 SRF variables written at  2018-07-17 19:00:00 UTC        
 SRF variables written at  2018-07-17 20:00:00 UTC        
 SRF variables written at  2018-07-17 21:00:00 UTC        
 $$$  2018-07-17 21:00:00 UTC        
 $$$ max, min of ps (mb) =  1030.84  491.48
 SRF variables written at  2018-07-17 22:00:00 UTC        
 SRF variables written at  2018-07-17 23:00:00 UTC        
 At  2018-07-18 00:00:00 UTC        
 JDay    198.00000 solar declination angle =  21.26428902 degrees
                   solar TSI irradiance    =    1355.8897 W/m^2
 ATM variables written at  2018-07-18 00:00:00 UTC        
 SRF variables written at  2018-07-18 00:00:00 UTC        
 STS variables written at  2018-07-18 00:00:00 UTC        
 RAD variables written at  2018-07-18 00:00:00 UTC        
 SEARCH BC data for 2018071806 , step =   380160
 READY  BC from     2018071800  to 2018071806 
 $$$  2018-07-18 00:00:00 UTC        
 $$$ max, min of ps (mb) =  1031.66  491.34
 Updating aerosol optical properties...
 SRF variables written at  2018-07-18 01:00:00 UTC        
 SRF variables written at  2018-07-18 02:00:00 UTC        
 SRF variables written at  2018-07-18 03:00:00 UTC        
 $$$  2018-07-18 03:00:00 UTC        
 $$$ max, min of ps (mb) =  1030.76  490.76
 SRF variables written at  2018-07-18 04:00:00 UTC        
 SRF variables written at  2018-07-18 05:00:00 UTC        
 ATM variables written at  2018-07-18 06:00:00 UTC        
 SRF variables written at  2018-07-18 06:00:00 UTC        
 RAD variables written at  2018-07-18 06:00:00 UTC        
 SEARCH BC data for 2018071812 , step =   380640
 READY  BC from     2018071806  to 2018071812 
 $$$  2018-07-18 06:00:00 UTC        
 $$$ max, min of ps (mb) =  1030.43  489.83
 SRF variables written at  2018-07-18 07:00:00 UTC        
 SRF variables written at  2018-07-18 08:00:00 UTC        
 SRF variables written at  2018-07-18 09:00:00 UTC        
 $$$  2018-07-18 09:00:00 UTC        
 $$$ max, min of ps (mb) =  1030.48  488.88
 SRF variables written at  2018-07-18 10:00:00 UTC        
 SRF variables written at  2018-07-18 11:00:00 UTC        
 ATM variables written at  2018-07-18 12:00:00 UTC        
 SRF variables written at  2018-07-18 12:00:00 UTC        
 RAD variables written at  2018-07-18 12:00:00 UTC        
 SEARCH BC data for 2018071818 , step =   381120
 READY  BC from     2018071812  to 2018071818 
 $$$  2018-07-18 12:00:00 UTC        
 $$$ max, min of ps (mb) =  1030.91  487.75
 SRF variables written at  2018-07-18 13:00:00 UTC        
 SRF variables written at  2018-07-18 14:00:00 UTC        
 SRF variables written at  2018-07-18 15:00:00 UTC        
 $$$  2018-07-18 15:00:00 UTC        
 $$$ max, min of ps (mb) =  1029.92  486.53
 SRF variables written at  2018-07-18 16:00:00 UTC        
 SRF variables written at  2018-07-18 17:00:00 UTC        
 ATM variables written at  2018-07-18 18:00:00 UTC        
 SRF variables written at  2018-07-18 18:00:00 UTC        
 RAD variables written at  2018-07-18 18:00:00 UTC        
 SEARCH BC data for 2018071900 , step =   381600
 READY  BC from     2018071818  to 2018071900 
 $$$  2018-07-18 18:00:00 UTC        
 $$$ max, min of ps (mb) =  1028.97  485.56
 SRF variables written at  2018-07-18 19:00:00 UTC        
 SRF variables written at  2018-07-18 20:00:00 UTC        
 SRF variables written at  2018-07-18 21:00:00 UTC        
 $$$  2018-07-18 21:00:00 UTC        
 $$$ max, min of ps (mb) =  1028.56  485.42
 SRF variables written at  2018-07-18 22:00:00 UTC        
 SRF variables written at  2018-07-18 23:00:00 UTC        
 At  2018-07-19 00:00:00 UTC        
 JDay    199.00000 solar declination angle =  21.09422296 degrees
                   solar TSI irradiance    =    1355.8897 W/m^2
 ATM variables written at  2018-07-19 00:00:00 UTC        
 SRF variables written at  2018-07-19 00:00:00 UTC        
 STS variables written at  2018-07-19 00:00:00 UTC        
 RAD variables written at  2018-07-19 00:00:00 UTC        
 SEARCH BC data for 2018071906 , step =   382080
 READY  BC from     2018071900  to 2018071906 
 $$$  2018-07-19 00:00:00 UTC        
 $$$ max, min of ps (mb) =  1029.00  485.27
 Updating aerosol optical properties...
 SRF variables written at  2018-07-19 01:00:00 UTC        
 SRF variables written at  2018-07-19 02:00:00 UTC        
 SRF variables written at  2018-07-19 03:00:00 UTC        
 $$$  2018-07-19 03:00:00 UTC        
 $$$ max, min of ps (mb) =  1028.77  484.29
 SRF variables written at  2018-07-19 04:00:00 UTC        
 SRF variables written at  2018-07-19 05:00:00 UTC        
 ATM variables written at  2018-07-19 06:00:00 UTC        
 SRF variables written at  2018-07-19 06:00:00 UTC        
 RAD variables written at  2018-07-19 06:00:00 UTC        
 SEARCH BC data for 2018071912 , step =   382560
 READY  BC from     2018071906  to 2018071912 
 $$$  2018-07-19 06:00:00 UTC        
 $$$ max, min of ps (mb) =  1028.97  483.03
 SRF variables written at  2018-07-19 07:00:00 UTC        
 SRF variables written at  2018-07-19 08:00:00 UTC        
 SRF variables written at  2018-07-19 09:00:00 UTC        
 $$$  2018-07-19 09:00:00 UTC        
 $$$ max, min of ps (mb) =  1029.23  482.62
 SRF variables written at  2018-07-19 10:00:00 UTC        
 SRF variables written at  2018-07-19 11:00:00 UTC        
 ATM variables written at  2018-07-19 12:00:00 UTC        
 SRF variables written at  2018-07-19 12:00:00 UTC        
 RAD variables written at  2018-07-19 12:00:00 UTC        
 SEARCH BC data for 2018071918 , step =   383040
 READY  BC from     2018071912  to 2018071918 
 $$$  2018-07-19 12:00:00 UTC        
 $$$ max, min of ps (mb) =  1029.68  482.63
 SRF variables written at  2018-07-19 13:00:00 UTC        
 SRF variables written at  2018-07-19 14:00:00 UTC        
 SRF variables written at  2018-07-19 15:00:00 UTC        
 $$$  2018-07-19 15:00:00 UTC        
 $$$ max, min of ps (mb) =  1029.89  482.30
 SRF variables written at  2018-07-19 16:00:00 UTC        
 SRF variables written at  2018-07-19 17:00:00 UTC        
 ATM variables written at  2018-07-19 18:00:00 UTC        
 SRF variables written at  2018-07-19 18:00:00 UTC        
 RAD variables written at  2018-07-19 18:00:00 UTC        
 SEARCH BC data for 2018072000 , step =   383520
 READY  BC from     2018071918  to 2018072000 
 $$$  2018-07-19 18:00:00 UTC        
 $$$ max, min of ps (mb) =  1030.11  482.61
 SRF variables written at  2018-07-19 19:00:00 UTC        
 SRF variables written at  2018-07-19 20:00:00 UTC        
 SRF variables written at  2018-07-19 21:00:00 UTC        
 $$$  2018-07-19 21:00:00 UTC        
 $$$ max, min of ps (mb) =  1030.68  483.72
 SRF variables written at  2018-07-19 22:00:00 UTC        
 SRF variables written at  2018-07-19 23:00:00 UTC        
 At  2018-07-20 00:00:00 UTC        
 JDay    200.00000 solar declination angle =  20.91821777 degrees
                   solar TSI irradiance    =    1355.8897 W/m^2
 ATM variables written at  2018-07-20 00:00:00 UTC        
 SRF variables written at  2018-07-20 00:00:00 UTC        
 STS variables written at  2018-07-20 00:00:00 UTC        
 RAD variables written at  2018-07-20 00:00:00 UTC        
 SEARCH BC data for 2018072006 , step =   384000
 READY  BC from     2018072000  to 2018072006 
 $$$  2018-07-20 00:00:00 UTC        
 $$$ max, min of ps (mb) =  1031.23  484.48
 Updating aerosol optical properties...
 SRF variables written at  2018-07-20 01:00:00 UTC        
 SRF variables written at  2018-07-20 02:00:00 UTC        
 SRF variables written at  2018-07-20 03:00:00 UTC        
 $$$  2018-07-20 03:00:00 UTC        
 $$$ max, min of ps (mb) =  1031.65  484.40
 SRF variables written at  2018-07-20 04:00:00 UTC        
 SRF variables written at  2018-07-20 05:00:00 UTC        
 ATM variables written at  2018-07-20 06:00:00 UTC        
 SRF variables written at  2018-07-20 06:00:00 UTC        
 RAD variables written at  2018-07-20 06:00:00 UTC        
 SEARCH BC data for 2018072012 , step =   384480
 READY  BC from     2018072006  to 2018072012 
 $$$  2018-07-20 06:00:00 UTC        
 $$$ max, min of ps (mb) =  1032.03  485.08
 SRF variables written at  2018-07-20 07:00:00 UTC        
 SRF variables written at  2018-07-20 08:00:00 UTC        
 SRF variables written at  2018-07-20 09:00:00 UTC        
 $$$  2018-07-20 09:00:00 UTC        
 $$$ max, min of ps (mb) =  1031.31  487.23
 SRF variables written at  2018-07-20 10:00:00 UTC        
 SRF variables written at  2018-07-20 11:00:00 UTC        
 ATM variables written at  2018-07-20 12:00:00 UTC        
 SRF variables written at  2018-07-20 12:00:00 UTC        
 RAD variables written at  2018-07-20 12:00:00 UTC        
 SEARCH BC data for 2018072018 , step =   384960
 READY  BC from     2018072012  to 2018072018 
 $$$  2018-07-20 12:00:00 UTC        
 $$$ max, min of ps (mb) =  1030.68  490.14
 SRF variables written at  2018-07-20 13:00:00 UTC        
