MPI startup(): shm:tmi fabric is unknown or has been removed from the product, please use ofi or shm:ofi instead.
[0] MPI startup(): I_MPI_TMI_PROVIDER variable has been removed from the product, its value is ignored

WARNING: release_mt library was used but no multi-ep feature was enabled. Please use release library instead.

  This is RegCM 5
   GIT Revision: 5.0.0 compiled at: data : Nov 06 2023  time: 16:24:22

 : this run start at  : 2023-11-16 23:02:33+0100
 : it is submitted by : mdasilva
 : it is running on   : r171c01s01
 : it is using        :          864   processors
 : in directory       : 
 /marconi/home/userexternal/mdasilva/github_projects/shell/regcm_ictp/regcm_exp/
 cyclone
                       
 CPUS DIM1 =           32
 CPUS DIM2 =           27
 
 Reading model namelist file
 Using default microphysical parameter.
 Initial date of the global simulation:  2023-05-01 00:00:00 UTC        
 Initial date of this run             :  2023-06-01 00:00:00 UTC        
 Final date of this run               :  2023-09-01 00:00:00 UTC        
 Total simulation lenght              :         2208  hours
 Timestep in seconds =   45.000000
 Reading Domain file : 
 /marconi/home/userexternal/mdasilva/user/mdasilva/cyclone/input/SAM-3km-cyclone
 _DOMAIN000.nc
 Advection timestep =    15.000 (factor  3)
 Max. Courant number for horizontal advection =    0.9538
 Sound waves timestep =     2.500 (factor  6)
 Courant number of horizontal sound waves =    0.3760
 Setting IPCC scenario to SSP585  
 Load GHG for 202306 SSP585
 Create SAV files :  T
 Create ATM files :  T
 Create RAD files :  T
 Create SRF files :  T
 Create STS files :  T
 Create SHF files :  F
 Create LAK files :  F
 Monthly new files are created
 Monthly SAV files are written
 Frequency in hours to create ATM :    6.0
 Frequency in hours to create RAD :    6.0
 Frequency in hours to create SRF :    3.0
 Frequency in hours to create LAK :    6.0
 Physical Parameterizations
  Lateral Boundary conditions :  5
  Semi-Lagrangian Advection   :  0
  Land cumulus conv. scheme   :  0
  Ocean cumulus conv. scheme  :  0
  Moisture schem              :  2
  Ocean Flux scheme           :  2
  Zeng roughness formula      :  1
  Zeng roughness method       :  1
  Coupling with ocean         :  0
  Coupling with wave          :  0
  Coupling with COP           :  0
  Pressure gradient force     :  0
  Prescribed LW emissivity    :  0
  Lake model in BATS          :  1
  Simulate diurnal sst cycle  :  0
  Simulate sea ice cover      :  0
  Enable chem/aerosol model   :  0
  Large scale LWP as convect. :  1
  Cloud fraction scheme       :  1
  Marine stratocumulus        :  0
  Climate O3 dataset          :  0
  Climate Aerosol dataset     :  3
 Boundary Pameterizations
  Num. of bndy points cross  : 30
  Num. of bndy points dot    : 30
  Nudge value high range     :  9.000000
  Nudge value medium range   :  6.000000
  Nudge value low range      :  3.000000
  Nm paramter                : -1.000000
  Dm paramter                : -1.000000
 Model Timestep Pameterizations
  time step for dynamical model in seconds :          45.000000
  time step for surface   model in seconds :         540.000000
  time step for cumulus   model in seconds :         270.000000
  time step for radiation model in seconds :        1620.000000
  time step for emission  model in seconds :       58320.000000
 Nudging coefficients F1=    0.040000, F2=    0.000000
  # Nudging coefficient profile #
     8.93       8.79       8.64       8.50       8.36       8.21       8.07    
     7.93       7.78       7.64       7.50       7.36       7.21       7.07    
     6.93       6.78       6.64       6.50       6.36       6.21       6.07    
     5.95       5.84       5.74       5.64       5.53       5.43       5.32    
     5.22       5.12       5.01       4.91       4.81       4.70       4.60    
     4.50       4.39       4.29       4.19       4.08       3.98       3.88    
     3.77       3.67       3.57       3.46       3.36       3.26       3.15    
     3.15       3.05    
 Model top at    25000.0000000000       m
 Domain grid parameters:
  Map Projection        : ROTLLR
  Dot Grid Full Extent  : 1231x1231x 50
  Model Grid Spacing    :    3.335968 km
  Proj Center Latitude  :  -30.000000 deg
  Proj Center longitude :  303.000000 deg
  Pole Latitude         :  -70.600000 deg
  Pole longitude        :  123.940000 deg
 Holtslag PBL Scheme
  ricr_ocn     =    0.250000
  ricr_lnd     =    0.250000
  zhnew_fac    =    0.250000
  ifaholt      =  0
  ifaholtth10  =  2
  holtth10iter =    1
 Cloud fraction schemes parameters
  # of bottom no cloud model levels :  1
  Maximum relative humidity         :    1.010000
  Minimum relative humidity         :    0.010000
  Maximum total cloud cover for rad :    0.750000
  Conv. CF UMF factor deep cumulus  :    0.140000
  Conv. CF UMF factor deep cumulus  :    0.140000
  Conv. CF UMF factor k2            :  500.000000
  Surface radiation hack            :           F
  Vavrus-Waliser Arctic cloud fix   :           T
 Convective Cloud Cover parameters after resolution scaling
  Maximum Convective Cloud Cover :    1.000000
  Convective Cloud Water         :    0.000300
 The surface energy budget is used to calculate the ground temperature.
 The radiation is computed every   27. minutes.
 Relaxation boundary conditions (exponential method)
  # Ozone profiles restart #
    0.884E-05  0.699E-05  0.602E-05  0.492E-05  0.377E-05  0.282E-05  0.209E-05
    0.158E-05  0.124E-05  0.984E-06  0.761E-06  0.571E-06  0.428E-06  0.322E-06
    0.253E-06  0.206E-06  0.170E-06  0.147E-06  0.129E-06  0.115E-06  0.104E-06
    0.941E-07  0.867E-07  0.809E-07  0.753E-07  0.717E-07  0.682E-07  0.649E-07
    0.629E-07  0.609E-07  0.591E-07  0.575E-07  0.564E-07  0.553E-07  0.544E-07
    0.534E-07  0.526E-07  0.521E-07  0.517E-07  0.513E-07  0.509E-07  0.505E-07
    0.501E-07  0.498E-07  0.496E-07  0.496E-07  0.496E-07  0.496E-07  0.496E-07
    0.496E-07  0.496E-07  0.496E-07
 READY BC DATA for  2023-06-01 00:00:00 UTC        
 SEARCH BC data for 2023060106 , step =    59520
 READY  BC from     2023060100  to 2023060106 
 Successfully read restart file at time =  2023-06-01 00:00:00 UTC        
 Read solar forcing total irradiance data...
 Updating orbit parameters at  2023-06-01 00:00:00 UTC        
 At  2023-06-01 00:00:00 UTC        
 JDay    151.00000 solar declination angle =  21.82141596 degrees
                   solar TSI irradiance    =    1356.6931 W/m^2
 CLM version: 4.5 - RegCM 5.0.0
 Attempting to initialize the land model .....
 Mask given by RegCM model has a total of       787934  land points
 Attempting to initialize run control settings .....
 Read in clm_inparm namelist from: 
 /marconi/home/userexternal/mdasilva/github_projects/shell/regcm_ictp/regcm_exp/
 cyclone/SAM_3km_CP_cyclone_RegCM5_ERA5.in
 Read in clm_hydrology1_inparm namelist
 Read in clm_soilhydrology_inparm namelist
 Successfully initialized run control settings
 
 define run:
    source                = Community Land Model CLM4.5
    model_version         = 5.0.0
    run type              = restart
    case title            = RegCM driven CLM4.5
    username              = mdasilva
    hostname              = r171c01s01
 input data files:
    PFT physiology = 
 /marconi_work/ICT23_ESP/RCMDATA/CLM45/pftdata/pft-physiology.c130503.nc
    surface data   = 
 /marconi/home/userexternal/mdasilva/user/mdasilva/cyclone/input/SAM-3km-cyclone
 _CLM45_surface.nc
    land frac data = 
 /marconi/home/userexternal/mdasilva/user/mdasilva/cyclone/input/SAM-3km-cyclone
 _DOMAIN000.nc
    enable_megan_emission                                 :  F
    enable_urban_landunit                                 :  T
    enable_more_crop_pft                                  :  F
    SNICAR optical = 
 /marconi_work/ICT23_ESP/RCMDATA/CLM45/snicardata/snicar_optics_5bnd_c090915.nc
    SNICAR aging = 
 /marconi_work/ICT23_ESP/RCMDATA/CLM45/snicardata/snicar_drdt_bst_fit_60_c070416
 .nc
    restart data   = using a restart file
    atmospheric forcing data is from RegCM atm model
 Large file support for output files is ON
 model physics parameters:
    flag for random perturbation test is not set
    CO2 volume mixing ratio   (umol/mol)   =    355.000000000000     
    land albedos  (unitless 0-1)   =   0.800000000000000     
    ice albedos   (unitless 0-1)   =   0.550000000000000     
    urban air conditioning/heating and wasteheat   = OFF             
    urban traffic flux   =  F
    more vertical layers =  F
 restart warning:
    Namelist not checked for agreement with initial run.
    Namelist should not differ except for ending time step and run type
    maxpatch_pft         =           17
    allocate_all_vegpfts =  T
    perchroot (PWS based on unfrozen layers only) =  F
    perchroot (PWS based on time-integrated active layer only) =  F
 
 Lake Model Namelists:
 Hostetler eddy increase low    :    25.0000000000000     
 Hostetler eddy increase factor :    10.0000000000000     
 Albedo melting lakes (visible) :  0.100000000000000     
 Albedo melting lakes (NIR)     :  0.100000000000000     
 Attempting to read ldomain from 
 /marconi/home/userexternal/mdasilva/user/mdasilva/cyclone/input/SAM-3km-cyclone
 _DOMAIN000.nc
   domain_check set       = domain_set
   domain_check decomped  =  T
   domain_check ns        =      1507984
   domain_check ni,nj     =         1228        1228
   domain_check clmlevel  = gridcell
   domain_check nbeg,nend =            1         911
   domain_check lonc      =   -74.6807960876584       -66.0934343115882     
   domain_check latc      =   -48.1949975808358       -47.5449012773493     
   domain_check mask      =            1           1
   domain_check frac      =    100.000000000000        100.000000000000     
   domain_check topo      =    20.8630202024171        1853.32043752779     
   domain_check area      =    9.73126675810302        9.74255319652940     
   domain_check pftm      =            1           1
  
  Reading in urban input data from surface data file ...
  UrbanInput : 
 /marconi/home/userexternal/mdasilva/user/mdasilva/cyclone/input/SAM-3km-cyclone
 _CLM45_surface.nc
  Sucessfully read urban input data
 
 Attempting to read PFT physiological data .....
 Successfully read PFT physiological data
 Attempting to read surface boundary data .....
 Checked LAT/LON compliance
 Successfully read surface boundary data
 
  Surface Grid Characteristics
    total number of gridcells =       787934
    total number of landunits =      1656812
    total number of columns   =      2694763
    total number of pfts      =     13719917
  
 ---clm_ptrs_check:
    clm_ptrs_check: g index ranges - OK
    clm_ptrs_check: l index ranges - OK
    clm_ptrs_check: c index ranges - OK
    clm_ptrs_check: p index ranges - OK
    clm_ptrs_check: g mono increasing - OK
    clm_ptrs_check: l mono increasing - OK
    clm_ptrs_check: c mono increasing - OK
    clm_ptrs_check: p mono increasing - OK
    clm_ptrs_check: tree consistent - OK
  
 Attempting to initialize time invariant variables
 Attempting to read soil color, sand and clay boundary data .....
 WARNING:: ETALAKE not found on surface data set.
 All lake columns will have eta set equal to default value
 WARNING:: LAKEFETCH not found on surface data set.
 All lake columns will have fetch set equal to default value
 Successfully read fmax, soil color, sand and clay boundary data
 
 Attempting to read organic matter data .....
  organicrd : 
 /marconi/home/userexternal/mdasilva/user/mdasilva/cyclone/input/SAM-3km-cyclone
 _CLM45_surface.nc
 Successfully read organic matter data
 
  # zsoi #
    0.710E-02  0.279E-01  0.623E-01  0.119      0.212      0.366      0.620    
     1.04       1.73       2.86       4.74       7.83       12.9       21.3    
     21.3       35.2    
  # zisoi #
     0.00      0.175E-01  0.451E-01  0.906E-01  0.166      0.289      0.493    
    0.829       1.38       2.30       3.80       6.28       10.4       17.1    
     17.1       28.3       42.1    
  # dzsoi #
    0.175E-01  0.276E-01  0.455E-01  0.750E-01  0.124      0.204      0.336    
    0.554      0.913       1.51       2.48       4.09       6.75       11.1    
     11.1       13.9    
 dzsoi_decomp   1.00000000000000     
 Set     1 100% special land-units points to zero slope
 Set    29 100% special land-units points to zero slope
 Set     2 100% special land-units points to zero slope
 Set     1 100% special land-units points to zero slope
 Set     2 100% special land-units points to zero slope
 Set     1 100% special land-units points to zero slope
 Set     2 100% special land-units points to zero slope
 Set     1 100% special land-units points to zero slope
 Set     4 100% special land-units points to zero slope
 Set     4 100% special land-units points to zero slope
 Set     1 100% special land-units points to zero slope
 Set     1 100% special land-units points to zero slope
 Set    28 100% special land-units points to zero slope
 Set    11 100% special land-units points to zero slope
 Set     2 100% special land-units points to zero slope
 Attempting to read snow optical properties .....
 Set     3 100% special land-units points to zero slope
 Set     2 100% special land-units points to zero slope
 Set     1 100% special land-units points to zero slope
 Set     1 100% special land-units points to zero slope
 Set     1 100% special land-units points to zero slope
 Set     3 100% special land-units points to zero slope
 Set     4 100% special land-units points to zero slope
 Set    10 100% special land-units points to zero slope
 Set     6 100% special land-units points to zero slope
 Set     1 100% special land-units points to zero slope
 Set     1 100% special land-units points to zero slope
 Set     4 100% special land-units points to zero slope
 SnowOptics_init : 
 /marconi_work/ICT23_ESP/RCMDATA/CLM45/snicardata/snicar_optics_5bnd_c090915.nc
 Set     2 100% special land-units points to zero slope
 Set     3 100% special land-units points to zero slope
 Set     2 100% special land-units points to zero slope
 Set     5 100% special land-units points to zero slope
 Set     1 100% special land-units points to zero slope
 Set     1 100% special land-units points to zero slope
 Set     2 100% special land-units points to zero slope
 Set     1 100% special land-units points to zero slope
 Set     2 100% special land-units points to zero slope
 Set     3 100% special land-units points to zero slope
 Set     3 100% special land-units points to zero slope
 Set     4 100% special land-units points to zero slope
 Set     5 100% special land-units points to zero slope
 Set     2 100% special land-units points to zero slope
 Set     1 100% special land-units points to zero slope
 Set     4 100% special land-units points to zero slope
 Set    10 100% special land-units points to zero slope
 Set     2 100% special land-units points to zero slope
 Set     2 100% special land-units points to zero slope
 Set     2 100% special land-units points to zero slope
 Set    15 100% special land-units points to zero slope
 Set     5 100% special land-units points to zero slope
 Set     1 100% special land-units points to zero slope
 Set    10 100% special land-units points to zero slope
 Set     1 100% special land-units points to zero slope
 Set     2 100% special land-units points to zero slope
 Set     2 100% special land-units points to zero slope
 Set     1 100% special land-units points to zero slope
 Set     5 100% special land-units points to zero slope
 Set     3 100% special land-units points to zero slope
 Set     2 100% special land-units points to zero slope
 Set    15 100% special land-units points to zero slope
 Set     3 100% special land-units points to zero slope
 Set     3 100% special land-units points to zero slope
 Set    15 100% special land-units points to zero slope
 Set     2 100% special land-units points to zero slope
 Set    30 100% special land-units points to zero slope
 Set    31 100% special land-units points to zero slope
 Set     7 100% special land-units points to zero slope
 Set     3 100% special land-units points to zero slope
 Set     2 100% special land-units points to zero slope
 Set    10 100% special land-units points to zero slope
 Set    25 100% special land-units points to zero slope
 Set     1 100% special land-units points to zero slope
 Set    16 100% special land-units points to zero slope
 Set    10 100% special land-units points to zero slope
 Set    20 100% special land-units points to zero slope
 Set    13 100% special land-units points to zero slope
 Set     3 100% special land-units points to zero slope
 Set     2 100% special land-units points to zero slope
 Set     3 100% special land-units points to zero slope
 Set    10 100% special land-units points to zero slope
 Set     7 100% special land-units points to zero slope
 Set    10 100% special land-units points to zero slope
 Set     1 100% special land-units points to zero slope
 Set     3 100% special land-units points to zero slope
 Set     1 100% special land-units points to zero slope
 Set    11 100% special land-units points to zero slope
 Set     4 100% special land-units points to zero slope
 Set    10 100% special land-units points to zero slope
 Set     3 100% special land-units points to zero slope
 Set     4 100% special land-units points to zero slope
 Set    40 100% special land-units points to zero slope
 Set     1 100% special land-units points to zero slope
 Set     1 100% special land-units points to zero slope
 Set    10 100% special land-units points to zero slope
 Set    20 100% special land-units points to zero slope
 Set     1 100% special land-units points to zero slope
 Set    15 100% special land-units points to zero slope
 Set    10 100% special land-units points to zero slope
 Set     2 100% special land-units points to zero slope
 Set     3 100% special land-units points to zero slope
 Set    10 100% special land-units points to zero slope
 Set     1 100% special land-units points to zero slope
 Set    25 100% special land-units points to zero slope
 Set     1 100% special land-units points to zero slope
 Set     1 100% special land-units points to zero slope
 Successfully read snow optical properties
 Set     1 100% special land-units points to zero slope
 Attempting to read snow aging parameters .....
 Set     2 100% special land-units points to zero slope
 Set    35 100% special land-units points to zero slope
 Set     2 100% special land-units points to zero slope
 Successfully read snow aging properties
 Successfully initialized time invariant variables
 CLM_hist_printflds : number of master fields =          241
 There will be a total of            1  history tapes
 History tape            1  write frequency is MONTHLY
 All fields on history tape            1  are grid averaged
 Output precision on history tape            1 =           2
 Reading restart dataset at 
 /marconi/home/userexternal/mdasilva/user/mdasilva/cyclone/output//SAM-3km-cyclo
 ne.clm.regcm.r.2023060100.nc
 Successfully read restart data for restart run
 Attempting to initialize time invariant variables for lakes
 CLM timestep appears to differ from 1800s. 
 Adjusting minimum snow layer thickness over lakes to maintain stability.
 New minimum thickness is   2.190890230020665E-002 .
 Successfully initialized time invariant variables for lakes
 Setting initial data to non-spun up values for lake points
 Successfully initialized the land model
 begin continuation run at: 2023-06-01 00:00:00 UTC
 Attempting to read monthly vegetation data .....
 At  2023-06-01 00:00:00 UTC
 Month =            6  Day =            1
 Reading months :            5           6
 Successfully read monthly vegetation data for
 month            6
 Opening new output file 
 /marconi/home/userexternal/mdasilva/user/mdasilva/cyclone/output//SAM-3km-cyclo
 ne_ATM.2023060100.nc
 Opening new output file 
 /marconi/home/userexternal/mdasilva/user/mdasilva/cyclone/output//SAM-3km-cyclo
 ne_SRF.2023060100.nc
 Opening new output file 
 /marconi/home/userexternal/mdasilva/user/mdasilva/cyclone/output//SAM-3km-cyclo
 ne_STS.2023060100.nc
 Opening new output file 
 /marconi/home/userexternal/mdasilva/user/mdasilva/cyclone/output//SAM-3km-cyclo
 ne_RAD.2023060100.nc
 $$$  2023-06-01 00:00:00 UTC        
 $$$ max, min of ps (mb) =  1029.15  499.48
 Updating aerosol optical properties...
 SRF variables written at  2023-06-01 03:00:00 UTC        
 $$$  2023-06-01 03:00:00 UTC        
 $$$ max, min of ps (mb) =  1028.21  499.38
 ATM variables written at  2023-06-01 06:00:00 UTC        
 SRF variables written at  2023-06-01 06:00:00 UTC        
 RAD variables written at  2023-06-01 06:00:00 UTC        
 SEARCH BC data for 2023060112 , step =    60000
 READY  BC from     2023060106  to 2023060112 
 $$$  2023-06-01 06:00:00 UTC        
 $$$ max, min of ps (mb) =  1027.53  499.20
 SRF variables written at  2023-06-01 09:00:00 UTC        
 $$$  2023-06-01 09:00:00 UTC        
 $$$ max, min of ps (mb) =  1027.39  499.11
 ATM variables written at  2023-06-01 12:00:00 UTC        
 SRF variables written at  2023-06-01 12:00:00 UTC        
 RAD variables written at  2023-06-01 12:00:00 UTC        
 SEARCH BC data for 2023060118 , step =    60480
 READY  BC from     2023060112  to 2023060118 
 $$$  2023-06-01 12:00:00 UTC        
 $$$ max, min of ps (mb) =  1027.29  499.17
 SRF variables written at  2023-06-01 15:00:00 UTC        
 $$$  2023-06-01 15:00:00 UTC        
 $$$ max, min of ps (mb) =  1025.50  498.90
 ATM variables written at  2023-06-01 18:00:00 UTC        
 SRF variables written at  2023-06-01 18:00:00 UTC        
 RAD variables written at  2023-06-01 18:00:00 UTC        
 SEARCH BC data for 2023060200 , step =    60960
 READY  BC from     2023060118  to 2023060200 
 $$$  2023-06-01 18:00:00 UTC        
 $$$ max, min of ps (mb) =  1023.61  498.77
 SRF variables written at  2023-06-01 21:00:00 UTC        
 $$$  2023-06-01 21:00:00 UTC        
 $$$ max, min of ps (mb) =  1023.34  498.60
 At  2023-06-02 00:00:00 UTC        
 JDay    152.00000 solar declination angle =  21.96432266 degrees
                   solar TSI irradiance    =    1356.6931 W/m^2
 ATM variables written at  2023-06-02 00:00:00 UTC        
 SRF variables written at  2023-06-02 00:00:00 UTC        
 STS variables written at  2023-06-02 00:00:00 UTC        
 RAD variables written at  2023-06-02 00:00:00 UTC        
 SEARCH BC data for 2023060206 , step =    61440
 READY  BC from     2023060200  to 2023060206 
 $$$  2023-06-02 00:00:00 UTC        
 $$$ max, min of ps (mb) =  1022.83  498.52
 Updating aerosol optical properties...
 SRF variables written at  2023-06-02 03:00:00 UTC        
 $$$  2023-06-02 03:00:00 UTC        
 $$$ max, min of ps (mb) =  1021.07  498.16
 ATM variables written at  2023-06-02 06:00:00 UTC        
 SRF variables written at  2023-06-02 06:00:00 UTC        
 RAD variables written at  2023-06-02 06:00:00 UTC        
 SEARCH BC data for 2023060212 , step =    61920
 READY  BC from     2023060206  to 2023060212 
 $$$  2023-06-02 06:00:00 UTC        
 $$$ max, min of ps (mb) =  1020.50  497.79
 SRF variables written at  2023-06-02 09:00:00 UTC        
 $$$  2023-06-02 09:00:00 UTC        
 $$$ max, min of ps (mb) =  1021.39  497.46
 ATM variables written at  2023-06-02 12:00:00 UTC        
 SRF variables written at  2023-06-02 12:00:00 UTC        
 RAD variables written at  2023-06-02 12:00:00 UTC        
 SEARCH BC data for 2023060218 , step =    62400
 READY  BC from     2023060212  to 2023060218 
 $$$  2023-06-02 12:00:00 UTC        
 $$$ max, min of ps (mb) =  1021.88  497.35
 SRF variables written at  2023-06-02 15:00:00 UTC        
 $$$  2023-06-02 15:00:00 UTC        
 $$$ max, min of ps (mb) =  1020.84  497.12
 ATM variables written at  2023-06-02 18:00:00 UTC        
 SRF variables written at  2023-06-02 18:00:00 UTC        
 RAD variables written at  2023-06-02 18:00:00 UTC        
 SEARCH BC data for 2023060300 , step =    62880
 READY  BC from     2023060218  to 2023060300 
 $$$  2023-06-02 18:00:00 UTC        
 $$$ max, min of ps (mb) =  1020.04  497.05
 SRF variables written at  2023-06-02 21:00:00 UTC        
 $$$  2023-06-02 21:00:00 UTC        
 $$$ max, min of ps (mb) =  1020.89  497.38
 At  2023-06-03 00:00:00 UTC        
 JDay    153.00000 solar declination angle =  22.10086306 degrees
                   solar TSI irradiance    =    1356.6931 W/m^2
 ATM variables written at  2023-06-03 00:00:00 UTC        
 SRF variables written at  2023-06-03 00:00:00 UTC        
 STS variables written at  2023-06-03 00:00:00 UTC        
 RAD variables written at  2023-06-03 00:00:00 UTC        
 SEARCH BC data for 2023060306 , step =    63360
 READY  BC from     2023060300  to 2023060306 
 $$$  2023-06-03 00:00:00 UTC        
 $$$ max, min of ps (mb) =  1021.65  497.35
 Updating aerosol optical properties...
 SRF variables written at  2023-06-03 03:00:00 UTC        
 $$$  2023-06-03 03:00:00 UTC        
 $$$ max, min of ps (mb) =  1021.04  497.09
 ATM variables written at  2023-06-03 06:00:00 UTC        
 SRF variables written at  2023-06-03 06:00:00 UTC        
 RAD variables written at  2023-06-03 06:00:00 UTC        
 SEARCH BC data for 2023060312 , step =    63840
 READY  BC from     2023060306  to 2023060312 
 $$$  2023-06-03 06:00:00 UTC        
 $$$ max, min of ps (mb) =  1020.16  496.84
 SRF variables written at  2023-06-03 09:00:00 UTC        
 $$$  2023-06-03 09:00:00 UTC        
 $$$ max, min of ps (mb) =  1021.36  496.94
 ATM variables written at  2023-06-03 12:00:00 UTC        
 SRF variables written at  2023-06-03 12:00:00 UTC        
 RAD variables written at  2023-06-03 12:00:00 UTC        
 SEARCH BC data for 2023060318 , step =    64320
 READY  BC from     2023060312  to 2023060318 
 $$$  2023-06-03 12:00:00 UTC        
 $$$ max, min of ps (mb) =  1022.97  497.17
 SRF variables written at  2023-06-03 15:00:00 UTC        
 $$$  2023-06-03 15:00:00 UTC        
 $$$ max, min of ps (mb) =  1022.24  496.97
 ATM variables written at  2023-06-03 18:00:00 UTC        
 SRF variables written at  2023-06-03 18:00:00 UTC        
 RAD variables written at  2023-06-03 18:00:00 UTC        
 SEARCH BC data for 2023060400 , step =    64800
 READY  BC from     2023060318  to 2023060400 
 $$$  2023-06-03 18:00:00 UTC        
 $$$ max, min of ps (mb) =  1021.68  497.04
 SRF variables written at  2023-06-03 21:00:00 UTC        
 $$$  2023-06-03 21:00:00 UTC        
 $$$ max, min of ps (mb) =  1022.26  497.13
 At  2023-06-04 00:00:00 UTC        
 JDay    154.00000 solar declination angle =  22.23098836 degrees
                   solar TSI irradiance    =    1356.6931 W/m^2
 ATM variables written at  2023-06-04 00:00:00 UTC        
 SRF variables written at  2023-06-04 00:00:00 UTC        
 STS variables written at  2023-06-04 00:00:00 UTC        
 RAD variables written at  2023-06-04 00:00:00 UTC        
 SEARCH BC data for 2023060406 , step =    65280
 READY  BC from     2023060400  to 2023060406 
 $$$  2023-06-04 00:00:00 UTC        
 $$$ max, min of ps (mb) =  1023.28  497.14
 Updating aerosol optical properties...
 SRF variables written at  2023-06-04 03:00:00 UTC        
 $$$  2023-06-04 03:00:00 UTC        
 $$$ max, min of ps (mb) =  1024.43  497.29
 ATM variables written at  2023-06-04 06:00:00 UTC        
 SRF variables written at  2023-06-04 06:00:00 UTC        
 RAD variables written at  2023-06-04 06:00:00 UTC        
 SEARCH BC data for 2023060412 , step =    65760
 READY  BC from     2023060406  to 2023060412 
 $$$  2023-06-04 06:00:00 UTC        
 $$$ max, min of ps (mb) =  1024.22  497.16
 SRF variables written at  2023-06-04 09:00:00 UTC        
 $$$  2023-06-04 09:00:00 UTC        
 $$$ max, min of ps (mb) =  1024.08  497.34
 ATM variables written at  2023-06-04 12:00:00 UTC        
 SRF variables written at  2023-06-04 12:00:00 UTC        
 RAD variables written at  2023-06-04 12:00:00 UTC        
 SEARCH BC data for 2023060418 , step =    66240
 READY  BC from     2023060412  to 2023060418 
 $$$  2023-06-04 12:00:00 UTC        
 $$$ max, min of ps (mb) =  1024.66  497.56
 SRF variables written at  2023-06-04 15:00:00 UTC        
 $$$  2023-06-04 15:00:00 UTC        
 $$$ max, min of ps (mb) =  1025.21  497.76
 ATM variables written at  2023-06-04 18:00:00 UTC        
 SRF variables written at  2023-06-04 18:00:00 UTC        
 RAD variables written at  2023-06-04 18:00:00 UTC        
 SEARCH BC data for 2023060500 , step =    66720
 READY  BC from     2023060418  to 2023060500 
 $$$  2023-06-04 18:00:00 UTC        
 $$$ max, min of ps (mb) =  1025.44  497.95
 SRF variables written at  2023-06-04 21:00:00 UTC        
 $$$  2023-06-04 21:00:00 UTC        
 $$$ max, min of ps (mb) =  1025.03  498.15
 At  2023-06-05 00:00:00 UTC        
 JDay    155.00000 solar declination angle =  22.35465189 degrees
                   solar TSI irradiance    =    1356.6931 W/m^2
 ATM variables written at  2023-06-05 00:00:00 UTC        
 SRF variables written at  2023-06-05 00:00:00 UTC        
 STS variables written at  2023-06-05 00:00:00 UTC        
 RAD variables written at  2023-06-05 00:00:00 UTC        
 SEARCH BC data for 2023060506 , step =    67200
 READY  BC from     2023060500  to 2023060506 
 $$$  2023-06-05 00:00:00 UTC        
 $$$ max, min of ps (mb) =  1025.12  498.38
 Updating aerosol optical properties...
 SRF variables written at  2023-06-05 03:00:00 UTC        
 $$$  2023-06-05 03:00:00 UTC        
 $$$ max, min of ps (mb) =  1025.11  498.44
 ATM variables written at  2023-06-05 06:00:00 UTC        
 SRF variables written at  2023-06-05 06:00:00 UTC        
 RAD variables written at  2023-06-05 06:00:00 UTC        
 SEARCH BC data for 2023060512 , step =    67680
 READY  BC from     2023060506  to 2023060512 
 $$$  2023-06-05 06:00:00 UTC        
 $$$ max, min of ps (mb) =  1025.28  498.52
 SRF variables written at  2023-06-05 09:00:00 UTC        
 $$$  2023-06-05 09:00:00 UTC        
 $$$ max, min of ps (mb) =  1025.67  498.27
 ATM variables written at  2023-06-05 12:00:00 UTC        
 SRF variables written at  2023-06-05 12:00:00 UTC        
 RAD variables written at  2023-06-05 12:00:00 UTC        
 SEARCH BC data for 2023060518 , step =    68160
 READY  BC from     2023060512  to 2023060518 
 $$$  2023-06-05 12:00:00 UTC        
 $$$ max, min of ps (mb) =  1026.25  498.64
 SRF variables written at  2023-06-05 15:00:00 UTC        
 $$$  2023-06-05 15:00:00 UTC        
 $$$ max, min of ps (mb) =  1025.28  498.81
 ATM variables written at  2023-06-05 18:00:00 UTC        
 SRF variables written at  2023-06-05 18:00:00 UTC        
 RAD variables written at  2023-06-05 18:00:00 UTC        
 SEARCH BC data for 2023060600 , step =    68640
 READY  BC from     2023060518  to 2023060600 
 $$$  2023-06-05 18:00:00 UTC        
 $$$ max, min of ps (mb) =  1023.99  499.18
 SRF variables written at  2023-06-05 21:00:00 UTC        
 $$$  2023-06-05 21:00:00 UTC        
 $$$ max, min of ps (mb) =  1022.95  499.00
 At  2023-06-06 00:00:00 UTC        
 JDay    156.00000 solar declination angle =  22.47180921 degrees
                   solar TSI irradiance    =    1356.6931 W/m^2
 ATM variables written at  2023-06-06 00:00:00 UTC        
 SRF variables written at  2023-06-06 00:00:00 UTC        
 STS variables written at  2023-06-06 00:00:00 UTC        
 RAD variables written at  2023-06-06 00:00:00 UTC        
 SEARCH BC data for 2023060606 , step =    69120
 READY  BC from     2023060600  to 2023060606 
 $$$  2023-06-06 00:00:00 UTC        
 $$$ max, min of ps (mb) =  1023.16  498.99
 Updating aerosol optical properties...
 SRF variables written at  2023-06-06 03:00:00 UTC        
 $$$  2023-06-06 03:00:00 UTC        
 $$$ max, min of ps (mb) =  1022.68  498.91
 ATM variables written at  2023-06-06 06:00:00 UTC        
 SRF variables written at  2023-06-06 06:00:00 UTC        
 RAD variables written at  2023-06-06 06:00:00 UTC        
 SEARCH BC data for 2023060612 , step =    69600
 READY  BC from     2023060606  to 2023060612 
 $$$  2023-06-06 06:00:00 UTC        
 $$$ max, min of ps (mb) =  1021.59  498.74
 SRF variables written at  2023-06-06 09:00:00 UTC        
 $$$  2023-06-06 09:00:00 UTC        
 $$$ max, min of ps (mb) =  1021.91  498.70
 ATM variables written at  2023-06-06 12:00:00 UTC        
 SRF variables written at  2023-06-06 12:00:00 UTC        
 RAD variables written at  2023-06-06 12:00:00 UTC        
 SEARCH BC data for 2023060618 , step =    70080
 READY  BC from     2023060612  to 2023060618 
 $$$  2023-06-06 12:00:00 UTC        
 $$$ max, min of ps (mb) =  1022.07  498.53
 SRF variables written at  2023-06-06 15:00:00 UTC        
 $$$  2023-06-06 15:00:00 UTC        
 $$$ max, min of ps (mb) =  1021.34  498.44
 ATM variables written at  2023-06-06 18:00:00 UTC        
 SRF variables written at  2023-06-06 18:00:00 UTC        
 RAD variables written at  2023-06-06 18:00:00 UTC        
 SEARCH BC data for 2023060700 , step =    70560
 READY  BC from     2023060618  to 2023060700 
 $$$  2023-06-06 18:00:00 UTC        
 $$$ max, min of ps (mb) =  1020.28  498.27
 SRF variables written at  2023-06-06 21:00:00 UTC        
 $$$  2023-06-06 21:00:00 UTC        
 $$$ max, min of ps (mb) =  1020.76  497.83
 At  2023-06-07 00:00:00 UTC        
 JDay    157.00000 solar declination angle =  22.58241817 degrees
                   solar TSI irradiance    =    1356.6931 W/m^2
 ATM variables written at  2023-06-07 00:00:00 UTC        
 SRF variables written at  2023-06-07 00:00:00 UTC        
 STS variables written at  2023-06-07 00:00:00 UTC        
 RAD variables written at  2023-06-07 00:00:00 UTC        
 SEARCH BC data for 2023060706 , step =    71040
 READY  BC from     2023060700  to 2023060706 
 $$$  2023-06-07 00:00:00 UTC        
 $$$ max, min of ps (mb) =  1021.56  498.07
 Updating aerosol optical properties...
 SRF variables written at  2023-06-07 03:00:00 UTC        
 $$$  2023-06-07 03:00:00 UTC        
 $$$ max, min of ps (mb) =  1021.21  498.10
 ATM variables written at  2023-06-07 06:00:00 UTC        
 SRF variables written at  2023-06-07 06:00:00 UTC        
 RAD variables written at  2023-06-07 06:00:00 UTC        
 SEARCH BC data for 2023060712 , step =    71520
 READY  BC from     2023060706  to 2023060712 
 $$$  2023-06-07 06:00:00 UTC        
 $$$ max, min of ps (mb) =  1021.03  498.01
 SRF variables written at  2023-06-07 09:00:00 UTC        
 $$$  2023-06-07 09:00:00 UTC        
 $$$ max, min of ps (mb) =  1022.14  498.06
 ATM variables written at  2023-06-07 12:00:00 UTC        
 SRF variables written at  2023-06-07 12:00:00 UTC        
 RAD variables written at  2023-06-07 12:00:00 UTC        
 SEARCH BC data for 2023060718 , step =    72000
 READY  BC from     2023060712  to 2023060718 
 $$$  2023-06-07 12:00:00 UTC        
 $$$ max, min of ps (mb) =  1023.43  498.10
 SRF variables written at  2023-06-07 15:00:00 UTC        
 $$$  2023-06-07 15:00:00 UTC        
 $$$ max, min of ps (mb) =  1022.53  498.00
 ATM variables written at  2023-06-07 18:00:00 UTC        
 SRF variables written at  2023-06-07 18:00:00 UTC        
 RAD variables written at  2023-06-07 18:00:00 UTC        
 SEARCH BC data for 2023060800 , step =    72480
 READY  BC from     2023060718  to 2023060800 
 $$$  2023-06-07 18:00:00 UTC        
 $$$ max, min of ps (mb) =  1021.54  498.39
 SRF variables written at  2023-06-07 21:00:00 UTC        
 $$$  2023-06-07 21:00:00 UTC        
 $$$ max, min of ps (mb) =  1022.51  498.73
 At  2023-06-08 00:00:00 UTC        
 JDay    158.00000 solar declination angle =  22.68643890 degrees
                   solar TSI irradiance    =    1356.6931 W/m^2
 ATM variables written at  2023-06-08 00:00:00 UTC        
 SRF variables written at  2023-06-08 00:00:00 UTC        
 STS variables written at  2023-06-08 00:00:00 UTC        
 RAD variables written at  2023-06-08 00:00:00 UTC        
 SEARCH BC data for 2023060806 , step =    72960
 READY  BC from     2023060800  to 2023060806 
 $$$  2023-06-08 00:00:00 UTC        
 $$$ max, min of ps (mb) =  1023.52  498.79
 Updating aerosol optical properties...
 SRF variables written at  2023-06-08 03:00:00 UTC        
 $$$  2023-06-08 03:00:00 UTC        
 $$$ max, min of ps (mb) =  1022.78  499.02
 ATM variables written at  2023-06-08 06:00:00 UTC        
 SRF variables written at  2023-06-08 06:00:00 UTC        
 RAD variables written at  2023-06-08 06:00:00 UTC        
 SEARCH BC data for 2023060812 , step =    73440
 READY  BC from     2023060806  to 2023060812 
 $$$  2023-06-08 06:00:00 UTC        
 $$$ max, min of ps (mb) =  1022.22  499.08
 SRF variables written at  2023-06-08 09:00:00 UTC        
 $$$  2023-06-08 09:00:00 UTC        
 $$$ max, min of ps (mb) =  1023.24  499.18
 ATM variables written at  2023-06-08 12:00:00 UTC        
 SRF variables written at  2023-06-08 12:00:00 UTC        
 RAD variables written at  2023-06-08 12:00:00 UTC        
 SEARCH BC data for 2023060818 , step =    73920
 READY  BC from     2023060812  to 2023060818 
 $$$  2023-06-08 12:00:00 UTC        
 $$$ max, min of ps (mb) =  1024.30  499.50
 SRF variables written at  2023-06-08 15:00:00 UTC        
 $$$  2023-06-08 15:00:00 UTC        
 $$$ max, min of ps (mb) =  1023.26  499.63
 ATM variables written at  2023-06-08 18:00:00 UTC        
 SRF variables written at  2023-06-08 18:00:00 UTC        
 RAD variables written at  2023-06-08 18:00:00 UTC        
 SEARCH BC data for 2023060900 , step =    74400
 READY  BC from     2023060818  to 2023060900 
 $$$  2023-06-08 18:00:00 UTC        
 $$$ max, min of ps (mb) =  1022.12  499.53
 SRF variables written at  2023-06-08 21:00:00 UTC        
 $$$  2023-06-08 21:00:00 UTC        
 $$$ max, min of ps (mb) =  1022.79  499.78
 At  2023-06-09 00:00:00 UTC        
 JDay    159.00000 solar declination angle =  22.78383393 degrees
                   solar TSI irradiance    =    1356.6931 W/m^2
 ATM variables written at  2023-06-09 00:00:00 UTC        
 SRF variables written at  2023-06-09 00:00:00 UTC        
 STS variables written at  2023-06-09 00:00:00 UTC        
 RAD variables written at  2023-06-09 00:00:00 UTC        
 SEARCH BC data for 2023060906 , step =    74880
 READY  BC from     2023060900  to 2023060906 
 $$$  2023-06-09 00:00:00 UTC        
 $$$ max, min of ps (mb) =  1023.53  499.62
 Updating aerosol optical properties...
 SRF variables written at  2023-06-09 03:00:00 UTC        
 $$$  2023-06-09 03:00:00 UTC        
 $$$ max, min of ps (mb) =  1022.83  499.44
 ATM variables written at  2023-06-09 06:00:00 UTC        
 SRF variables written at  2023-06-09 06:00:00 UTC        
 RAD variables written at  2023-06-09 06:00:00 UTC        
 SEARCH BC data for 2023060912 , step =    75360
 READY  BC from     2023060906  to 2023060912 
 $$$  2023-06-09 06:00:00 UTC        
 $$$ max, min of ps (mb) =  1022.97  499.14
 SRF variables written at  2023-06-09 09:00:00 UTC        
 $$$  2023-06-09 09:00:00 UTC        
 $$$ max, min of ps (mb) =  1023.70  499.10
 ATM variables written at  2023-06-09 12:00:00 UTC        
 SRF variables written at  2023-06-09 12:00:00 UTC        
 RAD variables written at  2023-06-09 12:00:00 UTC        
 SEARCH BC data for 2023060918 , step =    75840
 READY  BC from     2023060912  to 2023060918 
 $$$  2023-06-09 12:00:00 UTC        
 $$$ max, min of ps (mb) =  1024.58  499.07
 SRF variables written at  2023-06-09 15:00:00 UTC        
 $$$  2023-06-09 15:00:00 UTC        
 $$$ max, min of ps (mb) =  1025.60  499.02
 ATM variables written at  2023-06-09 18:00:00 UTC        
 SRF variables written at  2023-06-09 18:00:00 UTC        
 RAD variables written at  2023-06-09 18:00:00 UTC        
 SEARCH BC data for 2023061000 , step =    76320
 READY  BC from     2023060918  to 2023061000 
 $$$  2023-06-09 18:00:00 UTC        
 $$$ max, min of ps (mb) =  1026.34  498.81
 SRF variables written at  2023-06-09 21:00:00 UTC        
 $$$  2023-06-09 21:00:00 UTC        
 $$$ max, min of ps (mb) =  1026.23  498.50
 At  2023-06-10 00:00:00 UTC        
 JDay    160.00000 solar declination angle =  22.87456820 degrees
                   solar TSI irradiance    =    1356.6931 W/m^2
 ATM variables written at  2023-06-10 00:00:00 UTC        
 SRF variables written at  2023-06-10 00:00:00 UTC        
 STS variables written at  2023-06-10 00:00:00 UTC        
 RAD variables written at  2023-06-10 00:00:00 UTC        
 SEARCH BC data for 2023061006 , step =    76800
 READY  BC from     2023061000  to 2023061006 
 $$$  2023-06-10 00:00:00 UTC        
 $$$ max, min of ps (mb) =  1026.91  498.01
 Updating aerosol optical properties...
 SRF variables written at  2023-06-10 03:00:00 UTC        
 $$$  2023-06-10 03:00:00 UTC        
 $$$ max, min of ps (mb) =  1028.06  497.46
 ATM variables written at  2023-06-10 06:00:00 UTC        
 SRF variables written at  2023-06-10 06:00:00 UTC        
 RAD variables written at  2023-06-10 06:00:00 UTC        
 SEARCH BC data for 2023061012 , step =    77280
 READY  BC from     2023061006  to 2023061012 
 $$$  2023-06-10 06:00:00 UTC        
 $$$ max, min of ps (mb) =  1029.07  496.72
 SRF variables written at  2023-06-10 09:00:00 UTC        
 $$$  2023-06-10 09:00:00 UTC        
 $$$ max, min of ps (mb) =  1030.49  496.18
 ATM variables written at  2023-06-10 12:00:00 UTC        
 SRF variables written at  2023-06-10 12:00:00 UTC        
 RAD variables written at  2023-06-10 12:00:00 UTC        
 SEARCH BC data for 2023061018 , step =    77760
 READY  BC from     2023061012  to 2023061018 
 $$$  2023-06-10 12:00:00 UTC        
 $$$ max, min of ps (mb) =  1032.09  495.88
 SRF variables written at  2023-06-10 15:00:00 UTC        
 $$$  2023-06-10 15:00:00 UTC        
 $$$ max, min of ps (mb) =  1033.14  495.36
 ATM variables written at  2023-06-10 18:00:00 UTC        
 SRF variables written at  2023-06-10 18:00:00 UTC        
 RAD variables written at  2023-06-10 18:00:00 UTC        
 SEARCH BC data for 2023061100 , step =    78240
 READY  BC from     2023061018  to 2023061100 
 $$$  2023-06-10 18:00:00 UTC        
 $$$ max, min of ps (mb) =  1034.02  495.07
 SRF variables written at  2023-06-10 21:00:00 UTC        
 $$$  2023-06-10 21:00:00 UTC        
 $$$ max, min of ps (mb) =  1034.59  494.71
 At  2023-06-11 00:00:00 UTC        
 JDay    161.00000 solar declination angle =  22.95860908 degrees
                   solar TSI irradiance    =    1356.6931 W/m^2
 ATM variables written at  2023-06-11 00:00:00 UTC        
 SRF variables written at  2023-06-11 00:00:00 UTC        
 STS variables written at  2023-06-11 00:00:00 UTC        
 RAD variables written at  2023-06-11 00:00:00 UTC        
 SEARCH BC data for 2023061106 , step =    78720
 READY  BC from     2023061100  to 2023061106 
 $$$  2023-06-11 00:00:00 UTC        
 $$$ max, min of ps (mb) =  1034.96  494.48
 Updating aerosol optical properties...
 SRF variables written at  2023-06-11 03:00:00 UTC        
 $$$  2023-06-11 03:00:00 UTC        
 $$$ max, min of ps (mb) =  1035.34  494.06
 ATM variables written at  2023-06-11 06:00:00 UTC        
 SRF variables written at  2023-06-11 06:00:00 UTC        
 RAD variables written at  2023-06-11 06:00:00 UTC        
 SEARCH BC data for 2023061112 , step =    79200
 READY  BC from     2023061106  to 2023061112 
 $$$  2023-06-11 06:00:00 UTC        
 $$$ max, min of ps (mb) =  1035.81  493.71
 SRF variables written at  2023-06-11 09:00:00 UTC        
 $$$  2023-06-11 09:00:00 UTC        
 $$$ max, min of ps (mb) =  1035.74  493.21
 ATM variables written at  2023-06-11 12:00:00 UTC        
 SRF variables written at  2023-06-11 12:00:00 UTC        
 RAD variables written at  2023-06-11 12:00:00 UTC        
 SEARCH BC data for 2023061118 , step =    79680
 READY  BC from     2023061112  to 2023061118 
 $$$  2023-06-11 12:00:00 UTC        
 $$$ max, min of ps (mb) =  1035.93  492.76
 SRF variables written at  2023-06-11 15:00:00 UTC        
 $$$  2023-06-11 15:00:00 UTC        
 $$$ max, min of ps (mb) =  1036.13  491.97
 ATM variables written at  2023-06-11 18:00:00 UTC        
 SRF variables written at  2023-06-11 18:00:00 UTC        
 RAD variables written at  2023-06-11 18:00:00 UTC        
 SEARCH BC data for 2023061200 , step =    80160
 READY  BC from     2023061118  to 2023061200 
 $$$  2023-06-11 18:00:00 UTC        
 $$$ max, min of ps (mb) =  1036.40  491.56
 SRF variables written at  2023-06-11 21:00:00 UTC        
 $$$  2023-06-11 21:00:00 UTC        
 $$$ max, min of ps (mb) =  1036.93  491.09
 At  2023-06-12 00:00:00 UTC        
 JDay    162.00000 solar declination angle =  23.03592647 degrees
                   solar TSI irradiance    =    1356.6931 W/m^2
 ATM variables written at  2023-06-12 00:00:00 UTC        
 SRF variables written at  2023-06-12 00:00:00 UTC        
 STS variables written at  2023-06-12 00:00:00 UTC        
 RAD variables written at  2023-06-12 00:00:00 UTC        
 SEARCH BC data for 2023061206 , step =    80640
 READY  BC from     2023061200  to 2023061206 
 $$$  2023-06-12 00:00:00 UTC        
 $$$ max, min of ps (mb) =  1037.28  490.83
 Updating aerosol optical properties...
 SRF variables written at  2023-06-12 03:00:00 UTC        
 $$$  2023-06-12 03:00:00 UTC        
 $$$ max, min of ps (mb) =  1037.38  490.48
 ATM variables written at  2023-06-12 06:00:00 UTC        
 SRF variables written at  2023-06-12 06:00:00 UTC        
 RAD variables written at  2023-06-12 06:00:00 UTC        
 SEARCH BC data for 2023061212 , step =    81120
 READY  BC from     2023061206  to 2023061212 
 $$$  2023-06-12 06:00:00 UTC        
 $$$ max, min of ps (mb) =  1037.41  489.55
 SRF variables written at  2023-06-12 09:00:00 UTC        
 $$$  2023-06-12 09:00:00 UTC        
 $$$ max, min of ps (mb) =  1036.83  489.05
 ATM variables written at  2023-06-12 12:00:00 UTC        
 SRF variables written at  2023-06-12 12:00:00 UTC        
 RAD variables written at  2023-06-12 12:00:00 UTC        
 SEARCH BC data for 2023061218 , step =    81600
 READY  BC from     2023061212  to 2023061218 
 $$$  2023-06-12 12:00:00 UTC        
 $$$ max, min of ps (mb) =  1036.35  488.41
 SRF variables written at  2023-06-12 15:00:00 UTC        
 $$$  2023-06-12 15:00:00 UTC        
 $$$ max, min of ps (mb) =  1035.86  487.73
 ATM variables written at  2023-06-12 18:00:00 UTC        
 SRF variables written at  2023-06-12 18:00:00 UTC        
 RAD variables written at  2023-06-12 18:00:00 UTC        
 SEARCH BC data for 2023061300 , step =    82080
 READY  BC from     2023061218  to 2023061300 
 $$$  2023-06-12 18:00:00 UTC        
 $$$ max, min of ps (mb) =  1034.57  487.24
 SRF variables written at  2023-06-12 21:00:00 UTC        
 $$$  2023-06-12 21:00:00 UTC        
 $$$ max, min of ps (mb) =  1033.33  487.18
 At  2023-06-13 00:00:00 UTC        
 JDay    163.00000 solar declination angle =  23.10649277 degrees
                   solar TSI irradiance    =    1356.6931 W/m^2
 ATM variables written at  2023-06-13 00:00:00 UTC        
 SRF variables written at  2023-06-13 00:00:00 UTC        
 STS variables written at  2023-06-13 00:00:00 UTC        
 RAD variables written at  2023-06-13 00:00:00 UTC        
 SEARCH BC data for 2023061306 , step =    82560
 READY  BC from     2023061300  to 2023061306 
 $$$  2023-06-13 00:00:00 UTC        
 $$$ max, min of ps (mb) =  1032.50  487.34
 Updating aerosol optical properties...
 SRF variables written at  2023-06-13 03:00:00 UTC        
 $$$  2023-06-13 03:00:00 UTC        
 $$$ max, min of ps (mb) =  1031.61  486.97
 ATM variables written at  2023-06-13 06:00:00 UTC        
 SRF variables written at  2023-06-13 06:00:00 UTC        
 RAD variables written at  2023-06-13 06:00:00 UTC        
 SEARCH BC data for 2023061312 , step =    83040
 READY  BC from     2023061306  to 2023061312 
 $$$  2023-06-13 06:00:00 UTC        
 $$$ max, min of ps (mb) =  1032.49  486.63
 SRF variables written at  2023-06-13 09:00:00 UTC        
 $$$  2023-06-13 09:00:00 UTC        
 $$$ max, min of ps (mb) =  1033.41  486.63
 ATM variables written at  2023-06-13 12:00:00 UTC        
 SRF variables written at  2023-06-13 12:00:00 UTC        
 RAD variables written at  2023-06-13 12:00:00 UTC        
 SEARCH BC data for 2023061318 , step =    83520
 READY  BC from     2023061312  to 2023061318 
 $$$  2023-06-13 12:00:00 UTC        
 $$$ max, min of ps (mb) =  1033.41  486.76
 SRF variables written at  2023-06-13 15:00:00 UTC        
 $$$  2023-06-13 15:00:00 UTC        
 $$$ max, min of ps (mb) =  1032.82  486.93
 ATM variables written at  2023-06-13 18:00:00 UTC        
 SRF variables written at  2023-06-13 18:00:00 UTC        
 RAD variables written at  2023-06-13 18:00:00 UTC        
 SEARCH BC data for 2023061400 , step =    84000
 READY  BC from     2023061318  to 2023061400 
 $$$  2023-06-13 18:00:00 UTC        
 $$$ max, min of ps (mb) =  1031.95  487.54
 SRF variables written at  2023-06-13 21:00:00 UTC        
 $$$  2023-06-13 21:00:00 UTC        
 $$$ max, min of ps (mb) =  1030.76  488.04
 At  2023-06-14 00:00:00 UTC        
 JDay    164.00000 solar declination angle =  23.17028297 degrees
                   solar TSI irradiance    =    1356.6931 W/m^2
 ATM variables written at  2023-06-14 00:00:00 UTC        
 SRF variables written at  2023-06-14 00:00:00 UTC        
 STS variables written at  2023-06-14 00:00:00 UTC        
 RAD variables written at  2023-06-14 00:00:00 UTC        
 SEARCH BC data for 2023061406 , step =    84480
 READY  BC from     2023061400  to 2023061406 
 $$$  2023-06-14 00:00:00 UTC        
 $$$ max, min of ps (mb) =  1030.66  488.33
 Updating aerosol optical properties...
 SRF variables written at  2023-06-14 03:00:00 UTC        
 $$$  2023-06-14 03:00:00 UTC        
 $$$ max, min of ps (mb) =  1030.66  488.72
 ATM variables written at  2023-06-14 06:00:00 UTC        
 SRF variables written at  2023-06-14 06:00:00 UTC        
 RAD variables written at  2023-06-14 06:00:00 UTC        
 SEARCH BC data for 2023061412 , step =    84960
 READY  BC from     2023061406  to 2023061412 
 $$$  2023-06-14 06:00:00 UTC        
 $$$ max, min of ps (mb) =  1030.80  489.57
 SRF variables written at  2023-06-14 09:00:00 UTC        
 $$$  2023-06-14 09:00:00 UTC        
 $$$ max, min of ps (mb) =  1030.94  490.28
 ATM variables written at  2023-06-14 12:00:00 UTC        
 SRF variables written at  2023-06-14 12:00:00 UTC        
 RAD variables written at  2023-06-14 12:00:00 UTC        
 SEARCH BC data for 2023061418 , step =    85440
 READY  BC from     2023061412  to 2023061418 
 $$$  2023-06-14 12:00:00 UTC        
 $$$ max, min of ps (mb) =  1031.72  491.36
 SRF variables written at  2023-06-14 15:00:00 UTC        
 $$$  2023-06-14 15:00:00 UTC        
 $$$ max, min of ps (mb) =  1030.88  492.23
 ATM variables written at  2023-06-14 18:00:00 UTC        
 SRF variables written at  2023-06-14 18:00:00 UTC        
 RAD variables written at  2023-06-14 18:00:00 UTC        
 SEARCH BC data for 2023061500 , step =    85920
 READY  BC from     2023061418  to 2023061500 
 $$$  2023-06-14 18:00:00 UTC        
 $$$ max, min of ps (mb) =  1029.94  492.94
 SRF variables written at  2023-06-14 21:00:00 UTC        
 $$$  2023-06-14 21:00:00 UTC        
 $$$ max, min of ps (mb) =  1029.80  493.69
 At  2023-06-15 00:00:00 UTC        
 JDay    165.00000 solar declination angle =  23.22727466 degrees
                   solar TSI irradiance    =    1356.6931 W/m^2
 ATM variables written at  2023-06-15 00:00:00 UTC        
 SRF variables written at  2023-06-15 00:00:00 UTC        
 STS variables written at  2023-06-15 00:00:00 UTC        
 RAD variables written at  2023-06-15 00:00:00 UTC        
 SEARCH BC data for 2023061506 , step =    86400
 READY  BC from     2023061500  to 2023061506 
 $$$  2023-06-15 00:00:00 UTC        
 $$$ max, min of ps (mb) =  1030.24  494.06
 Updating aerosol optical properties...
 SRF variables written at  2023-06-15 03:00:00 UTC        
 $$$  2023-06-15 03:00:00 UTC        
 $$$ max, min of ps (mb) =  1030.11  493.95
 ATM variables written at  2023-06-15 06:00:00 UTC        
 SRF variables written at  2023-06-15 06:00:00 UTC        
 RAD variables written at  2023-06-15 06:00:00 UTC        
 SEARCH BC data for 2023061512 , step =    86880
 READY  BC from     2023061506  to 2023061512 
 $$$  2023-06-15 06:00:00 UTC        
 $$$ max, min of ps (mb) =  1029.73  493.65
 SRF variables written at  2023-06-15 09:00:00 UTC        
 $$$  2023-06-15 09:00:00 UTC        
 $$$ max, min of ps (mb) =  1030.11  493.59
 ATM variables written at  2023-06-15 12:00:00 UTC        
 SRF variables written at  2023-06-15 12:00:00 UTC        
 RAD variables written at  2023-06-15 12:00:00 UTC        
 SEARCH BC data for 2023061518 , step =    87360
 READY  BC from     2023061512  to 2023061518 
 $$$  2023-06-15 12:00:00 UTC        
 $$$ max, min of ps (mb) =  1030.83  493.60
 SRF variables written at  2023-06-15 15:00:00 UTC        
 $$$  2023-06-15 15:00:00 UTC        
 $$$ max, min of ps (mb) =  1031.14  493.25
 ATM variables written at  2023-06-15 18:00:00 UTC        
 SRF variables written at  2023-06-15 18:00:00 UTC        
 RAD variables written at  2023-06-15 18:00:00 UTC        
 SEARCH BC data for 2023061600 , step =    87840
 READY  BC from     2023061518  to 2023061600 
 $$$  2023-06-15 18:00:00 UTC        
 $$$ max, min of ps (mb) =  1031.12  493.16
 SRF variables written at  2023-06-15 21:00:00 UTC        
 $$$  2023-06-15 21:00:00 UTC        
 $$$ max, min of ps (mb) =  1031.97  493.37
 At  2023-06-16 00:00:00 UTC        
 JDay    166.00000 solar declination angle =  23.27744804 degrees
                   solar TSI irradiance    =    1356.6931 W/m^2
 ATM variables written at  2023-06-16 00:00:00 UTC        
 SRF variables written at  2023-06-16 00:00:00 UTC        
 STS variables written at  2023-06-16 00:00:00 UTC        
 RAD variables written at  2023-06-16 00:00:00 UTC        
 SEARCH BC data for 2023061606 , step =    88320
 READY  BC from     2023061600  to 2023061606 
 $$$  2023-06-16 00:00:00 UTC        
 $$$ max, min of ps (mb) =  1032.55  493.74
 Updating aerosol optical properties...
 Attempting to read monthly vegetation data .....
 At  2023-06-16 00:18:00 UTC
 Month =            6  Day =           16
 Reading months :            6           7
 Successfully read monthly vegetation data for
 month            7
 SRF variables written at  2023-06-16 03:00:00 UTC        
 $$$  2023-06-16 03:00:00 UTC        
 $$$ max, min of ps (mb) =  1033.12  494.10
 ATM variables written at  2023-06-16 06:00:00 UTC        
 SRF variables written at  2023-06-16 06:00:00 UTC        
 RAD variables written at  2023-06-16 06:00:00 UTC        
 SEARCH BC data for 2023061612 , step =    88800
 READY  BC from     2023061606  to 2023061612 
 $$$  2023-06-16 06:00:00 UTC        
 $$$ max, min of ps (mb) =  1033.51  494.27
 SRF variables written at  2023-06-16 09:00:00 UTC        
 $$$  2023-06-16 09:00:00 UTC        
 $$$ max, min of ps (mb) =  1033.22  494.43
 ATM variables written at  2023-06-16 12:00:00 UTC        
 SRF variables written at  2023-06-16 12:00:00 UTC        
 RAD variables written at  2023-06-16 12:00:00 UTC        
 SEARCH BC data for 2023061618 , step =    89280
 READY  BC from     2023061612  to 2023061618 
 $$$  2023-06-16 12:00:00 UTC        
 $$$ max, min of ps (mb) =  1033.14  494.86
 SRF variables written at  2023-06-16 15:00:00 UTC        
 $$$  2023-06-16 15:00:00 UTC        
 $$$ max, min of ps (mb) =  1032.13  495.02
 ATM variables written at  2023-06-16 18:00:00 UTC        
 SRF variables written at  2023-06-16 18:00:00 UTC        
 RAD variables written at  2023-06-16 18:00:00 UTC        
 SEARCH BC data for 2023061700 , step =    89760
 READY  BC from     2023061618  to 2023061700 
 $$$  2023-06-16 18:00:00 UTC        
 $$$ max, min of ps (mb) =  1030.86  495.30
 SRF variables written at  2023-06-16 21:00:00 UTC        
 $$$  2023-06-16 21:00:00 UTC        
 $$$ max, min of ps (mb) =  1030.23  495.37
 At  2023-06-17 00:00:00 UTC        
 JDay    167.00000 solar declination angle =  23.32078598 degrees
                   solar TSI irradiance    =    1356.6931 W/m^2
 ATM variables written at  2023-06-17 00:00:00 UTC        
 SRF variables written at  2023-06-17 00:00:00 UTC        
 STS variables written at  2023-06-17 00:00:00 UTC        
 RAD variables written at  2023-06-17 00:00:00 UTC        
 SEARCH BC data for 2023061706 , step =    90240
 READY  BC from     2023061700  to 2023061706 
 $$$  2023-06-17 00:00:00 UTC        
 $$$ max, min of ps (mb) =  1030.33  495.51
 Updating aerosol optical properties...
 SRF variables written at  2023-06-17 03:00:00 UTC        
 $$$  2023-06-17 03:00:00 UTC        
 $$$ max, min of ps (mb) =  1029.81  495.45
 ATM variables written at  2023-06-17 06:00:00 UTC        
 SRF variables written at  2023-06-17 06:00:00 UTC        
 RAD variables written at  2023-06-17 06:00:00 UTC        
 SEARCH BC data for 2023061712 , step =    90720
 READY  BC from     2023061706  to 2023061712 
 $$$  2023-06-17 06:00:00 UTC        
 $$$ max, min of ps (mb) =  1028.82  495.35
 SRF variables written at  2023-06-17 09:00:00 UTC        
 $$$  2023-06-17 09:00:00 UTC        
 $$$ max, min of ps (mb) =  1028.44  495.26
 ATM variables written at  2023-06-17 12:00:00 UTC        
 SRF variables written at  2023-06-17 12:00:00 UTC        
 RAD variables written at  2023-06-17 12:00:00 UTC        
 SEARCH BC data for 2023061718 , step =    91200
 READY  BC from     2023061712  to 2023061718 
 $$$  2023-06-17 12:00:00 UTC        
 $$$ max, min of ps (mb) =  1028.76  495.60
 SRF variables written at  2023-06-17 15:00:00 UTC        
 $$$  2023-06-17 15:00:00 UTC        
 $$$ max, min of ps (mb) =  1027.82  495.64
 ATM variables written at  2023-06-17 18:00:00 UTC        
 SRF variables written at  2023-06-17 18:00:00 UTC        
 RAD variables written at  2023-06-17 18:00:00 UTC        
 SEARCH BC data for 2023061800 , step =    91680
 READY  BC from     2023061718  to 2023061800 
 $$$  2023-06-17 18:00:00 UTC        
 $$$ max, min of ps (mb) =  1026.19  495.51
 SRF variables written at  2023-06-17 21:00:00 UTC        
 $$$  2023-06-17 21:00:00 UTC        
 $$$ max, min of ps (mb) =  1025.66  495.25
 At  2023-06-18 00:00:00 UTC        
 JDay    168.00000 solar declination angle =  23.35727401 degrees
                   solar TSI irradiance    =    1356.6931 W/m^2
 ATM variables written at  2023-06-18 00:00:00 UTC        
 SRF variables written at  2023-06-18 00:00:00 UTC        
 STS variables written at  2023-06-18 00:00:00 UTC        
 RAD variables written at  2023-06-18 00:00:00 UTC        
 SEARCH BC data for 2023061806 , step =    92160
 READY  BC from     2023061800  to 2023061806 
 $$$  2023-06-18 00:00:00 UTC        
 $$$ max, min of ps (mb) =  1025.83  495.02
 Updating aerosol optical properties...
 SRF variables written at  2023-06-18 03:00:00 UTC        
 $$$  2023-06-18 03:00:00 UTC        
 $$$ max, min of ps (mb) =  1025.15  494.69
 ATM variables written at  2023-06-18 06:00:00 UTC        
 SRF variables written at  2023-06-18 06:00:00 UTC        
 RAD variables written at  2023-06-18 06:00:00 UTC        
 SEARCH BC data for 2023061812 , step =    92640
 READY  BC from     2023061806  to 2023061812 
 $$$  2023-06-18 06:00:00 UTC        
 $$$ max, min of ps (mb) =  1025.28  494.15
 SRF variables written at  2023-06-18 09:00:00 UTC        
 $$$  2023-06-18 09:00:00 UTC        
 $$$ max, min of ps (mb) =  1026.02  493.72
 ATM variables written at  2023-06-18 12:00:00 UTC        
 SRF variables written at  2023-06-18 12:00:00 UTC        
 RAD variables written at  2023-06-18 12:00:00 UTC        
 SEARCH BC data for 2023061818 , step =    93120
 READY  BC from     2023061812  to 2023061818 
 $$$  2023-06-18 12:00:00 UTC        
 $$$ max, min of ps (mb) =  1025.91  493.39
 SRF variables written at  2023-06-18 15:00:00 UTC        
 $$$  2023-06-18 15:00:00 UTC        
 $$$ max, min of ps (mb) =  1025.79  492.87
 ATM variables written at  2023-06-18 18:00:00 UTC        
 SRF variables written at  2023-06-18 18:00:00 UTC        
 RAD variables written at  2023-06-18 18:00:00 UTC        
 SEARCH BC data for 2023061900 , step =    93600
 READY  BC from     2023061818  to 2023061900 
 $$$  2023-06-18 18:00:00 UTC        
 $$$ max, min of ps (mb) =  1026.54  492.24
 SRF variables written at  2023-06-18 21:00:00 UTC        
 $$$  2023-06-18 21:00:00 UTC        
 $$$ max, min of ps (mb) =  1027.13  491.79
 At  2023-06-19 00:00:00 UTC        
 JDay    169.00000 solar declination angle =  23.38690037 degrees
                   solar TSI irradiance    =    1356.6931 W/m^2
 ATM variables written at  2023-06-19 00:00:00 UTC        
 SRF variables written at  2023-06-19 00:00:00 UTC        
 STS variables written at  2023-06-19 00:00:00 UTC        
 RAD variables written at  2023-06-19 00:00:00 UTC        
 SEARCH BC data for 2023061906 , step =    94080
 READY  BC from     2023061900  to 2023061906 
 $$$  2023-06-19 00:00:00 UTC        
 $$$ max, min of ps (mb) =  1027.95  491.12
 Updating aerosol optical properties...
 SRF variables written at  2023-06-19 03:00:00 UTC        
 $$$  2023-06-19 03:00:00 UTC        
 $$$ max, min of ps (mb) =  1027.80  490.39
 ATM variables written at  2023-06-19 06:00:00 UTC        
 SRF variables written at  2023-06-19 06:00:00 UTC        
 RAD variables written at  2023-06-19 06:00:00 UTC        
 SEARCH BC data for 2023061912 , step =    94560
 READY  BC from     2023061906  to 2023061912 
 $$$  2023-06-19 06:00:00 UTC        
 $$$ max, min of ps (mb) =  1028.79  489.28
 SRF variables written at  2023-06-19 09:00:00 UTC        
 $$$  2023-06-19 09:00:00 UTC        
 $$$ max, min of ps (mb) =  1029.61  488.77
 ATM variables written at  2023-06-19 12:00:00 UTC        
 SRF variables written at  2023-06-19 12:00:00 UTC        
 RAD variables written at  2023-06-19 12:00:00 UTC        
 SEARCH BC data for 2023061918 , step =    95040
 READY  BC from     2023061912  to 2023061918 
 $$$  2023-06-19 12:00:00 UTC        
 $$$ max, min of ps (mb) =  1031.39  488.96
 SRF variables written at  2023-06-19 15:00:00 UTC        
 $$$  2023-06-19 15:00:00 UTC        
 $$$ max, min of ps (mb) =  1031.67  489.63
 ATM variables written at  2023-06-19 18:00:00 UTC        
 SRF variables written at  2023-06-19 18:00:00 UTC        
 RAD variables written at  2023-06-19 18:00:00 UTC        
 SEARCH BC data for 2023062000 , step =    95520
 READY  BC from     2023061918  to 2023062000 
 $$$  2023-06-19 18:00:00 UTC        
 $$$ max, min of ps (mb) =  1031.29  490.60
 SRF variables written at  2023-06-19 21:00:00 UTC        
 $$$  2023-06-19 21:00:00 UTC        
 $$$ max, min of ps (mb) =  1032.08  491.43
 At  2023-06-20 00:00:00 UTC        
 JDay    170.00000 solar declination angle =  23.40965599 degrees
                   solar TSI irradiance    =    1356.6931 W/m^2
 ATM variables written at  2023-06-20 00:00:00 UTC        
 SRF variables written at  2023-06-20 00:00:00 UTC        
 STS variables written at  2023-06-20 00:00:00 UTC        
 RAD variables written at  2023-06-20 00:00:00 UTC        
 SEARCH BC data for 2023062006 , step =    96000
 READY  BC from     2023062000  to 2023062006 
 $$$  2023-06-20 00:00:00 UTC        
 $$$ max, min of ps (mb) =  1032.84  492.13
 Updating aerosol optical properties...
 SRF variables written at  2023-06-20 03:00:00 UTC        
 $$$  2023-06-20 03:00:00 UTC        
 $$$ max, min of ps (mb) =  1032.80  492.38
 ATM variables written at  2023-06-20 06:00:00 UTC        
 SRF variables written at  2023-06-20 06:00:00 UTC        
 RAD variables written at  2023-06-20 06:00:00 UTC        
 SEARCH BC data for 2023062012 , step =    96480
 READY  BC from     2023062006  to 2023062012 
 $$$  2023-06-20 06:00:00 UTC        
 $$$ max, min of ps (mb) =  1032.93  492.40
 SRF variables written at  2023-06-20 09:00:00 UTC        
 $$$  2023-06-20 09:00:00 UTC        
 $$$ max, min of ps (mb) =  1032.39  492.17
 ATM variables written at  2023-06-20 12:00:00 UTC        
 SRF variables written at  2023-06-20 12:00:00 UTC        
 RAD variables written at  2023-06-20 12:00:00 UTC        
 SEARCH BC data for 2023062018 , step =    96960
 READY  BC from     2023062012  to 2023062018 
 $$$  2023-06-20 12:00:00 UTC        
 $$$ max, min of ps (mb) =  1033.32  492.18
 SRF variables written at  2023-06-20 15:00:00 UTC        
 $$$  2023-06-20 15:00:00 UTC        
 $$$ max, min of ps (mb) =  1032.09  491.85
 ATM variables written at  2023-06-20 18:00:00 UTC        
 SRF variables written at  2023-06-20 18:00:00 UTC        
 RAD variables written at  2023-06-20 18:00:00 UTC        
 SEARCH BC data for 2023062100 , step =    97440
 READY  BC from     2023062018  to 2023062100 
 $$$  2023-06-20 18:00:00 UTC        
 $$$ max, min of ps (mb) =  1031.89  491.63
 SRF variables written at  2023-06-20 21:00:00 UTC        
 $$$  2023-06-20 21:00:00 UTC        
 $$$ max, min of ps (mb) =  1031.71  491.00
 At  2023-06-21 00:00:00 UTC        
 JDay    171.00000 solar declination angle =  23.42553452 degrees
                   solar TSI irradiance    =    1356.6931 W/m^2
 ATM variables written at  2023-06-21 00:00:00 UTC        
 SRF variables written at  2023-06-21 00:00:00 UTC        
 STS variables written at  2023-06-21 00:00:00 UTC        
 RAD variables written at  2023-06-21 00:00:00 UTC        
 SEARCH BC data for 2023062106 , step =    97920
 READY  BC from     2023062100  to 2023062106 
 $$$  2023-06-21 00:00:00 UTC        
 $$$ max, min of ps (mb) =  1032.09  491.07
 Updating aerosol optical properties...
 SRF variables written at  2023-06-21 03:00:00 UTC        
 $$$  2023-06-21 03:00:00 UTC        
 $$$ max, min of ps (mb) =  1031.96  491.63
 ATM variables written at  2023-06-21 06:00:00 UTC        
 SRF variables written at  2023-06-21 06:00:00 UTC        
 RAD variables written at  2023-06-21 06:00:00 UTC        
 SEARCH BC data for 2023062112 , step =    98400
 READY  BC from     2023062106  to 2023062112 
 $$$  2023-06-21 06:00:00 UTC        
 $$$ max, min of ps (mb) =  1031.92  491.94
 SRF variables written at  2023-06-21 09:00:00 UTC        
 $$$  2023-06-21 09:00:00 UTC        
 $$$ max, min of ps (mb) =  1031.97  492.66
 ATM variables written at  2023-06-21 12:00:00 UTC        
 SRF variables written at  2023-06-21 12:00:00 UTC        
 RAD variables written at  2023-06-21 12:00:00 UTC        
 SEARCH BC data for 2023062118 , step =    98880
 READY  BC from     2023062112  to 2023062118 
 $$$  2023-06-21 12:00:00 UTC        
 $$$ max, min of ps (mb) =  1032.08  493.25
 SRF variables written at  2023-06-21 15:00:00 UTC        
 $$$  2023-06-21 15:00:00 UTC        
 $$$ max, min of ps (mb) =  1031.37  493.19
 ATM variables written at  2023-06-21 18:00:00 UTC        
 SRF variables written at  2023-06-21 18:00:00 UTC        
 RAD variables written at  2023-06-21 18:00:00 UTC        
 SEARCH BC data for 2023062200 , step =    99360
 READY  BC from     2023062118  to 2023062200 
 $$$  2023-06-21 18:00:00 UTC        
 $$$ max, min of ps (mb) =  1030.57  493.10
 SRF variables written at  2023-06-21 21:00:00 UTC        
 $$$  2023-06-21 21:00:00 UTC        
 $$$ max, min of ps (mb) =  1030.58  493.25
 At  2023-06-22 00:00:00 UTC        
 JDay    172.00000 solar declination angle =  23.43453236 degrees
                   solar TSI irradiance    =    1356.6931 W/m^2
 ATM variables written at  2023-06-22 00:00:00 UTC        
 SRF variables written at  2023-06-22 00:00:00 UTC        
 STS variables written at  2023-06-22 00:00:00 UTC        
 RAD variables written at  2023-06-22 00:00:00 UTC        
 SEARCH BC data for 2023062206 , step =    99840
 READY  BC from     2023062200  to 2023062206 
 $$$  2023-06-22 00:00:00 UTC        
 $$$ max, min of ps (mb) =  1031.54  493.44
 Updating aerosol optical properties...
 SRF variables written at  2023-06-22 03:00:00 UTC        
 $$$  2023-06-22 03:00:00 UTC        
 $$$ max, min of ps (mb) =  1030.85  493.70
 ATM variables written at  2023-06-22 06:00:00 UTC        
 SRF variables written at  2023-06-22 06:00:00 UTC        
 RAD variables written at  2023-06-22 06:00:00 UTC        
 SEARCH BC data for 2023062212 , step =   100320
 READY  BC from     2023062206  to 2023062212 
 $$$  2023-06-22 06:00:00 UTC        
 $$$ max, min of ps (mb) =  1030.40  493.83
 SRF variables written at  2023-06-22 09:00:00 UTC        
 $$$  2023-06-22 09:00:00 UTC        
 $$$ max, min of ps (mb) =  1031.02  493.98
 ATM variables written at  2023-06-22 12:00:00 UTC        
 SRF variables written at  2023-06-22 12:00:00 UTC        
 RAD variables written at  2023-06-22 12:00:00 UTC        
 SEARCH BC data for 2023062218 , step =   100800
 READY  BC from     2023062212  to 2023062218 
 $$$  2023-06-22 12:00:00 UTC        
 $$$ max, min of ps (mb) =  1031.10  494.20
 SRF variables written at  2023-06-22 15:00:00 UTC        
 $$$  2023-06-22 15:00:00 UTC        
 $$$ max, min of ps (mb) =  1029.68  494.06
 ATM variables written at  2023-06-22 18:00:00 UTC        
 SRF variables written at  2023-06-22 18:00:00 UTC        
 RAD variables written at  2023-06-22 18:00:00 UTC        
 SEARCH BC data for 2023062300 , step =   101280
 READY  BC from     2023062218  to 2023062300 
 $$$  2023-06-22 18:00:00 UTC        
 $$$ max, min of ps (mb) =  1028.08  494.50
 SRF variables written at  2023-06-22 21:00:00 UTC        
 $$$  2023-06-22 21:00:00 UTC        
 $$$ max, min of ps (mb) =  1027.44  495.44
 At  2023-06-23 00:00:00 UTC        
 JDay    173.00000 solar declination angle =  23.43664860 degrees
                   solar TSI irradiance    =    1356.6931 W/m^2
 ATM variables written at  2023-06-23 00:00:00 UTC        
 SRF variables written at  2023-06-23 00:00:00 UTC        
 STS variables written at  2023-06-23 00:00:00 UTC        
 RAD variables written at  2023-06-23 00:00:00 UTC        
 SEARCH BC data for 2023062306 , step =   101760
 READY  BC from     2023062300  to 2023062306 
 $$$  2023-06-23 00:00:00 UTC        
 $$$ max, min of ps (mb) =  1026.73  496.02
 Updating aerosol optical properties...
 SRF variables written at  2023-06-23 03:00:00 UTC        
 $$$  2023-06-23 03:00:00 UTC        
 $$$ max, min of ps (mb) =  1024.36  496.45
 ATM variables written at  2023-06-23 06:00:00 UTC        
 SRF variables written at  2023-06-23 06:00:00 UTC        
 RAD variables written at  2023-06-23 06:00:00 UTC        
 SEARCH BC data for 2023062312 , step =   102240
 READY  BC from     2023062306  to 2023062312 
 $$$  2023-06-23 06:00:00 UTC        
 $$$ max, min of ps (mb) =  1023.18  496.78
 SRF variables written at  2023-06-23 09:00:00 UTC        
 $$$  2023-06-23 09:00:00 UTC        
 $$$ max, min of ps (mb) =  1023.21  496.81
 ATM variables written at  2023-06-23 12:00:00 UTC        
 SRF variables written at  2023-06-23 12:00:00 UTC        
 RAD variables written at  2023-06-23 12:00:00 UTC        
 SEARCH BC data for 2023062318 , step =   102720
 READY  BC from     2023062312  to 2023062318 
 $$$  2023-06-23 12:00:00 UTC        
 $$$ max, min of ps (mb) =  1023.45  496.80
 SRF variables written at  2023-06-23 15:00:00 UTC        
 $$$  2023-06-23 15:00:00 UTC        
 $$$ max, min of ps (mb) =  1022.16  496.76
 ATM variables written at  2023-06-23 18:00:00 UTC        
 SRF variables written at  2023-06-23 18:00:00 UTC        
 RAD variables written at  2023-06-23 18:00:00 UTC        
 SEARCH BC data for 2023062400 , step =   103200
 READY  BC from     2023062318  to 2023062400 
 $$$  2023-06-23 18:00:00 UTC        
 $$$ max, min of ps (mb) =  1021.02  497.06
 SRF variables written at  2023-06-23 21:00:00 UTC        
 $$$  2023-06-23 21:00:00 UTC        
 $$$ max, min of ps (mb) =  1021.66  497.09
 At  2023-06-24 00:00:00 UTC        
 JDay    174.00000 solar declination angle =  23.43188510 degrees
                   solar TSI irradiance    =    1356.6931 W/m^2
 ATM variables written at  2023-06-24 00:00:00 UTC        
 SRF variables written at  2023-06-24 00:00:00 UTC        
 STS variables written at  2023-06-24 00:00:00 UTC        
 RAD variables written at  2023-06-24 00:00:00 UTC        
 SEARCH BC data for 2023062406 , step =   103680
 READY  BC from     2023062400  to 2023062406 
 $$$  2023-06-24 00:00:00 UTC        
 $$$ max, min of ps (mb) =  1022.56  497.19
 Updating aerosol optical properties...
 SRF variables written at  2023-06-24 03:00:00 UTC        
 $$$  2023-06-24 03:00:00 UTC        
 $$$ max, min of ps (mb) =  1021.56  497.13
 ATM variables written at  2023-06-24 06:00:00 UTC        
 SRF variables written at  2023-06-24 06:00:00 UTC        
 RAD variables written at  2023-06-24 06:00:00 UTC        
 SEARCH BC data for 2023062412 , step =   104160
 READY  BC from     2023062406  to 2023062412 
 $$$  2023-06-24 06:00:00 UTC        
 $$$ max, min of ps (mb) =  1020.88  497.03
 SRF variables written at  2023-06-24 09:00:00 UTC        
 $$$  2023-06-24 09:00:00 UTC        
 $$$ max, min of ps (mb) =  1021.90  497.22
 ATM variables written at  2023-06-24 12:00:00 UTC        
 SRF variables written at  2023-06-24 12:00:00 UTC        
 RAD variables written at  2023-06-24 12:00:00 UTC        
 SEARCH BC data for 2023062418 , step =   104640
 READY  BC from     2023062412  to 2023062418 
 $$$  2023-06-24 12:00:00 UTC        
 $$$ max, min of ps (mb) =  1022.77  497.68
 SRF variables written at  2023-06-24 15:00:00 UTC        
 $$$  2023-06-24 15:00:00 UTC        
 $$$ max, min of ps (mb) =  1021.80  497.82
 ATM variables written at  2023-06-24 18:00:00 UTC        
 SRF variables written at  2023-06-24 18:00:00 UTC        
 RAD variables written at  2023-06-24 18:00:00 UTC        
 SEARCH BC data for 2023062500 , step =   105120
 READY  BC from     2023062418  to 2023062500 
 $$$  2023-06-24 18:00:00 UTC        
 $$$ max, min of ps (mb) =  1020.81  498.17
 SRF variables written at  2023-06-24 21:00:00 UTC        
 $$$  2023-06-24 21:00:00 UTC        
 $$$ max, min of ps (mb) =  1021.60  498.32
 At  2023-06-25 00:00:00 UTC        
 JDay    175.00000 solar declination angle =  23.42024641 degrees
                   solar TSI irradiance    =    1356.6931 W/m^2
 ATM variables written at  2023-06-25 00:00:00 UTC        
 SRF variables written at  2023-06-25 00:00:00 UTC        
 STS variables written at  2023-06-25 00:00:00 UTC        
 RAD variables written at  2023-06-25 00:00:00 UTC        
 SEARCH BC data for 2023062506 , step =   105600
 READY  BC from     2023062500  to 2023062506 
 $$$  2023-06-25 00:00:00 UTC        
 $$$ max, min of ps (mb) =  1022.64  498.53
 Updating aerosol optical properties...
 SRF variables written at  2023-06-25 03:00:00 UTC        
 $$$  2023-06-25 03:00:00 UTC        
 $$$ max, min of ps (mb) =  1022.50  498.58
 ATM variables written at  2023-06-25 06:00:00 UTC        
 SRF variables written at  2023-06-25 06:00:00 UTC        
 RAD variables written at  2023-06-25 06:00:00 UTC        
 SEARCH BC data for 2023062512 , step =   106080
 READY  BC from     2023062506  to 2023062512 
 $$$  2023-06-25 06:00:00 UTC        
 $$$ max, min of ps (mb) =  1021.92  498.48
 SRF variables written at  2023-06-25 09:00:00 UTC        
 $$$  2023-06-25 09:00:00 UTC        
 $$$ max, min of ps (mb) =  1022.69  498.64
 ATM variables written at  2023-06-25 12:00:00 UTC        
 SRF variables written at  2023-06-25 12:00:00 UTC        
 RAD variables written at  2023-06-25 12:00:00 UTC        
 SEARCH BC data for 2023062518 , step =   106560
 READY  BC from     2023062512  to 2023062518 
 $$$  2023-06-25 12:00:00 UTC        
 $$$ max, min of ps (mb) =  1023.73  499.08
 SRF variables written at  2023-06-25 15:00:00 UTC        
 $$$  2023-06-25 15:00:00 UTC        
 $$$ max, min of ps (mb) =  1022.50  498.92
 ATM variables written at  2023-06-25 18:00:00 UTC        
 SRF variables written at  2023-06-25 18:00:00 UTC        
 RAD variables written at  2023-06-25 18:00:00 UTC        
 SEARCH BC data for 2023062600 , step =   107040
 READY  BC from     2023062518  to 2023062600 
 $$$  2023-06-25 18:00:00 UTC        
 $$$ max, min of ps (mb) =  1021.76  498.82
 SRF variables written at  2023-06-25 21:00:00 UTC        
 $$$  2023-06-25 21:00:00 UTC        
 $$$ max, min of ps (mb) =  1022.73  498.63
 At  2023-06-26 00:00:00 UTC        
 JDay    176.00000 solar declination angle =  23.40173984 degrees
                   solar TSI irradiance    =    1356.6931 W/m^2
 ATM variables written at  2023-06-26 00:00:00 UTC        
 SRF variables written at  2023-06-26 00:00:00 UTC        
 STS variables written at  2023-06-26 00:00:00 UTC        
 RAD variables written at  2023-06-26 00:00:00 UTC        
 SEARCH BC data for 2023062606 , step =   107520
 READY  BC from     2023062600  to 2023062606 
 $$$  2023-06-26 00:00:00 UTC        
 $$$ max, min of ps (mb) =  1023.47  498.53
 Updating aerosol optical properties...
 SRF variables written at  2023-06-26 03:00:00 UTC        
 $$$  2023-06-26 03:00:00 UTC        
 $$$ max, min of ps (mb) =  1022.99  498.28
 ATM variables written at  2023-06-26 06:00:00 UTC        
 SRF variables written at  2023-06-26 06:00:00 UTC        
 RAD variables written at  2023-06-26 06:00:00 UTC        
 SEARCH BC data for 2023062612 , step =   108000
 READY  BC from     2023062606  to 2023062612 
 $$$  2023-06-26 06:00:00 UTC        
 $$$ max, min of ps (mb) =  1022.39  498.02
 SRF variables written at  2023-06-26 09:00:00 UTC        
 $$$  2023-06-26 09:00:00 UTC        
 $$$ max, min of ps (mb) =  1023.47  497.99
 ATM variables written at  2023-06-26 12:00:00 UTC        
 SRF variables written at  2023-06-26 12:00:00 UTC        
 RAD variables written at  2023-06-26 12:00:00 UTC        
 SEARCH BC data for 2023062618 , step =   108480
 READY  BC from     2023062612  to 2023062618 
 $$$  2023-06-26 12:00:00 UTC        
 $$$ max, min of ps (mb) =  1024.81  497.99
 SRF variables written at  2023-06-26 15:00:00 UTC        
 $$$  2023-06-26 15:00:00 UTC        
 $$$ max, min of ps (mb) =  1023.91  498.02
 ATM variables written at  2023-06-26 18:00:00 UTC        
 SRF variables written at  2023-06-26 18:00:00 UTC        
 RAD variables written at  2023-06-26 18:00:00 UTC        
 SEARCH BC data for 2023062700 , step =   108960
 READY  BC from     2023062618  to 2023062700 
 $$$  2023-06-26 18:00:00 UTC        
 $$$ max, min of ps (mb) =  1023.02  498.07
 SRF variables written at  2023-06-26 21:00:00 UTC        
 $$$  2023-06-26 21:00:00 UTC        
 $$$ max, min of ps (mb) =  1023.63  498.00
 At  2023-06-27 00:00:00 UTC        
 JDay    177.00000 solar declination angle =  23.37637536 degrees
                   solar TSI irradiance    =    1356.6931 W/m^2
 ATM variables written at  2023-06-27 00:00:00 UTC        
 SRF variables written at  2023-06-27 00:00:00 UTC        
 STS variables written at  2023-06-27 00:00:00 UTC        
 RAD variables written at  2023-06-27 00:00:00 UTC        
 SEARCH BC data for 2023062706 , step =   109440
 READY  BC from     2023062700  to 2023062706 
 $$$  2023-06-27 00:00:00 UTC        
 $$$ max, min of ps (mb) =  1024.40  498.00
 Updating aerosol optical properties...
 SRF variables written at  2023-06-27 03:00:00 UTC        
 $$$  2023-06-27 03:00:00 UTC        
 $$$ max, min of ps (mb) =  1023.89  497.84
 ATM variables written at  2023-06-27 06:00:00 UTC        
 SRF variables written at  2023-06-27 06:00:00 UTC        
 RAD variables written at  2023-06-27 06:00:00 UTC        
 SEARCH BC data for 2023062712 , step =   109920
 READY  BC from     2023062706  to 2023062712 
 $$$  2023-06-27 06:00:00 UTC        
 $$$ max, min of ps (mb) =  1023.46  497.58
 SRF variables written at  2023-06-27 09:00:00 UTC        
 $$$  2023-06-27 09:00:00 UTC        
 $$$ max, min of ps (mb) =  1023.74  497.59
 ATM variables written at  2023-06-27 12:00:00 UTC        
 SRF variables written at  2023-06-27 12:00:00 UTC        
 RAD variables written at  2023-06-27 12:00:00 UTC        
 SEARCH BC data for 2023062718 , step =   110400
 READY  BC from     2023062712  to 2023062718 
 $$$  2023-06-27 12:00:00 UTC        
 $$$ max, min of ps (mb) =  1024.35  497.59
 SRF variables written at  2023-06-27 15:00:00 UTC        
 $$$  2023-06-27 15:00:00 UTC        
 $$$ max, min of ps (mb) =  1025.28  497.41
 ATM variables written at  2023-06-27 18:00:00 UTC        
 SRF variables written at  2023-06-27 18:00:00 UTC        
 RAD variables written at  2023-06-27 18:00:00 UTC        
 SEARCH BC data for 2023062800 , step =   110880
 READY  BC from     2023062718  to 2023062800 
 $$$  2023-06-27 18:00:00 UTC        
 $$$ max, min of ps (mb) =  1025.97  497.39
 SRF variables written at  2023-06-27 21:00:00 UTC        
 $$$  2023-06-27 21:00:00 UTC        
 $$$ max, min of ps (mb) =  1026.17  497.28
 At  2023-06-28 00:00:00 UTC        
 JDay    178.00000 solar declination angle =  23.34416566 degrees
                   solar TSI irradiance    =    1356.6931 W/m^2
 ATM variables written at  2023-06-28 00:00:00 UTC        
 SRF variables written at  2023-06-28 00:00:00 UTC        
 STS variables written at  2023-06-28 00:00:00 UTC        
 RAD variables written at  2023-06-28 00:00:00 UTC        
 SEARCH BC data for 2023062806 , step =   111360
 READY  BC from     2023062800  to 2023062806 
 $$$  2023-06-28 00:00:00 UTC        
 $$$ max, min of ps (mb) =  1026.90  497.46
 Updating aerosol optical properties...
 SRF variables written at  2023-06-28 03:00:00 UTC        
 $$$  2023-06-28 03:00:00 UTC        
 $$$ max, min of ps (mb) =  1027.13  497.56
 ATM variables written at  2023-06-28 06:00:00 UTC        
 SRF variables written at  2023-06-28 06:00:00 UTC        
 RAD variables written at  2023-06-28 06:00:00 UTC        
 SEARCH BC data for 2023062812 , step =   111840
 READY  BC from     2023062806  to 2023062812 
 $$$  2023-06-28 06:00:00 UTC        
 $$$ max, min of ps (mb) =  1026.62  497.48
 SRF variables written at  2023-06-28 09:00:00 UTC        
 $$$  2023-06-28 09:00:00 UTC        
 $$$ max, min of ps (mb) =  1026.15  497.66
 ATM variables written at  2023-06-28 12:00:00 UTC        
 SRF variables written at  2023-06-28 12:00:00 UTC        
 RAD variables written at  2023-06-28 12:00:00 UTC        
 SEARCH BC data for 2023062818 , step =   112320
 READY  BC from     2023062812  to 2023062818 
 $$$  2023-06-28 12:00:00 UTC        
 $$$ max, min of ps (mb) =  1026.10  497.96
 SRF variables written at  2023-06-28 15:00:00 UTC        
 $$$  2023-06-28 15:00:00 UTC        
 $$$ max, min of ps (mb) =  1027.04  498.10
 ATM variables written at  2023-06-28 18:00:00 UTC        
 SRF variables written at  2023-06-28 18:00:00 UTC        
 RAD variables written at  2023-06-28 18:00:00 UTC        
 SEARCH BC data for 2023062900 , step =   112800
 READY  BC from     2023062818  to 2023062900 
 $$$  2023-06-28 18:00:00 UTC        
 $$$ max, min of ps (mb) =  1026.79  498.37
