[lrdn4823:132403:0:132403] ib_mlx5_log.c:177  Transport retry count exceeded on mlx5_0:1/IB (synd 0x15 vend 0x81 hw_synd 0/0)
[lrdn4823:132403:0:132403] ib_mlx5_log.c:177  DCI QP 0xea89 wqe[32894]: SEND s-e [rqpn 0x3936 rlid 16315] [va 0x1548a13f0f00 len 522 lkey 0x286201] 
[lrdn4823:132435:0:132435] ib_mlx5_log.c:177  Transport retry count exceeded on mlx5_0:1/IB (synd 0x15 vend 0x81 hw_synd 0/0)
[lrdn4823:132435:0:132435] ib_mlx5_log.c:177  DCI QP 0xe8bc wqe[61163]: SEND s-e [rqpn 0x3936 rlid 16315] [va 0x0 len 1034 lkey 0x6bfb] 
forrtl: error (76): Abort trap signal
Image              PC                Routine            Line        Source             
libpthread-2.28.s  0000154D051ABCF0  Unknown               Unknown  Unknown
libc-2.28.so       0000154D049D4AFF  gsignal               Unknown  Unknown
libc-2.28.so       0000154D049A7EA5  abort                 Unknown  Unknown
libucs.so.0.0.0    00001548AACD3D46  Unknown               Unknown  Unknown
libucs.so.0.0.0    00001548AACD86A4  ucs_log_default_h     Unknown  Unknown
libucs.so.0.0.0    00001548AACD89C4  ucs_log_dispatch      Unknown  Unknown
libuct_ib.so.0.0.  00001548AA8324FA  uct_ib_mlx5_compl     Unknown  Unknown
libuct_ib.so.0.0.  00001548AA85B68B  uct_dc_mlx5_ep_ha     Unknown  Unknown
libuct_ib.so.0.0.  00001548AA833F9D  uct_ib_mlx5_check     Unknown  Unknown
libuct_ib.so.0.0.  00001548AA85DC32  Unknown               Unknown  Unknown
libucp.so.0.0.0    00001548AB18481A  ucp_worker_progre     Unknown  Unknown
libmlx-fi.so       00001548AB40DDF1  Unknown               Unknown  Unknown
libmlx-fi.so       00001548AB426EAD  Unknown               Unknown  Unknown
libmlx-fi.so       00001548AB42639B  Unknown               Unknown  Unknown
libmpi.so.12.0.0   0000154D05F15E40  Unknown               Unknown  Unknown
libmpi.so.12.0.0   0000154D05C492FD  Unknown               Unknown  Unknown
libmpi.so.12.0.0   0000154D0590F2D1  Unknown               Unknown  Unknown
libmpi.so.12.0.0   0000154D0590E670  Unknown               Unknown  Unknown
libmpi.so.12.0.0   0000154D05B42DFB  Unknown               Unknown  Unknown
libmpi.so.12.0.0   0000154D059D7306  Unknown               Unknown  Unknown
libmpi.so.12.0.0   0000154D05B31FD5  Unknown               Unknown  Unknown
libmpi.so.12.0.0   0000154D0597F935  MPI_Scatterv          Unknown  Unknown
libmpifort.so.12.  0000154D0737EBB0  PMPI_SCATTERV         Unknown  Unknown
regcmMPICLM45      0000000000C98D37  Unknown               Unknown  Unknown
regcmMPICLM45      0000000000CE2640  Unknown               Unknown  Unknown
regcmMPICLM45      0000000000A7C7B7  Unknown               Unknown  Unknown
regcmMPICLM45      0000000000A73501  Unknown               Unknown  Unknown
regcmMPICLM45      00000000004216B4  Unknown               Unknown  Unknown
regcmMPICLM45      0000000000619F10  Unknown               Unknown  Unknown
regcmMPICLM45      0000000000612AC9  Unknown               Unknown  Unknown
regcmMPICLM45      0000000000416331  Unknown               Unknown  Unknown
regcmMPICLM45      000000000063F260  Unknown               Unknown  Unknown
regcmMPICLM45      000000000041544D  Unknown               Unknown  Unknown
libc-2.28.so       0000154D049C0D85  __libc_start_main     Unknown  Unknown
regcmMPICLM45      000000000041536E  Unknown               Unknown  Unknown
forrtl: error (76): Abort trap signal
Image              PC                Routine            Line        Source             
libpthread-2.28.s  00001521C0EFFCF0  Unknown               Unknown  Unknown
libc-2.28.so       00001521C0728AFF  gsignal               Unknown  Unknown
libc-2.28.so       00001521C06FBEA5  abort                 Unknown  Unknown
libucs.so.0.0.0    0000151D66A27D46  Unknown               Unknown  Unknown
libucs.so.0.0.0    0000151D66A2C6A4  ucs_log_default_h     Unknown  Unknown
libucs.so.0.0.0    0000151D66A2C9C4  ucs_log_dispatch      Unknown  Unknown
libuct_ib.so.0.0.  0000151D665864FA  uct_ib_mlx5_compl     Unknown  Unknown
libuct_ib.so.0.0.  0000151D665AF68B  uct_dc_mlx5_ep_ha     Unknown  Unknown
libuct_ib.so.0.0.  0000151D66587F9D  uct_ib_mlx5_check     Unknown  Unknown
libuct_ib.so.0.0.  0000151D665B1C32  Unknown               Unknown  Unknown
libucp.so.0.0.0    0000151D66ED881A  ucp_worker_progre     Unknown  Unknown
libmlx-fi.so       0000151D67161DF1  Unknown               Unknown  Unknown
libmlx-fi.so       0000151D6717AEAD  Unknown               Unknown  Unknown
libmlx-fi.so       0000151D6717A39B  Unknown               Unknown  Unknown
libmpi.so.12.0.0   00001521C1C69E40  Unknown               Unknown  Unknown
libmpi.so.12.0.0   00001521C199D2FD  Unknown               Unknown  Unknown
libmpi.so.12.0.0   00001521C16632D1  Unknown               Unknown  Unknown
libmpi.so.12.0.0   00001521C1662670  Unknown               Unknown  Unknown
libmpi.so.12.0.0   00001521C1896DFB  Unknown               Unknown  Unknown
libmpi.so.12.0.0   00001521C172B306  Unknown               Unknown  Unknown
libmpi.so.12.0.0   00001521C1885FD5  Unknown               Unknown  Unknown
libmpi.so.12.0.0   00001521C16D3935  MPI_Scatterv          Unknown  Unknown
libmpifort.so.12.  00001521C30D2BB0  PMPI_SCATTERV         Unknown  Unknown
regcmMPICLM45      0000000000C98D37  Unknown               Unknown  Unknown
regcmMPICLM45      0000000000CE2640  Unknown               Unknown  Unknown
regcmMPICLM45      0000000000A7C7B7  Unknown               Unknown  Unknown
regcmMPICLM45      0000000000A73501  Unknown               Unknown  Unknown
regcmMPICLM45      00000000004216B4  Unknown               Unknown  Unknown
regcmMPICLM45      0000000000619F10  Unknown               Unknown  Unknown
regcmMPICLM45      0000000000612AC9  Unknown               Unknown  Unknown
regcmMPICLM45      0000000000416331  Unknown               Unknown  Unknown
regcmMPICLM45      000000000063F260  Unknown               Unknown  Unknown
regcmMPICLM45      000000000041544D  Unknown               Unknown  Unknown
libc-2.28.so       00001521C0714D85  __libc_start_main     Unknown  Unknown
regcmMPICLM45      000000000041536E  Unknown               Unknown  Unknown
