
/leonardo/home/userexternal/mdasilva/leonardo_work/SAM-3km/postproc/cyclone/WRF415

--------------- INIT POSPROCESSING MODEL ----------------
cdi  warning (cdfScanVarAttr): NetCDF: Variable not found - >rlon<
cdi  warning (cdfScanVarAttr): NetCDF: Variable not found - >rlat<
cdi  warning (cdf_set_var): Inconsistent variable definition for lon!
cdi  warning (cdf_set_var): Inconsistent variable definition for lat!
cdo    remapbil: Bilinear weights from curvilinear (480x690) to lonlat (1440x816) grid
cdi  warning (cdfScanVarAttr): NetCDF: Variable not found - >rlon<
cdi  warning (cdfScanVarAttr): NetCDF: Variable not found - >rlat<
cdi  warning (cdf_set_var): Inconsistent variable definition for lon!
cdi  warning (cdf_set_var): Inconsistent variable definition for lat!
cdo    remapbil: Bilinear weights from curvilinear (480x690) to lonlat (1440x816) grid
cdi  warning (cdfScanVarAttr): NetCDF: Variable not found - >rlon<
cdi  warning (cdfScanVarAttr): NetCDF: Variable not found - >rlat<
cdi  warning (cdf_set_var): Inconsistent variable definition for lon!
cdi  warning (cdf_set_var): Inconsistent variable definition for lat!
cdo    remapbil: Bilinear weights from curvilinear (480x690) to lonlat (1440x816) grid
cdi  warning (cdfScanVarAttr): NetCDF: Variable not found - >rlon<
cdi  warning (cdfScanVarAttr): NetCDF: Variable not found - >rlat<
cdi  warning (cdf_set_var): Inconsistent variable definition for lon!
cdi  warning (cdf_set_var): Inconsistent variable definition for lat!
cdo    remapbil: Bilinear weights from curvilinear (480x690) to lonlat (1440x816) grid
cdi  warning (cdfScanVarAttr): NetCDF: Variable not found - >rlon<
cdi  warning (cdfScanVarAttr): NetCDF: Variable not found - >rlat<
cdi  warning (cdf_set_var): Inconsistent variable definition for lon!
cdi  warning (cdf_set_var): Inconsistent variable definition for lat!
cdo    remapbil: Bilinear weights from curvilinear (480x690) to lonlat (1440x816) grid
cdi  warning (cdfScanVarAttr): NetCDF: Variable not found - >rlon<
cdi  warning (cdfScanVarAttr): NetCDF: Variable not found - >rlat<
cdi  warning (cdf_set_var): Inconsistent variable definition for lon!
cdi  warning (cdf_set_var): Inconsistent variable definition for lat!
cdo    remapbil: Bilinear weights from curvilinear (480x690) to lonlat (1440x816) grid
cdi  warning (cdfScanVarAttr): NetCDF: Variable not found - >rlon<
cdi  warning (cdfScanVarAttr): NetCDF: Variable not found - >rlat<
cdi  warning (cdf_set_var): Inconsistent variable definition for lon!
cdi  warning (cdf_set_var): Inconsistent variable definition for lat!
cdo    remapbil: Bilinear weights from curvilinear (480x690) to lonlat (1440x816) grid
cdi  warning (cdfScanVarAttr): NetCDF: Variable not found - >rlon<
cdi  warning (cdfScanVarAttr): NetCDF: Variable not found - >rlat<
cdi  warning (cdf_set_var): Inconsistent variable definition for lon!
cdi  warning (cdf_set_var): Inconsistent variable definition for lat!
cdo    remapbil: Bilinear weights from curvilinear (480x690) to lonlat (1440x816) grid
cdi  warning (cdfScanVarAttr): NetCDF: Variable not found - >rlon<
cdi  warning (cdfScanVarAttr): NetCDF: Variable not found - >rlat<
cdi  warning (cdf_set_var): Inconsistent variable definition for lon!
cdi  warning (cdf_set_var): Inconsistent variable definition for lat!
cdo    remapbil: Bilinear weights from curvilinear (480x690) to lonlat (1440x816) grid
cdi  warning (cdfScanVarAttr): NetCDF: Variable not found - >rlon<
cdi  warning (cdfScanVarAttr): NetCDF: Variable not found - >rlat<
cdi  warning (cdf_set_var): Inconsistent variable definition for lon!
cdi  warning (cdf_set_var): Inconsistent variable definition for lat!
cdo    remapbil: Bilinear weights from curvilinear (480x690) to lonlat (1440x816) grid
cdi  warning (cdfScanVarAttr): NetCDF: Variable not found - >rlon<
cdi  warning (cdfScanVarAttr): NetCDF: Variable not found - >rlat<
cdi  warning (cdf_set_var): Inconsistent variable definition for lon!
cdi  warning (cdf_set_var): Inconsistent variable definition for lat!
cdo    remapbil: Bilinear weights from curvilinear (480x690) to lonlat (1440x816) grid
cdi  warning (cdfScanVarAttr): NetCDF: Variable not found - >rlon<
cdi  warning (cdfScanVarAttr): NetCDF: Variable not found - >rlat<
cdi  warning (cdf_set_var): Inconsistent variable definition for lon!
cdi  warning (cdf_set_var): Inconsistent variable definition for lat!
cdo    remapbil: Bilinear weights from curvilinear (480x690) to lonlat (1440x816) grid
cdi  warning (cdfScanVarAttr): NetCDF: Variable not found - >rlon<
cdi  warning (cdfScanVarAttr): NetCDF: Variable not found - >rlat<
cdi  warning (cdf_set_var): Inconsistent variable definition for lon!
cdi  warning (cdf_set_var): Inconsistent variable definition for lat!
cdo    remapbil: Bilinear weights from curvilinear (480x690) to lonlat (1440x816) grid
cdi  warning (cdfScanVarAttr): NetCDF: Variable not found - >rlon<
cdi  warning (cdfScanVarAttr): NetCDF: Variable not found - >rlat<
cdi  warning (cdf_set_var): Inconsistent variable definition for lon!
cdi  warning (cdf_set_var): Inconsistent variable definition for lat!
cdo    remapbil: Bilinear weights from curvilinear (480x690) to lonlat (1440x816) grid
cdi  warning (cdfScanVarAttr): NetCDF: Variable not found - >rlon<
cdi  warning (cdfScanVarAttr): NetCDF: Variable not found - >rlat<
cdi  warning (cdf_set_var): Inconsistent variable definition for lon!
cdi  warning (cdf_set_var): Inconsistent variable definition for lat!
cdo    remapbil: Bilinear weights from curvilinear (480x690) to lonlat (1440x816) grid
cdi  warning (cdfScanVarAttr): NetCDF: Variable not found - >rlon<
cdi  warning (cdfScanVarAttr): NetCDF: Variable not found - >rlat<
cdi  warning (cdf_set_var): Inconsistent variable definition for lon!
cdi  warning (cdf_set_var): Inconsistent variable definition for lat!
cdo    remapbil: Bilinear weights from curvilinear (480x690) to lonlat (1440x816) grid
cdi  warning (cdfScanVarAttr): NetCDF: Variable not found - >rlon<
cdi  warning (cdfScanVarAttr): NetCDF: Variable not found - >rlat<
cdi  warning (cdf_set_var): Inconsistent variable definition for lon!
cdi  warning (cdf_set_var): Inconsistent variable definition for lat!
cdo    remapbil: Bilinear weights from curvilinear (480x690) to lonlat (1440x816) grid
cdi  warning (cdfScanVarAttr): NetCDF: Variable not found - >rlon<
cdi  warning (cdfScanVarAttr): NetCDF: Variable not found - >rlat<
cdi  warning (cdf_set_var): Inconsistent variable definition for lon!
cdi  warning (cdf_set_var): Inconsistent variable definition for lat!
cdo    remapbil: Bilinear weights from curvilinear (480x690) to lonlat (1440x816) grid
cdi  warning (cdfScanVarAttr): NetCDF: Variable not found - >rlon<
cdi  warning (cdfScanVarAttr): NetCDF: Variable not found - >rlat<
cdi  warning (cdf_set_var): Inconsistent variable definition for lon!
cdi  warning (cdf_set_var): Inconsistent variable definition for lat!
cdo    remapbil: Bilinear weights from curvilinear (480x690) to lonlat (1440x816) grid
cdi  warning (cdfScanVarAttr): NetCDF: Variable not found - >rlon<
cdi  warning (cdfScanVarAttr): NetCDF: Variable not found - >rlat<
cdi  warning (cdf_set_var): Inconsistent variable definition for lon!
cdi  warning (cdf_set_var): Inconsistent variable definition for lat!
cdo    remapbil: Bilinear weights from curvilinear (480x690) to lonlat (1440x816) grid
cdi  warning (cdfScanVarAttr): NetCDF: Variable not found - >rlon<
cdi  warning (cdfScanVarAttr): NetCDF: Variable not found - >rlat<
cdi  warning (cdf_set_var): Inconsistent variable definition for lon!
cdi  warning (cdf_set_var): Inconsistent variable definition for lat!
cdo    remapbil: Bilinear weights from curvilinear (480x690) to lonlat (1440x816) grid
cdi  warning (cdfScanVarAttr): NetCDF: Variable not found - >rlon<
cdi  warning (cdfScanVarAttr): NetCDF: Variable not found - >rlat<
cdi  warning (cdf_set_var): Inconsistent variable definition for lon!
cdi  warning (cdf_set_var): Inconsistent variable definition for lat!
cdo    remapbil: Bilinear weights from curvilinear (480x690) to lonlat (1440x816) grid
cdi  warning (cdfScanVarAttr): NetCDF: Variable not found - >rlon<
cdi  warning (cdfScanVarAttr): NetCDF: Variable not found - >rlat<
cdi  warning (cdf_set_var): Inconsistent variable definition for lon!
cdi  warning (cdf_set_var): Inconsistent variable definition for lat!
cdo    remapbil: Bilinear weights from curvilinear (480x690) to lonlat (1440x816) grid
cdi  warning (cdfScanVarAttr): NetCDF: Variable not found - >rlon<
cdi  warning (cdfScanVarAttr): NetCDF: Variable not found - >rlat<
cdi  warning (cdf_set_var): Inconsistent variable definition for lon!
cdi  warning (cdf_set_var): Inconsistent variable definition for lat!
cdo    remapbil: Bilinear weights from curvilinear (480x690) to lonlat (1440x816) grid
cdi  warning (cdfScanVarAttr): NetCDF: Variable not found - >rlon<
cdi  warning (cdfScanVarAttr): NetCDF: Variable not found - >rlat<
cdi  warning (cdf_set_var): Inconsistent variable definition for lon!
cdi  warning (cdf_set_var): Inconsistent variable definition for lat!
cdo    remapbil: Bilinear weights from curvilinear (480x690) to lonlat (1440x816) grid
cdi  warning (cdfScanVarAttr): NetCDF: Variable not found - >rlon<
cdi  warning (cdfScanVarAttr): NetCDF: Variable not found - >rlat<
cdi  warning (cdf_set_var): Inconsistent variable definition for lon!
cdi  warning (cdf_set_var): Inconsistent variable definition for lat!
cdo    remapbil: Bilinear weights from curvilinear (480x690) to lonlat (1440x816) grid
cdi  warning (cdfScanVarAttr): NetCDF: Variable not found - >rlon<
cdi  warning (cdfScanVarAttr): NetCDF: Variable not found - >rlat<
cdi  warning (cdf_set_var): Inconsistent variable definition for lon!
cdi  warning (cdf_set_var): Inconsistent variable definition for lat!
cdo    remapbil: Bilinear weights from curvilinear (480x690) to lonlat (1440x816) grid
cdi  warning (cdfScanVarAttr): NetCDF: Variable not found - >rlon<
cdi  warning (cdfScanVarAttr): NetCDF: Variable not found - >rlat<
cdi  warning (cdf_set_var): Inconsistent variable definition for lon!
cdi  warning (cdf_set_var): Inconsistent variable definition for lat!
cdo    remapbil: Bilinear weights from curvilinear (480x690) to lonlat (1440x816) grid
cdi  warning (cdfScanVarAttr): NetCDF: Variable not found - >rlon<
cdi  warning (cdfScanVarAttr): NetCDF: Variable not found - >rlat<
cdi  warning (cdf_set_var): Inconsistent variable definition for lon!
cdi  warning (cdf_set_var): Inconsistent variable definition for lat!
cdo    remapbil: Bilinear weights from curvilinear (480x690) to lonlat (1440x816) grid
cdi  warning (cdfScanVarAttr): NetCDF: Variable not found - >rlon<
cdi  warning (cdfScanVarAttr): NetCDF: Variable not found - >rlat<
cdi  warning (cdf_set_var): Inconsistent variable definition for lon!
cdi  warning (cdf_set_var): Inconsistent variable definition for lat!
cdo    remapbil: Bilinear weights from curvilinear (480x690) to lonlat (1440x816) grid
cdi  warning (cdfScanVarAttr): NetCDF: Variable not found - >rlon<
cdi  warning (cdfScanVarAttr): NetCDF: Variable not found - >rlat<
cdi  warning (cdf_set_var): Inconsistent variable definition for lon!
cdi  warning (cdf_set_var): Inconsistent variable definition for lat!
cdo    remapbil: Bilinear weights from curvilinear (480x690) to lonlat (1440x816) grid
cdi  warning (cdfScanVarAttr): NetCDF: Variable not found - >rlon<
cdi  warning (cdfScanVarAttr): NetCDF: Variable not found - >rlat<
cdi  warning (cdf_set_var): Inconsistent variable definition for lon!
cdi  warning (cdf_set_var): Inconsistent variable definition for lat!
cdo    remapbil: Bilinear weights from curvilinear (480x690) to lonlat (1440x816) grid
cdi  warning (cdfScanVarAttr): NetCDF: Variable not found - >rlon<
cdi  warning (cdfScanVarAttr): NetCDF: Variable not found - >rlat<
cdi  warning (cdf_set_var): Inconsistent variable definition for lon!
cdi  warning (cdf_set_var): Inconsistent variable definition for lat!
cdo    remapbil: Bilinear weights from curvilinear (480x690) to lonlat (1440x816) grid
cdi  warning (cdfScanVarAttr): NetCDF: Variable not found - >rlon<
cdi  warning (cdfScanVarAttr): NetCDF: Variable not found - >rlat<
cdi  warning (cdf_set_var): Inconsistent variable definition for lon!
cdi  warning (cdf_set_var): Inconsistent variable definition for lat!
cdo    remapbil: Bilinear weights from curvilinear (480x690) to lonlat (1440x816) grid
cdi  warning (cdfScanVarAttr): NetCDF: Variable not found - >rlon<
cdi  warning (cdfScanVarAttr): NetCDF: Variable not found - >rlat<
cdi  warning (cdf_set_var): Inconsistent variable definition for lon!
cdi  warning (cdf_set_var): Inconsistent variable definition for lat!
cdo    remapbil: Bilinear weights from curvilinear (480x690) to lonlat (1440x816) grid
cdi  warning (cdfScanVarAttr): NetCDF: Variable not found - >rlon<
cdi  warning (cdfScanVarAttr): NetCDF: Variable not found - >rlat<
cdi  warning (cdf_set_var): Inconsistent variable definition for lon!
cdi  warning (cdf_set_var): Inconsistent variable definition for lat!
cdo    remapbil: Bilinear weights from curvilinear (480x690) to lonlat (1440x816) grid
cdi  warning (cdfScanVarAttr): NetCDF: Variable not found - >rlon<
cdi  warning (cdfScanVarAttr): NetCDF: Variable not found - >rlat<
cdi  warning (cdf_set_var): Inconsistent variable definition for lon!
cdi  warning (cdf_set_var): Inconsistent variable definition for lat!
cdo    remapbil: Bilinear weights from curvilinear (480x690) to lonlat (1440x816) grid
cdi  warning (cdfScanVarAttr): NetCDF: Variable not found - >rlon<
cdi  warning (cdfScanVarAttr): NetCDF: Variable not found - >rlat<
cdi  warning (cdf_set_var): Inconsistent variable definition for lon!
cdi  warning (cdf_set_var): Inconsistent variable definition for lat!
cdo    remapbil: Bilinear weights from curvilinear (480x690) to lonlat (1440x816) grid
cdi  warning (cdfScanVarAttr): NetCDF: Variable not found - >rlon<
cdi  warning (cdfScanVarAttr): NetCDF: Variable not found - >rlat<
cdi  warning (cdf_set_var): Inconsistent variable definition for lon!
cdi  warning (cdf_set_var): Inconsistent variable definition for lat!
cdo    remapbil: Bilinear weights from curvilinear (480x690) to lonlat (1440x816) grid
cdi  warning (cdfScanVarAttr): NetCDF: Variable not found - >rlon<
cdi  warning (cdfScanVarAttr): NetCDF: Variable not found - >rlat<
cdi  warning (cdf_set_var): Inconsistent variable definition for lon!
cdi  warning (cdf_set_var): Inconsistent variable definition for lat!
cdo    remapbil: Bilinear weights from curvilinear (480x690) to lonlat (1440x816) grid
cdi  warning (cdfScanVarAttr): NetCDF: Variable not found - >rlon<
cdi  warning (cdfScanVarAttr): NetCDF: Variable not found - >rlat<
cdi  warning (cdf_set_var): Inconsistent variable definition for lon!
cdi  warning (cdf_set_var): Inconsistent variable definition for lat!
cdo    remapbil: Bilinear weights from curvilinear (480x690) to lonlat (1440x816) grid
cdi  warning (cdfScanVarAttr): NetCDF: Variable not found - >rlon<
cdi  warning (cdfScanVarAttr): NetCDF: Variable not found - >rlat<
cdi  warning (cdf_set_var): Inconsistent variable definition for lon!
cdi  warning (cdf_set_var): Inconsistent variable definition for lat!
cdo    remapbil: Bilinear weights from curvilinear (480x690) to lonlat (1440x816) grid
cdi  warning (cdfScanVarAttr): NetCDF: Variable not found - >rlon<
cdi  warning (cdfScanVarAttr): NetCDF: Variable not found - >rlat<
cdi  warning (cdf_set_var): Inconsistent variable definition for lon!
cdi  warning (cdf_set_var): Inconsistent variable definition for lat!
cdo    remapbil: Bilinear weights from curvilinear (480x690) to lonlat (1440x816) grid
cdi  warning (cdfScanVarAttr): NetCDF: Variable not found - >rlon<
cdi  warning (cdfScanVarAttr): NetCDF: Variable not found - >rlat<
cdi  warning (cdf_set_var): Inconsistent variable definition for lon!
cdi  warning (cdf_set_var): Inconsistent variable definition for lat!
cdo    remapbil: Bilinear weights from curvilinear (480x690) to lonlat (1440x816) grid
cdi  warning (cdfScanVarAttr): NetCDF: Variable not found - >rlon<
cdi  warning (cdfScanVarAttr): NetCDF: Variable not found - >rlat<
cdi  warning (cdf_set_var): Inconsistent variable definition for lon!
cdi  warning (cdf_set_var): Inconsistent variable definition for lat!
cdo    remapbil: Bilinear weights from curvilinear (480x690) to lonlat (1440x816) grid
cdi  warning (cdfScanVarAttr): NetCDF: Variable not found - >rlon<
cdi  warning (cdfScanVarAttr): NetCDF: Variable not found - >rlat<
cdi  warning (cdf_set_var): Inconsistent variable definition for lon!
cdi  warning (cdf_set_var): Inconsistent variable definition for lat!
cdo    remapbil: Bilinear weights from curvilinear (480x690) to lonlat (1440x816) grid
cdi  warning (cdfScanVarAttr): NetCDF: Variable not found - >rlon<
cdi  warning (cdfScanVarAttr): NetCDF: Variable not found - >rlat<
cdi  warning (cdf_set_var): Inconsistent variable definition for lon!
cdi  warning (cdf_set_var): Inconsistent variable definition for lat!
cdo    remapbil: Bilinear weights from curvilinear (480x690) to lonlat (1440x816) grid
cdo    remapbil: Open failed on >/leonardo/home/userexternal/mdasilva/leonardo_work/WRF/PREC_ACC_NC/202112_PREC_ACC_NC_SouthAmerica_on-IMERG-grid.nc<
                 No such file or directory
cdo    remapbil: Open failed on >/leonardo/home/userexternal/mdasilva/leonardo_work/WRF/CIN_MU/201801_CIN_MU_SouthAmerica.nc<
                 No such file or directory
cdo    remapbil: Open failed on >/leonardo/home/userexternal/mdasilva/leonardo_work/WRF/CIN_MU/201802_CIN_MU_SouthAmerica.nc<
                 No such file or directory
cdo    remapbil: Open failed on >/leonardo/home/userexternal/mdasilva/leonardo_work/WRF/CIN_MU/201803_CIN_MU_SouthAmerica.nc<
                 No such file or directory
cdo    remapbil: Open failed on >/leonardo/home/userexternal/mdasilva/leonardo_work/WRF/CIN_MU/201804_CIN_MU_SouthAmerica.nc<
                 No such file or directory
cdo    remapbil: Open failed on >/leonardo/home/userexternal/mdasilva/leonardo_work/WRF/CIN_MU/201805_CIN_MU_SouthAmerica.nc<
                 No such file or directory
cdo    remapbil: Open failed on >/leonardo/home/userexternal/mdasilva/leonardo_work/WRF/CIN_MU/201806_CIN_MU_SouthAmerica.nc<
                 No such file or directory
cdo    remapbil: Open failed on >/leonardo/home/userexternal/mdasilva/leonardo_work/WRF/CIN_MU/201807_CIN_MU_SouthAmerica.nc<
                 No such file or directory
cdo    remapbil: Open failed on >/leonardo/home/userexternal/mdasilva/leonardo_work/WRF/CIN_MU/201808_CIN_MU_SouthAmerica.nc<
                 No such file or directory
cdo    remapbil: Open failed on >/leonardo/home/userexternal/mdasilva/leonardo_work/WRF/CIN_MU/201809_CIN_MU_SouthAmerica.nc<
                 No such file or directory
cdo    remapbil: Open failed on >/leonardo/home/userexternal/mdasilva/leonardo_work/WRF/CIN_MU/201810_CIN_MU_SouthAmerica.nc<
                 No such file or directory
cdo    remapbil: Open failed on >/leonardo/home/userexternal/mdasilva/leonardo_work/WRF/CIN_MU/201811_CIN_MU_SouthAmerica.nc<
                 No such file or directory
cdo    remapbil: Open failed on >/leonardo/home/userexternal/mdasilva/leonardo_work/WRF/CIN_MU/201812_CIN_MU_SouthAmerica.nc<
                 No such file or directory
cdo    remapbil: Open failed on >/leonardo/home/userexternal/mdasilva/leonardo_work/WRF/CIN_MU/201901_CIN_MU_SouthAmerica.nc<
                 No such file or directory
cdo    remapbil: Open failed on >/leonardo/home/userexternal/mdasilva/leonardo_work/WRF/CIN_MU/201902_CIN_MU_SouthAmerica.nc<
                 No such file or directory
cdo    remapbil: Open failed on >/leonardo/home/userexternal/mdasilva/leonardo_work/WRF/CIN_MU/201903_CIN_MU_SouthAmerica.nc<
                 No such file or directory
cdo    remapbil: Open failed on >/leonardo/home/userexternal/mdasilva/leonardo_work/WRF/CIN_MU/201904_CIN_MU_SouthAmerica.nc<
                 No such file or directory
cdo    remapbil: Open failed on >/leonardo/home/userexternal/mdasilva/leonardo_work/WRF/CIN_MU/201905_CIN_MU_SouthAmerica.nc<
                 No such file or directory
cdo    remapbil: Open failed on >/leonardo/home/userexternal/mdasilva/leonardo_work/WRF/CIN_MU/201906_CIN_MU_SouthAmerica.nc<
                 No such file or directory
cdo    remapbil: Open failed on >/leonardo/home/userexternal/mdasilva/leonardo_work/WRF/CIN_MU/201907_CIN_MU_SouthAmerica.nc<
                 No such file or directory
cdo    remapbil: Open failed on >/leonardo/home/userexternal/mdasilva/leonardo_work/WRF/CIN_MU/201908_CIN_MU_SouthAmerica.nc<
                 No such file or directory
cdo    remapbil: Open failed on >/leonardo/home/userexternal/mdasilva/leonardo_work/WRF/CIN_MU/201909_CIN_MU_SouthAmerica.nc<
                 No such file or directory
cdo    remapbil: Open failed on >/leonardo/home/userexternal/mdasilva/leonardo_work/WRF/CIN_MU/201910_CIN_MU_SouthAmerica.nc<
                 No such file or directory
cdo    remapbil: Open failed on >/leonardo/home/userexternal/mdasilva/leonardo_work/WRF/CIN_MU/201911_CIN_MU_SouthAmerica.nc<
                 No such file or directory
cdo    remapbil: Open failed on >/leonardo/home/userexternal/mdasilva/leonardo_work/WRF/CIN_MU/201912_CIN_MU_SouthAmerica.nc<
                 No such file or directory
cdo    remapbil: Open failed on >/leonardo/home/userexternal/mdasilva/leonardo_work/WRF/CIN_MU/202001_CIN_MU_SouthAmerica.nc<
                 No such file or directory
cdo    remapbil: Open failed on >/leonardo/home/userexternal/mdasilva/leonardo_work/WRF/CIN_MU/202002_CIN_MU_SouthAmerica.nc<
                 No such file or directory
cdo    remapbil: Open failed on >/leonardo/home/userexternal/mdasilva/leonardo_work/WRF/CIN_MU/202003_CIN_MU_SouthAmerica.nc<
                 No such file or directory
cdo    remapbil: Open failed on >/leonardo/home/userexternal/mdasilva/leonardo_work/WRF/CIN_MU/202004_CIN_MU_SouthAmerica.nc<
                 No such file or directory
cdo    remapbil: Open failed on >/leonardo/home/userexternal/mdasilva/leonardo_work/WRF/CIN_MU/202005_CIN_MU_SouthAmerica.nc<
                 No such file or directory
cdo    remapbil: Open failed on >/leonardo/home/userexternal/mdasilva/leonardo_work/WRF/CIN_MU/202006_CIN_MU_SouthAmerica.nc<
                 No such file or directory
cdo    remapbil: Open failed on >/leonardo/home/userexternal/mdasilva/leonardo_work/WRF/CIN_MU/202007_CIN_MU_SouthAmerica.nc<
                 No such file or directory
cdo    remapbil: Open failed on >/leonardo/home/userexternal/mdasilva/leonardo_work/WRF/CIN_MU/202008_CIN_MU_SouthAmerica.nc<
                 No such file or directory
cdo    remapbil: Open failed on >/leonardo/home/userexternal/mdasilva/leonardo_work/WRF/CIN_MU/202009_CIN_MU_SouthAmerica.nc<
                 No such file or directory
cdo    remapbil: Open failed on >/leonardo/home/userexternal/mdasilva/leonardo_work/WRF/CIN_MU/202010_CIN_MU_SouthAmerica.nc<
                 No such file or directory
cdo    remapbil: Open failed on >/leonardo/home/userexternal/mdasilva/leonardo_work/WRF/CIN_MU/202011_CIN_MU_SouthAmerica.nc<
                 No such file or directory
cdo    remapbil: Open failed on >/leonardo/home/userexternal/mdasilva/leonardo_work/WRF/CIN_MU/202012_CIN_MU_SouthAmerica.nc<
                 No such file or directory
cdo    remapbil: Open failed on >/leonardo/home/userexternal/mdasilva/leonardo_work/WRF/CIN_MU/202101_CIN_MU_SouthAmerica.nc<
                 No such file or directory
cdo    remapbil: Open failed on >/leonardo/home/userexternal/mdasilva/leonardo_work/WRF/CIN_MU/202102_CIN_MU_SouthAmerica.nc<
                 No such file or directory
cdo    remapbil: Open failed on >/leonardo/home/userexternal/mdasilva/leonardo_work/WRF/CIN_MU/202103_CIN_MU_SouthAmerica.nc<
                 No such file or directory
cdo    remapbil: Open failed on >/leonardo/home/userexternal/mdasilva/leonardo_work/WRF/CIN_MU/202104_CIN_MU_SouthAmerica.nc<
                 No such file or directory
cdo    remapbil: Open failed on >/leonardo/home/userexternal/mdasilva/leonardo_work/WRF/CIN_MU/202105_CIN_MU_SouthAmerica.nc<
                 No such file or directory
cdo    remapbil: Open failed on >/leonardo/home/userexternal/mdasilva/leonardo_work/WRF/CIN_MU/202106_CIN_MU_SouthAmerica.nc<
                 No such file or directory
cdo    remapbil: Open failed on >/leonardo/home/userexternal/mdasilva/leonardo_work/WRF/CIN_MU/202107_CIN_MU_SouthAmerica.nc<
                 No such file or directory
cdo    remapbil: Open failed on >/leonardo/home/userexternal/mdasilva/leonardo_work/WRF/CIN_MU/202108_CIN_MU_SouthAmerica.nc<
                 No such file or directory
cdo    remapbil: Open failed on >/leonardo/home/userexternal/mdasilva/leonardo_work/WRF/CIN_MU/202109_CIN_MU_SouthAmerica.nc<
                 No such file or directory
cdo    remapbil: Open failed on >/leonardo/home/userexternal/mdasilva/leonardo_work/WRF/CIN_MU/202110_CIN_MU_SouthAmerica.nc<
                 No such file or directory
cdo    remapbil: Open failed on >/leonardo/home/userexternal/mdasilva/leonardo_work/WRF/CIN_MU/202111_CIN_MU_SouthAmerica.nc<
                 No such file or directory
cdo    remapbil: Open failed on >/leonardo/home/userexternal/mdasilva/leonardo_work/WRF/CIN_MU/202112_CIN_MU_SouthAmerica.nc<
                 No such file or directory
cdo    mergetime: Open failed on >CIN_MU_SAM-3km_WRF_*_lonlat.nc<
                  No such file or directory
