
--------------- INIT POSPROCESSING MODEL ----------------

/marconi/home/userexternal/mdasilva/user/mdasilva/SAM-3km/post_cyclone/wrf/wrf/AFWA_CAPE_MU
cdi  warning (cdfScanVarAttr): NetCDF: Variable not found - >XLONG<
cdi  warning (cdfScanVarAttr): NetCDF: Variable not found - >XLAT<
cdi  warning (cdf_check_variables): Unsupported data type (char/string), skipped variable Times!
cdi  warning (cdfInqContents): Coordinates variable XTIME can't be assigned!
cdo    remapbil: Bilinear weights from curvilinear (1142x729) to lonlat (1440x816) grid
cdi  warning (cdfScanVarAttr): NetCDF: Variable not found - >XLONG<
cdi  warning (cdfScanVarAttr): NetCDF: Variable not found - >XLAT<
cdi  warning (cdf_check_variables): Unsupported data type (char/string), skipped variable Times!
cdi  warning (cdfInqContents): Coordinates variable XTIME can't be assigned!
cdo    remapbil: Bilinear weights from curvilinear (1142x729) to lonlat (1440x816) grid
cdi  warning (cdfScanVarAttr): NetCDF: Variable not found - >XLONG<
cdi  warning (cdfScanVarAttr): NetCDF: Variable not found - >XLAT<
cdi  warning (cdf_check_variables): Unsupported data type (char/string), skipped variable Times!
cdi  warning (cdfInqContents): Coordinates variable XTIME can't be assigned!
cdo    remapbil: Bilinear weights from curvilinear (1142x729) to lonlat (1440x816) grid
cdi  warning (cdfScanVarAttr): NetCDF: Variable not found - >XLONG<
cdi  warning (cdfScanVarAttr): NetCDF: Variable not found - >XLAT<
cdi  warning (cdf_check_variables): Unsupported data type (char/string), skipped variable Times!
cdi  warning (cdfInqContents): Coordinates variable XTIME can't be assigned!
cdo    remapbil: Bilinear weights from curvilinear (1142x729) to lonlat (1440x816) grid
cdi  warning (cdfScanVarAttr): NetCDF: Variable not found - >XLONG<
cdi  warning (cdfScanVarAttr): NetCDF: Variable not found - >XLAT<
cdi  warning (cdf_check_variables): Unsupported data type (char/string), skipped variable Times!
cdi  warning (cdfInqContents): Coordinates variable XTIME can't be assigned!
cdo    remapbil: Bilinear weights from curvilinear (1142x729) to lonlat (1440x816) grid
cdi  warning (cdfScanVarAttr): NetCDF: Variable not found - >XLONG<
cdi  warning (cdfScanVarAttr): NetCDF: Variable not found - >XLAT<
cdi  warning (cdf_check_variables): Unsupported data type (char/string), skipped variable Times!
cdi  warning (cdfInqContents): Coordinates variable XTIME can't be assigned!
cdo    remapbil: Bilinear weights from curvilinear (1142x729) to lonlat (1440x816) grid
cdi  warning (cdfScanVarAttr): NetCDF: Variable not found - >XLONG<
cdi  warning (cdfScanVarAttr): NetCDF: Variable not found - >XLAT<
cdi  warning (cdf_check_variables): Unsupported data type (char/string), skipped variable Times!
cdi  warning (cdfInqContents): Coordinates variable XTIME can't be assigned!
cdo    remapbil: Bilinear weights from curvilinear (1142x729) to lonlat (1440x816) grid
cdi  warning (cdfScanVarAttr): NetCDF: Variable not found - >XLONG<
cdi  warning (cdfScanVarAttr): NetCDF: Variable not found - >XLAT<
cdi  warning (cdf_check_variables): Unsupported data type (char/string), skipped variable Times!
cdi  warning (cdfInqContents): Coordinates variable XTIME can't be assigned!
cdo    remapbil: Bilinear weights from curvilinear (1142x729) to lonlat (1440x816) grid
cdi  warning (cdfScanVarAttr): NetCDF: Variable not found - >XLONG<
cdi  warning (cdfScanVarAttr): NetCDF: Variable not found - >XLAT<
cdi  warning (cdf_check_variables): Unsupported data type (char/string), skipped variable Times!
cdi  warning (cdfInqContents): Coordinates variable XTIME can't be assigned!
cdo    remapbil: Bilinear weights from curvilinear (1142x729) to lonlat (1440x816) grid
cdi  warning (cdfScanVarAttr): NetCDF: Variable not found - >XLONG<
cdi  warning (cdfScanVarAttr): NetCDF: Variable not found - >XLAT<
cdi  warning (cdf_check_variables): Unsupported data type (char/string), skipped variable Times!
cdi  warning (cdfInqContents): Coordinates variable XTIME can't be assigned!
cdo    remapbil: Bilinear weights from curvilinear (1142x729) to lonlat (1440x816) grid
cdi  warning (cdfScanVarAttr): NetCDF: Variable not found - >XLONG<
cdi  warning (cdfScanVarAttr): NetCDF: Variable not found - >XLAT<
cdi  warning (cdf_check_variables): Unsupported data type (char/string), skipped variable Times!
cdi  warning (cdfInqContents): Coordinates variable XTIME can't be assigned!
cdo    remapbil: Bilinear weights from curvilinear (1142x729) to lonlat (1440x816) grid
cdi  warning (cdfScanVarAttr): NetCDF: Variable not found - >XLONG<
cdi  warning (cdfScanVarAttr): NetCDF: Variable not found - >XLAT<
cdi  warning (cdf_check_variables): Unsupported data type (char/string), skipped variable Times!
cdi  warning (cdfInqContents): Coordinates variable XTIME can't be assigned!
cdo    remapbil: Bilinear weights from curvilinear (1142x729) to lonlat (1440x816) grid
cdi  warning (cdfScanVarAttr): NetCDF: Variable not found - >XLONG<
cdi  warning (cdfScanVarAttr): NetCDF: Variable not found - >XLAT<
cdi  warning (cdf_check_variables): Unsupported data type (char/string), skipped variable Times!
cdi  warning (cdfInqContents): Coordinates variable XTIME can't be assigned!
cdo    remapbil: Bilinear weights from curvilinear (1142x729) to lonlat (1440x816) grid
cdi  warning (cdfScanVarAttr): NetCDF: Variable not found - >XLONG<
cdi  warning (cdfScanVarAttr): NetCDF: Variable not found - >XLAT<
cdi  warning (cdf_check_variables): Unsupported data type (char/string), skipped variable Times!
cdi  warning (cdfInqContents): Coordinates variable XTIME can't be assigned!
cdo    remapbil: Bilinear weights from curvilinear (1142x729) to lonlat (1440x816) grid
cdi  warning (cdfScanVarAttr): NetCDF: Variable not found - >XLONG<
cdi  warning (cdfScanVarAttr): NetCDF: Variable not found - >XLAT<
cdi  warning (cdf_check_variables): Unsupported data type (char/string), skipped variable Times!
cdi  warning (cdfInqContents): Coordinates variable XTIME can't be assigned!
cdo    remapbil: Bilinear weights from curvilinear (1142x729) to lonlat (1440x816) grid
cdi  warning (cdfScanVarAttr): NetCDF: Variable not found - >XLONG<
cdi  warning (cdfScanVarAttr): NetCDF: Variable not found - >XLAT<
cdi  warning (cdf_check_variables): Unsupported data type (char/string), skipped variable Times!
cdi  warning (cdfInqContents): Coordinates variable XTIME can't be assigned!
cdo    remapbil: Bilinear weights from curvilinear (1142x729) to lonlat (1440x816) grid
cdi  warning (cdfScanVarAttr): NetCDF: Variable not found - >XLONG<
cdi  warning (cdfScanVarAttr): NetCDF: Variable not found - >XLAT<
cdi  warning (cdf_check_variables): Unsupported data type (char/string), skipped variable Times!
cdi  warning (cdfInqContents): Coordinates variable XTIME can't be assigned!
cdo    remapbil: Bilinear weights from curvilinear (1142x729) to lonlat (1440x816) grid
cdi  warning (cdfScanVarAttr): NetCDF: Variable not found - >XLONG<
cdi  warning (cdfScanVarAttr): NetCDF: Variable not found - >XLAT<
cdi  warning (cdf_check_variables): Unsupported data type (char/string), skipped variable Times!
cdi  warning (cdfInqContents): Coordinates variable XTIME can't be assigned!
cdo    remapbil: Bilinear weights from curvilinear (1142x729) to lonlat (1440x816) grid
cdi  warning (cdfScanVarAttr): NetCDF: Variable not found - >XLONG<
cdi  warning (cdfScanVarAttr): NetCDF: Variable not found - >XLAT<
cdi  warning (cdf_check_variables): Unsupported data type (char/string), skipped variable Times!
cdi  warning (cdfInqContents): Coordinates variable XTIME can't be assigned!
cdo    remapbil: Bilinear weights from curvilinear (1142x729) to lonlat (1440x816) grid
cdi  warning (cdfScanVarAttr): NetCDF: Variable not found - >XLONG<
cdi  warning (cdfScanVarAttr): NetCDF: Variable not found - >XLAT<
cdi  warning (cdf_check_variables): Unsupported data type (char/string), skipped variable Times!
cdi  warning (cdfInqContents): Coordinates variable XTIME can't be assigned!
cdo    remapbil: Bilinear weights from curvilinear (1142x729) to lonlat (1440x816) grid
cdi  warning (cdfScanVarAttr): NetCDF: Variable not found - >XLONG<
cdi  warning (cdfScanVarAttr): NetCDF: Variable not found - >XLAT<
cdi  warning (cdf_check_variables): Unsupported data type (char/string), skipped variable Times!
cdi  warning (cdfInqContents): Coordinates variable XTIME can't be assigned!
cdo    remapbil: Bilinear weights from curvilinear (1142x729) to lonlat (1440x816) grid
cdi  warning (cdfScanVarAttr): NetCDF: Variable not found - >XLONG<
cdi  warning (cdfScanVarAttr): NetCDF: Variable not found - >XLAT<
cdi  warning (cdf_check_variables): Unsupported data type (char/string), skipped variable Times!
cdi  warning (cdfInqContents): Coordinates variable XTIME can't be assigned!
cdo    remapbil: Bilinear weights from curvilinear (1142x729) to lonlat (1440x816) grid
cdi  warning (cdfScanVarAttr): NetCDF: Variable not found - >XLONG<
cdi  warning (cdfScanVarAttr): NetCDF: Variable not found - >XLAT<
cdi  warning (cdf_check_variables): Unsupported data type (char/string), skipped variable Times!
cdi  warning (cdfInqContents): Coordinates variable XTIME can't be assigned!
cdo    remapbil: Bilinear weights from curvilinear (1142x729) to lonlat (1440x816) grid
cdi  warning (cdfScanVarAttr): NetCDF: Variable not found - >XLONG<
cdi  warning (cdfScanVarAttr): NetCDF: Variable not found - >XLAT<
cdi  warning (cdf_check_variables): Unsupported data type (char/string), skipped variable Times!
cdi  warning (cdfInqContents): Coordinates variable XTIME can't be assigned!
cdo    remapbil: Bilinear weights from curvilinear (1142x729) to lonlat (1440x816) grid
cdi  warning (cdfScanVarAttr): NetCDF: Variable not found - >XLONG<
cdi  warning (cdfScanVarAttr): NetCDF: Variable not found - >XLAT<
cdi  warning (cdf_check_variables): Unsupported data type (char/string), skipped variable Times!
cdi  warning (cdfInqContents): Coordinates variable XTIME can't be assigned!
cdo    remapbil: Bilinear weights from curvilinear (1142x729) to lonlat (1440x816) grid
cdi  warning (cdfScanVarAttr): NetCDF: Variable not found - >XLONG<
cdi  warning (cdfScanVarAttr): NetCDF: Variable not found - >XLAT<
cdi  warning (cdf_check_variables): Unsupported data type (char/string), skipped variable Times!
cdi  warning (cdfInqContents): Coordinates variable XTIME can't be assigned!
cdo    remapbil: Bilinear weights from curvilinear (1142x729) to lonlat (1440x816) grid
cdi  warning (cdfScanVarAttr): NetCDF: Variable not found - >XLONG<
cdi  warning (cdfScanVarAttr): NetCDF: Variable not found - >XLAT<
cdi  warning (cdf_check_variables): Unsupported data type (char/string), skipped variable Times!
cdi  warning (cdfInqContents): Coordinates variable XTIME can't be assigned!
cdo    remapbil: Bilinear weights from curvilinear (1142x729) to lonlat (1440x816) grid
cdi  warning (cdfScanVarAttr): NetCDF: Variable not found - >XLONG<
cdi  warning (cdfScanVarAttr): NetCDF: Variable not found - >XLAT<
cdi  warning (cdf_check_variables): Unsupported data type (char/string), skipped variable Times!
cdi  warning (cdfInqContents): Coordinates variable XTIME can't be assigned!
cdo    remapbil: Bilinear weights from curvilinear (1142x729) to lonlat (1440x816) grid
cdi  warning (cdfScanVarAttr): NetCDF: Variable not found - >XLONG<
cdi  warning (cdfScanVarAttr): NetCDF: Variable not found - >XLAT<
cdi  warning (cdf_check_variables): Unsupported data type (char/string), skipped variable Times!
cdi  warning (cdfInqContents): Coordinates variable XTIME can't be assigned!
cdo    remapbil: Bilinear weights from curvilinear (1142x729) to lonlat (1440x816) grid
cdi  warning (cdfScanVarAttr): NetCDF: Variable not found - >XLONG<
cdi  warning (cdfScanVarAttr): NetCDF: Variable not found - >XLAT<
cdi  warning (cdf_check_variables): Unsupported data type (char/string), skipped variable Times!
cdi  warning (cdfInqContents): Coordinates variable XTIME can't be assigned!
cdo    remapbil: Bilinear weights from curvilinear (1142x729) to lonlat (1440x816) grid
cdi  warning (cdfScanVarAttr): NetCDF: Variable not found - >XLONG<
cdi  warning (cdfScanVarAttr): NetCDF: Variable not found - >XLAT<
cdi  warning (cdf_check_variables): Unsupported data type (char/string), skipped variable Times!
cdi  warning (cdfInqContents): Coordinates variable XTIME can't be assigned!
cdo    remapbil: Bilinear weights from curvilinear (1142x729) to lonlat (1440x816) grid
cdi  warning (cdfScanVarAttr): NetCDF: Variable not found - >XLONG<
cdi  warning (cdfScanVarAttr): NetCDF: Variable not found - >XLAT<
cdi  warning (cdf_check_variables): Unsupported data type (char/string), skipped variable Times!
cdi  warning (cdfInqContents): Coordinates variable XTIME can't be assigned!
cdo    remapbil: Bilinear weights from curvilinear (1142x729) to lonlat (1440x816) grid
cdi  warning (cdfScanVarAttr): NetCDF: Variable not found - >XLONG<
cdi  warning (cdfScanVarAttr): NetCDF: Variable not found - >XLAT<
cdi  warning (cdf_check_variables): Unsupported data type (char/string), skipped variable Times!
cdi  warning (cdfInqContents): Coordinates variable XTIME can't be assigned!
cdo    remapbil: Bilinear weights from curvilinear (1142x729) to lonlat (1440x816) grid
cdi  warning (cdfScanVarAttr): NetCDF: Variable not found - >XLONG<
cdi  warning (cdfScanVarAttr): NetCDF: Variable not found - >XLAT<
cdi  warning (cdf_check_variables): Unsupported data type (char/string), skipped variable Times!
cdi  warning (cdfInqContents): Coordinates variable XTIME can't be assigned!
cdo    remapbil: Bilinear weights from curvilinear (1142x729) to lonlat (1440x816) grid
cdi  warning (cdfScanVarAttr): NetCDF: Variable not found - >XLONG<
cdi  warning (cdfScanVarAttr): NetCDF: Variable not found - >XLAT<
cdi  warning (cdf_check_variables): Unsupported data type (char/string), skipped variable Times!
cdi  warning (cdfInqContents): Coordinates variable XTIME can't be assigned!
cdo    remapbil: Bilinear weights from curvilinear (1142x729) to lonlat (1440x816) grid
cdi  warning (cdfScanVarAttr): NetCDF: Variable not found - >XLONG<
cdi  warning (cdfScanVarAttr): NetCDF: Variable not found - >XLAT<
cdi  warning (cdf_check_variables): Unsupported data type (char/string), skipped variable Times!
cdi  warning (cdfInqContents): Coordinates variable XTIME can't be assigned!
cdo    remapbil: Bilinear weights from curvilinear (1142x729) to lonlat (1440x816) grid
cdi  warning (cdfScanVarAttr): NetCDF: Variable not found - >XLONG<
cdi  warning (cdfScanVarAttr): NetCDF: Variable not found - >XLAT<
cdi  warning (cdf_check_variables): Unsupported data type (char/string), skipped variable Times!
cdi  warning (cdfInqContents): Coordinates variable XTIME can't be assigned!
cdo    remapbil: Bilinear weights from curvilinear (1142x729) to lonlat (1440x816) grid
cdi  warning (cdfScanVarAttr): NetCDF: Variable not found - >XLONG<
cdi  warning (cdfScanVarAttr): NetCDF: Variable not found - >XLAT<
cdi  warning (cdf_check_variables): Unsupported data type (char/string), skipped variable Times!
cdi  warning (cdfInqContents): Coordinates variable XTIME can't be assigned!
cdo    remapbil: Bilinear weights from curvilinear (1142x729) to lonlat (1440x816) grid
cdi  warning (cdfScanVarAttr): NetCDF: Variable not found - >XLONG<
cdi  warning (cdfScanVarAttr): NetCDF: Variable not found - >XLAT<
cdi  warning (cdf_check_variables): Unsupported data type (char/string), skipped variable Times!
cdi  warning (cdfInqContents): Coordinates variable XTIME can't be assigned!
cdo    remapbil: Bilinear weights from curvilinear (1142x729) to lonlat (1440x816) grid
cdi  warning (cdfScanVarAttr): NetCDF: Variable not found - >XLONG<
cdi  warning (cdfScanVarAttr): NetCDF: Variable not found - >XLAT<
cdi  warning (cdf_check_variables): Unsupported data type (char/string), skipped variable Times!
cdi  warning (cdfInqContents): Coordinates variable XTIME can't be assigned!
cdo    remapbil: Bilinear weights from curvilinear (1142x729) to lonlat (1440x816) grid
cdi  warning (cdfScanVarAttr): NetCDF: Variable not found - >XLONG<
cdi  warning (cdfScanVarAttr): NetCDF: Variable not found - >XLAT<
cdi  warning (cdf_check_variables): Unsupported data type (char/string), skipped variable Times!
cdi  warning (cdfInqContents): Coordinates variable XTIME can't be assigned!
cdo    remapbil: Bilinear weights from curvilinear (1142x729) to lonlat (1440x816) grid
cdi  warning (cdfScanVarAttr): NetCDF: Variable not found - >XLONG<
cdi  warning (cdfScanVarAttr): NetCDF: Variable not found - >XLAT<
cdi  warning (cdf_check_variables): Unsupported data type (char/string), skipped variable Times!
cdi  warning (cdfInqContents): Coordinates variable XTIME can't be assigned!
cdo    remapbil: Bilinear weights from curvilinear (1142x729) to lonlat (1440x816) grid
cdi  warning (cdfScanVarAttr): NetCDF: Variable not found - >XLONG<
cdi  warning (cdfScanVarAttr): NetCDF: Variable not found - >XLAT<
cdi  warning (cdf_check_variables): Unsupported data type (char/string), skipped variable Times!
cdi  warning (cdfInqContents): Coordinates variable XTIME can't be assigned!
cdo    remapbil: Bilinear weights from curvilinear (1142x729) to lonlat (1440x816) grid
cdi  warning (cdfScanVarAttr): NetCDF: Variable not found - >XLONG<
cdi  warning (cdfScanVarAttr): NetCDF: Variable not found - >XLAT<
cdi  warning (cdf_check_variables): Unsupported data type (char/string), skipped variable Times!
cdi  warning (cdfInqContents): Coordinates variable XTIME can't be assigned!
cdo    remapbil: Bilinear weights from curvilinear (1142x729) to lonlat (1440x816) grid
cdi  warning (cdfScanVarAttr): NetCDF: Variable not found - >XLONG<
cdi  warning (cdfScanVarAttr): NetCDF: Variable not found - >XLAT<
cdi  warning (cdf_check_variables): Unsupported data type (char/string), skipped variable Times!
cdi  warning (cdfInqContents): Coordinates variable XTIME can't be assigned!
cdo    remapbil: Bilinear weights from curvilinear (1142x729) to lonlat (1440x816) grid
cdi  warning (cdfScanVarAttr): NetCDF: Variable not found - >XLONG<
cdi  warning (cdfScanVarAttr): NetCDF: Variable not found - >XLAT<
cdi  warning (cdf_check_variables): Unsupported data type (char/string), skipped variable Times!
cdi  warning (cdfInqContents): Coordinates variable XTIME can't be assigned!
cdo    remapbil: Bilinear weights from curvilinear (1142x729) to lonlat (1440x816) grid
cdi  warning (cdfScanVarAttr): NetCDF: Variable not found - >XLONG<
cdi  warning (cdfScanVarAttr): NetCDF: Variable not found - >XLAT<
cdi  warning (cdf_check_variables): Unsupported data type (char/string), skipped variable Times!
cdi  warning (cdfInqContents): Coordinates variable XTIME can't be assigned!
cdo    remapbil: Bilinear weights from curvilinear (1142x729) to lonlat (1440x816) grid
cdi  warning (cdfScanVarAttr): NetCDF: Variable not found - >XLONG<
cdi  warning (cdfScanVarAttr): NetCDF: Variable not found - >XLAT<
cdi  warning (cdf_check_variables): Unsupported data type (char/string), skipped variable Times!
cdi  warning (cdfInqContents): Coordinates variable XTIME can't be assigned!
cdo    remapbil: Bilinear weights from curvilinear (1142x729) to lonlat (1440x816) grid

/marconi/home/userexternal/mdasilva/user/mdasilva/SAM-3km/post_cyclone/wrf/wrf/PREC_ACC_NC
cdo    remapbil: Bilinear weights from curvilinear (1142x729) to lonlat (1440x816) grid
cdo    remapbil: Bilinear weights from curvilinear (1142x729) to lonlat (1440x816) grid
cdo    remapbil: Bilinear weights from curvilinear (1142x729) to lonlat (1440x816) grid
cdo    remapbil: Bilinear weights from curvilinear (1142x729) to lonlat (1440x816) grid
cdo    remapbil: Bilinear weights from curvilinear (1142x729) to lonlat (1440x816) grid
cdo    remapbil: Bilinear weights from curvilinear (1142x729) to lonlat (1440x816) grid
cdo    remapbil: Bilinear weights from curvilinear (1142x729) to lonlat (1440x816) grid
cdo    remapbil: Bilinear weights from curvilinear (1142x729) to lonlat (1440x816) grid
cdo    remapbil: Bilinear weights from curvilinear (1142x729) to lonlat (1440x816) grid
cdo    remapbil: Bilinear weights from curvilinear (1142x729) to lonlat (1440x816) grid
cdo    remapbil: Bilinear weights from curvilinear (1142x729) to lonlat (1440x816) grid
cdo    remapbil: Bilinear weights from curvilinear (1142x729) to lonlat (1440x816) grid
cdo    remapbil: Bilinear weights from curvilinear (1142x729) to lonlat (1440x816) grid
cdo    remapbil: Bilinear weights from curvilinear (1142x729) to lonlat (1440x816) grid
cdo    remapbil: Bilinear weights from curvilinear (1142x729) to lonlat (1440x816) grid
cdo    remapbil: Bilinear weights from curvilinear (1142x729) to lonlat (1440x816) grid
cdo    remapbil: Bilinear weights from curvilinear (1142x729) to lonlat (1440x816) grid
cdo    remapbil: Bilinear weights from curvilinear (1142x729) to lonlat (1440x816) grid
cdo    remapbil: Bilinear weights from curvilinear (1142x729) to lonlat (1440x816) grid
cdo    remapbil: Bilinear weights from curvilinear (1142x729) to lonlat (1440x816) grid
cdo    remapbil: Bilinear weights from curvilinear (1142x729) to lonlat (1440x816) grid
cdo    remapbil: Bilinear weights from curvilinear (1142x729) to lonlat (1440x816) grid
cdo    remapbil: Bilinear weights from curvilinear (1142x729) to lonlat (1440x816) grid
cdo    remapbil: Bilinear weights from curvilinear (1142x729) to lonlat (1440x816) grid
cdo    remapbil: Bilinear weights from curvilinear (1142x729) to lonlat (1440x816) grid
cdo    remapbil: Bilinear weights from curvilinear (1142x729) to lonlat (1440x816) grid
cdo    remapbil: Bilinear weights from curvilinear (1142x729) to lonlat (1440x816) grid
cdo    remapbil: Bilinear weights from curvilinear (1142x729) to lonlat (1440x816) grid
cdo    remapbil: Bilinear weights from curvilinear (1142x729) to lonlat (1440x816) grid
cdo    remapbil: Bilinear weights from curvilinear (1142x729) to lonlat (1440x816) grid
cdo    remapbil: Bilinear weights from curvilinear (1142x729) to lonlat (1440x816) grid
cdo    remapbil: Bilinear weights from curvilinear (1142x729) to lonlat (1440x816) grid
cdo    remapbil: Bilinear weights from curvilinear (1142x729) to lonlat (1440x816) grid
cdo    remapbil: Bilinear weights from curvilinear (1142x729) to lonlat (1440x816) grid
cdo    remapbil: Bilinear weights from curvilinear (1142x729) to lonlat (1440x816) grid
cdo    remapbil: Bilinear weights from curvilinear (1142x729) to lonlat (1440x816) grid
cdo    remapbil: Bilinear weights from curvilinear (1142x729) to lonlat (1440x816) grid
cdo    remapbil: Bilinear weights from curvilinear (1142x729) to lonlat (1440x816) grid
cdo    remapbil: Bilinear weights from curvilinear (1142x729) to lonlat (1440x816) grid
cdo    remapbil: Bilinear weights from curvilinear (1142x729) to lonlat (1440x816) grid
cdo    remapbil: Bilinear weights from curvilinear (1142x729) to lonlat (1440x816) grid
cdo    remapbil: Bilinear weights from curvilinear (1142x729) to lonlat (1440x816) grid
cdo    remapbil: Bilinear weights from curvilinear (1142x729) to lonlat (1440x816) grid
cdo    remapbil: Bilinear weights from curvilinear (1142x729) to lonlat (1440x816) grid
cdo    remapbil: Bilinear weights from curvilinear (1142x729) to lonlat (1440x816) grid
cdo    remapbil: Bilinear weights from curvilinear (1142x729) to lonlat (1440x816) grid
cdo    remapbil: Bilinear weights from curvilinear (1142x729) to lonlat (1440x816) grid
cdo    remapbil: Bilinear weights from curvilinear (1142x729) to lonlat (1440x816) grid

--------------- THE END POSPROCESSING MODEL -------------
