
--------------- INIT POSPROCESSING MODEL ----------------

/marconi/home/userexternal/mdasilva/user/mdasilva/SAM-3km/post_cyclone/wrf/wrf/U10e
cdo    remapbil: Bilinear weights from curvilinear (1142x729) to lonlat (1440x816) grid
cdo    remapbil: Bilinear weights from curvilinear (1142x729) to lonlat (1440x816) grid
cdo    remapbil: Bilinear weights from curvilinear (1142x729) to lonlat (1440x816) grid
cdo    remapbil: Bilinear weights from curvilinear (1142x729) to lonlat (1440x816) grid
cdo    remapbil: Bilinear weights from curvilinear (1142x729) to lonlat (1440x816) grid
cdo    remapbil: Bilinear weights from curvilinear (1142x729) to lonlat (1440x816) grid
cdo    remapbil: Bilinear weights from curvilinear (1142x729) to lonlat (1440x816) grid
cdo    remapbil: Bilinear weights from curvilinear (1142x729) to lonlat (1440x816) grid
cdo    remapbil: Bilinear weights from curvilinear (1142x729) to lonlat (1440x816) grid
cdo    remapbil: Bilinear weights from curvilinear (1142x729) to lonlat (1440x816) grid
cdo    remapbil: Bilinear weights from curvilinear (1142x729) to lonlat (1440x816) grid
cdo    remapbil: Bilinear weights from curvilinear (1142x729) to lonlat (1440x816) grid
cdo    remapbil: Bilinear weights from curvilinear (1142x729) to lonlat (1440x816) grid
cdo    remapbil: Bilinear weights from curvilinear (1142x729) to lonlat (1440x816) grid
cdo    remapbil: Bilinear weights from curvilinear (1142x729) to lonlat (1440x816) grid
cdo    remapbil: Bilinear weights from curvilinear (1142x729) to lonlat (1440x816) grid
cdo    remapbil: Bilinear weights from curvilinear (1142x729) to lonlat (1440x816) grid
cdo    remapbil: Bilinear weights from curvilinear (1142x729) to lonlat (1440x816) grid
cdo    remapbil: Bilinear weights from curvilinear (1142x729) to lonlat (1440x816) grid
cdo    remapbil: Bilinear weights from curvilinear (1142x729) to lonlat (1440x816) grid
cdo    remapbil: Bilinear weights from curvilinear (1142x729) to lonlat (1440x816) grid
cdo    remapbil: Bilinear weights from curvilinear (1142x729) to lonlat (1440x816) grid
cdo    remapbil: Bilinear weights from curvilinear (1142x729) to lonlat (1440x816) grid
cdo    remapbil: Bilinear weights from curvilinear (1142x729) to lonlat (1440x816) grid
cdo    remapbil: Bilinear weights from curvilinear (1142x729) to lonlat (1440x816) grid
cdo    remapbil: Bilinear weights from curvilinear (1142x729) to lonlat (1440x816) grid
cdo    remapbil: Bilinear weights from curvilinear (1142x729) to lonlat (1440x816) grid
cdo    remapbil: Bilinear weights from curvilinear (1142x729) to lonlat (1440x816) grid
cdo    remapbil: Bilinear weights from curvilinear (1142x729) to lonlat (1440x816) grid
cdo    remapbil: Bilinear weights from curvilinear (1142x729) to lonlat (1440x816) grid
cdo    remapbil: Bilinear weights from curvilinear (1142x729) to lonlat (1440x816) grid
cdo    remapbil: Bilinear weights from curvilinear (1142x729) to lonlat (1440x816) grid
cdo    remapbil: Bilinear weights from curvilinear (1142x729) to lonlat (1440x816) grid
cdo    remapbil: Bilinear weights from curvilinear (1142x729) to lonlat (1440x816) grid
cdo    remapbil: Bilinear weights from curvilinear (1142x729) to lonlat (1440x816) grid
cdo    remapbil: Bilinear weights from curvilinear (1142x729) to lonlat (1440x816) grid
cdo    remapbil: Bilinear weights from curvilinear (1142x729) to lonlat (1440x816) grid
cdo    remapbil: Bilinear weights from curvilinear (1142x729) to lonlat (1440x816) grid
cdo    remapbil: Bilinear weights from curvilinear (1142x729) to lonlat (1440x816) grid
cdo    remapbil: Bilinear weights from curvilinear (1142x729) to lonlat (1440x816) grid
cdo    remapbil: Bilinear weights from curvilinear (1142x729) to lonlat (1440x816) grid
cdo    remapbil: Bilinear weights from curvilinear (1142x729) to lonlat (1440x816) grid
cdo    remapbil: Bilinear weights from curvilinear (1142x729) to lonlat (1440x816) grid
cdo    remapbil: Bilinear weights from curvilinear (1142x729) to lonlat (1440x816) grid
cdo    remapbil: Bilinear weights from curvilinear (1142x729) to lonlat (1440x816) grid
cdo    remapbil: Bilinear weights from curvilinear (1142x729) to lonlat (1440x816) grid
cdo    remapbil: Bilinear weights from curvilinear (1142x729) to lonlat (1440x816) grid
cdo    remapbil: Bilinear weights from curvilinear (1142x729) to lonlat (1440x816) grid

/marconi/home/userexternal/mdasilva/user/mdasilva/SAM-3km/post_cyclone/wrf/wrf/V10e
cdo    remapbil: Bilinear weights from curvilinear (1142x729) to lonlat (1440x816) grid
cdo    remapbil: Bilinear weights from curvilinear (1142x729) to lonlat (1440x816) grid
cdo    remapbil: Bilinear weights from curvilinear (1142x729) to lonlat (1440x816) grid
cdo    remapbil: Bilinear weights from curvilinear (1142x729) to lonlat (1440x816) grid
cdo    remapbil: Bilinear weights from curvilinear (1142x729) to lonlat (1440x816) grid
cdo    remapbil: Bilinear weights from curvilinear (1142x729) to lonlat (1440x816) grid
cdo    remapbil: Bilinear weights from curvilinear (1142x729) to lonlat (1440x816) grid
cdo    remapbil: Bilinear weights from curvilinear (1142x729) to lonlat (1440x816) grid
cdo    remapbil: Bilinear weights from curvilinear (1142x729) to lonlat (1440x816) grid
cdo    remapbil: Bilinear weights from curvilinear (1142x729) to lonlat (1440x816) grid
cdo    remapbil: Bilinear weights from curvilinear (1142x729) to lonlat (1440x816) grid
cdo    remapbil: Bilinear weights from curvilinear (1142x729) to lonlat (1440x816) grid
cdo    remapbil: Bilinear weights from curvilinear (1142x729) to lonlat (1440x816) grid
cdo    remapbil: Bilinear weights from curvilinear (1142x729) to lonlat (1440x816) grid
cdo    remapbil: Bilinear weights from curvilinear (1142x729) to lonlat (1440x816) grid
cdo    remapbil: Bilinear weights from curvilinear (1142x729) to lonlat (1440x816) grid
cdo    remapbil: Bilinear weights from curvilinear (1142x729) to lonlat (1440x816) grid
cdo    remapbil: Bilinear weights from curvilinear (1142x729) to lonlat (1440x816) grid
cdo    remapbil: Bilinear weights from curvilinear (1142x729) to lonlat (1440x816) grid
cdo    remapbil: Bilinear weights from curvilinear (1142x729) to lonlat (1440x816) grid
cdo    remapbil: Bilinear weights from curvilinear (1142x729) to lonlat (1440x816) grid
cdo    remapbil: Bilinear weights from curvilinear (1142x729) to lonlat (1440x816) grid
cdo    remapbil: Bilinear weights from curvilinear (1142x729) to lonlat (1440x816) grid
cdo    remapbil: Bilinear weights from curvilinear (1142x729) to lonlat (1440x816) grid
cdo    remapbil: Bilinear weights from curvilinear (1142x729) to lonlat (1440x816) grid
cdo    remapbil: Bilinear weights from curvilinear (1142x729) to lonlat (1440x816) grid
cdo    remapbil: Bilinear weights from curvilinear (1142x729) to lonlat (1440x816) grid
cdo    remapbil: Bilinear weights from curvilinear (1142x729) to lonlat (1440x816) grid
cdo    remapbil: Bilinear weights from curvilinear (1142x729) to lonlat (1440x816) grid
cdo    remapbil: Bilinear weights from curvilinear (1142x729) to lonlat (1440x816) grid
cdo    remapbil: Bilinear weights from curvilinear (1142x729) to lonlat (1440x816) grid
cdo    remapbil: Bilinear weights from curvilinear (1142x729) to lonlat (1440x816) grid
cdo    remapbil: Bilinear weights from curvilinear (1142x729) to lonlat (1440x816) grid
cdo    remapbil: Bilinear weights from curvilinear (1142x729) to lonlat (1440x816) grid
cdo    remapbil: Bilinear weights from curvilinear (1142x729) to lonlat (1440x816) grid
cdo    remapbil: Bilinear weights from curvilinear (1142x729) to lonlat (1440x816) grid
cdo    remapbil: Bilinear weights from curvilinear (1142x729) to lonlat (1440x816) grid
cdo    remapbil: Bilinear weights from curvilinear (1142x729) to lonlat (1440x816) grid
cdo    remapbil: Bilinear weights from curvilinear (1142x729) to lonlat (1440x816) grid
cdo    remapbil: Bilinear weights from curvilinear (1142x729) to lonlat (1440x816) grid
cdo    remapbil: Bilinear weights from curvilinear (1142x729) to lonlat (1440x816) grid
cdo    remapbil: Bilinear weights from curvilinear (1142x729) to lonlat (1440x816) grid
cdo    remapbil: Bilinear weights from curvilinear (1142x729) to lonlat (1440x816) grid
cdo    remapbil: Bilinear weights from curvilinear (1142x729) to lonlat (1440x816) grid
cdo    remapbil: Bilinear weights from curvilinear (1142x729) to lonlat (1440x816) grid
cdo    remapbil: Bilinear weights from curvilinear (1142x729) to lonlat (1440x816) grid
cdo    remapbil: Bilinear weights from curvilinear (1142x729) to lonlat (1440x816) grid
cdo    remapbil: Bilinear weights from curvilinear (1142x729) to lonlat (1440x816) grid

--------------- THE END POSPROCESSING MODEL -------------
