 WARNING:  snow balance error 
  CLM step  =                   1187
  indexc    =       442789
  ctype     =           65
  ltype     =            6
  errh2osno =   1.426710299497888E-002
 WARNING:  snow balance error 
  CLM step  =                   1189
  indexc    =       443328
  ctype     =           65
  ltype     =            6
  errh2osno =   1.440109652438350E-002
 WARNING:  snow balance error 
  CLM step  =                   1233
  indexc    =       420164
  ctype     =           65
  ltype     =            6
  errh2osno =   1.171696290241793E-002
 WARNING:  snow balance error 
  CLM step  =                   1235
  indexc    =       420148
  ctype     =           65
  ltype     =            6
  errh2osno =   1.380911778332729E-002
 WARNING:  snow balance error 
  CLM step  =                   1264
  indexc    =       425901
  ctype     =           65
  ltype     =            6
  errh2osno =   9.146907598476584E-003
 WARNING:  snow balance error 
  CLM step  =                   1265
  indexc    =       425887
  ctype     =           65
  ltype     =            6
  errh2osno =   9.582526309010700E-003
 WARNING:  snow balance error 
  CLM step  =                   1266
  indexc    =       425909
  ctype     =           65
  ltype     =            6
  errh2osno =   8.505160881406515E-003
 WARNING:  snow balance error 
  CLM step  =                   1272
  indexc    =       425391
  ctype     =           65
  ltype     =            6
  errh2osno =   9.807675368480623E-003
 WARNING:  snow balance error 
  CLM step  =                   1273
  indexc    =       425404
  ctype     =           65
  ltype     =            6
  errh2osno =   9.157592014721938E-003
 WARNING:  snow balance error 
  CLM step  =                   1276
  indexc    =       424317
  ctype     =           65
  ltype     =            6
  errh2osno =   1.024422398862156E-002
 WARNING:  snow balance error 
  CLM step  =                   1276
  indexc    =       424858
  ctype     =           65
  ltype     =            6
  errh2osno =   1.087320118581847E-002
 WARNING:  snow balance error 
  CLM step  =                   1277
  indexc    =       424884
  ctype     =           65
  ltype     =            6
  errh2osno =   9.736333765903951E-003
 WARNING:  snow balance error 
  CLM step  =                   1278
  indexc    =       424296
  ctype     =           65
  ltype     =            6
  errh2osno =   1.095827079612555E-002
 WARNING:  snow balance error 
  CLM step  =                   1278
  indexc    =       424845
  ctype     =           65
  ltype     =            6
  errh2osno =   1.144031324494412E-002
 WARNING:  snow balance error 
  CLM step  =                   1279
  indexc    =       398631
  ctype     =           65
  ltype     =            6
  errh2osno =   1.346702380471317E-002
 WARNING:  snow balance error 
  CLM step  =                   1287
  indexc    =       395716
  ctype     =           65
  ltype     =            6
  errh2osno =   1.391054512361206E-002
 WARNING:  snow balance error 
  CLM step  =                   1289
  indexc    =       395708
  ctype     =           65
  ltype     =            6
  errh2osno =   1.380101903216674E-002
 WARNING:  snow balance error 
  CLM step  =                   1289
  indexc    =       424832
  ctype     =           65
  ltype     =            6
  errh2osno =   1.118236629516907E-002
 WARNING:  snow balance error 
  CLM step  =                   1294
  indexc    =       397919
  ctype     =           65
  ltype     =            6
  errh2osno =   1.373558805598668E-002
 WARNING:  snow balance error 
  CLM step  =                   1308
  indexc    =       424283
  ctype     =           65
  ltype     =            6
  errh2osno =   1.087011283818207E-002
 WARNING:  snow balance error 
  CLM step  =                   1317
  indexc    =       396402
  ctype     =           65
  ltype     =            6
  errh2osno =   1.405455304194787E-002
 WARNING:  snow balance error 
  CLM step  =                   1322
  indexc    =       396415
  ctype     =           65
  ltype     =            6
  errh2osno =   1.452905482026494E-002
 WARNING:  snow balance error 
  CLM step  =                   1412
  indexc    =       442802
  ctype     =           65
  ltype     =            6
  errh2osno =   1.541350417968292E-002
 WARNING:  snow balance error 
  CLM step  =                   1413
  indexc    =       443341
  ctype     =           65
  ltype     =            6
  errh2osno =   1.552847887485614E-002
 WARNING:  snow balance error 
  CLM step  =                   1413
  indexc    =       442249
  ctype     =           65
  ltype     =            6
  errh2osno =   1.529910119016885E-002
 WARNING:  snow balance error 
  CLM step  =                   1415
  indexc    =       443831
  ctype     =           65
  ltype     =            6
  errh2osno =   1.802906958316164E-002
 WARNING:  snow balance error 
  CLM step  =                   1416
  indexc    =       443375
  ctype     =           65
  ltype     =            6
  errh2osno =   1.588677102813779E-002
 WARNING:  snow balance error 
  CLM step  =                   1417
  indexc    =       442262
  ctype     =           65
  ltype     =            6
  errh2osno =   1.547325309907660E-002
 WARNING:  snow balance error 
  CLM step  =                   1417
  indexc    =       443899
  ctype     =           65
  ltype     =            6
  errh2osno =   1.588479239339853E-002
 WARNING:  snow balance error 
  CLM step  =                   1418
  indexc    =       442275
  ctype     =           65
  ltype     =            6
  errh2osno =   1.595725108853487E-002
 WARNING:  snow balance error 
  CLM step  =                   1418
  indexc    =       442836
  ctype     =           65
  ltype     =            6
  errh2osno =   1.660274742881561E-002
 WARNING:  snow balance error 
  CLM step  =                   1419
  indexc    =       443865
  ctype     =           65
  ltype     =            6
  errh2osno =   1.611309969745991E-002
 WARNING:  snow balance error 
  CLM step  =                   1420
  indexc    =       442828
  ctype     =           65
  ltype     =            6
  errh2osno =   1.644350319066028E-002
 WARNING:  snow balance error 
  CLM step  =                   1422
  indexc    =       443354
  ctype     =           65
  ltype     =            6
  errh2osno =   1.621853558127651E-002
 WARNING:  snow balance error 
  CLM step  =                   1423
  indexc    =       443367
  ctype     =           65
  ltype     =            6
  errh2osno =   1.653563549051472E-002
 WARNING:  snow balance error 
  CLM step  =                   1423
  indexc    =       443815
  ctype     =           65
  ltype     =            6
  errh2osno =   1.735440188039930E-002
 WARNING:  snow balance error 
  CLM step  =                   1424
  indexc    =       443891
  ctype     =           65
  ltype     =            6
  errh2osno =   1.712763615871976E-002
 WARNING:  snow balance error 
  CLM step  =                   1424
  indexc    =       424270
  ctype     =           65
  ltype     =            6
  errh2osno =   1.052604901008464E-002
 WARNING:  snow balance error 
  CLM step  =                   1426
  indexc    =       444295
  ctype     =           65
  ltype     =            6
  errh2osno =   1.832306366621569E-002
 WARNING:  snow balance error 
  CLM step  =                   1427
  indexc    =       444356
  ctype     =           65
  ltype     =            6
  errh2osno =   1.765944320038226E-002
 WARNING:  snow balance error 
  CLM step  =                   1428
  indexc    =       444319
  ctype     =           65
  ltype     =            6
  errh2osno =   1.835072126732629E-002
 WARNING:  snow balance error 
  CLM step  =                   1590
  indexc    =       407309
  ctype     =           65
  ltype     =            6
  errh2osno =   1.025970249622707E-002
 WARNING:  snow balance error 
  CLM step  =                   1622
  indexc    =       407964
  ctype     =           65
  ltype     =            6
  errh2osno =   9.537993058914247E-003
 WARNING:  snow balance error 
  CLM step  =                   1635
  indexc    =       407317
  ctype     =           65
  ltype     =            6
  errh2osno =   9.955957345376073E-003
 WARNING:  snow balance error 
  CLM step  =                   1908
  indexc    =       262910
  ctype     =           65
  ltype     =            6
  errh2osno =   1.443920509172057E-002
 WARNING:  snow balance error 
  CLM step  =                   2094
  indexc    =       397132
  ctype     =           65
  ltype     =            6
  errh2osno =   1.098519516337679E-002
 WARNING:  snow balance error 
  CLM step  =                   2211
  indexc    =       407972
  ctype     =           65
  ltype     =            6
  errh2osno =   8.683934475879175E-003
 WARNING:  snow balance error 
  CLM step  =                   2232
  indexc    =       408614
  ctype     =           65
  ltype     =            6
  errh2osno =   9.369028529471577E-003
 WARNING:  snow balance error 
  CLM step  =                   2233
  indexc    =       407980
  ctype     =           65
  ltype     =            6
  errh2osno =   9.368556626106429E-003
 WARNING:  snow balance error 
  CLM step  =                   2394
  indexc    =       408606
  ctype     =           65
  ltype     =            6
  errh2osno =   1.226343115683178E-002
 WARNING:  snow balance error 
  CLM step  =                   2904
  indexc    =       237688
  ctype     =           65
  ltype     =            6
  errh2osno =   1.206809051925178E-002
 WARNING:  snow balance error 
  CLM step  =                   3032
  indexc    =       262779
  ctype     =           65
  ltype     =            6
  errh2osno =   1.030697862626196E-002
 WARNING:  snow balance error 
  CLM step  =                   3074
  indexc    =       168160
  ctype     =           65
  ltype     =            6
  errh2osno =   1.001615123513750E-002
 WARNING:  snow balance error 
  CLM step  =                   3077
  indexc    =       237704
  ctype     =           65
  ltype     =            6
  errh2osno =   1.360500635322381E-002
 WARNING:  snow balance error 
  CLM step  =                   3080
  indexc    =       375547
  ctype     =           65
  ltype     =            6
  errh2osno =   1.191167062719960E-002
 WARNING:  snow balance error 
  CLM step  =                   3080
  indexc    =       353180
  ctype     =           65
  ltype     =            6
  errh2osno =   1.684587169169337E-002
 WARNING:  snow balance error 
  CLM step  =                   3086
  indexc    =       363854
  ctype     =           65
  ltype     =            6
  errh2osno =   1.428354023536466E-002
 WARNING:  snow balance error 
  CLM step  =                   3090
  indexc    =       365744
  ctype     =           65
  ltype     =            6
  errh2osno =   1.542085202539847E-002
 WARNING:  snow balance error 
  CLM step  =                   3090
  indexc    =       358198
  ctype     =           65
  ltype     =            6
  errh2osno =   1.376407788014501E-002
 WARNING:  snow balance error 
  CLM step  =                   3093
  indexc    =       357167
  ctype     =           65
  ltype     =            6
  errh2osno =   1.409010151084285E-002
 WARNING:  snow balance error 
  CLM step  =                   3093
  indexc    =       358211
  ctype     =           65
  ltype     =            6
  errh2osno =   1.392277439525379E-002
 WARNING:  snow balance error 
  CLM step  =                   3094
  indexc    =       362926
  ctype     =           65
  ltype     =            6
  errh2osno =   1.547795592940329E-002
 WARNING:  snow balance error 
  CLM step  =                   3096
  indexc    =       358224
  ctype     =           65
  ltype     =            6
  errh2osno =   1.437145946946584E-002
 WARNING:  snow balance error 
  CLM step  =                   3097
  indexc    =       356152
  ctype     =           65
  ltype     =            6
  errh2osno =   1.512751328894443E-002
 WARNING:  snow balance error 
  CLM step  =                   3099
  indexc    =       356165
  ctype     =           65
  ltype     =            6
  errh2osno =   1.476293824145568E-002
 WARNING:  snow balance error 
  CLM step  =                   3099
  indexc    =       358232
  ctype     =           65
  ltype     =            6
  errh2osno =   1.454319272644408E-002
 WARNING:  snow balance error 
  CLM step  =                   3099
  indexc    =       362934
  ctype     =           65
  ltype     =            6
  errh2osno =   1.616892586651419E-002
 WARNING:  snow balance error 
  CLM step  =                   3100
  indexc    =       357206
  ctype     =           65
  ltype     =            6
  errh2osno =   1.472405592631330E-002
 WARNING:  snow balance error 
  CLM step  =                   3101
  indexc    =       356178
  ctype     =           65
  ltype     =            6
  errh2osno =   1.471480182488534E-002
 WARNING:  snow balance error 
  CLM step  =                   3101
  indexc    =       359222
  ctype     =           65
  ltype     =            6
  errh2osno =   1.627740229467114E-002
 WARNING:  snow balance error 
  CLM step  =                   3102
  indexc    =       362942
  ctype     =           65
  ltype     =            6
  errh2osno =   1.644736320260601E-002
 WARNING:  snow balance error 
  CLM step  =                   3102
  indexc    =       356191
  ctype     =           65
  ltype     =            6
  errh2osno =   1.479010953582612E-002
 WARNING:  snow balance error 
  CLM step  =                   3103
  indexc    =       362019
  ctype     =           65
  ltype     =            6
  errh2osno =   1.614657834770471E-002
 WARNING:  snow balance error 
  CLM step  =                   3104
  indexc    =       362027
  ctype     =           65
  ltype     =            6
  errh2osno =   1.586796621239724E-002
 WARNING:  snow balance error 
  CLM step  =                   3104
  indexc    =       362974
  ctype     =           65
  ltype     =            6
  errh2osno =   1.504742253051880E-002
 WARNING:  snow balance error 
  CLM step  =                   3104
  indexc    =       355192
  ctype     =           65
  ltype     =            6
  errh2osno =   1.494638946913611E-002
 WARNING:  snow balance error 
  CLM step  =                   3106
  indexc    =       356212
  ctype     =           65
  ltype     =            6
  errh2osno =   1.469703189158826E-002
 WARNING:  snow balance error 
  CLM step  =                   3107
  indexc    =       357230
  ctype     =           65
  ltype     =            6
  errh2osno =   1.499252921420793E-002
 WARNING:  snow balance error 
  CLM step  =                   3107
  indexc    =       355171
  ctype     =           65
  ltype     =            6
  errh2osno =   1.623672970617102E-002
 WARNING:  snow balance error 
  CLM step  =                   3107
  indexc    =       362966
  ctype     =           65
  ltype     =            6
  errh2osno =   1.626564279150151E-002
 WARNING:  snow balance error 
  CLM step  =                   3108
  indexc    =       353278
  ctype     =           65
  ltype     =            6
  errh2osno =   1.570907815149863E-002
 WARNING:  snow balance error 
  CLM step  =                   3108
  indexc    =       354200
  ctype     =           65
  ltype     =            6
  errh2osno =   1.505317450126142E-002
 WARNING:  snow balance error 
  CLM step  =                   3109
  indexc    =       354213
  ctype     =           65
  ltype     =            6
  errh2osno =   1.512915725293049E-002
 WARNING:  snow balance error 
  CLM step  =                   3110
  indexc    =       357238
  ctype     =           65
  ltype     =            6
  errh2osno =   1.474908563812793E-002
 WARNING:  snow balance error 
  CLM step  =                   3110
  indexc    =       333269
  ctype     =           65
  ltype     =            6
  errh2osno =   1.878364214548521E-002
 WARNING:  snow balance error 
  CLM step  =                   3111
  indexc    =       241734
  ctype     =           65
  ltype     =            6
  errh2osno =   1.110377331404065E-002
 WARNING:  snow balance error 
  CLM step  =                   3112
  indexc    =       353294
  ctype     =           65
  ltype     =            6
  errh2osno =   1.527746503382313E-002
 WARNING:  snow balance error 
  CLM step  =                   3113
  indexc    =       354226
  ctype     =           65
  ltype     =            6
  errh2osno =   1.472989197949819E-002
 WARNING:  snow balance error 
  CLM step  =                   3117
  indexc    =       243515
  ctype     =           65
  ltype     =            6
  errh2osno =   1.272109488188999E-002
 WARNING:  snow balance error 
  CLM step  =                   3122
  indexc    =       320482
  ctype     =           65
  ltype     =            6
  errh2osno =   1.901833850190826E-002
 WARNING:  snow balance error 
  CLM step  =                   3127
  indexc    =       241726
  ctype     =           65
  ltype     =            6
  errh2osno =   1.260282556610472E-002
 WARNING:  snow balance error 
  CLM step  =                   3181
  indexc    =       239966
  ctype     =           65
  ltype     =            6
  errh2osno =   1.781273906269044E-002
 WARNING:  snow balance error 
  CLM step  =                   3194
  indexc    =       238145
  ctype     =           65
  ltype     =            6
  errh2osno =   1.851315587647565E-002
 WARNING:  snow balance error 
  CLM step  =                   3204
  indexc    =       206942
  ctype     =           65
  ltype     =            6
  errh2osno =   1.921769005358161E-002
 WARNING:  snow balance error 
  CLM step  =                   3268
  indexc    =       234198
  ctype     =           65
  ltype     =            6
  errh2osno =   2.569048415551732E-002
 WARNING:  snow balance error 
  CLM step  =                   3282
  indexc    =       227381
  ctype     =           65
  ltype     =            6
  errh2osno =   1.637340351936069E-002
 WARNING:  snow balance error 
  CLM step  =                   3291
  indexc    =       232361
  ctype     =           65
  ltype     =            6
  errh2osno =   1.967662165474504E-002
 WARNING:  snow balance error 
  CLM step  =                   3897
  indexc    =       222474
  ctype     =           65
  ltype     =            6
  errh2osno =   1.628458896660407E-002
 WARNING:  snow balance error 
  CLM step  =                   3981
  indexc    =       222362
  ctype     =           65
  ltype     =            6
  errh2osno =   1.270198054636041E-002
 WARNING:  snow balance error 
  CLM step  =                   4163
  indexc    =       225758
  ctype     =           65
  ltype     =            6
  errh2osno =   8.787976174451335E-003
 WARNING:  snow balance error 
  CLM step  =                   4207
  indexc    =       210693
  ctype     =           65
  ltype     =            6
  errh2osno =   9.132795965078752E-003
 WARNING:  snow balance error 
  CLM step  =                   5178
  indexc    =       398382
  ctype     =           65
  ltype     =            6
  errh2osno =   1.027106696356313E-002
 WARNING:  snow balance error 
  CLM step  =                   5181
  indexc    =       397670
  ctype     =           65
  ltype     =            6
  errh2osno =   1.028790209991024E-002
 WARNING:  snow balance error 
  CLM step  =                   5186
  indexc    =       399047
  ctype     =           65
  ltype     =            6
  errh2osno =   1.082401670344003E-002
 WARNING:  snow balance error 
  CLM step  =                   5187
  indexc    =       397678
  ctype     =           65
  ltype     =            6
  errh2osno =   1.070766719458849E-002
 WARNING:  snow balance error 
  CLM step  =                   5187
  indexc    =       393975
  ctype     =           65
  ltype     =            6
  errh2osno =   1.391912265797682E-002
 WARNING:  snow balance error 
  CLM step  =                   5188
  indexc    =       394732
  ctype     =           65
  ltype     =            6
  errh2osno =   1.267796747946394E-002
 WARNING:  snow balance error 
  CLM step  =                   5190
  indexc    =       397686
  ctype     =           65
  ltype     =            6
  errh2osno =   1.079963855354114E-002
 WARNING:  snow balance error 
  CLM step  =                   5190
  indexc    =       393249
  ctype     =           65
  ltype     =            6
  errh2osno =   1.526069601549552E-002
 WARNING:  snow balance error 
  CLM step  =                   5191
  indexc    =       398431
  ctype     =           65
  ltype     =            6
  errh2osno =   1.030230234569620E-002
 WARNING:  snow balance error 
  CLM step  =                   5191
  indexc    =       396911
  ctype     =           65
  ltype     =            6
  errh2osno =   1.096341993347060E-002
 WARNING:  snow balance error 
  CLM step  =                   5192
  indexc    =       396919
  ctype     =           65
  ltype     =            6
  errh2osno =   1.088505831248911E-002
 WARNING:  snow balance error 
  CLM step  =                   5193
  indexc    =       396172
  ctype     =           65
  ltype     =            6
  errh2osno =   1.141346690636812E-002
 WARNING:  snow balance error 
  CLM step  =                   5194
  indexc    =       396895
  ctype     =           65
  ltype     =            6
  errh2osno =   1.169183113171304E-002
 WARNING:  snow balance error 
  CLM step  =                   5194
  indexc    =       395463
  ctype     =           65
  ltype     =            6
  errh2osno =   1.232142007751240E-002
 WARNING:  snow balance error 
  CLM step  =                   5195
  indexc    =       397716
  ctype     =           65
  ltype     =            6
  errh2osno =   1.196612165620620E-002
 WARNING:  snow balance error 
  CLM step  =                   5195
  indexc    =       394022
  ctype     =           65
  ltype     =            6
  errh2osno =   1.575849706173271E-002
 WARNING:  snow balance error 
  CLM step  =                   5196
  indexc    =       396180
  ctype     =           65
  ltype     =            6
  errh2osno =   1.129872476821089E-002
 WARNING:  snow balance error 
  CLM step  =                   5197
  indexc    =       396188
  ctype     =           65
  ltype     =            6
  errh2osno =   1.168759107555142E-002
 WARNING:  snow balance error 
  CLM step  =                   5197
  indexc    =       397700
  ctype     =           65
  ltype     =            6
  errh2osno =   1.216405748685585E-002
 WARNING:  snow balance error 
  CLM step  =                   5198
  indexc    =       395479
  ctype     =           65
  ltype     =            6
  errh2osno =   1.312294502061975E-002
 WARNING:  snow balance error 
  CLM step  =                   5198
  indexc    =       397708
  ctype     =           65
  ltype     =            6
  errh2osno =   1.246644530566605E-002
 WARNING:  snow balance error 
  CLM step  =                   5201
  indexc    =       397635
  ctype     =           65
  ltype     =            6
  errh2osno =   1.116983201068879E-002
 WARNING:  snow balance error 
  CLM step  =                   5202
  indexc    =       396961
  ctype     =           65
  ltype     =            6
  errh2osno =   1.268608027131545E-002
 WARNING:  snow balance error 
  CLM step  =                   5205
  indexc    =       396214
  ctype     =           65
  ltype     =            6
  errh2osno =   1.324936983503301E-002
 WARNING:  snow balance error 
  CLM step  =                   5207
  indexc    =       396222
  ctype     =           65
  ltype     =            6
  errh2osno =   1.239020574007191E-002
 WARNING:  snow balance error 
  CLM step  =                   5208
  indexc    =       395502
  ctype     =           65
  ltype     =            6
  errh2osno =   1.288238655577174E-002
 WARNING:  snow balance error 
  CLM step  =                   5399
  indexc    =       393831
  ctype     =           65
  ltype     =            6
  errh2osno =   1.252546402855365E-002
 WARNING:  snow balance error 
  CLM step  =                   5405
  indexc    =       393119
  ctype     =           65
  ltype     =            6
  errh2osno =   1.626134449696980E-002
 WARNING:  snow balance error 
  CLM step  =                   5409
  indexc    =       394598
  ctype     =           65
  ltype     =            6
  errh2osno =   1.506303855901515E-002
 WARNING:  snow balance error 
  CLM step  =                   5432
  indexc    =       392534
  ctype     =           65
  ltype     =            6
  errh2osno =   1.578126730893521E-002
 WARNING:  snow balance error 
  CLM step  =                   5452
  indexc    =       401665
  ctype     =           65
  ltype     =            6
  errh2osno =   1.494339841581194E-002
 WARNING:  snow balance error 
  CLM step  =                   7430
  indexc    =       224145
  ctype     =           65
  ltype     =            6
  errh2osno =   2.329231935155380E-002
 WARNING:  snow balance error 
  CLM step  =                  63569
  indexc    =       434322
  ctype     =           65
  ltype     =            6
  errh2osno =   1.131838675852950E-002
 WARNING:  snow balance error 
  CLM step  =                  63917
  indexc    =       420353
  ctype     =           65
  ltype     =            6
  errh2osno =   8.071981849756486E-003
 WARNING:  snow balance error 
  CLM step  =                  65303
  indexc    =       442275
  ctype     =           65
  ltype     =            6
  errh2osno =   1.530024085233089E-002
 WARNING:  snow balance error 
  CLM step  =                  65561
  indexc    =       447149
  ctype     =           65
  ltype     =            6
  errh2osno =   1.634807655058380E-002
 WARNING:  snow balance error 
  CLM step  =                  68956
  indexc    =       425909
  ctype     =           65
  ltype     =            6
  errh2osno =   3.605313993279798E-003
 WARNING:  snow balance error 
  CLM step  =                  68957
  indexc    =       424871
  ctype     =           65
  ltype     =            6
  errh2osno =   3.940073643986811E-003
 WARNING:  snow balance error 
  CLM step  =                  68958
  indexc    =       424317
  ctype     =           65
  ltype     =            6
  errh2osno =   3.533355284351235E-003
 WARNING:  snow balance error 
  CLM step  =                  68959
  indexc    =       424309
  ctype     =           65
  ltype     =            6
  errh2osno =   4.046060613263503E-003
 WARNING:  snow balance error 
  CLM step  =                  68960
  indexc    =       424296
  ctype     =           65
  ltype     =            6
  errh2osno =   4.410007468393002E-003
 WARNING:  snow balance error 
  CLM step  =                  68960
  indexc    =       424858
  ctype     =           65
  ltype     =            6
  errh2osno =   4.668398329019142E-003
 WARNING:  snow balance error 
  CLM step  =                  68960
  indexc    =       425391
  ctype     =           65
  ltype     =            6
  errh2osno =   4.582967648672302E-003
 WARNING:  snow balance error 
  CLM step  =                  68961
  indexc    =       424884
  ctype     =           65
  ltype     =            6
  errh2osno =   3.617058878161328E-003
 WARNING:  snow balance error 
  CLM step  =                  68962
  indexc    =       424832
  ctype     =           65
  ltype     =            6
  errh2osno =   6.450243072722003E-003
 WARNING:  snow balance error 
  CLM step  =                  68963
  indexc    =       425377
  ctype     =           65
  ltype     =            6
  errh2osno =   6.482338274605025E-003
 WARNING:  snow balance error 
  CLM step  =                  68964
  indexc    =       424283
  ctype     =           65
  ltype     =            6
  errh2osno =   4.619564203596566E-003
 WARNING:  snow balance error 
  CLM step  =                  68965
  indexc    =       425901
  ctype     =           65
  ltype     =            6
  errh2osno =   5.083751754875169E-003
 WARNING:  snow balance error 
  CLM step  =                  68969
  indexc    =       424270
  ctype     =           65
  ltype     =            6
  errh2osno =   5.011667670639364E-003
 WARNING:  snow balance error 
  CLM step  =                  68970
  indexc    =       425887
  ctype     =           65
  ltype     =            6
  errh2osno =   4.642676175427177E-003
 WARNING:  snow balance error 
  CLM step  =                  68974
  indexc    =       424257
  ctype     =           65
  ltype     =            6
  errh2osno =   5.948429066519181E-003
 WARNING:  snow balance error 
  CLM step  =                  69878
  indexc    =       443831
  ctype     =           65
  ltype     =            6
  errh2osno =   8.299036397161789E-003
 WARNING:  snow balance error 
  CLM step  =                  69889
  indexc    =       444311
  ctype     =           65
  ltype     =            6
  errh2osno =   8.887101196509366E-003
srun: Job step aborted: Waiting up to 92 seconds for job step to finish.
slurmstepd: error: *** STEP 11093577.0 ON lrdn3459 CANCELLED AT 2025-01-10T12:11:09 ***
slurmstepd: error: *** JOB 11093577 ON lrdn3459 CANCELLED AT 2025-01-10T12:11:09 ***
