 WARNING:  snow balance error 
  CLM step  =                   1005
  indexc    =       169252
  ctype     =           65
  ltype     =            6
  errh2osno =   2.264793170655657E-002
 WARNING:  snow balance error 
  CLM step  =                   1019
  indexc    =       167889
  ctype     =           65
  ltype     =            6
  errh2osno =   2.024382132324119E-002
 WARNING:  snow balance error 
  CLM step  =                   1459
  indexc    =       176788
  ctype     =           65
  ltype     =            6
  errh2osno =   1.856696718467285E-002
 WARNING:  snow balance error 
  CLM step  =                   1459
  indexc    =       173220
  ctype     =           65
  ltype     =            6
  errh2osno =   1.951607141859041E-002
 WARNING:  snow balance error 
  CLM step  =                   1462
  indexc    =       175579
  ctype     =           65
  ltype     =            6
  errh2osno =   1.929774473403018E-002
 WARNING:  snow balance error 
  CLM step  =                   1463
  indexc    =       171963
  ctype     =           65
  ltype     =            6
  errh2osno =   1.978715935426748E-002
 WARNING:  snow balance error 
  CLM step  =                   1475
  indexc    =       173244
  ctype     =           65
  ltype     =            6
  errh2osno =   2.136547061953573E-002
 WARNING:  snow balance error 
  CLM step  =                   1479
  indexc    =       173250
  ctype     =           65
  ltype     =            6
  errh2osno =   2.220176786379985E-002
 WARNING:  snow balance error 
  CLM step  =                   2279
  indexc    =       171963
  ctype     =           65
  ltype     =            6
  errh2osno =   1.020546084413988E-002
 WARNING:  snow balance error 
  CLM step  =                   3054
  indexc    =       173238
  ctype     =           65
  ltype     =            6
  errh2osno =   1.319162608943347E-002
 WARNING:  snow balance error 
  CLM step  =                  61855
  indexc    =       121672
  ctype     =           65
  ltype     =            6
  errh2osno =   2.182458528109004E-002
