[lrdn4668:3596003:0:3596003] ib_mlx5_log.c:177  Transport retry count exceeded on mlx5_0:1/IB (synd 0x15 vend 0x81 hw_synd 0/0)
[lrdn4668:3596003:0:3596003] ib_mlx5_log.c:177  DCI QP 0x6a1a wqe[5664]: SEND s-e [rqpn 0xfe85 rlid 15914] [inl len 19] 
forrtl: error (76): Abort trap signal
Image              PC                Routine            Line        Source             
libpthread-2.28.s  000015424D865CF0  Unknown               Unknown  Unknown
libc-2.28.so       000015424D08EAFF  gsignal               Unknown  Unknown
libc-2.28.so       000015424D061EA5  abort                 Unknown  Unknown
libucs.so.0.0.0    0000153DF338DD46  Unknown               Unknown  Unknown
libucs.so.0.0.0    0000153DF33926A4  ucs_log_default_h     Unknown  Unknown
libucs.so.0.0.0    0000153DF33929C4  ucs_log_dispatch      Unknown  Unknown
libuct_ib.so.0.0.  0000153DF2EEC4FA  uct_ib_mlx5_compl     Unknown  Unknown
libuct_ib.so.0.0.  0000153DF2F1568B  uct_dc_mlx5_ep_ha     Unknown  Unknown
libuct_ib.so.0.0.  0000153DF2EEDF9D  uct_ib_mlx5_check     Unknown  Unknown
libuct_ib.so.0.0.  0000153DF2F17C32  Unknown               Unknown  Unknown
libucp.so.0.0.0    0000153DF383E81A  ucp_worker_progre     Unknown  Unknown
libmlx-fi.so       0000153DF3AC7DF1  Unknown               Unknown  Unknown
libmlx-fi.so       0000153DF3AE0EAD  Unknown               Unknown  Unknown
libmlx-fi.so       0000153DF3AE039B  Unknown               Unknown  Unknown
libmpi.so.12.0.0   000015424E5CFE40  Unknown               Unknown  Unknown
libmpi.so.12.0.0   000015424E174715  Unknown               Unknown  Unknown
libmpi.so.12.0.0   000015424E6F9149  Unknown               Unknown  Unknown
libmpi.so.12.0.0   000015424E31F2FE  Unknown               Unknown  Unknown
libmpi.so.12.0.0   000015424E6791E5  Unknown               Unknown  Unknown
libmpi.so.12.0.0   000015424E0C19DA  Unknown               Unknown  Unknown
libmpi.so.12.0.0   000015424E091453  Unknown               Unknown  Unknown
libmpi.so.12.0.0   000015424E1EBFD5  Unknown               Unknown  Unknown
libmpi.so.12.0.0   000015424E039935  MPI_Scatterv          Unknown  Unknown
libmpifort.so.12.  000015424FA38BB0  PMPI_SCATTERV         Unknown  Unknown
regcmMPICLM45      0000000000CD7FA6  Unknown               Unknown  Unknown
regcmMPICLM45      0000000000A6C68B  Unknown               Unknown  Unknown
regcmMPICLM45      0000000000A69940  Unknown               Unknown  Unknown
regcmMPICLM45      0000000000421705  Unknown               Unknown  Unknown
regcmMPICLM45      00000000006162C0  Unknown               Unknown  Unknown
regcmMPICLM45      000000000060F6D7  Unknown               Unknown  Unknown
regcmMPICLM45      0000000000416331  Unknown               Unknown  Unknown
regcmMPICLM45      000000000063ACB0  Unknown               Unknown  Unknown
regcmMPICLM45      000000000041544D  Unknown               Unknown  Unknown
libc-2.28.so       000015424D07AD85  __libc_start_main     Unknown  Unknown
regcmMPICLM45      000000000041536E  Unknown               Unknown  Unknown
