MPI startup(): shm:tmi fabric is unknown or has been removed from the product, please use ofi or shm:ofi instead.
[0] MPI startup(): I_MPI_TMI_PROVIDER variable has been removed from the product, its value is ignored

WARNING: release_mt library was used but no multi-ep feature was enabled. Please use release library instead.

  This is RegCM 5
   GIT Revision: 5.0.0 compiled at: data : Jan 13 2023  time: 09:27:06

 : this run start at  : 2023-12-14 14:37:11+0100
 : it is submitted by : mdasilva
 : it is running on   : r161c05s01
 : it is using        :         1440   processors
 : in directory       : 
 /marconi/home/userexternal/mdasilva/github_projects/shell/ictp/regcm_exp/sam_3k
 m
                       
 CPUS DIM1 =           40
 CPUS DIM2 =           36
 
 Reading model namelist file
 Using default microphysical parameter.
 Initial date of the global simulation:  2018-01-01 00:00:00 UTC        
 Initial date of this run             :  2019-05-01 00:00:00 UTC        
 Final date of this run               :  2021-12-31 00:00:00 UTC        
 Total simulation lenght              :        23400  hours
 Timestep in seconds =   45.000000
 Reading Domain file : 
 /marconi/home/userexternal/mdasilva/user/mdasilva/sam_3km/input/SAM-3km_DOMAIN0
 00.nc
 Advection timestep =    15.000 (factor  3)
 Max. Courant number for horizontal advection =    0.9538
 Sound waves timestep =     2.500 (factor  6)
 Courant number of horizontal sound waves =    0.3760
 Setting IPCC scenario to SSP585  
 Load GHG for 201905 SSP585
 Create SAV files :  T
 Create ATM files :  T
 Create RAD files :  T
 Create SRF files :  T
 Create STS files :  T
 Create SHF files :  F
 Create LAK files :  F
 Monthly new files are created
 Monthly SAV files are written
 Frequency in hours to create ATM :    6.0
 Frequency in hours to create RAD :    6.0
 Frequency in hours to create SRF :    1.0
 Frequency in hours to create LAK :    6.0
 Physical Parameterizations
  Lateral Boundary conditions :  5
  Semi-Lagrangian Advection   :  0
  Land cumulus conv. scheme   :  0
  Ocean cumulus conv. scheme  :  0
  Moisture schem              :  2
  Ocean Flux scheme           :  2
  Zeng roughness formula      :  1
  Zeng roughness method       :  1
  Coupling with ocean         :  0
  Coupling with wave          :  0
  Coupling with COP           :  0
  Pressure gradient force     :  0
  Prescribed LW emissivity    :  0
  Lake model in BATS          :  1
  Simulate diurnal sst cycle  :  0
  Simulate sea ice cover      :  0
  Enable chem/aerosol model   :  0
  Large scale LWP as convect. :  1
  Cloud fraction scheme       :  1
  Marine stratocumulus        :  0
  Climate O3 dataset          :  0
  Climate Aerosol dataset     :  3
 Boundary Pameterizations
  Num. of bndy points cross  : 30
  Num. of bndy points dot    : 30
  Nudge value high range     :  9.000000
  Nudge value medium range   :  6.000000
  Nudge value low range      :  3.000000
  Nm paramter                : -1.000000
  Dm paramter                : -1.000000
 Model Timestep Pameterizations
  time step for dynamical model in seconds :    45.000000
  time step for surface   model in seconds :   450.000000
  time step for cumulus   model in seconds :   225.000000
  time step for radiation model in seconds :  1350.000000
  time step for emission  model in seconds : 48600.000000
 Nudging coefficients F1=    0.040000, F2=    0.000000
  # Nudging coefficient profile #
     8.93       8.78       8.63       8.49       8.34       8.20       8.05    
     7.90       7.76       7.61       7.46       7.32       7.17       7.02    
     6.88       6.73       6.59       6.44       6.29       6.15       6.00    
     5.85       5.71       5.56       5.41       5.27       5.12       4.98    
     4.83       4.68       4.54       4.39       4.24       4.10       3.95    
     3.95       3.80       3.66       3.51       3.37       3.22       3.07    
 Model top at    25000.0000000000       m
 Domain grid parameters:
  Map Projection        : ROTLLR
  Dot Grid Full Extent  : 1231x 783x 41
  Model Grid Spacing    :    3.335968 km
  Proj Center Latitude  :  -24.000000 deg
  Proj Center longitude :  303.000000 deg
  Pole Latitude         :  -70.600000 deg
  Pole longitude        :  123.940000 deg
 Holtslag PBL Scheme
  ricr_ocn     =    0.250000
  ricr_lnd     =    0.250000
  zhnew_fac    =    0.250000
  ifaholt      =  0
  ifaholtth10  =  2
  holtth10iter =    1
 Cloud fraction schemes parameters
  # of bottom no cloud model levels :  1
  Maximum relative humidity         :    1.010000
  Minimum relative humidity         :    0.010000
  Maximum total cloud cover for rad :    0.750000
  Conv. CF UMF factor deep cumulus  :    0.140000
  Conv. CF UMF factor deep cumulus  :    0.140000
  Conv. CF UMF factor k2            :  500.000000
  Surface radiation hack            :           F
  Vavrus-Waliser Arctic cloud fix   :           T
 Convective Cloud Cover parameters after resolution scaling
  Maximum Convective Cloud Cover :    1.000000
  Convective Cloud Water         :    0.000300
 The surface energy budget is used to calculate the ground temperature.
 The radiation is computed every   22. minutes.
 Relaxation boundary conditions (exponential method)
  # Ozone profiles restart #
    0.854E-05  0.662E-05  0.536E-05  0.393E-05  0.269E-05  0.180E-05  0.131E-05
    0.977E-06  0.704E-06  0.497E-06  0.354E-06  0.260E-06  0.201E-06  0.162E-06
    0.135E-06  0.118E-06  0.104E-06  0.921E-07  0.842E-07  0.772E-07  0.722E-07
    0.679E-07  0.643E-07  0.619E-07  0.596E-07  0.575E-07  0.562E-07  0.550E-07
    0.538E-07  0.527E-07  0.521E-07  0.515E-07  0.510E-07  0.505E-07  0.501E-07
    0.497E-07  0.496E-07  0.496E-07  0.496E-07  0.496E-07  0.496E-07  0.496E-07
    0.496E-07
 READY BC DATA for  2019-05-01 00:00:00 UTC        
 SEARCH BC data for 2019050106 , step =   931200
 READY  BC from     2019050100  to 2019050106 
 Successfully read restart file at time =  2019-05-01 00:00:00 UTC        
 Read solar forcing total irradiance data...
 Updating orbit parameters at  2019-05-01 00:00:00 UTC        
 At  2019-05-01 00:00:00 UTC        
 JDay    120.00000 solar declination angle =  14.58136312 degrees
                   solar TSI irradiance    =    1355.8759 W/m^2
 CLM version: 4.5 - RegCM 5.0.0
 Attempting to initialize the land model .....
 Mask given by RegCM model has a total of       637837  land points
 Attempting to initialize run control settings .....
 Read in clm_inparm namelist from: 
 /marconi/home/userexternal/mdasilva/github_projects/shell/ictp/regcm_exp/sam_3k
 m/SAM_3km_CP_RegCM5_ERA5.in
 Read in clm_hydrology1_inparm namelist
 Read in clm_soilhydrology_inparm namelist
 Successfully initialized run control settings
 
 define run:
    source                = Community Land Model CLM4.5
    model_version         = 5.0.0
    run type              = restart
    case title            = RegCM driven CLM4.5
    username              = mdasilva
    hostname              = r161c05s01
 input data files:
    PFT physiology = 
 /marconi_work/ICT23_ESP/RCMDATA/CLM45/pftdata/pft-physiology.c130503.nc
    surface data   = 
 /marconi/home/userexternal/mdasilva/user/mdasilva/sam_3km/input/SAM-3km_CLM45_s
 urface.nc
    land frac data = 
 /marconi/home/userexternal/mdasilva/user/mdasilva/sam_3km/input/SAM-3km_DOMAIN0
 00.nc
    enable_megan_emission                                 :  F
    enable_urban_landunit                                 :  T
    enable_more_crop_pft                                  :  F
    SNICAR optical = 
 /marconi_work/ICT23_ESP/RCMDATA/CLM45/snicardata/snicar_optics_5bnd_c090915.nc
    SNICAR aging = 
 /marconi_work/ICT23_ESP/RCMDATA/CLM45/snicardata/snicar_drdt_bst_fit_60_c070416
 .nc
    restart data   = using a restart file
    atmospheric forcing data is from RegCM atm model
 Large file support for output files is ON
 model physics parameters:
    flag for random perturbation test is not set
    CO2 volume mixing ratio   (umol/mol)   =    355.000000000000     
    land albedos  (unitless 0-1)   =   0.800000000000000     
    ice albedos   (unitless 0-1)   =   0.550000000000000     
    urban air conditioning/heating and wasteheat   = OFF             
    urban traffic flux   =  F
    more vertical layers =  F
 restart warning:
    Namelist not checked for agreement with initial run.
    Namelist should not differ except for ending time step and run type
    maxpatch_pft         =           17
    allocate_all_vegpfts =  T
    perchroot (PWS based on unfrozen layers only) =  F
    perchroot (PWS based on time-integrated active layer only) =  F
 
 Lake Model Namelists:
 Hostetler eddy increase low    :    25.0000000000000     
 Hostetler eddy increase factor :    10.0000000000000     
 Albedo melting lakes (visible) :  0.100000000000000     
 Albedo melting lakes (NIR)     :  0.100000000000000     
 Attempting to read ldomain from 
 /marconi/home/userexternal/mdasilva/user/mdasilva/sam_3km/input/SAM-3km_DOMAIN0
 00.nc
   domain_check set       = domain_set
   domain_check decomped  =  T
   domain_check ns        =       957840
   domain_check ni,nj     =         1228         780
   domain_check clmlevel  = gridcell
   domain_check nbeg,nend =            1         442
   domain_check lonc      =   -72.1860395653009       -57.3264049715783     
   domain_check latc      =   -35.6984140874588       -35.0349159744899     
   domain_check mask      =            1           1
   domain_check frac      =    100.000000000000        100.000000000000     
   domain_check topo      =    1.42061796280916        2989.68710312116     
   domain_check area      =    10.6812384818869        10.6828726814438     
   domain_check pftm      =            1           1
  
  Reading in urban input data from surface data file ...
  UrbanInput : 
 /marconi/home/userexternal/mdasilva/user/mdasilva/sam_3km/input/SAM-3km_CLM45_s
 urface.nc
  Sucessfully read urban input data
 
 Attempting to read PFT physiological data .....
 Successfully read PFT physiological data
 Attempting to read surface boundary data .....
 Checked LAT/LON compliance
 Successfully read surface boundary data
 
  Surface Grid Characteristics
    total number of gridcells =       637837
    total number of landunits =      1363075
    total number of columns   =      2263069
    total number of pfts      =     11191289
  
 ---clm_ptrs_check:
    clm_ptrs_check: g index ranges - OK
    clm_ptrs_check: l index ranges - OK
    clm_ptrs_check: c index ranges - OK
    clm_ptrs_check: p index ranges - OK
    clm_ptrs_check: g mono increasing - OK
    clm_ptrs_check: l mono increasing - OK
    clm_ptrs_check: c mono increasing - OK
    clm_ptrs_check: p mono increasing - OK
    clm_ptrs_check: tree consistent - OK
  
 Attempting to initialize time invariant variables
 Attempting to read soil color, sand and clay boundary data .....
 WARNING:: ETALAKE not found on surface data set.
 All lake columns will have eta set equal to default value
 WARNING:: LAKEFETCH not found on surface data set.
 All lake columns will have fetch set equal to default value
 Successfully read fmax, soil color, sand and clay boundary data
 
 Attempting to read organic matter data .....
  organicrd : 
 /marconi/home/userexternal/mdasilva/user/mdasilva/sam_3km/input/SAM-3km_CLM45_s
 urface.nc
 Successfully read organic matter data
 
  # zsoi #
    0.710E-02  0.279E-01  0.623E-01  0.119      0.212      0.366      0.620    
     1.04       1.73       2.86       4.74       7.83       12.9       21.3    
     21.3       35.2    
  # zisoi #
     0.00      0.175E-01  0.451E-01  0.906E-01  0.166      0.289      0.493    
    0.829       1.38       2.30       3.80       6.28       10.4       17.1    
     17.1       28.3       42.1    
  # dzsoi #
    0.175E-01  0.276E-01  0.455E-01  0.750E-01  0.124      0.204      0.336    
    0.554      0.913       1.51       2.48       4.09       6.75       11.1    
     11.1       13.9    
 dzsoi_decomp   1.00000000000000     
 Set    12 100% special land-units points to zero slope
 Set     7 100% special land-units points to zero slope
 Set     3 100% special land-units points to zero slope
 Set     1 100% special land-units points to zero slope
 Set     9 100% special land-units points to zero slope
 Set     8 100% special land-units points to zero slope
 Set     7 100% special land-units points to zero slope
 Set     1 100% special land-units points to zero slope
 Set    11 100% special land-units points to zero slope
 Set     2 100% special land-units points to zero slope
 Set     1 100% special land-units points to zero slope
 Set     7 100% special land-units points to zero slope
 Set     4 100% special land-units points to zero slope
 Set     6 100% special land-units points to zero slope
 Set     2 100% special land-units points to zero slope
 Attempting to read snow optical properties .....
 Set     7 100% special land-units points to zero slope
 SnowOptics_init : 
 /marconi_work/ICT23_ESP/RCMDATA/CLM45/snicardata/snicar_optics_5bnd_c090915.nc
 Set     5 100% special land-units points to zero slope
 Set     3 100% special land-units points to zero slope
 Set    13 100% special land-units points to zero slope
 Set    20 100% special land-units points to zero slope
 Set    22 100% special land-units points to zero slope
 Set    30 100% special land-units points to zero slope
 Set    10 100% special land-units points to zero slope
 Successfully read snow optical properties
 Attempting to read snow aging parameters .....
 Successfully read snow aging properties
 Successfully initialized time invariant variables
 CLM_hist_printflds : number of master fields =          241
 There will be a total of            1  history tapes
 History tape            1  write frequency is MONTHLY
 All fields on history tape            1  are grid averaged
 Output precision on history tape            1 =           2
 Reading restart dataset at 
 /marconi/home/userexternal/mdasilva/user/mdasilva/sam_3km/NoTo-SAM//SAM-3km.clm
 .regcm.r.2019050100.nc
 Successfully read restart data for restart run
 Attempting to initialize time invariant variables for lakes
 CLM timestep appears to differ from 1800s. 
 Adjusting minimum snow layer thickness over lakes to maintain stability.
 New minimum thickness is   2.000000000000000E-002 .
 Successfully initialized time invariant variables for lakes
 Setting initial data to non-spun up values for lake points
 Successfully initialized the land model
 begin continuation run at: 2019-05-01 00:00:00 UTC
 Attempting to read monthly vegetation data .....
 At  2019-05-01 00:00:00 UTC
 Month =            5  Day =            1
 Reading months :            4           5
 Successfully read monthly vegetation data for
 month            5
 Opening new output file 
 /marconi/home/userexternal/mdasilva/user/mdasilva/sam_3km/NoTo-SAM//SAM-3km_ATM
 .2019050100.nc
 Opening new output file 
 /marconi/home/userexternal/mdasilva/user/mdasilva/sam_3km/NoTo-SAM//SAM-3km_SRF
 .2019050100.nc
 Opening new output file 
 /marconi/home/userexternal/mdasilva/user/mdasilva/sam_3km/NoTo-SAM//SAM-3km_STS
 .2019050100.nc
 Opening new output file 
 /marconi/home/userexternal/mdasilva/user/mdasilva/sam_3km/NoTo-SAM//SAM-3km_RAD
 .2019050100.nc
 $$$  2019-05-01 00:00:00 UTC        
 $$$ max, min of ps (mb) =  1025.48  496.05
 Updating aerosol optical properties...
 SRF variables written at  2019-05-01 01:00:00 UTC        
 SRF variables written at  2019-05-01 02:00:00 UTC        
 SRF variables written at  2019-05-01 03:00:00 UTC        
 $$$  2019-05-01 03:00:00 UTC        
 $$$ max, min of ps (mb) =  1025.40  496.01
 SRF variables written at  2019-05-01 04:00:00 UTC        
 SRF variables written at  2019-05-01 05:00:00 UTC        
 ATM variables written at  2019-05-01 06:00:00 UTC        
 SRF variables written at  2019-05-01 06:00:00 UTC        
 RAD variables written at  2019-05-01 06:00:00 UTC        
 SEARCH BC data for 2019050112 , step =   931680
 READY  BC from     2019050106  to 2019050112 
 $$$  2019-05-01 06:00:00 UTC        
 $$$ max, min of ps (mb) =  1025.28  496.36
 SRF variables written at  2019-05-01 07:00:00 UTC        
 SRF variables written at  2019-05-01 08:00:00 UTC        
 SRF variables written at  2019-05-01 09:00:00 UTC        
 $$$  2019-05-01 09:00:00 UTC        
 $$$ max, min of ps (mb) =  1024.39  496.82
 SRF variables written at  2019-05-01 10:00:00 UTC        
 SRF variables written at  2019-05-01 11:00:00 UTC        
 ATM variables written at  2019-05-01 12:00:00 UTC        
 SRF variables written at  2019-05-01 12:00:00 UTC        
 RAD variables written at  2019-05-01 12:00:00 UTC        
 SEARCH BC data for 2019050118 , step =   932160
 READY  BC from     2019050112  to 2019050118 
 $$$  2019-05-01 12:00:00 UTC        
 $$$ max, min of ps (mb) =  1023.59  497.38
 SRF variables written at  2019-05-01 13:00:00 UTC        
 SRF variables written at  2019-05-01 14:00:00 UTC        
 SRF variables written at  2019-05-01 15:00:00 UTC        
 $$$  2019-05-01 15:00:00 UTC        
 $$$ max, min of ps (mb) =  1022.86  497.47
 SRF variables written at  2019-05-01 16:00:00 UTC        
 SRF variables written at  2019-05-01 17:00:00 UTC        
 ATM variables written at  2019-05-01 18:00:00 UTC        
 SRF variables written at  2019-05-01 18:00:00 UTC        
 RAD variables written at  2019-05-01 18:00:00 UTC        
 SEARCH BC data for 2019050200 , step =   932640
 READY  BC from     2019050118  to 2019050200 
 $$$  2019-05-01 18:00:00 UTC        
 $$$ max, min of ps (mb) =  1021.86  497.77
 SRF variables written at  2019-05-01 19:00:00 UTC        
 SRF variables written at  2019-05-01 20:00:00 UTC        
 SRF variables written at  2019-05-01 21:00:00 UTC        
 $$$  2019-05-01 21:00:00 UTC        
 $$$ max, min of ps (mb) =  1020.93  498.01
 SRF variables written at  2019-05-01 22:00:00 UTC        
 SRF variables written at  2019-05-01 23:00:00 UTC        
 At  2019-05-02 00:00:00 UTC        
 JDay    121.00000 solar declination angle =  14.88829318 degrees
                   solar TSI irradiance    =    1355.8759 W/m^2
 ATM variables written at  2019-05-02 00:00:00 UTC        
 SRF variables written at  2019-05-02 00:00:00 UTC        
 STS variables written at  2019-05-02 00:00:00 UTC        
 RAD variables written at  2019-05-02 00:00:00 UTC        
 SEARCH BC data for 2019050206 , step =   933120
 READY  BC from     2019050200  to 2019050206 
 $$$  2019-05-02 00:00:00 UTC        
 $$$ max, min of ps (mb) =  1020.38  497.92
 Updating aerosol optical properties...
 SRF variables written at  2019-05-02 01:00:00 UTC        
 SRF variables written at  2019-05-02 02:00:00 UTC        
 SRF variables written at  2019-05-02 03:00:00 UTC        
 $$$  2019-05-02 03:00:00 UTC        
 $$$ max, min of ps (mb) =  1019.85  497.72
 SRF variables written at  2019-05-02 04:00:00 UTC        
 SRF variables written at  2019-05-02 05:00:00 UTC        
 ATM variables written at  2019-05-02 06:00:00 UTC        
 SRF variables written at  2019-05-02 06:00:00 UTC        
 RAD variables written at  2019-05-02 06:00:00 UTC        
 SEARCH BC data for 2019050212 , step =   933600
 READY  BC from     2019050206  to 2019050212 
 $$$  2019-05-02 06:00:00 UTC        
 $$$ max, min of ps (mb) =  1019.29  497.43
 SRF variables written at  2019-05-02 07:00:00 UTC        
 SRF variables written at  2019-05-02 08:00:00 UTC        
 SRF variables written at  2019-05-02 09:00:00 UTC        
 $$$  2019-05-02 09:00:00 UTC        
 $$$ max, min of ps (mb) =  1018.57  497.69
 SRF variables written at  2019-05-02 10:00:00 UTC        
 SRF variables written at  2019-05-02 11:00:00 UTC        
 ATM variables written at  2019-05-02 12:00:00 UTC        
 SRF variables written at  2019-05-02 12:00:00 UTC        
 RAD variables written at  2019-05-02 12:00:00 UTC        
 SEARCH BC data for 2019050218 , step =   934080
 READY  BC from     2019050212  to 2019050218 
 $$$  2019-05-02 12:00:00 UTC        
 $$$ max, min of ps (mb) =  1019.53  497.80
 SRF variables written at  2019-05-02 13:00:00 UTC        
 SRF variables written at  2019-05-02 14:00:00 UTC        
 SRF variables written at  2019-05-02 15:00:00 UTC        
 $$$  2019-05-02 15:00:00 UTC        
 $$$ max, min of ps (mb) =  1019.14  497.53
 SRF variables written at  2019-05-02 16:00:00 UTC        
 SRF variables written at  2019-05-02 17:00:00 UTC        
 ATM variables written at  2019-05-02 18:00:00 UTC        
 SRF variables written at  2019-05-02 18:00:00 UTC        
 RAD variables written at  2019-05-02 18:00:00 UTC        
 SEARCH BC data for 2019050300 , step =   934560
 READY  BC from     2019050218  to 2019050300 
 $$$  2019-05-02 18:00:00 UTC        
 $$$ max, min of ps (mb) =  1018.66  497.87
 SRF variables written at  2019-05-02 19:00:00 UTC        
 SRF variables written at  2019-05-02 20:00:00 UTC        
 SRF variables written at  2019-05-02 21:00:00 UTC        
 $$$  2019-05-02 21:00:00 UTC        
 $$$ max, min of ps (mb) =  1018.50  498.15
 SRF variables written at  2019-05-02 22:00:00 UTC        
 SRF variables written at  2019-05-02 23:00:00 UTC        
 At  2019-05-03 00:00:00 UTC        
 JDay    122.00000 solar declination angle =  15.19112949 degrees
                   solar TSI irradiance    =    1355.8759 W/m^2
 ATM variables written at  2019-05-03 00:00:00 UTC        
 SRF variables written at  2019-05-03 00:00:00 UTC        
 STS variables written at  2019-05-03 00:00:00 UTC        
 RAD variables written at  2019-05-03 00:00:00 UTC        
 SEARCH BC data for 2019050306 , step =   935040
 READY  BC from     2019050300  to 2019050306 
 $$$  2019-05-03 00:00:00 UTC        
 $$$ max, min of ps (mb) =  1019.02  498.26
 Updating aerosol optical properties...
 SRF variables written at  2019-05-03 01:00:00 UTC        
 SRF variables written at  2019-05-03 02:00:00 UTC        
 SRF variables written at  2019-05-03 03:00:00 UTC        
 $$$  2019-05-03 03:00:00 UTC        
 $$$ max, min of ps (mb) =  1018.42  498.07
 SRF variables written at  2019-05-03 04:00:00 UTC        
 SRF variables written at  2019-05-03 05:00:00 UTC        
 ATM variables written at  2019-05-03 06:00:00 UTC        
 SRF variables written at  2019-05-03 06:00:00 UTC        
 RAD variables written at  2019-05-03 06:00:00 UTC        
 SEARCH BC data for 2019050312 , step =   935520
 READY  BC from     2019050306  to 2019050312 
 $$$  2019-05-03 06:00:00 UTC        
 $$$ max, min of ps (mb) =  1018.01  497.91
 SRF variables written at  2019-05-03 07:00:00 UTC        
 SRF variables written at  2019-05-03 08:00:00 UTC        
 SRF variables written at  2019-05-03 09:00:00 UTC        
 $$$  2019-05-03 09:00:00 UTC        
 $$$ max, min of ps (mb) =  1019.29  498.33
 SRF variables written at  2019-05-03 10:00:00 UTC        
 SRF variables written at  2019-05-03 11:00:00 UTC        
 ATM variables written at  2019-05-03 12:00:00 UTC        
 SRF variables written at  2019-05-03 12:00:00 UTC        
 RAD variables written at  2019-05-03 12:00:00 UTC        
 SEARCH BC data for 2019050318 , step =   936000
 READY  BC from     2019050312  to 2019050318 
 $$$  2019-05-03 12:00:00 UTC        
 $$$ max, min of ps (mb) =  1020.53  498.52
 SRF variables written at  2019-05-03 13:00:00 UTC        
 SRF variables written at  2019-05-03 14:00:00 UTC        
 SRF variables written at  2019-05-03 15:00:00 UTC        
 $$$  2019-05-03 15:00:00 UTC        
 $$$ max, min of ps (mb) =  1019.77  498.31
 SRF variables written at  2019-05-03 16:00:00 UTC        
 SRF variables written at  2019-05-03 17:00:00 UTC        
 ATM variables written at  2019-05-03 18:00:00 UTC        
 SRF variables written at  2019-05-03 18:00:00 UTC        
 RAD variables written at  2019-05-03 18:00:00 UTC        
 SEARCH BC data for 2019050400 , step =   936480
 READY  BC from     2019050318  to 2019050400 
 $$$  2019-05-03 18:00:00 UTC        
 $$$ max, min of ps (mb) =  1019.14  498.46
 SRF variables written at  2019-05-03 19:00:00 UTC        
 SRF variables written at  2019-05-03 20:00:00 UTC        
 SRF variables written at  2019-05-03 21:00:00 UTC        
 $$$  2019-05-03 21:00:00 UTC        
 $$$ max, min of ps (mb) =  1019.96  498.63
 SRF variables written at  2019-05-03 22:00:00 UTC        
 SRF variables written at  2019-05-03 23:00:00 UTC        
 At  2019-05-04 00:00:00 UTC        
 JDay    123.00000 solar declination angle =  15.48978419 degrees
                   solar TSI irradiance    =    1355.8759 W/m^2
 ATM variables written at  2019-05-04 00:00:00 UTC        
 SRF variables written at  2019-05-04 00:00:00 UTC        
 STS variables written at  2019-05-04 00:00:00 UTC        
 RAD variables written at  2019-05-04 00:00:00 UTC        
 SEARCH BC data for 2019050406 , step =   936960
 READY  BC from     2019050400  to 2019050406 
 $$$  2019-05-04 00:00:00 UTC        
 $$$ max, min of ps (mb) =  1021.05  498.52
 Updating aerosol optical properties...
 SRF variables written at  2019-05-04 01:00:00 UTC        
 SRF variables written at  2019-05-04 02:00:00 UTC        
 SRF variables written at  2019-05-04 03:00:00 UTC        
 $$$  2019-05-04 03:00:00 UTC        
 $$$ max, min of ps (mb) =  1020.08  498.22
 SRF variables written at  2019-05-04 04:00:00 UTC        
 SRF variables written at  2019-05-04 05:00:00 UTC        
 ATM variables written at  2019-05-04 06:00:00 UTC        
 SRF variables written at  2019-05-04 06:00:00 UTC        
 RAD variables written at  2019-05-04 06:00:00 UTC        
 SEARCH BC data for 2019050412 , step =   937440
 READY  BC from     2019050406  to 2019050412 
 $$$  2019-05-04 06:00:00 UTC        
 $$$ max, min of ps (mb) =  1019.31  497.91
 SRF variables written at  2019-05-04 07:00:00 UTC        
 SRF variables written at  2019-05-04 08:00:00 UTC        
 SRF variables written at  2019-05-04 09:00:00 UTC        
 $$$  2019-05-04 09:00:00 UTC        
 $$$ max, min of ps (mb) =  1020.25  497.86
 SRF variables written at  2019-05-04 10:00:00 UTC        
 SRF variables written at  2019-05-04 11:00:00 UTC        
 ATM variables written at  2019-05-04 12:00:00 UTC        
 SRF variables written at  2019-05-04 12:00:00 UTC        
 RAD variables written at  2019-05-04 12:00:00 UTC        
 SEARCH BC data for 2019050418 , step =   937920
 READY  BC from     2019050412  to 2019050418 
 $$$  2019-05-04 12:00:00 UTC        
 $$$ max, min of ps (mb) =  1021.15  497.75
 SRF variables written at  2019-05-04 13:00:00 UTC        
 SRF variables written at  2019-05-04 14:00:00 UTC        
 SRF variables written at  2019-05-04 15:00:00 UTC        
 $$$  2019-05-04 15:00:00 UTC        
 $$$ max, min of ps (mb) =  1020.02  497.65
 SRF variables written at  2019-05-04 16:00:00 UTC        
 SRF variables written at  2019-05-04 17:00:00 UTC        
 ATM variables written at  2019-05-04 18:00:00 UTC        
 SRF variables written at  2019-05-04 18:00:00 UTC        
 RAD variables written at  2019-05-04 18:00:00 UTC        
 SEARCH BC data for 2019050500 , step =   938400
 READY  BC from     2019050418  to 2019050500 
 $$$  2019-05-04 18:00:00 UTC        
 $$$ max, min of ps (mb) =  1019.47  497.84
 SRF variables written at  2019-05-04 19:00:00 UTC        
 SRF variables written at  2019-05-04 20:00:00 UTC        
 SRF variables written at  2019-05-04 21:00:00 UTC        
 $$$  2019-05-04 21:00:00 UTC        
 $$$ max, min of ps (mb) =  1020.58  498.24
 SRF variables written at  2019-05-04 22:00:00 UTC        
 SRF variables written at  2019-05-04 23:00:00 UTC        
 At  2019-05-05 00:00:00 UTC        
 JDay    124.00000 solar declination angle =  15.78416998 degrees
                   solar TSI irradiance    =    1355.8759 W/m^2
 ATM variables written at  2019-05-05 00:00:00 UTC        
 SRF variables written at  2019-05-05 00:00:00 UTC        
 STS variables written at  2019-05-05 00:00:00 UTC        
 RAD variables written at  2019-05-05 00:00:00 UTC        
 SEARCH BC data for 2019050506 , step =   938880
 READY  BC from     2019050500  to 2019050506 
 $$$  2019-05-05 00:00:00 UTC        
 $$$ max, min of ps (mb) =  1022.29  498.09
 Updating aerosol optical properties...
 SRF variables written at  2019-05-05 01:00:00 UTC        
 SRF variables written at  2019-05-05 02:00:00 UTC        
 SRF variables written at  2019-05-05 03:00:00 UTC        
 $$$  2019-05-05 03:00:00 UTC        
 $$$ max, min of ps (mb) =  1022.32  497.89
 SRF variables written at  2019-05-05 04:00:00 UTC        
 SRF variables written at  2019-05-05 05:00:00 UTC        
 ATM variables written at  2019-05-05 06:00:00 UTC        
 SRF variables written at  2019-05-05 06:00:00 UTC        
 RAD variables written at  2019-05-05 06:00:00 UTC        
 SEARCH BC data for 2019050512 , step =   939360
 READY  BC from     2019050506  to 2019050512 
 $$$  2019-05-05 06:00:00 UTC        
 $$$ max, min of ps (mb) =  1022.41  497.79
 SRF variables written at  2019-05-05 07:00:00 UTC        
 SRF variables written at  2019-05-05 08:00:00 UTC        
 SRF variables written at  2019-05-05 09:00:00 UTC        
 $$$  2019-05-05 09:00:00 UTC        
 $$$ max, min of ps (mb) =  1022.86  497.97
 SRF variables written at  2019-05-05 10:00:00 UTC        
 SRF variables written at  2019-05-05 11:00:00 UTC        
 ATM variables written at  2019-05-05 12:00:00 UTC        
 SRF variables written at  2019-05-05 12:00:00 UTC        
 RAD variables written at  2019-05-05 12:00:00 UTC        
 SEARCH BC data for 2019050518 , step =   939840
 READY  BC from     2019050512  to 2019050518 
 $$$  2019-05-05 12:00:00 UTC        
 $$$ max, min of ps (mb) =  1023.91  498.14
 SRF variables written at  2019-05-05 13:00:00 UTC        
 SRF variables written at  2019-05-05 14:00:00 UTC        
 SRF variables written at  2019-05-05 15:00:00 UTC        
 $$$  2019-05-05 15:00:00 UTC        
 $$$ max, min of ps (mb) =  1022.93  498.07
 SRF variables written at  2019-05-05 16:00:00 UTC        
 SRF variables written at  2019-05-05 17:00:00 UTC        
 ATM variables written at  2019-05-05 18:00:00 UTC        
 SRF variables written at  2019-05-05 18:00:00 UTC        
 RAD variables written at  2019-05-05 18:00:00 UTC        
 SEARCH BC data for 2019050600 , step =   940320
 READY  BC from     2019050518  to 2019050600 
 $$$  2019-05-05 18:00:00 UTC        
 $$$ max, min of ps (mb) =  1022.20  498.52
 SRF variables written at  2019-05-05 19:00:00 UTC        
 SRF variables written at  2019-05-05 20:00:00 UTC        
 SRF variables written at  2019-05-05 21:00:00 UTC        
 $$$  2019-05-05 21:00:00 UTC        
 $$$ max, min of ps (mb) =  1022.46  499.24
 SRF variables written at  2019-05-05 22:00:00 UTC        
 SRF variables written at  2019-05-05 23:00:00 UTC        
 At  2019-05-06 00:00:00 UTC        
 JDay    125.00000 solar declination angle =  16.07420010 degrees
                   solar TSI irradiance    =    1355.8759 W/m^2
 ATM variables written at  2019-05-06 00:00:00 UTC        
 SRF variables written at  2019-05-06 00:00:00 UTC        
 STS variables written at  2019-05-06 00:00:00 UTC        
 RAD variables written at  2019-05-06 00:00:00 UTC        
 SEARCH BC data for 2019050606 , step =   940800
 READY  BC from     2019050600  to 2019050606 
 $$$  2019-05-06 00:00:00 UTC        
 $$$ max, min of ps (mb) =  1022.77  499.61
 Updating aerosol optical properties...
 SRF variables written at  2019-05-06 01:00:00 UTC        
 SRF variables written at  2019-05-06 02:00:00 UTC        
 SRF variables written at  2019-05-06 03:00:00 UTC        
 $$$  2019-05-06 03:00:00 UTC        
 $$$ max, min of ps (mb) =  1022.34  499.68
 SRF variables written at  2019-05-06 04:00:00 UTC        
 SRF variables written at  2019-05-06 05:00:00 UTC        
 ATM variables written at  2019-05-06 06:00:00 UTC        
 SRF variables written at  2019-05-06 06:00:00 UTC        
 RAD variables written at  2019-05-06 06:00:00 UTC        
 SEARCH BC data for 2019050612 , step =   941280
 READY  BC from     2019050606  to 2019050612 
 $$$  2019-05-06 06:00:00 UTC        
 $$$ max, min of ps (mb) =  1022.02  499.94
 SRF variables written at  2019-05-06 07:00:00 UTC        
 SRF variables written at  2019-05-06 08:00:00 UTC        
 SRF variables written at  2019-05-06 09:00:00 UTC        
 $$$  2019-05-06 09:00:00 UTC        
 $$$ max, min of ps (mb) =  1021.47  499.95
 SRF variables written at  2019-05-06 10:00:00 UTC        
 SRF variables written at  2019-05-06 11:00:00 UTC        
 ATM variables written at  2019-05-06 12:00:00 UTC        
 SRF variables written at  2019-05-06 12:00:00 UTC        
 RAD variables written at  2019-05-06 12:00:00 UTC        
 SEARCH BC data for 2019050618 , step =   941760
 READY  BC from     2019050612  to 2019050618 
 $$$  2019-05-06 12:00:00 UTC        
 $$$ max, min of ps (mb) =  1023.00  499.93
 SRF variables written at  2019-05-06 13:00:00 UTC        
 SRF variables written at  2019-05-06 14:00:00 UTC        
 SRF variables written at  2019-05-06 15:00:00 UTC        
 $$$  2019-05-06 15:00:00 UTC        
 $$$ max, min of ps (mb) =  1023.00  499.49
 SRF variables written at  2019-05-06 16:00:00 UTC        
 SRF variables written at  2019-05-06 17:00:00 UTC        
 ATM variables written at  2019-05-06 18:00:00 UTC        
 SRF variables written at  2019-05-06 18:00:00 UTC        
 RAD variables written at  2019-05-06 18:00:00 UTC        
 SEARCH BC data for 2019050700 , step =   942240
 READY  BC from     2019050618  to 2019050700 
 $$$  2019-05-06 18:00:00 UTC        
 $$$ max, min of ps (mb) =  1023.07  499.64
 SRF variables written at  2019-05-06 19:00:00 UTC        
 SRF variables written at  2019-05-06 20:00:00 UTC        
 SRF variables written at  2019-05-06 21:00:00 UTC        
 $$$  2019-05-06 21:00:00 UTC        
 $$$ max, min of ps (mb) =  1023.41  499.67
 SRF variables written at  2019-05-06 22:00:00 UTC        
 SRF variables written at  2019-05-06 23:00:00 UTC        
 At  2019-05-07 00:00:00 UTC        
 JDay    126.00000 solar declination angle =  16.35978841 degrees
                   solar TSI irradiance    =    1355.8759 W/m^2
 ATM variables written at  2019-05-07 00:00:00 UTC        
 SRF variables written at  2019-05-07 00:00:00 UTC        
 STS variables written at  2019-05-07 00:00:00 UTC        
 RAD variables written at  2019-05-07 00:00:00 UTC        
 SEARCH BC data for 2019050706 , step =   942720
 READY  BC from     2019050700  to 2019050706 
 $$$  2019-05-07 00:00:00 UTC        
 $$$ max, min of ps (mb) =  1023.98  499.18
 Updating aerosol optical properties...
 SRF variables written at  2019-05-07 01:00:00 UTC        
 SRF variables written at  2019-05-07 02:00:00 UTC        
 SRF variables written at  2019-05-07 03:00:00 UTC        
 $$$  2019-05-07 03:00:00 UTC        
 $$$ max, min of ps (mb) =  1023.71  498.35
 SRF variables written at  2019-05-07 04:00:00 UTC        
 SRF variables written at  2019-05-07 05:00:00 UTC        
 ATM variables written at  2019-05-07 06:00:00 UTC        
 SRF variables written at  2019-05-07 06:00:00 UTC        
 RAD variables written at  2019-05-07 06:00:00 UTC        
 SEARCH BC data for 2019050712 , step =   943200
 READY  BC from     2019050706  to 2019050712 
 $$$  2019-05-07 06:00:00 UTC        
 $$$ max, min of ps (mb) =  1023.57  497.89
 SRF variables written at  2019-05-07 07:00:00 UTC        
 SRF variables written at  2019-05-07 08:00:00 UTC        
 SRF variables written at  2019-05-07 09:00:00 UTC        
 $$$  2019-05-07 09:00:00 UTC        
 $$$ max, min of ps (mb) =  1023.98  497.69
 SRF variables written at  2019-05-07 10:00:00 UTC        
 SRF variables written at  2019-05-07 11:00:00 UTC        
 ATM variables written at  2019-05-07 12:00:00 UTC        
 SRF variables written at  2019-05-07 12:00:00 UTC        
 RAD variables written at  2019-05-07 12:00:00 UTC        
 SEARCH BC data for 2019050718 , step =   943680
 READY  BC from     2019050712  to 2019050718 
 $$$  2019-05-07 12:00:00 UTC        
 $$$ max, min of ps (mb) =  1024.89  497.36
 SRF variables written at  2019-05-07 13:00:00 UTC        
 SRF variables written at  2019-05-07 14:00:00 UTC        
 SRF variables written at  2019-05-07 15:00:00 UTC        
 $$$  2019-05-07 15:00:00 UTC        
 $$$ max, min of ps (mb) =  1024.23  497.21
 SRF variables written at  2019-05-07 16:00:00 UTC        
 SRF variables written at  2019-05-07 17:00:00 UTC        
 ATM variables written at  2019-05-07 18:00:00 UTC        
 SRF variables written at  2019-05-07 18:00:00 UTC        
 RAD variables written at  2019-05-07 18:00:00 UTC        
 SEARCH BC data for 2019050800 , step =   944160
 READY  BC from     2019050718  to 2019050800 
 $$$  2019-05-07 18:00:00 UTC        
 $$$ max, min of ps (mb) =  1023.44  497.54
 SRF variables written at  2019-05-07 19:00:00 UTC        
 SRF variables written at  2019-05-07 20:00:00 UTC        
 SRF variables written at  2019-05-07 21:00:00 UTC        
 $$$  2019-05-07 21:00:00 UTC        
 $$$ max, min of ps (mb) =  1023.47  497.86
 SRF variables written at  2019-05-07 22:00:00 UTC        
 SRF variables written at  2019-05-07 23:00:00 UTC        
 At  2019-05-08 00:00:00 UTC        
 JDay    127.00000 solar declination angle =  16.64084939 degrees
                   solar TSI irradiance    =    1355.8759 W/m^2
 ATM variables written at  2019-05-08 00:00:00 UTC        
 SRF variables written at  2019-05-08 00:00:00 UTC        
 STS variables written at  2019-05-08 00:00:00 UTC        
 RAD variables written at  2019-05-08 00:00:00 UTC        
 SEARCH BC data for 2019050806 , step =   944640
 READY  BC from     2019050800  to 2019050806 
 $$$  2019-05-08 00:00:00 UTC        
 $$$ max, min of ps (mb) =  1024.00  497.76
 Updating aerosol optical properties...
 SRF variables written at  2019-05-08 01:00:00 UTC        
 SRF variables written at  2019-05-08 02:00:00 UTC        
 SRF variables written at  2019-05-08 03:00:00 UTC        
 $$$  2019-05-08 03:00:00 UTC        
 $$$ max, min of ps (mb) =  1024.02  497.34
 SRF variables written at  2019-05-08 04:00:00 UTC        
 SRF variables written at  2019-05-08 05:00:00 UTC        
 ATM variables written at  2019-05-08 06:00:00 UTC        
 SRF variables written at  2019-05-08 06:00:00 UTC        
 RAD variables written at  2019-05-08 06:00:00 UTC        
 SEARCH BC data for 2019050812 , step =   945120
 READY  BC from     2019050806  to 2019050812 
 $$$  2019-05-08 06:00:00 UTC        
 $$$ max, min of ps (mb) =  1024.01  497.11
 SRF variables written at  2019-05-08 07:00:00 UTC        
 SRF variables written at  2019-05-08 08:00:00 UTC        
 SRF variables written at  2019-05-08 09:00:00 UTC        
 $$$  2019-05-08 09:00:00 UTC        
 $$$ max, min of ps (mb) =  1024.99  497.07
 SRF variables written at  2019-05-08 10:00:00 UTC        
 SRF variables written at  2019-05-08 11:00:00 UTC        
 ATM variables written at  2019-05-08 12:00:00 UTC        
 SRF variables written at  2019-05-08 12:00:00 UTC        
 RAD variables written at  2019-05-08 12:00:00 UTC        
 SEARCH BC data for 2019050818 , step =   945600
 READY  BC from     2019050812  to 2019050818 
 $$$  2019-05-08 12:00:00 UTC        
 $$$ max, min of ps (mb) =  1025.54  496.97
 SRF variables written at  2019-05-08 13:00:00 UTC        
 SRF variables written at  2019-05-08 14:00:00 UTC        
 SRF variables written at  2019-05-08 15:00:00 UTC        
 $$$  2019-05-08 15:00:00 UTC        
 $$$ max, min of ps (mb) =  1024.38  496.26
 SRF variables written at  2019-05-08 16:00:00 UTC        
 SRF variables written at  2019-05-08 17:00:00 UTC        
 ATM variables written at  2019-05-08 18:00:00 UTC        
 SRF variables written at  2019-05-08 18:00:00 UTC        
 RAD variables written at  2019-05-08 18:00:00 UTC        
 SEARCH BC data for 2019050900 , step =   946080
 READY  BC from     2019050818  to 2019050900 
 $$$  2019-05-08 18:00:00 UTC        
 $$$ max, min of ps (mb) =  1023.27  495.55
 SRF variables written at  2019-05-08 19:00:00 UTC        
 SRF variables written at  2019-05-08 20:00:00 UTC        
 SRF variables written at  2019-05-08 21:00:00 UTC        
 $$$  2019-05-08 21:00:00 UTC        
 $$$ max, min of ps (mb) =  1023.91  495.05
 SRF variables written at  2019-05-08 22:00:00 UTC        
 SRF variables written at  2019-05-08 23:00:00 UTC        
 At  2019-05-09 00:00:00 UTC        
 JDay    128.00000 solar declination angle =  16.91729824 degrees
                   solar TSI irradiance    =    1355.8759 W/m^2
 ATM variables written at  2019-05-09 00:00:00 UTC        
 SRF variables written at  2019-05-09 00:00:00 UTC        
 STS variables written at  2019-05-09 00:00:00 UTC        
 RAD variables written at  2019-05-09 00:00:00 UTC        
 SEARCH BC data for 2019050906 , step =   946560
 READY  BC from     2019050900  to 2019050906 
 $$$  2019-05-09 00:00:00 UTC        
 $$$ max, min of ps (mb) =  1024.57  494.21
 Updating aerosol optical properties...
 SRF variables written at  2019-05-09 01:00:00 UTC        
 SRF variables written at  2019-05-09 02:00:00 UTC        
 SRF variables written at  2019-05-09 03:00:00 UTC        
 $$$  2019-05-09 03:00:00 UTC        
 $$$ max, min of ps (mb) =  1024.41  493.10
 SRF variables written at  2019-05-09 04:00:00 UTC        
 SRF variables written at  2019-05-09 05:00:00 UTC        
 ATM variables written at  2019-05-09 06:00:00 UTC        
 SRF variables written at  2019-05-09 06:00:00 UTC        
 RAD variables written at  2019-05-09 06:00:00 UTC        
 SEARCH BC data for 2019050912 , step =   947040
 READY  BC from     2019050906  to 2019050912 
 $$$  2019-05-09 06:00:00 UTC        
 $$$ max, min of ps (mb) =  1023.72  492.05
 SRF variables written at  2019-05-09 07:00:00 UTC        
 SRF variables written at  2019-05-09 08:00:00 UTC        
 SRF variables written at  2019-05-09 09:00:00 UTC        
 $$$  2019-05-09 09:00:00 UTC        
 $$$ max, min of ps (mb) =  1023.92  491.10
 SRF variables written at  2019-05-09 10:00:00 UTC        
 SRF variables written at  2019-05-09 11:00:00 UTC        
 ATM variables written at  2019-05-09 12:00:00 UTC        
 SRF variables written at  2019-05-09 12:00:00 UTC        
 RAD variables written at  2019-05-09 12:00:00 UTC        
 SEARCH BC data for 2019050918 , step =   947520
 READY  BC from     2019050912  to 2019050918 
 $$$  2019-05-09 12:00:00 UTC        
 $$$ max, min of ps (mb) =  1024.22  490.33
 SRF variables written at  2019-05-09 13:00:00 UTC        
 SRF variables written at  2019-05-09 14:00:00 UTC        
 SRF variables written at  2019-05-09 15:00:00 UTC        
 $$$  2019-05-09 15:00:00 UTC        
 $$$ max, min of ps (mb) =  1023.79  489.62
 SRF variables written at  2019-05-09 16:00:00 UTC        
 SRF variables written at  2019-05-09 17:00:00 UTC        
 ATM variables written at  2019-05-09 18:00:00 UTC        
 SRF variables written at  2019-05-09 18:00:00 UTC        
 RAD variables written at  2019-05-09 18:00:00 UTC        
 SEARCH BC data for 2019051000 , step =   948000
 READY  BC from     2019050918  to 2019051000 
 $$$  2019-05-09 18:00:00 UTC        
 $$$ max, min of ps (mb) =  1023.15  490.02
 SRF variables written at  2019-05-09 19:00:00 UTC        
 SRF variables written at  2019-05-09 20:00:00 UTC        
 SRF variables written at  2019-05-09 21:00:00 UTC        
 $$$  2019-05-09 21:00:00 UTC        
 $$$ max, min of ps (mb) =  1023.40  490.69
 SRF variables written at  2019-05-09 22:00:00 UTC        
 SRF variables written at  2019-05-09 23:00:00 UTC        
 At  2019-05-10 00:00:00 UTC        
 JDay    129.00000 solar declination angle =  17.18905083 degrees
                   solar TSI irradiance    =    1355.8759 W/m^2
 ATM variables written at  2019-05-10 00:00:00 UTC        
 SRF variables written at  2019-05-10 00:00:00 UTC        
 STS variables written at  2019-05-10 00:00:00 UTC        
 RAD variables written at  2019-05-10 00:00:00 UTC        
 SEARCH BC data for 2019051006 , step =   948480
 READY  BC from     2019051000  to 2019051006 
 $$$  2019-05-10 00:00:00 UTC        
 $$$ max, min of ps (mb) =  1023.81  490.72
 Updating aerosol optical properties...
 SRF variables written at  2019-05-10 01:00:00 UTC        
 SRF variables written at  2019-05-10 02:00:00 UTC        
 SRF variables written at  2019-05-10 03:00:00 UTC        
 $$$  2019-05-10 03:00:00 UTC        
 $$$ max, min of ps (mb) =  1023.47  490.14
 SRF variables written at  2019-05-10 04:00:00 UTC        
 SRF variables written at  2019-05-10 05:00:00 UTC        
 ATM variables written at  2019-05-10 06:00:00 UTC        
 SRF variables written at  2019-05-10 06:00:00 UTC        
 RAD variables written at  2019-05-10 06:00:00 UTC        
 SEARCH BC data for 2019051012 , step =   948960
 READY  BC from     2019051006  to 2019051012 
 $$$  2019-05-10 06:00:00 UTC        
 $$$ max, min of ps (mb) =  1023.36  489.88
 SRF variables written at  2019-05-10 07:00:00 UTC        
 SRF variables written at  2019-05-10 08:00:00 UTC        
 SRF variables written at  2019-05-10 09:00:00 UTC        
 $$$  2019-05-10 09:00:00 UTC        
 $$$ max, min of ps (mb) =  1024.06  489.41
 SRF variables written at  2019-05-10 10:00:00 UTC        
 SRF variables written at  2019-05-10 11:00:00 UTC        
 ATM variables written at  2019-05-10 12:00:00 UTC        
 SRF variables written at  2019-05-10 12:00:00 UTC        
 RAD variables written at  2019-05-10 12:00:00 UTC        
 SEARCH BC data for 2019051018 , step =   949440
 READY  BC from     2019051012  to 2019051018 
 $$$  2019-05-10 12:00:00 UTC        
 $$$ max, min of ps (mb) =  1024.86  489.35
 SRF variables written at  2019-05-10 13:00:00 UTC        
 SRF variables written at  2019-05-10 14:00:00 UTC        
 SRF variables written at  2019-05-10 15:00:00 UTC        
 $$$  2019-05-10 15:00:00 UTC        
 $$$ max, min of ps (mb) =  1024.07  488.81
 SRF variables written at  2019-05-10 16:00:00 UTC        
 SRF variables written at  2019-05-10 17:00:00 UTC        
 ATM variables written at  2019-05-10 18:00:00 UTC        
 SRF variables written at  2019-05-10 18:00:00 UTC        
 RAD variables written at  2019-05-10 18:00:00 UTC        
 SEARCH BC data for 2019051100 , step =   949920
 READY  BC from     2019051018  to 2019051100 
 $$$  2019-05-10 18:00:00 UTC        
 $$$ max, min of ps (mb) =  1023.53  488.76
 SRF variables written at  2019-05-10 19:00:00 UTC        
 SRF variables written at  2019-05-10 20:00:00 UTC        
 SRF variables written at  2019-05-10 21:00:00 UTC        
 $$$  2019-05-10 21:00:00 UTC        
 $$$ max, min of ps (mb) =  1023.65  488.97
 SRF variables written at  2019-05-10 22:00:00 UTC        
 SRF variables written at  2019-05-10 23:00:00 UTC        
 At  2019-05-11 00:00:00 UTC        
 JDay    130.00000 solar declination angle =  17.45602382 degrees
                   solar TSI irradiance    =    1355.8759 W/m^2
 ATM variables written at  2019-05-11 00:00:00 UTC        
 SRF variables written at  2019-05-11 00:00:00 UTC        
 STS variables written at  2019-05-11 00:00:00 UTC        
 RAD variables written at  2019-05-11 00:00:00 UTC        
 SEARCH BC data for 2019051106 , step =   950400
 READY  BC from     2019051100  to 2019051106 
 $$$  2019-05-11 00:00:00 UTC        
 $$$ max, min of ps (mb) =  1023.81  488.68
 Updating aerosol optical properties...
 SRF variables written at  2019-05-11 01:00:00 UTC        
 SRF variables written at  2019-05-11 02:00:00 UTC        
 SRF variables written at  2019-05-11 03:00:00 UTC        
 $$$  2019-05-11 03:00:00 UTC        
 $$$ max, min of ps (mb) =  1023.26  488.16
 SRF variables written at  2019-05-11 04:00:00 UTC        
 SRF variables written at  2019-05-11 05:00:00 UTC        
 ATM variables written at  2019-05-11 06:00:00 UTC        
 SRF variables written at  2019-05-11 06:00:00 UTC        
 RAD variables written at  2019-05-11 06:00:00 UTC        
 SEARCH BC data for 2019051112 , step =   950880
 READY  BC from     2019051106  to 2019051112 
 $$$  2019-05-11 06:00:00 UTC        
 $$$ max, min of ps (mb) =  1023.12  488.10
 SRF variables written at  2019-05-11 07:00:00 UTC        
 SRF variables written at  2019-05-11 08:00:00 UTC        
 SRF variables written at  2019-05-11 09:00:00 UTC        
 $$$  2019-05-11 09:00:00 UTC        
 $$$ max, min of ps (mb) =  1023.20  488.49
 SRF variables written at  2019-05-11 10:00:00 UTC        
 SRF variables written at  2019-05-11 11:00:00 UTC        
 ATM variables written at  2019-05-11 12:00:00 UTC        
 SRF variables written at  2019-05-11 12:00:00 UTC        
 RAD variables written at  2019-05-11 12:00:00 UTC        
 SEARCH BC data for 2019051118 , step =   951360
 READY  BC from     2019051112  to 2019051118 
 $$$  2019-05-11 12:00:00 UTC        
 $$$ max, min of ps (mb) =  1023.23  489.07
 SRF variables written at  2019-05-11 13:00:00 UTC        
 SRF variables written at  2019-05-11 14:00:00 UTC        
 SRF variables written at  2019-05-11 15:00:00 UTC        
 $$$  2019-05-11 15:00:00 UTC        
 $$$ max, min of ps (mb) =  1023.23  489.94
 SRF variables written at  2019-05-11 16:00:00 UTC        
 SRF variables written at  2019-05-11 17:00:00 UTC        
 ATM variables written at  2019-05-11 18:00:00 UTC        
 SRF variables written at  2019-05-11 18:00:00 UTC        
 RAD variables written at  2019-05-11 18:00:00 UTC        
 SEARCH BC data for 2019051200 , step =   951840
 READY  BC from     2019051118  to 2019051200 
 $$$  2019-05-11 18:00:00 UTC        
 $$$ max, min of ps (mb) =  1022.83  491.37
 SRF variables written at  2019-05-11 19:00:00 UTC        
 SRF variables written at  2019-05-11 20:00:00 UTC        
 SRF variables written at  2019-05-11 21:00:00 UTC        
 $$$  2019-05-11 21:00:00 UTC        
 $$$ max, min of ps (mb) =  1022.63  492.98
 SRF variables written at  2019-05-11 22:00:00 UTC        
 SRF variables written at  2019-05-11 23:00:00 UTC        
 At  2019-05-12 00:00:00 UTC        
 JDay    131.00000 solar declination angle =  17.71813469 degrees
                   solar TSI irradiance    =    1355.8759 W/m^2
 ATM variables written at  2019-05-12 00:00:00 UTC        
 SRF variables written at  2019-05-12 00:00:00 UTC        
 STS variables written at  2019-05-12 00:00:00 UTC        
 RAD variables written at  2019-05-12 00:00:00 UTC        
 SEARCH BC data for 2019051206 , step =   952320
 READY  BC from     2019051200  to 2019051206 
 $$$  2019-05-12 00:00:00 UTC        
 $$$ max, min of ps (mb) =  1022.97  494.13
 Updating aerosol optical properties...
 SRF variables written at  2019-05-12 01:00:00 UTC        
 SRF variables written at  2019-05-12 02:00:00 UTC        
 SRF variables written at  2019-05-12 03:00:00 UTC        
 $$$  2019-05-12 03:00:00 UTC        
 $$$ max, min of ps (mb) =  1023.08  494.86
 SRF variables written at  2019-05-12 04:00:00 UTC        
 SRF variables written at  2019-05-12 05:00:00 UTC        
 ATM variables written at  2019-05-12 06:00:00 UTC        
 SRF variables written at  2019-05-12 06:00:00 UTC        
 RAD variables written at  2019-05-12 06:00:00 UTC        
 SEARCH BC data for 2019051212 , step =   952800
 READY  BC from     2019051206  to 2019051212 
 $$$  2019-05-12 06:00:00 UTC        
 $$$ max, min of ps (mb) =  1022.97  495.71
 SRF variables written at  2019-05-12 07:00:00 UTC        
 SRF variables written at  2019-05-12 08:00:00 UTC        
 SRF variables written at  2019-05-12 09:00:00 UTC        
 $$$  2019-05-12 09:00:00 UTC        
 $$$ max, min of ps (mb) =  1022.96  496.27
 SRF variables written at  2019-05-12 10:00:00 UTC        
 SRF variables written at  2019-05-12 11:00:00 UTC        
 ATM variables written at  2019-05-12 12:00:00 UTC        
 SRF variables written at  2019-05-12 12:00:00 UTC        
 RAD variables written at  2019-05-12 12:00:00 UTC        
 SEARCH BC data for 2019051218 , step =   953280
 READY  BC from     2019051212  to 2019051218 
 $$$  2019-05-12 12:00:00 UTC        
 $$$ max, min of ps (mb) =  1023.08  496.80
 SRF variables written at  2019-05-12 13:00:00 UTC        
 SRF variables written at  2019-05-12 14:00:00 UTC        
 SRF variables written at  2019-05-12 15:00:00 UTC        
 $$$  2019-05-12 15:00:00 UTC        
 $$$ max, min of ps (mb) =  1023.21  496.90
 SRF variables written at  2019-05-12 16:00:00 UTC        
 SRF variables written at  2019-05-12 17:00:00 UTC        
 ATM variables written at  2019-05-12 18:00:00 UTC        
 SRF variables written at  2019-05-12 18:00:00 UTC        
 RAD variables written at  2019-05-12 18:00:00 UTC        
 SEARCH BC data for 2019051300 , step =   953760
 READY  BC from     2019051218  to 2019051300 
 $$$  2019-05-12 18:00:00 UTC        
 $$$ max, min of ps (mb) =  1023.16  497.19
 SRF variables written at  2019-05-12 19:00:00 UTC        
 SRF variables written at  2019-05-12 20:00:00 UTC        
 SRF variables written at  2019-05-12 21:00:00 UTC        
 $$$  2019-05-12 21:00:00 UTC        
 $$$ max, min of ps (mb) =  1023.89  497.71
 SRF variables written at  2019-05-12 22:00:00 UTC        
 SRF variables written at  2019-05-12 23:00:00 UTC        
 At  2019-05-13 00:00:00 UTC        
 JDay    132.00000 solar declination angle =  17.97530176 degrees
                   solar TSI irradiance    =    1355.8759 W/m^2
 ATM variables written at  2019-05-13 00:00:00 UTC        
 SRF variables written at  2019-05-13 00:00:00 UTC        
 STS variables written at  2019-05-13 00:00:00 UTC        
 RAD variables written at  2019-05-13 00:00:00 UTC        
 SEARCH BC data for 2019051306 , step =   954240
 READY  BC from     2019051300  to 2019051306 
 $$$  2019-05-13 00:00:00 UTC        
 $$$ max, min of ps (mb) =  1024.89  498.04
 Updating aerosol optical properties...
 SRF variables written at  2019-05-13 01:00:00 UTC        
 SRF variables written at  2019-05-13 02:00:00 UTC        
 SRF variables written at  2019-05-13 03:00:00 UTC        
 $$$  2019-05-13 03:00:00 UTC        
 $$$ max, min of ps (mb) =  1025.03  498.03
 SRF variables written at  2019-05-13 04:00:00 UTC        
 SRF variables written at  2019-05-13 05:00:00 UTC        
 ATM variables written at  2019-05-13 06:00:00 UTC        
 SRF variables written at  2019-05-13 06:00:00 UTC        
 RAD variables written at  2019-05-13 06:00:00 UTC        
 SEARCH BC data for 2019051312 , step =   954720
 READY  BC from     2019051306  to 2019051312 
 $$$  2019-05-13 06:00:00 UTC        
 $$$ max, min of ps (mb) =  1025.04  498.17
 SRF variables written at  2019-05-13 07:00:00 UTC        
 SRF variables written at  2019-05-13 08:00:00 UTC        
 SRF variables written at  2019-05-13 09:00:00 UTC        
 $$$  2019-05-13 09:00:00 UTC        
 $$$ max, min of ps (mb) =  1025.02  498.62
 SRF variables written at  2019-05-13 10:00:00 UTC        
 SRF variables written at  2019-05-13 11:00:00 UTC        
 ATM variables written at  2019-05-13 12:00:00 UTC        
 SRF variables written at  2019-05-13 12:00:00 UTC        
 RAD variables written at  2019-05-13 12:00:00 UTC        
 SEARCH BC data for 2019051318 , step =   955200
 READY  BC from     2019051312  to 2019051318 
 $$$  2019-05-13 12:00:00 UTC        
 $$$ max, min of ps (mb) =  1025.02  498.77
 SRF variables written at  2019-05-13 13:00:00 UTC        
 SRF variables written at  2019-05-13 14:00:00 UTC        
 SRF variables written at  2019-05-13 15:00:00 UTC        
 $$$  2019-05-13 15:00:00 UTC        
 $$$ max, min of ps (mb) =  1024.63  498.57
 SRF variables written at  2019-05-13 16:00:00 UTC        
 SRF variables written at  2019-05-13 17:00:00 UTC        
 ATM variables written at  2019-05-13 18:00:00 UTC        
 SRF variables written at  2019-05-13 18:00:00 UTC        
 RAD variables written at  2019-05-13 18:00:00 UTC        
 SEARCH BC data for 2019051400 , step =   955680
 READY  BC from     2019051318  to 2019051400 
 $$$  2019-05-13 18:00:00 UTC        
 $$$ max, min of ps (mb) =  1024.27  498.77
 SRF variables written at  2019-05-13 19:00:00 UTC        
 SRF variables written at  2019-05-13 20:00:00 UTC        
 SRF variables written at  2019-05-13 21:00:00 UTC        
 $$$  2019-05-13 21:00:00 UTC        
 $$$ max, min of ps (mb) =  1026.06  499.01
 SRF variables written at  2019-05-13 22:00:00 UTC        
 SRF variables written at  2019-05-13 23:00:00 UTC        
 At  2019-05-14 00:00:00 UTC        
 JDay    133.00000 solar declination angle =  18.22744423 degrees
                   solar TSI irradiance    =    1355.8759 W/m^2
 ATM variables written at  2019-05-14 00:00:00 UTC        
 SRF variables written at  2019-05-14 00:00:00 UTC        
 STS variables written at  2019-05-14 00:00:00 UTC        
 RAD variables written at  2019-05-14 00:00:00 UTC        
 SEARCH BC data for 2019051406 , step =   956160
