
/leonardo/home/userexternal/mdasilva/leonardo_work/CORDEX5/postproc/evaluate/rcm

--------------- INIT POSPROCESSING MODEL ----------------

Concatenate date: 2000-2000

Convert unit

Hourly mean

Diurnal cycle

Regrid output
cdo    remapbil: Bilinear weights from curvilinear (1228x780) to lonlat (1450x816) grid
cdo    remapbil: Bilinear weights from curvilinear (1228x780) to lonlat (1450x816) grid
cdo    remapbil: Bilinear weights from curvilinear (1228x780) to lonlat (1450x816) grid

Delete files

--------------- THE END POSPROCESSING MODEL ----------------

/leonardo/home/userexternal/mdasilva/leonardo_work/CORDEX5/postproc/evaluate/rcm

--------------- INIT POSPROCESSING MODEL ----------------

Concatenate date: 2000-2000

Convert unit

Frequency and intensity by season
cdo    remapbil: Bilinear weights from curvilinear (1228x780) to lonlat (1450x816) grid
cdo    remapbil: Bilinear weights from curvilinear (1228x780) to lonlat (1450x816) grid
cdo    remapbil: Bilinear weights from curvilinear (1228x780) to lonlat (1450x816) grid
cdo    remapbil: Bilinear weights from curvilinear (1228x780) to lonlat (1450x816) grid
cdo    remapbil: Bilinear weights from curvilinear (1228x780) to lonlat (1450x816) grid
cdo    remapbil: Bilinear weights from curvilinear (1228x780) to lonlat (1450x816) grid
cdo    remapbil: Bilinear weights from curvilinear (1228x780) to lonlat (1450x816) grid
cdo    remapbil: Bilinear weights from curvilinear (1228x780) to lonlat (1450x816) grid

Delete files

--------------- THE END POSPROCESSING MODEL ----------------

/leonardo/home/userexternal/mdasilva/leonardo_work/CORDEX5/postproc/evaluate/rcm

--------------- INIT POSPROCESSING MODEL ----------------

Concatenate date

Convert unit

Calculate p99

Regrid variable
cdo    remapbil: Bilinear weights from curvilinear (1228x780) to lonlat (1450x816) grid

Delete files
rm: cannot remove 'pr_CSAM-3_RegCM5_2000-2000.nc': No such file or directory
