MPI startup(): shm:tmi fabric is unknown or has been removed from the product, please use ofi or shm:ofi instead.
[0] MPI startup(): I_MPI_TMI_PROVIDER variable has been removed from the product, its value is ignored

WARNING: release_mt library was used but no multi-ep feature was enabled. Please use release library instead.

  This is RegCM 5
   GIT Revision: 5.0.1 compiled at: data : Apr 19 2024  time: 12:50:06

 : this run start at  : 2024-05-02 14:03:26+0200
 : it is submitted by : mdasilva
 : it is running on   : r164c03s04
 : it is using        :         1440   processors
 : in directory       : 
 /marconi/home/userexternal/mdasilva/github_projects/shell/ictp/regcm_exp/sam_3k
 m_v6
                       
 CPUS DIM1 =           40
 CPUS DIM2 =           36
 
 Reading model namelist file
 Using default microphysical parameter.
 Initial date of the global simulation:  2018-01-01 00:00:00 UTC        
 Initial date of this run             :  2018-03-01 00:00:00 UTC        
 Final date of this run               :  2019-12-31 00:00:00 UTC        
 Total simulation lenght              :        16080  hours
 Timestep in seconds =   45.000000
 Reading Domain file : 
 /marconi/home/userexternal/mdasilva/user/mdasilva/SAM-3km_v6/input/SAM-3km_DOMA
 IN000.nc
 Advection timestep =    15.000 (factor  3)
 Max. Courant number for horizontal advection =    0.9538
 Sound waves timestep =     2.500 (factor  6)
 Courant number of horizontal sound waves =    0.3760
 Setting IPCC scenario to SSP585  
 Load GHG for 201803 SSP585
 Create SAV files :  T
 Create ATM files :  T
 Create RAD files :  T
 Create SRF files :  T
 Create STS files :  T
 Create SHF files :  F
 Create LAK files :  F
 Monthly new files are created
 Monthly SAV files are written
 Frequency in hours to create ATM :    6.0
 Frequency in hours to create RAD :    6.0
 Frequency in hours to create SRF :    1.0
 Frequency in hours to create LAK :    6.0
 Physical Parameterizations
  Lateral Boundary conditions :  5
  Semi-Lagrangian Advection   :  0
  Land cumulus conv. scheme   :  0
  Ocean cumulus conv. scheme  :  0
  Moisture schem              :  2
  Ocean Flux scheme           :  2
  Zeng roughness formula      :  1
  Zeng roughness method       :  1
  Coupling with ocean         :  0
  Coupling with wave          :  0
  Coupling with COP           :  0
  Pressure gradient force     :  0
  Prescribed LW emissivity    :  0
  Lake model in BATS          :  1
  Simulate diurnal sst cycle  :  0
  Simulate sea ice cover      :  0
  Enable chem/aerosol model   :  0
  Large scale LWP as convect. :  1
  Cloud fraction scheme       :  1
  Marine stratocumulus        :  0
  Climate O3 dataset          :  0
  Climate Aerosol dataset     :  3
 Boundary Pameterizations
  Num. of bndy points cross  :  30
  Num. of bndy points dot    :  30
  Nudge value high range     :  9.000000
  Nudge value medium range   :  6.000000
  Nudge value low range      :  3.000000
  Nm paramter                : -1.000000
  Dm paramter                : -1.000000
 Model Timestep Pameterizations
  time step for dynamical model in seconds :          45.000000
  time step for surface   model in seconds :         450.000000
  time step for cumulus   model in seconds :         225.000000
  time step for radiation model in seconds :        1350.000000
  time step for emission  model in seconds :       48600.000000
 Nudging coefficients F1=    0.040000, F2=    0.000000
  # Nudging coefficient profile #
     8.91       8.73       8.56       8.38       8.20       8.03       7.85    
     7.67       7.50       7.32       7.15       6.97       6.79       6.62    
     6.44       6.26       6.09       5.94       5.81       5.69       5.56    
     5.43       5.31       5.18       5.06       4.93       4.81       4.68    
     4.56       4.43       4.31       4.18       4.06       3.93       3.81    
     3.81       3.69       3.56       3.44       3.31       3.19       3.06    
 Model top at    25000.0000000000       m
 Domain grid parameters:
  Map Projection        : ROTLLR
  Dot Grid Full Extent  : 1231x 783x 41
  Model Grid Spacing    :    3.335968 km
  Proj Center Latitude  :  -24.000000 deg
  Proj Center longitude :  303.000000 deg
  Pole Latitude         :  -70.600000 deg
  Pole longitude        :  123.940000 deg
 Holtslag PBL Scheme
  ricr_ocn     =    0.250000
  ricr_lnd     =    0.250000
  zhnew_fac    =    0.250000
  ifaholt      =  0
  ifaholtth10  =  2
  holtth10iter =    1
 Cloud fraction schemes parameters
  # of bottom no cloud model levels :  1
  Maximum relative humidity         :    1.010000
  Minimum relative humidity         :    0.010000
  Maximum total cloud cover for rad :    0.750000
  Conv. CF UMF factor deep cumulus  :    0.140000
  Conv. CF UMF factor deep cumulus  :    0.140000
  Conv. CF UMF factor k2            :  500.000000
  Surface radiation hack            :           F
  Vavrus-Waliser Arctic cloud fix   :           T
 Convective Cloud Cover parameters after resolution scaling
  Maximum Convective Cloud Cover :    1.000000
  Convective Cloud Water         :    0.000300
 The surface energy budget is used to calculate the ground temperature.
 The radiation is computed every   22. minutes.
 Relaxation boundary conditions (exponential method)
  # Ozone profiles restart #
    0.842E-05  0.662E-05  0.536E-05  0.393E-05  0.269E-05  0.180E-05  0.131E-05
    0.977E-06  0.704E-06  0.497E-06  0.354E-06  0.260E-06  0.201E-06  0.162E-06
    0.135E-06  0.118E-06  0.104E-06  0.921E-07  0.842E-07  0.772E-07  0.722E-07
    0.679E-07  0.643E-07  0.619E-07  0.596E-07  0.575E-07  0.562E-07  0.550E-07
    0.538E-07  0.527E-07  0.521E-07  0.515E-07  0.510E-07  0.505E-07  0.501E-07
    0.497E-07  0.496E-07  0.496E-07  0.496E-07  0.496E-07  0.496E-07  0.496E-07
    0.496E-07
 READY BC DATA for  2018-03-01 00:00:00 UTC        
 SEARCH BC data for 2018030106 , step =   113280
 READY  BC from     2018030100  to 2018030106 
 Successfully read restart file at time =  2018-03-01 00:00:00 UTC        
 Read solar forcing total irradiance data...
 Updating orbit parameters at  2018-03-01 00:00:00 UTC        
 At  2018-03-01 00:00:00 UTC        
 JDay     59.00000 solar declination angle =  -8.08996436 degrees
                   solar TSI irradiance    =    1355.8811 W/m^2
 CLM version: 4.5 - RegCM 5.0.1
 Attempting to initialize the land model .....
 Mask given by RegCM model has a total of       637837  land points
 Attempting to initialize run control settings .....
 Read in clm_inparm namelist from: 
 /marconi/home/userexternal/mdasilva/github_projects/shell/ictp/regcm_exp/sam_3k
 m_v6/NoTo-SAM.in
 Read in clm_hydrology1_inparm namelist
 Read in clm_soilhydrology_inparm namelist
 Successfully initialized run control settings
 
 define run:
    source                = Community Land Model CLM4.5
    model_version         = 5.0.1
    run type              = restart
    case title            = RegCM driven CLM4.5
    username              = mdasilva
    hostname              = r164c03s04
 input data files:
    PFT physiology = 
 /marconi_work/ICT23_ESP/RCMDATA/CLM45/pftdata/pft-physiology.c130503.nc
    surface data   = 
 /marconi/home/userexternal/mdasilva/user/mdasilva/SAM-3km_v6/input/SAM-3km_CLM4
 5_surface.nc
    land frac data = 
 /marconi/home/userexternal/mdasilva/user/mdasilva/SAM-3km_v6/input/SAM-3km_DOMA
 IN000.nc
    enable_megan_emission                                 :  F
    enable_urban_landunit                                 :  T
    enable_more_crop_pft                                  :  F
    SNICAR optical = 
 /marconi_work/ICT23_ESP/RCMDATA/CLM45/snicardata/snicar_optics_5bnd_c090915.nc
    SNICAR aging = 
 /marconi_work/ICT23_ESP/RCMDATA/CLM45/snicardata/snicar_drdt_bst_fit_60_c070416
 .nc
    restart data   = using a restart file
    atmospheric forcing data is from RegCM atm model
 Large file support for output files is ON
 model physics parameters:
    flag for random perturbation test is not set
    CO2 volume mixing ratio   (umol/mol)   =    355.000000000000     
    land albedos  (unitless 0-1)   =   0.800000000000000     
    ice albedos   (unitless 0-1)   =   0.550000000000000     
    urban air conditioning/heating and wasteheat   = OFF             
    urban traffic flux   =  F
    more vertical layers =  F
 restart warning:
    Namelist not checked for agreement with initial run.
    Namelist should not differ except for ending time step and run type
    maxpatch_pft         =           17
    allocate_all_vegpfts =  T
    perchroot (PWS based on unfrozen layers only) =  F
    perchroot (PWS based on time-integrated active layer only) =  F
 
 Lake Model Namelists:
 Hostetler eddy increase low    :    25.0000000000000     
 Hostetler eddy increase factor :    10.0000000000000     
 Albedo melting lakes (visible) :  0.100000000000000     
 Albedo melting lakes (NIR)     :  0.100000000000000     
 Attempting to read ldomain from 
 /marconi/home/userexternal/mdasilva/user/mdasilva/SAM-3km_v6/input/SAM-3km_DOMA
 IN000.nc
   domain_check set       = domain_set
   domain_check decomped  =  T
   domain_check ns        =       957840
   domain_check ni,nj     =         1228         780
   domain_check clmlevel  = gridcell
   domain_check nbeg,nend =            1         442
   domain_check lonc      =   -72.1860395653009       -57.3264049715783     
   domain_check latc      =   -35.6984140874588       -35.0349159744899     
   domain_check mask      =            1           1
   domain_check frac      =    100.000000000000        100.000000000000     
   domain_check topo      =    1.42061796280916        2989.68710312116     
   domain_check area      =    10.6812384818869        10.6828726814438     
   domain_check pftm      =            1           1
  
  Reading in urban input data from surface data file ...
  UrbanInput : 
 /marconi/home/userexternal/mdasilva/user/mdasilva/SAM-3km_v6/input/SAM-3km_CLM4
 5_surface.nc
  Sucessfully read urban input data
 
 Attempting to read PFT physiological data .....
 Successfully read PFT physiological data
 Attempting to read surface boundary data .....
 Checked LAT/LON compliance
 Successfully read surface boundary data
 
  Surface Grid Characteristics
    total number of gridcells =       637837
    total number of landunits =      1346093
    total number of columns   =      2213201
    total number of pfts      =     11136913
  
 ---clm_ptrs_check:
    clm_ptrs_check: g index ranges - OK
    clm_ptrs_check: l index ranges - OK
    clm_ptrs_check: c index ranges - OK
    clm_ptrs_check: p index ranges - OK
    clm_ptrs_check: g mono increasing - OK
    clm_ptrs_check: l mono increasing - OK
    clm_ptrs_check: c mono increasing - OK
    clm_ptrs_check: p mono increasing - OK
    clm_ptrs_check: tree consistent - OK
  
 Attempting to initialize time invariant variables
 Attempting to read soil color, sand and clay boundary data .....
 WARNING:: ETALAKE not found on surface data set.
 All lake columns will have eta set equal to default value
 WARNING:: LAKEFETCH not found on surface data set.
 All lake columns will have fetch set equal to default value
 Successfully read fmax, soil color, sand and clay boundary data
 
 Attempting to read organic matter data .....
  organicrd : 
 /marconi/home/userexternal/mdasilva/user/mdasilva/SAM-3km_v6/input/SAM-3km_CLM4
 5_surface.nc
 Successfully read organic matter data
 
  # zsoi #
    0.710E-02  0.279E-01  0.623E-01  0.119      0.212      0.366      0.620    
     1.04       1.73       2.86       4.74       7.83       12.9       21.3    
     21.3       35.2    
  # zisoi #
     0.00      0.175E-01  0.451E-01  0.906E-01  0.166      0.289      0.493    
    0.829       1.38       2.30       3.80       6.28       10.4       17.1    
     17.1       28.3       42.1    
  # dzsoi #
    0.175E-01  0.276E-01  0.455E-01  0.750E-01  0.124      0.204      0.336    
    0.554      0.913       1.51       2.48       4.09       6.75       11.1    
     11.1       13.9    
 dzsoi_decomp   1.00000000000000     
 Set    18 100% special land-units points to zero slope
 Set    15 100% special land-units points to zero slope
 Set     1 100% special land-units points to zero slope
 Set     2 100% special land-units points to zero slope
 Set    29 100% special land-units points to zero slope
 Set     9 100% special land-units points to zero slope
 Set     2 100% special land-units points to zero slope
 Set     2 100% special land-units points to zero slope
 Set     2 100% special land-units points to zero slope
 Set     2 100% special land-units points to zero slope
 Set    15 100% special land-units points to zero slope
 Set     2 100% special land-units points to zero slope
 Set     2 100% special land-units points to zero slope
 Set     3 100% special land-units points to zero slope
 Set     7 100% special land-units points to zero slope
 Set    12 100% special land-units points to zero slope
 Set    16 100% special land-units points to zero slope
 Set     2 100% special land-units points to zero slope
 Set    11 100% special land-units points to zero slope
 Set     2 100% special land-units points to zero slope
 Set     2 100% special land-units points to zero slope
 Set    28 100% special land-units points to zero slope
 Set     4 100% special land-units points to zero slope
 Set     6 100% special land-units points to zero slope
 Set     2 100% special land-units points to zero slope
 Set     2 100% special land-units points to zero slope
 Set     3 100% special land-units points to zero slope
 Set     1 100% special land-units points to zero slope
 Set     3 100% special land-units points to zero slope
 Set    15 100% special land-units points to zero slope
 Set     1 100% special land-units points to zero slope
 Set     2 100% special land-units points to zero slope
 Set     3 100% special land-units points to zero slope
 Set     4 100% special land-units points to zero slope
 Set     2 100% special land-units points to zero slope
 Set    12 100% special land-units points to zero slope
 Set     6 100% special land-units points to zero slope
 Set     1 100% special land-units points to zero slope
 Set     1 100% special land-units points to zero slope
 Set     1 100% special land-units points to zero slope
 Set     3 100% special land-units points to zero slope
 Set    12 100% special land-units points to zero slope
 Set     4 100% special land-units points to zero slope
 Set     3 100% special land-units points to zero slope
 Set     1 100% special land-units points to zero slope
 Set     4 100% special land-units points to zero slope
 Set     5 100% special land-units points to zero slope
 Set     1 100% special land-units points to zero slope
 Set     1 100% special land-units points to zero slope
 Set     3 100% special land-units points to zero slope
 Set     2 100% special land-units points to zero slope
 Set     2 100% special land-units points to zero slope
 Set     1 100% special land-units points to zero slope
 Set     1 100% special land-units points to zero slope
 Attempting to read snow optical properties .....
 Set    10 100% special land-units points to zero slope
 Set     3 100% special land-units points to zero slope
 Set     1 100% special land-units points to zero slope
 Set     2 100% special land-units points to zero slope
 Set     1 100% special land-units points to zero slope
 Set     1 100% special land-units points to zero slope
 Set     5 100% special land-units points to zero slope
 Set     1 100% special land-units points to zero slope
 Set     2 100% special land-units points to zero slope
 Set     4 100% special land-units points to zero slope
 Set     2 100% special land-units points to zero slope
 Set     3 100% special land-units points to zero slope
 Set     2 100% special land-units points to zero slope
 Set     3 100% special land-units points to zero slope
 Set     2 100% special land-units points to zero slope
 Set     2 100% special land-units points to zero slope
 Set     1 100% special land-units points to zero slope
 Set     2 100% special land-units points to zero slope
 Set     7 100% special land-units points to zero slope
 Set     3 100% special land-units points to zero slope
 Set     6 100% special land-units points to zero slope
 Set     1 100% special land-units points to zero slope
 Set     9 100% special land-units points to zero slope
 Set     1 100% special land-units points to zero slope
 SnowOptics_init : 
 /marconi_work/ICT23_ESP/RCMDATA/CLM45/snicardata/snicar_optics_5bnd_c090915.nc
 Set     3 100% special land-units points to zero slope
 Set     2 100% special land-units points to zero slope
 Set     1 100% special land-units points to zero slope
 Set     4 100% special land-units points to zero slope
 Set     3 100% special land-units points to zero slope
 Set     1 100% special land-units points to zero slope
 Set     2 100% special land-units points to zero slope
 Set     3 100% special land-units points to zero slope
 Set     2 100% special land-units points to zero slope
 Set     1 100% special land-units points to zero slope
 Set    10 100% special land-units points to zero slope
 Set     2 100% special land-units points to zero slope
 Set     1 100% special land-units points to zero slope
 Set     3 100% special land-units points to zero slope
 Set     1 100% special land-units points to zero slope
 Set    10 100% special land-units points to zero slope
 Set    10 100% special land-units points to zero slope
 Set     1 100% special land-units points to zero slope
 Set     1 100% special land-units points to zero slope
 Set    10 100% special land-units points to zero slope
 Set    20 100% special land-units points to zero slope
 Set     2 100% special land-units points to zero slope
 Set     1 100% special land-units points to zero slope
 Set    10 100% special land-units points to zero slope
 Set     1 100% special land-units points to zero slope
 Set    20 100% special land-units points to zero slope
 Set     1 100% special land-units points to zero slope
 Set     2 100% special land-units points to zero slope
 Set    15 100% special land-units points to zero slope
 Set     1 100% special land-units points to zero slope
 Set    15 100% special land-units points to zero slope
 Set     1 100% special land-units points to zero slope
 Set    10 100% special land-units points to zero slope
 Set    20 100% special land-units points to zero slope
 Set    10 100% special land-units points to zero slope
 Set    40 100% special land-units points to zero slope
 Successfully read snow optical properties
 Attempting to read snow aging parameters .....
 Set    15 100% special land-units points to zero slope
 Set    20 100% special land-units points to zero slope
 Set    35 100% special land-units points to zero slope
 Set    10 100% special land-units points to zero slope
 Set    10 100% special land-units points to zero slope
 Set     2 100% special land-units points to zero slope
 Successfully read snow aging properties
 Successfully initialized time invariant variables
 CLM_hist_printflds : number of master fields =          241
 There will be a total of            1  history tapes
 History tape            1  write frequency is MONTHLY
 All fields on history tape            1  are grid averaged
 Output precision on history tape            1 =           2
 Reading restart dataset at 
 /marconi/home/userexternal/mdasilva/user/mdasilva/SAM-3km_v6/output//SAM-3km.cl
 m.regcm.r.2018030100.nc
 Successfully read restart data for restart run
 Attempting to initialize time invariant variables for lakes
 CLM timestep appears to differ from 1800s. 
 Adjusting minimum snow layer thickness over lakes to maintain stability.
 New minimum thickness is   2.000000000000000E-002 .
 Successfully initialized time invariant variables for lakes
 Setting initial data to non-spun up values for lake points
 Successfully initialized the land model
 begin continuation run at: 2018-03-01 00:00:00 UTC
 Attempting to read monthly vegetation data .....
 At  2018-03-01 00:00:00 UTC
 Month =            3  Day =            1
 Reading months :            2           3
 Successfully read monthly vegetation data for
 month            3
 Opening new output file 
 /marconi/home/userexternal/mdasilva/user/mdasilva/SAM-3km_v6/output//SAM-3km_AT
 M.2018030100.nc
 Opening new output file 
 /marconi/home/userexternal/mdasilva/user/mdasilva/SAM-3km_v6/output//SAM-3km_SR
 F.2018030100.nc
 Opening new output file 
 /marconi/home/userexternal/mdasilva/user/mdasilva/SAM-3km_v6/output//SAM-3km_ST
 S.2018030100.nc
 Opening new output file 
 /marconi/home/userexternal/mdasilva/user/mdasilva/SAM-3km_v6/output//SAM-3km_RA
 D.2018030100.nc
 $$$  2018-03-01 00:00:00 UTC        
 $$$ max, min of ps (mb) =  1019.81  495.06
 Updating aerosol optical properties...
  # Updated VIS ext profile #
     0.00       0.00       0.00       0.00       0.00       0.00      0.924E-16
    0.130E-12  0.312E-11  0.224E-10  0.891E-10  0.249E-09  0.555E-09  0.105E-08
    0.175E-08  0.266E-08  0.375E-08  0.499E-08  0.630E-08  0.764E-08  0.895E-08
    0.102E-07  0.112E-07  0.121E-07  0.129E-07  0.134E-07  0.137E-07  0.138E-07
    0.138E-07  0.135E-07  0.132E-07  0.127E-07  0.120E-07  0.113E-07  0.105E-07
    0.105E-07  0.969E-08  0.877E-08  0.778E-08  0.670E-08  0.546E-08  0.372E-08
  # Updated VIS ssa profile #
     1.00       1.00       1.00       1.00       1.00       1.00      0.164    
    0.164      0.164      0.164      0.164      0.164      0.164      0.164    
    0.164      0.164      0.164      0.164      0.164      0.164      0.164    
    0.164      0.164      0.164      0.164      0.164      0.164      0.164    
    0.164      0.164      0.164      0.164      0.164      0.164      0.164    
    0.164      0.164      0.164      0.164      0.164      0.164      0.164    
  # Updated VIS asy profile #
     0.00       0.00       0.00       0.00       0.00       0.00      0.312    
    0.312      0.312      0.312      0.312      0.312      0.312      0.312    
    0.312      0.312      0.312      0.312      0.312      0.312      0.312    
    0.312      0.312      0.312      0.312      0.312      0.312      0.312    
    0.312      0.312      0.312      0.312      0.312      0.312      0.312    
    0.312      0.312      0.312      0.312      0.312      0.312      0.312    
 SRF variables written at  2018-03-01 01:00:00 UTC        
 SRF variables written at  2018-03-01 02:00:00 UTC        
 SRF variables written at  2018-03-01 03:00:00 UTC        
 $$$  2018-03-01 03:00:00 UTC        
 $$$ max, min of ps (mb) =  1019.59  494.77
 SRF variables written at  2018-03-01 04:00:00 UTC        
 SRF variables written at  2018-03-01 05:00:00 UTC        
 ATM variables written at  2018-03-01 06:00:00 UTC        
 SRF variables written at  2018-03-01 06:00:00 UTC        
 RAD variables written at  2018-03-01 06:00:00 UTC        
 SEARCH BC data for 2018030112 , step =   113760
 READY  BC from     2018030106  to 2018030112 
 $$$  2018-03-01 06:00:00 UTC        
 $$$ max, min of ps (mb) =  1019.39  494.55
 SRF variables written at  2018-03-01 07:00:00 UTC        
 SRF variables written at  2018-03-01 08:00:00 UTC        
 SRF variables written at  2018-03-01 09:00:00 UTC        
 $$$  2018-03-01 09:00:00 UTC        
 $$$ max, min of ps (mb) =  1019.33  494.72
 SRF variables written at  2018-03-01 10:00:00 UTC        
 SRF variables written at  2018-03-01 11:00:00 UTC        
 ATM variables written at  2018-03-01 12:00:00 UTC        
 SRF variables written at  2018-03-01 12:00:00 UTC        
 RAD variables written at  2018-03-01 12:00:00 UTC        
 SEARCH BC data for 2018030118 , step =   114240
 READY  BC from     2018030112  to 2018030118 
 $$$  2018-03-01 12:00:00 UTC        
 $$$ max, min of ps (mb) =  1020.67  494.89
 SRF variables written at  2018-03-01 13:00:00 UTC        
 SRF variables written at  2018-03-01 14:00:00 UTC        
 SRF variables written at  2018-03-01 15:00:00 UTC        
 $$$  2018-03-01 15:00:00 UTC        
 $$$ max, min of ps (mb) =  1020.28  495.45
 SRF variables written at  2018-03-01 16:00:00 UTC        
 SRF variables written at  2018-03-01 17:00:00 UTC        
 ATM variables written at  2018-03-01 18:00:00 UTC        
 SRF variables written at  2018-03-01 18:00:00 UTC        
 RAD variables written at  2018-03-01 18:00:00 UTC        
 SEARCH BC data for 2018030200 , step =   114720
 READY  BC from     2018030118  to 2018030200 
 $$$  2018-03-01 18:00:00 UTC        
 $$$ max, min of ps (mb) =  1020.21  496.30
 SRF variables written at  2018-03-01 19:00:00 UTC        
 SRF variables written at  2018-03-01 20:00:00 UTC        
 SRF variables written at  2018-03-01 21:00:00 UTC        
 $$$  2018-03-01 21:00:00 UTC        
 $$$ max, min of ps (mb) =  1020.35  497.04
 SRF variables written at  2018-03-01 22:00:00 UTC        
 SRF variables written at  2018-03-01 23:00:00 UTC        
 At  2018-03-02 00:00:00 UTC        
 JDay     60.00000 solar declination angle =  -7.71180008 degrees
                   solar TSI irradiance    =    1355.8811 W/m^2
 ATM variables written at  2018-03-02 00:00:00 UTC        
 SRF variables written at  2018-03-02 00:00:00 UTC        
 STS variables written at  2018-03-02 00:00:00 UTC        
 RAD variables written at  2018-03-02 00:00:00 UTC        
 SEARCH BC data for 2018030206 , step =   115200
 READY  BC from     2018030200  to 2018030206 
 $$$  2018-03-02 00:00:00 UTC        
 $$$ max, min of ps (mb) =  1021.06  497.22
 Updating aerosol optical properties...
  # Updated VIS ext profile #
     0.00       0.00       0.00       0.00       0.00       0.00      0.924E-16
    0.130E-12  0.312E-11  0.224E-10  0.891E-10  0.249E-09  0.555E-09  0.105E-08
    0.175E-08  0.266E-08  0.375E-08  0.499E-08  0.630E-08  0.764E-08  0.895E-08
    0.102E-07  0.112E-07  0.121E-07  0.129E-07  0.134E-07  0.137E-07  0.138E-07
    0.138E-07  0.135E-07  0.132E-07  0.127E-07  0.120E-07  0.113E-07  0.105E-07
    0.105E-07  0.969E-08  0.877E-08  0.778E-08  0.670E-08  0.546E-08  0.372E-08
  # Updated VIS ssa profile #
     1.00       1.00       1.00       1.00       1.00       1.00      0.164    
    0.164      0.164      0.164      0.164      0.164      0.164      0.164    
    0.164      0.164      0.164      0.164      0.164      0.164      0.164    
    0.164      0.164      0.164      0.164      0.164      0.164      0.164    
    0.164      0.164      0.164      0.164      0.164      0.164      0.164    
    0.164      0.164      0.164      0.164      0.164      0.164      0.164    
  # Updated VIS asy profile #
     0.00       0.00       0.00       0.00       0.00       0.00      0.312    
    0.312      0.312      0.312      0.312      0.312      0.312      0.312    
    0.312      0.312      0.312      0.312      0.312      0.312      0.312    
    0.312      0.312      0.312      0.312      0.312      0.312      0.312    
    0.312      0.312      0.312      0.312      0.312      0.312      0.312    
    0.312      0.312      0.312      0.312      0.312      0.312      0.312    
 SRF variables written at  2018-03-02 01:00:00 UTC        
 SRF variables written at  2018-03-02 02:00:00 UTC        
 SRF variables written at  2018-03-02 03:00:00 UTC        
 $$$  2018-03-02 03:00:00 UTC        
 $$$ max, min of ps (mb) =  1020.45  497.06
 SRF variables written at  2018-03-02 04:00:00 UTC        
 SRF variables written at  2018-03-02 05:00:00 UTC        
 ATM variables written at  2018-03-02 06:00:00 UTC        
 SRF variables written at  2018-03-02 06:00:00 UTC        
 RAD variables written at  2018-03-02 06:00:00 UTC        
 SEARCH BC data for 2018030212 , step =   115680
 READY  BC from     2018030206  to 2018030212 
 $$$  2018-03-02 06:00:00 UTC        
 $$$ max, min of ps (mb) =  1020.09  496.97
 SRF variables written at  2018-03-02 07:00:00 UTC        
 SRF variables written at  2018-03-02 08:00:00 UTC        
 SRF variables written at  2018-03-02 09:00:00 UTC        
 $$$  2018-03-02 09:00:00 UTC        
 $$$ max, min of ps (mb) =  1020.47  497.17
 SRF variables written at  2018-03-02 10:00:00 UTC        
 SRF variables written at  2018-03-02 11:00:00 UTC        
 ATM variables written at  2018-03-02 12:00:00 UTC        
 SRF variables written at  2018-03-02 12:00:00 UTC        
 RAD variables written at  2018-03-02 12:00:00 UTC        
 SEARCH BC data for 2018030218 , step =   116160
 READY  BC from     2018030212  to 2018030218 
 $$$  2018-03-02 12:00:00 UTC        
 $$$ max, min of ps (mb) =  1020.85  497.33
 SRF variables written at  2018-03-02 13:00:00 UTC        
 SRF variables written at  2018-03-02 14:00:00 UTC        
 SRF variables written at  2018-03-02 15:00:00 UTC        
 $$$  2018-03-02 15:00:00 UTC        
 $$$ max, min of ps (mb) =  1020.04  497.45
 SRF variables written at  2018-03-02 16:00:00 UTC        
 SRF variables written at  2018-03-02 17:00:00 UTC        
 ATM variables written at  2018-03-02 18:00:00 UTC        
 SRF variables written at  2018-03-02 18:00:00 UTC        
 RAD variables written at  2018-03-02 18:00:00 UTC        
 SEARCH BC data for 2018030300 , step =   116640
 READY  BC from     2018030218  to 2018030300 
 $$$  2018-03-02 18:00:00 UTC        
 $$$ max, min of ps (mb) =  1019.92  497.75
 SRF variables written at  2018-03-02 19:00:00 UTC        
 SRF variables written at  2018-03-02 20:00:00 UTC        
 SRF variables written at  2018-03-02 21:00:00 UTC        
 $$$  2018-03-02 21:00:00 UTC        
 $$$ max, min of ps (mb) =  1019.77  497.90
 SRF variables written at  2018-03-02 22:00:00 UTC        
 SRF variables written at  2018-03-02 23:00:00 UTC        
 At  2018-03-03 00:00:00 UTC        
 JDay     61.00000 solar declination angle =  -7.33178057 degrees
                   solar TSI irradiance    =    1355.8811 W/m^2
 ATM variables written at  2018-03-03 00:00:00 UTC        
 SRF variables written at  2018-03-03 00:00:00 UTC        
 STS variables written at  2018-03-03 00:00:00 UTC        
 RAD variables written at  2018-03-03 00:00:00 UTC        
 SEARCH BC data for 2018030306 , step =   117120
 READY  BC from     2018030300  to 2018030306 
 $$$  2018-03-03 00:00:00 UTC        
 $$$ max, min of ps (mb) =  1020.49  497.85
 Updating aerosol optical properties...
  # Updated VIS ext profile #
     0.00       0.00       0.00       0.00       0.00       0.00      0.924E-16
    0.130E-12  0.312E-11  0.224E-10  0.891E-10  0.249E-09  0.555E-09  0.105E-08
    0.175E-08  0.266E-08  0.375E-08  0.499E-08  0.630E-08  0.764E-08  0.895E-08
    0.102E-07  0.112E-07  0.121E-07  0.129E-07  0.134E-07  0.137E-07  0.138E-07
    0.138E-07  0.135E-07  0.132E-07  0.127E-07  0.120E-07  0.113E-07  0.105E-07
    0.105E-07  0.969E-08  0.877E-08  0.778E-08  0.670E-08  0.546E-08  0.372E-08
  # Updated VIS ssa profile #
     1.00       1.00       1.00       1.00       1.00       1.00      0.164    
    0.164      0.164      0.164      0.164      0.164      0.164      0.164    
    0.164      0.164      0.164      0.164      0.164      0.164      0.164    
    0.164      0.164      0.164      0.164      0.164      0.164      0.164    
    0.164      0.164      0.164      0.164      0.164      0.164      0.164    
    0.164      0.164      0.164      0.164      0.164      0.164      0.164    
  # Updated VIS asy profile #
     0.00       0.00       0.00       0.00       0.00       0.00      0.312    
    0.312      0.312      0.312      0.312      0.312      0.312      0.312    
    0.312      0.312      0.312      0.312      0.312      0.312      0.312    
    0.312      0.312      0.312      0.312      0.312      0.312      0.312    
    0.312      0.312      0.312      0.312      0.312      0.312      0.312    
    0.312      0.312      0.312      0.312      0.312      0.312      0.312    
 SRF variables written at  2018-03-03 01:00:00 UTC        
 SRF variables written at  2018-03-03 02:00:00 UTC        
 SRF variables written at  2018-03-03 03:00:00 UTC        
 $$$  2018-03-03 03:00:00 UTC        
 $$$ max, min of ps (mb) =  1019.93  497.35
 SRF variables written at  2018-03-03 04:00:00 UTC        
 SRF variables written at  2018-03-03 05:00:00 UTC        
 ATM variables written at  2018-03-03 06:00:00 UTC        
 SRF variables written at  2018-03-03 06:00:00 UTC        
 RAD variables written at  2018-03-03 06:00:00 UTC        
 SEARCH BC data for 2018030312 , step =   117600
 READY  BC from     2018030306  to 2018030312 
 $$$  2018-03-03 06:00:00 UTC        
 $$$ max, min of ps (mb) =  1019.51  496.95
 SRF variables written at  2018-03-03 07:00:00 UTC        
 SRF variables written at  2018-03-03 08:00:00 UTC        
 SRF variables written at  2018-03-03 09:00:00 UTC        
 $$$  2018-03-03 09:00:00 UTC        
 $$$ max, min of ps (mb) =  1019.98  496.96
 SRF variables written at  2018-03-03 10:00:00 UTC        
 SRF variables written at  2018-03-03 11:00:00 UTC        
 ATM variables written at  2018-03-03 12:00:00 UTC        
 SRF variables written at  2018-03-03 12:00:00 UTC        
 RAD variables written at  2018-03-03 12:00:00 UTC        
 SEARCH BC data for 2018030318 , step =   118080
 READY  BC from     2018030312  to 2018030318 
 $$$  2018-03-03 12:00:00 UTC        
 $$$ max, min of ps (mb) =  1020.42  496.80
 SRF variables written at  2018-03-03 13:00:00 UTC        
 SRF variables written at  2018-03-03 14:00:00 UTC        
 SRF variables written at  2018-03-03 15:00:00 UTC        
 $$$  2018-03-03 15:00:00 UTC        
 $$$ max, min of ps (mb) =  1019.92  496.98
 SRF variables written at  2018-03-03 16:00:00 UTC        
 SRF variables written at  2018-03-03 17:00:00 UTC        
 ATM variables written at  2018-03-03 18:00:00 UTC        
 SRF variables written at  2018-03-03 18:00:00 UTC        
 RAD variables written at  2018-03-03 18:00:00 UTC        
 SEARCH BC data for 2018030400 , step =   118560
 READY  BC from     2018030318  to 2018030400 
 $$$  2018-03-03 18:00:00 UTC        
 $$$ max, min of ps (mb) =  1019.51  497.33
 SRF variables written at  2018-03-03 19:00:00 UTC        
 SRF variables written at  2018-03-03 20:00:00 UTC        
 SRF variables written at  2018-03-03 21:00:00 UTC        
 $$$  2018-03-03 21:00:00 UTC        
 $$$ max, min of ps (mb) =  1019.36  497.50
 SRF variables written at  2018-03-03 22:00:00 UTC        
 SRF variables written at  2018-03-03 23:00:00 UTC        
 At  2018-03-04 00:00:00 UTC        
 JDay     62.00000 solar declination angle =  -6.95001567 degrees
                   solar TSI irradiance    =    1355.8811 W/m^2
 ATM variables written at  2018-03-04 00:00:00 UTC        
 SRF variables written at  2018-03-04 00:00:00 UTC        
 STS variables written at  2018-03-04 00:00:00 UTC        
 RAD variables written at  2018-03-04 00:00:00 UTC        
 SEARCH BC data for 2018030406 , step =   119040
 READY  BC from     2018030400  to 2018030406 
 $$$  2018-03-04 00:00:00 UTC        
 $$$ max, min of ps (mb) =  1019.62  497.39
 Updating aerosol optical properties...
  # Updated VIS ext profile #
     0.00       0.00       0.00       0.00       0.00       0.00      0.924E-16
    0.130E-12  0.312E-11  0.224E-10  0.891E-10  0.249E-09  0.555E-09  0.105E-08
    0.175E-08  0.266E-08  0.375E-08  0.499E-08  0.630E-08  0.764E-08  0.895E-08
    0.102E-07  0.112E-07  0.121E-07  0.129E-07  0.134E-07  0.137E-07  0.138E-07
    0.138E-07  0.135E-07  0.132E-07  0.127E-07  0.120E-07  0.113E-07  0.105E-07
    0.105E-07  0.969E-08  0.877E-08  0.778E-08  0.670E-08  0.546E-08  0.372E-08
  # Updated VIS ssa profile #
     1.00       1.00       1.00       1.00       1.00       1.00      0.164    
    0.164      0.164      0.164      0.164      0.164      0.164      0.164    
    0.164      0.164      0.164      0.164      0.164      0.164      0.164    
    0.164      0.164      0.164      0.164      0.164      0.164      0.164    
    0.164      0.164      0.164      0.164      0.164      0.164      0.164    
    0.164      0.164      0.164      0.164      0.164      0.164      0.164    
  # Updated VIS asy profile #
     0.00       0.00       0.00       0.00       0.00       0.00      0.312    
    0.312      0.312      0.312      0.312      0.312      0.312      0.312    
    0.312      0.312      0.312      0.312      0.312      0.312      0.312    
    0.312      0.312      0.312      0.312      0.312      0.312      0.312    
    0.312      0.312      0.312      0.312      0.312      0.312      0.312    
    0.312      0.312      0.312      0.312      0.312      0.312      0.312    
 SRF variables written at  2018-03-04 01:00:00 UTC        
 SRF variables written at  2018-03-04 02:00:00 UTC        
 SRF variables written at  2018-03-04 03:00:00 UTC        
 $$$  2018-03-04 03:00:00 UTC        
 $$$ max, min of ps (mb) =  1018.71  496.98
 SRF variables written at  2018-03-04 04:00:00 UTC        
 SRF variables written at  2018-03-04 05:00:00 UTC        
 ATM variables written at  2018-03-04 06:00:00 UTC        
 SRF variables written at  2018-03-04 06:00:00 UTC        
 RAD variables written at  2018-03-04 06:00:00 UTC        
 SEARCH BC data for 2018030412 , step =   119520
 READY  BC from     2018030406  to 2018030412 
 $$$  2018-03-04 06:00:00 UTC        
 $$$ max, min of ps (mb) =  1018.58  496.85
 SRF variables written at  2018-03-04 07:00:00 UTC        
 SRF variables written at  2018-03-04 08:00:00 UTC        
 SRF variables written at  2018-03-04 09:00:00 UTC        
 $$$  2018-03-04 09:00:00 UTC        
 $$$ max, min of ps (mb) =  1018.52  496.87
 SRF variables written at  2018-03-04 10:00:00 UTC        
 SRF variables written at  2018-03-04 11:00:00 UTC        
 ATM variables written at  2018-03-04 12:00:00 UTC        
 SRF variables written at  2018-03-04 12:00:00 UTC        
 RAD variables written at  2018-03-04 12:00:00 UTC        
 SEARCH BC data for 2018030418 , step =   120000
 READY  BC from     2018030412  to 2018030418 
 $$$  2018-03-04 12:00:00 UTC        
 $$$ max, min of ps (mb) =  1018.89  496.89
 SRF variables written at  2018-03-04 13:00:00 UTC        
 SRF variables written at  2018-03-04 14:00:00 UTC        
 SRF variables written at  2018-03-04 15:00:00 UTC        
 $$$  2018-03-04 15:00:00 UTC        
 $$$ max, min of ps (mb) =  1019.60  497.15
 SRF variables written at  2018-03-04 16:00:00 UTC        
 SRF variables written at  2018-03-04 17:00:00 UTC        
 ATM variables written at  2018-03-04 18:00:00 UTC        
 SRF variables written at  2018-03-04 18:00:00 UTC        
 RAD variables written at  2018-03-04 18:00:00 UTC        
 SEARCH BC data for 2018030500 , step =   120480
 READY  BC from     2018030418  to 2018030500 
 $$$  2018-03-04 18:00:00 UTC        
 $$$ max, min of ps (mb) =  1020.91  497.71
 SRF variables written at  2018-03-04 19:00:00 UTC        
 SRF variables written at  2018-03-04 20:00:00 UTC        
 SRF variables written at  2018-03-04 21:00:00 UTC        
 $$$  2018-03-04 21:00:00 UTC        
 $$$ max, min of ps (mb) =  1021.64  498.03
 SRF variables written at  2018-03-04 22:00:00 UTC        
 SRF variables written at  2018-03-04 23:00:00 UTC        
 At  2018-03-05 00:00:00 UTC        
 JDay     63.00000 solar declination angle =  -6.56661468 degrees
                   solar TSI irradiance    =    1355.8811 W/m^2
 ATM variables written at  2018-03-05 00:00:00 UTC        
 SRF variables written at  2018-03-05 00:00:00 UTC        
 STS variables written at  2018-03-05 00:00:00 UTC        
 RAD variables written at  2018-03-05 00:00:00 UTC        
 SEARCH BC data for 2018030506 , step =   120960
 READY  BC from     2018030500  to 2018030506 
 $$$  2018-03-05 00:00:00 UTC        
 $$$ max, min of ps (mb) =  1022.48  497.86
 Updating aerosol optical properties...
  # Updated VIS ext profile #
     0.00       0.00       0.00       0.00       0.00       0.00      0.924E-16
    0.130E-12  0.312E-11  0.224E-10  0.891E-10  0.249E-09  0.555E-09  0.105E-08
    0.175E-08  0.266E-08  0.375E-08  0.499E-08  0.630E-08  0.764E-08  0.895E-08
    0.102E-07  0.112E-07  0.121E-07  0.129E-07  0.134E-07  0.137E-07  0.138E-07
    0.138E-07  0.135E-07  0.132E-07  0.127E-07  0.120E-07  0.113E-07  0.105E-07
    0.105E-07  0.969E-08  0.877E-08  0.778E-08  0.670E-08  0.546E-08  0.372E-08
  # Updated VIS ssa profile #
     1.00       1.00       1.00       1.00       1.00       1.00      0.164    
    0.164      0.164      0.164      0.164      0.164      0.164      0.164    
    0.164      0.164      0.164      0.164      0.164      0.164      0.164    
    0.164      0.164      0.164      0.164      0.164      0.164      0.164    
    0.164      0.164      0.164      0.164      0.164      0.164      0.164    
    0.164      0.164      0.164      0.164      0.164      0.164      0.164    
  # Updated VIS asy profile #
     0.00       0.00       0.00       0.00       0.00       0.00      0.312    
    0.312      0.312      0.312      0.312      0.312      0.312      0.312    
    0.312      0.312      0.312      0.312      0.312      0.312      0.312    
    0.312      0.312      0.312      0.312      0.312      0.312      0.312    
    0.312      0.312      0.312      0.312      0.312      0.312      0.312    
    0.312      0.312      0.312      0.312      0.312      0.312      0.312    
 SRF variables written at  2018-03-05 01:00:00 UTC        
 SRF variables written at  2018-03-05 02:00:00 UTC        
 SRF variables written at  2018-03-05 03:00:00 UTC        
 $$$  2018-03-05 03:00:00 UTC        
 $$$ max, min of ps (mb) =  1022.59  497.51
 SRF variables written at  2018-03-05 04:00:00 UTC        
 SRF variables written at  2018-03-05 05:00:00 UTC        
 ATM variables written at  2018-03-05 06:00:00 UTC        
 SRF variables written at  2018-03-05 06:00:00 UTC        
 RAD variables written at  2018-03-05 06:00:00 UTC        
 SEARCH BC data for 2018030512 , step =   121440
 READY  BC from     2018030506  to 2018030512 
 $$$  2018-03-05 06:00:00 UTC        
 $$$ max, min of ps (mb) =  1022.60  497.03
 SRF variables written at  2018-03-05 07:00:00 UTC        
 SRF variables written at  2018-03-05 08:00:00 UTC        
 SRF variables written at  2018-03-05 09:00:00 UTC        
 $$$  2018-03-05 09:00:00 UTC        
 $$$ max, min of ps (mb) =  1022.72  497.04
 SRF variables written at  2018-03-05 10:00:00 UTC        
 SRF variables written at  2018-03-05 11:00:00 UTC        
 ATM variables written at  2018-03-05 12:00:00 UTC        
 SRF variables written at  2018-03-05 12:00:00 UTC        
 RAD variables written at  2018-03-05 12:00:00 UTC        
 SEARCH BC data for 2018030518 , step =   121920
 READY  BC from     2018030512  to 2018030518 
 $$$  2018-03-05 12:00:00 UTC        
 $$$ max, min of ps (mb) =  1022.83  497.06
 SRF variables written at  2018-03-05 13:00:00 UTC        
 SRF variables written at  2018-03-05 14:00:00 UTC        
 SRF variables written at  2018-03-05 15:00:00 UTC        
 $$$  2018-03-05 15:00:00 UTC        
 $$$ max, min of ps (mb) =  1022.96  496.82
 SRF variables written at  2018-03-05 16:00:00 UTC        
 SRF variables written at  2018-03-05 17:00:00 UTC        
 ATM variables written at  2018-03-05 18:00:00 UTC        
 SRF variables written at  2018-03-05 18:00:00 UTC        
 RAD variables written at  2018-03-05 18:00:00 UTC        
 SEARCH BC data for 2018030600 , step =   122400
 READY  BC from     2018030518  to 2018030600 
 $$$  2018-03-05 18:00:00 UTC        
 $$$ max, min of ps (mb) =  1023.06  496.84
 SRF variables written at  2018-03-05 19:00:00 UTC        
 SRF variables written at  2018-03-05 20:00:00 UTC        
 SRF variables written at  2018-03-05 21:00:00 UTC        
 $$$  2018-03-05 21:00:00 UTC        
 $$$ max, min of ps (mb) =  1022.45  496.93
 SRF variables written at  2018-03-05 22:00:00 UTC        
 SRF variables written at  2018-03-05 23:00:00 UTC        
 At  2018-03-06 00:00:00 UTC        
 JDay     64.00000 solar declination angle =  -6.18168643 degrees
                   solar TSI irradiance    =    1355.8811 W/m^2
 ATM variables written at  2018-03-06 00:00:00 UTC        
 SRF variables written at  2018-03-06 00:00:00 UTC        
 STS variables written at  2018-03-06 00:00:00 UTC        
 RAD variables written at  2018-03-06 00:00:00 UTC        
 SEARCH BC data for 2018030606 , step =   122880
 READY  BC from     2018030600  to 2018030606 
 $$$  2018-03-06 00:00:00 UTC        
 $$$ max, min of ps (mb) =  1021.89  496.76
 Updating aerosol optical properties...
  # Updated VIS ext profile #
     0.00       0.00       0.00       0.00       0.00       0.00      0.933E-16
    0.131E-12  0.315E-11  0.226E-10  0.899E-10  0.252E-09  0.560E-09  0.106E-08
    0.176E-08  0.268E-08  0.379E-08  0.503E-08  0.636E-08  0.771E-08  0.903E-08
    0.103E-07  0.113E-07  0.123E-07  0.130E-07  0.135E-07  0.138E-07  0.140E-07
    0.139E-07  0.137E-07  0.133E-07  0.128E-07  0.122E-07  0.114E-07  0.106E-07
    0.106E-07  0.978E-08  0.885E-08  0.785E-08  0.676E-08  0.551E-08  0.375E-08
  # Updated VIS ssa profile #
     1.00       1.00       1.00       1.00       1.00       1.00      0.164    
    0.164      0.164      0.164      0.164      0.164      0.164      0.164    
    0.164      0.164      0.164      0.164      0.164      0.164      0.164    
    0.164      0.164      0.164      0.164      0.164      0.164      0.164    
    0.164      0.164      0.164      0.164      0.164      0.164      0.164    
    0.164      0.164      0.164      0.164      0.164      0.164      0.164    
  # Updated VIS asy profile #
     0.00       0.00       0.00       0.00       0.00       0.00      0.312    
    0.312      0.312      0.312      0.312      0.312      0.312      0.312    
    0.312      0.312      0.312      0.312      0.312      0.312      0.312    
    0.312      0.312      0.312      0.312      0.312      0.312      0.312    
    0.312      0.312      0.312      0.312      0.312      0.312      0.312    
    0.312      0.312      0.312      0.312      0.312      0.312      0.312    
 SRF variables written at  2018-03-06 01:00:00 UTC        
 SRF variables written at  2018-03-06 02:00:00 UTC        
 SRF variables written at  2018-03-06 03:00:00 UTC        
 $$$  2018-03-06 03:00:00 UTC        
 $$$ max, min of ps (mb) =  1021.10  496.35
 SRF variables written at  2018-03-06 04:00:00 UTC        
 SRF variables written at  2018-03-06 05:00:00 UTC        
 ATM variables written at  2018-03-06 06:00:00 UTC        
 SRF variables written at  2018-03-06 06:00:00 UTC        
 RAD variables written at  2018-03-06 06:00:00 UTC        
 SEARCH BC data for 2018030612 , step =   123360
 READY  BC from     2018030606  to 2018030612 
 $$$  2018-03-06 06:00:00 UTC        
 $$$ max, min of ps (mb) =  1020.32  496.09
 SRF variables written at  2018-03-06 07:00:00 UTC        
 SRF variables written at  2018-03-06 08:00:00 UTC        
 SRF variables written at  2018-03-06 09:00:00 UTC        
 $$$  2018-03-06 09:00:00 UTC        
 $$$ max, min of ps (mb) =  1019.95  495.90
 SRF variables written at  2018-03-06 10:00:00 UTC        
 SRF variables written at  2018-03-06 11:00:00 UTC        
 ATM variables written at  2018-03-06 12:00:00 UTC        
 SRF variables written at  2018-03-06 12:00:00 UTC        
 RAD variables written at  2018-03-06 12:00:00 UTC        
 SEARCH BC data for 2018030618 , step =   123840
 READY  BC from     2018030612  to 2018030618 
 $$$  2018-03-06 12:00:00 UTC        
 $$$ max, min of ps (mb) =  1019.57  495.91
 SRF variables written at  2018-03-06 13:00:00 UTC        
 SRF variables written at  2018-03-06 14:00:00 UTC        
 SRF variables written at  2018-03-06 15:00:00 UTC        
 $$$  2018-03-06 15:00:00 UTC        
 $$$ max, min of ps (mb) =  1019.40  496.12
 SRF variables written at  2018-03-06 16:00:00 UTC        
 SRF variables written at  2018-03-06 17:00:00 UTC        
 ATM variables written at  2018-03-06 18:00:00 UTC        
 SRF variables written at  2018-03-06 18:00:00 UTC        
 RAD variables written at  2018-03-06 18:00:00 UTC        
 SEARCH BC data for 2018030700 , step =   124320
 READY  BC from     2018030618  to 2018030700 
 $$$  2018-03-06 18:00:00 UTC        
 $$$ max, min of ps (mb) =  1019.18  496.42
 SRF variables written at  2018-03-06 19:00:00 UTC        
 SRF variables written at  2018-03-06 20:00:00 UTC        
 SRF variables written at  2018-03-06 21:00:00 UTC        
 $$$  2018-03-06 21:00:00 UTC        
 $$$ max, min of ps (mb) =  1018.48  496.65
 SRF variables written at  2018-03-06 22:00:00 UTC        
 SRF variables written at  2018-03-06 23:00:00 UTC        
 At  2018-03-07 00:00:00 UTC        
 JDay     65.00000 solar declination angle =  -5.79533923 degrees
                   solar TSI irradiance    =    1355.8811 W/m^2
 ATM variables written at  2018-03-07 00:00:00 UTC        
 SRF variables written at  2018-03-07 00:00:00 UTC        
 STS variables written at  2018-03-07 00:00:00 UTC        
 RAD variables written at  2018-03-07 00:00:00 UTC        
 SEARCH BC data for 2018030706 , step =   124800
 READY  BC from     2018030700  to 2018030706 
 $$$  2018-03-07 00:00:00 UTC        
 $$$ max, min of ps (mb) =  1018.18  496.82
 Updating aerosol optical properties...
  # Updated VIS ext profile #
     0.00       0.00       0.00       0.00       0.00       0.00      0.933E-16
    0.131E-12  0.315E-11  0.226E-10  0.899E-10  0.252E-09  0.560E-09  0.106E-08
    0.176E-08  0.268E-08  0.379E-08  0.503E-08  0.636E-08  0.771E-08  0.903E-08
    0.103E-07  0.113E-07  0.123E-07  0.130E-07  0.135E-07  0.138E-07  0.140E-07
    0.139E-07  0.137E-07  0.133E-07  0.128E-07  0.122E-07  0.114E-07  0.106E-07
    0.106E-07  0.978E-08  0.885E-08  0.785E-08  0.676E-08  0.551E-08  0.375E-08
  # Updated VIS ssa profile #
     1.00       1.00       1.00       1.00       1.00       1.00      0.164    
    0.164      0.164      0.164      0.164      0.164      0.164      0.164    
    0.164      0.164      0.164      0.164      0.164      0.164      0.164    
    0.164      0.164      0.164      0.164      0.164      0.164      0.164    
    0.164      0.164      0.164      0.164      0.164      0.164      0.164    
    0.164      0.164      0.164      0.164      0.164      0.164      0.164    
  # Updated VIS asy profile #
     0.00       0.00       0.00       0.00       0.00       0.00      0.312    
    0.312      0.312      0.312      0.312      0.312      0.312      0.312    
    0.312      0.312      0.312      0.312      0.312      0.312      0.312    
    0.312      0.312      0.312      0.312      0.312      0.312      0.312    
    0.312      0.312      0.312      0.312      0.312      0.312      0.312    
    0.312      0.312      0.312      0.312      0.312      0.312      0.312    
 SRF variables written at  2018-03-07 01:00:00 UTC        
 SRF variables written at  2018-03-07 02:00:00 UTC        
 SRF variables written at  2018-03-07 03:00:00 UTC        
 $$$  2018-03-07 03:00:00 UTC        
 $$$ max, min of ps (mb) =  1017.37  496.29
 SRF variables written at  2018-03-07 04:00:00 UTC        
 SRF variables written at  2018-03-07 05:00:00 UTC        
 ATM variables written at  2018-03-07 06:00:00 UTC        
 SRF variables written at  2018-03-07 06:00:00 UTC        
 RAD variables written at  2018-03-07 06:00:00 UTC        
 SEARCH BC data for 2018030712 , step =   125280
 READY  BC from     2018030706  to 2018030712 
 $$$  2018-03-07 06:00:00 UTC        
 $$$ max, min of ps (mb) =  1017.53  495.94
 SRF variables written at  2018-03-07 07:00:00 UTC        
 SRF variables written at  2018-03-07 08:00:00 UTC        
 SRF variables written at  2018-03-07 09:00:00 UTC        
 $$$  2018-03-07 09:00:00 UTC        
 $$$ max, min of ps (mb) =  1017.87  496.03
 SRF variables written at  2018-03-07 10:00:00 UTC        
 SRF variables written at  2018-03-07 11:00:00 UTC        
 ATM variables written at  2018-03-07 12:00:00 UTC        
 SRF variables written at  2018-03-07 12:00:00 UTC        
 RAD variables written at  2018-03-07 12:00:00 UTC        
 SEARCH BC data for 2018030718 , step =   125760
 READY  BC from     2018030712  to 2018030718 
 $$$  2018-03-07 12:00:00 UTC        
 $$$ max, min of ps (mb) =  1018.62  495.93
 SRF variables written at  2018-03-07 13:00:00 UTC        
 SRF variables written at  2018-03-07 14:00:00 UTC        
 SRF variables written at  2018-03-07 15:00:00 UTC        
 $$$  2018-03-07 15:00:00 UTC        
 $$$ max, min of ps (mb) =  1017.73  496.02
 SRF variables written at  2018-03-07 16:00:00 UTC        
 SRF variables written at  2018-03-07 17:00:00 UTC        
 ATM variables written at  2018-03-07 18:00:00 UTC        
 SRF variables written at  2018-03-07 18:00:00 UTC        
 RAD variables written at  2018-03-07 18:00:00 UTC        
 SEARCH BC data for 2018030800 , step =   126240
 READY  BC from     2018030718  to 2018030800 
 $$$  2018-03-07 18:00:00 UTC        
 $$$ max, min of ps (mb) =  1016.67  496.39
 SRF variables written at  2018-03-07 19:00:00 UTC        
 SRF variables written at  2018-03-07 20:00:00 UTC        
 SRF variables written at  2018-03-07 21:00:00 UTC        
 $$$  2018-03-07 21:00:00 UTC        
 $$$ max, min of ps (mb) =  1016.43  496.47
 SRF variables written at  2018-03-07 22:00:00 UTC        
 SRF variables written at  2018-03-07 23:00:00 UTC        
 At  2018-03-08 00:00:00 UTC        
 JDay     66.00000 solar declination angle =  -5.40768085 degrees
                   solar TSI irradiance    =    1355.8811 W/m^2
 ATM variables written at  2018-03-08 00:00:00 UTC        
 SRF variables written at  2018-03-08 00:00:00 UTC        
 STS variables written at  2018-03-08 00:00:00 UTC        
 RAD variables written at  2018-03-08 00:00:00 UTC        
 SEARCH BC data for 2018030806 , step =   126720
 READY  BC from     2018030800  to 2018030806 
 $$$  2018-03-08 00:00:00 UTC        
 $$$ max, min of ps (mb) =  1016.21  496.47
 Updating aerosol optical properties...
  # Updated VIS ext profile #
     0.00       0.00       0.00       0.00       0.00       0.00      0.933E-16
    0.131E-12  0.315E-11  0.226E-10  0.899E-10  0.252E-09  0.560E-09  0.106E-08
    0.176E-08  0.268E-08  0.379E-08  0.503E-08  0.636E-08  0.771E-08  0.903E-08
    0.103E-07  0.113E-07  0.123E-07  0.130E-07  0.135E-07  0.138E-07  0.140E-07
    0.139E-07  0.137E-07  0.133E-07  0.128E-07  0.122E-07  0.114E-07  0.106E-07
    0.106E-07  0.978E-08  0.885E-08  0.785E-08  0.676E-08  0.551E-08  0.375E-08
  # Updated VIS ssa profile #
     1.00       1.00       1.00       1.00       1.00       1.00      0.164    
    0.164      0.164      0.164      0.164      0.164      0.164      0.164    
    0.164      0.164      0.164      0.164      0.164      0.164      0.164    
    0.164      0.164      0.164      0.164      0.164      0.164      0.164    
    0.164      0.164      0.164      0.164      0.164      0.164      0.164    
    0.164      0.164      0.164      0.164      0.164      0.164      0.164    
  # Updated VIS asy profile #
     0.00       0.00       0.00       0.00       0.00       0.00      0.312    
    0.312      0.312      0.312      0.312      0.312      0.312      0.312    
    0.312      0.312      0.312      0.312      0.312      0.312      0.312    
    0.312      0.312      0.312      0.312      0.312      0.312      0.312    
    0.312      0.312      0.312      0.312      0.312      0.312      0.312    
    0.312      0.312      0.312      0.312      0.312      0.312      0.312    
 SRF variables written at  2018-03-08 01:00:00 UTC        
 SRF variables written at  2018-03-08 02:00:00 UTC        
 SRF variables written at  2018-03-08 03:00:00 UTC        
 $$$  2018-03-08 03:00:00 UTC        
 $$$ max, min of ps (mb) =  1015.84  495.80
 SRF variables written at  2018-03-08 04:00:00 UTC        
 SRF variables written at  2018-03-08 05:00:00 UTC        
 ATM variables written at  2018-03-08 06:00:00 UTC        
 SRF variables written at  2018-03-08 06:00:00 UTC        
 RAD variables written at  2018-03-08 06:00:00 UTC        
 SEARCH BC data for 2018030812 , step =   127200
 READY  BC from     2018030806  to 2018030812 
 $$$  2018-03-08 06:00:00 UTC        
 $$$ max, min of ps (mb) =  1015.40  495.33
 SRF variables written at  2018-03-08 07:00:00 UTC        
 SRF variables written at  2018-03-08 08:00:00 UTC        
 SRF variables written at  2018-03-08 09:00:00 UTC        
 $$$  2018-03-08 09:00:00 UTC        
 $$$ max, min of ps (mb) =  1015.51  495.22
 SRF variables written at  2018-03-08 10:00:00 UTC        
 SRF variables written at  2018-03-08 11:00:00 UTC        
 ATM variables written at  2018-03-08 12:00:00 UTC        
 SRF variables written at  2018-03-08 12:00:00 UTC        
 RAD variables written at  2018-03-08 12:00:00 UTC        
 SEARCH BC data for 2018030818 , step =   127680
 READY  BC from     2018030812  to 2018030818 
 $$$  2018-03-08 12:00:00 UTC        
 $$$ max, min of ps (mb) =  1016.34  495.13
 SRF variables written at  2018-03-08 13:00:00 UTC        
 SRF variables written at  2018-03-08 14:00:00 UTC        
 SRF variables written at  2018-03-08 15:00:00 UTC        
 $$$  2018-03-08 15:00:00 UTC        
 $$$ max, min of ps (mb) =  1016.00  495.52
 SRF variables written at  2018-03-08 16:00:00 UTC        
 SRF variables written at  2018-03-08 17:00:00 UTC        
 ATM variables written at  2018-03-08 18:00:00 UTC        
 SRF variables written at  2018-03-08 18:00:00 UTC        
 RAD variables written at  2018-03-08 18:00:00 UTC        
 SEARCH BC data for 2018030900 , step =   128160
 READY  BC from     2018030818  to 2018030900 
 $$$  2018-03-08 18:00:00 UTC        
 $$$ max, min of ps (mb) =  1016.13  496.14
 SRF variables written at  2018-03-08 19:00:00 UTC        
 SRF variables written at  2018-03-08 20:00:00 UTC        
 SRF variables written at  2018-03-08 21:00:00 UTC        
 $$$  2018-03-08 21:00:00 UTC        
 $$$ max, min of ps (mb) =  1015.34  496.66
 SRF variables written at  2018-03-08 22:00:00 UTC        
 SRF variables written at  2018-03-08 23:00:00 UTC        
 At  2018-03-09 00:00:00 UTC        
 JDay     67.00000 solar declination angle =  -5.01881858 degrees
                   solar TSI irradiance    =    1355.8811 W/m^2
 ATM variables written at  2018-03-09 00:00:00 UTC        
 SRF variables written at  2018-03-09 00:00:00 UTC        
 STS variables written at  2018-03-09 00:00:00 UTC        
 RAD variables written at  2018-03-09 00:00:00 UTC        
 SEARCH BC data for 2018030906 , step =   128640
 READY  BC from     2018030900  to 2018030906 
 $$$  2018-03-09 00:00:00 UTC        
 $$$ max, min of ps (mb) =  1015.02  496.66
 Updating aerosol optical properties...
  # Updated VIS ext profile #
     0.00       0.00       0.00       0.00       0.00       0.00      0.933E-16
    0.131E-12  0.315E-11  0.226E-10  0.899E-10  0.252E-09  0.560E-09  0.106E-08
    0.176E-08  0.268E-08  0.379E-08  0.503E-08  0.636E-08  0.771E-08  0.903E-08
    0.103E-07  0.113E-07  0.123E-07  0.130E-07  0.135E-07  0.138E-07  0.140E-07
    0.139E-07  0.137E-07  0.133E-07  0.128E-07  0.122E-07  0.114E-07  0.106E-07
    0.106E-07  0.978E-08  0.885E-08  0.785E-08  0.676E-08  0.551E-08  0.375E-08
  # Updated VIS ssa profile #
     1.00       1.00       1.00       1.00       1.00       1.00      0.164    
    0.164      0.164      0.164      0.164      0.164      0.164      0.164    
    0.164      0.164      0.164      0.164      0.164      0.164      0.164    
    0.164      0.164      0.164      0.164      0.164      0.164      0.164    
    0.164      0.164      0.164      0.164      0.164      0.164      0.164    
    0.164      0.164      0.164      0.164      0.164      0.164      0.164    
  # Updated VIS asy profile #
     0.00       0.00       0.00       0.00       0.00       0.00      0.312    
    0.312      0.312      0.312      0.312      0.312      0.312      0.312    
    0.312      0.312      0.312      0.312      0.312      0.312      0.312    
    0.312      0.312      0.312      0.312      0.312      0.312      0.312    
    0.312      0.312      0.312      0.312      0.312      0.312      0.312    
    0.312      0.312      0.312      0.312      0.312      0.312      0.312    
 SRF variables written at  2018-03-09 01:00:00 UTC        
 SRF variables written at  2018-03-09 02:00:00 UTC        
 SRF variables written at  2018-03-09 03:00:00 UTC        
 $$$  2018-03-09 03:00:00 UTC        
 $$$ max, min of ps (mb) =  1015.13  496.49
 SRF variables written at  2018-03-09 04:00:00 UTC        
 SRF variables written at  2018-03-09 05:00:00 UTC        
 ATM variables written at  2018-03-09 06:00:00 UTC        
 SRF variables written at  2018-03-09 06:00:00 UTC        
 RAD variables written at  2018-03-09 06:00:00 UTC        
 SEARCH BC data for 2018030912 , step =   129120
 READY  BC from     2018030906  to 2018030912 
 $$$  2018-03-09 06:00:00 UTC        
 $$$ max, min of ps (mb) =  1015.09  496.55
 SRF variables written at  2018-03-09 07:00:00 UTC        
 SRF variables written at  2018-03-09 08:00:00 UTC        
 SRF variables written at  2018-03-09 09:00:00 UTC        
 $$$  2018-03-09 09:00:00 UTC        
 $$$ max, min of ps (mb) =  1015.10  496.60
 SRF variables written at  2018-03-09 10:00:00 UTC        
 SRF variables written at  2018-03-09 11:00:00 UTC        
 ATM variables written at  2018-03-09 12:00:00 UTC        
 SRF variables written at  2018-03-09 12:00:00 UTC        
 RAD variables written at  2018-03-09 12:00:00 UTC        
 SEARCH BC data for 2018030918 , step =   129600
 READY  BC from     2018030912  to 2018030918 
 $$$  2018-03-09 12:00:00 UTC        
 $$$ max, min of ps (mb) =  1015.72  496.78
 SRF variables written at  2018-03-09 13:00:00 UTC        
 SRF variables written at  2018-03-09 14:00:00 UTC        
 SRF variables written at  2018-03-09 15:00:00 UTC        
 $$$  2018-03-09 15:00:00 UTC        
 $$$ max, min of ps (mb) =  1015.52  497.29
 SRF variables written at  2018-03-09 16:00:00 UTC        
 SRF variables written at  2018-03-09 17:00:00 UTC        
 ATM variables written at  2018-03-09 18:00:00 UTC        
 SRF variables written at  2018-03-09 18:00:00 UTC        
 RAD variables written at  2018-03-09 18:00:00 UTC        
 SEARCH BC data for 2018031000 , step =   130080
 READY  BC from     2018030918  to 2018031000 
 $$$  2018-03-09 18:00:00 UTC        
 $$$ max, min of ps (mb) =  1015.93  498.34
 SRF variables written at  2018-03-09 19:00:00 UTC        
 SRF variables written at  2018-03-09 20:00:00 UTC        
 SRF variables written at  2018-03-09 21:00:00 UTC        
 $$$  2018-03-09 21:00:00 UTC        
 $$$ max, min of ps (mb) =  1016.38  498.73
 SRF variables written at  2018-03-09 22:00:00 UTC        
 SRF variables written at  2018-03-09 23:00:00 UTC        
 At  2018-03-10 00:00:00 UTC        
 JDay     68.00000 solar declination angle =  -4.62885919 degrees
                   solar TSI irradiance    =    1355.8811 W/m^2
 ATM variables written at  2018-03-10 00:00:00 UTC        
 SRF variables written at  2018-03-10 00:00:00 UTC        
 STS variables written at  2018-03-10 00:00:00 UTC        
 RAD variables written at  2018-03-10 00:00:00 UTC        
 SEARCH BC data for 2018031006 , step =   130560
 READY  BC from     2018031000  to 2018031006 
 $$$  2018-03-10 00:00:00 UTC        
 $$$ max, min of ps (mb) =  1017.79  498.67
 Updating aerosol optical properties...
  # Updated VIS ext profile #
     0.00       0.00       0.00       0.00       0.00       0.00      0.933E-16
    0.131E-12  0.315E-11  0.226E-10  0.899E-10  0.252E-09  0.560E-09  0.106E-08
    0.176E-08  0.268E-08  0.379E-08  0.503E-08  0.636E-08  0.771E-08  0.903E-08
    0.103E-07  0.113E-07  0.123E-07  0.130E-07  0.135E-07  0.138E-07  0.140E-07
    0.139E-07  0.137E-07  0.133E-07  0.128E-07  0.122E-07  0.114E-07  0.106E-07
    0.106E-07  0.978E-08  0.885E-08  0.785E-08  0.676E-08  0.551E-08  0.375E-08
  # Updated VIS ssa profile #
     1.00       1.00       1.00       1.00       1.00       1.00      0.164    
    0.164      0.164      0.164      0.164      0.164      0.164      0.164    
    0.164      0.164      0.164      0.164      0.164      0.164      0.164    
    0.164      0.164      0.164      0.164      0.164      0.164      0.164    
    0.164      0.164      0.164      0.164      0.164      0.164      0.164    
    0.164      0.164      0.164      0.164      0.164      0.164      0.164    
  # Updated VIS asy profile #
     0.00       0.00       0.00       0.00       0.00       0.00      0.312    
    0.312      0.312      0.312      0.312      0.312      0.312      0.312    
    0.312      0.312      0.312      0.312      0.312      0.312      0.312    
    0.312      0.312      0.312      0.312      0.312      0.312      0.312    
    0.312      0.312      0.312      0.312      0.312      0.312      0.312    
    0.312      0.312      0.312      0.312      0.312      0.312      0.312    
 SRF variables written at  2018-03-10 01:00:00 UTC        
 SRF variables written at  2018-03-10 02:00:00 UTC        
 SRF variables written at  2018-03-10 03:00:00 UTC        
 $$$  2018-03-10 03:00:00 UTC        
 $$$ max, min of ps (mb) =  1018.86  498.80
 SRF variables written at  2018-03-10 04:00:00 UTC        
 SRF variables written at  2018-03-10 05:00:00 UTC        
 ATM variables written at  2018-03-10 06:00:00 UTC        
 SRF variables written at  2018-03-10 06:00:00 UTC        
 RAD variables written at  2018-03-10 06:00:00 UTC        
 SEARCH BC data for 2018031012 , step =   131040
 READY  BC from     2018031006  to 2018031012 
 $$$  2018-03-10 06:00:00 UTC        
 $$$ max, min of ps (mb) =  1020.03  499.08
 SRF variables written at  2018-03-10 07:00:00 UTC        
 SRF variables written at  2018-03-10 08:00:00 UTC        
 SRF variables written at  2018-03-10 09:00:00 UTC        
 $$$  2018-03-10 09:00:00 UTC        
 $$$ max, min of ps (mb) =  1021.21  499.52
 SRF variables written at  2018-03-10 10:00:00 UTC        
 SRF variables written at  2018-03-10 11:00:00 UTC        
 ATM variables written at  2018-03-10 12:00:00 UTC        
 SRF variables written at  2018-03-10 12:00:00 UTC        
 RAD variables written at  2018-03-10 12:00:00 UTC        
 SEARCH BC data for 2018031018 , step =   131520
 READY  BC from     2018031012  to 2018031018 
 $$$  2018-03-10 12:00:00 UTC        
 $$$ max, min of ps (mb) =  1022.46  499.96
 SRF variables written at  2018-03-10 13:00:00 UTC        
 SRF variables written at  2018-03-10 14:00:00 UTC        
 SRF variables written at  2018-03-10 15:00:00 UTC        
 $$$  2018-03-10 15:00:00 UTC        
 $$$ max, min of ps (mb) =  1023.24  500.27
 SRF variables written at  2018-03-10 16:00:00 UTC        
 SRF variables written at  2018-03-10 17:00:00 UTC        
 ATM variables written at  2018-03-10 18:00:00 UTC        
 SRF variables written at  2018-03-10 18:00:00 UTC        
 RAD variables written at  2018-03-10 18:00:00 UTC        
 SEARCH BC data for 2018031100 , step =   132000
 READY  BC from     2018031018  to 2018031100 
 $$$  2018-03-10 18:00:00 UTC        
 $$$ max, min of ps (mb) =  1023.79  500.77
 SRF variables written at  2018-03-10 19:00:00 UTC        
 SRF variables written at  2018-03-10 20:00:00 UTC        
 SRF variables written at  2018-03-10 21:00:00 UTC        
 $$$  2018-03-10 21:00:00 UTC        
 $$$ max, min of ps (mb) =  1023.39  500.93
 SRF variables written at  2018-03-10 22:00:00 UTC        
 SRF variables written at  2018-03-10 23:00:00 UTC        
 At  2018-03-11 00:00:00 UTC        
 JDay     69.00000 solar declination angle =  -4.23790892 degrees
                   solar TSI irradiance    =    1355.8811 W/m^2
 ATM variables written at  2018-03-11 00:00:00 UTC        
 SRF variables written at  2018-03-11 00:00:00 UTC        
 STS variables written at  2018-03-11 00:00:00 UTC        
 RAD variables written at  2018-03-11 00:00:00 UTC        
 SEARCH BC data for 2018031106 , step =   132480
 READY  BC from     2018031100  to 2018031106 
 $$$  2018-03-11 00:00:00 UTC        
 $$$ max, min of ps (mb) =  1023.11  500.97
 Updating aerosol optical properties...
  # Updated VIS ext profile #
     0.00       0.00       0.00       0.00       0.00       0.00      0.933E-16
    0.131E-12  0.315E-11  0.226E-10  0.899E-10  0.252E-09  0.560E-09  0.106E-08
    0.176E-08  0.268E-08  0.379E-08  0.503E-08  0.636E-08  0.771E-08  0.903E-08
    0.103E-07  0.113E-07  0.123E-07  0.130E-07  0.135E-07  0.138E-07  0.140E-07
    0.139E-07  0.137E-07  0.133E-07  0.128E-07  0.122E-07  0.114E-07  0.106E-07
    0.106E-07  0.978E-08  0.885E-08  0.785E-08  0.676E-08  0.551E-08  0.375E-08
  # Updated VIS ssa profile #
     1.00       1.00       1.00       1.00       1.00       1.00      0.164    
    0.164      0.164      0.164      0.164      0.164      0.164      0.164    
    0.164      0.164      0.164      0.164      0.164      0.164      0.164    
    0.164      0.164      0.164      0.164      0.164      0.164      0.164    
    0.164      0.164      0.164      0.164      0.164      0.164      0.164    
    0.164      0.164      0.164      0.164      0.164      0.164      0.164    
  # Updated VIS asy profile #
     0.00       0.00       0.00       0.00       0.00       0.00      0.312    
    0.312      0.312      0.312      0.312      0.312      0.312      0.312    
    0.312      0.312      0.312      0.312      0.312      0.312      0.312    
    0.312      0.312      0.312      0.312      0.312      0.312      0.312    
    0.312      0.312      0.312      0.312      0.312      0.312      0.312    
    0.312      0.312      0.312      0.312      0.312      0.312      0.312    
 SRF variables written at  2018-03-11 01:00:00 UTC        
 SRF variables written at  2018-03-11 02:00:00 UTC        
 SRF variables written at  2018-03-11 03:00:00 UTC        
 $$$  2018-03-11 03:00:00 UTC        
 $$$ max, min of ps (mb) =  1022.40  500.34
 SRF variables written at  2018-03-11 04:00:00 UTC        
 SRF variables written at  2018-03-11 05:00:00 UTC        
 ATM variables written at  2018-03-11 06:00:00 UTC        
 SRF variables written at  2018-03-11 06:00:00 UTC        
 RAD variables written at  2018-03-11 06:00:00 UTC        
 SEARCH BC data for 2018031112 , step =   132960
 READY  BC from     2018031106  to 2018031112 
 $$$  2018-03-11 06:00:00 UTC        
 $$$ max, min of ps (mb) =  1021.68  500.05
 SRF variables written at  2018-03-11 07:00:00 UTC        
 SRF variables written at  2018-03-11 08:00:00 UTC        
 SRF variables written at  2018-03-11 09:00:00 UTC        
 $$$  2018-03-11 09:00:00 UTC        
 $$$ max, min of ps (mb) =  1020.96  500.30
 SRF variables written at  2018-03-11 10:00:00 UTC        
 SRF variables written at  2018-03-11 11:00:00 UTC        
 ATM variables written at  2018-03-11 12:00:00 UTC        
 SRF variables written at  2018-03-11 12:00:00 UTC        
 RAD variables written at  2018-03-11 12:00:00 UTC        
 SEARCH BC data for 2018031118 , step =   133440
 READY  BC from     2018031112  to 2018031118 
 $$$  2018-03-11 12:00:00 UTC        
 $$$ max, min of ps (mb) =  1020.32  500.43
 SRF variables written at  2018-03-11 13:00:00 UTC        
 SRF variables written at  2018-03-11 14:00:00 UTC        
 SRF variables written at  2018-03-11 15:00:00 UTC        
 $$$  2018-03-11 15:00:00 UTC        
 $$$ max, min of ps (mb) =  1020.65  500.71
 SRF variables written at  2018-03-11 16:00:00 UTC        
 SRF variables written at  2018-03-11 17:00:00 UTC        
 ATM variables written at  2018-03-11 18:00:00 UTC        
 SRF variables written at  2018-03-11 18:00:00 UTC        
 RAD variables written at  2018-03-11 18:00:00 UTC        
 SEARCH BC data for 2018031200 , step =   133920
 READY  BC from     2018031118  to 2018031200 
 $$$  2018-03-11 18:00:00 UTC        
 $$$ max, min of ps (mb) =  1020.77  500.97
 SRF variables written at  2018-03-11 19:00:00 UTC        
 SRF variables written at  2018-03-11 20:00:00 UTC        
 SRF variables written at  2018-03-11 21:00:00 UTC        
 $$$  2018-03-11 21:00:00 UTC        
 $$$ max, min of ps (mb) =  1019.98  501.06
 SRF variables written at  2018-03-11 22:00:00 UTC        
 SRF variables written at  2018-03-11 23:00:00 UTC        
 At  2018-03-12 00:00:00 UTC        
 JDay     70.00000 solar declination angle =  -3.84607353 degrees
                   solar TSI irradiance    =    1355.8811 W/m^2
 ATM variables written at  2018-03-12 00:00:00 UTC        
 SRF variables written at  2018-03-12 00:00:00 UTC        
 STS variables written at  2018-03-12 00:00:00 UTC        
 RAD variables written at  2018-03-12 00:00:00 UTC        
 SEARCH BC data for 2018031206 , step =   134400
 READY  BC from     2018031200  to 2018031206 
 $$$  2018-03-12 00:00:00 UTC        
 $$$ max, min of ps (mb) =  1019.32  500.86
 Updating aerosol optical properties...
  # Updated VIS ext profile #
     0.00       0.00       0.00       0.00       0.00       0.00      0.933E-16
    0.131E-12  0.315E-11  0.226E-10  0.899E-10  0.252E-09  0.560E-09  0.106E-08
    0.176E-08  0.268E-08  0.379E-08  0.503E-08  0.636E-08  0.771E-08  0.903E-08
    0.103E-07  0.113E-07  0.123E-07  0.130E-07  0.135E-07  0.138E-07  0.140E-07
    0.139E-07  0.137E-07  0.133E-07  0.128E-07  0.122E-07  0.114E-07  0.106E-07
    0.106E-07  0.978E-08  0.885E-08  0.785E-08  0.676E-08  0.551E-08  0.375E-08
  # Updated VIS ssa profile #
     1.00       1.00       1.00       1.00       1.00       1.00      0.164    
    0.164      0.164      0.164      0.164      0.164      0.164      0.164    
    0.164      0.164      0.164      0.164      0.164      0.164      0.164    
    0.164      0.164      0.164      0.164      0.164      0.164      0.164    
    0.164      0.164      0.164      0.164      0.164      0.164      0.164    
    0.164      0.164      0.164      0.164      0.164      0.164      0.164    
  # Updated VIS asy profile #
     0.00       0.00       0.00       0.00       0.00       0.00      0.312    
    0.312      0.312      0.312      0.312      0.312      0.312      0.312    
    0.312      0.312      0.312      0.312      0.312      0.312      0.312    
    0.312      0.312      0.312      0.312      0.312      0.312      0.312    
    0.312      0.312      0.312      0.312      0.312      0.312      0.312    
    0.312      0.312      0.312      0.312      0.312      0.312      0.312    
 SRF variables written at  2018-03-12 01:00:00 UTC        
 SRF variables written at  2018-03-12 02:00:00 UTC        
 SRF variables written at  2018-03-12 03:00:00 UTC        
 $$$  2018-03-12 03:00:00 UTC        
 $$$ max, min of ps (mb) =  1018.68  500.24
 SRF variables written at  2018-03-12 04:00:00 UTC        
 SRF variables written at  2018-03-12 05:00:00 UTC        
 ATM variables written at  2018-03-12 06:00:00 UTC        
 SRF variables written at  2018-03-12 06:00:00 UTC        
 RAD variables written at  2018-03-12 06:00:00 UTC        
 SEARCH BC data for 2018031212 , step =   134880
 READY  BC from     2018031206  to 2018031212 
 $$$  2018-03-12 06:00:00 UTC        
 $$$ max, min of ps (mb) =  1018.09  499.82
 SRF variables written at  2018-03-12 07:00:00 UTC        
 SRF variables written at  2018-03-12 08:00:00 UTC        
 SRF variables written at  2018-03-12 09:00:00 UTC        
 $$$  2018-03-12 09:00:00 UTC        
 $$$ max, min of ps (mb) =  1018.24  499.66
 SRF variables written at  2018-03-12 10:00:00 UTC        
 SRF variables written at  2018-03-12 11:00:00 UTC        
 ATM variables written at  2018-03-12 12:00:00 UTC        
 SRF variables written at  2018-03-12 12:00:00 UTC        
 RAD variables written at  2018-03-12 12:00:00 UTC        
 SEARCH BC data for 2018031218 , step =   135360
 READY  BC from     2018031212  to 2018031218 
 $$$  2018-03-12 12:00:00 UTC        
 $$$ max, min of ps (mb) =  1018.73  499.44
 SRF variables written at  2018-03-12 13:00:00 UTC        
 SRF variables written at  2018-03-12 14:00:00 UTC        
 SRF variables written at  2018-03-12 15:00:00 UTC        
 $$$  2018-03-12 15:00:00 UTC        
 $$$ max, min of ps (mb) =  1019.49  499.35
 SRF variables written at  2018-03-12 16:00:00 UTC        
 SRF variables written at  2018-03-12 17:00:00 UTC        
 ATM variables written at  2018-03-12 18:00:00 UTC        
 SRF variables written at  2018-03-12 18:00:00 UTC        
 RAD variables written at  2018-03-12 18:00:00 UTC        
 SEARCH BC data for 2018031300 , step =   135840
 READY  BC from     2018031218  to 2018031300 
 $$$  2018-03-12 18:00:00 UTC        
 $$$ max, min of ps (mb) =  1020.88  499.43
 SRF variables written at  2018-03-12 19:00:00 UTC        
 SRF variables written at  2018-03-12 20:00:00 UTC        
 SRF variables written at  2018-03-12 21:00:00 UTC        
 $$$  2018-03-12 21:00:00 UTC        
 $$$ max, min of ps (mb) =  1021.40  499.53
 SRF variables written at  2018-03-12 22:00:00 UTC        
 SRF variables written at  2018-03-12 23:00:00 UTC        
 At  2018-03-13 00:00:00 UTC        
 JDay     71.00000 solar declination angle =  -3.45345826 degrees
                   solar TSI irradiance    =    1355.8811 W/m^2
 ATM variables written at  2018-03-13 00:00:00 UTC        
 SRF variables written at  2018-03-13 00:00:00 UTC        
 STS variables written at  2018-03-13 00:00:00 UTC        
 RAD variables written at  2018-03-13 00:00:00 UTC        
 SEARCH BC data for 2018031306 , step =   136320
 READY  BC from     2018031300  to 2018031306 
 $$$  2018-03-13 00:00:00 UTC        
 $$$ max, min of ps (mb) =  1021.96  499.25
 Updating aerosol optical properties...
  # Updated VIS ext profile #
     0.00       0.00       0.00       0.00       0.00       0.00      0.942E-16
    0.132E-12  0.319E-11  0.229E-10  0.908E-10  0.254E-09  0.566E-09  0.107E-08
    0.178E-08  0.271E-08  0.383E-08  0.508E-08  0.643E-08  0.779E-08  0.912E-08
    0.104E-07  0.115E-07  0.124E-07  0.131E-07  0.137E-07  0.140E-07  0.141E-07
    0.140E-07  0.138E-07  0.134E-07  0.129E-07  0.123E-07  0.116E-07  0.108E-07
    0.108E-07  0.988E-08  0.894E-08  0.793E-08  0.683E-08  0.557E-08  0.379E-08
  # Updated VIS ssa profile #
     1.00       1.00       1.00       1.00       1.00       1.00      0.164    
    0.164      0.164      0.164      0.164      0.164      0.164      0.164    
    0.164      0.164      0.164      0.164      0.164      0.164      0.164    
    0.164      0.164      0.164      0.164      0.164      0.164      0.164    
    0.164      0.164      0.164      0.164      0.164      0.164      0.164    
    0.164      0.164      0.164      0.164      0.164      0.164      0.164    
  # Updated VIS asy profile #
     0.00       0.00       0.00       0.00       0.00       0.00      0.312    
    0.312      0.312      0.312      0.312      0.312      0.312      0.312    
    0.312      0.312      0.312      0.312      0.312      0.312      0.312    
    0.312      0.312      0.312      0.312      0.312      0.312      0.312    
    0.312      0.312      0.312      0.312      0.312      0.312      0.312    
    0.312      0.312      0.312      0.312      0.312      0.312      0.312    
 SRF variables written at  2018-03-13 01:00:00 UTC        
 SRF variables written at  2018-03-13 02:00:00 UTC        
 SRF variables written at  2018-03-13 03:00:00 UTC        
 $$$  2018-03-13 03:00:00 UTC        
 $$$ max, min of ps (mb) =  1021.79  498.82
 SRF variables written at  2018-03-13 04:00:00 UTC        
 SRF variables written at  2018-03-13 05:00:00 UTC        
 ATM variables written at  2018-03-13 06:00:00 UTC        
 SRF variables written at  2018-03-13 06:00:00 UTC        
 RAD variables written at  2018-03-13 06:00:00 UTC        
 SEARCH BC data for 2018031312 , step =   136800
 READY  BC from     2018031306  to 2018031312 
 $$$  2018-03-13 06:00:00 UTC        
 $$$ max, min of ps (mb) =  1021.46  498.70
 SRF variables written at  2018-03-13 07:00:00 UTC        
 SRF variables written at  2018-03-13 08:00:00 UTC        
 SRF variables written at  2018-03-13 09:00:00 UTC        
 $$$  2018-03-13 09:00:00 UTC        
 $$$ max, min of ps (mb) =  1020.90  498.79
 SRF variables written at  2018-03-13 10:00:00 UTC        
 SRF variables written at  2018-03-13 11:00:00 UTC        
 ATM variables written at  2018-03-13 12:00:00 UTC        
 SRF variables written at  2018-03-13 12:00:00 UTC        
 RAD variables written at  2018-03-13 12:00:00 UTC        
 SEARCH BC data for 2018031318 , step =   137280
 READY  BC from     2018031312  to 2018031318 
 $$$  2018-03-13 12:00:00 UTC        
 $$$ max, min of ps (mb) =  1020.43  498.80
 SRF variables written at  2018-03-13 13:00:00 UTC        
 SRF variables written at  2018-03-13 14:00:00 UTC        
 SRF variables written at  2018-03-13 15:00:00 UTC        
 $$$  2018-03-13 15:00:00 UTC        
 $$$ max, min of ps (mb) =  1020.72  498.86
 SRF variables written at  2018-03-13 16:00:00 UTC        
 SRF variables written at  2018-03-13 17:00:00 UTC        
 ATM variables written at  2018-03-13 18:00:00 UTC        
 SRF variables written at  2018-03-13 18:00:00 UTC        
 RAD variables written at  2018-03-13 18:00:00 UTC        
 SEARCH BC data for 2018031400 , step =   137760
 READY  BC from     2018031318  to 2018031400 
 $$$  2018-03-13 18:00:00 UTC        
 $$$ max, min of ps (mb) =  1020.90  499.25
 SRF variables written at  2018-03-13 19:00:00 UTC        
 SRF variables written at  2018-03-13 20:00:00 UTC        
 SRF variables written at  2018-03-13 21:00:00 UTC        
 $$$  2018-03-13 21:00:00 UTC        
 $$$ max, min of ps (mb) =  1020.41  499.44
 SRF variables written at  2018-03-13 22:00:00 UTC        
 SRF variables written at  2018-03-13 23:00:00 UTC        
 At  2018-03-14 00:00:00 UTC        
 JDay     72.00000 solar declination angle =  -3.06016786 degrees
                   solar TSI irradiance    =    1355.8811 W/m^2
 ATM variables written at  2018-03-14 00:00:00 UTC        
 SRF variables written at  2018-03-14 00:00:00 UTC        
 STS variables written at  2018-03-14 00:00:00 UTC        
 RAD variables written at  2018-03-14 00:00:00 UTC        
 SEARCH BC data for 2018031406 , step =   138240
 READY  BC from     2018031400  to 2018031406 
 $$$  2018-03-14 00:00:00 UTC        
 $$$ max, min of ps (mb) =  1020.34  499.30
 Updating aerosol optical properties...
  # Updated VIS ext profile #
     0.00       0.00       0.00       0.00       0.00       0.00      0.942E-16
    0.132E-12  0.319E-11  0.229E-10  0.908E-10  0.254E-09  0.566E-09  0.107E-08
    0.178E-08  0.271E-08  0.383E-08  0.508E-08  0.643E-08  0.779E-08  0.912E-08
    0.104E-07  0.115E-07  0.124E-07  0.131E-07  0.137E-07  0.140E-07  0.141E-07
    0.140E-07  0.138E-07  0.134E-07  0.129E-07  0.123E-07  0.116E-07  0.108E-07
    0.108E-07  0.988E-08  0.894E-08  0.793E-08  0.683E-08  0.557E-08  0.379E-08
  # Updated VIS ssa profile #
     1.00       1.00       1.00       1.00       1.00       1.00      0.164    
    0.164      0.164      0.164      0.164      0.164      0.164      0.164    
    0.164      0.164      0.164      0.164      0.164      0.164      0.164    
    0.164      0.164      0.164      0.164      0.164      0.164      0.164    
    0.164      0.164      0.164      0.164      0.164      0.164      0.164    
    0.164      0.164      0.164      0.164      0.164      0.164      0.164    
  # Updated VIS asy profile #
     0.00       0.00       0.00       0.00       0.00       0.00      0.312    
    0.312      0.312      0.312      0.312      0.312      0.312      0.312    
    0.312      0.312      0.312      0.312      0.312      0.312      0.312    
    0.312      0.312      0.312      0.312      0.312      0.312      0.312    
    0.312      0.312      0.312      0.312      0.312      0.312      0.312    
    0.312      0.312      0.312      0.312      0.312      0.312      0.312    
 SRF variables written at  2018-03-14 01:00:00 UTC        
 SRF variables written at  2018-03-14 02:00:00 UTC        
 SRF variables written at  2018-03-14 03:00:00 UTC        
 $$$  2018-03-14 03:00:00 UTC        
 $$$ max, min of ps (mb) =  1020.14  498.61
 SRF variables written at  2018-03-14 04:00:00 UTC        
 SRF variables written at  2018-03-14 05:00:00 UTC        
 ATM variables written at  2018-03-14 06:00:00 UTC        
 SRF variables written at  2018-03-14 06:00:00 UTC        
 RAD variables written at  2018-03-14 06:00:00 UTC        
 SEARCH BC data for 2018031412 , step =   138720
 READY  BC from     2018031406  to 2018031412 
 $$$  2018-03-14 06:00:00 UTC        
 $$$ max, min of ps (mb) =  1019.76  498.26
 SRF variables written at  2018-03-14 07:00:00 UTC        
 SRF variables written at  2018-03-14 08:00:00 UTC        
 SRF variables written at  2018-03-14 09:00:00 UTC        
 $$$  2018-03-14 09:00:00 UTC        
 $$$ max, min of ps (mb) =  1020.13  498.01
 SRF variables written at  2018-03-14 10:00:00 UTC        
 SRF variables written at  2018-03-14 11:00:00 UTC        
 ATM variables written at  2018-03-14 12:00:00 UTC        
 SRF variables written at  2018-03-14 12:00:00 UTC        
 RAD variables written at  2018-03-14 12:00:00 UTC        
 SEARCH BC data for 2018031418 , step =   139200
 READY  BC from     2018031412  to 2018031418 
 $$$  2018-03-14 12:00:00 UTC        
 $$$ max, min of ps (mb) =  1020.62  497.82
 SRF variables written at  2018-03-14 13:00:00 UTC        
 SRF variables written at  2018-03-14 14:00:00 UTC        
 SRF variables written at  2018-03-14 15:00:00 UTC        
 $$$  2018-03-14 15:00:00 UTC        
 $$$ max, min of ps (mb) =  1021.27  498.02
 SRF variables written at  2018-03-14 16:00:00 UTC        
 SRF variables written at  2018-03-14 17:00:00 UTC        
 ATM variables written at  2018-03-14 18:00:00 UTC        
 SRF variables written at  2018-03-14 18:00:00 UTC        
 RAD variables written at  2018-03-14 18:00:00 UTC        
 SEARCH BC data for 2018031500 , step =   139680
 READY  BC from     2018031418  to 2018031500 
 $$$  2018-03-14 18:00:00 UTC        
 $$$ max, min of ps (mb) =  1021.84  498.29
 SRF variables written at  2018-03-14 19:00:00 UTC        
 SRF variables written at  2018-03-14 20:00:00 UTC        
 SRF variables written at  2018-03-14 21:00:00 UTC        
 $$$  2018-03-14 21:00:00 UTC        
 $$$ max, min of ps (mb) =  1020.98  498.79
 SRF variables written at  2018-03-14 22:00:00 UTC        
 SRF variables written at  2018-03-14 23:00:00 UTC        
 At  2018-03-15 00:00:00 UTC        
 JDay     73.00000 solar declination angle =  -2.66630658 degrees
                   solar TSI irradiance    =    1355.8811 W/m^2
 ATM variables written at  2018-03-15 00:00:00 UTC        
 SRF variables written at  2018-03-15 00:00:00 UTC        
 STS variables written at  2018-03-15 00:00:00 UTC        
 RAD variables written at  2018-03-15 00:00:00 UTC        
 SEARCH BC data for 2018031506 , step =   140160
 READY  BC from     2018031500  to 2018031506 
 $$$  2018-03-15 00:00:00 UTC        
 $$$ max, min of ps (mb) =  1020.78  498.88
 Updating aerosol optical properties...
  # Updated VIS ext profile #
     0.00       0.00       0.00       0.00       0.00       0.00      0.942E-16
    0.132E-12  0.319E-11  0.229E-10  0.908E-10  0.254E-09  0.566E-09  0.107E-08
    0.178E-08  0.271E-08  0.383E-08  0.508E-08  0.643E-08  0.779E-08  0.912E-08
    0.104E-07  0.115E-07  0.124E-07  0.131E-07  0.137E-07  0.140E-07  0.141E-07
    0.140E-07  0.138E-07  0.134E-07  0.129E-07  0.123E-07  0.116E-07  0.108E-07
    0.108E-07  0.988E-08  0.894E-08  0.793E-08  0.683E-08  0.557E-08  0.379E-08
  # Updated VIS ssa profile #
     1.00       1.00       1.00       1.00       1.00       1.00      0.164    
    0.164      0.164      0.164      0.164      0.164      0.164      0.164    
    0.164      0.164      0.164      0.164      0.164      0.164      0.164    
    0.164      0.164      0.164      0.164      0.164      0.164      0.164    
    0.164      0.164      0.164      0.164      0.164      0.164      0.164    
    0.164      0.164      0.164      0.164      0.164      0.164      0.164    
  # Updated VIS asy profile #
     0.00       0.00       0.00       0.00       0.00       0.00      0.312    
    0.312      0.312      0.312      0.312      0.312      0.312      0.312    
    0.312      0.312      0.312      0.312      0.312      0.312      0.312    
    0.312      0.312      0.312      0.312      0.312      0.312      0.312    
    0.312      0.312      0.312      0.312      0.312      0.312      0.312    
    0.312      0.312      0.312      0.312      0.312      0.312      0.312    
 SRF variables written at  2018-03-15 01:00:00 UTC        
 SRF variables written at  2018-03-15 02:00:00 UTC        
 SRF variables written at  2018-03-15 03:00:00 UTC        
 $$$  2018-03-15 03:00:00 UTC        
 $$$ max, min of ps (mb) =  1020.48  498.31
 SRF variables written at  2018-03-15 04:00:00 UTC        
 SRF variables written at  2018-03-15 05:00:00 UTC        
 ATM variables written at  2018-03-15 06:00:00 UTC        
 SRF variables written at  2018-03-15 06:00:00 UTC        
 RAD variables written at  2018-03-15 06:00:00 UTC        
 SEARCH BC data for 2018031512 , step =   140640
 READY  BC from     2018031506  to 2018031512 
 $$$  2018-03-15 06:00:00 UTC        
 $$$ max, min of ps (mb) =  1019.57  498.27
 SRF variables written at  2018-03-15 07:00:00 UTC        
 SRF variables written at  2018-03-15 08:00:00 UTC        
 SRF variables written at  2018-03-15 09:00:00 UTC        
 $$$  2018-03-15 09:00:00 UTC        
 $$$ max, min of ps (mb) =  1018.94  498.20
