
/marconi/home/userexternal/mdasilva/user/mdasilva/CORDEX/post_evaluate/rcm

--------------- INIT POSPROCESSING MODEL ----------------

1. Select variable

2. Convert unit

3. Seasonal avg and regrid
cdo    remapbil: Bilinear weights from curvilinear (1228x780) to lonlat (1450x816) grid
cdo    remapbil: Bilinear weights from curvilinear (1228x780) to lonlat (1450x816) grid
cdo    remapbil: Bilinear weights from curvilinear (1228x780) to lonlat (1450x816) grid
cdo    remapbil: Bilinear weights from curvilinear (1228x780) to lonlat (1450x816) grid

4. Delete files

1. Select variable

2. Convert unit

3. Seasonal avg and regrid
cdo    remapbil: Bilinear weights from curvilinear (1228x780) to lonlat (1450x816) grid
cdo    remapbil: Bilinear weights from curvilinear (1228x780) to lonlat (1450x816) grid
cdo    remapbil: Bilinear weights from curvilinear (1228x780) to lonlat (1450x816) grid
cdo    remapbil: Bilinear weights from curvilinear (1228x780) to lonlat (1450x816) grid

4. Delete files

1. Select variable

2. Convert unit

3. Seasonal avg and regrid
cdo    remapbil: Bilinear weights from curvilinear (1228x780) to lonlat (1450x816) grid
cdo    remapbil: Bilinear weights from curvilinear (1228x780) to lonlat (1450x816) grid
cdo    remapbil: Bilinear weights from curvilinear (1228x780) to lonlat (1450x816) grid
cdo    remapbil: Bilinear weights from curvilinear (1228x780) to lonlat (1450x816) grid

4. Delete files

--------------- THE END POSPROCESSING MODEL ----------------
