
/marconi/home/userexternal/mdasilva/user/mdasilva/CORDEX/post_evaluate/rcm

--------------- INIT POSPROCESSING MODEL ----------------

1. Select variable

2. Convert unit

3. Seasonal avg and regrid
cdo    remapbil: Bilinear weights from curvilinear (1228x780) to lonlat (1450x816) grid
cdo    remapbil: Bilinear weights from curvilinear (1228x780) to lonlat (1450x816) grid
cdo    remapbil: Bilinear weights from curvilinear (1228x780) to lonlat (1450x816) grid
cdo    remapbil: Bilinear weights from curvilinear (1228x780) to lonlat (1450x816) grid

1. Select variable

2. Convert unit

3. Seasonal avg and regrid
cdo    remapbil: Bilinear weights from curvilinear (1228x780) to lonlat (1450x816) grid
cdo    remapbil: Bilinear weights from curvilinear (1228x780) to lonlat (1450x816) grid
cdo    remapbil: Bilinear weights from curvilinear (1228x780) to lonlat (1450x816) grid
cdo    remapbil: Bilinear weights from curvilinear (1228x780) to lonlat (1450x816) grid

1. Select variable

2. Convert unit

3. Seasonal avg and regrid
cdo    remapbil: Bilinear weights from curvilinear (1228x780) to lonlat (1450x816) grid
cdo    remapbil: Bilinear weights from curvilinear (1228x780) to lonlat (1450x816) grid
cdo    remapbil: Bilinear weights from curvilinear (1228x780) to lonlat (1450x816) grid
cdo    remapbil: Bilinear weights from curvilinear (1228x780) to lonlat (1450x816) grid

1. Select variable

2. Convert unit

3. Seasonal avg and regrid
cdo    remapbil: Bilinear weights from curvilinear (1228x780) to lonlat (1450x816) grid
cdo    remapbil: Bilinear weights from curvilinear (1228x780) to lonlat (1450x816) grid
cdo    remapbil: Bilinear weights from curvilinear (1228x780) to lonlat (1450x816) grid
cdo    remapbil: Bilinear weights from curvilinear (1228x780) to lonlat (1450x816) grid

1. Select variable

2. Convert unit

3. Seasonal avg and regrid
cdo    remapbil: Bilinear weights from curvilinear (1228x780) to lonlat (1450x816) grid
cdo    remapbil: Bilinear weights from curvilinear (1228x780) to lonlat (1450x816) grid
cdo    remapbil: Bilinear weights from curvilinear (1228x780) to lonlat (1450x816) grid
cdo    remapbil: Bilinear weights from curvilinear (1228x780) to lonlat (1450x816) grid

1. Select variable

2. Convert unit

3. Seasonal avg and regrid
cdo    remapbil: Bilinear weights from curvilinear (1228x780) to lonlat (1450x816) grid
cdo    remapbil: Bilinear weights from curvilinear (1228x780) to lonlat (1450x816) grid
cdo    remapbil: Bilinear weights from curvilinear (1228x780) to lonlat (1450x816) grid
cdo    remapbil: Bilinear weights from curvilinear (1228x780) to lonlat (1450x816) grid

1. Select variable
cdo    mergetime: Open failed on >/marconi/home/userexternal/mdasilva/user/mdasilva/CORDEX/ERA5/ERA5-CSAM-3/CMIP6/DD/CSAM-3/ICTP/ERA5/evaluation/r1i1p1f1/RegCM5/0/day/rsnl/rsnl_CSAM-3_ERA5_evaluation_r1i1p1f1_ICTP_RegCM5_0_day_*.nc<
                  No such file or directory
