cdo    mergetime: Open failed on >/marconi/home/userexternal/mdasilva/user/mdasilva/SAM-3km/post_cyclone/rcm/ua/ua_925hPa_SAM-3km_ECMWF-ERA5_evaluation_r1i1p1f1_ICTP-RegCM5_1hr_2018*.nc<
                  No such file or directory
cdo    selhour: Open failed on >/marconi/home/userexternal/mdasilva/user/mdasilva/SAM-3km/post_cyclone/rcm/track/ua_SAM-3km_ECMWF-ERA5_evaluation_r1i1p1f1_ICTP-RegCM5_1hr_2018.nc<
                No such file or directory
cdo    selhour: Open failed on >/marconi/home/userexternal/mdasilva/user/mdasilva/SAM-3km/post_cyclone/rcm/track/ua_SAM-3km_ECMWF-ERA5_evaluation_r1i1p1f1_ICTP-RegCM5_1hr_2018.nc<
                No such file or directory
cdo    selhour: Open failed on >/marconi/home/userexternal/mdasilva/user/mdasilva/SAM-3km/post_cyclone/rcm/track/ua_SAM-3km_ECMWF-ERA5_evaluation_r1i1p1f1_ICTP-RegCM5_1hr_2018.nc<
                No such file or directory
cdo    selhour: Open failed on >/marconi/home/userexternal/mdasilva/user/mdasilva/SAM-3km/post_cyclone/rcm/track/ua_SAM-3km_ECMWF-ERA5_evaluation_r1i1p1f1_ICTP-RegCM5_1hr_2018.nc<
                No such file or directory
cdo    mergetime: Open failed on >/marconi/home/userexternal/mdasilva/user/mdasilva/SAM-3km/post_cyclone/rcm/va/va_925hPa_SAM-3km_ECMWF-ERA5_evaluation_r1i1p1f1_ICTP-RegCM5_1hr_2018*.nc<
                  No such file or directory
cdo    selhour: Open failed on >/marconi/home/userexternal/mdasilva/user/mdasilva/SAM-3km/post_cyclone/rcm/track/va_SAM-3km_ECMWF-ERA5_evaluation_r1i1p1f1_ICTP-RegCM5_1hr_2018.nc<
                No such file or directory
cdo    selhour: Open failed on >/marconi/home/userexternal/mdasilva/user/mdasilva/SAM-3km/post_cyclone/rcm/track/va_SAM-3km_ECMWF-ERA5_evaluation_r1i1p1f1_ICTP-RegCM5_1hr_2018.nc<
                No such file or directory
cdo    selhour: Open failed on >/marconi/home/userexternal/mdasilva/user/mdasilva/SAM-3km/post_cyclone/rcm/track/va_SAM-3km_ECMWF-ERA5_evaluation_r1i1p1f1_ICTP-RegCM5_1hr_2018.nc<
                No such file or directory
cdo    selhour: Open failed on >/marconi/home/userexternal/mdasilva/user/mdasilva/SAM-3km/post_cyclone/rcm/track/va_SAM-3km_ECMWF-ERA5_evaluation_r1i1p1f1_ICTP-RegCM5_1hr_2018.nc<
                No such file or directory
cdo    mergetime: Open failed on >/marconi/home/userexternal/mdasilva/user/mdasilva/SAM-3km/post_cyclone/rcm/ua/ua_925hPa_SAM-3km_ECMWF-ERA5_evaluation_r1i1p1f1_ICTP-RegCM5_1hr_2019*.nc<
                  No such file or directory
cdo    selhour: Open failed on >/marconi/home/userexternal/mdasilva/user/mdasilva/SAM-3km/post_cyclone/rcm/track/ua_SAM-3km_ECMWF-ERA5_evaluation_r1i1p1f1_ICTP-RegCM5_1hr_2019.nc<
                No such file or directory
cdo    selhour: Open failed on >/marconi/home/userexternal/mdasilva/user/mdasilva/SAM-3km/post_cyclone/rcm/track/ua_SAM-3km_ECMWF-ERA5_evaluation_r1i1p1f1_ICTP-RegCM5_1hr_2019.nc<
                No such file or directory
cdo    selhour: Open failed on >/marconi/home/userexternal/mdasilva/user/mdasilva/SAM-3km/post_cyclone/rcm/track/ua_SAM-3km_ECMWF-ERA5_evaluation_r1i1p1f1_ICTP-RegCM5_1hr_2019.nc<
                No such file or directory
cdo    selhour: Open failed on >/marconi/home/userexternal/mdasilva/user/mdasilva/SAM-3km/post_cyclone/rcm/track/ua_SAM-3km_ECMWF-ERA5_evaluation_r1i1p1f1_ICTP-RegCM5_1hr_2019.nc<
                No such file or directory
cdo    mergetime: Open failed on >/marconi/home/userexternal/mdasilva/user/mdasilva/SAM-3km/post_cyclone/rcm/va/va_925hPa_SAM-3km_ECMWF-ERA5_evaluation_r1i1p1f1_ICTP-RegCM5_1hr_2019*.nc<
                  No such file or directory
cdo    selhour: Open failed on >/marconi/home/userexternal/mdasilva/user/mdasilva/SAM-3km/post_cyclone/rcm/track/va_SAM-3km_ECMWF-ERA5_evaluation_r1i1p1f1_ICTP-RegCM5_1hr_2019.nc<
                No such file or directory
cdo    selhour: Open failed on >/marconi/home/userexternal/mdasilva/user/mdasilva/SAM-3km/post_cyclone/rcm/track/va_SAM-3km_ECMWF-ERA5_evaluation_r1i1p1f1_ICTP-RegCM5_1hr_2019.nc<
                No such file or directory
cdo    selhour: Open failed on >/marconi/home/userexternal/mdasilva/user/mdasilva/SAM-3km/post_cyclone/rcm/track/va_SAM-3km_ECMWF-ERA5_evaluation_r1i1p1f1_ICTP-RegCM5_1hr_2019.nc<
                No such file or directory
cdo    selhour: Open failed on >/marconi/home/userexternal/mdasilva/user/mdasilva/SAM-3km/post_cyclone/rcm/track/va_SAM-3km_ECMWF-ERA5_evaluation_r1i1p1f1_ICTP-RegCM5_1hr_2019.nc<
                No such file or directory
cdo    mergetime: Open failed on >/marconi/home/userexternal/mdasilva/user/mdasilva/SAM-3km/post_cyclone/rcm/ua/ua_925hPa_SAM-3km_ECMWF-ERA5_evaluation_r1i1p1f1_ICTP-RegCM5_1hr_2020*.nc<
                  No such file or directory
cdo    selhour: Open failed on >/marconi/home/userexternal/mdasilva/user/mdasilva/SAM-3km/post_cyclone/rcm/track/ua_SAM-3km_ECMWF-ERA5_evaluation_r1i1p1f1_ICTP-RegCM5_1hr_2020.nc<
                No such file or directory
cdo    selhour: Open failed on >/marconi/home/userexternal/mdasilva/user/mdasilva/SAM-3km/post_cyclone/rcm/track/ua_SAM-3km_ECMWF-ERA5_evaluation_r1i1p1f1_ICTP-RegCM5_1hr_2020.nc<
                No such file or directory
cdo    selhour: Open failed on >/marconi/home/userexternal/mdasilva/user/mdasilva/SAM-3km/post_cyclone/rcm/track/ua_SAM-3km_ECMWF-ERA5_evaluation_r1i1p1f1_ICTP-RegCM5_1hr_2020.nc<
                No such file or directory
cdo    selhour: Open failed on >/marconi/home/userexternal/mdasilva/user/mdasilva/SAM-3km/post_cyclone/rcm/track/ua_SAM-3km_ECMWF-ERA5_evaluation_r1i1p1f1_ICTP-RegCM5_1hr_2020.nc<
                No such file or directory
cdo    mergetime: Open failed on >/marconi/home/userexternal/mdasilva/user/mdasilva/SAM-3km/post_cyclone/rcm/va/va_925hPa_SAM-3km_ECMWF-ERA5_evaluation_r1i1p1f1_ICTP-RegCM5_1hr_2020*.nc<
                  No such file or directory
cdo    selhour: Open failed on >/marconi/home/userexternal/mdasilva/user/mdasilva/SAM-3km/post_cyclone/rcm/track/va_SAM-3km_ECMWF-ERA5_evaluation_r1i1p1f1_ICTP-RegCM5_1hr_2020.nc<
                No such file or directory
cdo    selhour: Open failed on >/marconi/home/userexternal/mdasilva/user/mdasilva/SAM-3km/post_cyclone/rcm/track/va_SAM-3km_ECMWF-ERA5_evaluation_r1i1p1f1_ICTP-RegCM5_1hr_2020.nc<
                No such file or directory
cdo    selhour: Open failed on >/marconi/home/userexternal/mdasilva/user/mdasilva/SAM-3km/post_cyclone/rcm/track/va_SAM-3km_ECMWF-ERA5_evaluation_r1i1p1f1_ICTP-RegCM5_1hr_2020.nc<
                No such file or directory
cdo    selhour: Open failed on >/marconi/home/userexternal/mdasilva/user/mdasilva/SAM-3km/post_cyclone/rcm/track/va_SAM-3km_ECMWF-ERA5_evaluation_r1i1p1f1_ICTP-RegCM5_1hr_2020.nc<
                No such file or directory
cdo    mergetime: Open failed on >/marconi/home/userexternal/mdasilva/user/mdasilva/SAM-3km/post_cyclone/rcm/ua/ua_925hPa_SAM-3km_ECMWF-ERA5_evaluation_r1i1p1f1_ICTP-RegCM5_1hr_2021*.nc<
                  No such file or directory
cdo    selhour: Open failed on >/marconi/home/userexternal/mdasilva/user/mdasilva/SAM-3km/post_cyclone/rcm/track/ua_SAM-3km_ECMWF-ERA5_evaluation_r1i1p1f1_ICTP-RegCM5_1hr_2021.nc<
                No such file or directory
cdo    selhour: Open failed on >/marconi/home/userexternal/mdasilva/user/mdasilva/SAM-3km/post_cyclone/rcm/track/ua_SAM-3km_ECMWF-ERA5_evaluation_r1i1p1f1_ICTP-RegCM5_1hr_2021.nc<
                No such file or directory
cdo    selhour: Open failed on >/marconi/home/userexternal/mdasilva/user/mdasilva/SAM-3km/post_cyclone/rcm/track/ua_SAM-3km_ECMWF-ERA5_evaluation_r1i1p1f1_ICTP-RegCM5_1hr_2021.nc<
                No such file or directory
cdo    selhour: Open failed on >/marconi/home/userexternal/mdasilva/user/mdasilva/SAM-3km/post_cyclone/rcm/track/ua_SAM-3km_ECMWF-ERA5_evaluation_r1i1p1f1_ICTP-RegCM5_1hr_2021.nc<
                No such file or directory
cdo    mergetime: Open failed on >/marconi/home/userexternal/mdasilva/user/mdasilva/SAM-3km/post_cyclone/rcm/va/va_925hPa_SAM-3km_ECMWF-ERA5_evaluation_r1i1p1f1_ICTP-RegCM5_1hr_2021*.nc<
                  No such file or directory
cdo    selhour: Open failed on >/marconi/home/userexternal/mdasilva/user/mdasilva/SAM-3km/post_cyclone/rcm/track/va_SAM-3km_ECMWF-ERA5_evaluation_r1i1p1f1_ICTP-RegCM5_1hr_2021.nc<
                No such file or directory
cdo    selhour: Open failed on >/marconi/home/userexternal/mdasilva/user/mdasilva/SAM-3km/post_cyclone/rcm/track/va_SAM-3km_ECMWF-ERA5_evaluation_r1i1p1f1_ICTP-RegCM5_1hr_2021.nc<
                No such file or directory
cdo    selhour: Open failed on >/marconi/home/userexternal/mdasilva/user/mdasilva/SAM-3km/post_cyclone/rcm/track/va_SAM-3km_ECMWF-ERA5_evaluation_r1i1p1f1_ICTP-RegCM5_1hr_2021.nc<
                No such file or directory
cdo    selhour: Open failed on >/marconi/home/userexternal/mdasilva/user/mdasilva/SAM-3km/post_cyclone/rcm/track/va_SAM-3km_ECMWF-ERA5_evaluation_r1i1p1f1_ICTP-RegCM5_1hr_2021.nc<
                No such file or directory
