INFO - MainProcess: Execution started
INFO - MainProcess: Execution started
INFO - MainProcess: Execution started
INFO - MainProcess: Execution started
INFO - Subordinate 1: Saving variable ua
INFO - Subordinate 2: Saving variable va
INFO - Subordinate 3: Saving variable ta
INFO - Subordinate 4: Saving variable hus
INFO - Subordinate 1: Saving variable clwvi
INFO - Subordinate 2: Saving variable clivi
INFO - Subordinate 5: Saving variable zg
INFO - Subordinate 6: Saving variable wa
INFO - Subordinate 7: Saving variable mrsol
INFO - Subordinate 3: Saving variable rlut
INFO - Subordinate 4: Saving variable rsut
INFO - Subordinate 5: Saving variable rsdt
INFO - Subordinate 6: Saving variable clh
INFO - Subordinate 8: Saving variable mrso
INFO - Subordinate 9: Saving variable tsl
INFO - Subordinate 7: Saving variable clm
INFO - Subordinate 8: Saving variable cll
INFO - Subordinate 7: Writing on file /leonardo_work/ICT26_ESP/CORDEX-CMIP6/DD/CSAM-3/ICTP/ERA5/evaluation/r1i1p1f1/RegCM5-0/v1-r1/1hr/clm/clm_CSAM-3_ERA5_evaluation_r1i1p1f1_ICTP_RegCM5-0_v1-r1_1hr_200704010100-200704020000.nc
INFO - Subordinate 3: Writing on file /leonardo_work/ICT26_ESP/CORDEX-CMIP6/DD/CSAM-3/ICTP/ERA5/evaluation/r1i1p1f1/RegCM5-0/v1-r1/1hr/rlut/rlut_CSAM-3_ERA5_evaluation_r1i1p1f1_ICTP_RegCM5-0_v1-r1_1hr_200704010100-200704020000.nc
INFO - Subordinate 1: Writing on file /leonardo_work/ICT26_ESP/CORDEX-CMIP6/DD/CSAM-3/ICTP/ERA5/evaluation/r1i1p1f1/RegCM5-0/v1-r1/1hr/clwvi/clwvi_CSAM-3_ERA5_evaluation_r1i1p1f1_ICTP_RegCM5-0_v1-r1_1hr_200704010100-200704020000.nc
INFO - Subordinate 4: Writing on file /leonardo_work/ICT26_ESP/CORDEX-CMIP6/DD/CSAM-3/ICTP/ERA5/evaluation/r1i1p1f1/RegCM5-0/v1-r1/1hr/rsut/rsut_CSAM-3_ERA5_evaluation_r1i1p1f1_ICTP_RegCM5-0_v1-r1_1hr_200704010100-200704020000.nc
INFO - Subordinate 5: Writing on file /leonardo_work/ICT26_ESP/CORDEX-CMIP6/DD/CSAM-3/ICTP/ERA5/evaluation/r1i1p1f1/RegCM5-0/v1-r1/1hr/rsdt/rsdt_CSAM-3_ERA5_evaluation_r1i1p1f1_ICTP_RegCM5-0_v1-r1_1hr_200704010100-200704020000.nc
INFO - Subordinate 8: Writing on file /leonardo_work/ICT26_ESP/CORDEX-CMIP6/DD/CSAM-3/ICTP/ERA5/evaluation/r1i1p1f1/RegCM5-0/v1-r1/1hr/cll/cll_CSAM-3_ERA5_evaluation_r1i1p1f1_ICTP_RegCM5-0_v1-r1_1hr_200704010100-200704020000.nc
INFO - Subordinate 6: Writing on file /leonardo_work/ICT26_ESP/CORDEX-CMIP6/DD/CSAM-3/ICTP/ERA5/evaluation/r1i1p1f1/RegCM5-0/v1-r1/1hr/clh/clh_CSAM-3_ERA5_evaluation_r1i1p1f1_ICTP_RegCM5-0_v1-r1_1hr_200704010100-200704020000.nc
INFO - Subordinate 2: Writing on file /leonardo_work/ICT26_ESP/CORDEX-CMIP6/DD/CSAM-3/ICTP/ERA5/evaluation/r1i1p1f1/RegCM5-0/v1-r1/1hr/clivi/clivi_CSAM-3_ERA5_evaluation_r1i1p1f1_ICTP_RegCM5-0_v1-r1_1hr_200704010100-200704020000.nc
INFO - Subordinate 8: Writing on file /leonardo_work/ICT26_ESP/CORDEX-CMIP6/DD/CSAM-3/ICTP/ERA5/evaluation/r1i1p1f1/RegCM5-0/v1-r1/1hr/mrso/mrso_CSAM-3_ERA5_evaluation_r1i1p1f1_ICTP_RegCM5-0_v1-r1_1hr_200704010100-200704020000.nc
INFO - Subordinate 7: Writing on file /leonardo_work/ICT26_ESP/CORDEX-CMIP6/DD/CSAM-3/ICTP/ERA5/evaluation/r1i1p1f1/RegCM5-0/v1-r1/1hr/mrsol/mrsol_CSAM-3_ERA5_evaluation_r1i1p1f1_ICTP_RegCM5-0_v1-r1_1hr_200704010100-200704020000.nc
INFO - Subordinate 9: Writing on file /leonardo_work/ICT26_ESP/CORDEX-CMIP6/DD/CSAM-3/ICTP/ERA5/evaluation/r1i1p1f1/RegCM5-0/v1-r1/1hr/tsl/tsl_CSAM-3_ERA5_evaluation_r1i1p1f1_ICTP_RegCM5-0_v1-r1_1hr_200704010100-200704020000.nc
INFO - Subordinate 1: Saving variable prmean
INFO - Subordinate 2: Saving variable psmean
INFO - Subordinate 3: Saving variable tasmean
INFO - Subordinate 4: Saving variable tasmax
INFO - Subordinate 5: Saving variable tasmin
INFO - Subordinate 6: Saving variable sfcwindmax
INFO - Subordinate 7: Saving variable sundmean
INFO - Subordinate 8: Saving variable wsgsmax
INFO - Subordinate 1: Writing on file /leonardo_work/ICT26_ESP/CORDEX-CMIP6/DD/CSAM-3/ICTP/ERA5/evaluation/r1i1p1f1/RegCM5-0/v1-r1/day/pr/pr_CSAM-3_ERA5_evaluation_r1i1p1f1_ICTP_RegCM5-0_v1-r1_day_20070401-20070401.nc
INFO - Subordinate 2: Writing on file /leonardo_work/ICT26_ESP/CORDEX-CMIP6/DD/CSAM-3/ICTP/ERA5/evaluation/r1i1p1f1/RegCM5-0/v1-r1/day/ps/ps_CSAM-3_ERA5_evaluation_r1i1p1f1_ICTP_RegCM5-0_v1-r1_day_20070401-20070401.nc
INFO - Subordinate 5: Writing on file /leonardo_work/ICT26_ESP/CORDEX-CMIP6/DD/CSAM-3/ICTP/ERA5/evaluation/r1i1p1f1/RegCM5-0/v1-r1/day/tasmin/tasmin_CSAM-3_ERA5_evaluation_r1i1p1f1_ICTP_RegCM5-0_v1-r1_day_20070401-20070401.nc
INFO - Subordinate 4: Writing on file /leonardo_work/ICT26_ESP/CORDEX-CMIP6/DD/CSAM-3/ICTP/ERA5/evaluation/r1i1p1f1/RegCM5-0/v1-r1/day/tasmax/tasmax_CSAM-3_ERA5_evaluation_r1i1p1f1_ICTP_RegCM5-0_v1-r1_day_20070401-20070401.nc
INFO - Subordinate 3: Writing on file /leonardo_work/ICT26_ESP/CORDEX-CMIP6/DD/CSAM-3/ICTP/ERA5/evaluation/r1i1p1f1/RegCM5-0/v1-r1/day/tas/tas_CSAM-3_ERA5_evaluation_r1i1p1f1_ICTP_RegCM5-0_v1-r1_day_20070401-20070401.nc
INFO - Subordinate 6: Writing on file /leonardo_work/ICT26_ESP/CORDEX-CMIP6/DD/CSAM-3/ICTP/ERA5/evaluation/r1i1p1f1/RegCM5-0/v1-r1/day/sfcWindmax/sfcWindmax_CSAM-3_ERA5_evaluation_r1i1p1f1_ICTP_RegCM5-0_v1-r1_day_20070401-20070401.nc
INFO - Subordinate 8: Writing on file /leonardo_work/ICT26_ESP/CORDEX-CMIP6/DD/CSAM-3/ICTP/ERA5/evaluation/r1i1p1f1/RegCM5-0/v1-r1/day/wsgsmax/wsgsmax_CSAM-3_ERA5_evaluation_r1i1p1f1_ICTP_RegCM5-0_v1-r1_day_20070401-20070401.nc
INFO - Subordinate 7: Writing on file /leonardo_work/ICT26_ESP/CORDEX-CMIP6/DD/CSAM-3/ICTP/ERA5/evaluation/r1i1p1f1/RegCM5-0/v1-r1/day/sund/sund_CSAM-3_ERA5_evaluation_r1i1p1f1_ICTP_RegCM5-0_v1-r1_day_20070401-20070401.nc
INFO - Subordinate 1: Saving variable tas
INFO - Subordinate 2: Saving variable pr
INFO - Subordinate 3: Saving variable evspsbl
INFO - Subordinate 4: Saving variable huss
INFO - Subordinate 5: Saving variable hurs
INFO - Subordinate 6: Saving variable ps
INFO - Subordinate 7: Saving variable psl
INFO - Subordinate 8: Saving variable sfcwind
INFO - Subordinate 9: Saving variable uas
INFO - Subordinate 10: Saving variable vas
INFO - Subordinate 11: Saving variable clt
INFO - Subordinate 12: Saving variable rsds
INFO - Subordinate 13: Saving variable rlds
INFO - Subordinate 14: Saving variable ts
INFO - Subordinate 15: Saving variable prhmax
INFO - Subordinate 16: Saving variable prsn
INFO - Subordinate 17: Saving variable tauu
INFO - Subordinate 18: Saving variable tauv
INFO - Subordinate 19: Saving variable zmla
INFO - Subordinate 20: Saving variable prw
INFO - Subordinate 2: Writing on file /leonardo_work/ICT26_ESP/CORDEX-CMIP6/DD/CSAM-3/ICTP/ERA5/evaluation/r1i1p1f1/RegCM5-0/v1-r1/1hr/pr/pr_CSAM-3_ERA5_evaluation_r1i1p1f1_ICTP_RegCM5-0_v1-r1_1hr_200704010100-200704020000.nc
INFO - Subordinate 1: Writing on file /leonardo_work/ICT26_ESP/CORDEX-CMIP6/DD/CSAM-3/ICTP/ERA5/evaluation/r1i1p1f1/RegCM5-0/v1-r1/1hr/tas/tas_CSAM-3_ERA5_evaluation_r1i1p1f1_ICTP_RegCM5-0_v1-r1_1hr_200704010100-200704020000.nc
INFO - Subordinate 3: Writing on file /leonardo_work/ICT26_ESP/CORDEX-CMIP6/DD/CSAM-3/ICTP/ERA5/evaluation/r1i1p1f1/RegCM5-0/v1-r1/1hr/evspsbl/evspsbl_CSAM-3_ERA5_evaluation_r1i1p1f1_ICTP_RegCM5-0_v1-r1_1hr_200704010100-200704020000.nc
INFO - Subordinate 6: Writing on file /leonardo_work/ICT26_ESP/CORDEX-CMIP6/DD/CSAM-3/ICTP/ERA5/evaluation/r1i1p1f1/RegCM5-0/v1-r1/1hr/ps/ps_CSAM-3_ERA5_evaluation_r1i1p1f1_ICTP_RegCM5-0_v1-r1_1hr_200704010100-200704020000.nc
INFO - Subordinate 4: Writing on file /leonardo_work/ICT26_ESP/CORDEX-CMIP6/DD/CSAM-3/ICTP/ERA5/evaluation/r1i1p1f1/RegCM5-0/v1-r1/1hr/huss/huss_CSAM-3_ERA5_evaluation_r1i1p1f1_ICTP_RegCM5-0_v1-r1_1hr_200704010100-200704020000.nc
INFO - Subordinate 5: Writing on file /leonardo_work/ICT26_ESP/CORDEX-CMIP6/DD/CSAM-3/ICTP/ERA5/evaluation/r1i1p1f1/RegCM5-0/v1-r1/1hr/hurs/hurs_CSAM-3_ERA5_evaluation_r1i1p1f1_ICTP_RegCM5-0_v1-r1_1hr_200704010100-200704020000.nc
INFO - Subordinate 7: Writing on file /leonardo_work/ICT26_ESP/CORDEX-CMIP6/DD/CSAM-3/ICTP/ERA5/evaluation/r1i1p1f1/RegCM5-0/v1-r1/1hr/psl/psl_CSAM-3_ERA5_evaluation_r1i1p1f1_ICTP_RegCM5-0_v1-r1_1hr_200704010100-200704020000.nc
INFO - Subordinate 8: Writing on file /leonardo_work/ICT26_ESP/CORDEX-CMIP6/DD/CSAM-3/ICTP/ERA5/evaluation/r1i1p1f1/RegCM5-0/v1-r1/1hr/sfcWind/sfcWind_CSAM-3_ERA5_evaluation_r1i1p1f1_ICTP_RegCM5-0_v1-r1_1hr_200704010100-200704020000.nc
INFO - Subordinate 9: Writing on file /leonardo_work/ICT26_ESP/CORDEX-CMIP6/DD/CSAM-3/ICTP/ERA5/evaluation/r1i1p1f1/RegCM5-0/v1-r1/1hr/uas/uas_CSAM-3_ERA5_evaluation_r1i1p1f1_ICTP_RegCM5-0_v1-r1_1hr_200704010100-200704020000.nc
INFO - Subordinate 10: Writing on file /leonardo_work/ICT26_ESP/CORDEX-CMIP6/DD/CSAM-3/ICTP/ERA5/evaluation/r1i1p1f1/RegCM5-0/v1-r1/1hr/vas/vas_CSAM-3_ERA5_evaluation_r1i1p1f1_ICTP_RegCM5-0_v1-r1_1hr_200704010100-200704020000.nc
INFO - Subordinate 11: Writing on file /leonardo_work/ICT26_ESP/CORDEX-CMIP6/DD/CSAM-3/ICTP/ERA5/evaluation/r1i1p1f1/RegCM5-0/v1-r1/1hr/clt/clt_CSAM-3_ERA5_evaluation_r1i1p1f1_ICTP_RegCM5-0_v1-r1_1hr_200704010100-200704020000.nc
INFO - Subordinate 12: Writing on file /leonardo_work/ICT26_ESP/CORDEX-CMIP6/DD/CSAM-3/ICTP/ERA5/evaluation/r1i1p1f1/RegCM5-0/v1-r1/1hr/rsds/rsds_CSAM-3_ERA5_evaluation_r1i1p1f1_ICTP_RegCM5-0_v1-r1_1hr_200704010100-200704020000.nc
INFO - Subordinate 13: Writing on file /leonardo_work/ICT26_ESP/CORDEX-CMIP6/DD/CSAM-3/ICTP/ERA5/evaluation/r1i1p1f1/RegCM5-0/v1-r1/1hr/rlds/rlds_CSAM-3_ERA5_evaluation_r1i1p1f1_ICTP_RegCM5-0_v1-r1_1hr_200704010100-200704020000.nc
INFO - Subordinate 14: Writing on file /leonardo_work/ICT26_ESP/CORDEX-CMIP6/DD/CSAM-3/ICTP/ERA5/evaluation/r1i1p1f1/RegCM5-0/v1-r1/1hr/ts/ts_CSAM-3_ERA5_evaluation_r1i1p1f1_ICTP_RegCM5-0_v1-r1_1hr_200704010100-200704020000.nc
INFO - Subordinate 16: Writing on file /leonardo_work/ICT26_ESP/CORDEX-CMIP6/DD/CSAM-3/ICTP/ERA5/evaluation/r1i1p1f1/RegCM5-0/v1-r1/1hr/prsn/prsn_CSAM-3_ERA5_evaluation_r1i1p1f1_ICTP_RegCM5-0_v1-r1_1hr_200704010100-200704020000.nc
INFO - Subordinate 17: Writing on file /leonardo_work/ICT26_ESP/CORDEX-CMIP6/DD/CSAM-3/ICTP/ERA5/evaluation/r1i1p1f1/RegCM5-0/v1-r1/1hr/tauu/tauu_CSAM-3_ERA5_evaluation_r1i1p1f1_ICTP_RegCM5-0_v1-r1_1hr_200704010100-200704020000.nc
INFO - Subordinate 18: Writing on file /leonardo_work/ICT26_ESP/CORDEX-CMIP6/DD/CSAM-3/ICTP/ERA5/evaluation/r1i1p1f1/RegCM5-0/v1-r1/1hr/tauv/tauv_CSAM-3_ERA5_evaluation_r1i1p1f1_ICTP_RegCM5-0_v1-r1_1hr_200704010100-200704020000.nc
INFO - Subordinate 19: Writing on file /leonardo_work/ICT26_ESP/CORDEX-CMIP6/DD/CSAM-3/ICTP/ERA5/evaluation/r1i1p1f1/RegCM5-0/v1-r1/1hr/zmla/zmla_CSAM-3_ERA5_evaluation_r1i1p1f1_ICTP_RegCM5-0_v1-r1_1hr_200704010100-200704020000.nc
INFO - Subordinate 20: Writing on file /leonardo_work/ICT26_ESP/CORDEX-CMIP6/DD/CSAM-3/ICTP/ERA5/evaluation/r1i1p1f1/RegCM5-0/v1-r1/1hr/prw/prw_CSAM-3_ERA5_evaluation_r1i1p1f1_ICTP_RegCM5-0_v1-r1_1hr_200704010100-200704020000.nc
INFO - Subordinate 4: Finished writing on file /leonardo_work/ICT26_ESP/CORDEX-CMIP6/DD/CSAM-3/ICTP/ERA5/evaluation/r1i1p1f1/RegCM5-0/v1-r1/day/tasmax/tasmax_CSAM-3_ERA5_evaluation_r1i1p1f1_ICTP_RegCM5-0_v1-r1_day_20070401-20070401.nc
INFO - Subordinate 4: Variable tasmax saved using action number 0
INFO - Subordinate 5: Finished writing on file /leonardo_work/ICT26_ESP/CORDEX-CMIP6/DD/CSAM-3/ICTP/ERA5/evaluation/r1i1p1f1/RegCM5-0/v1-r1/day/tasmin/tasmin_CSAM-3_ERA5_evaluation_r1i1p1f1_ICTP_RegCM5-0_v1-r1_day_20070401-20070401.nc
INFO - Subordinate 5: Variable tasmin saved using action number 0
INFO - Subordinate 7: Finished writing on file /leonardo_work/ICT26_ESP/CORDEX-CMIP6/DD/CSAM-3/ICTP/ERA5/evaluation/r1i1p1f1/RegCM5-0/v1-r1/day/sund/sund_CSAM-3_ERA5_evaluation_r1i1p1f1_ICTP_RegCM5-0_v1-r1_day_20070401-20070401.nc
INFO - Subordinate 7: Variable sundmean saved using action number 0
INFO - Subordinate 8: Finished writing on file /leonardo_work/ICT26_ESP/CORDEX-CMIP6/DD/CSAM-3/ICTP/ERA5/evaluation/r1i1p1f1/RegCM5-0/v1-r1/day/wsgsmax/wsgsmax_CSAM-3_ERA5_evaluation_r1i1p1f1_ICTP_RegCM5-0_v1-r1_day_20070401-20070401.nc
INFO - Subordinate 8: Variable wsgsmax saved using action number 0
INFO - Subordinate 3: Finished writing on file /leonardo_work/ICT26_ESP/CORDEX-CMIP6/DD/CSAM-3/ICTP/ERA5/evaluation/r1i1p1f1/RegCM5-0/v1-r1/day/tas/tas_CSAM-3_ERA5_evaluation_r1i1p1f1_ICTP_RegCM5-0_v1-r1_day_20070401-20070401.nc
INFO - Subordinate 3: Variable tasmean saved using action number 0
INFO - Subordinate 6: Finished writing on file /leonardo_work/ICT26_ESP/CORDEX-CMIP6/DD/CSAM-3/ICTP/ERA5/evaluation/r1i1p1f1/RegCM5-0/v1-r1/day/sfcWindmax/sfcWindmax_CSAM-3_ERA5_evaluation_r1i1p1f1_ICTP_RegCM5-0_v1-r1_day_20070401-20070401.nc
INFO - Subordinate 6: Variable sfcwindmax saved using action number 0
INFO - Subordinate 1: Finished writing on file /leonardo_work/ICT26_ESP/CORDEX-CMIP6/DD/CSAM-3/ICTP/ERA5/evaluation/r1i1p1f1/RegCM5-0/v1-r1/day/pr/pr_CSAM-3_ERA5_evaluation_r1i1p1f1_ICTP_RegCM5-0_v1-r1_day_20070401-20070401.nc
INFO - Subordinate 1: Variable prmean saved using action number 0
INFO - Subordinate 2: Finished writing on file /leonardo_work/ICT26_ESP/CORDEX-CMIP6/DD/CSAM-3/ICTP/ERA5/evaluation/r1i1p1f1/RegCM5-0/v1-r1/day/ps/ps_CSAM-3_ERA5_evaluation_r1i1p1f1_ICTP_RegCM5-0_v1-r1_day_20070401-20070401.nc
INFO - Subordinate 2: Variable psmean saved using action number 0
INFO - Subordinate 15: Writing on file /leonardo_work/ICT26_ESP/CORDEX-CMIP6/DD/CSAM-3/ICTP/ERA5/evaluation/r1i1p1f1/RegCM5-0/v1-r1/day/prhmax/prhmax_CSAM-3_ERA5_evaluation_r1i1p1f1_ICTP_RegCM5-0_v1-r1_day_20070401-20070401.nc
INFO - Subordinate 15: Finished writing on file /leonardo_work/ICT26_ESP/CORDEX-CMIP6/DD/CSAM-3/ICTP/ERA5/evaluation/r1i1p1f1/RegCM5-0/v1-r1/day/prhmax/prhmax_CSAM-3_ERA5_evaluation_r1i1p1f1_ICTP_RegCM5-0_v1-r1_day_20070401-20070401.nc
INFO - Subordinate 15: Variable prhmax saved using action number 0
INFO - Subordinate 21: Saving variable rsus
INFO - Subordinate 5: Finished writing on file /leonardo_work/ICT26_ESP/CORDEX-CMIP6/DD/CSAM-3/ICTP/ERA5/evaluation/r1i1p1f1/RegCM5-0/v1-r1/1hr/rsdt/rsdt_CSAM-3_ERA5_evaluation_r1i1p1f1_ICTP_RegCM5-0_v1-r1_1hr_200704010100-200704020000.nc
INFO - Subordinate 21: Writing on file /leonardo_work/ICT26_ESP/CORDEX-CMIP6/DD/CSAM-3/ICTP/ERA5/evaluation/r1i1p1f1/RegCM5-0/v1-r1/1hr/rsus/rsus_CSAM-3_ERA5_evaluation_r1i1p1f1_ICTP_RegCM5-0_v1-r1_1hr_200704010100-200704020000.nc
INFO - Subordinate 7: Finished writing on file /leonardo_work/ICT26_ESP/CORDEX-CMIP6/DD/CSAM-3/ICTP/ERA5/evaluation/r1i1p1f1/RegCM5-0/v1-r1/1hr/clm/clm_CSAM-3_ERA5_evaluation_r1i1p1f1_ICTP_RegCM5-0_v1-r1_1hr_200704010100-200704020000.nc
INFO - Subordinate 7: Finished writing on file /leonardo_work/ICT26_ESP/CORDEX-CMIP6/DD/CSAM-3/ICTP/ERA5/evaluation/r1i1p1f1/RegCM5-0/v1-r1/1hr/psl/psl_CSAM-3_ERA5_evaluation_r1i1p1f1_ICTP_RegCM5-0_v1-r1_1hr_200704010100-200704020000.nc
INFO - Subordinate 7: Writing on file /leonardo_work/ICT26_ESP/CORDEX-CMIP6/DD/CSAM-3/ICTP/ERA5/evaluation/r1i1p1f1/RegCM5-0/v1-r1/6hr/clm/clm_CSAM-3_ERA5_evaluation_r1i1p1f1_ICTP_RegCM5-0_v1-r1_6hr_200704010100-200704020000.nc
INFO - Subordinate 16: Finished writing on file /leonardo_work/ICT26_ESP/CORDEX-CMIP6/DD/CSAM-3/ICTP/ERA5/evaluation/r1i1p1f1/RegCM5-0/v1-r1/1hr/prsn/prsn_CSAM-3_ERA5_evaluation_r1i1p1f1_ICTP_RegCM5-0_v1-r1_1hr_200704010100-200704020000.nc
INFO - Subordinate 16: Writing on file /leonardo_work/ICT26_ESP/CORDEX-CMIP6/DD/CSAM-3/ICTP/ERA5/evaluation/r1i1p1f1/RegCM5-0/v1-r1/day/prsn/prsn_CSAM-3_ERA5_evaluation_r1i1p1f1_ICTP_RegCM5-0_v1-r1_day_20070401-20070401.nc
INFO - Subordinate 5: Writing on file /leonardo_work/ICT26_ESP/CORDEX-CMIP6/DD/CSAM-3/ICTP/ERA5/evaluation/r1i1p1f1/RegCM5-0/v1-r1/day/rsdt/rsdt_CSAM-3_ERA5_evaluation_r1i1p1f1_ICTP_RegCM5-0_v1-r1_day_20070401-20070401.nc
INFO - Subordinate 4: Finished writing on file /leonardo_work/ICT26_ESP/CORDEX-CMIP6/DD/CSAM-3/ICTP/ERA5/evaluation/r1i1p1f1/RegCM5-0/v1-r1/1hr/rsut/rsut_CSAM-3_ERA5_evaluation_r1i1p1f1_ICTP_RegCM5-0_v1-r1_1hr_200704010100-200704020000.nc
INFO - Subordinate 8: Finished writing on file /leonardo_work/ICT26_ESP/CORDEX-CMIP6/DD/CSAM-3/ICTP/ERA5/evaluation/r1i1p1f1/RegCM5-0/v1-r1/1hr/mrso/mrso_CSAM-3_ERA5_evaluation_r1i1p1f1_ICTP_RegCM5-0_v1-r1_1hr_200704010100-200704020000.nc
INFO - Subordinate 7: Writing on file /leonardo_work/ICT26_ESP/CORDEX-CMIP6/DD/CSAM-3/ICTP/ERA5/evaluation/r1i1p1f1/RegCM5-0/v1-r1/day/psl/psl_CSAM-3_ERA5_evaluation_r1i1p1f1_ICTP_RegCM5-0_v1-r1_day_20070401-20070401.nc
INFO - Subordinate 16: Finished writing on file /leonardo_work/ICT26_ESP/CORDEX-CMIP6/DD/CSAM-3/ICTP/ERA5/evaluation/r1i1p1f1/RegCM5-0/v1-r1/day/prsn/prsn_CSAM-3_ERA5_evaluation_r1i1p1f1_ICTP_RegCM5-0_v1-r1_day_20070401-20070401.nc
INFO - Subordinate 16: Variable prsn saved using action number 0
INFO - Subordinate 12: Finished writing on file /leonardo_work/ICT26_ESP/CORDEX-CMIP6/DD/CSAM-3/ICTP/ERA5/evaluation/r1i1p1f1/RegCM5-0/v1-r1/1hr/rsds/rsds_CSAM-3_ERA5_evaluation_r1i1p1f1_ICTP_RegCM5-0_v1-r1_1hr_200704010100-200704020000.nc
INFO - Subordinate 5: Finished writing on file /leonardo_work/ICT26_ESP/CORDEX-CMIP6/DD/CSAM-3/ICTP/ERA5/evaluation/r1i1p1f1/RegCM5-0/v1-r1/day/rsdt/rsdt_CSAM-3_ERA5_evaluation_r1i1p1f1_ICTP_RegCM5-0_v1-r1_day_20070401-20070401.nc
INFO - Subordinate 5: Variable rsdt saved using action number 0
INFO - Subordinate 4: Writing on file /leonardo_work/ICT26_ESP/CORDEX-CMIP6/DD/CSAM-3/ICTP/ERA5/evaluation/r1i1p1f1/RegCM5-0/v1-r1/day/rsut/rsut_CSAM-3_ERA5_evaluation_r1i1p1f1_ICTP_RegCM5-0_v1-r1_day_20070401-20070401.nc
INFO - Subordinate 8: Finished writing on file /leonardo_work/ICT26_ESP/CORDEX-CMIP6/DD/CSAM-3/ICTP/ERA5/evaluation/r1i1p1f1/RegCM5-0/v1-r1/1hr/cll/cll_CSAM-3_ERA5_evaluation_r1i1p1f1_ICTP_RegCM5-0_v1-r1_1hr_200704010100-200704020000.nc
INFO - Subordinate 7: Finished writing on file /leonardo_work/ICT26_ESP/CORDEX-CMIP6/DD/CSAM-3/ICTP/ERA5/evaluation/r1i1p1f1/RegCM5-0/v1-r1/6hr/clm/clm_CSAM-3_ERA5_evaluation_r1i1p1f1_ICTP_RegCM5-0_v1-r1_6hr_200704010100-200704020000.nc
INFO - Subordinate 7: Finished writing on file /leonardo_work/ICT26_ESP/CORDEX-CMIP6/DD/CSAM-3/ICTP/ERA5/evaluation/r1i1p1f1/RegCM5-0/v1-r1/day/psl/psl_CSAM-3_ERA5_evaluation_r1i1p1f1_ICTP_RegCM5-0_v1-r1_day_20070401-20070401.nc
INFO - Subordinate 7: Variable psl saved using action number 0
INFO - Subordinate 6: Finished writing on file /leonardo_work/ICT26_ESP/CORDEX-CMIP6/DD/CSAM-3/ICTP/ERA5/evaluation/r1i1p1f1/RegCM5-0/v1-r1/1hr/clh/clh_CSAM-3_ERA5_evaluation_r1i1p1f1_ICTP_RegCM5-0_v1-r1_1hr_200704010100-200704020000.nc
INFO - Subordinate 12: Writing on file /leonardo_work/ICT26_ESP/CORDEX-CMIP6/DD/CSAM-3/ICTP/ERA5/evaluation/r1i1p1f1/RegCM5-0/v1-r1/day/rsds/rsds_CSAM-3_ERA5_evaluation_r1i1p1f1_ICTP_RegCM5-0_v1-r1_day_20070401-20070401.nc
INFO - Subordinate 5: Finished writing on file /leonardo_work/ICT26_ESP/CORDEX-CMIP6/DD/CSAM-3/ICTP/ERA5/evaluation/r1i1p1f1/RegCM5-0/v1-r1/1hr/hurs/hurs_CSAM-3_ERA5_evaluation_r1i1p1f1_ICTP_RegCM5-0_v1-r1_1hr_200704010100-200704020000.nc
INFO - Subordinate 2: Finished writing on file /leonardo_work/ICT26_ESP/CORDEX-CMIP6/DD/CSAM-3/ICTP/ERA5/evaluation/r1i1p1f1/RegCM5-0/v1-r1/1hr/clivi/clivi_CSAM-3_ERA5_evaluation_r1i1p1f1_ICTP_RegCM5-0_v1-r1_1hr_200704010100-200704020000.nc
INFO - Subordinate 8: Writing on file /leonardo_work/ICT26_ESP/CORDEX-CMIP6/DD/CSAM-3/ICTP/ERA5/evaluation/r1i1p1f1/RegCM5-0/v1-r1/6hr/cll/cll_CSAM-3_ERA5_evaluation_r1i1p1f1_ICTP_RegCM5-0_v1-r1_6hr_200704010100-200704020000.nc
INFO - Subordinate 4: Finished writing on file /leonardo_work/ICT26_ESP/CORDEX-CMIP6/DD/CSAM-3/ICTP/ERA5/evaluation/r1i1p1f1/RegCM5-0/v1-r1/day/rsut/rsut_CSAM-3_ERA5_evaluation_r1i1p1f1_ICTP_RegCM5-0_v1-r1_day_20070401-20070401.nc
INFO - Subordinate 4: Variable rsut saved using action number 0
INFO - Subordinate 8: Writing on file /leonardo_work/ICT26_ESP/CORDEX-CMIP6/DD/CSAM-3/ICTP/ERA5/evaluation/r1i1p1f1/RegCM5-0/v1-r1/day/mrso/mrso_CSAM-3_ERA5_evaluation_r1i1p1f1_ICTP_RegCM5-0_v1-r1_day_20070401-20070401.nc
INFO - Subordinate 1: Finished writing on file /leonardo_work/ICT26_ESP/CORDEX-CMIP6/DD/CSAM-3/ICTP/ERA5/evaluation/r1i1p1f1/RegCM5-0/v1-r1/1hr/clwvi/clwvi_CSAM-3_ERA5_evaluation_r1i1p1f1_ICTP_RegCM5-0_v1-r1_1hr_200704010100-200704020000.nc
INFO - Subordinate 6: Writing on file /leonardo_work/ICT26_ESP/CORDEX-CMIP6/DD/CSAM-3/ICTP/ERA5/evaluation/r1i1p1f1/RegCM5-0/v1-r1/6hr/clh/clh_CSAM-3_ERA5_evaluation_r1i1p1f1_ICTP_RegCM5-0_v1-r1_6hr_200704010100-200704020000.nc
INFO - Subordinate 3: Finished writing on file /leonardo_work/ICT26_ESP/CORDEX-CMIP6/DD/CSAM-3/ICTP/ERA5/evaluation/r1i1p1f1/RegCM5-0/v1-r1/1hr/rlut/rlut_CSAM-3_ERA5_evaluation_r1i1p1f1_ICTP_RegCM5-0_v1-r1_1hr_200704010100-200704020000.nc
INFO - Subordinate 7: Writing on file /leonardo_work/ICT26_ESP/CORDEX-CMIP6/DD/CSAM-3/ICTP/ERA5/evaluation/r1i1p1f1/RegCM5-0/v1-r1/day/clm/clm_CSAM-3_ERA5_evaluation_r1i1p1f1_ICTP_RegCM5-0_v1-r1_day_20070401-20070401.nc
INFO - Subordinate 6: Finished writing on file /leonardo_work/ICT26_ESP/CORDEX-CMIP6/DD/CSAM-3/ICTP/ERA5/evaluation/r1i1p1f1/RegCM5-0/v1-r1/1hr/ps/ps_CSAM-3_ERA5_evaluation_r1i1p1f1_ICTP_RegCM5-0_v1-r1_1hr_200704010100-200704020000.nc
INFO - Subordinate 6: Variable ps saved using action number 0
INFO - Subordinate 1: Finished writing on file /leonardo_work/ICT26_ESP/CORDEX-CMIP6/DD/CSAM-3/ICTP/ERA5/evaluation/r1i1p1f1/RegCM5-0/v1-r1/1hr/tas/tas_CSAM-3_ERA5_evaluation_r1i1p1f1_ICTP_RegCM5-0_v1-r1_1hr_200704010100-200704020000.nc
INFO - Subordinate 1: Variable tas saved using action number 0
INFO - Subordinate 2: Finished writing on file /leonardo_work/ICT26_ESP/CORDEX-CMIP6/DD/CSAM-3/ICTP/ERA5/evaluation/r1i1p1f1/RegCM5-0/v1-r1/1hr/pr/pr_CSAM-3_ERA5_evaluation_r1i1p1f1_ICTP_RegCM5-0_v1-r1_1hr_200704010100-200704020000.nc
INFO - Subordinate 2: Variable pr saved using action number 0
INFO - Subordinate 12: Finished writing on file /leonardo_work/ICT26_ESP/CORDEX-CMIP6/DD/CSAM-3/ICTP/ERA5/evaluation/r1i1p1f1/RegCM5-0/v1-r1/day/rsds/rsds_CSAM-3_ERA5_evaluation_r1i1p1f1_ICTP_RegCM5-0_v1-r1_day_20070401-20070401.nc
INFO - Subordinate 12: Variable rsds saved using action number 0
INFO - Subordinate 5: Writing on file /leonardo_work/ICT26_ESP/CORDEX-CMIP6/DD/CSAM-3/ICTP/ERA5/evaluation/r1i1p1f1/RegCM5-0/v1-r1/day/hurs/hurs_CSAM-3_ERA5_evaluation_r1i1p1f1_ICTP_RegCM5-0_v1-r1_day_20070401-20070401.nc
INFO - Subordinate 2: Writing on file /leonardo_work/ICT26_ESP/CORDEX-CMIP6/DD/CSAM-3/ICTP/ERA5/evaluation/r1i1p1f1/RegCM5-0/v1-r1/day/clivi/clivi_CSAM-3_ERA5_evaluation_r1i1p1f1_ICTP_RegCM5-0_v1-r1_day_20070401-20070401.nc
INFO - Subordinate 3: Writing on file /leonardo_work/ICT26_ESP/CORDEX-CMIP6/DD/CSAM-3/ICTP/ERA5/evaluation/r1i1p1f1/RegCM5-0/v1-r1/day/rlut/rlut_CSAM-3_ERA5_evaluation_r1i1p1f1_ICTP_RegCM5-0_v1-r1_day_20070401-20070401.nc
INFO - Subordinate 1: Writing on file /leonardo_work/ICT26_ESP/CORDEX-CMIP6/DD/CSAM-3/ICTP/ERA5/evaluation/r1i1p1f1/RegCM5-0/v1-r1/day/clwvi/clwvi_CSAM-3_ERA5_evaluation_r1i1p1f1_ICTP_RegCM5-0_v1-r1_day_20070401-20070401.nc
INFO - Subordinate 7: Finished writing on file /leonardo_work/ICT26_ESP/CORDEX-CMIP6/DD/CSAM-3/ICTP/ERA5/evaluation/r1i1p1f1/RegCM5-0/v1-r1/day/clm/clm_CSAM-3_ERA5_evaluation_r1i1p1f1_ICTP_RegCM5-0_v1-r1_day_20070401-20070401.nc
INFO - Subordinate 7: Variable clm saved using action number 0
INFO - Subordinate 8: Finished writing on file /leonardo_work/ICT26_ESP/CORDEX-CMIP6/DD/CSAM-3/ICTP/ERA5/evaluation/r1i1p1f1/RegCM5-0/v1-r1/day/mrso/mrso_CSAM-3_ERA5_evaluation_r1i1p1f1_ICTP_RegCM5-0_v1-r1_day_20070401-20070401.nc
INFO - Subordinate 8: Variable mrso saved using action number 0
INFO - Subordinate 19: Finished writing on file /leonardo_work/ICT26_ESP/CORDEX-CMIP6/DD/CSAM-3/ICTP/ERA5/evaluation/r1i1p1f1/RegCM5-0/v1-r1/1hr/zmla/zmla_CSAM-3_ERA5_evaluation_r1i1p1f1_ICTP_RegCM5-0_v1-r1_1hr_200704010100-200704020000.nc
INFO - Subordinate 22: Saving variable rlus
INFO - Subordinate 23: Saving variable hfss
INFO - Subordinate 24: Saving variable hfls
INFO - Subordinate 25: Saving variable ua50m
INFO - Subordinate 26: Saving variable ua100m
INFO - Subordinate 27: Saving variable ua150m
INFO - Subordinate 14: Finished writing on file /leonardo_work/ICT26_ESP/CORDEX-CMIP6/DD/CSAM-3/ICTP/ERA5/evaluation/r1i1p1f1/RegCM5-0/v1-r1/1hr/ts/ts_CSAM-3_ERA5_evaluation_r1i1p1f1_ICTP_RegCM5-0_v1-r1_1hr_200704010100-200704020000.nc
INFO - Subordinate 4: Finished writing on file /leonardo_work/ICT26_ESP/CORDEX-CMIP6/DD/CSAM-3/ICTP/ERA5/evaluation/r1i1p1f1/RegCM5-0/v1-r1/1hr/huss/huss_CSAM-3_ERA5_evaluation_r1i1p1f1_ICTP_RegCM5-0_v1-r1_1hr_200704010100-200704020000.nc
INFO - Subordinate 22: Writing on file /leonardo_work/ICT26_ESP/CORDEX-CMIP6/DD/CSAM-3/ICTP/ERA5/evaluation/r1i1p1f1/RegCM5-0/v1-r1/1hr/rlus/rlus_CSAM-3_ERA5_evaluation_r1i1p1f1_ICTP_RegCM5-0_v1-r1_1hr_200704010100-200704020000.nc
INFO - Subordinate 24: Writing on file /leonardo_work/ICT26_ESP/CORDEX-CMIP6/DD/CSAM-3/ICTP/ERA5/evaluation/r1i1p1f1/RegCM5-0/v1-r1/1hr/hfls/hfls_CSAM-3_ERA5_evaluation_r1i1p1f1_ICTP_RegCM5-0_v1-r1_1hr_200704010100-200704020000.nc
INFO - Subordinate 23: Writing on file /leonardo_work/ICT26_ESP/CORDEX-CMIP6/DD/CSAM-3/ICTP/ERA5/evaluation/r1i1p1f1/RegCM5-0/v1-r1/1hr/hfss/hfss_CSAM-3_ERA5_evaluation_r1i1p1f1_ICTP_RegCM5-0_v1-r1_1hr_200704010100-200704020000.nc
INFO - Subordinate 25: Writing on file /leonardo_work/ICT26_ESP/CORDEX-CMIP6/DD/CSAM-3/ICTP/ERA5/evaluation/r1i1p1f1/RegCM5-0/v1-r1/1hr/ua50m/ua50m_CSAM-3_ERA5_evaluation_r1i1p1f1_ICTP_RegCM5-0_v1-r1_1hr_200704010100-200704020000.nc
INFO - Subordinate 27: Writing on file /leonardo_work/ICT26_ESP/CORDEX-CMIP6/DD/CSAM-3/ICTP/ERA5/evaluation/r1i1p1f1/RegCM5-0/v1-r1/1hr/ua150m/ua150m_CSAM-3_ERA5_evaluation_r1i1p1f1_ICTP_RegCM5-0_v1-r1_1hr_200704010100-200704020000.nc
INFO - Subordinate 26: Writing on file /leonardo_work/ICT26_ESP/CORDEX-CMIP6/DD/CSAM-3/ICTP/ERA5/evaluation/r1i1p1f1/RegCM5-0/v1-r1/1hr/ua100m/ua100m_CSAM-3_ERA5_evaluation_r1i1p1f1_ICTP_RegCM5-0_v1-r1_1hr_200704010100-200704020000.nc
INFO - Subordinate 6: Finished writing on file /leonardo_work/ICT26_ESP/CORDEX-CMIP6/DD/CSAM-3/ICTP/ERA5/evaluation/r1i1p1f1/RegCM5-0/v1-r1/6hr/clh/clh_CSAM-3_ERA5_evaluation_r1i1p1f1_ICTP_RegCM5-0_v1-r1_6hr_200704010100-200704020000.nc
INFO - Subordinate 8: Finished writing on file /leonardo_work/ICT26_ESP/CORDEX-CMIP6/DD/CSAM-3/ICTP/ERA5/evaluation/r1i1p1f1/RegCM5-0/v1-r1/6hr/cll/cll_CSAM-3_ERA5_evaluation_r1i1p1f1_ICTP_RegCM5-0_v1-r1_6hr_200704010100-200704020000.nc
INFO - Subordinate 5: Finished writing on file /leonardo_work/ICT26_ESP/CORDEX-CMIP6/DD/CSAM-3/ICTP/ERA5/evaluation/r1i1p1f1/RegCM5-0/v1-r1/day/hurs/hurs_CSAM-3_ERA5_evaluation_r1i1p1f1_ICTP_RegCM5-0_v1-r1_day_20070401-20070401.nc
INFO - Subordinate 5: Variable hurs saved using action number 0
INFO - Subordinate 3: Finished writing on file /leonardo_work/ICT26_ESP/CORDEX-CMIP6/DD/CSAM-3/ICTP/ERA5/evaluation/r1i1p1f1/RegCM5-0/v1-r1/day/rlut/rlut_CSAM-3_ERA5_evaluation_r1i1p1f1_ICTP_RegCM5-0_v1-r1_day_20070401-20070401.nc
INFO - Subordinate 3: Variable rlut saved using action number 0
INFO - Subordinate 13: Finished writing on file /leonardo_work/ICT26_ESP/CORDEX-CMIP6/DD/CSAM-3/ICTP/ERA5/evaluation/r1i1p1f1/RegCM5-0/v1-r1/1hr/rlds/rlds_CSAM-3_ERA5_evaluation_r1i1p1f1_ICTP_RegCM5-0_v1-r1_1hr_200704010100-200704020000.nc
INFO - Subordinate 2: Finished writing on file /leonardo_work/ICT26_ESP/CORDEX-CMIP6/DD/CSAM-3/ICTP/ERA5/evaluation/r1i1p1f1/RegCM5-0/v1-r1/day/clivi/clivi_CSAM-3_ERA5_evaluation_r1i1p1f1_ICTP_RegCM5-0_v1-r1_day_20070401-20070401.nc
INFO - Subordinate 2: Variable clivi saved using action number 0
INFO - Subordinate 20: Finished writing on file /leonardo_work/ICT26_ESP/CORDEX-CMIP6/DD/CSAM-3/ICTP/ERA5/evaluation/r1i1p1f1/RegCM5-0/v1-r1/1hr/prw/prw_CSAM-3_ERA5_evaluation_r1i1p1f1_ICTP_RegCM5-0_v1-r1_1hr_200704010100-200704020000.nc
INFO - Subordinate 1: Finished writing on file /leonardo_work/ICT26_ESP/CORDEX-CMIP6/DD/CSAM-3/ICTP/ERA5/evaluation/r1i1p1f1/RegCM5-0/v1-r1/day/clwvi/clwvi_CSAM-3_ERA5_evaluation_r1i1p1f1_ICTP_RegCM5-0_v1-r1_day_20070401-20070401.nc
INFO - Subordinate 1: Variable clwvi saved using action number 0
INFO - Subordinate 19: Writing on file /leonardo_work/ICT26_ESP/CORDEX-CMIP6/DD/CSAM-3/ICTP/ERA5/evaluation/r1i1p1f1/RegCM5-0/v1-r1/day/zmla/zmla_CSAM-3_ERA5_evaluation_r1i1p1f1_ICTP_RegCM5-0_v1-r1_day_20070401-20070401.nc
INFO - Subordinate 8: Finished writing on file /leonardo_work/ICT26_ESP/CORDEX-CMIP6/DD/CSAM-3/ICTP/ERA5/evaluation/r1i1p1f1/RegCM5-0/v1-r1/1hr/sfcWind/sfcWind_CSAM-3_ERA5_evaluation_r1i1p1f1_ICTP_RegCM5-0_v1-r1_1hr_200704010100-200704020000.nc
INFO - Subordinate 14: Writing on file /leonardo_work/ICT26_ESP/CORDEX-CMIP6/DD/CSAM-3/ICTP/ERA5/evaluation/r1i1p1f1/RegCM5-0/v1-r1/day/ts/ts_CSAM-3_ERA5_evaluation_r1i1p1f1_ICTP_RegCM5-0_v1-r1_day_20070401-20070401.nc
INFO - Subordinate 4: Writing on file /leonardo_work/ICT26_ESP/CORDEX-CMIP6/DD/CSAM-3/ICTP/ERA5/evaluation/r1i1p1f1/RegCM5-0/v1-r1/day/huss/huss_CSAM-3_ERA5_evaluation_r1i1p1f1_ICTP_RegCM5-0_v1-r1_day_20070401-20070401.nc
INFO - Subordinate 11: Finished writing on file /leonardo_work/ICT26_ESP/CORDEX-CMIP6/DD/CSAM-3/ICTP/ERA5/evaluation/r1i1p1f1/RegCM5-0/v1-r1/1hr/clt/clt_CSAM-3_ERA5_evaluation_r1i1p1f1_ICTP_RegCM5-0_v1-r1_1hr_200704010100-200704020000.nc
INFO - Subordinate 6: Writing on file /leonardo_work/ICT26_ESP/CORDEX-CMIP6/DD/CSAM-3/ICTP/ERA5/evaluation/r1i1p1f1/RegCM5-0/v1-r1/day/clh/clh_CSAM-3_ERA5_evaluation_r1i1p1f1_ICTP_RegCM5-0_v1-r1_day_20070401-20070401.nc
INFO - Subordinate 8: Writing on file /leonardo_work/ICT26_ESP/CORDEX-CMIP6/DD/CSAM-3/ICTP/ERA5/evaluation/r1i1p1f1/RegCM5-0/v1-r1/day/cll/cll_CSAM-3_ERA5_evaluation_r1i1p1f1_ICTP_RegCM5-0_v1-r1_day_20070401-20070401.nc
INFO - Subordinate 13: Writing on file /leonardo_work/ICT26_ESP/CORDEX-CMIP6/DD/CSAM-3/ICTP/ERA5/evaluation/r1i1p1f1/RegCM5-0/v1-r1/day/rlds/rlds_CSAM-3_ERA5_evaluation_r1i1p1f1_ICTP_RegCM5-0_v1-r1_day_20070401-20070401.nc
INFO - Subordinate 20: Writing on file /leonardo_work/ICT26_ESP/CORDEX-CMIP6/DD/CSAM-3/ICTP/ERA5/evaluation/r1i1p1f1/RegCM5-0/v1-r1/day/prw/prw_CSAM-3_ERA5_evaluation_r1i1p1f1_ICTP_RegCM5-0_v1-r1_day_20070401-20070401.nc
INFO - Subordinate 19: Finished writing on file /leonardo_work/ICT26_ESP/CORDEX-CMIP6/DD/CSAM-3/ICTP/ERA5/evaluation/r1i1p1f1/RegCM5-0/v1-r1/day/zmla/zmla_CSAM-3_ERA5_evaluation_r1i1p1f1_ICTP_RegCM5-0_v1-r1_day_20070401-20070401.nc
INFO - Subordinate 19: Variable zmla saved using action number 0
INFO - Subordinate 14: Finished writing on file /leonardo_work/ICT26_ESP/CORDEX-CMIP6/DD/CSAM-3/ICTP/ERA5/evaluation/r1i1p1f1/RegCM5-0/v1-r1/day/ts/ts_CSAM-3_ERA5_evaluation_r1i1p1f1_ICTP_RegCM5-0_v1-r1_day_20070401-20070401.nc
INFO - Subordinate 14: Variable ts saved using action number 0
INFO - Subordinate 4: Finished writing on file /leonardo_work/ICT26_ESP/CORDEX-CMIP6/DD/CSAM-3/ICTP/ERA5/evaluation/r1i1p1f1/RegCM5-0/v1-r1/day/huss/huss_CSAM-3_ERA5_evaluation_r1i1p1f1_ICTP_RegCM5-0_v1-r1_day_20070401-20070401.nc
INFO - Subordinate 4: Variable huss saved using action number 0
INFO - Subordinate 8: Writing on file /leonardo_work/ICT26_ESP/CORDEX-CMIP6/DD/CSAM-3/ICTP/ERA5/evaluation/r1i1p1f1/RegCM5-0/v1-r1/day/sfcWind/sfcWind_CSAM-3_ERA5_evaluation_r1i1p1f1_ICTP_RegCM5-0_v1-r1_day_20070401-20070401.nc
INFO - Subordinate 11: Writing on file /leonardo_work/ICT26_ESP/CORDEX-CMIP6/DD/CSAM-3/ICTP/ERA5/evaluation/r1i1p1f1/RegCM5-0/v1-r1/day/clt/clt_CSAM-3_ERA5_evaluation_r1i1p1f1_ICTP_RegCM5-0_v1-r1_day_20070401-20070401.nc
INFO - Subordinate 13: Finished writing on file /leonardo_work/ICT26_ESP/CORDEX-CMIP6/DD/CSAM-3/ICTP/ERA5/evaluation/r1i1p1f1/RegCM5-0/v1-r1/day/rlds/rlds_CSAM-3_ERA5_evaluation_r1i1p1f1_ICTP_RegCM5-0_v1-r1_day_20070401-20070401.nc
INFO - Subordinate 13: Variable rlds saved using action number 0
INFO - Subordinate 6: Finished writing on file /leonardo_work/ICT26_ESP/CORDEX-CMIP6/DD/CSAM-3/ICTP/ERA5/evaluation/r1i1p1f1/RegCM5-0/v1-r1/day/clh/clh_CSAM-3_ERA5_evaluation_r1i1p1f1_ICTP_RegCM5-0_v1-r1_day_20070401-20070401.nc
INFO - Subordinate 6: Variable clh saved using action number 0
INFO - Subordinate 8: Finished writing on file /leonardo_work/ICT26_ESP/CORDEX-CMIP6/DD/CSAM-3/ICTP/ERA5/evaluation/r1i1p1f1/RegCM5-0/v1-r1/day/cll/cll_CSAM-3_ERA5_evaluation_r1i1p1f1_ICTP_RegCM5-0_v1-r1_day_20070401-20070401.nc
INFO - Subordinate 8: Variable cll saved using action number 0
INFO - Subordinate 3: Finished writing on file /leonardo_work/ICT26_ESP/CORDEX-CMIP6/DD/CSAM-3/ICTP/ERA5/evaluation/r1i1p1f1/RegCM5-0/v1-r1/1hr/evspsbl/evspsbl_CSAM-3_ERA5_evaluation_r1i1p1f1_ICTP_RegCM5-0_v1-r1_1hr_200704010100-200704020000.nc
INFO - Subordinate 20: Finished writing on file /leonardo_work/ICT26_ESP/CORDEX-CMIP6/DD/CSAM-3/ICTP/ERA5/evaluation/r1i1p1f1/RegCM5-0/v1-r1/day/prw/prw_CSAM-3_ERA5_evaluation_r1i1p1f1_ICTP_RegCM5-0_v1-r1_day_20070401-20070401.nc
INFO - Subordinate 20: Variable prw saved using action number 0
INFO - Subordinate 8: Finished writing on file /leonardo_work/ICT26_ESP/CORDEX-CMIP6/DD/CSAM-3/ICTP/ERA5/evaluation/r1i1p1f1/RegCM5-0/v1-r1/day/sfcWind/sfcWind_CSAM-3_ERA5_evaluation_r1i1p1f1_ICTP_RegCM5-0_v1-r1_day_20070401-20070401.nc
INFO - Subordinate 8: Variable sfcwind saved using action number 0
INFO - Subordinate 28: Saving variable va50m
INFO - Subordinate 29: Saving variable va100m
INFO - Subordinate 30: Saving variable va150m
INFO - Subordinate 31: Saving variable ta50m
INFO - Subordinate 32: Saving variable hus50m
INFO - Subordinate 33: Saving variable mrros
INFO - Subordinate 29: Writing on file /leonardo_work/ICT26_ESP/CORDEX-CMIP6/DD/CSAM-3/ICTP/ERA5/evaluation/r1i1p1f1/RegCM5-0/v1-r1/1hr/va100m/va100m_CSAM-3_ERA5_evaluation_r1i1p1f1_ICTP_RegCM5-0_v1-r1_1hr_200704010100-200704020000.nc
INFO - Subordinate 28: Writing on file /leonardo_work/ICT26_ESP/CORDEX-CMIP6/DD/CSAM-3/ICTP/ERA5/evaluation/r1i1p1f1/RegCM5-0/v1-r1/1hr/va50m/va50m_CSAM-3_ERA5_evaluation_r1i1p1f1_ICTP_RegCM5-0_v1-r1_1hr_200704010100-200704020000.nc
INFO - Subordinate 11: Finished writing on file /leonardo_work/ICT26_ESP/CORDEX-CMIP6/DD/CSAM-3/ICTP/ERA5/evaluation/r1i1p1f1/RegCM5-0/v1-r1/day/clt/clt_CSAM-3_ERA5_evaluation_r1i1p1f1_ICTP_RegCM5-0_v1-r1_day_20070401-20070401.nc
INFO - Subordinate 11: Variable clt saved using action number 0
INFO - Subordinate 30: Writing on file /leonardo_work/ICT26_ESP/CORDEX-CMIP6/DD/CSAM-3/ICTP/ERA5/evaluation/r1i1p1f1/RegCM5-0/v1-r1/1hr/va150m/va150m_CSAM-3_ERA5_evaluation_r1i1p1f1_ICTP_RegCM5-0_v1-r1_1hr_200704010100-200704020000.nc
INFO - Subordinate 31: Writing on file /leonardo_work/ICT26_ESP/CORDEX-CMIP6/DD/CSAM-3/ICTP/ERA5/evaluation/r1i1p1f1/RegCM5-0/v1-r1/1hr/ta50m/ta50m_CSAM-3_ERA5_evaluation_r1i1p1f1_ICTP_RegCM5-0_v1-r1_1hr_200704010100-200704020000.nc
INFO - Subordinate 32: Writing on file /leonardo_work/ICT26_ESP/CORDEX-CMIP6/DD/CSAM-3/ICTP/ERA5/evaluation/r1i1p1f1/RegCM5-0/v1-r1/1hr/hus50m/hus50m_CSAM-3_ERA5_evaluation_r1i1p1f1_ICTP_RegCM5-0_v1-r1_1hr_200704010100-200704020000.nc
INFO - Subordinate 33: Writing on file /leonardo_work/ICT26_ESP/CORDEX-CMIP6/DD/CSAM-3/ICTP/ERA5/evaluation/r1i1p1f1/RegCM5-0/v1-r1/1hr/mrros/mrros_CSAM-3_ERA5_evaluation_r1i1p1f1_ICTP_RegCM5-0_v1-r1_1hr_200704010100-200704020000.nc
INFO - Subordinate 3: Writing on file /leonardo_work/ICT26_ESP/CORDEX-CMIP6/DD/CSAM-3/ICTP/ERA5/evaluation/r1i1p1f1/RegCM5-0/v1-r1/day/evspsbl/evspsbl_CSAM-3_ERA5_evaluation_r1i1p1f1_ICTP_RegCM5-0_v1-r1_day_20070401-20070401.nc
INFO - Subordinate 3: Finished writing on file /leonardo_work/ICT26_ESP/CORDEX-CMIP6/DD/CSAM-3/ICTP/ERA5/evaluation/r1i1p1f1/RegCM5-0/v1-r1/day/evspsbl/evspsbl_CSAM-3_ERA5_evaluation_r1i1p1f1_ICTP_RegCM5-0_v1-r1_day_20070401-20070401.nc
INFO - Subordinate 3: Variable evspsbl saved using action number 0
INFO - Subordinate 17: Finished writing on file /leonardo_work/ICT26_ESP/CORDEX-CMIP6/DD/CSAM-3/ICTP/ERA5/evaluation/r1i1p1f1/RegCM5-0/v1-r1/1hr/tauu/tauu_CSAM-3_ERA5_evaluation_r1i1p1f1_ICTP_RegCM5-0_v1-r1_1hr_200704010100-200704020000.nc
INFO - Subordinate 18: Finished writing on file /leonardo_work/ICT26_ESP/CORDEX-CMIP6/DD/CSAM-3/ICTP/ERA5/evaluation/r1i1p1f1/RegCM5-0/v1-r1/1hr/tauv/tauv_CSAM-3_ERA5_evaluation_r1i1p1f1_ICTP_RegCM5-0_v1-r1_1hr_200704010100-200704020000.nc
INFO - Subordinate 21: Finished writing on file /leonardo_work/ICT26_ESP/CORDEX-CMIP6/DD/CSAM-3/ICTP/ERA5/evaluation/r1i1p1f1/RegCM5-0/v1-r1/1hr/rsus/rsus_CSAM-3_ERA5_evaluation_r1i1p1f1_ICTP_RegCM5-0_v1-r1_1hr_200704010100-200704020000.nc
INFO - Subordinate 9: Finished writing on file /leonardo_work/ICT26_ESP/CORDEX-CMIP6/DD/CSAM-3/ICTP/ERA5/evaluation/r1i1p1f1/RegCM5-0/v1-r1/1hr/uas/uas_CSAM-3_ERA5_evaluation_r1i1p1f1_ICTP_RegCM5-0_v1-r1_1hr_200704010100-200704020000.nc
INFO - Subordinate 10: Finished writing on file /leonardo_work/ICT26_ESP/CORDEX-CMIP6/DD/CSAM-3/ICTP/ERA5/evaluation/r1i1p1f1/RegCM5-0/v1-r1/1hr/vas/vas_CSAM-3_ERA5_evaluation_r1i1p1f1_ICTP_RegCM5-0_v1-r1_1hr_200704010100-200704020000.nc
INFO - Subordinate 34: Saving variable mrro
INFO - Subordinate 35: Saving variable cape
INFO - Subordinate 36: Saving variable cin
INFO - Subordinate 35: Writing on file /leonardo_work/ICT26_ESP/CORDEX-CMIP6/DD/CSAM-3/ICTP/ERA5/evaluation/r1i1p1f1/RegCM5-0/v1-r1/1hr/cape/cape_CSAM-3_ERA5_evaluation_r1i1p1f1_ICTP_RegCM5-0_v1-r1_1hr_200704010100-200704020000.nc
INFO - Subordinate 34: Writing on file /leonardo_work/ICT26_ESP/CORDEX-CMIP6/DD/CSAM-3/ICTP/ERA5/evaluation/r1i1p1f1/RegCM5-0/v1-r1/1hr/mrro/mrro_CSAM-3_ERA5_evaluation_r1i1p1f1_ICTP_RegCM5-0_v1-r1_1hr_200704010100-200704020000.nc
INFO - Subordinate 36: Writing on file /leonardo_work/ICT26_ESP/CORDEX-CMIP6/DD/CSAM-3/ICTP/ERA5/evaluation/r1i1p1f1/RegCM5-0/v1-r1/1hr/cin/cin_CSAM-3_ERA5_evaluation_r1i1p1f1_ICTP_RegCM5-0_v1-r1_1hr_200704010100-200704020000.nc
INFO - Subordinate 17: Writing on file /leonardo_work/ICT26_ESP/CORDEX-CMIP6/DD/CSAM-3/ICTP/ERA5/evaluation/r1i1p1f1/RegCM5-0/v1-r1/day/tauu/tauu_CSAM-3_ERA5_evaluation_r1i1p1f1_ICTP_RegCM5-0_v1-r1_day_20070401-20070401.nc
INFO - Subordinate 18: Writing on file /leonardo_work/ICT26_ESP/CORDEX-CMIP6/DD/CSAM-3/ICTP/ERA5/evaluation/r1i1p1f1/RegCM5-0/v1-r1/day/tauv/tauv_CSAM-3_ERA5_evaluation_r1i1p1f1_ICTP_RegCM5-0_v1-r1_day_20070401-20070401.nc
INFO - Subordinate 9: Writing on file /leonardo_work/ICT26_ESP/CORDEX-CMIP6/DD/CSAM-3/ICTP/ERA5/evaluation/r1i1p1f1/RegCM5-0/v1-r1/day/uas/uas_CSAM-3_ERA5_evaluation_r1i1p1f1_ICTP_RegCM5-0_v1-r1_day_20070401-20070401.nc
INFO - Subordinate 17: Finished writing on file /leonardo_work/ICT26_ESP/CORDEX-CMIP6/DD/CSAM-3/ICTP/ERA5/evaluation/r1i1p1f1/RegCM5-0/v1-r1/day/tauu/tauu_CSAM-3_ERA5_evaluation_r1i1p1f1_ICTP_RegCM5-0_v1-r1_day_20070401-20070401.nc
INFO - Subordinate 17: Variable tauu saved using action number 0
INFO - Subordinate 10: Writing on file /leonardo_work/ICT26_ESP/CORDEX-CMIP6/DD/CSAM-3/ICTP/ERA5/evaluation/r1i1p1f1/RegCM5-0/v1-r1/day/vas/vas_CSAM-3_ERA5_evaluation_r1i1p1f1_ICTP_RegCM5-0_v1-r1_day_20070401-20070401.nc
INFO - Subordinate 18: Finished writing on file /leonardo_work/ICT26_ESP/CORDEX-CMIP6/DD/CSAM-3/ICTP/ERA5/evaluation/r1i1p1f1/RegCM5-0/v1-r1/day/tauv/tauv_CSAM-3_ERA5_evaluation_r1i1p1f1_ICTP_RegCM5-0_v1-r1_day_20070401-20070401.nc
INFO - Subordinate 18: Variable tauv saved using action number 0
INFO - Subordinate 21: Writing on file /leonardo_work/ICT26_ESP/CORDEX-CMIP6/DD/CSAM-3/ICTP/ERA5/evaluation/r1i1p1f1/RegCM5-0/v1-r1/day/rsus/rsus_CSAM-3_ERA5_evaluation_r1i1p1f1_ICTP_RegCM5-0_v1-r1_day_20070401-20070401.nc
INFO - Subordinate 9: Finished writing on file /leonardo_work/ICT26_ESP/CORDEX-CMIP6/DD/CSAM-3/ICTP/ERA5/evaluation/r1i1p1f1/RegCM5-0/v1-r1/day/uas/uas_CSAM-3_ERA5_evaluation_r1i1p1f1_ICTP_RegCM5-0_v1-r1_day_20070401-20070401.nc
INFO - Subordinate 9: Variable uas saved using action number 0
INFO - Subordinate 37: Saving variable li
INFO - Subordinate 38: Saving variable evspsblpot
INFO - Subordinate 38: Writing on file /leonardo_work/ICT26_ESP/CORDEX-CMIP6/DD/CSAM-3/ICTP/ERA5/evaluation/r1i1p1f1/RegCM5-0/v1-r1/1hr/evspsblpot/evspsblpot_CSAM-3_ERA5_evaluation_r1i1p1f1_ICTP_RegCM5-0_v1-r1_1hr_200704010100-200704020000.nc
INFO - Subordinate 37: Writing on file /leonardo_work/ICT26_ESP/CORDEX-CMIP6/DD/CSAM-3/ICTP/ERA5/evaluation/r1i1p1f1/RegCM5-0/v1-r1/1hr/li/li_CSAM-3_ERA5_evaluation_r1i1p1f1_ICTP_RegCM5-0_v1-r1_1hr_200704010100-200704020000.nc
INFO - Subordinate 10: Finished writing on file /leonardo_work/ICT26_ESP/CORDEX-CMIP6/DD/CSAM-3/ICTP/ERA5/evaluation/r1i1p1f1/RegCM5-0/v1-r1/day/vas/vas_CSAM-3_ERA5_evaluation_r1i1p1f1_ICTP_RegCM5-0_v1-r1_day_20070401-20070401.nc
INFO - Subordinate 10: Variable vas saved using action number 0
INFO - Subordinate 23: Finished writing on file /leonardo_work/ICT26_ESP/CORDEX-CMIP6/DD/CSAM-3/ICTP/ERA5/evaluation/r1i1p1f1/RegCM5-0/v1-r1/1hr/hfss/hfss_CSAM-3_ERA5_evaluation_r1i1p1f1_ICTP_RegCM5-0_v1-r1_1hr_200704010100-200704020000.nc
INFO - Subordinate 21: Finished writing on file /leonardo_work/ICT26_ESP/CORDEX-CMIP6/DD/CSAM-3/ICTP/ERA5/evaluation/r1i1p1f1/RegCM5-0/v1-r1/day/rsus/rsus_CSAM-3_ERA5_evaluation_r1i1p1f1_ICTP_RegCM5-0_v1-r1_day_20070401-20070401.nc
INFO - Subordinate 21: Variable rsus saved using action number 0
INFO - Subordinate 24: Finished writing on file /leonardo_work/ICT26_ESP/CORDEX-CMIP6/DD/CSAM-3/ICTP/ERA5/evaluation/r1i1p1f1/RegCM5-0/v1-r1/1hr/hfls/hfls_CSAM-3_ERA5_evaluation_r1i1p1f1_ICTP_RegCM5-0_v1-r1_1hr_200704010100-200704020000.nc
INFO - Subordinate 23: Writing on file /leonardo_work/ICT26_ESP/CORDEX-CMIP6/DD/CSAM-3/ICTP/ERA5/evaluation/r1i1p1f1/RegCM5-0/v1-r1/day/hfss/hfss_CSAM-3_ERA5_evaluation_r1i1p1f1_ICTP_RegCM5-0_v1-r1_day_20070401-20070401.nc
INFO - Subordinate 31: Finished writing on file /leonardo_work/ICT26_ESP/CORDEX-CMIP6/DD/CSAM-3/ICTP/ERA5/evaluation/r1i1p1f1/RegCM5-0/v1-r1/1hr/ta50m/ta50m_CSAM-3_ERA5_evaluation_r1i1p1f1_ICTP_RegCM5-0_v1-r1_1hr_200704010100-200704020000.nc
INFO - Subordinate 24: Writing on file /leonardo_work/ICT26_ESP/CORDEX-CMIP6/DD/CSAM-3/ICTP/ERA5/evaluation/r1i1p1f1/RegCM5-0/v1-r1/day/hfls/hfls_CSAM-3_ERA5_evaluation_r1i1p1f1_ICTP_RegCM5-0_v1-r1_day_20070401-20070401.nc
INFO - Subordinate 23: Finished writing on file /leonardo_work/ICT26_ESP/CORDEX-CMIP6/DD/CSAM-3/ICTP/ERA5/evaluation/r1i1p1f1/RegCM5-0/v1-r1/day/hfss/hfss_CSAM-3_ERA5_evaluation_r1i1p1f1_ICTP_RegCM5-0_v1-r1_day_20070401-20070401.nc
INFO - Subordinate 23: Variable hfss saved using action number 0
INFO - Subordinate 32: Finished writing on file /leonardo_work/ICT26_ESP/CORDEX-CMIP6/DD/CSAM-3/ICTP/ERA5/evaluation/r1i1p1f1/RegCM5-0/v1-r1/1hr/hus50m/hus50m_CSAM-3_ERA5_evaluation_r1i1p1f1_ICTP_RegCM5-0_v1-r1_1hr_200704010100-200704020000.nc
INFO - Subordinate 22: Finished writing on file /leonardo_work/ICT26_ESP/CORDEX-CMIP6/DD/CSAM-3/ICTP/ERA5/evaluation/r1i1p1f1/RegCM5-0/v1-r1/1hr/rlus/rlus_CSAM-3_ERA5_evaluation_r1i1p1f1_ICTP_RegCM5-0_v1-r1_1hr_200704010100-200704020000.nc
INFO - Subordinate 31: Writing on file /leonardo_work/ICT26_ESP/CORDEX-CMIP6/DD/CSAM-3/ICTP/ERA5/evaluation/r1i1p1f1/RegCM5-0/v1-r1/day/ta50m/ta50m_CSAM-3_ERA5_evaluation_r1i1p1f1_ICTP_RegCM5-0_v1-r1_day_20070401-20070401.nc
INFO - Subordinate 39: Saving variable z0
INFO - Subordinate 40: Saving variable hfso
INFO - Subordinate 41: Saving variable snw
INFO - Subordinate 42: Saving variable snm
INFO - Subordinate 41: Writing on file /leonardo_work/ICT26_ESP/CORDEX-CMIP6/DD/CSAM-3/ICTP/ERA5/evaluation/r1i1p1f1/RegCM5-0/v1-r1/1hr/snw/snw_CSAM-3_ERA5_evaluation_r1i1p1f1_ICTP_RegCM5-0_v1-r1_1hr_200704010100-200704020000.nc
INFO - Subordinate 40: Writing on file /leonardo_work/ICT26_ESP/CORDEX-CMIP6/DD/CSAM-3/ICTP/ERA5/evaluation/r1i1p1f1/RegCM5-0/v1-r1/1hr/hfso/hfso_CSAM-3_ERA5_evaluation_r1i1p1f1_ICTP_RegCM5-0_v1-r1_1hr_200704010100-200704020000.nc
INFO - Subordinate 39: Writing on file /leonardo_work/ICT26_ESP/CORDEX-CMIP6/DD/CSAM-3/ICTP/ERA5/evaluation/r1i1p1f1/RegCM5-0/v1-r1/1hr/z0/z0_CSAM-3_ERA5_evaluation_r1i1p1f1_ICTP_RegCM5-0_v1-r1_1hr_200704010100-200704020000.nc
INFO - Subordinate 24: Finished writing on file /leonardo_work/ICT26_ESP/CORDEX-CMIP6/DD/CSAM-3/ICTP/ERA5/evaluation/r1i1p1f1/RegCM5-0/v1-r1/day/hfls/hfls_CSAM-3_ERA5_evaluation_r1i1p1f1_ICTP_RegCM5-0_v1-r1_day_20070401-20070401.nc
INFO - Subordinate 24: Variable hfls saved using action number 0
INFO - Subordinate 42: Writing on file /leonardo_work/ICT26_ESP/CORDEX-CMIP6/DD/CSAM-3/ICTP/ERA5/evaluation/r1i1p1f1/RegCM5-0/v1-r1/1hr/snm/snm_CSAM-3_ERA5_evaluation_r1i1p1f1_ICTP_RegCM5-0_v1-r1_1hr_200704010100-200704020000.nc
INFO - Subordinate 33: Finished writing on file /leonardo_work/ICT26_ESP/CORDEX-CMIP6/DD/CSAM-3/ICTP/ERA5/evaluation/r1i1p1f1/RegCM5-0/v1-r1/1hr/mrros/mrros_CSAM-3_ERA5_evaluation_r1i1p1f1_ICTP_RegCM5-0_v1-r1_1hr_200704010100-200704020000.nc
INFO - Subordinate 32: Writing on file /leonardo_work/ICT26_ESP/CORDEX-CMIP6/DD/CSAM-3/ICTP/ERA5/evaluation/r1i1p1f1/RegCM5-0/v1-r1/day/hus50m/hus50m_CSAM-3_ERA5_evaluation_r1i1p1f1_ICTP_RegCM5-0_v1-r1_day_20070401-20070401.nc
INFO - Subordinate 31: Finished writing on file /leonardo_work/ICT26_ESP/CORDEX-CMIP6/DD/CSAM-3/ICTP/ERA5/evaluation/r1i1p1f1/RegCM5-0/v1-r1/day/ta50m/ta50m_CSAM-3_ERA5_evaluation_r1i1p1f1_ICTP_RegCM5-0_v1-r1_day_20070401-20070401.nc
INFO - Subordinate 31: Variable ta50m saved using action number 0
INFO - Subordinate 36: Finished writing on file /leonardo_work/ICT26_ESP/CORDEX-CMIP6/DD/CSAM-3/ICTP/ERA5/evaluation/r1i1p1f1/RegCM5-0/v1-r1/1hr/cin/cin_CSAM-3_ERA5_evaluation_r1i1p1f1_ICTP_RegCM5-0_v1-r1_1hr_200704010100-200704020000.nc
INFO - Subordinate 32: Finished writing on file /leonardo_work/ICT26_ESP/CORDEX-CMIP6/DD/CSAM-3/ICTP/ERA5/evaluation/r1i1p1f1/RegCM5-0/v1-r1/day/hus50m/hus50m_CSAM-3_ERA5_evaluation_r1i1p1f1_ICTP_RegCM5-0_v1-r1_day_20070401-20070401.nc
INFO - Subordinate 32: Variable hus50m saved using action number 0
INFO - Subordinate 25: Finished writing on file /leonardo_work/ICT26_ESP/CORDEX-CMIP6/DD/CSAM-3/ICTP/ERA5/evaluation/r1i1p1f1/RegCM5-0/v1-r1/1hr/ua50m/ua50m_CSAM-3_ERA5_evaluation_r1i1p1f1_ICTP_RegCM5-0_v1-r1_1hr_200704010100-200704020000.nc
INFO - Subordinate 35: Finished writing on file /leonardo_work/ICT26_ESP/CORDEX-CMIP6/DD/CSAM-3/ICTP/ERA5/evaluation/r1i1p1f1/RegCM5-0/v1-r1/1hr/cape/cape_CSAM-3_ERA5_evaluation_r1i1p1f1_ICTP_RegCM5-0_v1-r1_1hr_200704010100-200704020000.nc
INFO - Subordinate 30: Finished writing on file /leonardo_work/ICT26_ESP/CORDEX-CMIP6/DD/CSAM-3/ICTP/ERA5/evaluation/r1i1p1f1/RegCM5-0/v1-r1/1hr/va150m/va150m_CSAM-3_ERA5_evaluation_r1i1p1f1_ICTP_RegCM5-0_v1-r1_1hr_200704010100-200704020000.nc
INFO - Subordinate 27: Finished writing on file /leonardo_work/ICT26_ESP/CORDEX-CMIP6/DD/CSAM-3/ICTP/ERA5/evaluation/r1i1p1f1/RegCM5-0/v1-r1/1hr/ua150m/ua150m_CSAM-3_ERA5_evaluation_r1i1p1f1_ICTP_RegCM5-0_v1-r1_1hr_200704010100-200704020000.nc
INFO - Subordinate 28: Finished writing on file /leonardo_work/ICT26_ESP/CORDEX-CMIP6/DD/CSAM-3/ICTP/ERA5/evaluation/r1i1p1f1/RegCM5-0/v1-r1/1hr/va50m/va50m_CSAM-3_ERA5_evaluation_r1i1p1f1_ICTP_RegCM5-0_v1-r1_1hr_200704010100-200704020000.nc
INFO - Subordinate 33: Writing on file /leonardo_work/ICT26_ESP/CORDEX-CMIP6/DD/CSAM-3/ICTP/ERA5/evaluation/r1i1p1f1/RegCM5-0/v1-r1/6hr/mrros/mrros_CSAM-3_ERA5_evaluation_r1i1p1f1_ICTP_RegCM5-0_v1-r1_6hr_200704010100-200704020000.nc
INFO - Subordinate 29: Finished writing on file /leonardo_work/ICT26_ESP/CORDEX-CMIP6/DD/CSAM-3/ICTP/ERA5/evaluation/r1i1p1f1/RegCM5-0/v1-r1/1hr/va100m/va100m_CSAM-3_ERA5_evaluation_r1i1p1f1_ICTP_RegCM5-0_v1-r1_1hr_200704010100-200704020000.nc
INFO - Subordinate 26: Finished writing on file /leonardo_work/ICT26_ESP/CORDEX-CMIP6/DD/CSAM-3/ICTP/ERA5/evaluation/r1i1p1f1/RegCM5-0/v1-r1/1hr/ua100m/ua100m_CSAM-3_ERA5_evaluation_r1i1p1f1_ICTP_RegCM5-0_v1-r1_1hr_200704010100-200704020000.nc
INFO - Subordinate 34: Finished writing on file /leonardo_work/ICT26_ESP/CORDEX-CMIP6/DD/CSAM-3/ICTP/ERA5/evaluation/r1i1p1f1/RegCM5-0/v1-r1/1hr/mrro/mrro_CSAM-3_ERA5_evaluation_r1i1p1f1_ICTP_RegCM5-0_v1-r1_1hr_200704010100-200704020000.nc
INFO - Subordinate 36: Writing on file /leonardo_work/ICT26_ESP/CORDEX-CMIP6/DD/CSAM-3/ICTP/ERA5/evaluation/r1i1p1f1/RegCM5-0/v1-r1/day/cin/cin_CSAM-3_ERA5_evaluation_r1i1p1f1_ICTP_RegCM5-0_v1-r1_day_20070401-20070401.nc
INFO - Subordinate 35: Writing on file /leonardo_work/ICT26_ESP/CORDEX-CMIP6/DD/CSAM-3/ICTP/ERA5/evaluation/r1i1p1f1/RegCM5-0/v1-r1/day/cape/cape_CSAM-3_ERA5_evaluation_r1i1p1f1_ICTP_RegCM5-0_v1-r1_day_20070401-20070401.nc
INFO - Subordinate 22: Writing on file /leonardo_work/ICT26_ESP/CORDEX-CMIP6/DD/CSAM-3/ICTP/ERA5/evaluation/r1i1p1f1/RegCM5-0/v1-r1/day/rlus/rlus_CSAM-3_ERA5_evaluation_r1i1p1f1_ICTP_RegCM5-0_v1-r1_day_20070401-20070401.nc
INFO - Subordinate 36: Finished writing on file /leonardo_work/ICT26_ESP/CORDEX-CMIP6/DD/CSAM-3/ICTP/ERA5/evaluation/r1i1p1f1/RegCM5-0/v1-r1/day/cin/cin_CSAM-3_ERA5_evaluation_r1i1p1f1_ICTP_RegCM5-0_v1-r1_day_20070401-20070401.nc
INFO - Subordinate 36: Variable cin saved using action number 0
INFO - Subordinate 33: Finished writing on file /leonardo_work/ICT26_ESP/CORDEX-CMIP6/DD/CSAM-3/ICTP/ERA5/evaluation/r1i1p1f1/RegCM5-0/v1-r1/6hr/mrros/mrros_CSAM-3_ERA5_evaluation_r1i1p1f1_ICTP_RegCM5-0_v1-r1_6hr_200704010100-200704020000.nc
INFO - Subordinate 35: Finished writing on file /leonardo_work/ICT26_ESP/CORDEX-CMIP6/DD/CSAM-3/ICTP/ERA5/evaluation/r1i1p1f1/RegCM5-0/v1-r1/day/cape/cape_CSAM-3_ERA5_evaluation_r1i1p1f1_ICTP_RegCM5-0_v1-r1_day_20070401-20070401.nc
INFO - Subordinate 35: Variable cape saved using action number 0
INFO - Subordinate 34: Writing on file /leonardo_work/ICT26_ESP/CORDEX-CMIP6/DD/CSAM-3/ICTP/ERA5/evaluation/r1i1p1f1/RegCM5-0/v1-r1/6hr/mrro/mrro_CSAM-3_ERA5_evaluation_r1i1p1f1_ICTP_RegCM5-0_v1-r1_6hr_200704010100-200704020000.nc
INFO - Subordinate 22: Finished writing on file /leonardo_work/ICT26_ESP/CORDEX-CMIP6/DD/CSAM-3/ICTP/ERA5/evaluation/r1i1p1f1/RegCM5-0/v1-r1/day/rlus/rlus_CSAM-3_ERA5_evaluation_r1i1p1f1_ICTP_RegCM5-0_v1-r1_day_20070401-20070401.nc
INFO - Subordinate 22: Variable rlus saved using action number 0
INFO - Subordinate 27: Writing on file /leonardo_work/ICT26_ESP/CORDEX-CMIP6/DD/CSAM-3/ICTP/ERA5/evaluation/r1i1p1f1/RegCM5-0/v1-r1/day/ua150m/ua150m_CSAM-3_ERA5_evaluation_r1i1p1f1_ICTP_RegCM5-0_v1-r1_day_20070401-20070401.nc
INFO - Subordinate 30: Writing on file /leonardo_work/ICT26_ESP/CORDEX-CMIP6/DD/CSAM-3/ICTP/ERA5/evaluation/r1i1p1f1/RegCM5-0/v1-r1/day/va150m/va150m_CSAM-3_ERA5_evaluation_r1i1p1f1_ICTP_RegCM5-0_v1-r1_day_20070401-20070401.nc
INFO - Subordinate 29: Writing on file /leonardo_work/ICT26_ESP/CORDEX-CMIP6/DD/CSAM-3/ICTP/ERA5/evaluation/r1i1p1f1/RegCM5-0/v1-r1/day/va100m/va100m_CSAM-3_ERA5_evaluation_r1i1p1f1_ICTP_RegCM5-0_v1-r1_day_20070401-20070401.nc
INFO - Subordinate 26: Writing on file /leonardo_work/ICT26_ESP/CORDEX-CMIP6/DD/CSAM-3/ICTP/ERA5/evaluation/r1i1p1f1/RegCM5-0/v1-r1/day/ua100m/ua100m_CSAM-3_ERA5_evaluation_r1i1p1f1_ICTP_RegCM5-0_v1-r1_day_20070401-20070401.nc
INFO - Subordinate 25: Writing on file /leonardo_work/ICT26_ESP/CORDEX-CMIP6/DD/CSAM-3/ICTP/ERA5/evaluation/r1i1p1f1/RegCM5-0/v1-r1/day/ua50m/ua50m_CSAM-3_ERA5_evaluation_r1i1p1f1_ICTP_RegCM5-0_v1-r1_day_20070401-20070401.nc
INFO - Subordinate 28: Writing on file /leonardo_work/ICT26_ESP/CORDEX-CMIP6/DD/CSAM-3/ICTP/ERA5/evaluation/r1i1p1f1/RegCM5-0/v1-r1/day/va50m/va50m_CSAM-3_ERA5_evaluation_r1i1p1f1_ICTP_RegCM5-0_v1-r1_day_20070401-20070401.nc
INFO - Subordinate 41: Finished writing on file /leonardo_work/ICT26_ESP/CORDEX-CMIP6/DD/CSAM-3/ICTP/ERA5/evaluation/r1i1p1f1/RegCM5-0/v1-r1/1hr/snw/snw_CSAM-3_ERA5_evaluation_r1i1p1f1_ICTP_RegCM5-0_v1-r1_1hr_200704010100-200704020000.nc
INFO - Subordinate 41: Writing on file /leonardo_work/ICT26_ESP/CORDEX-CMIP6/DD/CSAM-3/ICTP/ERA5/evaluation/r1i1p1f1/RegCM5-0/v1-r1/6hr/snw/snw_CSAM-3_ERA5_evaluation_r1i1p1f1_ICTP_RegCM5-0_v1-r1_6hr_200704010100-200704020000.nc
INFO - Subordinate 42: Finished writing on file /leonardo_work/ICT26_ESP/CORDEX-CMIP6/DD/CSAM-3/ICTP/ERA5/evaluation/r1i1p1f1/RegCM5-0/v1-r1/1hr/snm/snm_CSAM-3_ERA5_evaluation_r1i1p1f1_ICTP_RegCM5-0_v1-r1_1hr_200704010100-200704020000.nc
INFO - Subordinate 33: Writing on file /leonardo_work/ICT26_ESP/CORDEX-CMIP6/DD/CSAM-3/ICTP/ERA5/evaluation/r1i1p1f1/RegCM5-0/v1-r1/day/mrros/mrros_CSAM-3_ERA5_evaluation_r1i1p1f1_ICTP_RegCM5-0_v1-r1_day_20070401-20070401.nc
INFO - Subordinate 37: Finished writing on file /leonardo_work/ICT26_ESP/CORDEX-CMIP6/DD/CSAM-3/ICTP/ERA5/evaluation/r1i1p1f1/RegCM5-0/v1-r1/1hr/li/li_CSAM-3_ERA5_evaluation_r1i1p1f1_ICTP_RegCM5-0_v1-r1_1hr_200704010100-200704020000.nc
INFO - Subordinate 26: Finished writing on file /leonardo_work/ICT26_ESP/CORDEX-CMIP6/DD/CSAM-3/ICTP/ERA5/evaluation/r1i1p1f1/RegCM5-0/v1-r1/day/ua100m/ua100m_CSAM-3_ERA5_evaluation_r1i1p1f1_ICTP_RegCM5-0_v1-r1_day_20070401-20070401.nc
INFO - Subordinate 26: Variable ua100m saved using action number 0
INFO - Subordinate 27: Finished writing on file /leonardo_work/ICT26_ESP/CORDEX-CMIP6/DD/CSAM-3/ICTP/ERA5/evaluation/r1i1p1f1/RegCM5-0/v1-r1/day/ua150m/ua150m_CSAM-3_ERA5_evaluation_r1i1p1f1_ICTP_RegCM5-0_v1-r1_day_20070401-20070401.nc
INFO - Subordinate 27: Variable ua150m saved using action number 0
INFO - Subordinate 30: Finished writing on file /leonardo_work/ICT26_ESP/CORDEX-CMIP6/DD/CSAM-3/ICTP/ERA5/evaluation/r1i1p1f1/RegCM5-0/v1-r1/day/va150m/va150m_CSAM-3_ERA5_evaluation_r1i1p1f1_ICTP_RegCM5-0_v1-r1_day_20070401-20070401.nc
INFO - Subordinate 30: Variable va150m saved using action number 0
INFO - Subordinate 29: Finished writing on file /leonardo_work/ICT26_ESP/CORDEX-CMIP6/DD/CSAM-3/ICTP/ERA5/evaluation/r1i1p1f1/RegCM5-0/v1-r1/day/va100m/va100m_CSAM-3_ERA5_evaluation_r1i1p1f1_ICTP_RegCM5-0_v1-r1_day_20070401-20070401.nc
INFO - Subordinate 29: Variable va100m saved using action number 0
INFO - Subordinate 34: Finished writing on file /leonardo_work/ICT26_ESP/CORDEX-CMIP6/DD/CSAM-3/ICTP/ERA5/evaluation/r1i1p1f1/RegCM5-0/v1-r1/6hr/mrro/mrro_CSAM-3_ERA5_evaluation_r1i1p1f1_ICTP_RegCM5-0_v1-r1_6hr_200704010100-200704020000.nc
INFO - Subordinate 28: Finished writing on file /leonardo_work/ICT26_ESP/CORDEX-CMIP6/DD/CSAM-3/ICTP/ERA5/evaluation/r1i1p1f1/RegCM5-0/v1-r1/day/va50m/va50m_CSAM-3_ERA5_evaluation_r1i1p1f1_ICTP_RegCM5-0_v1-r1_day_20070401-20070401.nc
INFO - Subordinate 28: Variable va50m saved using action number 0
INFO - Subordinate 25: Finished writing on file /leonardo_work/ICT26_ESP/CORDEX-CMIP6/DD/CSAM-3/ICTP/ERA5/evaluation/r1i1p1f1/RegCM5-0/v1-r1/day/ua50m/ua50m_CSAM-3_ERA5_evaluation_r1i1p1f1_ICTP_RegCM5-0_v1-r1_day_20070401-20070401.nc
INFO - Subordinate 25: Variable ua50m saved using action number 0
INFO - Subordinate 42: Writing on file /leonardo_work/ICT26_ESP/CORDEX-CMIP6/DD/CSAM-3/ICTP/ERA5/evaluation/r1i1p1f1/RegCM5-0/v1-r1/6hr/snm/snm_CSAM-3_ERA5_evaluation_r1i1p1f1_ICTP_RegCM5-0_v1-r1_6hr_200704010100-200704020000.nc
INFO - Subordinate 33: Finished writing on file /leonardo_work/ICT26_ESP/CORDEX-CMIP6/DD/CSAM-3/ICTP/ERA5/evaluation/r1i1p1f1/RegCM5-0/v1-r1/day/mrros/mrros_CSAM-3_ERA5_evaluation_r1i1p1f1_ICTP_RegCM5-0_v1-r1_day_20070401-20070401.nc
INFO - Subordinate 33: Variable mrros saved using action number 0
INFO - Subordinate 38: Finished writing on file /leonardo_work/ICT26_ESP/CORDEX-CMIP6/DD/CSAM-3/ICTP/ERA5/evaluation/r1i1p1f1/RegCM5-0/v1-r1/1hr/evspsblpot/evspsblpot_CSAM-3_ERA5_evaluation_r1i1p1f1_ICTP_RegCM5-0_v1-r1_1hr_200704010100-200704020000.nc
INFO - Subordinate 38: Writing on file /leonardo_work/ICT26_ESP/CORDEX-CMIP6/DD/CSAM-3/ICTP/ERA5/evaluation/r1i1p1f1/RegCM5-0/v1-r1/day/evspsblpot/evspsblpot_CSAM-3_ERA5_evaluation_r1i1p1f1_ICTP_RegCM5-0_v1-r1_day_20070401-20070401.nc
INFO - Subordinate 37: Writing on file /leonardo_work/ICT26_ESP/CORDEX-CMIP6/DD/CSAM-3/ICTP/ERA5/evaluation/r1i1p1f1/RegCM5-0/v1-r1/day/li/li_CSAM-3_ERA5_evaluation_r1i1p1f1_ICTP_RegCM5-0_v1-r1_day_20070401-20070401.nc
INFO - Subordinate 41: Finished writing on file /leonardo_work/ICT26_ESP/CORDEX-CMIP6/DD/CSAM-3/ICTP/ERA5/evaluation/r1i1p1f1/RegCM5-0/v1-r1/6hr/snw/snw_CSAM-3_ERA5_evaluation_r1i1p1f1_ICTP_RegCM5-0_v1-r1_6hr_200704010100-200704020000.nc
INFO - Subordinate 42: Finished writing on file /leonardo_work/ICT26_ESP/CORDEX-CMIP6/DD/CSAM-3/ICTP/ERA5/evaluation/r1i1p1f1/RegCM5-0/v1-r1/6hr/snm/snm_CSAM-3_ERA5_evaluation_r1i1p1f1_ICTP_RegCM5-0_v1-r1_6hr_200704010100-200704020000.nc
INFO - Subordinate 34: Writing on file /leonardo_work/ICT26_ESP/CORDEX-CMIP6/DD/CSAM-3/ICTP/ERA5/evaluation/r1i1p1f1/RegCM5-0/v1-r1/day/mrro/mrro_CSAM-3_ERA5_evaluation_r1i1p1f1_ICTP_RegCM5-0_v1-r1_day_20070401-20070401.nc
INFO - Subordinate 37: Finished writing on file /leonardo_work/ICT26_ESP/CORDEX-CMIP6/DD/CSAM-3/ICTP/ERA5/evaluation/r1i1p1f1/RegCM5-0/v1-r1/day/li/li_CSAM-3_ERA5_evaluation_r1i1p1f1_ICTP_RegCM5-0_v1-r1_day_20070401-20070401.nc
INFO - Subordinate 37: Variable li saved using action number 0
INFO - Subordinate 42: Writing on file /leonardo_work/ICT26_ESP/CORDEX-CMIP6/DD/CSAM-3/ICTP/ERA5/evaluation/r1i1p1f1/RegCM5-0/v1-r1/day/snm/snm_CSAM-3_ERA5_evaluation_r1i1p1f1_ICTP_RegCM5-0_v1-r1_day_20070401-20070401.nc
INFO - Subordinate 38: Finished writing on file /leonardo_work/ICT26_ESP/CORDEX-CMIP6/DD/CSAM-3/ICTP/ERA5/evaluation/r1i1p1f1/RegCM5-0/v1-r1/day/evspsblpot/evspsblpot_CSAM-3_ERA5_evaluation_r1i1p1f1_ICTP_RegCM5-0_v1-r1_day_20070401-20070401.nc
INFO - Subordinate 38: Variable evspsblpot saved using action number 0
INFO - Subordinate 40: Finished writing on file /leonardo_work/ICT26_ESP/CORDEX-CMIP6/DD/CSAM-3/ICTP/ERA5/evaluation/r1i1p1f1/RegCM5-0/v1-r1/1hr/hfso/hfso_CSAM-3_ERA5_evaluation_r1i1p1f1_ICTP_RegCM5-0_v1-r1_1hr_200704010100-200704020000.nc
INFO - Subordinate 40: Writing on file /leonardo_work/ICT26_ESP/CORDEX-CMIP6/DD/CSAM-3/ICTP/ERA5/evaluation/r1i1p1f1/RegCM5-0/v1-r1/3hr/hfso/hfso_CSAM-3_ERA5_evaluation_r1i1p1f1_ICTP_RegCM5-0_v1-r1_3hr_200704010100-200704020000.nc
INFO - Subordinate 41: Writing on file /leonardo_work/ICT26_ESP/CORDEX-CMIP6/DD/CSAM-3/ICTP/ERA5/evaluation/r1i1p1f1/RegCM5-0/v1-r1/day/snw/snw_CSAM-3_ERA5_evaluation_r1i1p1f1_ICTP_RegCM5-0_v1-r1_day_20070401-20070401.nc
INFO - Subordinate 42: Finished writing on file /leonardo_work/ICT26_ESP/CORDEX-CMIP6/DD/CSAM-3/ICTP/ERA5/evaluation/r1i1p1f1/RegCM5-0/v1-r1/day/snm/snm_CSAM-3_ERA5_evaluation_r1i1p1f1_ICTP_RegCM5-0_v1-r1_day_20070401-20070401.nc
INFO - Subordinate 42: Variable snm saved using action number 0
INFO - Subordinate 34: Finished writing on file /leonardo_work/ICT26_ESP/CORDEX-CMIP6/DD/CSAM-3/ICTP/ERA5/evaluation/r1i1p1f1/RegCM5-0/v1-r1/day/mrro/mrro_CSAM-3_ERA5_evaluation_r1i1p1f1_ICTP_RegCM5-0_v1-r1_day_20070401-20070401.nc
INFO - Subordinate 34: Variable mrro saved using action number 0
INFO - Subordinate 41: Finished writing on file /leonardo_work/ICT26_ESP/CORDEX-CMIP6/DD/CSAM-3/ICTP/ERA5/evaluation/r1i1p1f1/RegCM5-0/v1-r1/day/snw/snw_CSAM-3_ERA5_evaluation_r1i1p1f1_ICTP_RegCM5-0_v1-r1_day_20070401-20070401.nc
INFO - Subordinate 41: Variable snw saved using action number 0
INFO - Subordinate 39: Finished writing on file /leonardo_work/ICT26_ESP/CORDEX-CMIP6/DD/CSAM-3/ICTP/ERA5/evaluation/r1i1p1f1/RegCM5-0/v1-r1/1hr/z0/z0_CSAM-3_ERA5_evaluation_r1i1p1f1_ICTP_RegCM5-0_v1-r1_1hr_200704010100-200704020000.nc
INFO - Subordinate 39: Writing on file /leonardo_work/ICT26_ESP/CORDEX-CMIP6/DD/CSAM-3/ICTP/ERA5/evaluation/r1i1p1f1/RegCM5-0/v1-r1/day/z0/z0_CSAM-3_ERA5_evaluation_r1i1p1f1_ICTP_RegCM5-0_v1-r1_day_20070401-20070401.nc
INFO - Subordinate 40: Finished writing on file /leonardo_work/ICT26_ESP/CORDEX-CMIP6/DD/CSAM-3/ICTP/ERA5/evaluation/r1i1p1f1/RegCM5-0/v1-r1/3hr/hfso/hfso_CSAM-3_ERA5_evaluation_r1i1p1f1_ICTP_RegCM5-0_v1-r1_3hr_200704010100-200704020000.nc
INFO - Subordinate 39: Finished writing on file /leonardo_work/ICT26_ESP/CORDEX-CMIP6/DD/CSAM-3/ICTP/ERA5/evaluation/r1i1p1f1/RegCM5-0/v1-r1/day/z0/z0_CSAM-3_ERA5_evaluation_r1i1p1f1_ICTP_RegCM5-0_v1-r1_day_20070401-20070401.nc
INFO - Subordinate 39: Variable z0 saved using action number 0
INFO - Subordinate 40: Writing on file /leonardo_work/ICT26_ESP/CORDEX-CMIP6/DD/CSAM-3/ICTP/ERA5/evaluation/r1i1p1f1/RegCM5-0/v1-r1/day/hfso/hfso_CSAM-3_ERA5_evaluation_r1i1p1f1_ICTP_RegCM5-0_v1-r1_day_20070401-20070401.nc
INFO - Subordinate 40: Finished writing on file /leonardo_work/ICT26_ESP/CORDEX-CMIP6/DD/CSAM-3/ICTP/ERA5/evaluation/r1i1p1f1/RegCM5-0/v1-r1/day/hfso/hfso_CSAM-3_ERA5_evaluation_r1i1p1f1_ICTP_RegCM5-0_v1-r1_day_20070401-20070401.nc
INFO - Subordinate 40: Variable hfso saved using action number 0
INFO - Subordinate 9: Finished writing on file /leonardo_work/ICT26_ESP/CORDEX-CMIP6/DD/CSAM-3/ICTP/ERA5/evaluation/r1i1p1f1/RegCM5-0/v1-r1/1hr/tsl/tsl_CSAM-3_ERA5_evaluation_r1i1p1f1_ICTP_RegCM5-0_v1-r1_1hr_200704010100-200704020000.nc
INFO - Subordinate 7: Finished writing on file /leonardo_work/ICT26_ESP/CORDEX-CMIP6/DD/CSAM-3/ICTP/ERA5/evaluation/r1i1p1f1/RegCM5-0/v1-r1/1hr/mrsol/mrsol_CSAM-3_ERA5_evaluation_r1i1p1f1_ICTP_RegCM5-0_v1-r1_1hr_200704010100-200704020000.nc
INFO - Subordinate 9: Writing on file /leonardo_work/ICT26_ESP/CORDEX-CMIP6/DD/CSAM-3/ICTP/ERA5/evaluation/r1i1p1f1/RegCM5-0/v1-r1/day/tsl/tsl_CSAM-3_ERA5_evaluation_r1i1p1f1_ICTP_RegCM5-0_v1-r1_day_20070401-20070401.nc
INFO - Subordinate 9: Finished writing on file /leonardo_work/ICT26_ESP/CORDEX-CMIP6/DD/CSAM-3/ICTP/ERA5/evaluation/r1i1p1f1/RegCM5-0/v1-r1/day/tsl/tsl_CSAM-3_ERA5_evaluation_r1i1p1f1_ICTP_RegCM5-0_v1-r1_day_20070401-20070401.nc
INFO - Subordinate 9: Variable tsl saved using action number 0
INFO - Subordinate 7: Writing on file /leonardo_work/ICT26_ESP/CORDEX-CMIP6/DD/CSAM-3/ICTP/ERA5/evaluation/r1i1p1f1/RegCM5-0/v1-r1/day/mrsol/mrsol_CSAM-3_ERA5_evaluation_r1i1p1f1_ICTP_RegCM5-0_v1-r1_day_20070401-20070401.nc
INFO - Subordinate 7: Finished writing on file /leonardo_work/ICT26_ESP/CORDEX-CMIP6/DD/CSAM-3/ICTP/ERA5/evaluation/r1i1p1f1/RegCM5-0/v1-r1/day/mrsol/mrsol_CSAM-3_ERA5_evaluation_r1i1p1f1_ICTP_RegCM5-0_v1-r1_day_20070401-20070401.nc
INFO - Subordinate 7: Variable mrsol saved using action number 0
INFO - Subordinate 5: Writing on file /leonardo_work/ICT26_ESP/CORDEX-CMIP6/DD/CSAM-3/ICTP/ERA5/evaluation/r1i1p1f1/RegCM5-0/v1-r1/1hr/zg1000/zg1000_CSAM-3_ERA5_evaluation_r1i1p1f1_ICTP_RegCM5-0_v1-r1_1hr_200704010100-200704020000.nc
INFO - Subordinate 5: Finished writing on file /leonardo_work/ICT26_ESP/CORDEX-CMIP6/DD/CSAM-3/ICTP/ERA5/evaluation/r1i1p1f1/RegCM5-0/v1-r1/1hr/zg1000/zg1000_CSAM-3_ERA5_evaluation_r1i1p1f1_ICTP_RegCM5-0_v1-r1_1hr_200704010100-200704020000.nc
INFO - Subordinate 5: Writing on file /leonardo_work/ICT26_ESP/CORDEX-CMIP6/DD/CSAM-3/ICTP/ERA5/evaluation/r1i1p1f1/RegCM5-0/v1-r1/1hr/zg925/zg925_CSAM-3_ERA5_evaluation_r1i1p1f1_ICTP_RegCM5-0_v1-r1_1hr_200704010100-200704020000.nc
INFO - Subordinate 5: Finished writing on file /leonardo_work/ICT26_ESP/CORDEX-CMIP6/DD/CSAM-3/ICTP/ERA5/evaluation/r1i1p1f1/RegCM5-0/v1-r1/1hr/zg925/zg925_CSAM-3_ERA5_evaluation_r1i1p1f1_ICTP_RegCM5-0_v1-r1_1hr_200704010100-200704020000.nc
INFO - Subordinate 5: Writing on file /leonardo_work/ICT26_ESP/CORDEX-CMIP6/DD/CSAM-3/ICTP/ERA5/evaluation/r1i1p1f1/RegCM5-0/v1-r1/1hr/zg850/zg850_CSAM-3_ERA5_evaluation_r1i1p1f1_ICTP_RegCM5-0_v1-r1_1hr_200704010100-200704020000.nc
INFO - Subordinate 5: Finished writing on file /leonardo_work/ICT26_ESP/CORDEX-CMIP6/DD/CSAM-3/ICTP/ERA5/evaluation/r1i1p1f1/RegCM5-0/v1-r1/1hr/zg850/zg850_CSAM-3_ERA5_evaluation_r1i1p1f1_ICTP_RegCM5-0_v1-r1_1hr_200704010100-200704020000.nc
INFO - Subordinate 5: Writing on file /leonardo_work/ICT26_ESP/CORDEX-CMIP6/DD/CSAM-3/ICTP/ERA5/evaluation/r1i1p1f1/RegCM5-0/v1-r1/1hr/zg700/zg700_CSAM-3_ERA5_evaluation_r1i1p1f1_ICTP_RegCM5-0_v1-r1_1hr_200704010100-200704020000.nc
INFO - Subordinate 5: Finished writing on file /leonardo_work/ICT26_ESP/CORDEX-CMIP6/DD/CSAM-3/ICTP/ERA5/evaluation/r1i1p1f1/RegCM5-0/v1-r1/1hr/zg700/zg700_CSAM-3_ERA5_evaluation_r1i1p1f1_ICTP_RegCM5-0_v1-r1_1hr_200704010100-200704020000.nc
INFO - Subordinate 5: Writing on file /leonardo_work/ICT26_ESP/CORDEX-CMIP6/DD/CSAM-3/ICTP/ERA5/evaluation/r1i1p1f1/RegCM5-0/v1-r1/1hr/zg600/zg600_CSAM-3_ERA5_evaluation_r1i1p1f1_ICTP_RegCM5-0_v1-r1_1hr_200704010100-200704020000.nc
INFO - Subordinate 5: Finished writing on file /leonardo_work/ICT26_ESP/CORDEX-CMIP6/DD/CSAM-3/ICTP/ERA5/evaluation/r1i1p1f1/RegCM5-0/v1-r1/1hr/zg600/zg600_CSAM-3_ERA5_evaluation_r1i1p1f1_ICTP_RegCM5-0_v1-r1_1hr_200704010100-200704020000.nc
INFO - Subordinate 5: Writing on file /leonardo_work/ICT26_ESP/CORDEX-CMIP6/DD/CSAM-3/ICTP/ERA5/evaluation/r1i1p1f1/RegCM5-0/v1-r1/1hr/zg500/zg500_CSAM-3_ERA5_evaluation_r1i1p1f1_ICTP_RegCM5-0_v1-r1_1hr_200704010100-200704020000.nc
INFO - Subordinate 5: Finished writing on file /leonardo_work/ICT26_ESP/CORDEX-CMIP6/DD/CSAM-3/ICTP/ERA5/evaluation/r1i1p1f1/RegCM5-0/v1-r1/1hr/zg500/zg500_CSAM-3_ERA5_evaluation_r1i1p1f1_ICTP_RegCM5-0_v1-r1_1hr_200704010100-200704020000.nc
INFO - Subordinate 5: Writing on file /leonardo_work/ICT26_ESP/CORDEX-CMIP6/DD/CSAM-3/ICTP/ERA5/evaluation/r1i1p1f1/RegCM5-0/v1-r1/1hr/zg400/zg400_CSAM-3_ERA5_evaluation_r1i1p1f1_ICTP_RegCM5-0_v1-r1_1hr_200704010100-200704020000.nc
INFO - Subordinate 5: Finished writing on file /leonardo_work/ICT26_ESP/CORDEX-CMIP6/DD/CSAM-3/ICTP/ERA5/evaluation/r1i1p1f1/RegCM5-0/v1-r1/1hr/zg400/zg400_CSAM-3_ERA5_evaluation_r1i1p1f1_ICTP_RegCM5-0_v1-r1_1hr_200704010100-200704020000.nc
INFO - Subordinate 5: Writing on file /leonardo_work/ICT26_ESP/CORDEX-CMIP6/DD/CSAM-3/ICTP/ERA5/evaluation/r1i1p1f1/RegCM5-0/v1-r1/1hr/zg300/zg300_CSAM-3_ERA5_evaluation_r1i1p1f1_ICTP_RegCM5-0_v1-r1_1hr_200704010100-200704020000.nc
INFO - Subordinate 5: Finished writing on file /leonardo_work/ICT26_ESP/CORDEX-CMIP6/DD/CSAM-3/ICTP/ERA5/evaluation/r1i1p1f1/RegCM5-0/v1-r1/1hr/zg300/zg300_CSAM-3_ERA5_evaluation_r1i1p1f1_ICTP_RegCM5-0_v1-r1_1hr_200704010100-200704020000.nc
INFO - Subordinate 5: Writing on file /leonardo_work/ICT26_ESP/CORDEX-CMIP6/DD/CSAM-3/ICTP/ERA5/evaluation/r1i1p1f1/RegCM5-0/v1-r1/1hr/zg250/zg250_CSAM-3_ERA5_evaluation_r1i1p1f1_ICTP_RegCM5-0_v1-r1_1hr_200704010100-200704020000.nc
INFO - Subordinate 5: Finished writing on file /leonardo_work/ICT26_ESP/CORDEX-CMIP6/DD/CSAM-3/ICTP/ERA5/evaluation/r1i1p1f1/RegCM5-0/v1-r1/1hr/zg250/zg250_CSAM-3_ERA5_evaluation_r1i1p1f1_ICTP_RegCM5-0_v1-r1_1hr_200704010100-200704020000.nc
INFO - Subordinate 5: Writing on file /leonardo_work/ICT26_ESP/CORDEX-CMIP6/DD/CSAM-3/ICTP/ERA5/evaluation/r1i1p1f1/RegCM5-0/v1-r1/1hr/zg200/zg200_CSAM-3_ERA5_evaluation_r1i1p1f1_ICTP_RegCM5-0_v1-r1_1hr_200704010100-200704020000.nc
INFO - Subordinate 5: Finished writing on file /leonardo_work/ICT26_ESP/CORDEX-CMIP6/DD/CSAM-3/ICTP/ERA5/evaluation/r1i1p1f1/RegCM5-0/v1-r1/1hr/zg200/zg200_CSAM-3_ERA5_evaluation_r1i1p1f1_ICTP_RegCM5-0_v1-r1_1hr_200704010100-200704020000.nc
INFO - Subordinate 5: Writing on file /leonardo_work/ICT26_ESP/CORDEX-CMIP6/DD/CSAM-3/ICTP/ERA5/evaluation/r1i1p1f1/RegCM5-0/v1-r1/day/zg1000/zg1000_CSAM-3_ERA5_evaluation_r1i1p1f1_ICTP_RegCM5-0_v1-r1_day_20070401-20070401.nc
INFO - Subordinate 5: Finished writing on file /leonardo_work/ICT26_ESP/CORDEX-CMIP6/DD/CSAM-3/ICTP/ERA5/evaluation/r1i1p1f1/RegCM5-0/v1-r1/day/zg1000/zg1000_CSAM-3_ERA5_evaluation_r1i1p1f1_ICTP_RegCM5-0_v1-r1_day_20070401-20070401.nc
INFO - Subordinate 5: Writing on file /leonardo_work/ICT26_ESP/CORDEX-CMIP6/DD/CSAM-3/ICTP/ERA5/evaluation/r1i1p1f1/RegCM5-0/v1-r1/day/zg925/zg925_CSAM-3_ERA5_evaluation_r1i1p1f1_ICTP_RegCM5-0_v1-r1_day_20070401-20070401.nc
INFO - Subordinate 5: Finished writing on file /leonardo_work/ICT26_ESP/CORDEX-CMIP6/DD/CSAM-3/ICTP/ERA5/evaluation/r1i1p1f1/RegCM5-0/v1-r1/day/zg925/zg925_CSAM-3_ERA5_evaluation_r1i1p1f1_ICTP_RegCM5-0_v1-r1_day_20070401-20070401.nc
INFO - Subordinate 5: Writing on file /leonardo_work/ICT26_ESP/CORDEX-CMIP6/DD/CSAM-3/ICTP/ERA5/evaluation/r1i1p1f1/RegCM5-0/v1-r1/day/zg850/zg850_CSAM-3_ERA5_evaluation_r1i1p1f1_ICTP_RegCM5-0_v1-r1_day_20070401-20070401.nc
INFO - Subordinate 5: Finished writing on file /leonardo_work/ICT26_ESP/CORDEX-CMIP6/DD/CSAM-3/ICTP/ERA5/evaluation/r1i1p1f1/RegCM5-0/v1-r1/day/zg850/zg850_CSAM-3_ERA5_evaluation_r1i1p1f1_ICTP_RegCM5-0_v1-r1_day_20070401-20070401.nc
INFO - Subordinate 5: Writing on file /leonardo_work/ICT26_ESP/CORDEX-CMIP6/DD/CSAM-3/ICTP/ERA5/evaluation/r1i1p1f1/RegCM5-0/v1-r1/day/zg700/zg700_CSAM-3_ERA5_evaluation_r1i1p1f1_ICTP_RegCM5-0_v1-r1_day_20070401-20070401.nc
INFO - Subordinate 5: Finished writing on file /leonardo_work/ICT26_ESP/CORDEX-CMIP6/DD/CSAM-3/ICTP/ERA5/evaluation/r1i1p1f1/RegCM5-0/v1-r1/day/zg700/zg700_CSAM-3_ERA5_evaluation_r1i1p1f1_ICTP_RegCM5-0_v1-r1_day_20070401-20070401.nc
INFO - Subordinate 5: Writing on file /leonardo_work/ICT26_ESP/CORDEX-CMIP6/DD/CSAM-3/ICTP/ERA5/evaluation/r1i1p1f1/RegCM5-0/v1-r1/day/zg600/zg600_CSAM-3_ERA5_evaluation_r1i1p1f1_ICTP_RegCM5-0_v1-r1_day_20070401-20070401.nc
INFO - Subordinate 5: Finished writing on file /leonardo_work/ICT26_ESP/CORDEX-CMIP6/DD/CSAM-3/ICTP/ERA5/evaluation/r1i1p1f1/RegCM5-0/v1-r1/day/zg600/zg600_CSAM-3_ERA5_evaluation_r1i1p1f1_ICTP_RegCM5-0_v1-r1_day_20070401-20070401.nc
INFO - Subordinate 5: Writing on file /leonardo_work/ICT26_ESP/CORDEX-CMIP6/DD/CSAM-3/ICTP/ERA5/evaluation/r1i1p1f1/RegCM5-0/v1-r1/day/zg500/zg500_CSAM-3_ERA5_evaluation_r1i1p1f1_ICTP_RegCM5-0_v1-r1_day_20070401-20070401.nc
INFO - Subordinate 5: Finished writing on file /leonardo_work/ICT26_ESP/CORDEX-CMIP6/DD/CSAM-3/ICTP/ERA5/evaluation/r1i1p1f1/RegCM5-0/v1-r1/day/zg500/zg500_CSAM-3_ERA5_evaluation_r1i1p1f1_ICTP_RegCM5-0_v1-r1_day_20070401-20070401.nc
INFO - Subordinate 5: Writing on file /leonardo_work/ICT26_ESP/CORDEX-CMIP6/DD/CSAM-3/ICTP/ERA5/evaluation/r1i1p1f1/RegCM5-0/v1-r1/day/zg400/zg400_CSAM-3_ERA5_evaluation_r1i1p1f1_ICTP_RegCM5-0_v1-r1_day_20070401-20070401.nc
INFO - Subordinate 5: Finished writing on file /leonardo_work/ICT26_ESP/CORDEX-CMIP6/DD/CSAM-3/ICTP/ERA5/evaluation/r1i1p1f1/RegCM5-0/v1-r1/day/zg400/zg400_CSAM-3_ERA5_evaluation_r1i1p1f1_ICTP_RegCM5-0_v1-r1_day_20070401-20070401.nc
INFO - Subordinate 5: Writing on file /leonardo_work/ICT26_ESP/CORDEX-CMIP6/DD/CSAM-3/ICTP/ERA5/evaluation/r1i1p1f1/RegCM5-0/v1-r1/day/zg300/zg300_CSAM-3_ERA5_evaluation_r1i1p1f1_ICTP_RegCM5-0_v1-r1_day_20070401-20070401.nc
INFO - Subordinate 5: Finished writing on file /leonardo_work/ICT26_ESP/CORDEX-CMIP6/DD/CSAM-3/ICTP/ERA5/evaluation/r1i1p1f1/RegCM5-0/v1-r1/day/zg300/zg300_CSAM-3_ERA5_evaluation_r1i1p1f1_ICTP_RegCM5-0_v1-r1_day_20070401-20070401.nc
INFO - Subordinate 5: Writing on file /leonardo_work/ICT26_ESP/CORDEX-CMIP6/DD/CSAM-3/ICTP/ERA5/evaluation/r1i1p1f1/RegCM5-0/v1-r1/day/zg250/zg250_CSAM-3_ERA5_evaluation_r1i1p1f1_ICTP_RegCM5-0_v1-r1_day_20070401-20070401.nc
INFO - Subordinate 5: Finished writing on file /leonardo_work/ICT26_ESP/CORDEX-CMIP6/DD/CSAM-3/ICTP/ERA5/evaluation/r1i1p1f1/RegCM5-0/v1-r1/day/zg250/zg250_CSAM-3_ERA5_evaluation_r1i1p1f1_ICTP_RegCM5-0_v1-r1_day_20070401-20070401.nc
INFO - Subordinate 5: Writing on file /leonardo_work/ICT26_ESP/CORDEX-CMIP6/DD/CSAM-3/ICTP/ERA5/evaluation/r1i1p1f1/RegCM5-0/v1-r1/day/zg200/zg200_CSAM-3_ERA5_evaluation_r1i1p1f1_ICTP_RegCM5-0_v1-r1_day_20070401-20070401.nc
INFO - Subordinate 5: Finished writing on file /leonardo_work/ICT26_ESP/CORDEX-CMIP6/DD/CSAM-3/ICTP/ERA5/evaluation/r1i1p1f1/RegCM5-0/v1-r1/day/zg200/zg200_CSAM-3_ERA5_evaluation_r1i1p1f1_ICTP_RegCM5-0_v1-r1_day_20070401-20070401.nc
INFO - Subordinate 5: Variable zg saved using action number 0
