MPI startup(): shm:tmi fabric is unknown or has been removed from the product, please use ofi or shm:ofi instead.
[0] MPI startup(): I_MPI_TMI_PROVIDER variable has been removed from the product, its value is ignored

WARNING: release_mt library was used but no multi-ep feature was enabled. Please use release library instead.

  This is RegCM 5
   GIT Revision: 5.0.0 compiled at: data : Nov 06 2023  time: 16:24:22

 : this run start at  : 2023-11-08 10:06:04+0100
 : it is submitted by : mdasilva
 : it is running on   : r164c09s02
 : it is using        :         1440   processors
 : in directory       : 
 /marconi/home/userexternal/mdasilva/github_projects/shell/regcm_ictp/regcm_exp/
 sam_3km
                       
 CPUS DIM1 =           40
 CPUS DIM2 =           36
 
 Reading model namelist file
 Using default microphysical parameter.
 Initial date of the global simulation:  2018-01-01 00:00:00 UTC        
 Initial date of this run             :  2018-09-28 00:00:00 UTC        
 Final date of this run               :  2021-12-31 00:00:00 UTC        
 Total simulation lenght              :        28560  hours
 Timestep in seconds =   45.000000
 Reading Domain file : 
 /marconi/home/userexternal/mdasilva/user/mdasilva/sam_3km/input/SAM-3km_DOMAIN0
 00.nc
 Advection timestep =    15.000 (factor  3)
 Max. Courant number for horizontal advection =    0.9538
 Sound waves timestep =     2.500 (factor  6)
 Courant number of horizontal sound waves =    0.3760
 Setting IPCC scenario to SSP585  
 Load GHG for 201809 SSP585
 Create SAV files :  T
 Create ATM files :  T
 Create RAD files :  T
 Create SRF files :  T
 Create STS files :  T
 Create SHF files :  F
 Create LAK files :  F
 Monthly new files are created
 Frequency in days to create SAV :   10.0
 Frequency in hours to create ATM :    6.0
 Frequency in hours to create RAD :    6.0
 Frequency in hours to create SRF :    1.0
 Frequency in hours to create LAK :    6.0
 Physical Parameterizations
  Lateral Boundary conditions :  5
  Semi-Lagrangian Advection   :  0
  Land cumulus conv. scheme   :  0
  Ocean cumulus conv. scheme  :  0
  Moisture schem              :  2
  Ocean Flux scheme           :  2
  Zeng roughness formula      :  1
  Zeng roughness method       :  1
  Coupling with ocean         :  0
  Coupling with wave          :  0
  Coupling with COP           :  0
  Pressure gradient force     :  0
  Prescribed LW emissivity    :  0
  Lake model in BATS          :  1
  Simulate diurnal sst cycle  :  0
  Simulate sea ice cover      :  0
  Enable chem/aerosol model   :  0
  Large scale LWP as convect. :  1
  Cloud fraction scheme       :  1
  Marine stratocumulus        :  0
  Climate O3 dataset          :  0
  Climate Aerosol dataset     :  3
 Boundary Pameterizations
  Num. of bndy points cross  : 30
  Num. of bndy points dot    : 30
  Nudge value high range     :  9.000000
  Nudge value medium range   :  6.000000
  Nudge value low range      :  3.000000
  Nm paramter                : -1.000000
  Dm paramter                : -1.000000
 Model Timestep Pameterizations
  time step for dynamical model in seconds :          45.000000
  time step for surface   model in seconds :         450.000000
  time step for cumulus   model in seconds :         225.000000
  time step for radiation model in seconds :        1350.000000
  time step for emission  model in seconds :       48600.000000
 Nudging coefficients F1=    0.040000, F2=    0.000000
  # Nudging coefficient profile #
     8.91       8.73       8.56       8.38       8.20       8.03       7.85    
     7.67       7.50       7.32       7.15       6.97       6.79       6.62    
     6.44       6.26       6.09       5.94       5.81       5.69       5.56    
     5.43       5.31       5.18       5.06       4.93       4.81       4.68    
     4.56       4.43       4.31       4.18       4.06       3.93       3.81    
     3.81       3.69       3.56       3.44       3.31       3.19       3.06    
 Model top at    25000.0000000000       m
 Domain grid parameters:
  Map Projection        : ROTLLR
  Dot Grid Full Extent  : 1231x 783x 41
  Model Grid Spacing    :    3.335968 km
  Proj Center Latitude  :  -24.000000 deg
  Proj Center longitude :  303.000000 deg
  Pole Latitude         :  -70.600000 deg
  Pole longitude        :  123.940000 deg
 Holtslag PBL Scheme
  ricr_ocn     =    0.250000
  ricr_lnd     =    0.250000
  zhnew_fac    =    0.250000
  ifaholt      =  0
  ifaholtth10  =  2
  holtth10iter =    1
 Cloud fraction schemes parameters
  # of bottom no cloud model levels :  1
  Maximum relative humidity         :    1.010000
  Minimum relative humidity         :    0.010000
  Maximum total cloud cover for rad :    0.750000
  Conv. CF UMF factor deep cumulus  :    0.140000
  Conv. CF UMF factor deep cumulus  :    0.140000
  Conv. CF UMF factor k2            :  500.000000
  Surface radiation hack            :           F
  Vavrus-Waliser Arctic cloud fix   :           T
 Convective Cloud Cover parameters after resolution scaling
  Maximum Convective Cloud Cover :    1.000000
  Convective Cloud Water         :    0.000300
 The surface energy budget is used to calculate the ground temperature.
 The radiation is computed every   22. minutes.
 Relaxation boundary conditions (exponential method)
  # Ozone profiles restart #
    0.854E-05  0.662E-05  0.536E-05  0.393E-05  0.269E-05  0.180E-05  0.131E-05
    0.977E-06  0.704E-06  0.497E-06  0.354E-06  0.260E-06  0.201E-06  0.162E-06
    0.135E-06  0.118E-06  0.104E-06  0.921E-07  0.842E-07  0.772E-07  0.722E-07
    0.679E-07  0.643E-07  0.619E-07  0.596E-07  0.575E-07  0.562E-07  0.550E-07
    0.538E-07  0.527E-07  0.521E-07  0.515E-07  0.510E-07  0.505E-07  0.501E-07
    0.497E-07  0.496E-07  0.496E-07  0.496E-07  0.496E-07  0.496E-07  0.496E-07
    0.496E-07
 READY BC DATA for  2018-09-28 00:00:00 UTC        
 SEARCH BC data for 2018092806 , step =   518400
 READY  BC from     2018092800  to 2018092806 
 Successfully read restart file at time =  2018-09-28 00:00:00 UTC        
 Read solar forcing total irradiance data...
 Updating orbit parameters at  2018-09-28 00:00:00 UTC        
 At  2018-09-28 00:00:00 UTC        
 JDay    270.00000 solar declination angle =  -1.44759845 degrees
                   solar TSI irradiance    =    1355.8549 W/m^2
 CLM version: 4.5 - RegCM 5.0.0
 Attempting to initialize the land model .....
 Mask given by RegCM model has a total of       637837  land points
 Attempting to initialize run control settings .....
 Read in clm_inparm namelist from: 
 /marconi/home/userexternal/mdasilva/github_projects/shell/regcm_ictp/regcm_exp/
 sam_3km/SAM_3km_CP_RegCM5_ERA5.in
 Read in clm_hydrology1_inparm namelist
 Read in clm_soilhydrology_inparm namelist
 Successfully initialized run control settings
 
 define run:
    source                = Community Land Model CLM4.5
    model_version         = 5.0.0
    run type              = restart
    case title            = RegCM driven CLM4.5
    username              = mdasilva
    hostname              = r164c09s02
 input data files:
    PFT physiology = 
 /marconi_work/ICT23_ESP/RCMDATA/CLM45/pftdata/pft-physiology.c130503.nc
    surface data   = 
 /marconi/home/userexternal/mdasilva/user/mdasilva/sam_3km/input/SAM-3km_CLM45_s
 urface.nc
    land frac data = 
 /marconi/home/userexternal/mdasilva/user/mdasilva/sam_3km/input/SAM-3km_DOMAIN0
 00.nc
    enable_megan_emission                                 :  F
    enable_urban_landunit                                 :  T
    enable_more_crop_pft                                  :  F
    SNICAR optical = 
 /marconi_work/ICT23_ESP/RCMDATA/CLM45/snicardata/snicar_optics_5bnd_c090915.nc
    SNICAR aging = 
 /marconi_work/ICT23_ESP/RCMDATA/CLM45/snicardata/snicar_drdt_bst_fit_60_c070416
 .nc
    restart data   = using a restart file
    atmospheric forcing data is from RegCM atm model
 Large file support for output files is ON
 model physics parameters:
    flag for random perturbation test is not set
    CO2 volume mixing ratio   (umol/mol)   =    355.000000000000     
    land albedos  (unitless 0-1)   =   0.800000000000000     
    ice albedos   (unitless 0-1)   =   0.550000000000000     
    urban air conditioning/heating and wasteheat   = OFF             
    urban traffic flux   =  F
    more vertical layers =  F
 restart warning:
    Namelist not checked for agreement with initial run.
    Namelist should not differ except for ending time step and run type
    maxpatch_pft         =           17
    allocate_all_vegpfts =  T
    perchroot (PWS based on unfrozen layers only) =  F
    perchroot (PWS based on time-integrated active layer only) =  F
 
 Lake Model Namelists:
 Hostetler eddy increase low    :    25.0000000000000     
 Hostetler eddy increase factor :    10.0000000000000     
 Albedo melting lakes (visible) :  0.100000000000000     
 Albedo melting lakes (NIR)     :  0.100000000000000     
 Attempting to read ldomain from 
 /marconi/home/userexternal/mdasilva/user/mdasilva/sam_3km/input/SAM-3km_DOMAIN0
 00.nc
   domain_check set       = domain_set
   domain_check decomped  =  T
   domain_check ns        =       957840
   domain_check ni,nj     =         1228         780
   domain_check clmlevel  = gridcell
   domain_check nbeg,nend =            1         442
   domain_check lonc      =   -72.1860395653009       -57.3264049715783     
   domain_check latc      =   -35.6984140874588       -35.0349159744899     
   domain_check mask      =            1           1
   domain_check frac      =    100.000000000000        100.000000000000     
   domain_check topo      =    1.42061796280916        2989.68710312116     
   domain_check area      =    10.6812384818869        10.6828726814438     
   domain_check pftm      =            1           1
  
  Reading in urban input data from surface data file ...
  UrbanInput : 
 /marconi/home/userexternal/mdasilva/user/mdasilva/sam_3km/input/SAM-3km_CLM45_s
 urface.nc
  Sucessfully read urban input data
 
 Attempting to read PFT physiological data .....
 Successfully read PFT physiological data
 Attempting to read surface boundary data .....
 Checked LAT/LON compliance
 Successfully read surface boundary data
 
  Surface Grid Characteristics
    total number of gridcells =       637837
    total number of landunits =      1363075
    total number of columns   =      2263069
    total number of pfts      =     11191289
  
 ---clm_ptrs_check:
    clm_ptrs_check: g index ranges - OK
    clm_ptrs_check: l index ranges - OK
    clm_ptrs_check: c index ranges - OK
    clm_ptrs_check: p index ranges - OK
    clm_ptrs_check: g mono increasing - OK
    clm_ptrs_check: l mono increasing - OK
    clm_ptrs_check: c mono increasing - OK
    clm_ptrs_check: p mono increasing - OK
    clm_ptrs_check: tree consistent - OK
  
 Attempting to initialize time invariant variables
 Attempting to read soil color, sand and clay boundary data .....
 WARNING:: ETALAKE not found on surface data set.
 All lake columns will have eta set equal to default value
 WARNING:: LAKEFETCH not found on surface data set.
 All lake columns will have fetch set equal to default value
 Successfully read fmax, soil color, sand and clay boundary data
 
 Attempting to read organic matter data .....
  organicrd : 
 /marconi/home/userexternal/mdasilva/user/mdasilva/sam_3km/input/SAM-3km_CLM45_s
 urface.nc
 Successfully read organic matter data
 
  # zsoi #
    0.710E-02  0.279E-01  0.623E-01  0.119      0.212      0.366      0.620    
     1.04       1.73       2.86       4.74       7.83       12.9       21.3    
     21.3       35.2    
  # zisoi #
     0.00      0.175E-01  0.451E-01  0.906E-01  0.166      0.289      0.493    
    0.829       1.38       2.30       3.80       6.28       10.4       17.1    
     17.1       28.3       42.1    
  # dzsoi #
    0.175E-01  0.276E-01  0.455E-01  0.750E-01  0.124      0.204      0.336    
    0.554      0.913       1.51       2.48       4.09       6.75       11.1    
     11.1       13.9    
 dzsoi_decomp   1.00000000000000     
 Set     7 100% special land-units points to zero slope
 Set     7 100% special land-units points to zero slope
 Set    12 100% special land-units points to zero slope
 Set    11 100% special land-units points to zero slope
 Set     7 100% special land-units points to zero slope
 Set     1 100% special land-units points to zero slope
 Set     2 100% special land-units points to zero slope
 Set     4 100% special land-units points to zero slope
 Set     2 100% special land-units points to zero slope
 Set     7 100% special land-units points to zero slope
 Set     6 100% special land-units points to zero slope
 Set     5 100% special land-units points to zero slope
 Set     3 100% special land-units points to zero slope
 Set     9 100% special land-units points to zero slope
 Set     1 100% special land-units points to zero slope
 Set     8 100% special land-units points to zero slope
 Set     3 100% special land-units points to zero slope
 Set    13 100% special land-units points to zero slope
 Set     1 100% special land-units points to zero slope
 Attempting to read snow optical properties .....
 SnowOptics_init : 
 /marconi_work/ICT23_ESP/RCMDATA/CLM45/snicardata/snicar_optics_5bnd_c090915.nc
 Set    20 100% special land-units points to zero slope
 Set    22 100% special land-units points to zero slope
 Set    30 100% special land-units points to zero slope
 Successfully read snow optical properties
 Attempting to read snow aging parameters .....
 Set    10 100% special land-units points to zero slope
 Successfully read snow aging properties
 Successfully initialized time invariant variables
 CLM_hist_printflds : number of master fields =          241
 There will be a total of            1  history tapes
 History tape            1  write frequency is MONTHLY
 All fields on history tape            1  are grid averaged
 Output precision on history tape            1 =           2
 Reading restart dataset at 
 /marconi/home/userexternal/mdasilva/user/mdasilva/sam_3km/output//SAM-3km.clm.r
 egcm.r.2018092800.nc
 Successfully read restart data for restart run
 Attempting to initialize time invariant variables for lakes
 CLM timestep appears to differ from 1800s. 
 Adjusting minimum snow layer thickness over lakes to maintain stability.
 New minimum thickness is   2.000000000000000E-002 .
 Successfully initialized time invariant variables for lakes
 Setting initial data to non-spun up values for lake points
 Successfully initialized the land model
 begin continuation run at: 2018-09-28 00:00:00 UTC
 Attempting to read monthly vegetation data .....
 At  2018-09-28 00:00:00 UTC
 Month =            9  Day =           28
 Reading months :            9          10
 Successfully read monthly vegetation data for
 month           10
 Opening new output file 
 /marconi/home/userexternal/mdasilva/user/mdasilva/sam_3km/output//SAM-3km_ATM.2
 018092800.nc
 Opening new output file 
 /marconi/home/userexternal/mdasilva/user/mdasilva/sam_3km/output//SAM-3km_SRF.2
 018092800.nc
 Opening new output file 
 /marconi/home/userexternal/mdasilva/user/mdasilva/sam_3km/output//SAM-3km_STS.2
 018092800.nc
 Opening new output file 
 /marconi/home/userexternal/mdasilva/user/mdasilva/sam_3km/output//SAM-3km_RAD.2
 018092800.nc
 $$$  2018-09-28 00:00:00 UTC        
 $$$ max, min of ps (mb) =  1023.12  496.91
 Updating aerosol optical properties...
 SRF variables written at  2018-09-28 01:00:00 UTC        
 SRF variables written at  2018-09-28 02:00:00 UTC        
 SRF variables written at  2018-09-28 03:00:00 UTC        
 $$$  2018-09-28 03:00:00 UTC        
 $$$ max, min of ps (mb) =  1022.98  496.66
 SRF variables written at  2018-09-28 04:00:00 UTC        
 SRF variables written at  2018-09-28 05:00:00 UTC        
 ATM variables written at  2018-09-28 06:00:00 UTC        
 SRF variables written at  2018-09-28 06:00:00 UTC        
 RAD variables written at  2018-09-28 06:00:00 UTC        
 SEARCH BC data for 2018092812 , step =   518880
 READY  BC from     2018092806  to 2018092812 
 $$$  2018-09-28 06:00:00 UTC        
 $$$ max, min of ps (mb) =  1023.10  496.02
 SRF variables written at  2018-09-28 07:00:00 UTC        
 SRF variables written at  2018-09-28 08:00:00 UTC        
 SRF variables written at  2018-09-28 09:00:00 UTC        
 $$$  2018-09-28 09:00:00 UTC        
 $$$ max, min of ps (mb) =  1025.24  496.02
 SRF variables written at  2018-09-28 10:00:00 UTC        
 SRF variables written at  2018-09-28 11:00:00 UTC        
 ATM variables written at  2018-09-28 12:00:00 UTC        
 SRF variables written at  2018-09-28 12:00:00 UTC        
 RAD variables written at  2018-09-28 12:00:00 UTC        
 SEARCH BC data for 2018092818 , step =   519360
 READY  BC from     2018092812  to 2018092818 
 $$$  2018-09-28 12:00:00 UTC        
 $$$ max, min of ps (mb) =  1026.96  495.93
 SRF variables written at  2018-09-28 13:00:00 UTC        
 SRF variables written at  2018-09-28 14:00:00 UTC        
 SRF variables written at  2018-09-28 15:00:00 UTC        
 $$$  2018-09-28 15:00:00 UTC        
 $$$ max, min of ps (mb) =  1026.38  495.69
 SRF variables written at  2018-09-28 16:00:00 UTC        
 SRF variables written at  2018-09-28 17:00:00 UTC        
 ATM variables written at  2018-09-28 18:00:00 UTC        
 SRF variables written at  2018-09-28 18:00:00 UTC        
 RAD variables written at  2018-09-28 18:00:00 UTC        
 SEARCH BC data for 2018092900 , step =   519840
 READY  BC from     2018092818  to 2018092900 
 $$$  2018-09-28 18:00:00 UTC        
 $$$ max, min of ps (mb) =  1025.92  496.17
 SRF variables written at  2018-09-28 19:00:00 UTC        
 SRF variables written at  2018-09-28 20:00:00 UTC        
 SRF variables written at  2018-09-28 21:00:00 UTC        
 $$$  2018-09-28 21:00:00 UTC        
 $$$ max, min of ps (mb) =  1026.56  496.27
 SRF variables written at  2018-09-28 22:00:00 UTC        
 SRF variables written at  2018-09-28 23:00:00 UTC        
 At  2018-09-29 00:00:00 UTC        
 JDay    271.00000 solar declination angle =  -1.83661401 degrees
                   solar TSI irradiance    =    1355.8549 W/m^2
 ATM variables written at  2018-09-29 00:00:00 UTC        
 SRF variables written at  2018-09-29 00:00:00 UTC        
 STS variables written at  2018-09-29 00:00:00 UTC        
 RAD variables written at  2018-09-29 00:00:00 UTC        
 SEARCH BC data for 2018092906 , step =   520320
 READY  BC from     2018092900  to 2018092906 
 $$$  2018-09-29 00:00:00 UTC        
 $$$ max, min of ps (mb) =  1028.01  496.02
 Updating aerosol optical properties...
 SRF variables written at  2018-09-29 01:00:00 UTC        
 SRF variables written at  2018-09-29 02:00:00 UTC        
 SRF variables written at  2018-09-29 03:00:00 UTC        
 $$$  2018-09-29 03:00:00 UTC        
 $$$ max, min of ps (mb) =  1027.65  495.13
 SRF variables written at  2018-09-29 04:00:00 UTC        
 SRF variables written at  2018-09-29 05:00:00 UTC        
 ATM variables written at  2018-09-29 06:00:00 UTC        
 SRF variables written at  2018-09-29 06:00:00 UTC        
 RAD variables written at  2018-09-29 06:00:00 UTC        
 SEARCH BC data for 2018092912 , step =   520800
 READY  BC from     2018092906  to 2018092912 
 $$$  2018-09-29 06:00:00 UTC        
 $$$ max, min of ps (mb) =  1027.39  494.04
 SRF variables written at  2018-09-29 07:00:00 UTC        
 SRF variables written at  2018-09-29 08:00:00 UTC        
 SRF variables written at  2018-09-29 09:00:00 UTC        
 $$$  2018-09-29 09:00:00 UTC        
 $$$ max, min of ps (mb) =  1028.71  493.69
 SRF variables written at  2018-09-29 10:00:00 UTC        
 SRF variables written at  2018-09-29 11:00:00 UTC        
 ATM variables written at  2018-09-29 12:00:00 UTC        
 SRF variables written at  2018-09-29 12:00:00 UTC        
 RAD variables written at  2018-09-29 12:00:00 UTC        
 SEARCH BC data for 2018092918 , step =   521280
 READY  BC from     2018092912  to 2018092918 
 $$$  2018-09-29 12:00:00 UTC        
 $$$ max, min of ps (mb) =  1030.21  493.90
 SRF variables written at  2018-09-29 13:00:00 UTC        
 SRF variables written at  2018-09-29 14:00:00 UTC        
 SRF variables written at  2018-09-29 15:00:00 UTC        
 $$$  2018-09-29 15:00:00 UTC        
 $$$ max, min of ps (mb) =  1029.59  493.86
 SRF variables written at  2018-09-29 16:00:00 UTC        
 SRF variables written at  2018-09-29 17:00:00 UTC        
 ATM variables written at  2018-09-29 18:00:00 UTC        
 SRF variables written at  2018-09-29 18:00:00 UTC        
 RAD variables written at  2018-09-29 18:00:00 UTC        
 SEARCH BC data for 2018093000 , step =   521760
 READY  BC from     2018092918  to 2018093000 
 $$$  2018-09-29 18:00:00 UTC        
 $$$ max, min of ps (mb) =  1028.98  494.43
 SRF variables written at  2018-09-29 19:00:00 UTC        
 SRF variables written at  2018-09-29 20:00:00 UTC        
 SRF variables written at  2018-09-29 21:00:00 UTC        
 $$$  2018-09-29 21:00:00 UTC        
 $$$ max, min of ps (mb) =  1029.40  494.78
 SRF variables written at  2018-09-29 22:00:00 UTC        
 SRF variables written at  2018-09-29 23:00:00 UTC        
 At  2018-09-30 00:00:00 UTC        
 JDay    272.00000 solar declination angle =  -2.22539647 degrees
                   solar TSI irradiance    =    1355.8549 W/m^2
 ATM variables written at  2018-09-30 00:00:00 UTC        
 SRF variables written at  2018-09-30 00:00:00 UTC        
 STS variables written at  2018-09-30 00:00:00 UTC        
 RAD variables written at  2018-09-30 00:00:00 UTC        
 SEARCH BC data for 2018093006 , step =   522240
 READY  BC from     2018093000  to 2018093006 
 $$$  2018-09-30 00:00:00 UTC        
 $$$ max, min of ps (mb) =  1029.86  494.71
 Updating aerosol optical properties...
 SRF variables written at  2018-09-30 01:00:00 UTC        
 SRF variables written at  2018-09-30 02:00:00 UTC        
 SRF variables written at  2018-09-30 03:00:00 UTC        
 $$$  2018-09-30 03:00:00 UTC        
 $$$ max, min of ps (mb) =  1028.34  494.18
 SRF variables written at  2018-09-30 04:00:00 UTC        
 SRF variables written at  2018-09-30 05:00:00 UTC        
 ATM variables written at  2018-09-30 06:00:00 UTC        
 SRF variables written at  2018-09-30 06:00:00 UTC        
 RAD variables written at  2018-09-30 06:00:00 UTC        
 SEARCH BC data for 2018093012 , step =   522720
 READY  BC from     2018093006  to 2018093012 
 $$$  2018-09-30 06:00:00 UTC        
 $$$ max, min of ps (mb) =  1026.87  493.77
 SRF variables written at  2018-09-30 07:00:00 UTC        
 SRF variables written at  2018-09-30 08:00:00 UTC        
 SRF variables written at  2018-09-30 09:00:00 UTC        
 $$$  2018-09-30 09:00:00 UTC        
 $$$ max, min of ps (mb) =  1027.30  493.93
 SRF variables written at  2018-09-30 10:00:00 UTC        
 SRF variables written at  2018-09-30 11:00:00 UTC        
 ATM variables written at  2018-09-30 12:00:00 UTC        
 SRF variables written at  2018-09-30 12:00:00 UTC        
 RAD variables written at  2018-09-30 12:00:00 UTC        
 SEARCH BC data for 2018093018 , step =   523200
 READY  BC from     2018093012  to 2018093018 
 $$$  2018-09-30 12:00:00 UTC        
 $$$ max, min of ps (mb) =  1027.77  494.18
 SRF variables written at  2018-09-30 13:00:00 UTC        
 SRF variables written at  2018-09-30 14:00:00 UTC        
 SRF variables written at  2018-09-30 15:00:00 UTC        
 $$$  2018-09-30 15:00:00 UTC        
 $$$ max, min of ps (mb) =  1026.52  494.06
 SRF variables written at  2018-09-30 16:00:00 UTC        
 SRF variables written at  2018-09-30 17:00:00 UTC        
 ATM variables written at  2018-09-30 18:00:00 UTC        
 SRF variables written at  2018-09-30 18:00:00 UTC        
 RAD variables written at  2018-09-30 18:00:00 UTC        
 SEARCH BC data for 2018100100 , step =   523680
 READY  BC from     2018093018  to 2018100100 
 $$$  2018-09-30 18:00:00 UTC        
 $$$ max, min of ps (mb) =  1025.88  494.04
 SRF variables written at  2018-09-30 19:00:00 UTC        
 SRF variables written at  2018-09-30 20:00:00 UTC        
 SRF variables written at  2018-09-30 21:00:00 UTC        
 $$$  2018-09-30 21:00:00 UTC        
 $$$ max, min of ps (mb) =  1026.91  494.71
 SRF variables written at  2018-09-30 22:00:00 UTC        
 SRF variables written at  2018-09-30 23:00:00 UTC        
 At  2018-10-01 00:00:00 UTC        
 JDay    273.00000 solar declination angle =  -2.61384930 degrees
                   solar TSI irradiance    =    1355.8925 W/m^2
 ATM variables written at  2018-10-01 00:00:00 UTC        
 SRF variables written at  2018-10-01 00:00:00 UTC        
 STS variables written at  2018-10-01 00:00:00 UTC        
 RAD variables written at  2018-10-01 00:00:00 UTC        
 Opening new output file 
 /marconi/home/userexternal/mdasilva/user/mdasilva/sam_3km/output//SAM-3km_ATM.2
 018100100.nc
 Opening new output file 
 /marconi/home/userexternal/mdasilva/user/mdasilva/sam_3km/output//SAM-3km_SRF.2
 018100100.nc
 Opening new output file 
 /marconi/home/userexternal/mdasilva/user/mdasilva/sam_3km/output//SAM-3km_STS.2
 018100100.nc
 Opening new output file 
 /marconi/home/userexternal/mdasilva/user/mdasilva/sam_3km/output//SAM-3km_RAD.2
 018100100.nc
 Elapsed seconds of run for this month :    3122.947    
 SEARCH BC data for 2018100106 , step =   524160
 READY  BC from     2018100100  to 2018100106 
 $$$  2018-10-01 00:00:00 UTC        
 $$$ max, min of ps (mb) =  1027.99  495.25
 Load GHG for 201810 SSP585
 Updating aerosol optical properties...
 SRF variables written at  2018-10-01 01:00:00 UTC        
 SRF variables written at  2018-10-01 02:00:00 UTC        
 SRF variables written at  2018-10-01 03:00:00 UTC        
 $$$  2018-10-01 03:00:00 UTC        
 $$$ max, min of ps (mb) =  1028.80  495.44
 SRF variables written at  2018-10-01 04:00:00 UTC        
 SRF variables written at  2018-10-01 05:00:00 UTC        
 ATM variables written at  2018-10-01 06:00:00 UTC        
 SRF variables written at  2018-10-01 06:00:00 UTC        
 RAD variables written at  2018-10-01 06:00:00 UTC        
 SEARCH BC data for 2018100112 , step =   524640
 READY  BC from     2018100106  to 2018100112 
 $$$  2018-10-01 06:00:00 UTC        
 $$$ max, min of ps (mb) =  1029.68  495.23
 SRF variables written at  2018-10-01 07:00:00 UTC        
 SRF variables written at  2018-10-01 08:00:00 UTC        
 SRF variables written at  2018-10-01 09:00:00 UTC        
 $$$  2018-10-01 09:00:00 UTC        
 $$$ max, min of ps (mb) =  1029.48  495.65
 SRF variables written at  2018-10-01 10:00:00 UTC        
 SRF variables written at  2018-10-01 11:00:00 UTC        
 ATM variables written at  2018-10-01 12:00:00 UTC        
 SRF variables written at  2018-10-01 12:00:00 UTC        
 RAD variables written at  2018-10-01 12:00:00 UTC        
 SEARCH BC data for 2018100118 , step =   525120
 READY  BC from     2018100112  to 2018100118 
 $$$  2018-10-01 12:00:00 UTC        
 $$$ max, min of ps (mb) =  1029.38  495.98
 SRF variables written at  2018-10-01 13:00:00 UTC        
 SRF variables written at  2018-10-01 14:00:00 UTC        
 SRF variables written at  2018-10-01 15:00:00 UTC        
 $$$  2018-10-01 15:00:00 UTC        
 $$$ max, min of ps (mb) =  1029.62  495.49
 SRF variables written at  2018-10-01 16:00:00 UTC        
 SRF variables written at  2018-10-01 17:00:00 UTC        
 ATM variables written at  2018-10-01 18:00:00 UTC        
 SRF variables written at  2018-10-01 18:00:00 UTC        
 RAD variables written at  2018-10-01 18:00:00 UTC        
 SEARCH BC data for 2018100200 , step =   525600
 READY  BC from     2018100118  to 2018100200 
 $$$  2018-10-01 18:00:00 UTC        
 $$$ max, min of ps (mb) =  1029.46  495.93
 SRF variables written at  2018-10-01 19:00:00 UTC        
 SRF variables written at  2018-10-01 20:00:00 UTC        
 SRF variables written at  2018-10-01 21:00:00 UTC        
 $$$  2018-10-01 21:00:00 UTC        
 $$$ max, min of ps (mb) =  1029.30  496.03
 SRF variables written at  2018-10-01 22:00:00 UTC        
 SRF variables written at  2018-10-01 23:00:00 UTC        
 At  2018-10-02 00:00:00 UTC        
 JDay    274.00000 solar declination angle =  -3.00187554 degrees
                   solar TSI irradiance    =    1355.8925 W/m^2
 ATM variables written at  2018-10-02 00:00:00 UTC        
 SRF variables written at  2018-10-02 00:00:00 UTC        
 STS variables written at  2018-10-02 00:00:00 UTC        
 RAD variables written at  2018-10-02 00:00:00 UTC        
 SEARCH BC data for 2018100206 , step =   526080
 READY  BC from     2018100200  to 2018100206 
 $$$  2018-10-02 00:00:00 UTC        
 $$$ max, min of ps (mb) =  1029.20  496.37
 Updating aerosol optical properties...
 SRF variables written at  2018-10-02 01:00:00 UTC        
 SRF variables written at  2018-10-02 02:00:00 UTC        
 SRF variables written at  2018-10-02 03:00:00 UTC        
 $$$  2018-10-02 03:00:00 UTC        
 $$$ max, min of ps (mb) =  1028.40  495.99
 SRF variables written at  2018-10-02 04:00:00 UTC        
 SRF variables written at  2018-10-02 05:00:00 UTC        
 ATM variables written at  2018-10-02 06:00:00 UTC        
 SRF variables written at  2018-10-02 06:00:00 UTC        
 RAD variables written at  2018-10-02 06:00:00 UTC        
 SEARCH BC data for 2018100212 , step =   526560
 READY  BC from     2018100206  to 2018100212 
 $$$  2018-10-02 06:00:00 UTC        
 $$$ max, min of ps (mb) =  1027.56  495.22
 SRF variables written at  2018-10-02 07:00:00 UTC        
 SRF variables written at  2018-10-02 08:00:00 UTC        
 SRF variables written at  2018-10-02 09:00:00 UTC        
 $$$  2018-10-02 09:00:00 UTC        
 $$$ max, min of ps (mb) =  1027.14  495.30
 SRF variables written at  2018-10-02 10:00:00 UTC        
 SRF variables written at  2018-10-02 11:00:00 UTC        
 ATM variables written at  2018-10-02 12:00:00 UTC        
 SRF variables written at  2018-10-02 12:00:00 UTC        
 RAD variables written at  2018-10-02 12:00:00 UTC        
 SEARCH BC data for 2018100218 , step =   527040
 READY  BC from     2018100212  to 2018100218 
 $$$  2018-10-02 12:00:00 UTC        
 $$$ max, min of ps (mb) =  1026.83  495.29
 SRF variables written at  2018-10-02 13:00:00 UTC        
 SRF variables written at  2018-10-02 14:00:00 UTC        
 SRF variables written at  2018-10-02 15:00:00 UTC        
 $$$  2018-10-02 15:00:00 UTC        
 $$$ max, min of ps (mb) =  1027.53  495.30
 SRF variables written at  2018-10-02 16:00:00 UTC        
 SRF variables written at  2018-10-02 17:00:00 UTC        
 ATM variables written at  2018-10-02 18:00:00 UTC        
 SRF variables written at  2018-10-02 18:00:00 UTC        
 RAD variables written at  2018-10-02 18:00:00 UTC        
 SEARCH BC data for 2018100300 , step =   527520
 READY  BC from     2018100218  to 2018100300 
 $$$  2018-10-02 18:00:00 UTC        
 $$$ max, min of ps (mb) =  1028.20  495.64
 SRF variables written at  2018-10-02 19:00:00 UTC        
 SRF variables written at  2018-10-02 20:00:00 UTC        
 SRF variables written at  2018-10-02 21:00:00 UTC        
 $$$  2018-10-02 21:00:00 UTC        
 $$$ max, min of ps (mb) =  1028.21  496.30
 SRF variables written at  2018-10-02 22:00:00 UTC        
 SRF variables written at  2018-10-02 23:00:00 UTC        
 At  2018-10-03 00:00:00 UTC        
 JDay    275.00000 solar declination angle =  -3.38937774 degrees
                   solar TSI irradiance    =    1355.8925 W/m^2
 ATM variables written at  2018-10-03 00:00:00 UTC        
 SRF variables written at  2018-10-03 00:00:00 UTC        
 STS variables written at  2018-10-03 00:00:00 UTC        
 RAD variables written at  2018-10-03 00:00:00 UTC        
 SEARCH BC data for 2018100306 , step =   528000
 READY  BC from     2018100300  to 2018100306 
 $$$  2018-10-03 00:00:00 UTC        
 $$$ max, min of ps (mb) =  1028.33  496.68
 Updating aerosol optical properties...
 SRF variables written at  2018-10-03 01:00:00 UTC        
 SRF variables written at  2018-10-03 02:00:00 UTC        
 SRF variables written at  2018-10-03 03:00:00 UTC        
 $$$  2018-10-03 03:00:00 UTC        
 $$$ max, min of ps (mb) =  1028.37  496.81
 SRF variables written at  2018-10-03 04:00:00 UTC        
 SRF variables written at  2018-10-03 05:00:00 UTC        
 ATM variables written at  2018-10-03 06:00:00 UTC        
 SRF variables written at  2018-10-03 06:00:00 UTC        
 RAD variables written at  2018-10-03 06:00:00 UTC        
 SEARCH BC data for 2018100312 , step =   528480
 READY  BC from     2018100306  to 2018100312 
 $$$  2018-10-03 06:00:00 UTC        
 $$$ max, min of ps (mb) =  1028.38  496.73
 SRF variables written at  2018-10-03 07:00:00 UTC        
 SRF variables written at  2018-10-03 08:00:00 UTC        
 SRF variables written at  2018-10-03 09:00:00 UTC        
 $$$  2018-10-03 09:00:00 UTC        
 $$$ max, min of ps (mb) =  1027.95  497.09
 SRF variables written at  2018-10-03 10:00:00 UTC        
 SRF variables written at  2018-10-03 11:00:00 UTC        
 ATM variables written at  2018-10-03 12:00:00 UTC        
 SRF variables written at  2018-10-03 12:00:00 UTC        
 RAD variables written at  2018-10-03 12:00:00 UTC        
 SEARCH BC data for 2018100318 , step =   528960
 READY  BC from     2018100312  to 2018100318 
 $$$  2018-10-03 12:00:00 UTC        
 $$$ max, min of ps (mb) =  1027.57  497.28
 SRF variables written at  2018-10-03 13:00:00 UTC        
 SRF variables written at  2018-10-03 14:00:00 UTC        
 SRF variables written at  2018-10-03 15:00:00 UTC        
 $$$  2018-10-03 15:00:00 UTC        
 $$$ max, min of ps (mb) =  1027.62  497.24
 SRF variables written at  2018-10-03 16:00:00 UTC        
 SRF variables written at  2018-10-03 17:00:00 UTC        
 ATM variables written at  2018-10-03 18:00:00 UTC        
 SRF variables written at  2018-10-03 18:00:00 UTC        
 RAD variables written at  2018-10-03 18:00:00 UTC        
 SEARCH BC data for 2018100400 , step =   529440
 READY  BC from     2018100318  to 2018100400 
 $$$  2018-10-03 18:00:00 UTC        
 $$$ max, min of ps (mb) =  1027.67  497.50
 SRF variables written at  2018-10-03 19:00:00 UTC        
 SRF variables written at  2018-10-03 20:00:00 UTC        
 SRF variables written at  2018-10-03 21:00:00 UTC        
 $$$  2018-10-03 21:00:00 UTC        
 $$$ max, min of ps (mb) =  1026.92  497.56
 SRF variables written at  2018-10-03 22:00:00 UTC        
 SRF variables written at  2018-10-03 23:00:00 UTC        
 At  2018-10-04 00:00:00 UTC        
 JDay    276.00000 solar declination angle =  -3.77625797 degrees
                   solar TSI irradiance    =    1355.8925 W/m^2
 ATM variables written at  2018-10-04 00:00:00 UTC        
 SRF variables written at  2018-10-04 00:00:00 UTC        
 STS variables written at  2018-10-04 00:00:00 UTC        
 RAD variables written at  2018-10-04 00:00:00 UTC        
 SEARCH BC data for 2018100406 , step =   529920
 READY  BC from     2018100400  to 2018100406 
 $$$  2018-10-04 00:00:00 UTC        
 $$$ max, min of ps (mb) =  1026.18  497.50
 Updating aerosol optical properties...
 SRF variables written at  2018-10-04 01:00:00 UTC        
 SRF variables written at  2018-10-04 02:00:00 UTC        
 SRF variables written at  2018-10-04 03:00:00 UTC        
 $$$  2018-10-04 03:00:00 UTC        
 $$$ max, min of ps (mb) =  1025.66  497.38
 SRF variables written at  2018-10-04 04:00:00 UTC        
 SRF variables written at  2018-10-04 05:00:00 UTC        
 ATM variables written at  2018-10-04 06:00:00 UTC        
 SRF variables written at  2018-10-04 06:00:00 UTC        
 RAD variables written at  2018-10-04 06:00:00 UTC        
 SEARCH BC data for 2018100412 , step =   530400
 READY  BC from     2018100406  to 2018100412 
 $$$  2018-10-04 06:00:00 UTC        
 $$$ max, min of ps (mb) =  1025.10  496.81
 SRF variables written at  2018-10-04 07:00:00 UTC        
 SRF variables written at  2018-10-04 08:00:00 UTC        
 SRF variables written at  2018-10-04 09:00:00 UTC        
 $$$  2018-10-04 09:00:00 UTC        
 $$$ max, min of ps (mb) =  1024.64  497.06
 SRF variables written at  2018-10-04 10:00:00 UTC        
 SRF variables written at  2018-10-04 11:00:00 UTC        
 ATM variables written at  2018-10-04 12:00:00 UTC        
 SRF variables written at  2018-10-04 12:00:00 UTC        
 RAD variables written at  2018-10-04 12:00:00 UTC        
 SEARCH BC data for 2018100418 , step =   530880
 READY  BC from     2018100412  to 2018100418 
 $$$  2018-10-04 12:00:00 UTC        
 $$$ max, min of ps (mb) =  1024.39  497.28
 SRF variables written at  2018-10-04 13:00:00 UTC        
 SRF variables written at  2018-10-04 14:00:00 UTC        
 SRF variables written at  2018-10-04 15:00:00 UTC        
 $$$  2018-10-04 15:00:00 UTC        
 $$$ max, min of ps (mb) =  1024.10  496.95
 SRF variables written at  2018-10-04 16:00:00 UTC        
 SRF variables written at  2018-10-04 17:00:00 UTC        
 ATM variables written at  2018-10-04 18:00:00 UTC        
 SRF variables written at  2018-10-04 18:00:00 UTC        
 RAD variables written at  2018-10-04 18:00:00 UTC        
 SEARCH BC data for 2018100500 , step =   531360
 READY  BC from     2018100418  to 2018100500 
 $$$  2018-10-04 18:00:00 UTC        
 $$$ max, min of ps (mb) =  1023.96  497.23
 SRF variables written at  2018-10-04 19:00:00 UTC        
 SRF variables written at  2018-10-04 20:00:00 UTC        
 SRF variables written at  2018-10-04 21:00:00 UTC        
 $$$  2018-10-04 21:00:00 UTC        
 $$$ max, min of ps (mb) =  1024.14  497.33
 SRF variables written at  2018-10-04 22:00:00 UTC        
 SRF variables written at  2018-10-04 23:00:00 UTC        
 At  2018-10-05 00:00:00 UTC        
 JDay    277.00000 solar declination angle =  -4.16241779 degrees
                   solar TSI irradiance    =    1355.8925 W/m^2
 ATM variables written at  2018-10-05 00:00:00 UTC        
 SRF variables written at  2018-10-05 00:00:00 UTC        
 STS variables written at  2018-10-05 00:00:00 UTC        
 RAD variables written at  2018-10-05 00:00:00 UTC        
 SEARCH BC data for 2018100506 , step =   531840
 READY  BC from     2018100500  to 2018100506 
 $$$  2018-10-05 00:00:00 UTC        
 $$$ max, min of ps (mb) =  1024.82  497.56
 Updating aerosol optical properties...
 SRF variables written at  2018-10-05 01:00:00 UTC        
 SRF variables written at  2018-10-05 02:00:00 UTC        
 SRF variables written at  2018-10-05 03:00:00 UTC        
 $$$  2018-10-05 03:00:00 UTC        
 $$$ max, min of ps (mb) =  1024.59  497.25
 SRF variables written at  2018-10-05 04:00:00 UTC        
 SRF variables written at  2018-10-05 05:00:00 UTC        
 ATM variables written at  2018-10-05 06:00:00 UTC        
 SRF variables written at  2018-10-05 06:00:00 UTC        
 RAD variables written at  2018-10-05 06:00:00 UTC        
 SEARCH BC data for 2018100512 , step =   532320
 READY  BC from     2018100506  to 2018100512 
 $$$  2018-10-05 06:00:00 UTC        
 $$$ max, min of ps (mb) =  1025.26  496.65
 SRF variables written at  2018-10-05 07:00:00 UTC        
 SRF variables written at  2018-10-05 08:00:00 UTC        
 SRF variables written at  2018-10-05 09:00:00 UTC        
 $$$  2018-10-05 09:00:00 UTC        
 $$$ max, min of ps (mb) =  1026.20  497.07
 SRF variables written at  2018-10-05 10:00:00 UTC        
 SRF variables written at  2018-10-05 11:00:00 UTC        
 ATM variables written at  2018-10-05 12:00:00 UTC        
 SRF variables written at  2018-10-05 12:00:00 UTC        
 RAD variables written at  2018-10-05 12:00:00 UTC        
 SEARCH BC data for 2018100518 , step =   532800
 READY  BC from     2018100512  to 2018100518 
 $$$  2018-10-05 12:00:00 UTC        
 $$$ max, min of ps (mb) =  1027.00  497.03
 SRF variables written at  2018-10-05 13:00:00 UTC        
 SRF variables written at  2018-10-05 14:00:00 UTC        
 SRF variables written at  2018-10-05 15:00:00 UTC        
 $$$  2018-10-05 15:00:00 UTC        
 $$$ max, min of ps (mb) =  1026.06  496.89
 SRF variables written at  2018-10-05 16:00:00 UTC        
 SRF variables written at  2018-10-05 17:00:00 UTC        
 ATM variables written at  2018-10-05 18:00:00 UTC        
 SRF variables written at  2018-10-05 18:00:00 UTC        
 RAD variables written at  2018-10-05 18:00:00 UTC        
 SEARCH BC data for 2018100600 , step =   533280
 READY  BC from     2018100518  to 2018100600 
 $$$  2018-10-05 18:00:00 UTC        
 $$$ max, min of ps (mb) =  1025.26  497.04
 SRF variables written at  2018-10-05 19:00:00 UTC        
 SRF variables written at  2018-10-05 20:00:00 UTC        
 SRF variables written at  2018-10-05 21:00:00 UTC        
 $$$  2018-10-05 21:00:00 UTC        
 $$$ max, min of ps (mb) =  1025.15  497.04
 SRF variables written at  2018-10-05 22:00:00 UTC        
 SRF variables written at  2018-10-05 23:00:00 UTC        
 At  2018-10-06 00:00:00 UTC        
 JDay    278.00000 solar declination angle =  -4.54775826 degrees
                   solar TSI irradiance    =    1355.8925 W/m^2
 ATM variables written at  2018-10-06 00:00:00 UTC        
 SRF variables written at  2018-10-06 00:00:00 UTC        
 STS variables written at  2018-10-06 00:00:00 UTC        
 RAD variables written at  2018-10-06 00:00:00 UTC        
 SEARCH BC data for 2018100606 , step =   533760
 READY  BC from     2018100600  to 2018100606 
 $$$  2018-10-06 00:00:00 UTC        
 $$$ max, min of ps (mb) =  1025.01  497.14
 Updating aerosol optical properties...
 SRF variables written at  2018-10-06 01:00:00 UTC        
 SRF variables written at  2018-10-06 02:00:00 UTC        
 SRF variables written at  2018-10-06 03:00:00 UTC        
 $$$  2018-10-06 03:00:00 UTC        
 $$$ max, min of ps (mb) =  1024.09  496.55
 SRF variables written at  2018-10-06 04:00:00 UTC        
 SRF variables written at  2018-10-06 05:00:00 UTC        
 ATM variables written at  2018-10-06 06:00:00 UTC        
 SRF variables written at  2018-10-06 06:00:00 UTC        
 RAD variables written at  2018-10-06 06:00:00 UTC        
 SEARCH BC data for 2018100612 , step =   534240
 READY  BC from     2018100606  to 2018100612 
 $$$  2018-10-06 06:00:00 UTC        
 $$$ max, min of ps (mb) =  1022.84  495.92
 SRF variables written at  2018-10-06 07:00:00 UTC        
 SRF variables written at  2018-10-06 08:00:00 UTC        
 SRF variables written at  2018-10-06 09:00:00 UTC        
 $$$  2018-10-06 09:00:00 UTC        
 $$$ max, min of ps (mb) =  1023.48  495.92
 SRF variables written at  2018-10-06 10:00:00 UTC        
 SRF variables written at  2018-10-06 11:00:00 UTC        
 ATM variables written at  2018-10-06 12:00:00 UTC        
 SRF variables written at  2018-10-06 12:00:00 UTC        
 RAD variables written at  2018-10-06 12:00:00 UTC        
 SEARCH BC data for 2018100618 , step =   534720
 READY  BC from     2018100612  to 2018100618 
 $$$  2018-10-06 12:00:00 UTC        
 $$$ max, min of ps (mb) =  1024.10  495.84
 SRF variables written at  2018-10-06 13:00:00 UTC        
 SRF variables written at  2018-10-06 14:00:00 UTC        
 SRF variables written at  2018-10-06 15:00:00 UTC        
 $$$  2018-10-06 15:00:00 UTC        
 $$$ max, min of ps (mb) =  1022.67  495.59
 SRF variables written at  2018-10-06 16:00:00 UTC        
 SRF variables written at  2018-10-06 17:00:00 UTC        
 ATM variables written at  2018-10-06 18:00:00 UTC        
 SRF variables written at  2018-10-06 18:00:00 UTC        
 RAD variables written at  2018-10-06 18:00:00 UTC        
 SEARCH BC data for 2018100700 , step =   535200
 READY  BC from     2018100618  to 2018100700 
 $$$  2018-10-06 18:00:00 UTC        
 $$$ max, min of ps (mb) =  1021.56  495.74
 SRF variables written at  2018-10-06 19:00:00 UTC        
 SRF variables written at  2018-10-06 20:00:00 UTC        
 SRF variables written at  2018-10-06 21:00:00 UTC        
 $$$  2018-10-06 21:00:00 UTC        
 $$$ max, min of ps (mb) =  1022.12  496.08
 SRF variables written at  2018-10-06 22:00:00 UTC        
 SRF variables written at  2018-10-06 23:00:00 UTC        
 At  2018-10-07 00:00:00 UTC        
 JDay    279.00000 solar declination angle =  -4.93217989 degrees
                   solar TSI irradiance    =    1355.8925 W/m^2
 ATM variables written at  2018-10-07 00:00:00 UTC        
 SRF variables written at  2018-10-07 00:00:00 UTC        
 STS variables written at  2018-10-07 00:00:00 UTC        
 RAD variables written at  2018-10-07 00:00:00 UTC        
 SEARCH BC data for 2018100706 , step =   535680
 READY  BC from     2018100700  to 2018100706 
 $$$  2018-10-07 00:00:00 UTC        
 $$$ max, min of ps (mb) =  1022.97  496.12
 Updating aerosol optical properties...
 SRF variables written at  2018-10-07 01:00:00 UTC        
 SRF variables written at  2018-10-07 02:00:00 UTC        
 SRF variables written at  2018-10-07 03:00:00 UTC        
 $$$  2018-10-07 03:00:00 UTC        
 $$$ max, min of ps (mb) =  1022.33  495.18
 SRF variables written at  2018-10-07 04:00:00 UTC        
 SRF variables written at  2018-10-07 05:00:00 UTC        
 ATM variables written at  2018-10-07 06:00:00 UTC        
 SRF variables written at  2018-10-07 06:00:00 UTC        
 RAD variables written at  2018-10-07 06:00:00 UTC        
 SEARCH BC data for 2018100712 , step =   536160
 READY  BC from     2018100706  to 2018100712 
 $$$  2018-10-07 06:00:00 UTC        
 $$$ max, min of ps (mb) =  1022.12  494.77
 SRF variables written at  2018-10-07 07:00:00 UTC        
 SRF variables written at  2018-10-07 08:00:00 UTC        
 SRF variables written at  2018-10-07 09:00:00 UTC        
 $$$  2018-10-07 09:00:00 UTC        
 $$$ max, min of ps (mb) =  1023.96  494.81
 SRF variables written at  2018-10-07 10:00:00 UTC        
 SRF variables written at  2018-10-07 11:00:00 UTC        
 ATM variables written at  2018-10-07 12:00:00 UTC        
 SRF variables written at  2018-10-07 12:00:00 UTC        
 RAD variables written at  2018-10-07 12:00:00 UTC        
 SEARCH BC data for 2018100718 , step =   536640
 READY  BC from     2018100712  to 2018100718 
 $$$  2018-10-07 12:00:00 UTC        
 $$$ max, min of ps (mb) =  1025.68  494.69
 SRF variables written at  2018-10-07 13:00:00 UTC        
 SRF variables written at  2018-10-07 14:00:00 UTC        
 SRF variables written at  2018-10-07 15:00:00 UTC        
 $$$  2018-10-07 15:00:00 UTC        
 $$$ max, min of ps (mb) =  1024.59  494.08
 SRF variables written at  2018-10-07 16:00:00 UTC        
 SRF variables written at  2018-10-07 17:00:00 UTC        
 ATM variables written at  2018-10-07 18:00:00 UTC        
 SRF variables written at  2018-10-07 18:00:00 UTC        
 RAD variables written at  2018-10-07 18:00:00 UTC        
 SEARCH BC data for 2018100800 , step =   537120
 READY  BC from     2018100718  to 2018100800 
 $$$  2018-10-07 18:00:00 UTC        
 $$$ max, min of ps (mb) =  1023.93  494.01
 SRF variables written at  2018-10-07 19:00:00 UTC        
 SRF variables written at  2018-10-07 20:00:00 UTC        
 SRF variables written at  2018-10-07 21:00:00 UTC        
 $$$  2018-10-07 21:00:00 UTC        
 $$$ max, min of ps (mb) =  1024.97  494.49
 SRF variables written at  2018-10-07 22:00:00 UTC        
 SRF variables written at  2018-10-07 23:00:00 UTC        
 Write restart file for CLM at  2018-10-08 00:00:00 UTC        
 history tape            1 : no open file to close
 Writing restart dataset on 
 /marconi/home/userexternal/mdasilva/user/mdasilva/sam_3km/output/SAM-3km.clm.re
 gcm.r.2018100800.nc
 Writing restart dataset on 
 /marconi/home/userexternal/mdasilva/user/mdasilva/sam_3km/output//SAM-3km.clm.r
 egcm.rh0.2018100800.nc
 Successfully wrote out restart data for CLM 4.5
 At  2018-10-08 00:00:00 UTC        
 JDay    280.00000 solar declination angle =  -5.31558270 degrees
                   solar TSI irradiance    =    1355.8925 W/m^2
 ATM variables written at  2018-10-08 00:00:00 UTC        
 SRF variables written at  2018-10-08 00:00:00 UTC        
 STS variables written at  2018-10-08 00:00:00 UTC        
 RAD variables written at  2018-10-08 00:00:00 UTC        
 SAV variables written at  2018-10-08 00:00:00 UTC        
 SEARCH BC data for 2018100806 , step =   537600
 READY  BC from     2018100800  to 2018100806 
 $$$  2018-10-08 00:00:00 UTC        
 $$$ max, min of ps (mb) =  1026.12  494.83
 Updating aerosol optical properties...
 SRF variables written at  2018-10-08 01:00:00 UTC        
 SRF variables written at  2018-10-08 02:00:00 UTC        
 SRF variables written at  2018-10-08 03:00:00 UTC        
 $$$  2018-10-08 03:00:00 UTC        
 $$$ max, min of ps (mb) =  1025.24  494.36
 SRF variables written at  2018-10-08 04:00:00 UTC        
 SRF variables written at  2018-10-08 05:00:00 UTC        
 ATM variables written at  2018-10-08 06:00:00 UTC        
 SRF variables written at  2018-10-08 06:00:00 UTC        
 RAD variables written at  2018-10-08 06:00:00 UTC        
 SEARCH BC data for 2018100812 , step =   538080
 READY  BC from     2018100806  to 2018100812 
 $$$  2018-10-08 06:00:00 UTC        
 $$$ max, min of ps (mb) =  1024.74  493.65
 SRF variables written at  2018-10-08 07:00:00 UTC        
 SRF variables written at  2018-10-08 08:00:00 UTC        
 SRF variables written at  2018-10-08 09:00:00 UTC        
 $$$  2018-10-08 09:00:00 UTC        
 $$$ max, min of ps (mb) =  1026.41  493.77
 SRF variables written at  2018-10-08 10:00:00 UTC        
 SRF variables written at  2018-10-08 11:00:00 UTC        
 ATM variables written at  2018-10-08 12:00:00 UTC        
 SRF variables written at  2018-10-08 12:00:00 UTC        
 RAD variables written at  2018-10-08 12:00:00 UTC        
 SEARCH BC data for 2018100818 , step =   538560
 READY  BC from     2018100812  to 2018100818 
 $$$  2018-10-08 12:00:00 UTC        
 $$$ max, min of ps (mb) =  1027.98  493.84
 SRF variables written at  2018-10-08 13:00:00 UTC        
 SRF variables written at  2018-10-08 14:00:00 UTC        
 SRF variables written at  2018-10-08 15:00:00 UTC        
 $$$  2018-10-08 15:00:00 UTC        
 $$$ max, min of ps (mb) =  1026.84  493.72
 SRF variables written at  2018-10-08 16:00:00 UTC        
 SRF variables written at  2018-10-08 17:00:00 UTC        
 ATM variables written at  2018-10-08 18:00:00 UTC        
 SRF variables written at  2018-10-08 18:00:00 UTC        
 RAD variables written at  2018-10-08 18:00:00 UTC        
 SEARCH BC data for 2018100900 , step =   539040
 READY  BC from     2018100818  to 2018100900 
 $$$  2018-10-08 18:00:00 UTC        
 $$$ max, min of ps (mb) =  1026.05  494.06
 SRF variables written at  2018-10-08 19:00:00 UTC        
 SRF variables written at  2018-10-08 20:00:00 UTC        
 SRF variables written at  2018-10-08 21:00:00 UTC        
 $$$  2018-10-08 21:00:00 UTC        
 $$$ max, min of ps (mb) =  1026.43  494.53
 SRF variables written at  2018-10-08 22:00:00 UTC        
 SRF variables written at  2018-10-08 23:00:00 UTC        
 At  2018-10-09 00:00:00 UTC        
 JDay    281.00000 solar declination angle =  -5.69786614 degrees
                   solar TSI irradiance    =    1355.8925 W/m^2
 ATM variables written at  2018-10-09 00:00:00 UTC        
 SRF variables written at  2018-10-09 00:00:00 UTC        
 STS variables written at  2018-10-09 00:00:00 UTC        
 RAD variables written at  2018-10-09 00:00:00 UTC        
 SEARCH BC data for 2018100906 , step =   539520
 READY  BC from     2018100900  to 2018100906 
 $$$  2018-10-09 00:00:00 UTC        
 $$$ max, min of ps (mb) =  1027.19  494.72
 Updating aerosol optical properties...
 SRF variables written at  2018-10-09 01:00:00 UTC        
 SRF variables written at  2018-10-09 02:00:00 UTC        
 SRF variables written at  2018-10-09 03:00:00 UTC        
 $$$  2018-10-09 03:00:00 UTC        
 $$$ max, min of ps (mb) =  1027.08  494.25
 SRF variables written at  2018-10-09 04:00:00 UTC        
 SRF variables written at  2018-10-09 05:00:00 UTC        
 ATM variables written at  2018-10-09 06:00:00 UTC        
 SRF variables written at  2018-10-09 06:00:00 UTC        
 RAD variables written at  2018-10-09 06:00:00 UTC        
 SEARCH BC data for 2018100912 , step =   540000
 READY  BC from     2018100906  to 2018100912 
 $$$  2018-10-09 06:00:00 UTC        
 $$$ max, min of ps (mb) =  1027.29  493.39
 SRF variables written at  2018-10-09 07:00:00 UTC        
 SRF variables written at  2018-10-09 08:00:00 UTC        
 SRF variables written at  2018-10-09 09:00:00 UTC        
 $$$  2018-10-09 09:00:00 UTC        
 $$$ max, min of ps (mb) =  1027.84  493.42
 SRF variables written at  2018-10-09 10:00:00 UTC        
 SRF variables written at  2018-10-09 11:00:00 UTC        
 ATM variables written at  2018-10-09 12:00:00 UTC        
 SRF variables written at  2018-10-09 12:00:00 UTC        
 RAD variables written at  2018-10-09 12:00:00 UTC        
 SEARCH BC data for 2018100918 , step =   540480
 READY  BC from     2018100912  to 2018100918 
 $$$  2018-10-09 12:00:00 UTC        
 $$$ max, min of ps (mb) =  1028.44  493.19
 SRF variables written at  2018-10-09 13:00:00 UTC        
 SRF variables written at  2018-10-09 14:00:00 UTC        
 SRF variables written at  2018-10-09 15:00:00 UTC        
 $$$  2018-10-09 15:00:00 UTC        
 $$$ max, min of ps (mb) =  1028.96  493.12
 SRF variables written at  2018-10-09 16:00:00 UTC        
 SRF variables written at  2018-10-09 17:00:00 UTC        
 ATM variables written at  2018-10-09 18:00:00 UTC        
 SRF variables written at  2018-10-09 18:00:00 UTC        
 RAD variables written at  2018-10-09 18:00:00 UTC        
 SEARCH BC data for 2018101000 , step =   540960
 READY  BC from     2018100918  to 2018101000 
 $$$  2018-10-09 18:00:00 UTC        
 $$$ max, min of ps (mb) =  1029.40  493.56
 SRF variables written at  2018-10-09 19:00:00 UTC        
 SRF variables written at  2018-10-09 20:00:00 UTC        
 SRF variables written at  2018-10-09 21:00:00 UTC        
 $$$  2018-10-09 21:00:00 UTC        
 $$$ max, min of ps (mb) =  1029.51  493.98
 SRF variables written at  2018-10-09 22:00:00 UTC        
 SRF variables written at  2018-10-09 23:00:00 UTC        
 At  2018-10-10 00:00:00 UTC        
 JDay    282.00000 solar declination angle =  -6.07892911 degrees
                   solar TSI irradiance    =    1355.8925 W/m^2
 ATM variables written at  2018-10-10 00:00:00 UTC        
 SRF variables written at  2018-10-10 00:00:00 UTC        
 STS variables written at  2018-10-10 00:00:00 UTC        
 RAD variables written at  2018-10-10 00:00:00 UTC        
 SEARCH BC data for 2018101006 , step =   541440
 READY  BC from     2018101000  to 2018101006 
 $$$  2018-10-10 00:00:00 UTC        
 $$$ max, min of ps (mb) =  1029.70  494.25
 Updating aerosol optical properties...
 SRF variables written at  2018-10-10 01:00:00 UTC        
 SRF variables written at  2018-10-10 02:00:00 UTC        
 SRF variables written at  2018-10-10 03:00:00 UTC        
 $$$  2018-10-10 03:00:00 UTC        
 $$$ max, min of ps (mb) =  1029.23  494.23
 SRF variables written at  2018-10-10 04:00:00 UTC        
 SRF variables written at  2018-10-10 05:00:00 UTC        
 ATM variables written at  2018-10-10 06:00:00 UTC        
 SRF variables written at  2018-10-10 06:00:00 UTC        
 RAD variables written at  2018-10-10 06:00:00 UTC        
 SEARCH BC data for 2018101012 , step =   541920
 READY  BC from     2018101006  to 2018101012 
 $$$  2018-10-10 06:00:00 UTC        
 $$$ max, min of ps (mb) =  1028.70  493.70
 SRF variables written at  2018-10-10 07:00:00 UTC        
 SRF variables written at  2018-10-10 08:00:00 UTC        
 SRF variables written at  2018-10-10 09:00:00 UTC        
 $$$  2018-10-10 09:00:00 UTC        
 $$$ max, min of ps (mb) =  1027.77  493.90
 SRF variables written at  2018-10-10 10:00:00 UTC        
 SRF variables written at  2018-10-10 11:00:00 UTC        
 ATM variables written at  2018-10-10 12:00:00 UTC        
 SRF variables written at  2018-10-10 12:00:00 UTC        
 RAD variables written at  2018-10-10 12:00:00 UTC        
 SEARCH BC data for 2018101018 , step =   542400
 READY  BC from     2018101012  to 2018101018 
 $$$  2018-10-10 12:00:00 UTC        
 $$$ max, min of ps (mb) =  1026.91  493.85
 SRF variables written at  2018-10-10 13:00:00 UTC        
 SRF variables written at  2018-10-10 14:00:00 UTC        
 SRF variables written at  2018-10-10 15:00:00 UTC        
 $$$  2018-10-10 15:00:00 UTC        
 $$$ max, min of ps (mb) =  1026.53  494.10
 SRF variables written at  2018-10-10 16:00:00 UTC        
 SRF variables written at  2018-10-10 17:00:00 UTC        
 ATM variables written at  2018-10-10 18:00:00 UTC        
 SRF variables written at  2018-10-10 18:00:00 UTC        
 RAD variables written at  2018-10-10 18:00:00 UTC        
 SEARCH BC data for 2018101100 , step =   542880
 READY  BC from     2018101018  to 2018101100 
 $$$  2018-10-10 18:00:00 UTC        
 $$$ max, min of ps (mb) =  1026.05  494.66
 SRF variables written at  2018-10-10 19:00:00 UTC        
 SRF variables written at  2018-10-10 20:00:00 UTC        
 SRF variables written at  2018-10-10 21:00:00 UTC        
 $$$  2018-10-10 21:00:00 UTC        
 $$$ max, min of ps (mb) =  1025.34  494.40
 SRF variables written at  2018-10-10 22:00:00 UTC        
 SRF variables written at  2018-10-10 23:00:00 UTC        
 At  2018-10-11 00:00:00 UTC        
 JDay    283.00000 solar declination angle =  -6.45866998 degrees
                   solar TSI irradiance    =    1355.8925 W/m^2
 ATM variables written at  2018-10-11 00:00:00 UTC        
 SRF variables written at  2018-10-11 00:00:00 UTC        
 STS variables written at  2018-10-11 00:00:00 UTC        
 RAD variables written at  2018-10-11 00:00:00 UTC        
 SEARCH BC data for 2018101106 , step =   543360
 READY  BC from     2018101100  to 2018101106 
 $$$  2018-10-11 00:00:00 UTC        
 $$$ max, min of ps (mb) =  1025.53  494.02
 Updating aerosol optical properties...
 SRF variables written at  2018-10-11 01:00:00 UTC        
 SRF variables written at  2018-10-11 02:00:00 UTC        
 SRF variables written at  2018-10-11 03:00:00 UTC        
 $$$  2018-10-11 03:00:00 UTC        
 $$$ max, min of ps (mb) =  1025.98  493.20
 SRF variables written at  2018-10-11 04:00:00 UTC        
 SRF variables written at  2018-10-11 05:00:00 UTC        
 ATM variables written at  2018-10-11 06:00:00 UTC        
 SRF variables written at  2018-10-11 06:00:00 UTC        
 RAD variables written at  2018-10-11 06:00:00 UTC        
 SEARCH BC data for 2018101112 , step =   543840
 READY  BC from     2018101106  to 2018101112 
 $$$  2018-10-11 06:00:00 UTC        
 $$$ max, min of ps (mb) =  1026.57  492.40
 SRF variables written at  2018-10-11 07:00:00 UTC        
 SRF variables written at  2018-10-11 08:00:00 UTC        
 SRF variables written at  2018-10-11 09:00:00 UTC        
 $$$  2018-10-11 09:00:00 UTC        
 $$$ max, min of ps (mb) =  1027.50  491.97
 SRF variables written at  2018-10-11 10:00:00 UTC        
 SRF variables written at  2018-10-11 11:00:00 UTC        
 ATM variables written at  2018-10-11 12:00:00 UTC        
 SRF variables written at  2018-10-11 12:00:00 UTC        
 RAD variables written at  2018-10-11 12:00:00 UTC        
 SEARCH BC data for 2018101118 , step =   544320
 READY  BC from     2018101112  to 2018101118 
 $$$  2018-10-11 12:00:00 UTC        
 $$$ max, min of ps (mb) =  1028.30  491.57
 SRF variables written at  2018-10-11 13:00:00 UTC        
 SRF variables written at  2018-10-11 14:00:00 UTC        
 SRF variables written at  2018-10-11 15:00:00 UTC        
 $$$  2018-10-11 15:00:00 UTC        
 $$$ max, min of ps (mb) =  1027.20  491.47
 SRF variables written at  2018-10-11 16:00:00 UTC        
 SRF variables written at  2018-10-11 17:00:00 UTC        
 ATM variables written at  2018-10-11 18:00:00 UTC        
 SRF variables written at  2018-10-11 18:00:00 UTC        
 RAD variables written at  2018-10-11 18:00:00 UTC        
 SEARCH BC data for 2018101200 , step =   544800
 READY  BC from     2018101118  to 2018101200 
 $$$  2018-10-11 18:00:00 UTC        
 $$$ max, min of ps (mb) =  1026.81  491.86
 SRF variables written at  2018-10-11 19:00:00 UTC        
 SRF variables written at  2018-10-11 20:00:00 UTC        
 SRF variables written at  2018-10-11 21:00:00 UTC        
 $$$  2018-10-11 21:00:00 UTC        
 $$$ max, min of ps (mb) =  1026.64  492.13
 SRF variables written at  2018-10-11 22:00:00 UTC        
 SRF variables written at  2018-10-11 23:00:00 UTC        
 At  2018-10-12 00:00:00 UTC        
 JDay    284.00000 solar declination angle =  -6.83698655 degrees
                   solar TSI irradiance    =    1355.8925 W/m^2
 ATM variables written at  2018-10-12 00:00:00 UTC        
 SRF variables written at  2018-10-12 00:00:00 UTC        
 STS variables written at  2018-10-12 00:00:00 UTC        
 RAD variables written at  2018-10-12 00:00:00 UTC        
 SEARCH BC data for 2018101206 , step =   545280
 READY  BC from     2018101200  to 2018101206 
 $$$  2018-10-12 00:00:00 UTC        
 $$$ max, min of ps (mb) =  1026.87  491.74
 Updating aerosol optical properties...
 SRF variables written at  2018-10-12 01:00:00 UTC        
 SRF variables written at  2018-10-12 02:00:00 UTC        
 SRF variables written at  2018-10-12 03:00:00 UTC        
 $$$  2018-10-12 03:00:00 UTC        
 $$$ max, min of ps (mb) =  1026.74  491.04
 SRF variables written at  2018-10-12 04:00:00 UTC        
 SRF variables written at  2018-10-12 05:00:00 UTC        
 ATM variables written at  2018-10-12 06:00:00 UTC        
 SRF variables written at  2018-10-12 06:00:00 UTC        
 RAD variables written at  2018-10-12 06:00:00 UTC        
 SEARCH BC data for 2018101212 , step =   545760
 READY  BC from     2018101206  to 2018101212 
 $$$  2018-10-12 06:00:00 UTC        
 $$$ max, min of ps (mb) =  1026.68  490.49
 SRF variables written at  2018-10-12 07:00:00 UTC        
 SRF variables written at  2018-10-12 08:00:00 UTC        
 SRF variables written at  2018-10-12 09:00:00 UTC        
 $$$  2018-10-12 09:00:00 UTC        
 $$$ max, min of ps (mb) =  1026.91  490.50
 SRF variables written at  2018-10-12 10:00:00 UTC        
 SRF variables written at  2018-10-12 11:00:00 UTC        
 ATM variables written at  2018-10-12 12:00:00 UTC        
 SRF variables written at  2018-10-12 12:00:00 UTC        
 RAD variables written at  2018-10-12 12:00:00 UTC        
 SEARCH BC data for 2018101218 , step =   546240
 READY  BC from     2018101212  to 2018101218 
 $$$  2018-10-12 12:00:00 UTC        
 $$$ max, min of ps (mb) =  1027.47  490.92
 SRF variables written at  2018-10-12 13:00:00 UTC        
 SRF variables written at  2018-10-12 14:00:00 UTC        
 SRF variables written at  2018-10-12 15:00:00 UTC        
 $$$  2018-10-12 15:00:00 UTC        
 $$$ max, min of ps (mb) =  1027.84  491.33
 SRF variables written at  2018-10-12 16:00:00 UTC        
 SRF variables written at  2018-10-12 17:00:00 UTC        
 ATM variables written at  2018-10-12 18:00:00 UTC        
 SRF variables written at  2018-10-12 18:00:00 UTC        
 RAD variables written at  2018-10-12 18:00:00 UTC        
 SEARCH BC data for 2018101300 , step =   546720
 READY  BC from     2018101218  to 2018101300 
 $$$  2018-10-12 18:00:00 UTC        
 $$$ max, min of ps (mb) =  1027.52  492.15
 SRF variables written at  2018-10-12 19:00:00 UTC        
 SRF variables written at  2018-10-12 20:00:00 UTC        
 SRF variables written at  2018-10-12 21:00:00 UTC        
 $$$  2018-10-12 21:00:00 UTC        
 $$$ max, min of ps (mb) =  1026.58  492.77
 SRF variables written at  2018-10-12 22:00:00 UTC        
 SRF variables written at  2018-10-12 23:00:00 UTC        
 At  2018-10-13 00:00:00 UTC        
 JDay    285.00000 solar declination angle =  -7.21377604 degrees
                   solar TSI irradiance    =    1355.8925 W/m^2
 ATM variables written at  2018-10-13 00:00:00 UTC        
 SRF variables written at  2018-10-13 00:00:00 UTC        
 STS variables written at  2018-10-13 00:00:00 UTC        
 RAD variables written at  2018-10-13 00:00:00 UTC        
 SEARCH BC data for 2018101306 , step =   547200
 READY  BC from     2018101300  to 2018101306 
 $$$  2018-10-13 00:00:00 UTC        
 $$$ max, min of ps (mb) =  1026.19  492.89
 Updating aerosol optical properties...
 SRF variables written at  2018-10-13 01:00:00 UTC        
 SRF variables written at  2018-10-13 02:00:00 UTC        
 SRF variables written at  2018-10-13 03:00:00 UTC        
 $$$  2018-10-13 03:00:00 UTC        
 $$$ max, min of ps (mb) =  1025.75  492.58
 SRF variables written at  2018-10-13 04:00:00 UTC        
 SRF variables written at  2018-10-13 05:00:00 UTC        
 ATM variables written at  2018-10-13 06:00:00 UTC        
 SRF variables written at  2018-10-13 06:00:00 UTC        
 RAD variables written at  2018-10-13 06:00:00 UTC        
 SEARCH BC data for 2018101312 , step =   547680
 READY  BC from     2018101306  to 2018101312 
 $$$  2018-10-13 06:00:00 UTC        
 $$$ max, min of ps (mb) =  1025.39  491.91
 SRF variables written at  2018-10-13 07:00:00 UTC        
 SRF variables written at  2018-10-13 08:00:00 UTC        
 SRF variables written at  2018-10-13 09:00:00 UTC        
 $$$  2018-10-13 09:00:00 UTC        
 $$$ max, min of ps (mb) =  1025.39  492.16
 SRF variables written at  2018-10-13 10:00:00 UTC        
 SRF variables written at  2018-10-13 11:00:00 UTC        
 ATM variables written at  2018-10-13 12:00:00 UTC        
 SRF variables written at  2018-10-13 12:00:00 UTC        
 RAD variables written at  2018-10-13 12:00:00 UTC        
 SEARCH BC data for 2018101318 , step =   548160
 READY  BC from     2018101312  to 2018101318 
 $$$  2018-10-13 12:00:00 UTC        
 $$$ max, min of ps (mb) =  1025.92  492.27
 SRF variables written at  2018-10-13 13:00:00 UTC        
 SRF variables written at  2018-10-13 14:00:00 UTC        
 SRF variables written at  2018-10-13 15:00:00 UTC        
 $$$  2018-10-13 15:00:00 UTC        
 $$$ max, min of ps (mb) =  1025.76  492.33
 SRF variables written at  2018-10-13 16:00:00 UTC        
 SRF variables written at  2018-10-13 17:00:00 UTC        
 ATM variables written at  2018-10-13 18:00:00 UTC        
 SRF variables written at  2018-10-13 18:00:00 UTC        
 RAD variables written at  2018-10-13 18:00:00 UTC        
 SEARCH BC data for 2018101400 , step =   548640
 READY  BC from     2018101318  to 2018101400 
 $$$  2018-10-13 18:00:00 UTC        
 $$$ max, min of ps (mb) =  1026.57  492.74
 SRF variables written at  2018-10-13 19:00:00 UTC        
 SRF variables written at  2018-10-13 20:00:00 UTC        
 SRF variables written at  2018-10-13 21:00:00 UTC        
 $$$  2018-10-13 21:00:00 UTC        
 $$$ max, min of ps (mb) =  1026.76  492.69
 SRF variables written at  2018-10-13 22:00:00 UTC        
 SRF variables written at  2018-10-13 23:00:00 UTC        
 At  2018-10-14 00:00:00 UTC        
 JDay    286.00000 solar declination angle =  -7.58893511 degrees
                   solar TSI irradiance    =    1355.8925 W/m^2
 ATM variables written at  2018-10-14 00:00:00 UTC        
 SRF variables written at  2018-10-14 00:00:00 UTC        
 STS variables written at  2018-10-14 00:00:00 UTC        
 RAD variables written at  2018-10-14 00:00:00 UTC        
 SEARCH BC data for 2018101406 , step =   549120
 READY  BC from     2018101400  to 2018101406 
 $$$  2018-10-14 00:00:00 UTC        
 $$$ max, min of ps (mb) =  1027.06  492.51
 Updating aerosol optical properties...
 SRF variables written at  2018-10-14 01:00:00 UTC        
 SRF variables written at  2018-10-14 02:00:00 UTC        
 SRF variables written at  2018-10-14 03:00:00 UTC        
 $$$  2018-10-14 03:00:00 UTC        
 $$$ max, min of ps (mb) =  1026.96  492.00
 SRF variables written at  2018-10-14 04:00:00 UTC        
 SRF variables written at  2018-10-14 05:00:00 UTC        
 ATM variables written at  2018-10-14 06:00:00 UTC        
 SRF variables written at  2018-10-14 06:00:00 UTC        
 RAD variables written at  2018-10-14 06:00:00 UTC        
 SEARCH BC data for 2018101412 , step =   549600
 READY  BC from     2018101406  to 2018101412 
 $$$  2018-10-14 06:00:00 UTC        
 $$$ max, min of ps (mb) =  1026.77  491.80
 SRF variables written at  2018-10-14 07:00:00 UTC        
 SRF variables written at  2018-10-14 08:00:00 UTC        
 SRF variables written at  2018-10-14 09:00:00 UTC        
 $$$  2018-10-14 09:00:00 UTC        
 $$$ max, min of ps (mb) =  1026.16  492.18
 SRF variables written at  2018-10-14 10:00:00 UTC        
 SRF variables written at  2018-10-14 11:00:00 UTC        
 ATM variables written at  2018-10-14 12:00:00 UTC        
 SRF variables written at  2018-10-14 12:00:00 UTC        
 RAD variables written at  2018-10-14 12:00:00 UTC        
 SEARCH BC data for 2018101418 , step =   550080
 READY  BC from     2018101412  to 2018101418 
 $$$  2018-10-14 12:00:00 UTC        
 $$$ max, min of ps (mb) =  1025.88  492.95
 SRF variables written at  2018-10-14 13:00:00 UTC        
 SRF variables written at  2018-10-14 14:00:00 UTC        
 SRF variables written at  2018-10-14 15:00:00 UTC        
 $$$  2018-10-14 15:00:00 UTC        
 $$$ max, min of ps (mb) =  1025.70  493.94
 SRF variables written at  2018-10-14 16:00:00 UTC        
 SRF variables written at  2018-10-14 17:00:00 UTC        
 ATM variables written at  2018-10-14 18:00:00 UTC        
 SRF variables written at  2018-10-14 18:00:00 UTC        
 RAD variables written at  2018-10-14 18:00:00 UTC        
 SEARCH BC data for 2018101500 , step =   550560
 READY  BC from     2018101418  to 2018101500 
 $$$  2018-10-14 18:00:00 UTC        
 $$$ max, min of ps (mb) =  1025.30  495.14
 SRF variables written at  2018-10-14 19:00:00 UTC        
 SRF variables written at  2018-10-14 20:00:00 UTC        
 SRF variables written at  2018-10-14 21:00:00 UTC        
 $$$  2018-10-14 21:00:00 UTC        
 $$$ max, min of ps (mb) =  1024.09  496.13
 SRF variables written at  2018-10-14 22:00:00 UTC        
 SRF variables written at  2018-10-14 23:00:00 UTC        
 At  2018-10-15 00:00:00 UTC        
 JDay    287.00000 solar declination angle =  -7.96235989 degrees
                   solar TSI irradiance    =    1355.8925 W/m^2
 ATM variables written at  2018-10-15 00:00:00 UTC        
 SRF variables written at  2018-10-15 00:00:00 UTC        
 STS variables written at  2018-10-15 00:00:00 UTC        
 RAD variables written at  2018-10-15 00:00:00 UTC        
 SEARCH BC data for 2018101506 , step =   551040
 READY  BC from     2018101500  to 2018101506 
 $$$  2018-10-15 00:00:00 UTC        
 $$$ max, min of ps (mb) =  1023.39  496.67
 Updating aerosol optical properties...
 SRF variables written at  2018-10-15 01:00:00 UTC        
 SRF variables written at  2018-10-15 02:00:00 UTC        
 SRF variables written at  2018-10-15 03:00:00 UTC        
 $$$  2018-10-15 03:00:00 UTC        
 $$$ max, min of ps (mb) =  1022.52  496.31
 SRF variables written at  2018-10-15 04:00:00 UTC        
 SRF variables written at  2018-10-15 05:00:00 UTC        
 ATM variables written at  2018-10-15 06:00:00 UTC        
 SRF variables written at  2018-10-15 06:00:00 UTC        
 RAD variables written at  2018-10-15 06:00:00 UTC        
 SEARCH BC data for 2018101512 , step =   551520
 READY  BC from     2018101506  to 2018101512 
 $$$  2018-10-15 06:00:00 UTC        
 $$$ max, min of ps (mb) =  1021.67  495.90
 SRF variables written at  2018-10-15 07:00:00 UTC        
 SRF variables written at  2018-10-15 08:00:00 UTC        
 SRF variables written at  2018-10-15 09:00:00 UTC        
 $$$  2018-10-15 09:00:00 UTC        
 $$$ max, min of ps (mb) =  1021.37  495.54
 SRF variables written at  2018-10-15 10:00:00 UTC        
 SRF variables written at  2018-10-15 11:00:00 UTC        
 ATM variables written at  2018-10-15 12:00:00 UTC        
 SRF variables written at  2018-10-15 12:00:00 UTC        
 RAD variables written at  2018-10-15 12:00:00 UTC        
 SEARCH BC data for 2018101518 , step =   552000
 READY  BC from     2018101512  to 2018101518 
 $$$  2018-10-15 12:00:00 UTC        
 $$$ max, min of ps (mb) =  1021.80  495.42
 SRF variables written at  2018-10-15 13:00:00 UTC        
 SRF variables written at  2018-10-15 14:00:00 UTC        
 SRF variables written at  2018-10-15 15:00:00 UTC        
 $$$  2018-10-15 15:00:00 UTC        
 $$$ max, min of ps (mb) =  1021.53  494.99
 SRF variables written at  2018-10-15 16:00:00 UTC        
 SRF variables written at  2018-10-15 17:00:00 UTC        
 ATM variables written at  2018-10-15 18:00:00 UTC        
 SRF variables written at  2018-10-15 18:00:00 UTC        
 RAD variables written at  2018-10-15 18:00:00 UTC        
 SEARCH BC data for 2018101600 , step =   552480
 READY  BC from     2018101518  to 2018101600 
 $$$  2018-10-15 18:00:00 UTC        
 $$$ max, min of ps (mb) =  1021.12  494.81
 SRF variables written at  2018-10-15 19:00:00 UTC        
 SRF variables written at  2018-10-15 20:00:00 UTC        
 SRF variables written at  2018-10-15 21:00:00 UTC        
 $$$  2018-10-15 21:00:00 UTC        
 $$$ max, min of ps (mb) =  1020.66  494.88
 SRF variables written at  2018-10-15 22:00:00 UTC        
 SRF variables written at  2018-10-15 23:00:00 UTC        
 At  2018-10-16 00:00:00 UTC        
 JDay    288.00000 solar declination angle =  -8.33394588 degrees
                   solar TSI irradiance    =    1355.8925 W/m^2
 ATM variables written at  2018-10-16 00:00:00 UTC        
 SRF variables written at  2018-10-16 00:00:00 UTC        
 STS variables written at  2018-10-16 00:00:00 UTC        
 RAD variables written at  2018-10-16 00:00:00 UTC        
 SEARCH BC data for 2018101606 , step =   552960
 READY  BC from     2018101600  to 2018101606 
 $$$  2018-10-16 00:00:00 UTC        
 $$$ max, min of ps (mb) =  1020.42  494.47
 Updating aerosol optical properties...
 SRF variables written at  2018-10-16 01:00:00 UTC        
 SRF variables written at  2018-10-16 02:00:00 UTC        
 SRF variables written at  2018-10-16 03:00:00 UTC        
 $$$  2018-10-16 03:00:00 UTC        
 $$$ max, min of ps (mb) =  1020.31  493.70
 SRF variables written at  2018-10-16 04:00:00 UTC        
 SRF variables written at  2018-10-16 05:00:00 UTC        
 ATM variables written at  2018-10-16 06:00:00 UTC        
 SRF variables written at  2018-10-16 06:00:00 UTC        
 RAD variables written at  2018-10-16 06:00:00 UTC        
 SEARCH BC data for 2018101612 , step =   553440
 READY  BC from     2018101606  to 2018101612 
 $$$  2018-10-16 06:00:00 UTC        
 $$$ max, min of ps (mb) =  1019.77  492.50
 SRF variables written at  2018-10-16 07:00:00 UTC        
 SRF variables written at  2018-10-16 08:00:00 UTC        
 SRF variables written at  2018-10-16 09:00:00 UTC        
 $$$  2018-10-16 09:00:00 UTC        
 $$$ max, min of ps (mb) =  1019.50  492.49
 SRF variables written at  2018-10-16 10:00:00 UTC        
 SRF variables written at  2018-10-16 11:00:00 UTC        
 ATM variables written at  2018-10-16 12:00:00 UTC        
 SRF variables written at  2018-10-16 12:00:00 UTC        
 RAD variables written at  2018-10-16 12:00:00 UTC        
 SEARCH BC data for 2018101618 , step =   553920
 READY  BC from     2018101612  to 2018101618 
 $$$  2018-10-16 12:00:00 UTC        
 $$$ max, min of ps (mb) =  1020.18  491.95
 Attempting to read monthly vegetation data .....
 At  2018-10-16 12:22:30 UTC
 Month =           10  Day =           16
 Reading months :           10          11
 Successfully read monthly vegetation data for
 month           11
 SRF variables written at  2018-10-16 13:00:00 UTC        
 SRF variables written at  2018-10-16 14:00:00 UTC        
 SRF variables written at  2018-10-16 15:00:00 UTC        
 $$$  2018-10-16 15:00:00 UTC        
 $$$ max, min of ps (mb) =  1019.81  491.50
 SRF variables written at  2018-10-16 16:00:00 UTC        
 SRF variables written at  2018-10-16 17:00:00 UTC        
 ATM variables written at  2018-10-16 18:00:00 UTC        
 SRF variables written at  2018-10-16 18:00:00 UTC        
 RAD variables written at  2018-10-16 18:00:00 UTC        
 SEARCH BC data for 2018101700 , step =   554400
 READY  BC from     2018101618  to 2018101700 
 $$$  2018-10-16 18:00:00 UTC        
 $$$ max, min of ps (mb) =  1020.05  491.85
 SRF variables written at  2018-10-16 19:00:00 UTC        
 SRF variables written at  2018-10-16 20:00:00 UTC        
 SRF variables written at  2018-10-16 21:00:00 UTC        
 $$$  2018-10-16 21:00:00 UTC        
 $$$ max, min of ps (mb) =  1020.90  491.96
 SRF variables written at  2018-10-16 22:00:00 UTC        
 SRF variables written at  2018-10-16 23:00:00 UTC        
 At  2018-10-17 00:00:00 UTC        
 JDay    289.00000 solar declination angle =  -8.70358807 degrees
                   solar TSI irradiance    =    1355.8925 W/m^2
 ATM variables written at  2018-10-17 00:00:00 UTC        
 SRF variables written at  2018-10-17 00:00:00 UTC        
 STS variables written at  2018-10-17 00:00:00 UTC        
 RAD variables written at  2018-10-17 00:00:00 UTC        
 SEARCH BC data for 2018101706 , step =   554880
 READY  BC from     2018101700  to 2018101706 
 $$$  2018-10-17 00:00:00 UTC        
 $$$ max, min of ps (mb) =  1022.22  491.51
 Updating aerosol optical properties...
 SRF variables written at  2018-10-17 01:00:00 UTC        
 SRF variables written at  2018-10-17 02:00:00 UTC        
 SRF variables written at  2018-10-17 03:00:00 UTC        
 $$$  2018-10-17 03:00:00 UTC        
 $$$ max, min of ps (mb) =  1021.09  490.61
 SRF variables written at  2018-10-17 04:00:00 UTC        
 SRF variables written at  2018-10-17 05:00:00 UTC        
 ATM variables written at  2018-10-17 06:00:00 UTC        
 SRF variables written at  2018-10-17 06:00:00 UTC        
 RAD variables written at  2018-10-17 06:00:00 UTC        
 SEARCH BC data for 2018101712 , step =   555360
 READY  BC from     2018101706  to 2018101712 
 $$$  2018-10-17 06:00:00 UTC        
 $$$ max, min of ps (mb) =  1021.11  489.95
 SRF variables written at  2018-10-17 07:00:00 UTC        
 SRF variables written at  2018-10-17 08:00:00 UTC        
 SRF variables written at  2018-10-17 09:00:00 UTC        
 $$$  2018-10-17 09:00:00 UTC        
 $$$ max, min of ps (mb) =  1023.05  490.13
 SRF variables written at  2018-10-17 10:00:00 UTC        
 SRF variables written at  2018-10-17 11:00:00 UTC        
 ATM variables written at  2018-10-17 12:00:00 UTC        
 SRF variables written at  2018-10-17 12:00:00 UTC        
 RAD variables written at  2018-10-17 12:00:00 UTC        
 SEARCH BC data for 2018101718 , step =   555840
 READY  BC from     2018101712  to 2018101718 
 $$$  2018-10-17 12:00:00 UTC        
 $$$ max, min of ps (mb) =  1024.79  490.38
 SRF variables written at  2018-10-17 13:00:00 UTC        
 SRF variables written at  2018-10-17 14:00:00 UTC        
 SRF variables written at  2018-10-17 15:00:00 UTC        
 $$$  2018-10-17 15:00:00 UTC        
 $$$ max, min of ps (mb) =  1024.37  490.97
 SRF variables written at  2018-10-17 16:00:00 UTC        
 SRF variables written at  2018-10-17 17:00:00 UTC        
 ATM variables written at  2018-10-17 18:00:00 UTC        
 SRF variables written at  2018-10-17 18:00:00 UTC        
 RAD variables written at  2018-10-17 18:00:00 UTC        
 SEARCH BC data for 2018101800 , step =   556320
 READY  BC from     2018101718  to 2018101800 
 $$$  2018-10-17 18:00:00 UTC        
 $$$ max, min of ps (mb) =  1023.36  492.14
 SRF variables written at  2018-10-17 19:00:00 UTC        
 SRF variables written at  2018-10-17 20:00:00 UTC        
 SRF variables written at  2018-10-17 21:00:00 UTC        
 $$$  2018-10-17 21:00:00 UTC        
 $$$ max, min of ps (mb) =  1023.83  493.23
 SRF variables written at  2018-10-17 22:00:00 UTC        
 SRF variables written at  2018-10-17 23:00:00 UTC        
 Write restart file for CLM at  2018-10-18 00:00:00 UTC        
 history tape            1 : no open file to close
 Writing restart dataset on 
 /marconi/home/userexternal/mdasilva/user/mdasilva/sam_3km/output/SAM-3km.clm.re
 gcm.r.2018101800.nc
 Writing restart dataset on 
 /marconi/home/userexternal/mdasilva/user/mdasilva/sam_3km/output//SAM-3km.clm.r
 egcm.rh0.2018101800.nc
 Successfully wrote out restart data for CLM 4.5
 At  2018-10-18 00:00:00 UTC        
 JDay    290.00000 solar declination angle =  -9.07118086 degrees
                   solar TSI irradiance    =    1355.8925 W/m^2
 ATM variables written at  2018-10-18 00:00:00 UTC        
 SRF variables written at  2018-10-18 00:00:00 UTC        
 STS variables written at  2018-10-18 00:00:00 UTC        
 RAD variables written at  2018-10-18 00:00:00 UTC        
 SAV variables written at  2018-10-18 00:00:00 UTC        
 SEARCH BC data for 2018101806 , step =   556800
 READY  BC from     2018101800  to 2018101806 
 $$$  2018-10-18 00:00:00 UTC        
 $$$ max, min of ps (mb) =  1024.09  493.50
 Updating aerosol optical properties...
 SRF variables written at  2018-10-18 01:00:00 UTC        
 SRF variables written at  2018-10-18 02:00:00 UTC        
 SRF variables written at  2018-10-18 03:00:00 UTC        
 $$$  2018-10-18 03:00:00 UTC        
 $$$ max, min of ps (mb) =  1022.43  493.70
 SRF variables written at  2018-10-18 04:00:00 UTC        
 SRF variables written at  2018-10-18 05:00:00 UTC        
 ATM variables written at  2018-10-18 06:00:00 UTC        
 SRF variables written at  2018-10-18 06:00:00 UTC        
 RAD variables written at  2018-10-18 06:00:00 UTC        
 SEARCH BC data for 2018101812 , step =   557280
 READY  BC from     2018101806  to 2018101812 
 $$$  2018-10-18 06:00:00 UTC        
 $$$ max, min of ps (mb) =  1021.01  493.97
 SRF variables written at  2018-10-18 07:00:00 UTC        
 SRF variables written at  2018-10-18 08:00:00 UTC        
 SRF variables written at  2018-10-18 09:00:00 UTC        
 $$$  2018-10-18 09:00:00 UTC        
 $$$ max, min of ps (mb) =  1020.56  494.98
 SRF variables written at  2018-10-18 10:00:00 UTC        
 SRF variables written at  2018-10-18 11:00:00 UTC        
 ATM variables written at  2018-10-18 12:00:00 UTC        
 SRF variables written at  2018-10-18 12:00:00 UTC        
 RAD variables written at  2018-10-18 12:00:00 UTC        
 SEARCH BC data for 2018101818 , step =   557760
 READY  BC from     2018101812  to 2018101818 
 $$$  2018-10-18 12:00:00 UTC        
 $$$ max, min of ps (mb) =  1020.60  495.43
 SRF variables written at  2018-10-18 13:00:00 UTC        
 SRF variables written at  2018-10-18 14:00:00 UTC        
 SRF variables written at  2018-10-18 15:00:00 UTC        
 $$$  2018-10-18 15:00:00 UTC        
 $$$ max, min of ps (mb) =  1020.97  495.96
 SRF variables written at  2018-10-18 16:00:00 UTC        
 SRF variables written at  2018-10-18 17:00:00 UTC        
 ATM variables written at  2018-10-18 18:00:00 UTC        
 SRF variables written at  2018-10-18 18:00:00 UTC        
 RAD variables written at  2018-10-18 18:00:00 UTC        
 SEARCH BC data for 2018101900 , step =   558240
 READY  BC from     2018101818  to 2018101900 
 $$$  2018-10-18 18:00:00 UTC        
 $$$ max, min of ps (mb) =  1021.57  497.14
 SRF variables written at  2018-10-18 19:00:00 UTC        
 SRF variables written at  2018-10-18 20:00:00 UTC        
 SRF variables written at  2018-10-18 21:00:00 UTC        
 $$$  2018-10-18 21:00:00 UTC        
 $$$ max, min of ps (mb) =  1021.34  497.87
 SRF variables written at  2018-10-18 22:00:00 UTC        
 SRF variables written at  2018-10-18 23:00:00 UTC        
 At  2018-10-19 00:00:00 UTC        
 JDay    291.00000 solar declination angle =  -9.43661811 degrees
                   solar TSI irradiance    =    1355.8925 W/m^2
 ATM variables written at  2018-10-19 00:00:00 UTC        
 SRF variables written at  2018-10-19 00:00:00 UTC        
 STS variables written at  2018-10-19 00:00:00 UTC        
 RAD variables written at  2018-10-19 00:00:00 UTC        
 SEARCH BC data for 2018101906 , step =   558720
 READY  BC from     2018101900  to 2018101906 
 $$$  2018-10-19 00:00:00 UTC        
 $$$ max, min of ps (mb) =  1022.58  498.40
 Updating aerosol optical properties...
 SRF variables written at  2018-10-19 01:00:00 UTC        
 SRF variables written at  2018-10-19 02:00:00 UTC        
 SRF variables written at  2018-10-19 03:00:00 UTC        
 $$$  2018-10-19 03:00:00 UTC        
 $$$ max, min of ps (mb) =  1023.56  498.02
 SRF variables written at  2018-10-19 04:00:00 UTC        
 SRF variables written at  2018-10-19 05:00:00 UTC        
 ATM variables written at  2018-10-19 06:00:00 UTC        
 SRF variables written at  2018-10-19 06:00:00 UTC        
 RAD variables written at  2018-10-19 06:00:00 UTC        
 SEARCH BC data for 2018101912 , step =   559200
 READY  BC from     2018101906  to 2018101912 
 $$$  2018-10-19 06:00:00 UTC        
 $$$ max, min of ps (mb) =  1024.36  497.56
 SRF variables written at  2018-10-19 07:00:00 UTC        
 SRF variables written at  2018-10-19 08:00:00 UTC        
 SRF variables written at  2018-10-19 09:00:00 UTC        
 $$$  2018-10-19 09:00:00 UTC        
 $$$ max, min of ps (mb) =  1025.82  497.67
 SRF variables written at  2018-10-19 10:00:00 UTC        
 SRF variables written at  2018-10-19 11:00:00 UTC        
 ATM variables written at  2018-10-19 12:00:00 UTC        
 SRF variables written at  2018-10-19 12:00:00 UTC        
 RAD variables written at  2018-10-19 12:00:00 UTC        
 SEARCH BC data for 2018101918 , step =   559680
 READY  BC from     2018101912  to 2018101918 
 $$$  2018-10-19 12:00:00 UTC        
 $$$ max, min of ps (mb) =  1027.38  497.65
 SRF variables written at  2018-10-19 13:00:00 UTC        
 SRF variables written at  2018-10-19 14:00:00 UTC        
 SRF variables written at  2018-10-19 15:00:00 UTC        
 $$$  2018-10-19 15:00:00 UTC        
 $$$ max, min of ps (mb) =  1026.97  497.64
 SRF variables written at  2018-10-19 16:00:00 UTC        
 SRF variables written at  2018-10-19 17:00:00 UTC        
 ATM variables written at  2018-10-19 18:00:00 UTC        
 SRF variables written at  2018-10-19 18:00:00 UTC        
 RAD variables written at  2018-10-19 18:00:00 UTC        
 SEARCH BC data for 2018102000 , step =   560160
 READY  BC from     2018101918  to 2018102000 
 $$$  2018-10-19 18:00:00 UTC        
 $$$ max, min of ps (mb) =  1026.71  498.10
 SRF variables written at  2018-10-19 19:00:00 UTC        
 SRF variables written at  2018-10-19 20:00:00 UTC        
 SRF variables written at  2018-10-19 21:00:00 UTC        
 $$$  2018-10-19 21:00:00 UTC        
 $$$ max, min of ps (mb) =  1026.63  498.49
 SRF variables written at  2018-10-19 22:00:00 UTC        
 SRF variables written at  2018-10-19 23:00:00 UTC        
 At  2018-10-20 00:00:00 UTC        
 JDay    292.00000 solar declination angle =  -9.79979312 degrees
                   solar TSI irradiance    =    1355.8925 W/m^2
 ATM variables written at  2018-10-20 00:00:00 UTC        
 SRF variables written at  2018-10-20 00:00:00 UTC        
 STS variables written at  2018-10-20 00:00:00 UTC        
 RAD variables written at  2018-10-20 00:00:00 UTC        
 SEARCH BC data for 2018102006 , step =   560640
 READY  BC from     2018102000  to 2018102006 
 $$$  2018-10-20 00:00:00 UTC        
 $$$ max, min of ps (mb) =  1027.01  498.45
 Updating aerosol optical properties...
 SRF variables written at  2018-10-20 01:00:00 UTC        
 SRF variables written at  2018-10-20 02:00:00 UTC        
 SRF variables written at  2018-10-20 03:00:00 UTC        
 $$$  2018-10-20 03:00:00 UTC        
 $$$ max, min of ps (mb) =  1025.97  498.03
 SRF variables written at  2018-10-20 04:00:00 UTC        
 SRF variables written at  2018-10-20 05:00:00 UTC        
 ATM variables written at  2018-10-20 06:00:00 UTC        
 SRF variables written at  2018-10-20 06:00:00 UTC        
 RAD variables written at  2018-10-20 06:00:00 UTC        
 SEARCH BC data for 2018102012 , step =   561120
 READY  BC from     2018102006  to 2018102012 
 $$$  2018-10-20 06:00:00 UTC        
 $$$ max, min of ps (mb) =  1025.16  497.34
 SRF variables written at  2018-10-20 07:00:00 UTC        
 SRF variables written at  2018-10-20 08:00:00 UTC        
 SRF variables written at  2018-10-20 09:00:00 UTC        
 $$$  2018-10-20 09:00:00 UTC        
 $$$ max, min of ps (mb) =  1025.96  497.50
 SRF variables written at  2018-10-20 10:00:00 UTC        
 SRF variables written at  2018-10-20 11:00:00 UTC        
 ATM variables written at  2018-10-20 12:00:00 UTC        
 SRF variables written at  2018-10-20 12:00:00 UTC        
 RAD variables written at  2018-10-20 12:00:00 UTC        
 SEARCH BC data for 2018102018 , step =   561600
 READY  BC from     2018102012  to 2018102018 
 $$$  2018-10-20 12:00:00 UTC        
 $$$ max, min of ps (mb) =  1026.67  497.41
 SRF variables written at  2018-10-20 13:00:00 UTC        
 SRF variables written at  2018-10-20 14:00:00 UTC        
 SRF variables written at  2018-10-20 15:00:00 UTC        
 $$$  2018-10-20 15:00:00 UTC        
 $$$ max, min of ps (mb) =  1025.68  497.36
 SRF variables written at  2018-10-20 16:00:00 UTC        
 SRF variables written at  2018-10-20 17:00:00 UTC        
