
  This is Terrain part of RegCM package version 5
   GIT Revision: 5.0.1 compiled at: data : Dec 03 2024  time: 16:32:11

 : this run start at  : 2025-12-19 22:40:17+0100
 : it is submitted by : mdasilva
 : it is running on   : lrdn4264.leonardo.local
 : in directory       : 
 /leonardo/home/userexternal/mdasilva/github_projects/shell/ictp/regcm_exp/tcycl
 one/article/exps_mp/noto
                      
 Using non hydrostatic Moloch dynamic
 
 Doing Horizontal Grid with following parameters
 iy     =         1074
 jx     =         1074
 kz     =           51
 ds     =    4.44795693794183     
 clat   =    15.0000000000000     
 clon   =   -95.0000000000000     
 iproj  = ROTLLR
 Grid setup done
 Geo mapping done
 Calculated large extrema:
          MINLAT =   -10.0000000000000     
          MAXLAT =    41.0000000000000     
          MINLON =   -121.000000000000     
          MAXLON =   -72.0000000000000     
 Determined Grid coordinate range
 No resampling used.
 Static DEM data successfully read in
 Interpolated DEM on model GRID
 Static landcover BATS data successfully read in
 Interpolated landcover on model GRID
 Static texture data successfully read in
 Interpolated texture on model GRID
 Static bathymetry data successfully read in
 Interpolated bathymetry on model GRID
 Fudging data (if requested) succeeded
 Skip moisture creation, no moisture file to read
 Vertical Grid Description (mean over domain)
 
 --------------------------------------------------
 k        sigma       p(mb)          h(m)      T(K)
 --------------------------------------------------
 52       1.000     1013.25          0.00     288.1
 51       0.980     1005.80         62.23     287.7
 50       0.961      997.94        128.20     287.3
 49       0.941      989.66        198.23     286.9
 48       0.922      980.92        272.63     286.4
 47       0.902      971.70        351.76     285.9
 46       0.882      961.96        435.97     285.3
 45       0.863      951.68        525.66     284.7
 44       0.843      940.81        621.23     284.1
 43       0.824      929.34        723.14     283.5
 42       0.804      917.23        831.85     282.8
 41       0.784      904.44        947.86     282.0
 40       0.765      890.96       1071.71     281.2
 39       0.745      876.73       1203.95     280.3
 38       0.725      861.75       1345.20     279.4
 37       0.706      845.97       1496.09     278.4
 36       0.686      829.36       1657.32     277.4
 35       0.667      811.91       1829.61     276.3
 34       0.647      793.60       2013.75     275.1
 33       0.627      774.39       2210.56     273.8
 32       0.608      754.28       2420.92     272.4
 31       0.588      733.25       2645.79     271.0
 30       0.569      711.29       2886.16     269.4
 29       0.549      688.42       3143.11     267.8
 28       0.529      664.63       3417.79     266.0
 27       0.510      639.94       3711.40     264.1
 26       0.490      614.38       4025.26     262.0
 25       0.471      587.97       4360.75     259.8
 24       0.451      560.77       4719.35     257.5
 23       0.431      532.83       5102.64     255.0
 22       0.412      504.23       5512.29     252.4
 21       0.392      475.05       5950.11     249.5
 20       0.373      445.39       6418.02     246.5
 19       0.353      415.37       6918.05     243.3
 18       0.333      385.12       7452.38     239.8
 17       0.314      354.80       8023.35     236.1
 16       0.294      324.56       8633.44     232.1
 15       0.275      294.60       9285.29     227.9
 14       0.255      265.10       9981.73     223.4
 13       0.235      236.28      10725.78     218.5
 12       0.216      208.35      11520.65     216.6
 11       0.196      181.52      12369.79     216.6
 10       0.176      156.03      13276.85     217.9
  9       0.157      132.09      14245.74     218.4
  8       0.137      109.89      15280.65     218.8
  7       0.118       89.62      16386.03     219.3
  6       0.098       71.43      17566.62     219.9
  5       0.078       55.43      18827.52     220.4
  4       0.059       41.68      20174.12     221.0
  3       0.039       30.19      21612.22     221.7
  2       0.020       20.89      23147.98     222.4
  1      -0.000       13.68      24787.98     223.1
 Grid data written to output file
 Successfully completed terrain fields generation

  This is mksurfdata part of RegCM package version 5
   GIT Revision: 5.0.1 compiled at: data : Jan 27 2025  time: 11:58:15

 : this run start at  : 2025-12-19 22:40:26+0100
 : it is submitted by : mdasilva
 : it is running on   : lrdn4264.leonardo.local
 : in directory       : 
 /leonardo/home/userexternal/mdasilva/github_projects/shell/ictp/regcm_exp/tcycl
 one/article/exps_mp/noto
                      
 Created topographic informations...
 Computing weights, R =      39.31474972 .......... Done.
 Computing weights, R =      11.79514432 .......... Done.
 Computing weights, R =      11.79442692 .......... Done.
 Computing weights, R =      11.79514432 .......... Done.
 Created special categories informations...
 Created pft informations...
 Computing weights, R =     117.94408035 .......... Done.
 Created lai/sai informations...
 Computing weights, R =      29.48606300 .......... Done.
 Computing weights, R =      11.79478669 .......... Done.
 Computing weights, R =      19.65767813 .......... Done.
 Created soil texture/color informations...
 Computing weights, R =     117.94408035 .......... Done.
 Computing weights, R =     117.94408035 .......... Done.
 Computing weights, R =     117.94408035 .......... Done.
 Created human population informations...
 Computing weights, R =     117.94408035 .......... Done.
 Computing weights, R =      19.65767670 .......... Done.
 Created VOC/horganic informations...
 Computing weights, R =      11.79514432 .......... Done.
 Computing weights, R =      11.79442692 .......... Done.
 Created LAKE/URBAN informations...
 Successfully completed CLM preprocessing.

  This is sst part of the RegCM version 5
   SVN Revision: 5.0.1 compiled at: data : Dec 03 2024  time: 16:32:23

 : this run start at    : 2025-12-19 22:53:18+0100
 : it is submitted by   : mdasilva
 : it is running on     : lrdn4264.leonardo.local
 : in directory         : 
 /leonardo/home/userexternal/mdasilva/github_projects/shell/ictp/regcm_exp/tcycl
 one/article/exps_mp/noto
                       
 Opened /leonardo_work/ICT25_ESP/RCMDATA/ERA5/SSTD/sst_2023_10.nc
 Fill Value   =  -32767
 Add offset   =    289.042056362288     
 Scale factor =   6.040722982600369E-004
 Computing weights, R =      39.31469345 .......... Done.
 GLOBIDATE1 :  2023-10-19 00:00:00 UTC        
 GLOBIDATE2 :  2023-10-27 00:00:00 UTC        
 NSTEPS =            9
 WRITEN OUT SST DATA :  2023-10-19 00:00:00 UTC        
 WRITEN OUT SST DATA :  2023-10-20 00:00:00 UTC        
 WRITEN OUT SST DATA :  2023-10-21 00:00:00 UTC        
 WRITEN OUT SST DATA :  2023-10-22 00:00:00 UTC        
 WRITEN OUT SST DATA :  2023-10-23 00:00:00 UTC        
 WRITEN OUT SST DATA :  2023-10-24 00:00:00 UTC        
 WRITEN OUT SST DATA :  2023-10-25 00:00:00 UTC        
 WRITEN OUT SST DATA :  2023-10-26 00:00:00 UTC        
 WRITEN OUT SST DATA :  2023-10-27 00:00:00 UTC        
 Input ready at : Fri Dec 19 22:53:21 2025
 Successfully generated SST

  This is icbc part of the RegCM version 5
   SVN Revision: 5.0.1 compiled at: data : Aug 07 2025  time: 12:17:06

 : this run start at    : 2025-12-19 22:53:21+0100
 : it is submitted by   : mdasilva
 : it is running on     : lrdn4264.leonardo.local
 : in directory         : 
 /leonardo/home/userexternal/mdasilva/github_projects/shell/ictp/regcm_exp/tcycl
 one/article/exps_mp/noto
                       
 Using Moloch non-hydrostatic dynamical core
 GLOBIDATE1 :  2023-10-19 00:00:00 UTC        
 GLOBIDATE2 :  2023-10-27 00:00:00 UTC        
 NSTEPS     :           33
 Computing weights, R =      39.31469345 .......... Done.
 Computing weights, R =      39.31469345 .......... Done.
 Computing weights, R =      39.31469345 .......... Done.
      131072 /leonardo_work/ICT25_ESP/RCMDATA/ERA5/2023/tatm_2023_10.nc
  2.061811361603481E-003   251.632628457112     
      196608 /leonardo_work/ICT25_ESP/RCMDATA/ERA5/2023/geop_2023_10.nc
   7.38400786626585        235635.714246067     
      262144 /leonardo_work/ICT25_ESP/RCMDATA/ERA5/2023/qhum_2023_10.nc
  4.024191313448453E-007  1.308834570112860E-002
      327680 /leonardo_work/ICT25_ESP/RCMDATA/ERA5/2023/uwnd_2023_10.nc
  3.369716814086629E-003   25.2393048266516     
      393216 /leonardo_work/ICT25_ESP/RCMDATA/ERA5/2023/vwnd_2023_10.nc
  2.907983430849009E-003   4.57844102781583     
 READ IN fields at DATE: 2023-10-19 00:00:00 UTC        
 READ IN fields at DATE: 2023-10-19 06:00:00 UTC        
 READ IN fields at DATE: 2023-10-19 12:00:00 UTC        
 READ IN fields at DATE: 2023-10-19 18:00:00 UTC        
 READ IN fields at DATE: 2023-10-20 00:00:00 UTC        
 READ IN fields at DATE: 2023-10-20 06:00:00 UTC        
 READ IN fields at DATE: 2023-10-20 12:00:00 UTC        
 READ IN fields at DATE: 2023-10-20 18:00:00 UTC        
 READ IN fields at DATE: 2023-10-21 00:00:00 UTC        
 READ IN fields at DATE: 2023-10-21 06:00:00 UTC        
 READ IN fields at DATE: 2023-10-21 12:00:00 UTC        
 READ IN fields at DATE: 2023-10-21 18:00:00 UTC        
 READ IN fields at DATE: 2023-10-22 00:00:00 UTC        
 READ IN fields at DATE: 2023-10-22 06:00:00 UTC        
 READ IN fields at DATE: 2023-10-22 12:00:00 UTC        
 READ IN fields at DATE: 2023-10-22 18:00:00 UTC        
 READ IN fields at DATE: 2023-10-23 00:00:00 UTC        
 READ IN fields at DATE: 2023-10-23 06:00:00 UTC        
 READ IN fields at DATE: 2023-10-23 12:00:00 UTC        
 READ IN fields at DATE: 2023-10-23 18:00:00 UTC        
 READ IN fields at DATE: 2023-10-24 00:00:00 UTC        
 READ IN fields at DATE: 2023-10-24 06:00:00 UTC        
 READ IN fields at DATE: 2023-10-24 12:00:00 UTC        
 READ IN fields at DATE: 2023-10-24 18:00:00 UTC        
 READ IN fields at DATE: 2023-10-25 00:00:00 UTC        
 READ IN fields at DATE: 2023-10-25 06:00:00 UTC        
 READ IN fields at DATE: 2023-10-25 12:00:00 UTC        
 READ IN fields at DATE: 2023-10-25 18:00:00 UTC        
 READ IN fields at DATE: 2023-10-26 00:00:00 UTC        
 READ IN fields at DATE: 2023-10-26 06:00:00 UTC        
 READ IN fields at DATE: 2023-10-26 12:00:00 UTC        
 READ IN fields at DATE: 2023-10-26 18:00:00 UTC        
 READ IN fields at DATE: 2023-10-27 00:00:00 UTC        
 Input ready at : Fri Dec 19 23:01:15 2025
 Successfully completed ICBC
