
/leonardo/home/userexternal/mdasilva/leonardo_work/EUR-11/postproc

------------------------------- INIT POSTPROCESSING ERA5 -------------------------------

1. Select date
cdi  warning (cdfScanVarAttr): NetCDF: Variable not found - >isobaricInhPa<
cdi  warning (cdf_check_variables): Unsupported data type (char/string), skipped variable expver!
cdi  warning (cdfInqContents): Coordinates variable number can't be assigned!

2. Seasonal avg
cdo    remapbil: Bilinear weights from lonlat (1440x721) to lonlat (949x461) grid
cdo    remapbil: Bilinear weights from lonlat (1440x721) to lonlat (949x461) grid
cdo    remapbil: Bilinear weights from lonlat (1440x721) to lonlat (949x461) grid
cdo    remapbil: Bilinear weights from lonlat (1440x721) to lonlat (949x461) grid

1. Select date
cdi  warning (cdfScanVarAttr): NetCDF: Variable not found - >isobaricInhPa<
cdi  warning (cdf_check_variables): Unsupported data type (char/string), skipped variable expver!
cdi  warning (cdfInqContents): Coordinates variable number can't be assigned!

2. Seasonal avg
cdo    remapbil: Bilinear weights from lonlat (1440x721) to lonlat (949x461) grid
cdo    remapbil: Bilinear weights from lonlat (1440x721) to lonlat (949x461) grid
cdo    remapbil: Bilinear weights from lonlat (1440x721) to lonlat (949x461) grid
cdo    remapbil: Bilinear weights from lonlat (1440x721) to lonlat (949x461) grid

1. Select date
cdi  warning (cdfScanVarAttr): NetCDF: Variable not found - >isobaricInhPa<
cdi  warning (cdf_check_variables): Unsupported data type (char/string), skipped variable expver!
cdi  warning (cdfInqContents): Coordinates variable number can't be assigned!

2. Seasonal avg
cdo    remapbil: Bilinear weights from lonlat (1440x721) to lonlat (949x461) grid
cdo    remapbil: Bilinear weights from lonlat (1440x721) to lonlat (949x461) grid
cdo    remapbil: Bilinear weights from lonlat (1440x721) to lonlat (949x461) grid
cdo    remapbil: Bilinear weights from lonlat (1440x721) to lonlat (949x461) grid

1. Select date
cdi  warning (cdfScanVarAttr): NetCDF: Variable not found - >isobaricInhPa<
cdi  warning (cdf_check_variables): Unsupported data type (char/string), skipped variable expver!
cdi  warning (cdfInqContents): Coordinates variable number can't be assigned!

2. Seasonal avg
cdo    remapbil: Bilinear weights from lonlat (1440x721) to lonlat (949x461) grid
cdo    remapbil: Bilinear weights from lonlat (1440x721) to lonlat (949x461) grid
cdo    remapbil: Bilinear weights from lonlat (1440x721) to lonlat (949x461) grid
cdo    remapbil: Bilinear weights from lonlat (1440x721) to lonlat (949x461) grid

1. Select date
cdi  warning (cdfScanVarAttr): NetCDF: Variable not found - >isobaricInhPa<
cdi  warning (cdf_check_variables): Unsupported data type (char/string), skipped variable expver!
cdi  warning (cdfInqContents): Coordinates variable number can't be assigned!

2. Seasonal avg
cdo    remapbil: Bilinear weights from lonlat (1440x721) to lonlat (949x461) grid
cdo    remapbil: Bilinear weights from lonlat (1440x721) to lonlat (949x461) grid
cdo    remapbil: Bilinear weights from lonlat (1440x721) to lonlat (949x461) grid
cdo    remapbil: Bilinear weights from lonlat (1440x721) to lonlat (949x461) grid

1. Select date
cdi  warning (cdfScanVarAttr): NetCDF: Variable not found - >isobaricInhPa<
cdi  warning (cdf_check_variables): Unsupported data type (char/string), skipped variable expver!
cdi  warning (cdfInqContents): Coordinates variable number can't be assigned!

2. Seasonal avg
cdo    remapbil: Bilinear weights from lonlat (1440x721) to lonlat (949x461) grid
cdo    remapbil: Bilinear weights from lonlat (1440x721) to lonlat (949x461) grid
cdo    remapbil: Bilinear weights from lonlat (1440x721) to lonlat (949x461) grid
cdo    remapbil: Bilinear weights from lonlat (1440x721) to lonlat (949x461) grid

1. Select date
cdi  warning (cdfScanVarAttr): NetCDF: Variable not found - >isobaricInhPa<
cdi  warning (cdf_check_variables): Unsupported data type (char/string), skipped variable expver!
cdi  warning (cdfInqContents): Coordinates variable number can't be assigned!

2. Seasonal avg
cdo    remapbil: Bilinear weights from lonlat (1440x721) to lonlat (949x461) grid
cdo    remapbil: Bilinear weights from lonlat (1440x721) to lonlat (949x461) grid
cdo    remapbil: Bilinear weights from lonlat (1440x721) to lonlat (949x461) grid
cdo    remapbil: Bilinear weights from lonlat (1440x721) to lonlat (949x461) grid

Delete files

------------------------------- THE END POSTPROCESSING ERA5 -------------------------------
