
--------------- INIT PLOT ----------------
/marconi/home/userexternal/mdasilva/github_projects/pypostdoc/sam_3km/sam_3km_evaluate/plot_maps_bias_srf.py:710: UserWarning: Matplotlib is currently using agg, which is a non-GUI backend, so cannot show the figure.
  plt.show()
1 ABROLHOS
2 ACARAU
3 AFONSO_CLAUDIO
4 AGUA_BOA
5 AGUA_CLARA
6 AGUAS_EMENDADAS
7 AGUAS_VERMELHAS
8 AIMORES
9 ALEGRE
10 ALEGRETE
11 ALFREDO_CHAVES
12 ALMAS
13 ALMENARA
14 ALTA_FLORESTA
15 ALTAMIRA
16 ALTO_ARAGUAIA
17 ALTO_PARAISO_DE_GOIAS
18 ALTO_PARNAIBA
19 ALTO_TAQUARI	
20 ALVORADA_DO_GURGUEIA
21 AMAMBAI
22 AMARGOSA
23 ANGICAL_DO_PIAUI
24 ANGRA_DOS_REIS
25 APIACAS
26 APODI
27 APUI
28 AQUIDAUANA
29 ARACAJU
30 ARACUAI
31 ARAGARCAS
32 ARAGUACU
33 ARAGUAINA
34 ARAGUATINS
35 ARAPIRACA
36 ARARANGUA
37 ARAXA
38 ARCO_VERDE
39 AREIA
40 ARIQUEMES
41 ARIRANHA
42 ARRAIAL_DO_CABO
43 AUTAZES
44 AVARE
45 BACABAL
46 BAGE
47 BAIXA_GRANDE_DO_RIBEIRO
48 BALSAS
49 BAMBUI
50 BARBACENA
51 BARBALHA
52 BARCELOS
53 BARRA
54 BARRA_BONITA
55 BARRA_DO_CORDA
56 BARRA_DO_TURVO
57 BARREIRAS
58 BARRETOS
59 BARUERI
60 BATAGUASSU
61 BAURU
62 BEBEDOURO
63 BELEM
64 BELMONTE
65 BELO_HORIZONTE-PAMPULHA
66 BELO_HORIZONTE-CERCADINHO
67 BENTO_GONCALVES
68 BERTIOGA
69 BOA_VISTA
70 BOCA_DO_ACRE
71 BOM_JARDIM_DA_SERRA-MORRO_DA_IGREJA
72 BOM_JESUS_DA_LAPA
73 BOM_JESUS_DO_PIAUI
74 BRAGANCA
75 BRAGANCA_PAULISTA
76 BRASILIA
77 BRASNORTE-NOVO_MUNDO
78 BRAZLANDIA
79 BREJO_GRANDE
80 BREVES
81 BRUMADO
82 BURITICUPU
83 BURITIRAMA
84 BURITIS
85 CABACEIRAS
86 CABROBO
87 CACADOR
88 CACAPAVA_DO_SUL
89 CACHOEIRA_PAULISTA
90 CACOAL
91 CAIAPONIA
92 CAICO
93 CALCANHAR
94 CALDAS
95 CAMAQUA
96 CAMARATUBA
97 CAMBARA_DO_SUL
98 CAMBUCI
99 CAMETA
100 CAMPINA_DA_LAGOA
101 CAMPINA_GRANDE
102 CAMPINA_VERDE
103 CAMPO_BOM
104 CAMPO_GRANDE
105 CAMPO_MAIOR
106 CAMPO_NOVO_DOS_PARECIS
107 CAMPO_VERDE
108 CAMPOS_DO_JORDAO
109 CAMPOS_DOS_GOYTACAZES
110 CAMPOS_DOS_GOYTACAZES-SAO_TOME
111 CAMPOS_LINDOS
112 CAMPOS_NOVOS
113 CAMPOS_SALES
114 CANELA
115 CANGUCU
116 CANTO_DO_BURITI
117 CAPAO_DO_LEAO-PELOTAS
118 CAPELINHA
119 CAPITAO POCO
120 CARACOL
121 CARATINGA
122 CARAVELAS
123 CARLINDA
124 CARMO
125 CAROLINA
126 CARUARU
127 CASA BRANCA
128 CASSILANDIA
129 CASTANHAL
130 CASTELO_DO_PIAUI
131 CASTRO
132 CATALAO
133 CAXIAS
134 CHAPADA_GAUCHA
135 CHAPADAO_DO_SUL
136 CHAPADINHA
137 CHAPECO
138 CIDADE_GAUCHA
139 CLEVELANDIA
140 COARI
141 COLINAS
142 COLINAS_DO_TOCANTINS
143 COLOMBO
144 COMODORO
145 CONCEICAO_DAS_ALAGOAS
146 CONCEICAO_DO_ARAGUAIA
147 CONDE
148 CORONEL PACHECO
149 CORRENTE
150 CORRENTINA
151 CORUMBA
152 CORURIPE
153 COSTA RICA
154 COTRIGUACU
155 COXIM
156 CRATEUS
157 CRISTALINA
158 CRISTALINA-FAZENDA_SANTA_MONICA
159 CRUZ_ALTA
160 CRUZ_DAS_ALMAS
161 CRUZEIRO_DO_SUL
162 CUIABA
163 CURACA
164 CURITIBA
165 CURITIBANOS
166 CURVELO
167 DELFINO
168 DIAMANTE_DO_NORTE
169 DIAMANTINA
170 DIANOPOLIS
171 DIONISIO_CERQUEIRA
172 DIVINOPOLIS
173 DOIS_VIZINHOS
174 DOM_ELISEU
175 DOMVPEDRITO
176 DORES_DO_INDAIA
177 DOURADOS
178 DRACENA
179 DUQUE_DE_CAXIAS-XEREM
180 ECOPORANGA
181 EDEIA
182 EIRUNEPE
183 ENCRUZILHADA_DO_SUL
184 EPITACIOLANDIA
185 ERECHIM
186 ESPINOSA
187 ESTREITO
188 FAROL_DE_SANTANA
189 FEIJO
190 FEIRA_DE_SANTANA
191 FLORESTA
192 FLORESTAL
193 FLORIANO
194 FLORIANOPOLIS
195 FORMIGA
196 FORMOSA_DO_RIO PRETO
197 FORMOSO_DO_ARAGUAIA
198 FORTALEZA
199 FOZ_DO_IGUACU
200 FRANCA
201 FREDERICO WESTPHALEN
202 GAMA-PONTE_ALTA
203 GARANHUNS
204 GAUCHA_DO_NORTE
205 GENERAL_CARNEIRO
206 GILBUES
207 GOIANESIA
208 GOIANIA
209 GOIAS
210 GOIOERE
211 GOVERNADOR_VALADARES
212 GRAJAU
213 GUANAMBI
214 GUANHAES
215 GUARAMIRANGA
216 GUARANTA_DO_NORTE
217 GUARDA-MOR
218 GUIRATINGA
219 GURUPI
220 HUMAITA
221 IBIMIRIM
222 IBIRITE_ROLA-MOCA
223 IBIRUBA
224 IBITINGA
225 IBOTIRAMA
226 ICARAIMA
227 IGUAPE
228 IGUATU
229 ILHEUS
230 IMPERATRIZ
231 INACIO_MARTINS
232 INDAIAL
233 IPANGUACU
234 IPIAU
235 IPORA
236 IRECE
237 ITABAIANA
238 ITABAIANINHA
239 ITABERABA
240 ITACOATIARA
241 ITAITUBA
242 ITAJAI
243 ITAMARAJU
244 ITAOBIM
245 ITAPACI
246 ITAPETINGA
247 ITAPEVA
248 ITAPIPOCA
249 ITAPIRA
250 ITAPOA
251 ITAPORANGA
252 ITAQUIRAI
253 ITAUBAL
254 ITIQUIRA
255 ITIRUCU
256 ITUIUTABA
257 ITUMBIARA
258 ITUPORANGA
259 ITUVERAVA
260 IVAI
261 IVINHEMA
262 JACOBINA
263 JAGUARA
264 JAGUARIBE
265 JAGUARUANA
266 JALES
267 JANUARIA
268 JAPIRA
269 JARDIM
270 JATAI
271 JEREMOABO
272 JOACABA
273 JOAO_PESSOA
274 JOAO_PINHEIRO
275 JOAQUIM_TAVORA
276 JOSE_BONIFACIO
277 JUARA
278 JUINA
279 JUIZ_DE_FORA
280 JUTI
281 LABREA
282 LAGES
283 LAGOA_DA_CONFUSAO
284 LAGOA_VERMELHA
285 LARANJEIRAS DO SUL
286 LENCOIS
287 LINHARES
288 LINS
289 LUIZ_EDUARDO_MAGALHAES
290 LUZIANIA
291 LAGUNA-FAROL_DE_SANTA_MARTA
292 MACAE
293 MACAJUBA
294 MACAPA
295 MACAU
296 MACEIO
297 MACHADO
298 MAJOR VIEIRA
299 MAL._CANDIDO_RONDON
300 MANACAPURU
301 MANAUS
302 MANHUACU
303 MANICORE
304 MANTENA
305 MARABA
306 MARACAJU
307 MARAU
308 MARECHAL_THAUMATURGO
309 MARIA DA FE
310 MARIANOPOLIS_DO_TO
311 MARILANDIA
312 MARILIA
313 MARINGA
314 MATEIROS
315 MAUES
316 MEDICILANDIA
317 MINA_DO_PALITO
318 MINEIROS
319 MIRANDA
320 MOCAMBINHO
321 MONTALVANIA
322 MONTE_ALEGRE
323 MONTE_ALEGRE_DE_GOIAS
324 MONTE_VERDE
325 MONTEIRO
326 MONTES_CLAROS
327 MORADA_NOVA
328 MORRETES
329 MORRINHOS
330 MOSSORO
331 MOSTARDAS
332 MURIAE
333 NATAL
334 NHUMIRIM
335 NITEROI
336 NOSSA_SENHORA_DA_GLORIA
337 NOVA_FATIMA
338 NOVA_FRIBURGO - SALINAS
339 NOVA_MARINGA
340 NOVA_PORTEIRINHA (JANAUBA)
341 NOVA_TEBAS
342 NOVA_UBIRATA
343 NOVO_ARIPUANA
344 NOVO_HORIZONTE
345 NOVO_REPARTIMENTO
346 OBIDOS
347 OEIRAS
348 OIAPOQUE
349 OLIVEIRA
350 OURICURI
351 OURINHOS
352 OURO_BRANCO
353 PACAJA
354 PALMARES
355 PALMAS
356 PALMEIRA_DAS_MISSOES
357 PALMEIRA_DOS_INDIOS
358 PAO_DE_ACUCAR
359 PARACATU
360 PARAGOMINAS
361 PARANA
362 PARANAIBA
363 PARANAPOEMA
364 PARANATINGA
365 PARANOA-COOPA-DF
366 PARATY
367 PARAUNA
368 PARINTINS
369 PARNAIBA
370 PARQUE_ESTADUAL_CHANDLESS
371 PASSA_QUATRO
372 PASSO_FUNDO
373 PASSOS
374 PATOS
375 PATOS_DE_MINAS
376 PATROCINIO
377 PAULISTANA
378 PEDRO_AFONSO
379 PEIXE
380 PETROLINA
381 PIATA
382 PICO_DO_COUTO
383 PICOS
384 PIRACICABA
385 PIRANHAS
386 PIRAPORA
387 PIRES_DO_RIO
388 PIRIPIRI
389 PIUM
390 PLACAS
391 PLANALTO
392 POCO_VERDE
393 POMPEU
394 PONTA_PORA
395 PONTES_E_LACERDA
396 PORANGATU
397 PORTO ALEGRE-JARDIM BOTANICO
398 PORTO ALEGRE- BELEM NOVO
399 PORTO_DE_MOZ
400 PORTO_ESTRELA
401 PORTO_GRANDE
402 PORTO_MURTINHO
403 PORTO_SEGURO
404 PORTO_VELHO
405 PORTO_WALTER
406 POSSE
407 PRADOPOLIS
408 PREGUICAS
409 PRESIDENTE_FIGUEIREDO
410 PRESIDENTE_KENNEDY
411 PRESIDENTE_PRUDENTE
412 PRIMAVERA_DO_LESTE
413 PATY_DO_ALFERES_AVELAR
414 QUARAI
415 QUEIMADAS
416 QUERENCIA
417 QUIXADA
418 QUIXERAMOBIM
419 RANCHARIA
420 RANCHO_QUEIMADO
421 RECIFE
422 REDENCAO
423 REGISTRO
424 REMANSO
425 RESENDE
426 RIBEIRA_DO_AMPARO
427 RIO_BRANCO
428 RIO_BRILHANTE
429 RIO_CLARO
430 RIO_DE_JANEIRO-FORTE_DE_COPACABANA
431 RIO_DE_JANEIRO-JACAREPAGUA
432 RIO_DE_JANEIRO-VILA_MILITAR
433 RIO_DE_JANEIRO-MARAMBAIA
434 RIO_DO_CAMPO
435 RIO_GRANDE
436 RIO_NEGRINHO
437 RIO_PARDO
438 RIO_PARDO_DE_MINAS
439 RIO_SONO
440 RIO_URUBU
441 RIO_VERDE
442 RONDON_DO_PARA
443 RONDONOPOLIS
444 ROSARIO_OESTE
445 S.G._DA_CACHOEIRA
446 S.J._DO_RIO_CLARO
447 SACRAMENTO
448 SALGUEIRO
449 SALINAS
450 SALINOPOLIS
451 SALTO_DO_CEU
452 SALVADOR
453 SALVADOR-RADIO_FAROL
454 SANTA_CRUZ
455 SANTA_FE_DO_ARAGUAIA
456 SANTA_MARIA
457 SANTA_MARIA DAS BARREIRAS
458 SANTA_MARIA MADALENA
459 SANTA_RITA DE CASSIA
460 SANTA_ROSA
461 SANTA_ROSA_DO_TOCANTINS
462 SANTA_TERESA
463 SANTANA_DO_ARAGUAIA
464 SANTANA_DO_LIVRAMENTO
465 SANTAREM
466 SANTIAGO
467 SANTO_ANTONIO_DO_LESTE
468 SANTO_AUGUSTO
469 SAO_BORJA
470 SAO_CARLOS
471 SAO_FELIX_DO_ARAGUAIA
472 SAO_FELIX_DO_XINGU
473 SAO_GABRIEL
474 SAO_GABRIEL_DO_OESTE
475 SAO_GONCALO
476 SAO_JOAO_DEL_REI
477 SAO_JOAO_DO_PIAUI
478 SAO_JOAQUIM
479 SAO_JOSE_DO_XINGU
480 SAO_JOSE_DOS_AUSENTES
481 SAO_LUIS
482 SAO_LUIS_DO_QUITUNDE
483 SAO_LUIZ_DO_PARAITINGA
484 SAO_LUIZ_GONZAGA
485 SAO_MATEUS
486 SAO_MATEUS_DO_SUL
487 SAO_MIGUEL_ARCANJO
488 SAO_MIGUEL_DO_ARAGUAIA
489 SAO_MIGUEL_DO_OESTE
490 SAO_PAULO-INTERLAGOS
491 SAO_PAULO-MIRANTE
492 SAO_RAIMUNDO NONATO
493 SAO_ROMAO
494 SAO_SEBASTIAO DO PARAISO
495 SAO_SIMAO
496 SAO_SIMAO
497 SAO_VICENTE DO SUL
498 SAPEZAL
499 SAQUAREMA-SAMPAIO_CORREIA
500 SENHOR_DO_BONFIM
501 SERAFINA_CORREA
502 SEROPEDICA-ECOLOGIA_AGRICOLA
503 SERRA_DOS_AIMORES
504 SERRA_DOS_CARAJAS
505 SERRA_NOVA_DOURADA
506 SERRA_TALHADA
507 SERRINHA
508 SETE_LAGOAS
509 SETE_QUEDAS
510 SIDROLANDIA
511 SILVA_JARDIM
512 SILVANIA
513 SINOP
514 SOBRAL
515 SOLEDADE
516 SONORA
517 SOROCABA
518 SORRISO
519 SOURE
520 SURUBIM
521 SANTA_VITORIA_DO_PALMAR - BARRA_DO_CHUI
522 TANGARA_DA_SERRA
523 TAUA
524 TAUBATE
525 TEOFILO_OTONI
526 TERESINA
527 TERESOPOLIS-PARQUE_NACIONAL
528 TEUTONIA
529 TIANGUA
530 TIMOTEO
531 TOME_ACU
532 TORRES
533 TRAMANDAI
534 TRES_LAGOAS
535 TRES_MARIAS
536 TRES_RIOS
537 TUCUMA
538 TUCURUI
539 TUPA
540 TUPANCIRETA
541 TURIACU
542 UBERABA
543 UBERLANDIA
544 UNA
545 UNAI
546 URUCARA
547 URUCUI
548 URUGUAIANA
549 URUSSANGA
550 VACARIA
551 VALENCA
552 VALENCA
553 VALENCA_DO_PIAUI
554 VALPARAISO
555 VARGINHA
556 VENDA_NOVA_DO_IMIGRANTE
557 VENTANIA
558 VICOSA
559 VILA_BELA_DA_SANTISSIMA_TRINDADE
560 VILA_VELHA
561 VILHENA
562 VITORIA
563 VITORIA_DA_CONQUISTA
564 XANXERE
565 XINGUARA
566 ZE DOCA
1 Aguapey
2 Alto_Arapey
3 Alto_Cuareim
4 Alvear
5 Arapey_Chico
6 Arapey_Grande
7 Arapey_Grande_Ruta_4
8 Arerunguá
9 Artigas
10 Baibene
11 Baltasar_Brum
12 Belén
13 Bernabé_Rivera
14 Bonpland
15 Catalán
16 Catalán_Grande_rio
17 Cazadores_Correntinos
18 Cerro_Amarillo
19 Cerro_Chato
20 Chajarí
21 Colonia_Lavalleja
22 Colonia_Libertad
23 Colonia_Palma
24 Cuareim_Río
25 Cuaró
26 Cuchilla_de_Salto
27 Curuzú_Cuatiá
28 Dayman_Ruta_3
29 Diego_Lamas
30 El_Soberbio
31 El_Trompo
32 Espinillar
33 Federación
34 Garruchos
35 Guaviyú_de_Arapey
36 Itapebí
37 Javier_de_Viana
38 Loma_Alta
39 Los_Conquistadores
40 Meneses
41 Miriñay_Medio
42 Miriñay_Río
43 Mocoretá_Lago
44 Mocoreta_Medio
45 Mocoretá_Río
46 Monte_Caseros
47 Paso_Campamento
48 Paso_de_la_Cruz
49 Paso_de_los_Libres
50 Paso_del_León
51 Paso_del_Remanso
52 Paso_Farías
53 Paso_Potrero
54 Pepirí_Miní
55 Puerto_Concordia
56 Pujol
57 Puntas_de_Valentín
58 Queguay_Ruta_3
59 Quintana
60 Salto
61 Salto_Grande
62 San_Jaime
63 San_Javier
64 San_Roquito
65 Santa_Ana
66 Santo_Tomé
67 Sarandí_de_Arapey
68 Sequeira
69 Solari
70 Tomás_Gomensoro
71 Uguay
72 Yapeyú
1 87007
2 87078
3 87047
4 87121
5 87222
6 87129
7 87211
8 10067
9 87217
10 87257
11 87305
12 87393
13 87344
14 87345
15 87349
16 87374
17 10114
18 87328
19 87418
20 87420
21 87480
22 87497
23 87453
24 87436
25 10145
26 87534
27 87585
28 87571
29 87576
30 87593
31 87270
32 87509
33 87022
34 87582
35 87448
36 87016
37 87289
38 87097
39 10358
40 87178
41 87467
42 87416
43 10423
44 10444
45 87371
46 87548
47 10460
48 87166
49 87395
50 87162
51 87155
52 10492
53 87311
54 87046
55 10502
56 10550
57 10901
58 10903
59 10904
60 10906
61 10908
62 10909
63 10910
64 10912
65 86330
66 86580
67 86560
68 86530
69 11004
70 86440
71 86490
72 86460
73 86430
74 86585
75 86350
76 86565
77 86360
78 86500
79 11014
80 11015
81 11016
82 11017
83 11018
84 11019
85 11020
86 86068
87 86086
88 86097
89 86128
90 86134
91 86185
92 86192
93 86210
94 86218
95 86233
96 86234
97 86255
98 86260
99 86268
100 86285
101 86297
102 10038
103 87043
104 87050
105 87065
106 87127
107 87148
108 87163
109 87173
110 87187
111 87213
112 87244
113 87281
114 87320
115 87322
116 87347
117 87356
118 87360
119 87405
120 87412
121 87444
122 87468
123 87470
124 87572
125 87573
126 87574
127 87553
128 87570

--------------- THE END PLOT ----------------
