
--------------- INIT PLOT ----------------
/marconi/home/userexternal/mdasilva/.local/lib/python3.10/site-packages/sklearn/cluster/_agglomerative.py:1006: FutureWarning: Attribute `affinity` was deprecated in version 1.2 and will be removed in 1.4. Use `metric` instead
  warnings.warn(
/marconi/home/userexternal/mdasilva/github_projects/pypostdoc/ws-sa/plot_dendrogram_stations_sam_v2.py:141: UserWarning: Matplotlib is currently using agg, which is a non-GUI backend, so cannot show the figure.
  plt.show()
Reading weather station: 3 A657
Reading weather station: 4 A908
Reading weather station: 5 A756
Reading weather station: 6 A045
Reading weather station: 7 A549
Reading weather station: 8 A534
Reading weather station: 9 A617
Reading weather station: 10 A826
Reading weather station: 11 A615
Reading weather station: 12 A053
Reading weather station: 13 A508
Reading weather station: 16 A909
Reading weather station: 17 A024
Reading weather station: 22 A434
Reading weather station: 24 A628
Reading weather station: 30 A566
Reading weather station: 31 A013
Reading weather station: 32 A054
Reading weather station: 36 A867
Reading weather station: 37 A505
Reading weather station: 42 A606
Reading weather station: 46 A827
Reading weather station: 49 A565
Reading weather station: 50 A502
Reading weather station: 57 A402
Reading weather station: 58 A748
Reading weather station: 60 A759
Reading weather station: 61 A705
Reading weather station: 62 A764
Reading weather station: 65 A521
Reading weather station: 66 F501
Reading weather station: 67 A840
Reading weather station: 71 A845
Reading weather station: 72 A418
Reading weather station: 75 A744
Reading weather station: 76 A001
Reading weather station: 77 A927
Reading weather station: 78 A042
Reading weather station: 81 A433
Reading weather station: 84 A544
Reading weather station: 87 A859
Reading weather station: 88 A812
Reading weather station: 89 A769
Reading weather station: 90 A939
Reading weather station: 91 A023
Reading weather station: 94 A530
Reading weather station: 95 A838
Reading weather station: 97 A897
Reading weather station: 98 A604
Reading weather station: 102 A519
Reading weather station: 103 A884
Reading weather station: 104 A702
Reading weather station: 108 A706
Reading weather station: 109 A607
Reading weather station: 110 A620
Reading weather station: 114 A879
Reading weather station: 115 A811
Reading weather station: 118 A541
Reading weather station: 121 A554
Reading weather station: 122 A405
Reading weather station: 127 A738
Reading weather station: 128 A742
Reading weather station: 131 A819
Reading weather station: 132 A034
Reading weather station: 134 A548
Reading weather station: 138 A869
Reading weather station: 143 B806
Reading weather station: 144 A913
Reading weather station: 145 A520
Reading weather station: 147 A431
Reading weather station: 148 A557
Reading weather station: 150 A416
Reading weather station: 151 A724
Reading weather station: 153 A760
Reading weather station: 157 A036
Reading weather station: 159 A853
Reading weather station: 160 A406
Reading weather station: 162 A901
Reading weather station: 164 A807
Reading weather station: 165 A860
Reading weather station: 166 A538
Reading weather station: 169 A537
Reading weather station: 170 A038
Reading weather station: 171 A848
Reading weather station: 172 A564
Reading weather station: 173 A843
Reading weather station: 175 A881
Reading weather station: 176 A536
Reading weather station: 178 A762
Reading weather station: 179 A603
Reading weather station: 180 A631
Reading weather station: 181 A029
Reading weather station: 185 A828
Reading weather station: 190 A413
Reading weather station: 192 A535
Reading weather station: 194 A806
Reading weather station: 195 A524
Reading weather station: 197 A039
Reading weather station: 200 A708
Reading weather station: 201 A854
Reading weather station: 202 A046
Reading weather station: 205 A875
Reading weather station: 207 A022
Reading weather station: 208 A002
Reading weather station: 209 A014
Reading weather station: 211 A532
Reading weather station: 213 A426
Reading weather station: 214 A533
Reading weather station: 217 A546
Reading weather station: 218 A932
Reading weather station: 219 A019
Reading weather station: 222 A555
Reading weather station: 223 A883
Reading weather station: 225 A439
Reading weather station: 227 A712
Reading weather station: 229 A410
Reading weather station: 231 A823
Reading weather station: 232 A817
Reading weather station: 234 A445
Reading weather station: 235 A028
Reading weather station: 236 A424
Reading weather station: 238 A417
Reading weather station: 242 A868
Reading weather station: 243 A455
Reading weather station: 244 A550
Reading weather station: 245 A015
Reading weather station: 246 A446
Reading weather station: 247 A714
Reading weather station: 250 A851
Reading weather station: 252 A752
Reading weather station: 255 A407
Reading weather station: 256 A512
Reading weather station: 257 A035
Reading weather station: 258 A863
Reading weather station: 259 A753
Reading weather station: 260 A818
Reading weather station: 261 A709
Reading weather station: 263 A836
Reading weather station: 266 A733
Reading weather station: 267 A559
Reading weather station: 268 A871
Reading weather station: 269 A758
Reading weather station: 270 A016
Reading weather station: 272 A841
Reading weather station: 274 A553
Reading weather station: 275 A821
Reading weather station: 278 A920
Reading weather station: 279 A518
Reading weather station: 282 A865
Reading weather station: 284 A844
Reading weather station: 285 B804
Reading weather station: 286 A425
Reading weather station: 287 A614
Reading weather station: 288 A727
Reading weather station: 289 A404
Reading weather station: 290 A012
Reading weather station: 291 A866
Reading weather station: 292 A608
Reading weather station: 297 A567
Reading weather station: 299 A820
Reading weather station: 302 A556
Reading weather station: 304 A540
Reading weather station: 307 A438
Reading weather station: 309 A531
Reading weather station: 311 A632
Reading weather station: 312 A763
Reading weather station: 313 A835
Reading weather station: 318 A026
Reading weather station: 320 A539
Reading weather station: 321 A526
Reading weather station: 323 A032
Reading weather station: 324 A509
Reading weather station: 326 A506
Reading weather station: 328 A873
Reading weather station: 329 A003
Reading weather station: 331 A878
Reading weather station: 332 A517
Reading weather station: 337 A842
Reading weather station: 338 A624
Reading weather station: 339 A928
Reading weather station: 340 A563
Reading weather station: 342 A929
Reading weather station: 344 A816
Reading weather station: 349 A570
Reading weather station: 351 A716
Reading weather station: 352 A513
Reading weather station: 356 A856
Reading weather station: 361 A010
Reading weather station: 363 A850
Reading weather station: 365 A047
Reading weather station: 366 A619
Reading weather station: 367 A027
Reading weather station: 371 A529
Reading weather station: 372 A839
Reading weather station: 373 A516
Reading weather station: 375 A562
Reading weather station: 376 A523
Reading weather station: 379 A018
Reading weather station: 381 A430
Reading weather station: 382 A610
Reading weather station: 386 A545
Reading weather station: 387 A033
Reading weather station: 391 A855
Reading weather station: 394 A703
Reading weather station: 395 A937
Reading weather station: 397 A801
Reading weather station: 403 A427
Reading weather station: 406 A017
Reading weather station: 407 A747
Reading weather station: 410 A622
Reading weather station: 411 A707
Reading weather station: 412 A923
Reading weather station: 414 A831
Reading weather station: 419 A718
Reading weather station: 420 A870
Reading weather station: 425 A609
Reading weather station: 428 A743
Reading weather station: 429 A626
Reading weather station: 430 A652
Reading weather station: 431 A636
Reading weather station: 432 A621
Reading weather station: 433 A602
Reading weather station: 434 A861
Reading weather station: 435 A802
Reading weather station: 436 A862
Reading weather station: 437 A813
Reading weather station: 438 A551
Reading weather station: 441 A025
Reading weather station: 447 A525
Reading weather station: 449 A552
Reading weather station: 452 A401
Reading weather station: 456 A803
Reading weather station: 460 A810
Reading weather station: 461 A052
Reading weather station: 462 A613
Reading weather station: 464 A804
Reading weather station: 466 A833
Reading weather station: 468 A805
Reading weather station: 469 A830
Reading weather station: 470 A711
Reading weather station: 471 A921
Reading weather station: 473 A832
Reading weather station: 476 A514
Reading weather station: 478 A815
Reading weather station: 480 A829
Reading weather station: 484 A852
Reading weather station: 485 A616
Reading weather station: 486 A874
Reading weather station: 487 A715
Reading weather station: 491 A701
Reading weather station: 493 A547
Reading weather station: 494 A561
Reading weather station: 496 A011
Reading weather station: 497 A889
Reading weather station: 498 A911
Reading weather station: 499 A667
Reading weather station: 501 A894
Reading weather station: 502 A601
Reading weather station: 503 A522
Reading weather station: 507 A441
Reading weather station: 508 A569
Reading weather station: 510 A754
Reading weather station: 511 A659
Reading weather station: 512 A037
Reading weather station: 515 A837
Reading weather station: 517 A713
Reading weather station: 518 A904
Reading weather station: 521 A899
Reading weather station: 522 A902
Reading weather station: 524 A728
Reading weather station: 525 A527
Reading weather station: 527 A618
Reading weather station: 528 A882
Reading weather station: 530 A511
Reading weather station: 532 A808
Reading weather station: 533 A834
Reading weather station: 535 A528
Reading weather station: 536 A625
Reading weather station: 539 A768
Reading weather station: 540 A886
Reading weather station: 542 A568
Reading weather station: 543 A507
Reading weather station: 545 A542
Reading weather station: 548 A809
Reading weather station: 549 A814
Reading weather station: 550 A880
Reading weather station: 551 A611
Reading weather station: 552 A444
Reading weather station: 554 A734
Reading weather station: 555 A515
Reading weather station: 556 A633
Reading weather station: 557 A872
Reading weather station: 558 A510
Reading weather station: 560 A634
Reading weather station: 561 A938
Reading weather station: 562 A612
Reading weather station: 563 A414
Reading weather station: 564 A858
Reading weather station: 1 Aguapey
Reading weather station: 2 Alto_Arapey
Reading weather station: 3 Alto_Cuareim
Reading weather station: 4 Alvear
Reading weather station: 5 Arapey_Chico
Reading weather station: 6 Arapey_Grande
Reading weather station: 7 Arapey_Grande_Ruta_4
Reading weather station: 8 Arerunguá
Reading weather station: 9 Artigas
Reading weather station: 10 Baibene
Reading weather station: 11 Baltasar_Brum
Reading weather station: 12 Belén
Reading weather station: 13 Bernabé_Rivera
Reading weather station: 14 Bonpland
Reading weather station: 15 Catalán
Reading weather station: 16 Catalán_Grande_rio
Reading weather station: 17 Cazadores_Correntinos
Reading weather station: 18 Cerro_Amarillo
Reading weather station: 19 Cerro_Chato
Reading weather station: 20 Chajarí
Reading weather station: 21 Colonia_Lavalleja
Reading weather station: 22 Colonia_Libertad
Reading weather station: 23 Colonia_Palma
Reading weather station: 24 Cuareim_Río
Reading weather station: 25 Cuaró
Reading weather station: 26 Cuchilla_de_Salto
Reading weather station: 27 Curuzú_Cuatiá
Reading weather station: 28 Dayman_Ruta_3
Reading weather station: 29 Diego_Lamas
Reading weather station: 30 El_Soberbio
Reading weather station: 31 El_Trompo
Reading weather station: 32 Espinillar
Reading weather station: 33 Federación
Reading weather station: 34 Garruchos
Reading weather station: 35 Guaviyú_de_Arapey
Reading weather station: 36 Itapebí
Reading weather station: 37 Javier_de_Viana
Reading weather station: 38 Loma_Alta
Reading weather station: 39 Los_Conquistadores
Reading weather station: 40 Meneses
Reading weather station: 41 Miriñay_Medio
Reading weather station: 42 Miriñay_Río
Reading weather station: 43 Mocoretá_Lago
Reading weather station: 44 Mocoreta_Medio
Reading weather station: 45 Mocoretá_Río
Reading weather station: 46 Monte_Caseros
Reading weather station: 47 Paso_Campamento
Reading weather station: 48 Paso_de_la_Cruz
Reading weather station: 49 Paso_de_los_Libres
Reading weather station: 50 Paso_del_León
Reading weather station: 51 Paso_del_Remanso
Reading weather station: 52 Paso_Farías
Reading weather station: 53 Paso_Potrero
Reading weather station: 54 Pepirí_Miní
Reading weather station: 55 Puerto_Concordia
Reading weather station: 56 Pujol
Reading weather station: 57 Puntas_de_Valentín
Reading weather station: 58 Queguay_Ruta_3
Reading weather station: 59 Quintana
Reading weather station: 60 Salto
Reading weather station: 61 Salto_Grande
Reading weather station: 62 San_Jaime
Reading weather station: 63 San_Javier
Reading weather station: 64 San_Roquito
Reading weather station: 65 Santa_Ana
Reading weather station: 66 Santo_Tomé
Reading weather station: 67 Sarandí_de_Arapey
Reading weather station: 68 Sequeira
Reading weather station: 69 Solari
Reading weather station: 70 Tomás_Gomensoro
Reading weather station: 71 Uguay
Reading weather station: 72 Yapeyú
Reading weather station: 1 87007
Reading weather station: 2 87078
Reading weather station: 3 87047
Reading weather station: 4 87121
Reading weather station: 5 87222
Reading weather station: 6 87129
Reading weather station: 7 87211
Reading weather station: 8 10067
Reading weather station: 9 87217
Reading weather station: 10 87257
Reading weather station: 11 87305
Reading weather station: 12 87393
Reading weather station: 13 87344
Reading weather station: 14 87345
Reading weather station: 15 87349
Reading weather station: 16 87374
Reading weather station: 17 10114
Reading weather station: 18 87328
Reading weather station: 19 87418
Reading weather station: 20 87420
Reading weather station: 21 87480
Reading weather station: 22 87497
Reading weather station: 23 87453
Reading weather station: 24 87436
Reading weather station: 25 10145
Reading weather station: 26 87534
Reading weather station: 27 87585
Reading weather station: 28 87571
Reading weather station: 29 87576
Reading weather station: 30 87593
Reading weather station: 31 87270
Reading weather station: 32 87509
Reading weather station: 33 87022
Reading weather station: 34 87582
Reading weather station: 35 87448
Reading weather station: 36 87016
Reading weather station: 37 87289
Reading weather station: 38 87097
Reading weather station: 39 10358
Reading weather station: 40 87178
Reading weather station: 41 87467
Reading weather station: 42 87416
Reading weather station: 43 10423
Reading weather station: 44 10444
Reading weather station: 45 87371
Reading weather station: 46 87548
Reading weather station: 48 87166
Reading weather station: 49 87395
Reading weather station: 50 87162
Reading weather station: 51 87155
Reading weather station: 52 10492
Reading weather station: 53 87311
Reading weather station: 54 87046
Reading weather station: 55 10502
Reading weather station: 56 10550
Reading weather station: 57 10901
Reading weather station: 58 10903
Reading weather station: 59 10904
Reading weather station: 60 10906
Reading weather station: 61 10908
Reading weather station: 62 10909
Reading weather station: 63 10910
Reading weather station: 64 10912
Reading weather station: 65 86330
Reading weather station: 66 86580
Reading weather station: 67 86560
Reading weather station: 68 86530
Reading weather station: 70 86440
Reading weather station: 71 86490
Reading weather station: 73 86430
Reading weather station: 74 86585
Reading weather station: 75 86350
Reading weather station: 76 86565
Reading weather station: 77 86360
Reading weather station: 78 86500
Reading weather station: 79 11014
Reading weather station: 81 11016
Reading weather station: 82 11017
Reading weather station: 84 11019
Reading weather station: 85 11020
Reading weather station: 92 86192
Reading weather station: 93 86210
Reading weather station: 94 86218
Reading weather station: 99 86268
Reading weather station: 102 10038
           0         1         2   ...        9          10        11
0    3.691222  6.817627  5.351408  ...  3.583821   5.077778  6.989247
1    5.206452  5.452265  4.066403  ...  7.783211  12.627422  6.244148
2    6.658065  7.325740  2.629032  ...  5.148387   3.596667  4.553226
3    5.530507  8.698441  4.990034  ...  4.778718   8.133762  8.704392
4    1.741935  2.978761  2.799856  ...  3.029988   5.130159  3.571538
..        ...       ...       ...  ...       ...        ...       ...
450  6.237097  3.880531  4.347581  ...  6.331452   5.097391  5.689344
451  6.687097  3.458407  5.364516  ...  7.737097   3.256667  9.227419
452  7.266935  2.682301  6.867742  ...  4.666935   6.550833  4.018548
453  6.594355  2.349558  3.104032  ...  4.170339   4.159167  3.013710
454  6.754839  1.664706  3.102564  ...  1.914516   2.823333  4.096774

[455 rows x 12 columns]

[-20.104167, -14.016389, -20.444444, -15.596491, -15.751536, -19.532778, -20.750556, -29.709167, -20.636389, -11.284167, -16.166667, -17.339444, -14.133056, -13.009444, -22.975556, -16.848889, -15.902778, -12.592222, -28.931353, -19.605833, -22.975278, -31.347778, -20.031111, -21.228333, -12.124722, -20.559167, -21.75, -22.358052, -20.948056, -19.883889, -19.98, -29.164581, -28.126944, -13.251111, -22.951944, -15.789444, -12.521944, -15.599722, -14.181944, -15.524167, -26.819156, -30.545278, -22.688889, -11.445833, -16.966944, -21.918066, -30.807953, -29.049167, -21.5875, -19.53921, -29.674293, -20.447195, -22.750278, -21.714722, -22.041667, -29.368889, -31.403333, -17.705556, -19.735833, -17.739444, -21.780556, -19.1225, -24.78, -18.154779, -15.300278, -23.359167, -25.322464, -13.708056, -19.98586, -12.035833, -21.546667, -13.3325, -18.996667, -18.492778, -16.785, -28.60344, -12.675556, -15.559295, -25.448611, -27.288611, -18.747711, -18.231052, -11.594444, -26.286562, -20.173333, -25.699167, -31.0025, -19.481944, -21.457778, -22.589722, -18.291389, -17.336944, -27.657778, -12.196111, -19.885278, -27.6025, -20.455, -11.8875, -20.584444, -27.395556, -15.935278, -26.398611, -15.220278, -16.642778, -15.939722, -18.830354, -14.208056, -18.786944, -17.561389, -16.341667, -11.745, -20.031389, -28.653333, -12.193056, -24.671667, -14.658889, -25.567879, -26.913611, -14.171389, -16.423056, -11.328998, -11.2725, -26.950833, -17.006944, -16.575556, -14.979722, -15.244722, -23.981944, -26.081389, -23.449444, -13.527778, -18.952778, -18.409722, -27.418333, -20.359722, -25.010833, -22.300556, -32.534722, -20.165, -15.448056, -23.773333, -21.478611, -17.923611, -27.169167, -17.784444, -23.505278, -11.375, -21.769965, -27.802222, -28.222381, -25.371389, -12.557778, -19.356944, -21.666111, -12.1525, -16.260556, -28.604444, -22.376111, -21.680722, -24.533333, -20.263333, -18.78062, -13.906944, -22.314444, -19.407222, -22.235222, -23.405278, -17.454722, -15.085833, -14.408333, -13.253611, -22.861667, -16.686389, -25.508889, -17.745066, -31.248333, -21.105, -23.415278, -22.334722, -13.038611, -15.802778, -13.411111, -26.406389, -20.715, -23.000556, -20.556667, -27.920278, -12.615, -22.658333, -16.012222, -23.223611, -16.9625, -22.395833, -28.226805, -20.745237, -18.520556, -18.996684, -12.015278, -13.155681, -22.464722, -17.258064, -17.304167, -25.721944, -22.5525, -15.234444, -30.053611, -16.388889, -14.089167, -21.338333, -21.100833, -22.12, -15.58, -30.368578, -22.372778, -27.678611, -22.451389, -21.775, -22.653579, -22.988333, -22.94, -22.861389, -23.050278, -26.9375, -32.078889, -26.248611, -29.872222, -15.723056, -17.785278, -19.875278, -16.160278, -13.005515, -29.725, -27.890556, -11.428889, -19.988333, -30.750556, -29.191599, -27.854444, -28.65, -21.980353, -11.618889, -30.341389, -21.106502, -28.275556, -28.748611, -28.417222, -18.676111, -25.835556, -23.890833, -23.496389, -16.362778, -20.91, -18.969142, -29.702222, -13.303889, -22.871111, -28.704722, -22.757778, -17.798889, -11.664722, -19.455278, -20.981667, -22.645833, -16.679722, -28.859211, -23.426111, -12.555, -33.742222, -14.65, -23.041667, -17.89284, -22.448611, -29.449167, -19.573889, -29.350278, -30.010278, -18.200855, -22.098333, -21.927251, -29.089444, -19.71, -18.916944, -16.554167, -29.84, -28.5325, -28.513611, -22.358056, -13.343611, -21.319167, -21.566389, -20.385556, -24.280278, -20.762607, -20.466944, -12.735, -20.270833, -14.886389, -26.938666, -28.416682, -31.20645, -31.061733, -29.112957, -30.9499, -30.9982, -31.231098, -31.663054, -30.392535, -29.6036, -30.719082, -30.787252, -30.299302, -29.819517, -30.751196, -30.637259, -29.98349, -30.62427, -31.337833, -30.776241, -31.09242, -30.014261, -30.580333, -30.58639, -30.613837, -31.444407, -29.787069, -31.459, -30.755734, -27.298582, -30.971026, -30.971187, -30.992189, -28.177515, -31.037601, -31.286127, -30.432802, -29.05663, -30.590296, -30.865546, -29.660671, -29.845637, -30.690307, -30.214445, -30.626772, -30.249296, -30.787214, -30.289, -29.721745, -30.205281, -30.223953, -30.476397, -31.444635, -27.153304, -31.404212, -30.390258, -31.493837, -32.135, -31.350331, -31.38978, -31.272706, -30.337372, -27.869343, -29.296744, -30.91468, -28.545073, -30.988557, -31.004877, -29.377358, -30.431886, -28.691829, -29.470444, -22.1, -24.7, -24.85, -26.85, -28.6, -27.77, -28.07, -28.43, -29.38, -29.88, -30.23, -30.27, -31.3, -31.4, -31.67, -31.78, -31.85, -31.95, -32.83, -32.88, -32.92, -33.0, -33.12, -33.27, -33.93, -34.13, -34.58, -34.6, -34.82, -34.97, -29.18, -34.58, -22.65, -34.57, -33.73, -23.15, -29.68, -25.73, -34.61, -27.37, -32.7, -33.08, -27.65, -27.05, -31.7, -34.55, -27.45, -31.3, -26.2, -27.45, -33.74, -31.57, -24.38, -32.68, -28.02, -27.42, -33.73, -27.1, -29.17, -31.18, -29.18, -26.87, -33.02, -30.38, -34.83, -34.45, -33.35, -32.37, -33.25, -32.35, -34.86, -30.9, -34.49, -31.4, -33.71, -34.09, -34.97, -34.35, -33.54, -32.69, -24.67, -24.03, -25.24, -26.18, -34.92]
455

[-41.106944, -52.211667, -52.875833, -47.625801, -41.457787, -41.090833, -41.488889, -55.525556, -40.741944, -47.212222, -40.687778, -53.224444, -47.523333, -39.616944, -44.303333, -42.035278, -52.245278, -49.528611, -49.49792, -46.949722, -42.021389, -54.013333, -46.008889, -43.767778, -45.026944, -48.545, -52.471389, -49.028877, -48.471389, -43.969444, -43.958611, -51.534202, -49.479722, -43.405278, -46.530556, -47.925833, -58.231389, -48.131111, -41.672222, -46.435556, -50.98552, -53.466944, -45.005556, -61.434167, -51.8175, -46.382996, -51.83424, -50.149722, -41.958333, -49.518133, -51.064042, -54.722615, -45.603889, -41.343889, -41.051667, -50.827222, -52.700833, -42.389167, -42.137222, -39.258611, -47.075278, -51.720833, -50.046389, -47.927614, -45.6175, -52.931944, -49.157733, -59.7625, -48.151574, -37.683889, -43.261111, -44.6175, -57.6375, -53.171389, -47.613056, -53.673597, -39.089444, -56.062951, -49.230556, -50.604167, -44.453785, -43.648269, -46.847222, -53.633114, -44.875, -53.095278, -54.618056, -45.593889, -51.552222, -43.282222, -40.736389, -49.914722, -52.305833, -38.9675, -44.416944, -48.62, -45.453889, -49.608333, -47.3825, -53.429444, -48.1375, -51.353611, -48.99, -49.220278, -50.141389, -41.977007, -42.749722, -42.943056, -47.199167, -53.766111, -49.051667, -44.011111, -53.111944, -43.213333, -47.545833, -39.181389, -51.077946, -49.268056, -39.6925, -51.148889, -41.864504, -37.795, -48.761944, -39.558056, -41.485556, -49.539444, -40.229444, -48.885833, -48.641667, -54.181944, -40.119722, -49.525, -49.191944, -49.646944, -47.775278, -50.853889, -53.822778, -53.375833, -50.595, -44.366389, -50.180556, -56.137778, -51.7175, -51.558889, -46.119444, -49.946389, -58.774722, -43.364329, -50.335556, -51.512845, -52.400833, -41.388889, -40.068611, -49.734722, -45.829722, -47.966944, -48.813333, -41.811944, -45.944389, -54.019167, -42.182778, -40.986505, -38.972222, -45.373056, -40.539722, -49.965111, -51.932778, -52.601111, -44.016111, -44.404167, -46.890278, -46.043333, -43.843889, -48.808611, -49.101698, -50.906389, -42.375833, -50.577778, -42.676944, -57.092222, -43.296944, -54.752222, -52.850278, -44.864444, -49.843333, -43.756111, -53.318056, -47.871944, -52.134444, -47.557417, -44.726944, -50.425556, -44.961944, -52.403582, -46.633916, -46.440556, -46.985935, -48.544444, -41.774125, -43.291389, -44.835556, -48.284167, -53.748056, -55.716389, -59.346111, -51.174722, -39.1825, -46.366389, -48.113889, -41.039444, -51.408611, -54.381111, -56.437115, -50.974722, -49.041944, -44.445, -54.528056, -44.040916, -43.190556, -43.402778, -43.411389, -43.595556, -50.145556, -52.167778, -49.574167, -52.381944, -42.435833, -50.965, -47.434167, -42.310278, -38.50576, -53.720556, -54.48, -48.185, -40.579444, -55.401389, -54.885653, -53.791111, -56.016389, -47.883927, -50.727778, -54.310833, -44.250928, -49.934722, -50.057778, -54.9625, -39.864167, -50.368889, -47.999167, -46.62, -45.123889, -47.114167, -50.633449, -54.694444, -58.763333, -42.608889, -51.870833, -43.684722, -40.25, -39.023056, -44.173333, -54.971944, -42.415556, -48.618056, -52.542387, -47.585556, -55.722778, -53.372222, -57.431667, -45.520833, -41.515423, -42.986944, -51.823333, -42.6225, -49.733333, -50.135833, -45.459836, -43.208333, -50.490251, -53.826667, -47.961944, -48.255556, -46.881944, -57.081944, -49.315278, -50.882778, -43.695556, -39.126667, -50.930278, -45.404167, -41.19, -50.210278, -42.864013, -40.403889, -60.157778, -40.305833, -40.801389, -52.39809, -56.542211, -56.224017, -55.866233, -56.555522, -57.4559, -57.485838, -57.097101, -56.618974, -56.456119, -58.165178, -57.325281, -57.78309, -56.972142, -57.429814, -56.214658, -56.326675, -58.295964, -56.657495, -56.629005, -58.141889, -57.021887, -57.85945, -57.680318, -56.230152, -56.905948, -57.421509, -58.070281, -57.903, -57.055016, -54.193437, -58.247317, -57.880716, -57.913847, -55.642269, -56.635879, -57.703535, -56.787211, -57.08769, -58.468999, -56.411658, -57.743836, -57.674446, -57.820722, -57.966907, -57.982836, -57.622519, -56.786308, -57.291694, -57.082856, -57.074737, -56.66754, -57.124992, -56.84021, -53.933283, -58.002561, -57.880984, -57.120524, -57.939, -56.392531, -57.977472, -57.916594, -58.317145, -55.129216, -57.565952, -57.92773, -56.028995, -56.215761, -56.879045, -58.193534, -57.440628, -57.480465, -56.81167, -65.6, -60.58, -65.48, -65.1, -65.77, -64.3, -67.57, -58.92, -66.82, -61.95, -68.75, -57.65, -64.2, -64.18, -63.88, -60.48, -60.54, -65.13, -68.78, -68.85, -60.78, -58.62, -64.23, -66.35, -60.55, -63.37, -58.48, -58.6, -58.53, -57.9, -59.7, -68.4, -63.81, -58.42, -65.38, -64.32, -57.15, -54.47, -58.67, -55.97, -62.15, -68.42, -55.43, -65.42, -60.82, -60.92, -58.77, -58.02, -58.23, -59.05, -59.8, -68.42, -65.08, -62.12, -64.23, -58.93, -69.12, -61.1, -58.02, -61.55, -59.7, -60.45, -60.88, -56.51, -56.01, -57.77, -56.5, -54.19, -58.07, -58.04, -56.21, -55.54, -54.31, -57.97, -54.39, -56.19, -54.95, -56.76, -56.92, -57.65, -56.46, -54.35, -57.51, -56.35, -62.73]
455

[3 3 0 3 2 3 3 4 1 1 2 3 1 0 1 2 3 1 0 3 0 0 3 3 3 2 0 3 3 1 1 0 1 2 3 1 1
 1 2 2 4 0 3 1 3 3 0 4 0 3 0 0 3 0 0 4 0 3 3 0 0 3 0 1 3 4 4 1 3 0 3 3 2 0
 1 4 0 3 4 4 3 3 1 4 3 4 4 3 3 1 2 3 4 0 1 4 3 3 3 4 1 4 1 1 1 3 2 2 3 3 3
 1 4 2 1 0 4 4 0 1 2 0 0 0 2 3 2 0 1 4 0 3 3 0 3 0 0 0 2 3 0 0 3 4 3 0 1 1
 0 4 4 0 0 2 1 1 0 0 3 4 3 3 0 3 3 3 4 3 2 3 1 3 3 4 3 0 3 0 1 1 3 1 4 3 0
 3 4 3 0 1 1 1 3 4 3 3 1 3 2 1 3 3 4 4 3 0 0 1 0 0 4 1 4 4 4 3 0 3 0 0 0 0
 4 0 0 0 3 3 3 3 0 4 4 1 0 4 4 4 4 3 1 4 1 4 0 4 0 0 0 3 3 3 3 4 1 0 4 0 2
 0 1 2 1 1 4 2 1 0 0 3 3 1 4 3 0 0 3 3 3 4 1 3 3 4 4 4 3 4 3 3 3 0 3 0 1 0
 2 4 0 0 0 0 0 0 0 0 0 0 0 0 0 0 0 0 0 0 0 0 0 0 0 0 0 0 0 0 0 2 0 0 0 0 0
 0 0 0 0 0 0 0 0 0 0 0 0 0 0 0 0 4 0 0 0 0 1 0 0 0 0 0 4 0 0 0 0 0 0 0 0 0
 2 2 2 2 2 2 2 0 2 2 2 4 2 2 2 2 2 2 2 2 2 0 2 2 2 2 0 0 0 0 0 2 2 0 2 2 4
 4 0 4 2 2 4 3 2 0 0 4 4 0 2 2 2 2 2 0 2 0 4 2 0 2 2 4 0 0 0 0 0 0 0 4 0 4
 0 0 0 0 0 0 4 4 4 4 2]
455

--------------- THE END PLOT ----------------
