
--------------- INIT PLOT ----------------
/marconi/home/userexternal/mdasilva/github_projects/pypostdoc/sam_3km/sam_3km_cyclone/plot_graph_pdf_precipitation_acc_ec.py:277: UserWarning: Matplotlib is currently using agg, which is a non-GUI backend, so cannot show the figure.
  plt.show()
1 A422
2 A360
3 A657
4 A908
5 A756
6 A045
7 A549
8 A534
9 A617
10 A826
11 A615
12 A053
13 A508
14 A924
15 A253
16 A909
17 A024
18 A223
19 A934
20 A336
21 A750
22 A434
23 A377
24 A628
25 A910
26 A340
27 A113
28 A719
29 A409
30 A566
31 A013
32 A054
33 A021
34 A044
35 A353
36 A867
37 A505
38 A309
39 A310
40 A940
41 A736
42 A606
43 A120
44 A725
45 A220
46 A827
47 A375
48 A204
49 A565
50 A502
51 A315
52 A128
53 A429
54 A741
55 A221
56 A746
57 A402
58 A748
59 A755
60 A759
61 A705
62 A764
63 A201
64 A447
65 A521
66 F501
67 A840
68 A765
69 A135
70 A110
71 A845
72 A418
73 A326
74 A226
75 A744
76 A001
77 A927
78 A042
79 A421
80 A228
81 A433
82 A238
83 A432
84 A544
85 A348
86 A329
87 A859
88 A812
89 A769
90 A939
91 A023
92 A316
93 A344
94 A530
95 A838
96 A352
97 A897
98 A604
99 A236
100 B803
101 A313
102 A519
103 A884
104 A702
105 A376
106 A905
107 A912
108 A706
109 A607
110 A620
111 A043
112 A898
113 A347
114 A879
115 A811
116 A365
117 A887
118 A541
119 A248
120 A337
121 A554
122 A405
123 A926
124 A629
125 A205
126 A341
127 A738
128 A742
129 A202
130 A361
131 A819
132 A034
133 A237
134 A548
135 A730
136 A206
137 A895
138 A869
139 A876
140 A117
141 A222
142 A049
143 B806
144 A913
145 A520
146 A241
147 A431
148 A557
149 A374
150 A416
151 A724
152 A355
153 A760
154 A919
155 A720
156 A342
157 A036
158 A056
159 A853
160 A406
161 A108
162 A901
163 A448
164 A807
165 A860
166 A538
167 A443
168 A849
169 A537
170 A038
171 A848
172 A564
173 A843
174 A252
175 A881
176 A536
177 A721
178 A762
179 A603
180 A631
181 A029
182 A109
183 A893
184 A140
185 A828
186 A543
187 A224
188 A217
189 A138
190 A413
191 A351
192 A535
193 A311
194 A806
195 A524
196 A452
197 A039
198 A305
199 A846
200 A708
201 A854
202 A046
203 A322
204 A930
205 A875
206 A364
207 A022
208 A002
209 A014
210 A825
211 A532
212 A207
213 A426
214 A533
215 A314
216 A906
217 A546
218 A932
219 A019
220 A112
221 A349
222 A555
223 A883
224 A737
225 A439
226 A824
227 A712
228 A319
229 A410
230 A225
231 A823
232 A817
233 A372
234 A445
235 A028
236 A424
237 A451
238 A417
239 A408
240 A121
241 A231
242 A868
243 A455
244 A550
245 A015
246 A446
247 A714
248 A359
249 A739
250 A851
251 A373
252 A752
253 A251
254 A933
255 A407
256 A512
257 A035
258 A863
259 A753
260 A818
261 A709
262 A440
263 A836
264 A358
265 A339
266 A733
267 A559
268 A871
269 A758
270 A016
271 A450
272 A841
273 A320
274 A553
275 A821
276 A735
277 A914
278 A920
279 A518
280 A749
281 A111
282 A865
283 A055
284 A844
285 B804
286 A425
287 A614
288 A727
289 A404
290 A012
291 A866
292 A608
293 A412
294 A249
295 A317
296 A303
297 A567
298 A864
299 A820
300 A119
301 A101
302 A556
303 A133
304 A540
305 A240
306 A731
307 A438
308 A137
309 A531
310 A041
311 A632
312 A763
313 A835
314 A040
315 A122
316 A209
317 A246
318 A026
319 A722
320 A539
321 A526
322 A239
323 A032
324 A509
325 A334
326 A506
327 A332
328 A873
329 A003
330 A318
331 A878
332 A517
333 A304
334 A717
335 A627
336 A453
337 A842
338 A624
339 A928
340 A563
341 A822
342 A929
343 A144
344 A816
345 A235
346 A232
347 A354
348 A242
349 A570
350 A366
351 A716
352 A513
353 A210
354 A357
355 A009
356 A856
357 A327
358 A323
359 A571
360 A212
361 A010
362 A710
363 A850
364 A915
365 A047
366 A619
367 A027
368 A123
369 A308
370 A102
371 A529
372 A839
373 A516
374 A321
375 A562
376 A523
377 A330
378 A020
379 A018
380 A307
381 A430
382 A610
383 A343
384 A726
385 A371
386 A545
387 A033
388 A335
389 A051
390 A211
391 A855
392 A419
393 A560
394 A703
395 A937
396 A005
397 A801
398 B807
399 A245
400 A935
401 A244
402 A723
403 A427
404 A925
405 A136
406 A017
407 A747
408 A218
409 A126
410 A622
411 A707
412 A923
413 A637
414 A831
415 A436
416 A916
417 A369
418 A325
419 A718
420 A870
421 A301
422 A254
423 A766
424 A423
425 A609
426 A458
427 A104
428 A743
429 A626
430 A652
431 A636
432 A621
433 A602
434 A861
435 A802
436 A862
437 A813
438 A551
439 A050
440 A125
441 A025
442 A214
443 A907
444 A944
445 A134
446 A903
447 A525
448 A370
449 A552
450 A215
451 A936
452 A401
453 A456
454 A367
455 A048
456 A803
457 A256
458 A630
459 A415
460 A810
461 A052
462 A613
463 A233
464 A804
465 A250
466 A833
467 A931
468 A805
469 A830
470 A711
471 A921
472 A216
473 A832
474 A732
475 A333
476 A514
477 A331
478 A815
479 A942
480 A829
481 A203
482 A356
483 A740
484 A852
485 A616
486 A874
487 A715
488 A031
489 A857
490 A771
491 A701
492 A345
493 A547
494 A561
495 A770
496 A011
497 A889
498 A911
499 A667
500 A428
501 A894
502 A601
503 A522
504 A230
505 A943
506 A350
507 A441
508 A569
509 A751
510 A754
511 A659
512 A037
513 A917
514 A306
515 A837
516 A761
517 A713
518 A904
519 A227
520 A328
521 A899
522 A902
523 A324
524 A728
525 A527
526 A312
527 A618
528 A882
529 A368
530 A511
531 A213
532 A808
533 A834
534 A704
535 A528
536 A625
537 A234
538 A229
539 A768
540 A886
541 A219
542 A568
543 A507
544 A437
545 A542
546 A124
547 A346
548 A809
549 A814
550 A880
551 A611
552 A444
553 A363
554 A734
555 A515
556 A633
557 A872
558 A510
559 A922
560 A634
561 A938
562 A612
563 A414
564 A858
565 A247
566 A255
1 A422
2 A360
3 A657
4 A908
5 A756
6 A045
7 A549
8 A534
9 A617
10 A826
11 A615
12 A053
13 A508
14 A924
15 A253
16 A909
17 A024
18 A223
19 A934
20 A336
21 A750
22 A434
23 A377
24 A628
25 A910
26 A340
27 A113
28 A719
29 A409
30 A566
31 A013
32 A054
33 A021
34 A044
35 A353
36 A867
37 A505
38 A309
39 A310
40 A940
41 A736
42 A606
43 A120
44 A725
45 A220
46 A827
47 A375
48 A204
49 A565
50 A502
51 A315
52 A128
53 A429
54 A741
55 A221
56 A746
57 A402
58 A748
59 A755
60 A759
61 A705
62 A764
63 A201
64 A447
65 A521
66 F501
67 A840
68 A765
69 A135
70 A110
71 A845
72 A418
73 A326
74 A226
75 A744
76 A001
77 A927
78 A042
79 A421
80 A228
81 A433
82 A238
83 A432
84 A544
85 A348
86 A329
87 A859
88 A812
89 A769
90 A939
91 A023
92 A316
93 A344
94 A530
95 A838
96 A352
97 A897
98 A604
99 A236
100 B803
101 A313
102 A519
103 A884
104 A702
105 A376
106 A905
107 A912
108 A706
109 A607
110 A620
111 A043
112 A898
113 A347
114 A879
115 A811
116 A365
117 A887
118 A541
119 A248
120 A337
121 A554
122 A405
123 A926
124 A629
125 A205
126 A341
127 A738
128 A742
129 A202
130 A361
131 A819
132 A034
133 A237
134 A548
135 A730
136 A206
137 A895
138 A869
139 A876
140 A117
141 A222
142 A049
143 B806
144 A913
145 A520
146 A241
147 A431
148 A557
149 A374
150 A416
151 A724
152 A355
153 A760
154 A919
155 A720
156 A342
157 A036
158 A056
159 A853
160 A406
161 A108
162 A901
163 A448
164 A807
165 A860
166 A538
167 A443
168 A849
169 A537
170 A038
171 A848
172 A564
173 A843
174 A252
175 A881
176 A536
177 A721
178 A762
179 A603
180 A631
181 A029
182 A109
183 A893
184 A140
185 A828
186 A543
187 A224
188 A217
189 A138
190 A413
191 A351
192 A535
193 A311
194 A806
195 A524
196 A452
197 A039
198 A305
199 A846
200 A708
201 A854
202 A046
203 A322
204 A930
205 A875
206 A364
207 A022
208 A002
209 A014
210 A825
211 A532
212 A207
213 A426
214 A533
215 A314
216 A906
217 A546
218 A932
219 A019
220 A112
221 A349
222 A555
223 A883
224 A737
225 A439
226 A824
227 A712
228 A319
229 A410
230 A225
231 A823
232 A817
233 A372
234 A445
235 A028
236 A424
237 A451
238 A417
239 A408
240 A121
241 A231
242 A868
243 A455
244 A550
245 A015
246 A446
247 A714
248 A359
249 A739
250 A851
251 A373
252 A752
253 A251
254 A933
255 A407
256 A512
257 A035
258 A863
259 A753
260 A818
261 A709
262 A440
263 A836
264 A358
265 A339
266 A733
267 A559
268 A871
269 A758
270 A016
271 A450
272 A841
273 A320
274 A553
275 A821
276 A735
277 A914
278 A920
279 A518
280 A749
281 A111
282 A865
283 A055
284 A844
285 B804
286 A425
287 A614
288 A727
289 A404
290 A012
291 A866
292 A608
293 A412
294 A249
295 A317
296 A303
297 A567
298 A864
299 A820
300 A119
301 A101
302 A556
303 A133
304 A540
305 A240
306 A731
307 A438
308 A137
309 A531
310 A041
311 A632
312 A763
313 A835
314 A040
315 A122
316 A209
317 A246
318 A026
319 A722
320 A539
321 A526
322 A239
323 A032
324 A509
325 A334
326 A506
327 A332
328 A873
329 A003
330 A318
331 A878
332 A517
333 A304
334 A717
335 A627
336 A453
337 A842
338 A624
339 A928
340 A563
341 A822
342 A929
343 A144
344 A816
345 A235
346 A232
347 A354
348 A242
349 A570
350 A366
351 A716
352 A513
353 A210
354 A357
355 A009
356 A856
357 A327
358 A323
359 A571
360 A212
361 A010
362 A710
363 A850
364 A915
365 A047
366 A619
367 A027
368 A123
369 A308
370 A102
371 A529
372 A839
373 A516
374 A321
375 A562
376 A523
377 A330
378 A020
379 A018
380 A307
381 A430
382 A610
383 A343
384 A726
385 A371
386 A545
387 A033
388 A335
389 A051
390 A211
391 A855
392 A419
393 A560
394 A703
395 A937
396 A005
397 A801
398 B807
399 A245
400 A935
401 A244
402 A723
403 A427
404 A925
405 A136
406 A017
407 A747
408 A218
409 A126
410 A622
411 A707
412 A923
413 A637
414 A831
415 A436
416 A916
417 A369
418 A325
419 A718
420 A870
421 A301
422 A254
423 A766
424 A423
425 A609
426 A458
427 A104
428 A743
429 A626
430 A652
431 A636
432 A621
433 A602
434 A861
435 A802
436 A862
437 A813
438 A551
439 A050
440 A125
441 A025
442 A214
443 A907
444 A944
445 A134
446 A903
447 A525
448 A370
449 A552
450 A215
451 A936
452 A401
453 A456
454 A367
455 A048
456 A803
457 A256
458 A630
459 A415
460 A810
461 A052
462 A613
463 A233
464 A804
465 A250
466 A833
467 A931
468 A805
469 A830
470 A711
471 A921
472 A216
473 A832
474 A732
475 A333
476 A514
477 A331
478 A815
479 A942
480 A829
481 A203
482 A356
483 A740
484 A852
485 A616
486 A874
487 A715
488 A031
489 A857
490 A771
491 A701
492 A345
493 A547
494 A561
495 A770
496 A011
497 A889
498 A911
499 A667
500 A428
501 A894
502 A601
503 A522
504 A230
505 A943
506 A350
507 A441
508 A569
509 A751
510 A754
511 A659
512 A037
513 A917
514 A306
515 A837
516 A761
517 A713
518 A904
519 A227
520 A328
521 A899
522 A902
523 A324
524 A728
525 A527
526 A312
527 A618
528 A882
529 A368
530 A511
531 A213
532 A808
533 A834
534 A704
535 A528
536 A625
537 A234
538 A229
539 A768
540 A886
541 A219
542 A568
543 A507
544 A437
545 A542
546 A124
547 A346
548 A809
549 A814
550 A880
551 A611
552 A444
553 A363
554 A734
555 A515
556 A633
557 A872
558 A510
559 A922
560 A634
561 A938
562 A612
563 A414
564 A858
565 A247
566 A255
1 A422
2 A360
3 A657
4 A908
5 A756
6 A045
7 A549
8 A534
9 A617
10 A826
11 A615
12 A053
13 A508
14 A924
15 A253
16 A909
17 A024
18 A223
19 A934
20 A336
21 A750
22 A434
23 A377
24 A628
25 A910
26 A340
27 A113
28 A719
29 A409
30 A566
31 A013
32 A054
33 A021
34 A044
35 A353
36 A867
37 A505
38 A309
39 A310
40 A940
41 A736
42 A606
43 A120
44 A725
45 A220
46 A827
47 A375
48 A204
49 A565
50 A502
51 A315
52 A128
53 A429
54 A741
55 A221
56 A746
57 A402
58 A748
59 A755
60 A759
61 A705
62 A764
63 A201
64 A447
65 A521
66 F501
67 A840
68 A765
69 A135
70 A110
71 A845
72 A418
73 A326
74 A226
75 A744
76 A001
77 A927
78 A042
79 A421
80 A228
81 A433
82 A238
83 A432
84 A544
85 A348
86 A329
87 A859
88 A812
89 A769
90 A939
91 A023
92 A316
93 A344
94 A530
95 A838
96 A352
97 A897
98 A604
99 A236
100 B803
101 A313
102 A519
103 A884
104 A702
105 A376
106 A905
107 A912
108 A706
109 A607
110 A620
111 A043
112 A898
113 A347
114 A879
115 A811
116 A365
117 A887
118 A541
119 A248
120 A337
121 A554
122 A405
123 A926
124 A629
125 A205
126 A341
127 A738
128 A742
129 A202
130 A361
131 A819
132 A034
133 A237
134 A548
135 A730
136 A206
137 A895
138 A869
139 A876
140 A117
141 A222
142 A049
143 B806
144 A913
145 A520
146 A241
147 A431
148 A557
149 A374
150 A416
151 A724
152 A355
153 A760
154 A919
155 A720
156 A342
157 A036
158 A056
159 A853
160 A406
161 A108
162 A901
163 A448
164 A807
165 A860
166 A538
167 A443
168 A849
169 A537
170 A038
171 A848
172 A564
173 A843
174 A252
175 A881
176 A536
177 A721
178 A762
179 A603
180 A631
181 A029
182 A109
183 A893
184 A140
185 A828
186 A543
187 A224
188 A217
189 A138
190 A413
191 A351
192 A535
193 A311
194 A806
195 A524
196 A452
197 A039
198 A305
199 A846
200 A708
201 A854
202 A046
203 A322
204 A930
205 A875
206 A364
207 A022
208 A002
209 A014
210 A825
211 A532
212 A207
213 A426
214 A533
215 A314
216 A906
217 A546
218 A932
219 A019
220 A112
221 A349
222 A555
223 A883
224 A737
225 A439
226 A824
227 A712
228 A319
229 A410
230 A225
231 A823
232 A817
233 A372
234 A445
235 A028
236 A424
237 A451
238 A417
239 A408
240 A121
241 A231
242 A868
243 A455
244 A550
245 A015
246 A446
247 A714
248 A359
249 A739
250 A851
251 A373
252 A752
253 A251
254 A933
255 A407
256 A512
257 A035
258 A863
259 A753
260 A818
261 A709
262 A440
263 A836
264 A358
265 A339
266 A733
267 A559
268 A871
269 A758
270 A016
271 A450
272 A841
273 A320
274 A553
275 A821
276 A735
277 A914
278 A920
279 A518
280 A749
281 A111
282 A865
283 A055
284 A844
285 B804
286 A425
287 A614
288 A727
289 A404
290 A012
291 A866
292 A608
293 A412
294 A249
295 A317
296 A303
297 A567
298 A864
299 A820
300 A119
301 A101
302 A556
303 A133
304 A540
305 A240
306 A731
307 A438
308 A137
309 A531
310 A041
311 A632
312 A763
313 A835
314 A040
315 A122
316 A209
317 A246
318 A026
319 A722
320 A539
321 A526
322 A239
323 A032
324 A509
325 A334
326 A506
327 A332
328 A873
329 A003
330 A318
331 A878
332 A517
333 A304
334 A717
335 A627
336 A453
337 A842
338 A624
339 A928
340 A563
341 A822
342 A929
343 A144
344 A816
345 A235
346 A232
347 A354
348 A242
349 A570
350 A366
351 A716
352 A513
353 A210
354 A357
355 A009
356 A856
357 A327
358 A323
359 A571
360 A212
361 A010
362 A710
363 A850
364 A915
365 A047
366 A619
367 A027
368 A123
369 A308
370 A102
371 A529
372 A839
373 A516
374 A321
375 A562
376 A523
377 A330
378 A020
379 A018
380 A307
381 A430
382 A610
383 A343
384 A726
385 A371
386 A545
387 A033
388 A335
389 A051
390 A211
391 A855
392 A419
393 A560
394 A703
395 A937
396 A005
397 A801
398 B807
399 A245
400 A935
401 A244
402 A723
403 A427
404 A925
405 A136
406 A017
407 A747
408 A218
409 A126
410 A622
411 A707
412 A923
413 A637
414 A831
415 A436
416 A916
417 A369
418 A325
419 A718
420 A870
421 A301
422 A254
423 A766
424 A423
425 A609
426 A458
427 A104
428 A743
429 A626
430 A652
431 A636
432 A621
433 A602
434 A861
435 A802
436 A862
437 A813
438 A551
439 A050
440 A125
441 A025
442 A214
443 A907
444 A944
445 A134
446 A903
447 A525
448 A370
449 A552
450 A215
451 A936
452 A401
453 A456
454 A367
455 A048
456 A803
457 A256
458 A630
459 A415
460 A810
461 A052
462 A613
463 A233
464 A804
465 A250
466 A833
467 A931
468 A805
469 A830
470 A711
471 A921
472 A216
473 A832
474 A732
475 A333
476 A514
477 A331
478 A815
479 A942
480 A829
481 A203
482 A356
483 A740
484 A852
485 A616
486 A874
487 A715
488 A031
489 A857
490 A771
491 A701
492 A345
493 A547
494 A561
495 A770
496 A011
497 A889
498 A911
499 A667
500 A428
501 A894
502 A601
503 A522
504 A230
505 A943
506 A350
507 A441
508 A569
509 A751
510 A754
511 A659
512 A037
513 A917
514 A306
515 A837
516 A761
517 A713
518 A904
519 A227
520 A328
521 A899
522 A902
523 A324
524 A728
525 A527
526 A312
527 A618
528 A882
529 A368
530 A511
531 A213
532 A808
533 A834
534 A704
535 A528
536 A625
537 A234
538 A229
539 A768
540 A886
541 A219
542 A568
543 A507
544 A437
545 A542
546 A124
547 A346
548 A809
549 A814
550 A880
551 A611
552 A444
553 A363
554 A734
555 A515
556 A633
557 A872
558 A510
559 A922
560 A634
561 A938
562 A612
563 A414
564 A858
565 A247
566 A255
1 A422
2 A360
3 A657
4 A908
5 A756
6 A045
7 A549
8 A534
9 A617
10 A826
11 A615
12 A053
13 A508
14 A924
15 A253
16 A909
17 A024
18 A223
19 A934
20 A336
21 A750
22 A434
23 A377
24 A628
25 A910
26 A340
27 A113
28 A719
29 A409
30 A566
31 A013
32 A054
33 A021
34 A044
35 A353
36 A867
37 A505
38 A309
39 A310
40 A940
41 A736
42 A606
43 A120
44 A725
45 A220
46 A827
47 A375
48 A204
49 A565
50 A502
51 A315
52 A128
53 A429
54 A741
55 A221
56 A746
57 A402
58 A748
59 A755
60 A759
61 A705
62 A764
63 A201
64 A447
65 A521
66 F501
67 A840
68 A765
69 A135
70 A110
71 A845
72 A418
73 A326
74 A226
75 A744
76 A001
77 A927
78 A042
79 A421
80 A228
81 A433
82 A238
83 A432
84 A544
85 A348
86 A329
87 A859
88 A812
89 A769
90 A939
91 A023
92 A316
93 A344
94 A530
95 A838
96 A352
97 A897
98 A604
99 A236
100 B803
101 A313
102 A519
103 A884
104 A702
105 A376
106 A905
107 A912
108 A706
109 A607
110 A620
111 A043
112 A898
113 A347
114 A879
115 A811
116 A365
117 A887
118 A541
119 A248
120 A337
121 A554
122 A405
123 A926
124 A629
125 A205
126 A341
127 A738
128 A742
129 A202
130 A361
131 A819
132 A034
133 A237
134 A548
135 A730
136 A206
137 A895
138 A869
139 A876
140 A117
141 A222
142 A049
143 B806
144 A913
145 A520
146 A241
147 A431
148 A557
149 A374
150 A416
151 A724
152 A355
153 A760
154 A919
155 A720
156 A342
157 A036
158 A056
159 A853
160 A406
161 A108
162 A901
163 A448
164 A807
165 A860
166 A538
167 A443
168 A849
169 A537
170 A038
171 A848
172 A564
173 A843
174 A252
175 A881
176 A536
177 A721
178 A762
179 A603
180 A631
181 A029
182 A109
183 A893
184 A140
185 A828
186 A543
187 A224
188 A217
189 A138
190 A413
191 A351
192 A535
193 A311
194 A806
195 A524
196 A452
197 A039
198 A305
199 A846
200 A708
201 A854
202 A046
203 A322
204 A930
205 A875
206 A364
207 A022
208 A002
209 A014
210 A825
211 A532
212 A207
213 A426
214 A533
215 A314
216 A906
217 A546
218 A932
219 A019
220 A112
221 A349
222 A555
223 A883
224 A737
225 A439
226 A824
227 A712
228 A319
229 A410
230 A225
231 A823
232 A817
233 A372
234 A445
235 A028
236 A424
237 A451
238 A417
239 A408
240 A121
241 A231
242 A868
243 A455
244 A550
245 A015
246 A446
247 A714
248 A359
249 A739
250 A851
251 A373
252 A752
253 A251
254 A933
255 A407
256 A512
257 A035
258 A863
259 A753
260 A818
261 A709
262 A440
263 A836
264 A358
265 A339
266 A733
267 A559
268 A871
269 A758
270 A016
271 A450
272 A841
273 A320
274 A553
275 A821
276 A735
277 A914
278 A920
279 A518
280 A749
281 A111
282 A865
283 A055
284 A844
285 B804
286 A425
287 A614
288 A727
289 A404
290 A012
291 A866
292 A608
293 A412
294 A249
295 A317
296 A303
297 A567
298 A864
299 A820
300 A119
301 A101
302 A556
303 A133
304 A540
305 A240
306 A731
307 A438
308 A137
309 A531
310 A041
311 A632
312 A763
313 A835
314 A040
315 A122
316 A209
317 A246
318 A026
319 A722
320 A539
321 A526
322 A239
323 A032
324 A509
325 A334
326 A506
327 A332
328 A873
329 A003
330 A318
331 A878
332 A517
333 A304
334 A717
335 A627
336 A453
337 A842
338 A624
339 A928
340 A563
341 A822
342 A929
343 A144
344 A816
345 A235
346 A232
347 A354
348 A242
349 A570
350 A366
351 A716
352 A513
353 A210
354 A357
355 A009
356 A856
357 A327
358 A323
359 A571
360 A212
361 A010
362 A710
363 A850
364 A915
365 A047
366 A619
367 A027
368 A123
369 A308
370 A102
371 A529
372 A839
373 A516
374 A321
375 A562
376 A523
377 A330
378 A020
379 A018
380 A307
381 A430
382 A610
383 A343
384 A726
385 A371
386 A545
387 A033
388 A335
389 A051
390 A211
391 A855
392 A419
393 A560
394 A703
395 A937
396 A005
397 A801
398 B807
399 A245
400 A935
401 A244
402 A723
403 A427
404 A925
405 A136
406 A017
407 A747
408 A218
409 A126
410 A622
411 A707
412 A923
413 A637
414 A831
415 A436
416 A916
417 A369
418 A325
419 A718
420 A870
421 A301
422 A254
423 A766
424 A423
425 A609
426 A458
427 A104
428 A743
429 A626
430 A652
431 A636
432 A621
433 A602
434 A861
435 A802
436 A862
437 A813
438 A551
439 A050
440 A125
441 A025
442 A214
443 A907
444 A944
445 A134
446 A903
447 A525
448 A370
449 A552
450 A215
451 A936
452 A401
453 A456
454 A367
455 A048
456 A803
457 A256
458 A630
459 A415
460 A810
461 A052
462 A613
463 A233
464 A804
465 A250
466 A833
467 A931
468 A805
469 A830
470 A711
471 A921
472 A216
473 A832
474 A732
475 A333
476 A514
477 A331
478 A815
479 A942
480 A829
481 A203
482 A356
483 A740
484 A852
485 A616
486 A874
487 A715
488 A031
489 A857
490 A771
491 A701
492 A345
493 A547
494 A561
495 A770
496 A011
497 A889
498 A911
499 A667
500 A428
501 A894
502 A601
503 A522
504 A230
505 A943
506 A350
507 A441
508 A569
509 A751
510 A754
511 A659
512 A037
513 A917
514 A306
515 A837
516 A761
517 A713
518 A904
519 A227
520 A328
521 A899
522 A902
523 A324
524 A728
525 A527
526 A312
527 A618
528 A882
529 A368
530 A511
531 A213
532 A808
533 A834
534 A704
535 A528
536 A625
537 A234
538 A229
539 A768
540 A886
541 A219
542 A568
543 A507
544 A437
545 A542
546 A124
547 A346
548 A809
549 A814
550 A880
551 A611
552 A444
553 A363
554 A734
555 A515
556 A633
557 A872
558 A510
559 A922
560 A634
561 A938
562 A612
563 A414
564 A858
565 A247
566 A255

--------------- THE END PLOT ----------------
