
--------------- INIT PLOT ----------------
/marconi/home/userexternal/mdasilva/github_projects/pypostdoc/ws-sa/plot_cluster_stations_sam_v2.py:268: UserWarning: Matplotlib is currently using agg, which is a non-GUI backend, so cannot show the figure.
  plt.show()
Reading weather station: 3 A657
Reading weather station: 4 A908
Reading weather station: 5 A756
Reading weather station: 6 A045
Reading weather station: 7 A549
Reading weather station: 8 A534
Reading weather station: 9 A617
Reading weather station: 10 A826
Reading weather station: 11 A615
Reading weather station: 12 A053
Reading weather station: 13 A508
Reading weather station: 16 A909
Reading weather station: 17 A024
Reading weather station: 22 A434
Reading weather station: 24 A628
Reading weather station: 30 A566
Reading weather station: 31 A013
Reading weather station: 32 A054
Reading weather station: 36 A867
Reading weather station: 37 A505
Reading weather station: 42 A606
Reading weather station: 46 A827
Reading weather station: 49 A565
Reading weather station: 50 A502
Reading weather station: 57 A402
Reading weather station: 58 A748
Reading weather station: 60 A759
Reading weather station: 61 A705
Reading weather station: 62 A764
Reading weather station: 65 A521
Reading weather station: 66 F501
Reading weather station: 67 A840
Reading weather station: 71 A845
Reading weather station: 72 A418
Reading weather station: 75 A744
Reading weather station: 76 A001
Reading weather station: 77 A927
Reading weather station: 78 A042
Reading weather station: 81 A433
Reading weather station: 84 A544
Reading weather station: 87 A859
Reading weather station: 88 A812
Reading weather station: 89 A769
Reading weather station: 90 A939
Reading weather station: 91 A023
Reading weather station: 94 A530
Reading weather station: 95 A838
Reading weather station: 97 A897
Reading weather station: 98 A604
Reading weather station: 102 A519
Reading weather station: 103 A884
Reading weather station: 104 A702
Reading weather station: 108 A706
Reading weather station: 109 A607
Reading weather station: 110 A620
Reading weather station: 114 A879
Reading weather station: 115 A811
Reading weather station: 118 A541
Reading weather station: 121 A554
Reading weather station: 122 A405
Reading weather station: 127 A738
Reading weather station: 128 A742
Reading weather station: 131 A819
Reading weather station: 132 A034
Reading weather station: 134 A548
Reading weather station: 138 A869
Reading weather station: 143 B806
Reading weather station: 144 A913
Reading weather station: 145 A520
Reading weather station: 147 A431
Reading weather station: 148 A557
Reading weather station: 150 A416
Reading weather station: 151 A724
Reading weather station: 153 A760
Reading weather station: 157 A036
Reading weather station: 159 A853
Reading weather station: 160 A406
Reading weather station: 162 A901
Reading weather station: 164 A807
Reading weather station: 165 A860
Reading weather station: 166 A538
Reading weather station: 169 A537
Reading weather station: 170 A038
Reading weather station: 171 A848
Reading weather station: 172 A564
Reading weather station: 173 A843
Reading weather station: 175 A881
Reading weather station: 176 A536
Reading weather station: 178 A762
Reading weather station: 179 A603
Reading weather station: 180 A631
Reading weather station: 181 A029
Reading weather station: 185 A828
Reading weather station: 190 A413
Reading weather station: 192 A535
Reading weather station: 194 A806
Reading weather station: 195 A524
Reading weather station: 197 A039
Reading weather station: 200 A708
Reading weather station: 201 A854
Reading weather station: 202 A046
Reading weather station: 205 A875
Reading weather station: 207 A022
Reading weather station: 208 A002
Reading weather station: 209 A014
Reading weather station: 211 A532
Reading weather station: 213 A426
Reading weather station: 214 A533
Reading weather station: 217 A546
Reading weather station: 218 A932
Reading weather station: 219 A019
Reading weather station: 222 A555
Reading weather station: 223 A883
Reading weather station: 225 A439
Reading weather station: 227 A712
Reading weather station: 229 A410
Reading weather station: 231 A823
Reading weather station: 232 A817
Reading weather station: 234 A445
Reading weather station: 235 A028
Reading weather station: 236 A424
Reading weather station: 238 A417
Reading weather station: 242 A868
Reading weather station: 243 A455
Reading weather station: 244 A550
Reading weather station: 245 A015
Reading weather station: 246 A446
Reading weather station: 247 A714
Reading weather station: 250 A851
Reading weather station: 252 A752
Reading weather station: 255 A407
Reading weather station: 256 A512
Reading weather station: 257 A035
Reading weather station: 258 A863
Reading weather station: 259 A753
Reading weather station: 260 A818
Reading weather station: 261 A709
Reading weather station: 263 A836
Reading weather station: 266 A733
Reading weather station: 267 A559
Reading weather station: 268 A871
Reading weather station: 269 A758
Reading weather station: 270 A016
Reading weather station: 272 A841
Reading weather station: 274 A553
Reading weather station: 275 A821
Reading weather station: 278 A920
Reading weather station: 279 A518
Reading weather station: 282 A865
Reading weather station: 284 A844
Reading weather station: 285 B804
Reading weather station: 286 A425
Reading weather station: 287 A614
Reading weather station: 288 A727
Reading weather station: 289 A404
Reading weather station: 290 A012
Reading weather station: 291 A866
Reading weather station: 292 A608
Reading weather station: 297 A567
Reading weather station: 299 A820
Reading weather station: 302 A556
Reading weather station: 304 A540
Reading weather station: 307 A438
Reading weather station: 309 A531
Reading weather station: 311 A632
Reading weather station: 312 A763
Reading weather station: 313 A835
Reading weather station: 318 A026
Reading weather station: 320 A539
Reading weather station: 321 A526
Reading weather station: 323 A032
Reading weather station: 324 A509
Reading weather station: 326 A506
Reading weather station: 328 A873
Reading weather station: 329 A003
Reading weather station: 331 A878
Reading weather station: 332 A517
Reading weather station: 337 A842
Reading weather station: 338 A624
Reading weather station: 339 A928
Reading weather station: 340 A563
Reading weather station: 342 A929
Reading weather station: 344 A816
Reading weather station: 349 A570
Reading weather station: 351 A716
Reading weather station: 352 A513
Reading weather station: 356 A856
Reading weather station: 361 A010
Reading weather station: 363 A850
Reading weather station: 365 A047
Reading weather station: 366 A619
Reading weather station: 367 A027
Reading weather station: 371 A529
Reading weather station: 372 A839
Reading weather station: 373 A516
Reading weather station: 375 A562
Reading weather station: 376 A523
Reading weather station: 379 A018
Reading weather station: 381 A430
Reading weather station: 382 A610
Reading weather station: 386 A545
Reading weather station: 387 A033
Reading weather station: 391 A855
Reading weather station: 394 A703
Reading weather station: 395 A937
Reading weather station: 397 A801
Reading weather station: 403 A427
Reading weather station: 406 A017
Reading weather station: 407 A747
Reading weather station: 410 A622
Reading weather station: 411 A707
Reading weather station: 412 A923
Reading weather station: 414 A831
Reading weather station: 419 A718
Reading weather station: 420 A870
Reading weather station: 425 A609
Reading weather station: 428 A743
Reading weather station: 429 A626
Reading weather station: 430 A652
Reading weather station: 431 A636
Reading weather station: 432 A621
Reading weather station: 433 A602
Reading weather station: 434 A861
Reading weather station: 435 A802
Reading weather station: 436 A862
Reading weather station: 437 A813
Reading weather station: 438 A551
Reading weather station: 441 A025
Reading weather station: 447 A525
Reading weather station: 449 A552
Reading weather station: 452 A401
Reading weather station: 456 A803
Reading weather station: 460 A810
Reading weather station: 461 A052
Reading weather station: 462 A613
Reading weather station: 464 A804
Reading weather station: 466 A833
Reading weather station: 468 A805
Reading weather station: 469 A830
Reading weather station: 470 A711
Reading weather station: 471 A921
Reading weather station: 473 A832
Reading weather station: 476 A514
Reading weather station: 478 A815
Reading weather station: 480 A829
Reading weather station: 484 A852
Reading weather station: 485 A616
Reading weather station: 486 A874
Reading weather station: 487 A715
Reading weather station: 491 A701
Reading weather station: 493 A547
Reading weather station: 494 A561
Reading weather station: 496 A011
Reading weather station: 497 A889
Reading weather station: 498 A911
Reading weather station: 499 A667
Reading weather station: 501 A894
Reading weather station: 502 A601
Reading weather station: 503 A522
Reading weather station: 507 A441
Reading weather station: 508 A569
Reading weather station: 510 A754
Reading weather station: 511 A659
Reading weather station: 512 A037
Reading weather station: 515 A837
Reading weather station: 517 A713
Reading weather station: 518 A904
Reading weather station: 521 A899
Reading weather station: 522 A902
Reading weather station: 524 A728
Reading weather station: 525 A527
Reading weather station: 527 A618
Reading weather station: 528 A882
Reading weather station: 530 A511
Reading weather station: 532 A808
Reading weather station: 533 A834
Reading weather station: 535 A528
Reading weather station: 536 A625
Reading weather station: 539 A768
Reading weather station: 540 A886
Reading weather station: 542 A568
Reading weather station: 543 A507
Reading weather station: 545 A542
Reading weather station: 548 A809
Reading weather station: 549 A814
Reading weather station: 550 A880
Reading weather station: 551 A611
Reading weather station: 552 A444
Reading weather station: 554 A734
Reading weather station: 555 A515
Reading weather station: 556 A633
Reading weather station: 557 A872
Reading weather station: 558 A510
Reading weather station: 560 A634
Reading weather station: 561 A938
Reading weather station: 562 A612
Reading weather station: 563 A414
Reading weather station: 564 A858
Reading weather station: 1 Aguapey
Reading weather station: 2 Alto_Arapey
Reading weather station: 3 Alto_Cuareim
Reading weather station: 4 Alvear
Reading weather station: 5 Arapey_Chico
Reading weather station: 6 Arapey_Grande
Reading weather station: 7 Arapey_Grande_Ruta_4
Reading weather station: 8 Arerunguá
Reading weather station: 9 Artigas
Reading weather station: 10 Baibene
Reading weather station: 11 Baltasar_Brum
Reading weather station: 12 Belén
Reading weather station: 13 Bernabé_Rivera
Reading weather station: 14 Bonpland
Reading weather station: 15 Catalán
Reading weather station: 16 Catalán_Grande_rio
Reading weather station: 17 Cazadores_Correntinos
Reading weather station: 18 Cerro_Amarillo
Reading weather station: 19 Cerro_Chato
Reading weather station: 20 Chajarí
Reading weather station: 21 Colonia_Lavalleja
Reading weather station: 22 Colonia_Libertad
Reading weather station: 23 Colonia_Palma
Reading weather station: 24 Cuareim_Río
Reading weather station: 25 Cuaró
Reading weather station: 26 Cuchilla_de_Salto
Reading weather station: 27 Curuzú_Cuatiá
Reading weather station: 28 Dayman_Ruta_3
Reading weather station: 29 Diego_Lamas
Reading weather station: 30 El_Soberbio
Reading weather station: 31 El_Trompo
Reading weather station: 32 Espinillar
Reading weather station: 33 Federación
Reading weather station: 34 Garruchos
Reading weather station: 35 Guaviyú_de_Arapey
Reading weather station: 36 Itapebí
Reading weather station: 37 Javier_de_Viana
Reading weather station: 38 Loma_Alta
Reading weather station: 39 Los_Conquistadores
Reading weather station: 40 Meneses
Reading weather station: 41 Miriñay_Medio
Reading weather station: 42 Miriñay_Río
Reading weather station: 43 Mocoretá_Lago
Reading weather station: 44 Mocoreta_Medio
Reading weather station: 45 Mocoretá_Río
Reading weather station: 46 Monte_Caseros
Reading weather station: 47 Paso_Campamento
Reading weather station: 48 Paso_de_la_Cruz
Reading weather station: 49 Paso_de_los_Libres
Reading weather station: 50 Paso_del_León
Reading weather station: 51 Paso_del_Remanso
Reading weather station: 52 Paso_Farías
Reading weather station: 53 Paso_Potrero
Reading weather station: 54 Pepirí_Miní
Reading weather station: 55 Puerto_Concordia
Reading weather station: 56 Pujol
Reading weather station: 57 Puntas_de_Valentín
Reading weather station: 58 Queguay_Ruta_3
Reading weather station: 59 Quintana
Reading weather station: 60 Salto
Reading weather station: 61 Salto_Grande
Reading weather station: 62 San_Jaime
Reading weather station: 63 San_Javier
Reading weather station: 64 San_Roquito
Reading weather station: 65 Santa_Ana
Reading weather station: 66 Santo_Tomé
Reading weather station: 67 Sarandí_de_Arapey
Reading weather station: 68 Sequeira
Reading weather station: 69 Solari
Reading weather station: 70 Tomás_Gomensoro
Reading weather station: 71 Uguay
Reading weather station: 72 Yapeyú
Reading weather station: 1 87007
Reading weather station: 2 87078
Reading weather station: 3 87047
Reading weather station: 4 87121
Reading weather station: 5 87222
Reading weather station: 6 87129
Reading weather station: 7 87211
Reading weather station: 8 10067
Reading weather station: 9 87217
Reading weather station: 10 87257
Reading weather station: 11 87305
Reading weather station: 12 87393
Reading weather station: 13 87344
Reading weather station: 14 87345
Reading weather station: 15 87349
Reading weather station: 16 87374
Reading weather station: 17 10114
Reading weather station: 18 87328
Reading weather station: 19 87418
Reading weather station: 20 87420
Reading weather station: 21 87480
Reading weather station: 22 87497
Reading weather station: 23 87453
Reading weather station: 24 87436
Reading weather station: 25 10145
Reading weather station: 26 87534
Reading weather station: 27 87585
Reading weather station: 28 87571
Reading weather station: 29 87576
Reading weather station: 30 87593
Reading weather station: 31 87270
Reading weather station: 32 87509
Reading weather station: 33 87022
Reading weather station: 34 87582
Reading weather station: 35 87448
Reading weather station: 36 87016
Reading weather station: 37 87289
Reading weather station: 38 87097
Reading weather station: 39 10358
Reading weather station: 40 87178
Reading weather station: 41 87467
Reading weather station: 42 87416
Reading weather station: 43 10423
Reading weather station: 44 10444
Reading weather station: 45 87371
Reading weather station: 46 87548
Reading weather station: 48 87166
Reading weather station: 49 87395
Reading weather station: 50 87162
Reading weather station: 51 87155
Reading weather station: 52 10492
Reading weather station: 53 87311
Reading weather station: 54 87046
Reading weather station: 55 10502
Reading weather station: 56 10550
Reading weather station: 57 10901
Reading weather station: 58 10903
Reading weather station: 59 10904
Reading weather station: 60 10906
Reading weather station: 61 10908
Reading weather station: 62 10909
Reading weather station: 63 10910
Reading weather station: 64 10912
Reading weather station: 65 86330
Reading weather station: 66 86580
Reading weather station: 67 86560
Reading weather station: 68 86530
Reading weather station: 70 86440
Reading weather station: 71 86490
Reading weather station: 73 86430
Reading weather station: 74 86585
Reading weather station: 75 86350
Reading weather station: 76 86565
Reading weather station: 77 86360
Reading weather station: 78 86500
Reading weather station: 79 11014
Reading weather station: 81 11016
Reading weather station: 82 11017
Reading weather station: 84 11019
Reading weather station: 85 11020
Reading weather station: 92 86192
Reading weather station: 93 86210
Reading weather station: 94 86218
Reading weather station: 99 86268
Reading weather station: 102 10038
455
455
455

--------------- THE END PLOT ----------------
