
/leonardo/home/userexternal/mdasilva/leonardo_work/SAM-3km/postproc/evaluate/rcm

--------------- INIT POSPROCESSING MODEL ----------------

Select variable

Concatenate date

Convert unit

Regrid output
cdo    remapbil: Bilinear weights from curvilinear (1228x780) to lonlat (1440x816) grid
cdo    remapbil: Bilinear weights from curvilinear (1228x780) to lonlat (1440x816) grid

Seasonal avg

Select variable

Concatenate date

Convert unit

Regrid output
cdo    remapbil: Bilinear weights from curvilinear (1228x780) to lonlat (1440x816) grid

Seasonal avg

Select variable

Concatenate date

Convert unit

Regrid output
cdo    remapbil: Bilinear weights from curvilinear (1228x780) to lonlat (1440x816) grid

Seasonal avg

Select variable

Concatenate date

Convert unit

Regrid output
cdo    remapbil: Bilinear weights from curvilinear (1228x780) to lonlat (1440x816) grid

Seasonal avg

Select variable

Concatenate date

Convert unit

Regrid output
cdo    remapbil: Bilinear weights from curvilinear (1228x780) to lonlat (1440x816) grid

Seasonal avg

Select variable

Concatenate date

Convert unit

Regrid output
cdo    remapbil: Bilinear weights from curvilinear (1228x780) to lonlat (1440x816) grid

Seasonal avg

Select variable

Concatenate date

Convert unit

Regrid output
cdo    remapbil: Bilinear weights from curvilinear (1228x780) to lonlat (1440x816) grid

Seasonal avg

Select variable

Concatenate date

Convert unit

Regrid output
cdo    remapbil: Bilinear weights from curvilinear (1228x780) to lonlat (1440x816) grid, with source mask (637837)

Seasonal avg

Select variable

Concatenate date

Convert unit

Regrid output
cdo    remapbil: Bilinear weights from curvilinear (1228x780) to lonlat (1440x816) grid

Seasonal avg

Delete files

--------------- THE END POSPROCESSING MODEL ----------------

/leonardo/home/userexternal/mdasilva/leonardo_work/SAM-3km/postproc/evaluate/rcm

--------------- INIT POSPROCESSING MODEL ----------------

Select variable: pr

Concatenate date: 2018-2021

Convert unit

Hourly mean

Diurnal cycle

Regrid output
cdo    remapbil: Bilinear weights from curvilinear (1228x780) to lonlat (1440x816) grid

Delete files

--------------- THE END POSPROCESSING MODEL ----------------

/leonardo/home/userexternal/mdasilva/leonardo_work/SAM-3km/postproc/evaluate/rcm

--------------- INIT POSPROCESSING MODEL ----------------

Select variable: pr

Concatenate date: 2018-2021

Convert unit

Calculate p99

Regrid variable
cdo    remapbil: Bilinear weights from curvilinear (1228x780) to lonlat (1440x816) grid

Delete files

--------------- THE END POSPROCESSING MODEL ----------------

/leonardo/home/userexternal/mdasilva/leonardo_work/SAM-3km/postproc/evaluate/rcm

--------------- INIT POSPROCESSING MODEL ----------------

Select variable: pr

Concatenate date: 2018-2021

Convert unit

Frequency and intensity by season
cdo    remapbil: Bilinear weights from curvilinear (1228x780) to lonlat (1440x816) grid
cdo    remapbil: Bilinear weights from curvilinear (1228x780) to lonlat (1440x816) grid
cdo    remapbil: Bilinear weights from curvilinear (1228x780) to lonlat (1440x816) grid
cdo    remapbil: Bilinear weights from curvilinear (1228x780) to lonlat (1440x816) grid
cdo    remapbil: Bilinear weights from curvilinear (1228x780) to lonlat (1440x816) grid
cdo    remapbil: Bilinear weights from curvilinear (1228x780) to lonlat (1440x816) grid
cdo    remapbil: Bilinear weights from curvilinear (1228x780) to lonlat (1440x816) grid
cdo    remapbil: Bilinear weights from curvilinear (1228x780) to lonlat (1440x816) grid

Delete files

--------------- THE END POSPROCESSING MODEL ----------------

/leonardo/home/userexternal/mdasilva/leonardo_work/SAM-3km/postproc/evaluate/rcm

--------------- INIT POSPROCESSING MODEL ----------------

Select variable: pr

Concatenate date: 2018-2021

Convert unit

Calculate p99
