Loading netcdf-fortran/4.6.1--openmpi--4.1.6--gcc--12.2.0
  Loading requirement: bzip2/1.0.8--gcc--12.2.0-cc63fjd
    lz4/1.9.4--gcc--12.2.0-airzjr3 snappy/1.1.10--gcc--12.2.0-oikfvst
    zlib/1.3--gcc--12.2.0 c-blosc/1.21.5--gcc--12.2.0-s3edzii
    openmpi/4.1.6--gcc--12.2.0 pkgconf/1.9.5--gcc--12.2.0-vplyjax
    hdf5/1.14.3--openmpi--4.1.6--gcc--12.2.0 libszip/2.1.1--gcc--12.2.0
    parallel-netcdf/1.12.3--openmpi--4.1.6--gcc--12.2.0
    zstd/1.5.5--gcc--12.2.0-h6hxgmk netcdf-c/4.9.2--openmpi--4.1.6--gcc--12.2.0
Loading nco/5.1.6--openmpi--4.1.6--gcc--12.2.0
  Loading requirement: antlr/2.7.7--gcc--12.2.0-n3c4psd
    openblas/0.3.24--gcc--12.2.0 gsl/2.7.1--gcc--12.2.0
    libmd/1.0.4--gcc--12.2.0-6jsw2r6 libbsd/0.11.7--gcc--12.2.0-liwo4uq
    expat/2.5.0--gcc--12.2.0-ldskudz udunits/2.2.28--gcc--12.2.0-ch4buqm
Loading proj/9.2.1--gcc--12.2.0
  Loading requirement: nghttp2/1.57.0--gcc--12.2.0-say77oq
    curl/8.4.0--gcc--12.2.0-xbgbkre libjpeg-turbo/3.0.0--gcc--12.2.0-gcnuagr
    libtiff/4.5.1--gcc--12.2.0-qn5wp7z ncurses/6.4--gcc--12.2.0-faagir2
    readline/8.2--gcc--12.2.0-ex2p6kn sqlite/3.43.2--gcc--12.2.0-gu5hlbk
Loading gdal/3.7.3--gcc--12.2.0
  Loading requirement: geos/3.12.0--gcc--12.2.0-cym2j2d
    json-c/0.16--gcc--12.2.0-yqcxolh libgeotiff/1.7.1--gcc--12.2.0-ahytam3
    libpng/1.6.39--gcc--12.2.0-a3gvp7l gdbm/1.23--gcc--12.2.0-lghxvdl
    libiconv/1.17--gcc--12.2.0-s6uxr4v xz/5.4.1--gcc--12.2.0-up42vbf
    libxml2/2.10.3--gcc--12.2.0-7hnyzym pigz/2.7--gcc--12.2.0-7httwmy
    tar/1.34--gcc--12.2.0-fuernar gettext/0.22.3--gcc--12.2.0-rtv3jgn
    libffi/3.4.4--gcc--12.2.0-6onkavz libxcrypt/4.4.35--gcc--12.2.0-zmvrvrk
    util-linux-uuid/2.38.1--gcc--12.2.0-jk5pswi
    python/3.11.6--gcc--12.2.0-nlkgjki py-numpy/1.26.1--gcc--12.2.0-cfmhtxx
Loading llvm/14.0.6--gcc--12.2.0-cuda-12.1
  Loading requirement: elfutils/0.189--gcc--12.2.0-c6t4jby
    libedit/3.1-20210216--gcc--12.2.0-7j2hyri unzip/6.0--gcc--12.2.0-ldcysym
    lua/5.3.6--gcc--12.2.0-cpnat5y pcre/8.45--gcc--12.2.0-5wc6enm
    swig/4.0.2-fortran--gcc--12.2.0-fdxidpy

/leonardo/home/userexternal/mdasilva/leonardo_work/SAM-3km/postproc/evaluate/rcm

--------------- INIT POSPROCESSING MODEL ----------------

Select variable: cape

Concatenate date: 2018-2021

Convert unit

Regrid output
cdo    remapbil: Bilinear weights from curvilinear (1228x780) to lonlat (1440x816) grid

Seasonal avg

Select variable: cin

Concatenate date: 2018-2021

Convert unit

Regrid output
cdo    remapbil: Bilinear weights from curvilinear (1228x780) to lonlat (1440x816) grid

Seasonal avg

Select variable: sfcWindmax

Concatenate date: 2018-2021

Convert unit

Regrid output
cdo    remapbil: Bilinear weights from curvilinear (1228x780) to lonlat (1440x816) grid

Seasonal avg

Delete files

--------------- THE END POSPROCESSING MODEL ----------------
