
/leonardo/home/userexternal/mdasilva/leonardo_work/SAM-3km/postproc/drought/rcm

--------------- INIT POSPROCESSING MODEL ----------------

Select variable
cdo    remapbil: Bilinear weights from curvilinear (1228x780) to lonlat (197x112) grid
cdo    remapbil: Bilinear weights from curvilinear (1228x780) to lonlat (197x112) grid
cdo    remapbil: Bilinear weights from curvilinear (1228x780) to lonlat (197x112) grid
cdo    remapbil: Bilinear weights from curvilinear (1228x780) to lonlat (197x112) grid
cdo    remapbil: Bilinear weights from curvilinear (1228x780) to lonlat (197x112) grid
cdo    remapbil: Bilinear weights from curvilinear (1228x780) to lonlat (197x112) grid
cdo    remapbil: Bilinear weights from curvilinear (1228x780) to lonlat (197x112) grid
cdo    remapbil: Bilinear weights from curvilinear (1228x780) to lonlat (197x112) grid
cdo    remapbil: Bilinear weights from curvilinear (1228x780) to lonlat (197x112) grid
cdo    remapbil: Bilinear weights from curvilinear (1228x780) to lonlat (197x112) grid
cdo    remapbil: Bilinear weights from curvilinear (1228x780) to lonlat (197x112) grid
cdo    remapbil: Bilinear weights from curvilinear (1228x780) to lonlat (197x112) grid
cdo    remapbil: Bilinear weights from curvilinear (1228x780) to lonlat (197x112) grid
cdo    remapbil: Bilinear weights from curvilinear (1228x780) to lonlat (197x112) grid
cdo    remapbil: Bilinear weights from curvilinear (1228x780) to lonlat (197x112) grid
cdo    remapbil: Bilinear weights from curvilinear (1228x780) to lonlat (197x112) grid
cdo    remapbil: Bilinear weights from curvilinear (1228x780) to lonlat (197x112) grid
cdo    remapbil: Bilinear weights from curvilinear (1228x780) to lonlat (197x112) grid
cdo    remapbil: Bilinear weights from curvilinear (1228x780) to lonlat (197x112) grid
cdo    remapbil: Bilinear weights from curvilinear (1228x780) to lonlat (197x112) grid
cdo    remapbil: Bilinear weights from curvilinear (1228x780) to lonlat (197x112) grid
cdo    remapbil: Bilinear weights from curvilinear (1228x780) to lonlat (197x112) grid
cdo    remapbil: Bilinear weights from curvilinear (1228x780) to lonlat (197x112) grid
cdo    remapbil: Bilinear weights from curvilinear (1228x780) to lonlat (197x112) grid
cdo    remapbil: Bilinear weights from curvilinear (1228x780) to lonlat (197x112) grid
cdo    remapbil: Bilinear weights from curvilinear (1228x780) to lonlat (197x112) grid
cdo    remapbil: Bilinear weights from curvilinear (1228x780) to lonlat (197x112) grid
cdo    remapbil: Bilinear weights from curvilinear (1228x780) to lonlat (197x112) grid
cdo    remapbil: Bilinear weights from curvilinear (1228x780) to lonlat (197x112) grid
cdo    remapbil: Bilinear weights from curvilinear (1228x780) to lonlat (197x112) grid
cdo    remapbil: Bilinear weights from curvilinear (1228x780) to lonlat (197x112) grid
cdo    remapbil: Bilinear weights from curvilinear (1228x780) to lonlat (197x112) grid
cdo    remapbil: Bilinear weights from curvilinear (1228x780) to lonlat (197x112) grid
cdo    remapbil: Bilinear weights from curvilinear (1228x780) to lonlat (197x112) grid
cdo    remapbil: Bilinear weights from curvilinear (1228x780) to lonlat (197x112) grid
cdo    remapbil: Bilinear weights from curvilinear (1228x780) to lonlat (197x112) grid
cdo    remapbil: Bilinear weights from curvilinear (1228x780) to lonlat (197x112) grid
cdo    remapbil: Bilinear weights from curvilinear (1228x780) to lonlat (197x112) grid
cdo    remapbil: Bilinear weights from curvilinear (1228x780) to lonlat (197x112) grid
cdo    remapbil: Bilinear weights from curvilinear (1228x780) to lonlat (197x112) grid
cdo    remapbil: Bilinear weights from curvilinear (1228x780) to lonlat (197x112) grid
cdo    remapbil: Bilinear weights from curvilinear (1228x780) to lonlat (197x112) grid
cdo    remapbil: Bilinear weights from curvilinear (1228x780) to lonlat (197x112) grid
cdo    remapbil: Bilinear weights from curvilinear (1228x780) to lonlat (197x112) grid
cdo    remapbil: Bilinear weights from curvilinear (1228x780) to lonlat (197x112) grid
cdo    remapbil: Bilinear weights from curvilinear (1228x780) to lonlat (197x112) grid
cdo    remapbil: Bilinear weights from curvilinear (1228x780) to lonlat (197x112) grid
cdo    remapbil: Bilinear weights from curvilinear (1228x780) to lonlat (197x112) grid

Concatenate date

Convert unit

Delete files

Select variable
cdo    remapbil: Bilinear weights from curvilinear (1228x780) to lonlat (197x112) grid
cdo    remapbil: Bilinear weights from curvilinear (1228x780) to lonlat (197x112) grid
cdo    remapbil: Bilinear weights from curvilinear (1228x780) to lonlat (197x112) grid
cdo    remapbil: Bilinear weights from curvilinear (1228x780) to lonlat (197x112) grid
cdo    remapbil: Bilinear weights from curvilinear (1228x780) to lonlat (197x112) grid
cdo    remapbil: Bilinear weights from curvilinear (1228x780) to lonlat (197x112) grid
cdo    remapbil: Bilinear weights from curvilinear (1228x780) to lonlat (197x112) grid
cdo    remapbil: Bilinear weights from curvilinear (1228x780) to lonlat (197x112) grid
cdo    remapbil: Bilinear weights from curvilinear (1228x780) to lonlat (197x112) grid
cdo    remapbil: Bilinear weights from curvilinear (1228x780) to lonlat (197x112) grid
cdo    remapbil: Bilinear weights from curvilinear (1228x780) to lonlat (197x112) grid
cdo    remapbil: Bilinear weights from curvilinear (1228x780) to lonlat (197x112) grid
cdo    remapbil: Bilinear weights from curvilinear (1228x780) to lonlat (197x112) grid
cdo    remapbil: Bilinear weights from curvilinear (1228x780) to lonlat (197x112) grid
cdo    remapbil: Bilinear weights from curvilinear (1228x780) to lonlat (197x112) grid
cdo    remapbil: Bilinear weights from curvilinear (1228x780) to lonlat (197x112) grid
cdo    remapbil: Bilinear weights from curvilinear (1228x780) to lonlat (197x112) grid
cdo    remapbil: Bilinear weights from curvilinear (1228x780) to lonlat (197x112) grid
cdo    remapbil: Bilinear weights from curvilinear (1228x780) to lonlat (197x112) grid
cdo    remapbil: Bilinear weights from curvilinear (1228x780) to lonlat (197x112) grid
cdo    remapbil: Bilinear weights from curvilinear (1228x780) to lonlat (197x112) grid
cdo    remapbil: Bilinear weights from curvilinear (1228x780) to lonlat (197x112) grid
cdo    remapbil: Bilinear weights from curvilinear (1228x780) to lonlat (197x112) grid
cdo    remapbil: Bilinear weights from curvilinear (1228x780) to lonlat (197x112) grid
cdo    remapbil: Bilinear weights from curvilinear (1228x780) to lonlat (197x112) grid
cdo    remapbil: Bilinear weights from curvilinear (1228x780) to lonlat (197x112) grid
cdo    remapbil: Bilinear weights from curvilinear (1228x780) to lonlat (197x112) grid
cdo    remapbil: Bilinear weights from curvilinear (1228x780) to lonlat (197x112) grid
cdo    remapbil: Bilinear weights from curvilinear (1228x780) to lonlat (197x112) grid
cdo    remapbil: Bilinear weights from curvilinear (1228x780) to lonlat (197x112) grid
cdo    remapbil: Bilinear weights from curvilinear (1228x780) to lonlat (197x112) grid
cdo    remapbil: Bilinear weights from curvilinear (1228x780) to lonlat (197x112) grid
cdo    remapbil: Bilinear weights from curvilinear (1228x780) to lonlat (197x112) grid
cdo    remapbil: Bilinear weights from curvilinear (1228x780) to lonlat (197x112) grid
cdo    remapbil: Bilinear weights from curvilinear (1228x780) to lonlat (197x112) grid
cdo    remapbil: Bilinear weights from curvilinear (1228x780) to lonlat (197x112) grid
cdo    remapbil: Bilinear weights from curvilinear (1228x780) to lonlat (197x112) grid
cdo    remapbil: Bilinear weights from curvilinear (1228x780) to lonlat (197x112) grid
cdo    remapbil: Bilinear weights from curvilinear (1228x780) to lonlat (197x112) grid
cdo    remapbil: Bilinear weights from curvilinear (1228x780) to lonlat (197x112) grid
cdo    remapbil: Bilinear weights from curvilinear (1228x780) to lonlat (197x112) grid
cdo    remapbil: Bilinear weights from curvilinear (1228x780) to lonlat (197x112) grid
cdo    remapbil: Bilinear weights from curvilinear (1228x780) to lonlat (197x112) grid
cdo    remapbil: Bilinear weights from curvilinear (1228x780) to lonlat (197x112) grid
cdo    remapbil: Bilinear weights from curvilinear (1228x780) to lonlat (197x112) grid
cdo    remapbil: Bilinear weights from curvilinear (1228x780) to lonlat (197x112) grid
cdo    remapbil: Bilinear weights from curvilinear (1228x780) to lonlat (197x112) grid
cdo    remapbil: Bilinear weights from curvilinear (1228x780) to lonlat (197x112) grid

Concatenate date
