/leonardo/home/userexternal/mdasilva/leonardo_work/EUR-11/WSM5-Europe/pressure/EUR-11_ATM.2000010100_pressure.nc
Wind already rotated ^_^
/leonardo/home/userexternal/mdasilva/leonardo_work/EUR-11/WSM5-Europe/pressure/EUR-11_ATM.2000020100_pressure.nc
Wind already rotated ^_^
/leonardo/home/userexternal/mdasilva/leonardo_work/EUR-11/WSM5-Europe/pressure/EUR-11_ATM.2000030100_pressure.nc
Wind already rotated ^_^
/leonardo/home/userexternal/mdasilva/leonardo_work/EUR-11/WSM5-Europe/pressure/EUR-11_ATM.2000040100_pressure.nc
Wind already rotated ^_^
/leonardo/home/userexternal/mdasilva/leonardo_work/EUR-11/WSM5-Europe/pressure/EUR-11_ATM.2000050100_pressure.nc
Wind already rotated ^_^
/leonardo/home/userexternal/mdasilva/leonardo_work/EUR-11/WSM5-Europe/pressure/EUR-11_ATM.2000060100_pressure.nc
Wind already rotated ^_^
/leonardo/home/userexternal/mdasilva/leonardo_work/EUR-11/WSM5-Europe/pressure/EUR-11_ATM.2000070100_pressure.nc
Wind already rotated ^_^
/leonardo/home/userexternal/mdasilva/leonardo_work/EUR-11/WSM5-Europe/pressure/EUR-11_ATM.2000080100_pressure.nc
Wind already rotated ^_^
/leonardo/home/userexternal/mdasilva/leonardo_work/EUR-11/WSM5-Europe/pressure/EUR-11_ATM.2000090100_pressure.nc
Wind already rotated ^_^
/leonardo/home/userexternal/mdasilva/leonardo_work/EUR-11/WSM5-Europe/pressure/EUR-11_ATM.2000100100_pressure.nc
Wind already rotated ^_^
/leonardo/home/userexternal/mdasilva/leonardo_work/EUR-11/WSM5-Europe/pressure/EUR-11_ATM.2000110100_pressure.nc
Wind already rotated ^_^
/leonardo/home/userexternal/mdasilva/leonardo_work/EUR-11/WSM5-Europe/pressure/EUR-11_ATM.2000120100_pressure.nc
Wind already rotated ^_^
/leonardo/home/userexternal/mdasilva/leonardo_work/EUR-11/WSM5-Europe/pressure/EUR-11_ATM.2001010100_pressure.nc
Wind already rotated ^_^
/leonardo/home/userexternal/mdasilva/leonardo_work/EUR-11/WSM5-Europe/pressure/EUR-11_ATM.2001020100_pressure.nc
Wind already rotated ^_^
/leonardo/home/userexternal/mdasilva/leonardo_work/EUR-11/WSM5-Europe/pressure/EUR-11_ATM.2001030100_pressure.nc
Wind already rotated ^_^
/leonardo/home/userexternal/mdasilva/leonardo_work/EUR-11/WSM5-Europe/pressure/EUR-11_ATM.2001040100_pressure.nc
Wind already rotated ^_^
/leonardo/home/userexternal/mdasilva/leonardo_work/EUR-11/WSM5-Europe/pressure/EUR-11_ATM.2001050100_pressure.nc
Wind already rotated ^_^
/leonardo/home/userexternal/mdasilva/leonardo_work/EUR-11/WSM5-Europe/pressure/EUR-11_ATM.2001060100_pressure.nc
Wind already rotated ^_^
/leonardo/home/userexternal/mdasilva/leonardo_work/EUR-11/WSM5-Europe/pressure/EUR-11_ATM.2001070100_pressure.nc
Wind already rotated ^_^
/leonardo/home/userexternal/mdasilva/leonardo_work/EUR-11/WSM5-Europe/pressure/EUR-11_ATM.2001080100_pressure.nc
Wind already rotated ^_^
/leonardo/home/userexternal/mdasilva/leonardo_work/EUR-11/WSM5-Europe/pressure/EUR-11_ATM.2001090100_pressure.nc
Wind already rotated ^_^
/leonardo/home/userexternal/mdasilva/leonardo_work/EUR-11/WSM5-Europe/pressure/EUR-11_ATM.2001100100_pressure.nc
Wind already rotated ^_^
/leonardo/home/userexternal/mdasilva/leonardo_work/EUR-11/WSM5-Europe/pressure/EUR-11_ATM.2001110100_pressure.nc
Wind already rotated ^_^
/leonardo/home/userexternal/mdasilva/leonardo_work/EUR-11/WSM5-Europe/pressure/EUR-11_ATM.2001120100_pressure.nc
Wind already rotated ^_^
#### quv-processing WSM5-Europe 2000-2001 hus ####
#### ... DJF ... ####
cdo    remapdis: Distance-weighted averaged weights from lonlat (1440x721) to lonlat (418x204) grid
cdo    remapdis: Distance-weighted averaged weights from curvilinear (424x412) to lonlat (418x204) grid
#### ... MAM ... ####
cdo    remapdis: Distance-weighted averaged weights from lonlat (1440x721) to lonlat (418x204) grid
cdo    remapdis: Distance-weighted averaged weights from curvilinear (424x412) to lonlat (418x204) grid
#### ... JJA ... ####
cdo    remapdis: Distance-weighted averaged weights from lonlat (1440x721) to lonlat (418x204) grid
cdo    remapdis: Distance-weighted averaged weights from curvilinear (424x412) to lonlat (418x204) grid
#### ... SON ... ####
cdo    remapdis: Distance-weighted averaged weights from lonlat (1440x721) to lonlat (418x204) grid
cdo    remapdis: Distance-weighted averaged weights from curvilinear (424x412) to lonlat (418x204) grid
#### quv-processing WSM5-Europe 2000-2001 ua ####
#### ... DJF ... ####
cdo    remapdis: Distance-weighted averaged weights from lonlat (1440x721) to lonlat (418x204) grid
cdo    remapdis: Distance-weighted averaged weights from curvilinear (424x412) to lonlat (418x204) grid
#### ... MAM ... ####
cdo    remapdis: Distance-weighted averaged weights from lonlat (1440x721) to lonlat (418x204) grid
cdo    remapdis: Distance-weighted averaged weights from curvilinear (424x412) to lonlat (418x204) grid
#### ... JJA ... ####
cdo    remapdis: Distance-weighted averaged weights from lonlat (1440x721) to lonlat (418x204) grid
cdo    remapdis: Distance-weighted averaged weights from curvilinear (424x412) to lonlat (418x204) grid
#### ... SON ... ####
cdo    remapdis: Distance-weighted averaged weights from lonlat (1440x721) to lonlat (418x204) grid
cdo    remapdis: Distance-weighted averaged weights from curvilinear (424x412) to lonlat (418x204) grid
#### quv-processing WSM5-Europe 2000-2001 va ####
#### ... DJF ... ####
cdo    remapdis: Distance-weighted averaged weights from lonlat (1440x721) to lonlat (418x204) grid
cdo    remapdis: Distance-weighted averaged weights from curvilinear (424x412) to lonlat (418x204) grid
#### ... MAM ... ####
cdo    remapdis: Distance-weighted averaged weights from lonlat (1440x721) to lonlat (418x204) grid
cdo    remapdis: Distance-weighted averaged weights from curvilinear (424x412) to lonlat (418x204) grid
#### ... JJA ... ####
cdo    remapdis: Distance-weighted averaged weights from lonlat (1440x721) to lonlat (418x204) grid
cdo    remapdis: Distance-weighted averaged weights from curvilinear (424x412) to lonlat (418x204) grid
#### ... SON ... ####
cdo    remapdis: Distance-weighted averaged weights from lonlat (1440x721) to lonlat (418x204) grid
cdo    remapdis: Distance-weighted averaged weights from curvilinear (424x412) to lonlat (418x204) grid
#### process complete! ####
