#### vert-processing NoTo-Europe 2000-2001 clw ####
/leonardo/home/userexternal/mdasilva/leonardo_work/EUR-11/NoTo-Europe/pressure/EUR-11_ATM.2000010100_pressure.nc ..
/leonardo/home/userexternal/mdasilva/leonardo_work/EUR-11/NoTo-Europe/pressure/EUR-11_ATM.2000020100_pressure.nc ..
/leonardo/home/userexternal/mdasilva/leonardo_work/EUR-11/NoTo-Europe/pressure/EUR-11_ATM.2000030100_pressure.nc ..
/leonardo/home/userexternal/mdasilva/leonardo_work/EUR-11/NoTo-Europe/pressure/EUR-11_ATM.2000040100_pressure.nc ..
/leonardo/home/userexternal/mdasilva/leonardo_work/EUR-11/NoTo-Europe/pressure/EUR-11_ATM.2000050100_pressure.nc ..
/leonardo/home/userexternal/mdasilva/leonardo_work/EUR-11/NoTo-Europe/pressure/EUR-11_ATM.2000060100_pressure.nc ..
/leonardo/home/userexternal/mdasilva/leonardo_work/EUR-11/NoTo-Europe/pressure/EUR-11_ATM.2000070100_pressure.nc ..
/leonardo/home/userexternal/mdasilva/leonardo_work/EUR-11/NoTo-Europe/pressure/EUR-11_ATM.2000080100_pressure.nc ..
/leonardo/home/userexternal/mdasilva/leonardo_work/EUR-11/NoTo-Europe/pressure/EUR-11_ATM.2000090100_pressure.nc ..
/leonardo/home/userexternal/mdasilva/leonardo_work/EUR-11/NoTo-Europe/pressure/EUR-11_ATM.2000100100_pressure.nc ..
/leonardo/home/userexternal/mdasilva/leonardo_work/EUR-11/NoTo-Europe/pressure/EUR-11_ATM.2000110100_pressure.nc ..
/leonardo/home/userexternal/mdasilva/leonardo_work/EUR-11/NoTo-Europe/pressure/EUR-11_ATM.2000120100_pressure.nc ..
/leonardo/home/userexternal/mdasilva/leonardo_work/EUR-11/NoTo-Europe/pressure/EUR-11_ATM.2001010100_pressure.nc ..
/leonardo/home/userexternal/mdasilva/leonardo_work/EUR-11/NoTo-Europe/pressure/EUR-11_ATM.2001020100_pressure.nc ..
/leonardo/home/userexternal/mdasilva/leonardo_work/EUR-11/NoTo-Europe/pressure/EUR-11_ATM.2001030100_pressure.nc ..
/leonardo/home/userexternal/mdasilva/leonardo_work/EUR-11/NoTo-Europe/pressure/EUR-11_ATM.2001040100_pressure.nc ..
/leonardo/home/userexternal/mdasilva/leonardo_work/EUR-11/NoTo-Europe/pressure/EUR-11_ATM.2001050100_pressure.nc ..
/leonardo/home/userexternal/mdasilva/leonardo_work/EUR-11/NoTo-Europe/pressure/EUR-11_ATM.2001060100_pressure.nc ..
/leonardo/home/userexternal/mdasilva/leonardo_work/EUR-11/NoTo-Europe/pressure/EUR-11_ATM.2001070100_pressure.nc ..
/leonardo/home/userexternal/mdasilva/leonardo_work/EUR-11/NoTo-Europe/pressure/EUR-11_ATM.2001080100_pressure.nc ..
/leonardo/home/userexternal/mdasilva/leonardo_work/EUR-11/NoTo-Europe/pressure/EUR-11_ATM.2001090100_pressure.nc ..
/leonardo/home/userexternal/mdasilva/leonardo_work/EUR-11/NoTo-Europe/pressure/EUR-11_ATM.2001100100_pressure.nc ..
/leonardo/home/userexternal/mdasilva/leonardo_work/EUR-11/NoTo-Europe/pressure/EUR-11_ATM.2001110100_pressure.nc ..
/leonardo/home/userexternal/mdasilva/leonardo_work/EUR-11/NoTo-Europe/pressure/EUR-11_ATM.2001120100_pressure.nc ..
#### ... DJF ... ####
#### ### ... MED ... ### ####
cdo    remapnn: Nearest neighbor weights from lonlat (360x180) to lonlat (1440x721) grid
cdo    remapnn: Nearest neighbor weights from lonlat (1440x721) to curvilinear (424x412) grid, with source mask (1032480)
cdo    remapnn: Nearest neighbor weights from curvilinear (424x412) to lonlat (1440x721) grid
cdo    remapnn: Nearest neighbor weights from lonlat (1440x721) to curvilinear (424x412) grid, with source mask (51677)
cdo    ifthen: Filling up stream1 >/leonardo/home/userexternal/mdasilva/leonardo_work/EUR-11/NoTo-Europe/vert/MED-ERA5_mask.nc< by copying the first record.
cdo    ifthen: Filling up stream1 >/leonardo/home/userexternal/mdasilva/leonardo_work/EUR-11/NoTo-Europe/vert/MED-RegCM5_mask.nc< by copying the first record.
#### ### ... NEU ... ### ####
cdo    remapnn: Nearest neighbor weights from lonlat (360x180) to lonlat (1440x721) grid
cdo    remapnn: Nearest neighbor weights from lonlat (1440x721) to curvilinear (424x412) grid, with source mask (1032480)
cdo    remapnn: Nearest neighbor weights from curvilinear (424x412) to lonlat (1440x721) grid
cdo    remapnn: Nearest neighbor weights from lonlat (1440x721) to curvilinear (424x412) grid, with source mask (51677)
cdo    ifthen: Filling up stream1 >/leonardo/home/userexternal/mdasilva/leonardo_work/EUR-11/NoTo-Europe/vert/NEU-ERA5_mask.nc< by copying the first record.
cdo    ifthen: Filling up stream1 >/leonardo/home/userexternal/mdasilva/leonardo_work/EUR-11/NoTo-Europe/vert/NEU-RegCM5_mask.nc< by copying the first record.
#### ### ... WCE ... ### ####
cdo    remapnn: Nearest neighbor weights from lonlat (360x180) to lonlat (1440x721) grid
cdo    remapnn: Nearest neighbor weights from lonlat (1440x721) to curvilinear (424x412) grid, with source mask (1032480)
cdo    remapnn: Nearest neighbor weights from curvilinear (424x412) to lonlat (1440x721) grid
cdo    remapnn: Nearest neighbor weights from lonlat (1440x721) to curvilinear (424x412) grid, with source mask (51677)
cdo    ifthen: Filling up stream1 >/leonardo/home/userexternal/mdasilva/leonardo_work/EUR-11/NoTo-Europe/vert/WCE-ERA5_mask.nc< by copying the first record.
cdo    ifthen: Filling up stream1 >/leonardo/home/userexternal/mdasilva/leonardo_work/EUR-11/NoTo-Europe/vert/WCE-RegCM5_mask.nc< by copying the first record.
#### ... MAM ... ####
#### ### ... MED ... ### ####
cdo    remapnn: Nearest neighbor weights from lonlat (360x180) to lonlat (1440x721) grid
cdo    remapnn: Nearest neighbor weights from lonlat (1440x721) to curvilinear (424x412) grid, with source mask (1032480)
cdo    remapnn: Nearest neighbor weights from curvilinear (424x412) to lonlat (1440x721) grid
cdo    remapnn: Nearest neighbor weights from lonlat (1440x721) to curvilinear (424x412) grid, with source mask (51677)
cdo    ifthen: Filling up stream1 >/leonardo/home/userexternal/mdasilva/leonardo_work/EUR-11/NoTo-Europe/vert/MED-ERA5_mask.nc< by copying the first record.
cdo    ifthen: Filling up stream1 >/leonardo/home/userexternal/mdasilva/leonardo_work/EUR-11/NoTo-Europe/vert/MED-RegCM5_mask.nc< by copying the first record.
#### ### ... NEU ... ### ####
cdo    remapnn: Nearest neighbor weights from lonlat (360x180) to lonlat (1440x721) grid
cdo    remapnn: Nearest neighbor weights from lonlat (1440x721) to curvilinear (424x412) grid, with source mask (1032480)
cdo    remapnn: Nearest neighbor weights from curvilinear (424x412) to lonlat (1440x721) grid
cdo    remapnn: Nearest neighbor weights from lonlat (1440x721) to curvilinear (424x412) grid, with source mask (51677)
cdo    ifthen: Filling up stream1 >/leonardo/home/userexternal/mdasilva/leonardo_work/EUR-11/NoTo-Europe/vert/NEU-ERA5_mask.nc< by copying the first record.
cdo    ifthen: Filling up stream1 >/leonardo/home/userexternal/mdasilva/leonardo_work/EUR-11/NoTo-Europe/vert/NEU-RegCM5_mask.nc< by copying the first record.
#### ### ... WCE ... ### ####
cdo    remapnn: Nearest neighbor weights from lonlat (360x180) to lonlat (1440x721) grid
cdo    remapnn: Nearest neighbor weights from lonlat (1440x721) to curvilinear (424x412) grid, with source mask (1032480)
cdo    remapnn: Nearest neighbor weights from curvilinear (424x412) to lonlat (1440x721) grid
cdo    remapnn: Nearest neighbor weights from lonlat (1440x721) to curvilinear (424x412) grid, with source mask (51677)
cdo    ifthen: Filling up stream1 >/leonardo/home/userexternal/mdasilva/leonardo_work/EUR-11/NoTo-Europe/vert/WCE-ERA5_mask.nc< by copying the first record.
cdo    ifthen: Filling up stream1 >/leonardo/home/userexternal/mdasilva/leonardo_work/EUR-11/NoTo-Europe/vert/WCE-RegCM5_mask.nc< by copying the first record.
#### ... JJA ... ####
#### ### ... MED ... ### ####
cdo    remapnn: Nearest neighbor weights from lonlat (360x180) to lonlat (1440x721) grid
cdo    remapnn: Nearest neighbor weights from lonlat (1440x721) to curvilinear (424x412) grid, with source mask (1032480)
cdo    remapnn: Nearest neighbor weights from curvilinear (424x412) to lonlat (1440x721) grid
cdo    remapnn: Nearest neighbor weights from lonlat (1440x721) to curvilinear (424x412) grid, with source mask (51677)
cdo    ifthen: Filling up stream1 >/leonardo/home/userexternal/mdasilva/leonardo_work/EUR-11/NoTo-Europe/vert/MED-ERA5_mask.nc< by copying the first record.
cdo    ifthen: Filling up stream1 >/leonardo/home/userexternal/mdasilva/leonardo_work/EUR-11/NoTo-Europe/vert/MED-RegCM5_mask.nc< by copying the first record.
#### ### ... NEU ... ### ####
cdo    remapnn: Nearest neighbor weights from lonlat (360x180) to lonlat (1440x721) grid
cdo    remapnn: Nearest neighbor weights from lonlat (1440x721) to curvilinear (424x412) grid, with source mask (1032480)
cdo    remapnn: Nearest neighbor weights from curvilinear (424x412) to lonlat (1440x721) grid
cdo    remapnn: Nearest neighbor weights from lonlat (1440x721) to curvilinear (424x412) grid, with source mask (51677)
cdo    ifthen: Filling up stream1 >/leonardo/home/userexternal/mdasilva/leonardo_work/EUR-11/NoTo-Europe/vert/NEU-ERA5_mask.nc< by copying the first record.
cdo    ifthen: Filling up stream1 >/leonardo/home/userexternal/mdasilva/leonardo_work/EUR-11/NoTo-Europe/vert/NEU-RegCM5_mask.nc< by copying the first record.
#### ### ... WCE ... ### ####
cdo    remapnn: Nearest neighbor weights from lonlat (360x180) to lonlat (1440x721) grid
cdo    remapnn: Nearest neighbor weights from lonlat (1440x721) to curvilinear (424x412) grid, with source mask (1032480)
cdo    remapnn: Nearest neighbor weights from curvilinear (424x412) to lonlat (1440x721) grid
cdo    remapnn: Nearest neighbor weights from lonlat (1440x721) to curvilinear (424x412) grid, with source mask (51677)
cdo    ifthen: Filling up stream1 >/leonardo/home/userexternal/mdasilva/leonardo_work/EUR-11/NoTo-Europe/vert/WCE-ERA5_mask.nc< by copying the first record.
cdo    ifthen: Filling up stream1 >/leonardo/home/userexternal/mdasilva/leonardo_work/EUR-11/NoTo-Europe/vert/WCE-RegCM5_mask.nc< by copying the first record.
#### ... SON ... ####
#### ### ... MED ... ### ####
cdo    remapnn: Nearest neighbor weights from lonlat (360x180) to lonlat (1440x721) grid
cdo    remapnn: Nearest neighbor weights from lonlat (1440x721) to curvilinear (424x412) grid, with source mask (1032480)
cdo    remapnn: Nearest neighbor weights from curvilinear (424x412) to lonlat (1440x721) grid
cdo    remapnn: Nearest neighbor weights from lonlat (1440x721) to curvilinear (424x412) grid, with source mask (51677)
cdo    ifthen: Filling up stream1 >/leonardo/home/userexternal/mdasilva/leonardo_work/EUR-11/NoTo-Europe/vert/MED-ERA5_mask.nc< by copying the first record.
cdo    ifthen: Filling up stream1 >/leonardo/home/userexternal/mdasilva/leonardo_work/EUR-11/NoTo-Europe/vert/MED-RegCM5_mask.nc< by copying the first record.
#### ### ... NEU ... ### ####
cdo    remapnn: Nearest neighbor weights from lonlat (360x180) to lonlat (1440x721) grid
cdo    remapnn: Nearest neighbor weights from lonlat (1440x721) to curvilinear (424x412) grid, with source mask (1032480)
cdo    remapnn: Nearest neighbor weights from curvilinear (424x412) to lonlat (1440x721) grid
cdo    remapnn: Nearest neighbor weights from lonlat (1440x721) to curvilinear (424x412) grid, with source mask (51677)
cdo    ifthen: Filling up stream1 >/leonardo/home/userexternal/mdasilva/leonardo_work/EUR-11/NoTo-Europe/vert/NEU-ERA5_mask.nc< by copying the first record.
cdo    ifthen: Filling up stream1 >/leonardo/home/userexternal/mdasilva/leonardo_work/EUR-11/NoTo-Europe/vert/NEU-RegCM5_mask.nc< by copying the first record.
#### ### ... WCE ... ### ####
cdo    remapnn: Nearest neighbor weights from lonlat (360x180) to lonlat (1440x721) grid
cdo    remapnn: Nearest neighbor weights from lonlat (1440x721) to curvilinear (424x412) grid, with source mask (1032480)
cdo    remapnn: Nearest neighbor weights from curvilinear (424x412) to lonlat (1440x721) grid
cdo    remapnn: Nearest neighbor weights from lonlat (1440x721) to curvilinear (424x412) grid, with source mask (51677)
cdo    ifthen: Filling up stream1 >/leonardo/home/userexternal/mdasilva/leonardo_work/EUR-11/NoTo-Europe/vert/WCE-ERA5_mask.nc< by copying the first record.
cdo    ifthen: Filling up stream1 >/leonardo/home/userexternal/mdasilva/leonardo_work/EUR-11/NoTo-Europe/vert/WCE-RegCM5_mask.nc< by copying the first record.
#### vert-processing NoTo-Europe 2000-2001 cli ####
/leonardo/home/userexternal/mdasilva/leonardo_work/EUR-11/NoTo-Europe/pressure/EUR-11_ATM.2000010100_pressure.nc ..
/leonardo/home/userexternal/mdasilva/leonardo_work/EUR-11/NoTo-Europe/pressure/EUR-11_ATM.2000020100_pressure.nc ..
/leonardo/home/userexternal/mdasilva/leonardo_work/EUR-11/NoTo-Europe/pressure/EUR-11_ATM.2000030100_pressure.nc ..
/leonardo/home/userexternal/mdasilva/leonardo_work/EUR-11/NoTo-Europe/pressure/EUR-11_ATM.2000040100_pressure.nc ..
/leonardo/home/userexternal/mdasilva/leonardo_work/EUR-11/NoTo-Europe/pressure/EUR-11_ATM.2000050100_pressure.nc ..
/leonardo/home/userexternal/mdasilva/leonardo_work/EUR-11/NoTo-Europe/pressure/EUR-11_ATM.2000060100_pressure.nc ..
/leonardo/home/userexternal/mdasilva/leonardo_work/EUR-11/NoTo-Europe/pressure/EUR-11_ATM.2000070100_pressure.nc ..
/leonardo/home/userexternal/mdasilva/leonardo_work/EUR-11/NoTo-Europe/pressure/EUR-11_ATM.2000080100_pressure.nc ..
/leonardo/home/userexternal/mdasilva/leonardo_work/EUR-11/NoTo-Europe/pressure/EUR-11_ATM.2000090100_pressure.nc ..
/leonardo/home/userexternal/mdasilva/leonardo_work/EUR-11/NoTo-Europe/pressure/EUR-11_ATM.2000100100_pressure.nc ..
/leonardo/home/userexternal/mdasilva/leonardo_work/EUR-11/NoTo-Europe/pressure/EUR-11_ATM.2000110100_pressure.nc ..
/leonardo/home/userexternal/mdasilva/leonardo_work/EUR-11/NoTo-Europe/pressure/EUR-11_ATM.2000120100_pressure.nc ..
/leonardo/home/userexternal/mdasilva/leonardo_work/EUR-11/NoTo-Europe/pressure/EUR-11_ATM.2001010100_pressure.nc ..
/leonardo/home/userexternal/mdasilva/leonardo_work/EUR-11/NoTo-Europe/pressure/EUR-11_ATM.2001020100_pressure.nc ..
/leonardo/home/userexternal/mdasilva/leonardo_work/EUR-11/NoTo-Europe/pressure/EUR-11_ATM.2001030100_pressure.nc ..
/leonardo/home/userexternal/mdasilva/leonardo_work/EUR-11/NoTo-Europe/pressure/EUR-11_ATM.2001040100_pressure.nc ..
/leonardo/home/userexternal/mdasilva/leonardo_work/EUR-11/NoTo-Europe/pressure/EUR-11_ATM.2001050100_pressure.nc ..
/leonardo/home/userexternal/mdasilva/leonardo_work/EUR-11/NoTo-Europe/pressure/EUR-11_ATM.2001060100_pressure.nc ..
/leonardo/home/userexternal/mdasilva/leonardo_work/EUR-11/NoTo-Europe/pressure/EUR-11_ATM.2001070100_pressure.nc ..
/leonardo/home/userexternal/mdasilva/leonardo_work/EUR-11/NoTo-Europe/pressure/EUR-11_ATM.2001080100_pressure.nc ..
/leonardo/home/userexternal/mdasilva/leonardo_work/EUR-11/NoTo-Europe/pressure/EUR-11_ATM.2001090100_pressure.nc ..
/leonardo/home/userexternal/mdasilva/leonardo_work/EUR-11/NoTo-Europe/pressure/EUR-11_ATM.2001100100_pressure.nc ..
/leonardo/home/userexternal/mdasilva/leonardo_work/EUR-11/NoTo-Europe/pressure/EUR-11_ATM.2001110100_pressure.nc ..
/leonardo/home/userexternal/mdasilva/leonardo_work/EUR-11/NoTo-Europe/pressure/EUR-11_ATM.2001120100_pressure.nc ..
#### ... DJF ... ####
#### ### ... MED ... ### ####
cdo    remapnn: Nearest neighbor weights from lonlat (360x180) to lonlat (1440x721) grid
cdo    remapnn: Nearest neighbor weights from lonlat (1440x721) to curvilinear (424x412) grid, with source mask (1032480)
cdo    remapnn: Nearest neighbor weights from curvilinear (424x412) to lonlat (1440x721) grid
cdo    remapnn: Nearest neighbor weights from lonlat (1440x721) to curvilinear (424x412) grid, with source mask (51677)
cdo    ifthen: Filling up stream1 >/leonardo/home/userexternal/mdasilva/leonardo_work/EUR-11/NoTo-Europe/vert/MED-ERA5_mask.nc< by copying the first record.
cdo    ifthen: Filling up stream1 >/leonardo/home/userexternal/mdasilva/leonardo_work/EUR-11/NoTo-Europe/vert/MED-RegCM5_mask.nc< by copying the first record.
#### ### ... NEU ... ### ####
cdo    remapnn: Nearest neighbor weights from lonlat (360x180) to lonlat (1440x721) grid
cdo    remapnn: Nearest neighbor weights from lonlat (1440x721) to curvilinear (424x412) grid, with source mask (1032480)
cdo    remapnn: Nearest neighbor weights from curvilinear (424x412) to lonlat (1440x721) grid
cdo    remapnn: Nearest neighbor weights from lonlat (1440x721) to curvilinear (424x412) grid, with source mask (51677)
cdo    ifthen: Filling up stream1 >/leonardo/home/userexternal/mdasilva/leonardo_work/EUR-11/NoTo-Europe/vert/NEU-ERA5_mask.nc< by copying the first record.
cdo    ifthen: Filling up stream1 >/leonardo/home/userexternal/mdasilva/leonardo_work/EUR-11/NoTo-Europe/vert/NEU-RegCM5_mask.nc< by copying the first record.
#### ### ... WCE ... ### ####
cdo    remapnn: Nearest neighbor weights from lonlat (360x180) to lonlat (1440x721) grid
cdo    remapnn: Nearest neighbor weights from lonlat (1440x721) to curvilinear (424x412) grid, with source mask (1032480)
cdo    remapnn: Nearest neighbor weights from curvilinear (424x412) to lonlat (1440x721) grid
cdo    remapnn: Nearest neighbor weights from lonlat (1440x721) to curvilinear (424x412) grid, with source mask (51677)
cdo    ifthen: Filling up stream1 >/leonardo/home/userexternal/mdasilva/leonardo_work/EUR-11/NoTo-Europe/vert/WCE-ERA5_mask.nc< by copying the first record.
cdo    ifthen: Filling up stream1 >/leonardo/home/userexternal/mdasilva/leonardo_work/EUR-11/NoTo-Europe/vert/WCE-RegCM5_mask.nc< by copying the first record.
#### ... MAM ... ####
#### ### ... MED ... ### ####
cdo    remapnn: Nearest neighbor weights from lonlat (360x180) to lonlat (1440x721) grid
cdo    remapnn: Nearest neighbor weights from lonlat (1440x721) to curvilinear (424x412) grid, with source mask (1032480)
cdo    remapnn: Nearest neighbor weights from curvilinear (424x412) to lonlat (1440x721) grid
cdo    remapnn: Nearest neighbor weights from lonlat (1440x721) to curvilinear (424x412) grid, with source mask (51677)
cdo    ifthen: Filling up stream1 >/leonardo/home/userexternal/mdasilva/leonardo_work/EUR-11/NoTo-Europe/vert/MED-ERA5_mask.nc< by copying the first record.
cdo    ifthen: Filling up stream1 >/leonardo/home/userexternal/mdasilva/leonardo_work/EUR-11/NoTo-Europe/vert/MED-RegCM5_mask.nc< by copying the first record.
#### ### ... NEU ... ### ####
cdo    remapnn: Nearest neighbor weights from lonlat (360x180) to lonlat (1440x721) grid
cdo    remapnn: Nearest neighbor weights from lonlat (1440x721) to curvilinear (424x412) grid, with source mask (1032480)
cdo    remapnn: Nearest neighbor weights from curvilinear (424x412) to lonlat (1440x721) grid
cdo    remapnn: Nearest neighbor weights from lonlat (1440x721) to curvilinear (424x412) grid, with source mask (51677)
cdo    ifthen: Filling up stream1 >/leonardo/home/userexternal/mdasilva/leonardo_work/EUR-11/NoTo-Europe/vert/NEU-ERA5_mask.nc< by copying the first record.
cdo    ifthen: Filling up stream1 >/leonardo/home/userexternal/mdasilva/leonardo_work/EUR-11/NoTo-Europe/vert/NEU-RegCM5_mask.nc< by copying the first record.
#### ### ... WCE ... ### ####
cdo    remapnn: Nearest neighbor weights from lonlat (360x180) to lonlat (1440x721) grid
cdo    remapnn: Nearest neighbor weights from lonlat (1440x721) to curvilinear (424x412) grid, with source mask (1032480)
cdo    remapnn: Nearest neighbor weights from curvilinear (424x412) to lonlat (1440x721) grid
cdo    remapnn: Nearest neighbor weights from lonlat (1440x721) to curvilinear (424x412) grid, with source mask (51677)
cdo    ifthen: Filling up stream1 >/leonardo/home/userexternal/mdasilva/leonardo_work/EUR-11/NoTo-Europe/vert/WCE-ERA5_mask.nc< by copying the first record.
cdo    ifthen: Filling up stream1 >/leonardo/home/userexternal/mdasilva/leonardo_work/EUR-11/NoTo-Europe/vert/WCE-RegCM5_mask.nc< by copying the first record.
#### ... JJA ... ####
#### ### ... MED ... ### ####
cdo    remapnn: Nearest neighbor weights from lonlat (360x180) to lonlat (1440x721) grid
cdo    remapnn: Nearest neighbor weights from lonlat (1440x721) to curvilinear (424x412) grid, with source mask (1032480)
cdo    remapnn: Nearest neighbor weights from curvilinear (424x412) to lonlat (1440x721) grid
cdo    remapnn: Nearest neighbor weights from lonlat (1440x721) to curvilinear (424x412) grid, with source mask (51677)
cdo    ifthen: Filling up stream1 >/leonardo/home/userexternal/mdasilva/leonardo_work/EUR-11/NoTo-Europe/vert/MED-ERA5_mask.nc< by copying the first record.
cdo    ifthen: Filling up stream1 >/leonardo/home/userexternal/mdasilva/leonardo_work/EUR-11/NoTo-Europe/vert/MED-RegCM5_mask.nc< by copying the first record.
#### ### ... NEU ... ### ####
cdo    remapnn: Nearest neighbor weights from lonlat (360x180) to lonlat (1440x721) grid
cdo    remapnn: Nearest neighbor weights from lonlat (1440x721) to curvilinear (424x412) grid, with source mask (1032480)
cdo    remapnn: Nearest neighbor weights from curvilinear (424x412) to lonlat (1440x721) grid
cdo    remapnn: Nearest neighbor weights from lonlat (1440x721) to curvilinear (424x412) grid, with source mask (51677)
cdo    ifthen: Filling up stream1 >/leonardo/home/userexternal/mdasilva/leonardo_work/EUR-11/NoTo-Europe/vert/NEU-ERA5_mask.nc< by copying the first record.
cdo    ifthen: Filling up stream1 >/leonardo/home/userexternal/mdasilva/leonardo_work/EUR-11/NoTo-Europe/vert/NEU-RegCM5_mask.nc< by copying the first record.
#### ### ... WCE ... ### ####
cdo    remapnn: Nearest neighbor weights from lonlat (360x180) to lonlat (1440x721) grid
cdo    remapnn: Nearest neighbor weights from lonlat (1440x721) to curvilinear (424x412) grid, with source mask (1032480)
cdo    remapnn: Nearest neighbor weights from curvilinear (424x412) to lonlat (1440x721) grid
cdo    remapnn: Nearest neighbor weights from lonlat (1440x721) to curvilinear (424x412) grid, with source mask (51677)
cdo    ifthen: Filling up stream1 >/leonardo/home/userexternal/mdasilva/leonardo_work/EUR-11/NoTo-Europe/vert/WCE-ERA5_mask.nc< by copying the first record.
cdo    ifthen: Filling up stream1 >/leonardo/home/userexternal/mdasilva/leonardo_work/EUR-11/NoTo-Europe/vert/WCE-RegCM5_mask.nc< by copying the first record.
#### ... SON ... ####
#### ### ... MED ... ### ####
cdo    remapnn: Nearest neighbor weights from lonlat (360x180) to lonlat (1440x721) grid
cdo    remapnn: Nearest neighbor weights from lonlat (1440x721) to curvilinear (424x412) grid, with source mask (1032480)
cdo    remapnn: Nearest neighbor weights from curvilinear (424x412) to lonlat (1440x721) grid
cdo    remapnn: Nearest neighbor weights from lonlat (1440x721) to curvilinear (424x412) grid, with source mask (51677)
cdo    ifthen: Filling up stream1 >/leonardo/home/userexternal/mdasilva/leonardo_work/EUR-11/NoTo-Europe/vert/MED-ERA5_mask.nc< by copying the first record.
cdo    ifthen: Filling up stream1 >/leonardo/home/userexternal/mdasilva/leonardo_work/EUR-11/NoTo-Europe/vert/MED-RegCM5_mask.nc< by copying the first record.
#### ### ... NEU ... ### ####
cdo    remapnn: Nearest neighbor weights from lonlat (360x180) to lonlat (1440x721) grid
cdo    remapnn: Nearest neighbor weights from lonlat (1440x721) to curvilinear (424x412) grid, with source mask (1032480)
cdo    remapnn: Nearest neighbor weights from curvilinear (424x412) to lonlat (1440x721) grid
cdo    remapnn: Nearest neighbor weights from lonlat (1440x721) to curvilinear (424x412) grid, with source mask (51677)
cdo    ifthen: Filling up stream1 >/leonardo/home/userexternal/mdasilva/leonardo_work/EUR-11/NoTo-Europe/vert/NEU-ERA5_mask.nc< by copying the first record.
cdo    ifthen: Filling up stream1 >/leonardo/home/userexternal/mdasilva/leonardo_work/EUR-11/NoTo-Europe/vert/NEU-RegCM5_mask.nc< by copying the first record.
#### ### ... WCE ... ### ####
cdo    remapnn: Nearest neighbor weights from lonlat (360x180) to lonlat (1440x721) grid
cdo    remapnn: Nearest neighbor weights from lonlat (1440x721) to curvilinear (424x412) grid, with source mask (1032480)
cdo    remapnn: Nearest neighbor weights from curvilinear (424x412) to lonlat (1440x721) grid
cdo    remapnn: Nearest neighbor weights from lonlat (1440x721) to curvilinear (424x412) grid, with source mask (51677)
cdo    ifthen: Filling up stream1 >/leonardo/home/userexternal/mdasilva/leonardo_work/EUR-11/NoTo-Europe/vert/WCE-ERA5_mask.nc< by copying the first record.
cdo    ifthen: Filling up stream1 >/leonardo/home/userexternal/mdasilva/leonardo_work/EUR-11/NoTo-Europe/vert/WCE-RegCM5_mask.nc< by copying the first record.
#### vert-processing NoTo-Europe 2000-2001 cl ####
/leonardo/home/userexternal/mdasilva/leonardo_work/EUR-11/NoTo-Europe/pressure/EUR-11_RAD.2000010100_pressure.nc ..
/leonardo/home/userexternal/mdasilva/leonardo_work/EUR-11/NoTo-Europe/pressure/EUR-11_RAD.2000020100_pressure.nc ..
/leonardo/home/userexternal/mdasilva/leonardo_work/EUR-11/NoTo-Europe/pressure/EUR-11_RAD.2000030100_pressure.nc ..
/leonardo/home/userexternal/mdasilva/leonardo_work/EUR-11/NoTo-Europe/pressure/EUR-11_RAD.2000040100_pressure.nc ..
/leonardo/home/userexternal/mdasilva/leonardo_work/EUR-11/NoTo-Europe/pressure/EUR-11_RAD.2000050100_pressure.nc ..
/leonardo/home/userexternal/mdasilva/leonardo_work/EUR-11/NoTo-Europe/pressure/EUR-11_RAD.2000060100_pressure.nc ..
/leonardo/home/userexternal/mdasilva/leonardo_work/EUR-11/NoTo-Europe/pressure/EUR-11_RAD.2000070100_pressure.nc ..
/leonardo/home/userexternal/mdasilva/leonardo_work/EUR-11/NoTo-Europe/pressure/EUR-11_RAD.2000080100_pressure.nc ..
/leonardo/home/userexternal/mdasilva/leonardo_work/EUR-11/NoTo-Europe/pressure/EUR-11_RAD.2000090100_pressure.nc ..
/leonardo/home/userexternal/mdasilva/leonardo_work/EUR-11/NoTo-Europe/pressure/EUR-11_RAD.2000100100_pressure.nc ..
/leonardo/home/userexternal/mdasilva/leonardo_work/EUR-11/NoTo-Europe/pressure/EUR-11_RAD.2000110100_pressure.nc ..
/leonardo/home/userexternal/mdasilva/leonardo_work/EUR-11/NoTo-Europe/pressure/EUR-11_RAD.2000120100_pressure.nc ..
/leonardo/home/userexternal/mdasilva/leonardo_work/EUR-11/NoTo-Europe/pressure/EUR-11_RAD.2001010100_pressure.nc ..
/leonardo/home/userexternal/mdasilva/leonardo_work/EUR-11/NoTo-Europe/pressure/EUR-11_RAD.2001020100_pressure.nc ..
/leonardo/home/userexternal/mdasilva/leonardo_work/EUR-11/NoTo-Europe/pressure/EUR-11_RAD.2001030100_pressure.nc ..
/leonardo/home/userexternal/mdasilva/leonardo_work/EUR-11/NoTo-Europe/pressure/EUR-11_RAD.2001040100_pressure.nc ..
/leonardo/home/userexternal/mdasilva/leonardo_work/EUR-11/NoTo-Europe/pressure/EUR-11_RAD.2001050100_pressure.nc ..
/leonardo/home/userexternal/mdasilva/leonardo_work/EUR-11/NoTo-Europe/pressure/EUR-11_RAD.2001060100_pressure.nc ..
/leonardo/home/userexternal/mdasilva/leonardo_work/EUR-11/NoTo-Europe/pressure/EUR-11_RAD.2001070100_pressure.nc ..
/leonardo/home/userexternal/mdasilva/leonardo_work/EUR-11/NoTo-Europe/pressure/EUR-11_RAD.2001080100_pressure.nc ..
/leonardo/home/userexternal/mdasilva/leonardo_work/EUR-11/NoTo-Europe/pressure/EUR-11_RAD.2001090100_pressure.nc ..
/leonardo/home/userexternal/mdasilva/leonardo_work/EUR-11/NoTo-Europe/pressure/EUR-11_RAD.2001100100_pressure.nc ..
/leonardo/home/userexternal/mdasilva/leonardo_work/EUR-11/NoTo-Europe/pressure/EUR-11_RAD.2001110100_pressure.nc ..
/leonardo/home/userexternal/mdasilva/leonardo_work/EUR-11/NoTo-Europe/pressure/EUR-11_RAD.2001120100_pressure.nc ..
#### ... DJF ... ####
#### ### ... MED ... ### ####
cdo    remapnn: Nearest neighbor weights from lonlat (360x180) to lonlat (1440x721) grid
cdo    remapnn: Nearest neighbor weights from lonlat (1440x721) to curvilinear (424x412) grid, with source mask (1032480)
cdo    remapnn: Nearest neighbor weights from curvilinear (424x412) to lonlat (1440x721) grid
cdo    remapnn: Nearest neighbor weights from lonlat (1440x721) to curvilinear (424x412) grid, with source mask (51677)
cdo    ifthen: Filling up stream1 >/leonardo/home/userexternal/mdasilva/leonardo_work/EUR-11/NoTo-Europe/vert/MED-ERA5_mask.nc< by copying the first record.
cdo    ifthen: Filling up stream1 >/leonardo/home/userexternal/mdasilva/leonardo_work/EUR-11/NoTo-Europe/vert/MED-RegCM5_mask.nc< by copying the first record.
#### ### ... NEU ... ### ####
cdo    remapnn: Nearest neighbor weights from lonlat (360x180) to lonlat (1440x721) grid
cdo    remapnn: Nearest neighbor weights from lonlat (1440x721) to curvilinear (424x412) grid, with source mask (1032480)
cdo    remapnn: Nearest neighbor weights from curvilinear (424x412) to lonlat (1440x721) grid
cdo    remapnn: Nearest neighbor weights from lonlat (1440x721) to curvilinear (424x412) grid, with source mask (51677)
cdo    ifthen: Filling up stream1 >/leonardo/home/userexternal/mdasilva/leonardo_work/EUR-11/NoTo-Europe/vert/NEU-ERA5_mask.nc< by copying the first record.
cdo    ifthen: Filling up stream1 >/leonardo/home/userexternal/mdasilva/leonardo_work/EUR-11/NoTo-Europe/vert/NEU-RegCM5_mask.nc< by copying the first record.
#### ### ... WCE ... ### ####
cdo    remapnn: Nearest neighbor weights from lonlat (360x180) to lonlat (1440x721) grid
cdo    remapnn: Nearest neighbor weights from lonlat (1440x721) to curvilinear (424x412) grid, with source mask (1032480)
cdo    remapnn: Nearest neighbor weights from curvilinear (424x412) to lonlat (1440x721) grid
cdo    remapnn: Nearest neighbor weights from lonlat (1440x721) to curvilinear (424x412) grid, with source mask (51677)
cdo    ifthen: Filling up stream1 >/leonardo/home/userexternal/mdasilva/leonardo_work/EUR-11/NoTo-Europe/vert/WCE-ERA5_mask.nc< by copying the first record.
cdo    ifthen: Filling up stream1 >/leonardo/home/userexternal/mdasilva/leonardo_work/EUR-11/NoTo-Europe/vert/WCE-RegCM5_mask.nc< by copying the first record.
#### ... MAM ... ####
#### ### ... MED ... ### ####
cdo    remapnn: Nearest neighbor weights from lonlat (360x180) to lonlat (1440x721) grid
cdo    remapnn: Nearest neighbor weights from lonlat (1440x721) to curvilinear (424x412) grid, with source mask (1032480)
cdo    remapnn: Nearest neighbor weights from curvilinear (424x412) to lonlat (1440x721) grid
cdo    remapnn: Nearest neighbor weights from lonlat (1440x721) to curvilinear (424x412) grid, with source mask (51677)
cdo    ifthen: Filling up stream1 >/leonardo/home/userexternal/mdasilva/leonardo_work/EUR-11/NoTo-Europe/vert/MED-ERA5_mask.nc< by copying the first record.
cdo    ifthen: Filling up stream1 >/leonardo/home/userexternal/mdasilva/leonardo_work/EUR-11/NoTo-Europe/vert/MED-RegCM5_mask.nc< by copying the first record.
#### ### ... NEU ... ### ####
cdo    remapnn: Nearest neighbor weights from lonlat (360x180) to lonlat (1440x721) grid
cdo    remapnn: Nearest neighbor weights from lonlat (1440x721) to curvilinear (424x412) grid, with source mask (1032480)
cdo    remapnn: Nearest neighbor weights from curvilinear (424x412) to lonlat (1440x721) grid
cdo    remapnn: Nearest neighbor weights from lonlat (1440x721) to curvilinear (424x412) grid, with source mask (51677)
cdo    ifthen: Filling up stream1 >/leonardo/home/userexternal/mdasilva/leonardo_work/EUR-11/NoTo-Europe/vert/NEU-ERA5_mask.nc< by copying the first record.
cdo    ifthen: Filling up stream1 >/leonardo/home/userexternal/mdasilva/leonardo_work/EUR-11/NoTo-Europe/vert/NEU-RegCM5_mask.nc< by copying the first record.
#### ### ... WCE ... ### ####
cdo    remapnn: Nearest neighbor weights from lonlat (360x180) to lonlat (1440x721) grid
cdo    remapnn: Nearest neighbor weights from lonlat (1440x721) to curvilinear (424x412) grid, with source mask (1032480)
cdo    remapnn: Nearest neighbor weights from curvilinear (424x412) to lonlat (1440x721) grid
cdo    remapnn: Nearest neighbor weights from lonlat (1440x721) to curvilinear (424x412) grid, with source mask (51677)
cdo    ifthen: Filling up stream1 >/leonardo/home/userexternal/mdasilva/leonardo_work/EUR-11/NoTo-Europe/vert/WCE-ERA5_mask.nc< by copying the first record.
cdo    ifthen: Filling up stream1 >/leonardo/home/userexternal/mdasilva/leonardo_work/EUR-11/NoTo-Europe/vert/WCE-RegCM5_mask.nc< by copying the first record.
#### ... JJA ... ####
#### ### ... MED ... ### ####
cdo    remapnn: Nearest neighbor weights from lonlat (360x180) to lonlat (1440x721) grid
cdo    remapnn: Nearest neighbor weights from lonlat (1440x721) to curvilinear (424x412) grid, with source mask (1032480)
cdo    remapnn: Nearest neighbor weights from curvilinear (424x412) to lonlat (1440x721) grid
cdo    remapnn: Nearest neighbor weights from lonlat (1440x721) to curvilinear (424x412) grid, with source mask (51677)
cdo    ifthen: Filling up stream1 >/leonardo/home/userexternal/mdasilva/leonardo_work/EUR-11/NoTo-Europe/vert/MED-ERA5_mask.nc< by copying the first record.
cdo    ifthen: Filling up stream1 >/leonardo/home/userexternal/mdasilva/leonardo_work/EUR-11/NoTo-Europe/vert/MED-RegCM5_mask.nc< by copying the first record.
#### ### ... NEU ... ### ####
cdo    remapnn: Nearest neighbor weights from lonlat (360x180) to lonlat (1440x721) grid
cdo    remapnn: Nearest neighbor weights from lonlat (1440x721) to curvilinear (424x412) grid, with source mask (1032480)
cdo    remapnn: Nearest neighbor weights from curvilinear (424x412) to lonlat (1440x721) grid
cdo    remapnn: Nearest neighbor weights from lonlat (1440x721) to curvilinear (424x412) grid, with source mask (51677)
cdo    ifthen: Filling up stream1 >/leonardo/home/userexternal/mdasilva/leonardo_work/EUR-11/NoTo-Europe/vert/NEU-ERA5_mask.nc< by copying the first record.
cdo    ifthen: Filling up stream1 >/leonardo/home/userexternal/mdasilva/leonardo_work/EUR-11/NoTo-Europe/vert/NEU-RegCM5_mask.nc< by copying the first record.
#### ### ... WCE ... ### ####
cdo    remapnn: Nearest neighbor weights from lonlat (360x180) to lonlat (1440x721) grid
cdo    remapnn: Nearest neighbor weights from lonlat (1440x721) to curvilinear (424x412) grid, with source mask (1032480)
cdo    remapnn: Nearest neighbor weights from curvilinear (424x412) to lonlat (1440x721) grid
cdo    remapnn: Nearest neighbor weights from lonlat (1440x721) to curvilinear (424x412) grid, with source mask (51677)
cdo    ifthen: Filling up stream1 >/leonardo/home/userexternal/mdasilva/leonardo_work/EUR-11/NoTo-Europe/vert/WCE-ERA5_mask.nc< by copying the first record.
cdo    ifthen: Filling up stream1 >/leonardo/home/userexternal/mdasilva/leonardo_work/EUR-11/NoTo-Europe/vert/WCE-RegCM5_mask.nc< by copying the first record.
#### ... SON ... ####
#### ### ... MED ... ### ####
cdo    remapnn: Nearest neighbor weights from lonlat (360x180) to lonlat (1440x721) grid
cdo    remapnn: Nearest neighbor weights from lonlat (1440x721) to curvilinear (424x412) grid, with source mask (1032480)
cdo    remapnn: Nearest neighbor weights from curvilinear (424x412) to lonlat (1440x721) grid
cdo    remapnn: Nearest neighbor weights from lonlat (1440x721) to curvilinear (424x412) grid, with source mask (51677)
cdo    ifthen: Filling up stream1 >/leonardo/home/userexternal/mdasilva/leonardo_work/EUR-11/NoTo-Europe/vert/MED-ERA5_mask.nc< by copying the first record.
cdo    ifthen: Filling up stream1 >/leonardo/home/userexternal/mdasilva/leonardo_work/EUR-11/NoTo-Europe/vert/MED-RegCM5_mask.nc< by copying the first record.
#### ### ... NEU ... ### ####
cdo    remapnn: Nearest neighbor weights from lonlat (360x180) to lonlat (1440x721) grid
cdo    remapnn: Nearest neighbor weights from lonlat (1440x721) to curvilinear (424x412) grid, with source mask (1032480)
cdo    remapnn: Nearest neighbor weights from curvilinear (424x412) to lonlat (1440x721) grid
cdo    remapnn: Nearest neighbor weights from lonlat (1440x721) to curvilinear (424x412) grid, with source mask (51677)
cdo    ifthen: Filling up stream1 >/leonardo/home/userexternal/mdasilva/leonardo_work/EUR-11/NoTo-Europe/vert/NEU-ERA5_mask.nc< by copying the first record.
cdo    ifthen: Filling up stream1 >/leonardo/home/userexternal/mdasilva/leonardo_work/EUR-11/NoTo-Europe/vert/NEU-RegCM5_mask.nc< by copying the first record.
#### ### ... WCE ... ### ####
cdo    remapnn: Nearest neighbor weights from lonlat (360x180) to lonlat (1440x721) grid
cdo    remapnn: Nearest neighbor weights from lonlat (1440x721) to curvilinear (424x412) grid, with source mask (1032480)
cdo    remapnn: Nearest neighbor weights from curvilinear (424x412) to lonlat (1440x721) grid
cdo    remapnn: Nearest neighbor weights from lonlat (1440x721) to curvilinear (424x412) grid, with source mask (51677)
cdo    ifthen: Filling up stream1 >/leonardo/home/userexternal/mdasilva/leonardo_work/EUR-11/NoTo-Europe/vert/WCE-ERA5_mask.nc< by copying the first record.
cdo    ifthen: Filling up stream1 >/leonardo/home/userexternal/mdasilva/leonardo_work/EUR-11/NoTo-Europe/vert/WCE-RegCM5_mask.nc< by copying the first record.
#### vert-processing NoTo-Europe 2000-2001 hus ####
/leonardo/home/userexternal/mdasilva/leonardo_work/EUR-11/NoTo-Europe/pressure/EUR-11_ATM.2000010100_pressure.nc ..
/leonardo/home/userexternal/mdasilva/leonardo_work/EUR-11/NoTo-Europe/pressure/EUR-11_ATM.2000020100_pressure.nc ..
/leonardo/home/userexternal/mdasilva/leonardo_work/EUR-11/NoTo-Europe/pressure/EUR-11_ATM.2000030100_pressure.nc ..
/leonardo/home/userexternal/mdasilva/leonardo_work/EUR-11/NoTo-Europe/pressure/EUR-11_ATM.2000040100_pressure.nc ..
/leonardo/home/userexternal/mdasilva/leonardo_work/EUR-11/NoTo-Europe/pressure/EUR-11_ATM.2000050100_pressure.nc ..
/leonardo/home/userexternal/mdasilva/leonardo_work/EUR-11/NoTo-Europe/pressure/EUR-11_ATM.2000060100_pressure.nc ..
/leonardo/home/userexternal/mdasilva/leonardo_work/EUR-11/NoTo-Europe/pressure/EUR-11_ATM.2000070100_pressure.nc ..
/leonardo/home/userexternal/mdasilva/leonardo_work/EUR-11/NoTo-Europe/pressure/EUR-11_ATM.2000080100_pressure.nc ..
/leonardo/home/userexternal/mdasilva/leonardo_work/EUR-11/NoTo-Europe/pressure/EUR-11_ATM.2000090100_pressure.nc ..
/leonardo/home/userexternal/mdasilva/leonardo_work/EUR-11/NoTo-Europe/pressure/EUR-11_ATM.2000100100_pressure.nc ..
/leonardo/home/userexternal/mdasilva/leonardo_work/EUR-11/NoTo-Europe/pressure/EUR-11_ATM.2000110100_pressure.nc ..
/leonardo/home/userexternal/mdasilva/leonardo_work/EUR-11/NoTo-Europe/pressure/EUR-11_ATM.2000120100_pressure.nc ..
/leonardo/home/userexternal/mdasilva/leonardo_work/EUR-11/NoTo-Europe/pressure/EUR-11_ATM.2001010100_pressure.nc ..
/leonardo/home/userexternal/mdasilva/leonardo_work/EUR-11/NoTo-Europe/pressure/EUR-11_ATM.2001020100_pressure.nc ..
/leonardo/home/userexternal/mdasilva/leonardo_work/EUR-11/NoTo-Europe/pressure/EUR-11_ATM.2001030100_pressure.nc ..
/leonardo/home/userexternal/mdasilva/leonardo_work/EUR-11/NoTo-Europe/pressure/EUR-11_ATM.2001040100_pressure.nc ..
/leonardo/home/userexternal/mdasilva/leonardo_work/EUR-11/NoTo-Europe/pressure/EUR-11_ATM.2001050100_pressure.nc ..
/leonardo/home/userexternal/mdasilva/leonardo_work/EUR-11/NoTo-Europe/pressure/EUR-11_ATM.2001060100_pressure.nc ..
/leonardo/home/userexternal/mdasilva/leonardo_work/EUR-11/NoTo-Europe/pressure/EUR-11_ATM.2001070100_pressure.nc ..
/leonardo/home/userexternal/mdasilva/leonardo_work/EUR-11/NoTo-Europe/pressure/EUR-11_ATM.2001080100_pressure.nc ..
/leonardo/home/userexternal/mdasilva/leonardo_work/EUR-11/NoTo-Europe/pressure/EUR-11_ATM.2001090100_pressure.nc ..
/leonardo/home/userexternal/mdasilva/leonardo_work/EUR-11/NoTo-Europe/pressure/EUR-11_ATM.2001100100_pressure.nc ..
/leonardo/home/userexternal/mdasilva/leonardo_work/EUR-11/NoTo-Europe/pressure/EUR-11_ATM.2001110100_pressure.nc ..
/leonardo/home/userexternal/mdasilva/leonardo_work/EUR-11/NoTo-Europe/pressure/EUR-11_ATM.2001120100_pressure.nc ..
#### ... DJF ... ####
#### ### ... MED ... ### ####
cdo    remapnn: Nearest neighbor weights from lonlat (360x180) to lonlat (1440x721) grid
cdo    remapnn: Nearest neighbor weights from lonlat (1440x721) to curvilinear (424x412) grid, with source mask (1032480)
cdo    remapnn: Nearest neighbor weights from curvilinear (424x412) to lonlat (1440x721) grid
cdo    remapnn: Nearest neighbor weights from lonlat (1440x721) to curvilinear (424x412) grid, with source mask (51677)
cdo    ifthen: Filling up stream1 >/leonardo/home/userexternal/mdasilva/leonardo_work/EUR-11/NoTo-Europe/vert/MED-ERA5_mask.nc< by copying the first record.
cdo    ifthen: Filling up stream1 >/leonardo/home/userexternal/mdasilva/leonardo_work/EUR-11/NoTo-Europe/vert/MED-RegCM5_mask.nc< by copying the first record.
#### ### ... NEU ... ### ####
cdo    remapnn: Nearest neighbor weights from lonlat (360x180) to lonlat (1440x721) grid
cdo    remapnn: Nearest neighbor weights from lonlat (1440x721) to curvilinear (424x412) grid, with source mask (1032480)
cdo    remapnn: Nearest neighbor weights from curvilinear (424x412) to lonlat (1440x721) grid
cdo    remapnn: Nearest neighbor weights from lonlat (1440x721) to curvilinear (424x412) grid, with source mask (51677)
cdo    ifthen: Filling up stream1 >/leonardo/home/userexternal/mdasilva/leonardo_work/EUR-11/NoTo-Europe/vert/NEU-ERA5_mask.nc< by copying the first record.
cdo    ifthen: Filling up stream1 >/leonardo/home/userexternal/mdasilva/leonardo_work/EUR-11/NoTo-Europe/vert/NEU-RegCM5_mask.nc< by copying the first record.
#### ### ... WCE ... ### ####
cdo    remapnn: Nearest neighbor weights from lonlat (360x180) to lonlat (1440x721) grid
cdo    remapnn: Nearest neighbor weights from lonlat (1440x721) to curvilinear (424x412) grid, with source mask (1032480)
cdo    remapnn: Nearest neighbor weights from curvilinear (424x412) to lonlat (1440x721) grid
cdo    remapnn: Nearest neighbor weights from lonlat (1440x721) to curvilinear (424x412) grid, with source mask (51677)
cdo    ifthen: Filling up stream1 >/leonardo/home/userexternal/mdasilva/leonardo_work/EUR-11/NoTo-Europe/vert/WCE-ERA5_mask.nc< by copying the first record.
cdo    ifthen: Filling up stream1 >/leonardo/home/userexternal/mdasilva/leonardo_work/EUR-11/NoTo-Europe/vert/WCE-RegCM5_mask.nc< by copying the first record.
#### ... MAM ... ####
#### ### ... MED ... ### ####
cdo    remapnn: Nearest neighbor weights from lonlat (360x180) to lonlat (1440x721) grid
cdo    remapnn: Nearest neighbor weights from lonlat (1440x721) to curvilinear (424x412) grid, with source mask (1032480)
cdo    remapnn: Nearest neighbor weights from curvilinear (424x412) to lonlat (1440x721) grid
cdo    remapnn: Nearest neighbor weights from lonlat (1440x721) to curvilinear (424x412) grid, with source mask (51677)
cdo    ifthen: Filling up stream1 >/leonardo/home/userexternal/mdasilva/leonardo_work/EUR-11/NoTo-Europe/vert/MED-ERA5_mask.nc< by copying the first record.
cdo    ifthen: Filling up stream1 >/leonardo/home/userexternal/mdasilva/leonardo_work/EUR-11/NoTo-Europe/vert/MED-RegCM5_mask.nc< by copying the first record.
#### ### ... NEU ... ### ####
cdo    remapnn: Nearest neighbor weights from lonlat (360x180) to lonlat (1440x721) grid
cdo    remapnn: Nearest neighbor weights from lonlat (1440x721) to curvilinear (424x412) grid, with source mask (1032480)
cdo    remapnn: Nearest neighbor weights from curvilinear (424x412) to lonlat (1440x721) grid
cdo    remapnn: Nearest neighbor weights from lonlat (1440x721) to curvilinear (424x412) grid, with source mask (51677)
cdo    ifthen: Filling up stream1 >/leonardo/home/userexternal/mdasilva/leonardo_work/EUR-11/NoTo-Europe/vert/NEU-ERA5_mask.nc< by copying the first record.
cdo    ifthen: Filling up stream1 >/leonardo/home/userexternal/mdasilva/leonardo_work/EUR-11/NoTo-Europe/vert/NEU-RegCM5_mask.nc< by copying the first record.
#### ### ... WCE ... ### ####
cdo    remapnn: Nearest neighbor weights from lonlat (360x180) to lonlat (1440x721) grid
cdo    remapnn: Nearest neighbor weights from lonlat (1440x721) to curvilinear (424x412) grid, with source mask (1032480)
cdo    remapnn: Nearest neighbor weights from curvilinear (424x412) to lonlat (1440x721) grid
cdo    remapnn: Nearest neighbor weights from lonlat (1440x721) to curvilinear (424x412) grid, with source mask (51677)
cdo    ifthen: Filling up stream1 >/leonardo/home/userexternal/mdasilva/leonardo_work/EUR-11/NoTo-Europe/vert/WCE-ERA5_mask.nc< by copying the first record.
cdo    ifthen: Filling up stream1 >/leonardo/home/userexternal/mdasilva/leonardo_work/EUR-11/NoTo-Europe/vert/WCE-RegCM5_mask.nc< by copying the first record.
#### ... JJA ... ####
#### ### ... MED ... ### ####
cdo    remapnn: Nearest neighbor weights from lonlat (360x180) to lonlat (1440x721) grid
cdo    remapnn: Nearest neighbor weights from lonlat (1440x721) to curvilinear (424x412) grid, with source mask (1032480)
cdo    remapnn: Nearest neighbor weights from curvilinear (424x412) to lonlat (1440x721) grid
cdo    remapnn: Nearest neighbor weights from lonlat (1440x721) to curvilinear (424x412) grid, with source mask (51677)
cdo    ifthen: Filling up stream1 >/leonardo/home/userexternal/mdasilva/leonardo_work/EUR-11/NoTo-Europe/vert/MED-ERA5_mask.nc< by copying the first record.
cdo    ifthen: Filling up stream1 >/leonardo/home/userexternal/mdasilva/leonardo_work/EUR-11/NoTo-Europe/vert/MED-RegCM5_mask.nc< by copying the first record.
#### ### ... NEU ... ### ####
cdo    remapnn: Nearest neighbor weights from lonlat (360x180) to lonlat (1440x721) grid
cdo    remapnn: Nearest neighbor weights from lonlat (1440x721) to curvilinear (424x412) grid, with source mask (1032480)
cdo    remapnn: Nearest neighbor weights from curvilinear (424x412) to lonlat (1440x721) grid
cdo    remapnn: Nearest neighbor weights from lonlat (1440x721) to curvilinear (424x412) grid, with source mask (51677)
cdo    ifthen: Filling up stream1 >/leonardo/home/userexternal/mdasilva/leonardo_work/EUR-11/NoTo-Europe/vert/NEU-ERA5_mask.nc< by copying the first record.
cdo    ifthen: Filling up stream1 >/leonardo/home/userexternal/mdasilva/leonardo_work/EUR-11/NoTo-Europe/vert/NEU-RegCM5_mask.nc< by copying the first record.
#### ### ... WCE ... ### ####
cdo    remapnn: Nearest neighbor weights from lonlat (360x180) to lonlat (1440x721) grid
cdo    remapnn: Nearest neighbor weights from lonlat (1440x721) to curvilinear (424x412) grid, with source mask (1032480)
cdo    remapnn: Nearest neighbor weights from curvilinear (424x412) to lonlat (1440x721) grid
cdo    remapnn: Nearest neighbor weights from lonlat (1440x721) to curvilinear (424x412) grid, with source mask (51677)
cdo    ifthen: Filling up stream1 >/leonardo/home/userexternal/mdasilva/leonardo_work/EUR-11/NoTo-Europe/vert/WCE-ERA5_mask.nc< by copying the first record.
cdo    ifthen: Filling up stream1 >/leonardo/home/userexternal/mdasilva/leonardo_work/EUR-11/NoTo-Europe/vert/WCE-RegCM5_mask.nc< by copying the first record.
#### ... SON ... ####
#### ### ... MED ... ### ####
cdo    remapnn: Nearest neighbor weights from lonlat (360x180) to lonlat (1440x721) grid
cdo    remapnn: Nearest neighbor weights from lonlat (1440x721) to curvilinear (424x412) grid, with source mask (1032480)
cdo    remapnn: Nearest neighbor weights from curvilinear (424x412) to lonlat (1440x721) grid
cdo    remapnn: Nearest neighbor weights from lonlat (1440x721) to curvilinear (424x412) grid, with source mask (51677)
cdo    ifthen: Filling up stream1 >/leonardo/home/userexternal/mdasilva/leonardo_work/EUR-11/NoTo-Europe/vert/MED-ERA5_mask.nc< by copying the first record.
cdo    ifthen: Filling up stream1 >/leonardo/home/userexternal/mdasilva/leonardo_work/EUR-11/NoTo-Europe/vert/MED-RegCM5_mask.nc< by copying the first record.
#### ### ... NEU ... ### ####
cdo    remapnn: Nearest neighbor weights from lonlat (360x180) to lonlat (1440x721) grid
cdo    remapnn: Nearest neighbor weights from lonlat (1440x721) to curvilinear (424x412) grid, with source mask (1032480)
cdo    remapnn: Nearest neighbor weights from curvilinear (424x412) to lonlat (1440x721) grid
cdo    remapnn: Nearest neighbor weights from lonlat (1440x721) to curvilinear (424x412) grid, with source mask (51677)
cdo    ifthen: Filling up stream1 >/leonardo/home/userexternal/mdasilva/leonardo_work/EUR-11/NoTo-Europe/vert/NEU-ERA5_mask.nc< by copying the first record.
cdo    ifthen: Filling up stream1 >/leonardo/home/userexternal/mdasilva/leonardo_work/EUR-11/NoTo-Europe/vert/NEU-RegCM5_mask.nc< by copying the first record.
#### ### ... WCE ... ### ####
cdo    remapnn: Nearest neighbor weights from lonlat (360x180) to lonlat (1440x721) grid
cdo    remapnn: Nearest neighbor weights from lonlat (1440x721) to curvilinear (424x412) grid, with source mask (1032480)
cdo    remapnn: Nearest neighbor weights from curvilinear (424x412) to lonlat (1440x721) grid
cdo    remapnn: Nearest neighbor weights from lonlat (1440x721) to curvilinear (424x412) grid, with source mask (51677)
cdo    ifthen: Filling up stream1 >/leonardo/home/userexternal/mdasilva/leonardo_work/EUR-11/NoTo-Europe/vert/WCE-ERA5_mask.nc< by copying the first record.
cdo    ifthen: Filling up stream1 >/leonardo/home/userexternal/mdasilva/leonardo_work/EUR-11/NoTo-Europe/vert/WCE-RegCM5_mask.nc< by copying the first record.
#### vert-processing NoTo-Europe 2000-2001 rh ####
/leonardo/home/userexternal/mdasilva/leonardo_work/EUR-11/NoTo-Europe/pressure/EUR-11_ATM.2000010100_pressure.nc ..
/leonardo/home/userexternal/mdasilva/leonardo_work/EUR-11/NoTo-Europe/pressure/EUR-11_ATM.2000020100_pressure.nc ..
/leonardo/home/userexternal/mdasilva/leonardo_work/EUR-11/NoTo-Europe/pressure/EUR-11_ATM.2000030100_pressure.nc ..
/leonardo/home/userexternal/mdasilva/leonardo_work/EUR-11/NoTo-Europe/pressure/EUR-11_ATM.2000040100_pressure.nc ..
/leonardo/home/userexternal/mdasilva/leonardo_work/EUR-11/NoTo-Europe/pressure/EUR-11_ATM.2000050100_pressure.nc ..
/leonardo/home/userexternal/mdasilva/leonardo_work/EUR-11/NoTo-Europe/pressure/EUR-11_ATM.2000060100_pressure.nc ..
/leonardo/home/userexternal/mdasilva/leonardo_work/EUR-11/NoTo-Europe/pressure/EUR-11_ATM.2000070100_pressure.nc ..
/leonardo/home/userexternal/mdasilva/leonardo_work/EUR-11/NoTo-Europe/pressure/EUR-11_ATM.2000080100_pressure.nc ..
/leonardo/home/userexternal/mdasilva/leonardo_work/EUR-11/NoTo-Europe/pressure/EUR-11_ATM.2000090100_pressure.nc ..
/leonardo/home/userexternal/mdasilva/leonardo_work/EUR-11/NoTo-Europe/pressure/EUR-11_ATM.2000100100_pressure.nc ..
/leonardo/home/userexternal/mdasilva/leonardo_work/EUR-11/NoTo-Europe/pressure/EUR-11_ATM.2000110100_pressure.nc ..
/leonardo/home/userexternal/mdasilva/leonardo_work/EUR-11/NoTo-Europe/pressure/EUR-11_ATM.2000120100_pressure.nc ..
/leonardo/home/userexternal/mdasilva/leonardo_work/EUR-11/NoTo-Europe/pressure/EUR-11_ATM.2001010100_pressure.nc ..
/leonardo/home/userexternal/mdasilva/leonardo_work/EUR-11/NoTo-Europe/pressure/EUR-11_ATM.2001020100_pressure.nc ..
/leonardo/home/userexternal/mdasilva/leonardo_work/EUR-11/NoTo-Europe/pressure/EUR-11_ATM.2001030100_pressure.nc ..
/leonardo/home/userexternal/mdasilva/leonardo_work/EUR-11/NoTo-Europe/pressure/EUR-11_ATM.2001040100_pressure.nc ..
/leonardo/home/userexternal/mdasilva/leonardo_work/EUR-11/NoTo-Europe/pressure/EUR-11_ATM.2001050100_pressure.nc ..
/leonardo/home/userexternal/mdasilva/leonardo_work/EUR-11/NoTo-Europe/pressure/EUR-11_ATM.2001060100_pressure.nc ..
/leonardo/home/userexternal/mdasilva/leonardo_work/EUR-11/NoTo-Europe/pressure/EUR-11_ATM.2001070100_pressure.nc ..
/leonardo/home/userexternal/mdasilva/leonardo_work/EUR-11/NoTo-Europe/pressure/EUR-11_ATM.2001080100_pressure.nc ..
/leonardo/home/userexternal/mdasilva/leonardo_work/EUR-11/NoTo-Europe/pressure/EUR-11_ATM.2001090100_pressure.nc ..
/leonardo/home/userexternal/mdasilva/leonardo_work/EUR-11/NoTo-Europe/pressure/EUR-11_ATM.2001100100_pressure.nc ..
/leonardo/home/userexternal/mdasilva/leonardo_work/EUR-11/NoTo-Europe/pressure/EUR-11_ATM.2001110100_pressure.nc ..
/leonardo/home/userexternal/mdasilva/leonardo_work/EUR-11/NoTo-Europe/pressure/EUR-11_ATM.2001120100_pressure.nc ..
#### ... DJF ... ####
#### ### ... MED ... ### ####
cdo    remapnn: Nearest neighbor weights from lonlat (360x180) to lonlat (1440x721) grid
cdo    remapnn: Nearest neighbor weights from lonlat (1440x721) to curvilinear (424x412) grid, with source mask (1032480)
cdo    remapnn: Nearest neighbor weights from curvilinear (424x412) to lonlat (1440x721) grid
cdo    remapnn: Nearest neighbor weights from lonlat (1440x721) to curvilinear (424x412) grid, with source mask (51677)
cdo    ifthen: Filling up stream1 >/leonardo/home/userexternal/mdasilva/leonardo_work/EUR-11/NoTo-Europe/vert/MED-ERA5_mask.nc< by copying the first record.
cdo    ifthen: Filling up stream1 >/leonardo/home/userexternal/mdasilva/leonardo_work/EUR-11/NoTo-Europe/vert/MED-RegCM5_mask.nc< by copying the first record.
#### ### ... NEU ... ### ####
cdo    remapnn: Nearest neighbor weights from lonlat (360x180) to lonlat (1440x721) grid
cdo    remapnn: Nearest neighbor weights from lonlat (1440x721) to curvilinear (424x412) grid, with source mask (1032480)
cdo    remapnn: Nearest neighbor weights from curvilinear (424x412) to lonlat (1440x721) grid
cdo    remapnn: Nearest neighbor weights from lonlat (1440x721) to curvilinear (424x412) grid, with source mask (51677)
cdo    ifthen: Filling up stream1 >/leonardo/home/userexternal/mdasilva/leonardo_work/EUR-11/NoTo-Europe/vert/NEU-ERA5_mask.nc< by copying the first record.
cdo    ifthen: Filling up stream1 >/leonardo/home/userexternal/mdasilva/leonardo_work/EUR-11/NoTo-Europe/vert/NEU-RegCM5_mask.nc< by copying the first record.
#### ### ... WCE ... ### ####
cdo    remapnn: Nearest neighbor weights from lonlat (360x180) to lonlat (1440x721) grid
cdo    remapnn: Nearest neighbor weights from lonlat (1440x721) to curvilinear (424x412) grid, with source mask (1032480)
cdo    remapnn: Nearest neighbor weights from curvilinear (424x412) to lonlat (1440x721) grid
cdo    remapnn: Nearest neighbor weights from lonlat (1440x721) to curvilinear (424x412) grid, with source mask (51677)
cdo    ifthen: Filling up stream1 >/leonardo/home/userexternal/mdasilva/leonardo_work/EUR-11/NoTo-Europe/vert/WCE-ERA5_mask.nc< by copying the first record.
cdo    ifthen: Filling up stream1 >/leonardo/home/userexternal/mdasilva/leonardo_work/EUR-11/NoTo-Europe/vert/WCE-RegCM5_mask.nc< by copying the first record.
#### ... MAM ... ####
#### ### ... MED ... ### ####
cdo    remapnn: Nearest neighbor weights from lonlat (360x180) to lonlat (1440x721) grid
cdo    remapnn: Nearest neighbor weights from lonlat (1440x721) to curvilinear (424x412) grid, with source mask (1032480)
cdo    remapnn: Nearest neighbor weights from curvilinear (424x412) to lonlat (1440x721) grid
cdo    remapnn: Nearest neighbor weights from lonlat (1440x721) to curvilinear (424x412) grid, with source mask (51677)
cdo    ifthen: Filling up stream1 >/leonardo/home/userexternal/mdasilva/leonardo_work/EUR-11/NoTo-Europe/vert/MED-ERA5_mask.nc< by copying the first record.
cdo    ifthen: Filling up stream1 >/leonardo/home/userexternal/mdasilva/leonardo_work/EUR-11/NoTo-Europe/vert/MED-RegCM5_mask.nc< by copying the first record.
#### ### ... NEU ... ### ####
cdo    remapnn: Nearest neighbor weights from lonlat (360x180) to lonlat (1440x721) grid
cdo    remapnn: Nearest neighbor weights from lonlat (1440x721) to curvilinear (424x412) grid, with source mask (1032480)
cdo    remapnn: Nearest neighbor weights from curvilinear (424x412) to lonlat (1440x721) grid
cdo    remapnn: Nearest neighbor weights from lonlat (1440x721) to curvilinear (424x412) grid, with source mask (51677)
cdo    ifthen: Filling up stream1 >/leonardo/home/userexternal/mdasilva/leonardo_work/EUR-11/NoTo-Europe/vert/NEU-ERA5_mask.nc< by copying the first record.
cdo    ifthen: Filling up stream1 >/leonardo/home/userexternal/mdasilva/leonardo_work/EUR-11/NoTo-Europe/vert/NEU-RegCM5_mask.nc< by copying the first record.
#### ### ... WCE ... ### ####
cdo    remapnn: Nearest neighbor weights from lonlat (360x180) to lonlat (1440x721) grid
cdo    remapnn: Nearest neighbor weights from lonlat (1440x721) to curvilinear (424x412) grid, with source mask (1032480)
cdo    remapnn: Nearest neighbor weights from curvilinear (424x412) to lonlat (1440x721) grid
cdo    remapnn: Nearest neighbor weights from lonlat (1440x721) to curvilinear (424x412) grid, with source mask (51677)
cdo    ifthen: Filling up stream1 >/leonardo/home/userexternal/mdasilva/leonardo_work/EUR-11/NoTo-Europe/vert/WCE-ERA5_mask.nc< by copying the first record.
cdo    ifthen: Filling up stream1 >/leonardo/home/userexternal/mdasilva/leonardo_work/EUR-11/NoTo-Europe/vert/WCE-RegCM5_mask.nc< by copying the first record.
#### ... JJA ... ####
#### ### ... MED ... ### ####
cdo    remapnn: Nearest neighbor weights from lonlat (360x180) to lonlat (1440x721) grid
cdo    remapnn: Nearest neighbor weights from lonlat (1440x721) to curvilinear (424x412) grid, with source mask (1032480)
cdo    remapnn: Nearest neighbor weights from curvilinear (424x412) to lonlat (1440x721) grid
cdo    remapnn: Nearest neighbor weights from lonlat (1440x721) to curvilinear (424x412) grid, with source mask (51677)
cdo    ifthen: Filling up stream1 >/leonardo/home/userexternal/mdasilva/leonardo_work/EUR-11/NoTo-Europe/vert/MED-ERA5_mask.nc< by copying the first record.
cdo    ifthen: Filling up stream1 >/leonardo/home/userexternal/mdasilva/leonardo_work/EUR-11/NoTo-Europe/vert/MED-RegCM5_mask.nc< by copying the first record.
#### ### ... NEU ... ### ####
cdo    remapnn: Nearest neighbor weights from lonlat (360x180) to lonlat (1440x721) grid
cdo    remapnn: Nearest neighbor weights from lonlat (1440x721) to curvilinear (424x412) grid, with source mask (1032480)
cdo    remapnn: Nearest neighbor weights from curvilinear (424x412) to lonlat (1440x721) grid
cdo    remapnn: Nearest neighbor weights from lonlat (1440x721) to curvilinear (424x412) grid, with source mask (51677)
cdo    ifthen: Filling up stream1 >/leonardo/home/userexternal/mdasilva/leonardo_work/EUR-11/NoTo-Europe/vert/NEU-ERA5_mask.nc< by copying the first record.
cdo    ifthen: Filling up stream1 >/leonardo/home/userexternal/mdasilva/leonardo_work/EUR-11/NoTo-Europe/vert/NEU-RegCM5_mask.nc< by copying the first record.
#### ### ... WCE ... ### ####
cdo    remapnn: Nearest neighbor weights from lonlat (360x180) to lonlat (1440x721) grid
cdo    remapnn: Nearest neighbor weights from lonlat (1440x721) to curvilinear (424x412) grid, with source mask (1032480)
cdo    remapnn: Nearest neighbor weights from curvilinear (424x412) to lonlat (1440x721) grid
cdo    remapnn: Nearest neighbor weights from lonlat (1440x721) to curvilinear (424x412) grid, with source mask (51677)
cdo    ifthen: Filling up stream1 >/leonardo/home/userexternal/mdasilva/leonardo_work/EUR-11/NoTo-Europe/vert/WCE-ERA5_mask.nc< by copying the first record.
cdo    ifthen: Filling up stream1 >/leonardo/home/userexternal/mdasilva/leonardo_work/EUR-11/NoTo-Europe/vert/WCE-RegCM5_mask.nc< by copying the first record.
#### ... SON ... ####
#### ### ... MED ... ### ####
cdo    remapnn: Nearest neighbor weights from lonlat (360x180) to lonlat (1440x721) grid
cdo    remapnn: Nearest neighbor weights from lonlat (1440x721) to curvilinear (424x412) grid, with source mask (1032480)
cdo    remapnn: Nearest neighbor weights from curvilinear (424x412) to lonlat (1440x721) grid
cdo    remapnn: Nearest neighbor weights from lonlat (1440x721) to curvilinear (424x412) grid, with source mask (51677)
cdo    ifthen: Filling up stream1 >/leonardo/home/userexternal/mdasilva/leonardo_work/EUR-11/NoTo-Europe/vert/MED-ERA5_mask.nc< by copying the first record.
cdo    ifthen: Filling up stream1 >/leonardo/home/userexternal/mdasilva/leonardo_work/EUR-11/NoTo-Europe/vert/MED-RegCM5_mask.nc< by copying the first record.
#### ### ... NEU ... ### ####
cdo    remapnn: Nearest neighbor weights from lonlat (360x180) to lonlat (1440x721) grid
cdo    remapnn: Nearest neighbor weights from lonlat (1440x721) to curvilinear (424x412) grid, with source mask (1032480)
cdo    remapnn: Nearest neighbor weights from curvilinear (424x412) to lonlat (1440x721) grid
cdo    remapnn: Nearest neighbor weights from lonlat (1440x721) to curvilinear (424x412) grid, with source mask (51677)
cdo    ifthen: Filling up stream1 >/leonardo/home/userexternal/mdasilva/leonardo_work/EUR-11/NoTo-Europe/vert/NEU-ERA5_mask.nc< by copying the first record.
cdo    ifthen: Filling up stream1 >/leonardo/home/userexternal/mdasilva/leonardo_work/EUR-11/NoTo-Europe/vert/NEU-RegCM5_mask.nc< by copying the first record.
#### ### ... WCE ... ### ####
cdo    remapnn: Nearest neighbor weights from lonlat (360x180) to lonlat (1440x721) grid
cdo    remapnn: Nearest neighbor weights from lonlat (1440x721) to curvilinear (424x412) grid, with source mask (1032480)
cdo    remapnn: Nearest neighbor weights from curvilinear (424x412) to lonlat (1440x721) grid
cdo    remapnn: Nearest neighbor weights from lonlat (1440x721) to curvilinear (424x412) grid, with source mask (51677)
cdo    ifthen: Filling up stream1 >/leonardo/home/userexternal/mdasilva/leonardo_work/EUR-11/NoTo-Europe/vert/WCE-ERA5_mask.nc< by copying the first record.
cdo    ifthen: Filling up stream1 >/leonardo/home/userexternal/mdasilva/leonardo_work/EUR-11/NoTo-Europe/vert/WCE-RegCM5_mask.nc< by copying the first record.
#### process complete! ####
