[mpiexec@lrdn4533.leonardo.local] Error: Unable to run bstrap_proxy (pid 2364036, exit code 59648)
[mpiexec@lrdn4533.leonardo.local] poll_for_event (../../../../../src/pm/i_hydra/libhydra/demux/hydra_demux_poll.c:157): check exit codes error
[mpiexec@lrdn4533.leonardo.local] HYD_dmx_poll_wait_for_proxy_event (../../../../../src/pm/i_hydra/libhydra/demux/hydra_demux_poll.c:206): poll for event error
[mpiexec@lrdn4533.leonardo.local] HYD_bstrap_setup (../../../../../src/pm/i_hydra/libhydra/bstrap/src/intel/i_hydra_bstrap.c:1063): error waiting for event
[mpiexec@lrdn4533.leonardo.local] Error setting up the bootstrap proxies
[mpiexec@lrdn4533.leonardo.local] Possible reasons:
[mpiexec@lrdn4533.leonardo.local] 1. Host is unavailable. Please check that all hosts are available.
[mpiexec@lrdn4533.leonardo.local] 2. Cannot launch hydra_bstrap_proxy or it crashed on one of the hosts.
[mpiexec@lrdn4533.leonardo.local]    Make sure hydra_bstrap_proxy is available on all hosts and it has right permissions.
[mpiexec@lrdn4533.leonardo.local] 3. Firewall refused connection.
[mpiexec@lrdn4533.leonardo.local]    Check that enough ports are allowed in the firewall and specify them with the I_MPI_PORT_RANGE variable.
[mpiexec@lrdn4533.leonardo.local] 4. slurm bootstrap cannot launch processes on remote host.
[mpiexec@lrdn4533.leonardo.local]    You may try using -bootstrap option to select alternative launcher.
srun: error: Task launch for StepId=40260042.0 failed on node lrdn4710: Communication connection failure
srun: error: Task launch for StepId=40260042.0 failed on node lrdn4729: Communication connection failure
srun: error: Task launch for StepId=40260042.0 failed on node lrdn4726: Communication connection failure
srun: error: Task launch for StepId=40260042.0 failed on node lrdn4720: Communication connection failure
srun: error: Task launch for StepId=40260042.0 failed on node lrdn4689: Communication connection failure
srun: error: Task launch for StepId=40260042.0 failed on node lrdn4707: Communication connection failure
srun: error: Task launch for StepId=40260042.0 failed on node lrdn4717: Communication connection failure
srun: error: Task launch for StepId=40260042.0 failed on node lrdn4723: Communication connection failure
srun: error: Task launch for StepId=40260042.0 failed on node lrdn4713: Communication connection failure
srun: error: Application launch failed: Communication connection failure
srun: Job step aborted: Waiting up to 122 seconds for job step to finish.
slurmstepd: error: *** STEP 40260042.0 ON lrdn4533 CANCELLED AT 2026-04-28T12:27:22 ***
srun: error: lrdn4533: task 0: Killed
srun: error: lrdn4534: task 1: Killed
srun: error: lrdn4538: task 5: Killed
srun: error: lrdn4535: task 2: Killed
srun: error: lrdn4539: task 6: Killed
srun: error: lrdn4537: task 4: Killed
srun: error: lrdn4536: task 3: Killed
srun: Force Terminated StepId=40260042.0
ERROR: Simulation ended abruptly!!!
