[lrdn4451:584147:0:584147] ib_mlx5_log.c:177  Transport retry count exceeded on mlx5_0:1/IB (synd 0x15 vend 0x81 hw_synd 0/0)
[lrdn4451:584147:0:584147] ib_mlx5_log.c:177  DCI QP 0x18906 wqe[48488]: SEND s-e [rqpn 0x64f5 rlid 11147] [inl len 18] 
[lrdn4451:584211:0:584211] ib_mlx5_log.c:177  Transport retry count exceeded on mlx5_0:1/IB (synd 0x15 vend 0x81 hw_synd 0/0)
[lrdn4451:584211:0:584211] ib_mlx5_log.c:177  DCI QP 0x18b98 wqe[13222]: SEND s-e [rqpn 0x627d rlid 11147] [inl len 18] 
forrtl: error (76): Abort trap signal
Image              PC                Routine            Line        Source             
libpthread-2.28.s  00001483FB430CF0  Unknown               Unknown  Unknown
libc-2.28.so       00001483FA4E1ACF  gsignal               Unknown  Unknown
libc-2.28.so       00001483FA4B4EA5  abort                 Unknown  Unknown
libucs.so.0.0.0    0000147F9C9E1216  Unknown               Unknown  Unknown
libucs.so.0.0.0    0000147F9C9E5C1E  ucs_log_default_h     Unknown  Unknown
libucs.so.0.0.0    0000147F9C9E5F7C  ucs_log_dispatch      Unknown  Unknown
libuct_ib.so.0.0.  0000147F9C534E92  uct_ib_mlx5_compl     Unknown  Unknown
libuct_ib.so.0.0.  0000147F9C563A6B  uct_dc_mlx5_ep_ha     Unknown  Unknown
libuct_ib.so.0.0.  0000147F9C536BDD  uct_ib_mlx5_check     Unknown  Unknown
libuct_ib.so.0.0.  0000147F9C565FF7  Unknown               Unknown  Unknown
libucp.so.0.0.0    0000147F9CE9FEAA  ucp_worker_progre     Unknown  Unknown
libmlx-fi.so       0000147F9D138DF1  Unknown               Unknown  Unknown
libmlx-fi.so       0000147F9D151EAD  Unknown               Unknown  Unknown
libmlx-fi.so       0000147F9D15139B  Unknown               Unknown  Unknown
libmpi.so.12.0.0   00001483FC1A8E40  Unknown               Unknown  Unknown
libmpi.so.12.0.0   00001483FBEDC2FD  Unknown               Unknown  Unknown
libmpi.so.12.0.0   00001483FBBA22D1  Unknown               Unknown  Unknown
libmpi.so.12.0.0   00001483FBBA1670  Unknown               Unknown  Unknown
libmpi.so.12.0.0   00001483FBDD60FF  Unknown               Unknown  Unknown
libmpi.so.12.0.0   00001483FBC6A306  Unknown               Unknown  Unknown
libmpi.so.12.0.0   00001483FBDC1025  Unknown               Unknown  Unknown
libmpi.so.12.0.0   00001483FBBD9559  MPI_Gatherv           Unknown  Unknown
libmpifort.so.12.  00001483FD607D4F  PMPI_GATHERV          Unknown  Unknown
regcmMPICLM45_cor  0000000001074465  Unknown               Unknown  Unknown
regcmMPICLM45_cor  00000000010D39EC  Unknown               Unknown  Unknown
regcmMPICLM45_cor  00000000007417DE  Unknown               Unknown  Unknown
regcmMPICLM45_cor  0000000000932C33  Unknown               Unknown  Unknown
regcmMPICLM45_cor  00000000004152ED  Unknown               Unknown  Unknown
libc-2.28.so       00001483FA4CDD85  __libc_start_main     Unknown  Unknown
regcmMPICLM45_cor  000000000041520E  Unknown               Unknown  Unknown
forrtl: error (76): Abort trap signal
Image              PC                Routine            Line        Source             
libpthread-2.28.s  000014639FF02CF0  Unknown               Unknown  Unknown
libc-2.28.so       000014639EFB3ACF  gsignal               Unknown  Unknown
libc-2.28.so       000014639EF86EA5  abort                 Unknown  Unknown
libucs.so.0.0.0    0000145F414B3216  Unknown               Unknown  Unknown
libucs.so.0.0.0    0000145F414B7C1E  ucs_log_default_h     Unknown  Unknown
libucs.so.0.0.0    0000145F414B7F7C  ucs_log_dispatch      Unknown  Unknown
libuct_ib.so.0.0.  0000145F41006E92  uct_ib_mlx5_compl     Unknown  Unknown
libuct_ib.so.0.0.  0000145F41035A6B  uct_dc_mlx5_ep_ha     Unknown  Unknown
libuct_ib.so.0.0.  0000145F41008BDD  uct_ib_mlx5_check     Unknown  Unknown
libuct_ib.so.0.0.  0000145F41037FF7  Unknown               Unknown  Unknown
libucp.so.0.0.0    0000145F41971EAA  ucp_worker_progre     Unknown  Unknown
libmlx-fi.so       0000145F41C0ADF1  Unknown               Unknown  Unknown
libmlx-fi.so       0000145F41C23EAD  Unknown               Unknown  Unknown
libmlx-fi.so       0000145F41C2339B  Unknown               Unknown  Unknown
libmpi.so.12.0.0   00001463A0C7AE40  Unknown               Unknown  Unknown
libmpi.so.12.0.0   00001463A081F715  Unknown               Unknown  Unknown
libmpi.so.12.0.0   00001463A0DAA671  Unknown               Unknown  Unknown
libmpi.so.12.0.0   00001463A09ADBD7  Unknown               Unknown  Unknown
libmpi.so.12.0.0   00001463A06742D1  Unknown               Unknown  Unknown
libmpi.so.12.0.0   00001463A0673670  Unknown               Unknown  Unknown
libmpi.so.12.0.0   00001463A08A80FF  Unknown               Unknown  Unknown
libmpi.so.12.0.0   00001463A073C306  Unknown               Unknown  Unknown
libmpi.so.12.0.0   00001463A0893025  Unknown               Unknown  Unknown
libmpi.so.12.0.0   00001463A06AB559  MPI_Gatherv           Unknown  Unknown
libmpifort.so.12.  00001463A20D9D4F  PMPI_GATHERV          Unknown  Unknown
regcmMPICLM45_cor  0000000001074465  Unknown               Unknown  Unknown
regcmMPICLM45_cor  00000000010D39EC  Unknown               Unknown  Unknown
regcmMPICLM45_cor  00000000007417DE  Unknown               Unknown  Unknown
regcmMPICLM45_cor  0000000000932C33  Unknown               Unknown  Unknown
regcmMPICLM45_cor  00000000004152ED  Unknown               Unknown  Unknown
libc-2.28.so       000014639EF9FD85  __libc_start_main     Unknown  Unknown
regcmMPICLM45_cor  000000000041520E  Unknown               Unknown  Unknown
ERROR: Simulation ended abruptly!!!
Unknown ERROR Detected at 2002-06-06 19!
