[lrdn4726:2399263:0:2399263] ib_mlx5_log.c:177  Transport retry count exceeded on mlx5_0:1/IB (synd 0x15 vend 0x81 hw_synd 0/0)
[lrdn4726:2399263:0:2399263] ib_mlx5_log.c:177  DCI QP 0xa404 wqe[7350]: SEND s-e [rqpn 0x14eee rlid 15847] [inl len 18] 
forrtl: error (76): Abort trap signal
Image              PC                Routine            Line        Source             
libpthread-2.28.s  00001471EDD35CF0  Unknown               Unknown  Unknown
libc-2.28.so       00001471ED55EAFF  gsignal               Unknown  Unknown
libc-2.28.so       00001471ED531EA5  abort                 Unknown  Unknown
libucs.so.0.0.0    0000146D9385DD46  Unknown               Unknown  Unknown
libucs.so.0.0.0    0000146D938626A4  ucs_log_default_h     Unknown  Unknown
libucs.so.0.0.0    0000146D938629C4  ucs_log_dispatch      Unknown  Unknown
libuct_ib.so.0.0.  0000146D933BC4FA  uct_ib_mlx5_compl     Unknown  Unknown
libuct_ib.so.0.0.  0000146D933E568B  uct_dc_mlx5_ep_ha     Unknown  Unknown
libuct_ib.so.0.0.  0000146D933BDF9D  uct_ib_mlx5_check     Unknown  Unknown
libuct_ib.so.0.0.  0000146D933E7C32  Unknown               Unknown  Unknown
libucp.so.0.0.0    0000146D93D0E81A  ucp_worker_progre     Unknown  Unknown
libmlx-fi.so       0000146D93F97DF1  Unknown               Unknown  Unknown
libmlx-fi.so       0000146D93FB0EAD  Unknown               Unknown  Unknown
libmlx-fi.so       0000146D93FB039B  Unknown               Unknown  Unknown
libmpi.so.12.0.0   00001471EEA9FE40  Unknown               Unknown  Unknown
libmpi.so.12.0.0   00001471EE7D32FD  Unknown               Unknown  Unknown
libmpi.so.12.0.0   00001471EE776AB4  Unknown               Unknown  Unknown
libmpi.so.12.0.0   00001471EE777FFA  Unknown               Unknown  Unknown
libmpi.so.12.0.0   00001471EE59669F  Unknown               Unknown  Unknown
libmpi.so.12.0.0   00001471EE561453  Unknown               Unknown  Unknown
libmpi.so.12.0.0   00001471EE6B7646  Unknown               Unknown  Unknown
libmpi.so.12.0.0   00001471EE4CE467  PMPI_Gather           Unknown  Unknown
libmpifort.so.12.  00001471EFEFEB5E  PMPI_GATHER           Unknown  Unknown
regcmMPICLM45      0000000000BA72A9  Unknown               Unknown  Unknown
regcmMPICLM45      0000000000BB2294  Unknown               Unknown  Unknown
regcmMPICLM45      0000000000C817E5  Unknown               Unknown  Unknown
regcmMPICLM45      0000000000539E9D  Unknown               Unknown  Unknown
regcmMPICLM45      0000000000416336  Unknown               Unknown  Unknown
regcmMPICLM45      00000000005EBA84  Unknown               Unknown  Unknown
regcmMPICLM45      000000000041544D  Unknown               Unknown  Unknown
libc-2.28.so       00001471ED54AD85  __libc_start_main     Unknown  Unknown
regcmMPICLM45      000000000041536E  Unknown               Unknown  Unknown
ERROR: Simulation ended abruptly!!!
Unknown ERROR Detected at 2000-10-11 08!
