[lrdn3926:792846:0:792846] ib_mlx5_log.c:177  Transport retry count exceeded on mlx5_0:1/IB (synd 0x15 vend 0x81 hw_synd 0/0)
[lrdn3926:792846:0:792846] ib_mlx5_log.c:177  DCI QP 0x18cbd wqe[62652]: SEND s-e [rqpn 0x17b23 rlid 5075] [inl len 18] 
[lrdn3926:792910:0:792910] ib_mlx5_log.c:177  Transport retry count exceeded on mlx5_0:1/IB (synd 0x15 vend 0x81 hw_synd 0/0)
[lrdn3926:792910:0:792910] ib_mlx5_log.c:177  DCI QP 0x18ca6 wqe[61728]: SEND s-e [rqpn 0x17d09 rlid 5075] [inl len 18] 
forrtl: error (76): Abort trap signal
Image              PC                Routine            Line        Source             
libpthread-2.28.s  00001547A436CCF0  Unknown               Unknown  Unknown
libc-2.28.so       00001547A3B95AFF  gsignal               Unknown  Unknown
libc-2.28.so       00001547A3B68EA5  abort                 Unknown  Unknown
libucs.so.0.0.0    0000154349E94D46  Unknown               Unknown  Unknown
libucs.so.0.0.0    0000154349E996A4  ucs_log_default_h     Unknown  Unknown
libucs.so.0.0.0    0000154349E999C4  ucs_log_dispatch      Unknown  Unknown
libuct_ib.so.0.0.  00001543499F34FA  uct_ib_mlx5_compl     Unknown  Unknown
libuct_ib.so.0.0.  0000154349A1C68B  uct_dc_mlx5_ep_ha     Unknown  Unknown
libuct_ib.so.0.0.  00001543499F4F9D  uct_ib_mlx5_check     Unknown  Unknown
libuct_ib.so.0.0.  0000154349A1EC32  Unknown               Unknown  Unknown
libucp.so.0.0.0    000015434A34581A  ucp_worker_progre     Unknown  Unknown
libmlx-fi.so       000015434A5CEDF1  Unknown               Unknown  Unknown
libmlx-fi.so       000015434A5E7EAD  Unknown               Unknown  Unknown
libmlx-fi.so       000015434A5E739B  Unknown               Unknown  Unknown
libmpi.so.12.0.0   00001547A50D6E40  Unknown               Unknown  Unknown
libmpi.so.12.0.0   00001547A4C7B715  Unknown               Unknown  Unknown
libmpi.so.12.0.0   00001547A5206671  Unknown               Unknown  Unknown
libmpi.so.12.0.0   00001547A4E09BD7  Unknown               Unknown  Unknown
libmpi.so.12.0.0   00001547A4DADAB4  Unknown               Unknown  Unknown
libmpi.so.12.0.0   00001547A4DAEFFA  Unknown               Unknown  Unknown
libmpi.so.12.0.0   00001547A4BCD69F  Unknown               Unknown  Unknown
libmpi.so.12.0.0   00001547A4B98453  Unknown               Unknown  Unknown
libmpi.so.12.0.0   00001547A4CEE646  Unknown               Unknown  Unknown
libmpi.so.12.0.0   00001547A4B05467  PMPI_Gather           Unknown  Unknown
libmpifort.so.12.  00001547A6535B5E  PMPI_GATHER           Unknown  Unknown
regcmMPICLM45      0000000000BA67B9  Unknown               Unknown  Unknown
regcmMPICLM45      0000000000BB17A4  Unknown               Unknown  Unknown
regcmMPICLM45      0000000000C80C15  Unknown               Unknown  Unknown
regcmMPICLM45      000000000053981D  Unknown               Unknown  Unknown
regcmMPICLM45      0000000000416336  Unknown               Unknown  Unknown
regcmMPICLM45      00000000005EB434  Unknown               Unknown  Unknown
regcmMPICLM45      000000000041544D  Unknown               Unknown  Unknown
libc-2.28.so       00001547A3B81D85  __libc_start_main     Unknown  Unknown
regcmMPICLM45      000000000041536E  Unknown               Unknown  Unknown
forrtl: error (76): Abort trap signal
Image              PC                Routine            Line        Source             
libpthread-2.28.s  000015176DBF9CF0  Unknown               Unknown  Unknown
libc-2.28.so       000015176D422AFF  gsignal               Unknown  Unknown
libc-2.28.so       000015176D3F5EA5  abort                 Unknown  Unknown
libucs.so.0.0.0    0000151313721D46  Unknown               Unknown  Unknown
libucs.so.0.0.0    00001513137266A4  ucs_log_default_h     Unknown  Unknown
libucs.so.0.0.0    00001513137269C4  ucs_log_dispatch      Unknown  Unknown
libuct_ib.so.0.0.  00001513132804FA  uct_ib_mlx5_compl     Unknown  Unknown
libuct_ib.so.0.0.  00001513132A968B  uct_dc_mlx5_ep_ha     Unknown  Unknown
libuct_ib.so.0.0.  0000151313281F9D  uct_ib_mlx5_check     Unknown  Unknown
libuct_ib.so.0.0.  00001513132ABC32  Unknown               Unknown  Unknown
libucp.so.0.0.0    0000151313BD281A  ucp_worker_progre     Unknown  Unknown
libmlx-fi.so       0000151313E5BDF1  Unknown               Unknown  Unknown
libmlx-fi.so       0000151313E74EAD  Unknown               Unknown  Unknown
libmlx-fi.so       0000151313E7439B  Unknown               Unknown  Unknown
libmpi.so.12.0.0   000015176E963E40  Unknown               Unknown  Unknown
libmpi.so.12.0.0   000015176E6972FD  Unknown               Unknown  Unknown
libmpi.so.12.0.0   000015176E63AAB4  Unknown               Unknown  Unknown
libmpi.so.12.0.0   000015176E63BFFA  Unknown               Unknown  Unknown
libmpi.so.12.0.0   000015176E45A69F  Unknown               Unknown  Unknown
libmpi.so.12.0.0   000015176E425453  Unknown               Unknown  Unknown
libmpi.so.12.0.0   000015176E57B646  Unknown               Unknown  Unknown
libmpi.so.12.0.0   000015176E392467  PMPI_Gather           Unknown  Unknown
libmpifort.so.12.  000015176FDC2B5E  PMPI_GATHER           Unknown  Unknown
regcmMPICLM45      0000000000BA67B9  Unknown               Unknown  Unknown
regcmMPICLM45      0000000000BB17A4  Unknown               Unknown  Unknown
regcmMPICLM45      0000000000C80C15  Unknown               Unknown  Unknown
regcmMPICLM45      000000000053981D  Unknown               Unknown  Unknown
regcmMPICLM45      0000000000416336  Unknown               Unknown  Unknown
regcmMPICLM45      00000000005EB434  Unknown               Unknown  Unknown
regcmMPICLM45      000000000041544D  Unknown               Unknown  Unknown
libc-2.28.so       000015176D40ED85  __libc_start_main     Unknown  Unknown
regcmMPICLM45      000000000041536E  Unknown               Unknown  Unknown
[mpiexec@lrdn3523.leonardo.local] check_downstream_work_complition (../../../../../src/pm/i_hydra/mpiexec/mpiexec.c:1303): downstream from host lrdn3968 exited abnormally
[mpiexec@lrdn3523.leonardo.local] check_downstream_work_complition (../../../../../src/pm/i_hydra/mpiexec/mpiexec.c:1307): trying to close other downstreams
ERROR: Simulation ended abruptly!!!
Unknown ERROR Detected at 1999-08-09 04!
