
  This is icbc part of the RegCM version 5
   SVN Revision: 5.0.1 compiled at: data : Dec 03 2024  time: 16:32:23

 : this run start at    : 2025-02-12 17:42:08+0100
 : it is submitted by   : mdasilva
 : it is running on     : lrdn4850.leonardo.local
 : in directory         : 
 /leonardo/home/userexternal/mdasilva/github_projects/shell/ictp/regcm_exp/corde
 x5_v2
                       
 Using Moloch non-hydrostatic dynamical core
 GLOBIDATE1 :  2007-01-01 00:00:00 UTC        
 GLOBIDATE2 :  2008-01-01 00:00:00 UTC        
 NSTEPS     :         1461
 Computing weights, R =      38.89632416 .......... Done.
 Computing weights, R =      38.89632416 .......... Done.
 Computing weights, R =      38.89632416 .......... Done.
      131072 /leonardo_work/ICT24_ESP/RCMDATA//ERA5/2007/tatm_2007_01.nc
  2.077799176783429E-003   250.592901835275     
      196608 /leonardo_work/ICT24_ESP/RCMDATA//ERA5/2007/geop_2007_01.nc
   7.62781781936200        244876.731012965     
      262144 /leonardo_work/ICT24_ESP/RCMDATA//ERA5/2007/qhum_2007_01.nc
  3.766432925966678E-007  1.225585306579900E-002
      327680 /leonardo_work/ICT24_ESP/RCMDATA//ERA5/2007/uwnd_2007_01.nc
  5.107569552267560E-003   13.0911199212786     
      393216 /leonardo_work/ICT24_ESP/RCMDATA//ERA5/2007/vwnd_2007_01.nc
  4.682993682572139E-003  -1.84444354762254     
 READ IN fields at DATE: 2007-01-01 00:00:00 UTC        
 READ IN fields at DATE: 2007-01-01 06:00:00 UTC        
 READ IN fields at DATE: 2007-01-01 12:00:00 UTC        
 READ IN fields at DATE: 2007-01-01 18:00:00 UTC        
 READ IN fields at DATE: 2007-01-02 00:00:00 UTC        
 READ IN fields at DATE: 2007-01-02 06:00:00 UTC        
 READ IN fields at DATE: 2007-01-02 12:00:00 UTC        
 READ IN fields at DATE: 2007-01-02 18:00:00 UTC        
 READ IN fields at DATE: 2007-01-03 00:00:00 UTC        
 READ IN fields at DATE: 2007-01-03 06:00:00 UTC        
 READ IN fields at DATE: 2007-01-03 12:00:00 UTC        
 READ IN fields at DATE: 2007-01-03 18:00:00 UTC        
 READ IN fields at DATE: 2007-01-04 00:00:00 UTC        
 READ IN fields at DATE: 2007-01-04 06:00:00 UTC        
 READ IN fields at DATE: 2007-01-04 12:00:00 UTC        
 READ IN fields at DATE: 2007-01-04 18:00:00 UTC        
 READ IN fields at DATE: 2007-01-05 00:00:00 UTC        
 READ IN fields at DATE: 2007-01-05 06:00:00 UTC        
 READ IN fields at DATE: 2007-01-05 12:00:00 UTC        
 READ IN fields at DATE: 2007-01-05 18:00:00 UTC        
 READ IN fields at DATE: 2007-01-06 00:00:00 UTC        
 READ IN fields at DATE: 2007-01-06 06:00:00 UTC        
 READ IN fields at DATE: 2007-01-06 12:00:00 UTC        
 READ IN fields at DATE: 2007-01-06 18:00:00 UTC        
 READ IN fields at DATE: 2007-01-07 00:00:00 UTC        
 READ IN fields at DATE: 2007-01-07 06:00:00 UTC        
 READ IN fields at DATE: 2007-01-07 12:00:00 UTC        
 READ IN fields at DATE: 2007-01-07 18:00:00 UTC        
 READ IN fields at DATE: 2007-01-08 00:00:00 UTC        
 READ IN fields at DATE: 2007-01-08 06:00:00 UTC        
 READ IN fields at DATE: 2007-01-08 12:00:00 UTC        
 READ IN fields at DATE: 2007-01-08 18:00:00 UTC        
 READ IN fields at DATE: 2007-01-09 00:00:00 UTC        
 READ IN fields at DATE: 2007-01-09 06:00:00 UTC        
 READ IN fields at DATE: 2007-01-09 12:00:00 UTC        
 READ IN fields at DATE: 2007-01-09 18:00:00 UTC        
 READ IN fields at DATE: 2007-01-10 00:00:00 UTC        
 READ IN fields at DATE: 2007-01-10 06:00:00 UTC        
 READ IN fields at DATE: 2007-01-10 12:00:00 UTC        
 READ IN fields at DATE: 2007-01-10 18:00:00 UTC        
 READ IN fields at DATE: 2007-01-11 00:00:00 UTC        
 READ IN fields at DATE: 2007-01-11 06:00:00 UTC        
 READ IN fields at DATE: 2007-01-11 12:00:00 UTC        
 READ IN fields at DATE: 2007-01-11 18:00:00 UTC        
 READ IN fields at DATE: 2007-01-12 00:00:00 UTC        
 READ IN fields at DATE: 2007-01-12 06:00:00 UTC        
 READ IN fields at DATE: 2007-01-12 12:00:00 UTC        
 READ IN fields at DATE: 2007-01-12 18:00:00 UTC        
 READ IN fields at DATE: 2007-01-13 00:00:00 UTC        
 READ IN fields at DATE: 2007-01-13 06:00:00 UTC        
 READ IN fields at DATE: 2007-01-13 12:00:00 UTC        
 READ IN fields at DATE: 2007-01-13 18:00:00 UTC        
 READ IN fields at DATE: 2007-01-14 00:00:00 UTC        
 READ IN fields at DATE: 2007-01-14 06:00:00 UTC        
 READ IN fields at DATE: 2007-01-14 12:00:00 UTC        
 READ IN fields at DATE: 2007-01-14 18:00:00 UTC        
 READ IN fields at DATE: 2007-01-15 00:00:00 UTC        
 READ IN fields at DATE: 2007-01-15 06:00:00 UTC        
 READ IN fields at DATE: 2007-01-15 12:00:00 UTC        
 READ IN fields at DATE: 2007-01-15 18:00:00 UTC        
 READ IN fields at DATE: 2007-01-16 00:00:00 UTC        
 READ IN fields at DATE: 2007-01-16 06:00:00 UTC        
 READ IN fields at DATE: 2007-01-16 12:00:00 UTC        
 READ IN fields at DATE: 2007-01-16 18:00:00 UTC        
 READ IN fields at DATE: 2007-01-17 00:00:00 UTC        
 READ IN fields at DATE: 2007-01-17 06:00:00 UTC        
 READ IN fields at DATE: 2007-01-17 12:00:00 UTC        
 READ IN fields at DATE: 2007-01-17 18:00:00 UTC        
 READ IN fields at DATE: 2007-01-18 00:00:00 UTC        
 READ IN fields at DATE: 2007-01-18 06:00:00 UTC        
 READ IN fields at DATE: 2007-01-18 12:00:00 UTC        
 READ IN fields at DATE: 2007-01-18 18:00:00 UTC        
 READ IN fields at DATE: 2007-01-19 00:00:00 UTC        
 READ IN fields at DATE: 2007-01-19 06:00:00 UTC        
 READ IN fields at DATE: 2007-01-19 12:00:00 UTC        
 READ IN fields at DATE: 2007-01-19 18:00:00 UTC        
 READ IN fields at DATE: 2007-01-20 00:00:00 UTC        
 READ IN fields at DATE: 2007-01-20 06:00:00 UTC        
 READ IN fields at DATE: 2007-01-20 12:00:00 UTC        
 READ IN fields at DATE: 2007-01-20 18:00:00 UTC        
 READ IN fields at DATE: 2007-01-21 00:00:00 UTC        
 READ IN fields at DATE: 2007-01-21 06:00:00 UTC        
 READ IN fields at DATE: 2007-01-21 12:00:00 UTC        
 READ IN fields at DATE: 2007-01-21 18:00:00 UTC        
 READ IN fields at DATE: 2007-01-22 00:00:00 UTC        
 READ IN fields at DATE: 2007-01-22 06:00:00 UTC        
 READ IN fields at DATE: 2007-01-22 12:00:00 UTC        
 READ IN fields at DATE: 2007-01-22 18:00:00 UTC        
 READ IN fields at DATE: 2007-01-23 00:00:00 UTC        
 READ IN fields at DATE: 2007-01-23 06:00:00 UTC        
 READ IN fields at DATE: 2007-01-23 12:00:00 UTC        
 READ IN fields at DATE: 2007-01-23 18:00:00 UTC        
 READ IN fields at DATE: 2007-01-24 00:00:00 UTC        
 READ IN fields at DATE: 2007-01-24 06:00:00 UTC        
 READ IN fields at DATE: 2007-01-24 12:00:00 UTC        
 READ IN fields at DATE: 2007-01-24 18:00:00 UTC        
 READ IN fields at DATE: 2007-01-25 00:00:00 UTC        
 READ IN fields at DATE: 2007-01-25 06:00:00 UTC        
 READ IN fields at DATE: 2007-01-25 12:00:00 UTC        
 READ IN fields at DATE: 2007-01-25 18:00:00 UTC        
 READ IN fields at DATE: 2007-01-26 00:00:00 UTC        
 READ IN fields at DATE: 2007-01-26 06:00:00 UTC        
 READ IN fields at DATE: 2007-01-26 12:00:00 UTC        
 READ IN fields at DATE: 2007-01-26 18:00:00 UTC        
 READ IN fields at DATE: 2007-01-27 00:00:00 UTC        
 READ IN fields at DATE: 2007-01-27 06:00:00 UTC        
 READ IN fields at DATE: 2007-01-27 12:00:00 UTC        
 READ IN fields at DATE: 2007-01-27 18:00:00 UTC        
 READ IN fields at DATE: 2007-01-28 00:00:00 UTC        
 READ IN fields at DATE: 2007-01-28 06:00:00 UTC        
 READ IN fields at DATE: 2007-01-28 12:00:00 UTC        
 READ IN fields at DATE: 2007-01-28 18:00:00 UTC        
 READ IN fields at DATE: 2007-01-29 00:00:00 UTC        
 READ IN fields at DATE: 2007-01-29 06:00:00 UTC        
 READ IN fields at DATE: 2007-01-29 12:00:00 UTC        
 READ IN fields at DATE: 2007-01-29 18:00:00 UTC        
 READ IN fields at DATE: 2007-01-30 00:00:00 UTC        
 READ IN fields at DATE: 2007-01-30 06:00:00 UTC        
 READ IN fields at DATE: 2007-01-30 12:00:00 UTC        
 READ IN fields at DATE: 2007-01-30 18:00:00 UTC        
 READ IN fields at DATE: 2007-01-31 00:00:00 UTC        
 READ IN fields at DATE: 2007-01-31 06:00:00 UTC        
 READ IN fields at DATE: 2007-01-31 12:00:00 UTC        
 READ IN fields at DATE: 2007-01-31 18:00:00 UTC        
      131072 /leonardo_work/ICT24_ESP/RCMDATA//ERA5/2007/tatm_2007_02.nc
  2.089561620850850E-003   251.111839740674     
      196608 /leonardo_work/ICT24_ESP/RCMDATA//ERA5/2007/geop_2007_02.nc
   7.51755383499535        241449.188488707     
      262144 /leonardo_work/ICT24_ESP/RCMDATA//ERA5/2007/qhum_2007_02.nc
  3.921868284841664E-007  1.282847360654242E-002
      327680 /leonardo_work/ICT24_ESP/RCMDATA//ERA5/2007/uwnd_2007_02.nc
  4.845251705322247E-003   5.10319108264343     
      393216 /leonardo_work/ICT24_ESP/RCMDATA//ERA5/2007/vwnd_2007_02.nc
  4.820252000378745E-003  -3.05042190578535     
 READ IN fields at DATE: 2007-02-01 00:00:00 UTC        
 READ IN fields at DATE: 2007-02-01 06:00:00 UTC        
 READ IN fields at DATE: 2007-02-01 12:00:00 UTC        
 READ IN fields at DATE: 2007-02-01 18:00:00 UTC        
 READ IN fields at DATE: 2007-02-02 00:00:00 UTC        
 READ IN fields at DATE: 2007-02-02 06:00:00 UTC        
 READ IN fields at DATE: 2007-02-02 12:00:00 UTC        
 READ IN fields at DATE: 2007-02-02 18:00:00 UTC        
 READ IN fields at DATE: 2007-02-03 00:00:00 UTC        
 READ IN fields at DATE: 2007-02-03 06:00:00 UTC        
 READ IN fields at DATE: 2007-02-03 12:00:00 UTC        
 READ IN fields at DATE: 2007-02-03 18:00:00 UTC        
 READ IN fields at DATE: 2007-02-04 00:00:00 UTC        
 READ IN fields at DATE: 2007-02-04 06:00:00 UTC        
 READ IN fields at DATE: 2007-02-04 12:00:00 UTC        
 READ IN fields at DATE: 2007-02-04 18:00:00 UTC        
 READ IN fields at DATE: 2007-02-05 00:00:00 UTC        
 READ IN fields at DATE: 2007-02-05 06:00:00 UTC        
 READ IN fields at DATE: 2007-02-05 12:00:00 UTC        
 READ IN fields at DATE: 2007-02-05 18:00:00 UTC        
 READ IN fields at DATE: 2007-02-06 00:00:00 UTC        
 READ IN fields at DATE: 2007-02-06 06:00:00 UTC        
 READ IN fields at DATE: 2007-02-06 12:00:00 UTC        
 READ IN fields at DATE: 2007-02-06 18:00:00 UTC        
 READ IN fields at DATE: 2007-02-07 00:00:00 UTC        
 READ IN fields at DATE: 2007-02-07 06:00:00 UTC        
 READ IN fields at DATE: 2007-02-07 12:00:00 UTC        
 READ IN fields at DATE: 2007-02-07 18:00:00 UTC        
 READ IN fields at DATE: 2007-02-08 00:00:00 UTC        
 READ IN fields at DATE: 2007-02-08 06:00:00 UTC        
 READ IN fields at DATE: 2007-02-08 12:00:00 UTC        
 READ IN fields at DATE: 2007-02-08 18:00:00 UTC        
 READ IN fields at DATE: 2007-02-09 00:00:00 UTC        
 READ IN fields at DATE: 2007-02-09 06:00:00 UTC        
 READ IN fields at DATE: 2007-02-09 12:00:00 UTC        
 READ IN fields at DATE: 2007-02-09 18:00:00 UTC        
 READ IN fields at DATE: 2007-02-10 00:00:00 UTC        
 READ IN fields at DATE: 2007-02-10 06:00:00 UTC        
 READ IN fields at DATE: 2007-02-10 12:00:00 UTC        
 READ IN fields at DATE: 2007-02-10 18:00:00 UTC        
 READ IN fields at DATE: 2007-02-11 00:00:00 UTC        
 READ IN fields at DATE: 2007-02-11 06:00:00 UTC        
 READ IN fields at DATE: 2007-02-11 12:00:00 UTC        
 READ IN fields at DATE: 2007-02-11 18:00:00 UTC        
 READ IN fields at DATE: 2007-02-12 00:00:00 UTC        
 READ IN fields at DATE: 2007-02-12 06:00:00 UTC        
 READ IN fields at DATE: 2007-02-12 12:00:00 UTC        
 READ IN fields at DATE: 2007-02-12 18:00:00 UTC        
 READ IN fields at DATE: 2007-02-13 00:00:00 UTC        
 READ IN fields at DATE: 2007-02-13 06:00:00 UTC        
 READ IN fields at DATE: 2007-02-13 12:00:00 UTC        
 READ IN fields at DATE: 2007-02-13 18:00:00 UTC        
 READ IN fields at DATE: 2007-02-14 00:00:00 UTC        
 READ IN fields at DATE: 2007-02-14 06:00:00 UTC        
 READ IN fields at DATE: 2007-02-14 12:00:00 UTC        
 READ IN fields at DATE: 2007-02-14 18:00:00 UTC        
 READ IN fields at DATE: 2007-02-15 00:00:00 UTC        
 READ IN fields at DATE: 2007-02-15 06:00:00 UTC        
 READ IN fields at DATE: 2007-02-15 12:00:00 UTC        
 READ IN fields at DATE: 2007-02-15 18:00:00 UTC        
 READ IN fields at DATE: 2007-02-16 00:00:00 UTC        
 READ IN fields at DATE: 2007-02-16 06:00:00 UTC        
 READ IN fields at DATE: 2007-02-16 12:00:00 UTC        
 READ IN fields at DATE: 2007-02-16 18:00:00 UTC        
 READ IN fields at DATE: 2007-02-17 00:00:00 UTC        
 READ IN fields at DATE: 2007-02-17 06:00:00 UTC        
 READ IN fields at DATE: 2007-02-17 12:00:00 UTC        
 READ IN fields at DATE: 2007-02-17 18:00:00 UTC        
 READ IN fields at DATE: 2007-02-18 00:00:00 UTC        
 READ IN fields at DATE: 2007-02-18 06:00:00 UTC        
 READ IN fields at DATE: 2007-02-18 12:00:00 UTC        
 READ IN fields at DATE: 2007-02-18 18:00:00 UTC        
 READ IN fields at DATE: 2007-02-19 00:00:00 UTC        
 READ IN fields at DATE: 2007-02-19 06:00:00 UTC        
 READ IN fields at DATE: 2007-02-19 12:00:00 UTC        
 READ IN fields at DATE: 2007-02-19 18:00:00 UTC        
 READ IN fields at DATE: 2007-02-20 00:00:00 UTC        
 READ IN fields at DATE: 2007-02-20 06:00:00 UTC        
 READ IN fields at DATE: 2007-02-20 12:00:00 UTC        
 READ IN fields at DATE: 2007-02-20 18:00:00 UTC        
 READ IN fields at DATE: 2007-02-21 00:00:00 UTC        
 READ IN fields at DATE: 2007-02-21 06:00:00 UTC        
 READ IN fields at DATE: 2007-02-21 12:00:00 UTC        
 READ IN fields at DATE: 2007-02-21 18:00:00 UTC        
 READ IN fields at DATE: 2007-02-22 00:00:00 UTC        
 READ IN fields at DATE: 2007-02-22 06:00:00 UTC        
 READ IN fields at DATE: 2007-02-22 12:00:00 UTC        
 READ IN fields at DATE: 2007-02-22 18:00:00 UTC        
 READ IN fields at DATE: 2007-02-23 00:00:00 UTC        
 READ IN fields at DATE: 2007-02-23 06:00:00 UTC        
 READ IN fields at DATE: 2007-02-23 12:00:00 UTC        
 READ IN fields at DATE: 2007-02-23 18:00:00 UTC        
 READ IN fields at DATE: 2007-02-24 00:00:00 UTC        
 READ IN fields at DATE: 2007-02-24 06:00:00 UTC        
 READ IN fields at DATE: 2007-02-24 12:00:00 UTC        
 READ IN fields at DATE: 2007-02-24 18:00:00 UTC        
 READ IN fields at DATE: 2007-02-25 00:00:00 UTC        
 READ IN fields at DATE: 2007-02-25 06:00:00 UTC        
 READ IN fields at DATE: 2007-02-25 12:00:00 UTC        
 READ IN fields at DATE: 2007-02-25 18:00:00 UTC        
 READ IN fields at DATE: 2007-02-26 00:00:00 UTC        
 READ IN fields at DATE: 2007-02-26 06:00:00 UTC        
 READ IN fields at DATE: 2007-02-26 12:00:00 UTC        
 READ IN fields at DATE: 2007-02-26 18:00:00 UTC        
 READ IN fields at DATE: 2007-02-27 00:00:00 UTC        
 READ IN fields at DATE: 2007-02-27 06:00:00 UTC        
 READ IN fields at DATE: 2007-02-27 12:00:00 UTC        
 READ IN fields at DATE: 2007-02-27 18:00:00 UTC        
 READ IN fields at DATE: 2007-02-28 00:00:00 UTC        
 READ IN fields at DATE: 2007-02-28 06:00:00 UTC        
 READ IN fields at DATE: 2007-02-28 12:00:00 UTC        
 READ IN fields at DATE: 2007-02-28 18:00:00 UTC        
      131072 /leonardo_work/ICT24_ESP/RCMDATA//ERA5/2007/tatm_2007_03.nc
  2.078351010669839E-003   250.526312203889     
      196608 /leonardo_work/ICT24_ESP/RCMDATA//ERA5/2007/geop_2007_03.nc
   7.32773385641585        234719.019726822     
      262144 /leonardo_work/ICT24_ESP/RCMDATA//ERA5/2007/qhum_2007_03.nc
  4.140193273937356E-007  1.351853557431941E-002
      327680 /leonardo_work/ICT24_ESP/RCMDATA//ERA5/2007/uwnd_2007_03.nc
  3.952151402966826E-003 -0.302894654803046     
      393216 /leonardo_work/ICT24_ESP/RCMDATA//ERA5/2007/vwnd_2007_03.nc
  3.981414897837730E-003 -0.405066879323919     
 READ IN fields at DATE: 2007-03-01 00:00:00 UTC        
 READ IN fields at DATE: 2007-03-01 06:00:00 UTC        
 READ IN fields at DATE: 2007-03-01 12:00:00 UTC        
 READ IN fields at DATE: 2007-03-01 18:00:00 UTC        
 READ IN fields at DATE: 2007-03-02 00:00:00 UTC        
 READ IN fields at DATE: 2007-03-02 06:00:00 UTC        
 READ IN fields at DATE: 2007-03-02 12:00:00 UTC        
 READ IN fields at DATE: 2007-03-02 18:00:00 UTC        
 READ IN fields at DATE: 2007-03-03 00:00:00 UTC        
 READ IN fields at DATE: 2007-03-03 06:00:00 UTC        
 READ IN fields at DATE: 2007-03-03 12:00:00 UTC        
 READ IN fields at DATE: 2007-03-03 18:00:00 UTC        
 READ IN fields at DATE: 2007-03-04 00:00:00 UTC        
 READ IN fields at DATE: 2007-03-04 06:00:00 UTC        
 READ IN fields at DATE: 2007-03-04 12:00:00 UTC        
 READ IN fields at DATE: 2007-03-04 18:00:00 UTC        
 READ IN fields at DATE: 2007-03-05 00:00:00 UTC        
 READ IN fields at DATE: 2007-03-05 06:00:00 UTC        
 READ IN fields at DATE: 2007-03-05 12:00:00 UTC        
 READ IN fields at DATE: 2007-03-05 18:00:00 UTC        
 READ IN fields at DATE: 2007-03-06 00:00:00 UTC        
 READ IN fields at DATE: 2007-03-06 06:00:00 UTC        
 READ IN fields at DATE: 2007-03-06 12:00:00 UTC        
 READ IN fields at DATE: 2007-03-06 18:00:00 UTC        
 READ IN fields at DATE: 2007-03-07 00:00:00 UTC        
 READ IN fields at DATE: 2007-03-07 06:00:00 UTC        
 READ IN fields at DATE: 2007-03-07 12:00:00 UTC        
 READ IN fields at DATE: 2007-03-07 18:00:00 UTC        
 READ IN fields at DATE: 2007-03-08 00:00:00 UTC        
 READ IN fields at DATE: 2007-03-08 06:00:00 UTC        
 READ IN fields at DATE: 2007-03-08 12:00:00 UTC        
 READ IN fields at DATE: 2007-03-08 18:00:00 UTC        
 READ IN fields at DATE: 2007-03-09 00:00:00 UTC        
 READ IN fields at DATE: 2007-03-09 06:00:00 UTC        
 READ IN fields at DATE: 2007-03-09 12:00:00 UTC        
 READ IN fields at DATE: 2007-03-09 18:00:00 UTC        
 READ IN fields at DATE: 2007-03-10 00:00:00 UTC        
 READ IN fields at DATE: 2007-03-10 06:00:00 UTC        
 READ IN fields at DATE: 2007-03-10 12:00:00 UTC        
 READ IN fields at DATE: 2007-03-10 18:00:00 UTC        
 READ IN fields at DATE: 2007-03-11 00:00:00 UTC        
 READ IN fields at DATE: 2007-03-11 06:00:00 UTC        
 READ IN fields at DATE: 2007-03-11 12:00:00 UTC        
 READ IN fields at DATE: 2007-03-11 18:00:00 UTC        
 READ IN fields at DATE: 2007-03-12 00:00:00 UTC        
 READ IN fields at DATE: 2007-03-12 06:00:00 UTC        
 READ IN fields at DATE: 2007-03-12 12:00:00 UTC        
 READ IN fields at DATE: 2007-03-12 18:00:00 UTC        
 READ IN fields at DATE: 2007-03-13 00:00:00 UTC        
 READ IN fields at DATE: 2007-03-13 06:00:00 UTC        
 READ IN fields at DATE: 2007-03-13 12:00:00 UTC        
 READ IN fields at DATE: 2007-03-13 18:00:00 UTC        
 READ IN fields at DATE: 2007-03-14 00:00:00 UTC        
 READ IN fields at DATE: 2007-03-14 06:00:00 UTC        
 READ IN fields at DATE: 2007-03-14 12:00:00 UTC        
 READ IN fields at DATE: 2007-03-14 18:00:00 UTC        
 READ IN fields at DATE: 2007-03-15 00:00:00 UTC        
 READ IN fields at DATE: 2007-03-15 06:00:00 UTC        
 READ IN fields at DATE: 2007-03-15 12:00:00 UTC        
 READ IN fields at DATE: 2007-03-15 18:00:00 UTC        
 READ IN fields at DATE: 2007-03-16 00:00:00 UTC        
 READ IN fields at DATE: 2007-03-16 06:00:00 UTC        
 READ IN fields at DATE: 2007-03-16 12:00:00 UTC        
 READ IN fields at DATE: 2007-03-16 18:00:00 UTC        
 READ IN fields at DATE: 2007-03-17 00:00:00 UTC        
 READ IN fields at DATE: 2007-03-17 06:00:00 UTC        
 READ IN fields at DATE: 2007-03-17 12:00:00 UTC        
 READ IN fields at DATE: 2007-03-17 18:00:00 UTC        
 READ IN fields at DATE: 2007-03-18 00:00:00 UTC        
 READ IN fields at DATE: 2007-03-18 06:00:00 UTC        
 READ IN fields at DATE: 2007-03-18 12:00:00 UTC        
 READ IN fields at DATE: 2007-03-18 18:00:00 UTC        
 READ IN fields at DATE: 2007-03-19 00:00:00 UTC        
 READ IN fields at DATE: 2007-03-19 06:00:00 UTC        
 READ IN fields at DATE: 2007-03-19 12:00:00 UTC        
 READ IN fields at DATE: 2007-03-19 18:00:00 UTC        
 READ IN fields at DATE: 2007-03-20 00:00:00 UTC        
 READ IN fields at DATE: 2007-03-20 06:00:00 UTC        
 READ IN fields at DATE: 2007-03-20 12:00:00 UTC        
 READ IN fields at DATE: 2007-03-20 18:00:00 UTC        
 READ IN fields at DATE: 2007-03-21 00:00:00 UTC        
 READ IN fields at DATE: 2007-03-21 06:00:00 UTC        
 READ IN fields at DATE: 2007-03-21 12:00:00 UTC        
 READ IN fields at DATE: 2007-03-21 18:00:00 UTC        
 READ IN fields at DATE: 2007-03-22 00:00:00 UTC        
 READ IN fields at DATE: 2007-03-22 06:00:00 UTC        
 READ IN fields at DATE: 2007-03-22 12:00:00 UTC        
 READ IN fields at DATE: 2007-03-22 18:00:00 UTC        
 READ IN fields at DATE: 2007-03-23 00:00:00 UTC        
 READ IN fields at DATE: 2007-03-23 06:00:00 UTC        
 READ IN fields at DATE: 2007-03-23 12:00:00 UTC        
 READ IN fields at DATE: 2007-03-23 18:00:00 UTC        
 READ IN fields at DATE: 2007-03-24 00:00:00 UTC        
 READ IN fields at DATE: 2007-03-24 06:00:00 UTC        
 READ IN fields at DATE: 2007-03-24 12:00:00 UTC        
 READ IN fields at DATE: 2007-03-24 18:00:00 UTC        
 READ IN fields at DATE: 2007-03-25 00:00:00 UTC        
 READ IN fields at DATE: 2007-03-25 06:00:00 UTC        
 READ IN fields at DATE: 2007-03-25 12:00:00 UTC        
 READ IN fields at DATE: 2007-03-25 18:00:00 UTC        
 READ IN fields at DATE: 2007-03-26 00:00:00 UTC        
 READ IN fields at DATE: 2007-03-26 06:00:00 UTC        
 READ IN fields at DATE: 2007-03-26 12:00:00 UTC        
 READ IN fields at DATE: 2007-03-26 18:00:00 UTC        
 READ IN fields at DATE: 2007-03-27 00:00:00 UTC        
 READ IN fields at DATE: 2007-03-27 06:00:00 UTC        
 READ IN fields at DATE: 2007-03-27 12:00:00 UTC        
 READ IN fields at DATE: 2007-03-27 18:00:00 UTC        
 READ IN fields at DATE: 2007-03-28 00:00:00 UTC        
 READ IN fields at DATE: 2007-03-28 06:00:00 UTC        
 READ IN fields at DATE: 2007-03-28 12:00:00 UTC        
 READ IN fields at DATE: 2007-03-28 18:00:00 UTC        
 READ IN fields at DATE: 2007-03-29 00:00:00 UTC        
 READ IN fields at DATE: 2007-03-29 06:00:00 UTC        
 READ IN fields at DATE: 2007-03-29 12:00:00 UTC        
 READ IN fields at DATE: 2007-03-29 18:00:00 UTC        
 READ IN fields at DATE: 2007-03-30 00:00:00 UTC        
 READ IN fields at DATE: 2007-03-30 06:00:00 UTC        
 READ IN fields at DATE: 2007-03-30 12:00:00 UTC        
 READ IN fields at DATE: 2007-03-30 18:00:00 UTC        
 READ IN fields at DATE: 2007-03-31 00:00:00 UTC        
 READ IN fields at DATE: 2007-03-31 06:00:00 UTC        
 READ IN fields at DATE: 2007-03-31 12:00:00 UTC        
 READ IN fields at DATE: 2007-03-31 18:00:00 UTC        
      131072 /leonardo_work/ICT24_ESP/RCMDATA//ERA5/2007/tatm_2007_04.nc
  2.068298785967685E-003   250.554179778830     
      196608 /leonardo_work/ICT24_ESP/RCMDATA//ERA5/2007/geop_2007_04.nc
   7.31954284959486        234253.101947325     
      262144 /leonardo_work/ICT24_ESP/RCMDATA//ERA5/2007/qhum_2007_04.nc
  3.797323400730684E-007  1.238507952965126E-002
      327680 /leonardo_work/ICT24_ESP/RCMDATA//ERA5/2007/uwnd_2007_04.nc
  2.606520537005211E-003   22.9314817739112     
      393216 /leonardo_work/ICT24_ESP/RCMDATA//ERA5/2007/vwnd_2007_04.nc
  2.693894468528141E-003   2.81207620950402     
 READ IN fields at DATE: 2007-04-01 00:00:00 UTC        
 READ IN fields at DATE: 2007-04-01 06:00:00 UTC        
 READ IN fields at DATE: 2007-04-01 12:00:00 UTC        
 READ IN fields at DATE: 2007-04-01 18:00:00 UTC        
 READ IN fields at DATE: 2007-04-02 00:00:00 UTC        
 READ IN fields at DATE: 2007-04-02 06:00:00 UTC        
 READ IN fields at DATE: 2007-04-02 12:00:00 UTC        
 READ IN fields at DATE: 2007-04-02 18:00:00 UTC        
 READ IN fields at DATE: 2007-04-03 00:00:00 UTC        
 READ IN fields at DATE: 2007-04-03 06:00:00 UTC        
 READ IN fields at DATE: 2007-04-03 12:00:00 UTC        
 READ IN fields at DATE: 2007-04-03 18:00:00 UTC        
 READ IN fields at DATE: 2007-04-04 00:00:00 UTC        
 READ IN fields at DATE: 2007-04-04 06:00:00 UTC        
 READ IN fields at DATE: 2007-04-04 12:00:00 UTC        
 READ IN fields at DATE: 2007-04-04 18:00:00 UTC        
 READ IN fields at DATE: 2007-04-05 00:00:00 UTC        
 READ IN fields at DATE: 2007-04-05 06:00:00 UTC        
 READ IN fields at DATE: 2007-04-05 12:00:00 UTC        
 READ IN fields at DATE: 2007-04-05 18:00:00 UTC        
 READ IN fields at DATE: 2007-04-06 00:00:00 UTC        
 READ IN fields at DATE: 2007-04-06 06:00:00 UTC        
 READ IN fields at DATE: 2007-04-06 12:00:00 UTC        
 READ IN fields at DATE: 2007-04-06 18:00:00 UTC        
 READ IN fields at DATE: 2007-04-07 00:00:00 UTC        
 READ IN fields at DATE: 2007-04-07 06:00:00 UTC        
 READ IN fields at DATE: 2007-04-07 12:00:00 UTC        
 READ IN fields at DATE: 2007-04-07 18:00:00 UTC        
 READ IN fields at DATE: 2007-04-08 00:00:00 UTC        
 READ IN fields at DATE: 2007-04-08 06:00:00 UTC        
 READ IN fields at DATE: 2007-04-08 12:00:00 UTC        
 READ IN fields at DATE: 2007-04-08 18:00:00 UTC        
 READ IN fields at DATE: 2007-04-09 00:00:00 UTC        
 READ IN fields at DATE: 2007-04-09 06:00:00 UTC        
 READ IN fields at DATE: 2007-04-09 12:00:00 UTC        
 READ IN fields at DATE: 2007-04-09 18:00:00 UTC        
 READ IN fields at DATE: 2007-04-10 00:00:00 UTC        
 READ IN fields at DATE: 2007-04-10 06:00:00 UTC        
 READ IN fields at DATE: 2007-04-10 12:00:00 UTC        
 READ IN fields at DATE: 2007-04-10 18:00:00 UTC        
 READ IN fields at DATE: 2007-04-11 00:00:00 UTC        
 READ IN fields at DATE: 2007-04-11 06:00:00 UTC        
 READ IN fields at DATE: 2007-04-11 12:00:00 UTC        
 READ IN fields at DATE: 2007-04-11 18:00:00 UTC        
 READ IN fields at DATE: 2007-04-12 00:00:00 UTC        
 READ IN fields at DATE: 2007-04-12 06:00:00 UTC        
 READ IN fields at DATE: 2007-04-12 12:00:00 UTC        
 READ IN fields at DATE: 2007-04-12 18:00:00 UTC        
 READ IN fields at DATE: 2007-04-13 00:00:00 UTC        
 READ IN fields at DATE: 2007-04-13 06:00:00 UTC        
 READ IN fields at DATE: 2007-04-13 12:00:00 UTC        
 READ IN fields at DATE: 2007-04-13 18:00:00 UTC        
 READ IN fields at DATE: 2007-04-14 00:00:00 UTC        
 READ IN fields at DATE: 2007-04-14 06:00:00 UTC        
 READ IN fields at DATE: 2007-04-14 12:00:00 UTC        
 READ IN fields at DATE: 2007-04-14 18:00:00 UTC        
 READ IN fields at DATE: 2007-04-15 00:00:00 UTC        
 READ IN fields at DATE: 2007-04-15 06:00:00 UTC        
 READ IN fields at DATE: 2007-04-15 12:00:00 UTC        
 READ IN fields at DATE: 2007-04-15 18:00:00 UTC        
 READ IN fields at DATE: 2007-04-16 00:00:00 UTC        
 READ IN fields at DATE: 2007-04-16 06:00:00 UTC        
 READ IN fields at DATE: 2007-04-16 12:00:00 UTC        
 READ IN fields at DATE: 2007-04-16 18:00:00 UTC        
 READ IN fields at DATE: 2007-04-17 00:00:00 UTC        
 READ IN fields at DATE: 2007-04-17 06:00:00 UTC        
 READ IN fields at DATE: 2007-04-17 12:00:00 UTC        
 READ IN fields at DATE: 2007-04-17 18:00:00 UTC        
 READ IN fields at DATE: 2007-04-18 00:00:00 UTC        
 READ IN fields at DATE: 2007-04-18 06:00:00 UTC        
 READ IN fields at DATE: 2007-04-18 12:00:00 UTC        
 READ IN fields at DATE: 2007-04-18 18:00:00 UTC        
 READ IN fields at DATE: 2007-04-19 00:00:00 UTC        
 READ IN fields at DATE: 2007-04-19 06:00:00 UTC        
 READ IN fields at DATE: 2007-04-19 12:00:00 UTC        
 READ IN fields at DATE: 2007-04-19 18:00:00 UTC        
 READ IN fields at DATE: 2007-04-20 00:00:00 UTC        
 READ IN fields at DATE: 2007-04-20 06:00:00 UTC        
 READ IN fields at DATE: 2007-04-20 12:00:00 UTC        
 READ IN fields at DATE: 2007-04-20 18:00:00 UTC        
 READ IN fields at DATE: 2007-04-21 00:00:00 UTC        
 READ IN fields at DATE: 2007-04-21 06:00:00 UTC        
 READ IN fields at DATE: 2007-04-21 12:00:00 UTC        
 READ IN fields at DATE: 2007-04-21 18:00:00 UTC        
 READ IN fields at DATE: 2007-04-22 00:00:00 UTC        
 READ IN fields at DATE: 2007-04-22 06:00:00 UTC        
 READ IN fields at DATE: 2007-04-22 12:00:00 UTC        
 READ IN fields at DATE: 2007-04-22 18:00:00 UTC        
 READ IN fields at DATE: 2007-04-23 00:00:00 UTC        
 READ IN fields at DATE: 2007-04-23 06:00:00 UTC        
 READ IN fields at DATE: 2007-04-23 12:00:00 UTC        
 READ IN fields at DATE: 2007-04-23 18:00:00 UTC        
 READ IN fields at DATE: 2007-04-24 00:00:00 UTC        
 READ IN fields at DATE: 2007-04-24 06:00:00 UTC        
 READ IN fields at DATE: 2007-04-24 12:00:00 UTC        
 READ IN fields at DATE: 2007-04-24 18:00:00 UTC        
 READ IN fields at DATE: 2007-04-25 00:00:00 UTC        
 READ IN fields at DATE: 2007-04-25 06:00:00 UTC        
 READ IN fields at DATE: 2007-04-25 12:00:00 UTC        
 READ IN fields at DATE: 2007-04-25 18:00:00 UTC        
 READ IN fields at DATE: 2007-04-26 00:00:00 UTC        
 READ IN fields at DATE: 2007-04-26 06:00:00 UTC        
 READ IN fields at DATE: 2007-04-26 12:00:00 UTC        
 READ IN fields at DATE: 2007-04-26 18:00:00 UTC        
 READ IN fields at DATE: 2007-04-27 00:00:00 UTC        
 READ IN fields at DATE: 2007-04-27 06:00:00 UTC        
 READ IN fields at DATE: 2007-04-27 12:00:00 UTC        
 READ IN fields at DATE: 2007-04-27 18:00:00 UTC        
 READ IN fields at DATE: 2007-04-28 00:00:00 UTC        
 READ IN fields at DATE: 2007-04-28 06:00:00 UTC        
 READ IN fields at DATE: 2007-04-28 12:00:00 UTC        
 READ IN fields at DATE: 2007-04-28 18:00:00 UTC        
 READ IN fields at DATE: 2007-04-29 00:00:00 UTC        
 READ IN fields at DATE: 2007-04-29 06:00:00 UTC        
 READ IN fields at DATE: 2007-04-29 12:00:00 UTC        
 READ IN fields at DATE: 2007-04-29 18:00:00 UTC        
 READ IN fields at DATE: 2007-04-30 00:00:00 UTC        
 READ IN fields at DATE: 2007-04-30 06:00:00 UTC        
 READ IN fields at DATE: 2007-04-30 12:00:00 UTC        
 READ IN fields at DATE: 2007-04-30 18:00:00 UTC        
      131072 /leonardo_work/ICT24_ESP/RCMDATA//ERA5/2007/tatm_2007_05.nc
  2.099222905006471E-003   251.218486216184     
      196608 /leonardo_work/ICT24_ESP/RCMDATA//ERA5/2007/geop_2007_05.nc
   7.52632219883494        240995.938010776     
      262144 /leonardo_work/ICT24_ESP/RCMDATA//ERA5/2007/qhum_2007_05.nc
  4.110295491369918E-007  1.336134416771136E-002
      327680 /leonardo_work/ICT24_ESP/RCMDATA//ERA5/2007/uwnd_2007_05.nc
  3.069405553323922E-003   42.1823718523991     
      393216 /leonardo_work/ICT24_ESP/RCMDATA//ERA5/2007/vwnd_2007_05.nc
  2.673512006608908E-003  0.707365331399039     
 READ IN fields at DATE: 2007-05-01 00:00:00 UTC        
 READ IN fields at DATE: 2007-05-01 06:00:00 UTC        
 READ IN fields at DATE: 2007-05-01 12:00:00 UTC        
 READ IN fields at DATE: 2007-05-01 18:00:00 UTC        
 READ IN fields at DATE: 2007-05-02 00:00:00 UTC        
 READ IN fields at DATE: 2007-05-02 06:00:00 UTC        
 READ IN fields at DATE: 2007-05-02 12:00:00 UTC        
 READ IN fields at DATE: 2007-05-02 18:00:00 UTC        
 READ IN fields at DATE: 2007-05-03 00:00:00 UTC        
 READ IN fields at DATE: 2007-05-03 06:00:00 UTC        
 READ IN fields at DATE: 2007-05-03 12:00:00 UTC        
 READ IN fields at DATE: 2007-05-03 18:00:00 UTC        
 READ IN fields at DATE: 2007-05-04 00:00:00 UTC        
 READ IN fields at DATE: 2007-05-04 06:00:00 UTC        
 READ IN fields at DATE: 2007-05-04 12:00:00 UTC        
 READ IN fields at DATE: 2007-05-04 18:00:00 UTC        
 READ IN fields at DATE: 2007-05-05 00:00:00 UTC        
 READ IN fields at DATE: 2007-05-05 06:00:00 UTC        
 READ IN fields at DATE: 2007-05-05 12:00:00 UTC        
 READ IN fields at DATE: 2007-05-05 18:00:00 UTC        
 READ IN fields at DATE: 2007-05-06 00:00:00 UTC        
 READ IN fields at DATE: 2007-05-06 06:00:00 UTC        
 READ IN fields at DATE: 2007-05-06 12:00:00 UTC        
 READ IN fields at DATE: 2007-05-06 18:00:00 UTC        
 READ IN fields at DATE: 2007-05-07 00:00:00 UTC        
 READ IN fields at DATE: 2007-05-07 06:00:00 UTC        
 READ IN fields at DATE: 2007-05-07 12:00:00 UTC        
 READ IN fields at DATE: 2007-05-07 18:00:00 UTC        
 READ IN fields at DATE: 2007-05-08 00:00:00 UTC        
 READ IN fields at DATE: 2007-05-08 06:00:00 UTC        
 READ IN fields at DATE: 2007-05-08 12:00:00 UTC        
 READ IN fields at DATE: 2007-05-08 18:00:00 UTC        
 READ IN fields at DATE: 2007-05-09 00:00:00 UTC        
 READ IN fields at DATE: 2007-05-09 06:00:00 UTC        
 READ IN fields at DATE: 2007-05-09 12:00:00 UTC        
 READ IN fields at DATE: 2007-05-09 18:00:00 UTC        
 READ IN fields at DATE: 2007-05-10 00:00:00 UTC        
 READ IN fields at DATE: 2007-05-10 06:00:00 UTC        
 READ IN fields at DATE: 2007-05-10 12:00:00 UTC        
 READ IN fields at DATE: 2007-05-10 18:00:00 UTC        
 READ IN fields at DATE: 2007-05-11 00:00:00 UTC        
 READ IN fields at DATE: 2007-05-11 06:00:00 UTC        
 READ IN fields at DATE: 2007-05-11 12:00:00 UTC        
 READ IN fields at DATE: 2007-05-11 18:00:00 UTC        
 READ IN fields at DATE: 2007-05-12 00:00:00 UTC        
 READ IN fields at DATE: 2007-05-12 06:00:00 UTC        
 READ IN fields at DATE: 2007-05-12 12:00:00 UTC        
 READ IN fields at DATE: 2007-05-12 18:00:00 UTC        
 READ IN fields at DATE: 2007-05-13 00:00:00 UTC        
 READ IN fields at DATE: 2007-05-13 06:00:00 UTC        
 READ IN fields at DATE: 2007-05-13 12:00:00 UTC        
 READ IN fields at DATE: 2007-05-13 18:00:00 UTC        
 READ IN fields at DATE: 2007-05-14 00:00:00 UTC        
 READ IN fields at DATE: 2007-05-14 06:00:00 UTC        
 READ IN fields at DATE: 2007-05-14 12:00:00 UTC        
 READ IN fields at DATE: 2007-05-14 18:00:00 UTC        
 READ IN fields at DATE: 2007-05-15 00:00:00 UTC        
 READ IN fields at DATE: 2007-05-15 06:00:00 UTC        
 READ IN fields at DATE: 2007-05-15 12:00:00 UTC        
 READ IN fields at DATE: 2007-05-15 18:00:00 UTC        
 READ IN fields at DATE: 2007-05-16 00:00:00 UTC        
 READ IN fields at DATE: 2007-05-16 06:00:00 UTC        
 READ IN fields at DATE: 2007-05-16 12:00:00 UTC        
 READ IN fields at DATE: 2007-05-16 18:00:00 UTC        
 READ IN fields at DATE: 2007-05-17 00:00:00 UTC        
 READ IN fields at DATE: 2007-05-17 06:00:00 UTC        
 READ IN fields at DATE: 2007-05-17 12:00:00 UTC        
 READ IN fields at DATE: 2007-05-17 18:00:00 UTC        
 READ IN fields at DATE: 2007-05-18 00:00:00 UTC        
 READ IN fields at DATE: 2007-05-18 06:00:00 UTC        
 READ IN fields at DATE: 2007-05-18 12:00:00 UTC        
 READ IN fields at DATE: 2007-05-18 18:00:00 UTC        
 READ IN fields at DATE: 2007-05-19 00:00:00 UTC        
 READ IN fields at DATE: 2007-05-19 06:00:00 UTC        
 READ IN fields at DATE: 2007-05-19 12:00:00 UTC        
 READ IN fields at DATE: 2007-05-19 18:00:00 UTC        
 READ IN fields at DATE: 2007-05-20 00:00:00 UTC        
 READ IN fields at DATE: 2007-05-20 06:00:00 UTC        
 READ IN fields at DATE: 2007-05-20 12:00:00 UTC        
 READ IN fields at DATE: 2007-05-20 18:00:00 UTC        
 READ IN fields at DATE: 2007-05-21 00:00:00 UTC        
 READ IN fields at DATE: 2007-05-21 06:00:00 UTC        
 READ IN fields at DATE: 2007-05-21 12:00:00 UTC        
 READ IN fields at DATE: 2007-05-21 18:00:00 UTC        
 READ IN fields at DATE: 2007-05-22 00:00:00 UTC        
 READ IN fields at DATE: 2007-05-22 06:00:00 UTC        
 READ IN fields at DATE: 2007-05-22 12:00:00 UTC        
 READ IN fields at DATE: 2007-05-22 18:00:00 UTC        
 READ IN fields at DATE: 2007-05-23 00:00:00 UTC        
 READ IN fields at DATE: 2007-05-23 06:00:00 UTC        
 READ IN fields at DATE: 2007-05-23 12:00:00 UTC        
 READ IN fields at DATE: 2007-05-23 18:00:00 UTC        
 READ IN fields at DATE: 2007-05-24 00:00:00 UTC        
 READ IN fields at DATE: 2007-05-24 06:00:00 UTC        
 READ IN fields at DATE: 2007-05-24 12:00:00 UTC        
 READ IN fields at DATE: 2007-05-24 18:00:00 UTC        
 READ IN fields at DATE: 2007-05-25 00:00:00 UTC        
 READ IN fields at DATE: 2007-05-25 06:00:00 UTC        
 READ IN fields at DATE: 2007-05-25 12:00:00 UTC        
 READ IN fields at DATE: 2007-05-25 18:00:00 UTC        
 READ IN fields at DATE: 2007-05-26 00:00:00 UTC        
 READ IN fields at DATE: 2007-05-26 06:00:00 UTC        
 READ IN fields at DATE: 2007-05-26 12:00:00 UTC        
 READ IN fields at DATE: 2007-05-26 18:00:00 UTC        
 READ IN fields at DATE: 2007-05-27 00:00:00 UTC        
 READ IN fields at DATE: 2007-05-27 06:00:00 UTC        
 READ IN fields at DATE: 2007-05-27 12:00:00 UTC        
 READ IN fields at DATE: 2007-05-27 18:00:00 UTC        
 READ IN fields at DATE: 2007-05-28 00:00:00 UTC        
 READ IN fields at DATE: 2007-05-28 06:00:00 UTC        
 READ IN fields at DATE: 2007-05-28 12:00:00 UTC        
 READ IN fields at DATE: 2007-05-28 18:00:00 UTC        
 READ IN fields at DATE: 2007-05-29 00:00:00 UTC        
 READ IN fields at DATE: 2007-05-29 06:00:00 UTC        
 READ IN fields at DATE: 2007-05-29 12:00:00 UTC        
 READ IN fields at DATE: 2007-05-29 18:00:00 UTC        
 READ IN fields at DATE: 2007-05-30 00:00:00 UTC        
 READ IN fields at DATE: 2007-05-30 06:00:00 UTC        
 READ IN fields at DATE: 2007-05-30 12:00:00 UTC        
 READ IN fields at DATE: 2007-05-30 18:00:00 UTC        
 READ IN fields at DATE: 2007-05-31 00:00:00 UTC        
 READ IN fields at DATE: 2007-05-31 06:00:00 UTC        
 READ IN fields at DATE: 2007-05-31 12:00:00 UTC        
 READ IN fields at DATE: 2007-05-31 18:00:00 UTC        
      131072 /leonardo_work/ICT24_ESP/RCMDATA//ERA5/2007/tatm_2007_06.nc
  2.268736029894409E-003   249.338366059231     
      196608 /leonardo_work/ICT24_ESP/RCMDATA//ERA5/2007/geop_2007_06.nc
   7.61203676725848        243706.266247241     
      262144 /leonardo_work/ICT24_ESP/RCMDATA//ERA5/2007/qhum_2007_06.nc
  4.311964832365501E-007  1.407887833804708E-002
      327680 /leonardo_work/ICT24_ESP/RCMDATA//ERA5/2007/uwnd_2007_06.nc
  4.208804221027598E-003   66.7961210007215     
      393216 /leonardo_work/ICT24_ESP/RCMDATA//ERA5/2007/vwnd_2007_06.nc
  3.118668951854409E-003   8.08691112450845     
 READ IN fields at DATE: 2007-06-01 00:00:00 UTC        
 READ IN fields at DATE: 2007-06-01 06:00:00 UTC        
 READ IN fields at DATE: 2007-06-01 12:00:00 UTC        
 READ IN fields at DATE: 2007-06-01 18:00:00 UTC        
 READ IN fields at DATE: 2007-06-02 00:00:00 UTC        
 READ IN fields at DATE: 2007-06-02 06:00:00 UTC        
 READ IN fields at DATE: 2007-06-02 12:00:00 UTC        
 READ IN fields at DATE: 2007-06-02 18:00:00 UTC        
 READ IN fields at DATE: 2007-06-03 00:00:00 UTC        
 READ IN fields at DATE: 2007-06-03 06:00:00 UTC        
 READ IN fields at DATE: 2007-06-03 12:00:00 UTC        
 READ IN fields at DATE: 2007-06-03 18:00:00 UTC        
 READ IN fields at DATE: 2007-06-04 00:00:00 UTC        
 READ IN fields at DATE: 2007-06-04 06:00:00 UTC        
 READ IN fields at DATE: 2007-06-04 12:00:00 UTC        
 READ IN fields at DATE: 2007-06-04 18:00:00 UTC        
 READ IN fields at DATE: 2007-06-05 00:00:00 UTC        
 READ IN fields at DATE: 2007-06-05 06:00:00 UTC        
 READ IN fields at DATE: 2007-06-05 12:00:00 UTC        
 READ IN fields at DATE: 2007-06-05 18:00:00 UTC        
 READ IN fields at DATE: 2007-06-06 00:00:00 UTC        
 READ IN fields at DATE: 2007-06-06 06:00:00 UTC        
 READ IN fields at DATE: 2007-06-06 12:00:00 UTC        
 READ IN fields at DATE: 2007-06-06 18:00:00 UTC        
 READ IN fields at DATE: 2007-06-07 00:00:00 UTC        
 READ IN fields at DATE: 2007-06-07 06:00:00 UTC        
 READ IN fields at DATE: 2007-06-07 12:00:00 UTC        
 READ IN fields at DATE: 2007-06-07 18:00:00 UTC        
 READ IN fields at DATE: 2007-06-08 00:00:00 UTC        
 READ IN fields at DATE: 2007-06-08 06:00:00 UTC        
 READ IN fields at DATE: 2007-06-08 12:00:00 UTC        
 READ IN fields at DATE: 2007-06-08 18:00:00 UTC        
 READ IN fields at DATE: 2007-06-09 00:00:00 UTC        
 READ IN fields at DATE: 2007-06-09 06:00:00 UTC        
 READ IN fields at DATE: 2007-06-09 12:00:00 UTC        
 READ IN fields at DATE: 2007-06-09 18:00:00 UTC        
 READ IN fields at DATE: 2007-06-10 00:00:00 UTC        
 READ IN fields at DATE: 2007-06-10 06:00:00 UTC        
 READ IN fields at DATE: 2007-06-10 12:00:00 UTC        
 READ IN fields at DATE: 2007-06-10 18:00:00 UTC        
 READ IN fields at DATE: 2007-06-11 00:00:00 UTC        
 READ IN fields at DATE: 2007-06-11 06:00:00 UTC        
 READ IN fields at DATE: 2007-06-11 12:00:00 UTC        
 READ IN fields at DATE: 2007-06-11 18:00:00 UTC        
 READ IN fields at DATE: 2007-06-12 00:00:00 UTC        
 READ IN fields at DATE: 2007-06-12 06:00:00 UTC        
 READ IN fields at DATE: 2007-06-12 12:00:00 UTC        
 READ IN fields at DATE: 2007-06-12 18:00:00 UTC        
 READ IN fields at DATE: 2007-06-13 00:00:00 UTC        
 READ IN fields at DATE: 2007-06-13 06:00:00 UTC        
 READ IN fields at DATE: 2007-06-13 12:00:00 UTC        
 READ IN fields at DATE: 2007-06-13 18:00:00 UTC        
 READ IN fields at DATE: 2007-06-14 00:00:00 UTC        
 READ IN fields at DATE: 2007-06-14 06:00:00 UTC        
 READ IN fields at DATE: 2007-06-14 12:00:00 UTC        
 READ IN fields at DATE: 2007-06-14 18:00:00 UTC        
 READ IN fields at DATE: 2007-06-15 00:00:00 UTC        
 READ IN fields at DATE: 2007-06-15 06:00:00 UTC        
 READ IN fields at DATE: 2007-06-15 12:00:00 UTC        
 READ IN fields at DATE: 2007-06-15 18:00:00 UTC        
 READ IN fields at DATE: 2007-06-16 00:00:00 UTC        
 READ IN fields at DATE: 2007-06-16 06:00:00 UTC        
 READ IN fields at DATE: 2007-06-16 12:00:00 UTC        
 READ IN fields at DATE: 2007-06-16 18:00:00 UTC        
 READ IN fields at DATE: 2007-06-17 00:00:00 UTC        
 READ IN fields at DATE: 2007-06-17 06:00:00 UTC        
 READ IN fields at DATE: 2007-06-17 12:00:00 UTC        
 READ IN fields at DATE: 2007-06-17 18:00:00 UTC        
 READ IN fields at DATE: 2007-06-18 00:00:00 UTC        
 READ IN fields at DATE: 2007-06-18 06:00:00 UTC        
 READ IN fields at DATE: 2007-06-18 12:00:00 UTC        
 READ IN fields at DATE: 2007-06-18 18:00:00 UTC        
 READ IN fields at DATE: 2007-06-19 00:00:00 UTC        
 READ IN fields at DATE: 2007-06-19 06:00:00 UTC        
 READ IN fields at DATE: 2007-06-19 12:00:00 UTC        
 READ IN fields at DATE: 2007-06-19 18:00:00 UTC        
 READ IN fields at DATE: 2007-06-20 00:00:00 UTC        
 READ IN fields at DATE: 2007-06-20 06:00:00 UTC        
 READ IN fields at DATE: 2007-06-20 12:00:00 UTC        
 READ IN fields at DATE: 2007-06-20 18:00:00 UTC        
 READ IN fields at DATE: 2007-06-21 00:00:00 UTC        
 READ IN fields at DATE: 2007-06-21 06:00:00 UTC        
 READ IN fields at DATE: 2007-06-21 12:00:00 UTC        
 READ IN fields at DATE: 2007-06-21 18:00:00 UTC        
 READ IN fields at DATE: 2007-06-22 00:00:00 UTC        
 READ IN fields at DATE: 2007-06-22 06:00:00 UTC        
 READ IN fields at DATE: 2007-06-22 12:00:00 UTC        
 READ IN fields at DATE: 2007-06-22 18:00:00 UTC        
 READ IN fields at DATE: 2007-06-23 00:00:00 UTC        
 READ IN fields at DATE: 2007-06-23 06:00:00 UTC        
 READ IN fields at DATE: 2007-06-23 12:00:00 UTC        
 READ IN fields at DATE: 2007-06-23 18:00:00 UTC        
 READ IN fields at DATE: 2007-06-24 00:00:00 UTC        
 READ IN fields at DATE: 2007-06-24 06:00:00 UTC        
 READ IN fields at DATE: 2007-06-24 12:00:00 UTC        
 READ IN fields at DATE: 2007-06-24 18:00:00 UTC        
 READ IN fields at DATE: 2007-06-25 00:00:00 UTC        
 READ IN fields at DATE: 2007-06-25 06:00:00 UTC        
 READ IN fields at DATE: 2007-06-25 12:00:00 UTC        
 READ IN fields at DATE: 2007-06-25 18:00:00 UTC        
 READ IN fields at DATE: 2007-06-26 00:00:00 UTC        
 READ IN fields at DATE: 2007-06-26 06:00:00 UTC        
 READ IN fields at DATE: 2007-06-26 12:00:00 UTC        
 READ IN fields at DATE: 2007-06-26 18:00:00 UTC        
 READ IN fields at DATE: 2007-06-27 00:00:00 UTC        
 READ IN fields at DATE: 2007-06-27 06:00:00 UTC        
 READ IN fields at DATE: 2007-06-27 12:00:00 UTC        
 READ IN fields at DATE: 2007-06-27 18:00:00 UTC        
 READ IN fields at DATE: 2007-06-28 00:00:00 UTC        
 READ IN fields at DATE: 2007-06-28 06:00:00 UTC        
 READ IN fields at DATE: 2007-06-28 12:00:00 UTC        
 READ IN fields at DATE: 2007-06-28 18:00:00 UTC        
 READ IN fields at DATE: 2007-06-29 00:00:00 UTC        
 READ IN fields at DATE: 2007-06-29 06:00:00 UTC        
 READ IN fields at DATE: 2007-06-29 12:00:00 UTC        
 READ IN fields at DATE: 2007-06-29 18:00:00 UTC        
 READ IN fields at DATE: 2007-06-30 00:00:00 UTC        
 READ IN fields at DATE: 2007-06-30 06:00:00 UTC        
 READ IN fields at DATE: 2007-06-30 12:00:00 UTC        
 READ IN fields at DATE: 2007-06-30 18:00:00 UTC        
      131072 /leonardo_work/ICT24_ESP/RCMDATA//ERA5/2007/tatm_2007_07.nc
  2.288753396651663E-003   248.748298677501     
      196608 /leonardo_work/ICT24_ESP/RCMDATA//ERA5/2007/geop_2007_07.nc
   7.61268374568919        243725.816705002     
      262144 /leonardo_work/ICT24_ESP/RCMDATA//ERA5/2007/qhum_2007_07.nc
  5.634676899489561E-007  1.834435527904271E-002
      327680 /leonardo_work/ICT24_ESP/RCMDATA//ERA5/2007/uwnd_2007_07.nc
  4.362869955398187E-003   56.5345312115067     
      393216 /leonardo_work/ICT24_ESP/RCMDATA//ERA5/2007/vwnd_2007_07.nc
  3.408215027847373E-003   11.7795001161189     
 READ IN fields at DATE: 2007-07-01 00:00:00 UTC        
 READ IN fields at DATE: 2007-07-01 06:00:00 UTC        
 READ IN fields at DATE: 2007-07-01 12:00:00 UTC        
 READ IN fields at DATE: 2007-07-01 18:00:00 UTC        
 READ IN fields at DATE: 2007-07-02 00:00:00 UTC        
 READ IN fields at DATE: 2007-07-02 06:00:00 UTC        
 READ IN fields at DATE: 2007-07-02 12:00:00 UTC        
 READ IN fields at DATE: 2007-07-02 18:00:00 UTC        
 READ IN fields at DATE: 2007-07-03 00:00:00 UTC        
 READ IN fields at DATE: 2007-07-03 06:00:00 UTC        
 READ IN fields at DATE: 2007-07-03 12:00:00 UTC        
 READ IN fields at DATE: 2007-07-03 18:00:00 UTC        
 READ IN fields at DATE: 2007-07-04 00:00:00 UTC        
 READ IN fields at DATE: 2007-07-04 06:00:00 UTC        
 READ IN fields at DATE: 2007-07-04 12:00:00 UTC        
 READ IN fields at DATE: 2007-07-04 18:00:00 UTC        
 READ IN fields at DATE: 2007-07-05 00:00:00 UTC        
 READ IN fields at DATE: 2007-07-05 06:00:00 UTC        
 READ IN fields at DATE: 2007-07-05 12:00:00 UTC        
 READ IN fields at DATE: 2007-07-05 18:00:00 UTC        
 READ IN fields at DATE: 2007-07-06 00:00:00 UTC        
 READ IN fields at DATE: 2007-07-06 06:00:00 UTC        
 READ IN fields at DATE: 2007-07-06 12:00:00 UTC        
 READ IN fields at DATE: 2007-07-06 18:00:00 UTC        
 READ IN fields at DATE: 2007-07-07 00:00:00 UTC        
 READ IN fields at DATE: 2007-07-07 06:00:00 UTC        
 READ IN fields at DATE: 2007-07-07 12:00:00 UTC        
 READ IN fields at DATE: 2007-07-07 18:00:00 UTC        
 READ IN fields at DATE: 2007-07-08 00:00:00 UTC        
 READ IN fields at DATE: 2007-07-08 06:00:00 UTC        
 READ IN fields at DATE: 2007-07-08 12:00:00 UTC        
 READ IN fields at DATE: 2007-07-08 18:00:00 UTC        
 READ IN fields at DATE: 2007-07-09 00:00:00 UTC        
 READ IN fields at DATE: 2007-07-09 06:00:00 UTC        
 READ IN fields at DATE: 2007-07-09 12:00:00 UTC        
 READ IN fields at DATE: 2007-07-09 18:00:00 UTC        
 READ IN fields at DATE: 2007-07-10 00:00:00 UTC        
 READ IN fields at DATE: 2007-07-10 06:00:00 UTC        
 READ IN fields at DATE: 2007-07-10 12:00:00 UTC        
 READ IN fields at DATE: 2007-07-10 18:00:00 UTC        
 READ IN fields at DATE: 2007-07-11 00:00:00 UTC        
 READ IN fields at DATE: 2007-07-11 06:00:00 UTC        
 READ IN fields at DATE: 2007-07-11 12:00:00 UTC        
 READ IN fields at DATE: 2007-07-11 18:00:00 UTC        
 READ IN fields at DATE: 2007-07-12 00:00:00 UTC        
 READ IN fields at DATE: 2007-07-12 06:00:00 UTC        
 READ IN fields at DATE: 2007-07-12 12:00:00 UTC        
 READ IN fields at DATE: 2007-07-12 18:00:00 UTC        
 READ IN fields at DATE: 2007-07-13 00:00:00 UTC        
 READ IN fields at DATE: 2007-07-13 06:00:00 UTC        
 READ IN fields at DATE: 2007-07-13 12:00:00 UTC        
 READ IN fields at DATE: 2007-07-13 18:00:00 UTC        
 READ IN fields at DATE: 2007-07-14 00:00:00 UTC        
 READ IN fields at DATE: 2007-07-14 06:00:00 UTC        
 READ IN fields at DATE: 2007-07-14 12:00:00 UTC        
 READ IN fields at DATE: 2007-07-14 18:00:00 UTC        
 READ IN fields at DATE: 2007-07-15 00:00:00 UTC        
 READ IN fields at DATE: 2007-07-15 06:00:00 UTC        
 READ IN fields at DATE: 2007-07-15 12:00:00 UTC        
 READ IN fields at DATE: 2007-07-15 18:00:00 UTC        
 READ IN fields at DATE: 2007-07-16 00:00:00 UTC        
 READ IN fields at DATE: 2007-07-16 06:00:00 UTC        
 READ IN fields at DATE: 2007-07-16 12:00:00 UTC        
 READ IN fields at DATE: 2007-07-16 18:00:00 UTC        
 READ IN fields at DATE: 2007-07-17 00:00:00 UTC        
 READ IN fields at DATE: 2007-07-17 06:00:00 UTC        
 READ IN fields at DATE: 2007-07-17 12:00:00 UTC        
 READ IN fields at DATE: 2007-07-17 18:00:00 UTC        
 READ IN fields at DATE: 2007-07-18 00:00:00 UTC        
 READ IN fields at DATE: 2007-07-18 06:00:00 UTC        
 READ IN fields at DATE: 2007-07-18 12:00:00 UTC        
 READ IN fields at DATE: 2007-07-18 18:00:00 UTC        
 READ IN fields at DATE: 2007-07-19 00:00:00 UTC        
 READ IN fields at DATE: 2007-07-19 06:00:00 UTC        
 READ IN fields at DATE: 2007-07-19 12:00:00 UTC        
 READ IN fields at DATE: 2007-07-19 18:00:00 UTC        
 READ IN fields at DATE: 2007-07-20 00:00:00 UTC        
 READ IN fields at DATE: 2007-07-20 06:00:00 UTC        
 READ IN fields at DATE: 2007-07-20 12:00:00 UTC        
 READ IN fields at DATE: 2007-07-20 18:00:00 UTC        
 READ IN fields at DATE: 2007-07-21 00:00:00 UTC        
 READ IN fields at DATE: 2007-07-21 06:00:00 UTC        
 READ IN fields at DATE: 2007-07-21 12:00:00 UTC        
 READ IN fields at DATE: 2007-07-21 18:00:00 UTC        
 READ IN fields at DATE: 2007-07-22 00:00:00 UTC        
 READ IN fields at DATE: 2007-07-22 06:00:00 UTC        
 READ IN fields at DATE: 2007-07-22 12:00:00 UTC        
 READ IN fields at DATE: 2007-07-22 18:00:00 UTC        
 READ IN fields at DATE: 2007-07-23 00:00:00 UTC        
 READ IN fields at DATE: 2007-07-23 06:00:00 UTC        
 READ IN fields at DATE: 2007-07-23 12:00:00 UTC        
 READ IN fields at DATE: 2007-07-23 18:00:00 UTC        
 READ IN fields at DATE: 2007-07-24 00:00:00 UTC        
 READ IN fields at DATE: 2007-07-24 06:00:00 UTC        
 READ IN fields at DATE: 2007-07-24 12:00:00 UTC        
 READ IN fields at DATE: 2007-07-24 18:00:00 UTC        
 READ IN fields at DATE: 2007-07-25 00:00:00 UTC        
 READ IN fields at DATE: 2007-07-25 06:00:00 UTC        
 READ IN fields at DATE: 2007-07-25 12:00:00 UTC        
 READ IN fields at DATE: 2007-07-25 18:00:00 UTC        
 READ IN fields at DATE: 2007-07-26 00:00:00 UTC        
 READ IN fields at DATE: 2007-07-26 06:00:00 UTC        
 READ IN fields at DATE: 2007-07-26 12:00:00 UTC        
 READ IN fields at DATE: 2007-07-26 18:00:00 UTC        
 READ IN fields at DATE: 2007-07-27 00:00:00 UTC        
 READ IN fields at DATE: 2007-07-27 06:00:00 UTC        
 READ IN fields at DATE: 2007-07-27 12:00:00 UTC        
 READ IN fields at DATE: 2007-07-27 18:00:00 UTC        
 READ IN fields at DATE: 2007-07-28 00:00:00 UTC        
 READ IN fields at DATE: 2007-07-28 06:00:00 UTC        
 READ IN fields at DATE: 2007-07-28 12:00:00 UTC        
 READ IN fields at DATE: 2007-07-28 18:00:00 UTC        
 READ IN fields at DATE: 2007-07-29 00:00:00 UTC        
 READ IN fields at DATE: 2007-07-29 06:00:00 UTC        
 READ IN fields at DATE: 2007-07-29 12:00:00 UTC        
 READ IN fields at DATE: 2007-07-29 18:00:00 UTC        
 READ IN fields at DATE: 2007-07-30 00:00:00 UTC        
 READ IN fields at DATE: 2007-07-30 06:00:00 UTC        
 READ IN fields at DATE: 2007-07-30 12:00:00 UTC        
 READ IN fields at DATE: 2007-07-30 18:00:00 UTC        
 READ IN fields at DATE: 2007-07-31 00:00:00 UTC        
 READ IN fields at DATE: 2007-07-31 06:00:00 UTC        
 READ IN fields at DATE: 2007-07-31 12:00:00 UTC        
 READ IN fields at DATE: 2007-07-31 18:00:00 UTC        
      131072 /leonardo_work/ICT24_ESP/RCMDATA//ERA5/2007/tatm_2007_08.nc
  2.330053389802776E-003   245.928469067543     
      196608 /leonardo_work/ICT24_ESP/RCMDATA//ERA5/2007/geop_2007_08.nc
   7.55061172663009        241064.293053512     
      262144 /leonardo_work/ICT24_ESP/RCMDATA//ERA5/2007/qhum_2007_08.nc
  4.356936104478807E-007  1.423272197362583E-002
      327680 /leonardo_work/ICT24_ESP/RCMDATA//ERA5/2007/uwnd_2007_08.nc
  4.063004120046746E-003   40.0233209759673     
      393216 /leonardo_work/ICT24_ESP/RCMDATA//ERA5/2007/vwnd_2007_08.nc
  3.891272948913262E-003   11.8257597468263     
 READ IN fields at DATE: 2007-08-01 00:00:00 UTC        
 READ IN fields at DATE: 2007-08-01 06:00:00 UTC        
 READ IN fields at DATE: 2007-08-01 12:00:00 UTC        
 READ IN fields at DATE: 2007-08-01 18:00:00 UTC        
 READ IN fields at DATE: 2007-08-02 00:00:00 UTC        
 READ IN fields at DATE: 2007-08-02 06:00:00 UTC        
 READ IN fields at DATE: 2007-08-02 12:00:00 UTC        
 READ IN fields at DATE: 2007-08-02 18:00:00 UTC        
 READ IN fields at DATE: 2007-08-03 00:00:00 UTC        
 READ IN fields at DATE: 2007-08-03 06:00:00 UTC        
 READ IN fields at DATE: 2007-08-03 12:00:00 UTC        
 READ IN fields at DATE: 2007-08-03 18:00:00 UTC        
 READ IN fields at DATE: 2007-08-04 00:00:00 UTC        
 READ IN fields at DATE: 2007-08-04 06:00:00 UTC        
 READ IN fields at DATE: 2007-08-04 12:00:00 UTC        
 READ IN fields at DATE: 2007-08-04 18:00:00 UTC        
 READ IN fields at DATE: 2007-08-05 00:00:00 UTC        
 READ IN fields at DATE: 2007-08-05 06:00:00 UTC        
 READ IN fields at DATE: 2007-08-05 12:00:00 UTC        
 READ IN fields at DATE: 2007-08-05 18:00:00 UTC        
 READ IN fields at DATE: 2007-08-06 00:00:00 UTC        
 READ IN fields at DATE: 2007-08-06 06:00:00 UTC        
 READ IN fields at DATE: 2007-08-06 12:00:00 UTC        
 READ IN fields at DATE: 2007-08-06 18:00:00 UTC        
 READ IN fields at DATE: 2007-08-07 00:00:00 UTC        
 READ IN fields at DATE: 2007-08-07 06:00:00 UTC        
 READ IN fields at DATE: 2007-08-07 12:00:00 UTC        
 READ IN fields at DATE: 2007-08-07 18:00:00 UTC        
 READ IN fields at DATE: 2007-08-08 00:00:00 UTC        
 READ IN fields at DATE: 2007-08-08 06:00:00 UTC        
 READ IN fields at DATE: 2007-08-08 12:00:00 UTC        
 READ IN fields at DATE: 2007-08-08 18:00:00 UTC        
 READ IN fields at DATE: 2007-08-09 00:00:00 UTC        
 READ IN fields at DATE: 2007-08-09 06:00:00 UTC        
 READ IN fields at DATE: 2007-08-09 12:00:00 UTC        
 READ IN fields at DATE: 2007-08-09 18:00:00 UTC        
 READ IN fields at DATE: 2007-08-10 00:00:00 UTC        
 READ IN fields at DATE: 2007-08-10 06:00:00 UTC        
 READ IN fields at DATE: 2007-08-10 12:00:00 UTC        
 READ IN fields at DATE: 2007-08-10 18:00:00 UTC        
 READ IN fields at DATE: 2007-08-11 00:00:00 UTC        
 READ IN fields at DATE: 2007-08-11 06:00:00 UTC        
 READ IN fields at DATE: 2007-08-11 12:00:00 UTC        
 READ IN fields at DATE: 2007-08-11 18:00:00 UTC        
 READ IN fields at DATE: 2007-08-12 00:00:00 UTC        
 READ IN fields at DATE: 2007-08-12 06:00:00 UTC        
 READ IN fields at DATE: 2007-08-12 12:00:00 UTC        
 READ IN fields at DATE: 2007-08-12 18:00:00 UTC        
 READ IN fields at DATE: 2007-08-13 00:00:00 UTC        
 READ IN fields at DATE: 2007-08-13 06:00:00 UTC        
 READ IN fields at DATE: 2007-08-13 12:00:00 UTC        
 READ IN fields at DATE: 2007-08-13 18:00:00 UTC        
 READ IN fields at DATE: 2007-08-14 00:00:00 UTC        
 READ IN fields at DATE: 2007-08-14 06:00:00 UTC        
 READ IN fields at DATE: 2007-08-14 12:00:00 UTC        
 READ IN fields at DATE: 2007-08-14 18:00:00 UTC        
 READ IN fields at DATE: 2007-08-15 00:00:00 UTC        
 READ IN fields at DATE: 2007-08-15 06:00:00 UTC        
 READ IN fields at DATE: 2007-08-15 12:00:00 UTC        
 READ IN fields at DATE: 2007-08-15 18:00:00 UTC        
 READ IN fields at DATE: 2007-08-16 00:00:00 UTC        
 READ IN fields at DATE: 2007-08-16 06:00:00 UTC        
 READ IN fields at DATE: 2007-08-16 12:00:00 UTC        
 READ IN fields at DATE: 2007-08-16 18:00:00 UTC        
 READ IN fields at DATE: 2007-08-17 00:00:00 UTC        
 READ IN fields at DATE: 2007-08-17 06:00:00 UTC        
 READ IN fields at DATE: 2007-08-17 12:00:00 UTC        
 READ IN fields at DATE: 2007-08-17 18:00:00 UTC        
 READ IN fields at DATE: 2007-08-18 00:00:00 UTC        
 READ IN fields at DATE: 2007-08-18 06:00:00 UTC        
 READ IN fields at DATE: 2007-08-18 12:00:00 UTC        
 READ IN fields at DATE: 2007-08-18 18:00:00 UTC        
 READ IN fields at DATE: 2007-08-19 00:00:00 UTC        
 READ IN fields at DATE: 2007-08-19 06:00:00 UTC        
 READ IN fields at DATE: 2007-08-19 12:00:00 UTC        
 READ IN fields at DATE: 2007-08-19 18:00:00 UTC        
 READ IN fields at DATE: 2007-08-20 00:00:00 UTC        
 READ IN fields at DATE: 2007-08-20 06:00:00 UTC        
 READ IN fields at DATE: 2007-08-20 12:00:00 UTC        
 READ IN fields at DATE: 2007-08-20 18:00:00 UTC        
 READ IN fields at DATE: 2007-08-21 00:00:00 UTC        
 READ IN fields at DATE: 2007-08-21 06:00:00 UTC        
 READ IN fields at DATE: 2007-08-21 12:00:00 UTC        
 READ IN fields at DATE: 2007-08-21 18:00:00 UTC        
 READ IN fields at DATE: 2007-08-22 00:00:00 UTC        
 READ IN fields at DATE: 2007-08-22 06:00:00 UTC        
 READ IN fields at DATE: 2007-08-22 12:00:00 UTC        
 READ IN fields at DATE: 2007-08-22 18:00:00 UTC        
 READ IN fields at DATE: 2007-08-23 00:00:00 UTC        
 READ IN fields at DATE: 2007-08-23 06:00:00 UTC        
 READ IN fields at DATE: 2007-08-23 12:00:00 UTC        
 READ IN fields at DATE: 2007-08-23 18:00:00 UTC        
 READ IN fields at DATE: 2007-08-24 00:00:00 UTC        
 READ IN fields at DATE: 2007-08-24 06:00:00 UTC        
 READ IN fields at DATE: 2007-08-24 12:00:00 UTC        
 READ IN fields at DATE: 2007-08-24 18:00:00 UTC        
 READ IN fields at DATE: 2007-08-25 00:00:00 UTC        
 READ IN fields at DATE: 2007-08-25 06:00:00 UTC        
 READ IN fields at DATE: 2007-08-25 12:00:00 UTC        
 READ IN fields at DATE: 2007-08-25 18:00:00 UTC        
 READ IN fields at DATE: 2007-08-26 00:00:00 UTC        
 READ IN fields at DATE: 2007-08-26 06:00:00 UTC        
 READ IN fields at DATE: 2007-08-26 12:00:00 UTC        
 READ IN fields at DATE: 2007-08-26 18:00:00 UTC        
 READ IN fields at DATE: 2007-08-27 00:00:00 UTC        
 READ IN fields at DATE: 2007-08-27 06:00:00 UTC        
 READ IN fields at DATE: 2007-08-27 12:00:00 UTC        
 READ IN fields at DATE: 2007-08-27 18:00:00 UTC        
 READ IN fields at DATE: 2007-08-28 00:00:00 UTC        
 READ IN fields at DATE: 2007-08-28 06:00:00 UTC        
 READ IN fields at DATE: 2007-08-28 12:00:00 UTC        
 READ IN fields at DATE: 2007-08-28 18:00:00 UTC        
 READ IN fields at DATE: 2007-08-29 00:00:00 UTC        
 READ IN fields at DATE: 2007-08-29 06:00:00 UTC        
 READ IN fields at DATE: 2007-08-29 12:00:00 UTC        
 READ IN fields at DATE: 2007-08-29 18:00:00 UTC        
 READ IN fields at DATE: 2007-08-30 00:00:00 UTC        
 READ IN fields at DATE: 2007-08-30 06:00:00 UTC        
 READ IN fields at DATE: 2007-08-30 12:00:00 UTC        
 READ IN fields at DATE: 2007-08-30 18:00:00 UTC        
 READ IN fields at DATE: 2007-08-31 00:00:00 UTC        
 READ IN fields at DATE: 2007-08-31 06:00:00 UTC        
 READ IN fields at DATE: 2007-08-31 12:00:00 UTC        
 READ IN fields at DATE: 2007-08-31 18:00:00 UTC        
      131072 /leonardo_work/ICT24_ESP/RCMDATA//ERA5/2007/tatm_2007_09.nc
  2.317533280137726E-003   244.689240403282     
      196608 /leonardo_work/ICT24_ESP/RCMDATA//ERA5/2007/geop_2007_09.nc
   7.47554029315383        238660.908714228     
      262144 /leonardo_work/ICT24_ESP/RCMDATA//ERA5/2007/qhum_2007_09.nc
  4.352804170942833E-007  1.419909756265045E-002
      327680 /leonardo_work/ICT24_ESP/RCMDATA//ERA5/2007/uwnd_2007_09.nc
  4.567295305150411E-003   7.94701139629274     
      393216 /leonardo_work/ICT24_ESP/RCMDATA//ERA5/2007/vwnd_2007_09.nc
  4.426681977019212E-003   5.13795389533962     
 READ IN fields at DATE: 2007-09-01 00:00:00 UTC        
 READ IN fields at DATE: 2007-09-01 06:00:00 UTC        
 READ IN fields at DATE: 2007-09-01 12:00:00 UTC        
 READ IN fields at DATE: 2007-09-01 18:00:00 UTC        
 READ IN fields at DATE: 2007-09-02 00:00:00 UTC        
 READ IN fields at DATE: 2007-09-02 06:00:00 UTC        
 READ IN fields at DATE: 2007-09-02 12:00:00 UTC        
 READ IN fields at DATE: 2007-09-02 18:00:00 UTC        
 READ IN fields at DATE: 2007-09-03 00:00:00 UTC        
 READ IN fields at DATE: 2007-09-03 06:00:00 UTC        
 READ IN fields at DATE: 2007-09-03 12:00:00 UTC        
 READ IN fields at DATE: 2007-09-03 18:00:00 UTC        
 READ IN fields at DATE: 2007-09-04 00:00:00 UTC        
 READ IN fields at DATE: 2007-09-04 06:00:00 UTC        
 READ IN fields at DATE: 2007-09-04 12:00:00 UTC        
 READ IN fields at DATE: 2007-09-04 18:00:00 UTC        
 READ IN fields at DATE: 2007-09-05 00:00:00 UTC        
 READ IN fields at DATE: 2007-09-05 06:00:00 UTC        
 READ IN fields at DATE: 2007-09-05 12:00:00 UTC        
 READ IN fields at DATE: 2007-09-05 18:00:00 UTC        
 READ IN fields at DATE: 2007-09-06 00:00:00 UTC        
 READ IN fields at DATE: 2007-09-06 06:00:00 UTC        
 READ IN fields at DATE: 2007-09-06 12:00:00 UTC        
 READ IN fields at DATE: 2007-09-06 18:00:00 UTC        
 READ IN fields at DATE: 2007-09-07 00:00:00 UTC        
 READ IN fields at DATE: 2007-09-07 06:00:00 UTC        
 READ IN fields at DATE: 2007-09-07 12:00:00 UTC        
 READ IN fields at DATE: 2007-09-07 18:00:00 UTC        
 READ IN fields at DATE: 2007-09-08 00:00:00 UTC        
 READ IN fields at DATE: 2007-09-08 06:00:00 UTC        
 READ IN fields at DATE: 2007-09-08 12:00:00 UTC        
 READ IN fields at DATE: 2007-09-08 18:00:00 UTC        
 READ IN fields at DATE: 2007-09-09 00:00:00 UTC        
 READ IN fields at DATE: 2007-09-09 06:00:00 UTC        
 READ IN fields at DATE: 2007-09-09 12:00:00 UTC        
 READ IN fields at DATE: 2007-09-09 18:00:00 UTC        
 READ IN fields at DATE: 2007-09-10 00:00:00 UTC        
 READ IN fields at DATE: 2007-09-10 06:00:00 UTC        
 READ IN fields at DATE: 2007-09-10 12:00:00 UTC        
 READ IN fields at DATE: 2007-09-10 18:00:00 UTC        
 READ IN fields at DATE: 2007-09-11 00:00:00 UTC        
 READ IN fields at DATE: 2007-09-11 06:00:00 UTC        
 READ IN fields at DATE: 2007-09-11 12:00:00 UTC        
 READ IN fields at DATE: 2007-09-11 18:00:00 UTC        
 READ IN fields at DATE: 2007-09-12 00:00:00 UTC        
 READ IN fields at DATE: 2007-09-12 06:00:00 UTC        
 READ IN fields at DATE: 2007-09-12 12:00:00 UTC        
 READ IN fields at DATE: 2007-09-12 18:00:00 UTC        
 READ IN fields at DATE: 2007-09-13 00:00:00 UTC        
 READ IN fields at DATE: 2007-09-13 06:00:00 UTC        
 READ IN fields at DATE: 2007-09-13 12:00:00 UTC        
 READ IN fields at DATE: 2007-09-13 18:00:00 UTC        
 READ IN fields at DATE: 2007-09-14 00:00:00 UTC        
 READ IN fields at DATE: 2007-09-14 06:00:00 UTC        
 READ IN fields at DATE: 2007-09-14 12:00:00 UTC        
 READ IN fields at DATE: 2007-09-14 18:00:00 UTC        
 READ IN fields at DATE: 2007-09-15 00:00:00 UTC        
 READ IN fields at DATE: 2007-09-15 06:00:00 UTC        
 READ IN fields at DATE: 2007-09-15 12:00:00 UTC        
 READ IN fields at DATE: 2007-09-15 18:00:00 UTC        
 READ IN fields at DATE: 2007-09-16 00:00:00 UTC        
 READ IN fields at DATE: 2007-09-16 06:00:00 UTC        
 READ IN fields at DATE: 2007-09-16 12:00:00 UTC        
 READ IN fields at DATE: 2007-09-16 18:00:00 UTC        
 READ IN fields at DATE: 2007-09-17 00:00:00 UTC        
 READ IN fields at DATE: 2007-09-17 06:00:00 UTC        
 READ IN fields at DATE: 2007-09-17 12:00:00 UTC        
 READ IN fields at DATE: 2007-09-17 18:00:00 UTC        
 READ IN fields at DATE: 2007-09-18 00:00:00 UTC        
 READ IN fields at DATE: 2007-09-18 06:00:00 UTC        
 READ IN fields at DATE: 2007-09-18 12:00:00 UTC        
 READ IN fields at DATE: 2007-09-18 18:00:00 UTC        
 READ IN fields at DATE: 2007-09-19 00:00:00 UTC        
 READ IN fields at DATE: 2007-09-19 06:00:00 UTC        
 READ IN fields at DATE: 2007-09-19 12:00:00 UTC        
 READ IN fields at DATE: 2007-09-19 18:00:00 UTC        
 READ IN fields at DATE: 2007-09-20 00:00:00 UTC        
 READ IN fields at DATE: 2007-09-20 06:00:00 UTC        
 READ IN fields at DATE: 2007-09-20 12:00:00 UTC        
 READ IN fields at DATE: 2007-09-20 18:00:00 UTC        
 READ IN fields at DATE: 2007-09-21 00:00:00 UTC        
 READ IN fields at DATE: 2007-09-21 06:00:00 UTC        
 READ IN fields at DATE: 2007-09-21 12:00:00 UTC        
 READ IN fields at DATE: 2007-09-21 18:00:00 UTC        
 READ IN fields at DATE: 2007-09-22 00:00:00 UTC        
 READ IN fields at DATE: 2007-09-22 06:00:00 UTC        
 READ IN fields at DATE: 2007-09-22 12:00:00 UTC        
 READ IN fields at DATE: 2007-09-22 18:00:00 UTC        
 READ IN fields at DATE: 2007-09-23 00:00:00 UTC        
 READ IN fields at DATE: 2007-09-23 06:00:00 UTC        
 READ IN fields at DATE: 2007-09-23 12:00:00 UTC        
 READ IN fields at DATE: 2007-09-23 18:00:00 UTC        
 READ IN fields at DATE: 2007-09-24 00:00:00 UTC        
 READ IN fields at DATE: 2007-09-24 06:00:00 UTC        
 READ IN fields at DATE: 2007-09-24 12:00:00 UTC        
 READ IN fields at DATE: 2007-09-24 18:00:00 UTC        
 READ IN fields at DATE: 2007-09-25 00:00:00 UTC        
 READ IN fields at DATE: 2007-09-25 06:00:00 UTC        
 READ IN fields at DATE: 2007-09-25 12:00:00 UTC        
 READ IN fields at DATE: 2007-09-25 18:00:00 UTC        
 READ IN fields at DATE: 2007-09-26 00:00:00 UTC        
 READ IN fields at DATE: 2007-09-26 06:00:00 UTC        
 READ IN fields at DATE: 2007-09-26 12:00:00 UTC        
 READ IN fields at DATE: 2007-09-26 18:00:00 UTC        
 READ IN fields at DATE: 2007-09-27 00:00:00 UTC        
 READ IN fields at DATE: 2007-09-27 06:00:00 UTC        
 READ IN fields at DATE: 2007-09-27 12:00:00 UTC        
 READ IN fields at DATE: 2007-09-27 18:00:00 UTC        
 READ IN fields at DATE: 2007-09-28 00:00:00 UTC        
 READ IN fields at DATE: 2007-09-28 06:00:00 UTC        
 READ IN fields at DATE: 2007-09-28 12:00:00 UTC        
 READ IN fields at DATE: 2007-09-28 18:00:00 UTC        
 READ IN fields at DATE: 2007-09-29 00:00:00 UTC        
 READ IN fields at DATE: 2007-09-29 06:00:00 UTC        
 READ IN fields at DATE: 2007-09-29 12:00:00 UTC        
 READ IN fields at DATE: 2007-09-29 18:00:00 UTC        
 READ IN fields at DATE: 2007-09-30 00:00:00 UTC        
 READ IN fields at DATE: 2007-09-30 06:00:00 UTC        
 READ IN fields at DATE: 2007-09-30 12:00:00 UTC        
 READ IN fields at DATE: 2007-09-30 18:00:00 UTC        
      131072 /leonardo_work/ICT24_ESP/RCMDATA//ERA5/2007/tatm_2007_10.nc
  2.061935698858900E-003   249.302809669358     
      196608 /leonardo_work/ICT24_ESP/RCMDATA//ERA5/2007/geop_2007_10.nc
   7.35060615930142        235564.500478170     
      262144 /leonardo_work/ICT24_ESP/RCMDATA//ERA5/2007/qhum_2007_10.nc
  3.865903640654288E-007  1.255820198566631E-002
      327680 /leonardo_work/ICT24_ESP/RCMDATA//ERA5/2007/uwnd_2007_10.nc
  3.150937962255180E-003   21.3886833200814     
      393216 /leonardo_work/ICT24_ESP/RCMDATA//ERA5/2007/vwnd_2007_10.nc
  3.029504703558227E-003  -4.41687424942209     
 READ IN fields at DATE: 2007-10-01 00:00:00 UTC        
 READ IN fields at DATE: 2007-10-01 06:00:00 UTC        
 READ IN fields at DATE: 2007-10-01 12:00:00 UTC        
 READ IN fields at DATE: 2007-10-01 18:00:00 UTC        
 READ IN fields at DATE: 2007-10-02 00:00:00 UTC        
 READ IN fields at DATE: 2007-10-02 06:00:00 UTC        
 READ IN fields at DATE: 2007-10-02 12:00:00 UTC        
 READ IN fields at DATE: 2007-10-02 18:00:00 UTC        
 READ IN fields at DATE: 2007-10-03 00:00:00 UTC        
 READ IN fields at DATE: 2007-10-03 06:00:00 UTC        
 READ IN fields at DATE: 2007-10-03 12:00:00 UTC        
 READ IN fields at DATE: 2007-10-03 18:00:00 UTC        
 READ IN fields at DATE: 2007-10-04 00:00:00 UTC        
 READ IN fields at DATE: 2007-10-04 06:00:00 UTC        
 READ IN fields at DATE: 2007-10-04 12:00:00 UTC        
 READ IN fields at DATE: 2007-10-04 18:00:00 UTC        
 READ IN fields at DATE: 2007-10-05 00:00:00 UTC        
 READ IN fields at DATE: 2007-10-05 06:00:00 UTC        
 READ IN fields at DATE: 2007-10-05 12:00:00 UTC        
 READ IN fields at DATE: 2007-10-05 18:00:00 UTC        
 READ IN fields at DATE: 2007-10-06 00:00:00 UTC        
 READ IN fields at DATE: 2007-10-06 06:00:00 UTC        
 READ IN fields at DATE: 2007-10-06 12:00:00 UTC        
 READ IN fields at DATE: 2007-10-06 18:00:00 UTC        
 READ IN fields at DATE: 2007-10-07 00:00:00 UTC        
 READ IN fields at DATE: 2007-10-07 06:00:00 UTC        
 READ IN fields at DATE: 2007-10-07 12:00:00 UTC        
 READ IN fields at DATE: 2007-10-07 18:00:00 UTC        
 READ IN fields at DATE: 2007-10-08 00:00:00 UTC        
 READ IN fields at DATE: 2007-10-08 06:00:00 UTC        
 READ IN fields at DATE: 2007-10-08 12:00:00 UTC        
 READ IN fields at DATE: 2007-10-08 18:00:00 UTC        
 READ IN fields at DATE: 2007-10-09 00:00:00 UTC        
 READ IN fields at DATE: 2007-10-09 06:00:00 UTC        
 READ IN fields at DATE: 2007-10-09 12:00:00 UTC        
 READ IN fields at DATE: 2007-10-09 18:00:00 UTC        
 READ IN fields at DATE: 2007-10-10 00:00:00 UTC        
 READ IN fields at DATE: 2007-10-10 06:00:00 UTC        
 READ IN fields at DATE: 2007-10-10 12:00:00 UTC        
 READ IN fields at DATE: 2007-10-10 18:00:00 UTC        
 READ IN fields at DATE: 2007-10-11 00:00:00 UTC        
 READ IN fields at DATE: 2007-10-11 06:00:00 UTC        
 READ IN fields at DATE: 2007-10-11 12:00:00 UTC        
 READ IN fields at DATE: 2007-10-11 18:00:00 UTC        
 READ IN fields at DATE: 2007-10-12 00:00:00 UTC        
 READ IN fields at DATE: 2007-10-12 06:00:00 UTC        
 READ IN fields at DATE: 2007-10-12 12:00:00 UTC        
 READ IN fields at DATE: 2007-10-12 18:00:00 UTC        
 READ IN fields at DATE: 2007-10-13 00:00:00 UTC        
 READ IN fields at DATE: 2007-10-13 06:00:00 UTC        
 READ IN fields at DATE: 2007-10-13 12:00:00 UTC        
 READ IN fields at DATE: 2007-10-13 18:00:00 UTC        
 READ IN fields at DATE: 2007-10-14 00:00:00 UTC        
 READ IN fields at DATE: 2007-10-14 06:00:00 UTC        
 READ IN fields at DATE: 2007-10-14 12:00:00 UTC        
 READ IN fields at DATE: 2007-10-14 18:00:00 UTC        
 READ IN fields at DATE: 2007-10-15 00:00:00 UTC        
 READ IN fields at DATE: 2007-10-15 06:00:00 UTC        
 READ IN fields at DATE: 2007-10-15 12:00:00 UTC        
 READ IN fields at DATE: 2007-10-15 18:00:00 UTC        
 READ IN fields at DATE: 2007-10-16 00:00:00 UTC        
 READ IN fields at DATE: 2007-10-16 06:00:00 UTC        
 READ IN fields at DATE: 2007-10-16 12:00:00 UTC        
 READ IN fields at DATE: 2007-10-16 18:00:00 UTC        
 READ IN fields at DATE: 2007-10-17 00:00:00 UTC        
 READ IN fields at DATE: 2007-10-17 06:00:00 UTC        
 READ IN fields at DATE: 2007-10-17 12:00:00 UTC        
 READ IN fields at DATE: 2007-10-17 18:00:00 UTC        
 READ IN fields at DATE: 2007-10-18 00:00:00 UTC        
 READ IN fields at DATE: 2007-10-18 06:00:00 UTC        
 READ IN fields at DATE: 2007-10-18 12:00:00 UTC        
 READ IN fields at DATE: 2007-10-18 18:00:00 UTC        
 READ IN fields at DATE: 2007-10-19 00:00:00 UTC        
 READ IN fields at DATE: 2007-10-19 06:00:00 UTC        
 READ IN fields at DATE: 2007-10-19 12:00:00 UTC        
 READ IN fields at DATE: 2007-10-19 18:00:00 UTC        
 READ IN fields at DATE: 2007-10-20 00:00:00 UTC        
 READ IN fields at DATE: 2007-10-20 06:00:00 UTC        
 READ IN fields at DATE: 2007-10-20 12:00:00 UTC        
 READ IN fields at DATE: 2007-10-20 18:00:00 UTC        
 READ IN fields at DATE: 2007-10-21 00:00:00 UTC        
 READ IN fields at DATE: 2007-10-21 06:00:00 UTC        
 READ IN fields at DATE: 2007-10-21 12:00:00 UTC        
 READ IN fields at DATE: 2007-10-21 18:00:00 UTC        
 READ IN fields at DATE: 2007-10-22 00:00:00 UTC        
 READ IN fields at DATE: 2007-10-22 06:00:00 UTC        
 READ IN fields at DATE: 2007-10-22 12:00:00 UTC        
 READ IN fields at DATE: 2007-10-22 18:00:00 UTC        
 READ IN fields at DATE: 2007-10-23 00:00:00 UTC        
 READ IN fields at DATE: 2007-10-23 06:00:00 UTC        
 READ IN fields at DATE: 2007-10-23 12:00:00 UTC        
 READ IN fields at DATE: 2007-10-23 18:00:00 UTC        
 READ IN fields at DATE: 2007-10-24 00:00:00 UTC        
 READ IN fields at DATE: 2007-10-24 06:00:00 UTC        
 READ IN fields at DATE: 2007-10-24 12:00:00 UTC        
 READ IN fields at DATE: 2007-10-24 18:00:00 UTC        
 READ IN fields at DATE: 2007-10-25 00:00:00 UTC        
 READ IN fields at DATE: 2007-10-25 06:00:00 UTC        
 READ IN fields at DATE: 2007-10-25 12:00:00 UTC        
 READ IN fields at DATE: 2007-10-25 18:00:00 UTC        
 READ IN fields at DATE: 2007-10-26 00:00:00 UTC        
 READ IN fields at DATE: 2007-10-26 06:00:00 UTC        
 READ IN fields at DATE: 2007-10-26 12:00:00 UTC        
 READ IN fields at DATE: 2007-10-26 18:00:00 UTC        
 READ IN fields at DATE: 2007-10-27 00:00:00 UTC        
 READ IN fields at DATE: 2007-10-27 06:00:00 UTC        
 READ IN fields at DATE: 2007-10-27 12:00:00 UTC        
 READ IN fields at DATE: 2007-10-27 18:00:00 UTC        
 READ IN fields at DATE: 2007-10-28 00:00:00 UTC        
 READ IN fields at DATE: 2007-10-28 06:00:00 UTC        
 READ IN fields at DATE: 2007-10-28 12:00:00 UTC        
 READ IN fields at DATE: 2007-10-28 18:00:00 UTC        
 READ IN fields at DATE: 2007-10-29 00:00:00 UTC        
 READ IN fields at DATE: 2007-10-29 06:00:00 UTC        
 READ IN fields at DATE: 2007-10-29 12:00:00 UTC        
 READ IN fields at DATE: 2007-10-29 18:00:00 UTC        
 READ IN fields at DATE: 2007-10-30 00:00:00 UTC        
 READ IN fields at DATE: 2007-10-30 06:00:00 UTC        
 READ IN fields at DATE: 2007-10-30 12:00:00 UTC        
 READ IN fields at DATE: 2007-10-30 18:00:00 UTC        
 READ IN fields at DATE: 2007-10-31 00:00:00 UTC        
 READ IN fields at DATE: 2007-10-31 06:00:00 UTC        
 READ IN fields at DATE: 2007-10-31 12:00:00 UTC        
 READ IN fields at DATE: 2007-10-31 18:00:00 UTC        
      131072 /leonardo_work/ICT24_ESP/RCMDATA//ERA5/2007/tatm_2007_11.nc
  2.089952561397383E-003   250.496200812294     
      196608 /leonardo_work/ICT24_ESP/RCMDATA//ERA5/2007/geop_2007_11.nc
   7.52432421928647        240323.280806640     
      262144 /leonardo_work/ICT24_ESP/RCMDATA//ERA5/2007/qhum_2007_11.nc
  3.580577207213116E-007  1.170676613008829E-002
      327680 /leonardo_work/ICT24_ESP/RCMDATA//ERA5/2007/uwnd_2007_11.nc
  4.256610498688400E-003   29.9143145658444     
      393216 /leonardo_work/ICT24_ESP/RCMDATA//ERA5/2007/vwnd_2007_11.nc
  3.593343421831606E-003 -6.499857600779080E-002
 READ IN fields at DATE: 2007-11-01 00:00:00 UTC        
 READ IN fields at DATE: 2007-11-01 06:00:00 UTC        
 READ IN fields at DATE: 2007-11-01 12:00:00 UTC        
 READ IN fields at DATE: 2007-11-01 18:00:00 UTC        
 READ IN fields at DATE: 2007-11-02 00:00:00 UTC        
 READ IN fields at DATE: 2007-11-02 06:00:00 UTC        
 READ IN fields at DATE: 2007-11-02 12:00:00 UTC        
 READ IN fields at DATE: 2007-11-02 18:00:00 UTC        
 READ IN fields at DATE: 2007-11-03 00:00:00 UTC        
 READ IN fields at DATE: 2007-11-03 06:00:00 UTC        
 READ IN fields at DATE: 2007-11-03 12:00:00 UTC        
 READ IN fields at DATE: 2007-11-03 18:00:00 UTC        
 READ IN fields at DATE: 2007-11-04 00:00:00 UTC        
 READ IN fields at DATE: 2007-11-04 06:00:00 UTC        
 READ IN fields at DATE: 2007-11-04 12:00:00 UTC        
 READ IN fields at DATE: 2007-11-04 18:00:00 UTC        
 READ IN fields at DATE: 2007-11-05 00:00:00 UTC        
 READ IN fields at DATE: 2007-11-05 06:00:00 UTC        
 READ IN fields at DATE: 2007-11-05 12:00:00 UTC        
 READ IN fields at DATE: 2007-11-05 18:00:00 UTC        
 READ IN fields at DATE: 2007-11-06 00:00:00 UTC        
 READ IN fields at DATE: 2007-11-06 06:00:00 UTC        
 READ IN fields at DATE: 2007-11-06 12:00:00 UTC        
 READ IN fields at DATE: 2007-11-06 18:00:00 UTC        
 READ IN fields at DATE: 2007-11-07 00:00:00 UTC        
 READ IN fields at DATE: 2007-11-07 06:00:00 UTC        
 READ IN fields at DATE: 2007-11-07 12:00:00 UTC        
 READ IN fields at DATE: 2007-11-07 18:00:00 UTC        
 READ IN fields at DATE: 2007-11-08 00:00:00 UTC        
 READ IN fields at DATE: 2007-11-08 06:00:00 UTC        
 READ IN fields at DATE: 2007-11-08 12:00:00 UTC        
 READ IN fields at DATE: 2007-11-08 18:00:00 UTC        
 READ IN fields at DATE: 2007-11-09 00:00:00 UTC        
 READ IN fields at DATE: 2007-11-09 06:00:00 UTC        
 READ IN fields at DATE: 2007-11-09 12:00:00 UTC        
 READ IN fields at DATE: 2007-11-09 18:00:00 UTC        
 READ IN fields at DATE: 2007-11-10 00:00:00 UTC        
 READ IN fields at DATE: 2007-11-10 06:00:00 UTC        
 READ IN fields at DATE: 2007-11-10 12:00:00 UTC        
 READ IN fields at DATE: 2007-11-10 18:00:00 UTC        
 READ IN fields at DATE: 2007-11-11 00:00:00 UTC        
 READ IN fields at DATE: 2007-11-11 06:00:00 UTC        
 READ IN fields at DATE: 2007-11-11 12:00:00 UTC        
 READ IN fields at DATE: 2007-11-11 18:00:00 UTC        
 READ IN fields at DATE: 2007-11-12 00:00:00 UTC        
 READ IN fields at DATE: 2007-11-12 06:00:00 UTC        
 READ IN fields at DATE: 2007-11-12 12:00:00 UTC        
 READ IN fields at DATE: 2007-11-12 18:00:00 UTC        
 READ IN fields at DATE: 2007-11-13 00:00:00 UTC        
 READ IN fields at DATE: 2007-11-13 06:00:00 UTC        
 READ IN fields at DATE: 2007-11-13 12:00:00 UTC        
 READ IN fields at DATE: 2007-11-13 18:00:00 UTC        
 READ IN fields at DATE: 2007-11-14 00:00:00 UTC        
 READ IN fields at DATE: 2007-11-14 06:00:00 UTC        
 READ IN fields at DATE: 2007-11-14 12:00:00 UTC        
 READ IN fields at DATE: 2007-11-14 18:00:00 UTC        
 READ IN fields at DATE: 2007-11-15 00:00:00 UTC        
 READ IN fields at DATE: 2007-11-15 06:00:00 UTC        
 READ IN fields at DATE: 2007-11-15 12:00:00 UTC        
 READ IN fields at DATE: 2007-11-15 18:00:00 UTC        
 READ IN fields at DATE: 2007-11-16 00:00:00 UTC        
 READ IN fields at DATE: 2007-11-16 06:00:00 UTC        
 READ IN fields at DATE: 2007-11-16 12:00:00 UTC        
 READ IN fields at DATE: 2007-11-16 18:00:00 UTC        
 READ IN fields at DATE: 2007-11-17 00:00:00 UTC        
 READ IN fields at DATE: 2007-11-17 06:00:00 UTC        
 READ IN fields at DATE: 2007-11-17 12:00:00 UTC        
 READ IN fields at DATE: 2007-11-17 18:00:00 UTC        
 READ IN fields at DATE: 2007-11-18 00:00:00 UTC        
 READ IN fields at DATE: 2007-11-18 06:00:00 UTC        
 READ IN fields at DATE: 2007-11-18 12:00:00 UTC        
 READ IN fields at DATE: 2007-11-18 18:00:00 UTC        
 READ IN fields at DATE: 2007-11-19 00:00:00 UTC        
 READ IN fields at DATE: 2007-11-19 06:00:00 UTC        
 READ IN fields at DATE: 2007-11-19 12:00:00 UTC        
 READ IN fields at DATE: 2007-11-19 18:00:00 UTC        
 READ IN fields at DATE: 2007-11-20 00:00:00 UTC        
 READ IN fields at DATE: 2007-11-20 06:00:00 UTC        
 READ IN fields at DATE: 2007-11-20 12:00:00 UTC        
 READ IN fields at DATE: 2007-11-20 18:00:00 UTC        
 READ IN fields at DATE: 2007-11-21 00:00:00 UTC        
 READ IN fields at DATE: 2007-11-21 06:00:00 UTC        
 READ IN fields at DATE: 2007-11-21 12:00:00 UTC        
 READ IN fields at DATE: 2007-11-21 18:00:00 UTC        
 READ IN fields at DATE: 2007-11-22 00:00:00 UTC        
 READ IN fields at DATE: 2007-11-22 06:00:00 UTC        
 READ IN fields at DATE: 2007-11-22 12:00:00 UTC        
 READ IN fields at DATE: 2007-11-22 18:00:00 UTC        
 READ IN fields at DATE: 2007-11-23 00:00:00 UTC        
 READ IN fields at DATE: 2007-11-23 06:00:00 UTC        
 READ IN fields at DATE: 2007-11-23 12:00:00 UTC        
 READ IN fields at DATE: 2007-11-23 18:00:00 UTC        
 READ IN fields at DATE: 2007-11-24 00:00:00 UTC        
 READ IN fields at DATE: 2007-11-24 06:00:00 UTC        
 READ IN fields at DATE: 2007-11-24 12:00:00 UTC        
 READ IN fields at DATE: 2007-11-24 18:00:00 UTC        
 READ IN fields at DATE: 2007-11-25 00:00:00 UTC        
 READ IN fields at DATE: 2007-11-25 06:00:00 UTC        
 READ IN fields at DATE: 2007-11-25 12:00:00 UTC        
 READ IN fields at DATE: 2007-11-25 18:00:00 UTC        
 READ IN fields at DATE: 2007-11-26 00:00:00 UTC        
 READ IN fields at DATE: 2007-11-26 06:00:00 UTC        
 READ IN fields at DATE: 2007-11-26 12:00:00 UTC        
 READ IN fields at DATE: 2007-11-26 18:00:00 UTC        
 READ IN fields at DATE: 2007-11-27 00:00:00 UTC        
 READ IN fields at DATE: 2007-11-27 06:00:00 UTC        
 READ IN fields at DATE: 2007-11-27 12:00:00 UTC        
 READ IN fields at DATE: 2007-11-27 18:00:00 UTC        
 READ IN fields at DATE: 2007-11-28 00:00:00 UTC        
 READ IN fields at DATE: 2007-11-28 06:00:00 UTC        
 READ IN fields at DATE: 2007-11-28 12:00:00 UTC        
 READ IN fields at DATE: 2007-11-28 18:00:00 UTC        
 READ IN fields at DATE: 2007-11-29 00:00:00 UTC        
 READ IN fields at DATE: 2007-11-29 06:00:00 UTC        
 READ IN fields at DATE: 2007-11-29 12:00:00 UTC        
 READ IN fields at DATE: 2007-11-29 18:00:00 UTC        
 READ IN fields at DATE: 2007-11-30 00:00:00 UTC        
 READ IN fields at DATE: 2007-11-30 06:00:00 UTC        
 READ IN fields at DATE: 2007-11-30 12:00:00 UTC        
 READ IN fields at DATE: 2007-11-30 18:00:00 UTC        
      131072 /leonardo_work/ICT24_ESP/RCMDATA//ERA5/2007/tatm_2007_12.nc
  2.220388396205800E-003   246.060817601212     
      196608 /leonardo_work/ICT24_ESP/RCMDATA//ERA5/2007/geop_2007_12.nc
   7.64108433441930        244172.152114083     
      262144 /leonardo_work/ICT24_ESP/RCMDATA//ERA5/2007/qhum_2007_12.nc
  3.694884036459014E-007  1.208970153513922E-002
      327680 /leonardo_work/ICT24_ESP/RCMDATA//ERA5/2007/uwnd_2007_12.nc
  4.193528201708729E-003   49.4470762095320     
      393216 /leonardo_work/ICT24_ESP/RCMDATA//ERA5/2007/vwnd_2007_12.nc
  3.886782837240040E-003  -9.77610568389909     
 READ IN fields at DATE: 2007-12-01 00:00:00 UTC        
 READ IN fields at DATE: 2007-12-01 06:00:00 UTC        
 READ IN fields at DATE: 2007-12-01 12:00:00 UTC        
 READ IN fields at DATE: 2007-12-01 18:00:00 UTC        
 READ IN fields at DATE: 2007-12-02 00:00:00 UTC        
 READ IN fields at DATE: 2007-12-02 06:00:00 UTC        
 READ IN fields at DATE: 2007-12-02 12:00:00 UTC        
 READ IN fields at DATE: 2007-12-02 18:00:00 UTC        
 READ IN fields at DATE: 2007-12-03 00:00:00 UTC        
 READ IN fields at DATE: 2007-12-03 06:00:00 UTC        
 READ IN fields at DATE: 2007-12-03 12:00:00 UTC        
 READ IN fields at DATE: 2007-12-03 18:00:00 UTC        
 READ IN fields at DATE: 2007-12-04 00:00:00 UTC        
 READ IN fields at DATE: 2007-12-04 06:00:00 UTC        
 READ IN fields at DATE: 2007-12-04 12:00:00 UTC        
 READ IN fields at DATE: 2007-12-04 18:00:00 UTC        
 READ IN fields at DATE: 2007-12-05 00:00:00 UTC        
 READ IN fields at DATE: 2007-12-05 06:00:00 UTC        
 READ IN fields at DATE: 2007-12-05 12:00:00 UTC        
 READ IN fields at DATE: 2007-12-05 18:00:00 UTC        
 READ IN fields at DATE: 2007-12-06 00:00:00 UTC        
 READ IN fields at DATE: 2007-12-06 06:00:00 UTC        
 READ IN fields at DATE: 2007-12-06 12:00:00 UTC        
 READ IN fields at DATE: 2007-12-06 18:00:00 UTC        
 READ IN fields at DATE: 2007-12-07 00:00:00 UTC        
 READ IN fields at DATE: 2007-12-07 06:00:00 UTC        
 READ IN fields at DATE: 2007-12-07 12:00:00 UTC        
 READ IN fields at DATE: 2007-12-07 18:00:00 UTC        
 READ IN fields at DATE: 2007-12-08 00:00:00 UTC        
 READ IN fields at DATE: 2007-12-08 06:00:00 UTC        
 READ IN fields at DATE: 2007-12-08 12:00:00 UTC        
 READ IN fields at DATE: 2007-12-08 18:00:00 UTC        
 READ IN fields at DATE: 2007-12-09 00:00:00 UTC        
 READ IN fields at DATE: 2007-12-09 06:00:00 UTC        
 READ IN fields at DATE: 2007-12-09 12:00:00 UTC        
 READ IN fields at DATE: 2007-12-09 18:00:00 UTC        
 READ IN fields at DATE: 2007-12-10 00:00:00 UTC        
 READ IN fields at DATE: 2007-12-10 06:00:00 UTC        
 READ IN fields at DATE: 2007-12-10 12:00:00 UTC        
 READ IN fields at DATE: 2007-12-10 18:00:00 UTC        
 READ IN fields at DATE: 2007-12-11 00:00:00 UTC        
 READ IN fields at DATE: 2007-12-11 06:00:00 UTC        
 READ IN fields at DATE: 2007-12-11 12:00:00 UTC        
 READ IN fields at DATE: 2007-12-11 18:00:00 UTC        
 READ IN fields at DATE: 2007-12-12 00:00:00 UTC        
 READ IN fields at DATE: 2007-12-12 06:00:00 UTC        
 READ IN fields at DATE: 2007-12-12 12:00:00 UTC        
 READ IN fields at DATE: 2007-12-12 18:00:00 UTC        
 READ IN fields at DATE: 2007-12-13 00:00:00 UTC        
 READ IN fields at DATE: 2007-12-13 06:00:00 UTC        
 READ IN fields at DATE: 2007-12-13 12:00:00 UTC        
 READ IN fields at DATE: 2007-12-13 18:00:00 UTC        
 READ IN fields at DATE: 2007-12-14 00:00:00 UTC        
 READ IN fields at DATE: 2007-12-14 06:00:00 UTC        
 READ IN fields at DATE: 2007-12-14 12:00:00 UTC        
 READ IN fields at DATE: 2007-12-14 18:00:00 UTC        
 READ IN fields at DATE: 2007-12-15 00:00:00 UTC        
 READ IN fields at DATE: 2007-12-15 06:00:00 UTC        
 READ IN fields at DATE: 2007-12-15 12:00:00 UTC        
 READ IN fields at DATE: 2007-12-15 18:00:00 UTC        
 READ IN fields at DATE: 2007-12-16 00:00:00 UTC        
 READ IN fields at DATE: 2007-12-16 06:00:00 UTC        
 READ IN fields at DATE: 2007-12-16 12:00:00 UTC        
 READ IN fields at DATE: 2007-12-16 18:00:00 UTC        
 READ IN fields at DATE: 2007-12-17 00:00:00 UTC        
 READ IN fields at DATE: 2007-12-17 06:00:00 UTC        
 READ IN fields at DATE: 2007-12-17 12:00:00 UTC        
 READ IN fields at DATE: 2007-12-17 18:00:00 UTC        
 READ IN fields at DATE: 2007-12-18 00:00:00 UTC        
 READ IN fields at DATE: 2007-12-18 06:00:00 UTC        
 READ IN fields at DATE: 2007-12-18 12:00:00 UTC        
 READ IN fields at DATE: 2007-12-18 18:00:00 UTC        
 READ IN fields at DATE: 2007-12-19 00:00:00 UTC        
 READ IN fields at DATE: 2007-12-19 06:00:00 UTC        
 READ IN fields at DATE: 2007-12-19 12:00:00 UTC        
 READ IN fields at DATE: 2007-12-19 18:00:00 UTC        
 READ IN fields at DATE: 2007-12-20 00:00:00 UTC        
 READ IN fields at DATE: 2007-12-20 06:00:00 UTC        
 READ IN fields at DATE: 2007-12-20 12:00:00 UTC        
 READ IN fields at DATE: 2007-12-20 18:00:00 UTC        
 READ IN fields at DATE: 2007-12-21 00:00:00 UTC        
 READ IN fields at DATE: 2007-12-21 06:00:00 UTC        
 READ IN fields at DATE: 2007-12-21 12:00:00 UTC        
 READ IN fields at DATE: 2007-12-21 18:00:00 UTC        
 READ IN fields at DATE: 2007-12-22 00:00:00 UTC        
 READ IN fields at DATE: 2007-12-22 06:00:00 UTC        
 READ IN fields at DATE: 2007-12-22 12:00:00 UTC        
 READ IN fields at DATE: 2007-12-22 18:00:00 UTC        
 READ IN fields at DATE: 2007-12-23 00:00:00 UTC        
 READ IN fields at DATE: 2007-12-23 06:00:00 UTC        
 READ IN fields at DATE: 2007-12-23 12:00:00 UTC        
 READ IN fields at DATE: 2007-12-23 18:00:00 UTC        
 READ IN fields at DATE: 2007-12-24 00:00:00 UTC        
 READ IN fields at DATE: 2007-12-24 06:00:00 UTC        
 READ IN fields at DATE: 2007-12-24 12:00:00 UTC        
 READ IN fields at DATE: 2007-12-24 18:00:00 UTC        
 READ IN fields at DATE: 2007-12-25 00:00:00 UTC        
 READ IN fields at DATE: 2007-12-25 06:00:00 UTC        
 READ IN fields at DATE: 2007-12-25 12:00:00 UTC        
 READ IN fields at DATE: 2007-12-25 18:00:00 UTC        
 READ IN fields at DATE: 2007-12-26 00:00:00 UTC        
 READ IN fields at DATE: 2007-12-26 06:00:00 UTC        
 READ IN fields at DATE: 2007-12-26 12:00:00 UTC        
 READ IN fields at DATE: 2007-12-26 18:00:00 UTC        
 READ IN fields at DATE: 2007-12-27 00:00:00 UTC        
 READ IN fields at DATE: 2007-12-27 06:00:00 UTC        
 READ IN fields at DATE: 2007-12-27 12:00:00 UTC        
 READ IN fields at DATE: 2007-12-27 18:00:00 UTC        
 READ IN fields at DATE: 2007-12-28 00:00:00 UTC        
 READ IN fields at DATE: 2007-12-28 06:00:00 UTC        
 READ IN fields at DATE: 2007-12-28 12:00:00 UTC        
 READ IN fields at DATE: 2007-12-28 18:00:00 UTC        
 READ IN fields at DATE: 2007-12-29 00:00:00 UTC        
 READ IN fields at DATE: 2007-12-29 06:00:00 UTC        
 READ IN fields at DATE: 2007-12-29 12:00:00 UTC        
 READ IN fields at DATE: 2007-12-29 18:00:00 UTC        
 READ IN fields at DATE: 2007-12-30 00:00:00 UTC        
 READ IN fields at DATE: 2007-12-30 06:00:00 UTC        
 READ IN fields at DATE: 2007-12-30 12:00:00 UTC        
 READ IN fields at DATE: 2007-12-30 18:00:00 UTC        
 READ IN fields at DATE: 2007-12-31 00:00:00 UTC        
 READ IN fields at DATE: 2007-12-31 06:00:00 UTC        
 READ IN fields at DATE: 2007-12-31 12:00:00 UTC        
 READ IN fields at DATE: 2007-12-31 18:00:00 UTC        
      131072 /leonardo_work/ICT24_ESP/RCMDATA//ERA5/2008/tatm_2008_01.nc
  2.159290838486788E-003   249.076122197842     
      196608 /leonardo_work/ICT24_ESP/RCMDATA//ERA5/2008/geop_2008_01.nc
   7.62255264046358        245304.380129930     
      262144 /leonardo_work/ICT24_ESP/RCMDATA//ERA5/2008/qhum_2008_01.nc
  3.862403853885998E-007  1.262454969956031E-002
      327680 /leonardo_work/ICT24_ESP/RCMDATA//ERA5/2008/uwnd_2008_01.nc
  5.733655132928019E-003   9.46016112653510     
      393216 /leonardo_work/ICT24_ESP/RCMDATA//ERA5/2008/vwnd_2008_01.nc
  5.410442067355378E-003  -1.33063185677587     
 READ IN fields at DATE: 2008-01-01 00:00:00 UTC        
 Input ready at : Wed Feb 12 22:57:17 2025
 Successfully completed ICBC
icbc script complete
