
  This is icbc part of the RegCM version 5
   SVN Revision: 5.0.1 compiled at: data : Dec 03 2024  time: 16:32:23

 : this run start at    : 2025-01-15 12:10:14+0100
 : it is submitted by   : mdasilva
 : it is running on     : lrdn4005.leonardo.local
 : in directory         : 
 /leonardo/home/userexternal/mdasilva/github_projects/shell/ictp/regcm_exp/corde
 x5
                       
 Using Moloch non-hydrostatic dynamical core
 GLOBIDATE1 :  2001-04-01 00:00:00 UTC        
 GLOBIDATE2 :  2001-05-01 00:00:00 UTC        
 NSTEPS     :          121
 Computing weights, R =      38.89632416 .......... Done.
 Computing weights, R =      38.89632416 .......... Done.
 Computing weights, R =      38.89632416 .......... Done.
      131072 /leonardo_work/ICT24_ESP/RCMDATA//ERA5/2001/tatm_2001_04.nc
  2.080665918897135E-003   250.385686046435     
      196608 /leonardo_work/ICT24_ESP/RCMDATA//ERA5/2001/geop_2001_04.nc
   7.33466750530267        235272.699853747     
      262144 /leonardo_work/ICT24_ESP/RCMDATA//ERA5/2001/qhum_2001_04.nc
  6.329320148452908E-007  2.068667958651080E-002
      327680 /leonardo_work/ICT24_ESP/RCMDATA//ERA5/2001/uwnd_2001_04.nc
  2.629279377255543E-003   26.1511664394129     
      393216 /leonardo_work/ICT24_ESP/RCMDATA//ERA5/2001/vwnd_2001_04.nc
  2.631207303238445E-003 -0.167331228651619     
 READ IN fields at DATE: 2001-04-01 00:00:00 UTC        
 READ IN fields at DATE: 2001-04-01 06:00:00 UTC        
 READ IN fields at DATE: 2001-04-01 12:00:00 UTC        
 READ IN fields at DATE: 2001-04-01 18:00:00 UTC        
 READ IN fields at DATE: 2001-04-02 00:00:00 UTC        
 READ IN fields at DATE: 2001-04-02 06:00:00 UTC        
 READ IN fields at DATE: 2001-04-02 12:00:00 UTC        
 READ IN fields at DATE: 2001-04-02 18:00:00 UTC        
 READ IN fields at DATE: 2001-04-03 00:00:00 UTC        
 READ IN fields at DATE: 2001-04-03 06:00:00 UTC        
 READ IN fields at DATE: 2001-04-03 12:00:00 UTC        
 READ IN fields at DATE: 2001-04-03 18:00:00 UTC        
 READ IN fields at DATE: 2001-04-04 00:00:00 UTC        
 READ IN fields at DATE: 2001-04-04 06:00:00 UTC        
 READ IN fields at DATE: 2001-04-04 12:00:00 UTC        
 READ IN fields at DATE: 2001-04-04 18:00:00 UTC        
 READ IN fields at DATE: 2001-04-05 00:00:00 UTC        
 READ IN fields at DATE: 2001-04-05 06:00:00 UTC        
 READ IN fields at DATE: 2001-04-05 12:00:00 UTC        
 READ IN fields at DATE: 2001-04-05 18:00:00 UTC        
 READ IN fields at DATE: 2001-04-06 00:00:00 UTC        
 READ IN fields at DATE: 2001-04-06 06:00:00 UTC        
 READ IN fields at DATE: 2001-04-06 12:00:00 UTC        
 READ IN fields at DATE: 2001-04-06 18:00:00 UTC        
 READ IN fields at DATE: 2001-04-07 00:00:00 UTC        
 READ IN fields at DATE: 2001-04-07 06:00:00 UTC        
 READ IN fields at DATE: 2001-04-07 12:00:00 UTC        
 READ IN fields at DATE: 2001-04-07 18:00:00 UTC        
 READ IN fields at DATE: 2001-04-08 00:00:00 UTC        
 READ IN fields at DATE: 2001-04-08 06:00:00 UTC        
 READ IN fields at DATE: 2001-04-08 12:00:00 UTC        
 READ IN fields at DATE: 2001-04-08 18:00:00 UTC        
 READ IN fields at DATE: 2001-04-09 00:00:00 UTC        
 READ IN fields at DATE: 2001-04-09 06:00:00 UTC        
 READ IN fields at DATE: 2001-04-09 12:00:00 UTC        
 READ IN fields at DATE: 2001-04-09 18:00:00 UTC        
 READ IN fields at DATE: 2001-04-10 00:00:00 UTC        
 READ IN fields at DATE: 2001-04-10 06:00:00 UTC        
 READ IN fields at DATE: 2001-04-10 12:00:00 UTC        
 READ IN fields at DATE: 2001-04-10 18:00:00 UTC        
 READ IN fields at DATE: 2001-04-11 00:00:00 UTC        
 READ IN fields at DATE: 2001-04-11 06:00:00 UTC        
 READ IN fields at DATE: 2001-04-11 12:00:00 UTC        
 READ IN fields at DATE: 2001-04-11 18:00:00 UTC        
 READ IN fields at DATE: 2001-04-12 00:00:00 UTC        
 READ IN fields at DATE: 2001-04-12 06:00:00 UTC        
 READ IN fields at DATE: 2001-04-12 12:00:00 UTC        
 READ IN fields at DATE: 2001-04-12 18:00:00 UTC        
 READ IN fields at DATE: 2001-04-13 00:00:00 UTC        
 READ IN fields at DATE: 2001-04-13 06:00:00 UTC        
 READ IN fields at DATE: 2001-04-13 12:00:00 UTC        
 READ IN fields at DATE: 2001-04-13 18:00:00 UTC        
 READ IN fields at DATE: 2001-04-14 00:00:00 UTC        
 READ IN fields at DATE: 2001-04-14 06:00:00 UTC        
 READ IN fields at DATE: 2001-04-14 12:00:00 UTC        
 READ IN fields at DATE: 2001-04-14 18:00:00 UTC        
 READ IN fields at DATE: 2001-04-15 00:00:00 UTC        
 READ IN fields at DATE: 2001-04-15 06:00:00 UTC        
 READ IN fields at DATE: 2001-04-15 12:00:00 UTC        
 READ IN fields at DATE: 2001-04-15 18:00:00 UTC        
 READ IN fields at DATE: 2001-04-16 00:00:00 UTC        
 READ IN fields at DATE: 2001-04-16 06:00:00 UTC        
 READ IN fields at DATE: 2001-04-16 12:00:00 UTC        
 READ IN fields at DATE: 2001-04-16 18:00:00 UTC        
 READ IN fields at DATE: 2001-04-17 00:00:00 UTC        
 READ IN fields at DATE: 2001-04-17 06:00:00 UTC        
 READ IN fields at DATE: 2001-04-17 12:00:00 UTC        
 READ IN fields at DATE: 2001-04-17 18:00:00 UTC        
 READ IN fields at DATE: 2001-04-18 00:00:00 UTC        
 READ IN fields at DATE: 2001-04-18 06:00:00 UTC        
 READ IN fields at DATE: 2001-04-18 12:00:00 UTC        
 READ IN fields at DATE: 2001-04-18 18:00:00 UTC        
 READ IN fields at DATE: 2001-04-19 00:00:00 UTC        
 READ IN fields at DATE: 2001-04-19 06:00:00 UTC        
 READ IN fields at DATE: 2001-04-19 12:00:00 UTC        
 READ IN fields at DATE: 2001-04-19 18:00:00 UTC        
 READ IN fields at DATE: 2001-04-20 00:00:00 UTC        
 READ IN fields at DATE: 2001-04-20 06:00:00 UTC        
 READ IN fields at DATE: 2001-04-20 12:00:00 UTC        
 READ IN fields at DATE: 2001-04-20 18:00:00 UTC        
 READ IN fields at DATE: 2001-04-21 00:00:00 UTC        
 READ IN fields at DATE: 2001-04-21 06:00:00 UTC        
 READ IN fields at DATE: 2001-04-21 12:00:00 UTC        
 READ IN fields at DATE: 2001-04-21 18:00:00 UTC        
 READ IN fields at DATE: 2001-04-22 00:00:00 UTC        
 READ IN fields at DATE: 2001-04-22 06:00:00 UTC        
 READ IN fields at DATE: 2001-04-22 12:00:00 UTC        
 READ IN fields at DATE: 2001-04-22 18:00:00 UTC        
 READ IN fields at DATE: 2001-04-23 00:00:00 UTC        
 READ IN fields at DATE: 2001-04-23 06:00:00 UTC        
 READ IN fields at DATE: 2001-04-23 12:00:00 UTC        
 READ IN fields at DATE: 2001-04-23 18:00:00 UTC        
 READ IN fields at DATE: 2001-04-24 00:00:00 UTC        
 READ IN fields at DATE: 2001-04-24 06:00:00 UTC        
 READ IN fields at DATE: 2001-04-24 12:00:00 UTC        
 READ IN fields at DATE: 2001-04-24 18:00:00 UTC        
 READ IN fields at DATE: 2001-04-25 00:00:00 UTC        
 READ IN fields at DATE: 2001-04-25 06:00:00 UTC        
 READ IN fields at DATE: 2001-04-25 12:00:00 UTC        
 READ IN fields at DATE: 2001-04-25 18:00:00 UTC        
 READ IN fields at DATE: 2001-04-26 00:00:00 UTC        
 READ IN fields at DATE: 2001-04-26 06:00:00 UTC        
 READ IN fields at DATE: 2001-04-26 12:00:00 UTC        
 READ IN fields at DATE: 2001-04-26 18:00:00 UTC        
 READ IN fields at DATE: 2001-04-27 00:00:00 UTC        
 READ IN fields at DATE: 2001-04-27 06:00:00 UTC        
 READ IN fields at DATE: 2001-04-27 12:00:00 UTC        
 READ IN fields at DATE: 2001-04-27 18:00:00 UTC        
 READ IN fields at DATE: 2001-04-28 00:00:00 UTC        
 READ IN fields at DATE: 2001-04-28 06:00:00 UTC        
 READ IN fields at DATE: 2001-04-28 12:00:00 UTC        
 READ IN fields at DATE: 2001-04-28 18:00:00 UTC        
 READ IN fields at DATE: 2001-04-29 00:00:00 UTC        
 READ IN fields at DATE: 2001-04-29 06:00:00 UTC        
 READ IN fields at DATE: 2001-04-29 12:00:00 UTC        
 READ IN fields at DATE: 2001-04-29 18:00:00 UTC        
 READ IN fields at DATE: 2001-04-30 00:00:00 UTC        
 READ IN fields at DATE: 2001-04-30 06:00:00 UTC        
 READ IN fields at DATE: 2001-04-30 12:00:00 UTC        
 READ IN fields at DATE: 2001-04-30 18:00:00 UTC        
      131072 /leonardo_work/ICT24_ESP/RCMDATA//ERA5/2001/tatm_2001_05.nc
  2.155944210449077E-003   250.602437652895     
      196608 /leonardo_work/ICT24_ESP/RCMDATA//ERA5/2001/geop_2001_05.nc
   7.49434141243725        239939.539938669     
      262144 /leonardo_work/ICT24_ESP/RCMDATA//ERA5/2001/qhum_2001_05.nc
  3.976685786177627E-007  1.300126218246706E-002
      327680 /leonardo_work/ICT24_ESP/RCMDATA//ERA5/2001/uwnd_2001_05.nc
  3.732895692148302E-003   51.7456692577203     
      393216 /leonardo_work/ICT24_ESP/RCMDATA//ERA5/2001/vwnd_2001_05.nc
  2.438071962551310E-003  0.102739093901537     
 READ IN fields at DATE: 2001-05-01 00:00:00 UTC        
 Input ready at : Wed Jan 15 12:40:51 2025
 Successfully completed ICBC
icbc script complete
