
  This is icbc part of the RegCM version 5
   SVN Revision: 5.0.1 compiled at: data : Dec 03 2024  time: 16:32:23

 : this run start at    : 2025-01-16 01:20:38+0100
 : it is submitted by   : mdasilva
 : it is running on     : lrdn4611.leonardo.local
 : in directory         : 
 /leonardo/home/userexternal/mdasilva/github_projects/shell/ictp/regcm_exp/corde
 x5
                       
 Using Moloch non-hydrostatic dynamical core
 GLOBIDATE1 :  2003-03-01 00:00:00 UTC        
 GLOBIDATE2 :  2003-04-01 00:00:00 UTC        
 NSTEPS     :          125
 Computing weights, R =      38.89632416 .......... Done.
 Computing weights, R =      38.89632416 .......... Done.
 Computing weights, R =      38.89632416 .......... Done.
      131072 /leonardo_work/ICT24_ESP/RCMDATA//ERA5/2003/tatm_2003_03.nc
  2.052423898819345E-003   249.795604647426     
      196608 /leonardo_work/ICT24_ESP/RCMDATA//ERA5/2003/geop_2003_03.nc
   7.38210281461249        236168.887073593     
      262144 /leonardo_work/ICT24_ESP/RCMDATA//ERA5/2003/qhum_2003_03.nc
  3.738177662268847E-007  1.220254590180928E-002
      327680 /leonardo_work/ICT24_ESP/RCMDATA//ERA5/2003/uwnd_2003_03.nc
  3.284517620327020E-003   8.06596943552577     
      393216 /leonardo_work/ICT24_ESP/RCMDATA//ERA5/2003/vwnd_2003_03.nc
  2.933657444203922E-003   1.27880660877790     
 READ IN fields at DATE: 2003-03-01 00:00:00 UTC        
 READ IN fields at DATE: 2003-03-01 06:00:00 UTC        
 READ IN fields at DATE: 2003-03-01 12:00:00 UTC        
 READ IN fields at DATE: 2003-03-01 18:00:00 UTC        
 READ IN fields at DATE: 2003-03-02 00:00:00 UTC        
 READ IN fields at DATE: 2003-03-02 06:00:00 UTC        
 READ IN fields at DATE: 2003-03-02 12:00:00 UTC        
 READ IN fields at DATE: 2003-03-02 18:00:00 UTC        
 READ IN fields at DATE: 2003-03-03 00:00:00 UTC        
 READ IN fields at DATE: 2003-03-03 06:00:00 UTC        
 READ IN fields at DATE: 2003-03-03 12:00:00 UTC        
 READ IN fields at DATE: 2003-03-03 18:00:00 UTC        
 READ IN fields at DATE: 2003-03-04 00:00:00 UTC        
 READ IN fields at DATE: 2003-03-04 06:00:00 UTC        
 READ IN fields at DATE: 2003-03-04 12:00:00 UTC        
 READ IN fields at DATE: 2003-03-04 18:00:00 UTC        
 READ IN fields at DATE: 2003-03-05 00:00:00 UTC        
 READ IN fields at DATE: 2003-03-05 06:00:00 UTC        
 READ IN fields at DATE: 2003-03-05 12:00:00 UTC        
 READ IN fields at DATE: 2003-03-05 18:00:00 UTC        
 READ IN fields at DATE: 2003-03-06 00:00:00 UTC        
 READ IN fields at DATE: 2003-03-06 06:00:00 UTC        
 READ IN fields at DATE: 2003-03-06 12:00:00 UTC        
 READ IN fields at DATE: 2003-03-06 18:00:00 UTC        
 READ IN fields at DATE: 2003-03-07 00:00:00 UTC        
 READ IN fields at DATE: 2003-03-07 06:00:00 UTC        
 READ IN fields at DATE: 2003-03-07 12:00:00 UTC        
 READ IN fields at DATE: 2003-03-07 18:00:00 UTC        
 READ IN fields at DATE: 2003-03-08 00:00:00 UTC        
 READ IN fields at DATE: 2003-03-08 06:00:00 UTC        
 READ IN fields at DATE: 2003-03-08 12:00:00 UTC        
 READ IN fields at DATE: 2003-03-08 18:00:00 UTC        
 READ IN fields at DATE: 2003-03-09 00:00:00 UTC        
 READ IN fields at DATE: 2003-03-09 06:00:00 UTC        
 READ IN fields at DATE: 2003-03-09 12:00:00 UTC        
 READ IN fields at DATE: 2003-03-09 18:00:00 UTC        
 READ IN fields at DATE: 2003-03-10 00:00:00 UTC        
 READ IN fields at DATE: 2003-03-10 06:00:00 UTC        
 READ IN fields at DATE: 2003-03-10 12:00:00 UTC        
 READ IN fields at DATE: 2003-03-10 18:00:00 UTC        
 READ IN fields at DATE: 2003-03-11 00:00:00 UTC        
 READ IN fields at DATE: 2003-03-11 06:00:00 UTC        
 READ IN fields at DATE: 2003-03-11 12:00:00 UTC        
 READ IN fields at DATE: 2003-03-11 18:00:00 UTC        
 READ IN fields at DATE: 2003-03-12 00:00:00 UTC        
 READ IN fields at DATE: 2003-03-12 06:00:00 UTC        
 READ IN fields at DATE: 2003-03-12 12:00:00 UTC        
 READ IN fields at DATE: 2003-03-12 18:00:00 UTC        
 READ IN fields at DATE: 2003-03-13 00:00:00 UTC        
 READ IN fields at DATE: 2003-03-13 06:00:00 UTC        
 READ IN fields at DATE: 2003-03-13 12:00:00 UTC        
 READ IN fields at DATE: 2003-03-13 18:00:00 UTC        
 READ IN fields at DATE: 2003-03-14 00:00:00 UTC        
 READ IN fields at DATE: 2003-03-14 06:00:00 UTC        
 READ IN fields at DATE: 2003-03-14 12:00:00 UTC        
 READ IN fields at DATE: 2003-03-14 18:00:00 UTC        
 READ IN fields at DATE: 2003-03-15 00:00:00 UTC        
 READ IN fields at DATE: 2003-03-15 06:00:00 UTC        
 READ IN fields at DATE: 2003-03-15 12:00:00 UTC        
 READ IN fields at DATE: 2003-03-15 18:00:00 UTC        
 READ IN fields at DATE: 2003-03-16 00:00:00 UTC        
 READ IN fields at DATE: 2003-03-16 06:00:00 UTC        
 READ IN fields at DATE: 2003-03-16 12:00:00 UTC        
 READ IN fields at DATE: 2003-03-16 18:00:00 UTC        
 READ IN fields at DATE: 2003-03-17 00:00:00 UTC        
 READ IN fields at DATE: 2003-03-17 06:00:00 UTC        
 READ IN fields at DATE: 2003-03-17 12:00:00 UTC        
 READ IN fields at DATE: 2003-03-17 18:00:00 UTC        
 READ IN fields at DATE: 2003-03-18 00:00:00 UTC        
 READ IN fields at DATE: 2003-03-18 06:00:00 UTC        
 READ IN fields at DATE: 2003-03-18 12:00:00 UTC        
 READ IN fields at DATE: 2003-03-18 18:00:00 UTC        
 READ IN fields at DATE: 2003-03-19 00:00:00 UTC        
 READ IN fields at DATE: 2003-03-19 06:00:00 UTC        
 READ IN fields at DATE: 2003-03-19 12:00:00 UTC        
 READ IN fields at DATE: 2003-03-19 18:00:00 UTC        
 READ IN fields at DATE: 2003-03-20 00:00:00 UTC        
 READ IN fields at DATE: 2003-03-20 06:00:00 UTC        
 READ IN fields at DATE: 2003-03-20 12:00:00 UTC        
 READ IN fields at DATE: 2003-03-20 18:00:00 UTC        
 READ IN fields at DATE: 2003-03-21 00:00:00 UTC        
 READ IN fields at DATE: 2003-03-21 06:00:00 UTC        
 READ IN fields at DATE: 2003-03-21 12:00:00 UTC        
 READ IN fields at DATE: 2003-03-21 18:00:00 UTC        
 READ IN fields at DATE: 2003-03-22 00:00:00 UTC        
 READ IN fields at DATE: 2003-03-22 06:00:00 UTC        
 READ IN fields at DATE: 2003-03-22 12:00:00 UTC        
 READ IN fields at DATE: 2003-03-22 18:00:00 UTC        
 READ IN fields at DATE: 2003-03-23 00:00:00 UTC        
 READ IN fields at DATE: 2003-03-23 06:00:00 UTC        
 READ IN fields at DATE: 2003-03-23 12:00:00 UTC        
 READ IN fields at DATE: 2003-03-23 18:00:00 UTC        
 READ IN fields at DATE: 2003-03-24 00:00:00 UTC        
 READ IN fields at DATE: 2003-03-24 06:00:00 UTC        
 READ IN fields at DATE: 2003-03-24 12:00:00 UTC        
 READ IN fields at DATE: 2003-03-24 18:00:00 UTC        
 READ IN fields at DATE: 2003-03-25 00:00:00 UTC        
 READ IN fields at DATE: 2003-03-25 06:00:00 UTC        
 READ IN fields at DATE: 2003-03-25 12:00:00 UTC        
 READ IN fields at DATE: 2003-03-25 18:00:00 UTC        
 READ IN fields at DATE: 2003-03-26 00:00:00 UTC        
 READ IN fields at DATE: 2003-03-26 06:00:00 UTC        
 READ IN fields at DATE: 2003-03-26 12:00:00 UTC        
 READ IN fields at DATE: 2003-03-26 18:00:00 UTC        
 READ IN fields at DATE: 2003-03-27 00:00:00 UTC        
 READ IN fields at DATE: 2003-03-27 06:00:00 UTC        
 READ IN fields at DATE: 2003-03-27 12:00:00 UTC        
 READ IN fields at DATE: 2003-03-27 18:00:00 UTC        
 READ IN fields at DATE: 2003-03-28 00:00:00 UTC        
 READ IN fields at DATE: 2003-03-28 06:00:00 UTC        
 READ IN fields at DATE: 2003-03-28 12:00:00 UTC        
 READ IN fields at DATE: 2003-03-28 18:00:00 UTC        
 READ IN fields at DATE: 2003-03-29 00:00:00 UTC        
 READ IN fields at DATE: 2003-03-29 06:00:00 UTC        
 READ IN fields at DATE: 2003-03-29 12:00:00 UTC        
 READ IN fields at DATE: 2003-03-29 18:00:00 UTC        
 READ IN fields at DATE: 2003-03-30 00:00:00 UTC        
 READ IN fields at DATE: 2003-03-30 06:00:00 UTC        
 READ IN fields at DATE: 2003-03-30 12:00:00 UTC        
 READ IN fields at DATE: 2003-03-30 18:00:00 UTC        
 READ IN fields at DATE: 2003-03-31 00:00:00 UTC        
 READ IN fields at DATE: 2003-03-31 06:00:00 UTC        
 READ IN fields at DATE: 2003-03-31 12:00:00 UTC        
 READ IN fields at DATE: 2003-03-31 18:00:00 UTC        
      131072 /leonardo_work/ICT24_ESP/RCMDATA//ERA5/2003/tatm_2003_04.nc
  2.090757493779375E-003   250.881110993323     
      196608 /leonardo_work/ICT24_ESP/RCMDATA//ERA5/2003/geop_2003_04.nc
   7.37642980206537        236370.962175724     
      262144 /leonardo_work/ICT24_ESP/RCMDATA//ERA5/2003/qhum_2003_04.nc
  3.577169872670658E-007  1.170839109500459E-002
      327680 /leonardo_work/ICT24_ESP/RCMDATA//ERA5/2003/uwnd_2003_04.nc
  2.609108800921387E-003   25.3319931750917     
      393216 /leonardo_work/ICT24_ESP/RCMDATA//ERA5/2003/vwnd_2003_04.nc
  2.920219939807878E-003  0.277005161026190     
 READ IN fields at DATE: 2003-04-01 00:00:00 UTC        
 Input ready at : Thu Jan 16 01:57:26 2025
 Successfully completed ICBC
icbc script complete
