
  This is icbc part of the RegCM version 5
   SVN Revision: 5.0.1 compiled at: data : Dec 03 2024  time: 16:32:23

 : this run start at    : 2025-01-16 17:20:02+0100
 : it is submitted by   : mdasilva
 : it is running on     : lrdn4471.leonardo.local
 : in directory         : 
 /leonardo/home/userexternal/mdasilva/github_projects/shell/ictp/regcm_exp/corde
 x5
                       
 Using Moloch non-hydrostatic dynamical core
 GLOBIDATE1 :  2005-05-01 00:00:00 UTC        
 GLOBIDATE2 :  2005-06-01 00:00:00 UTC        
 NSTEPS     :          125
 Computing weights, R =      38.89632416 .......... Done.
 Computing weights, R =      38.89632416 .......... Done.
 Computing weights, R =      38.89632416 .......... Done.
      131072 /leonardo_work/ICT24_ESP/RCMDATA//ERA5/2005/tatm_2005_05.nc
  2.102418186197698E-003   250.011949279188     
      196608 /leonardo_work/ICT24_ESP/RCMDATA//ERA5/2005/geop_2005_05.nc
   7.52991855010071        240046.283868850     
      262144 /leonardo_work/ICT24_ESP/RCMDATA//ERA5/2005/qhum_2005_05.nc
  4.017665770637752E-007  1.312765416513542E-002
      327680 /leonardo_work/ICT24_ESP/RCMDATA//ERA5/2005/uwnd_2005_05.nc
  3.276567719743178E-003   38.8188039158472     
      393216 /leonardo_work/ICT24_ESP/RCMDATA//ERA5/2005/vwnd_2005_05.nc
  2.704541602757628E-003   1.34018520478456     
 READ IN fields at DATE: 2005-05-01 00:00:00 UTC        
 READ IN fields at DATE: 2005-05-01 06:00:00 UTC        
 READ IN fields at DATE: 2005-05-01 12:00:00 UTC        
 READ IN fields at DATE: 2005-05-01 18:00:00 UTC        
 READ IN fields at DATE: 2005-05-02 00:00:00 UTC        
 READ IN fields at DATE: 2005-05-02 06:00:00 UTC        
 READ IN fields at DATE: 2005-05-02 12:00:00 UTC        
 READ IN fields at DATE: 2005-05-02 18:00:00 UTC        
 READ IN fields at DATE: 2005-05-03 00:00:00 UTC        
 READ IN fields at DATE: 2005-05-03 06:00:00 UTC        
 READ IN fields at DATE: 2005-05-03 12:00:00 UTC        
 READ IN fields at DATE: 2005-05-03 18:00:00 UTC        
 READ IN fields at DATE: 2005-05-04 00:00:00 UTC        
 READ IN fields at DATE: 2005-05-04 06:00:00 UTC        
 READ IN fields at DATE: 2005-05-04 12:00:00 UTC        
 READ IN fields at DATE: 2005-05-04 18:00:00 UTC        
 READ IN fields at DATE: 2005-05-05 00:00:00 UTC        
 READ IN fields at DATE: 2005-05-05 06:00:00 UTC        
 READ IN fields at DATE: 2005-05-05 12:00:00 UTC        
 READ IN fields at DATE: 2005-05-05 18:00:00 UTC        
 READ IN fields at DATE: 2005-05-06 00:00:00 UTC        
 READ IN fields at DATE: 2005-05-06 06:00:00 UTC        
 READ IN fields at DATE: 2005-05-06 12:00:00 UTC        
 READ IN fields at DATE: 2005-05-06 18:00:00 UTC        
 READ IN fields at DATE: 2005-05-07 00:00:00 UTC        
 READ IN fields at DATE: 2005-05-07 06:00:00 UTC        
 READ IN fields at DATE: 2005-05-07 12:00:00 UTC        
 READ IN fields at DATE: 2005-05-07 18:00:00 UTC        
 READ IN fields at DATE: 2005-05-08 00:00:00 UTC        
 READ IN fields at DATE: 2005-05-08 06:00:00 UTC        
 READ IN fields at DATE: 2005-05-08 12:00:00 UTC        
 READ IN fields at DATE: 2005-05-08 18:00:00 UTC        
 READ IN fields at DATE: 2005-05-09 00:00:00 UTC        
 READ IN fields at DATE: 2005-05-09 06:00:00 UTC        
 READ IN fields at DATE: 2005-05-09 12:00:00 UTC        
 READ IN fields at DATE: 2005-05-09 18:00:00 UTC        
 READ IN fields at DATE: 2005-05-10 00:00:00 UTC        
 READ IN fields at DATE: 2005-05-10 06:00:00 UTC        
 READ IN fields at DATE: 2005-05-10 12:00:00 UTC        
 READ IN fields at DATE: 2005-05-10 18:00:00 UTC        
 READ IN fields at DATE: 2005-05-11 00:00:00 UTC        
 READ IN fields at DATE: 2005-05-11 06:00:00 UTC        
 READ IN fields at DATE: 2005-05-11 12:00:00 UTC        
 READ IN fields at DATE: 2005-05-11 18:00:00 UTC        
 READ IN fields at DATE: 2005-05-12 00:00:00 UTC        
 READ IN fields at DATE: 2005-05-12 06:00:00 UTC        
 READ IN fields at DATE: 2005-05-12 12:00:00 UTC        
 READ IN fields at DATE: 2005-05-12 18:00:00 UTC        
 READ IN fields at DATE: 2005-05-13 00:00:00 UTC        
 READ IN fields at DATE: 2005-05-13 06:00:00 UTC        
 READ IN fields at DATE: 2005-05-13 12:00:00 UTC        
 READ IN fields at DATE: 2005-05-13 18:00:00 UTC        
 READ IN fields at DATE: 2005-05-14 00:00:00 UTC        
 READ IN fields at DATE: 2005-05-14 06:00:00 UTC        
 READ IN fields at DATE: 2005-05-14 12:00:00 UTC        
 READ IN fields at DATE: 2005-05-14 18:00:00 UTC        
 READ IN fields at DATE: 2005-05-15 00:00:00 UTC        
 READ IN fields at DATE: 2005-05-15 06:00:00 UTC        
 READ IN fields at DATE: 2005-05-15 12:00:00 UTC        
 READ IN fields at DATE: 2005-05-15 18:00:00 UTC        
 READ IN fields at DATE: 2005-05-16 00:00:00 UTC        
 READ IN fields at DATE: 2005-05-16 06:00:00 UTC        
 READ IN fields at DATE: 2005-05-16 12:00:00 UTC        
 READ IN fields at DATE: 2005-05-16 18:00:00 UTC        
 READ IN fields at DATE: 2005-05-17 00:00:00 UTC        
 READ IN fields at DATE: 2005-05-17 06:00:00 UTC        
 READ IN fields at DATE: 2005-05-17 12:00:00 UTC        
 READ IN fields at DATE: 2005-05-17 18:00:00 UTC        
 READ IN fields at DATE: 2005-05-18 00:00:00 UTC        
 READ IN fields at DATE: 2005-05-18 06:00:00 UTC        
 READ IN fields at DATE: 2005-05-18 12:00:00 UTC        
 READ IN fields at DATE: 2005-05-18 18:00:00 UTC        
 READ IN fields at DATE: 2005-05-19 00:00:00 UTC        
 READ IN fields at DATE: 2005-05-19 06:00:00 UTC        
 READ IN fields at DATE: 2005-05-19 12:00:00 UTC        
 READ IN fields at DATE: 2005-05-19 18:00:00 UTC        
 READ IN fields at DATE: 2005-05-20 00:00:00 UTC        
 READ IN fields at DATE: 2005-05-20 06:00:00 UTC        
 READ IN fields at DATE: 2005-05-20 12:00:00 UTC        
 READ IN fields at DATE: 2005-05-20 18:00:00 UTC        
 READ IN fields at DATE: 2005-05-21 00:00:00 UTC        
 READ IN fields at DATE: 2005-05-21 06:00:00 UTC        
 READ IN fields at DATE: 2005-05-21 12:00:00 UTC        
 READ IN fields at DATE: 2005-05-21 18:00:00 UTC        
 READ IN fields at DATE: 2005-05-22 00:00:00 UTC        
 READ IN fields at DATE: 2005-05-22 06:00:00 UTC        
 READ IN fields at DATE: 2005-05-22 12:00:00 UTC        
 READ IN fields at DATE: 2005-05-22 18:00:00 UTC        
 READ IN fields at DATE: 2005-05-23 00:00:00 UTC        
 READ IN fields at DATE: 2005-05-23 06:00:00 UTC        
 READ IN fields at DATE: 2005-05-23 12:00:00 UTC        
 READ IN fields at DATE: 2005-05-23 18:00:00 UTC        
 READ IN fields at DATE: 2005-05-24 00:00:00 UTC        
 READ IN fields at DATE: 2005-05-24 06:00:00 UTC        
 READ IN fields at DATE: 2005-05-24 12:00:00 UTC        
 READ IN fields at DATE: 2005-05-24 18:00:00 UTC        
 READ IN fields at DATE: 2005-05-25 00:00:00 UTC        
 READ IN fields at DATE: 2005-05-25 06:00:00 UTC        
 READ IN fields at DATE: 2005-05-25 12:00:00 UTC        
 READ IN fields at DATE: 2005-05-25 18:00:00 UTC        
 READ IN fields at DATE: 2005-05-26 00:00:00 UTC        
 READ IN fields at DATE: 2005-05-26 06:00:00 UTC        
 READ IN fields at DATE: 2005-05-26 12:00:00 UTC        
 READ IN fields at DATE: 2005-05-26 18:00:00 UTC        
 READ IN fields at DATE: 2005-05-27 00:00:00 UTC        
 READ IN fields at DATE: 2005-05-27 06:00:00 UTC        
 READ IN fields at DATE: 2005-05-27 12:00:00 UTC        
 READ IN fields at DATE: 2005-05-27 18:00:00 UTC        
 READ IN fields at DATE: 2005-05-28 00:00:00 UTC        
 READ IN fields at DATE: 2005-05-28 06:00:00 UTC        
 READ IN fields at DATE: 2005-05-28 12:00:00 UTC        
 READ IN fields at DATE: 2005-05-28 18:00:00 UTC        
 READ IN fields at DATE: 2005-05-29 00:00:00 UTC        
 READ IN fields at DATE: 2005-05-29 06:00:00 UTC        
 READ IN fields at DATE: 2005-05-29 12:00:00 UTC        
 READ IN fields at DATE: 2005-05-29 18:00:00 UTC        
 READ IN fields at DATE: 2005-05-30 00:00:00 UTC        
 READ IN fields at DATE: 2005-05-30 06:00:00 UTC        
 READ IN fields at DATE: 2005-05-30 12:00:00 UTC        
 READ IN fields at DATE: 2005-05-30 18:00:00 UTC        
 READ IN fields at DATE: 2005-05-31 00:00:00 UTC        
 READ IN fields at DATE: 2005-05-31 06:00:00 UTC        
 READ IN fields at DATE: 2005-05-31 12:00:00 UTC        
 READ IN fields at DATE: 2005-05-31 18:00:00 UTC        
      131072 /leonardo_work/ICT24_ESP/RCMDATA//ERA5/2005/tatm_2005_06.nc
  2.305608778523917E-003   249.803603360162     
      196608 /leonardo_work/ICT24_ESP/RCMDATA//ERA5/2005/geop_2005_06.nc
   7.60971529849465        243336.583814226     
      262144 /leonardo_work/ICT24_ESP/RCMDATA//ERA5/2005/qhum_2005_06.nc
  4.394971472403322E-007  1.432078496499172E-002
      327680 /leonardo_work/ICT24_ESP/RCMDATA//ERA5/2005/uwnd_2005_06.nc
  4.046652141070028E-003   59.1125472916052     
      393216 /leonardo_work/ICT24_ESP/RCMDATA//ERA5/2005/vwnd_2005_06.nc
  3.082628145197958E-003 -0.931190667099943     
 READ IN fields at DATE: 2005-06-01 00:00:00 UTC        
 Input ready at : Thu Jan 16 17:57:36 2025
 Successfully completed ICBC
icbc script complete
