
  This is icbc part of the RegCM version 5
   SVN Revision: 5.0.1 compiled at: data : Dec 03 2024  time: 16:32:23

 : this run start at    : 2025-01-16 16:05:19+0100
 : it is submitted by   : mdasilva
 : it is running on     : lrdn3793.leonardo.local
 : in directory         : 
 /leonardo/home/userexternal/mdasilva/github_projects/shell/ictp/regcm_exp/corde
 x5
                       
 Using Moloch non-hydrostatic dynamical core
 GLOBIDATE1 :  2005-03-01 00:00:00 UTC        
 GLOBIDATE2 :  2005-04-01 00:00:00 UTC        
 NSTEPS     :          125
 Computing weights, R =      38.89632416 .......... Done.
 Computing weights, R =      38.89632416 .......... Done.
 Computing weights, R =      38.89632416 .......... Done.
      131072 /leonardo_work/ICT24_ESP/RCMDATA//ERA5/2005/tatm_2005_03.nc
  2.057049524130495E-003   249.849191201800     
      196608 /leonardo_work/ICT24_ESP/RCMDATA//ERA5/2005/geop_2005_03.nc
   7.33625407476004        235362.150232338     
      262144 /leonardo_work/ICT24_ESP/RCMDATA//ERA5/2005/qhum_2005_03.nc
  3.843276717184734E-007  1.252141338739242E-002
      327680 /leonardo_work/ICT24_ESP/RCMDATA//ERA5/2005/uwnd_2005_03.nc
  3.101758386593515E-003   13.5528390744200     
      393216 /leonardo_work/ICT24_ESP/RCMDATA//ERA5/2005/vwnd_2005_03.nc
  2.695211418933853E-003  -1.09988123608056     
 READ IN fields at DATE: 2005-03-01 00:00:00 UTC        
 READ IN fields at DATE: 2005-03-01 06:00:00 UTC        
 READ IN fields at DATE: 2005-03-01 12:00:00 UTC        
 READ IN fields at DATE: 2005-03-01 18:00:00 UTC        
 READ IN fields at DATE: 2005-03-02 00:00:00 UTC        
 READ IN fields at DATE: 2005-03-02 06:00:00 UTC        
 READ IN fields at DATE: 2005-03-02 12:00:00 UTC        
 READ IN fields at DATE: 2005-03-02 18:00:00 UTC        
 READ IN fields at DATE: 2005-03-03 00:00:00 UTC        
 READ IN fields at DATE: 2005-03-03 06:00:00 UTC        
 READ IN fields at DATE: 2005-03-03 12:00:00 UTC        
 READ IN fields at DATE: 2005-03-03 18:00:00 UTC        
 READ IN fields at DATE: 2005-03-04 00:00:00 UTC        
 READ IN fields at DATE: 2005-03-04 06:00:00 UTC        
 READ IN fields at DATE: 2005-03-04 12:00:00 UTC        
 READ IN fields at DATE: 2005-03-04 18:00:00 UTC        
 READ IN fields at DATE: 2005-03-05 00:00:00 UTC        
 READ IN fields at DATE: 2005-03-05 06:00:00 UTC        
 READ IN fields at DATE: 2005-03-05 12:00:00 UTC        
 READ IN fields at DATE: 2005-03-05 18:00:00 UTC        
 READ IN fields at DATE: 2005-03-06 00:00:00 UTC        
 READ IN fields at DATE: 2005-03-06 06:00:00 UTC        
 READ IN fields at DATE: 2005-03-06 12:00:00 UTC        
 READ IN fields at DATE: 2005-03-06 18:00:00 UTC        
 READ IN fields at DATE: 2005-03-07 00:00:00 UTC        
 READ IN fields at DATE: 2005-03-07 06:00:00 UTC        
 READ IN fields at DATE: 2005-03-07 12:00:00 UTC        
 READ IN fields at DATE: 2005-03-07 18:00:00 UTC        
 READ IN fields at DATE: 2005-03-08 00:00:00 UTC        
 READ IN fields at DATE: 2005-03-08 06:00:00 UTC        
 READ IN fields at DATE: 2005-03-08 12:00:00 UTC        
 READ IN fields at DATE: 2005-03-08 18:00:00 UTC        
 READ IN fields at DATE: 2005-03-09 00:00:00 UTC        
 READ IN fields at DATE: 2005-03-09 06:00:00 UTC        
 READ IN fields at DATE: 2005-03-09 12:00:00 UTC        
 READ IN fields at DATE: 2005-03-09 18:00:00 UTC        
 READ IN fields at DATE: 2005-03-10 00:00:00 UTC        
 READ IN fields at DATE: 2005-03-10 06:00:00 UTC        
 READ IN fields at DATE: 2005-03-10 12:00:00 UTC        
 READ IN fields at DATE: 2005-03-10 18:00:00 UTC        
 READ IN fields at DATE: 2005-03-11 00:00:00 UTC        
 READ IN fields at DATE: 2005-03-11 06:00:00 UTC        
 READ IN fields at DATE: 2005-03-11 12:00:00 UTC        
 READ IN fields at DATE: 2005-03-11 18:00:00 UTC        
 READ IN fields at DATE: 2005-03-12 00:00:00 UTC        
 READ IN fields at DATE: 2005-03-12 06:00:00 UTC        
 READ IN fields at DATE: 2005-03-12 12:00:00 UTC        
 READ IN fields at DATE: 2005-03-12 18:00:00 UTC        
 READ IN fields at DATE: 2005-03-13 00:00:00 UTC        
 READ IN fields at DATE: 2005-03-13 06:00:00 UTC        
 READ IN fields at DATE: 2005-03-13 12:00:00 UTC        
 READ IN fields at DATE: 2005-03-13 18:00:00 UTC        
 READ IN fields at DATE: 2005-03-14 00:00:00 UTC        
 READ IN fields at DATE: 2005-03-14 06:00:00 UTC        
 READ IN fields at DATE: 2005-03-14 12:00:00 UTC        
 READ IN fields at DATE: 2005-03-14 18:00:00 UTC        
 READ IN fields at DATE: 2005-03-15 00:00:00 UTC        
 READ IN fields at DATE: 2005-03-15 06:00:00 UTC        
 READ IN fields at DATE: 2005-03-15 12:00:00 UTC        
 READ IN fields at DATE: 2005-03-15 18:00:00 UTC        
 READ IN fields at DATE: 2005-03-16 00:00:00 UTC        
 READ IN fields at DATE: 2005-03-16 06:00:00 UTC        
 READ IN fields at DATE: 2005-03-16 12:00:00 UTC        
 READ IN fields at DATE: 2005-03-16 18:00:00 UTC        
 READ IN fields at DATE: 2005-03-17 00:00:00 UTC        
 READ IN fields at DATE: 2005-03-17 06:00:00 UTC        
 READ IN fields at DATE: 2005-03-17 12:00:00 UTC        
 READ IN fields at DATE: 2005-03-17 18:00:00 UTC        
 READ IN fields at DATE: 2005-03-18 00:00:00 UTC        
 READ IN fields at DATE: 2005-03-18 06:00:00 UTC        
 READ IN fields at DATE: 2005-03-18 12:00:00 UTC        
 READ IN fields at DATE: 2005-03-18 18:00:00 UTC        
 READ IN fields at DATE: 2005-03-19 00:00:00 UTC        
 READ IN fields at DATE: 2005-03-19 06:00:00 UTC        
 READ IN fields at DATE: 2005-03-19 12:00:00 UTC        
 READ IN fields at DATE: 2005-03-19 18:00:00 UTC        
 READ IN fields at DATE: 2005-03-20 00:00:00 UTC        
 READ IN fields at DATE: 2005-03-20 06:00:00 UTC        
 READ IN fields at DATE: 2005-03-20 12:00:00 UTC        
 READ IN fields at DATE: 2005-03-20 18:00:00 UTC        
 READ IN fields at DATE: 2005-03-21 00:00:00 UTC        
 READ IN fields at DATE: 2005-03-21 06:00:00 UTC        
 READ IN fields at DATE: 2005-03-21 12:00:00 UTC        
 READ IN fields at DATE: 2005-03-21 18:00:00 UTC        
 READ IN fields at DATE: 2005-03-22 00:00:00 UTC        
 READ IN fields at DATE: 2005-03-22 06:00:00 UTC        
 READ IN fields at DATE: 2005-03-22 12:00:00 UTC        
 READ IN fields at DATE: 2005-03-22 18:00:00 UTC        
 READ IN fields at DATE: 2005-03-23 00:00:00 UTC        
 READ IN fields at DATE: 2005-03-23 06:00:00 UTC        
 READ IN fields at DATE: 2005-03-23 12:00:00 UTC        
 READ IN fields at DATE: 2005-03-23 18:00:00 UTC        
 READ IN fields at DATE: 2005-03-24 00:00:00 UTC        
 READ IN fields at DATE: 2005-03-24 06:00:00 UTC        
 READ IN fields at DATE: 2005-03-24 12:00:00 UTC        
 READ IN fields at DATE: 2005-03-24 18:00:00 UTC        
 READ IN fields at DATE: 2005-03-25 00:00:00 UTC        
 READ IN fields at DATE: 2005-03-25 06:00:00 UTC        
 READ IN fields at DATE: 2005-03-25 12:00:00 UTC        
 READ IN fields at DATE: 2005-03-25 18:00:00 UTC        
 READ IN fields at DATE: 2005-03-26 00:00:00 UTC        
 READ IN fields at DATE: 2005-03-26 06:00:00 UTC        
 READ IN fields at DATE: 2005-03-26 12:00:00 UTC        
 READ IN fields at DATE: 2005-03-26 18:00:00 UTC        
 READ IN fields at DATE: 2005-03-27 00:00:00 UTC        
 READ IN fields at DATE: 2005-03-27 06:00:00 UTC        
 READ IN fields at DATE: 2005-03-27 12:00:00 UTC        
 READ IN fields at DATE: 2005-03-27 18:00:00 UTC        
 READ IN fields at DATE: 2005-03-28 00:00:00 UTC        
 READ IN fields at DATE: 2005-03-28 06:00:00 UTC        
 READ IN fields at DATE: 2005-03-28 12:00:00 UTC        
 READ IN fields at DATE: 2005-03-28 18:00:00 UTC        
 READ IN fields at DATE: 2005-03-29 00:00:00 UTC        
 READ IN fields at DATE: 2005-03-29 06:00:00 UTC        
 READ IN fields at DATE: 2005-03-29 12:00:00 UTC        
 READ IN fields at DATE: 2005-03-29 18:00:00 UTC        
 READ IN fields at DATE: 2005-03-30 00:00:00 UTC        
 READ IN fields at DATE: 2005-03-30 06:00:00 UTC        
 READ IN fields at DATE: 2005-03-30 12:00:00 UTC        
 READ IN fields at DATE: 2005-03-30 18:00:00 UTC        
 READ IN fields at DATE: 2005-03-31 00:00:00 UTC        
 READ IN fields at DATE: 2005-03-31 06:00:00 UTC        
 READ IN fields at DATE: 2005-03-31 12:00:00 UTC        
 READ IN fields at DATE: 2005-03-31 18:00:00 UTC        
      131072 /leonardo_work/ICT24_ESP/RCMDATA//ERA5/2005/tatm_2005_04.nc
  2.079830018621939E-003   250.867101259307     
      196608 /leonardo_work/ICT24_ESP/RCMDATA//ERA5/2005/geop_2005_04.nc
   7.34651441115545        234664.824789669     
      262144 /leonardo_work/ICT24_ESP/RCMDATA//ERA5/2005/qhum_2005_04.nc
  3.692918578584347E-007  1.198191826747836E-002
      327680 /leonardo_work/ICT24_ESP/RCMDATA//ERA5/2005/uwnd_2005_04.nc
  2.706686769675560E-003   27.2627381483144     
      393216 /leonardo_work/ICT24_ESP/RCMDATA//ERA5/2005/vwnd_2005_04.nc
  2.550541296792980E-003   2.37509802036723     
 READ IN fields at DATE: 2005-04-01 00:00:00 UTC        
 Input ready at : Thu Jan 16 16:39:41 2025
 Successfully completed ICBC
icbc script complete
