
  This is icbc part of the RegCM version 5
   SVN Revision: 5.0.1 compiled at: data : Dec 03 2024  time: 16:32:23

 : this run start at    : 2025-01-15 22:25:05+0100
 : it is submitted by   : mdasilva
 : it is running on     : lrdn4269.leonardo.local
 : in directory         : 
 /leonardo/home/userexternal/mdasilva/github_projects/shell/ictp/regcm_exp/corde
 x5
                       
 Using Moloch non-hydrostatic dynamical core
 GLOBIDATE1 :  2002-10-01 00:00:00 UTC        
 GLOBIDATE2 :  2002-11-01 00:00:00 UTC        
 NSTEPS     :          125
 Computing weights, R =      38.89632416 .......... Done.
 Computing weights, R =      38.89632416 .......... Done.
 Computing weights, R =      38.89632416 .......... Done.
      131072 /leonardo_work/ICT24_ESP/RCMDATA//ERA5/2002/tatm_2002_10.nc
  2.077646432889131E-003   250.380560603053     
      196608 /leonardo_work/ICT24_ESP/RCMDATA//ERA5/2002/geop_2002_10.nc
   7.33824341123938        235457.778143919     
      262144 /leonardo_work/ICT24_ESP/RCMDATA//ERA5/2002/qhum_2002_10.nc
  3.741332210494087E-007  1.218919442870771E-002
      327680 /leonardo_work/ICT24_ESP/RCMDATA//ERA5/2002/uwnd_2002_10.nc
  3.069110077711325E-003   7.62785997621114     
      393216 /leonardo_work/ICT24_ESP/RCMDATA//ERA5/2002/vwnd_2002_10.nc
  2.764736434747689E-003  -3.00251914800253     
 READ IN fields at DATE: 2002-10-01 00:00:00 UTC        
 READ IN fields at DATE: 2002-10-01 06:00:00 UTC        
 READ IN fields at DATE: 2002-10-01 12:00:00 UTC        
 READ IN fields at DATE: 2002-10-01 18:00:00 UTC        
 READ IN fields at DATE: 2002-10-02 00:00:00 UTC        
 READ IN fields at DATE: 2002-10-02 06:00:00 UTC        
 READ IN fields at DATE: 2002-10-02 12:00:00 UTC        
 READ IN fields at DATE: 2002-10-02 18:00:00 UTC        
 READ IN fields at DATE: 2002-10-03 00:00:00 UTC        
 READ IN fields at DATE: 2002-10-03 06:00:00 UTC        
 READ IN fields at DATE: 2002-10-03 12:00:00 UTC        
 READ IN fields at DATE: 2002-10-03 18:00:00 UTC        
 READ IN fields at DATE: 2002-10-04 00:00:00 UTC        
 READ IN fields at DATE: 2002-10-04 06:00:00 UTC        
 READ IN fields at DATE: 2002-10-04 12:00:00 UTC        
 READ IN fields at DATE: 2002-10-04 18:00:00 UTC        
 READ IN fields at DATE: 2002-10-05 00:00:00 UTC        
 READ IN fields at DATE: 2002-10-05 06:00:00 UTC        
 READ IN fields at DATE: 2002-10-05 12:00:00 UTC        
 READ IN fields at DATE: 2002-10-05 18:00:00 UTC        
 READ IN fields at DATE: 2002-10-06 00:00:00 UTC        
 READ IN fields at DATE: 2002-10-06 06:00:00 UTC        
 READ IN fields at DATE: 2002-10-06 12:00:00 UTC        
 READ IN fields at DATE: 2002-10-06 18:00:00 UTC        
 READ IN fields at DATE: 2002-10-07 00:00:00 UTC        
 READ IN fields at DATE: 2002-10-07 06:00:00 UTC        
 READ IN fields at DATE: 2002-10-07 12:00:00 UTC        
 READ IN fields at DATE: 2002-10-07 18:00:00 UTC        
 READ IN fields at DATE: 2002-10-08 00:00:00 UTC        
 READ IN fields at DATE: 2002-10-08 06:00:00 UTC        
 READ IN fields at DATE: 2002-10-08 12:00:00 UTC        
 READ IN fields at DATE: 2002-10-08 18:00:00 UTC        
 READ IN fields at DATE: 2002-10-09 00:00:00 UTC        
 READ IN fields at DATE: 2002-10-09 06:00:00 UTC        
 READ IN fields at DATE: 2002-10-09 12:00:00 UTC        
 READ IN fields at DATE: 2002-10-09 18:00:00 UTC        
 READ IN fields at DATE: 2002-10-10 00:00:00 UTC        
 READ IN fields at DATE: 2002-10-10 06:00:00 UTC        
 READ IN fields at DATE: 2002-10-10 12:00:00 UTC        
 READ IN fields at DATE: 2002-10-10 18:00:00 UTC        
 READ IN fields at DATE: 2002-10-11 00:00:00 UTC        
 READ IN fields at DATE: 2002-10-11 06:00:00 UTC        
 READ IN fields at DATE: 2002-10-11 12:00:00 UTC        
 READ IN fields at DATE: 2002-10-11 18:00:00 UTC        
 READ IN fields at DATE: 2002-10-12 00:00:00 UTC        
 READ IN fields at DATE: 2002-10-12 06:00:00 UTC        
 READ IN fields at DATE: 2002-10-12 12:00:00 UTC        
 READ IN fields at DATE: 2002-10-12 18:00:00 UTC        
 READ IN fields at DATE: 2002-10-13 00:00:00 UTC        
 READ IN fields at DATE: 2002-10-13 06:00:00 UTC        
 READ IN fields at DATE: 2002-10-13 12:00:00 UTC        
 READ IN fields at DATE: 2002-10-13 18:00:00 UTC        
 READ IN fields at DATE: 2002-10-14 00:00:00 UTC        
 READ IN fields at DATE: 2002-10-14 06:00:00 UTC        
 READ IN fields at DATE: 2002-10-14 12:00:00 UTC        
 READ IN fields at DATE: 2002-10-14 18:00:00 UTC        
 READ IN fields at DATE: 2002-10-15 00:00:00 UTC        
 READ IN fields at DATE: 2002-10-15 06:00:00 UTC        
 READ IN fields at DATE: 2002-10-15 12:00:00 UTC        
 READ IN fields at DATE: 2002-10-15 18:00:00 UTC        
 READ IN fields at DATE: 2002-10-16 00:00:00 UTC        
 READ IN fields at DATE: 2002-10-16 06:00:00 UTC        
 READ IN fields at DATE: 2002-10-16 12:00:00 UTC        
 READ IN fields at DATE: 2002-10-16 18:00:00 UTC        
 READ IN fields at DATE: 2002-10-17 00:00:00 UTC        
 READ IN fields at DATE: 2002-10-17 06:00:00 UTC        
 READ IN fields at DATE: 2002-10-17 12:00:00 UTC        
 READ IN fields at DATE: 2002-10-17 18:00:00 UTC        
 READ IN fields at DATE: 2002-10-18 00:00:00 UTC        
 READ IN fields at DATE: 2002-10-18 06:00:00 UTC        
 READ IN fields at DATE: 2002-10-18 12:00:00 UTC        
 READ IN fields at DATE: 2002-10-18 18:00:00 UTC        
 READ IN fields at DATE: 2002-10-19 00:00:00 UTC        
 READ IN fields at DATE: 2002-10-19 06:00:00 UTC        
 READ IN fields at DATE: 2002-10-19 12:00:00 UTC        
 READ IN fields at DATE: 2002-10-19 18:00:00 UTC        
 READ IN fields at DATE: 2002-10-20 00:00:00 UTC        
 READ IN fields at DATE: 2002-10-20 06:00:00 UTC        
 READ IN fields at DATE: 2002-10-20 12:00:00 UTC        
 READ IN fields at DATE: 2002-10-20 18:00:00 UTC        
 READ IN fields at DATE: 2002-10-21 00:00:00 UTC        
 READ IN fields at DATE: 2002-10-21 06:00:00 UTC        
 READ IN fields at DATE: 2002-10-21 12:00:00 UTC        
 READ IN fields at DATE: 2002-10-21 18:00:00 UTC        
 READ IN fields at DATE: 2002-10-22 00:00:00 UTC        
 READ IN fields at DATE: 2002-10-22 06:00:00 UTC        
 READ IN fields at DATE: 2002-10-22 12:00:00 UTC        
 READ IN fields at DATE: 2002-10-22 18:00:00 UTC        
 READ IN fields at DATE: 2002-10-23 00:00:00 UTC        
 READ IN fields at DATE: 2002-10-23 06:00:00 UTC        
 READ IN fields at DATE: 2002-10-23 12:00:00 UTC        
 READ IN fields at DATE: 2002-10-23 18:00:00 UTC        
 READ IN fields at DATE: 2002-10-24 00:00:00 UTC        
 READ IN fields at DATE: 2002-10-24 06:00:00 UTC        
 READ IN fields at DATE: 2002-10-24 12:00:00 UTC        
 READ IN fields at DATE: 2002-10-24 18:00:00 UTC        
 READ IN fields at DATE: 2002-10-25 00:00:00 UTC        
 READ IN fields at DATE: 2002-10-25 06:00:00 UTC        
 READ IN fields at DATE: 2002-10-25 12:00:00 UTC        
 READ IN fields at DATE: 2002-10-25 18:00:00 UTC        
 READ IN fields at DATE: 2002-10-26 00:00:00 UTC        
 READ IN fields at DATE: 2002-10-26 06:00:00 UTC        
 READ IN fields at DATE: 2002-10-26 12:00:00 UTC        
 READ IN fields at DATE: 2002-10-26 18:00:00 UTC        
 READ IN fields at DATE: 2002-10-27 00:00:00 UTC        
 READ IN fields at DATE: 2002-10-27 06:00:00 UTC        
 READ IN fields at DATE: 2002-10-27 12:00:00 UTC        
 READ IN fields at DATE: 2002-10-27 18:00:00 UTC        
 READ IN fields at DATE: 2002-10-28 00:00:00 UTC        
 READ IN fields at DATE: 2002-10-28 06:00:00 UTC        
 READ IN fields at DATE: 2002-10-28 12:00:00 UTC        
 READ IN fields at DATE: 2002-10-28 18:00:00 UTC        
 READ IN fields at DATE: 2002-10-29 00:00:00 UTC        
 READ IN fields at DATE: 2002-10-29 06:00:00 UTC        
 READ IN fields at DATE: 2002-10-29 12:00:00 UTC        
 READ IN fields at DATE: 2002-10-29 18:00:00 UTC        
 READ IN fields at DATE: 2002-10-30 00:00:00 UTC        
 READ IN fields at DATE: 2002-10-30 06:00:00 UTC        
 READ IN fields at DATE: 2002-10-30 12:00:00 UTC        
 READ IN fields at DATE: 2002-10-30 18:00:00 UTC        
 READ IN fields at DATE: 2002-10-31 00:00:00 UTC        
 READ IN fields at DATE: 2002-10-31 06:00:00 UTC        
 READ IN fields at DATE: 2002-10-31 12:00:00 UTC        
 READ IN fields at DATE: 2002-10-31 18:00:00 UTC        
      131072 /leonardo_work/ICT24_ESP/RCMDATA//ERA5/2002/tatm_2002_11.nc
  2.079636760341045E-003   250.178228064921     
      196608 /leonardo_work/ICT24_ESP/RCMDATA//ERA5/2002/geop_2002_11.nc
   7.53236662492561        241319.005301063     
      262144 /leonardo_work/ICT24_ESP/RCMDATA//ERA5/2002/qhum_2002_11.nc
  3.530670770755791E-007  1.154228326351739E-002
      327680 /leonardo_work/ICT24_ESP/RCMDATA//ERA5/2002/uwnd_2002_11.nc
  3.740792039232619E-003   32.2238223530038     
      393216 /leonardo_work/ICT24_ESP/RCMDATA//ERA5/2002/vwnd_2002_11.nc
  3.266712478782755E-003  -6.88834447684486     
 READ IN fields at DATE: 2002-11-01 00:00:00 UTC        
 Input ready at : Wed Jan 15 22:57:19 2025
 Successfully completed ICBC
icbc script complete
