
  This is icbc part of the RegCM version 5
   SVN Revision: 5.0.1 compiled at: data : Dec 03 2024  time: 16:32:23

 : this run start at    : 2025-01-16 06:09:19+0100
 : it is submitted by   : mdasilva
 : it is running on     : lrdn3458.leonardo.local
 : in directory         : 
 /leonardo/home/userexternal/mdasilva/github_projects/shell/ictp/regcm_exp/corde
 x5
                       
 Using Moloch non-hydrostatic dynamical core
 GLOBIDATE1 :  2003-11-01 00:00:00 UTC        
 GLOBIDATE2 :  2003-12-01 00:00:00 UTC        
 NSTEPS     :          121
 Computing weights, R =      38.89632416 .......... Done.
 Computing weights, R =      38.89632416 .......... Done.
 Computing weights, R =      38.89632416 .......... Done.
      131072 /leonardo_work/ICT24_ESP/RCMDATA//ERA5/2003/tatm_2003_11.nc
  2.075033953477518E-003   250.199089130972     
      196608 /leonardo_work/ICT24_ESP/RCMDATA//ERA5/2003/geop_2003_11.nc
   7.53123563462301        240897.064460308     
      262144 /leonardo_work/ICT24_ESP/RCMDATA//ERA5/2003/qhum_2003_11.nc
  3.729088508798846E-007  1.220604639337687E-002
      327680 /leonardo_work/ICT24_ESP/RCMDATA//ERA5/2003/uwnd_2003_11.nc
  3.146847173415374E-003   43.9005948503391     
      393216 /leonardo_work/ICT24_ESP/RCMDATA//ERA5/2003/vwnd_2003_11.nc
  2.844031005922708E-003  -1.19085225231937     
 READ IN fields at DATE: 2003-11-01 00:00:00 UTC        
 READ IN fields at DATE: 2003-11-01 06:00:00 UTC        
 READ IN fields at DATE: 2003-11-01 12:00:00 UTC        
 READ IN fields at DATE: 2003-11-01 18:00:00 UTC        
 READ IN fields at DATE: 2003-11-02 00:00:00 UTC        
 READ IN fields at DATE: 2003-11-02 06:00:00 UTC        
 READ IN fields at DATE: 2003-11-02 12:00:00 UTC        
 READ IN fields at DATE: 2003-11-02 18:00:00 UTC        
 READ IN fields at DATE: 2003-11-03 00:00:00 UTC        
 READ IN fields at DATE: 2003-11-03 06:00:00 UTC        
 READ IN fields at DATE: 2003-11-03 12:00:00 UTC        
 READ IN fields at DATE: 2003-11-03 18:00:00 UTC        
 READ IN fields at DATE: 2003-11-04 00:00:00 UTC        
 READ IN fields at DATE: 2003-11-04 06:00:00 UTC        
 READ IN fields at DATE: 2003-11-04 12:00:00 UTC        
 READ IN fields at DATE: 2003-11-04 18:00:00 UTC        
 READ IN fields at DATE: 2003-11-05 00:00:00 UTC        
 READ IN fields at DATE: 2003-11-05 06:00:00 UTC        
 READ IN fields at DATE: 2003-11-05 12:00:00 UTC        
 READ IN fields at DATE: 2003-11-05 18:00:00 UTC        
 READ IN fields at DATE: 2003-11-06 00:00:00 UTC        
 READ IN fields at DATE: 2003-11-06 06:00:00 UTC        
 READ IN fields at DATE: 2003-11-06 12:00:00 UTC        
 READ IN fields at DATE: 2003-11-06 18:00:00 UTC        
 READ IN fields at DATE: 2003-11-07 00:00:00 UTC        
 READ IN fields at DATE: 2003-11-07 06:00:00 UTC        
 READ IN fields at DATE: 2003-11-07 12:00:00 UTC        
 READ IN fields at DATE: 2003-11-07 18:00:00 UTC        
 READ IN fields at DATE: 2003-11-08 00:00:00 UTC        
 READ IN fields at DATE: 2003-11-08 06:00:00 UTC        
 READ IN fields at DATE: 2003-11-08 12:00:00 UTC        
 READ IN fields at DATE: 2003-11-08 18:00:00 UTC        
 READ IN fields at DATE: 2003-11-09 00:00:00 UTC        
 READ IN fields at DATE: 2003-11-09 06:00:00 UTC        
 READ IN fields at DATE: 2003-11-09 12:00:00 UTC        
 READ IN fields at DATE: 2003-11-09 18:00:00 UTC        
 READ IN fields at DATE: 2003-11-10 00:00:00 UTC        
 READ IN fields at DATE: 2003-11-10 06:00:00 UTC        
 READ IN fields at DATE: 2003-11-10 12:00:00 UTC        
 READ IN fields at DATE: 2003-11-10 18:00:00 UTC        
 READ IN fields at DATE: 2003-11-11 00:00:00 UTC        
 READ IN fields at DATE: 2003-11-11 06:00:00 UTC        
 READ IN fields at DATE: 2003-11-11 12:00:00 UTC        
 READ IN fields at DATE: 2003-11-11 18:00:00 UTC        
 READ IN fields at DATE: 2003-11-12 00:00:00 UTC        
 READ IN fields at DATE: 2003-11-12 06:00:00 UTC        
 READ IN fields at DATE: 2003-11-12 12:00:00 UTC        
 READ IN fields at DATE: 2003-11-12 18:00:00 UTC        
 READ IN fields at DATE: 2003-11-13 00:00:00 UTC        
 READ IN fields at DATE: 2003-11-13 06:00:00 UTC        
 READ IN fields at DATE: 2003-11-13 12:00:00 UTC        
 READ IN fields at DATE: 2003-11-13 18:00:00 UTC        
 READ IN fields at DATE: 2003-11-14 00:00:00 UTC        
 READ IN fields at DATE: 2003-11-14 06:00:00 UTC        
 READ IN fields at DATE: 2003-11-14 12:00:00 UTC        
 READ IN fields at DATE: 2003-11-14 18:00:00 UTC        
 READ IN fields at DATE: 2003-11-15 00:00:00 UTC        
 READ IN fields at DATE: 2003-11-15 06:00:00 UTC        
 READ IN fields at DATE: 2003-11-15 12:00:00 UTC        
 READ IN fields at DATE: 2003-11-15 18:00:00 UTC        
 READ IN fields at DATE: 2003-11-16 00:00:00 UTC        
 READ IN fields at DATE: 2003-11-16 06:00:00 UTC        
 READ IN fields at DATE: 2003-11-16 12:00:00 UTC        
 READ IN fields at DATE: 2003-11-16 18:00:00 UTC        
 READ IN fields at DATE: 2003-11-17 00:00:00 UTC        
 READ IN fields at DATE: 2003-11-17 06:00:00 UTC        
 READ IN fields at DATE: 2003-11-17 12:00:00 UTC        
 READ IN fields at DATE: 2003-11-17 18:00:00 UTC        
 READ IN fields at DATE: 2003-11-18 00:00:00 UTC        
 READ IN fields at DATE: 2003-11-18 06:00:00 UTC        
 READ IN fields at DATE: 2003-11-18 12:00:00 UTC        
 READ IN fields at DATE: 2003-11-18 18:00:00 UTC        
 READ IN fields at DATE: 2003-11-19 00:00:00 UTC        
 READ IN fields at DATE: 2003-11-19 06:00:00 UTC        
 READ IN fields at DATE: 2003-11-19 12:00:00 UTC        
 READ IN fields at DATE: 2003-11-19 18:00:00 UTC        
 READ IN fields at DATE: 2003-11-20 00:00:00 UTC        
 READ IN fields at DATE: 2003-11-20 06:00:00 UTC        
 READ IN fields at DATE: 2003-11-20 12:00:00 UTC        
 READ IN fields at DATE: 2003-11-20 18:00:00 UTC        
 READ IN fields at DATE: 2003-11-21 00:00:00 UTC        
 READ IN fields at DATE: 2003-11-21 06:00:00 UTC        
 READ IN fields at DATE: 2003-11-21 12:00:00 UTC        
 READ IN fields at DATE: 2003-11-21 18:00:00 UTC        
 READ IN fields at DATE: 2003-11-22 00:00:00 UTC        
 READ IN fields at DATE: 2003-11-22 06:00:00 UTC        
 READ IN fields at DATE: 2003-11-22 12:00:00 UTC        
 READ IN fields at DATE: 2003-11-22 18:00:00 UTC        
 READ IN fields at DATE: 2003-11-23 00:00:00 UTC        
 READ IN fields at DATE: 2003-11-23 06:00:00 UTC        
 READ IN fields at DATE: 2003-11-23 12:00:00 UTC        
 READ IN fields at DATE: 2003-11-23 18:00:00 UTC        
 READ IN fields at DATE: 2003-11-24 00:00:00 UTC        
 READ IN fields at DATE: 2003-11-24 06:00:00 UTC        
 READ IN fields at DATE: 2003-11-24 12:00:00 UTC        
 READ IN fields at DATE: 2003-11-24 18:00:00 UTC        
 READ IN fields at DATE: 2003-11-25 00:00:00 UTC        
 READ IN fields at DATE: 2003-11-25 06:00:00 UTC        
 READ IN fields at DATE: 2003-11-25 12:00:00 UTC        
 READ IN fields at DATE: 2003-11-25 18:00:00 UTC        
 READ IN fields at DATE: 2003-11-26 00:00:00 UTC        
 READ IN fields at DATE: 2003-11-26 06:00:00 UTC        
 READ IN fields at DATE: 2003-11-26 12:00:00 UTC        
 READ IN fields at DATE: 2003-11-26 18:00:00 UTC        
 READ IN fields at DATE: 2003-11-27 00:00:00 UTC        
 READ IN fields at DATE: 2003-11-27 06:00:00 UTC        
 READ IN fields at DATE: 2003-11-27 12:00:00 UTC        
 READ IN fields at DATE: 2003-11-27 18:00:00 UTC        
 READ IN fields at DATE: 2003-11-28 00:00:00 UTC        
 READ IN fields at DATE: 2003-11-28 06:00:00 UTC        
 READ IN fields at DATE: 2003-11-28 12:00:00 UTC        
 READ IN fields at DATE: 2003-11-28 18:00:00 UTC        
 READ IN fields at DATE: 2003-11-29 00:00:00 UTC        
 READ IN fields at DATE: 2003-11-29 06:00:00 UTC        
 READ IN fields at DATE: 2003-11-29 12:00:00 UTC        
 READ IN fields at DATE: 2003-11-29 18:00:00 UTC        
 READ IN fields at DATE: 2003-11-30 00:00:00 UTC        
 READ IN fields at DATE: 2003-11-30 06:00:00 UTC        
 READ IN fields at DATE: 2003-11-30 12:00:00 UTC        
 READ IN fields at DATE: 2003-11-30 18:00:00 UTC        
      131072 /leonardo_work/ICT24_ESP/RCMDATA//ERA5/2003/tatm_2003_12.nc
  2.473629856346826E-003   259.623648744154     
      196608 /leonardo_work/ICT24_ESP/RCMDATA//ERA5/2003/geop_2003_12.nc
   7.61445444232295        244665.421288404     
      262144 /leonardo_work/ICT24_ESP/RCMDATA//ERA5/2003/qhum_2003_12.nc
  3.673829704834386E-007  1.199865551832413E-002
      327680 /leonardo_work/ICT24_ESP/RCMDATA//ERA5/2003/uwnd_2003_12.nc
  5.798968049583559E-003  -5.08801300941542     
      393216 /leonardo_work/ICT24_ESP/RCMDATA//ERA5/2003/vwnd_2003_12.nc
  5.347719743029037E-003  -1.80434011963714     
 READ IN fields at DATE: 2003-12-01 00:00:00 UTC        
 Input ready at : Thu Jan 16 06:39:45 2025
 Successfully completed ICBC
icbc script complete
