
  This is icbc part of the RegCM version 5
   SVN Revision: 5.0.1 compiled at: data : Dec 03 2024  time: 16:32:23

 : this run start at    : 2025-01-15 21:12:47+0100
 : it is submitted by   : mdasilva
 : it is running on     : lrdn4269.leonardo.local
 : in directory         : 
 /leonardo/home/userexternal/mdasilva/github_projects/shell/ictp/regcm_exp/corde
 x5
                       
 Using Moloch non-hydrostatic dynamical core
 GLOBIDATE1 :  2002-08-01 00:00:00 UTC        
 GLOBIDATE2 :  2002-09-01 00:00:00 UTC        
 NSTEPS     :          125
 Computing weights, R =      38.89632416 .......... Done.
 Computing weights, R =      38.89632416 .......... Done.
 Computing weights, R =      38.89632416 .......... Done.
      131072 /leonardo_work/ICT24_ESP/RCMDATA//ERA5/2002/tatm_2002_08.nc
  2.341028597427179E-003   246.481121660994     
      196608 /leonardo_work/ICT24_ESP/RCMDATA//ERA5/2002/geop_2002_08.nc
   7.53789932171578        241849.152925339     
      262144 /leonardo_work/ICT24_ESP/RCMDATA//ERA5/2002/qhum_2002_08.nc
  4.794503252139945E-007  1.563170739736619E-002
      327680 /leonardo_work/ICT24_ESP/RCMDATA//ERA5/2002/uwnd_2002_08.nc
  5.228389274132999E-003   17.8329799826090     
      393216 /leonardo_work/ICT24_ESP/RCMDATA//ERA5/2002/vwnd_2002_08.nc
  4.699653244909173E-003  0.332801845740827     
 READ IN fields at DATE: 2002-08-01 00:00:00 UTC        
 READ IN fields at DATE: 2002-08-01 06:00:00 UTC        
 READ IN fields at DATE: 2002-08-01 12:00:00 UTC        
 READ IN fields at DATE: 2002-08-01 18:00:00 UTC        
 READ IN fields at DATE: 2002-08-02 00:00:00 UTC        
 READ IN fields at DATE: 2002-08-02 06:00:00 UTC        
 READ IN fields at DATE: 2002-08-02 12:00:00 UTC        
 READ IN fields at DATE: 2002-08-02 18:00:00 UTC        
 READ IN fields at DATE: 2002-08-03 00:00:00 UTC        
 READ IN fields at DATE: 2002-08-03 06:00:00 UTC        
 READ IN fields at DATE: 2002-08-03 12:00:00 UTC        
 READ IN fields at DATE: 2002-08-03 18:00:00 UTC        
 READ IN fields at DATE: 2002-08-04 00:00:00 UTC        
 READ IN fields at DATE: 2002-08-04 06:00:00 UTC        
 READ IN fields at DATE: 2002-08-04 12:00:00 UTC        
 READ IN fields at DATE: 2002-08-04 18:00:00 UTC        
 READ IN fields at DATE: 2002-08-05 00:00:00 UTC        
 READ IN fields at DATE: 2002-08-05 06:00:00 UTC        
 READ IN fields at DATE: 2002-08-05 12:00:00 UTC        
 READ IN fields at DATE: 2002-08-05 18:00:00 UTC        
 READ IN fields at DATE: 2002-08-06 00:00:00 UTC        
 READ IN fields at DATE: 2002-08-06 06:00:00 UTC        
 READ IN fields at DATE: 2002-08-06 12:00:00 UTC        
 READ IN fields at DATE: 2002-08-06 18:00:00 UTC        
 READ IN fields at DATE: 2002-08-07 00:00:00 UTC        
 READ IN fields at DATE: 2002-08-07 06:00:00 UTC        
 READ IN fields at DATE: 2002-08-07 12:00:00 UTC        
 READ IN fields at DATE: 2002-08-07 18:00:00 UTC        
 READ IN fields at DATE: 2002-08-08 00:00:00 UTC        
 READ IN fields at DATE: 2002-08-08 06:00:00 UTC        
 READ IN fields at DATE: 2002-08-08 12:00:00 UTC        
 READ IN fields at DATE: 2002-08-08 18:00:00 UTC        
 READ IN fields at DATE: 2002-08-09 00:00:00 UTC        
 READ IN fields at DATE: 2002-08-09 06:00:00 UTC        
 READ IN fields at DATE: 2002-08-09 12:00:00 UTC        
 READ IN fields at DATE: 2002-08-09 18:00:00 UTC        
 READ IN fields at DATE: 2002-08-10 00:00:00 UTC        
 READ IN fields at DATE: 2002-08-10 06:00:00 UTC        
 READ IN fields at DATE: 2002-08-10 12:00:00 UTC        
 READ IN fields at DATE: 2002-08-10 18:00:00 UTC        
 READ IN fields at DATE: 2002-08-11 00:00:00 UTC        
 READ IN fields at DATE: 2002-08-11 06:00:00 UTC        
 READ IN fields at DATE: 2002-08-11 12:00:00 UTC        
 READ IN fields at DATE: 2002-08-11 18:00:00 UTC        
 READ IN fields at DATE: 2002-08-12 00:00:00 UTC        
 READ IN fields at DATE: 2002-08-12 06:00:00 UTC        
 READ IN fields at DATE: 2002-08-12 12:00:00 UTC        
 READ IN fields at DATE: 2002-08-12 18:00:00 UTC        
 READ IN fields at DATE: 2002-08-13 00:00:00 UTC        
 READ IN fields at DATE: 2002-08-13 06:00:00 UTC        
 READ IN fields at DATE: 2002-08-13 12:00:00 UTC        
 READ IN fields at DATE: 2002-08-13 18:00:00 UTC        
 READ IN fields at DATE: 2002-08-14 00:00:00 UTC        
 READ IN fields at DATE: 2002-08-14 06:00:00 UTC        
 READ IN fields at DATE: 2002-08-14 12:00:00 UTC        
 READ IN fields at DATE: 2002-08-14 18:00:00 UTC        
 READ IN fields at DATE: 2002-08-15 00:00:00 UTC        
 READ IN fields at DATE: 2002-08-15 06:00:00 UTC        
 READ IN fields at DATE: 2002-08-15 12:00:00 UTC        
 READ IN fields at DATE: 2002-08-15 18:00:00 UTC        
 READ IN fields at DATE: 2002-08-16 00:00:00 UTC        
 READ IN fields at DATE: 2002-08-16 06:00:00 UTC        
 READ IN fields at DATE: 2002-08-16 12:00:00 UTC        
 READ IN fields at DATE: 2002-08-16 18:00:00 UTC        
 READ IN fields at DATE: 2002-08-17 00:00:00 UTC        
 READ IN fields at DATE: 2002-08-17 06:00:00 UTC        
 READ IN fields at DATE: 2002-08-17 12:00:00 UTC        
 READ IN fields at DATE: 2002-08-17 18:00:00 UTC        
 READ IN fields at DATE: 2002-08-18 00:00:00 UTC        
 READ IN fields at DATE: 2002-08-18 06:00:00 UTC        
 READ IN fields at DATE: 2002-08-18 12:00:00 UTC        
 READ IN fields at DATE: 2002-08-18 18:00:00 UTC        
 READ IN fields at DATE: 2002-08-19 00:00:00 UTC        
 READ IN fields at DATE: 2002-08-19 06:00:00 UTC        
 READ IN fields at DATE: 2002-08-19 12:00:00 UTC        
 READ IN fields at DATE: 2002-08-19 18:00:00 UTC        
 READ IN fields at DATE: 2002-08-20 00:00:00 UTC        
 READ IN fields at DATE: 2002-08-20 06:00:00 UTC        
 READ IN fields at DATE: 2002-08-20 12:00:00 UTC        
 READ IN fields at DATE: 2002-08-20 18:00:00 UTC        
 READ IN fields at DATE: 2002-08-21 00:00:00 UTC        
 READ IN fields at DATE: 2002-08-21 06:00:00 UTC        
 READ IN fields at DATE: 2002-08-21 12:00:00 UTC        
 READ IN fields at DATE: 2002-08-21 18:00:00 UTC        
 READ IN fields at DATE: 2002-08-22 00:00:00 UTC        
 READ IN fields at DATE: 2002-08-22 06:00:00 UTC        
 READ IN fields at DATE: 2002-08-22 12:00:00 UTC        
 READ IN fields at DATE: 2002-08-22 18:00:00 UTC        
 READ IN fields at DATE: 2002-08-23 00:00:00 UTC        
 READ IN fields at DATE: 2002-08-23 06:00:00 UTC        
 READ IN fields at DATE: 2002-08-23 12:00:00 UTC        
 READ IN fields at DATE: 2002-08-23 18:00:00 UTC        
 READ IN fields at DATE: 2002-08-24 00:00:00 UTC        
 READ IN fields at DATE: 2002-08-24 06:00:00 UTC        
 READ IN fields at DATE: 2002-08-24 12:00:00 UTC        
 READ IN fields at DATE: 2002-08-24 18:00:00 UTC        
