
  This is icbc part of the RegCM version 5
   SVN Revision: 5.0.1 compiled at: data : Dec 03 2024  time: 16:32:23

 : this run start at    : 2025-01-16 22:06:44+0100
 : it is submitted by   : mdasilva
 : it is running on     : lrdn4096.leonardo.local
 : in directory         : 
 /leonardo/home/userexternal/mdasilva/github_projects/shell/ictp/regcm_exp/corde
 x5
                       
 Using Moloch non-hydrostatic dynamical core
 GLOBIDATE1 :  2006-01-01 00:00:00 UTC        
 GLOBIDATE2 :  2006-02-01 00:00:00 UTC        
 NSTEPS     :          125
 Computing weights, R =      38.89632416 .......... Done.
 Computing weights, R =      38.89632416 .......... Done.
 Computing weights, R =      38.89632416 .......... Done.
      131072 /leonardo_work/ICT24_ESP/RCMDATA//ERA5/2006/tatm_2006_01.nc
  2.406547345793937E-003   257.283579135995     
      196608 /leonardo_work/ICT24_ESP/RCMDATA//ERA5/2006/geop_2006_01.nc
   7.62153895747181        244796.970480521     
      262144 /leonardo_work/ICT24_ESP/RCMDATA//ERA5/2006/qhum_2006_01.nc
  3.986016694700237E-007  1.303010180200980E-002
      327680 /leonardo_work/ICT24_ESP/RCMDATA//ERA5/2006/uwnd_2006_01.nc
  5.968110956800867E-003   12.6822729025294     
      393216 /leonardo_work/ICT24_ESP/RCMDATA//ERA5/2006/vwnd_2006_01.nc
  5.789902606320479E-003  -7.88761479993597     
 READ IN fields at DATE: 2006-01-01 00:00:00 UTC        
 READ IN fields at DATE: 2006-01-01 06:00:00 UTC        
 READ IN fields at DATE: 2006-01-01 12:00:00 UTC        
 READ IN fields at DATE: 2006-01-01 18:00:00 UTC        
 READ IN fields at DATE: 2006-01-02 00:00:00 UTC        
 READ IN fields at DATE: 2006-01-02 06:00:00 UTC        
 READ IN fields at DATE: 2006-01-02 12:00:00 UTC        
 READ IN fields at DATE: 2006-01-02 18:00:00 UTC        
 READ IN fields at DATE: 2006-01-03 00:00:00 UTC        
 READ IN fields at DATE: 2006-01-03 06:00:00 UTC        
 READ IN fields at DATE: 2006-01-03 12:00:00 UTC        
 READ IN fields at DATE: 2006-01-03 18:00:00 UTC        
 READ IN fields at DATE: 2006-01-04 00:00:00 UTC        
 READ IN fields at DATE: 2006-01-04 06:00:00 UTC        
 READ IN fields at DATE: 2006-01-04 12:00:00 UTC        
 READ IN fields at DATE: 2006-01-04 18:00:00 UTC        
 READ IN fields at DATE: 2006-01-05 00:00:00 UTC        
 READ IN fields at DATE: 2006-01-05 06:00:00 UTC        
 READ IN fields at DATE: 2006-01-05 12:00:00 UTC        
 READ IN fields at DATE: 2006-01-05 18:00:00 UTC        
 READ IN fields at DATE: 2006-01-06 00:00:00 UTC        
 READ IN fields at DATE: 2006-01-06 06:00:00 UTC        
 READ IN fields at DATE: 2006-01-06 12:00:00 UTC        
 READ IN fields at DATE: 2006-01-06 18:00:00 UTC        
 READ IN fields at DATE: 2006-01-07 00:00:00 UTC        
 READ IN fields at DATE: 2006-01-07 06:00:00 UTC        
 READ IN fields at DATE: 2006-01-07 12:00:00 UTC        
 READ IN fields at DATE: 2006-01-07 18:00:00 UTC        
 READ IN fields at DATE: 2006-01-08 00:00:00 UTC        
 READ IN fields at DATE: 2006-01-08 06:00:00 UTC        
 READ IN fields at DATE: 2006-01-08 12:00:00 UTC        
 READ IN fields at DATE: 2006-01-08 18:00:00 UTC        
 READ IN fields at DATE: 2006-01-09 00:00:00 UTC        
 READ IN fields at DATE: 2006-01-09 06:00:00 UTC        
 READ IN fields at DATE: 2006-01-09 12:00:00 UTC        
 READ IN fields at DATE: 2006-01-09 18:00:00 UTC        
 READ IN fields at DATE: 2006-01-10 00:00:00 UTC        
 READ IN fields at DATE: 2006-01-10 06:00:00 UTC        
 READ IN fields at DATE: 2006-01-10 12:00:00 UTC        
 READ IN fields at DATE: 2006-01-10 18:00:00 UTC        
 READ IN fields at DATE: 2006-01-11 00:00:00 UTC        
 READ IN fields at DATE: 2006-01-11 06:00:00 UTC        
 READ IN fields at DATE: 2006-01-11 12:00:00 UTC        
 READ IN fields at DATE: 2006-01-11 18:00:00 UTC        
 READ IN fields at DATE: 2006-01-12 00:00:00 UTC        
 READ IN fields at DATE: 2006-01-12 06:00:00 UTC        
 READ IN fields at DATE: 2006-01-12 12:00:00 UTC        
 READ IN fields at DATE: 2006-01-12 18:00:00 UTC        
 READ IN fields at DATE: 2006-01-13 00:00:00 UTC        
 READ IN fields at DATE: 2006-01-13 06:00:00 UTC        
 READ IN fields at DATE: 2006-01-13 12:00:00 UTC        
 READ IN fields at DATE: 2006-01-13 18:00:00 UTC        
 READ IN fields at DATE: 2006-01-14 00:00:00 UTC        
 READ IN fields at DATE: 2006-01-14 06:00:00 UTC        
 READ IN fields at DATE: 2006-01-14 12:00:00 UTC        
 READ IN fields at DATE: 2006-01-14 18:00:00 UTC        
 READ IN fields at DATE: 2006-01-15 00:00:00 UTC        
 READ IN fields at DATE: 2006-01-15 06:00:00 UTC        
 READ IN fields at DATE: 2006-01-15 12:00:00 UTC        
 READ IN fields at DATE: 2006-01-15 18:00:00 UTC        
 READ IN fields at DATE: 2006-01-16 00:00:00 UTC        
 READ IN fields at DATE: 2006-01-16 06:00:00 UTC        
 READ IN fields at DATE: 2006-01-16 12:00:00 UTC        
 READ IN fields at DATE: 2006-01-16 18:00:00 UTC        
 READ IN fields at DATE: 2006-01-17 00:00:00 UTC        
 READ IN fields at DATE: 2006-01-17 06:00:00 UTC        
 READ IN fields at DATE: 2006-01-17 12:00:00 UTC        
 READ IN fields at DATE: 2006-01-17 18:00:00 UTC        
 READ IN fields at DATE: 2006-01-18 00:00:00 UTC        
 READ IN fields at DATE: 2006-01-18 06:00:00 UTC        
 READ IN fields at DATE: 2006-01-18 12:00:00 UTC        
 READ IN fields at DATE: 2006-01-18 18:00:00 UTC        
 READ IN fields at DATE: 2006-01-19 00:00:00 UTC        
 READ IN fields at DATE: 2006-01-19 06:00:00 UTC        
 READ IN fields at DATE: 2006-01-19 12:00:00 UTC        
 READ IN fields at DATE: 2006-01-19 18:00:00 UTC        
 READ IN fields at DATE: 2006-01-20 00:00:00 UTC        
 READ IN fields at DATE: 2006-01-20 06:00:00 UTC        
 READ IN fields at DATE: 2006-01-20 12:00:00 UTC        
 READ IN fields at DATE: 2006-01-20 18:00:00 UTC        
 READ IN fields at DATE: 2006-01-21 00:00:00 UTC        
 READ IN fields at DATE: 2006-01-21 06:00:00 UTC        
 READ IN fields at DATE: 2006-01-21 12:00:00 UTC        
 READ IN fields at DATE: 2006-01-21 18:00:00 UTC        
 READ IN fields at DATE: 2006-01-22 00:00:00 UTC        
 READ IN fields at DATE: 2006-01-22 06:00:00 UTC        
 READ IN fields at DATE: 2006-01-22 12:00:00 UTC        
 READ IN fields at DATE: 2006-01-22 18:00:00 UTC        
 READ IN fields at DATE: 2006-01-23 00:00:00 UTC        
 READ IN fields at DATE: 2006-01-23 06:00:00 UTC        
 READ IN fields at DATE: 2006-01-23 12:00:00 UTC        
 READ IN fields at DATE: 2006-01-23 18:00:00 UTC        
 READ IN fields at DATE: 2006-01-24 00:00:00 UTC        
 READ IN fields at DATE: 2006-01-24 06:00:00 UTC        
 READ IN fields at DATE: 2006-01-24 12:00:00 UTC        
 READ IN fields at DATE: 2006-01-24 18:00:00 UTC        
 READ IN fields at DATE: 2006-01-25 00:00:00 UTC        
 READ IN fields at DATE: 2006-01-25 06:00:00 UTC        
 READ IN fields at DATE: 2006-01-25 12:00:00 UTC        
 READ IN fields at DATE: 2006-01-25 18:00:00 UTC        
 READ IN fields at DATE: 2006-01-26 00:00:00 UTC        
 READ IN fields at DATE: 2006-01-26 06:00:00 UTC        
 READ IN fields at DATE: 2006-01-26 12:00:00 UTC        
 READ IN fields at DATE: 2006-01-26 18:00:00 UTC        
 READ IN fields at DATE: 2006-01-27 00:00:00 UTC        
 READ IN fields at DATE: 2006-01-27 06:00:00 UTC        
 READ IN fields at DATE: 2006-01-27 12:00:00 UTC        
 READ IN fields at DATE: 2006-01-27 18:00:00 UTC        
 READ IN fields at DATE: 2006-01-28 00:00:00 UTC        
 READ IN fields at DATE: 2006-01-28 06:00:00 UTC        
 READ IN fields at DATE: 2006-01-28 12:00:00 UTC        
 READ IN fields at DATE: 2006-01-28 18:00:00 UTC        
 READ IN fields at DATE: 2006-01-29 00:00:00 UTC        
 READ IN fields at DATE: 2006-01-29 06:00:00 UTC        
 READ IN fields at DATE: 2006-01-29 12:00:00 UTC        
 READ IN fields at DATE: 2006-01-29 18:00:00 UTC        
 READ IN fields at DATE: 2006-01-30 00:00:00 UTC        
 READ IN fields at DATE: 2006-01-30 06:00:00 UTC        
 READ IN fields at DATE: 2006-01-30 12:00:00 UTC        
 READ IN fields at DATE: 2006-01-30 18:00:00 UTC        
 READ IN fields at DATE: 2006-01-31 00:00:00 UTC        
 READ IN fields at DATE: 2006-01-31 06:00:00 UTC        
 READ IN fields at DATE: 2006-01-31 12:00:00 UTC        
 READ IN fields at DATE: 2006-01-31 18:00:00 UTC        
      131072 /leonardo_work/ICT24_ESP/RCMDATA//ERA5/2006/tatm_2006_02.nc
  2.100880967920027E-003   248.862276585883     
      196608 /leonardo_work/ICT24_ESP/RCMDATA//ERA5/2006/geop_2006_02.nc
   7.51315349947736        241604.874282625     
      262144 /leonardo_work/ICT24_ESP/RCMDATA//ERA5/2006/qhum_2006_02.nc
  4.129830639554672E-007  1.349808573300793E-002
      327680 /leonardo_work/ICT24_ESP/RCMDATA//ERA5/2006/uwnd_2006_02.nc
  3.639498388976618E-003   15.1297339007079     
      393216 /leonardo_work/ICT24_ESP/RCMDATA//ERA5/2006/vwnd_2006_02.nc
  2.595886209047350E-003   2.41694546509860     
 READ IN fields at DATE: 2006-02-01 00:00:00 UTC        
 Input ready at : Thu Jan 16 23:58:48 2025
 Successfully completed ICBC
icbc script complete
