
  This is icbc part of the RegCM version 5
   SVN Revision: 5.0.1 compiled at: data : Dec 03 2024  time: 16:32:23

 : this run start at    : 2025-01-15 01:40:34+0100
 : it is submitted by   : mdasilva
 : it is running on     : lrdn4167.leonardo.local
 : in directory         : 
 /leonardo/home/userexternal/mdasilva/github_projects/shell/ictp/regcm_exp/corde
 x5
                       
 Using Moloch non-hydrostatic dynamical core
 GLOBIDATE1 :  1999-09-01 00:00:00 UTC        
 GLOBIDATE2 :  1999-10-01 00:00:00 UTC        
 NSTEPS     :          121
 Computing weights, R =      38.89632416 .......... Done.
 Computing weights, R =      38.89632416 .......... Done.
 Computing weights, R =      38.89632416 .......... Done.
      131072 /leonardo_work/ICT24_ESP/RCMDATA//ERA5/1999/tatm_1999_09.nc
  2.252949855282238E-003   247.100748830248     
      196608 /leonardo_work/ICT24_ESP/RCMDATA//ERA5/1999/geop_1999_09.nc
   7.36361743558589        235038.222488157     
      262144 /leonardo_work/ICT24_ESP/RCMDATA//ERA5/1999/qhum_1999_09.nc
  4.327079422445061E-007  1.413967141415290E-002
      327680 /leonardo_work/ICT24_ESP/RCMDATA//ERA5/1999/uwnd_1999_09.nc
  3.518361537257470E-003   34.5135453846611     
      393216 /leonardo_work/ICT24_ESP/RCMDATA//ERA5/1999/vwnd_1999_09.nc
  2.896817060515432E-003   3.03011439664552     
 READ IN fields at DATE: 1999-09-01 00:00:00 UTC        
 READ IN fields at DATE: 1999-09-01 06:00:00 UTC        
 READ IN fields at DATE: 1999-09-01 12:00:00 UTC        
 READ IN fields at DATE: 1999-09-01 18:00:00 UTC        
 READ IN fields at DATE: 1999-09-02 00:00:00 UTC        
 READ IN fields at DATE: 1999-09-02 06:00:00 UTC        
 READ IN fields at DATE: 1999-09-02 12:00:00 UTC        
 READ IN fields at DATE: 1999-09-02 18:00:00 UTC        
 READ IN fields at DATE: 1999-09-03 00:00:00 UTC        
 READ IN fields at DATE: 1999-09-03 06:00:00 UTC        
 READ IN fields at DATE: 1999-09-03 12:00:00 UTC        
 READ IN fields at DATE: 1999-09-03 18:00:00 UTC        
 READ IN fields at DATE: 1999-09-04 00:00:00 UTC        
 READ IN fields at DATE: 1999-09-04 06:00:00 UTC        
 READ IN fields at DATE: 1999-09-04 12:00:00 UTC        
 READ IN fields at DATE: 1999-09-04 18:00:00 UTC        
 READ IN fields at DATE: 1999-09-05 00:00:00 UTC        
 READ IN fields at DATE: 1999-09-05 06:00:00 UTC        
 READ IN fields at DATE: 1999-09-05 12:00:00 UTC        
 READ IN fields at DATE: 1999-09-05 18:00:00 UTC        
 READ IN fields at DATE: 1999-09-06 00:00:00 UTC        
 READ IN fields at DATE: 1999-09-06 06:00:00 UTC        
 READ IN fields at DATE: 1999-09-06 12:00:00 UTC        
 READ IN fields at DATE: 1999-09-06 18:00:00 UTC        
 READ IN fields at DATE: 1999-09-07 00:00:00 UTC        
 READ IN fields at DATE: 1999-09-07 06:00:00 UTC        
 READ IN fields at DATE: 1999-09-07 12:00:00 UTC        
 READ IN fields at DATE: 1999-09-07 18:00:00 UTC        
 READ IN fields at DATE: 1999-09-08 00:00:00 UTC        
 READ IN fields at DATE: 1999-09-08 06:00:00 UTC        
 READ IN fields at DATE: 1999-09-08 12:00:00 UTC        
 READ IN fields at DATE: 1999-09-08 18:00:00 UTC        
 READ IN fields at DATE: 1999-09-09 00:00:00 UTC        
 READ IN fields at DATE: 1999-09-09 06:00:00 UTC        
 READ IN fields at DATE: 1999-09-09 12:00:00 UTC        
 READ IN fields at DATE: 1999-09-09 18:00:00 UTC        
 READ IN fields at DATE: 1999-09-10 00:00:00 UTC        
 READ IN fields at DATE: 1999-09-10 06:00:00 UTC        
 READ IN fields at DATE: 1999-09-10 12:00:00 UTC        
 READ IN fields at DATE: 1999-09-10 18:00:00 UTC        
 READ IN fields at DATE: 1999-09-11 00:00:00 UTC        
 READ IN fields at DATE: 1999-09-11 06:00:00 UTC        
 READ IN fields at DATE: 1999-09-11 12:00:00 UTC        
 READ IN fields at DATE: 1999-09-11 18:00:00 UTC        
 READ IN fields at DATE: 1999-09-12 00:00:00 UTC        
 READ IN fields at DATE: 1999-09-12 06:00:00 UTC        
 READ IN fields at DATE: 1999-09-12 12:00:00 UTC        
 READ IN fields at DATE: 1999-09-12 18:00:00 UTC        
 READ IN fields at DATE: 1999-09-13 00:00:00 UTC        
 READ IN fields at DATE: 1999-09-13 06:00:00 UTC        
 READ IN fields at DATE: 1999-09-13 12:00:00 UTC        
 READ IN fields at DATE: 1999-09-13 18:00:00 UTC        
 READ IN fields at DATE: 1999-09-14 00:00:00 UTC        
 READ IN fields at DATE: 1999-09-14 06:00:00 UTC        
 READ IN fields at DATE: 1999-09-14 12:00:00 UTC        
 READ IN fields at DATE: 1999-09-14 18:00:00 UTC        
 READ IN fields at DATE: 1999-09-15 00:00:00 UTC        
 READ IN fields at DATE: 1999-09-15 06:00:00 UTC        
 READ IN fields at DATE: 1999-09-15 12:00:00 UTC        
 READ IN fields at DATE: 1999-09-15 18:00:00 UTC        
 READ IN fields at DATE: 1999-09-16 00:00:00 UTC        
 READ IN fields at DATE: 1999-09-16 06:00:00 UTC        
 READ IN fields at DATE: 1999-09-16 12:00:00 UTC        
 READ IN fields at DATE: 1999-09-16 18:00:00 UTC        
 READ IN fields at DATE: 1999-09-17 00:00:00 UTC        
 READ IN fields at DATE: 1999-09-17 06:00:00 UTC        
 READ IN fields at DATE: 1999-09-17 12:00:00 UTC        
 READ IN fields at DATE: 1999-09-17 18:00:00 UTC        
 READ IN fields at DATE: 1999-09-18 00:00:00 UTC        
 READ IN fields at DATE: 1999-09-18 06:00:00 UTC        
 READ IN fields at DATE: 1999-09-18 12:00:00 UTC        
 READ IN fields at DATE: 1999-09-18 18:00:00 UTC        
 READ IN fields at DATE: 1999-09-19 00:00:00 UTC        
 READ IN fields at DATE: 1999-09-19 06:00:00 UTC        
 READ IN fields at DATE: 1999-09-19 12:00:00 UTC        
 READ IN fields at DATE: 1999-09-19 18:00:00 UTC        
 READ IN fields at DATE: 1999-09-20 00:00:00 UTC        
 READ IN fields at DATE: 1999-09-20 06:00:00 UTC        
 READ IN fields at DATE: 1999-09-20 12:00:00 UTC        
 READ IN fields at DATE: 1999-09-20 18:00:00 UTC        
 READ IN fields at DATE: 1999-09-21 00:00:00 UTC        
 READ IN fields at DATE: 1999-09-21 06:00:00 UTC        
 READ IN fields at DATE: 1999-09-21 12:00:00 UTC        
 READ IN fields at DATE: 1999-09-21 18:00:00 UTC        
 READ IN fields at DATE: 1999-09-22 00:00:00 UTC        
 READ IN fields at DATE: 1999-09-22 06:00:00 UTC        
 READ IN fields at DATE: 1999-09-22 12:00:00 UTC        
 READ IN fields at DATE: 1999-09-22 18:00:00 UTC        
 READ IN fields at DATE: 1999-09-23 00:00:00 UTC        
 READ IN fields at DATE: 1999-09-23 06:00:00 UTC        
 READ IN fields at DATE: 1999-09-23 12:00:00 UTC        
 READ IN fields at DATE: 1999-09-23 18:00:00 UTC        
 READ IN fields at DATE: 1999-09-24 00:00:00 UTC        
 READ IN fields at DATE: 1999-09-24 06:00:00 UTC        
 READ IN fields at DATE: 1999-09-24 12:00:00 UTC        
 READ IN fields at DATE: 1999-09-24 18:00:00 UTC        
 READ IN fields at DATE: 1999-09-25 00:00:00 UTC        
 READ IN fields at DATE: 1999-09-25 06:00:00 UTC        
 READ IN fields at DATE: 1999-09-25 12:00:00 UTC        
 READ IN fields at DATE: 1999-09-25 18:00:00 UTC        
 READ IN fields at DATE: 1999-09-26 00:00:00 UTC        
 READ IN fields at DATE: 1999-09-26 06:00:00 UTC        
 READ IN fields at DATE: 1999-09-26 12:00:00 UTC        
 READ IN fields at DATE: 1999-09-26 18:00:00 UTC        
 READ IN fields at DATE: 1999-09-27 00:00:00 UTC        
 READ IN fields at DATE: 1999-09-27 06:00:00 UTC        
 READ IN fields at DATE: 1999-09-27 12:00:00 UTC        
 READ IN fields at DATE: 1999-09-27 18:00:00 UTC        
 READ IN fields at DATE: 1999-09-28 00:00:00 UTC        
 READ IN fields at DATE: 1999-09-28 06:00:00 UTC        
 READ IN fields at DATE: 1999-09-28 12:00:00 UTC        
 READ IN fields at DATE: 1999-09-28 18:00:00 UTC        
 READ IN fields at DATE: 1999-09-29 00:00:00 UTC        
 READ IN fields at DATE: 1999-09-29 06:00:00 UTC        
 READ IN fields at DATE: 1999-09-29 12:00:00 UTC        
 READ IN fields at DATE: 1999-09-29 18:00:00 UTC        
 READ IN fields at DATE: 1999-09-30 00:00:00 UTC        
 READ IN fields at DATE: 1999-09-30 06:00:00 UTC        
 READ IN fields at DATE: 1999-09-30 12:00:00 UTC        
 READ IN fields at DATE: 1999-09-30 18:00:00 UTC        
      131072 /leonardo_work/ICT24_ESP/RCMDATA//ERA5/1999/tatm_1999_10.nc
  2.220642891749195E-003   245.200381988124     
      196608 /leonardo_work/ICT24_ESP/RCMDATA//ERA5/1999/geop_1999_10.nc
   7.38888798153221        235402.995009134     
      262144 /leonardo_work/ICT24_ESP/RCMDATA//ERA5/1999/qhum_1999_10.nc
  3.601556243222650E-007  1.179447605623102E-002
      327680 /leonardo_work/ICT24_ESP/RCMDATA//ERA5/1999/uwnd_1999_10.nc
  3.263245937474369E-003   31.4839869683399     
      393216 /leonardo_work/ICT24_ESP/RCMDATA//ERA5/1999/vwnd_1999_10.nc
  2.672744095993979E-003   5.13401671633091     
 READ IN fields at DATE: 1999-10-01 00:00:00 UTC        
 Input ready at : Wed Jan 15 02:08:22 2025
 Successfully completed ICBC
icbc script complete
