
  This is icbc part of the RegCM version 5
   SVN Revision: 5.0.1 compiled at: data : Dec 03 2024  time: 16:32:23

 : this run start at    : 2025-01-17 08:35:38+0100
 : it is submitted by   : mdasilva
 : it is running on     : lrdn4486.leonardo.local
 : in directory         : 
 /leonardo/home/userexternal/mdasilva/github_projects/shell/ictp/regcm_exp/corde
 x5
                       
 Using Moloch non-hydrostatic dynamical core
 GLOBIDATE1 :  2007-05-01 00:00:00 UTC        
 GLOBIDATE2 :  2007-06-01 00:00:00 UTC        
 NSTEPS     :          125
 Computing weights, R =      38.89632416 .......... Done.
 Computing weights, R =      38.89632416 .......... Done.
 Computing weights, R =      38.89632416 .......... Done.
      131072 /leonardo_work/ICT24_ESP/RCMDATA//ERA5/2007/tatm_2007_05.nc
  2.099222905006471E-003   251.218486216184     
      196608 /leonardo_work/ICT24_ESP/RCMDATA//ERA5/2007/geop_2007_05.nc
   7.52632219883494        240995.938010776     
      262144 /leonardo_work/ICT24_ESP/RCMDATA//ERA5/2007/qhum_2007_05.nc
  4.110295491369918E-007  1.336134416771136E-002
      327680 /leonardo_work/ICT24_ESP/RCMDATA//ERA5/2007/uwnd_2007_05.nc
  3.069405553323922E-003   42.1823718523991     
      393216 /leonardo_work/ICT24_ESP/RCMDATA//ERA5/2007/vwnd_2007_05.nc
  2.673512006608908E-003  0.707365331399039     
 READ IN fields at DATE: 2007-05-01 00:00:00 UTC        
 READ IN fields at DATE: 2007-05-01 06:00:00 UTC        
 READ IN fields at DATE: 2007-05-01 12:00:00 UTC        
 READ IN fields at DATE: 2007-05-01 18:00:00 UTC        
 READ IN fields at DATE: 2007-05-02 00:00:00 UTC        
 READ IN fields at DATE: 2007-05-02 06:00:00 UTC        
 READ IN fields at DATE: 2007-05-02 12:00:00 UTC        
 READ IN fields at DATE: 2007-05-02 18:00:00 UTC        
 READ IN fields at DATE: 2007-05-03 00:00:00 UTC        
 READ IN fields at DATE: 2007-05-03 06:00:00 UTC        
 READ IN fields at DATE: 2007-05-03 12:00:00 UTC        
 READ IN fields at DATE: 2007-05-03 18:00:00 UTC        
 READ IN fields at DATE: 2007-05-04 00:00:00 UTC        
 READ IN fields at DATE: 2007-05-04 06:00:00 UTC        
 READ IN fields at DATE: 2007-05-04 12:00:00 UTC        
 READ IN fields at DATE: 2007-05-04 18:00:00 UTC        
 READ IN fields at DATE: 2007-05-05 00:00:00 UTC        
 READ IN fields at DATE: 2007-05-05 06:00:00 UTC        
 READ IN fields at DATE: 2007-05-05 12:00:00 UTC        
 READ IN fields at DATE: 2007-05-05 18:00:00 UTC        
 READ IN fields at DATE: 2007-05-06 00:00:00 UTC        
 READ IN fields at DATE: 2007-05-06 06:00:00 UTC        
 READ IN fields at DATE: 2007-05-06 12:00:00 UTC        
 READ IN fields at DATE: 2007-05-06 18:00:00 UTC        
 READ IN fields at DATE: 2007-05-07 00:00:00 UTC        
 READ IN fields at DATE: 2007-05-07 06:00:00 UTC        
 READ IN fields at DATE: 2007-05-07 12:00:00 UTC        
 READ IN fields at DATE: 2007-05-07 18:00:00 UTC        
 READ IN fields at DATE: 2007-05-08 00:00:00 UTC        
 READ IN fields at DATE: 2007-05-08 06:00:00 UTC        
 READ IN fields at DATE: 2007-05-08 12:00:00 UTC        
 READ IN fields at DATE: 2007-05-08 18:00:00 UTC        
 READ IN fields at DATE: 2007-05-09 00:00:00 UTC        
 READ IN fields at DATE: 2007-05-09 06:00:00 UTC        
 READ IN fields at DATE: 2007-05-09 12:00:00 UTC        
 READ IN fields at DATE: 2007-05-09 18:00:00 UTC        
 READ IN fields at DATE: 2007-05-10 00:00:00 UTC        
 READ IN fields at DATE: 2007-05-10 06:00:00 UTC        
 READ IN fields at DATE: 2007-05-10 12:00:00 UTC        
 READ IN fields at DATE: 2007-05-10 18:00:00 UTC        
 READ IN fields at DATE: 2007-05-11 00:00:00 UTC        
 READ IN fields at DATE: 2007-05-11 06:00:00 UTC        
 READ IN fields at DATE: 2007-05-11 12:00:00 UTC        
 READ IN fields at DATE: 2007-05-11 18:00:00 UTC        
 READ IN fields at DATE: 2007-05-12 00:00:00 UTC        
 READ IN fields at DATE: 2007-05-12 06:00:00 UTC        
 READ IN fields at DATE: 2007-05-12 12:00:00 UTC        
 READ IN fields at DATE: 2007-05-12 18:00:00 UTC        
 READ IN fields at DATE: 2007-05-13 00:00:00 UTC        
 READ IN fields at DATE: 2007-05-13 06:00:00 UTC        
 READ IN fields at DATE: 2007-05-13 12:00:00 UTC        
 READ IN fields at DATE: 2007-05-13 18:00:00 UTC        
 READ IN fields at DATE: 2007-05-14 00:00:00 UTC        
 READ IN fields at DATE: 2007-05-14 06:00:00 UTC        
 READ IN fields at DATE: 2007-05-14 12:00:00 UTC        
 READ IN fields at DATE: 2007-05-14 18:00:00 UTC        
 READ IN fields at DATE: 2007-05-15 00:00:00 UTC        
 READ IN fields at DATE: 2007-05-15 06:00:00 UTC        
 READ IN fields at DATE: 2007-05-15 12:00:00 UTC        
 READ IN fields at DATE: 2007-05-15 18:00:00 UTC        
 READ IN fields at DATE: 2007-05-16 00:00:00 UTC        
 READ IN fields at DATE: 2007-05-16 06:00:00 UTC        
 READ IN fields at DATE: 2007-05-16 12:00:00 UTC        
 READ IN fields at DATE: 2007-05-16 18:00:00 UTC        
 READ IN fields at DATE: 2007-05-17 00:00:00 UTC        
 READ IN fields at DATE: 2007-05-17 06:00:00 UTC        
 READ IN fields at DATE: 2007-05-17 12:00:00 UTC        
 READ IN fields at DATE: 2007-05-17 18:00:00 UTC        
 READ IN fields at DATE: 2007-05-18 00:00:00 UTC        
 READ IN fields at DATE: 2007-05-18 06:00:00 UTC        
 READ IN fields at DATE: 2007-05-18 12:00:00 UTC        
 READ IN fields at DATE: 2007-05-18 18:00:00 UTC        
 READ IN fields at DATE: 2007-05-19 00:00:00 UTC        
 READ IN fields at DATE: 2007-05-19 06:00:00 UTC        
 READ IN fields at DATE: 2007-05-19 12:00:00 UTC        
 READ IN fields at DATE: 2007-05-19 18:00:00 UTC        
 READ IN fields at DATE: 2007-05-20 00:00:00 UTC        
 READ IN fields at DATE: 2007-05-20 06:00:00 UTC        
 READ IN fields at DATE: 2007-05-20 12:00:00 UTC        
 READ IN fields at DATE: 2007-05-20 18:00:00 UTC        
 READ IN fields at DATE: 2007-05-21 00:00:00 UTC        
 READ IN fields at DATE: 2007-05-21 06:00:00 UTC        
 READ IN fields at DATE: 2007-05-21 12:00:00 UTC        
 READ IN fields at DATE: 2007-05-21 18:00:00 UTC        
 READ IN fields at DATE: 2007-05-22 00:00:00 UTC        
 READ IN fields at DATE: 2007-05-22 06:00:00 UTC        
 READ IN fields at DATE: 2007-05-22 12:00:00 UTC        
 READ IN fields at DATE: 2007-05-22 18:00:00 UTC        
 READ IN fields at DATE: 2007-05-23 00:00:00 UTC        
 READ IN fields at DATE: 2007-05-23 06:00:00 UTC        
 READ IN fields at DATE: 2007-05-23 12:00:00 UTC        
 READ IN fields at DATE: 2007-05-23 18:00:00 UTC        
 READ IN fields at DATE: 2007-05-24 00:00:00 UTC        
 READ IN fields at DATE: 2007-05-24 06:00:00 UTC        
 READ IN fields at DATE: 2007-05-24 12:00:00 UTC        
 READ IN fields at DATE: 2007-05-24 18:00:00 UTC        
 READ IN fields at DATE: 2007-05-25 00:00:00 UTC        
 READ IN fields at DATE: 2007-05-25 06:00:00 UTC        
 READ IN fields at DATE: 2007-05-25 12:00:00 UTC        
 READ IN fields at DATE: 2007-05-25 18:00:00 UTC        
 READ IN fields at DATE: 2007-05-26 00:00:00 UTC        
 READ IN fields at DATE: 2007-05-26 06:00:00 UTC        
 READ IN fields at DATE: 2007-05-26 12:00:00 UTC        
 READ IN fields at DATE: 2007-05-26 18:00:00 UTC        
 READ IN fields at DATE: 2007-05-27 00:00:00 UTC        
 READ IN fields at DATE: 2007-05-27 06:00:00 UTC        
 READ IN fields at DATE: 2007-05-27 12:00:00 UTC        
 READ IN fields at DATE: 2007-05-27 18:00:00 UTC        
 READ IN fields at DATE: 2007-05-28 00:00:00 UTC        
 READ IN fields at DATE: 2007-05-28 06:00:00 UTC        
 READ IN fields at DATE: 2007-05-28 12:00:00 UTC        
 READ IN fields at DATE: 2007-05-28 18:00:00 UTC        
 READ IN fields at DATE: 2007-05-29 00:00:00 UTC        
 READ IN fields at DATE: 2007-05-29 06:00:00 UTC        
 READ IN fields at DATE: 2007-05-29 12:00:00 UTC        
 READ IN fields at DATE: 2007-05-29 18:00:00 UTC        
 READ IN fields at DATE: 2007-05-30 00:00:00 UTC        
 READ IN fields at DATE: 2007-05-30 06:00:00 UTC        
 READ IN fields at DATE: 2007-05-30 12:00:00 UTC        
 READ IN fields at DATE: 2007-05-30 18:00:00 UTC        
 READ IN fields at DATE: 2007-05-31 00:00:00 UTC        
 READ IN fields at DATE: 2007-05-31 06:00:00 UTC        
 READ IN fields at DATE: 2007-05-31 12:00:00 UTC        
 READ IN fields at DATE: 2007-05-31 18:00:00 UTC        
      131072 /leonardo_work/ICT24_ESP/RCMDATA//ERA5/2007/tatm_2007_06.nc
  2.268736029894409E-003   249.338366059231     
      196608 /leonardo_work/ICT24_ESP/RCMDATA//ERA5/2007/geop_2007_06.nc
   7.61203676725848        243706.266247241     
      262144 /leonardo_work/ICT24_ESP/RCMDATA//ERA5/2007/qhum_2007_06.nc
  4.311964832365501E-007  1.407887833804708E-002
      327680 /leonardo_work/ICT24_ESP/RCMDATA//ERA5/2007/uwnd_2007_06.nc
  4.208804221027598E-003   66.7961210007215     
      393216 /leonardo_work/ICT24_ESP/RCMDATA//ERA5/2007/vwnd_2007_06.nc
  3.118668951854409E-003   8.08691112450845     
 READ IN fields at DATE: 2007-06-01 00:00:00 UTC        
 Input ready at : Fri Jan 17 09:04:52 2025
 Successfully completed ICBC
icbc script complete
