
  This is icbc part of the RegCM version 5
   SVN Revision: 5.0.1 compiled at: data : Dec 03 2024  time: 16:32:23

 : this run start at    : 2025-01-15 09:50:04+0100
 : it is submitted by   : mdasilva
 : it is running on     : lrdn4035.leonardo.local
 : in directory         : 
 /leonardo/home/userexternal/mdasilva/github_projects/shell/ictp/regcm_exp/corde
 x5
                       
 Using Moloch non-hydrostatic dynamical core
 GLOBIDATE1 :  2000-12-01 00:00:00 UTC        
 GLOBIDATE2 :  2001-01-01 00:00:00 UTC        
 NSTEPS     :          125
 Computing weights, R =      38.89632416 .......... Done.
 Computing weights, R =      38.89632416 .......... Done.
 Computing weights, R =      38.89632416 .......... Done.
      131072 /leonardo_work/ICT24_ESP/RCMDATA//ERA5/2000/tatm_2000_12.nc
  2.172780965017148E-003   252.697445714010     
      196608 /leonardo_work/ICT24_ESP/RCMDATA//ERA5/2000/geop_2000_12.nc
   7.64395210476020        245301.246383323     
      262144 /leonardo_work/ICT24_ESP/RCMDATA//ERA5/2000/qhum_2000_12.nc
  3.641502562729422E-007  1.191599887968504E-002
      327680 /leonardo_work/ICT24_ESP/RCMDATA//ERA5/2000/uwnd_2000_12.nc
  5.543091990107203E-003   6.80790502871198     
      393216 /leonardo_work/ICT24_ESP/RCMDATA//ERA5/2000/vwnd_2000_12.nc
  5.435834808417133E-003  -1.60988039299015     
 READ IN fields at DATE: 2000-12-01 00:00:00 UTC        
 READ IN fields at DATE: 2000-12-01 06:00:00 UTC        
 READ IN fields at DATE: 2000-12-01 12:00:00 UTC        
 READ IN fields at DATE: 2000-12-01 18:00:00 UTC        
 READ IN fields at DATE: 2000-12-02 00:00:00 UTC        
 READ IN fields at DATE: 2000-12-02 06:00:00 UTC        
 READ IN fields at DATE: 2000-12-02 12:00:00 UTC        
 READ IN fields at DATE: 2000-12-02 18:00:00 UTC        
 READ IN fields at DATE: 2000-12-03 00:00:00 UTC        
 READ IN fields at DATE: 2000-12-03 06:00:00 UTC        
 READ IN fields at DATE: 2000-12-03 12:00:00 UTC        
 READ IN fields at DATE: 2000-12-03 18:00:00 UTC        
 READ IN fields at DATE: 2000-12-04 00:00:00 UTC        
 READ IN fields at DATE: 2000-12-04 06:00:00 UTC        
 READ IN fields at DATE: 2000-12-04 12:00:00 UTC        
 READ IN fields at DATE: 2000-12-04 18:00:00 UTC        
 READ IN fields at DATE: 2000-12-05 00:00:00 UTC        
 READ IN fields at DATE: 2000-12-05 06:00:00 UTC        
 READ IN fields at DATE: 2000-12-05 12:00:00 UTC        
 READ IN fields at DATE: 2000-12-05 18:00:00 UTC        
 READ IN fields at DATE: 2000-12-06 00:00:00 UTC        
 READ IN fields at DATE: 2000-12-06 06:00:00 UTC        
 READ IN fields at DATE: 2000-12-06 12:00:00 UTC        
 READ IN fields at DATE: 2000-12-06 18:00:00 UTC        
 READ IN fields at DATE: 2000-12-07 00:00:00 UTC        
 READ IN fields at DATE: 2000-12-07 06:00:00 UTC        
 READ IN fields at DATE: 2000-12-07 12:00:00 UTC        
 READ IN fields at DATE: 2000-12-07 18:00:00 UTC        
 READ IN fields at DATE: 2000-12-08 00:00:00 UTC        
 READ IN fields at DATE: 2000-12-08 06:00:00 UTC        
 READ IN fields at DATE: 2000-12-08 12:00:00 UTC        
 READ IN fields at DATE: 2000-12-08 18:00:00 UTC        
 READ IN fields at DATE: 2000-12-09 00:00:00 UTC        
 READ IN fields at DATE: 2000-12-09 06:00:00 UTC        
 READ IN fields at DATE: 2000-12-09 12:00:00 UTC        
 READ IN fields at DATE: 2000-12-09 18:00:00 UTC        
 READ IN fields at DATE: 2000-12-10 00:00:00 UTC        
 READ IN fields at DATE: 2000-12-10 06:00:00 UTC        
 READ IN fields at DATE: 2000-12-10 12:00:00 UTC        
 READ IN fields at DATE: 2000-12-10 18:00:00 UTC        
 READ IN fields at DATE: 2000-12-11 00:00:00 UTC        
 READ IN fields at DATE: 2000-12-11 06:00:00 UTC        
 READ IN fields at DATE: 2000-12-11 12:00:00 UTC        
 READ IN fields at DATE: 2000-12-11 18:00:00 UTC        
 READ IN fields at DATE: 2000-12-12 00:00:00 UTC        
 READ IN fields at DATE: 2000-12-12 06:00:00 UTC        
 READ IN fields at DATE: 2000-12-12 12:00:00 UTC        
 READ IN fields at DATE: 2000-12-12 18:00:00 UTC        
 READ IN fields at DATE: 2000-12-13 00:00:00 UTC        
 READ IN fields at DATE: 2000-12-13 06:00:00 UTC        
 READ IN fields at DATE: 2000-12-13 12:00:00 UTC        
 READ IN fields at DATE: 2000-12-13 18:00:00 UTC        
 READ IN fields at DATE: 2000-12-14 00:00:00 UTC        
 READ IN fields at DATE: 2000-12-14 06:00:00 UTC        
 READ IN fields at DATE: 2000-12-14 12:00:00 UTC        
 READ IN fields at DATE: 2000-12-14 18:00:00 UTC        
 READ IN fields at DATE: 2000-12-15 00:00:00 UTC        
 READ IN fields at DATE: 2000-12-15 06:00:00 UTC        
 READ IN fields at DATE: 2000-12-15 12:00:00 UTC        
 READ IN fields at DATE: 2000-12-15 18:00:00 UTC        
 READ IN fields at DATE: 2000-12-16 00:00:00 UTC        
 READ IN fields at DATE: 2000-12-16 06:00:00 UTC        
 READ IN fields at DATE: 2000-12-16 12:00:00 UTC        
 READ IN fields at DATE: 2000-12-16 18:00:00 UTC        
 READ IN fields at DATE: 2000-12-17 00:00:00 UTC        
 READ IN fields at DATE: 2000-12-17 06:00:00 UTC        
 READ IN fields at DATE: 2000-12-17 12:00:00 UTC        
 READ IN fields at DATE: 2000-12-17 18:00:00 UTC        
 READ IN fields at DATE: 2000-12-18 00:00:00 UTC        
 READ IN fields at DATE: 2000-12-18 06:00:00 UTC        
 READ IN fields at DATE: 2000-12-18 12:00:00 UTC        
 READ IN fields at DATE: 2000-12-18 18:00:00 UTC        
 READ IN fields at DATE: 2000-12-19 00:00:00 UTC        
 READ IN fields at DATE: 2000-12-19 06:00:00 UTC        
 READ IN fields at DATE: 2000-12-19 12:00:00 UTC        
 READ IN fields at DATE: 2000-12-19 18:00:00 UTC        
 READ IN fields at DATE: 2000-12-20 00:00:00 UTC        
 READ IN fields at DATE: 2000-12-20 06:00:00 UTC        
 READ IN fields at DATE: 2000-12-20 12:00:00 UTC        
 READ IN fields at DATE: 2000-12-20 18:00:00 UTC        
 READ IN fields at DATE: 2000-12-21 00:00:00 UTC        
 READ IN fields at DATE: 2000-12-21 06:00:00 UTC        
 READ IN fields at DATE: 2000-12-21 12:00:00 UTC        
 READ IN fields at DATE: 2000-12-21 18:00:00 UTC        
 READ IN fields at DATE: 2000-12-22 00:00:00 UTC        
 READ IN fields at DATE: 2000-12-22 06:00:00 UTC        
 READ IN fields at DATE: 2000-12-22 12:00:00 UTC        
 READ IN fields at DATE: 2000-12-22 18:00:00 UTC        
 READ IN fields at DATE: 2000-12-23 00:00:00 UTC        
 READ IN fields at DATE: 2000-12-23 06:00:00 UTC        
 READ IN fields at DATE: 2000-12-23 12:00:00 UTC        
 READ IN fields at DATE: 2000-12-23 18:00:00 UTC        
 READ IN fields at DATE: 2000-12-24 00:00:00 UTC        
 READ IN fields at DATE: 2000-12-24 06:00:00 UTC        
 READ IN fields at DATE: 2000-12-24 12:00:00 UTC        
 READ IN fields at DATE: 2000-12-24 18:00:00 UTC        
 READ IN fields at DATE: 2000-12-25 00:00:00 UTC        
 READ IN fields at DATE: 2000-12-25 06:00:00 UTC        
 READ IN fields at DATE: 2000-12-25 12:00:00 UTC        
 READ IN fields at DATE: 2000-12-25 18:00:00 UTC        
 READ IN fields at DATE: 2000-12-26 00:00:00 UTC        
 READ IN fields at DATE: 2000-12-26 06:00:00 UTC        
 READ IN fields at DATE: 2000-12-26 12:00:00 UTC        
 READ IN fields at DATE: 2000-12-26 18:00:00 UTC        
 READ IN fields at DATE: 2000-12-27 00:00:00 UTC        
 READ IN fields at DATE: 2000-12-27 06:00:00 UTC        
 READ IN fields at DATE: 2000-12-27 12:00:00 UTC        
 READ IN fields at DATE: 2000-12-27 18:00:00 UTC        
 READ IN fields at DATE: 2000-12-28 00:00:00 UTC        
 READ IN fields at DATE: 2000-12-28 06:00:00 UTC        
 READ IN fields at DATE: 2000-12-28 12:00:00 UTC        
 READ IN fields at DATE: 2000-12-28 18:00:00 UTC        
 READ IN fields at DATE: 2000-12-29 00:00:00 UTC        
 READ IN fields at DATE: 2000-12-29 06:00:00 UTC        
 READ IN fields at DATE: 2000-12-29 12:00:00 UTC        
 READ IN fields at DATE: 2000-12-29 18:00:00 UTC        
 READ IN fields at DATE: 2000-12-30 00:00:00 UTC        
 READ IN fields at DATE: 2000-12-30 06:00:00 UTC        
 READ IN fields at DATE: 2000-12-30 12:00:00 UTC        
 READ IN fields at DATE: 2000-12-30 18:00:00 UTC        
 READ IN fields at DATE: 2000-12-31 00:00:00 UTC        
 READ IN fields at DATE: 2000-12-31 06:00:00 UTC        
 READ IN fields at DATE: 2000-12-31 12:00:00 UTC        
 READ IN fields at DATE: 2000-12-31 18:00:00 UTC        
      131072 /leonardo_work/ICT24_ESP/RCMDATA//ERA5/2001/tatm_2001_01.nc
  2.243290899539640E-003   249.759300107480     
      196608 /leonardo_work/ICT24_ESP/RCMDATA//ERA5/2001/geop_2001_01.nc
   7.64441728070209        245155.441463235     
      262144 /leonardo_work/ICT24_ESP/RCMDATA//ERA5/2001/qhum_2001_01.nc
  3.705311648473737E-007  1.212856229343551E-002
      327680 /leonardo_work/ICT24_ESP/RCMDATA//ERA5/2001/uwnd_2001_01.nc
  4.982799444867590E-003   32.0156589298674     
      393216 /leonardo_work/ICT24_ESP/RCMDATA//ERA5/2001/vwnd_2001_01.nc
  4.578441418290689E-003  -17.4992679804748     
 READ IN fields at DATE: 2001-01-01 00:00:00 UTC        
 Input ready at : Wed Jan 15 10:25:28 2025
 Successfully completed ICBC
icbc script complete
