
  This is icbc part of the RegCM version 5
   SVN Revision: 5.0.1 compiled at: data : Dec 03 2024  time: 16:32:23

 : this run start at    : 2025-01-15 18:45:48+0100
 : it is submitted by   : mdasilva
 : it is running on     : lrdn4264.leonardo.local
 : in directory         : 
 /leonardo/home/userexternal/mdasilva/github_projects/shell/ictp/regcm_exp/corde
 x5
                       
 Using Moloch non-hydrostatic dynamical core
 GLOBIDATE1 :  2002-04-01 00:00:00 UTC        
 GLOBIDATE2 :  2002-05-01 00:00:00 UTC        
 NSTEPS     :          121
 Computing weights, R =      38.89632416 .......... Done.
 Computing weights, R =      38.89632416 .......... Done.
 Computing weights, R =      38.89632416 .......... Done.
      131072 /leonardo_work/ICT24_ESP/RCMDATA//ERA5/2002/tatm_2002_04.nc
  2.094651997401357E-003   250.397695349783     
      196608 /leonardo_work/ICT24_ESP/RCMDATA//ERA5/2002/geop_2002_04.nc
   7.37910361001328        234785.412010695     
      262144 /leonardo_work/ICT24_ESP/RCMDATA//ERA5/2002/qhum_2002_04.nc
  3.834334642385421E-007  1.250829289549419E-002
      327680 /leonardo_work/ICT24_ESP/RCMDATA//ERA5/2002/uwnd_2002_04.nc
  2.587255247654331E-003   20.9293856936652     
      393216 /leonardo_work/ICT24_ESP/RCMDATA//ERA5/2002/vwnd_2002_04.nc
  2.699781628015060E-003  -1.48762461005229     
 READ IN fields at DATE: 2002-04-01 00:00:00 UTC        
 READ IN fields at DATE: 2002-04-01 06:00:00 UTC        
 READ IN fields at DATE: 2002-04-01 12:00:00 UTC        
 READ IN fields at DATE: 2002-04-01 18:00:00 UTC        
 READ IN fields at DATE: 2002-04-02 00:00:00 UTC        
 READ IN fields at DATE: 2002-04-02 06:00:00 UTC        
 READ IN fields at DATE: 2002-04-02 12:00:00 UTC        
 READ IN fields at DATE: 2002-04-02 18:00:00 UTC        
 READ IN fields at DATE: 2002-04-03 00:00:00 UTC        
 READ IN fields at DATE: 2002-04-03 06:00:00 UTC        
 READ IN fields at DATE: 2002-04-03 12:00:00 UTC        
 READ IN fields at DATE: 2002-04-03 18:00:00 UTC        
 READ IN fields at DATE: 2002-04-04 00:00:00 UTC        
 READ IN fields at DATE: 2002-04-04 06:00:00 UTC        
 READ IN fields at DATE: 2002-04-04 12:00:00 UTC        
 READ IN fields at DATE: 2002-04-04 18:00:00 UTC        
 READ IN fields at DATE: 2002-04-05 00:00:00 UTC        
 READ IN fields at DATE: 2002-04-05 06:00:00 UTC        
 READ IN fields at DATE: 2002-04-05 12:00:00 UTC        
 READ IN fields at DATE: 2002-04-05 18:00:00 UTC        
 READ IN fields at DATE: 2002-04-06 00:00:00 UTC        
 READ IN fields at DATE: 2002-04-06 06:00:00 UTC        
 READ IN fields at DATE: 2002-04-06 12:00:00 UTC        
 READ IN fields at DATE: 2002-04-06 18:00:00 UTC        
 READ IN fields at DATE: 2002-04-07 00:00:00 UTC        
 READ IN fields at DATE: 2002-04-07 06:00:00 UTC        
 READ IN fields at DATE: 2002-04-07 12:00:00 UTC        
 READ IN fields at DATE: 2002-04-07 18:00:00 UTC        
 READ IN fields at DATE: 2002-04-08 00:00:00 UTC        
 READ IN fields at DATE: 2002-04-08 06:00:00 UTC        
 READ IN fields at DATE: 2002-04-08 12:00:00 UTC        
 READ IN fields at DATE: 2002-04-08 18:00:00 UTC        
 READ IN fields at DATE: 2002-04-09 00:00:00 UTC        
 READ IN fields at DATE: 2002-04-09 06:00:00 UTC        
 READ IN fields at DATE: 2002-04-09 12:00:00 UTC        
 READ IN fields at DATE: 2002-04-09 18:00:00 UTC        
 READ IN fields at DATE: 2002-04-10 00:00:00 UTC        
 READ IN fields at DATE: 2002-04-10 06:00:00 UTC        
 READ IN fields at DATE: 2002-04-10 12:00:00 UTC        
 READ IN fields at DATE: 2002-04-10 18:00:00 UTC        
 READ IN fields at DATE: 2002-04-11 00:00:00 UTC        
 READ IN fields at DATE: 2002-04-11 06:00:00 UTC        
 READ IN fields at DATE: 2002-04-11 12:00:00 UTC        
 READ IN fields at DATE: 2002-04-11 18:00:00 UTC        
 READ IN fields at DATE: 2002-04-12 00:00:00 UTC        
 READ IN fields at DATE: 2002-04-12 06:00:00 UTC        
 READ IN fields at DATE: 2002-04-12 12:00:00 UTC        
 READ IN fields at DATE: 2002-04-12 18:00:00 UTC        
 READ IN fields at DATE: 2002-04-13 00:00:00 UTC        
 READ IN fields at DATE: 2002-04-13 06:00:00 UTC        
 READ IN fields at DATE: 2002-04-13 12:00:00 UTC        
 READ IN fields at DATE: 2002-04-13 18:00:00 UTC        
 READ IN fields at DATE: 2002-04-14 00:00:00 UTC        
 READ IN fields at DATE: 2002-04-14 06:00:00 UTC        
 READ IN fields at DATE: 2002-04-14 12:00:00 UTC        
 READ IN fields at DATE: 2002-04-14 18:00:00 UTC        
 READ IN fields at DATE: 2002-04-15 00:00:00 UTC        
 READ IN fields at DATE: 2002-04-15 06:00:00 UTC        
 READ IN fields at DATE: 2002-04-15 12:00:00 UTC        
 READ IN fields at DATE: 2002-04-15 18:00:00 UTC        
 READ IN fields at DATE: 2002-04-16 00:00:00 UTC        
 READ IN fields at DATE: 2002-04-16 06:00:00 UTC        
 READ IN fields at DATE: 2002-04-16 12:00:00 UTC        
 READ IN fields at DATE: 2002-04-16 18:00:00 UTC        
 READ IN fields at DATE: 2002-04-17 00:00:00 UTC        
 READ IN fields at DATE: 2002-04-17 06:00:00 UTC        
 READ IN fields at DATE: 2002-04-17 12:00:00 UTC        
 READ IN fields at DATE: 2002-04-17 18:00:00 UTC        
 READ IN fields at DATE: 2002-04-18 00:00:00 UTC        
 READ IN fields at DATE: 2002-04-18 06:00:00 UTC        
 READ IN fields at DATE: 2002-04-18 12:00:00 UTC        
 READ IN fields at DATE: 2002-04-18 18:00:00 UTC        
 READ IN fields at DATE: 2002-04-19 00:00:00 UTC        
 READ IN fields at DATE: 2002-04-19 06:00:00 UTC        
 READ IN fields at DATE: 2002-04-19 12:00:00 UTC        
 READ IN fields at DATE: 2002-04-19 18:00:00 UTC        
 READ IN fields at DATE: 2002-04-20 00:00:00 UTC        
 READ IN fields at DATE: 2002-04-20 06:00:00 UTC        
 READ IN fields at DATE: 2002-04-20 12:00:00 UTC        
 READ IN fields at DATE: 2002-04-20 18:00:00 UTC        
 READ IN fields at DATE: 2002-04-21 00:00:00 UTC        
 READ IN fields at DATE: 2002-04-21 06:00:00 UTC        
 READ IN fields at DATE: 2002-04-21 12:00:00 UTC        
 READ IN fields at DATE: 2002-04-21 18:00:00 UTC        
 READ IN fields at DATE: 2002-04-22 00:00:00 UTC        
 READ IN fields at DATE: 2002-04-22 06:00:00 UTC        
 READ IN fields at DATE: 2002-04-22 12:00:00 UTC        
 READ IN fields at DATE: 2002-04-22 18:00:00 UTC        
 READ IN fields at DATE: 2002-04-23 00:00:00 UTC        
 READ IN fields at DATE: 2002-04-23 06:00:00 UTC        
 READ IN fields at DATE: 2002-04-23 12:00:00 UTC        
 READ IN fields at DATE: 2002-04-23 18:00:00 UTC        
 READ IN fields at DATE: 2002-04-24 00:00:00 UTC        
 READ IN fields at DATE: 2002-04-24 06:00:00 UTC        
 READ IN fields at DATE: 2002-04-24 12:00:00 UTC        
 READ IN fields at DATE: 2002-04-24 18:00:00 UTC        
 READ IN fields at DATE: 2002-04-25 00:00:00 UTC        
 READ IN fields at DATE: 2002-04-25 06:00:00 UTC        
 READ IN fields at DATE: 2002-04-25 12:00:00 UTC        
 READ IN fields at DATE: 2002-04-25 18:00:00 UTC        
 READ IN fields at DATE: 2002-04-26 00:00:00 UTC        
 READ IN fields at DATE: 2002-04-26 06:00:00 UTC        
 READ IN fields at DATE: 2002-04-26 12:00:00 UTC        
 READ IN fields at DATE: 2002-04-26 18:00:00 UTC        
 READ IN fields at DATE: 2002-04-27 00:00:00 UTC        
 READ IN fields at DATE: 2002-04-27 06:00:00 UTC        
 READ IN fields at DATE: 2002-04-27 12:00:00 UTC        
 READ IN fields at DATE: 2002-04-27 18:00:00 UTC        
 READ IN fields at DATE: 2002-04-28 00:00:00 UTC        
 READ IN fields at DATE: 2002-04-28 06:00:00 UTC        
 READ IN fields at DATE: 2002-04-28 12:00:00 UTC        
 READ IN fields at DATE: 2002-04-28 18:00:00 UTC        
 READ IN fields at DATE: 2002-04-29 00:00:00 UTC        
 READ IN fields at DATE: 2002-04-29 06:00:00 UTC        
 READ IN fields at DATE: 2002-04-29 12:00:00 UTC        
 READ IN fields at DATE: 2002-04-29 18:00:00 UTC        
 READ IN fields at DATE: 2002-04-30 00:00:00 UTC        
 READ IN fields at DATE: 2002-04-30 06:00:00 UTC        
 READ IN fields at DATE: 2002-04-30 12:00:00 UTC        
 READ IN fields at DATE: 2002-04-30 18:00:00 UTC        
      131072 /leonardo_work/ICT24_ESP/RCMDATA//ERA5/2002/tatm_2002_05.nc
  2.134147470459778E-003   251.785843937007     
      196608 /leonardo_work/ICT24_ESP/RCMDATA//ERA5/2002/geop_2002_05.nc
   7.51322490911068        240813.159403170     
      262144 /leonardo_work/ICT24_ESP/RCMDATA//ERA5/2002/qhum_2002_05.nc
  4.080363836151543E-007  1.330900041659864E-002
      327680 /leonardo_work/ICT24_ESP/RCMDATA//ERA5/2002/uwnd_2002_05.nc
  3.230495178419174E-003   41.3336813832702     
      393216 /leonardo_work/ICT24_ESP/RCMDATA//ERA5/2002/vwnd_2002_05.nc
  2.648884847749059E-003   2.16312715669722     
 READ IN fields at DATE: 2002-05-01 00:00:00 UTC        
 Input ready at : Wed Jan 15 19:20:38 2025
 Successfully completed ICBC
icbc script complete
