
  This is icbc part of the RegCM version 5
   SVN Revision: 5.0.1 compiled at: data : Dec 03 2024  time: 16:32:23

 : this run start at    : 2025-01-15 09:14:30+0100
 : it is submitted by   : mdasilva
 : it is running on     : lrdn4034.leonardo.local
 : in directory         : 
 /leonardo/home/userexternal/mdasilva/github_projects/shell/ictp/regcm_exp/corde
 x5
                       
 Using Moloch non-hydrostatic dynamical core
 GLOBIDATE1 :  2000-11-01 00:00:00 UTC        
 GLOBIDATE2 :  2000-12-01 00:00:00 UTC        
 NSTEPS     :          121
 Computing weights, R =      38.89632416 .......... Done.
 Computing weights, R =      38.89632416 .......... Done.
 Computing weights, R =      38.89632416 .......... Done.
      131072 /leonardo_work/ICT24_ESP/RCMDATA//ERA5/2000/tatm_2000_11.nc
  2.083669571696583E-003   248.476977879570     
      196608 /leonardo_work/ICT24_ESP/RCMDATA//ERA5/2000/geop_2000_11.nc
   7.55093569270444        243008.240157154     
      262144 /leonardo_work/ICT24_ESP/RCMDATA//ERA5/2000/qhum_2000_11.nc
  3.818676364247759E-007  1.250609143157520E-002
      327680 /leonardo_work/ICT24_ESP/RCMDATA//ERA5/2000/uwnd_2000_11.nc
  4.205228011465836E-003   39.4104492658771     
      393216 /leonardo_work/ICT24_ESP/RCMDATA//ERA5/2000/vwnd_2000_11.nc
  3.059466489494677E-003   1.00531383364978     
 READ IN fields at DATE: 2000-11-01 00:00:00 UTC        
 READ IN fields at DATE: 2000-11-01 06:00:00 UTC        
 READ IN fields at DATE: 2000-11-01 12:00:00 UTC        
 READ IN fields at DATE: 2000-11-01 18:00:00 UTC        
 READ IN fields at DATE: 2000-11-02 00:00:00 UTC        
 READ IN fields at DATE: 2000-11-02 06:00:00 UTC        
 READ IN fields at DATE: 2000-11-02 12:00:00 UTC        
 READ IN fields at DATE: 2000-11-02 18:00:00 UTC        
 READ IN fields at DATE: 2000-11-03 00:00:00 UTC        
 READ IN fields at DATE: 2000-11-03 06:00:00 UTC        
 READ IN fields at DATE: 2000-11-03 12:00:00 UTC        
 READ IN fields at DATE: 2000-11-03 18:00:00 UTC        
 READ IN fields at DATE: 2000-11-04 00:00:00 UTC        
 READ IN fields at DATE: 2000-11-04 06:00:00 UTC        
 READ IN fields at DATE: 2000-11-04 12:00:00 UTC        
 READ IN fields at DATE: 2000-11-04 18:00:00 UTC        
 READ IN fields at DATE: 2000-11-05 00:00:00 UTC        
 READ IN fields at DATE: 2000-11-05 06:00:00 UTC        
 READ IN fields at DATE: 2000-11-05 12:00:00 UTC        
 READ IN fields at DATE: 2000-11-05 18:00:00 UTC        
 READ IN fields at DATE: 2000-11-06 00:00:00 UTC        
 READ IN fields at DATE: 2000-11-06 06:00:00 UTC        
 READ IN fields at DATE: 2000-11-06 12:00:00 UTC        
 READ IN fields at DATE: 2000-11-06 18:00:00 UTC        
 READ IN fields at DATE: 2000-11-07 00:00:00 UTC        
 READ IN fields at DATE: 2000-11-07 06:00:00 UTC        
 READ IN fields at DATE: 2000-11-07 12:00:00 UTC        
 READ IN fields at DATE: 2000-11-07 18:00:00 UTC        
 READ IN fields at DATE: 2000-11-08 00:00:00 UTC        
 READ IN fields at DATE: 2000-11-08 06:00:00 UTC        
 READ IN fields at DATE: 2000-11-08 12:00:00 UTC        
 READ IN fields at DATE: 2000-11-08 18:00:00 UTC        
 READ IN fields at DATE: 2000-11-09 00:00:00 UTC        
 READ IN fields at DATE: 2000-11-09 06:00:00 UTC        
 READ IN fields at DATE: 2000-11-09 12:00:00 UTC        
 READ IN fields at DATE: 2000-11-09 18:00:00 UTC        
 READ IN fields at DATE: 2000-11-10 00:00:00 UTC        
 READ IN fields at DATE: 2000-11-10 06:00:00 UTC        
 READ IN fields at DATE: 2000-11-10 12:00:00 UTC        
 READ IN fields at DATE: 2000-11-10 18:00:00 UTC        
 READ IN fields at DATE: 2000-11-11 00:00:00 UTC        
 READ IN fields at DATE: 2000-11-11 06:00:00 UTC        
 READ IN fields at DATE: 2000-11-11 12:00:00 UTC        
 READ IN fields at DATE: 2000-11-11 18:00:00 UTC        
 READ IN fields at DATE: 2000-11-12 00:00:00 UTC        
 READ IN fields at DATE: 2000-11-12 06:00:00 UTC        
 READ IN fields at DATE: 2000-11-12 12:00:00 UTC        
 READ IN fields at DATE: 2000-11-12 18:00:00 UTC        
 READ IN fields at DATE: 2000-11-13 00:00:00 UTC        
 READ IN fields at DATE: 2000-11-13 06:00:00 UTC        
 READ IN fields at DATE: 2000-11-13 12:00:00 UTC        
 READ IN fields at DATE: 2000-11-13 18:00:00 UTC        
 READ IN fields at DATE: 2000-11-14 00:00:00 UTC        
 READ IN fields at DATE: 2000-11-14 06:00:00 UTC        
 READ IN fields at DATE: 2000-11-14 12:00:00 UTC        
 READ IN fields at DATE: 2000-11-14 18:00:00 UTC        
 READ IN fields at DATE: 2000-11-15 00:00:00 UTC        
 READ IN fields at DATE: 2000-11-15 06:00:00 UTC        
 READ IN fields at DATE: 2000-11-15 12:00:00 UTC        
 READ IN fields at DATE: 2000-11-15 18:00:00 UTC        
 READ IN fields at DATE: 2000-11-16 00:00:00 UTC        
 READ IN fields at DATE: 2000-11-16 06:00:00 UTC        
 READ IN fields at DATE: 2000-11-16 12:00:00 UTC        
 READ IN fields at DATE: 2000-11-16 18:00:00 UTC        
 READ IN fields at DATE: 2000-11-17 00:00:00 UTC        
 READ IN fields at DATE: 2000-11-17 06:00:00 UTC        
 READ IN fields at DATE: 2000-11-17 12:00:00 UTC        
 READ IN fields at DATE: 2000-11-17 18:00:00 UTC        
 READ IN fields at DATE: 2000-11-18 00:00:00 UTC        
 READ IN fields at DATE: 2000-11-18 06:00:00 UTC        
 READ IN fields at DATE: 2000-11-18 12:00:00 UTC        
 READ IN fields at DATE: 2000-11-18 18:00:00 UTC        
 READ IN fields at DATE: 2000-11-19 00:00:00 UTC        
 READ IN fields at DATE: 2000-11-19 06:00:00 UTC        
 READ IN fields at DATE: 2000-11-19 12:00:00 UTC        
 READ IN fields at DATE: 2000-11-19 18:00:00 UTC        
 READ IN fields at DATE: 2000-11-20 00:00:00 UTC        
 READ IN fields at DATE: 2000-11-20 06:00:00 UTC        
 READ IN fields at DATE: 2000-11-20 12:00:00 UTC        
 READ IN fields at DATE: 2000-11-20 18:00:00 UTC        
 READ IN fields at DATE: 2000-11-21 00:00:00 UTC        
 READ IN fields at DATE: 2000-11-21 06:00:00 UTC        
 READ IN fields at DATE: 2000-11-21 12:00:00 UTC        
 READ IN fields at DATE: 2000-11-21 18:00:00 UTC        
 READ IN fields at DATE: 2000-11-22 00:00:00 UTC        
 READ IN fields at DATE: 2000-11-22 06:00:00 UTC        
 READ IN fields at DATE: 2000-11-22 12:00:00 UTC        
 READ IN fields at DATE: 2000-11-22 18:00:00 UTC        
 READ IN fields at DATE: 2000-11-23 00:00:00 UTC        
 READ IN fields at DATE: 2000-11-23 06:00:00 UTC        
 READ IN fields at DATE: 2000-11-23 12:00:00 UTC        
 READ IN fields at DATE: 2000-11-23 18:00:00 UTC        
 READ IN fields at DATE: 2000-11-24 00:00:00 UTC        
 READ IN fields at DATE: 2000-11-24 06:00:00 UTC        
 READ IN fields at DATE: 2000-11-24 12:00:00 UTC        
 READ IN fields at DATE: 2000-11-24 18:00:00 UTC        
 READ IN fields at DATE: 2000-11-25 00:00:00 UTC        
 READ IN fields at DATE: 2000-11-25 06:00:00 UTC        
 READ IN fields at DATE: 2000-11-25 12:00:00 UTC        
 READ IN fields at DATE: 2000-11-25 18:00:00 UTC        
 READ IN fields at DATE: 2000-11-26 00:00:00 UTC        
 READ IN fields at DATE: 2000-11-26 06:00:00 UTC        
 READ IN fields at DATE: 2000-11-26 12:00:00 UTC        
 READ IN fields at DATE: 2000-11-26 18:00:00 UTC        
 READ IN fields at DATE: 2000-11-27 00:00:00 UTC        
 READ IN fields at DATE: 2000-11-27 06:00:00 UTC        
 READ IN fields at DATE: 2000-11-27 12:00:00 UTC        
 READ IN fields at DATE: 2000-11-27 18:00:00 UTC        
 READ IN fields at DATE: 2000-11-28 00:00:00 UTC        
 READ IN fields at DATE: 2000-11-28 06:00:00 UTC        
 READ IN fields at DATE: 2000-11-28 12:00:00 UTC        
 READ IN fields at DATE: 2000-11-28 18:00:00 UTC        
 READ IN fields at DATE: 2000-11-29 00:00:00 UTC        
 READ IN fields at DATE: 2000-11-29 06:00:00 UTC        
 READ IN fields at DATE: 2000-11-29 12:00:00 UTC        
 READ IN fields at DATE: 2000-11-29 18:00:00 UTC        
 READ IN fields at DATE: 2000-11-30 00:00:00 UTC        
 READ IN fields at DATE: 2000-11-30 06:00:00 UTC        
 READ IN fields at DATE: 2000-11-30 12:00:00 UTC        
 READ IN fields at DATE: 2000-11-30 18:00:00 UTC        
      131072 /leonardo_work/ICT24_ESP/RCMDATA//ERA5/2000/tatm_2000_12.nc
  2.172780965017148E-003   252.697445714010     
      196608 /leonardo_work/ICT24_ESP/RCMDATA//ERA5/2000/geop_2000_12.nc
   7.64395210476020        245301.246383323     
      262144 /leonardo_work/ICT24_ESP/RCMDATA//ERA5/2000/qhum_2000_12.nc
  3.641502562729422E-007  1.191599887968504E-002
      327680 /leonardo_work/ICT24_ESP/RCMDATA//ERA5/2000/uwnd_2000_12.nc
  5.543091990107203E-003   6.80790502871198     
      393216 /leonardo_work/ICT24_ESP/RCMDATA//ERA5/2000/vwnd_2000_12.nc
  5.435834808417133E-003  -1.60988039299015     
 READ IN fields at DATE: 2000-12-01 00:00:00 UTC        
 Input ready at : Wed Jan 15 09:49:35 2025
 Successfully completed ICBC
icbc script complete
