
  This is icbc part of the RegCM version 5
   SVN Revision: 5.0.1 compiled at: data : Oct 10 2025  time: 16:26:26

 : this run start at    : 2026-03-23 16:50:47+0100
 : it is submitted by   : mdasilva
 : it is running on     : lrdn4835.leonardo.local
 : in directory         : 
 /leonardo/home/userexternal/mdasilva/github_projects/shell/ictp/regcm_exp/corde
 x5
                       
 Using Moloch non-hydrostatic dynamical core
 GLOBIDATE1 :  1999-01-01 00:00:00 UTC        
 GLOBIDATE2 :  2000-01-01 00:00:00 UTC        
 NSTEPS     :         1461
 Computing weights, R =      17.29916954 .......... Done.
 Computing weights, R =      17.29916954 .......... Done.
 Computing weights, R =      17.29916954 .......... Done.
 READ IN fields at DATE: 1999-01-01 00:00:00 UTC
 READ IN fields at DATE: 1999-01-01 06:00:00 UTC
 READ IN fields at DATE: 1999-01-01 12:00:00 UTC
 READ IN fields at DATE: 1999-01-01 18:00:00 UTC
 READ IN fields at DATE: 1999-01-02 00:00:00 UTC
 READ IN fields at DATE: 1999-01-02 06:00:00 UTC
 READ IN fields at DATE: 1999-01-02 12:00:00 UTC
 READ IN fields at DATE: 1999-01-02 18:00:00 UTC
 READ IN fields at DATE: 1999-01-03 00:00:00 UTC
 READ IN fields at DATE: 1999-01-03 06:00:00 UTC
 READ IN fields at DATE: 1999-01-03 12:00:00 UTC
 READ IN fields at DATE: 1999-01-03 18:00:00 UTC
 READ IN fields at DATE: 1999-01-04 00:00:00 UTC
 READ IN fields at DATE: 1999-01-04 06:00:00 UTC
 READ IN fields at DATE: 1999-01-04 12:00:00 UTC
 READ IN fields at DATE: 1999-01-04 18:00:00 UTC
 READ IN fields at DATE: 1999-01-05 00:00:00 UTC
 READ IN fields at DATE: 1999-01-05 06:00:00 UTC
 READ IN fields at DATE: 1999-01-05 12:00:00 UTC
 READ IN fields at DATE: 1999-01-05 18:00:00 UTC
 READ IN fields at DATE: 1999-01-06 00:00:00 UTC
 READ IN fields at DATE: 1999-01-06 06:00:00 UTC
 READ IN fields at DATE: 1999-01-06 12:00:00 UTC
 READ IN fields at DATE: 1999-01-06 18:00:00 UTC
 READ IN fields at DATE: 1999-01-07 00:00:00 UTC
 READ IN fields at DATE: 1999-01-07 06:00:00 UTC
 READ IN fields at DATE: 1999-01-07 12:00:00 UTC
 READ IN fields at DATE: 1999-01-07 18:00:00 UTC
 READ IN fields at DATE: 1999-01-08 00:00:00 UTC
 READ IN fields at DATE: 1999-01-08 06:00:00 UTC
 READ IN fields at DATE: 1999-01-08 12:00:00 UTC
 READ IN fields at DATE: 1999-01-08 18:00:00 UTC
 READ IN fields at DATE: 1999-01-09 00:00:00 UTC
 READ IN fields at DATE: 1999-01-09 06:00:00 UTC
 READ IN fields at DATE: 1999-01-09 12:00:00 UTC
 READ IN fields at DATE: 1999-01-09 18:00:00 UTC
 READ IN fields at DATE: 1999-01-10 00:00:00 UTC
 READ IN fields at DATE: 1999-01-10 06:00:00 UTC
 READ IN fields at DATE: 1999-01-10 12:00:00 UTC
 READ IN fields at DATE: 1999-01-10 18:00:00 UTC
 READ IN fields at DATE: 1999-01-11 00:00:00 UTC
 READ IN fields at DATE: 1999-01-11 06:00:00 UTC
 READ IN fields at DATE: 1999-01-11 12:00:00 UTC
 READ IN fields at DATE: 1999-01-11 18:00:00 UTC
 READ IN fields at DATE: 1999-01-12 00:00:00 UTC
 READ IN fields at DATE: 1999-01-12 06:00:00 UTC
 READ IN fields at DATE: 1999-01-12 12:00:00 UTC
 READ IN fields at DATE: 1999-01-12 18:00:00 UTC
 READ IN fields at DATE: 1999-01-13 00:00:00 UTC
 READ IN fields at DATE: 1999-01-13 06:00:00 UTC
 READ IN fields at DATE: 1999-01-13 12:00:00 UTC
 READ IN fields at DATE: 1999-01-13 18:00:00 UTC
 READ IN fields at DATE: 1999-01-14 00:00:00 UTC
 READ IN fields at DATE: 1999-01-14 06:00:00 UTC
 READ IN fields at DATE: 1999-01-14 12:00:00 UTC
 READ IN fields at DATE: 1999-01-14 18:00:00 UTC
 READ IN fields at DATE: 1999-01-15 00:00:00 UTC
 READ IN fields at DATE: 1999-01-15 06:00:00 UTC
 READ IN fields at DATE: 1999-01-15 12:00:00 UTC
 READ IN fields at DATE: 1999-01-15 18:00:00 UTC
 READ IN fields at DATE: 1999-01-16 00:00:00 UTC
 READ IN fields at DATE: 1999-01-16 06:00:00 UTC
 READ IN fields at DATE: 1999-01-16 12:00:00 UTC
 READ IN fields at DATE: 1999-01-16 18:00:00 UTC
 READ IN fields at DATE: 1999-01-17 00:00:00 UTC
 READ IN fields at DATE: 1999-01-17 06:00:00 UTC
 READ IN fields at DATE: 1999-01-17 12:00:00 UTC
 READ IN fields at DATE: 1999-01-17 18:00:00 UTC
 READ IN fields at DATE: 1999-01-18 00:00:00 UTC
 READ IN fields at DATE: 1999-01-18 06:00:00 UTC
 READ IN fields at DATE: 1999-01-18 12:00:00 UTC
 READ IN fields at DATE: 1999-01-18 18:00:00 UTC
 READ IN fields at DATE: 1999-01-19 00:00:00 UTC
 READ IN fields at DATE: 1999-01-19 06:00:00 UTC
 READ IN fields at DATE: 1999-01-19 12:00:00 UTC
 READ IN fields at DATE: 1999-01-19 18:00:00 UTC
 READ IN fields at DATE: 1999-01-20 00:00:00 UTC
 READ IN fields at DATE: 1999-01-20 06:00:00 UTC
 READ IN fields at DATE: 1999-01-20 12:00:00 UTC
 READ IN fields at DATE: 1999-01-20 18:00:00 UTC
 READ IN fields at DATE: 1999-01-21 00:00:00 UTC
 READ IN fields at DATE: 1999-01-21 06:00:00 UTC
 READ IN fields at DATE: 1999-01-21 12:00:00 UTC
 READ IN fields at DATE: 1999-01-21 18:00:00 UTC
 READ IN fields at DATE: 1999-01-22 00:00:00 UTC
 READ IN fields at DATE: 1999-01-22 06:00:00 UTC
 READ IN fields at DATE: 1999-01-22 12:00:00 UTC
 READ IN fields at DATE: 1999-01-22 18:00:00 UTC
 READ IN fields at DATE: 1999-01-23 00:00:00 UTC
 READ IN fields at DATE: 1999-01-23 06:00:00 UTC
 READ IN fields at DATE: 1999-01-23 12:00:00 UTC
 READ IN fields at DATE: 1999-01-23 18:00:00 UTC
 READ IN fields at DATE: 1999-01-24 00:00:00 UTC
 READ IN fields at DATE: 1999-01-24 06:00:00 UTC
 READ IN fields at DATE: 1999-01-24 12:00:00 UTC
 READ IN fields at DATE: 1999-01-24 18:00:00 UTC
 READ IN fields at DATE: 1999-01-25 00:00:00 UTC
 READ IN fields at DATE: 1999-01-25 06:00:00 UTC
 READ IN fields at DATE: 1999-01-25 12:00:00 UTC
 READ IN fields at DATE: 1999-01-25 18:00:00 UTC
 READ IN fields at DATE: 1999-01-26 00:00:00 UTC
 READ IN fields at DATE: 1999-01-26 06:00:00 UTC
 READ IN fields at DATE: 1999-01-26 12:00:00 UTC
 READ IN fields at DATE: 1999-01-26 18:00:00 UTC
 READ IN fields at DATE: 1999-01-27 00:00:00 UTC
 READ IN fields at DATE: 1999-01-27 06:00:00 UTC
 READ IN fields at DATE: 1999-01-27 12:00:00 UTC
 READ IN fields at DATE: 1999-01-27 18:00:00 UTC
 READ IN fields at DATE: 1999-01-28 00:00:00 UTC
 READ IN fields at DATE: 1999-01-28 06:00:00 UTC
 READ IN fields at DATE: 1999-01-28 12:00:00 UTC
 READ IN fields at DATE: 1999-01-28 18:00:00 UTC
 READ IN fields at DATE: 1999-01-29 00:00:00 UTC
 READ IN fields at DATE: 1999-01-29 06:00:00 UTC
 READ IN fields at DATE: 1999-01-29 12:00:00 UTC
 READ IN fields at DATE: 1999-01-29 18:00:00 UTC
 READ IN fields at DATE: 1999-01-30 00:00:00 UTC
 READ IN fields at DATE: 1999-01-30 06:00:00 UTC
 READ IN fields at DATE: 1999-01-30 12:00:00 UTC
 READ IN fields at DATE: 1999-01-30 18:00:00 UTC
 READ IN fields at DATE: 1999-01-31 00:00:00 UTC
 READ IN fields at DATE: 1999-01-31 06:00:00 UTC
 READ IN fields at DATE: 1999-01-31 12:00:00 UTC
 READ IN fields at DATE: 1999-01-31 18:00:00 UTC
 READ IN fields at DATE: 1999-02-01 00:00:00 UTC
 READ IN fields at DATE: 1999-02-01 06:00:00 UTC
 READ IN fields at DATE: 1999-02-01 12:00:00 UTC
 READ IN fields at DATE: 1999-02-01 18:00:00 UTC
 READ IN fields at DATE: 1999-02-02 00:00:00 UTC
 READ IN fields at DATE: 1999-02-02 06:00:00 UTC
 READ IN fields at DATE: 1999-02-02 12:00:00 UTC
 READ IN fields at DATE: 1999-02-02 18:00:00 UTC
 READ IN fields at DATE: 1999-02-03 00:00:00 UTC
 READ IN fields at DATE: 1999-02-03 06:00:00 UTC
 READ IN fields at DATE: 1999-02-03 12:00:00 UTC
 READ IN fields at DATE: 1999-02-03 18:00:00 UTC
 READ IN fields at DATE: 1999-02-04 00:00:00 UTC
 READ IN fields at DATE: 1999-02-04 06:00:00 UTC
 READ IN fields at DATE: 1999-02-04 12:00:00 UTC
 READ IN fields at DATE: 1999-02-04 18:00:00 UTC
 READ IN fields at DATE: 1999-02-05 00:00:00 UTC
 READ IN fields at DATE: 1999-02-05 06:00:00 UTC
 READ IN fields at DATE: 1999-02-05 12:00:00 UTC
 READ IN fields at DATE: 1999-02-05 18:00:00 UTC
 READ IN fields at DATE: 1999-02-06 00:00:00 UTC
 READ IN fields at DATE: 1999-02-06 06:00:00 UTC
 READ IN fields at DATE: 1999-02-06 12:00:00 UTC
 READ IN fields at DATE: 1999-02-06 18:00:00 UTC
 READ IN fields at DATE: 1999-02-07 00:00:00 UTC
 READ IN fields at DATE: 1999-02-07 06:00:00 UTC
 READ IN fields at DATE: 1999-02-07 12:00:00 UTC
 READ IN fields at DATE: 1999-02-07 18:00:00 UTC
 READ IN fields at DATE: 1999-02-08 00:00:00 UTC
 READ IN fields at DATE: 1999-02-08 06:00:00 UTC
 READ IN fields at DATE: 1999-02-08 12:00:00 UTC
 READ IN fields at DATE: 1999-02-08 18:00:00 UTC
 READ IN fields at DATE: 1999-02-09 00:00:00 UTC
 READ IN fields at DATE: 1999-02-09 06:00:00 UTC
 READ IN fields at DATE: 1999-02-09 12:00:00 UTC
 READ IN fields at DATE: 1999-02-09 18:00:00 UTC
 READ IN fields at DATE: 1999-02-10 00:00:00 UTC
 READ IN fields at DATE: 1999-02-10 06:00:00 UTC
 READ IN fields at DATE: 1999-02-10 12:00:00 UTC
 READ IN fields at DATE: 1999-02-10 18:00:00 UTC
 READ IN fields at DATE: 1999-02-11 00:00:00 UTC
 READ IN fields at DATE: 1999-02-11 06:00:00 UTC
 READ IN fields at DATE: 1999-02-11 12:00:00 UTC
 READ IN fields at DATE: 1999-02-11 18:00:00 UTC
 READ IN fields at DATE: 1999-02-12 00:00:00 UTC
 READ IN fields at DATE: 1999-02-12 06:00:00 UTC
 READ IN fields at DATE: 1999-02-12 12:00:00 UTC
 READ IN fields at DATE: 1999-02-12 18:00:00 UTC
 READ IN fields at DATE: 1999-02-13 00:00:00 UTC
 READ IN fields at DATE: 1999-02-13 06:00:00 UTC
 READ IN fields at DATE: 1999-02-13 12:00:00 UTC
 READ IN fields at DATE: 1999-02-13 18:00:00 UTC
 READ IN fields at DATE: 1999-02-14 00:00:00 UTC
 READ IN fields at DATE: 1999-02-14 06:00:00 UTC
 READ IN fields at DATE: 1999-02-14 12:00:00 UTC
 READ IN fields at DATE: 1999-02-14 18:00:00 UTC
 READ IN fields at DATE: 1999-02-15 00:00:00 UTC
 READ IN fields at DATE: 1999-02-15 06:00:00 UTC
 READ IN fields at DATE: 1999-02-15 12:00:00 UTC
 READ IN fields at DATE: 1999-02-15 18:00:00 UTC
 READ IN fields at DATE: 1999-02-16 00:00:00 UTC
 READ IN fields at DATE: 1999-02-16 06:00:00 UTC
 READ IN fields at DATE: 1999-02-16 12:00:00 UTC
 READ IN fields at DATE: 1999-02-16 18:00:00 UTC
 READ IN fields at DATE: 1999-02-17 00:00:00 UTC
 READ IN fields at DATE: 1999-02-17 06:00:00 UTC
 READ IN fields at DATE: 1999-02-17 12:00:00 UTC
 READ IN fields at DATE: 1999-02-17 18:00:00 UTC
 READ IN fields at DATE: 1999-02-18 00:00:00 UTC
 READ IN fields at DATE: 1999-02-18 06:00:00 UTC
 READ IN fields at DATE: 1999-02-18 12:00:00 UTC
 READ IN fields at DATE: 1999-02-18 18:00:00 UTC
 READ IN fields at DATE: 1999-02-19 00:00:00 UTC
 READ IN fields at DATE: 1999-02-19 06:00:00 UTC
 READ IN fields at DATE: 1999-02-19 12:00:00 UTC
 READ IN fields at DATE: 1999-02-19 18:00:00 UTC
 READ IN fields at DATE: 1999-02-20 00:00:00 UTC
 READ IN fields at DATE: 1999-02-20 06:00:00 UTC
 READ IN fields at DATE: 1999-02-20 12:00:00 UTC
 READ IN fields at DATE: 1999-02-20 18:00:00 UTC
 READ IN fields at DATE: 1999-02-21 00:00:00 UTC
 READ IN fields at DATE: 1999-02-21 06:00:00 UTC
 READ IN fields at DATE: 1999-02-21 12:00:00 UTC
 READ IN fields at DATE: 1999-02-21 18:00:00 UTC
 READ IN fields at DATE: 1999-02-22 00:00:00 UTC
 READ IN fields at DATE: 1999-02-22 06:00:00 UTC
 READ IN fields at DATE: 1999-02-22 12:00:00 UTC
 READ IN fields at DATE: 1999-02-22 18:00:00 UTC
 READ IN fields at DATE: 1999-02-23 00:00:00 UTC
 READ IN fields at DATE: 1999-02-23 06:00:00 UTC
 READ IN fields at DATE: 1999-02-23 12:00:00 UTC
 READ IN fields at DATE: 1999-02-23 18:00:00 UTC
 READ IN fields at DATE: 1999-02-24 00:00:00 UTC
 READ IN fields at DATE: 1999-02-24 06:00:00 UTC
 READ IN fields at DATE: 1999-02-24 12:00:00 UTC
 READ IN fields at DATE: 1999-02-24 18:00:00 UTC
 READ IN fields at DATE: 1999-02-25 00:00:00 UTC
 READ IN fields at DATE: 1999-02-25 06:00:00 UTC
 READ IN fields at DATE: 1999-02-25 12:00:00 UTC
 READ IN fields at DATE: 1999-02-25 18:00:00 UTC
 READ IN fields at DATE: 1999-02-26 00:00:00 UTC
 READ IN fields at DATE: 1999-02-26 06:00:00 UTC
 READ IN fields at DATE: 1999-02-26 12:00:00 UTC
 READ IN fields at DATE: 1999-02-26 18:00:00 UTC
 READ IN fields at DATE: 1999-02-27 00:00:00 UTC
 READ IN fields at DATE: 1999-02-27 06:00:00 UTC
 READ IN fields at DATE: 1999-02-27 12:00:00 UTC
 READ IN fields at DATE: 1999-02-27 18:00:00 UTC
 READ IN fields at DATE: 1999-02-28 00:00:00 UTC
 READ IN fields at DATE: 1999-02-28 06:00:00 UTC
 READ IN fields at DATE: 1999-02-28 12:00:00 UTC
 READ IN fields at DATE: 1999-02-28 18:00:00 UTC
 READ IN fields at DATE: 1999-03-01 00:00:00 UTC
 READ IN fields at DATE: 1999-03-01 06:00:00 UTC
 READ IN fields at DATE: 1999-03-01 12:00:00 UTC
 READ IN fields at DATE: 1999-03-01 18:00:00 UTC
 READ IN fields at DATE: 1999-03-02 00:00:00 UTC
 READ IN fields at DATE: 1999-03-02 06:00:00 UTC
 READ IN fields at DATE: 1999-03-02 12:00:00 UTC
 READ IN fields at DATE: 1999-03-02 18:00:00 UTC
 READ IN fields at DATE: 1999-03-03 00:00:00 UTC
 READ IN fields at DATE: 1999-03-03 06:00:00 UTC
 READ IN fields at DATE: 1999-03-03 12:00:00 UTC
 READ IN fields at DATE: 1999-03-03 18:00:00 UTC
 READ IN fields at DATE: 1999-03-04 00:00:00 UTC
 READ IN fields at DATE: 1999-03-04 06:00:00 UTC
 READ IN fields at DATE: 1999-03-04 12:00:00 UTC
 READ IN fields at DATE: 1999-03-04 18:00:00 UTC
 READ IN fields at DATE: 1999-03-05 00:00:00 UTC
 READ IN fields at DATE: 1999-03-05 06:00:00 UTC
 READ IN fields at DATE: 1999-03-05 12:00:00 UTC
 READ IN fields at DATE: 1999-03-05 18:00:00 UTC
 READ IN fields at DATE: 1999-03-06 00:00:00 UTC
 READ IN fields at DATE: 1999-03-06 06:00:00 UTC
 READ IN fields at DATE: 1999-03-06 12:00:00 UTC
 READ IN fields at DATE: 1999-03-06 18:00:00 UTC
 READ IN fields at DATE: 1999-03-07 00:00:00 UTC
 READ IN fields at DATE: 1999-03-07 06:00:00 UTC
 READ IN fields at DATE: 1999-03-07 12:00:00 UTC
 READ IN fields at DATE: 1999-03-07 18:00:00 UTC
 READ IN fields at DATE: 1999-03-08 00:00:00 UTC
 READ IN fields at DATE: 1999-03-08 06:00:00 UTC
 READ IN fields at DATE: 1999-03-08 12:00:00 UTC
 READ IN fields at DATE: 1999-03-08 18:00:00 UTC
 READ IN fields at DATE: 1999-03-09 00:00:00 UTC
 READ IN fields at DATE: 1999-03-09 06:00:00 UTC
 READ IN fields at DATE: 1999-03-09 12:00:00 UTC
 READ IN fields at DATE: 1999-03-09 18:00:00 UTC
 READ IN fields at DATE: 1999-03-10 00:00:00 UTC
 READ IN fields at DATE: 1999-03-10 06:00:00 UTC
 READ IN fields at DATE: 1999-03-10 12:00:00 UTC
 READ IN fields at DATE: 1999-03-10 18:00:00 UTC
 READ IN fields at DATE: 1999-03-11 00:00:00 UTC
 READ IN fields at DATE: 1999-03-11 06:00:00 UTC
 READ IN fields at DATE: 1999-03-11 12:00:00 UTC
 READ IN fields at DATE: 1999-03-11 18:00:00 UTC
 READ IN fields at DATE: 1999-03-12 00:00:00 UTC
 READ IN fields at DATE: 1999-03-12 06:00:00 UTC
 READ IN fields at DATE: 1999-03-12 12:00:00 UTC
 READ IN fields at DATE: 1999-03-12 18:00:00 UTC
 READ IN fields at DATE: 1999-03-13 00:00:00 UTC
 READ IN fields at DATE: 1999-03-13 06:00:00 UTC
 READ IN fields at DATE: 1999-03-13 12:00:00 UTC
 READ IN fields at DATE: 1999-03-13 18:00:00 UTC
 READ IN fields at DATE: 1999-03-14 00:00:00 UTC
 READ IN fields at DATE: 1999-03-14 06:00:00 UTC
 READ IN fields at DATE: 1999-03-14 12:00:00 UTC
 READ IN fields at DATE: 1999-03-14 18:00:00 UTC
 READ IN fields at DATE: 1999-03-15 00:00:00 UTC
 READ IN fields at DATE: 1999-03-15 06:00:00 UTC
 READ IN fields at DATE: 1999-03-15 12:00:00 UTC
 READ IN fields at DATE: 1999-03-15 18:00:00 UTC
 READ IN fields at DATE: 1999-03-16 00:00:00 UTC
 READ IN fields at DATE: 1999-03-16 06:00:00 UTC
 READ IN fields at DATE: 1999-03-16 12:00:00 UTC
 READ IN fields at DATE: 1999-03-16 18:00:00 UTC
 READ IN fields at DATE: 1999-03-17 00:00:00 UTC
 READ IN fields at DATE: 1999-03-17 06:00:00 UTC
 READ IN fields at DATE: 1999-03-17 12:00:00 UTC
 READ IN fields at DATE: 1999-03-17 18:00:00 UTC
 READ IN fields at DATE: 1999-03-18 00:00:00 UTC
 READ IN fields at DATE: 1999-03-18 06:00:00 UTC
 READ IN fields at DATE: 1999-03-18 12:00:00 UTC
 READ IN fields at DATE: 1999-03-18 18:00:00 UTC
 READ IN fields at DATE: 1999-03-19 00:00:00 UTC
 READ IN fields at DATE: 1999-03-19 06:00:00 UTC
 READ IN fields at DATE: 1999-03-19 12:00:00 UTC
 READ IN fields at DATE: 1999-03-19 18:00:00 UTC
 READ IN fields at DATE: 1999-03-20 00:00:00 UTC
 READ IN fields at DATE: 1999-03-20 06:00:00 UTC
 READ IN fields at DATE: 1999-03-20 12:00:00 UTC
 READ IN fields at DATE: 1999-03-20 18:00:00 UTC
 READ IN fields at DATE: 1999-03-21 00:00:00 UTC
 READ IN fields at DATE: 1999-03-21 06:00:00 UTC
 READ IN fields at DATE: 1999-03-21 12:00:00 UTC
 READ IN fields at DATE: 1999-03-21 18:00:00 UTC
 READ IN fields at DATE: 1999-03-22 00:00:00 UTC
 READ IN fields at DATE: 1999-03-22 06:00:00 UTC
 READ IN fields at DATE: 1999-03-22 12:00:00 UTC
 READ IN fields at DATE: 1999-03-22 18:00:00 UTC
 READ IN fields at DATE: 1999-03-23 00:00:00 UTC
 READ IN fields at DATE: 1999-03-23 06:00:00 UTC
 READ IN fields at DATE: 1999-03-23 12:00:00 UTC
 READ IN fields at DATE: 1999-03-23 18:00:00 UTC
 READ IN fields at DATE: 1999-03-24 00:00:00 UTC
 READ IN fields at DATE: 1999-03-24 06:00:00 UTC
 READ IN fields at DATE: 1999-03-24 12:00:00 UTC
 READ IN fields at DATE: 1999-03-24 18:00:00 UTC
 READ IN fields at DATE: 1999-03-25 00:00:00 UTC
 READ IN fields at DATE: 1999-03-25 06:00:00 UTC
 READ IN fields at DATE: 1999-03-25 12:00:00 UTC
 READ IN fields at DATE: 1999-03-25 18:00:00 UTC
 READ IN fields at DATE: 1999-03-26 00:00:00 UTC
 READ IN fields at DATE: 1999-03-26 06:00:00 UTC
 READ IN fields at DATE: 1999-03-26 12:00:00 UTC
 READ IN fields at DATE: 1999-03-26 18:00:00 UTC
 READ IN fields at DATE: 1999-03-27 00:00:00 UTC
 READ IN fields at DATE: 1999-03-27 06:00:00 UTC
 READ IN fields at DATE: 1999-03-27 12:00:00 UTC
 READ IN fields at DATE: 1999-03-27 18:00:00 UTC
 READ IN fields at DATE: 1999-03-28 00:00:00 UTC
 READ IN fields at DATE: 1999-03-28 06:00:00 UTC
 READ IN fields at DATE: 1999-03-28 12:00:00 UTC
 READ IN fields at DATE: 1999-03-28 18:00:00 UTC
 READ IN fields at DATE: 1999-03-29 00:00:00 UTC
 READ IN fields at DATE: 1999-03-29 06:00:00 UTC
 READ IN fields at DATE: 1999-03-29 12:00:00 UTC
 READ IN fields at DATE: 1999-03-29 18:00:00 UTC
 READ IN fields at DATE: 1999-03-30 00:00:00 UTC
 READ IN fields at DATE: 1999-03-30 06:00:00 UTC
 READ IN fields at DATE: 1999-03-30 12:00:00 UTC
 READ IN fields at DATE: 1999-03-30 18:00:00 UTC
 READ IN fields at DATE: 1999-03-31 00:00:00 UTC
 READ IN fields at DATE: 1999-03-31 06:00:00 UTC
 READ IN fields at DATE: 1999-03-31 12:00:00 UTC
 READ IN fields at DATE: 1999-03-31 18:00:00 UTC
 READ IN fields at DATE: 1999-04-01 00:00:00 UTC
 READ IN fields at DATE: 1999-04-01 06:00:00 UTC
 READ IN fields at DATE: 1999-04-01 12:00:00 UTC
 READ IN fields at DATE: 1999-04-01 18:00:00 UTC
 READ IN fields at DATE: 1999-04-02 00:00:00 UTC
 READ IN fields at DATE: 1999-04-02 06:00:00 UTC
 READ IN fields at DATE: 1999-04-02 12:00:00 UTC
 READ IN fields at DATE: 1999-04-02 18:00:00 UTC
 READ IN fields at DATE: 1999-04-03 00:00:00 UTC
 READ IN fields at DATE: 1999-04-03 06:00:00 UTC
 READ IN fields at DATE: 1999-04-03 12:00:00 UTC
 READ IN fields at DATE: 1999-04-03 18:00:00 UTC
 READ IN fields at DATE: 1999-04-04 00:00:00 UTC
 READ IN fields at DATE: 1999-04-04 06:00:00 UTC
 READ IN fields at DATE: 1999-04-04 12:00:00 UTC
 READ IN fields at DATE: 1999-04-04 18:00:00 UTC
 READ IN fields at DATE: 1999-04-05 00:00:00 UTC
 READ IN fields at DATE: 1999-04-05 06:00:00 UTC
 READ IN fields at DATE: 1999-04-05 12:00:00 UTC
 READ IN fields at DATE: 1999-04-05 18:00:00 UTC
 READ IN fields at DATE: 1999-04-06 00:00:00 UTC
 READ IN fields at DATE: 1999-04-06 06:00:00 UTC
 READ IN fields at DATE: 1999-04-06 12:00:00 UTC
 READ IN fields at DATE: 1999-04-06 18:00:00 UTC
 READ IN fields at DATE: 1999-04-07 00:00:00 UTC
 READ IN fields at DATE: 1999-04-07 06:00:00 UTC
 READ IN fields at DATE: 1999-04-07 12:00:00 UTC
 READ IN fields at DATE: 1999-04-07 18:00:00 UTC
 READ IN fields at DATE: 1999-04-08 00:00:00 UTC
 READ IN fields at DATE: 1999-04-08 06:00:00 UTC
 READ IN fields at DATE: 1999-04-08 12:00:00 UTC
 READ IN fields at DATE: 1999-04-08 18:00:00 UTC
 READ IN fields at DATE: 1999-04-09 00:00:00 UTC
 READ IN fields at DATE: 1999-04-09 06:00:00 UTC
 READ IN fields at DATE: 1999-04-09 12:00:00 UTC
 READ IN fields at DATE: 1999-04-09 18:00:00 UTC
 READ IN fields at DATE: 1999-04-10 00:00:00 UTC
 READ IN fields at DATE: 1999-04-10 06:00:00 UTC
 READ IN fields at DATE: 1999-04-10 12:00:00 UTC
 READ IN fields at DATE: 1999-04-10 18:00:00 UTC
 READ IN fields at DATE: 1999-04-11 00:00:00 UTC
 READ IN fields at DATE: 1999-04-11 06:00:00 UTC
 READ IN fields at DATE: 1999-04-11 12:00:00 UTC
 READ IN fields at DATE: 1999-04-11 18:00:00 UTC
 READ IN fields at DATE: 1999-04-12 00:00:00 UTC
 READ IN fields at DATE: 1999-04-12 06:00:00 UTC
 READ IN fields at DATE: 1999-04-12 12:00:00 UTC
 READ IN fields at DATE: 1999-04-12 18:00:00 UTC
 READ IN fields at DATE: 1999-04-13 00:00:00 UTC
 READ IN fields at DATE: 1999-04-13 06:00:00 UTC
 READ IN fields at DATE: 1999-04-13 12:00:00 UTC
 READ IN fields at DATE: 1999-04-13 18:00:00 UTC
 READ IN fields at DATE: 1999-04-14 00:00:00 UTC
 READ IN fields at DATE: 1999-04-14 06:00:00 UTC
 READ IN fields at DATE: 1999-04-14 12:00:00 UTC
 READ IN fields at DATE: 1999-04-14 18:00:00 UTC
 READ IN fields at DATE: 1999-04-15 00:00:00 UTC
 READ IN fields at DATE: 1999-04-15 06:00:00 UTC
 READ IN fields at DATE: 1999-04-15 12:00:00 UTC
 READ IN fields at DATE: 1999-04-15 18:00:00 UTC
 READ IN fields at DATE: 1999-04-16 00:00:00 UTC
 READ IN fields at DATE: 1999-04-16 06:00:00 UTC
 READ IN fields at DATE: 1999-04-16 12:00:00 UTC
 READ IN fields at DATE: 1999-04-16 18:00:00 UTC
 READ IN fields at DATE: 1999-04-17 00:00:00 UTC
 READ IN fields at DATE: 1999-04-17 06:00:00 UTC
 READ IN fields at DATE: 1999-04-17 12:00:00 UTC
 READ IN fields at DATE: 1999-04-17 18:00:00 UTC
 READ IN fields at DATE: 1999-04-18 00:00:00 UTC
 READ IN fields at DATE: 1999-04-18 06:00:00 UTC
 READ IN fields at DATE: 1999-04-18 12:00:00 UTC
 READ IN fields at DATE: 1999-04-18 18:00:00 UTC
 READ IN fields at DATE: 1999-04-19 00:00:00 UTC
 READ IN fields at DATE: 1999-04-19 06:00:00 UTC
 READ IN fields at DATE: 1999-04-19 12:00:00 UTC
 READ IN fields at DATE: 1999-04-19 18:00:00 UTC
 READ IN fields at DATE: 1999-04-20 00:00:00 UTC
 READ IN fields at DATE: 1999-04-20 06:00:00 UTC
 READ IN fields at DATE: 1999-04-20 12:00:00 UTC
 READ IN fields at DATE: 1999-04-20 18:00:00 UTC
 READ IN fields at DATE: 1999-04-21 00:00:00 UTC
 READ IN fields at DATE: 1999-04-21 06:00:00 UTC
 READ IN fields at DATE: 1999-04-21 12:00:00 UTC
 READ IN fields at DATE: 1999-04-21 18:00:00 UTC
 READ IN fields at DATE: 1999-04-22 00:00:00 UTC
 READ IN fields at DATE: 1999-04-22 06:00:00 UTC
 READ IN fields at DATE: 1999-04-22 12:00:00 UTC
 READ IN fields at DATE: 1999-04-22 18:00:00 UTC
 READ IN fields at DATE: 1999-04-23 00:00:00 UTC
 READ IN fields at DATE: 1999-04-23 06:00:00 UTC
 READ IN fields at DATE: 1999-04-23 12:00:00 UTC
