
  This is icbc part of the RegCM version 5
   SVN Revision: 5.0.1 compiled at: data : Dec 03 2024  time: 16:32:23

 : this run start at    : 2025-01-15 02:09:14+0100
 : it is submitted by   : mdasilva
 : it is running on     : lrdn4186.leonardo.local
 : in directory         : 
 /leonardo/home/userexternal/mdasilva/github_projects/shell/ictp/regcm_exp/corde
 x5
                       
 Using Moloch non-hydrostatic dynamical core
 GLOBIDATE1 :  1999-10-01 00:00:00 UTC        
 GLOBIDATE2 :  1999-11-01 00:00:00 UTC        
 NSTEPS     :          125
 Computing weights, R =      38.89632416 .......... Done.
 Computing weights, R =      38.89632416 .......... Done.
 Computing weights, R =      38.89632416 .......... Done.
      131072 /leonardo_work/ICT24_ESP/RCMDATA//ERA5/1999/tatm_1999_10.nc
  2.220642891749195E-003   245.200381988124     
      196608 /leonardo_work/ICT24_ESP/RCMDATA//ERA5/1999/geop_1999_10.nc
   7.38888798153221        235402.995009134     
      262144 /leonardo_work/ICT24_ESP/RCMDATA//ERA5/1999/qhum_1999_10.nc
  3.601556243222650E-007  1.179447605623102E-002
      327680 /leonardo_work/ICT24_ESP/RCMDATA//ERA5/1999/uwnd_1999_10.nc
  3.263245937474369E-003   31.4839869683399     
      393216 /leonardo_work/ICT24_ESP/RCMDATA//ERA5/1999/vwnd_1999_10.nc
  2.672744095993979E-003   5.13401671633091     
 READ IN fields at DATE: 1999-10-01 00:00:00 UTC        
 READ IN fields at DATE: 1999-10-01 06:00:00 UTC        
 READ IN fields at DATE: 1999-10-01 12:00:00 UTC        
 READ IN fields at DATE: 1999-10-01 18:00:00 UTC        
 READ IN fields at DATE: 1999-10-02 00:00:00 UTC        
 READ IN fields at DATE: 1999-10-02 06:00:00 UTC        
 READ IN fields at DATE: 1999-10-02 12:00:00 UTC        
 READ IN fields at DATE: 1999-10-02 18:00:00 UTC        
 READ IN fields at DATE: 1999-10-03 00:00:00 UTC        
 READ IN fields at DATE: 1999-10-03 06:00:00 UTC        
 READ IN fields at DATE: 1999-10-03 12:00:00 UTC        
 READ IN fields at DATE: 1999-10-03 18:00:00 UTC        
 READ IN fields at DATE: 1999-10-04 00:00:00 UTC        
 READ IN fields at DATE: 1999-10-04 06:00:00 UTC        
 READ IN fields at DATE: 1999-10-04 12:00:00 UTC        
 READ IN fields at DATE: 1999-10-04 18:00:00 UTC        
 READ IN fields at DATE: 1999-10-05 00:00:00 UTC        
 READ IN fields at DATE: 1999-10-05 06:00:00 UTC        
 READ IN fields at DATE: 1999-10-05 12:00:00 UTC        
 READ IN fields at DATE: 1999-10-05 18:00:00 UTC        
 READ IN fields at DATE: 1999-10-06 00:00:00 UTC        
 READ IN fields at DATE: 1999-10-06 06:00:00 UTC        
 READ IN fields at DATE: 1999-10-06 12:00:00 UTC        
 READ IN fields at DATE: 1999-10-06 18:00:00 UTC        
 READ IN fields at DATE: 1999-10-07 00:00:00 UTC        
 READ IN fields at DATE: 1999-10-07 06:00:00 UTC        
 READ IN fields at DATE: 1999-10-07 12:00:00 UTC        
 READ IN fields at DATE: 1999-10-07 18:00:00 UTC        
 READ IN fields at DATE: 1999-10-08 00:00:00 UTC        
 READ IN fields at DATE: 1999-10-08 06:00:00 UTC        
 READ IN fields at DATE: 1999-10-08 12:00:00 UTC        
 READ IN fields at DATE: 1999-10-08 18:00:00 UTC        
 READ IN fields at DATE: 1999-10-09 00:00:00 UTC        
 READ IN fields at DATE: 1999-10-09 06:00:00 UTC        
 READ IN fields at DATE: 1999-10-09 12:00:00 UTC        
 READ IN fields at DATE: 1999-10-09 18:00:00 UTC        
 READ IN fields at DATE: 1999-10-10 00:00:00 UTC        
 READ IN fields at DATE: 1999-10-10 06:00:00 UTC        
 READ IN fields at DATE: 1999-10-10 12:00:00 UTC        
 READ IN fields at DATE: 1999-10-10 18:00:00 UTC        
 READ IN fields at DATE: 1999-10-11 00:00:00 UTC        
 READ IN fields at DATE: 1999-10-11 06:00:00 UTC        
 READ IN fields at DATE: 1999-10-11 12:00:00 UTC        
 READ IN fields at DATE: 1999-10-11 18:00:00 UTC        
 READ IN fields at DATE: 1999-10-12 00:00:00 UTC        
 READ IN fields at DATE: 1999-10-12 06:00:00 UTC        
 READ IN fields at DATE: 1999-10-12 12:00:00 UTC        
 READ IN fields at DATE: 1999-10-12 18:00:00 UTC        
 READ IN fields at DATE: 1999-10-13 00:00:00 UTC        
 READ IN fields at DATE: 1999-10-13 06:00:00 UTC        
 READ IN fields at DATE: 1999-10-13 12:00:00 UTC        
 READ IN fields at DATE: 1999-10-13 18:00:00 UTC        
 READ IN fields at DATE: 1999-10-14 00:00:00 UTC        
 READ IN fields at DATE: 1999-10-14 06:00:00 UTC        
 READ IN fields at DATE: 1999-10-14 12:00:00 UTC        
 READ IN fields at DATE: 1999-10-14 18:00:00 UTC        
 READ IN fields at DATE: 1999-10-15 00:00:00 UTC        
 READ IN fields at DATE: 1999-10-15 06:00:00 UTC        
 READ IN fields at DATE: 1999-10-15 12:00:00 UTC        
 READ IN fields at DATE: 1999-10-15 18:00:00 UTC        
 READ IN fields at DATE: 1999-10-16 00:00:00 UTC        
 READ IN fields at DATE: 1999-10-16 06:00:00 UTC        
 READ IN fields at DATE: 1999-10-16 12:00:00 UTC        
 READ IN fields at DATE: 1999-10-16 18:00:00 UTC        
 READ IN fields at DATE: 1999-10-17 00:00:00 UTC        
 READ IN fields at DATE: 1999-10-17 06:00:00 UTC        
 READ IN fields at DATE: 1999-10-17 12:00:00 UTC        
 READ IN fields at DATE: 1999-10-17 18:00:00 UTC        
 READ IN fields at DATE: 1999-10-18 00:00:00 UTC        
 READ IN fields at DATE: 1999-10-18 06:00:00 UTC        
 READ IN fields at DATE: 1999-10-18 12:00:00 UTC        
 READ IN fields at DATE: 1999-10-18 18:00:00 UTC        
 READ IN fields at DATE: 1999-10-19 00:00:00 UTC        
 READ IN fields at DATE: 1999-10-19 06:00:00 UTC        
 READ IN fields at DATE: 1999-10-19 12:00:00 UTC        
 READ IN fields at DATE: 1999-10-19 18:00:00 UTC        
 READ IN fields at DATE: 1999-10-20 00:00:00 UTC        
 READ IN fields at DATE: 1999-10-20 06:00:00 UTC        
 READ IN fields at DATE: 1999-10-20 12:00:00 UTC        
 READ IN fields at DATE: 1999-10-20 18:00:00 UTC        
 READ IN fields at DATE: 1999-10-21 00:00:00 UTC        
 READ IN fields at DATE: 1999-10-21 06:00:00 UTC        
 READ IN fields at DATE: 1999-10-21 12:00:00 UTC        
 READ IN fields at DATE: 1999-10-21 18:00:00 UTC        
 READ IN fields at DATE: 1999-10-22 00:00:00 UTC        
 READ IN fields at DATE: 1999-10-22 06:00:00 UTC        
 READ IN fields at DATE: 1999-10-22 12:00:00 UTC        
 READ IN fields at DATE: 1999-10-22 18:00:00 UTC        
 READ IN fields at DATE: 1999-10-23 00:00:00 UTC        
 READ IN fields at DATE: 1999-10-23 06:00:00 UTC        
 READ IN fields at DATE: 1999-10-23 12:00:00 UTC        
 READ IN fields at DATE: 1999-10-23 18:00:00 UTC        
 READ IN fields at DATE: 1999-10-24 00:00:00 UTC        
 READ IN fields at DATE: 1999-10-24 06:00:00 UTC        
 READ IN fields at DATE: 1999-10-24 12:00:00 UTC        
 READ IN fields at DATE: 1999-10-24 18:00:00 UTC        
 READ IN fields at DATE: 1999-10-25 00:00:00 UTC        
 READ IN fields at DATE: 1999-10-25 06:00:00 UTC        
 READ IN fields at DATE: 1999-10-25 12:00:00 UTC        
 READ IN fields at DATE: 1999-10-25 18:00:00 UTC        
 READ IN fields at DATE: 1999-10-26 00:00:00 UTC        
 READ IN fields at DATE: 1999-10-26 06:00:00 UTC        
 READ IN fields at DATE: 1999-10-26 12:00:00 UTC        
 READ IN fields at DATE: 1999-10-26 18:00:00 UTC        
 READ IN fields at DATE: 1999-10-27 00:00:00 UTC        
 READ IN fields at DATE: 1999-10-27 06:00:00 UTC        
 READ IN fields at DATE: 1999-10-27 12:00:00 UTC        
 READ IN fields at DATE: 1999-10-27 18:00:00 UTC        
 READ IN fields at DATE: 1999-10-28 00:00:00 UTC        
 READ IN fields at DATE: 1999-10-28 06:00:00 UTC        
 READ IN fields at DATE: 1999-10-28 12:00:00 UTC        
 READ IN fields at DATE: 1999-10-28 18:00:00 UTC        
 READ IN fields at DATE: 1999-10-29 00:00:00 UTC        
 READ IN fields at DATE: 1999-10-29 06:00:00 UTC        
 READ IN fields at DATE: 1999-10-29 12:00:00 UTC        
 READ IN fields at DATE: 1999-10-29 18:00:00 UTC        
 READ IN fields at DATE: 1999-10-30 00:00:00 UTC        
 READ IN fields at DATE: 1999-10-30 06:00:00 UTC        
 READ IN fields at DATE: 1999-10-30 12:00:00 UTC        
 READ IN fields at DATE: 1999-10-30 18:00:00 UTC        
 READ IN fields at DATE: 1999-10-31 00:00:00 UTC        
 READ IN fields at DATE: 1999-10-31 06:00:00 UTC        
 READ IN fields at DATE: 1999-10-31 12:00:00 UTC        
 READ IN fields at DATE: 1999-10-31 18:00:00 UTC        
      131072 /leonardo_work/ICT24_ESP/RCMDATA//ERA5/1999/tatm_1999_11.nc
  2.065243675240432E-003   249.014104096912     
      196608 /leonardo_work/ICT24_ESP/RCMDATA//ERA5/1999/geop_1999_11.nc
   7.47446235341355        238687.167065698     
      262144 /leonardo_work/ICT24_ESP/RCMDATA//ERA5/1999/qhum_1999_11.nc
  3.575626074633033E-007  1.170952541940798E-002
      327680 /leonardo_work/ICT24_ESP/RCMDATA//ERA5/1999/uwnd_1999_11.nc
  3.730204512376518E-003   42.6527445779196     
      393216 /leonardo_work/ICT24_ESP/RCMDATA//ERA5/1999/vwnd_1999_11.nc
  3.016519842653820E-003 -0.182607197909608     
 READ IN fields at DATE: 1999-11-01 00:00:00 UTC        
 Input ready at : Wed Jan 15 02:34:49 2025
 Successfully completed ICBC
icbc script complete
