
  This is icbc part of the RegCM version 5
   SVN Revision: 5.0.1 compiled at: data : Dec 03 2024  time: 16:32:23

 : this run start at    : 2025-01-16 04:17:14+0100
 : it is submitted by   : mdasilva
 : it is running on     : lrdn3458.leonardo.local
 : in directory         : 
 /leonardo/home/userexternal/mdasilva/github_projects/shell/ictp/regcm_exp/corde
 x5
                       
 Using Moloch non-hydrostatic dynamical core
 GLOBIDATE1 :  2003-08-01 00:00:00 UTC        
 GLOBIDATE2 :  2003-09-01 00:00:00 UTC        
 NSTEPS     :          125
 Computing weights, R =      38.89632416 .......... Done.
 Computing weights, R =      38.89632416 .......... Done.
 Computing weights, R =      38.89632416 .......... Done.
      131072 /leonardo_work/ICT24_ESP/RCMDATA//ERA5/2003/tatm_2003_08.nc
  2.323465377995986E-003   248.003209910377     
      196608 /leonardo_work/ICT24_ESP/RCMDATA//ERA5/2003/geop_2003_08.nc
   7.54810297149909        241769.059932889     
      262144 /leonardo_work/ICT24_ESP/RCMDATA//ERA5/2003/qhum_2003_08.nc
  4.751144695121398E-007  1.550695983592788E-002
      327680 /leonardo_work/ICT24_ESP/RCMDATA//ERA5/2003/uwnd_2003_08.nc
  4.116747850915760E-003   61.3705307374027     
      393216 /leonardo_work/ICT24_ESP/RCMDATA//ERA5/2003/vwnd_2003_08.nc
  3.531844678548761E-003  -2.68600817087443     
 READ IN fields at DATE: 2003-08-01 00:00:00 UTC        
 READ IN fields at DATE: 2003-08-01 06:00:00 UTC        
 READ IN fields at DATE: 2003-08-01 12:00:00 UTC        
 READ IN fields at DATE: 2003-08-01 18:00:00 UTC        
 READ IN fields at DATE: 2003-08-02 00:00:00 UTC        
 READ IN fields at DATE: 2003-08-02 06:00:00 UTC        
 READ IN fields at DATE: 2003-08-02 12:00:00 UTC        
 READ IN fields at DATE: 2003-08-02 18:00:00 UTC        
 READ IN fields at DATE: 2003-08-03 00:00:00 UTC        
 READ IN fields at DATE: 2003-08-03 06:00:00 UTC        
 READ IN fields at DATE: 2003-08-03 12:00:00 UTC        
 READ IN fields at DATE: 2003-08-03 18:00:00 UTC        
 READ IN fields at DATE: 2003-08-04 00:00:00 UTC        
 READ IN fields at DATE: 2003-08-04 06:00:00 UTC        
 READ IN fields at DATE: 2003-08-04 12:00:00 UTC        
 READ IN fields at DATE: 2003-08-04 18:00:00 UTC        
 READ IN fields at DATE: 2003-08-05 00:00:00 UTC        
 READ IN fields at DATE: 2003-08-05 06:00:00 UTC        
 READ IN fields at DATE: 2003-08-05 12:00:00 UTC        
 READ IN fields at DATE: 2003-08-05 18:00:00 UTC        
 READ IN fields at DATE: 2003-08-06 00:00:00 UTC        
 READ IN fields at DATE: 2003-08-06 06:00:00 UTC        
 READ IN fields at DATE: 2003-08-06 12:00:00 UTC        
 READ IN fields at DATE: 2003-08-06 18:00:00 UTC        
 READ IN fields at DATE: 2003-08-07 00:00:00 UTC        
 READ IN fields at DATE: 2003-08-07 06:00:00 UTC        
 READ IN fields at DATE: 2003-08-07 12:00:00 UTC        
 READ IN fields at DATE: 2003-08-07 18:00:00 UTC        
 READ IN fields at DATE: 2003-08-08 00:00:00 UTC        
 READ IN fields at DATE: 2003-08-08 06:00:00 UTC        
 READ IN fields at DATE: 2003-08-08 12:00:00 UTC        
 READ IN fields at DATE: 2003-08-08 18:00:00 UTC        
 READ IN fields at DATE: 2003-08-09 00:00:00 UTC        
 READ IN fields at DATE: 2003-08-09 06:00:00 UTC        
 READ IN fields at DATE: 2003-08-09 12:00:00 UTC        
 READ IN fields at DATE: 2003-08-09 18:00:00 UTC        
 READ IN fields at DATE: 2003-08-10 00:00:00 UTC        
 READ IN fields at DATE: 2003-08-10 06:00:00 UTC        
 READ IN fields at DATE: 2003-08-10 12:00:00 UTC        
 READ IN fields at DATE: 2003-08-10 18:00:00 UTC        
 READ IN fields at DATE: 2003-08-11 00:00:00 UTC        
 READ IN fields at DATE: 2003-08-11 06:00:00 UTC        
 READ IN fields at DATE: 2003-08-11 12:00:00 UTC        
 READ IN fields at DATE: 2003-08-11 18:00:00 UTC        
 READ IN fields at DATE: 2003-08-12 00:00:00 UTC        
 READ IN fields at DATE: 2003-08-12 06:00:00 UTC        
 READ IN fields at DATE: 2003-08-12 12:00:00 UTC        
 READ IN fields at DATE: 2003-08-12 18:00:00 UTC        
 READ IN fields at DATE: 2003-08-13 00:00:00 UTC        
 READ IN fields at DATE: 2003-08-13 06:00:00 UTC        
 READ IN fields at DATE: 2003-08-13 12:00:00 UTC        
 READ IN fields at DATE: 2003-08-13 18:00:00 UTC        
 READ IN fields at DATE: 2003-08-14 00:00:00 UTC        
 READ IN fields at DATE: 2003-08-14 06:00:00 UTC        
 READ IN fields at DATE: 2003-08-14 12:00:00 UTC        
 READ IN fields at DATE: 2003-08-14 18:00:00 UTC        
 READ IN fields at DATE: 2003-08-15 00:00:00 UTC        
 READ IN fields at DATE: 2003-08-15 06:00:00 UTC        
 READ IN fields at DATE: 2003-08-15 12:00:00 UTC        
 READ IN fields at DATE: 2003-08-15 18:00:00 UTC        
 READ IN fields at DATE: 2003-08-16 00:00:00 UTC        
 READ IN fields at DATE: 2003-08-16 06:00:00 UTC        
 READ IN fields at DATE: 2003-08-16 12:00:00 UTC        
 READ IN fields at DATE: 2003-08-16 18:00:00 UTC        
 READ IN fields at DATE: 2003-08-17 00:00:00 UTC        
 READ IN fields at DATE: 2003-08-17 06:00:00 UTC        
 READ IN fields at DATE: 2003-08-17 12:00:00 UTC        
 READ IN fields at DATE: 2003-08-17 18:00:00 UTC        
 READ IN fields at DATE: 2003-08-18 00:00:00 UTC        
 READ IN fields at DATE: 2003-08-18 06:00:00 UTC        
 READ IN fields at DATE: 2003-08-18 12:00:00 UTC        
 READ IN fields at DATE: 2003-08-18 18:00:00 UTC        
 READ IN fields at DATE: 2003-08-19 00:00:00 UTC        
 READ IN fields at DATE: 2003-08-19 06:00:00 UTC        
 READ IN fields at DATE: 2003-08-19 12:00:00 UTC        
 READ IN fields at DATE: 2003-08-19 18:00:00 UTC        
 READ IN fields at DATE: 2003-08-20 00:00:00 UTC        
 READ IN fields at DATE: 2003-08-20 06:00:00 UTC        
 READ IN fields at DATE: 2003-08-20 12:00:00 UTC        
 READ IN fields at DATE: 2003-08-20 18:00:00 UTC        
 READ IN fields at DATE: 2003-08-21 00:00:00 UTC        
 READ IN fields at DATE: 2003-08-21 06:00:00 UTC        
 READ IN fields at DATE: 2003-08-21 12:00:00 UTC        
 READ IN fields at DATE: 2003-08-21 18:00:00 UTC        
 READ IN fields at DATE: 2003-08-22 00:00:00 UTC        
 READ IN fields at DATE: 2003-08-22 06:00:00 UTC        
 READ IN fields at DATE: 2003-08-22 12:00:00 UTC        
 READ IN fields at DATE: 2003-08-22 18:00:00 UTC        
 READ IN fields at DATE: 2003-08-23 00:00:00 UTC        
 READ IN fields at DATE: 2003-08-23 06:00:00 UTC        
 READ IN fields at DATE: 2003-08-23 12:00:00 UTC        
 READ IN fields at DATE: 2003-08-23 18:00:00 UTC        
 READ IN fields at DATE: 2003-08-24 00:00:00 UTC        
 READ IN fields at DATE: 2003-08-24 06:00:00 UTC        
 READ IN fields at DATE: 2003-08-24 12:00:00 UTC        
 READ IN fields at DATE: 2003-08-24 18:00:00 UTC        
 READ IN fields at DATE: 2003-08-25 00:00:00 UTC        
 READ IN fields at DATE: 2003-08-25 06:00:00 UTC        
 READ IN fields at DATE: 2003-08-25 12:00:00 UTC        
 READ IN fields at DATE: 2003-08-25 18:00:00 UTC        
 READ IN fields at DATE: 2003-08-26 00:00:00 UTC        
 READ IN fields at DATE: 2003-08-26 06:00:00 UTC        
 READ IN fields at DATE: 2003-08-26 12:00:00 UTC        
 READ IN fields at DATE: 2003-08-26 18:00:00 UTC        
 READ IN fields at DATE: 2003-08-27 00:00:00 UTC        
 READ IN fields at DATE: 2003-08-27 06:00:00 UTC        
 READ IN fields at DATE: 2003-08-27 12:00:00 UTC        
 READ IN fields at DATE: 2003-08-27 18:00:00 UTC        
 READ IN fields at DATE: 2003-08-28 00:00:00 UTC        
 READ IN fields at DATE: 2003-08-28 06:00:00 UTC        
 READ IN fields at DATE: 2003-08-28 12:00:00 UTC        
 READ IN fields at DATE: 2003-08-28 18:00:00 UTC        
 READ IN fields at DATE: 2003-08-29 00:00:00 UTC        
 READ IN fields at DATE: 2003-08-29 06:00:00 UTC        
 READ IN fields at DATE: 2003-08-29 12:00:00 UTC        
 READ IN fields at DATE: 2003-08-29 18:00:00 UTC        
 READ IN fields at DATE: 2003-08-30 00:00:00 UTC        
 READ IN fields at DATE: 2003-08-30 06:00:00 UTC        
 READ IN fields at DATE: 2003-08-30 12:00:00 UTC        
 READ IN fields at DATE: 2003-08-30 18:00:00 UTC        
 READ IN fields at DATE: 2003-08-31 00:00:00 UTC        
 READ IN fields at DATE: 2003-08-31 06:00:00 UTC        
 READ IN fields at DATE: 2003-08-31 12:00:00 UTC        
 READ IN fields at DATE: 2003-08-31 18:00:00 UTC        
      131072 /leonardo_work/ICT24_ESP/RCMDATA//ERA5/2003/tatm_2003_09.nc
  2.238808005946789E-003   246.594942302540     
      196608 /leonardo_work/ICT24_ESP/RCMDATA//ERA5/2003/geop_2003_09.nc
   7.36718642706728        235381.777344286     
      262144 /leonardo_work/ICT24_ESP/RCMDATA//ERA5/2003/qhum_2003_09.nc
  4.107580495010100E-007  1.339752566388978E-002
      327680 /leonardo_work/ICT24_ESP/RCMDATA//ERA5/2003/uwnd_2003_09.nc
  3.654602105731797E-003   38.5649146423065     
      393216 /leonardo_work/ICT24_ESP/RCMDATA//ERA5/2003/vwnd_2003_09.nc
  3.600799698854609E-003   10.0347215117717     
 READ IN fields at DATE: 2003-09-01 00:00:00 UTC        
 Input ready at : Thu Jan 16 04:59:30 2025
 Successfully completed ICBC
icbc script complete
