
  This is icbc part of the RegCM version 5
   SVN Revision: 5.0.1 compiled at: data : Dec 03 2024  time: 16:32:23

 : this run start at    : 2025-01-15 00:13:42+0100
 : it is submitted by   : mdasilva
 : it is running on     : lrdn4180.leonardo.local
 : in directory         : 
 /leonardo/home/userexternal/mdasilva/github_projects/shell/ictp/regcm_exp/corde
 x5
                       
 Using Moloch non-hydrostatic dynamical core
 GLOBIDATE1 :  1999-06-01 00:00:00 UTC        
 GLOBIDATE2 :  1999-07-01 00:00:00 UTC        
 NSTEPS     :          121
 Computing weights, R =      38.89632416 .......... Done.
 Computing weights, R =      38.89632416 .......... Done.
 Computing weights, R =      38.89632416 .......... Done.
      131072 /leonardo_work/ICT24_ESP/RCMDATA//ERA5/1999/tatm_1999_06.nc
  2.224702014171891E-003   251.754571547919     
      196608 /leonardo_work/ICT24_ESP/RCMDATA//ERA5/1999/geop_1999_06.nc
   7.58666095469077        243777.442997648     
      262144 /leonardo_work/ICT24_ESP/RCMDATA//ERA5/1999/qhum_1999_06.nc
  4.453967428027097E-007  1.457935261492017E-002
      327680 /leonardo_work/ICT24_ESP/RCMDATA//ERA5/1999/uwnd_1999_06.nc
  3.926707669659871E-003   57.3220341437238     
      393216 /leonardo_work/ICT24_ESP/RCMDATA//ERA5/1999/vwnd_1999_06.nc
  2.580236712279619E-003   3.62010117803058     
 READ IN fields at DATE: 1999-06-01 00:00:00 UTC        
 READ IN fields at DATE: 1999-06-01 06:00:00 UTC        
 READ IN fields at DATE: 1999-06-01 12:00:00 UTC        
 READ IN fields at DATE: 1999-06-01 18:00:00 UTC        
 READ IN fields at DATE: 1999-06-02 00:00:00 UTC        
 READ IN fields at DATE: 1999-06-02 06:00:00 UTC        
 READ IN fields at DATE: 1999-06-02 12:00:00 UTC        
 READ IN fields at DATE: 1999-06-02 18:00:00 UTC        
 READ IN fields at DATE: 1999-06-03 00:00:00 UTC        
 READ IN fields at DATE: 1999-06-03 06:00:00 UTC        
 READ IN fields at DATE: 1999-06-03 12:00:00 UTC        
 READ IN fields at DATE: 1999-06-03 18:00:00 UTC        
 READ IN fields at DATE: 1999-06-04 00:00:00 UTC        
 READ IN fields at DATE: 1999-06-04 06:00:00 UTC        
 READ IN fields at DATE: 1999-06-04 12:00:00 UTC        
 READ IN fields at DATE: 1999-06-04 18:00:00 UTC        
 READ IN fields at DATE: 1999-06-05 00:00:00 UTC        
 READ IN fields at DATE: 1999-06-05 06:00:00 UTC        
 READ IN fields at DATE: 1999-06-05 12:00:00 UTC        
 READ IN fields at DATE: 1999-06-05 18:00:00 UTC        
 READ IN fields at DATE: 1999-06-06 00:00:00 UTC        
 READ IN fields at DATE: 1999-06-06 06:00:00 UTC        
 READ IN fields at DATE: 1999-06-06 12:00:00 UTC        
 READ IN fields at DATE: 1999-06-06 18:00:00 UTC        
 READ IN fields at DATE: 1999-06-07 00:00:00 UTC        
 READ IN fields at DATE: 1999-06-07 06:00:00 UTC        
 READ IN fields at DATE: 1999-06-07 12:00:00 UTC        
 READ IN fields at DATE: 1999-06-07 18:00:00 UTC        
 READ IN fields at DATE: 1999-06-08 00:00:00 UTC        
 READ IN fields at DATE: 1999-06-08 06:00:00 UTC        
 READ IN fields at DATE: 1999-06-08 12:00:00 UTC        
 READ IN fields at DATE: 1999-06-08 18:00:00 UTC        
 READ IN fields at DATE: 1999-06-09 00:00:00 UTC        
 READ IN fields at DATE: 1999-06-09 06:00:00 UTC        
 READ IN fields at DATE: 1999-06-09 12:00:00 UTC        
 READ IN fields at DATE: 1999-06-09 18:00:00 UTC        
 READ IN fields at DATE: 1999-06-10 00:00:00 UTC        
 READ IN fields at DATE: 1999-06-10 06:00:00 UTC        
 READ IN fields at DATE: 1999-06-10 12:00:00 UTC        
 READ IN fields at DATE: 1999-06-10 18:00:00 UTC        
 READ IN fields at DATE: 1999-06-11 00:00:00 UTC        
 READ IN fields at DATE: 1999-06-11 06:00:00 UTC        
 READ IN fields at DATE: 1999-06-11 12:00:00 UTC        
 READ IN fields at DATE: 1999-06-11 18:00:00 UTC        
 READ IN fields at DATE: 1999-06-12 00:00:00 UTC        
 READ IN fields at DATE: 1999-06-12 06:00:00 UTC        
 READ IN fields at DATE: 1999-06-12 12:00:00 UTC        
 READ IN fields at DATE: 1999-06-12 18:00:00 UTC        
 READ IN fields at DATE: 1999-06-13 00:00:00 UTC        
 READ IN fields at DATE: 1999-06-13 06:00:00 UTC        
 READ IN fields at DATE: 1999-06-13 12:00:00 UTC        
 READ IN fields at DATE: 1999-06-13 18:00:00 UTC        
 READ IN fields at DATE: 1999-06-14 00:00:00 UTC        
 READ IN fields at DATE: 1999-06-14 06:00:00 UTC        
 READ IN fields at DATE: 1999-06-14 12:00:00 UTC        
 READ IN fields at DATE: 1999-06-14 18:00:00 UTC        
 READ IN fields at DATE: 1999-06-15 00:00:00 UTC        
 READ IN fields at DATE: 1999-06-15 06:00:00 UTC        
 READ IN fields at DATE: 1999-06-15 12:00:00 UTC        
 READ IN fields at DATE: 1999-06-15 18:00:00 UTC        
 READ IN fields at DATE: 1999-06-16 00:00:00 UTC        
 READ IN fields at DATE: 1999-06-16 06:00:00 UTC        
 READ IN fields at DATE: 1999-06-16 12:00:00 UTC        
 READ IN fields at DATE: 1999-06-16 18:00:00 UTC        
 READ IN fields at DATE: 1999-06-17 00:00:00 UTC        
 READ IN fields at DATE: 1999-06-17 06:00:00 UTC        
 READ IN fields at DATE: 1999-06-17 12:00:00 UTC        
 READ IN fields at DATE: 1999-06-17 18:00:00 UTC        
 READ IN fields at DATE: 1999-06-18 00:00:00 UTC        
 READ IN fields at DATE: 1999-06-18 06:00:00 UTC        
 READ IN fields at DATE: 1999-06-18 12:00:00 UTC        
 READ IN fields at DATE: 1999-06-18 18:00:00 UTC        
 READ IN fields at DATE: 1999-06-19 00:00:00 UTC        
 READ IN fields at DATE: 1999-06-19 06:00:00 UTC        
 READ IN fields at DATE: 1999-06-19 12:00:00 UTC        
 READ IN fields at DATE: 1999-06-19 18:00:00 UTC        
 READ IN fields at DATE: 1999-06-20 00:00:00 UTC        
 READ IN fields at DATE: 1999-06-20 06:00:00 UTC        
 READ IN fields at DATE: 1999-06-20 12:00:00 UTC        
 READ IN fields at DATE: 1999-06-20 18:00:00 UTC        
 READ IN fields at DATE: 1999-06-21 00:00:00 UTC        
 READ IN fields at DATE: 1999-06-21 06:00:00 UTC        
 READ IN fields at DATE: 1999-06-21 12:00:00 UTC        
 READ IN fields at DATE: 1999-06-21 18:00:00 UTC        
 READ IN fields at DATE: 1999-06-22 00:00:00 UTC        
 READ IN fields at DATE: 1999-06-22 06:00:00 UTC        
 READ IN fields at DATE: 1999-06-22 12:00:00 UTC        
 READ IN fields at DATE: 1999-06-22 18:00:00 UTC        
 READ IN fields at DATE: 1999-06-23 00:00:00 UTC        
 READ IN fields at DATE: 1999-06-23 06:00:00 UTC        
 READ IN fields at DATE: 1999-06-23 12:00:00 UTC        
 READ IN fields at DATE: 1999-06-23 18:00:00 UTC        
 READ IN fields at DATE: 1999-06-24 00:00:00 UTC        
 READ IN fields at DATE: 1999-06-24 06:00:00 UTC        
 READ IN fields at DATE: 1999-06-24 12:00:00 UTC        
 READ IN fields at DATE: 1999-06-24 18:00:00 UTC        
 READ IN fields at DATE: 1999-06-25 00:00:00 UTC        
 READ IN fields at DATE: 1999-06-25 06:00:00 UTC        
 READ IN fields at DATE: 1999-06-25 12:00:00 UTC        
 READ IN fields at DATE: 1999-06-25 18:00:00 UTC        
 READ IN fields at DATE: 1999-06-26 00:00:00 UTC        
 READ IN fields at DATE: 1999-06-26 06:00:00 UTC        
 READ IN fields at DATE: 1999-06-26 12:00:00 UTC        
 READ IN fields at DATE: 1999-06-26 18:00:00 UTC        
 READ IN fields at DATE: 1999-06-27 00:00:00 UTC        
 READ IN fields at DATE: 1999-06-27 06:00:00 UTC        
 READ IN fields at DATE: 1999-06-27 12:00:00 UTC        
 READ IN fields at DATE: 1999-06-27 18:00:00 UTC        
 READ IN fields at DATE: 1999-06-28 00:00:00 UTC        
 READ IN fields at DATE: 1999-06-28 06:00:00 UTC        
 READ IN fields at DATE: 1999-06-28 12:00:00 UTC        
 READ IN fields at DATE: 1999-06-28 18:00:00 UTC        
 READ IN fields at DATE: 1999-06-29 00:00:00 UTC        
 READ IN fields at DATE: 1999-06-29 06:00:00 UTC        
 READ IN fields at DATE: 1999-06-29 12:00:00 UTC        
 READ IN fields at DATE: 1999-06-29 18:00:00 UTC        
 READ IN fields at DATE: 1999-06-30 00:00:00 UTC        
 READ IN fields at DATE: 1999-06-30 06:00:00 UTC        
 READ IN fields at DATE: 1999-06-30 12:00:00 UTC        
 READ IN fields at DATE: 1999-06-30 18:00:00 UTC        
      131072 /leonardo_work/ICT24_ESP/RCMDATA//ERA5/1999/tatm_1999_07.nc
  2.305997390657426E-003   249.739462846031     
      196608 /leonardo_work/ICT24_ESP/RCMDATA//ERA5/1999/geop_1999_07.nc
   7.60647361110051        243331.804185069     
      262144 /leonardo_work/ICT24_ESP/RCMDATA//ERA5/1999/qhum_1999_07.nc
  4.554324267817369E-007  1.489053850843952E-002
      327680 /leonardo_work/ICT24_ESP/RCMDATA//ERA5/1999/uwnd_1999_07.nc
  4.392969583385589E-003   64.4795921504622     
      393216 /leonardo_work/ICT24_ESP/RCMDATA//ERA5/1999/vwnd_1999_07.nc
  3.146660900373547E-003  -13.5588777127744     
 READ IN fields at DATE: 1999-07-01 00:00:00 UTC        
 Input ready at : Wed Jan 15 00:41:56 2025
 Successfully completed ICBC
icbc script complete
