
  This is icbc part of the RegCM version 5
   SVN Revision: 5.0.1 compiled at: data : Dec 03 2024  time: 16:32:23

 : this run start at    : 2025-01-16 07:14:55+0100
 : it is submitted by   : mdasilva
 : it is running on     : lrdn3459.leonardo.local
 : in directory         : 
 /leonardo/home/userexternal/mdasilva/github_projects/shell/ictp/regcm_exp/corde
 x5
                       
 Using Moloch non-hydrostatic dynamical core
 GLOBIDATE1 :  2004-01-01 00:00:00 UTC        
 GLOBIDATE2 :  2004-02-01 00:00:00 UTC        
 NSTEPS     :          125
 Computing weights, R =      38.89632416 .......... Done.
 Computing weights, R =      38.89632416 .......... Done.
 Computing weights, R =      38.89632416 .......... Done.
      131072 /leonardo_work/ICT24_ESP/RCMDATA//ERA5/2004/tatm_2004_01.nc
  2.180139448693192E-003   247.640900591897     
      196608 /leonardo_work/ICT24_ESP/RCMDATA//ERA5/2004/geop_2004_01.nc
   7.61616731980453        244574.607931965     
      262144 /leonardo_work/ICT24_ESP/RCMDATA//ERA5/2004/qhum_2004_01.nc
  3.877402478915290E-007  1.262063069365872E-002
      327680 /leonardo_work/ICT24_ESP/RCMDATA//ERA5/2004/uwnd_2004_01.nc
  4.369208827011534E-003   23.8285038721490     
      393216 /leonardo_work/ICT24_ESP/RCMDATA//ERA5/2004/vwnd_2004_01.nc
  3.665007550689514E-003  -6.87621452281831     
 READ IN fields at DATE: 2004-01-01 00:00:00 UTC        
 READ IN fields at DATE: 2004-01-01 06:00:00 UTC        
 READ IN fields at DATE: 2004-01-01 12:00:00 UTC        
 READ IN fields at DATE: 2004-01-01 18:00:00 UTC        
 READ IN fields at DATE: 2004-01-02 00:00:00 UTC        
 READ IN fields at DATE: 2004-01-02 06:00:00 UTC        
 READ IN fields at DATE: 2004-01-02 12:00:00 UTC        
 READ IN fields at DATE: 2004-01-02 18:00:00 UTC        
 READ IN fields at DATE: 2004-01-03 00:00:00 UTC        
 READ IN fields at DATE: 2004-01-03 06:00:00 UTC        
 READ IN fields at DATE: 2004-01-03 12:00:00 UTC        
 READ IN fields at DATE: 2004-01-03 18:00:00 UTC        
 READ IN fields at DATE: 2004-01-04 00:00:00 UTC        
 READ IN fields at DATE: 2004-01-04 06:00:00 UTC        
 READ IN fields at DATE: 2004-01-04 12:00:00 UTC        
 READ IN fields at DATE: 2004-01-04 18:00:00 UTC        
 READ IN fields at DATE: 2004-01-05 00:00:00 UTC        
 READ IN fields at DATE: 2004-01-05 06:00:00 UTC        
 READ IN fields at DATE: 2004-01-05 12:00:00 UTC        
 READ IN fields at DATE: 2004-01-05 18:00:00 UTC        
 READ IN fields at DATE: 2004-01-06 00:00:00 UTC        
 READ IN fields at DATE: 2004-01-06 06:00:00 UTC        
 READ IN fields at DATE: 2004-01-06 12:00:00 UTC        
 READ IN fields at DATE: 2004-01-06 18:00:00 UTC        
 READ IN fields at DATE: 2004-01-07 00:00:00 UTC        
 READ IN fields at DATE: 2004-01-07 06:00:00 UTC        
 READ IN fields at DATE: 2004-01-07 12:00:00 UTC        
 READ IN fields at DATE: 2004-01-07 18:00:00 UTC        
 READ IN fields at DATE: 2004-01-08 00:00:00 UTC        
 READ IN fields at DATE: 2004-01-08 06:00:00 UTC        
 READ IN fields at DATE: 2004-01-08 12:00:00 UTC        
 READ IN fields at DATE: 2004-01-08 18:00:00 UTC        
 READ IN fields at DATE: 2004-01-09 00:00:00 UTC        
 READ IN fields at DATE: 2004-01-09 06:00:00 UTC        
 READ IN fields at DATE: 2004-01-09 12:00:00 UTC        
 READ IN fields at DATE: 2004-01-09 18:00:00 UTC        
 READ IN fields at DATE: 2004-01-10 00:00:00 UTC        
 READ IN fields at DATE: 2004-01-10 06:00:00 UTC        
 READ IN fields at DATE: 2004-01-10 12:00:00 UTC        
 READ IN fields at DATE: 2004-01-10 18:00:00 UTC        
 READ IN fields at DATE: 2004-01-11 00:00:00 UTC        
 READ IN fields at DATE: 2004-01-11 06:00:00 UTC        
 READ IN fields at DATE: 2004-01-11 12:00:00 UTC        
 READ IN fields at DATE: 2004-01-11 18:00:00 UTC        
 READ IN fields at DATE: 2004-01-12 00:00:00 UTC        
 READ IN fields at DATE: 2004-01-12 06:00:00 UTC        
 READ IN fields at DATE: 2004-01-12 12:00:00 UTC        
 READ IN fields at DATE: 2004-01-12 18:00:00 UTC        
 READ IN fields at DATE: 2004-01-13 00:00:00 UTC        
 READ IN fields at DATE: 2004-01-13 06:00:00 UTC        
 READ IN fields at DATE: 2004-01-13 12:00:00 UTC        
 READ IN fields at DATE: 2004-01-13 18:00:00 UTC        
 READ IN fields at DATE: 2004-01-14 00:00:00 UTC        
 READ IN fields at DATE: 2004-01-14 06:00:00 UTC        
 READ IN fields at DATE: 2004-01-14 12:00:00 UTC        
 READ IN fields at DATE: 2004-01-14 18:00:00 UTC        
 READ IN fields at DATE: 2004-01-15 00:00:00 UTC        
 READ IN fields at DATE: 2004-01-15 06:00:00 UTC        
 READ IN fields at DATE: 2004-01-15 12:00:00 UTC        
 READ IN fields at DATE: 2004-01-15 18:00:00 UTC        
 READ IN fields at DATE: 2004-01-16 00:00:00 UTC        
 READ IN fields at DATE: 2004-01-16 06:00:00 UTC        
 READ IN fields at DATE: 2004-01-16 12:00:00 UTC        
 READ IN fields at DATE: 2004-01-16 18:00:00 UTC        
 READ IN fields at DATE: 2004-01-17 00:00:00 UTC        
 READ IN fields at DATE: 2004-01-17 06:00:00 UTC        
 READ IN fields at DATE: 2004-01-17 12:00:00 UTC        
 READ IN fields at DATE: 2004-01-17 18:00:00 UTC        
 READ IN fields at DATE: 2004-01-18 00:00:00 UTC        
 READ IN fields at DATE: 2004-01-18 06:00:00 UTC        
 READ IN fields at DATE: 2004-01-18 12:00:00 UTC        
 READ IN fields at DATE: 2004-01-18 18:00:00 UTC        
 READ IN fields at DATE: 2004-01-19 00:00:00 UTC        
 READ IN fields at DATE: 2004-01-19 06:00:00 UTC        
 READ IN fields at DATE: 2004-01-19 12:00:00 UTC        
 READ IN fields at DATE: 2004-01-19 18:00:00 UTC        
 READ IN fields at DATE: 2004-01-20 00:00:00 UTC        
 READ IN fields at DATE: 2004-01-20 06:00:00 UTC        
 READ IN fields at DATE: 2004-01-20 12:00:00 UTC        
 READ IN fields at DATE: 2004-01-20 18:00:00 UTC        
 READ IN fields at DATE: 2004-01-21 00:00:00 UTC        
 READ IN fields at DATE: 2004-01-21 06:00:00 UTC        
 READ IN fields at DATE: 2004-01-21 12:00:00 UTC        
 READ IN fields at DATE: 2004-01-21 18:00:00 UTC        
 READ IN fields at DATE: 2004-01-22 00:00:00 UTC        
 READ IN fields at DATE: 2004-01-22 06:00:00 UTC        
 READ IN fields at DATE: 2004-01-22 12:00:00 UTC        
 READ IN fields at DATE: 2004-01-22 18:00:00 UTC        
 READ IN fields at DATE: 2004-01-23 00:00:00 UTC        
 READ IN fields at DATE: 2004-01-23 06:00:00 UTC        
 READ IN fields at DATE: 2004-01-23 12:00:00 UTC        
 READ IN fields at DATE: 2004-01-23 18:00:00 UTC        
 READ IN fields at DATE: 2004-01-24 00:00:00 UTC        
 READ IN fields at DATE: 2004-01-24 06:00:00 UTC        
 READ IN fields at DATE: 2004-01-24 12:00:00 UTC        
 READ IN fields at DATE: 2004-01-24 18:00:00 UTC        
 READ IN fields at DATE: 2004-01-25 00:00:00 UTC        
 READ IN fields at DATE: 2004-01-25 06:00:00 UTC        
 READ IN fields at DATE: 2004-01-25 12:00:00 UTC        
 READ IN fields at DATE: 2004-01-25 18:00:00 UTC        
 READ IN fields at DATE: 2004-01-26 00:00:00 UTC        
 READ IN fields at DATE: 2004-01-26 06:00:00 UTC        
 READ IN fields at DATE: 2004-01-26 12:00:00 UTC        
 READ IN fields at DATE: 2004-01-26 18:00:00 UTC        
 READ IN fields at DATE: 2004-01-27 00:00:00 UTC        
 READ IN fields at DATE: 2004-01-27 06:00:00 UTC        
 READ IN fields at DATE: 2004-01-27 12:00:00 UTC        
 READ IN fields at DATE: 2004-01-27 18:00:00 UTC        
 READ IN fields at DATE: 2004-01-28 00:00:00 UTC        
 READ IN fields at DATE: 2004-01-28 06:00:00 UTC        
 READ IN fields at DATE: 2004-01-28 12:00:00 UTC        
 READ IN fields at DATE: 2004-01-28 18:00:00 UTC        
 READ IN fields at DATE: 2004-01-29 00:00:00 UTC        
 READ IN fields at DATE: 2004-01-29 06:00:00 UTC        
 READ IN fields at DATE: 2004-01-29 12:00:00 UTC        
 READ IN fields at DATE: 2004-01-29 18:00:00 UTC        
 READ IN fields at DATE: 2004-01-30 00:00:00 UTC        
 READ IN fields at DATE: 2004-01-30 06:00:00 UTC        
 READ IN fields at DATE: 2004-01-30 12:00:00 UTC        
 READ IN fields at DATE: 2004-01-30 18:00:00 UTC        
 READ IN fields at DATE: 2004-01-31 00:00:00 UTC        
 READ IN fields at DATE: 2004-01-31 06:00:00 UTC        
 READ IN fields at DATE: 2004-01-31 12:00:00 UTC        
 READ IN fields at DATE: 2004-01-31 18:00:00 UTC        
      131072 /leonardo_work/ICT24_ESP/RCMDATA//ERA5/2004/tatm_2004_02.nc
  2.158583000927848E-003   248.939022332035     
      196608 /leonardo_work/ICT24_ESP/RCMDATA//ERA5/2004/geop_2004_02.nc
   7.51259551485511        241144.345264743     
      262144 /leonardo_work/ICT24_ESP/RCMDATA//ERA5/2004/qhum_2004_02.nc
  4.014100103550088E-007  1.309266136605679E-002
      327680 /leonardo_work/ICT24_ESP/RCMDATA//ERA5/2004/uwnd_2004_02.nc
  4.332471824861257E-003   42.3270650262946     
      393216 /leonardo_work/ICT24_ESP/RCMDATA//ERA5/2004/vwnd_2004_02.nc
  3.742074994808198E-003  -17.8457125902318     
 READ IN fields at DATE: 2004-02-01 00:00:00 UTC        
 Input ready at : Thu Jan 16 07:49:43 2025
 Successfully completed ICBC
icbc script complete
