
  This is icbc part of the RegCM version 5
   SVN Revision: 5.0.1 compiled at: data : Dec 03 2024  time: 16:32:23

 : this run start at    : 2025-01-15 01:13:31+0100
 : it is submitted by   : mdasilva
 : it is running on     : lrdn4177.leonardo.local
 : in directory         : 
 /leonardo/home/userexternal/mdasilva/github_projects/shell/ictp/regcm_exp/corde
 x5
                       
 Using Moloch non-hydrostatic dynamical core
 GLOBIDATE1 :  1999-08-01 00:00:00 UTC        
 GLOBIDATE2 :  1999-09-01 00:00:00 UTC        
 NSTEPS     :          125
 Computing weights, R =      38.89632416 .......... Done.
 Computing weights, R =      38.89632416 .......... Done.
 Computing weights, R =      38.89632416 .......... Done.
      131072 /leonardo_work/ICT24_ESP/RCMDATA//ERA5/1999/tatm_1999_08.nc
  2.307087320793412E-003   249.426252767375     
      196608 /leonardo_work/ICT24_ESP/RCMDATA//ERA5/1999/geop_1999_08.nc
   7.54513804113958        241564.586805979     
      262144 /leonardo_work/ICT24_ESP/RCMDATA//ERA5/1999/qhum_1999_08.nc
  4.673664575705560E-007  1.528534364076471E-002
      327680 /leonardo_work/ICT24_ESP/RCMDATA//ERA5/1999/uwnd_1999_08.nc
  3.862194097195068E-003   58.0189124088108     
      393216 /leonardo_work/ICT24_ESP/RCMDATA//ERA5/1999/vwnd_1999_08.nc
  2.910980098409389E-003  -1.61247843926795     
 READ IN fields at DATE: 1999-08-01 00:00:00 UTC        
 READ IN fields at DATE: 1999-08-01 06:00:00 UTC        
 READ IN fields at DATE: 1999-08-01 12:00:00 UTC        
 READ IN fields at DATE: 1999-08-01 18:00:00 UTC        
 READ IN fields at DATE: 1999-08-02 00:00:00 UTC        
 READ IN fields at DATE: 1999-08-02 06:00:00 UTC        
 READ IN fields at DATE: 1999-08-02 12:00:00 UTC        
 READ IN fields at DATE: 1999-08-02 18:00:00 UTC        
 READ IN fields at DATE: 1999-08-03 00:00:00 UTC        
 READ IN fields at DATE: 1999-08-03 06:00:00 UTC        
 READ IN fields at DATE: 1999-08-03 12:00:00 UTC        
 READ IN fields at DATE: 1999-08-03 18:00:00 UTC        
 READ IN fields at DATE: 1999-08-04 00:00:00 UTC        
 READ IN fields at DATE: 1999-08-04 06:00:00 UTC        
 READ IN fields at DATE: 1999-08-04 12:00:00 UTC        
 READ IN fields at DATE: 1999-08-04 18:00:00 UTC        
 READ IN fields at DATE: 1999-08-05 00:00:00 UTC        
 READ IN fields at DATE: 1999-08-05 06:00:00 UTC        
 READ IN fields at DATE: 1999-08-05 12:00:00 UTC        
 READ IN fields at DATE: 1999-08-05 18:00:00 UTC        
 READ IN fields at DATE: 1999-08-06 00:00:00 UTC        
 READ IN fields at DATE: 1999-08-06 06:00:00 UTC        
 READ IN fields at DATE: 1999-08-06 12:00:00 UTC        
 READ IN fields at DATE: 1999-08-06 18:00:00 UTC        
 READ IN fields at DATE: 1999-08-07 00:00:00 UTC        
 READ IN fields at DATE: 1999-08-07 06:00:00 UTC        
 READ IN fields at DATE: 1999-08-07 12:00:00 UTC        
 READ IN fields at DATE: 1999-08-07 18:00:00 UTC        
 READ IN fields at DATE: 1999-08-08 00:00:00 UTC        
 READ IN fields at DATE: 1999-08-08 06:00:00 UTC        
 READ IN fields at DATE: 1999-08-08 12:00:00 UTC        
 READ IN fields at DATE: 1999-08-08 18:00:00 UTC        
 READ IN fields at DATE: 1999-08-09 00:00:00 UTC        
 READ IN fields at DATE: 1999-08-09 06:00:00 UTC        
 READ IN fields at DATE: 1999-08-09 12:00:00 UTC        
 READ IN fields at DATE: 1999-08-09 18:00:00 UTC        
 READ IN fields at DATE: 1999-08-10 00:00:00 UTC        
 READ IN fields at DATE: 1999-08-10 06:00:00 UTC        
 READ IN fields at DATE: 1999-08-10 12:00:00 UTC        
 READ IN fields at DATE: 1999-08-10 18:00:00 UTC        
 READ IN fields at DATE: 1999-08-11 00:00:00 UTC        
 READ IN fields at DATE: 1999-08-11 06:00:00 UTC        
 READ IN fields at DATE: 1999-08-11 12:00:00 UTC        
 READ IN fields at DATE: 1999-08-11 18:00:00 UTC        
 READ IN fields at DATE: 1999-08-12 00:00:00 UTC        
 READ IN fields at DATE: 1999-08-12 06:00:00 UTC        
 READ IN fields at DATE: 1999-08-12 12:00:00 UTC        
 READ IN fields at DATE: 1999-08-12 18:00:00 UTC        
 READ IN fields at DATE: 1999-08-13 00:00:00 UTC        
 READ IN fields at DATE: 1999-08-13 06:00:00 UTC        
 READ IN fields at DATE: 1999-08-13 12:00:00 UTC        
 READ IN fields at DATE: 1999-08-13 18:00:00 UTC        
 READ IN fields at DATE: 1999-08-14 00:00:00 UTC        
 READ IN fields at DATE: 1999-08-14 06:00:00 UTC        
 READ IN fields at DATE: 1999-08-14 12:00:00 UTC        
 READ IN fields at DATE: 1999-08-14 18:00:00 UTC        
 READ IN fields at DATE: 1999-08-15 00:00:00 UTC        
 READ IN fields at DATE: 1999-08-15 06:00:00 UTC        
 READ IN fields at DATE: 1999-08-15 12:00:00 UTC        
 READ IN fields at DATE: 1999-08-15 18:00:00 UTC        
 READ IN fields at DATE: 1999-08-16 00:00:00 UTC        
 READ IN fields at DATE: 1999-08-16 06:00:00 UTC        
 READ IN fields at DATE: 1999-08-16 12:00:00 UTC        
 READ IN fields at DATE: 1999-08-16 18:00:00 UTC        
 READ IN fields at DATE: 1999-08-17 00:00:00 UTC        
 READ IN fields at DATE: 1999-08-17 06:00:00 UTC        
 READ IN fields at DATE: 1999-08-17 12:00:00 UTC        
 READ IN fields at DATE: 1999-08-17 18:00:00 UTC        
 READ IN fields at DATE: 1999-08-18 00:00:00 UTC        
 READ IN fields at DATE: 1999-08-18 06:00:00 UTC        
 READ IN fields at DATE: 1999-08-18 12:00:00 UTC        
 READ IN fields at DATE: 1999-08-18 18:00:00 UTC        
 READ IN fields at DATE: 1999-08-19 00:00:00 UTC        
 READ IN fields at DATE: 1999-08-19 06:00:00 UTC        
 READ IN fields at DATE: 1999-08-19 12:00:00 UTC        
 READ IN fields at DATE: 1999-08-19 18:00:00 UTC        
 READ IN fields at DATE: 1999-08-20 00:00:00 UTC        
 READ IN fields at DATE: 1999-08-20 06:00:00 UTC        
 READ IN fields at DATE: 1999-08-20 12:00:00 UTC        
 READ IN fields at DATE: 1999-08-20 18:00:00 UTC        
 READ IN fields at DATE: 1999-08-21 00:00:00 UTC        
 READ IN fields at DATE: 1999-08-21 06:00:00 UTC        
 READ IN fields at DATE: 1999-08-21 12:00:00 UTC        
 READ IN fields at DATE: 1999-08-21 18:00:00 UTC        
 READ IN fields at DATE: 1999-08-22 00:00:00 UTC        
 READ IN fields at DATE: 1999-08-22 06:00:00 UTC        
 READ IN fields at DATE: 1999-08-22 12:00:00 UTC        
 READ IN fields at DATE: 1999-08-22 18:00:00 UTC        
 READ IN fields at DATE: 1999-08-23 00:00:00 UTC        
 READ IN fields at DATE: 1999-08-23 06:00:00 UTC        
 READ IN fields at DATE: 1999-08-23 12:00:00 UTC        
 READ IN fields at DATE: 1999-08-23 18:00:00 UTC        
 READ IN fields at DATE: 1999-08-24 00:00:00 UTC        
 READ IN fields at DATE: 1999-08-24 06:00:00 UTC        
 READ IN fields at DATE: 1999-08-24 12:00:00 UTC        
 READ IN fields at DATE: 1999-08-24 18:00:00 UTC        
 READ IN fields at DATE: 1999-08-25 00:00:00 UTC        
 READ IN fields at DATE: 1999-08-25 06:00:00 UTC        
 READ IN fields at DATE: 1999-08-25 12:00:00 UTC        
 READ IN fields at DATE: 1999-08-25 18:00:00 UTC        
 READ IN fields at DATE: 1999-08-26 00:00:00 UTC        
 READ IN fields at DATE: 1999-08-26 06:00:00 UTC        
 READ IN fields at DATE: 1999-08-26 12:00:00 UTC        
 READ IN fields at DATE: 1999-08-26 18:00:00 UTC        
 READ IN fields at DATE: 1999-08-27 00:00:00 UTC        
 READ IN fields at DATE: 1999-08-27 06:00:00 UTC        
 READ IN fields at DATE: 1999-08-27 12:00:00 UTC        
 READ IN fields at DATE: 1999-08-27 18:00:00 UTC        
 READ IN fields at DATE: 1999-08-28 00:00:00 UTC        
 READ IN fields at DATE: 1999-08-28 06:00:00 UTC        
 READ IN fields at DATE: 1999-08-28 12:00:00 UTC        
 READ IN fields at DATE: 1999-08-28 18:00:00 UTC        
 READ IN fields at DATE: 1999-08-29 00:00:00 UTC        
 READ IN fields at DATE: 1999-08-29 06:00:00 UTC        
 READ IN fields at DATE: 1999-08-29 12:00:00 UTC        
 READ IN fields at DATE: 1999-08-29 18:00:00 UTC        
 READ IN fields at DATE: 1999-08-30 00:00:00 UTC        
 READ IN fields at DATE: 1999-08-30 06:00:00 UTC        
 READ IN fields at DATE: 1999-08-30 12:00:00 UTC        
 READ IN fields at DATE: 1999-08-30 18:00:00 UTC        
 READ IN fields at DATE: 1999-08-31 00:00:00 UTC        
 READ IN fields at DATE: 1999-08-31 06:00:00 UTC        
 READ IN fields at DATE: 1999-08-31 12:00:00 UTC        
 READ IN fields at DATE: 1999-08-31 18:00:00 UTC        
      131072 /leonardo_work/ICT24_ESP/RCMDATA//ERA5/1999/tatm_1999_09.nc
  2.252949855282238E-003   247.100748830248     
      196608 /leonardo_work/ICT24_ESP/RCMDATA//ERA5/1999/geop_1999_09.nc
   7.36361743558589        235038.222488157     
      262144 /leonardo_work/ICT24_ESP/RCMDATA//ERA5/1999/qhum_1999_09.nc
  4.327079422445061E-007  1.413967141415290E-002
      327680 /leonardo_work/ICT24_ESP/RCMDATA//ERA5/1999/uwnd_1999_09.nc
  3.518361537257470E-003   34.5135453846611     
      393216 /leonardo_work/ICT24_ESP/RCMDATA//ERA5/1999/vwnd_1999_09.nc
  2.896817060515432E-003   3.03011439664552     
 READ IN fields at DATE: 1999-09-01 00:00:00 UTC        
 Input ready at : Wed Jan 15 01:39:23 2025
 Successfully completed ICBC
icbc script complete
