
  This is icbc part of the RegCM version 5
   SVN Revision: 5.0.1 compiled at: data : Dec 03 2024  time: 16:32:23

 : this run start at    : 2025-01-15 05:13:40+0100
 : it is submitted by   : mdasilva
 : it is running on     : lrdn3824.leonardo.local
 : in directory         : 
 /leonardo/home/userexternal/mdasilva/github_projects/shell/ictp/regcm_exp/corde
 x5
                       
 Using Moloch non-hydrostatic dynamical core
 GLOBIDATE1 :  2000-04-01 00:00:00 UTC        
 GLOBIDATE2 :  2000-05-01 00:00:00 UTC        
 NSTEPS     :          121
 Computing weights, R =      38.89632416 .......... Done.
 Computing weights, R =      38.89632416 .......... Done.
 Computing weights, R =      38.89632416 .......... Done.
      131072 /leonardo_work/ICT24_ESP/RCMDATA//ERA5/2000/tatm_2000_04.nc
  2.091477206244731E-003   250.635238135909     
      196608 /leonardo_work/ICT24_ESP/RCMDATA//ERA5/2000/geop_2000_04.nc
   7.32937204585857        234138.778673352     
      262144 /leonardo_work/ICT24_ESP/RCMDATA//ERA5/2000/qhum_2000_04.nc
  3.763535585724261E-007  1.230677111647592E-002
      327680 /leonardo_work/ICT24_ESP/RCMDATA//ERA5/2000/uwnd_2000_04.nc
  2.439939364348200E-003   21.3566601458269     
      393216 /leonardo_work/ICT24_ESP/RCMDATA//ERA5/2000/vwnd_2000_04.nc
  2.674956088365666E-003  -2.10887379396215     
 READ IN fields at DATE: 2000-04-01 00:00:00 UTC        
 READ IN fields at DATE: 2000-04-01 06:00:00 UTC        
 READ IN fields at DATE: 2000-04-01 12:00:00 UTC        
 READ IN fields at DATE: 2000-04-01 18:00:00 UTC        
 READ IN fields at DATE: 2000-04-02 00:00:00 UTC        
 READ IN fields at DATE: 2000-04-02 06:00:00 UTC        
 READ IN fields at DATE: 2000-04-02 12:00:00 UTC        
 READ IN fields at DATE: 2000-04-02 18:00:00 UTC        
 READ IN fields at DATE: 2000-04-03 00:00:00 UTC        
 READ IN fields at DATE: 2000-04-03 06:00:00 UTC        
 READ IN fields at DATE: 2000-04-03 12:00:00 UTC        
 READ IN fields at DATE: 2000-04-03 18:00:00 UTC        
 READ IN fields at DATE: 2000-04-04 00:00:00 UTC        
 READ IN fields at DATE: 2000-04-04 06:00:00 UTC        
 READ IN fields at DATE: 2000-04-04 12:00:00 UTC        
 READ IN fields at DATE: 2000-04-04 18:00:00 UTC        
 READ IN fields at DATE: 2000-04-05 00:00:00 UTC        
 READ IN fields at DATE: 2000-04-05 06:00:00 UTC        
 READ IN fields at DATE: 2000-04-05 12:00:00 UTC        
 READ IN fields at DATE: 2000-04-05 18:00:00 UTC        
 READ IN fields at DATE: 2000-04-06 00:00:00 UTC        
 READ IN fields at DATE: 2000-04-06 06:00:00 UTC        
 READ IN fields at DATE: 2000-04-06 12:00:00 UTC        
 READ IN fields at DATE: 2000-04-06 18:00:00 UTC        
 READ IN fields at DATE: 2000-04-07 00:00:00 UTC        
 READ IN fields at DATE: 2000-04-07 06:00:00 UTC        
 READ IN fields at DATE: 2000-04-07 12:00:00 UTC        
 READ IN fields at DATE: 2000-04-07 18:00:00 UTC        
 READ IN fields at DATE: 2000-04-08 00:00:00 UTC        
 READ IN fields at DATE: 2000-04-08 06:00:00 UTC        
 READ IN fields at DATE: 2000-04-08 12:00:00 UTC        
 READ IN fields at DATE: 2000-04-08 18:00:00 UTC        
 READ IN fields at DATE: 2000-04-09 00:00:00 UTC        
 READ IN fields at DATE: 2000-04-09 06:00:00 UTC        
 READ IN fields at DATE: 2000-04-09 12:00:00 UTC        
 READ IN fields at DATE: 2000-04-09 18:00:00 UTC        
 READ IN fields at DATE: 2000-04-10 00:00:00 UTC        
 READ IN fields at DATE: 2000-04-10 06:00:00 UTC        
 READ IN fields at DATE: 2000-04-10 12:00:00 UTC        
 READ IN fields at DATE: 2000-04-10 18:00:00 UTC        
 READ IN fields at DATE: 2000-04-11 00:00:00 UTC        
 READ IN fields at DATE: 2000-04-11 06:00:00 UTC        
 READ IN fields at DATE: 2000-04-11 12:00:00 UTC        
 READ IN fields at DATE: 2000-04-11 18:00:00 UTC        
 READ IN fields at DATE: 2000-04-12 00:00:00 UTC        
 READ IN fields at DATE: 2000-04-12 06:00:00 UTC        
 READ IN fields at DATE: 2000-04-12 12:00:00 UTC        
 READ IN fields at DATE: 2000-04-12 18:00:00 UTC        
 READ IN fields at DATE: 2000-04-13 00:00:00 UTC        
 READ IN fields at DATE: 2000-04-13 06:00:00 UTC        
 READ IN fields at DATE: 2000-04-13 12:00:00 UTC        
 READ IN fields at DATE: 2000-04-13 18:00:00 UTC        
 READ IN fields at DATE: 2000-04-14 00:00:00 UTC        
 READ IN fields at DATE: 2000-04-14 06:00:00 UTC        
 READ IN fields at DATE: 2000-04-14 12:00:00 UTC        
 READ IN fields at DATE: 2000-04-14 18:00:00 UTC        
 READ IN fields at DATE: 2000-04-15 00:00:00 UTC        
 READ IN fields at DATE: 2000-04-15 06:00:00 UTC        
 READ IN fields at DATE: 2000-04-15 12:00:00 UTC        
 READ IN fields at DATE: 2000-04-15 18:00:00 UTC        
 READ IN fields at DATE: 2000-04-16 00:00:00 UTC        
 READ IN fields at DATE: 2000-04-16 06:00:00 UTC        
 READ IN fields at DATE: 2000-04-16 12:00:00 UTC        
 READ IN fields at DATE: 2000-04-16 18:00:00 UTC        
 READ IN fields at DATE: 2000-04-17 00:00:00 UTC        
 READ IN fields at DATE: 2000-04-17 06:00:00 UTC        
 READ IN fields at DATE: 2000-04-17 12:00:00 UTC        
 READ IN fields at DATE: 2000-04-17 18:00:00 UTC        
 READ IN fields at DATE: 2000-04-18 00:00:00 UTC        
 READ IN fields at DATE: 2000-04-18 06:00:00 UTC        
 READ IN fields at DATE: 2000-04-18 12:00:00 UTC        
 READ IN fields at DATE: 2000-04-18 18:00:00 UTC        
 READ IN fields at DATE: 2000-04-19 00:00:00 UTC        
 READ IN fields at DATE: 2000-04-19 06:00:00 UTC        
 READ IN fields at DATE: 2000-04-19 12:00:00 UTC        
 READ IN fields at DATE: 2000-04-19 18:00:00 UTC        
 READ IN fields at DATE: 2000-04-20 00:00:00 UTC        
 READ IN fields at DATE: 2000-04-20 06:00:00 UTC        
 READ IN fields at DATE: 2000-04-20 12:00:00 UTC        
 READ IN fields at DATE: 2000-04-20 18:00:00 UTC        
 READ IN fields at DATE: 2000-04-21 00:00:00 UTC        
 READ IN fields at DATE: 2000-04-21 06:00:00 UTC        
 READ IN fields at DATE: 2000-04-21 12:00:00 UTC        
 READ IN fields at DATE: 2000-04-21 18:00:00 UTC        
 READ IN fields at DATE: 2000-04-22 00:00:00 UTC        
 READ IN fields at DATE: 2000-04-22 06:00:00 UTC        
 READ IN fields at DATE: 2000-04-22 12:00:00 UTC        
 READ IN fields at DATE: 2000-04-22 18:00:00 UTC        
 READ IN fields at DATE: 2000-04-23 00:00:00 UTC        
 READ IN fields at DATE: 2000-04-23 06:00:00 UTC        
 READ IN fields at DATE: 2000-04-23 12:00:00 UTC        
 READ IN fields at DATE: 2000-04-23 18:00:00 UTC        
 READ IN fields at DATE: 2000-04-24 00:00:00 UTC        
 READ IN fields at DATE: 2000-04-24 06:00:00 UTC        
 READ IN fields at DATE: 2000-04-24 12:00:00 UTC        
 READ IN fields at DATE: 2000-04-24 18:00:00 UTC        
 READ IN fields at DATE: 2000-04-25 00:00:00 UTC        
 READ IN fields at DATE: 2000-04-25 06:00:00 UTC        
 READ IN fields at DATE: 2000-04-25 12:00:00 UTC        
 READ IN fields at DATE: 2000-04-25 18:00:00 UTC        
 READ IN fields at DATE: 2000-04-26 00:00:00 UTC        
 READ IN fields at DATE: 2000-04-26 06:00:00 UTC        
 READ IN fields at DATE: 2000-04-26 12:00:00 UTC        
 READ IN fields at DATE: 2000-04-26 18:00:00 UTC        
 READ IN fields at DATE: 2000-04-27 00:00:00 UTC        
 READ IN fields at DATE: 2000-04-27 06:00:00 UTC        
 READ IN fields at DATE: 2000-04-27 12:00:00 UTC        
 READ IN fields at DATE: 2000-04-27 18:00:00 UTC        
 READ IN fields at DATE: 2000-04-28 00:00:00 UTC        
 READ IN fields at DATE: 2000-04-28 06:00:00 UTC        
 READ IN fields at DATE: 2000-04-28 12:00:00 UTC        
 READ IN fields at DATE: 2000-04-28 18:00:00 UTC        
 READ IN fields at DATE: 2000-04-29 00:00:00 UTC        
 READ IN fields at DATE: 2000-04-29 06:00:00 UTC        
 READ IN fields at DATE: 2000-04-29 12:00:00 UTC        
 READ IN fields at DATE: 2000-04-29 18:00:00 UTC        
 READ IN fields at DATE: 2000-04-30 00:00:00 UTC        
 READ IN fields at DATE: 2000-04-30 06:00:00 UTC        
 READ IN fields at DATE: 2000-04-30 12:00:00 UTC        
 READ IN fields at DATE: 2000-04-30 18:00:00 UTC        
      131072 /leonardo_work/ICT24_ESP/RCMDATA//ERA5/2000/tatm_2000_05.nc
  2.189121301928752E-003   251.619068403216     
      196608 /leonardo_work/ICT24_ESP/RCMDATA//ERA5/2000/geop_2000_05.nc
   7.50505536094410        240199.975987945     
      262144 /leonardo_work/ICT24_ESP/RCMDATA//ERA5/2000/qhum_2000_05.nc
  4.024876311471893E-007  1.315266354284609E-002
      327680 /leonardo_work/ICT24_ESP/RCMDATA//ERA5/2000/uwnd_2000_05.nc
  3.094351006243991E-003   37.9642426194188     
      393216 /leonardo_work/ICT24_ESP/RCMDATA//ERA5/2000/vwnd_2000_05.nc
  2.481952768696926E-003   4.57247423357659     
 READ IN fields at DATE: 2000-05-01 00:00:00 UTC        
 Input ready at : Wed Jan 15 05:48:08 2025
 Successfully completed ICBC
icbc script complete
