
  This is icbc part of the RegCM version 5
   SVN Revision: 5.0.1 compiled at: data : Dec 03 2024  time: 16:32:23

 : this run start at    : 2025-01-17 16:56:39+0100
 : it is submitted by   : mdasilva
 : it is running on     : lrdn4268.leonardo.local
 : in directory         : 
 /leonardo/home/userexternal/mdasilva/github_projects/shell/ictp/regcm_exp/corde
 x5
                       
 Using Moloch non-hydrostatic dynamical core
 GLOBIDATE1 :  2008-11-01 00:00:00 UTC        
 GLOBIDATE2 :  2008-12-01 00:00:00 UTC        
 NSTEPS     :          121
 Computing weights, R =      38.89632416 .......... Done.
 Computing weights, R =      38.89632416 .......... Done.
 Computing weights, R =      38.89632416 .......... Done.
      131072 /leonardo_work/ICT24_ESP/RCMDATA//ERA5/2008/tatm_2008_11.nc
  2.047985477915230E-003   249.741895929136     
      196608 /leonardo_work/ICT24_ESP/RCMDATA//ERA5/2008/geop_2008_11.nc
   7.49347126400058        239457.427092493     
      262144 /leonardo_work/ICT24_ESP/RCMDATA//ERA5/2008/qhum_2008_11.nc
  3.869184447278648E-007  1.266028828225491E-002
      327680 /leonardo_work/ICT24_ESP/RCMDATA//ERA5/2008/uwnd_2008_11.nc
  3.313377135538464E-003   44.4406879769596     
      393216 /leonardo_work/ICT24_ESP/RCMDATA//ERA5/2008/vwnd_2008_11.nc
  3.075680859261746E-003  -8.56309179550776     
 READ IN fields at DATE: 2008-11-01 00:00:00 UTC        
 READ IN fields at DATE: 2008-11-01 06:00:00 UTC        
 READ IN fields at DATE: 2008-11-01 12:00:00 UTC        
 READ IN fields at DATE: 2008-11-01 18:00:00 UTC        
 READ IN fields at DATE: 2008-11-02 00:00:00 UTC        
