
  This is icbc part of the RegCM version 5
   SVN Revision: 5.0.1 compiled at: data : Dec 03 2024  time: 16:32:23

 : this run start at    : 2025-01-15 14:27:23+0100
 : it is submitted by   : mdasilva
 : it is running on     : lrdn3994.leonardo.local
 : in directory         : 
 /leonardo/home/userexternal/mdasilva/github_projects/shell/ictp/regcm_exp/corde
 x5
                       
 Using Moloch non-hydrostatic dynamical core
 GLOBIDATE1 :  2001-08-01 00:00:00 UTC        
 GLOBIDATE2 :  2001-09-01 00:00:00 UTC        
 NSTEPS     :          125
 Computing weights, R =      38.89632416 .......... Done.
 Computing weights, R =      38.89632416 .......... Done.
 Computing weights, R =      38.89632416 .......... Done.
      131072 /leonardo_work/ICT24_ESP/RCMDATA//ERA5/2001/tatm_2001_08.nc
  2.439989643516911E-003   253.890686743459     
      196608 /leonardo_work/ICT24_ESP/RCMDATA//ERA5/2001/geop_2001_08.nc
   7.55253543539133        241245.633888532     
      262144 /leonardo_work/ICT24_ESP/RCMDATA//ERA5/2001/qhum_2001_08.nc
  4.560501107197905E-007  1.489231897430746E-002
      327680 /leonardo_work/ICT24_ESP/RCMDATA//ERA5/2001/uwnd_2001_08.nc
  4.253879270212622E-003   70.7391908093883     
      393216 /leonardo_work/ICT24_ESP/RCMDATA//ERA5/2001/vwnd_2001_08.nc
  2.972311661637195E-003   1.74176183000903     
 READ IN fields at DATE: 2001-08-01 00:00:00 UTC        
 READ IN fields at DATE: 2001-08-01 06:00:00 UTC        
 READ IN fields at DATE: 2001-08-01 12:00:00 UTC        
 READ IN fields at DATE: 2001-08-01 18:00:00 UTC        
 READ IN fields at DATE: 2001-08-02 00:00:00 UTC        
 READ IN fields at DATE: 2001-08-02 06:00:00 UTC        
 READ IN fields at DATE: 2001-08-02 12:00:00 UTC        
 READ IN fields at DATE: 2001-08-02 18:00:00 UTC        
 READ IN fields at DATE: 2001-08-03 00:00:00 UTC        
 READ IN fields at DATE: 2001-08-03 06:00:00 UTC        
 READ IN fields at DATE: 2001-08-03 12:00:00 UTC        
 READ IN fields at DATE: 2001-08-03 18:00:00 UTC        
 READ IN fields at DATE: 2001-08-04 00:00:00 UTC        
 READ IN fields at DATE: 2001-08-04 06:00:00 UTC        
 READ IN fields at DATE: 2001-08-04 12:00:00 UTC        
 READ IN fields at DATE: 2001-08-04 18:00:00 UTC        
 READ IN fields at DATE: 2001-08-05 00:00:00 UTC        
 READ IN fields at DATE: 2001-08-05 06:00:00 UTC        
 READ IN fields at DATE: 2001-08-05 12:00:00 UTC        
 READ IN fields at DATE: 2001-08-05 18:00:00 UTC        
 READ IN fields at DATE: 2001-08-06 00:00:00 UTC        
 READ IN fields at DATE: 2001-08-06 06:00:00 UTC        
 READ IN fields at DATE: 2001-08-06 12:00:00 UTC        
 READ IN fields at DATE: 2001-08-06 18:00:00 UTC        
 READ IN fields at DATE: 2001-08-07 00:00:00 UTC        
 READ IN fields at DATE: 2001-08-07 06:00:00 UTC        
 READ IN fields at DATE: 2001-08-07 12:00:00 UTC        
 READ IN fields at DATE: 2001-08-07 18:00:00 UTC        
 READ IN fields at DATE: 2001-08-08 00:00:00 UTC        
 READ IN fields at DATE: 2001-08-08 06:00:00 UTC        
 READ IN fields at DATE: 2001-08-08 12:00:00 UTC        
 READ IN fields at DATE: 2001-08-08 18:00:00 UTC        
 READ IN fields at DATE: 2001-08-09 00:00:00 UTC        
 READ IN fields at DATE: 2001-08-09 06:00:00 UTC        
 READ IN fields at DATE: 2001-08-09 12:00:00 UTC        
 READ IN fields at DATE: 2001-08-09 18:00:00 UTC        
 READ IN fields at DATE: 2001-08-10 00:00:00 UTC        
 READ IN fields at DATE: 2001-08-10 06:00:00 UTC        
 READ IN fields at DATE: 2001-08-10 12:00:00 UTC        
 READ IN fields at DATE: 2001-08-10 18:00:00 UTC        
 READ IN fields at DATE: 2001-08-11 00:00:00 UTC        
 READ IN fields at DATE: 2001-08-11 06:00:00 UTC        
 READ IN fields at DATE: 2001-08-11 12:00:00 UTC        
 READ IN fields at DATE: 2001-08-11 18:00:00 UTC        
 READ IN fields at DATE: 2001-08-12 00:00:00 UTC        
 READ IN fields at DATE: 2001-08-12 06:00:00 UTC        
 READ IN fields at DATE: 2001-08-12 12:00:00 UTC        
 READ IN fields at DATE: 2001-08-12 18:00:00 UTC        
 READ IN fields at DATE: 2001-08-13 00:00:00 UTC        
 READ IN fields at DATE: 2001-08-13 06:00:00 UTC        
 READ IN fields at DATE: 2001-08-13 12:00:00 UTC        
 READ IN fields at DATE: 2001-08-13 18:00:00 UTC        
 READ IN fields at DATE: 2001-08-14 00:00:00 UTC        
 READ IN fields at DATE: 2001-08-14 06:00:00 UTC        
 READ IN fields at DATE: 2001-08-14 12:00:00 UTC        
 READ IN fields at DATE: 2001-08-14 18:00:00 UTC        
 READ IN fields at DATE: 2001-08-15 00:00:00 UTC        
 READ IN fields at DATE: 2001-08-15 06:00:00 UTC        
 READ IN fields at DATE: 2001-08-15 12:00:00 UTC        
 READ IN fields at DATE: 2001-08-15 18:00:00 UTC        
 READ IN fields at DATE: 2001-08-16 00:00:00 UTC        
 READ IN fields at DATE: 2001-08-16 06:00:00 UTC        
 READ IN fields at DATE: 2001-08-16 12:00:00 UTC        
 READ IN fields at DATE: 2001-08-16 18:00:00 UTC        
 READ IN fields at DATE: 2001-08-17 00:00:00 UTC        
 READ IN fields at DATE: 2001-08-17 06:00:00 UTC        
 READ IN fields at DATE: 2001-08-17 12:00:00 UTC        
 READ IN fields at DATE: 2001-08-17 18:00:00 UTC        
 READ IN fields at DATE: 2001-08-18 00:00:00 UTC        
 READ IN fields at DATE: 2001-08-18 06:00:00 UTC        
 READ IN fields at DATE: 2001-08-18 12:00:00 UTC        
 READ IN fields at DATE: 2001-08-18 18:00:00 UTC        
 READ IN fields at DATE: 2001-08-19 00:00:00 UTC        
 READ IN fields at DATE: 2001-08-19 06:00:00 UTC        
 READ IN fields at DATE: 2001-08-19 12:00:00 UTC        
 READ IN fields at DATE: 2001-08-19 18:00:00 UTC        
 READ IN fields at DATE: 2001-08-20 00:00:00 UTC        
 READ IN fields at DATE: 2001-08-20 06:00:00 UTC        
 READ IN fields at DATE: 2001-08-20 12:00:00 UTC        
 READ IN fields at DATE: 2001-08-20 18:00:00 UTC        
 READ IN fields at DATE: 2001-08-21 00:00:00 UTC        
 READ IN fields at DATE: 2001-08-21 06:00:00 UTC        
 READ IN fields at DATE: 2001-08-21 12:00:00 UTC        
 READ IN fields at DATE: 2001-08-21 18:00:00 UTC        
 READ IN fields at DATE: 2001-08-22 00:00:00 UTC        
 READ IN fields at DATE: 2001-08-22 06:00:00 UTC        
 READ IN fields at DATE: 2001-08-22 12:00:00 UTC        
 READ IN fields at DATE: 2001-08-22 18:00:00 UTC        
 READ IN fields at DATE: 2001-08-23 00:00:00 UTC        
