
  This is icbc part of the RegCM version 5
   SVN Revision: 5.0.1 compiled at: data : Dec 03 2024  time: 16:32:23

 : this run start at    : 2025-01-17 01:01:38+0100
 : it is submitted by   : mdasilva
 : it is running on     : lrdn4096.leonardo.local
 : in directory         : 
 /leonardo/home/userexternal/mdasilva/github_projects/shell/ictp/regcm_exp/corde
 x5
                       
 Using Moloch non-hydrostatic dynamical core
 GLOBIDATE1 :  2006-03-01 00:00:00 UTC        
 GLOBIDATE2 :  2006-04-01 00:00:00 UTC        
 NSTEPS     :          125
 Computing weights, R =      38.89632416 .......... Done.
 Computing weights, R =      38.89632416 .......... Done.
 Computing weights, R =      38.89632416 .......... Done.
      131072 /leonardo_work/ICT24_ESP/RCMDATA//ERA5/2006/tatm_2006_03.nc
  2.076474076932137E-003   248.454512910422     
      196608 /leonardo_work/ICT24_ESP/RCMDATA//ERA5/2006/geop_2006_03.nc
   7.34958335638152        235520.702161447     
      262144 /leonardo_work/ICT24_ESP/RCMDATA//ERA5/2006/qhum_2006_03.nc
  3.849879576274236E-007  1.257850139393851E-002
      327680 /leonardo_work/ICT24_ESP/RCMDATA//ERA5/2006/uwnd_2006_03.nc
  2.887934863357249E-003   27.2167567161621     
      393216 /leonardo_work/ICT24_ESP/RCMDATA//ERA5/2006/vwnd_2006_03.nc
  2.652024712710342E-003  0.887574744479582     
 READ IN fields at DATE: 2006-03-01 00:00:00 UTC        
 READ IN fields at DATE: 2006-03-01 06:00:00 UTC        
 READ IN fields at DATE: 2006-03-01 12:00:00 UTC        
 READ IN fields at DATE: 2006-03-01 18:00:00 UTC        
 READ IN fields at DATE: 2006-03-02 00:00:00 UTC        
 READ IN fields at DATE: 2006-03-02 06:00:00 UTC        
 READ IN fields at DATE: 2006-03-02 12:00:00 UTC        
 READ IN fields at DATE: 2006-03-02 18:00:00 UTC        
 READ IN fields at DATE: 2006-03-03 00:00:00 UTC        
 READ IN fields at DATE: 2006-03-03 06:00:00 UTC        
 READ IN fields at DATE: 2006-03-03 12:00:00 UTC        
 READ IN fields at DATE: 2006-03-03 18:00:00 UTC        
 READ IN fields at DATE: 2006-03-04 00:00:00 UTC        
 READ IN fields at DATE: 2006-03-04 06:00:00 UTC        
 READ IN fields at DATE: 2006-03-04 12:00:00 UTC        
 READ IN fields at DATE: 2006-03-04 18:00:00 UTC        
 READ IN fields at DATE: 2006-03-05 00:00:00 UTC        
 READ IN fields at DATE: 2006-03-05 06:00:00 UTC        
 READ IN fields at DATE: 2006-03-05 12:00:00 UTC        
 READ IN fields at DATE: 2006-03-05 18:00:00 UTC        
 READ IN fields at DATE: 2006-03-06 00:00:00 UTC        
 READ IN fields at DATE: 2006-03-06 06:00:00 UTC        
 READ IN fields at DATE: 2006-03-06 12:00:00 UTC        
 READ IN fields at DATE: 2006-03-06 18:00:00 UTC        
 READ IN fields at DATE: 2006-03-07 00:00:00 UTC        
 READ IN fields at DATE: 2006-03-07 06:00:00 UTC        
 READ IN fields at DATE: 2006-03-07 12:00:00 UTC        
 READ IN fields at DATE: 2006-03-07 18:00:00 UTC        
 READ IN fields at DATE: 2006-03-08 00:00:00 UTC        
 READ IN fields at DATE: 2006-03-08 06:00:00 UTC        
 READ IN fields at DATE: 2006-03-08 12:00:00 UTC        
 READ IN fields at DATE: 2006-03-08 18:00:00 UTC        
 READ IN fields at DATE: 2006-03-09 00:00:00 UTC        
 READ IN fields at DATE: 2006-03-09 06:00:00 UTC        
 READ IN fields at DATE: 2006-03-09 12:00:00 UTC        
 READ IN fields at DATE: 2006-03-09 18:00:00 UTC        
 READ IN fields at DATE: 2006-03-10 00:00:00 UTC        
 READ IN fields at DATE: 2006-03-10 06:00:00 UTC        
 READ IN fields at DATE: 2006-03-10 12:00:00 UTC        
 READ IN fields at DATE: 2006-03-10 18:00:00 UTC        
 READ IN fields at DATE: 2006-03-11 00:00:00 UTC        
 READ IN fields at DATE: 2006-03-11 06:00:00 UTC        
 READ IN fields at DATE: 2006-03-11 12:00:00 UTC        
 READ IN fields at DATE: 2006-03-11 18:00:00 UTC        
 READ IN fields at DATE: 2006-03-12 00:00:00 UTC        
 READ IN fields at DATE: 2006-03-12 06:00:00 UTC        
 READ IN fields at DATE: 2006-03-12 12:00:00 UTC        
 READ IN fields at DATE: 2006-03-12 18:00:00 UTC        
 READ IN fields at DATE: 2006-03-13 00:00:00 UTC        
 READ IN fields at DATE: 2006-03-13 06:00:00 UTC        
 READ IN fields at DATE: 2006-03-13 12:00:00 UTC        
 READ IN fields at DATE: 2006-03-13 18:00:00 UTC        
 READ IN fields at DATE: 2006-03-14 00:00:00 UTC        
 READ IN fields at DATE: 2006-03-14 06:00:00 UTC        
 READ IN fields at DATE: 2006-03-14 12:00:00 UTC        
 READ IN fields at DATE: 2006-03-14 18:00:00 UTC        
 READ IN fields at DATE: 2006-03-15 00:00:00 UTC        
 READ IN fields at DATE: 2006-03-15 06:00:00 UTC        
 READ IN fields at DATE: 2006-03-15 12:00:00 UTC        
 READ IN fields at DATE: 2006-03-15 18:00:00 UTC        
 READ IN fields at DATE: 2006-03-16 00:00:00 UTC        
 READ IN fields at DATE: 2006-03-16 06:00:00 UTC        
 READ IN fields at DATE: 2006-03-16 12:00:00 UTC        
 READ IN fields at DATE: 2006-03-16 18:00:00 UTC        
 READ IN fields at DATE: 2006-03-17 00:00:00 UTC        
 READ IN fields at DATE: 2006-03-17 06:00:00 UTC        
 READ IN fields at DATE: 2006-03-17 12:00:00 UTC        
 READ IN fields at DATE: 2006-03-17 18:00:00 UTC        
 READ IN fields at DATE: 2006-03-18 00:00:00 UTC        
 READ IN fields at DATE: 2006-03-18 06:00:00 UTC        
 READ IN fields at DATE: 2006-03-18 12:00:00 UTC        
 READ IN fields at DATE: 2006-03-18 18:00:00 UTC        
 READ IN fields at DATE: 2006-03-19 00:00:00 UTC        
 READ IN fields at DATE: 2006-03-19 06:00:00 UTC        
 READ IN fields at DATE: 2006-03-19 12:00:00 UTC        
 READ IN fields at DATE: 2006-03-19 18:00:00 UTC        
 READ IN fields at DATE: 2006-03-20 00:00:00 UTC        
 READ IN fields at DATE: 2006-03-20 06:00:00 UTC        
 READ IN fields at DATE: 2006-03-20 12:00:00 UTC        
 READ IN fields at DATE: 2006-03-20 18:00:00 UTC        
 READ IN fields at DATE: 2006-03-21 00:00:00 UTC        
 READ IN fields at DATE: 2006-03-21 06:00:00 UTC        
 READ IN fields at DATE: 2006-03-21 12:00:00 UTC        
 READ IN fields at DATE: 2006-03-21 18:00:00 UTC        
 READ IN fields at DATE: 2006-03-22 00:00:00 UTC        
 READ IN fields at DATE: 2006-03-22 06:00:00 UTC        
 READ IN fields at DATE: 2006-03-22 12:00:00 UTC        
 READ IN fields at DATE: 2006-03-22 18:00:00 UTC        
 READ IN fields at DATE: 2006-03-23 00:00:00 UTC        
 READ IN fields at DATE: 2006-03-23 06:00:00 UTC        
 READ IN fields at DATE: 2006-03-23 12:00:00 UTC        
 READ IN fields at DATE: 2006-03-23 18:00:00 UTC        
 READ IN fields at DATE: 2006-03-24 00:00:00 UTC        
 READ IN fields at DATE: 2006-03-24 06:00:00 UTC        
 READ IN fields at DATE: 2006-03-24 12:00:00 UTC        
 READ IN fields at DATE: 2006-03-24 18:00:00 UTC        
 READ IN fields at DATE: 2006-03-25 00:00:00 UTC        
 READ IN fields at DATE: 2006-03-25 06:00:00 UTC        
 READ IN fields at DATE: 2006-03-25 12:00:00 UTC        
 READ IN fields at DATE: 2006-03-25 18:00:00 UTC        
 READ IN fields at DATE: 2006-03-26 00:00:00 UTC        
 READ IN fields at DATE: 2006-03-26 06:00:00 UTC        
 READ IN fields at DATE: 2006-03-26 12:00:00 UTC        
 READ IN fields at DATE: 2006-03-26 18:00:00 UTC        
 READ IN fields at DATE: 2006-03-27 00:00:00 UTC        
 READ IN fields at DATE: 2006-03-27 06:00:00 UTC        
 READ IN fields at DATE: 2006-03-27 12:00:00 UTC        
 READ IN fields at DATE: 2006-03-27 18:00:00 UTC        
 READ IN fields at DATE: 2006-03-28 00:00:00 UTC        
 READ IN fields at DATE: 2006-03-28 06:00:00 UTC        
 READ IN fields at DATE: 2006-03-28 12:00:00 UTC        
 READ IN fields at DATE: 2006-03-28 18:00:00 UTC        
 READ IN fields at DATE: 2006-03-29 00:00:00 UTC        
 READ IN fields at DATE: 2006-03-29 06:00:00 UTC        
 READ IN fields at DATE: 2006-03-29 12:00:00 UTC        
 READ IN fields at DATE: 2006-03-29 18:00:00 UTC        
 READ IN fields at DATE: 2006-03-30 00:00:00 UTC        
 READ IN fields at DATE: 2006-03-30 06:00:00 UTC        
 READ IN fields at DATE: 2006-03-30 12:00:00 UTC        
 READ IN fields at DATE: 2006-03-30 18:00:00 UTC        
 READ IN fields at DATE: 2006-03-31 00:00:00 UTC        
 READ IN fields at DATE: 2006-03-31 06:00:00 UTC        
 READ IN fields at DATE: 2006-03-31 12:00:00 UTC        
 READ IN fields at DATE: 2006-03-31 18:00:00 UTC        
      131072 /leonardo_work/ICT24_ESP/RCMDATA//ERA5/2006/tatm_2006_04.nc
  2.075243976332177E-003   249.629219030844     
      196608 /leonardo_work/ICT24_ESP/RCMDATA//ERA5/2006/geop_2006_04.nc
   7.36563186676941        235007.028121567     
      262144 /leonardo_work/ICT24_ESP/RCMDATA//ERA5/2006/qhum_2006_04.nc
  3.755426126657032E-007  1.226138896960522E-002
      327680 /leonardo_work/ICT24_ESP/RCMDATA//ERA5/2006/uwnd_2006_04.nc
  2.495773995559131E-003   24.9361529308733     
      393216 /leonardo_work/ICT24_ESP/RCMDATA//ERA5/2006/vwnd_2006_04.nc
  2.717821706433329E-003   2.43907840604131     
 READ IN fields at DATE: 2006-04-01 00:00:00 UTC        
 Input ready at : Fri Jan 17 01:38:20 2025
 Successfully completed ICBC
icbc script complete
