
  This is icbc part of the RegCM version 5
   SVN Revision: 5.0.1 compiled at: data : Dec 03 2024  time: 16:32:23

 : this run start at    : 2025-01-17 03:20:21+0100
 : it is submitted by   : mdasilva
 : it is running on     : lrdn4213.leonardo.local
 : in directory         : 
 /leonardo/home/userexternal/mdasilva/github_projects/shell/ictp/regcm_exp/corde
 x5
                       
 Using Moloch non-hydrostatic dynamical core
 GLOBIDATE1 :  2006-07-01 00:00:00 UTC        
 GLOBIDATE2 :  2006-08-01 00:00:00 UTC        
 NSTEPS     :          125
 Computing weights, R =      38.89632416 .......... Done.
 Computing weights, R =      38.89632416 .......... Done.
 Computing weights, R =      38.89632416 .......... Done.
      131072 /leonardo_work/ICT24_ESP/RCMDATA//ERA5/2006/tatm_2006_07.nc
  2.352871604585190E-003   248.634016435291     
      196608 /leonardo_work/ICT24_ESP/RCMDATA//ERA5/2006/geop_2006_07.nc
   7.62794007408481        243834.350092463     
      262144 /leonardo_work/ICT24_ESP/RCMDATA//ERA5/2006/qhum_2006_07.nc
  4.630058359891997E-007  1.503753671099712E-002
      327680 /leonardo_work/ICT24_ESP/RCMDATA//ERA5/2006/uwnd_2006_07.nc
  4.306567531458388E-003   55.0318432982655     
      393216 /leonardo_work/ICT24_ESP/RCMDATA//ERA5/2006/vwnd_2006_07.nc
  2.517425908258411E-003  8.497633343258955E-002
 READ IN fields at DATE: 2006-07-01 00:00:00 UTC        
 READ IN fields at DATE: 2006-07-01 06:00:00 UTC        
 READ IN fields at DATE: 2006-07-01 12:00:00 UTC        
 READ IN fields at DATE: 2006-07-01 18:00:00 UTC        
 READ IN fields at DATE: 2006-07-02 00:00:00 UTC        
 READ IN fields at DATE: 2006-07-02 06:00:00 UTC        
 READ IN fields at DATE: 2006-07-02 12:00:00 UTC        
 READ IN fields at DATE: 2006-07-02 18:00:00 UTC        
 READ IN fields at DATE: 2006-07-03 00:00:00 UTC        
 READ IN fields at DATE: 2006-07-03 06:00:00 UTC        
 READ IN fields at DATE: 2006-07-03 12:00:00 UTC        
 READ IN fields at DATE: 2006-07-03 18:00:00 UTC        
 READ IN fields at DATE: 2006-07-04 00:00:00 UTC        
 READ IN fields at DATE: 2006-07-04 06:00:00 UTC        
 READ IN fields at DATE: 2006-07-04 12:00:00 UTC        
 READ IN fields at DATE: 2006-07-04 18:00:00 UTC        
 READ IN fields at DATE: 2006-07-05 00:00:00 UTC        
 READ IN fields at DATE: 2006-07-05 06:00:00 UTC        
 READ IN fields at DATE: 2006-07-05 12:00:00 UTC        
 READ IN fields at DATE: 2006-07-05 18:00:00 UTC        
 READ IN fields at DATE: 2006-07-06 00:00:00 UTC        
 READ IN fields at DATE: 2006-07-06 06:00:00 UTC        
 READ IN fields at DATE: 2006-07-06 12:00:00 UTC        
 READ IN fields at DATE: 2006-07-06 18:00:00 UTC        
 READ IN fields at DATE: 2006-07-07 00:00:00 UTC        
 READ IN fields at DATE: 2006-07-07 06:00:00 UTC        
 READ IN fields at DATE: 2006-07-07 12:00:00 UTC        
 READ IN fields at DATE: 2006-07-07 18:00:00 UTC        
 READ IN fields at DATE: 2006-07-08 00:00:00 UTC        
 READ IN fields at DATE: 2006-07-08 06:00:00 UTC        
 READ IN fields at DATE: 2006-07-08 12:00:00 UTC        
 READ IN fields at DATE: 2006-07-08 18:00:00 UTC        
 READ IN fields at DATE: 2006-07-09 00:00:00 UTC        
 READ IN fields at DATE: 2006-07-09 06:00:00 UTC        
 READ IN fields at DATE: 2006-07-09 12:00:00 UTC        
 READ IN fields at DATE: 2006-07-09 18:00:00 UTC        
 READ IN fields at DATE: 2006-07-10 00:00:00 UTC        
 READ IN fields at DATE: 2006-07-10 06:00:00 UTC        
 READ IN fields at DATE: 2006-07-10 12:00:00 UTC        
 READ IN fields at DATE: 2006-07-10 18:00:00 UTC        
 READ IN fields at DATE: 2006-07-11 00:00:00 UTC        
 READ IN fields at DATE: 2006-07-11 06:00:00 UTC        
 READ IN fields at DATE: 2006-07-11 12:00:00 UTC        
 READ IN fields at DATE: 2006-07-11 18:00:00 UTC        
 READ IN fields at DATE: 2006-07-12 00:00:00 UTC        
 READ IN fields at DATE: 2006-07-12 06:00:00 UTC        
 READ IN fields at DATE: 2006-07-12 12:00:00 UTC        
 READ IN fields at DATE: 2006-07-12 18:00:00 UTC        
 READ IN fields at DATE: 2006-07-13 00:00:00 UTC        
 READ IN fields at DATE: 2006-07-13 06:00:00 UTC        
 READ IN fields at DATE: 2006-07-13 12:00:00 UTC        
 READ IN fields at DATE: 2006-07-13 18:00:00 UTC        
 READ IN fields at DATE: 2006-07-14 00:00:00 UTC        
 READ IN fields at DATE: 2006-07-14 06:00:00 UTC        
 READ IN fields at DATE: 2006-07-14 12:00:00 UTC        
 READ IN fields at DATE: 2006-07-14 18:00:00 UTC        
 READ IN fields at DATE: 2006-07-15 00:00:00 UTC        
 READ IN fields at DATE: 2006-07-15 06:00:00 UTC        
 READ IN fields at DATE: 2006-07-15 12:00:00 UTC        
 READ IN fields at DATE: 2006-07-15 18:00:00 UTC        
 READ IN fields at DATE: 2006-07-16 00:00:00 UTC        
 READ IN fields at DATE: 2006-07-16 06:00:00 UTC        
 READ IN fields at DATE: 2006-07-16 12:00:00 UTC        
 READ IN fields at DATE: 2006-07-16 18:00:00 UTC        
 READ IN fields at DATE: 2006-07-17 00:00:00 UTC        
 READ IN fields at DATE: 2006-07-17 06:00:00 UTC        
 READ IN fields at DATE: 2006-07-17 12:00:00 UTC        
 READ IN fields at DATE: 2006-07-17 18:00:00 UTC        
 READ IN fields at DATE: 2006-07-18 00:00:00 UTC        
 READ IN fields at DATE: 2006-07-18 06:00:00 UTC        
 READ IN fields at DATE: 2006-07-18 12:00:00 UTC        
 READ IN fields at DATE: 2006-07-18 18:00:00 UTC        
 READ IN fields at DATE: 2006-07-19 00:00:00 UTC        
 READ IN fields at DATE: 2006-07-19 06:00:00 UTC        
 READ IN fields at DATE: 2006-07-19 12:00:00 UTC        
 READ IN fields at DATE: 2006-07-19 18:00:00 UTC        
 READ IN fields at DATE: 2006-07-20 00:00:00 UTC        
 READ IN fields at DATE: 2006-07-20 06:00:00 UTC        
 READ IN fields at DATE: 2006-07-20 12:00:00 UTC        
 READ IN fields at DATE: 2006-07-20 18:00:00 UTC        
 READ IN fields at DATE: 2006-07-21 00:00:00 UTC        
 READ IN fields at DATE: 2006-07-21 06:00:00 UTC        
 READ IN fields at DATE: 2006-07-21 12:00:00 UTC        
 READ IN fields at DATE: 2006-07-21 18:00:00 UTC        
 READ IN fields at DATE: 2006-07-22 00:00:00 UTC        
 READ IN fields at DATE: 2006-07-22 06:00:00 UTC        
 READ IN fields at DATE: 2006-07-22 12:00:00 UTC        
 READ IN fields at DATE: 2006-07-22 18:00:00 UTC        
 READ IN fields at DATE: 2006-07-23 00:00:00 UTC        
 READ IN fields at DATE: 2006-07-23 06:00:00 UTC        
 READ IN fields at DATE: 2006-07-23 12:00:00 UTC        
 READ IN fields at DATE: 2006-07-23 18:00:00 UTC        
 READ IN fields at DATE: 2006-07-24 00:00:00 UTC        
 READ IN fields at DATE: 2006-07-24 06:00:00 UTC        
 READ IN fields at DATE: 2006-07-24 12:00:00 UTC        
 READ IN fields at DATE: 2006-07-24 18:00:00 UTC        
 READ IN fields at DATE: 2006-07-25 00:00:00 UTC        
 READ IN fields at DATE: 2006-07-25 06:00:00 UTC        
 READ IN fields at DATE: 2006-07-25 12:00:00 UTC        
 READ IN fields at DATE: 2006-07-25 18:00:00 UTC        
 READ IN fields at DATE: 2006-07-26 00:00:00 UTC        
 READ IN fields at DATE: 2006-07-26 06:00:00 UTC        
 READ IN fields at DATE: 2006-07-26 12:00:00 UTC        
 READ IN fields at DATE: 2006-07-26 18:00:00 UTC        
 READ IN fields at DATE: 2006-07-27 00:00:00 UTC        
 READ IN fields at DATE: 2006-07-27 06:00:00 UTC        
 READ IN fields at DATE: 2006-07-27 12:00:00 UTC        
 READ IN fields at DATE: 2006-07-27 18:00:00 UTC        
 READ IN fields at DATE: 2006-07-28 00:00:00 UTC        
 READ IN fields at DATE: 2006-07-28 06:00:00 UTC        
 READ IN fields at DATE: 2006-07-28 12:00:00 UTC        
 READ IN fields at DATE: 2006-07-28 18:00:00 UTC        
 READ IN fields at DATE: 2006-07-29 00:00:00 UTC        
 READ IN fields at DATE: 2006-07-29 06:00:00 UTC        
 READ IN fields at DATE: 2006-07-29 12:00:00 UTC        
 READ IN fields at DATE: 2006-07-29 18:00:00 UTC        
 READ IN fields at DATE: 2006-07-30 00:00:00 UTC        
 READ IN fields at DATE: 2006-07-30 06:00:00 UTC        
 READ IN fields at DATE: 2006-07-30 12:00:00 UTC        
 READ IN fields at DATE: 2006-07-30 18:00:00 UTC        
 READ IN fields at DATE: 2006-07-31 00:00:00 UTC        
 READ IN fields at DATE: 2006-07-31 06:00:00 UTC        
 READ IN fields at DATE: 2006-07-31 12:00:00 UTC        
 READ IN fields at DATE: 2006-07-31 18:00:00 UTC        
      131072 /leonardo_work/ICT24_ESP/RCMDATA//ERA5/2006/tatm_2006_08.nc
  2.322410374055342E-003   248.504133594618     
      196608 /leonardo_work/ICT24_ESP/RCMDATA//ERA5/2006/geop_2006_08.nc
   7.53834166803366        241792.596063541     
      262144 /leonardo_work/ICT24_ESP/RCMDATA//ERA5/2006/qhum_2006_08.nc
  4.486274000366031E-007  1.459830743167782E-002
      327680 /leonardo_work/ICT24_ESP/RCMDATA//ERA5/2006/uwnd_2006_08.nc
  4.016802584641278E-003   60.5162563692155     
      393216 /leonardo_work/ICT24_ESP/RCMDATA//ERA5/2006/vwnd_2006_08.nc
  3.518105877507563E-003   15.8839068406159     
 READ IN fields at DATE: 2006-08-01 00:00:00 UTC        
 Input ready at : Fri Jan 17 03:57:28 2025
 Successfully completed ICBC
icbc script complete
