
  This is icbc part of the RegCM version 5
   SVN Revision: 5.0.1 compiled at: data : Dec 03 2024  time: 16:32:23

 : this run start at    : 2025-01-16 03:06:31+0100
 : it is submitted by   : mdasilva
 : it is running on     : lrdn3457.leonardo.local
 : in directory         : 
 /leonardo/home/userexternal/mdasilva/github_projects/shell/ictp/regcm_exp/corde
 x5
                       
 Using Moloch non-hydrostatic dynamical core
 GLOBIDATE1 :  2003-06-01 00:00:00 UTC        
 GLOBIDATE2 :  2003-07-01 00:00:00 UTC        
 NSTEPS     :          121
 Computing weights, R =      38.89632416 .......... Done.
 Computing weights, R =      38.89632416 .......... Done.
 Computing weights, R =      38.89632416 .......... Done.
      131072 /leonardo_work/ICT24_ESP/RCMDATA//ERA5/2003/tatm_2003_06.nc
  2.253659089888992E-003   249.873224671920     
      196608 /leonardo_work/ICT24_ESP/RCMDATA//ERA5/2003/geop_2003_06.nc
   7.61051135496620        244050.436931823     
      262144 /leonardo_work/ICT24_ESP/RCMDATA//ERA5/2003/qhum_2003_06.nc
  4.436634724108741E-007  1.446813798786628E-002
      327680 /leonardo_work/ICT24_ESP/RCMDATA//ERA5/2003/uwnd_2003_06.nc
  3.764732316250734E-003   51.8188726387247     
      393216 /leonardo_work/ICT24_ESP/RCMDATA//ERA5/2003/vwnd_2003_06.nc
  2.477813781707546E-003  0.491070663421646     
 READ IN fields at DATE: 2003-06-01 00:00:00 UTC        
 READ IN fields at DATE: 2003-06-01 06:00:00 UTC        
 READ IN fields at DATE: 2003-06-01 12:00:00 UTC        
 READ IN fields at DATE: 2003-06-01 18:00:00 UTC        
 READ IN fields at DATE: 2003-06-02 00:00:00 UTC        
 READ IN fields at DATE: 2003-06-02 06:00:00 UTC        
 READ IN fields at DATE: 2003-06-02 12:00:00 UTC        
 READ IN fields at DATE: 2003-06-02 18:00:00 UTC        
 READ IN fields at DATE: 2003-06-03 00:00:00 UTC        
 READ IN fields at DATE: 2003-06-03 06:00:00 UTC        
 READ IN fields at DATE: 2003-06-03 12:00:00 UTC        
 READ IN fields at DATE: 2003-06-03 18:00:00 UTC        
 READ IN fields at DATE: 2003-06-04 00:00:00 UTC        
 READ IN fields at DATE: 2003-06-04 06:00:00 UTC        
 READ IN fields at DATE: 2003-06-04 12:00:00 UTC        
 READ IN fields at DATE: 2003-06-04 18:00:00 UTC        
 READ IN fields at DATE: 2003-06-05 00:00:00 UTC        
 READ IN fields at DATE: 2003-06-05 06:00:00 UTC        
 READ IN fields at DATE: 2003-06-05 12:00:00 UTC        
 READ IN fields at DATE: 2003-06-05 18:00:00 UTC        
 READ IN fields at DATE: 2003-06-06 00:00:00 UTC        
 READ IN fields at DATE: 2003-06-06 06:00:00 UTC        
 READ IN fields at DATE: 2003-06-06 12:00:00 UTC        
 READ IN fields at DATE: 2003-06-06 18:00:00 UTC        
 READ IN fields at DATE: 2003-06-07 00:00:00 UTC        
 READ IN fields at DATE: 2003-06-07 06:00:00 UTC        
 READ IN fields at DATE: 2003-06-07 12:00:00 UTC        
 READ IN fields at DATE: 2003-06-07 18:00:00 UTC        
 READ IN fields at DATE: 2003-06-08 00:00:00 UTC        
 READ IN fields at DATE: 2003-06-08 06:00:00 UTC        
 READ IN fields at DATE: 2003-06-08 12:00:00 UTC        
 READ IN fields at DATE: 2003-06-08 18:00:00 UTC        
 READ IN fields at DATE: 2003-06-09 00:00:00 UTC        
 READ IN fields at DATE: 2003-06-09 06:00:00 UTC        
 READ IN fields at DATE: 2003-06-09 12:00:00 UTC        
 READ IN fields at DATE: 2003-06-09 18:00:00 UTC        
 READ IN fields at DATE: 2003-06-10 00:00:00 UTC        
 READ IN fields at DATE: 2003-06-10 06:00:00 UTC        
 READ IN fields at DATE: 2003-06-10 12:00:00 UTC        
 READ IN fields at DATE: 2003-06-10 18:00:00 UTC        
 READ IN fields at DATE: 2003-06-11 00:00:00 UTC        
 READ IN fields at DATE: 2003-06-11 06:00:00 UTC        
 READ IN fields at DATE: 2003-06-11 12:00:00 UTC        
 READ IN fields at DATE: 2003-06-11 18:00:00 UTC        
 READ IN fields at DATE: 2003-06-12 00:00:00 UTC        
 READ IN fields at DATE: 2003-06-12 06:00:00 UTC        
 READ IN fields at DATE: 2003-06-12 12:00:00 UTC        
 READ IN fields at DATE: 2003-06-12 18:00:00 UTC        
 READ IN fields at DATE: 2003-06-13 00:00:00 UTC        
 READ IN fields at DATE: 2003-06-13 06:00:00 UTC        
 READ IN fields at DATE: 2003-06-13 12:00:00 UTC        
 READ IN fields at DATE: 2003-06-13 18:00:00 UTC        
 READ IN fields at DATE: 2003-06-14 00:00:00 UTC        
 READ IN fields at DATE: 2003-06-14 06:00:00 UTC        
 READ IN fields at DATE: 2003-06-14 12:00:00 UTC        
 READ IN fields at DATE: 2003-06-14 18:00:00 UTC        
 READ IN fields at DATE: 2003-06-15 00:00:00 UTC        
 READ IN fields at DATE: 2003-06-15 06:00:00 UTC        
 READ IN fields at DATE: 2003-06-15 12:00:00 UTC        
 READ IN fields at DATE: 2003-06-15 18:00:00 UTC        
 READ IN fields at DATE: 2003-06-16 00:00:00 UTC        
 READ IN fields at DATE: 2003-06-16 06:00:00 UTC        
 READ IN fields at DATE: 2003-06-16 12:00:00 UTC        
 READ IN fields at DATE: 2003-06-16 18:00:00 UTC        
 READ IN fields at DATE: 2003-06-17 00:00:00 UTC        
 READ IN fields at DATE: 2003-06-17 06:00:00 UTC        
 READ IN fields at DATE: 2003-06-17 12:00:00 UTC        
 READ IN fields at DATE: 2003-06-17 18:00:00 UTC        
 READ IN fields at DATE: 2003-06-18 00:00:00 UTC        
 READ IN fields at DATE: 2003-06-18 06:00:00 UTC        
 READ IN fields at DATE: 2003-06-18 12:00:00 UTC        
 READ IN fields at DATE: 2003-06-18 18:00:00 UTC        
 READ IN fields at DATE: 2003-06-19 00:00:00 UTC        
 READ IN fields at DATE: 2003-06-19 06:00:00 UTC        
 READ IN fields at DATE: 2003-06-19 12:00:00 UTC        
 READ IN fields at DATE: 2003-06-19 18:00:00 UTC        
 READ IN fields at DATE: 2003-06-20 00:00:00 UTC        
 READ IN fields at DATE: 2003-06-20 06:00:00 UTC        
 READ IN fields at DATE: 2003-06-20 12:00:00 UTC        
 READ IN fields at DATE: 2003-06-20 18:00:00 UTC        
 READ IN fields at DATE: 2003-06-21 00:00:00 UTC        
 READ IN fields at DATE: 2003-06-21 06:00:00 UTC        
 READ IN fields at DATE: 2003-06-21 12:00:00 UTC        
 READ IN fields at DATE: 2003-06-21 18:00:00 UTC        
 READ IN fields at DATE: 2003-06-22 00:00:00 UTC        
 READ IN fields at DATE: 2003-06-22 06:00:00 UTC        
 READ IN fields at DATE: 2003-06-22 12:00:00 UTC        
 READ IN fields at DATE: 2003-06-22 18:00:00 UTC        
 READ IN fields at DATE: 2003-06-23 00:00:00 UTC        
 READ IN fields at DATE: 2003-06-23 06:00:00 UTC        
 READ IN fields at DATE: 2003-06-23 12:00:00 UTC        
 READ IN fields at DATE: 2003-06-23 18:00:00 UTC        
 READ IN fields at DATE: 2003-06-24 00:00:00 UTC        
 READ IN fields at DATE: 2003-06-24 06:00:00 UTC        
 READ IN fields at DATE: 2003-06-24 12:00:00 UTC        
 READ IN fields at DATE: 2003-06-24 18:00:00 UTC        
 READ IN fields at DATE: 2003-06-25 00:00:00 UTC        
 READ IN fields at DATE: 2003-06-25 06:00:00 UTC        
 READ IN fields at DATE: 2003-06-25 12:00:00 UTC        
 READ IN fields at DATE: 2003-06-25 18:00:00 UTC        
 READ IN fields at DATE: 2003-06-26 00:00:00 UTC        
 READ IN fields at DATE: 2003-06-26 06:00:00 UTC        
 READ IN fields at DATE: 2003-06-26 12:00:00 UTC        
 READ IN fields at DATE: 2003-06-26 18:00:00 UTC        
 READ IN fields at DATE: 2003-06-27 00:00:00 UTC        
 READ IN fields at DATE: 2003-06-27 06:00:00 UTC        
 READ IN fields at DATE: 2003-06-27 12:00:00 UTC        
 READ IN fields at DATE: 2003-06-27 18:00:00 UTC        
 READ IN fields at DATE: 2003-06-28 00:00:00 UTC        
 READ IN fields at DATE: 2003-06-28 06:00:00 UTC        
 READ IN fields at DATE: 2003-06-28 12:00:00 UTC        
 READ IN fields at DATE: 2003-06-28 18:00:00 UTC        
 READ IN fields at DATE: 2003-06-29 00:00:00 UTC        
 READ IN fields at DATE: 2003-06-29 06:00:00 UTC        
 READ IN fields at DATE: 2003-06-29 12:00:00 UTC        
 READ IN fields at DATE: 2003-06-29 18:00:00 UTC        
 READ IN fields at DATE: 2003-06-30 00:00:00 UTC        
 READ IN fields at DATE: 2003-06-30 06:00:00 UTC        
 READ IN fields at DATE: 2003-06-30 12:00:00 UTC        
 READ IN fields at DATE: 2003-06-30 18:00:00 UTC        
      131072 /leonardo_work/ICT24_ESP/RCMDATA//ERA5/2003/tatm_2003_07.nc
  2.270085578082440E-003   250.576448270199     
      196608 /leonardo_work/ICT24_ESP/RCMDATA//ERA5/2003/geop_2003_07.nc
   7.62621217554515        243612.655643912     
      262144 /leonardo_work/ICT24_ESP/RCMDATA//ERA5/2003/qhum_2003_07.nc
  4.246187155449629E-007  1.387483612633554E-002
      327680 /leonardo_work/ICT24_ESP/RCMDATA//ERA5/2003/uwnd_2003_07.nc
  4.108286863673407E-003   66.1361294503182     
      393216 /leonardo_work/ICT24_ESP/RCMDATA//ERA5/2003/vwnd_2003_07.nc
  2.524972760548002E-003  -1.90451413432949     
 READ IN fields at DATE: 2003-07-01 00:00:00 UTC        
 Input ready at : Thu Jan 16 03:38:03 2025
 Successfully completed ICBC
icbc script complete
