
  This is icbc part of the RegCM version 5
   SVN Revision: 5.0.1 compiled at: data : Dec 03 2024  time: 16:32:23

 : this run start at    : 2025-01-15 06:24:44+0100
 : it is submitted by   : mdasilva
 : it is running on     : lrdn3823.leonardo.local
 : in directory         : 
 /leonardo/home/userexternal/mdasilva/github_projects/shell/ictp/regcm_exp/corde
 x5
                       
 Using Moloch non-hydrostatic dynamical core
 GLOBIDATE1 :  2000-06-01 00:00:00 UTC        
 GLOBIDATE2 :  2000-07-01 00:00:00 UTC        
 NSTEPS     :          121
 Computing weights, R =      38.89632416 .......... Done.
 Computing weights, R =      38.89632416 .......... Done.
 Computing weights, R =      38.89632416 .......... Done.
      131072 /leonardo_work/ICT24_ESP/RCMDATA//ERA5/2000/tatm_2000_06.nc
  2.251786812977336E-003   249.814166464992     
      196608 /leonardo_work/ICT24_ESP/RCMDATA//ERA5/2000/geop_2000_06.nc
   7.60811573462988        243520.496723383     
      262144 /leonardo_work/ICT24_ESP/RCMDATA//ERA5/2000/qhum_2000_06.nc
  4.262588310880398E-007  1.394859424702135E-002
      327680 /leonardo_work/ICT24_ESP/RCMDATA//ERA5/2000/uwnd_2000_06.nc
  3.484136194234918E-003   45.9026768772154     
      393216 /leonardo_work/ICT24_ESP/RCMDATA//ERA5/2000/vwnd_2000_06.nc
  2.540433655860883E-003  -2.87858955276543     
 READ IN fields at DATE: 2000-06-01 00:00:00 UTC        
 READ IN fields at DATE: 2000-06-01 06:00:00 UTC        
 READ IN fields at DATE: 2000-06-01 12:00:00 UTC        
 READ IN fields at DATE: 2000-06-01 18:00:00 UTC        
 READ IN fields at DATE: 2000-06-02 00:00:00 UTC        
 READ IN fields at DATE: 2000-06-02 06:00:00 UTC        
 READ IN fields at DATE: 2000-06-02 12:00:00 UTC        
 READ IN fields at DATE: 2000-06-02 18:00:00 UTC        
 READ IN fields at DATE: 2000-06-03 00:00:00 UTC        
 READ IN fields at DATE: 2000-06-03 06:00:00 UTC        
 READ IN fields at DATE: 2000-06-03 12:00:00 UTC        
 READ IN fields at DATE: 2000-06-03 18:00:00 UTC        
 READ IN fields at DATE: 2000-06-04 00:00:00 UTC        
 READ IN fields at DATE: 2000-06-04 06:00:00 UTC        
 READ IN fields at DATE: 2000-06-04 12:00:00 UTC        
 READ IN fields at DATE: 2000-06-04 18:00:00 UTC        
 READ IN fields at DATE: 2000-06-05 00:00:00 UTC        
 READ IN fields at DATE: 2000-06-05 06:00:00 UTC        
 READ IN fields at DATE: 2000-06-05 12:00:00 UTC        
 READ IN fields at DATE: 2000-06-05 18:00:00 UTC        
 READ IN fields at DATE: 2000-06-06 00:00:00 UTC        
 READ IN fields at DATE: 2000-06-06 06:00:00 UTC        
 READ IN fields at DATE: 2000-06-06 12:00:00 UTC        
 READ IN fields at DATE: 2000-06-06 18:00:00 UTC        
 READ IN fields at DATE: 2000-06-07 00:00:00 UTC        
 READ IN fields at DATE: 2000-06-07 06:00:00 UTC        
 READ IN fields at DATE: 2000-06-07 12:00:00 UTC        
 READ IN fields at DATE: 2000-06-07 18:00:00 UTC        
 READ IN fields at DATE: 2000-06-08 00:00:00 UTC        
 READ IN fields at DATE: 2000-06-08 06:00:00 UTC        
 READ IN fields at DATE: 2000-06-08 12:00:00 UTC        
 READ IN fields at DATE: 2000-06-08 18:00:00 UTC        
 READ IN fields at DATE: 2000-06-09 00:00:00 UTC        
 READ IN fields at DATE: 2000-06-09 06:00:00 UTC        
 READ IN fields at DATE: 2000-06-09 12:00:00 UTC        
 READ IN fields at DATE: 2000-06-09 18:00:00 UTC        
 READ IN fields at DATE: 2000-06-10 00:00:00 UTC        
 READ IN fields at DATE: 2000-06-10 06:00:00 UTC        
 READ IN fields at DATE: 2000-06-10 12:00:00 UTC        
 READ IN fields at DATE: 2000-06-10 18:00:00 UTC        
 READ IN fields at DATE: 2000-06-11 00:00:00 UTC        
 READ IN fields at DATE: 2000-06-11 06:00:00 UTC        
 READ IN fields at DATE: 2000-06-11 12:00:00 UTC        
 READ IN fields at DATE: 2000-06-11 18:00:00 UTC        
 READ IN fields at DATE: 2000-06-12 00:00:00 UTC        
 READ IN fields at DATE: 2000-06-12 06:00:00 UTC        
 READ IN fields at DATE: 2000-06-12 12:00:00 UTC        
 READ IN fields at DATE: 2000-06-12 18:00:00 UTC        
 READ IN fields at DATE: 2000-06-13 00:00:00 UTC        
 READ IN fields at DATE: 2000-06-13 06:00:00 UTC        
 READ IN fields at DATE: 2000-06-13 12:00:00 UTC        
 READ IN fields at DATE: 2000-06-13 18:00:00 UTC        
 READ IN fields at DATE: 2000-06-14 00:00:00 UTC        
 READ IN fields at DATE: 2000-06-14 06:00:00 UTC        
 READ IN fields at DATE: 2000-06-14 12:00:00 UTC        
 READ IN fields at DATE: 2000-06-14 18:00:00 UTC        
 READ IN fields at DATE: 2000-06-15 00:00:00 UTC        
 READ IN fields at DATE: 2000-06-15 06:00:00 UTC        
 READ IN fields at DATE: 2000-06-15 12:00:00 UTC        
 READ IN fields at DATE: 2000-06-15 18:00:00 UTC        
 READ IN fields at DATE: 2000-06-16 00:00:00 UTC        
 READ IN fields at DATE: 2000-06-16 06:00:00 UTC        
 READ IN fields at DATE: 2000-06-16 12:00:00 UTC        
 READ IN fields at DATE: 2000-06-16 18:00:00 UTC        
 READ IN fields at DATE: 2000-06-17 00:00:00 UTC        
 READ IN fields at DATE: 2000-06-17 06:00:00 UTC        
 READ IN fields at DATE: 2000-06-17 12:00:00 UTC        
 READ IN fields at DATE: 2000-06-17 18:00:00 UTC        
 READ IN fields at DATE: 2000-06-18 00:00:00 UTC        
 READ IN fields at DATE: 2000-06-18 06:00:00 UTC        
 READ IN fields at DATE: 2000-06-18 12:00:00 UTC        
 READ IN fields at DATE: 2000-06-18 18:00:00 UTC        
 READ IN fields at DATE: 2000-06-19 00:00:00 UTC        
 READ IN fields at DATE: 2000-06-19 06:00:00 UTC        
 READ IN fields at DATE: 2000-06-19 12:00:00 UTC        
 READ IN fields at DATE: 2000-06-19 18:00:00 UTC        
 READ IN fields at DATE: 2000-06-20 00:00:00 UTC        
 READ IN fields at DATE: 2000-06-20 06:00:00 UTC        
 READ IN fields at DATE: 2000-06-20 12:00:00 UTC        
 READ IN fields at DATE: 2000-06-20 18:00:00 UTC        
 READ IN fields at DATE: 2000-06-21 00:00:00 UTC        
 READ IN fields at DATE: 2000-06-21 06:00:00 UTC        
 READ IN fields at DATE: 2000-06-21 12:00:00 UTC        
 READ IN fields at DATE: 2000-06-21 18:00:00 UTC        
 READ IN fields at DATE: 2000-06-22 00:00:00 UTC        
 READ IN fields at DATE: 2000-06-22 06:00:00 UTC        
 READ IN fields at DATE: 2000-06-22 12:00:00 UTC        
 READ IN fields at DATE: 2000-06-22 18:00:00 UTC        
 READ IN fields at DATE: 2000-06-23 00:00:00 UTC        
 READ IN fields at DATE: 2000-06-23 06:00:00 UTC        
 READ IN fields at DATE: 2000-06-23 12:00:00 UTC        
 READ IN fields at DATE: 2000-06-23 18:00:00 UTC        
 READ IN fields at DATE: 2000-06-24 00:00:00 UTC        
 READ IN fields at DATE: 2000-06-24 06:00:00 UTC        
 READ IN fields at DATE: 2000-06-24 12:00:00 UTC        
 READ IN fields at DATE: 2000-06-24 18:00:00 UTC        
 READ IN fields at DATE: 2000-06-25 00:00:00 UTC        
 READ IN fields at DATE: 2000-06-25 06:00:00 UTC        
 READ IN fields at DATE: 2000-06-25 12:00:00 UTC        
 READ IN fields at DATE: 2000-06-25 18:00:00 UTC        
 READ IN fields at DATE: 2000-06-26 00:00:00 UTC        
 READ IN fields at DATE: 2000-06-26 06:00:00 UTC        
 READ IN fields at DATE: 2000-06-26 12:00:00 UTC        
 READ IN fields at DATE: 2000-06-26 18:00:00 UTC        
 READ IN fields at DATE: 2000-06-27 00:00:00 UTC        
 READ IN fields at DATE: 2000-06-27 06:00:00 UTC        
 READ IN fields at DATE: 2000-06-27 12:00:00 UTC        
 READ IN fields at DATE: 2000-06-27 18:00:00 UTC        
 READ IN fields at DATE: 2000-06-28 00:00:00 UTC        
 READ IN fields at DATE: 2000-06-28 06:00:00 UTC        
 READ IN fields at DATE: 2000-06-28 12:00:00 UTC        
 READ IN fields at DATE: 2000-06-28 18:00:00 UTC        
 READ IN fields at DATE: 2000-06-29 00:00:00 UTC        
 READ IN fields at DATE: 2000-06-29 06:00:00 UTC        
 READ IN fields at DATE: 2000-06-29 12:00:00 UTC        
 READ IN fields at DATE: 2000-06-29 18:00:00 UTC        
 READ IN fields at DATE: 2000-06-30 00:00:00 UTC        
 READ IN fields at DATE: 2000-06-30 06:00:00 UTC        
 READ IN fields at DATE: 2000-06-30 12:00:00 UTC        
 READ IN fields at DATE: 2000-06-30 18:00:00 UTC        
      131072 /leonardo_work/ICT24_ESP/RCMDATA//ERA5/2000/tatm_2000_07.nc
  2.582700638940377E-003   246.658933564231     
      196608 /leonardo_work/ICT24_ESP/RCMDATA//ERA5/2000/geop_2000_07.nc
   7.61134091078159        243426.629876420     
      262144 /leonardo_work/ICT24_ESP/RCMDATA//ERA5/2000/qhum_2000_07.nc
  4.417414587677853E-007  1.441752495981273E-002
      327680 /leonardo_work/ICT24_ESP/RCMDATA//ERA5/2000/uwnd_2000_07.nc
  4.380991295430952E-003   76.0678091991765     
      393216 /leonardo_work/ICT24_ESP/RCMDATA//ERA5/2000/vwnd_2000_07.nc
  2.658697013068559E-003   4.64628417688409     
 READ IN fields at DATE: 2000-07-01 00:00:00 UTC        
 Input ready at : Wed Jan 15 06:56:15 2025
 Successfully completed ICBC
icbc script complete
