
  This is icbc part of the RegCM version 5
   SVN Revision: 5.0.1 compiled at: data : Dec 03 2024  time: 16:32:23

 : this run start at    : 2025-01-17 14:40:16+0100
 : it is submitted by   : mdasilva
 : it is running on     : lrdn4245.leonardo.local
 : in directory         : 
 /leonardo/home/userexternal/mdasilva/github_projects/shell/ictp/regcm_exp/corde
 x5
                       
 Using Moloch non-hydrostatic dynamical core
 GLOBIDATE1 :  2008-06-01 00:00:00 UTC        
 GLOBIDATE2 :  2008-07-01 00:00:00 UTC        
 NSTEPS     :          121
 Computing weights, R =      38.89632416 .......... Done.
 Computing weights, R =      38.89632416 .......... Done.
 Computing weights, R =      38.89632416 .......... Done.
      131072 /leonardo_work/ICT24_ESP/RCMDATA//ERA5/2008/tatm_2008_06.nc
  2.229204000751530E-003   252.101454978078     
      196608 /leonardo_work/ICT24_ESP/RCMDATA//ERA5/2008/geop_2008_06.nc
   7.61158190339218        243687.920771548     
      262144 /leonardo_work/ICT24_ESP/RCMDATA//ERA5/2008/qhum_2008_06.nc
  4.197092656845441E-007  1.364818986429877E-002
      327680 /leonardo_work/ICT24_ESP/RCMDATA//ERA5/2008/uwnd_2008_06.nc
  3.949048094090001E-003   58.9753203978280     
      393216 /leonardo_work/ICT24_ESP/RCMDATA//ERA5/2008/vwnd_2008_06.nc
  2.572496368867832E-003   1.12540747740150     
 READ IN fields at DATE: 2008-06-01 00:00:00 UTC        
 READ IN fields at DATE: 2008-06-01 06:00:00 UTC        
 READ IN fields at DATE: 2008-06-01 12:00:00 UTC        
 READ IN fields at DATE: 2008-06-01 18:00:00 UTC        
 READ IN fields at DATE: 2008-06-02 00:00:00 UTC        
 READ IN fields at DATE: 2008-06-02 06:00:00 UTC        
 READ IN fields at DATE: 2008-06-02 12:00:00 UTC        
 READ IN fields at DATE: 2008-06-02 18:00:00 UTC        
 READ IN fields at DATE: 2008-06-03 00:00:00 UTC        
 READ IN fields at DATE: 2008-06-03 06:00:00 UTC        
 READ IN fields at DATE: 2008-06-03 12:00:00 UTC        
 READ IN fields at DATE: 2008-06-03 18:00:00 UTC        
 READ IN fields at DATE: 2008-06-04 00:00:00 UTC        
 READ IN fields at DATE: 2008-06-04 06:00:00 UTC        
 READ IN fields at DATE: 2008-06-04 12:00:00 UTC        
 READ IN fields at DATE: 2008-06-04 18:00:00 UTC        
 READ IN fields at DATE: 2008-06-05 00:00:00 UTC        
 READ IN fields at DATE: 2008-06-05 06:00:00 UTC        
 READ IN fields at DATE: 2008-06-05 12:00:00 UTC        
 READ IN fields at DATE: 2008-06-05 18:00:00 UTC        
 READ IN fields at DATE: 2008-06-06 00:00:00 UTC        
 READ IN fields at DATE: 2008-06-06 06:00:00 UTC        
 READ IN fields at DATE: 2008-06-06 12:00:00 UTC        
 READ IN fields at DATE: 2008-06-06 18:00:00 UTC        
 READ IN fields at DATE: 2008-06-07 00:00:00 UTC        
 READ IN fields at DATE: 2008-06-07 06:00:00 UTC        
 READ IN fields at DATE: 2008-06-07 12:00:00 UTC        
 READ IN fields at DATE: 2008-06-07 18:00:00 UTC        
 READ IN fields at DATE: 2008-06-08 00:00:00 UTC        
 READ IN fields at DATE: 2008-06-08 06:00:00 UTC        
 READ IN fields at DATE: 2008-06-08 12:00:00 UTC        
 READ IN fields at DATE: 2008-06-08 18:00:00 UTC        
 READ IN fields at DATE: 2008-06-09 00:00:00 UTC        
 READ IN fields at DATE: 2008-06-09 06:00:00 UTC        
 READ IN fields at DATE: 2008-06-09 12:00:00 UTC        
 READ IN fields at DATE: 2008-06-09 18:00:00 UTC        
 READ IN fields at DATE: 2008-06-10 00:00:00 UTC        
 READ IN fields at DATE: 2008-06-10 06:00:00 UTC        
 READ IN fields at DATE: 2008-06-10 12:00:00 UTC        
 READ IN fields at DATE: 2008-06-10 18:00:00 UTC        
 READ IN fields at DATE: 2008-06-11 00:00:00 UTC        
 READ IN fields at DATE: 2008-06-11 06:00:00 UTC        
 READ IN fields at DATE: 2008-06-11 12:00:00 UTC        
 READ IN fields at DATE: 2008-06-11 18:00:00 UTC        
 READ IN fields at DATE: 2008-06-12 00:00:00 UTC        
 READ IN fields at DATE: 2008-06-12 06:00:00 UTC        
 READ IN fields at DATE: 2008-06-12 12:00:00 UTC        
 READ IN fields at DATE: 2008-06-12 18:00:00 UTC        
 READ IN fields at DATE: 2008-06-13 00:00:00 UTC        
 READ IN fields at DATE: 2008-06-13 06:00:00 UTC        
 READ IN fields at DATE: 2008-06-13 12:00:00 UTC        
 READ IN fields at DATE: 2008-06-13 18:00:00 UTC        
 READ IN fields at DATE: 2008-06-14 00:00:00 UTC        
 READ IN fields at DATE: 2008-06-14 06:00:00 UTC        
 READ IN fields at DATE: 2008-06-14 12:00:00 UTC        
 READ IN fields at DATE: 2008-06-14 18:00:00 UTC        
 READ IN fields at DATE: 2008-06-15 00:00:00 UTC        
 READ IN fields at DATE: 2008-06-15 06:00:00 UTC        
 READ IN fields at DATE: 2008-06-15 12:00:00 UTC        
 READ IN fields at DATE: 2008-06-15 18:00:00 UTC        
 READ IN fields at DATE: 2008-06-16 00:00:00 UTC        
 READ IN fields at DATE: 2008-06-16 06:00:00 UTC        
 READ IN fields at DATE: 2008-06-16 12:00:00 UTC        
 READ IN fields at DATE: 2008-06-16 18:00:00 UTC        
 READ IN fields at DATE: 2008-06-17 00:00:00 UTC        
 READ IN fields at DATE: 2008-06-17 06:00:00 UTC        
 READ IN fields at DATE: 2008-06-17 12:00:00 UTC        
 READ IN fields at DATE: 2008-06-17 18:00:00 UTC        
 READ IN fields at DATE: 2008-06-18 00:00:00 UTC        
 READ IN fields at DATE: 2008-06-18 06:00:00 UTC        
 READ IN fields at DATE: 2008-06-18 12:00:00 UTC        
 READ IN fields at DATE: 2008-06-18 18:00:00 UTC        
 READ IN fields at DATE: 2008-06-19 00:00:00 UTC        
 READ IN fields at DATE: 2008-06-19 06:00:00 UTC        
 READ IN fields at DATE: 2008-06-19 12:00:00 UTC        
 READ IN fields at DATE: 2008-06-19 18:00:00 UTC        
 READ IN fields at DATE: 2008-06-20 00:00:00 UTC        
 READ IN fields at DATE: 2008-06-20 06:00:00 UTC        
 READ IN fields at DATE: 2008-06-20 12:00:00 UTC        
 READ IN fields at DATE: 2008-06-20 18:00:00 UTC        
 READ IN fields at DATE: 2008-06-21 00:00:00 UTC        
 READ IN fields at DATE: 2008-06-21 06:00:00 UTC        
 READ IN fields at DATE: 2008-06-21 12:00:00 UTC        
 READ IN fields at DATE: 2008-06-21 18:00:00 UTC        
 READ IN fields at DATE: 2008-06-22 00:00:00 UTC        
 READ IN fields at DATE: 2008-06-22 06:00:00 UTC        
 READ IN fields at DATE: 2008-06-22 12:00:00 UTC        
 READ IN fields at DATE: 2008-06-22 18:00:00 UTC        
 READ IN fields at DATE: 2008-06-23 00:00:00 UTC        
 READ IN fields at DATE: 2008-06-23 06:00:00 UTC        
 READ IN fields at DATE: 2008-06-23 12:00:00 UTC        
 READ IN fields at DATE: 2008-06-23 18:00:00 UTC        
 READ IN fields at DATE: 2008-06-24 00:00:00 UTC        
 READ IN fields at DATE: 2008-06-24 06:00:00 UTC        
 READ IN fields at DATE: 2008-06-24 12:00:00 UTC        
 READ IN fields at DATE: 2008-06-24 18:00:00 UTC        
 READ IN fields at DATE: 2008-06-25 00:00:00 UTC        
 READ IN fields at DATE: 2008-06-25 06:00:00 UTC        
 READ IN fields at DATE: 2008-06-25 12:00:00 UTC        
 READ IN fields at DATE: 2008-06-25 18:00:00 UTC        
 READ IN fields at DATE: 2008-06-26 00:00:00 UTC        
 READ IN fields at DATE: 2008-06-26 06:00:00 UTC        
 READ IN fields at DATE: 2008-06-26 12:00:00 UTC        
 READ IN fields at DATE: 2008-06-26 18:00:00 UTC        
 READ IN fields at DATE: 2008-06-27 00:00:00 UTC        
 READ IN fields at DATE: 2008-06-27 06:00:00 UTC        
 READ IN fields at DATE: 2008-06-27 12:00:00 UTC        
 READ IN fields at DATE: 2008-06-27 18:00:00 UTC        
 READ IN fields at DATE: 2008-06-28 00:00:00 UTC        
 READ IN fields at DATE: 2008-06-28 06:00:00 UTC        
 READ IN fields at DATE: 2008-06-28 12:00:00 UTC        
 READ IN fields at DATE: 2008-06-28 18:00:00 UTC        
 READ IN fields at DATE: 2008-06-29 00:00:00 UTC        
 READ IN fields at DATE: 2008-06-29 06:00:00 UTC        
 READ IN fields at DATE: 2008-06-29 12:00:00 UTC        
 READ IN fields at DATE: 2008-06-29 18:00:00 UTC        
 READ IN fields at DATE: 2008-06-30 00:00:00 UTC        
 READ IN fields at DATE: 2008-06-30 06:00:00 UTC        
 READ IN fields at DATE: 2008-06-30 12:00:00 UTC        
 READ IN fields at DATE: 2008-06-30 18:00:00 UTC        
      131072 /leonardo_work/ICT24_ESP/RCMDATA//ERA5/2008/tatm_2008_07.nc
  2.407179044247030E-003   246.580202050126     
      196608 /leonardo_work/ICT24_ESP/RCMDATA//ERA5/2008/geop_2008_07.nc
   7.62423225703081        243180.031633871     
      262144 /leonardo_work/ICT24_ESP/RCMDATA//ERA5/2008/qhum_2008_07.nc
  4.637480116863827E-007  1.511173880529386E-002
      327680 /leonardo_work/ICT24_ESP/RCMDATA//ERA5/2008/uwnd_2008_07.nc
  3.948319300813855E-003   59.1769809184746     
      393216 /leonardo_work/ICT24_ESP/RCMDATA//ERA5/2008/vwnd_2008_07.nc
  2.577176246202414E-003   1.86247331373237     
 READ IN fields at DATE: 2008-07-01 00:00:00 UTC        
 Input ready at : Fri Jan 17 15:05:03 2025
 Successfully completed ICBC
icbc script complete
