
  This is icbc part of the RegCM version 5
   SVN Revision: 5.0.1 compiled at: data : Dec 03 2024  time: 16:32:23

 : this run start at    : 2025-01-15 07:30:03+0100
 : it is submitted by   : mdasilva
 : it is running on     : lrdn3825.leonardo.local
 : in directory         : 
 /leonardo/home/userexternal/mdasilva/github_projects/shell/ictp/regcm_exp/corde
 x5
                       
 Using Moloch non-hydrostatic dynamical core
 GLOBIDATE1 :  2000-08-01 00:00:00 UTC        
 GLOBIDATE2 :  2000-09-01 00:00:00 UTC        
 NSTEPS     :          125
 Computing weights, R =      38.89632416 .......... Done.
 Computing weights, R =      38.89632416 .......... Done.
 Computing weights, R =      38.89632416 .......... Done.
      131072 /leonardo_work/ICT24_ESP/RCMDATA//ERA5/2000/tatm_2000_08.nc
  2.216083393367893E-003   249.350591787405     
      196608 /leonardo_work/ICT24_ESP/RCMDATA//ERA5/2000/geop_2000_08.nc
   7.53534127128699        241026.972563739     
      262144 /leonardo_work/ICT24_ESP/RCMDATA//ERA5/2000/qhum_2000_08.nc
  4.646763888710180E-007  1.512582392383924E-002
      327680 /leonardo_work/ICT24_ESP/RCMDATA//ERA5/2000/uwnd_2000_08.nc
  3.862127038900010E-003   54.2757178622618     
      393216 /leonardo_work/ICT24_ESP/RCMDATA//ERA5/2000/vwnd_2000_08.nc
  3.697078645983345E-003   18.4721123371419     
 READ IN fields at DATE: 2000-08-01 00:00:00 UTC        
 READ IN fields at DATE: 2000-08-01 06:00:00 UTC        
 READ IN fields at DATE: 2000-08-01 12:00:00 UTC        
 READ IN fields at DATE: 2000-08-01 18:00:00 UTC        
 READ IN fields at DATE: 2000-08-02 00:00:00 UTC        
 READ IN fields at DATE: 2000-08-02 06:00:00 UTC        
 READ IN fields at DATE: 2000-08-02 12:00:00 UTC        
 READ IN fields at DATE: 2000-08-02 18:00:00 UTC        
 READ IN fields at DATE: 2000-08-03 00:00:00 UTC        
 READ IN fields at DATE: 2000-08-03 06:00:00 UTC        
 READ IN fields at DATE: 2000-08-03 12:00:00 UTC        
 READ IN fields at DATE: 2000-08-03 18:00:00 UTC        
 READ IN fields at DATE: 2000-08-04 00:00:00 UTC        
 READ IN fields at DATE: 2000-08-04 06:00:00 UTC        
 READ IN fields at DATE: 2000-08-04 12:00:00 UTC        
 READ IN fields at DATE: 2000-08-04 18:00:00 UTC        
 READ IN fields at DATE: 2000-08-05 00:00:00 UTC        
 READ IN fields at DATE: 2000-08-05 06:00:00 UTC        
 READ IN fields at DATE: 2000-08-05 12:00:00 UTC        
 READ IN fields at DATE: 2000-08-05 18:00:00 UTC        
 READ IN fields at DATE: 2000-08-06 00:00:00 UTC        
 READ IN fields at DATE: 2000-08-06 06:00:00 UTC        
 READ IN fields at DATE: 2000-08-06 12:00:00 UTC        
 READ IN fields at DATE: 2000-08-06 18:00:00 UTC        
 READ IN fields at DATE: 2000-08-07 00:00:00 UTC        
 READ IN fields at DATE: 2000-08-07 06:00:00 UTC        
 READ IN fields at DATE: 2000-08-07 12:00:00 UTC        
 READ IN fields at DATE: 2000-08-07 18:00:00 UTC        
 READ IN fields at DATE: 2000-08-08 00:00:00 UTC        
 READ IN fields at DATE: 2000-08-08 06:00:00 UTC        
 READ IN fields at DATE: 2000-08-08 12:00:00 UTC        
 READ IN fields at DATE: 2000-08-08 18:00:00 UTC        
 READ IN fields at DATE: 2000-08-09 00:00:00 UTC        
 READ IN fields at DATE: 2000-08-09 06:00:00 UTC        
 READ IN fields at DATE: 2000-08-09 12:00:00 UTC        
 READ IN fields at DATE: 2000-08-09 18:00:00 UTC        
 READ IN fields at DATE: 2000-08-10 00:00:00 UTC        
 READ IN fields at DATE: 2000-08-10 06:00:00 UTC        
 READ IN fields at DATE: 2000-08-10 12:00:00 UTC        
 READ IN fields at DATE: 2000-08-10 18:00:00 UTC        
 READ IN fields at DATE: 2000-08-11 00:00:00 UTC        
 READ IN fields at DATE: 2000-08-11 06:00:00 UTC        
 READ IN fields at DATE: 2000-08-11 12:00:00 UTC        
 READ IN fields at DATE: 2000-08-11 18:00:00 UTC        
 READ IN fields at DATE: 2000-08-12 00:00:00 UTC        
 READ IN fields at DATE: 2000-08-12 06:00:00 UTC        
 READ IN fields at DATE: 2000-08-12 12:00:00 UTC        
 READ IN fields at DATE: 2000-08-12 18:00:00 UTC        
 READ IN fields at DATE: 2000-08-13 00:00:00 UTC        
 READ IN fields at DATE: 2000-08-13 06:00:00 UTC        
 READ IN fields at DATE: 2000-08-13 12:00:00 UTC        
 READ IN fields at DATE: 2000-08-13 18:00:00 UTC        
 READ IN fields at DATE: 2000-08-14 00:00:00 UTC        
 READ IN fields at DATE: 2000-08-14 06:00:00 UTC        
 READ IN fields at DATE: 2000-08-14 12:00:00 UTC        
 READ IN fields at DATE: 2000-08-14 18:00:00 UTC        
 READ IN fields at DATE: 2000-08-15 00:00:00 UTC        
 READ IN fields at DATE: 2000-08-15 06:00:00 UTC        
 READ IN fields at DATE: 2000-08-15 12:00:00 UTC        
 READ IN fields at DATE: 2000-08-15 18:00:00 UTC        
 READ IN fields at DATE: 2000-08-16 00:00:00 UTC        
 READ IN fields at DATE: 2000-08-16 06:00:00 UTC        
 READ IN fields at DATE: 2000-08-16 12:00:00 UTC        
 READ IN fields at DATE: 2000-08-16 18:00:00 UTC        
 READ IN fields at DATE: 2000-08-17 00:00:00 UTC        
 READ IN fields at DATE: 2000-08-17 06:00:00 UTC        
 READ IN fields at DATE: 2000-08-17 12:00:00 UTC        
 READ IN fields at DATE: 2000-08-17 18:00:00 UTC        
 READ IN fields at DATE: 2000-08-18 00:00:00 UTC        
 READ IN fields at DATE: 2000-08-18 06:00:00 UTC        
 READ IN fields at DATE: 2000-08-18 12:00:00 UTC        
 READ IN fields at DATE: 2000-08-18 18:00:00 UTC        
 READ IN fields at DATE: 2000-08-19 00:00:00 UTC        
 READ IN fields at DATE: 2000-08-19 06:00:00 UTC        
 READ IN fields at DATE: 2000-08-19 12:00:00 UTC        
 READ IN fields at DATE: 2000-08-19 18:00:00 UTC        
 READ IN fields at DATE: 2000-08-20 00:00:00 UTC        
 READ IN fields at DATE: 2000-08-20 06:00:00 UTC        
 READ IN fields at DATE: 2000-08-20 12:00:00 UTC        
 READ IN fields at DATE: 2000-08-20 18:00:00 UTC        
 READ IN fields at DATE: 2000-08-21 00:00:00 UTC        
 READ IN fields at DATE: 2000-08-21 06:00:00 UTC        
 READ IN fields at DATE: 2000-08-21 12:00:00 UTC        
 READ IN fields at DATE: 2000-08-21 18:00:00 UTC        
 READ IN fields at DATE: 2000-08-22 00:00:00 UTC        
 READ IN fields at DATE: 2000-08-22 06:00:00 UTC        
 READ IN fields at DATE: 2000-08-22 12:00:00 UTC        
 READ IN fields at DATE: 2000-08-22 18:00:00 UTC        
 READ IN fields at DATE: 2000-08-23 00:00:00 UTC        
 READ IN fields at DATE: 2000-08-23 06:00:00 UTC        
 READ IN fields at DATE: 2000-08-23 12:00:00 UTC        
 READ IN fields at DATE: 2000-08-23 18:00:00 UTC        
 READ IN fields at DATE: 2000-08-24 00:00:00 UTC        
 READ IN fields at DATE: 2000-08-24 06:00:00 UTC        
 READ IN fields at DATE: 2000-08-24 12:00:00 UTC        
 READ IN fields at DATE: 2000-08-24 18:00:00 UTC        
 READ IN fields at DATE: 2000-08-25 00:00:00 UTC        
 READ IN fields at DATE: 2000-08-25 06:00:00 UTC        
 READ IN fields at DATE: 2000-08-25 12:00:00 UTC        
 READ IN fields at DATE: 2000-08-25 18:00:00 UTC        
 READ IN fields at DATE: 2000-08-26 00:00:00 UTC        
 READ IN fields at DATE: 2000-08-26 06:00:00 UTC        
 READ IN fields at DATE: 2000-08-26 12:00:00 UTC        
 READ IN fields at DATE: 2000-08-26 18:00:00 UTC        
 READ IN fields at DATE: 2000-08-27 00:00:00 UTC        
 READ IN fields at DATE: 2000-08-27 06:00:00 UTC        
 READ IN fields at DATE: 2000-08-27 12:00:00 UTC        
 READ IN fields at DATE: 2000-08-27 18:00:00 UTC        
 READ IN fields at DATE: 2000-08-28 00:00:00 UTC        
 READ IN fields at DATE: 2000-08-28 06:00:00 UTC        
 READ IN fields at DATE: 2000-08-28 12:00:00 UTC        
 READ IN fields at DATE: 2000-08-28 18:00:00 UTC        
 READ IN fields at DATE: 2000-08-29 00:00:00 UTC        
 READ IN fields at DATE: 2000-08-29 06:00:00 UTC        
 READ IN fields at DATE: 2000-08-29 12:00:00 UTC        
 READ IN fields at DATE: 2000-08-29 18:00:00 UTC        
 READ IN fields at DATE: 2000-08-30 00:00:00 UTC        
 READ IN fields at DATE: 2000-08-30 06:00:00 UTC        
 READ IN fields at DATE: 2000-08-30 12:00:00 UTC        
 READ IN fields at DATE: 2000-08-30 18:00:00 UTC        
 READ IN fields at DATE: 2000-08-31 00:00:00 UTC        
 READ IN fields at DATE: 2000-08-31 06:00:00 UTC        
 READ IN fields at DATE: 2000-08-31 12:00:00 UTC        
 READ IN fields at DATE: 2000-08-31 18:00:00 UTC        
      131072 /leonardo_work/ICT24_ESP/RCMDATA//ERA5/2000/tatm_2000_09.nc
  2.225519985666811E-003   246.926453768327     
      196608 /leonardo_work/ICT24_ESP/RCMDATA//ERA5/2000/geop_2000_09.nc
   7.34425737796225        235375.155996311     
      262144 /leonardo_work/ICT24_ESP/RCMDATA//ERA5/2000/qhum_2000_09.nc
  4.016478619206976E-007  1.314125472822777E-002
      327680 /leonardo_work/ICT24_ESP/RCMDATA//ERA5/2000/uwnd_2000_09.nc
  3.906518233180230E-003   33.9472654908834     
      393216 /leonardo_work/ICT24_ESP/RCMDATA//ERA5/2000/vwnd_2000_09.nc
  3.494734664632227E-003   2.42789435630050     
 READ IN fields at DATE: 2000-09-01 00:00:00 UTC        
 Input ready at : Wed Jan 15 08:06:00 2025
 Successfully completed ICBC
icbc script complete
