
  This is icbc part of the RegCM version 5
   SVN Revision: 5.0.1 compiled at: data : Dec 03 2024  time: 16:32:23

 : this run start at    : 2025-01-16 11:11:32+0100
 : it is submitted by   : mdasilva
 : it is running on     : lrdn3933.leonardo.local
 : in directory         : 
 /leonardo/home/userexternal/mdasilva/github_projects/shell/ictp/regcm_exp/corde
 x5
                       
 Using Moloch non-hydrostatic dynamical core
 GLOBIDATE1 :  2004-08-01 00:00:00 UTC        
 GLOBIDATE2 :  2004-09-01 00:00:00 UTC        
 NSTEPS     :          125
 Computing weights, R =      38.89632416 .......... Done.
 Computing weights, R =      38.89632416 .......... Done.
 Computing weights, R =      38.89632416 .......... Done.
      131072 /leonardo_work/ICT24_ESP/RCMDATA//ERA5/2004/tatm_2004_08.nc
  2.351416812128527E-003   246.944167309172     
      196608 /leonardo_work/ICT24_ESP/RCMDATA//ERA5/2004/geop_2004_08.nc
   7.53912341873560        241270.230438291     
      262144 /leonardo_work/ICT24_ESP/RCMDATA//ERA5/2004/qhum_2004_08.nc
  4.390016405429072E-007  1.426527579978556E-002
      327680 /leonardo_work/ICT24_ESP/RCMDATA//ERA5/2004/uwnd_2004_08.nc
  4.258796412834231E-003   56.2540504113639     
      393216 /leonardo_work/ICT24_ESP/RCMDATA//ERA5/2004/vwnd_2004_08.nc
  4.001194300784052E-003   6.15139600929492     
 READ IN fields at DATE: 2004-08-01 00:00:00 UTC        
 READ IN fields at DATE: 2004-08-01 06:00:00 UTC        
 READ IN fields at DATE: 2004-08-01 12:00:00 UTC        
 READ IN fields at DATE: 2004-08-01 18:00:00 UTC        
 READ IN fields at DATE: 2004-08-02 00:00:00 UTC        
 READ IN fields at DATE: 2004-08-02 06:00:00 UTC        
 READ IN fields at DATE: 2004-08-02 12:00:00 UTC        
 READ IN fields at DATE: 2004-08-02 18:00:00 UTC        
 READ IN fields at DATE: 2004-08-03 00:00:00 UTC        
 READ IN fields at DATE: 2004-08-03 06:00:00 UTC        
 READ IN fields at DATE: 2004-08-03 12:00:00 UTC        
 READ IN fields at DATE: 2004-08-03 18:00:00 UTC        
 READ IN fields at DATE: 2004-08-04 00:00:00 UTC        
 READ IN fields at DATE: 2004-08-04 06:00:00 UTC        
 READ IN fields at DATE: 2004-08-04 12:00:00 UTC        
 READ IN fields at DATE: 2004-08-04 18:00:00 UTC        
 READ IN fields at DATE: 2004-08-05 00:00:00 UTC        
 READ IN fields at DATE: 2004-08-05 06:00:00 UTC        
 READ IN fields at DATE: 2004-08-05 12:00:00 UTC        
 READ IN fields at DATE: 2004-08-05 18:00:00 UTC        
 READ IN fields at DATE: 2004-08-06 00:00:00 UTC        
 READ IN fields at DATE: 2004-08-06 06:00:00 UTC        
 READ IN fields at DATE: 2004-08-06 12:00:00 UTC        
 READ IN fields at DATE: 2004-08-06 18:00:00 UTC        
 READ IN fields at DATE: 2004-08-07 00:00:00 UTC        
 READ IN fields at DATE: 2004-08-07 06:00:00 UTC        
 READ IN fields at DATE: 2004-08-07 12:00:00 UTC        
 READ IN fields at DATE: 2004-08-07 18:00:00 UTC        
 READ IN fields at DATE: 2004-08-08 00:00:00 UTC        
 READ IN fields at DATE: 2004-08-08 06:00:00 UTC        
 READ IN fields at DATE: 2004-08-08 12:00:00 UTC        
 READ IN fields at DATE: 2004-08-08 18:00:00 UTC        
 READ IN fields at DATE: 2004-08-09 00:00:00 UTC        
 READ IN fields at DATE: 2004-08-09 06:00:00 UTC        
 READ IN fields at DATE: 2004-08-09 12:00:00 UTC        
 READ IN fields at DATE: 2004-08-09 18:00:00 UTC        
 READ IN fields at DATE: 2004-08-10 00:00:00 UTC        
 READ IN fields at DATE: 2004-08-10 06:00:00 UTC        
 READ IN fields at DATE: 2004-08-10 12:00:00 UTC        
 READ IN fields at DATE: 2004-08-10 18:00:00 UTC        
 READ IN fields at DATE: 2004-08-11 00:00:00 UTC        
 READ IN fields at DATE: 2004-08-11 06:00:00 UTC        
 READ IN fields at DATE: 2004-08-11 12:00:00 UTC        
 READ IN fields at DATE: 2004-08-11 18:00:00 UTC        
 READ IN fields at DATE: 2004-08-12 00:00:00 UTC        
 READ IN fields at DATE: 2004-08-12 06:00:00 UTC        
 READ IN fields at DATE: 2004-08-12 12:00:00 UTC        
 READ IN fields at DATE: 2004-08-12 18:00:00 UTC        
 READ IN fields at DATE: 2004-08-13 00:00:00 UTC        
 READ IN fields at DATE: 2004-08-13 06:00:00 UTC        
 READ IN fields at DATE: 2004-08-13 12:00:00 UTC        
 READ IN fields at DATE: 2004-08-13 18:00:00 UTC        
 READ IN fields at DATE: 2004-08-14 00:00:00 UTC        
 READ IN fields at DATE: 2004-08-14 06:00:00 UTC        
 READ IN fields at DATE: 2004-08-14 12:00:00 UTC        
 READ IN fields at DATE: 2004-08-14 18:00:00 UTC        
 READ IN fields at DATE: 2004-08-15 00:00:00 UTC        
 READ IN fields at DATE: 2004-08-15 06:00:00 UTC        
 READ IN fields at DATE: 2004-08-15 12:00:00 UTC        
 READ IN fields at DATE: 2004-08-15 18:00:00 UTC        
 READ IN fields at DATE: 2004-08-16 00:00:00 UTC        
 READ IN fields at DATE: 2004-08-16 06:00:00 UTC        
 READ IN fields at DATE: 2004-08-16 12:00:00 UTC        
 READ IN fields at DATE: 2004-08-16 18:00:00 UTC        
 READ IN fields at DATE: 2004-08-17 00:00:00 UTC        
 READ IN fields at DATE: 2004-08-17 06:00:00 UTC        
 READ IN fields at DATE: 2004-08-17 12:00:00 UTC        
 READ IN fields at DATE: 2004-08-17 18:00:00 UTC        
 READ IN fields at DATE: 2004-08-18 00:00:00 UTC        
 READ IN fields at DATE: 2004-08-18 06:00:00 UTC        
 READ IN fields at DATE: 2004-08-18 12:00:00 UTC        
 READ IN fields at DATE: 2004-08-18 18:00:00 UTC        
 READ IN fields at DATE: 2004-08-19 00:00:00 UTC        
 READ IN fields at DATE: 2004-08-19 06:00:00 UTC        
 READ IN fields at DATE: 2004-08-19 12:00:00 UTC        
 READ IN fields at DATE: 2004-08-19 18:00:00 UTC        
 READ IN fields at DATE: 2004-08-20 00:00:00 UTC        
 READ IN fields at DATE: 2004-08-20 06:00:00 UTC        
 READ IN fields at DATE: 2004-08-20 12:00:00 UTC        
 READ IN fields at DATE: 2004-08-20 18:00:00 UTC        
 READ IN fields at DATE: 2004-08-21 00:00:00 UTC        
 READ IN fields at DATE: 2004-08-21 06:00:00 UTC        
 READ IN fields at DATE: 2004-08-21 12:00:00 UTC        
 READ IN fields at DATE: 2004-08-21 18:00:00 UTC        
 READ IN fields at DATE: 2004-08-22 00:00:00 UTC        
 READ IN fields at DATE: 2004-08-22 06:00:00 UTC        
 READ IN fields at DATE: 2004-08-22 12:00:00 UTC        
 READ IN fields at DATE: 2004-08-22 18:00:00 UTC        
 READ IN fields at DATE: 2004-08-23 00:00:00 UTC        
 READ IN fields at DATE: 2004-08-23 06:00:00 UTC        
 READ IN fields at DATE: 2004-08-23 12:00:00 UTC        
 READ IN fields at DATE: 2004-08-23 18:00:00 UTC        
 READ IN fields at DATE: 2004-08-24 00:00:00 UTC        
 READ IN fields at DATE: 2004-08-24 06:00:00 UTC        
 READ IN fields at DATE: 2004-08-24 12:00:00 UTC        
 READ IN fields at DATE: 2004-08-24 18:00:00 UTC        
 READ IN fields at DATE: 2004-08-25 00:00:00 UTC        
 READ IN fields at DATE: 2004-08-25 06:00:00 UTC        
 READ IN fields at DATE: 2004-08-25 12:00:00 UTC        
 READ IN fields at DATE: 2004-08-25 18:00:00 UTC        
 READ IN fields at DATE: 2004-08-26 00:00:00 UTC        
 READ IN fields at DATE: 2004-08-26 06:00:00 UTC        
 READ IN fields at DATE: 2004-08-26 12:00:00 UTC        
 READ IN fields at DATE: 2004-08-26 18:00:00 UTC        
 READ IN fields at DATE: 2004-08-27 00:00:00 UTC        
 READ IN fields at DATE: 2004-08-27 06:00:00 UTC        
 READ IN fields at DATE: 2004-08-27 12:00:00 UTC        
 READ IN fields at DATE: 2004-08-27 18:00:00 UTC        
 READ IN fields at DATE: 2004-08-28 00:00:00 UTC        
 READ IN fields at DATE: 2004-08-28 06:00:00 UTC        
 READ IN fields at DATE: 2004-08-28 12:00:00 UTC        
 READ IN fields at DATE: 2004-08-28 18:00:00 UTC        
 READ IN fields at DATE: 2004-08-29 00:00:00 UTC        
 READ IN fields at DATE: 2004-08-29 06:00:00 UTC        
 READ IN fields at DATE: 2004-08-29 12:00:00 UTC        
 READ IN fields at DATE: 2004-08-29 18:00:00 UTC        
 READ IN fields at DATE: 2004-08-30 00:00:00 UTC        
 READ IN fields at DATE: 2004-08-30 06:00:00 UTC        
 READ IN fields at DATE: 2004-08-30 12:00:00 UTC        
 READ IN fields at DATE: 2004-08-30 18:00:00 UTC        
 READ IN fields at DATE: 2004-08-31 00:00:00 UTC        
 READ IN fields at DATE: 2004-08-31 06:00:00 UTC        
 READ IN fields at DATE: 2004-08-31 12:00:00 UTC        
 READ IN fields at DATE: 2004-08-31 18:00:00 UTC        
      131072 /leonardo_work/ICT24_ESP/RCMDATA//ERA5/2004/tatm_2004_09.nc
  2.211080332305742E-003   247.993698842158     
      196608 /leonardo_work/ICT24_ESP/RCMDATA//ERA5/2004/geop_2004_09.nc
   7.37183574258389        235024.933222754     
      262144 /leonardo_work/ICT24_ESP/RCMDATA//ERA5/2004/qhum_2004_09.nc
  4.098661663377462E-007  1.339802733008777E-002
      327680 /leonardo_work/ICT24_ESP/RCMDATA//ERA5/2004/uwnd_2004_09.nc
  3.444636762874358E-003   33.1151066000756     
      393216 /leonardo_work/ICT24_ESP/RCMDATA//ERA5/2004/vwnd_2004_09.nc
  3.056118697250455E-003   5.88556453098341     
 READ IN fields at DATE: 2004-09-01 00:00:00 UTC        
 Input ready at : Thu Jan 16 11:44:02 2025
 Successfully completed ICBC
icbc script complete
