
  This is icbc part of the RegCM version 5
   SVN Revision: 5.0.1 compiled at: data : Dec 03 2024  time: 16:32:23

 : this run start at    : 2025-01-14 22:15:57+0100
 : it is submitted by   : mdasilva
 : it is running on     : lrdn3507.leonardo.local
 : in directory         : 
 /leonardo/home/userexternal/mdasilva/github_projects/shell/ictp/regcm_exp/corde
 x5
                       
 Using Moloch non-hydrostatic dynamical core
 GLOBIDATE1 :  1999-02-01 00:00:00 UTC        
 GLOBIDATE2 :  1999-03-01 00:00:00 UTC        
 NSTEPS     :          113
 Computing weights, R =      38.89632416 .......... Done.
 Computing weights, R =      38.89632416 .......... Done.
 Computing weights, R =      38.89632416 .......... Done.
      131072 /leonardo_work/ICT24_ESP/RCMDATA//ERA5/1999/tatm_1999_02.nc
  2.079708941144752E-003   248.491689332541     
      196608 /leonardo_work/ICT24_ESP/RCMDATA//ERA5/1999/geop_1999_02.nc
   7.50767063445134        240829.218820933     
      262144 /leonardo_work/ICT24_ESP/RCMDATA//ERA5/1999/qhum_1999_02.nc
  3.873842654504972E-007  1.266535048602951E-002
      327680 /leonardo_work/ICT24_ESP/RCMDATA//ERA5/1999/uwnd_1999_02.nc
  5.345484000844517E-003   28.5751928585855     
      393216 /leonardo_work/ICT24_ESP/RCMDATA//ERA5/1999/vwnd_1999_02.nc
  4.603119802237041E-003  -1.94149528548706     
 READ IN fields at DATE: 1999-02-01 00:00:00 UTC        
 READ IN fields at DATE: 1999-02-01 06:00:00 UTC        
 READ IN fields at DATE: 1999-02-01 12:00:00 UTC        
 READ IN fields at DATE: 1999-02-01 18:00:00 UTC        
 READ IN fields at DATE: 1999-02-02 00:00:00 UTC        
 READ IN fields at DATE: 1999-02-02 06:00:00 UTC        
 READ IN fields at DATE: 1999-02-02 12:00:00 UTC        
 READ IN fields at DATE: 1999-02-02 18:00:00 UTC        
 READ IN fields at DATE: 1999-02-03 00:00:00 UTC        
 READ IN fields at DATE: 1999-02-03 06:00:00 UTC        
 READ IN fields at DATE: 1999-02-03 12:00:00 UTC        
 READ IN fields at DATE: 1999-02-03 18:00:00 UTC        
 READ IN fields at DATE: 1999-02-04 00:00:00 UTC        
 READ IN fields at DATE: 1999-02-04 06:00:00 UTC        
 READ IN fields at DATE: 1999-02-04 12:00:00 UTC        
 READ IN fields at DATE: 1999-02-04 18:00:00 UTC        
 READ IN fields at DATE: 1999-02-05 00:00:00 UTC        
 READ IN fields at DATE: 1999-02-05 06:00:00 UTC        
 READ IN fields at DATE: 1999-02-05 12:00:00 UTC        
 READ IN fields at DATE: 1999-02-05 18:00:00 UTC        
 READ IN fields at DATE: 1999-02-06 00:00:00 UTC        
 READ IN fields at DATE: 1999-02-06 06:00:00 UTC        
 READ IN fields at DATE: 1999-02-06 12:00:00 UTC        
 READ IN fields at DATE: 1999-02-06 18:00:00 UTC        
 READ IN fields at DATE: 1999-02-07 00:00:00 UTC        
 READ IN fields at DATE: 1999-02-07 06:00:00 UTC        
 READ IN fields at DATE: 1999-02-07 12:00:00 UTC        
 READ IN fields at DATE: 1999-02-07 18:00:00 UTC        
 READ IN fields at DATE: 1999-02-08 00:00:00 UTC        
 READ IN fields at DATE: 1999-02-08 06:00:00 UTC        
 READ IN fields at DATE: 1999-02-08 12:00:00 UTC        
 READ IN fields at DATE: 1999-02-08 18:00:00 UTC        
 READ IN fields at DATE: 1999-02-09 00:00:00 UTC        
 READ IN fields at DATE: 1999-02-09 06:00:00 UTC        
 READ IN fields at DATE: 1999-02-09 12:00:00 UTC        
 READ IN fields at DATE: 1999-02-09 18:00:00 UTC        
 READ IN fields at DATE: 1999-02-10 00:00:00 UTC        
 READ IN fields at DATE: 1999-02-10 06:00:00 UTC        
 READ IN fields at DATE: 1999-02-10 12:00:00 UTC        
 READ IN fields at DATE: 1999-02-10 18:00:00 UTC        
 READ IN fields at DATE: 1999-02-11 00:00:00 UTC        
 READ IN fields at DATE: 1999-02-11 06:00:00 UTC        
 READ IN fields at DATE: 1999-02-11 12:00:00 UTC        
 READ IN fields at DATE: 1999-02-11 18:00:00 UTC        
 READ IN fields at DATE: 1999-02-12 00:00:00 UTC        
 READ IN fields at DATE: 1999-02-12 06:00:00 UTC        
 READ IN fields at DATE: 1999-02-12 12:00:00 UTC        
 READ IN fields at DATE: 1999-02-12 18:00:00 UTC        
 READ IN fields at DATE: 1999-02-13 00:00:00 UTC        
 READ IN fields at DATE: 1999-02-13 06:00:00 UTC        
 READ IN fields at DATE: 1999-02-13 12:00:00 UTC        
 READ IN fields at DATE: 1999-02-13 18:00:00 UTC        
 READ IN fields at DATE: 1999-02-14 00:00:00 UTC        
 READ IN fields at DATE: 1999-02-14 06:00:00 UTC        
 READ IN fields at DATE: 1999-02-14 12:00:00 UTC        
 READ IN fields at DATE: 1999-02-14 18:00:00 UTC        
 READ IN fields at DATE: 1999-02-15 00:00:00 UTC        
 READ IN fields at DATE: 1999-02-15 06:00:00 UTC        
 READ IN fields at DATE: 1999-02-15 12:00:00 UTC        
 READ IN fields at DATE: 1999-02-15 18:00:00 UTC        
 READ IN fields at DATE: 1999-02-16 00:00:00 UTC        
 READ IN fields at DATE: 1999-02-16 06:00:00 UTC        
 READ IN fields at DATE: 1999-02-16 12:00:00 UTC        
 READ IN fields at DATE: 1999-02-16 18:00:00 UTC        
 READ IN fields at DATE: 1999-02-17 00:00:00 UTC        
 READ IN fields at DATE: 1999-02-17 06:00:00 UTC        
 READ IN fields at DATE: 1999-02-17 12:00:00 UTC        
 READ IN fields at DATE: 1999-02-17 18:00:00 UTC        
 READ IN fields at DATE: 1999-02-18 00:00:00 UTC        
 READ IN fields at DATE: 1999-02-18 06:00:00 UTC        
 READ IN fields at DATE: 1999-02-18 12:00:00 UTC        
 READ IN fields at DATE: 1999-02-18 18:00:00 UTC        
 READ IN fields at DATE: 1999-02-19 00:00:00 UTC        
 READ IN fields at DATE: 1999-02-19 06:00:00 UTC        
 READ IN fields at DATE: 1999-02-19 12:00:00 UTC        
 READ IN fields at DATE: 1999-02-19 18:00:00 UTC        
 READ IN fields at DATE: 1999-02-20 00:00:00 UTC        
 READ IN fields at DATE: 1999-02-20 06:00:00 UTC        
 READ IN fields at DATE: 1999-02-20 12:00:00 UTC        
 READ IN fields at DATE: 1999-02-20 18:00:00 UTC        
 READ IN fields at DATE: 1999-02-21 00:00:00 UTC        
 READ IN fields at DATE: 1999-02-21 06:00:00 UTC        
 READ IN fields at DATE: 1999-02-21 12:00:00 UTC        
 READ IN fields at DATE: 1999-02-21 18:00:00 UTC        
 READ IN fields at DATE: 1999-02-22 00:00:00 UTC        
 READ IN fields at DATE: 1999-02-22 06:00:00 UTC        
 READ IN fields at DATE: 1999-02-22 12:00:00 UTC        
 READ IN fields at DATE: 1999-02-22 18:00:00 UTC        
 READ IN fields at DATE: 1999-02-23 00:00:00 UTC        
 READ IN fields at DATE: 1999-02-23 06:00:00 UTC        
 READ IN fields at DATE: 1999-02-23 12:00:00 UTC        
 READ IN fields at DATE: 1999-02-23 18:00:00 UTC        
 READ IN fields at DATE: 1999-02-24 00:00:00 UTC        
 READ IN fields at DATE: 1999-02-24 06:00:00 UTC        
 READ IN fields at DATE: 1999-02-24 12:00:00 UTC        
 READ IN fields at DATE: 1999-02-24 18:00:00 UTC        
 READ IN fields at DATE: 1999-02-25 00:00:00 UTC        
 READ IN fields at DATE: 1999-02-25 06:00:00 UTC        
 READ IN fields at DATE: 1999-02-25 12:00:00 UTC        
 READ IN fields at DATE: 1999-02-25 18:00:00 UTC        
 READ IN fields at DATE: 1999-02-26 00:00:00 UTC        
 READ IN fields at DATE: 1999-02-26 06:00:00 UTC        
 READ IN fields at DATE: 1999-02-26 12:00:00 UTC        
 READ IN fields at DATE: 1999-02-26 18:00:00 UTC        
 READ IN fields at DATE: 1999-02-27 00:00:00 UTC        
 READ IN fields at DATE: 1999-02-27 06:00:00 UTC        
 READ IN fields at DATE: 1999-02-27 12:00:00 UTC        
 READ IN fields at DATE: 1999-02-27 18:00:00 UTC        
 READ IN fields at DATE: 1999-02-28 00:00:00 UTC        
 READ IN fields at DATE: 1999-02-28 06:00:00 UTC        
 READ IN fields at DATE: 1999-02-28 12:00:00 UTC        
 READ IN fields at DATE: 1999-02-28 18:00:00 UTC        
      131072 /leonardo_work/ICT24_ESP/RCMDATA//ERA5/1999/tatm_1999_03.nc
  2.063887141813333E-003   249.661107949007     
      196608 /leonardo_work/ICT24_ESP/RCMDATA//ERA5/1999/geop_1999_03.nc
   7.33366389595700        235059.022621177     
      262144 /leonardo_work/ICT24_ESP/RCMDATA//ERA5/1999/qhum_1999_03.nc
  3.713663863783018E-007  1.214898318646192E-002
      327680 /leonardo_work/ICT24_ESP/RCMDATA//ERA5/1999/uwnd_1999_03.nc
  2.903707067491283E-003   13.7841926777163     
      393216 /leonardo_work/ICT24_ESP/RCMDATA//ERA5/1999/vwnd_1999_03.nc
  2.687748855195689E-003 -1.305727454941594E-003
 READ IN fields at DATE: 1999-03-01 00:00:00 UTC        
 Input ready at : Tue Jan 14 22:42:21 2025
 Successfully completed ICBC
icbc script complete
