
  This is icbc part of the RegCM version 5
   SVN Revision: 5.0.1 compiled at: data : Dec 03 2024  time: 16:32:23

 : this run start at    : 2025-01-15 19:59:16+0100
 : it is submitted by   : mdasilva
 : it is running on     : lrdn4239.leonardo.local
 : in directory         : 
 /leonardo/home/userexternal/mdasilva/github_projects/shell/ictp/regcm_exp/corde
 x5
                       
 Using Moloch non-hydrostatic dynamical core
 GLOBIDATE1 :  2002-06-01 00:00:00 UTC        
 GLOBIDATE2 :  2002-07-01 00:00:00 UTC        
 NSTEPS     :          121
 Computing weights, R =      38.89632416 .......... Done.
 Computing weights, R =      38.89632416 .......... Done.
 Computing weights, R =      38.89632416 .......... Done.
      131072 /leonardo_work/ICT24_ESP/RCMDATA//ERA5/2002/tatm_2002_06.nc
  2.408475970300745E-003   245.564561142874     
      196608 /leonardo_work/ICT24_ESP/RCMDATA//ERA5/2002/geop_2002_06.nc
   7.60446663083866        243464.129407310     
      262144 /leonardo_work/ICT24_ESP/RCMDATA//ERA5/2002/qhum_2002_06.nc
  4.259511923436007E-007  1.390558542730612E-002
      327680 /leonardo_work/ICT24_ESP/RCMDATA//ERA5/2002/uwnd_2002_06.nc
  4.548281018723391E-003   60.2672723682797     
      393216 /leonardo_work/ICT24_ESP/RCMDATA//ERA5/2002/vwnd_2002_06.nc
  4.417021158546195E-003   10.8637048805340     
 READ IN fields at DATE: 2002-06-01 00:00:00 UTC        
 READ IN fields at DATE: 2002-06-01 06:00:00 UTC        
 READ IN fields at DATE: 2002-06-01 12:00:00 UTC        
 READ IN fields at DATE: 2002-06-01 18:00:00 UTC        
 READ IN fields at DATE: 2002-06-02 00:00:00 UTC        
 READ IN fields at DATE: 2002-06-02 06:00:00 UTC        
 READ IN fields at DATE: 2002-06-02 12:00:00 UTC        
 READ IN fields at DATE: 2002-06-02 18:00:00 UTC        
 READ IN fields at DATE: 2002-06-03 00:00:00 UTC        
 READ IN fields at DATE: 2002-06-03 06:00:00 UTC        
 READ IN fields at DATE: 2002-06-03 12:00:00 UTC        
 READ IN fields at DATE: 2002-06-03 18:00:00 UTC        
 READ IN fields at DATE: 2002-06-04 00:00:00 UTC        
 READ IN fields at DATE: 2002-06-04 06:00:00 UTC        
 READ IN fields at DATE: 2002-06-04 12:00:00 UTC        
 READ IN fields at DATE: 2002-06-04 18:00:00 UTC        
 READ IN fields at DATE: 2002-06-05 00:00:00 UTC        
 READ IN fields at DATE: 2002-06-05 06:00:00 UTC        
 READ IN fields at DATE: 2002-06-05 12:00:00 UTC        
 READ IN fields at DATE: 2002-06-05 18:00:00 UTC        
 READ IN fields at DATE: 2002-06-06 00:00:00 UTC        
 READ IN fields at DATE: 2002-06-06 06:00:00 UTC        
 READ IN fields at DATE: 2002-06-06 12:00:00 UTC        
 READ IN fields at DATE: 2002-06-06 18:00:00 UTC        
 READ IN fields at DATE: 2002-06-07 00:00:00 UTC        
 READ IN fields at DATE: 2002-06-07 06:00:00 UTC        
 READ IN fields at DATE: 2002-06-07 12:00:00 UTC        
 READ IN fields at DATE: 2002-06-07 18:00:00 UTC        
 READ IN fields at DATE: 2002-06-08 00:00:00 UTC        
 READ IN fields at DATE: 2002-06-08 06:00:00 UTC        
 READ IN fields at DATE: 2002-06-08 12:00:00 UTC        
 READ IN fields at DATE: 2002-06-08 18:00:00 UTC        
 READ IN fields at DATE: 2002-06-09 00:00:00 UTC        
 READ IN fields at DATE: 2002-06-09 06:00:00 UTC        
 READ IN fields at DATE: 2002-06-09 12:00:00 UTC        
 READ IN fields at DATE: 2002-06-09 18:00:00 UTC        
 READ IN fields at DATE: 2002-06-10 00:00:00 UTC        
 READ IN fields at DATE: 2002-06-10 06:00:00 UTC        
 READ IN fields at DATE: 2002-06-10 12:00:00 UTC        
 READ IN fields at DATE: 2002-06-10 18:00:00 UTC        
 READ IN fields at DATE: 2002-06-11 00:00:00 UTC        
 READ IN fields at DATE: 2002-06-11 06:00:00 UTC        
 READ IN fields at DATE: 2002-06-11 12:00:00 UTC        
 READ IN fields at DATE: 2002-06-11 18:00:00 UTC        
 READ IN fields at DATE: 2002-06-12 00:00:00 UTC        
 READ IN fields at DATE: 2002-06-12 06:00:00 UTC        
 READ IN fields at DATE: 2002-06-12 12:00:00 UTC        
 READ IN fields at DATE: 2002-06-12 18:00:00 UTC        
 READ IN fields at DATE: 2002-06-13 00:00:00 UTC        
 READ IN fields at DATE: 2002-06-13 06:00:00 UTC        
 READ IN fields at DATE: 2002-06-13 12:00:00 UTC        
 READ IN fields at DATE: 2002-06-13 18:00:00 UTC        
 READ IN fields at DATE: 2002-06-14 00:00:00 UTC        
 READ IN fields at DATE: 2002-06-14 06:00:00 UTC        
 READ IN fields at DATE: 2002-06-14 12:00:00 UTC        
 READ IN fields at DATE: 2002-06-14 18:00:00 UTC        
 READ IN fields at DATE: 2002-06-15 00:00:00 UTC        
 READ IN fields at DATE: 2002-06-15 06:00:00 UTC        
 READ IN fields at DATE: 2002-06-15 12:00:00 UTC        
 READ IN fields at DATE: 2002-06-15 18:00:00 UTC        
 READ IN fields at DATE: 2002-06-16 00:00:00 UTC        
 READ IN fields at DATE: 2002-06-16 06:00:00 UTC        
 READ IN fields at DATE: 2002-06-16 12:00:00 UTC        
 READ IN fields at DATE: 2002-06-16 18:00:00 UTC        
 READ IN fields at DATE: 2002-06-17 00:00:00 UTC        
 READ IN fields at DATE: 2002-06-17 06:00:00 UTC        
 READ IN fields at DATE: 2002-06-17 12:00:00 UTC        
 READ IN fields at DATE: 2002-06-17 18:00:00 UTC        
 READ IN fields at DATE: 2002-06-18 00:00:00 UTC        
 READ IN fields at DATE: 2002-06-18 06:00:00 UTC        
 READ IN fields at DATE: 2002-06-18 12:00:00 UTC        
 READ IN fields at DATE: 2002-06-18 18:00:00 UTC        
 READ IN fields at DATE: 2002-06-19 00:00:00 UTC        
 READ IN fields at DATE: 2002-06-19 06:00:00 UTC        
 READ IN fields at DATE: 2002-06-19 12:00:00 UTC        
 READ IN fields at DATE: 2002-06-19 18:00:00 UTC        
 READ IN fields at DATE: 2002-06-20 00:00:00 UTC        
 READ IN fields at DATE: 2002-06-20 06:00:00 UTC        
 READ IN fields at DATE: 2002-06-20 12:00:00 UTC        
 READ IN fields at DATE: 2002-06-20 18:00:00 UTC        
 READ IN fields at DATE: 2002-06-21 00:00:00 UTC        
 READ IN fields at DATE: 2002-06-21 06:00:00 UTC        
 READ IN fields at DATE: 2002-06-21 12:00:00 UTC        
 READ IN fields at DATE: 2002-06-21 18:00:00 UTC        
 READ IN fields at DATE: 2002-06-22 00:00:00 UTC        
 READ IN fields at DATE: 2002-06-22 06:00:00 UTC        
 READ IN fields at DATE: 2002-06-22 12:00:00 UTC        
 READ IN fields at DATE: 2002-06-22 18:00:00 UTC        
 READ IN fields at DATE: 2002-06-23 00:00:00 UTC        
 READ IN fields at DATE: 2002-06-23 06:00:00 UTC        
 READ IN fields at DATE: 2002-06-23 12:00:00 UTC        
 READ IN fields at DATE: 2002-06-23 18:00:00 UTC        
 READ IN fields at DATE: 2002-06-24 00:00:00 UTC        
 READ IN fields at DATE: 2002-06-24 06:00:00 UTC        
 READ IN fields at DATE: 2002-06-24 12:00:00 UTC        
 READ IN fields at DATE: 2002-06-24 18:00:00 UTC        
 READ IN fields at DATE: 2002-06-25 00:00:00 UTC        
 READ IN fields at DATE: 2002-06-25 06:00:00 UTC        
 READ IN fields at DATE: 2002-06-25 12:00:00 UTC        
 READ IN fields at DATE: 2002-06-25 18:00:00 UTC        
 READ IN fields at DATE: 2002-06-26 00:00:00 UTC        
 READ IN fields at DATE: 2002-06-26 06:00:00 UTC        
 READ IN fields at DATE: 2002-06-26 12:00:00 UTC        
 READ IN fields at DATE: 2002-06-26 18:00:00 UTC        
 READ IN fields at DATE: 2002-06-27 00:00:00 UTC        
 READ IN fields at DATE: 2002-06-27 06:00:00 UTC        
 READ IN fields at DATE: 2002-06-27 12:00:00 UTC        
 READ IN fields at DATE: 2002-06-27 18:00:00 UTC        
 READ IN fields at DATE: 2002-06-28 00:00:00 UTC        
 READ IN fields at DATE: 2002-06-28 06:00:00 UTC        
 READ IN fields at DATE: 2002-06-28 12:00:00 UTC        
 READ IN fields at DATE: 2002-06-28 18:00:00 UTC        
 READ IN fields at DATE: 2002-06-29 00:00:00 UTC        
 READ IN fields at DATE: 2002-06-29 06:00:00 UTC        
 READ IN fields at DATE: 2002-06-29 12:00:00 UTC        
 READ IN fields at DATE: 2002-06-29 18:00:00 UTC        
 READ IN fields at DATE: 2002-06-30 00:00:00 UTC        
 READ IN fields at DATE: 2002-06-30 06:00:00 UTC        
 READ IN fields at DATE: 2002-06-30 12:00:00 UTC        
 READ IN fields at DATE: 2002-06-30 18:00:00 UTC        
      131072 /leonardo_work/ICT24_ESP/RCMDATA//ERA5/2002/tatm_2002_07.nc
  2.337436321815559E-003   247.674543867288     
      196608 /leonardo_work/ICT24_ESP/RCMDATA//ERA5/2002/geop_2002_07.nc
   7.60428983536920        243630.859964457     
      262144 /leonardo_work/ICT24_ESP/RCMDATA//ERA5/2002/qhum_2002_07.nc
  4.590154561930659E-007  1.498333455136553E-002
      327680 /leonardo_work/ICT24_ESP/RCMDATA//ERA5/2002/uwnd_2002_07.nc
  4.825506762888664E-003   65.2291775176146     
      393216 /leonardo_work/ICT24_ESP/RCMDATA//ERA5/2002/vwnd_2002_07.nc
  4.106870490031621E-003   2.48037606914952     
 READ IN fields at DATE: 2002-07-01 00:00:00 UTC        
 Input ready at : Wed Jan 15 20:32:25 2025
 Successfully completed ICBC
icbc script complete
