
  This is icbc part of the RegCM version 5
   SVN Revision: 5.0.1 compiled at: data : Dec 03 2024  time: 16:32:23

 : this run start at    : 2025-01-17 12:20:31+0100
 : it is submitted by   : mdasilva
 : it is running on     : lrdn4242.leonardo.local
 : in directory         : 
 /leonardo/home/userexternal/mdasilva/github_projects/shell/ictp/regcm_exp/corde
 x5
                       
 Using Moloch non-hydrostatic dynamical core
 GLOBIDATE1 :  2008-01-01 00:00:00 UTC        
 GLOBIDATE2 :  2008-02-01 00:00:00 UTC        
 NSTEPS     :          125
 Computing weights, R =      38.89632416 .......... Done.
 Computing weights, R =      38.89632416 .......... Done.
 Computing weights, R =      38.89632416 .......... Done.
      131072 /leonardo_work/ICT24_ESP/RCMDATA//ERA5/2008/tatm_2008_01.nc
  2.159290838486788E-003   249.076122197842     
      196608 /leonardo_work/ICT24_ESP/RCMDATA//ERA5/2008/geop_2008_01.nc
   7.62255264046358        245304.380129930     
      262144 /leonardo_work/ICT24_ESP/RCMDATA//ERA5/2008/qhum_2008_01.nc
  3.862403853885998E-007  1.262454969956031E-002
      327680 /leonardo_work/ICT24_ESP/RCMDATA//ERA5/2008/uwnd_2008_01.nc
  5.733655132928019E-003   9.46016112653510     
      393216 /leonardo_work/ICT24_ESP/RCMDATA//ERA5/2008/vwnd_2008_01.nc
  5.410442067355378E-003  -1.33063185677587     
 READ IN fields at DATE: 2008-01-01 00:00:00 UTC        
 READ IN fields at DATE: 2008-01-01 06:00:00 UTC        
 READ IN fields at DATE: 2008-01-01 12:00:00 UTC        
 READ IN fields at DATE: 2008-01-01 18:00:00 UTC        
 READ IN fields at DATE: 2008-01-02 00:00:00 UTC        
 READ IN fields at DATE: 2008-01-02 06:00:00 UTC        
 READ IN fields at DATE: 2008-01-02 12:00:00 UTC        
 READ IN fields at DATE: 2008-01-02 18:00:00 UTC        
 READ IN fields at DATE: 2008-01-03 00:00:00 UTC        
 READ IN fields at DATE: 2008-01-03 06:00:00 UTC        
 READ IN fields at DATE: 2008-01-03 12:00:00 UTC        
 READ IN fields at DATE: 2008-01-03 18:00:00 UTC        
 READ IN fields at DATE: 2008-01-04 00:00:00 UTC        
 READ IN fields at DATE: 2008-01-04 06:00:00 UTC        
 READ IN fields at DATE: 2008-01-04 12:00:00 UTC        
 READ IN fields at DATE: 2008-01-04 18:00:00 UTC        
 READ IN fields at DATE: 2008-01-05 00:00:00 UTC        
 READ IN fields at DATE: 2008-01-05 06:00:00 UTC        
 READ IN fields at DATE: 2008-01-05 12:00:00 UTC        
 READ IN fields at DATE: 2008-01-05 18:00:00 UTC        
 READ IN fields at DATE: 2008-01-06 00:00:00 UTC        
 READ IN fields at DATE: 2008-01-06 06:00:00 UTC        
 READ IN fields at DATE: 2008-01-06 12:00:00 UTC        
 READ IN fields at DATE: 2008-01-06 18:00:00 UTC        
 READ IN fields at DATE: 2008-01-07 00:00:00 UTC        
 READ IN fields at DATE: 2008-01-07 06:00:00 UTC        
 READ IN fields at DATE: 2008-01-07 12:00:00 UTC        
 READ IN fields at DATE: 2008-01-07 18:00:00 UTC        
 READ IN fields at DATE: 2008-01-08 00:00:00 UTC        
 READ IN fields at DATE: 2008-01-08 06:00:00 UTC        
 READ IN fields at DATE: 2008-01-08 12:00:00 UTC        
 READ IN fields at DATE: 2008-01-08 18:00:00 UTC        
 READ IN fields at DATE: 2008-01-09 00:00:00 UTC        
 READ IN fields at DATE: 2008-01-09 06:00:00 UTC        
 READ IN fields at DATE: 2008-01-09 12:00:00 UTC        
 READ IN fields at DATE: 2008-01-09 18:00:00 UTC        
 READ IN fields at DATE: 2008-01-10 00:00:00 UTC        
 READ IN fields at DATE: 2008-01-10 06:00:00 UTC        
 READ IN fields at DATE: 2008-01-10 12:00:00 UTC        
 READ IN fields at DATE: 2008-01-10 18:00:00 UTC        
 READ IN fields at DATE: 2008-01-11 00:00:00 UTC        
 READ IN fields at DATE: 2008-01-11 06:00:00 UTC        
 READ IN fields at DATE: 2008-01-11 12:00:00 UTC        
 READ IN fields at DATE: 2008-01-11 18:00:00 UTC        
 READ IN fields at DATE: 2008-01-12 00:00:00 UTC        
 READ IN fields at DATE: 2008-01-12 06:00:00 UTC        
 READ IN fields at DATE: 2008-01-12 12:00:00 UTC        
 READ IN fields at DATE: 2008-01-12 18:00:00 UTC        
 READ IN fields at DATE: 2008-01-13 00:00:00 UTC        
 READ IN fields at DATE: 2008-01-13 06:00:00 UTC        
 READ IN fields at DATE: 2008-01-13 12:00:00 UTC        
 READ IN fields at DATE: 2008-01-13 18:00:00 UTC        
 READ IN fields at DATE: 2008-01-14 00:00:00 UTC        
 READ IN fields at DATE: 2008-01-14 06:00:00 UTC        
 READ IN fields at DATE: 2008-01-14 12:00:00 UTC        
 READ IN fields at DATE: 2008-01-14 18:00:00 UTC        
 READ IN fields at DATE: 2008-01-15 00:00:00 UTC        
 READ IN fields at DATE: 2008-01-15 06:00:00 UTC        
 READ IN fields at DATE: 2008-01-15 12:00:00 UTC        
 READ IN fields at DATE: 2008-01-15 18:00:00 UTC        
 READ IN fields at DATE: 2008-01-16 00:00:00 UTC        
 READ IN fields at DATE: 2008-01-16 06:00:00 UTC        
 READ IN fields at DATE: 2008-01-16 12:00:00 UTC        
 READ IN fields at DATE: 2008-01-16 18:00:00 UTC        
 READ IN fields at DATE: 2008-01-17 00:00:00 UTC        
 READ IN fields at DATE: 2008-01-17 06:00:00 UTC        
 READ IN fields at DATE: 2008-01-17 12:00:00 UTC        
 READ IN fields at DATE: 2008-01-17 18:00:00 UTC        
 READ IN fields at DATE: 2008-01-18 00:00:00 UTC        
 READ IN fields at DATE: 2008-01-18 06:00:00 UTC        
 READ IN fields at DATE: 2008-01-18 12:00:00 UTC        
 READ IN fields at DATE: 2008-01-18 18:00:00 UTC        
 READ IN fields at DATE: 2008-01-19 00:00:00 UTC        
 READ IN fields at DATE: 2008-01-19 06:00:00 UTC        
 READ IN fields at DATE: 2008-01-19 12:00:00 UTC        
 READ IN fields at DATE: 2008-01-19 18:00:00 UTC        
 READ IN fields at DATE: 2008-01-20 00:00:00 UTC        
 READ IN fields at DATE: 2008-01-20 06:00:00 UTC        
 READ IN fields at DATE: 2008-01-20 12:00:00 UTC        
 READ IN fields at DATE: 2008-01-20 18:00:00 UTC        
 READ IN fields at DATE: 2008-01-21 00:00:00 UTC        
 READ IN fields at DATE: 2008-01-21 06:00:00 UTC        
 READ IN fields at DATE: 2008-01-21 12:00:00 UTC        
 READ IN fields at DATE: 2008-01-21 18:00:00 UTC        
 READ IN fields at DATE: 2008-01-22 00:00:00 UTC        
 READ IN fields at DATE: 2008-01-22 06:00:00 UTC        
 READ IN fields at DATE: 2008-01-22 12:00:00 UTC        
 READ IN fields at DATE: 2008-01-22 18:00:00 UTC        
 READ IN fields at DATE: 2008-01-23 00:00:00 UTC        
 READ IN fields at DATE: 2008-01-23 06:00:00 UTC        
 READ IN fields at DATE: 2008-01-23 12:00:00 UTC        
 READ IN fields at DATE: 2008-01-23 18:00:00 UTC        
 READ IN fields at DATE: 2008-01-24 00:00:00 UTC        
 READ IN fields at DATE: 2008-01-24 06:00:00 UTC        
 READ IN fields at DATE: 2008-01-24 12:00:00 UTC        
 READ IN fields at DATE: 2008-01-24 18:00:00 UTC        
 READ IN fields at DATE: 2008-01-25 00:00:00 UTC        
 READ IN fields at DATE: 2008-01-25 06:00:00 UTC        
 READ IN fields at DATE: 2008-01-25 12:00:00 UTC        
 READ IN fields at DATE: 2008-01-25 18:00:00 UTC        
 READ IN fields at DATE: 2008-01-26 00:00:00 UTC        
 READ IN fields at DATE: 2008-01-26 06:00:00 UTC        
 READ IN fields at DATE: 2008-01-26 12:00:00 UTC        
 READ IN fields at DATE: 2008-01-26 18:00:00 UTC        
 READ IN fields at DATE: 2008-01-27 00:00:00 UTC        
 READ IN fields at DATE: 2008-01-27 06:00:00 UTC        
 READ IN fields at DATE: 2008-01-27 12:00:00 UTC        
 READ IN fields at DATE: 2008-01-27 18:00:00 UTC        
 READ IN fields at DATE: 2008-01-28 00:00:00 UTC        
 READ IN fields at DATE: 2008-01-28 06:00:00 UTC        
 READ IN fields at DATE: 2008-01-28 12:00:00 UTC        
 READ IN fields at DATE: 2008-01-28 18:00:00 UTC        
 READ IN fields at DATE: 2008-01-29 00:00:00 UTC        
 READ IN fields at DATE: 2008-01-29 06:00:00 UTC        
 READ IN fields at DATE: 2008-01-29 12:00:00 UTC        
 READ IN fields at DATE: 2008-01-29 18:00:00 UTC        
 READ IN fields at DATE: 2008-01-30 00:00:00 UTC        
 READ IN fields at DATE: 2008-01-30 06:00:00 UTC        
 READ IN fields at DATE: 2008-01-30 12:00:00 UTC        
 READ IN fields at DATE: 2008-01-30 18:00:00 UTC        
 READ IN fields at DATE: 2008-01-31 00:00:00 UTC        
 READ IN fields at DATE: 2008-01-31 06:00:00 UTC        
 READ IN fields at DATE: 2008-01-31 12:00:00 UTC        
 READ IN fields at DATE: 2008-01-31 18:00:00 UTC        
      131072 /leonardo_work/ICT24_ESP/RCMDATA//ERA5/2008/tatm_2008_02.nc
  2.222915655700778E-003   246.006342460629     
      196608 /leonardo_work/ICT24_ESP/RCMDATA//ERA5/2008/geop_2008_02.nc
   7.54018860249798        240858.515061949     
      262144 /leonardo_work/ICT24_ESP/RCMDATA//ERA5/2008/qhum_2008_02.nc
  3.819212904362821E-007  1.242715252424217E-002
      327680 /leonardo_work/ICT24_ESP/RCMDATA//ERA5/2008/uwnd_2008_02.nc
  4.781417330936203E-003   16.7560702898697     
      393216 /leonardo_work/ICT24_ESP/RCMDATA//ERA5/2008/vwnd_2008_02.nc
  4.463106738983127E-003  -5.35092540102574     
 READ IN fields at DATE: 2008-02-01 00:00:00 UTC        
 Input ready at : Fri Jan 17 12:45:43 2025
 Successfully completed ICBC
icbc script complete
