
  This is icbc part of the RegCM version 5
   SVN Revision: 5.0.1 compiled at: data : Dec 03 2024  time: 16:32:23

 : this run start at    : 2025-01-16 14:21:53+0100
 : it is submitted by   : mdasilva
 : it is running on     : lrdn3518.leonardo.local
 : in directory         : 
 /leonardo/home/userexternal/mdasilva/github_projects/shell/ictp/regcm_exp/corde
 x5
                       
 Using Moloch non-hydrostatic dynamical core
 GLOBIDATE1 :  2004-12-01 00:00:00 UTC        
 GLOBIDATE2 :  2005-01-01 00:00:00 UTC        
 NSTEPS     :          125
 Computing weights, R =      38.89632416 .......... Done.
 Computing weights, R =      38.89632416 .......... Done.
 Computing weights, R =      38.89632416 .......... Done.
      131072 /leonardo_work/ICT24_ESP/RCMDATA//ERA5/2004/tatm_2004_12.nc
  2.143842982286834E-003   247.678340920306     
      196608 /leonardo_work/ICT24_ESP/RCMDATA//ERA5/2004/geop_2004_12.nc
   7.62873565369737        245075.718835298     
      262144 /leonardo_work/ICT24_ESP/RCMDATA//ERA5/2004/qhum_2004_12.nc
  3.709629450595428E-007  1.214617983802256E-002
      327680 /leonardo_work/ICT24_ESP/RCMDATA//ERA5/2004/uwnd_2004_12.nc
  4.125665439951890E-003   52.1703538542917     
      393216 /leonardo_work/ICT24_ESP/RCMDATA//ERA5/2004/vwnd_2004_12.nc
  2.954013362214695E-003   2.08844303726421     
 READ IN fields at DATE: 2004-12-01 00:00:00 UTC        
 READ IN fields at DATE: 2004-12-01 06:00:00 UTC        
 READ IN fields at DATE: 2004-12-01 12:00:00 UTC        
 READ IN fields at DATE: 2004-12-01 18:00:00 UTC        
 READ IN fields at DATE: 2004-12-02 00:00:00 UTC        
 READ IN fields at DATE: 2004-12-02 06:00:00 UTC        
 READ IN fields at DATE: 2004-12-02 12:00:00 UTC        
 READ IN fields at DATE: 2004-12-02 18:00:00 UTC        
 READ IN fields at DATE: 2004-12-03 00:00:00 UTC        
 READ IN fields at DATE: 2004-12-03 06:00:00 UTC        
 READ IN fields at DATE: 2004-12-03 12:00:00 UTC        
 READ IN fields at DATE: 2004-12-03 18:00:00 UTC        
 READ IN fields at DATE: 2004-12-04 00:00:00 UTC        
 READ IN fields at DATE: 2004-12-04 06:00:00 UTC        
 READ IN fields at DATE: 2004-12-04 12:00:00 UTC        
 READ IN fields at DATE: 2004-12-04 18:00:00 UTC        
 READ IN fields at DATE: 2004-12-05 00:00:00 UTC        
 READ IN fields at DATE: 2004-12-05 06:00:00 UTC        
 READ IN fields at DATE: 2004-12-05 12:00:00 UTC        
 READ IN fields at DATE: 2004-12-05 18:00:00 UTC        
 READ IN fields at DATE: 2004-12-06 00:00:00 UTC        
 READ IN fields at DATE: 2004-12-06 06:00:00 UTC        
 READ IN fields at DATE: 2004-12-06 12:00:00 UTC        
 READ IN fields at DATE: 2004-12-06 18:00:00 UTC        
 READ IN fields at DATE: 2004-12-07 00:00:00 UTC        
 READ IN fields at DATE: 2004-12-07 06:00:00 UTC        
 READ IN fields at DATE: 2004-12-07 12:00:00 UTC        
 READ IN fields at DATE: 2004-12-07 18:00:00 UTC        
 READ IN fields at DATE: 2004-12-08 00:00:00 UTC        
 READ IN fields at DATE: 2004-12-08 06:00:00 UTC        
 READ IN fields at DATE: 2004-12-08 12:00:00 UTC        
 READ IN fields at DATE: 2004-12-08 18:00:00 UTC        
 READ IN fields at DATE: 2004-12-09 00:00:00 UTC        
 READ IN fields at DATE: 2004-12-09 06:00:00 UTC        
 READ IN fields at DATE: 2004-12-09 12:00:00 UTC        
 READ IN fields at DATE: 2004-12-09 18:00:00 UTC        
 READ IN fields at DATE: 2004-12-10 00:00:00 UTC        
 READ IN fields at DATE: 2004-12-10 06:00:00 UTC        
 READ IN fields at DATE: 2004-12-10 12:00:00 UTC        
 READ IN fields at DATE: 2004-12-10 18:00:00 UTC        
 READ IN fields at DATE: 2004-12-11 00:00:00 UTC        
 READ IN fields at DATE: 2004-12-11 06:00:00 UTC        
 READ IN fields at DATE: 2004-12-11 12:00:00 UTC        
 READ IN fields at DATE: 2004-12-11 18:00:00 UTC        
 READ IN fields at DATE: 2004-12-12 00:00:00 UTC        
 READ IN fields at DATE: 2004-12-12 06:00:00 UTC        
 READ IN fields at DATE: 2004-12-12 12:00:00 UTC        
 READ IN fields at DATE: 2004-12-12 18:00:00 UTC        
 READ IN fields at DATE: 2004-12-13 00:00:00 UTC        
 READ IN fields at DATE: 2004-12-13 06:00:00 UTC        
 READ IN fields at DATE: 2004-12-13 12:00:00 UTC        
 READ IN fields at DATE: 2004-12-13 18:00:00 UTC        
 READ IN fields at DATE: 2004-12-14 00:00:00 UTC        
 READ IN fields at DATE: 2004-12-14 06:00:00 UTC        
 READ IN fields at DATE: 2004-12-14 12:00:00 UTC        
 READ IN fields at DATE: 2004-12-14 18:00:00 UTC        
 READ IN fields at DATE: 2004-12-15 00:00:00 UTC        
 READ IN fields at DATE: 2004-12-15 06:00:00 UTC        
 READ IN fields at DATE: 2004-12-15 12:00:00 UTC        
 READ IN fields at DATE: 2004-12-15 18:00:00 UTC        
 READ IN fields at DATE: 2004-12-16 00:00:00 UTC        
 READ IN fields at DATE: 2004-12-16 06:00:00 UTC        
 READ IN fields at DATE: 2004-12-16 12:00:00 UTC        
 READ IN fields at DATE: 2004-12-16 18:00:00 UTC        
 READ IN fields at DATE: 2004-12-17 00:00:00 UTC        
 READ IN fields at DATE: 2004-12-17 06:00:00 UTC        
 READ IN fields at DATE: 2004-12-17 12:00:00 UTC        
 READ IN fields at DATE: 2004-12-17 18:00:00 UTC        
 READ IN fields at DATE: 2004-12-18 00:00:00 UTC        
 READ IN fields at DATE: 2004-12-18 06:00:00 UTC        
 READ IN fields at DATE: 2004-12-18 12:00:00 UTC        
 READ IN fields at DATE: 2004-12-18 18:00:00 UTC        
 READ IN fields at DATE: 2004-12-19 00:00:00 UTC        
 READ IN fields at DATE: 2004-12-19 06:00:00 UTC        
 READ IN fields at DATE: 2004-12-19 12:00:00 UTC        
 READ IN fields at DATE: 2004-12-19 18:00:00 UTC        
 READ IN fields at DATE: 2004-12-20 00:00:00 UTC        
 READ IN fields at DATE: 2004-12-20 06:00:00 UTC        
 READ IN fields at DATE: 2004-12-20 12:00:00 UTC        
 READ IN fields at DATE: 2004-12-20 18:00:00 UTC        
 READ IN fields at DATE: 2004-12-21 00:00:00 UTC        
 READ IN fields at DATE: 2004-12-21 06:00:00 UTC        
 READ IN fields at DATE: 2004-12-21 12:00:00 UTC        
 READ IN fields at DATE: 2004-12-21 18:00:00 UTC        
 READ IN fields at DATE: 2004-12-22 00:00:00 UTC        
 READ IN fields at DATE: 2004-12-22 06:00:00 UTC        
 READ IN fields at DATE: 2004-12-22 12:00:00 UTC        
 READ IN fields at DATE: 2004-12-22 18:00:00 UTC        
 READ IN fields at DATE: 2004-12-23 00:00:00 UTC        
 READ IN fields at DATE: 2004-12-23 06:00:00 UTC        
 READ IN fields at DATE: 2004-12-23 12:00:00 UTC        
 READ IN fields at DATE: 2004-12-23 18:00:00 UTC        
 READ IN fields at DATE: 2004-12-24 00:00:00 UTC        
 READ IN fields at DATE: 2004-12-24 06:00:00 UTC        
 READ IN fields at DATE: 2004-12-24 12:00:00 UTC        
 READ IN fields at DATE: 2004-12-24 18:00:00 UTC        
 READ IN fields at DATE: 2004-12-25 00:00:00 UTC        
 READ IN fields at DATE: 2004-12-25 06:00:00 UTC        
 READ IN fields at DATE: 2004-12-25 12:00:00 UTC        
 READ IN fields at DATE: 2004-12-25 18:00:00 UTC        
 READ IN fields at DATE: 2004-12-26 00:00:00 UTC        
 READ IN fields at DATE: 2004-12-26 06:00:00 UTC        
 READ IN fields at DATE: 2004-12-26 12:00:00 UTC        
 READ IN fields at DATE: 2004-12-26 18:00:00 UTC        
 READ IN fields at DATE: 2004-12-27 00:00:00 UTC        
 READ IN fields at DATE: 2004-12-27 06:00:00 UTC        
 READ IN fields at DATE: 2004-12-27 12:00:00 UTC        
 READ IN fields at DATE: 2004-12-27 18:00:00 UTC        
 READ IN fields at DATE: 2004-12-28 00:00:00 UTC        
 READ IN fields at DATE: 2004-12-28 06:00:00 UTC        
 READ IN fields at DATE: 2004-12-28 12:00:00 UTC        
 READ IN fields at DATE: 2004-12-28 18:00:00 UTC        
 READ IN fields at DATE: 2004-12-29 00:00:00 UTC        
 READ IN fields at DATE: 2004-12-29 06:00:00 UTC        
 READ IN fields at DATE: 2004-12-29 12:00:00 UTC        
 READ IN fields at DATE: 2004-12-29 18:00:00 UTC        
 READ IN fields at DATE: 2004-12-30 00:00:00 UTC        
 READ IN fields at DATE: 2004-12-30 06:00:00 UTC        
 READ IN fields at DATE: 2004-12-30 12:00:00 UTC        
 READ IN fields at DATE: 2004-12-30 18:00:00 UTC        
 READ IN fields at DATE: 2004-12-31 00:00:00 UTC        
 READ IN fields at DATE: 2004-12-31 06:00:00 UTC        
 READ IN fields at DATE: 2004-12-31 12:00:00 UTC        
 READ IN fields at DATE: 2004-12-31 18:00:00 UTC        
      131072 /leonardo_work/ICT24_ESP/RCMDATA//ERA5/2005/tatm_2005_01.nc
  2.181889483921149E-003   247.740341245199     
      196608 /leonardo_work/ICT24_ESP/RCMDATA//ERA5/2005/geop_2005_01.nc
   7.62045392445409        244881.523757413     
      262144 /leonardo_work/ICT24_ESP/RCMDATA//ERA5/2005/qhum_2005_01.nc
  3.795949472275984E-007  1.242702000488029E-002
      327680 /leonardo_work/ICT24_ESP/RCMDATA//ERA5/2005/uwnd_2005_01.nc
  4.490098168426356E-003   42.2847575143923     
      393216 /leonardo_work/ICT24_ESP/RCMDATA//ERA5/2005/vwnd_2005_01.nc
  4.479418669255852E-003  -1.84409761949088     
 READ IN fields at DATE: 2005-01-01 00:00:00 UTC        
 Input ready at : Thu Jan 16 14:58:04 2025
 Successfully completed ICBC
icbc script complete
