
  This is icbc part of the RegCM version 5
   SVN Revision: 5.0.1 compiled at: data : Dec 03 2024  time: 16:32:23

 : this run start at    : 2025-01-16 05:33:46+0100
 : it is submitted by   : mdasilva
 : it is running on     : lrdn3458.leonardo.local
 : in directory         : 
 /leonardo/home/userexternal/mdasilva/github_projects/shell/ictp/regcm_exp/corde
 x5
                       
 Using Moloch non-hydrostatic dynamical core
 GLOBIDATE1 :  2003-10-01 00:00:00 UTC        
 GLOBIDATE2 :  2003-11-01 00:00:00 UTC        
 NSTEPS     :          125
 Computing weights, R =      38.89632416 .......... Done.
 Computing weights, R =      38.89632416 .......... Done.
 Computing weights, R =      38.89632416 .......... Done.
      131072 /leonardo_work/ICT24_ESP/RCMDATA//ERA5/2003/tatm_2003_10.nc
  2.095003587767804E-003   249.776799788245     
      196608 /leonardo_work/ICT24_ESP/RCMDATA//ERA5/2003/geop_2003_10.nc
   7.42579150246822        238148.964838624     
      262144 /leonardo_work/ICT24_ESP/RCMDATA//ERA5/2003/qhum_2003_10.nc
  3.839913600686152E-007  1.247380919359541E-002
      327680 /leonardo_work/ICT24_ESP/RCMDATA//ERA5/2003/uwnd_2003_10.nc
  3.267333932218548E-003   22.5061940918230     
      393216 /leonardo_work/ICT24_ESP/RCMDATA//ERA5/2003/vwnd_2003_10.nc
  3.165212298291629E-003   7.38850070683914     
 READ IN fields at DATE: 2003-10-01 00:00:00 UTC        
 READ IN fields at DATE: 2003-10-01 06:00:00 UTC        
 READ IN fields at DATE: 2003-10-01 12:00:00 UTC        
 READ IN fields at DATE: 2003-10-01 18:00:00 UTC        
 READ IN fields at DATE: 2003-10-02 00:00:00 UTC        
 READ IN fields at DATE: 2003-10-02 06:00:00 UTC        
 READ IN fields at DATE: 2003-10-02 12:00:00 UTC        
 READ IN fields at DATE: 2003-10-02 18:00:00 UTC        
 READ IN fields at DATE: 2003-10-03 00:00:00 UTC        
 READ IN fields at DATE: 2003-10-03 06:00:00 UTC        
 READ IN fields at DATE: 2003-10-03 12:00:00 UTC        
 READ IN fields at DATE: 2003-10-03 18:00:00 UTC        
 READ IN fields at DATE: 2003-10-04 00:00:00 UTC        
 READ IN fields at DATE: 2003-10-04 06:00:00 UTC        
 READ IN fields at DATE: 2003-10-04 12:00:00 UTC        
 READ IN fields at DATE: 2003-10-04 18:00:00 UTC        
 READ IN fields at DATE: 2003-10-05 00:00:00 UTC        
 READ IN fields at DATE: 2003-10-05 06:00:00 UTC        
 READ IN fields at DATE: 2003-10-05 12:00:00 UTC        
 READ IN fields at DATE: 2003-10-05 18:00:00 UTC        
 READ IN fields at DATE: 2003-10-06 00:00:00 UTC        
 READ IN fields at DATE: 2003-10-06 06:00:00 UTC        
 READ IN fields at DATE: 2003-10-06 12:00:00 UTC        
 READ IN fields at DATE: 2003-10-06 18:00:00 UTC        
 READ IN fields at DATE: 2003-10-07 00:00:00 UTC        
 READ IN fields at DATE: 2003-10-07 06:00:00 UTC        
 READ IN fields at DATE: 2003-10-07 12:00:00 UTC        
 READ IN fields at DATE: 2003-10-07 18:00:00 UTC        
 READ IN fields at DATE: 2003-10-08 00:00:00 UTC        
 READ IN fields at DATE: 2003-10-08 06:00:00 UTC        
 READ IN fields at DATE: 2003-10-08 12:00:00 UTC        
 READ IN fields at DATE: 2003-10-08 18:00:00 UTC        
 READ IN fields at DATE: 2003-10-09 00:00:00 UTC        
 READ IN fields at DATE: 2003-10-09 06:00:00 UTC        
 READ IN fields at DATE: 2003-10-09 12:00:00 UTC        
 READ IN fields at DATE: 2003-10-09 18:00:00 UTC        
 READ IN fields at DATE: 2003-10-10 00:00:00 UTC        
 READ IN fields at DATE: 2003-10-10 06:00:00 UTC        
 READ IN fields at DATE: 2003-10-10 12:00:00 UTC        
 READ IN fields at DATE: 2003-10-10 18:00:00 UTC        
 READ IN fields at DATE: 2003-10-11 00:00:00 UTC        
 READ IN fields at DATE: 2003-10-11 06:00:00 UTC        
 READ IN fields at DATE: 2003-10-11 12:00:00 UTC        
 READ IN fields at DATE: 2003-10-11 18:00:00 UTC        
 READ IN fields at DATE: 2003-10-12 00:00:00 UTC        
 READ IN fields at DATE: 2003-10-12 06:00:00 UTC        
 READ IN fields at DATE: 2003-10-12 12:00:00 UTC        
 READ IN fields at DATE: 2003-10-12 18:00:00 UTC        
 READ IN fields at DATE: 2003-10-13 00:00:00 UTC        
 READ IN fields at DATE: 2003-10-13 06:00:00 UTC        
 READ IN fields at DATE: 2003-10-13 12:00:00 UTC        
 READ IN fields at DATE: 2003-10-13 18:00:00 UTC        
 READ IN fields at DATE: 2003-10-14 00:00:00 UTC        
 READ IN fields at DATE: 2003-10-14 06:00:00 UTC        
 READ IN fields at DATE: 2003-10-14 12:00:00 UTC        
 READ IN fields at DATE: 2003-10-14 18:00:00 UTC        
 READ IN fields at DATE: 2003-10-15 00:00:00 UTC        
 READ IN fields at DATE: 2003-10-15 06:00:00 UTC        
 READ IN fields at DATE: 2003-10-15 12:00:00 UTC        
 READ IN fields at DATE: 2003-10-15 18:00:00 UTC        
 READ IN fields at DATE: 2003-10-16 00:00:00 UTC        
 READ IN fields at DATE: 2003-10-16 06:00:00 UTC        
 READ IN fields at DATE: 2003-10-16 12:00:00 UTC        
 READ IN fields at DATE: 2003-10-16 18:00:00 UTC        
 READ IN fields at DATE: 2003-10-17 00:00:00 UTC        
 READ IN fields at DATE: 2003-10-17 06:00:00 UTC        
 READ IN fields at DATE: 2003-10-17 12:00:00 UTC        
 READ IN fields at DATE: 2003-10-17 18:00:00 UTC        
 READ IN fields at DATE: 2003-10-18 00:00:00 UTC        
 READ IN fields at DATE: 2003-10-18 06:00:00 UTC        
 READ IN fields at DATE: 2003-10-18 12:00:00 UTC        
 READ IN fields at DATE: 2003-10-18 18:00:00 UTC        
 READ IN fields at DATE: 2003-10-19 00:00:00 UTC        
 READ IN fields at DATE: 2003-10-19 06:00:00 UTC        
 READ IN fields at DATE: 2003-10-19 12:00:00 UTC        
 READ IN fields at DATE: 2003-10-19 18:00:00 UTC        
 READ IN fields at DATE: 2003-10-20 00:00:00 UTC        
 READ IN fields at DATE: 2003-10-20 06:00:00 UTC        
 READ IN fields at DATE: 2003-10-20 12:00:00 UTC        
 READ IN fields at DATE: 2003-10-20 18:00:00 UTC        
 READ IN fields at DATE: 2003-10-21 00:00:00 UTC        
 READ IN fields at DATE: 2003-10-21 06:00:00 UTC        
 READ IN fields at DATE: 2003-10-21 12:00:00 UTC        
 READ IN fields at DATE: 2003-10-21 18:00:00 UTC        
 READ IN fields at DATE: 2003-10-22 00:00:00 UTC        
 READ IN fields at DATE: 2003-10-22 06:00:00 UTC        
 READ IN fields at DATE: 2003-10-22 12:00:00 UTC        
 READ IN fields at DATE: 2003-10-22 18:00:00 UTC        
 READ IN fields at DATE: 2003-10-23 00:00:00 UTC        
 READ IN fields at DATE: 2003-10-23 06:00:00 UTC        
 READ IN fields at DATE: 2003-10-23 12:00:00 UTC        
 READ IN fields at DATE: 2003-10-23 18:00:00 UTC        
 READ IN fields at DATE: 2003-10-24 00:00:00 UTC        
 READ IN fields at DATE: 2003-10-24 06:00:00 UTC        
 READ IN fields at DATE: 2003-10-24 12:00:00 UTC        
 READ IN fields at DATE: 2003-10-24 18:00:00 UTC        
 READ IN fields at DATE: 2003-10-25 00:00:00 UTC        
 READ IN fields at DATE: 2003-10-25 06:00:00 UTC        
 READ IN fields at DATE: 2003-10-25 12:00:00 UTC        
 READ IN fields at DATE: 2003-10-25 18:00:00 UTC        
 READ IN fields at DATE: 2003-10-26 00:00:00 UTC        
 READ IN fields at DATE: 2003-10-26 06:00:00 UTC        
 READ IN fields at DATE: 2003-10-26 12:00:00 UTC        
 READ IN fields at DATE: 2003-10-26 18:00:00 UTC        
 READ IN fields at DATE: 2003-10-27 00:00:00 UTC        
 READ IN fields at DATE: 2003-10-27 06:00:00 UTC        
 READ IN fields at DATE: 2003-10-27 12:00:00 UTC        
 READ IN fields at DATE: 2003-10-27 18:00:00 UTC        
 READ IN fields at DATE: 2003-10-28 00:00:00 UTC        
 READ IN fields at DATE: 2003-10-28 06:00:00 UTC        
 READ IN fields at DATE: 2003-10-28 12:00:00 UTC        
 READ IN fields at DATE: 2003-10-28 18:00:00 UTC        
 READ IN fields at DATE: 2003-10-29 00:00:00 UTC        
 READ IN fields at DATE: 2003-10-29 06:00:00 UTC        
 READ IN fields at DATE: 2003-10-29 12:00:00 UTC        
 READ IN fields at DATE: 2003-10-29 18:00:00 UTC        
 READ IN fields at DATE: 2003-10-30 00:00:00 UTC        
 READ IN fields at DATE: 2003-10-30 06:00:00 UTC        
 READ IN fields at DATE: 2003-10-30 12:00:00 UTC        
 READ IN fields at DATE: 2003-10-30 18:00:00 UTC        
 READ IN fields at DATE: 2003-10-31 00:00:00 UTC        
 READ IN fields at DATE: 2003-10-31 06:00:00 UTC        
 READ IN fields at DATE: 2003-10-31 12:00:00 UTC        
 READ IN fields at DATE: 2003-10-31 18:00:00 UTC        
      131072 /leonardo_work/ICT24_ESP/RCMDATA//ERA5/2003/tatm_2003_11.nc
  2.075033953477518E-003   250.199089130972     
      196608 /leonardo_work/ICT24_ESP/RCMDATA//ERA5/2003/geop_2003_11.nc
   7.53123563462301        240897.064460308     
      262144 /leonardo_work/ICT24_ESP/RCMDATA//ERA5/2003/qhum_2003_11.nc
  3.729088508798846E-007  1.220604639337687E-002
      327680 /leonardo_work/ICT24_ESP/RCMDATA//ERA5/2003/uwnd_2003_11.nc
  3.146847173415374E-003   43.9005948503391     
      393216 /leonardo_work/ICT24_ESP/RCMDATA//ERA5/2003/vwnd_2003_11.nc
  2.844031005922708E-003  -1.19085225231937     
 READ IN fields at DATE: 2003-11-01 00:00:00 UTC        
 Input ready at : Thu Jan 16 06:08:53 2025
 Successfully completed ICBC
icbc script complete
