
  This is icbc part of the RegCM version 5
   SVN Revision: 5.0.1 compiled at: data : Dec 03 2024  time: 16:32:23

 : this run start at    : 2025-01-15 10:57:15+0100
 : it is submitted by   : mdasilva
 : it is running on     : lrdn4035.leonardo.local
 : in directory         : 
 /leonardo/home/userexternal/mdasilva/github_projects/shell/ictp/regcm_exp/corde
 x5
                       
 Using Moloch non-hydrostatic dynamical core
 GLOBIDATE1 :  2001-02-01 00:00:00 UTC        
 GLOBIDATE2 :  2001-03-01 00:00:00 UTC        
 NSTEPS     :          113
 Computing weights, R =      38.89632416 .......... Done.
 Computing weights, R =      38.89632416 .......... Done.
 Computing weights, R =      38.89632416 .......... Done.
      131072 /leonardo_work/ICT24_ESP/RCMDATA//ERA5/2001/tatm_2001_02.nc
  2.146341835142934E-003   248.942850779278     
      196608 /leonardo_work/ICT24_ESP/RCMDATA//ERA5/2001/geop_2001_02.nc
   7.51434093796255        241360.715485781     
      262144 /leonardo_work/ICT24_ESP/RCMDATA//ERA5/2001/qhum_2001_02.nc
  4.048100141755950E-007  1.323623789116135E-002
      327680 /leonardo_work/ICT24_ESP/RCMDATA//ERA5/2001/uwnd_2001_02.nc
  3.838639172532231E-003   5.95447869066764     
      393216 /leonardo_work/ICT24_ESP/RCMDATA//ERA5/2001/vwnd_2001_02.nc
  3.566348499768843E-003   4.84418697955871     
 READ IN fields at DATE: 2001-02-01 00:00:00 UTC        
 READ IN fields at DATE: 2001-02-01 06:00:00 UTC        
 READ IN fields at DATE: 2001-02-01 12:00:00 UTC        
 READ IN fields at DATE: 2001-02-01 18:00:00 UTC        
 READ IN fields at DATE: 2001-02-02 00:00:00 UTC        
 READ IN fields at DATE: 2001-02-02 06:00:00 UTC        
 READ IN fields at DATE: 2001-02-02 12:00:00 UTC        
 READ IN fields at DATE: 2001-02-02 18:00:00 UTC        
 READ IN fields at DATE: 2001-02-03 00:00:00 UTC        
 READ IN fields at DATE: 2001-02-03 06:00:00 UTC        
 READ IN fields at DATE: 2001-02-03 12:00:00 UTC        
 READ IN fields at DATE: 2001-02-03 18:00:00 UTC        
 READ IN fields at DATE: 2001-02-04 00:00:00 UTC        
 READ IN fields at DATE: 2001-02-04 06:00:00 UTC        
 READ IN fields at DATE: 2001-02-04 12:00:00 UTC        
 READ IN fields at DATE: 2001-02-04 18:00:00 UTC        
 READ IN fields at DATE: 2001-02-05 00:00:00 UTC        
 READ IN fields at DATE: 2001-02-05 06:00:00 UTC        
 READ IN fields at DATE: 2001-02-05 12:00:00 UTC        
 READ IN fields at DATE: 2001-02-05 18:00:00 UTC        
 READ IN fields at DATE: 2001-02-06 00:00:00 UTC        
 READ IN fields at DATE: 2001-02-06 06:00:00 UTC        
 READ IN fields at DATE: 2001-02-06 12:00:00 UTC        
 READ IN fields at DATE: 2001-02-06 18:00:00 UTC        
 READ IN fields at DATE: 2001-02-07 00:00:00 UTC        
 READ IN fields at DATE: 2001-02-07 06:00:00 UTC        
 READ IN fields at DATE: 2001-02-07 12:00:00 UTC        
 READ IN fields at DATE: 2001-02-07 18:00:00 UTC        
 READ IN fields at DATE: 2001-02-08 00:00:00 UTC        
 READ IN fields at DATE: 2001-02-08 06:00:00 UTC        
 READ IN fields at DATE: 2001-02-08 12:00:00 UTC        
 READ IN fields at DATE: 2001-02-08 18:00:00 UTC        
 READ IN fields at DATE: 2001-02-09 00:00:00 UTC        
 READ IN fields at DATE: 2001-02-09 06:00:00 UTC        
 READ IN fields at DATE: 2001-02-09 12:00:00 UTC        
 READ IN fields at DATE: 2001-02-09 18:00:00 UTC        
 READ IN fields at DATE: 2001-02-10 00:00:00 UTC        
 READ IN fields at DATE: 2001-02-10 06:00:00 UTC        
 READ IN fields at DATE: 2001-02-10 12:00:00 UTC        
 READ IN fields at DATE: 2001-02-10 18:00:00 UTC        
 READ IN fields at DATE: 2001-02-11 00:00:00 UTC        
 READ IN fields at DATE: 2001-02-11 06:00:00 UTC        
 READ IN fields at DATE: 2001-02-11 12:00:00 UTC        
 READ IN fields at DATE: 2001-02-11 18:00:00 UTC        
 READ IN fields at DATE: 2001-02-12 00:00:00 UTC        
 READ IN fields at DATE: 2001-02-12 06:00:00 UTC        
 READ IN fields at DATE: 2001-02-12 12:00:00 UTC        
 READ IN fields at DATE: 2001-02-12 18:00:00 UTC        
 READ IN fields at DATE: 2001-02-13 00:00:00 UTC        
 READ IN fields at DATE: 2001-02-13 06:00:00 UTC        
 READ IN fields at DATE: 2001-02-13 12:00:00 UTC        
 READ IN fields at DATE: 2001-02-13 18:00:00 UTC        
 READ IN fields at DATE: 2001-02-14 00:00:00 UTC        
 READ IN fields at DATE: 2001-02-14 06:00:00 UTC        
 READ IN fields at DATE: 2001-02-14 12:00:00 UTC        
 READ IN fields at DATE: 2001-02-14 18:00:00 UTC        
 READ IN fields at DATE: 2001-02-15 00:00:00 UTC        
 READ IN fields at DATE: 2001-02-15 06:00:00 UTC        
 READ IN fields at DATE: 2001-02-15 12:00:00 UTC        
 READ IN fields at DATE: 2001-02-15 18:00:00 UTC        
 READ IN fields at DATE: 2001-02-16 00:00:00 UTC        
 READ IN fields at DATE: 2001-02-16 06:00:00 UTC        
 READ IN fields at DATE: 2001-02-16 12:00:00 UTC        
 READ IN fields at DATE: 2001-02-16 18:00:00 UTC        
 READ IN fields at DATE: 2001-02-17 00:00:00 UTC        
 READ IN fields at DATE: 2001-02-17 06:00:00 UTC        
 READ IN fields at DATE: 2001-02-17 12:00:00 UTC        
 READ IN fields at DATE: 2001-02-17 18:00:00 UTC        
 READ IN fields at DATE: 2001-02-18 00:00:00 UTC        
 READ IN fields at DATE: 2001-02-18 06:00:00 UTC        
 READ IN fields at DATE: 2001-02-18 12:00:00 UTC        
 READ IN fields at DATE: 2001-02-18 18:00:00 UTC        
 READ IN fields at DATE: 2001-02-19 00:00:00 UTC        
 READ IN fields at DATE: 2001-02-19 06:00:00 UTC        
 READ IN fields at DATE: 2001-02-19 12:00:00 UTC        
 READ IN fields at DATE: 2001-02-19 18:00:00 UTC        
 READ IN fields at DATE: 2001-02-20 00:00:00 UTC        
 READ IN fields at DATE: 2001-02-20 06:00:00 UTC        
 READ IN fields at DATE: 2001-02-20 12:00:00 UTC        
 READ IN fields at DATE: 2001-02-20 18:00:00 UTC        
 READ IN fields at DATE: 2001-02-21 00:00:00 UTC        
 READ IN fields at DATE: 2001-02-21 06:00:00 UTC        
 READ IN fields at DATE: 2001-02-21 12:00:00 UTC        
 READ IN fields at DATE: 2001-02-21 18:00:00 UTC        
 READ IN fields at DATE: 2001-02-22 00:00:00 UTC        
 READ IN fields at DATE: 2001-02-22 06:00:00 UTC        
 READ IN fields at DATE: 2001-02-22 12:00:00 UTC        
 READ IN fields at DATE: 2001-02-22 18:00:00 UTC        
 READ IN fields at DATE: 2001-02-23 00:00:00 UTC        
 READ IN fields at DATE: 2001-02-23 06:00:00 UTC        
 READ IN fields at DATE: 2001-02-23 12:00:00 UTC        
 READ IN fields at DATE: 2001-02-23 18:00:00 UTC        
 READ IN fields at DATE: 2001-02-24 00:00:00 UTC        
 READ IN fields at DATE: 2001-02-24 06:00:00 UTC        
 READ IN fields at DATE: 2001-02-24 12:00:00 UTC        
 READ IN fields at DATE: 2001-02-24 18:00:00 UTC        
 READ IN fields at DATE: 2001-02-25 00:00:00 UTC        
 READ IN fields at DATE: 2001-02-25 06:00:00 UTC        
 READ IN fields at DATE: 2001-02-25 12:00:00 UTC        
 READ IN fields at DATE: 2001-02-25 18:00:00 UTC        
 READ IN fields at DATE: 2001-02-26 00:00:00 UTC        
 READ IN fields at DATE: 2001-02-26 06:00:00 UTC        
 READ IN fields at DATE: 2001-02-26 12:00:00 UTC        
 READ IN fields at DATE: 2001-02-26 18:00:00 UTC        
 READ IN fields at DATE: 2001-02-27 00:00:00 UTC        
 READ IN fields at DATE: 2001-02-27 06:00:00 UTC        
 READ IN fields at DATE: 2001-02-27 12:00:00 UTC        
 READ IN fields at DATE: 2001-02-27 18:00:00 UTC        
 READ IN fields at DATE: 2001-02-28 00:00:00 UTC        
 READ IN fields at DATE: 2001-02-28 06:00:00 UTC        
 READ IN fields at DATE: 2001-02-28 12:00:00 UTC        
 READ IN fields at DATE: 2001-02-28 18:00:00 UTC        
      131072 /leonardo_work/ICT24_ESP/RCMDATA//ERA5/2001/tatm_2001_03.nc
  2.052925438984462E-003   248.888026882007     
      196608 /leonardo_work/ICT24_ESP/RCMDATA//ERA5/2001/geop_2001_03.nc
   7.35903309210627        236056.187670954     
      262144 /leonardo_work/ICT24_ESP/RCMDATA//ERA5/2001/qhum_2001_03.nc
  3.753063500684333E-007  1.227838900299690E-002
      327680 /leonardo_work/ICT24_ESP/RCMDATA//ERA5/2001/uwnd_2001_03.nc
  2.702834643170593E-003   23.7238606798464     
      393216 /leonardo_work/ICT24_ESP/RCMDATA//ERA5/2001/vwnd_2001_03.nc
  2.684070661143527E-003   3.25965955158349     
 READ IN fields at DATE: 2001-03-01 00:00:00 UTC        
 Input ready at : Wed Jan 15 11:29:25 2025
 Successfully completed ICBC
icbc script complete
