
/leonardo/home/userexternal/mdasilva/leonardo_work/MOAAP/CPMs/CSAM-3

--------------- INIT POSPROCESSING MODEL ----------------
Processing 2000 01
Processed 
Processing 2000 02
Processed 
Processing 2000 03
Processed 
Processing 2000 04
Processed 
Processing 2000 05
Processed 
Processing 2000 06
Processed 
Processing 2000 07
Processed 
Processing 2000 08
Processed 
Processing 2000 09
Processed 
Processing 2000 10
Processed 
Processing 2000 11
Processed 
Processing 2000 12
Processed 
Processing 2001 01
Processed 
Processing 2001 02
Processed 
Processing 2001 03
slurmstepd: error: *** JOB 40343222 ON lrdn4772 CANCELLED AT 2026-04-29T15:05:07 DUE TO NODE FAILURE, SEE SLURMCTLD LOG FOR DETAILS ***
