
--------------- INIT TRACKING ----------------
Traceback (most recent call last):
  File "/leonardo/pub/userexternal/ggiulian/intel/lib/python3.13/site-packages/xarray/backends/file_manager.py", line 219, in _acquire_with_cache_info
    file = self._cache[self._key]
           ~~~~~~~~~~~^^^^^^^^^^^
  File "/leonardo/pub/userexternal/ggiulian/intel/lib/python3.13/site-packages/xarray/backends/lru_cache.py", line 56, in __getitem__
    value = self._cache[key]
            ~~~~~~~~~~~^^^^^
KeyError: [<class 'netCDF4._netCDF4.Dataset'>, ('/leonardo/home/userexternal/mdasilva/leonardo_work/MOAAP/CSAM-3/input/20000101-04_MOAAP-Input_24h.nc',), 'r', (('clobber', True), ('diskless', False), ('format', 'NETCDF4'), ('persist', False)), '993d18fd-b2e1-4e0e-a93a-ce01035886fa']

During handling of the above exception, another exception occurred:

Traceback (most recent call last):
  File "/leonardo/home/userexternal/mdasilva/github_projects/pypostdoc/moaap/moaap_tracking.py", line 21, in <module>
    data_vars = xr.open_dataset('/leonardo/home/userexternal/mdasilva/leonardo_work/MOAAP/CSAM-3/input/20000101-04_MOAAP-Input_24h.nc')
  File "/leonardo/pub/userexternal/ggiulian/intel/lib/python3.13/site-packages/xarray/backends/api.py", line 607, in open_dataset
    backend_ds = backend.open_dataset(
        filename_or_obj,
    ...<2 lines>...
        **kwargs,
    )
  File "/leonardo/pub/userexternal/ggiulian/intel/lib/python3.13/site-packages/xarray/backends/netCDF4_.py", line 771, in open_dataset
    store = NetCDF4DataStore.open(
        filename_or_obj,
    ...<8 lines>...
        autoclose=autoclose,
    )
  File "/leonardo/pub/userexternal/ggiulian/intel/lib/python3.13/site-packages/xarray/backends/netCDF4_.py", line 529, in open
    return cls(manager, group=group, mode=mode, lock=lock, autoclose=autoclose)
  File "/leonardo/pub/userexternal/ggiulian/intel/lib/python3.13/site-packages/xarray/backends/netCDF4_.py", line 429, in __init__
    self.format = self.ds.data_model
                  ^^^^^^^
  File "/leonardo/pub/userexternal/ggiulian/intel/lib/python3.13/site-packages/xarray/backends/netCDF4_.py", line 538, in ds
    return self._acquire()
           ~~~~~~~~~~~~~^^
  File "/leonardo/pub/userexternal/ggiulian/intel/lib/python3.13/site-packages/xarray/backends/netCDF4_.py", line 532, in _acquire
    with self._manager.acquire_context(needs_lock) as root:
         ~~~~~~~~~~~~~~~~~~~~~~~~~~~~~^^^^^^^^^^^^
  File "/leonardo/pub/userexternal/ggiulian/intel/lib/python3.13/contextlib.py", line 141, in __enter__
    return next(self.gen)
  File "/leonardo/pub/userexternal/ggiulian/intel/lib/python3.13/site-packages/xarray/backends/file_manager.py", line 207, in acquire_context
    file, cached = self._acquire_with_cache_info(needs_lock)
                   ~~~~~~~~~~~~~~~~~~~~~~~~~~~~~^^^^^^^^^^^^
  File "/leonardo/pub/userexternal/ggiulian/intel/lib/python3.13/site-packages/xarray/backends/file_manager.py", line 225, in _acquire_with_cache_info
    file = self._opener(*self._args, **kwargs)
  File "src/netCDF4/_netCDF4.pyx", line 2521, in netCDF4._netCDF4.Dataset.__init__
  File "src/netCDF4/_netCDF4.pyx", line 2158, in netCDF4._netCDF4._ensure_nc_success
FileNotFoundError: [Errno 2] No such file or directory: '/leonardo/home/userexternal/mdasilva/leonardo_work/MOAAP/CSAM-3/input/20000101-04_MOAAP-Input_24h.nc'
