
--------------- INIT TRACKING ----------------
/leonardo/home/userexternal/mdasilva/leonardo_work/MOAAP/CPMs/EURR-3/input/EURR-3_ERA5_evaluation_r1i1p1f1_ICTP_RegCM5-0_v1-r1_1hr_2000010100.nc
Traceback (most recent call last):
  File "/leonardo/pub/userexternal/ggiulian/intel/lib/python3.13/site-packages/xarray/core/dataset.py", line 1237, in _construct_dataarray
    variable = self._variables[name]
               ~~~~~~~~~~~~~~~^^^^^^
KeyError: 'rlon'

During handling of the above exception, another exception occurred:

Traceback (most recent call last):
  File "/leonardo/pub/userexternal/ggiulian/intel/lib/python3.13/site-packages/xarray/core/dataset.py", line 1344, in __getitem__
    return self._construct_dataarray(key)
           ~~~~~~~~~~~~~~~~~~~~~~~~~^^^^^
  File "/leonardo/pub/userexternal/ggiulian/intel/lib/python3.13/site-packages/xarray/core/dataset.py", line 1239, in _construct_dataarray
    _, name, variable = _get_virtual_variable(self._variables, name, self.sizes)
                        ~~~~~~~~~~~~~~~~~~~~~^^^^^^^^^^^^^^^^^^^^^^^^^^^^^^^^^^^
  File "/leonardo/pub/userexternal/ggiulian/intel/lib/python3.13/site-packages/xarray/core/dataset_utils.py", line 79, in _get_virtual_variable
    raise KeyError(key)
KeyError: 'rlon'

The above exception was the direct cause of the following exception:

Traceback (most recent call last):
  File "/leonardo/home/userexternal/mdasilva/github_projects/shell/ictp/regcm_post_v1/moaap/moaap_tracking_CPMs_test2.py", line 35, in <module>
    lon = data_vars['rlon']
          ~~~~~~~~~^^^^^^^^
  File "/leonardo/pub/userexternal/ggiulian/intel/lib/python3.13/site-packages/xarray/core/dataset.py", line 1357, in __getitem__
    raise KeyError(message) from e
KeyError: "No variable named 'rlon'. Did you mean one of ('lon',)?"
