
--------------- INIT POSPROCESSING ----------------

/leonardo/home/userexternal/mdasilva/leonardo_work/MOAAP/ERA5/CSAM-3/input
Processing 2000 01
Processed 
Processing 2000 02
Processed 
Processing 2000 03
Processed 
Processing 2000 04
Processed 
Processing 2000 05
Processed 
Processing 2000 06
Processed 
Processing 2000 07
Processed 
Processing 2000 08
Processed 
Processing 2000 09
Processed 
Processing 2000 10
Processed 
Processing 2000 11
Processed 
Processing 2000 12
Processed 
Processing 2001 01
Processed 
Processing 2001 02
Processed 
Processing 2001 03
Processed 
Processing 2001 04
Processed 
Processing 2001 05
Processed 
Processing 2001 06
Processed 
Processing 2001 07
Processed 
Processing 2001 08
Processed 
Processing 2001 09
Processed 
Processing 2001 10
Processed 
Processing 2001 11
Processed 
Processing 2001 12
Processed 
Processing 2002 01
Processed 
Processing 2002 02
Processed 
Processing 2002 03
Processed 
Processing 2002 04
Processed 
Processing 2002 05
Processed 
Processing 2002 06
Processed 
Processing 2002 07
Processed 
Processing 2002 08
Processed 
Processing 2002 09
Processed 
Processing 2002 10
Processed 
Processing 2002 11
Processed 
Processing 2002 12
Processed 
Processing 2003 01
Processed 
Processing 2003 02
Processed 
Processing 2003 03
Processed 
Processing 2003 04
Processed 
Processing 2003 05
Processed 
Processing 2003 06
Processed 
Processing 2003 07
Processed 
Processing 2003 08
Processed 
Processing 2003 09
Processed 
Processing 2003 10
Processed 
Processing 2003 11
Processed 
Processing 2003 12
Processed 
Processing 2004 01
Processed 
Processing 2004 02
Processed 
Processing 2004 03
Processed 
Processing 2004 04
Processed 
Processing 2004 05
Processed 
Processing 2004 06
Processed 
Processing 2004 07
Processed 
Processing 2004 08
Processed 
Processing 2004 09
Processed 
Processing 2004 10
Processed 
Processing 2004 11
Processed 
Processing 2004 12
Processed 
Processing 2005 01
Processed 
Processing 2005 02
Processed 
Processing 2005 03
Processed 
Processing 2005 04
Processed 
Processing 2005 05
Processed 
Processing 2005 06
Processed 
Processing 2005 07
Processed 
Processing 2005 08
Processed 
Processing 2005 09
Processed 
Processing 2005 10
Processed 
Processing 2005 11
Processed 
Processing 2005 12
Processed 
Processing 2006 01
Processed 
Processing 2006 02
Processed 
Processing 2006 03
Processed 
Processing 2006 04
Processed 
Processing 2006 05
Processed 
Processing 2006 06
Processed 
Processing 2006 07
Processed 
Processing 2006 08
Processed 
Processing 2006 09
Processed 
Processing 2006 10
Processed 
Processing 2006 11
Processed 
Processing 2006 12
Processed 
Processing 2007 01
Processed 
Processing 2007 02
Processed 
Processing 2007 03
Processed 
Processing 2007 04
Processed 
Processing 2007 05
Processed 
Processing 2007 06
Processed 
Processing 2007 07
Processed 
Processing 2007 08
Processed 
Processing 2007 09
Processed 
Processing 2007 10
Processed 
Processing 2007 11
Processed 
Processing 2007 12
Processed 
Processing 2008 01
Processed 
Processing 2008 02
Processed 
Processing 2008 03
Processed 
Processing 2008 04
Processed 
Processing 2008 05
Processed 
Processing 2008 06
Processed 
Processing 2008 07
Processed 
Processing 2008 08
Processed 
Processing 2008 09
Processed 
Processing 2008 10
Processed 
Processing 2008 11
Processed 
Processing 2008 12
Processed 
Processing 2009 01
Processed 
Processing 2009 02
Processed 
Processing 2009 03
Processed 
Processing 2009 04
Processed 
Processing 2009 05
Processed 
Processing 2009 06
Processed 
Processing 2009 07
Processed 
Processing 2009 08
Processed 
Processing 2009 09
Processed 
Processing 2009 10
Processed 
Processing 2009 11
Processed 
Processing 2009 12
Processed 

--------------- THE END POSPROCESSING MODEL ----------------
