 urban net longwave radiation error: no convergence
 urban net longwave radiation error: no convergence
 urban net longwave radiation error: no convergence
 Critical =                      NaN  > 0.001 !
 -------------- FATAL CALLED ---------------
  Fatal in file: mod_clm_urban.F90 at line:     2712
 clm now stopping
 -------------------------------------------
 Abort called by computing node          542 at 2026-06-26 19:13:35.170 +0200
 Execution terminated because of runtime error
Abort(1) on node 542 (rank 542 in comm 496): application called MPI_Abort(comm=0x84000002, 1) - process 542
 urban net longwave radiation error: no convergence
 urban net longwave radiation error: no convergence
 urban net longwave radiation error: no convergence
 Critical =                      NaN  > 0.001 !
 -------------- FATAL CALLED ---------------
  Fatal in file: mod_clm_urban.F90 at line:     2712
 clm now stopping
 -------------------------------------------
 Abort called by computing node          554 at 2026-06-26 19:13:35.170 +0200
 Execution terminated because of runtime error
Abort(1) on node 554 (rank 554 in comm 496): application called MPI_Abort(comm=0x84000002, 1) - process 554
 urban net longwave radiation error: no convergence
 urban net longwave radiation error: no convergence
 urban net longwave radiation error: no convergence
 Critical =                      NaN  > 0.001 !
 -------------- FATAL CALLED ---------------
  Fatal in file: mod_clm_urban.F90 at line:     2712
 clm now stopping
 -------------------------------------------
 Abort called by computing node          557 at 2026-06-26 19:13:35.170 +0200
 Execution terminated because of runtime error
Abort(1) on node 557 (rank 557 in comm 496): application called MPI_Abort(comm=0x84000002, 1) - process 557
 urban net longwave radiation error: no convergence
 Critical =                      NaN  > 0.001 !
 -------------- FATAL CALLED ---------------
 urban net longwave radiation error: no convergence
 urban net longwave radiation error: no convergence
 urban net longwave radiation error: no convergence
 Critical =                      NaN  > 0.001 !
 -------------- FATAL CALLED ---------------
 urban net longwave radiation error: no convergence
 urban net longwave radiation error: no convergence
 urban net longwave radiation error: no convergence
 urban net longwave radiation error: no convergence
 urban net longwave radiation error: no convergence
  Fatal in file: mod_clm_urban.F90 at line:     2712
 clm now stopping
 -------------------------------------------
 urban net longwave radiation error: no convergence
 Critical =                      NaN  > 0.001 !
 -------------- FATAL CALLED ---------------
 urban net longwave radiation error: no convergence
 urban net longwave radiation error: no convergence
 Critical =                      NaN  > 0.001 !
 -------------- FATAL CALLED ---------------
  Fatal in file: mod_clm_urban.F90 at line:     2712
 clm now stopping
 -------------------------------------------
 Critical =                      NaN  > 0.001 !
 -------------- FATAL CALLED ---------------
  Fatal in file: mod_clm_urban.F90 at line:     2712
 clm now stopping
 -------------------------------------------
 Critical =                      NaN  > 0.001 !
 -------------- FATAL CALLED ---------------
 urban net longwave radiation error: no convergence
 urban net longwave radiation error: no convergence
 Abort called by computing node          657 at 2026-06-26 19:13:35.172 +0200
 Execution terminated because of runtime error
 urban net longwave radiation error: no convergence
 Abort called by computing node          642 at 2026-06-26 19:13:35.172 +0200
 Execution terminated because of runtime error
 Critical =                      NaN  > 0.001 !
 -------------- FATAL CALLED ---------------
Abort(1) on node 657 (rank 657 in comm 496): application called MPI_Abort(comm=0x84000002, 1) - process 657
 Critical =                      NaN  > 0.001 !
 -------------- FATAL CALLED ---------------
  Fatal in file: mod_clm_urban.F90 at line:     2712
 clm now stopping
 -------------------------------------------
 urban net longwave radiation error: no convergence
 urban net longwave radiation error: no convergence
 Critical =                      NaN  > 0.001 !
 -------------- FATAL CALLED ---------------
 Critical =                      NaN  > 0.001 !
 -------------- FATAL CALLED ---------------
  Fatal in file: mod_clm_urban.F90 at line:     2712
 clm now stopping
 -------------------------------------------
 Critical =                      NaN  > 0.001 !
 -------------- FATAL CALLED ---------------
 urban net longwave radiation error: no convergence
 urban net longwave radiation error: no convergence
 Critical =                      NaN  > 0.001 !
 -------------- FATAL CALLED ---------------
  Fatal in file: mod_clm_urban.F90 at line:     2712
 clm now stopping
 -------------------------------------------
 Abort called by computing node          626 at 2026-06-26 19:13:35.172 +0200
 Execution terminated because of runtime error
  Fatal in file: mod_clm_urban.F90 at line:     2712
 clm now stopping
 -------------------------------------------
 Abort called by computing node          713 at 2026-06-26 19:13:35.172 +0200
 Execution terminated because of runtime error
Abort(1) on node 642 (rank 642 in comm 496): application called MPI_Abort(comm=0x84000002, 1) - process 642
  Fatal in file: mod_clm_urban.F90 at line:     2712
 clm now stopping
 -------------------------------------------
 Abort called by computing node          741 at 2026-06-26 19:13:35.172 +0200
 Execution terminated because of runtime error
Abort(1) on node 741 (rank 741 in comm 496): application called MPI_Abort(comm=0x84000002, 1) - process 741
 urban net longwave radiation error: no convergence
  Fatal in file: mod_clm_urban.F90 at line:     2712
 clm now stopping
 -------------------------------------------
 Critical =                      NaN  > 0.001 !
 -------------- FATAL CALLED ---------------
  Fatal in file: mod_clm_urban.F90 at line:     2712
 clm now stopping
 -------------------------------------------
 Abort called by computing node          579 at 2026-06-26 19:13:35.173 +0200
 Execution terminated because of runtime error
 Critical =                      NaN  > 0.001 !
 -------------- FATAL CALLED ---------------
 Critical =                      NaN  > 0.001 !
 -------------- FATAL CALLED ---------------
 Abort called by computing node          677 at 2026-06-26 19:13:35.172 +0200
 Execution terminated because of runtime error
  Fatal in file: mod_clm_urban.F90 at line:     2712
 clm now stopping
 -------------------------------------------
 Abort called by computing node          589 at 2026-06-26 19:13:35.173 +0200
 Execution terminated because of runtime error
Abort(1) on node 589 (rank 589 in comm 496): application called MPI_Abort(comm=0x84000002, 1) - process 589
 urban net longwave radiation error: no convergence
 Critical =                      NaN  > 0.001 !
 -------------- FATAL CALLED ---------------
  Fatal in file: mod_clm_urban.F90 at line:     2712
 clm now stopping
 -------------------------------------------
 urban net longwave radiation error: no convergence
 urban net longwave radiation error: no convergence
 Critical =                      NaN  > 0.001 !
 -------------- FATAL CALLED ---------------
Abort(1) on node 626 (rank 626 in comm 496): application called MPI_Abort(comm=0x84000002, 1) - process 626
 Critical =                      NaN  > 0.001 !
 -------------- FATAL CALLED ---------------
  Fatal in file: mod_clm_urban.F90 at line:     2712
 clm now stopping
 -------------------------------------------
 urban net longwave radiation error: no convergence
  Fatal in file: mod_clm_urban.F90 at line:     2712
 clm now stopping
 -------------------------------------------
  Fatal in file: mod_clm_urban.F90 at line:     2712
 clm now stopping
 -------------------------------------------
 Abort called by computing node          633 at 2026-06-26 19:13:35.173 +0200
 Execution terminated because of runtime error
Abort(1) on node 633 (rank 633 in comm 496): application called MPI_Abort(comm=0x84000002, 1) - process 633
 urban net longwave radiation error: no convergence
 urban net longwave radiation error: no convergence
 Critical =                      NaN  > 0.001 !
 -------------- FATAL CALLED ---------------
 Critical =                      NaN  > 0.001 !
 -------------- FATAL CALLED ---------------
 urban net longwave radiation error: no convergence
Abort(1) on node 713 (rank 713 in comm 496): application called MPI_Abort(comm=0x84000002, 1) - process 713
 urban net longwave radiation error: no convergence
 Abort called by computing node          709 at 2026-06-26 19:13:35.172 +0200
 Execution terminated because of runtime error
 Critical =                      NaN  > 0.001 !
 -------------- FATAL CALLED ---------------
  Fatal in file: mod_clm_urban.F90 at line:     2712
 clm now stopping
 -------------------------------------------
  Fatal in file: mod_clm_urban.F90 at line:     2712
 clm now stopping
 -------------------------------------------
 urban net longwave radiation error: no convergence
 Abort called by computing node          752 at 2026-06-26 19:13:35.172 +0200
 Execution terminated because of runtime error
 urban net longwave radiation error: no convergence
  Fatal in file: mod_clm_urban.F90 at line:     2712
 clm now stopping
 -------------------------------------------
 Critical =                      NaN  > 0.001 !
 -------------- FATAL CALLED ---------------
Abort(1) on node 677 (rank 677 in comm 496): application called MPI_Abort(comm=0x84000002, 1) - process 677
 Abort called by computing node          595 at 2026-06-26 19:13:35.173 +0200
 Execution terminated because of runtime error
 Critical =                      NaN  > 0.001 !
 -------------- FATAL CALLED ---------------
  Fatal in file: mod_clm_urban.F90 at line:     2712
 clm now stopping
 -------------------------------------------
 Abort called by computing node          724 at 2026-06-26 19:13:35.172 +0200
 Execution terminated because of runtime error
Abort(1) on node 579 (rank 579 in comm 496): application called MPI_Abort(comm=0x84000002, 1) - process 579
 Abort called by computing node          695 at 2026-06-26 19:13:35.172 +0200
 Execution terminated because of runtime error
  Fatal in file: mod_clm_urban.F90 at line:     2712
 clm now stopping
 -------------------------------------------
 Critical =                      NaN  > 0.001 !
 -------------- FATAL CALLED ---------------
 Abort called by computing node          668 at 2026-06-26 19:13:35.173 +0200
 Execution terminated because of runtime error
 urban net longwave radiation error: no convergence
Abort(1) on node 595 (rank 595 in comm 496): application called MPI_Abort(comm=0x84000002, 1) - process 595
 urban net longwave radiation error: no convergence
 Critical =                      NaN  > 0.001 !
 -------------- FATAL CALLED ---------------
Abort(1) on node 709 (rank 709 in comm 496): application called MPI_Abort(comm=0x84000002, 1) - process 709
Abort(1) on node 668 (rank 668 in comm 496): application called MPI_Abort(comm=0x84000002, 1) - process 668
 Abort called by computing node          731 at 2026-06-26 19:13:35.172 +0200
 Execution terminated because of runtime error
 Critical =                      NaN  > 0.001 !
 -------------- FATAL CALLED ---------------
 Abort called by computing node          674 at 2026-06-26 19:13:35.172 +0200
 Execution terminated because of runtime error
 urban net longwave radiation error: no convergence
 urban net longwave radiation error: no convergence
 urban net longwave radiation error: no convergence
 Critical =                      NaN  > 0.001 !
 -------------- FATAL CALLED ---------------
 Abort called by computing node          645 at 2026-06-26 19:13:35.173 +0200
 Execution terminated because of runtime error
Abort(1) on node 695 (rank 695 in comm 496): application called MPI_Abort(comm=0x84000002, 1) - process 695
  Fatal in file: mod_clm_urban.F90 at line:     2712
 clm now stopping
 -------------------------------------------
  Fatal in file: mod_clm_urban.F90 at line:     2712
 clm now stopping
 -------------------------------------------
 Abort called by computing node          583 at 2026-06-26 19:13:35.173 +0200
 Execution terminated because of runtime error
  Fatal in file: mod_clm_urban.F90 at line:     2712
 clm now stopping
 -------------------------------------------
 urban net longwave radiation error: no convergence
 Abort called by computing node          717 at 2026-06-26 19:13:35.172 +0200
 Execution terminated because of runtime error
 Critical =                      NaN  > 0.001 !
 -------------- FATAL CALLED ---------------
Abort(1) on node 752 (rank 752 in comm 496): application called MPI_Abort(comm=0x84000002, 1) - process 752
Abort(1) on node 645 (rank 645 in comm 496): application called MPI_Abort(comm=0x84000002, 1) - process 645
  Fatal in file: mod_clm_urban.F90 at line:     2712
 clm now stopping
 -------------------------------------------
  Fatal in file: mod_clm_urban.F90 at line:     2712
 clm now stopping
 -------------------------------------------
 Critical =                      NaN  > 0.001 !
 -------------- FATAL CALLED ---------------
  Fatal in file: mod_clm_urban.F90 at line:     2712
 clm now stopping
 -------------------------------------------
Abort(1) on node 724 (rank 724 in comm 496): application called MPI_Abort(comm=0x84000002, 1) - process 724
 Critical =                      NaN  > 0.001 !
 -------------- FATAL CALLED ---------------
Abort(1) on node 731 (rank 731 in comm 496): application called MPI_Abort(comm=0x84000002, 1) - process 731
Abort(1) on node 583 (rank 583 in comm 496): application called MPI_Abort(comm=0x84000002, 1) - process 583
 urban net longwave radiation error: no convergence
 urban net longwave radiation error: no convergence
Abort(1) on node 674 (rank 674 in comm 496): application called MPI_Abort(comm=0x84000002, 1) - process 674
 Abort called by computing node          631 at 2026-06-26 19:13:35.173 +0200
 Execution terminated because of runtime error
 Critical =                      NaN  > 0.001 !
 -------------- FATAL CALLED ---------------
 Abort called by computing node          648 at 2026-06-26 19:13:35.173 +0200
 Execution terminated because of runtime error
 urban net longwave radiation error: no convergence
Abort(1) on node 631 (rank 631 in comm 496): application called MPI_Abort(comm=0x84000002, 1) - process 631
  Fatal in file: mod_clm_urban.F90 at line:     2712
 clm now stopping
 -------------------------------------------
 urban net longwave radiation error: no convergence
 Abort called by computing node          698 at 2026-06-26 19:13:35.172 +0200
 Execution terminated because of runtime error
 Critical =                      NaN  > 0.001 !
 -------------- FATAL CALLED ---------------
  Fatal in file: mod_clm_urban.F90 at line:     2712
 clm now stopping
 -------------------------------------------
 urban net longwave radiation error: no convergence
 Abort called by computing node          706 at 2026-06-26 19:13:35.172 +0200
 Execution terminated because of runtime error
Abort(1) on node 648 (rank 648 in comm 496): application called MPI_Abort(comm=0x84000002, 1) - process 648
Abort(1) on node 717 (rank 717 in comm 496): application called MPI_Abort(comm=0x84000002, 1) - process 717
  Fatal in file: mod_clm_urban.F90 at line:     2712
 clm now stopping
 -------------------------------------------
 Critical =                      NaN  > 0.001 !
 -------------- FATAL CALLED ---------------
 Critical =                      NaN  > 0.001 !
 -------------- FATAL CALLED ---------------
 urban net longwave radiation error: no convergence
  Fatal in file: mod_clm_urban.F90 at line:     2712
 clm now stopping
 -------------------------------------------
 urban net longwave radiation error: no convergence
 Abort called by computing node          651 at 2026-06-26 19:13:35.174 +0200
 Execution terminated because of runtime error
 Abort called by computing node          691 at 2026-06-26 19:13:35.172 +0200
 Execution terminated because of runtime error
 Critical =                      NaN  > 0.001 !
 -------------- FATAL CALLED ---------------
 Abort called by computing node          705 at 2026-06-26 19:13:35.172 +0200
 Execution terminated because of runtime error
  Fatal in file: mod_clm_urban.F90 at line:     2712
 clm now stopping
 -------------------------------------------
Abort(1) on node 706 (rank 706 in comm 496): application called MPI_Abort(comm=0x84000002, 1) - process 706
 urban net longwave radiation error: no convergence
 urban net longwave radiation error: no convergence
Abort(1) on node 651 (rank 651 in comm 496): application called MPI_Abort(comm=0x84000002, 1) - process 651
 Critical =                      NaN  > 0.001 !
 -------------- FATAL CALLED ---------------
 Abort called by computing node          661 at 2026-06-26 19:13:35.174 +0200
 Execution terminated because of runtime error
Abort(1) on node 661 (rank 661 in comm 496): application called MPI_Abort(comm=0x84000002, 1) - process 661
 urban net longwave radiation error: no convergence
 Critical =                      NaN  > 0.001 !
 -------------- FATAL CALLED ---------------
  Fatal in file: mod_clm_urban.F90 at line:     2712
 clm now stopping
 -------------------------------------------
Abort(1) on node 698 (rank 698 in comm 496): application called MPI_Abort(comm=0x84000002, 1) - process 698
 Abort called by computing node          576 at 2026-06-26 19:13:35.174 +0200
 Execution terminated because of runtime error
 Abort called by computing node          699 at 2026-06-26 19:13:35.172 +0200
 Execution terminated because of runtime error
 urban net longwave radiation error: no convergence
 Critical =                      NaN  > 0.001 !
 -------------- FATAL CALLED ---------------
 Critical =                      NaN  > 0.001 !
 -------------- FATAL CALLED ---------------
  Fatal in file: mod_clm_urban.F90 at line:     2712
 clm now stopping
 -------------------------------------------
 Critical =                      NaN  > 0.001 !
 -------------- FATAL CALLED ---------------
 urban net longwave radiation error: no convergence
  Fatal in file: mod_clm_urban.F90 at line:     2712
 clm now stopping
 -------------------------------------------
 Abort called by computing node          608 at 2026-06-26 19:13:35.174 +0200
 Execution terminated because of runtime error
 Critical =                      NaN  > 0.001 !
 -------------- FATAL CALLED ---------------
 Abort called by computing node          611 at 2026-06-26 19:13:35.174 +0200
 Execution terminated because of runtime error
Abort(1) on node 611 (rank 611 in comm 496): application called MPI_Abort(comm=0x84000002, 1) - process 611
  Fatal in file: mod_clm_urban.F90 at line:     2712
 clm now stopping
 -------------------------------------------
 urban net longwave radiation error: no convergence
  Fatal in file: mod_clm_urban.F90 at line:     2712
 clm now stopping
 -------------------------------------------
 Critical =                      NaN  > 0.001 !
 -------------- FATAL CALLED ---------------
Abort(1) on node 691 (rank 691 in comm 496): application called MPI_Abort(comm=0x84000002, 1) - process 691
 urban net longwave radiation error: no convergence
 Critical =                      NaN  > 0.001 !
 -------------- FATAL CALLED ---------------
Abort(1) on node 608 (rank 608 in comm 496): application called MPI_Abort(comm=0x84000002, 1) - process 608
Abort(1) on node 699 (rank 699 in comm 496): application called MPI_Abort(comm=0x84000002, 1) - process 699
 Critical =                      NaN  > 0.001 !
 -------------- FATAL CALLED ---------------
Abort(1) on node 705 (rank 705 in comm 496): application called MPI_Abort(comm=0x84000002, 1) - process 705
 urban net longwave radiation error: no convergence
  Fatal in file: mod_clm_urban.F90 at line:     2712
 clm now stopping
 -------------------------------------------
 Abort called by computing node          671 at 2026-06-26 19:13:35.174 +0200
 Execution terminated because of runtime error
 Abort called by computing node          745 at 2026-06-26 19:13:35.172 +0200
 Execution terminated because of runtime error
Abort(1) on node 576 (rank 576 in comm 496): application called MPI_Abort(comm=0x84000002, 1) - process 576
 Abort called by computing node          738 at 2026-06-26 19:13:35.172 +0200
 Execution terminated because of runtime error
  Fatal in file: mod_clm_urban.F90 at line:     2712
 clm now stopping
 -------------------------------------------
 Critical =                      NaN  > 0.001 !
 -------------- FATAL CALLED ---------------
  Fatal in file: mod_clm_urban.F90 at line:     2712
 clm now stopping
 -------------------------------------------
 Abort called by computing node          684 at 2026-06-26 19:13:35.172 +0200
 Execution terminated because of runtime error
 Critical =                      NaN  > 0.001 !
 -------------- FATAL CALLED ---------------
  Fatal in file: mod_clm_urban.F90 at line:     2712
 clm now stopping
 -------------------------------------------
 urban net longwave radiation error: no convergence
  Fatal in file: mod_clm_urban.F90 at line:     2712
 clm now stopping
 -------------------------------------------
  Fatal in file: mod_clm_urban.F90 at line:     2712
 clm now stopping
 -------------------------------------------
 Abort called by computing node          702 at 2026-06-26 19:13:35.172 +0200
 Execution terminated because of runtime error
Abort(1) on node 671 (rank 671 in comm 496): application called MPI_Abort(comm=0x84000002, 1) - process 671
 Critical =                      NaN  > 0.001 !
 -------------- FATAL CALLED ---------------
 urban net longwave radiation error: no convergence
 Abort called by computing node          685 at 2026-06-26 19:13:35.172 +0200
 Execution terminated because of runtime error
 Critical =                      NaN  > 0.001 !
 -------------- FATAL CALLED ---------------
 Critical =                      NaN  > 0.001 !
 -------------- FATAL CALLED ---------------
 urban net longwave radiation error: no convergence
  Fatal in file: mod_clm_urban.F90 at line:     2712
 clm now stopping
 -------------------------------------------
 Abort called by computing node          592 at 2026-06-26 19:13:35.174 +0200
 Execution terminated because of runtime error
 Critical =                      NaN  > 0.001 !
 -------------- FATAL CALLED ---------------
  Fatal in file: mod_clm_urban.F90 at line:     2712
 clm now stopping
 -------------------------------------------
 Critical =                      NaN  > 0.001 !
 -------------- FATAL CALLED ---------------
 Critical =                      NaN  > 0.001 !
 -------------- FATAL CALLED ---------------
 Critical =                      NaN  > 0.001 !
 -------------- FATAL CALLED ---------------
 urban net longwave radiation error: no convergence
 Abort called by computing node          688 at 2026-06-26 19:13:35.172 +0200
 Execution terminated because of runtime error
  Fatal in file: mod_clm_urban.F90 at line:     2712
 clm now stopping
 -------------------------------------------
  Fatal in file: mod_clm_urban.F90 at line:     2712
 clm now stopping
 -------------------------------------------
 Abort called by computing node          664 at 2026-06-26 19:13:35.174 +0200
 Execution terminated because of runtime error
  Fatal in file: mod_clm_urban.F90 at line:     2712
 clm now stopping
 -------------------------------------------
 Critical =                      NaN  > 0.001 !
 -------------- FATAL CALLED ---------------
  Fatal in file: mod_clm_urban.F90 at line:     2712
 clm now stopping
 -------------------------------------------
Abort(1) on node 592 (rank 592 in comm 496): application called MPI_Abort(comm=0x84000002, 1) - process 592
  Fatal in file: mod_clm_urban.F90 at line:     2712
 clm now stopping
 -------------------------------------------
 urban net longwave radiation error: no convergence
  Fatal in file: mod_clm_urban.F90 at line:     2712
 clm now stopping
 -------------------------------------------
 urban net longwave radiation error: no convergence
Abort(1) on node 738 (rank 738 in comm 496): application called MPI_Abort(comm=0x84000002, 1) - process 738
  Fatal in file: mod_clm_urban.F90 at line:     2712
 clm now stopping
 -------------------------------------------
Abort(1) on node 745 (rank 745 in comm 496): application called MPI_Abort(comm=0x84000002, 1) - process 745
 urban net longwave radiation error: no convergence
 Abort called by computing node          727 at 2026-06-26 19:13:35.173 +0200
 Execution terminated because of runtime error
 Abort called by computing node          585 at 2026-06-26 19:13:35.174 +0200
 Execution terminated because of runtime error
 Abort called by computing node          748 at 2026-06-26 19:13:35.172 +0200
 Execution terminated because of runtime error
 Abort called by computing node          598 at 2026-06-26 19:13:35.174 +0200
 Execution terminated because of runtime error
 Abort called by computing node          675 at 2026-06-26 19:13:35.173 +0200
 Execution terminated because of runtime error
 urban net longwave radiation error: no convergence
 Abort called by computing node          681 at 2026-06-26 19:13:35.173 +0200
 Execution terminated because of runtime error
Abort(1) on node 664 (rank 664 in comm 496): application called MPI_Abort(comm=0x84000002, 1) - process 664
Abort(1) on node 684 (rank 684 in comm 496): application called MPI_Abort(comm=0x84000002, 1) - process 684
 Abort called by computing node          618 at 2026-06-26 19:13:35.174 +0200
 Execution terminated because of runtime error
 Abort called by computing node          734 at 2026-06-26 19:13:35.173 +0200
 Execution terminated because of runtime error
 Abort called by computing node          620 at 2026-06-26 19:13:35.174 +0200
 Execution terminated because of runtime error
 Abort called by computing node          678 at 2026-06-26 19:13:35.173 +0200
 Execution terminated because of runtime error
 urban net longwave radiation error: no convergence
Abort(1) on node 702 (rank 702 in comm 496): application called MPI_Abort(comm=0x84000002, 1) - process 702
  Fatal in file: mod_clm_urban.F90 at line:     2712
 clm now stopping
 -------------------------------------------
Abort(1) on node 685 (rank 685 in comm 496): application called MPI_Abort(comm=0x84000002, 1) - process 685
 Critical =                      NaN  > 0.001 !
 -------------- FATAL CALLED ---------------
Abort(1) on node 681 (rank 681 in comm 496): application called MPI_Abort(comm=0x84000002, 1) - process 681
  Fatal in file: mod_clm_urban.F90 at line:     2712
 clm now stopping
 -------------------------------------------
Abort(1) on node 688 (rank 688 in comm 496): application called MPI_Abort(comm=0x84000002, 1) - process 688
Abort(1) on node 585 (rank 585 in comm 496): application called MPI_Abort(comm=0x84000002, 1) - process 585
Abort(1) on node 727 (rank 727 in comm 496): application called MPI_Abort(comm=0x84000002, 1) - process 727
Abort(1) on node 598 (rank 598 in comm 496): application called MPI_Abort(comm=0x84000002, 1) - process 598
Abort(1) on node 678 (rank 678 in comm 496): application called MPI_Abort(comm=0x84000002, 1) - process 678
 urban net longwave radiation error: no convergence
Abort(1) on node 675 (rank 675 in comm 496): application called MPI_Abort(comm=0x84000002, 1) - process 675
 urban net longwave radiation error: no convergence
Abort(1) on node 748 (rank 748 in comm 496): application called MPI_Abort(comm=0x84000002, 1) - process 748
Abort(1) on node 618 (rank 618 in comm 496): application called MPI_Abort(comm=0x84000002, 1) - process 618
Abort(1) on node 734 (rank 734 in comm 496): application called MPI_Abort(comm=0x84000002, 1) - process 734
 Critical =                      NaN  > 0.001 !
 -------------- FATAL CALLED ---------------
 Critical =                      NaN  > 0.001 !
 -------------- FATAL CALLED ---------------
  Fatal in file: mod_clm_urban.F90 at line:     2712
 clm now stopping
 -------------------------------------------
 Abort called by computing node          720 at 2026-06-26 19:13:35.173 +0200
 Execution terminated because of runtime error
Abort(1) on node 720 (rank 720 in comm 496): application called MPI_Abort(comm=0x84000002, 1) - process 720
 urban net longwave radiation error: no convergence
 urban net longwave radiation error: no convergence
 Critical =                      NaN  > 0.001 !
 -------------- FATAL CALLED ---------------
 Abort called by computing node          636 at 2026-06-26 19:13:35.174 +0200
 Execution terminated because of runtime error
 urban net longwave radiation error: no convergence
 Abort called by computing node          582 at 2026-06-26 19:13:35.174 +0200
 Execution terminated because of runtime error
  Fatal in file: mod_clm_urban.F90 at line:     2712
 clm now stopping
 -------------------------------------------
Abort(1) on node 582 (rank 582 in comm 496): application called MPI_Abort(comm=0x84000002, 1) - process 582
 Critical =                      NaN  > 0.001 !
 -------------- FATAL CALLED ---------------
 urban net longwave radiation error: no convergence
Abort(1) on node 620 (rank 620 in comm 496): application called MPI_Abort(comm=0x84000002, 1) - process 620
 Critical =                      NaN  > 0.001 !
 -------------- FATAL CALLED ---------------
Abort(1) on node 636 (rank 636 in comm 496): application called MPI_Abort(comm=0x84000002, 1) - process 636
  Fatal in file: mod_clm_urban.F90 at line:     2712
 clm now stopping
 -------------------------------------------
 Critical =                      NaN  > 0.001 !
 -------------- FATAL CALLED ---------------
 urban net longwave radiation error: no convergence
  Fatal in file: mod_clm_urban.F90 at line:     2712
 clm now stopping
 -------------------------------------------
 Abort called by computing node          655 at 2026-06-26 19:13:35.174 +0200
 Execution terminated because of runtime error
 Critical =                      NaN  > 0.001 !
 -------------- FATAL CALLED ---------------
 urban net longwave radiation error: no convergence
 urban net longwave radiation error: no convergence
 Critical =                      NaN  > 0.001 !
 -------------- FATAL CALLED ---------------
 Abort called by computing node          639 at 2026-06-26 19:13:35.174 +0200
 Execution terminated because of runtime error
 urban net longwave radiation error: no convergence
  Fatal in file: mod_clm_urban.F90 at line:     2712
 clm now stopping
 -------------------------------------------
Abort(1) on node 655 (rank 655 in comm 496): application called MPI_Abort(comm=0x84000002, 1) - process 655
 Critical =                      NaN  > 0.001 !
 -------------- FATAL CALLED ---------------
 urban net longwave radiation error: no convergence
 Abort called by computing node          628 at 2026-06-26 19:13:35.175 +0200
 Execution terminated because of runtime error
Abort(1) on node 639 (rank 639 in comm 496): application called MPI_Abort(comm=0x84000002, 1) - process 639
  Fatal in file: mod_clm_urban.F90 at line:     2712
 clm now stopping
 -------------------------------------------
 Abort called by computing node          623 at 2026-06-26 19:13:35.175 +0200
 urban net longwave radiation error: no convergence
Abort(1) on node 628 (rank 628 in comm 496): application called MPI_Abort(comm=0x84000002, 1) - process 628
 Critical =                      NaN  > 0.001 !
 -------------- FATAL CALLED ---------------
  Fatal in file: mod_clm_urban.F90 at line:     2712
 clm now stopping
 -------------------------------------------
  Fatal in file: mod_clm_urban.F90 at line:     2712
 clm now stopping
 -------------------------------------------
 urban net longwave radiation error: no convergence
 Abort called by computing node          602 at 2026-06-26 19:13:35.175 +0200
 Execution terminated because of runtime error
 Critical =                      NaN  > 0.001 !
 -------------- FATAL CALLED ---------------
 Execution terminated because of runtime error
 Critical =                      NaN  > 0.001 !
 -------------- FATAL CALLED ---------------
Abort(1) on node 602 (rank 602 in comm 496): application called MPI_Abort(comm=0x84000002, 1) - process 602
  Fatal in file: mod_clm_urban.F90 at line:     2712
 clm now stopping
 -------------------------------------------
 Abort called by computing node          586 at 2026-06-26 19:13:35.175 +0200
 Execution terminated because of runtime error
Abort(1) on node 623 (rank 623 in comm 496): application called MPI_Abort(comm=0x84000002, 1) - process 623
  Fatal in file: mod_clm_urban.F90 at line:     2712
 clm now stopping
 -------------------------------------------
 Critical =                      NaN  > 0.001 !
 -------------- FATAL CALLED ---------------
 Abort called by computing node          588 at 2026-06-26 19:13:35.175 +0200
 Execution terminated because of runtime error
  Fatal in file: mod_clm_urban.F90 at line:     2712
 clm now stopping
 -------------------------------------------
  Fatal in file: mod_clm_urban.F90 at line:     2712
 clm now stopping
 -------------------------------------------
 Critical =                      NaN  > 0.001 !
 -------------- FATAL CALLED ---------------
 Abort called by computing node          614 at 2026-06-26 19:13:35.175 +0200
 Execution terminated because of runtime error
  Fatal in file: mod_clm_urban.F90 at line:     2712
 clm now stopping
 -------------------------------------------
 Critical =                      NaN  > 0.001 !
 -------------- FATAL CALLED ---------------
Abort(1) on node 586 (rank 586 in comm 496): application called MPI_Abort(comm=0x84000002, 1) - process 586
 Abort called by computing node          634 at 2026-06-26 19:13:35.175 +0200
 Execution terminated because of runtime error
 Critical =                      NaN  > 0.001 !
 -------------- FATAL CALLED ---------------
Abort(1) on node 588 (rank 588 in comm 496): application called MPI_Abort(comm=0x84000002, 1) - process 588
 Critical =                      NaN  > 0.001 !
 -------------- FATAL CALLED ---------------
  Fatal in file: mod_clm_urban.F90 at line:     2712
 clm now stopping
 -------------------------------------------
 Abort called by computing node          667 at 2026-06-26 19:13:35.175 +0200
 Execution terminated because of runtime error
  Fatal in file: mod_clm_urban.F90 at line:     2712
 clm now stopping
 -------------------------------------------
 Critical =                      NaN  > 0.001 !
 -------------- FATAL CALLED ---------------
  Fatal in file: mod_clm_urban.F90 at line:     2712
 clm now stopping
 -------------------------------------------
 Abort called by computing node          617 at 2026-06-26 19:13:35.175 +0200
 Execution terminated because of runtime error
 Critical =                      NaN  > 0.001 !
 -------------- FATAL CALLED ---------------
  Fatal in file: mod_clm_urban.F90 at line:     2712
 clm now stopping
 -------------------------------------------
Abort(1) on node 614 (rank 614 in comm 496): application called MPI_Abort(comm=0x84000002, 1) - process 614
 Critical =                      NaN  > 0.001 !
 -------------- FATAL CALLED ---------------
 Critical =                      NaN  > 0.001 !
 -------------- FATAL CALLED ---------------
  Fatal in file: mod_clm_urban.F90 at line:     2712
 clm now stopping
 -------------------------------------------
 Critical =                      NaN  > 0.001 !
 -------------- FATAL CALLED ---------------
 Abort called by computing node          652 at 2026-06-26 19:13:35.175 +0200
 Execution terminated because of runtime error
 Critical =                      NaN  > 0.001 !
 -------------- FATAL CALLED ---------------
 Abort called by computing node          599 at 2026-06-26 19:13:35.175 +0200
 Execution terminated because of runtime error
 Critical =                      NaN  > 0.001 !
 -------------- FATAL CALLED ---------------
  Fatal in file: mod_clm_urban.F90 at line:     2712
 clm now stopping
 -------------------------------------------
  Fatal in file: mod_clm_urban.F90 at line:     2712
 clm now stopping
 -------------------------------------------
  Fatal in file: mod_clm_urban.F90 at line:     2712
 clm now stopping
 -------------------------------------------
  Fatal in file: mod_clm_urban.F90 at line:     2712
 clm now stopping
 -------------------------------------------
  Fatal in file: mod_clm_urban.F90 at line:     2712
 clm now stopping
 -------------------------------------------
  Fatal in file: mod_clm_urban.F90 at line:     2712
 clm now stopping
 -------------------------------------------
  Fatal in file: mod_clm_urban.F90 at line:     2712
 clm now stopping
 -------------------------------------------
Abort(1) on node 634 (rank 634 in comm 496): application called MPI_Abort(comm=0x84000002, 1) - process 634
 Abort called by computing node          601 at 2026-06-26 19:13:35.175 +0200
 Execution terminated because of runtime error
 Abort called by computing node          573 at 2026-06-26 19:13:35.175 +0200
 Execution terminated because of runtime error
 Abort called by computing node          654 at 2026-06-26 19:13:35.175 +0200
 Execution terminated because of runtime error
 Abort called by computing node          625 at 2026-06-26 19:13:35.175 +0200
 Execution terminated because of runtime error
 Abort called by computing node          566 at 2026-06-26 19:13:35.175 +0200
 Execution terminated because of runtime error
  Fatal in file: mod_clm_urban.F90 at line:     2712
 clm now stopping
 -------------------------------------------
 Abort called by computing node          609 at 2026-06-26 19:13:35.175 +0200
 Execution terminated because of runtime error
 Abort called by computing node          580 at 2026-06-26 19:13:35.175 +0200
 Execution terminated because of runtime error
 Abort called by computing node          605 at 2026-06-26 19:13:35.175 +0200
 Execution terminated because of runtime error
 Abort called by computing node          612 at 2026-06-26 19:13:35.175 +0200
 Execution terminated because of runtime error
 Abort called by computing node          615 at 2026-06-26 19:13:35.175 +0200
 Execution terminated because of runtime error
 Abort called by computing node          621 at 2026-06-26 19:13:35.175 +0200
 Execution terminated because of runtime error
 Abort called by computing node          658 at 2026-06-26 19:13:35.175 +0200
 Execution terminated because of runtime error
Abort(1) on node 667 (rank 667 in comm 496): application called MPI_Abort(comm=0x84000002, 1) - process 667
Abort(1) on node 617 (rank 617 in comm 496): application called MPI_Abort(comm=0x84000002, 1) - process 617
Abort(1) on node 652 (rank 652 in comm 496): application called MPI_Abort(comm=0x84000002, 1) - process 652
Abort(1) on node 654 (rank 654 in comm 496): application called MPI_Abort(comm=0x84000002, 1) - process 654
Abort(1) on node 599 (rank 599 in comm 496): application called MPI_Abort(comm=0x84000002, 1) - process 599
Abort(1) on node 566 (rank 566 in comm 496): application called MPI_Abort(comm=0x84000002, 1) - process 566
Abort(1) on node 615 (rank 615 in comm 496): application called MPI_Abort(comm=0x84000002, 1) - process 615
Abort(1) on node 601 (rank 601 in comm 496): application called MPI_Abort(comm=0x84000002, 1) - process 601
Abort(1) on node 609 (rank 609 in comm 496): application called MPI_Abort(comm=0x84000002, 1) - process 609
Abort(1) on node 658 (rank 658 in comm 496): application called MPI_Abort(comm=0x84000002, 1) - process 658
Abort(1) on node 605 (rank 605 in comm 496): application called MPI_Abort(comm=0x84000002, 1) - process 605
Abort(1) on node 621 (rank 621 in comm 496): application called MPI_Abort(comm=0x84000002, 1) - process 621
Abort(1) on node 612 (rank 612 in comm 496): application called MPI_Abort(comm=0x84000002, 1) - process 612
Abort(1) on node 580 (rank 580 in comm 496): application called MPI_Abort(comm=0x84000002, 1) - process 580
Abort(1) on node 625 (rank 625 in comm 496): application called MPI_Abort(comm=0x84000002, 1) - process 625
Abort(1) on node 573 (rank 573 in comm 496): application called MPI_Abort(comm=0x84000002, 1) - process 573
ERROR: Simulation ended abruptly!!!
