
--------------- INIT POSTPROCESSING MODEL ----------------

/leonardo/home/userexternal/mdasilva/leonardo_work/SAM-22/postproc

1. Select variable
cdi  warning (cdf_check_variables): 5 dimensional variables are not supported, skipped variable taucl!
cdi  warning (cdf_check_variables): 5 dimensional variables are not supported, skipped variable tauci!
cdi  warning (cdf_check_variables): 5 dimensional variables are not supported, skipped variable taucl!
cdi  warning (cdf_check_variables): 5 dimensional variables are not supported, skipped variable tauci!
cdi  warning (cdf_check_variables): 5 dimensional variables are not supported, skipped variable taucl!
cdi  warning (cdf_check_variables): 5 dimensional variables are not supported, skipped variable tauci!
cdi  warning (cdf_check_variables): 5 dimensional variables are not supported, skipped variable taucl!
cdi  warning (cdf_check_variables): 5 dimensional variables are not supported, skipped variable tauci!
cdi  warning (cdf_check_variables): 5 dimensional variables are not supported, skipped variable taucl!
cdi  warning (cdf_check_variables): 5 dimensional variables are not supported, skipped variable tauci!
cdi  warning (cdf_check_variables): 5 dimensional variables are not supported, skipped variable taucl!
cdi  warning (cdf_check_variables): 5 dimensional variables are not supported, skipped variable tauci!
cdi  warning (cdf_check_variables): 5 dimensional variables are not supported, skipped variable taucl!
cdi  warning (cdf_check_variables): 5 dimensional variables are not supported, skipped variable tauci!
cdi  warning (cdf_check_variables): 5 dimensional variables are not supported, skipped variable taucl!
cdi  warning (cdf_check_variables): 5 dimensional variables are not supported, skipped variable tauci!
cdi  warning (cdf_check_variables): 5 dimensional variables are not supported, skipped variable taucl!
cdi  warning (cdf_check_variables): 5 dimensional variables are not supported, skipped variable tauci!
cdi  warning (cdf_check_variables): 5 dimensional variables are not supported, skipped variable taucl!
cdi  warning (cdf_check_variables): 5 dimensional variables are not supported, skipped variable tauci!
cdi  warning (cdf_check_variables): 5 dimensional variables are not supported, skipped variable taucl!
cdi  warning (cdf_check_variables): 5 dimensional variables are not supported, skipped variable tauci!
cdi  warning (cdf_check_variables): 5 dimensional variables are not supported, skipped variable taucl!
cdi  warning (cdf_check_variables): 5 dimensional variables are not supported, skipped variable tauci!
cdi  warning (cdf_check_variables): 5 dimensional variables are not supported, skipped variable taucl!
cdi  warning (cdf_check_variables): 5 dimensional variables are not supported, skipped variable tauci!
cdi  warning (cdf_check_variables): 5 dimensional variables are not supported, skipped variable taucl!
cdi  warning (cdf_check_variables): 5 dimensional variables are not supported, skipped variable tauci!
cdi  warning (cdf_check_variables): 5 dimensional variables are not supported, skipped variable taucl!
cdi  warning (cdf_check_variables): 5 dimensional variables are not supported, skipped variable tauci!
cdi  warning (cdf_check_variables): 5 dimensional variables are not supported, skipped variable taucl!
cdi  warning (cdf_check_variables): 5 dimensional variables are not supported, skipped variable tauci!
cdi  warning (cdf_check_variables): 5 dimensional variables are not supported, skipped variable taucl!
cdi  warning (cdf_check_variables): 5 dimensional variables are not supported, skipped variable tauci!
cdi  warning (cdf_check_variables): 5 dimensional variables are not supported, skipped variable taucl!
cdi  warning (cdf_check_variables): 5 dimensional variables are not supported, skipped variable tauci!
cdi  warning (cdf_check_variables): 5 dimensional variables are not supported, skipped variable taucl!
cdi  warning (cdf_check_variables): 5 dimensional variables are not supported, skipped variable tauci!
cdi  warning (cdf_check_variables): 5 dimensional variables are not supported, skipped variable taucl!
cdi  warning (cdf_check_variables): 5 dimensional variables are not supported, skipped variable tauci!
cdi  warning (cdf_check_variables): 5 dimensional variables are not supported, skipped variable taucl!
cdi  warning (cdf_check_variables): 5 dimensional variables are not supported, skipped variable tauci!
cdi  warning (cdf_check_variables): 5 dimensional variables are not supported, skipped variable taucl!
cdi  warning (cdf_check_variables): 5 dimensional variables are not supported, skipped variable tauci!
cdi  warning (cdf_check_variables): 5 dimensional variables are not supported, skipped variable taucl!
cdi  warning (cdf_check_variables): 5 dimensional variables are not supported, skipped variable tauci!
cdi  warning (cdf_check_variables): 5 dimensional variables are not supported, skipped variable taucl!
cdi  warning (cdf_check_variables): 5 dimensional variables are not supported, skipped variable tauci!

2. Concatenate data

3. Seasonal avg and Regrid
cdo    remapbil: Bilinear weights from curvilinear (292x334) to lonlat (406x348) grid
cdo    remapbil: Bilinear weights from curvilinear (292x334) to lonlat (406x348) grid
cdo    remapbil: Bilinear weights from curvilinear (292x334) to lonlat (406x348) grid
cdo    remapbil: Bilinear weights from curvilinear (292x334) to lonlat (406x348) grid

2. Concatenate data

3. Seasonal avg and Regrid
cdo    remapbil: Bilinear weights from curvilinear (292x334) to lonlat (406x348) grid
cdo    remapbil: Bilinear weights from curvilinear (292x334) to lonlat (406x348) grid
cdo    remapbil: Bilinear weights from curvilinear (292x334) to lonlat (406x348) grid
cdo    remapbil: Bilinear weights from curvilinear (292x334) to lonlat (406x348) grid

2. Concatenate data

3. Seasonal avg and Regrid
cdo    remapbil: Bilinear weights from curvilinear (292x334) to lonlat (406x348) grid
cdo    remapbil: Bilinear weights from curvilinear (292x334) to lonlat (406x348) grid
cdo    remapbil: Bilinear weights from curvilinear (292x334) to lonlat (406x348) grid
cdo    remapbil: Bilinear weights from curvilinear (292x334) to lonlat (406x348) grid

2. Concatenate data

3. Seasonal avg and Regrid
cdo    remapbil: Bilinear weights from curvilinear (292x334) to lonlat (406x348) grid
cdo    remapbil: Bilinear weights from curvilinear (292x334) to lonlat (406x348) grid
cdo    remapbil: Bilinear weights from curvilinear (292x334) to lonlat (406x348) grid
cdo    remapbil: Bilinear weights from curvilinear (292x334) to lonlat (406x348) grid

2. Concatenate data

3. Seasonal avg and Regrid
cdo    remapbil: Bilinear weights from curvilinear (292x334) to lonlat (406x348) grid
cdo    remapbil: Bilinear weights from curvilinear (292x334) to lonlat (406x348) grid
cdo    remapbil: Bilinear weights from curvilinear (292x334) to lonlat (406x348) grid
cdo    remapbil: Bilinear weights from curvilinear (292x334) to lonlat (406x348) grid

2. Concatenate data

3. Seasonal avg and Regrid
cdo    remapbil: Bilinear weights from curvilinear (292x334) to lonlat (406x348) grid
cdo    remapbil: Bilinear weights from curvilinear (292x334) to lonlat (406x348) grid
cdo    remapbil: Bilinear weights from curvilinear (292x334) to lonlat (406x348) grid
cdo    remapbil: Bilinear weights from curvilinear (292x334) to lonlat (406x348) grid

2. Concatenate data

3. Seasonal avg and Regrid
cdo    remapbil: Bilinear weights from curvilinear (292x334) to lonlat (406x348) grid
cdo    remapbil: Bilinear weights from curvilinear (292x334) to lonlat (406x348) grid
cdo    remapbil: Bilinear weights from curvilinear (292x334) to lonlat (406x348) grid
cdo    remapbil: Bilinear weights from curvilinear (292x334) to lonlat (406x348) grid

2. Concatenate data

3. Seasonal avg and Regrid
cdo    remapbil: Bilinear weights from curvilinear (292x334) to lonlat (406x348) grid
cdo    remapbil: Bilinear weights from curvilinear (292x334) to lonlat (406x348) grid
cdo    remapbil: Bilinear weights from curvilinear (292x334) to lonlat (406x348) grid
cdo    remapbil: Bilinear weights from curvilinear (292x334) to lonlat (406x348) grid

2. Concatenate data

3. Seasonal avg and Regrid
cdo    remapbil: Bilinear weights from curvilinear (292x334) to lonlat (406x348) grid
cdo    remapbil: Bilinear weights from curvilinear (292x334) to lonlat (406x348) grid
cdo    remapbil: Bilinear weights from curvilinear (292x334) to lonlat (406x348) grid
cdo    remapbil: Bilinear weights from curvilinear (292x334) to lonlat (406x348) grid

4. Delete files

--------------- THE END POSTPROCESSING MODEL ----------------
