Type = File(72057594037928082) name='/'Type = File(72057594037928083) name='/'Type = File(72057594037928219) name='/'Type = File(72057594037928221) name='/'Type = File(72057594037928222) name='/'Type = File(72057594037928236) name='/'forrtl: severe (174): SIGSEGV, segmentation fault occurred
Image              PC                Routine            Line        Source             
libpthread-2.28.s  000014CB1931DCF0  Unknown               Unknown  Unknown
libhdf5.so.310.3.  000014CB1C201932  H5G_root_loc          Unknown  Unknown
libhdf5.so.310.3.  000014CB1C1F8E14  H5G_loc_real          Unknown  Unknown
libhdf5.so.310.3.  000014CB1C3F5589  H5VL__native_obje     Unknown  Unknown
libhdf5.so.310.3.  000014CB1C3E4B4A  H5VL_object_get       Unknown  Unknown
libhdf5.so.310.3.  000014CB1C22C7B6  H5Iget_name           Unknown  Unknown
libnetcdf.so.19.2  000014CB1CBB6760  reportobject          Unknown  Unknown
libnetcdf.so.19.2  000014CB1CBB688E  reportopenobjects     Unknown  Unknown
libnetcdf.so.19.2  000014CB1CBB7779  nc4_close_netcdf4     Unknown  Unknown
libnetcdf.so.19.2  000014CB1CBB7C61  NC4_close             Unknown  Unknown
libnetcdf.so.19.2  000014CB1CB4C6A5  nc_close              Unknown  Unknown
regcmMPICLM45      0000000000D072F0  Unknown               Unknown  Unknown
regcmMPICLM45      0000000000D06510  Unknown               Unknown  Unknown
regcmMPICLM45      0000000000C6EDC4  Unknown               Unknown  Unknown
regcmMPICLM45      0000000000553039  Unknown               Unknown  Unknown
regcmMPICLM45      0000000000416336  Unknown               Unknown  Unknown
regcmMPICLM45      00000000005EBA84  Unknown               Unknown  Unknown
regcmMPICLM45      000000000041544D  Unknown               Unknown  Unknown
libc-2.28.so       000014CB18B32D85  __libc_start_main     Unknown  Unknown
regcmMPICLM45      000000000041536E  Unknown               Unknown  Unknown
ERROR: Simulation ended abruptly!!!
Unknown ERROR Detected at 1999-09-14 00!
