
  This is icbc part of the RegCM version 5
   SVN Revision: 5.0.1 compiled at: data : Dec 03 2024  time: 16:32:23

 : this run start at    : 2025-02-11 20:42:36+0100
 : it is submitted by   : mdasilva
 : it is running on     : lrdn4323.leonardo.local
 : in directory         : 
 /leonardo/home/userexternal/mdasilva/github_projects/shell/ictp/regcm_exp/corde
 x5_v2
                       
 Using Moloch non-hydrostatic dynamical core
 GLOBIDATE1 :  2004-01-01 00:00:00 UTC        
 GLOBIDATE2 :  2005-01-01 00:00:00 UTC        
 NSTEPS     :         1465
 Computing weights, R =      38.89632416 .......... Done.
 Computing weights, R =      38.89632416 .......... Done.
 Computing weights, R =      38.89632416 .......... Done.
      131072 /leonardo_work/ICT24_ESP/RCMDATA//ERA5/2004/tatm_2004_01.nc
  2.180139448693192E-003   247.640900591897     
      196608 /leonardo_work/ICT24_ESP/RCMDATA//ERA5/2004/geop_2004_01.nc
   7.61616731980453        244574.607931965     
      262144 /leonardo_work/ICT24_ESP/RCMDATA//ERA5/2004/qhum_2004_01.nc
  3.877402478915290E-007  1.262063069365872E-002
      327680 /leonardo_work/ICT24_ESP/RCMDATA//ERA5/2004/uwnd_2004_01.nc
  4.369208827011534E-003   23.8285038721490     
      393216 /leonardo_work/ICT24_ESP/RCMDATA//ERA5/2004/vwnd_2004_01.nc
  3.665007550689514E-003  -6.87621452281831     
 READ IN fields at DATE: 2004-01-01 00:00:00 UTC        
 READ IN fields at DATE: 2004-01-01 06:00:00 UTC        
 READ IN fields at DATE: 2004-01-01 12:00:00 UTC        
 READ IN fields at DATE: 2004-01-01 18:00:00 UTC        
 READ IN fields at DATE: 2004-01-02 00:00:00 UTC        
 READ IN fields at DATE: 2004-01-02 06:00:00 UTC        
 READ IN fields at DATE: 2004-01-02 12:00:00 UTC        
 READ IN fields at DATE: 2004-01-02 18:00:00 UTC        
 READ IN fields at DATE: 2004-01-03 00:00:00 UTC        
 READ IN fields at DATE: 2004-01-03 06:00:00 UTC        
 READ IN fields at DATE: 2004-01-03 12:00:00 UTC        
 READ IN fields at DATE: 2004-01-03 18:00:00 UTC        
 READ IN fields at DATE: 2004-01-04 00:00:00 UTC        
 READ IN fields at DATE: 2004-01-04 06:00:00 UTC        
 READ IN fields at DATE: 2004-01-04 12:00:00 UTC        
 READ IN fields at DATE: 2004-01-04 18:00:00 UTC        
 READ IN fields at DATE: 2004-01-05 00:00:00 UTC        
 READ IN fields at DATE: 2004-01-05 06:00:00 UTC        
 READ IN fields at DATE: 2004-01-05 12:00:00 UTC        
 READ IN fields at DATE: 2004-01-05 18:00:00 UTC        
 READ IN fields at DATE: 2004-01-06 00:00:00 UTC        
 READ IN fields at DATE: 2004-01-06 06:00:00 UTC        
 READ IN fields at DATE: 2004-01-06 12:00:00 UTC        
 READ IN fields at DATE: 2004-01-06 18:00:00 UTC        
 READ IN fields at DATE: 2004-01-07 00:00:00 UTC        
 READ IN fields at DATE: 2004-01-07 06:00:00 UTC        
 READ IN fields at DATE: 2004-01-07 12:00:00 UTC        
 READ IN fields at DATE: 2004-01-07 18:00:00 UTC        
 READ IN fields at DATE: 2004-01-08 00:00:00 UTC        
 READ IN fields at DATE: 2004-01-08 06:00:00 UTC        
 READ IN fields at DATE: 2004-01-08 12:00:00 UTC        
 READ IN fields at DATE: 2004-01-08 18:00:00 UTC        
 READ IN fields at DATE: 2004-01-09 00:00:00 UTC        
 READ IN fields at DATE: 2004-01-09 06:00:00 UTC        
 READ IN fields at DATE: 2004-01-09 12:00:00 UTC        
 READ IN fields at DATE: 2004-01-09 18:00:00 UTC        
 READ IN fields at DATE: 2004-01-10 00:00:00 UTC        
 READ IN fields at DATE: 2004-01-10 06:00:00 UTC        
 READ IN fields at DATE: 2004-01-10 12:00:00 UTC        
 READ IN fields at DATE: 2004-01-10 18:00:00 UTC        
 READ IN fields at DATE: 2004-01-11 00:00:00 UTC        
 READ IN fields at DATE: 2004-01-11 06:00:00 UTC        
 READ IN fields at DATE: 2004-01-11 12:00:00 UTC        
 READ IN fields at DATE: 2004-01-11 18:00:00 UTC        
 READ IN fields at DATE: 2004-01-12 00:00:00 UTC        
 READ IN fields at DATE: 2004-01-12 06:00:00 UTC        
 READ IN fields at DATE: 2004-01-12 12:00:00 UTC        
 READ IN fields at DATE: 2004-01-12 18:00:00 UTC        
 READ IN fields at DATE: 2004-01-13 00:00:00 UTC        
 READ IN fields at DATE: 2004-01-13 06:00:00 UTC        
 READ IN fields at DATE: 2004-01-13 12:00:00 UTC        
 READ IN fields at DATE: 2004-01-13 18:00:00 UTC        
 READ IN fields at DATE: 2004-01-14 00:00:00 UTC        
 READ IN fields at DATE: 2004-01-14 06:00:00 UTC        
 READ IN fields at DATE: 2004-01-14 12:00:00 UTC        
 READ IN fields at DATE: 2004-01-14 18:00:00 UTC        
 READ IN fields at DATE: 2004-01-15 00:00:00 UTC        
 READ IN fields at DATE: 2004-01-15 06:00:00 UTC        
 READ IN fields at DATE: 2004-01-15 12:00:00 UTC        
 READ IN fields at DATE: 2004-01-15 18:00:00 UTC        
 READ IN fields at DATE: 2004-01-16 00:00:00 UTC        
 READ IN fields at DATE: 2004-01-16 06:00:00 UTC        
 READ IN fields at DATE: 2004-01-16 12:00:00 UTC        
 READ IN fields at DATE: 2004-01-16 18:00:00 UTC        
 READ IN fields at DATE: 2004-01-17 00:00:00 UTC        
 READ IN fields at DATE: 2004-01-17 06:00:00 UTC        
 READ IN fields at DATE: 2004-01-17 12:00:00 UTC        
 READ IN fields at DATE: 2004-01-17 18:00:00 UTC        
 READ IN fields at DATE: 2004-01-18 00:00:00 UTC        
 READ IN fields at DATE: 2004-01-18 06:00:00 UTC        
 READ IN fields at DATE: 2004-01-18 12:00:00 UTC        
 READ IN fields at DATE: 2004-01-18 18:00:00 UTC        
 READ IN fields at DATE: 2004-01-19 00:00:00 UTC        
 READ IN fields at DATE: 2004-01-19 06:00:00 UTC        
 READ IN fields at DATE: 2004-01-19 12:00:00 UTC        
 READ IN fields at DATE: 2004-01-19 18:00:00 UTC        
 READ IN fields at DATE: 2004-01-20 00:00:00 UTC        
 READ IN fields at DATE: 2004-01-20 06:00:00 UTC        
 READ IN fields at DATE: 2004-01-20 12:00:00 UTC        
 READ IN fields at DATE: 2004-01-20 18:00:00 UTC        
 READ IN fields at DATE: 2004-01-21 00:00:00 UTC        
 READ IN fields at DATE: 2004-01-21 06:00:00 UTC        
 READ IN fields at DATE: 2004-01-21 12:00:00 UTC        
 READ IN fields at DATE: 2004-01-21 18:00:00 UTC        
 READ IN fields at DATE: 2004-01-22 00:00:00 UTC        
 READ IN fields at DATE: 2004-01-22 06:00:00 UTC        
 READ IN fields at DATE: 2004-01-22 12:00:00 UTC        
 READ IN fields at DATE: 2004-01-22 18:00:00 UTC        
 READ IN fields at DATE: 2004-01-23 00:00:00 UTC        
 READ IN fields at DATE: 2004-01-23 06:00:00 UTC        
 READ IN fields at DATE: 2004-01-23 12:00:00 UTC        
 READ IN fields at DATE: 2004-01-23 18:00:00 UTC        
 READ IN fields at DATE: 2004-01-24 00:00:00 UTC        
 READ IN fields at DATE: 2004-01-24 06:00:00 UTC        
 READ IN fields at DATE: 2004-01-24 12:00:00 UTC        
 READ IN fields at DATE: 2004-01-24 18:00:00 UTC        
 READ IN fields at DATE: 2004-01-25 00:00:00 UTC        
 READ IN fields at DATE: 2004-01-25 06:00:00 UTC        
 READ IN fields at DATE: 2004-01-25 12:00:00 UTC        
 READ IN fields at DATE: 2004-01-25 18:00:00 UTC        
 READ IN fields at DATE: 2004-01-26 00:00:00 UTC        
 READ IN fields at DATE: 2004-01-26 06:00:00 UTC        
 READ IN fields at DATE: 2004-01-26 12:00:00 UTC        
 READ IN fields at DATE: 2004-01-26 18:00:00 UTC        
 READ IN fields at DATE: 2004-01-27 00:00:00 UTC        
 READ IN fields at DATE: 2004-01-27 06:00:00 UTC        
 READ IN fields at DATE: 2004-01-27 12:00:00 UTC        
 READ IN fields at DATE: 2004-01-27 18:00:00 UTC        
 READ IN fields at DATE: 2004-01-28 00:00:00 UTC        
 READ IN fields at DATE: 2004-01-28 06:00:00 UTC        
 READ IN fields at DATE: 2004-01-28 12:00:00 UTC        
 READ IN fields at DATE: 2004-01-28 18:00:00 UTC        
 READ IN fields at DATE: 2004-01-29 00:00:00 UTC        
 READ IN fields at DATE: 2004-01-29 06:00:00 UTC        
 READ IN fields at DATE: 2004-01-29 12:00:00 UTC        
 READ IN fields at DATE: 2004-01-29 18:00:00 UTC        
 READ IN fields at DATE: 2004-01-30 00:00:00 UTC        
 READ IN fields at DATE: 2004-01-30 06:00:00 UTC        
 READ IN fields at DATE: 2004-01-30 12:00:00 UTC        
 READ IN fields at DATE: 2004-01-30 18:00:00 UTC        
 READ IN fields at DATE: 2004-01-31 00:00:00 UTC        
 READ IN fields at DATE: 2004-01-31 06:00:00 UTC        
 READ IN fields at DATE: 2004-01-31 12:00:00 UTC        
 READ IN fields at DATE: 2004-01-31 18:00:00 UTC        
      131072 /leonardo_work/ICT24_ESP/RCMDATA//ERA5/2004/tatm_2004_02.nc
  2.158583000927848E-003   248.939022332035     
      196608 /leonardo_work/ICT24_ESP/RCMDATA//ERA5/2004/geop_2004_02.nc
   7.51259551485511        241144.345264743     
      262144 /leonardo_work/ICT24_ESP/RCMDATA//ERA5/2004/qhum_2004_02.nc
  4.014100103550088E-007  1.309266136605679E-002
      327680 /leonardo_work/ICT24_ESP/RCMDATA//ERA5/2004/uwnd_2004_02.nc
  4.332471824861257E-003   42.3270650262946     
      393216 /leonardo_work/ICT24_ESP/RCMDATA//ERA5/2004/vwnd_2004_02.nc
  3.742074994808198E-003  -17.8457125902318     
 READ IN fields at DATE: 2004-02-01 00:00:00 UTC        
 READ IN fields at DATE: 2004-02-01 06:00:00 UTC        
 READ IN fields at DATE: 2004-02-01 12:00:00 UTC        
 READ IN fields at DATE: 2004-02-01 18:00:00 UTC        
 READ IN fields at DATE: 2004-02-02 00:00:00 UTC        
 READ IN fields at DATE: 2004-02-02 06:00:00 UTC        
 READ IN fields at DATE: 2004-02-02 12:00:00 UTC        
 READ IN fields at DATE: 2004-02-02 18:00:00 UTC        
 READ IN fields at DATE: 2004-02-03 00:00:00 UTC        
 READ IN fields at DATE: 2004-02-03 06:00:00 UTC        
 READ IN fields at DATE: 2004-02-03 12:00:00 UTC        
 READ IN fields at DATE: 2004-02-03 18:00:00 UTC        
 READ IN fields at DATE: 2004-02-04 00:00:00 UTC        
 READ IN fields at DATE: 2004-02-04 06:00:00 UTC        
 READ IN fields at DATE: 2004-02-04 12:00:00 UTC        
 READ IN fields at DATE: 2004-02-04 18:00:00 UTC        
 READ IN fields at DATE: 2004-02-05 00:00:00 UTC        
 READ IN fields at DATE: 2004-02-05 06:00:00 UTC        
 READ IN fields at DATE: 2004-02-05 12:00:00 UTC        
 READ IN fields at DATE: 2004-02-05 18:00:00 UTC        
 READ IN fields at DATE: 2004-02-06 00:00:00 UTC        
 READ IN fields at DATE: 2004-02-06 06:00:00 UTC        
 READ IN fields at DATE: 2004-02-06 12:00:00 UTC        
 READ IN fields at DATE: 2004-02-06 18:00:00 UTC        
 READ IN fields at DATE: 2004-02-07 00:00:00 UTC        
 READ IN fields at DATE: 2004-02-07 06:00:00 UTC        
 READ IN fields at DATE: 2004-02-07 12:00:00 UTC        
 READ IN fields at DATE: 2004-02-07 18:00:00 UTC        
 READ IN fields at DATE: 2004-02-08 00:00:00 UTC        
 READ IN fields at DATE: 2004-02-08 06:00:00 UTC        
 READ IN fields at DATE: 2004-02-08 12:00:00 UTC        
 READ IN fields at DATE: 2004-02-08 18:00:00 UTC        
 READ IN fields at DATE: 2004-02-09 00:00:00 UTC        
 READ IN fields at DATE: 2004-02-09 06:00:00 UTC        
 READ IN fields at DATE: 2004-02-09 12:00:00 UTC        
 READ IN fields at DATE: 2004-02-09 18:00:00 UTC        
 READ IN fields at DATE: 2004-02-10 00:00:00 UTC        
 READ IN fields at DATE: 2004-02-10 06:00:00 UTC        
 READ IN fields at DATE: 2004-02-10 12:00:00 UTC        
 READ IN fields at DATE: 2004-02-10 18:00:00 UTC        
 READ IN fields at DATE: 2004-02-11 00:00:00 UTC        
 READ IN fields at DATE: 2004-02-11 06:00:00 UTC        
 READ IN fields at DATE: 2004-02-11 12:00:00 UTC        
 READ IN fields at DATE: 2004-02-11 18:00:00 UTC        
 READ IN fields at DATE: 2004-02-12 00:00:00 UTC        
 READ IN fields at DATE: 2004-02-12 06:00:00 UTC        
 READ IN fields at DATE: 2004-02-12 12:00:00 UTC        
 READ IN fields at DATE: 2004-02-12 18:00:00 UTC        
 READ IN fields at DATE: 2004-02-13 00:00:00 UTC        
 READ IN fields at DATE: 2004-02-13 06:00:00 UTC        
 READ IN fields at DATE: 2004-02-13 12:00:00 UTC        
 READ IN fields at DATE: 2004-02-13 18:00:00 UTC        
 READ IN fields at DATE: 2004-02-14 00:00:00 UTC        
 READ IN fields at DATE: 2004-02-14 06:00:00 UTC        
 READ IN fields at DATE: 2004-02-14 12:00:00 UTC        
 READ IN fields at DATE: 2004-02-14 18:00:00 UTC        
 READ IN fields at DATE: 2004-02-15 00:00:00 UTC        
 READ IN fields at DATE: 2004-02-15 06:00:00 UTC        
 READ IN fields at DATE: 2004-02-15 12:00:00 UTC        
 READ IN fields at DATE: 2004-02-15 18:00:00 UTC        
 READ IN fields at DATE: 2004-02-16 00:00:00 UTC        
 READ IN fields at DATE: 2004-02-16 06:00:00 UTC        
 READ IN fields at DATE: 2004-02-16 12:00:00 UTC        
 READ IN fields at DATE: 2004-02-16 18:00:00 UTC        
 READ IN fields at DATE: 2004-02-17 00:00:00 UTC        
 READ IN fields at DATE: 2004-02-17 06:00:00 UTC        
 READ IN fields at DATE: 2004-02-17 12:00:00 UTC        
 READ IN fields at DATE: 2004-02-17 18:00:00 UTC        
 READ IN fields at DATE: 2004-02-18 00:00:00 UTC        
 READ IN fields at DATE: 2004-02-18 06:00:00 UTC        
 READ IN fields at DATE: 2004-02-18 12:00:00 UTC        
 READ IN fields at DATE: 2004-02-18 18:00:00 UTC        
 READ IN fields at DATE: 2004-02-19 00:00:00 UTC        
 READ IN fields at DATE: 2004-02-19 06:00:00 UTC        
 READ IN fields at DATE: 2004-02-19 12:00:00 UTC        
 READ IN fields at DATE: 2004-02-19 18:00:00 UTC        
 READ IN fields at DATE: 2004-02-20 00:00:00 UTC        
 READ IN fields at DATE: 2004-02-20 06:00:00 UTC        
 READ IN fields at DATE: 2004-02-20 12:00:00 UTC        
 READ IN fields at DATE: 2004-02-20 18:00:00 UTC        
 READ IN fields at DATE: 2004-02-21 00:00:00 UTC        
 READ IN fields at DATE: 2004-02-21 06:00:00 UTC        
 READ IN fields at DATE: 2004-02-21 12:00:00 UTC        
 READ IN fields at DATE: 2004-02-21 18:00:00 UTC        
 READ IN fields at DATE: 2004-02-22 00:00:00 UTC        
 READ IN fields at DATE: 2004-02-22 06:00:00 UTC        
 READ IN fields at DATE: 2004-02-22 12:00:00 UTC        
 READ IN fields at DATE: 2004-02-22 18:00:00 UTC        
 READ IN fields at DATE: 2004-02-23 00:00:00 UTC        
 READ IN fields at DATE: 2004-02-23 06:00:00 UTC        
 READ IN fields at DATE: 2004-02-23 12:00:00 UTC        
 READ IN fields at DATE: 2004-02-23 18:00:00 UTC        
 READ IN fields at DATE: 2004-02-24 00:00:00 UTC        
 READ IN fields at DATE: 2004-02-24 06:00:00 UTC        
 READ IN fields at DATE: 2004-02-24 12:00:00 UTC        
 READ IN fields at DATE: 2004-02-24 18:00:00 UTC        
 READ IN fields at DATE: 2004-02-25 00:00:00 UTC        
 READ IN fields at DATE: 2004-02-25 06:00:00 UTC        
 READ IN fields at DATE: 2004-02-25 12:00:00 UTC        
 READ IN fields at DATE: 2004-02-25 18:00:00 UTC        
 READ IN fields at DATE: 2004-02-26 00:00:00 UTC        
 READ IN fields at DATE: 2004-02-26 06:00:00 UTC        
 READ IN fields at DATE: 2004-02-26 12:00:00 UTC        
 READ IN fields at DATE: 2004-02-26 18:00:00 UTC        
 READ IN fields at DATE: 2004-02-27 00:00:00 UTC        
 READ IN fields at DATE: 2004-02-27 06:00:00 UTC        
 READ IN fields at DATE: 2004-02-27 12:00:00 UTC        
 READ IN fields at DATE: 2004-02-27 18:00:00 UTC        
 READ IN fields at DATE: 2004-02-28 00:00:00 UTC        
 READ IN fields at DATE: 2004-02-28 06:00:00 UTC        
 READ IN fields at DATE: 2004-02-28 12:00:00 UTC        
 READ IN fields at DATE: 2004-02-28 18:00:00 UTC        
 READ IN fields at DATE: 2004-02-29 00:00:00 UTC        
 READ IN fields at DATE: 2004-02-29 06:00:00 UTC        
 READ IN fields at DATE: 2004-02-29 12:00:00 UTC        
 READ IN fields at DATE: 2004-02-29 18:00:00 UTC        
      131072 /leonardo_work/ICT24_ESP/RCMDATA//ERA5/2004/tatm_2004_03.nc
  2.127824199213683E-003   247.637112052256     
      196608 /leonardo_work/ICT24_ESP/RCMDATA//ERA5/2004/geop_2004_03.nc
   7.35494265532251        235428.906513047     
      262144 /leonardo_work/ICT24_ESP/RCMDATA//ERA5/2004/qhum_2004_03.nc
  3.831259921323293E-007  1.251617492040020E-002
      327680 /leonardo_work/ICT24_ESP/RCMDATA//ERA5/2004/uwnd_2004_03.nc
  3.604791762982248E-003   28.4903698453294     
      393216 /leonardo_work/ICT24_ESP/RCMDATA//ERA5/2004/vwnd_2004_03.nc
  3.199616929116938E-003  -8.23438026500753     
 READ IN fields at DATE: 2004-03-01 00:00:00 UTC        
 READ IN fields at DATE: 2004-03-01 06:00:00 UTC        
 READ IN fields at DATE: 2004-03-01 12:00:00 UTC        
 READ IN fields at DATE: 2004-03-01 18:00:00 UTC        
 READ IN fields at DATE: 2004-03-02 00:00:00 UTC        
 READ IN fields at DATE: 2004-03-02 06:00:00 UTC        
 READ IN fields at DATE: 2004-03-02 12:00:00 UTC        
 READ IN fields at DATE: 2004-03-02 18:00:00 UTC        
 READ IN fields at DATE: 2004-03-03 00:00:00 UTC        
 READ IN fields at DATE: 2004-03-03 06:00:00 UTC        
 READ IN fields at DATE: 2004-03-03 12:00:00 UTC        
 READ IN fields at DATE: 2004-03-03 18:00:00 UTC        
 READ IN fields at DATE: 2004-03-04 00:00:00 UTC        
 READ IN fields at DATE: 2004-03-04 06:00:00 UTC        
 READ IN fields at DATE: 2004-03-04 12:00:00 UTC        
 READ IN fields at DATE: 2004-03-04 18:00:00 UTC        
 READ IN fields at DATE: 2004-03-05 00:00:00 UTC        
 READ IN fields at DATE: 2004-03-05 06:00:00 UTC        
 READ IN fields at DATE: 2004-03-05 12:00:00 UTC        
 READ IN fields at DATE: 2004-03-05 18:00:00 UTC        
 READ IN fields at DATE: 2004-03-06 00:00:00 UTC        
 READ IN fields at DATE: 2004-03-06 06:00:00 UTC        
 READ IN fields at DATE: 2004-03-06 12:00:00 UTC        
 READ IN fields at DATE: 2004-03-06 18:00:00 UTC        
 READ IN fields at DATE: 2004-03-07 00:00:00 UTC        
 READ IN fields at DATE: 2004-03-07 06:00:00 UTC        
 READ IN fields at DATE: 2004-03-07 12:00:00 UTC        
 READ IN fields at DATE: 2004-03-07 18:00:00 UTC        
 READ IN fields at DATE: 2004-03-08 00:00:00 UTC        
 READ IN fields at DATE: 2004-03-08 06:00:00 UTC        
 READ IN fields at DATE: 2004-03-08 12:00:00 UTC        
 READ IN fields at DATE: 2004-03-08 18:00:00 UTC        
 READ IN fields at DATE: 2004-03-09 00:00:00 UTC        
 READ IN fields at DATE: 2004-03-09 06:00:00 UTC        
 READ IN fields at DATE: 2004-03-09 12:00:00 UTC        
 READ IN fields at DATE: 2004-03-09 18:00:00 UTC        
 READ IN fields at DATE: 2004-03-10 00:00:00 UTC        
 READ IN fields at DATE: 2004-03-10 06:00:00 UTC        
 READ IN fields at DATE: 2004-03-10 12:00:00 UTC        
 READ IN fields at DATE: 2004-03-10 18:00:00 UTC        
 READ IN fields at DATE: 2004-03-11 00:00:00 UTC        
 READ IN fields at DATE: 2004-03-11 06:00:00 UTC        
 READ IN fields at DATE: 2004-03-11 12:00:00 UTC        
 READ IN fields at DATE: 2004-03-11 18:00:00 UTC        
 READ IN fields at DATE: 2004-03-12 00:00:00 UTC        
 READ IN fields at DATE: 2004-03-12 06:00:00 UTC        
 READ IN fields at DATE: 2004-03-12 12:00:00 UTC        
 READ IN fields at DATE: 2004-03-12 18:00:00 UTC        
 READ IN fields at DATE: 2004-03-13 00:00:00 UTC        
 READ IN fields at DATE: 2004-03-13 06:00:00 UTC        
 READ IN fields at DATE: 2004-03-13 12:00:00 UTC        
 READ IN fields at DATE: 2004-03-13 18:00:00 UTC        
 READ IN fields at DATE: 2004-03-14 00:00:00 UTC        
 READ IN fields at DATE: 2004-03-14 06:00:00 UTC        
 READ IN fields at DATE: 2004-03-14 12:00:00 UTC        
 READ IN fields at DATE: 2004-03-14 18:00:00 UTC        
 READ IN fields at DATE: 2004-03-15 00:00:00 UTC        
 READ IN fields at DATE: 2004-03-15 06:00:00 UTC        
 READ IN fields at DATE: 2004-03-15 12:00:00 UTC        
 READ IN fields at DATE: 2004-03-15 18:00:00 UTC        
 READ IN fields at DATE: 2004-03-16 00:00:00 UTC        
 READ IN fields at DATE: 2004-03-16 06:00:00 UTC        
 READ IN fields at DATE: 2004-03-16 12:00:00 UTC        
 READ IN fields at DATE: 2004-03-16 18:00:00 UTC        
 READ IN fields at DATE: 2004-03-17 00:00:00 UTC        
 READ IN fields at DATE: 2004-03-17 06:00:00 UTC        
 READ IN fields at DATE: 2004-03-17 12:00:00 UTC        
 READ IN fields at DATE: 2004-03-17 18:00:00 UTC        
 READ IN fields at DATE: 2004-03-18 00:00:00 UTC        
 READ IN fields at DATE: 2004-03-18 06:00:00 UTC        
 READ IN fields at DATE: 2004-03-18 12:00:00 UTC        
 READ IN fields at DATE: 2004-03-18 18:00:00 UTC        
 READ IN fields at DATE: 2004-03-19 00:00:00 UTC        
 READ IN fields at DATE: 2004-03-19 06:00:00 UTC        
 READ IN fields at DATE: 2004-03-19 12:00:00 UTC        
 READ IN fields at DATE: 2004-03-19 18:00:00 UTC        
 READ IN fields at DATE: 2004-03-20 00:00:00 UTC        
 READ IN fields at DATE: 2004-03-20 06:00:00 UTC        
 READ IN fields at DATE: 2004-03-20 12:00:00 UTC        
 READ IN fields at DATE: 2004-03-20 18:00:00 UTC        
 READ IN fields at DATE: 2004-03-21 00:00:00 UTC        
 READ IN fields at DATE: 2004-03-21 06:00:00 UTC        
 READ IN fields at DATE: 2004-03-21 12:00:00 UTC        
 READ IN fields at DATE: 2004-03-21 18:00:00 UTC        
 READ IN fields at DATE: 2004-03-22 00:00:00 UTC        
 READ IN fields at DATE: 2004-03-22 06:00:00 UTC        
 READ IN fields at DATE: 2004-03-22 12:00:00 UTC        
 READ IN fields at DATE: 2004-03-22 18:00:00 UTC        
 READ IN fields at DATE: 2004-03-23 00:00:00 UTC        
 READ IN fields at DATE: 2004-03-23 06:00:00 UTC        
 READ IN fields at DATE: 2004-03-23 12:00:00 UTC        
 READ IN fields at DATE: 2004-03-23 18:00:00 UTC        
 READ IN fields at DATE: 2004-03-24 00:00:00 UTC        
 READ IN fields at DATE: 2004-03-24 06:00:00 UTC        
 READ IN fields at DATE: 2004-03-24 12:00:00 UTC        
 READ IN fields at DATE: 2004-03-24 18:00:00 UTC        
 READ IN fields at DATE: 2004-03-25 00:00:00 UTC        
 READ IN fields at DATE: 2004-03-25 06:00:00 UTC        
 READ IN fields at DATE: 2004-03-25 12:00:00 UTC        
 READ IN fields at DATE: 2004-03-25 18:00:00 UTC        
 READ IN fields at DATE: 2004-03-26 00:00:00 UTC        
 READ IN fields at DATE: 2004-03-26 06:00:00 UTC        
 READ IN fields at DATE: 2004-03-26 12:00:00 UTC        
 READ IN fields at DATE: 2004-03-26 18:00:00 UTC        
 READ IN fields at DATE: 2004-03-27 00:00:00 UTC        
 READ IN fields at DATE: 2004-03-27 06:00:00 UTC        
 READ IN fields at DATE: 2004-03-27 12:00:00 UTC        
 READ IN fields at DATE: 2004-03-27 18:00:00 UTC        
 READ IN fields at DATE: 2004-03-28 00:00:00 UTC        
 READ IN fields at DATE: 2004-03-28 06:00:00 UTC        
 READ IN fields at DATE: 2004-03-28 12:00:00 UTC        
 READ IN fields at DATE: 2004-03-28 18:00:00 UTC        
 READ IN fields at DATE: 2004-03-29 00:00:00 UTC        
 READ IN fields at DATE: 2004-03-29 06:00:00 UTC        
 READ IN fields at DATE: 2004-03-29 12:00:00 UTC        
 READ IN fields at DATE: 2004-03-29 18:00:00 UTC        
 READ IN fields at DATE: 2004-03-30 00:00:00 UTC        
 READ IN fields at DATE: 2004-03-30 06:00:00 UTC        
 READ IN fields at DATE: 2004-03-30 12:00:00 UTC        
 READ IN fields at DATE: 2004-03-30 18:00:00 UTC        
 READ IN fields at DATE: 2004-03-31 00:00:00 UTC        
 READ IN fields at DATE: 2004-03-31 06:00:00 UTC        
 READ IN fields at DATE: 2004-03-31 12:00:00 UTC        
 READ IN fields at DATE: 2004-03-31 18:00:00 UTC        
      131072 /leonardo_work/ICT24_ESP/RCMDATA//ERA5/2004/tatm_2004_04.nc
  2.117493030631395E-003   248.880037139715     
      196608 /leonardo_work/ICT24_ESP/RCMDATA//ERA5/2004/geop_2004_04.nc
   7.35991087028673        235500.738013315     
      262144 /leonardo_work/ICT24_ESP/RCMDATA//ERA5/2004/qhum_2004_04.nc
  3.691322207232411E-007  1.201958117167970E-002
      327680 /leonardo_work/ICT24_ESP/RCMDATA//ERA5/2004/uwnd_2004_04.nc
  2.692504405953513E-003   25.9595531008244     
      393216 /leonardo_work/ICT24_ESP/RCMDATA//ERA5/2004/vwnd_2004_04.nc
  2.578362106954941E-003  -3.29801159316285     
 READ IN fields at DATE: 2004-04-01 00:00:00 UTC        
 READ IN fields at DATE: 2004-04-01 06:00:00 UTC        
 READ IN fields at DATE: 2004-04-01 12:00:00 UTC        
 READ IN fields at DATE: 2004-04-01 18:00:00 UTC        
 READ IN fields at DATE: 2004-04-02 00:00:00 UTC        
 READ IN fields at DATE: 2004-04-02 06:00:00 UTC        
 READ IN fields at DATE: 2004-04-02 12:00:00 UTC        
 READ IN fields at DATE: 2004-04-02 18:00:00 UTC        
 READ IN fields at DATE: 2004-04-03 00:00:00 UTC        
 READ IN fields at DATE: 2004-04-03 06:00:00 UTC        
 READ IN fields at DATE: 2004-04-03 12:00:00 UTC        
 READ IN fields at DATE: 2004-04-03 18:00:00 UTC        
 READ IN fields at DATE: 2004-04-04 00:00:00 UTC        
 READ IN fields at DATE: 2004-04-04 06:00:00 UTC        
 READ IN fields at DATE: 2004-04-04 12:00:00 UTC        
 READ IN fields at DATE: 2004-04-04 18:00:00 UTC        
 READ IN fields at DATE: 2004-04-05 00:00:00 UTC        
 READ IN fields at DATE: 2004-04-05 06:00:00 UTC        
 READ IN fields at DATE: 2004-04-05 12:00:00 UTC        
 READ IN fields at DATE: 2004-04-05 18:00:00 UTC        
 READ IN fields at DATE: 2004-04-06 00:00:00 UTC        
 READ IN fields at DATE: 2004-04-06 06:00:00 UTC        
 READ IN fields at DATE: 2004-04-06 12:00:00 UTC        
 READ IN fields at DATE: 2004-04-06 18:00:00 UTC        
 READ IN fields at DATE: 2004-04-07 00:00:00 UTC        
 READ IN fields at DATE: 2004-04-07 06:00:00 UTC        
 READ IN fields at DATE: 2004-04-07 12:00:00 UTC        
 READ IN fields at DATE: 2004-04-07 18:00:00 UTC        
 READ IN fields at DATE: 2004-04-08 00:00:00 UTC        
 READ IN fields at DATE: 2004-04-08 06:00:00 UTC        
 READ IN fields at DATE: 2004-04-08 12:00:00 UTC        
 READ IN fields at DATE: 2004-04-08 18:00:00 UTC        
 READ IN fields at DATE: 2004-04-09 00:00:00 UTC        
 READ IN fields at DATE: 2004-04-09 06:00:00 UTC        
 READ IN fields at DATE: 2004-04-09 12:00:00 UTC        
 READ IN fields at DATE: 2004-04-09 18:00:00 UTC        
 READ IN fields at DATE: 2004-04-10 00:00:00 UTC        
 READ IN fields at DATE: 2004-04-10 06:00:00 UTC        
 READ IN fields at DATE: 2004-04-10 12:00:00 UTC        
 READ IN fields at DATE: 2004-04-10 18:00:00 UTC        
 READ IN fields at DATE: 2004-04-11 00:00:00 UTC        
 READ IN fields at DATE: 2004-04-11 06:00:00 UTC        
 READ IN fields at DATE: 2004-04-11 12:00:00 UTC        
 READ IN fields at DATE: 2004-04-11 18:00:00 UTC        
 READ IN fields at DATE: 2004-04-12 00:00:00 UTC        
 READ IN fields at DATE: 2004-04-12 06:00:00 UTC        
 READ IN fields at DATE: 2004-04-12 12:00:00 UTC        
 READ IN fields at DATE: 2004-04-12 18:00:00 UTC        
 READ IN fields at DATE: 2004-04-13 00:00:00 UTC        
 READ IN fields at DATE: 2004-04-13 06:00:00 UTC        
 READ IN fields at DATE: 2004-04-13 12:00:00 UTC        
 READ IN fields at DATE: 2004-04-13 18:00:00 UTC        
 READ IN fields at DATE: 2004-04-14 00:00:00 UTC        
 READ IN fields at DATE: 2004-04-14 06:00:00 UTC        
 READ IN fields at DATE: 2004-04-14 12:00:00 UTC        
 READ IN fields at DATE: 2004-04-14 18:00:00 UTC        
 READ IN fields at DATE: 2004-04-15 00:00:00 UTC        
 READ IN fields at DATE: 2004-04-15 06:00:00 UTC        
 READ IN fields at DATE: 2004-04-15 12:00:00 UTC        
 READ IN fields at DATE: 2004-04-15 18:00:00 UTC        
 READ IN fields at DATE: 2004-04-16 00:00:00 UTC        
 READ IN fields at DATE: 2004-04-16 06:00:00 UTC        
 READ IN fields at DATE: 2004-04-16 12:00:00 UTC        
 READ IN fields at DATE: 2004-04-16 18:00:00 UTC        
 READ IN fields at DATE: 2004-04-17 00:00:00 UTC        
 READ IN fields at DATE: 2004-04-17 06:00:00 UTC        
 READ IN fields at DATE: 2004-04-17 12:00:00 UTC        
 READ IN fields at DATE: 2004-04-17 18:00:00 UTC        
 READ IN fields at DATE: 2004-04-18 00:00:00 UTC        
 READ IN fields at DATE: 2004-04-18 06:00:00 UTC        
 READ IN fields at DATE: 2004-04-18 12:00:00 UTC        
 READ IN fields at DATE: 2004-04-18 18:00:00 UTC        
 READ IN fields at DATE: 2004-04-19 00:00:00 UTC        
 READ IN fields at DATE: 2004-04-19 06:00:00 UTC        
 READ IN fields at DATE: 2004-04-19 12:00:00 UTC        
 READ IN fields at DATE: 2004-04-19 18:00:00 UTC        
 READ IN fields at DATE: 2004-04-20 00:00:00 UTC        
 READ IN fields at DATE: 2004-04-20 06:00:00 UTC        
 READ IN fields at DATE: 2004-04-20 12:00:00 UTC        
 READ IN fields at DATE: 2004-04-20 18:00:00 UTC        
 READ IN fields at DATE: 2004-04-21 00:00:00 UTC        
 READ IN fields at DATE: 2004-04-21 06:00:00 UTC        
 READ IN fields at DATE: 2004-04-21 12:00:00 UTC        
 READ IN fields at DATE: 2004-04-21 18:00:00 UTC        
 READ IN fields at DATE: 2004-04-22 00:00:00 UTC        
 READ IN fields at DATE: 2004-04-22 06:00:00 UTC        
 READ IN fields at DATE: 2004-04-22 12:00:00 UTC        
 READ IN fields at DATE: 2004-04-22 18:00:00 UTC        
 READ IN fields at DATE: 2004-04-23 00:00:00 UTC        
 READ IN fields at DATE: 2004-04-23 06:00:00 UTC        
 READ IN fields at DATE: 2004-04-23 12:00:00 UTC        
 READ IN fields at DATE: 2004-04-23 18:00:00 UTC        
 READ IN fields at DATE: 2004-04-24 00:00:00 UTC        
 READ IN fields at DATE: 2004-04-24 06:00:00 UTC        
 READ IN fields at DATE: 2004-04-24 12:00:00 UTC        
 READ IN fields at DATE: 2004-04-24 18:00:00 UTC        
 READ IN fields at DATE: 2004-04-25 00:00:00 UTC        
 READ IN fields at DATE: 2004-04-25 06:00:00 UTC        
 READ IN fields at DATE: 2004-04-25 12:00:00 UTC        
 READ IN fields at DATE: 2004-04-25 18:00:00 UTC        
 READ IN fields at DATE: 2004-04-26 00:00:00 UTC        
 READ IN fields at DATE: 2004-04-26 06:00:00 UTC        
 READ IN fields at DATE: 2004-04-26 12:00:00 UTC        
 READ IN fields at DATE: 2004-04-26 18:00:00 UTC        
 READ IN fields at DATE: 2004-04-27 00:00:00 UTC        
 READ IN fields at DATE: 2004-04-27 06:00:00 UTC        
 READ IN fields at DATE: 2004-04-27 12:00:00 UTC        
 READ IN fields at DATE: 2004-04-27 18:00:00 UTC        
 READ IN fields at DATE: 2004-04-28 00:00:00 UTC        
 READ IN fields at DATE: 2004-04-28 06:00:00 UTC        
 READ IN fields at DATE: 2004-04-28 12:00:00 UTC        
 READ IN fields at DATE: 2004-04-28 18:00:00 UTC        
 READ IN fields at DATE: 2004-04-29 00:00:00 UTC        
 READ IN fields at DATE: 2004-04-29 06:00:00 UTC        
 READ IN fields at DATE: 2004-04-29 12:00:00 UTC        
 READ IN fields at DATE: 2004-04-29 18:00:00 UTC        
 READ IN fields at DATE: 2004-04-30 00:00:00 UTC        
 READ IN fields at DATE: 2004-04-30 06:00:00 UTC        
 READ IN fields at DATE: 2004-04-30 12:00:00 UTC        
 READ IN fields at DATE: 2004-04-30 18:00:00 UTC        
      131072 /leonardo_work/ICT24_ESP/RCMDATA//ERA5/2004/tatm_2004_05.nc
  2.258875433584034E-003   248.870864580838     
      196608 /leonardo_work/ICT24_ESP/RCMDATA//ERA5/2004/geop_2004_05.nc
   7.54348250595120        240650.271227497     
      262144 /leonardo_work/ICT24_ESP/RCMDATA//ERA5/2004/qhum_2004_05.nc
  4.041506126275223E-007  1.319773400869146E-002
      327680 /leonardo_work/ICT24_ESP/RCMDATA//ERA5/2004/uwnd_2004_05.nc
  3.034784612928791E-003   40.8825310696076     
      393216 /leonardo_work/ICT24_ESP/RCMDATA//ERA5/2004/vwnd_2004_05.nc
  2.476962513906400E-003  0.534528120305547     
 READ IN fields at DATE: 2004-05-01 00:00:00 UTC        
 READ IN fields at DATE: 2004-05-01 06:00:00 UTC        
 READ IN fields at DATE: 2004-05-01 12:00:00 UTC        
 READ IN fields at DATE: 2004-05-01 18:00:00 UTC        
 READ IN fields at DATE: 2004-05-02 00:00:00 UTC        
 READ IN fields at DATE: 2004-05-02 06:00:00 UTC        
 READ IN fields at DATE: 2004-05-02 12:00:00 UTC        
 READ IN fields at DATE: 2004-05-02 18:00:00 UTC        
 READ IN fields at DATE: 2004-05-03 00:00:00 UTC        
 READ IN fields at DATE: 2004-05-03 06:00:00 UTC        
 READ IN fields at DATE: 2004-05-03 12:00:00 UTC        
 READ IN fields at DATE: 2004-05-03 18:00:00 UTC        
 READ IN fields at DATE: 2004-05-04 00:00:00 UTC        
 READ IN fields at DATE: 2004-05-04 06:00:00 UTC        
 READ IN fields at DATE: 2004-05-04 12:00:00 UTC        
 READ IN fields at DATE: 2004-05-04 18:00:00 UTC        
 READ IN fields at DATE: 2004-05-05 00:00:00 UTC        
 READ IN fields at DATE: 2004-05-05 06:00:00 UTC        
 READ IN fields at DATE: 2004-05-05 12:00:00 UTC        
 READ IN fields at DATE: 2004-05-05 18:00:00 UTC        
 READ IN fields at DATE: 2004-05-06 00:00:00 UTC        
 READ IN fields at DATE: 2004-05-06 06:00:00 UTC        
 READ IN fields at DATE: 2004-05-06 12:00:00 UTC        
 READ IN fields at DATE: 2004-05-06 18:00:00 UTC        
 READ IN fields at DATE: 2004-05-07 00:00:00 UTC        
 READ IN fields at DATE: 2004-05-07 06:00:00 UTC        
 READ IN fields at DATE: 2004-05-07 12:00:00 UTC        
 READ IN fields at DATE: 2004-05-07 18:00:00 UTC        
 READ IN fields at DATE: 2004-05-08 00:00:00 UTC        
 READ IN fields at DATE: 2004-05-08 06:00:00 UTC        
 READ IN fields at DATE: 2004-05-08 12:00:00 UTC        
 READ IN fields at DATE: 2004-05-08 18:00:00 UTC        
 READ IN fields at DATE: 2004-05-09 00:00:00 UTC        
 READ IN fields at DATE: 2004-05-09 06:00:00 UTC        
 READ IN fields at DATE: 2004-05-09 12:00:00 UTC        
 READ IN fields at DATE: 2004-05-09 18:00:00 UTC        
 READ IN fields at DATE: 2004-05-10 00:00:00 UTC        
 READ IN fields at DATE: 2004-05-10 06:00:00 UTC        
 READ IN fields at DATE: 2004-05-10 12:00:00 UTC        
 READ IN fields at DATE: 2004-05-10 18:00:00 UTC        
 READ IN fields at DATE: 2004-05-11 00:00:00 UTC        
 READ IN fields at DATE: 2004-05-11 06:00:00 UTC        
 READ IN fields at DATE: 2004-05-11 12:00:00 UTC        
 READ IN fields at DATE: 2004-05-11 18:00:00 UTC        
 READ IN fields at DATE: 2004-05-12 00:00:00 UTC        
 READ IN fields at DATE: 2004-05-12 06:00:00 UTC        
 READ IN fields at DATE: 2004-05-12 12:00:00 UTC        
 READ IN fields at DATE: 2004-05-12 18:00:00 UTC        
 READ IN fields at DATE: 2004-05-13 00:00:00 UTC        
 READ IN fields at DATE: 2004-05-13 06:00:00 UTC        
 READ IN fields at DATE: 2004-05-13 12:00:00 UTC        
 READ IN fields at DATE: 2004-05-13 18:00:00 UTC        
 READ IN fields at DATE: 2004-05-14 00:00:00 UTC        
 READ IN fields at DATE: 2004-05-14 06:00:00 UTC        
 READ IN fields at DATE: 2004-05-14 12:00:00 UTC        
 READ IN fields at DATE: 2004-05-14 18:00:00 UTC        
 READ IN fields at DATE: 2004-05-15 00:00:00 UTC        
 READ IN fields at DATE: 2004-05-15 06:00:00 UTC        
 READ IN fields at DATE: 2004-05-15 12:00:00 UTC        
 READ IN fields at DATE: 2004-05-15 18:00:00 UTC        
 READ IN fields at DATE: 2004-05-16 00:00:00 UTC        
 READ IN fields at DATE: 2004-05-16 06:00:00 UTC        
 READ IN fields at DATE: 2004-05-16 12:00:00 UTC        
 READ IN fields at DATE: 2004-05-16 18:00:00 UTC        
 READ IN fields at DATE: 2004-05-17 00:00:00 UTC        
 READ IN fields at DATE: 2004-05-17 06:00:00 UTC        
 READ IN fields at DATE: 2004-05-17 12:00:00 UTC        
 READ IN fields at DATE: 2004-05-17 18:00:00 UTC        
 READ IN fields at DATE: 2004-05-18 00:00:00 UTC        
 READ IN fields at DATE: 2004-05-18 06:00:00 UTC        
 READ IN fields at DATE: 2004-05-18 12:00:00 UTC        
 READ IN fields at DATE: 2004-05-18 18:00:00 UTC        
 READ IN fields at DATE: 2004-05-19 00:00:00 UTC        
 READ IN fields at DATE: 2004-05-19 06:00:00 UTC        
 READ IN fields at DATE: 2004-05-19 12:00:00 UTC        
 READ IN fields at DATE: 2004-05-19 18:00:00 UTC        
 READ IN fields at DATE: 2004-05-20 00:00:00 UTC        
 READ IN fields at DATE: 2004-05-20 06:00:00 UTC        
 READ IN fields at DATE: 2004-05-20 12:00:00 UTC        
 READ IN fields at DATE: 2004-05-20 18:00:00 UTC        
 READ IN fields at DATE: 2004-05-21 00:00:00 UTC        
 READ IN fields at DATE: 2004-05-21 06:00:00 UTC        
 READ IN fields at DATE: 2004-05-21 12:00:00 UTC        
 READ IN fields at DATE: 2004-05-21 18:00:00 UTC        
 READ IN fields at DATE: 2004-05-22 00:00:00 UTC        
 READ IN fields at DATE: 2004-05-22 06:00:00 UTC        
 READ IN fields at DATE: 2004-05-22 12:00:00 UTC        
 READ IN fields at DATE: 2004-05-22 18:00:00 UTC        
 READ IN fields at DATE: 2004-05-23 00:00:00 UTC        
 READ IN fields at DATE: 2004-05-23 06:00:00 UTC        
 READ IN fields at DATE: 2004-05-23 12:00:00 UTC        
 READ IN fields at DATE: 2004-05-23 18:00:00 UTC        
 READ IN fields at DATE: 2004-05-24 00:00:00 UTC        
 READ IN fields at DATE: 2004-05-24 06:00:00 UTC        
 READ IN fields at DATE: 2004-05-24 12:00:00 UTC        
 READ IN fields at DATE: 2004-05-24 18:00:00 UTC        
 READ IN fields at DATE: 2004-05-25 00:00:00 UTC        
 READ IN fields at DATE: 2004-05-25 06:00:00 UTC        
 READ IN fields at DATE: 2004-05-25 12:00:00 UTC        
 READ IN fields at DATE: 2004-05-25 18:00:00 UTC        
 READ IN fields at DATE: 2004-05-26 00:00:00 UTC        
 READ IN fields at DATE: 2004-05-26 06:00:00 UTC        
 READ IN fields at DATE: 2004-05-26 12:00:00 UTC        
 READ IN fields at DATE: 2004-05-26 18:00:00 UTC        
 READ IN fields at DATE: 2004-05-27 00:00:00 UTC        
 READ IN fields at DATE: 2004-05-27 06:00:00 UTC        
 READ IN fields at DATE: 2004-05-27 12:00:00 UTC        
 READ IN fields at DATE: 2004-05-27 18:00:00 UTC        
 READ IN fields at DATE: 2004-05-28 00:00:00 UTC        
 READ IN fields at DATE: 2004-05-28 06:00:00 UTC        
 READ IN fields at DATE: 2004-05-28 12:00:00 UTC        
 READ IN fields at DATE: 2004-05-28 18:00:00 UTC        
 READ IN fields at DATE: 2004-05-29 00:00:00 UTC        
 READ IN fields at DATE: 2004-05-29 06:00:00 UTC        
 READ IN fields at DATE: 2004-05-29 12:00:00 UTC        
 READ IN fields at DATE: 2004-05-29 18:00:00 UTC        
 READ IN fields at DATE: 2004-05-30 00:00:00 UTC        
 READ IN fields at DATE: 2004-05-30 06:00:00 UTC        
 READ IN fields at DATE: 2004-05-30 12:00:00 UTC        
 READ IN fields at DATE: 2004-05-30 18:00:00 UTC        
 READ IN fields at DATE: 2004-05-31 00:00:00 UTC        
 READ IN fields at DATE: 2004-05-31 06:00:00 UTC        
 READ IN fields at DATE: 2004-05-31 12:00:00 UTC        
 READ IN fields at DATE: 2004-05-31 18:00:00 UTC        
      131072 /leonardo_work/ICT24_ESP/RCMDATA//ERA5/2004/tatm_2004_06.nc
  2.229959105094833E-003   249.186728343201     
      196608 /leonardo_work/ICT24_ESP/RCMDATA//ERA5/2004/geop_2004_06.nc
   7.61950414056659        243365.832826055     
      262144 /leonardo_work/ICT24_ESP/RCMDATA//ERA5/2004/qhum_2004_06.nc
  4.253381669480761E-007  1.384004359794731E-002
      327680 /leonardo_work/ICT24_ESP/RCMDATA//ERA5/2004/uwnd_2004_06.nc
  3.956981230100079E-003   61.6619848272560     
      393216 /leonardo_work/ICT24_ESP/RCMDATA//ERA5/2004/vwnd_2004_06.nc
  2.695878974947498E-003  -1.81866971683122     
 READ IN fields at DATE: 2004-06-01 00:00:00 UTC        
 READ IN fields at DATE: 2004-06-01 06:00:00 UTC        
 READ IN fields at DATE: 2004-06-01 12:00:00 UTC        
 READ IN fields at DATE: 2004-06-01 18:00:00 UTC        
 READ IN fields at DATE: 2004-06-02 00:00:00 UTC        
 READ IN fields at DATE: 2004-06-02 06:00:00 UTC        
 READ IN fields at DATE: 2004-06-02 12:00:00 UTC        
 READ IN fields at DATE: 2004-06-02 18:00:00 UTC        
 READ IN fields at DATE: 2004-06-03 00:00:00 UTC        
 READ IN fields at DATE: 2004-06-03 06:00:00 UTC        
 READ IN fields at DATE: 2004-06-03 12:00:00 UTC        
 READ IN fields at DATE: 2004-06-03 18:00:00 UTC        
 READ IN fields at DATE: 2004-06-04 00:00:00 UTC        
 READ IN fields at DATE: 2004-06-04 06:00:00 UTC        
 READ IN fields at DATE: 2004-06-04 12:00:00 UTC        
 READ IN fields at DATE: 2004-06-04 18:00:00 UTC        
 READ IN fields at DATE: 2004-06-05 00:00:00 UTC        
 READ IN fields at DATE: 2004-06-05 06:00:00 UTC        
 READ IN fields at DATE: 2004-06-05 12:00:00 UTC        
 READ IN fields at DATE: 2004-06-05 18:00:00 UTC        
 READ IN fields at DATE: 2004-06-06 00:00:00 UTC        
 READ IN fields at DATE: 2004-06-06 06:00:00 UTC        
 READ IN fields at DATE: 2004-06-06 12:00:00 UTC        
 READ IN fields at DATE: 2004-06-06 18:00:00 UTC        
 READ IN fields at DATE: 2004-06-07 00:00:00 UTC        
 READ IN fields at DATE: 2004-06-07 06:00:00 UTC        
 READ IN fields at DATE: 2004-06-07 12:00:00 UTC        
 READ IN fields at DATE: 2004-06-07 18:00:00 UTC        
 READ IN fields at DATE: 2004-06-08 00:00:00 UTC        
 READ IN fields at DATE: 2004-06-08 06:00:00 UTC        
 READ IN fields at DATE: 2004-06-08 12:00:00 UTC        
 READ IN fields at DATE: 2004-06-08 18:00:00 UTC        
 READ IN fields at DATE: 2004-06-09 00:00:00 UTC        
 READ IN fields at DATE: 2004-06-09 06:00:00 UTC        
 READ IN fields at DATE: 2004-06-09 12:00:00 UTC        
 READ IN fields at DATE: 2004-06-09 18:00:00 UTC        
 READ IN fields at DATE: 2004-06-10 00:00:00 UTC        
 READ IN fields at DATE: 2004-06-10 06:00:00 UTC        
 READ IN fields at DATE: 2004-06-10 12:00:00 UTC        
 READ IN fields at DATE: 2004-06-10 18:00:00 UTC        
 READ IN fields at DATE: 2004-06-11 00:00:00 UTC        
 READ IN fields at DATE: 2004-06-11 06:00:00 UTC        
 READ IN fields at DATE: 2004-06-11 12:00:00 UTC        
 READ IN fields at DATE: 2004-06-11 18:00:00 UTC        
 READ IN fields at DATE: 2004-06-12 00:00:00 UTC        
 READ IN fields at DATE: 2004-06-12 06:00:00 UTC        
 READ IN fields at DATE: 2004-06-12 12:00:00 UTC        
 READ IN fields at DATE: 2004-06-12 18:00:00 UTC        
 READ IN fields at DATE: 2004-06-13 00:00:00 UTC        
 READ IN fields at DATE: 2004-06-13 06:00:00 UTC        
 READ IN fields at DATE: 2004-06-13 12:00:00 UTC        
 READ IN fields at DATE: 2004-06-13 18:00:00 UTC        
 READ IN fields at DATE: 2004-06-14 00:00:00 UTC        
 READ IN fields at DATE: 2004-06-14 06:00:00 UTC        
 READ IN fields at DATE: 2004-06-14 12:00:00 UTC        
 READ IN fields at DATE: 2004-06-14 18:00:00 UTC        
 READ IN fields at DATE: 2004-06-15 00:00:00 UTC        
 READ IN fields at DATE: 2004-06-15 06:00:00 UTC        
 READ IN fields at DATE: 2004-06-15 12:00:00 UTC        
 READ IN fields at DATE: 2004-06-15 18:00:00 UTC        
 READ IN fields at DATE: 2004-06-16 00:00:00 UTC        
 READ IN fields at DATE: 2004-06-16 06:00:00 UTC        
 READ IN fields at DATE: 2004-06-16 12:00:00 UTC        
 READ IN fields at DATE: 2004-06-16 18:00:00 UTC        
 READ IN fields at DATE: 2004-06-17 00:00:00 UTC        
 READ IN fields at DATE: 2004-06-17 06:00:00 UTC        
 READ IN fields at DATE: 2004-06-17 12:00:00 UTC        
 READ IN fields at DATE: 2004-06-17 18:00:00 UTC        
 READ IN fields at DATE: 2004-06-18 00:00:00 UTC        
 READ IN fields at DATE: 2004-06-18 06:00:00 UTC        
 READ IN fields at DATE: 2004-06-18 12:00:00 UTC        
 READ IN fields at DATE: 2004-06-18 18:00:00 UTC        
 READ IN fields at DATE: 2004-06-19 00:00:00 UTC        
 READ IN fields at DATE: 2004-06-19 06:00:00 UTC        
 READ IN fields at DATE: 2004-06-19 12:00:00 UTC        
 READ IN fields at DATE: 2004-06-19 18:00:00 UTC        
 READ IN fields at DATE: 2004-06-20 00:00:00 UTC        
 READ IN fields at DATE: 2004-06-20 06:00:00 UTC        
 READ IN fields at DATE: 2004-06-20 12:00:00 UTC        
 READ IN fields at DATE: 2004-06-20 18:00:00 UTC        
 READ IN fields at DATE: 2004-06-21 00:00:00 UTC        
 READ IN fields at DATE: 2004-06-21 06:00:00 UTC        
 READ IN fields at DATE: 2004-06-21 12:00:00 UTC        
 READ IN fields at DATE: 2004-06-21 18:00:00 UTC        
 READ IN fields at DATE: 2004-06-22 00:00:00 UTC        
 READ IN fields at DATE: 2004-06-22 06:00:00 UTC        
 READ IN fields at DATE: 2004-06-22 12:00:00 UTC        
 READ IN fields at DATE: 2004-06-22 18:00:00 UTC        
 READ IN fields at DATE: 2004-06-23 00:00:00 UTC        
 READ IN fields at DATE: 2004-06-23 06:00:00 UTC        
 READ IN fields at DATE: 2004-06-23 12:00:00 UTC        
 READ IN fields at DATE: 2004-06-23 18:00:00 UTC        
 READ IN fields at DATE: 2004-06-24 00:00:00 UTC        
 READ IN fields at DATE: 2004-06-24 06:00:00 UTC        
 READ IN fields at DATE: 2004-06-24 12:00:00 UTC        
 READ IN fields at DATE: 2004-06-24 18:00:00 UTC        
 READ IN fields at DATE: 2004-06-25 00:00:00 UTC        
 READ IN fields at DATE: 2004-06-25 06:00:00 UTC        
 READ IN fields at DATE: 2004-06-25 12:00:00 UTC        
 READ IN fields at DATE: 2004-06-25 18:00:00 UTC        
 READ IN fields at DATE: 2004-06-26 00:00:00 UTC        
 READ IN fields at DATE: 2004-06-26 06:00:00 UTC        
 READ IN fields at DATE: 2004-06-26 12:00:00 UTC        
 READ IN fields at DATE: 2004-06-26 18:00:00 UTC        
 READ IN fields at DATE: 2004-06-27 00:00:00 UTC        
 READ IN fields at DATE: 2004-06-27 06:00:00 UTC        
 READ IN fields at DATE: 2004-06-27 12:00:00 UTC        
 READ IN fields at DATE: 2004-06-27 18:00:00 UTC        
 READ IN fields at DATE: 2004-06-28 00:00:00 UTC        
 READ IN fields at DATE: 2004-06-28 06:00:00 UTC        
 READ IN fields at DATE: 2004-06-28 12:00:00 UTC        
 READ IN fields at DATE: 2004-06-28 18:00:00 UTC        
 READ IN fields at DATE: 2004-06-29 00:00:00 UTC        
 READ IN fields at DATE: 2004-06-29 06:00:00 UTC        
 READ IN fields at DATE: 2004-06-29 12:00:00 UTC        
 READ IN fields at DATE: 2004-06-29 18:00:00 UTC        
 READ IN fields at DATE: 2004-06-30 00:00:00 UTC        
 READ IN fields at DATE: 2004-06-30 06:00:00 UTC        
 READ IN fields at DATE: 2004-06-30 12:00:00 UTC        
 READ IN fields at DATE: 2004-06-30 18:00:00 UTC        
      131072 /leonardo_work/ICT24_ESP/RCMDATA//ERA5/2004/tatm_2004_07.nc
  2.382649678734140E-003   243.823927693715     
      196608 /leonardo_work/ICT24_ESP/RCMDATA//ERA5/2004/geop_2004_07.nc
   7.62409659064899        243351.289514205     
      262144 /leonardo_work/ICT24_ESP/RCMDATA//ERA5/2004/qhum_2004_07.nc
  5.073325021470146E-007  1.654332719863975E-002
      327680 /leonardo_work/ICT24_ESP/RCMDATA//ERA5/2004/uwnd_2004_07.nc
  4.252866876230296E-003   64.9891760567963     
      393216 /leonardo_work/ICT24_ESP/RCMDATA//ERA5/2004/vwnd_2004_07.nc
  3.738613808849764E-003   34.4228667160448     
 READ IN fields at DATE: 2004-07-01 00:00:00 UTC        
 READ IN fields at DATE: 2004-07-01 06:00:00 UTC        
 READ IN fields at DATE: 2004-07-01 12:00:00 UTC        
 READ IN fields at DATE: 2004-07-01 18:00:00 UTC        
 READ IN fields at DATE: 2004-07-02 00:00:00 UTC        
 READ IN fields at DATE: 2004-07-02 06:00:00 UTC        
 READ IN fields at DATE: 2004-07-02 12:00:00 UTC        
 READ IN fields at DATE: 2004-07-02 18:00:00 UTC        
 READ IN fields at DATE: 2004-07-03 00:00:00 UTC        
 READ IN fields at DATE: 2004-07-03 06:00:00 UTC        
 READ IN fields at DATE: 2004-07-03 12:00:00 UTC        
 READ IN fields at DATE: 2004-07-03 18:00:00 UTC        
 READ IN fields at DATE: 2004-07-04 00:00:00 UTC        
 READ IN fields at DATE: 2004-07-04 06:00:00 UTC        
 READ IN fields at DATE: 2004-07-04 12:00:00 UTC        
 READ IN fields at DATE: 2004-07-04 18:00:00 UTC        
 READ IN fields at DATE: 2004-07-05 00:00:00 UTC        
 READ IN fields at DATE: 2004-07-05 06:00:00 UTC        
 READ IN fields at DATE: 2004-07-05 12:00:00 UTC        
 READ IN fields at DATE: 2004-07-05 18:00:00 UTC        
 READ IN fields at DATE: 2004-07-06 00:00:00 UTC        
 READ IN fields at DATE: 2004-07-06 06:00:00 UTC        
 READ IN fields at DATE: 2004-07-06 12:00:00 UTC        
 READ IN fields at DATE: 2004-07-06 18:00:00 UTC        
 READ IN fields at DATE: 2004-07-07 00:00:00 UTC        
 READ IN fields at DATE: 2004-07-07 06:00:00 UTC        
 READ IN fields at DATE: 2004-07-07 12:00:00 UTC        
 READ IN fields at DATE: 2004-07-07 18:00:00 UTC        
 READ IN fields at DATE: 2004-07-08 00:00:00 UTC        
 READ IN fields at DATE: 2004-07-08 06:00:00 UTC        
 READ IN fields at DATE: 2004-07-08 12:00:00 UTC        
 READ IN fields at DATE: 2004-07-08 18:00:00 UTC        
 READ IN fields at DATE: 2004-07-09 00:00:00 UTC        
 READ IN fields at DATE: 2004-07-09 06:00:00 UTC        
 READ IN fields at DATE: 2004-07-09 12:00:00 UTC        
 READ IN fields at DATE: 2004-07-09 18:00:00 UTC        
 READ IN fields at DATE: 2004-07-10 00:00:00 UTC        
 READ IN fields at DATE: 2004-07-10 06:00:00 UTC        
 READ IN fields at DATE: 2004-07-10 12:00:00 UTC        
 READ IN fields at DATE: 2004-07-10 18:00:00 UTC        
 READ IN fields at DATE: 2004-07-11 00:00:00 UTC        
 READ IN fields at DATE: 2004-07-11 06:00:00 UTC        
 READ IN fields at DATE: 2004-07-11 12:00:00 UTC        
 READ IN fields at DATE: 2004-07-11 18:00:00 UTC        
 READ IN fields at DATE: 2004-07-12 00:00:00 UTC        
 READ IN fields at DATE: 2004-07-12 06:00:00 UTC        
 READ IN fields at DATE: 2004-07-12 12:00:00 UTC        
 READ IN fields at DATE: 2004-07-12 18:00:00 UTC        
 READ IN fields at DATE: 2004-07-13 00:00:00 UTC        
 READ IN fields at DATE: 2004-07-13 06:00:00 UTC        
 READ IN fields at DATE: 2004-07-13 12:00:00 UTC        
 READ IN fields at DATE: 2004-07-13 18:00:00 UTC        
 READ IN fields at DATE: 2004-07-14 00:00:00 UTC        
 READ IN fields at DATE: 2004-07-14 06:00:00 UTC        
 READ IN fields at DATE: 2004-07-14 12:00:00 UTC        
 READ IN fields at DATE: 2004-07-14 18:00:00 UTC        
 READ IN fields at DATE: 2004-07-15 00:00:00 UTC        
 READ IN fields at DATE: 2004-07-15 06:00:00 UTC        
 READ IN fields at DATE: 2004-07-15 12:00:00 UTC        
 READ IN fields at DATE: 2004-07-15 18:00:00 UTC        
 READ IN fields at DATE: 2004-07-16 00:00:00 UTC        
 READ IN fields at DATE: 2004-07-16 06:00:00 UTC        
 READ IN fields at DATE: 2004-07-16 12:00:00 UTC        
 READ IN fields at DATE: 2004-07-16 18:00:00 UTC        
 READ IN fields at DATE: 2004-07-17 00:00:00 UTC        
 READ IN fields at DATE: 2004-07-17 06:00:00 UTC        
 READ IN fields at DATE: 2004-07-17 12:00:00 UTC        
 READ IN fields at DATE: 2004-07-17 18:00:00 UTC        
 READ IN fields at DATE: 2004-07-18 00:00:00 UTC        
 READ IN fields at DATE: 2004-07-18 06:00:00 UTC        
 READ IN fields at DATE: 2004-07-18 12:00:00 UTC        
 READ IN fields at DATE: 2004-07-18 18:00:00 UTC        
 READ IN fields at DATE: 2004-07-19 00:00:00 UTC        
 READ IN fields at DATE: 2004-07-19 06:00:00 UTC        
 READ IN fields at DATE: 2004-07-19 12:00:00 UTC        
 READ IN fields at DATE: 2004-07-19 18:00:00 UTC        
 READ IN fields at DATE: 2004-07-20 00:00:00 UTC        
 READ IN fields at DATE: 2004-07-20 06:00:00 UTC        
 READ IN fields at DATE: 2004-07-20 12:00:00 UTC        
 READ IN fields at DATE: 2004-07-20 18:00:00 UTC        
 READ IN fields at DATE: 2004-07-21 00:00:00 UTC        
 READ IN fields at DATE: 2004-07-21 06:00:00 UTC        
 READ IN fields at DATE: 2004-07-21 12:00:00 UTC        
 READ IN fields at DATE: 2004-07-21 18:00:00 UTC        
 READ IN fields at DATE: 2004-07-22 00:00:00 UTC        
 READ IN fields at DATE: 2004-07-22 06:00:00 UTC        
 READ IN fields at DATE: 2004-07-22 12:00:00 UTC        
 READ IN fields at DATE: 2004-07-22 18:00:00 UTC        
 READ IN fields at DATE: 2004-07-23 00:00:00 UTC        
 READ IN fields at DATE: 2004-07-23 06:00:00 UTC        
 READ IN fields at DATE: 2004-07-23 12:00:00 UTC        
 READ IN fields at DATE: 2004-07-23 18:00:00 UTC        
 READ IN fields at DATE: 2004-07-24 00:00:00 UTC        
 READ IN fields at DATE: 2004-07-24 06:00:00 UTC        
 READ IN fields at DATE: 2004-07-24 12:00:00 UTC        
 READ IN fields at DATE: 2004-07-24 18:00:00 UTC        
 READ IN fields at DATE: 2004-07-25 00:00:00 UTC        
 READ IN fields at DATE: 2004-07-25 06:00:00 UTC        
 READ IN fields at DATE: 2004-07-25 12:00:00 UTC        
 READ IN fields at DATE: 2004-07-25 18:00:00 UTC        
 READ IN fields at DATE: 2004-07-26 00:00:00 UTC        
 READ IN fields at DATE: 2004-07-26 06:00:00 UTC        
 READ IN fields at DATE: 2004-07-26 12:00:00 UTC        
 READ IN fields at DATE: 2004-07-26 18:00:00 UTC        
 READ IN fields at DATE: 2004-07-27 00:00:00 UTC        
 READ IN fields at DATE: 2004-07-27 06:00:00 UTC        
 READ IN fields at DATE: 2004-07-27 12:00:00 UTC        
 READ IN fields at DATE: 2004-07-27 18:00:00 UTC        
 READ IN fields at DATE: 2004-07-28 00:00:00 UTC        
 READ IN fields at DATE: 2004-07-28 06:00:00 UTC        
 READ IN fields at DATE: 2004-07-28 12:00:00 UTC        
 READ IN fields at DATE: 2004-07-28 18:00:00 UTC        
 READ IN fields at DATE: 2004-07-29 00:00:00 UTC        
 READ IN fields at DATE: 2004-07-29 06:00:00 UTC        
 READ IN fields at DATE: 2004-07-29 12:00:00 UTC        
 READ IN fields at DATE: 2004-07-29 18:00:00 UTC        
 READ IN fields at DATE: 2004-07-30 00:00:00 UTC        
 READ IN fields at DATE: 2004-07-30 06:00:00 UTC        
 READ IN fields at DATE: 2004-07-30 12:00:00 UTC        
 READ IN fields at DATE: 2004-07-30 18:00:00 UTC        
 READ IN fields at DATE: 2004-07-31 00:00:00 UTC        
 READ IN fields at DATE: 2004-07-31 06:00:00 UTC        
 READ IN fields at DATE: 2004-07-31 12:00:00 UTC        
 READ IN fields at DATE: 2004-07-31 18:00:00 UTC        
      131072 /leonardo_work/ICT24_ESP/RCMDATA//ERA5/2004/tatm_2004_08.nc
  2.351416812128527E-003   246.944167309172     
      196608 /leonardo_work/ICT24_ESP/RCMDATA//ERA5/2004/geop_2004_08.nc
   7.53912341873560        241270.230438291     
      262144 /leonardo_work/ICT24_ESP/RCMDATA//ERA5/2004/qhum_2004_08.nc
  4.390016405429072E-007  1.426527579978556E-002
      327680 /leonardo_work/ICT24_ESP/RCMDATA//ERA5/2004/uwnd_2004_08.nc
  4.258796412834231E-003   56.2540504113639     
      393216 /leonardo_work/ICT24_ESP/RCMDATA//ERA5/2004/vwnd_2004_08.nc
  4.001194300784052E-003   6.15139600929492     
 READ IN fields at DATE: 2004-08-01 00:00:00 UTC        
 READ IN fields at DATE: 2004-08-01 06:00:00 UTC        
 READ IN fields at DATE: 2004-08-01 12:00:00 UTC        
 READ IN fields at DATE: 2004-08-01 18:00:00 UTC        
 READ IN fields at DATE: 2004-08-02 00:00:00 UTC        
 READ IN fields at DATE: 2004-08-02 06:00:00 UTC        
 READ IN fields at DATE: 2004-08-02 12:00:00 UTC        
 READ IN fields at DATE: 2004-08-02 18:00:00 UTC        
 READ IN fields at DATE: 2004-08-03 00:00:00 UTC        
 READ IN fields at DATE: 2004-08-03 06:00:00 UTC        
 READ IN fields at DATE: 2004-08-03 12:00:00 UTC        
 READ IN fields at DATE: 2004-08-03 18:00:00 UTC        
 READ IN fields at DATE: 2004-08-04 00:00:00 UTC        
 READ IN fields at DATE: 2004-08-04 06:00:00 UTC        
 READ IN fields at DATE: 2004-08-04 12:00:00 UTC        
 READ IN fields at DATE: 2004-08-04 18:00:00 UTC        
 READ IN fields at DATE: 2004-08-05 00:00:00 UTC        
 READ IN fields at DATE: 2004-08-05 06:00:00 UTC        
 READ IN fields at DATE: 2004-08-05 12:00:00 UTC        
 READ IN fields at DATE: 2004-08-05 18:00:00 UTC        
 READ IN fields at DATE: 2004-08-06 00:00:00 UTC        
 READ IN fields at DATE: 2004-08-06 06:00:00 UTC        
 READ IN fields at DATE: 2004-08-06 12:00:00 UTC        
 READ IN fields at DATE: 2004-08-06 18:00:00 UTC        
 READ IN fields at DATE: 2004-08-07 00:00:00 UTC        
 READ IN fields at DATE: 2004-08-07 06:00:00 UTC        
 READ IN fields at DATE: 2004-08-07 12:00:00 UTC        
 READ IN fields at DATE: 2004-08-07 18:00:00 UTC        
 READ IN fields at DATE: 2004-08-08 00:00:00 UTC        
 READ IN fields at DATE: 2004-08-08 06:00:00 UTC        
 READ IN fields at DATE: 2004-08-08 12:00:00 UTC        
 READ IN fields at DATE: 2004-08-08 18:00:00 UTC        
 READ IN fields at DATE: 2004-08-09 00:00:00 UTC        
 READ IN fields at DATE: 2004-08-09 06:00:00 UTC        
 READ IN fields at DATE: 2004-08-09 12:00:00 UTC        
 READ IN fields at DATE: 2004-08-09 18:00:00 UTC        
 READ IN fields at DATE: 2004-08-10 00:00:00 UTC        
 READ IN fields at DATE: 2004-08-10 06:00:00 UTC        
 READ IN fields at DATE: 2004-08-10 12:00:00 UTC        
 READ IN fields at DATE: 2004-08-10 18:00:00 UTC        
 READ IN fields at DATE: 2004-08-11 00:00:00 UTC        
 READ IN fields at DATE: 2004-08-11 06:00:00 UTC        
 READ IN fields at DATE: 2004-08-11 12:00:00 UTC        
 READ IN fields at DATE: 2004-08-11 18:00:00 UTC        
 READ IN fields at DATE: 2004-08-12 00:00:00 UTC        
 READ IN fields at DATE: 2004-08-12 06:00:00 UTC        
 READ IN fields at DATE: 2004-08-12 12:00:00 UTC        
 READ IN fields at DATE: 2004-08-12 18:00:00 UTC        
 READ IN fields at DATE: 2004-08-13 00:00:00 UTC        
 READ IN fields at DATE: 2004-08-13 06:00:00 UTC        
 READ IN fields at DATE: 2004-08-13 12:00:00 UTC        
 READ IN fields at DATE: 2004-08-13 18:00:00 UTC        
 READ IN fields at DATE: 2004-08-14 00:00:00 UTC        
 READ IN fields at DATE: 2004-08-14 06:00:00 UTC        
 READ IN fields at DATE: 2004-08-14 12:00:00 UTC        
 READ IN fields at DATE: 2004-08-14 18:00:00 UTC        
 READ IN fields at DATE: 2004-08-15 00:00:00 UTC        
 READ IN fields at DATE: 2004-08-15 06:00:00 UTC        
 READ IN fields at DATE: 2004-08-15 12:00:00 UTC        
 READ IN fields at DATE: 2004-08-15 18:00:00 UTC        
 READ IN fields at DATE: 2004-08-16 00:00:00 UTC        
 READ IN fields at DATE: 2004-08-16 06:00:00 UTC        
 READ IN fields at DATE: 2004-08-16 12:00:00 UTC        
 READ IN fields at DATE: 2004-08-16 18:00:00 UTC        
 READ IN fields at DATE: 2004-08-17 00:00:00 UTC        
 READ IN fields at DATE: 2004-08-17 06:00:00 UTC        
 READ IN fields at DATE: 2004-08-17 12:00:00 UTC        
 READ IN fields at DATE: 2004-08-17 18:00:00 UTC        
 READ IN fields at DATE: 2004-08-18 00:00:00 UTC        
 READ IN fields at DATE: 2004-08-18 06:00:00 UTC        
 READ IN fields at DATE: 2004-08-18 12:00:00 UTC        
 READ IN fields at DATE: 2004-08-18 18:00:00 UTC        
 READ IN fields at DATE: 2004-08-19 00:00:00 UTC        
 READ IN fields at DATE: 2004-08-19 06:00:00 UTC        
 READ IN fields at DATE: 2004-08-19 12:00:00 UTC        
 READ IN fields at DATE: 2004-08-19 18:00:00 UTC        
 READ IN fields at DATE: 2004-08-20 00:00:00 UTC        
 READ IN fields at DATE: 2004-08-20 06:00:00 UTC        
 READ IN fields at DATE: 2004-08-20 12:00:00 UTC        
 READ IN fields at DATE: 2004-08-20 18:00:00 UTC        
 READ IN fields at DATE: 2004-08-21 00:00:00 UTC        
 READ IN fields at DATE: 2004-08-21 06:00:00 UTC        
 READ IN fields at DATE: 2004-08-21 12:00:00 UTC        
 READ IN fields at DATE: 2004-08-21 18:00:00 UTC        
 READ IN fields at DATE: 2004-08-22 00:00:00 UTC        
 READ IN fields at DATE: 2004-08-22 06:00:00 UTC        
 READ IN fields at DATE: 2004-08-22 12:00:00 UTC        
 READ IN fields at DATE: 2004-08-22 18:00:00 UTC        
 READ IN fields at DATE: 2004-08-23 00:00:00 UTC        
 READ IN fields at DATE: 2004-08-23 06:00:00 UTC        
 READ IN fields at DATE: 2004-08-23 12:00:00 UTC        
 READ IN fields at DATE: 2004-08-23 18:00:00 UTC        
 READ IN fields at DATE: 2004-08-24 00:00:00 UTC        
 READ IN fields at DATE: 2004-08-24 06:00:00 UTC        
 READ IN fields at DATE: 2004-08-24 12:00:00 UTC        
 READ IN fields at DATE: 2004-08-24 18:00:00 UTC        
 READ IN fields at DATE: 2004-08-25 00:00:00 UTC        
 READ IN fields at DATE: 2004-08-25 06:00:00 UTC        
 READ IN fields at DATE: 2004-08-25 12:00:00 UTC        
 READ IN fields at DATE: 2004-08-25 18:00:00 UTC        
 READ IN fields at DATE: 2004-08-26 00:00:00 UTC        
 READ IN fields at DATE: 2004-08-26 06:00:00 UTC        
 READ IN fields at DATE: 2004-08-26 12:00:00 UTC        
 READ IN fields at DATE: 2004-08-26 18:00:00 UTC        
 READ IN fields at DATE: 2004-08-27 00:00:00 UTC        
 READ IN fields at DATE: 2004-08-27 06:00:00 UTC        
 READ IN fields at DATE: 2004-08-27 12:00:00 UTC        
 READ IN fields at DATE: 2004-08-27 18:00:00 UTC        
 READ IN fields at DATE: 2004-08-28 00:00:00 UTC        
 READ IN fields at DATE: 2004-08-28 06:00:00 UTC        
 READ IN fields at DATE: 2004-08-28 12:00:00 UTC        
 READ IN fields at DATE: 2004-08-28 18:00:00 UTC        
 READ IN fields at DATE: 2004-08-29 00:00:00 UTC        
 READ IN fields at DATE: 2004-08-29 06:00:00 UTC        
 READ IN fields at DATE: 2004-08-29 12:00:00 UTC        
 READ IN fields at DATE: 2004-08-29 18:00:00 UTC        
 READ IN fields at DATE: 2004-08-30 00:00:00 UTC        
 READ IN fields at DATE: 2004-08-30 06:00:00 UTC        
 READ IN fields at DATE: 2004-08-30 12:00:00 UTC        
 READ IN fields at DATE: 2004-08-30 18:00:00 UTC        
 READ IN fields at DATE: 2004-08-31 00:00:00 UTC        
 READ IN fields at DATE: 2004-08-31 06:00:00 UTC        
 READ IN fields at DATE: 2004-08-31 12:00:00 UTC        
 READ IN fields at DATE: 2004-08-31 18:00:00 UTC        
      131072 /leonardo_work/ICT24_ESP/RCMDATA//ERA5/2004/tatm_2004_09.nc
  2.211080332305742E-003   247.993698842158     
      196608 /leonardo_work/ICT24_ESP/RCMDATA//ERA5/2004/geop_2004_09.nc
   7.37183574258389        235024.933222754     
      262144 /leonardo_work/ICT24_ESP/RCMDATA//ERA5/2004/qhum_2004_09.nc
  4.098661663377462E-007  1.339802733008777E-002
      327680 /leonardo_work/ICT24_ESP/RCMDATA//ERA5/2004/uwnd_2004_09.nc
  3.444636762874358E-003   33.1151066000756     
      393216 /leonardo_work/ICT24_ESP/RCMDATA//ERA5/2004/vwnd_2004_09.nc
  3.056118697250455E-003   5.88556453098341     
 READ IN fields at DATE: 2004-09-01 00:00:00 UTC        
 READ IN fields at DATE: 2004-09-01 06:00:00 UTC        
 READ IN fields at DATE: 2004-09-01 12:00:00 UTC        
 READ IN fields at DATE: 2004-09-01 18:00:00 UTC        
 READ IN fields at DATE: 2004-09-02 00:00:00 UTC        
 READ IN fields at DATE: 2004-09-02 06:00:00 UTC        
 READ IN fields at DATE: 2004-09-02 12:00:00 UTC        
 READ IN fields at DATE: 2004-09-02 18:00:00 UTC        
 READ IN fields at DATE: 2004-09-03 00:00:00 UTC        
 READ IN fields at DATE: 2004-09-03 06:00:00 UTC        
 READ IN fields at DATE: 2004-09-03 12:00:00 UTC        
 READ IN fields at DATE: 2004-09-03 18:00:00 UTC        
 READ IN fields at DATE: 2004-09-04 00:00:00 UTC        
 READ IN fields at DATE: 2004-09-04 06:00:00 UTC        
 READ IN fields at DATE: 2004-09-04 12:00:00 UTC        
 READ IN fields at DATE: 2004-09-04 18:00:00 UTC        
 READ IN fields at DATE: 2004-09-05 00:00:00 UTC        
 READ IN fields at DATE: 2004-09-05 06:00:00 UTC        
 READ IN fields at DATE: 2004-09-05 12:00:00 UTC        
 READ IN fields at DATE: 2004-09-05 18:00:00 UTC        
 READ IN fields at DATE: 2004-09-06 00:00:00 UTC        
 READ IN fields at DATE: 2004-09-06 06:00:00 UTC        
 READ IN fields at DATE: 2004-09-06 12:00:00 UTC        
 READ IN fields at DATE: 2004-09-06 18:00:00 UTC        
 READ IN fields at DATE: 2004-09-07 00:00:00 UTC        
 READ IN fields at DATE: 2004-09-07 06:00:00 UTC        
 READ IN fields at DATE: 2004-09-07 12:00:00 UTC        
 READ IN fields at DATE: 2004-09-07 18:00:00 UTC        
 READ IN fields at DATE: 2004-09-08 00:00:00 UTC        
 READ IN fields at DATE: 2004-09-08 06:00:00 UTC        
 READ IN fields at DATE: 2004-09-08 12:00:00 UTC        
 READ IN fields at DATE: 2004-09-08 18:00:00 UTC        
 READ IN fields at DATE: 2004-09-09 00:00:00 UTC        
 READ IN fields at DATE: 2004-09-09 06:00:00 UTC        
 READ IN fields at DATE: 2004-09-09 12:00:00 UTC        
 READ IN fields at DATE: 2004-09-09 18:00:00 UTC        
 READ IN fields at DATE: 2004-09-10 00:00:00 UTC        
 READ IN fields at DATE: 2004-09-10 06:00:00 UTC        
 READ IN fields at DATE: 2004-09-10 12:00:00 UTC        
 READ IN fields at DATE: 2004-09-10 18:00:00 UTC        
 READ IN fields at DATE: 2004-09-11 00:00:00 UTC        
 READ IN fields at DATE: 2004-09-11 06:00:00 UTC        
 READ IN fields at DATE: 2004-09-11 12:00:00 UTC        
 READ IN fields at DATE: 2004-09-11 18:00:00 UTC        
 READ IN fields at DATE: 2004-09-12 00:00:00 UTC        
 READ IN fields at DATE: 2004-09-12 06:00:00 UTC        
 READ IN fields at DATE: 2004-09-12 12:00:00 UTC        
 READ IN fields at DATE: 2004-09-12 18:00:00 UTC        
 READ IN fields at DATE: 2004-09-13 00:00:00 UTC        
 READ IN fields at DATE: 2004-09-13 06:00:00 UTC        
 READ IN fields at DATE: 2004-09-13 12:00:00 UTC        
 READ IN fields at DATE: 2004-09-13 18:00:00 UTC        
 READ IN fields at DATE: 2004-09-14 00:00:00 UTC        
 READ IN fields at DATE: 2004-09-14 06:00:00 UTC        
 READ IN fields at DATE: 2004-09-14 12:00:00 UTC        
 READ IN fields at DATE: 2004-09-14 18:00:00 UTC        
 READ IN fields at DATE: 2004-09-15 00:00:00 UTC        
 READ IN fields at DATE: 2004-09-15 06:00:00 UTC        
 READ IN fields at DATE: 2004-09-15 12:00:00 UTC        
 READ IN fields at DATE: 2004-09-15 18:00:00 UTC        
 READ IN fields at DATE: 2004-09-16 00:00:00 UTC        
 READ IN fields at DATE: 2004-09-16 06:00:00 UTC        
 READ IN fields at DATE: 2004-09-16 12:00:00 UTC        
 READ IN fields at DATE: 2004-09-16 18:00:00 UTC        
 READ IN fields at DATE: 2004-09-17 00:00:00 UTC        
 READ IN fields at DATE: 2004-09-17 06:00:00 UTC        
 READ IN fields at DATE: 2004-09-17 12:00:00 UTC        
 READ IN fields at DATE: 2004-09-17 18:00:00 UTC        
 READ IN fields at DATE: 2004-09-18 00:00:00 UTC        
 READ IN fields at DATE: 2004-09-18 06:00:00 UTC        
 READ IN fields at DATE: 2004-09-18 12:00:00 UTC        
 READ IN fields at DATE: 2004-09-18 18:00:00 UTC        
 READ IN fields at DATE: 2004-09-19 00:00:00 UTC        
 READ IN fields at DATE: 2004-09-19 06:00:00 UTC        
 READ IN fields at DATE: 2004-09-19 12:00:00 UTC        
 READ IN fields at DATE: 2004-09-19 18:00:00 UTC        
 READ IN fields at DATE: 2004-09-20 00:00:00 UTC        
 READ IN fields at DATE: 2004-09-20 06:00:00 UTC        
 READ IN fields at DATE: 2004-09-20 12:00:00 UTC        
 READ IN fields at DATE: 2004-09-20 18:00:00 UTC        
 READ IN fields at DATE: 2004-09-21 00:00:00 UTC        
 READ IN fields at DATE: 2004-09-21 06:00:00 UTC        
 READ IN fields at DATE: 2004-09-21 12:00:00 UTC        
 READ IN fields at DATE: 2004-09-21 18:00:00 UTC        
 READ IN fields at DATE: 2004-09-22 00:00:00 UTC        
 READ IN fields at DATE: 2004-09-22 06:00:00 UTC        
 READ IN fields at DATE: 2004-09-22 12:00:00 UTC        
 READ IN fields at DATE: 2004-09-22 18:00:00 UTC        
 READ IN fields at DATE: 2004-09-23 00:00:00 UTC        
 READ IN fields at DATE: 2004-09-23 06:00:00 UTC        
 READ IN fields at DATE: 2004-09-23 12:00:00 UTC        
 READ IN fields at DATE: 2004-09-23 18:00:00 UTC        
 READ IN fields at DATE: 2004-09-24 00:00:00 UTC        
 READ IN fields at DATE: 2004-09-24 06:00:00 UTC        
 READ IN fields at DATE: 2004-09-24 12:00:00 UTC        
 READ IN fields at DATE: 2004-09-24 18:00:00 UTC        
 READ IN fields at DATE: 2004-09-25 00:00:00 UTC        
 READ IN fields at DATE: 2004-09-25 06:00:00 UTC        
 READ IN fields at DATE: 2004-09-25 12:00:00 UTC        
 READ IN fields at DATE: 2004-09-25 18:00:00 UTC        
 READ IN fields at DATE: 2004-09-26 00:00:00 UTC        
 READ IN fields at DATE: 2004-09-26 06:00:00 UTC        
 READ IN fields at DATE: 2004-09-26 12:00:00 UTC        
 READ IN fields at DATE: 2004-09-26 18:00:00 UTC        
 READ IN fields at DATE: 2004-09-27 00:00:00 UTC        
 READ IN fields at DATE: 2004-09-27 06:00:00 UTC        
 READ IN fields at DATE: 2004-09-27 12:00:00 UTC        
 READ IN fields at DATE: 2004-09-27 18:00:00 UTC        
 READ IN fields at DATE: 2004-09-28 00:00:00 UTC        
 READ IN fields at DATE: 2004-09-28 06:00:00 UTC        
 READ IN fields at DATE: 2004-09-28 12:00:00 UTC        
 READ IN fields at DATE: 2004-09-28 18:00:00 UTC        
 READ IN fields at DATE: 2004-09-29 00:00:00 UTC        
 READ IN fields at DATE: 2004-09-29 06:00:00 UTC        
 READ IN fields at DATE: 2004-09-29 12:00:00 UTC        
 READ IN fields at DATE: 2004-09-29 18:00:00 UTC        
 READ IN fields at DATE: 2004-09-30 00:00:00 UTC        
 READ IN fields at DATE: 2004-09-30 06:00:00 UTC        
 READ IN fields at DATE: 2004-09-30 12:00:00 UTC        
 READ IN fields at DATE: 2004-09-30 18:00:00 UTC        
      131072 /leonardo_work/ICT24_ESP/RCMDATA//ERA5/2004/tatm_2004_10.nc
  2.094185849114187E-003   248.141683619966     
      196608 /leonardo_work/ICT24_ESP/RCMDATA//ERA5/2004/geop_2004_10.nc
   7.35793840269406        235029.994858924     
      262144 /leonardo_work/ICT24_ESP/RCMDATA//ERA5/2004/qhum_2004_10.nc
  3.803256630389518E-007  1.239704657360160E-002
      327680 /leonardo_work/ICT24_ESP/RCMDATA//ERA5/2004/uwnd_2004_10.nc
  3.140778863395279E-003   17.4310849450410     
      393216 /leonardo_work/ICT24_ESP/RCMDATA//ERA5/2004/vwnd_2004_10.nc
  2.742120093374354E-003 -0.584249172839656     
 READ IN fields at DATE: 2004-10-01 00:00:00 UTC        
 READ IN fields at DATE: 2004-10-01 06:00:00 UTC        
 READ IN fields at DATE: 2004-10-01 12:00:00 UTC        
 READ IN fields at DATE: 2004-10-01 18:00:00 UTC        
 READ IN fields at DATE: 2004-10-02 00:00:00 UTC        
 READ IN fields at DATE: 2004-10-02 06:00:00 UTC        
 READ IN fields at DATE: 2004-10-02 12:00:00 UTC        
 READ IN fields at DATE: 2004-10-02 18:00:00 UTC        
 READ IN fields at DATE: 2004-10-03 00:00:00 UTC        
 READ IN fields at DATE: 2004-10-03 06:00:00 UTC        
 READ IN fields at DATE: 2004-10-03 12:00:00 UTC        
 READ IN fields at DATE: 2004-10-03 18:00:00 UTC        
 READ IN fields at DATE: 2004-10-04 00:00:00 UTC        
 READ IN fields at DATE: 2004-10-04 06:00:00 UTC        
 READ IN fields at DATE: 2004-10-04 12:00:00 UTC        
 READ IN fields at DATE: 2004-10-04 18:00:00 UTC        
 READ IN fields at DATE: 2004-10-05 00:00:00 UTC        
 READ IN fields at DATE: 2004-10-05 06:00:00 UTC        
 READ IN fields at DATE: 2004-10-05 12:00:00 UTC        
 READ IN fields at DATE: 2004-10-05 18:00:00 UTC        
 READ IN fields at DATE: 2004-10-06 00:00:00 UTC        
 READ IN fields at DATE: 2004-10-06 06:00:00 UTC        
 READ IN fields at DATE: 2004-10-06 12:00:00 UTC        
 READ IN fields at DATE: 2004-10-06 18:00:00 UTC        
 READ IN fields at DATE: 2004-10-07 00:00:00 UTC        
 READ IN fields at DATE: 2004-10-07 06:00:00 UTC        
 READ IN fields at DATE: 2004-10-07 12:00:00 UTC        
 READ IN fields at DATE: 2004-10-07 18:00:00 UTC        
 READ IN fields at DATE: 2004-10-08 00:00:00 UTC        
 READ IN fields at DATE: 2004-10-08 06:00:00 UTC        
 READ IN fields at DATE: 2004-10-08 12:00:00 UTC        
 READ IN fields at DATE: 2004-10-08 18:00:00 UTC        
 READ IN fields at DATE: 2004-10-09 00:00:00 UTC        
 READ IN fields at DATE: 2004-10-09 06:00:00 UTC        
 READ IN fields at DATE: 2004-10-09 12:00:00 UTC        
 READ IN fields at DATE: 2004-10-09 18:00:00 UTC        
 READ IN fields at DATE: 2004-10-10 00:00:00 UTC        
 READ IN fields at DATE: 2004-10-10 06:00:00 UTC        
 READ IN fields at DATE: 2004-10-10 12:00:00 UTC        
 READ IN fields at DATE: 2004-10-10 18:00:00 UTC        
 READ IN fields at DATE: 2004-10-11 00:00:00 UTC        
 READ IN fields at DATE: 2004-10-11 06:00:00 UTC        
 READ IN fields at DATE: 2004-10-11 12:00:00 UTC        
 READ IN fields at DATE: 2004-10-11 18:00:00 UTC        
 READ IN fields at DATE: 2004-10-12 00:00:00 UTC        
 READ IN fields at DATE: 2004-10-12 06:00:00 UTC        
 READ IN fields at DATE: 2004-10-12 12:00:00 UTC        
 READ IN fields at DATE: 2004-10-12 18:00:00 UTC        
 READ IN fields at DATE: 2004-10-13 00:00:00 UTC        
 READ IN fields at DATE: 2004-10-13 06:00:00 UTC        
 READ IN fields at DATE: 2004-10-13 12:00:00 UTC        
 READ IN fields at DATE: 2004-10-13 18:00:00 UTC        
 READ IN fields at DATE: 2004-10-14 00:00:00 UTC        
 READ IN fields at DATE: 2004-10-14 06:00:00 UTC        
 READ IN fields at DATE: 2004-10-14 12:00:00 UTC        
 READ IN fields at DATE: 2004-10-14 18:00:00 UTC        
 READ IN fields at DATE: 2004-10-15 00:00:00 UTC        
 READ IN fields at DATE: 2004-10-15 06:00:00 UTC        
 READ IN fields at DATE: 2004-10-15 12:00:00 UTC        
 READ IN fields at DATE: 2004-10-15 18:00:00 UTC        
 READ IN fields at DATE: 2004-10-16 00:00:00 UTC        
 READ IN fields at DATE: 2004-10-16 06:00:00 UTC        
 READ IN fields at DATE: 2004-10-16 12:00:00 UTC        
 READ IN fields at DATE: 2004-10-16 18:00:00 UTC        
 READ IN fields at DATE: 2004-10-17 00:00:00 UTC        
 READ IN fields at DATE: 2004-10-17 06:00:00 UTC        
 READ IN fields at DATE: 2004-10-17 12:00:00 UTC        
 READ IN fields at DATE: 2004-10-17 18:00:00 UTC        
 READ IN fields at DATE: 2004-10-18 00:00:00 UTC        
 READ IN fields at DATE: 2004-10-18 06:00:00 UTC        
 READ IN fields at DATE: 2004-10-18 12:00:00 UTC        
 READ IN fields at DATE: 2004-10-18 18:00:00 UTC        
 READ IN fields at DATE: 2004-10-19 00:00:00 UTC        
 READ IN fields at DATE: 2004-10-19 06:00:00 UTC        
 READ IN fields at DATE: 2004-10-19 12:00:00 UTC        
 READ IN fields at DATE: 2004-10-19 18:00:00 UTC        
 READ IN fields at DATE: 2004-10-20 00:00:00 UTC        
 READ IN fields at DATE: 2004-10-20 06:00:00 UTC        
 READ IN fields at DATE: 2004-10-20 12:00:00 UTC        
 READ IN fields at DATE: 2004-10-20 18:00:00 UTC        
 READ IN fields at DATE: 2004-10-21 00:00:00 UTC        
 READ IN fields at DATE: 2004-10-21 06:00:00 UTC        
 READ IN fields at DATE: 2004-10-21 12:00:00 UTC        
 READ IN fields at DATE: 2004-10-21 18:00:00 UTC        
 READ IN fields at DATE: 2004-10-22 00:00:00 UTC        
 READ IN fields at DATE: 2004-10-22 06:00:00 UTC        
 READ IN fields at DATE: 2004-10-22 12:00:00 UTC        
 READ IN fields at DATE: 2004-10-22 18:00:00 UTC        
 READ IN fields at DATE: 2004-10-23 00:00:00 UTC        
 READ IN fields at DATE: 2004-10-23 06:00:00 UTC        
 READ IN fields at DATE: 2004-10-23 12:00:00 UTC        
 READ IN fields at DATE: 2004-10-23 18:00:00 UTC        
 READ IN fields at DATE: 2004-10-24 00:00:00 UTC        
 READ IN fields at DATE: 2004-10-24 06:00:00 UTC        
 READ IN fields at DATE: 2004-10-24 12:00:00 UTC        
 READ IN fields at DATE: 2004-10-24 18:00:00 UTC        
 READ IN fields at DATE: 2004-10-25 00:00:00 UTC        
 READ IN fields at DATE: 2004-10-25 06:00:00 UTC        
 READ IN fields at DATE: 2004-10-25 12:00:00 UTC        
 READ IN fields at DATE: 2004-10-25 18:00:00 UTC        
 READ IN fields at DATE: 2004-10-26 00:00:00 UTC        
 READ IN fields at DATE: 2004-10-26 06:00:00 UTC        
 READ IN fields at DATE: 2004-10-26 12:00:00 UTC        
 READ IN fields at DATE: 2004-10-26 18:00:00 UTC        
 READ IN fields at DATE: 2004-10-27 00:00:00 UTC        
 READ IN fields at DATE: 2004-10-27 06:00:00 UTC        
 READ IN fields at DATE: 2004-10-27 12:00:00 UTC        
 READ IN fields at DATE: 2004-10-27 18:00:00 UTC        
 READ IN fields at DATE: 2004-10-28 00:00:00 UTC        
 READ IN fields at DATE: 2004-10-28 06:00:00 UTC        
 READ IN fields at DATE: 2004-10-28 12:00:00 UTC        
 READ IN fields at DATE: 2004-10-28 18:00:00 UTC        
 READ IN fields at DATE: 2004-10-29 00:00:00 UTC        
 READ IN fields at DATE: 2004-10-29 06:00:00 UTC        
 READ IN fields at DATE: 2004-10-29 12:00:00 UTC        
 READ IN fields at DATE: 2004-10-29 18:00:00 UTC        
 READ IN fields at DATE: 2004-10-30 00:00:00 UTC        
 READ IN fields at DATE: 2004-10-30 06:00:00 UTC        
 READ IN fields at DATE: 2004-10-30 12:00:00 UTC        
 READ IN fields at DATE: 2004-10-30 18:00:00 UTC        
 READ IN fields at DATE: 2004-10-31 00:00:00 UTC        
 READ IN fields at DATE: 2004-10-31 06:00:00 UTC        
 READ IN fields at DATE: 2004-10-31 12:00:00 UTC        
 READ IN fields at DATE: 2004-10-31 18:00:00 UTC        
      131072 /leonardo_work/ICT24_ESP/RCMDATA//ERA5/2004/tatm_2004_11.nc
  2.060197072854755E-003   249.767234671971     
      196608 /leonardo_work/ICT24_ESP/RCMDATA//ERA5/2004/geop_2004_11.nc
   7.54821241063663        241083.098940670     
      262144 /leonardo_work/ICT24_ESP/RCMDATA//ERA5/2004/qhum_2004_11.nc
  3.901104154271034E-007  1.274227131810318E-002
      327680 /leonardo_work/ICT24_ESP/RCMDATA//ERA5/2004/uwnd_2004_11.nc
  4.103163889340580E-003   43.3704459766491     
      393216 /leonardo_work/ICT24_ESP/RCMDATA//ERA5/2004/vwnd_2004_11.nc
  2.786228152630998E-003  -1.90321043585366     
 READ IN fields at DATE: 2004-11-01 00:00:00 UTC        
 READ IN fields at DATE: 2004-11-01 06:00:00 UTC        
 READ IN fields at DATE: 2004-11-01 12:00:00 UTC        
 READ IN fields at DATE: 2004-11-01 18:00:00 UTC        
 READ IN fields at DATE: 2004-11-02 00:00:00 UTC        
 READ IN fields at DATE: 2004-11-02 06:00:00 UTC        
 READ IN fields at DATE: 2004-11-02 12:00:00 UTC        
 READ IN fields at DATE: 2004-11-02 18:00:00 UTC        
 READ IN fields at DATE: 2004-11-03 00:00:00 UTC        
 READ IN fields at DATE: 2004-11-03 06:00:00 UTC        
 READ IN fields at DATE: 2004-11-03 12:00:00 UTC        
 READ IN fields at DATE: 2004-11-03 18:00:00 UTC        
 READ IN fields at DATE: 2004-11-04 00:00:00 UTC        
 READ IN fields at DATE: 2004-11-04 06:00:00 UTC        
 READ IN fields at DATE: 2004-11-04 12:00:00 UTC        
 READ IN fields at DATE: 2004-11-04 18:00:00 UTC        
 READ IN fields at DATE: 2004-11-05 00:00:00 UTC        
 READ IN fields at DATE: 2004-11-05 06:00:00 UTC        
 READ IN fields at DATE: 2004-11-05 12:00:00 UTC        
 READ IN fields at DATE: 2004-11-05 18:00:00 UTC        
 READ IN fields at DATE: 2004-11-06 00:00:00 UTC        
 READ IN fields at DATE: 2004-11-06 06:00:00 UTC        
 READ IN fields at DATE: 2004-11-06 12:00:00 UTC        
 READ IN fields at DATE: 2004-11-06 18:00:00 UTC        
 READ IN fields at DATE: 2004-11-07 00:00:00 UTC        
 READ IN fields at DATE: 2004-11-07 06:00:00 UTC        
 READ IN fields at DATE: 2004-11-07 12:00:00 UTC        
 READ IN fields at DATE: 2004-11-07 18:00:00 UTC        
 READ IN fields at DATE: 2004-11-08 00:00:00 UTC        
 READ IN fields at DATE: 2004-11-08 06:00:00 UTC        
 READ IN fields at DATE: 2004-11-08 12:00:00 UTC        
 READ IN fields at DATE: 2004-11-08 18:00:00 UTC        
 READ IN fields at DATE: 2004-11-09 00:00:00 UTC        
 READ IN fields at DATE: 2004-11-09 06:00:00 UTC        
 READ IN fields at DATE: 2004-11-09 12:00:00 UTC        
 READ IN fields at DATE: 2004-11-09 18:00:00 UTC        
 READ IN fields at DATE: 2004-11-10 00:00:00 UTC        
 READ IN fields at DATE: 2004-11-10 06:00:00 UTC        
 READ IN fields at DATE: 2004-11-10 12:00:00 UTC        
 READ IN fields at DATE: 2004-11-10 18:00:00 UTC        
 READ IN fields at DATE: 2004-11-11 00:00:00 UTC        
 READ IN fields at DATE: 2004-11-11 06:00:00 UTC        
 READ IN fields at DATE: 2004-11-11 12:00:00 UTC        
 READ IN fields at DATE: 2004-11-11 18:00:00 UTC        
 READ IN fields at DATE: 2004-11-12 00:00:00 UTC        
 READ IN fields at DATE: 2004-11-12 06:00:00 UTC        
 READ IN fields at DATE: 2004-11-12 12:00:00 UTC        
 READ IN fields at DATE: 2004-11-12 18:00:00 UTC        
 READ IN fields at DATE: 2004-11-13 00:00:00 UTC        
 READ IN fields at DATE: 2004-11-13 06:00:00 UTC        
 READ IN fields at DATE: 2004-11-13 12:00:00 UTC        
 READ IN fields at DATE: 2004-11-13 18:00:00 UTC        
 READ IN fields at DATE: 2004-11-14 00:00:00 UTC        
 READ IN fields at DATE: 2004-11-14 06:00:00 UTC        
 READ IN fields at DATE: 2004-11-14 12:00:00 UTC        
 READ IN fields at DATE: 2004-11-14 18:00:00 UTC        
 READ IN fields at DATE: 2004-11-15 00:00:00 UTC        
 READ IN fields at DATE: 2004-11-15 06:00:00 UTC        
 READ IN fields at DATE: 2004-11-15 12:00:00 UTC        
 READ IN fields at DATE: 2004-11-15 18:00:00 UTC        
 READ IN fields at DATE: 2004-11-16 00:00:00 UTC        
 READ IN fields at DATE: 2004-11-16 06:00:00 UTC        
 READ IN fields at DATE: 2004-11-16 12:00:00 UTC        
 READ IN fields at DATE: 2004-11-16 18:00:00 UTC        
 READ IN fields at DATE: 2004-11-17 00:00:00 UTC        
 READ IN fields at DATE: 2004-11-17 06:00:00 UTC        
 READ IN fields at DATE: 2004-11-17 12:00:00 UTC        
 READ IN fields at DATE: 2004-11-17 18:00:00 UTC        
 READ IN fields at DATE: 2004-11-18 00:00:00 UTC        
 READ IN fields at DATE: 2004-11-18 06:00:00 UTC        
 READ IN fields at DATE: 2004-11-18 12:00:00 UTC        
 READ IN fields at DATE: 2004-11-18 18:00:00 UTC        
 READ IN fields at DATE: 2004-11-19 00:00:00 UTC        
 READ IN fields at DATE: 2004-11-19 06:00:00 UTC        
 READ IN fields at DATE: 2004-11-19 12:00:00 UTC        
 READ IN fields at DATE: 2004-11-19 18:00:00 UTC        
 READ IN fields at DATE: 2004-11-20 00:00:00 UTC        
 READ IN fields at DATE: 2004-11-20 06:00:00 UTC        
 READ IN fields at DATE: 2004-11-20 12:00:00 UTC        
 READ IN fields at DATE: 2004-11-20 18:00:00 UTC        
 READ IN fields at DATE: 2004-11-21 00:00:00 UTC        
 READ IN fields at DATE: 2004-11-21 06:00:00 UTC        
 READ IN fields at DATE: 2004-11-21 12:00:00 UTC        
 READ IN fields at DATE: 2004-11-21 18:00:00 UTC        
 READ IN fields at DATE: 2004-11-22 00:00:00 UTC        
 READ IN fields at DATE: 2004-11-22 06:00:00 UTC        
 READ IN fields at DATE: 2004-11-22 12:00:00 UTC        
 READ IN fields at DATE: 2004-11-22 18:00:00 UTC        
 READ IN fields at DATE: 2004-11-23 00:00:00 UTC        
 READ IN fields at DATE: 2004-11-23 06:00:00 UTC        
 READ IN fields at DATE: 2004-11-23 12:00:00 UTC        
 READ IN fields at DATE: 2004-11-23 18:00:00 UTC        
 READ IN fields at DATE: 2004-11-24 00:00:00 UTC        
 READ IN fields at DATE: 2004-11-24 06:00:00 UTC        
 READ IN fields at DATE: 2004-11-24 12:00:00 UTC        
 READ IN fields at DATE: 2004-11-24 18:00:00 UTC        
 READ IN fields at DATE: 2004-11-25 00:00:00 UTC        
 READ IN fields at DATE: 2004-11-25 06:00:00 UTC        
 READ IN fields at DATE: 2004-11-25 12:00:00 UTC        
 READ IN fields at DATE: 2004-11-25 18:00:00 UTC        
 READ IN fields at DATE: 2004-11-26 00:00:00 UTC        
 READ IN fields at DATE: 2004-11-26 06:00:00 UTC        
 READ IN fields at DATE: 2004-11-26 12:00:00 UTC        
 READ IN fields at DATE: 2004-11-26 18:00:00 UTC        
 READ IN fields at DATE: 2004-11-27 00:00:00 UTC        
 READ IN fields at DATE: 2004-11-27 06:00:00 UTC        
 READ IN fields at DATE: 2004-11-27 12:00:00 UTC        
 READ IN fields at DATE: 2004-11-27 18:00:00 UTC        
 READ IN fields at DATE: 2004-11-28 00:00:00 UTC        
 READ IN fields at DATE: 2004-11-28 06:00:00 UTC        
 READ IN fields at DATE: 2004-11-28 12:00:00 UTC        
 READ IN fields at DATE: 2004-11-28 18:00:00 UTC        
 READ IN fields at DATE: 2004-11-29 00:00:00 UTC        
 READ IN fields at DATE: 2004-11-29 06:00:00 UTC        
 READ IN fields at DATE: 2004-11-29 12:00:00 UTC        
 READ IN fields at DATE: 2004-11-29 18:00:00 UTC        
 READ IN fields at DATE: 2004-11-30 00:00:00 UTC        
 READ IN fields at DATE: 2004-11-30 06:00:00 UTC        
 READ IN fields at DATE: 2004-11-30 12:00:00 UTC        
 READ IN fields at DATE: 2004-11-30 18:00:00 UTC        
      131072 /leonardo_work/ICT24_ESP/RCMDATA//ERA5/2004/tatm_2004_12.nc
  2.143842982286834E-003   247.678340920306     
      196608 /leonardo_work/ICT24_ESP/RCMDATA//ERA5/2004/geop_2004_12.nc
   7.62873565369737        245075.718835298     
      262144 /leonardo_work/ICT24_ESP/RCMDATA//ERA5/2004/qhum_2004_12.nc
  3.709629450595428E-007  1.214617983802256E-002
      327680 /leonardo_work/ICT24_ESP/RCMDATA//ERA5/2004/uwnd_2004_12.nc
  4.125665439951890E-003   52.1703538542917     
      393216 /leonardo_work/ICT24_ESP/RCMDATA//ERA5/2004/vwnd_2004_12.nc
  2.954013362214695E-003   2.08844303726421     
 READ IN fields at DATE: 2004-12-01 00:00:00 UTC        
 READ IN fields at DATE: 2004-12-01 06:00:00 UTC        
 READ IN fields at DATE: 2004-12-01 12:00:00 UTC        
 READ IN fields at DATE: 2004-12-01 18:00:00 UTC        
 READ IN fields at DATE: 2004-12-02 00:00:00 UTC        
 READ IN fields at DATE: 2004-12-02 06:00:00 UTC        
 READ IN fields at DATE: 2004-12-02 12:00:00 UTC        
 READ IN fields at DATE: 2004-12-02 18:00:00 UTC        
 READ IN fields at DATE: 2004-12-03 00:00:00 UTC        
 READ IN fields at DATE: 2004-12-03 06:00:00 UTC        
 READ IN fields at DATE: 2004-12-03 12:00:00 UTC        
 READ IN fields at DATE: 2004-12-03 18:00:00 UTC        
 READ IN fields at DATE: 2004-12-04 00:00:00 UTC        
 READ IN fields at DATE: 2004-12-04 06:00:00 UTC        
 READ IN fields at DATE: 2004-12-04 12:00:00 UTC        
 READ IN fields at DATE: 2004-12-04 18:00:00 UTC        
 READ IN fields at DATE: 2004-12-05 00:00:00 UTC        
 READ IN fields at DATE: 2004-12-05 06:00:00 UTC        
 READ IN fields at DATE: 2004-12-05 12:00:00 UTC        
 READ IN fields at DATE: 2004-12-05 18:00:00 UTC        
 READ IN fields at DATE: 2004-12-06 00:00:00 UTC        
 READ IN fields at DATE: 2004-12-06 06:00:00 UTC        
 READ IN fields at DATE: 2004-12-06 12:00:00 UTC        
 READ IN fields at DATE: 2004-12-06 18:00:00 UTC        
 READ IN fields at DATE: 2004-12-07 00:00:00 UTC        
 READ IN fields at DATE: 2004-12-07 06:00:00 UTC        
 READ IN fields at DATE: 2004-12-07 12:00:00 UTC        
 READ IN fields at DATE: 2004-12-07 18:00:00 UTC        
 READ IN fields at DATE: 2004-12-08 00:00:00 UTC        
 READ IN fields at DATE: 2004-12-08 06:00:00 UTC        
 READ IN fields at DATE: 2004-12-08 12:00:00 UTC        
 READ IN fields at DATE: 2004-12-08 18:00:00 UTC        
 READ IN fields at DATE: 2004-12-09 00:00:00 UTC        
 READ IN fields at DATE: 2004-12-09 06:00:00 UTC        
 READ IN fields at DATE: 2004-12-09 12:00:00 UTC        
 READ IN fields at DATE: 2004-12-09 18:00:00 UTC        
 READ IN fields at DATE: 2004-12-10 00:00:00 UTC        
 READ IN fields at DATE: 2004-12-10 06:00:00 UTC        
 READ IN fields at DATE: 2004-12-10 12:00:00 UTC        
 READ IN fields at DATE: 2004-12-10 18:00:00 UTC        
 READ IN fields at DATE: 2004-12-11 00:00:00 UTC        
 READ IN fields at DATE: 2004-12-11 06:00:00 UTC        
 READ IN fields at DATE: 2004-12-11 12:00:00 UTC        
 READ IN fields at DATE: 2004-12-11 18:00:00 UTC        
 READ IN fields at DATE: 2004-12-12 00:00:00 UTC        
 READ IN fields at DATE: 2004-12-12 06:00:00 UTC        
 READ IN fields at DATE: 2004-12-12 12:00:00 UTC        
 READ IN fields at DATE: 2004-12-12 18:00:00 UTC        
 READ IN fields at DATE: 2004-12-13 00:00:00 UTC        
 READ IN fields at DATE: 2004-12-13 06:00:00 UTC        
 READ IN fields at DATE: 2004-12-13 12:00:00 UTC        
 READ IN fields at DATE: 2004-12-13 18:00:00 UTC        
 READ IN fields at DATE: 2004-12-14 00:00:00 UTC        
 READ IN fields at DATE: 2004-12-14 06:00:00 UTC        
 READ IN fields at DATE: 2004-12-14 12:00:00 UTC        
 READ IN fields at DATE: 2004-12-14 18:00:00 UTC        
 READ IN fields at DATE: 2004-12-15 00:00:00 UTC        
 READ IN fields at DATE: 2004-12-15 06:00:00 UTC        
 READ IN fields at DATE: 2004-12-15 12:00:00 UTC        
 READ IN fields at DATE: 2004-12-15 18:00:00 UTC        
 READ IN fields at DATE: 2004-12-16 00:00:00 UTC        
 READ IN fields at DATE: 2004-12-16 06:00:00 UTC        
 READ IN fields at DATE: 2004-12-16 12:00:00 UTC        
 READ IN fields at DATE: 2004-12-16 18:00:00 UTC        
 READ IN fields at DATE: 2004-12-17 00:00:00 UTC        
 READ IN fields at DATE: 2004-12-17 06:00:00 UTC        
 READ IN fields at DATE: 2004-12-17 12:00:00 UTC        
 READ IN fields at DATE: 2004-12-17 18:00:00 UTC        
 READ IN fields at DATE: 2004-12-18 00:00:00 UTC        
 READ IN fields at DATE: 2004-12-18 06:00:00 UTC        
 READ IN fields at DATE: 2004-12-18 12:00:00 UTC        
 READ IN fields at DATE: 2004-12-18 18:00:00 UTC        
 READ IN fields at DATE: 2004-12-19 00:00:00 UTC        
 READ IN fields at DATE: 2004-12-19 06:00:00 UTC        
 READ IN fields at DATE: 2004-12-19 12:00:00 UTC        
 READ IN fields at DATE: 2004-12-19 18:00:00 UTC        
 READ IN fields at DATE: 2004-12-20 00:00:00 UTC        
 READ IN fields at DATE: 2004-12-20 06:00:00 UTC        
 READ IN fields at DATE: 2004-12-20 12:00:00 UTC        
 READ IN fields at DATE: 2004-12-20 18:00:00 UTC        
 READ IN fields at DATE: 2004-12-21 00:00:00 UTC        
 READ IN fields at DATE: 2004-12-21 06:00:00 UTC        
 READ IN fields at DATE: 2004-12-21 12:00:00 UTC        
 READ IN fields at DATE: 2004-12-21 18:00:00 UTC        
 READ IN fields at DATE: 2004-12-22 00:00:00 UTC        
 READ IN fields at DATE: 2004-12-22 06:00:00 UTC        
 READ IN fields at DATE: 2004-12-22 12:00:00 UTC        
 READ IN fields at DATE: 2004-12-22 18:00:00 UTC        
 READ IN fields at DATE: 2004-12-23 00:00:00 UTC        
 READ IN fields at DATE: 2004-12-23 06:00:00 UTC        
 READ IN fields at DATE: 2004-12-23 12:00:00 UTC        
 READ IN fields at DATE: 2004-12-23 18:00:00 UTC        
 READ IN fields at DATE: 2004-12-24 00:00:00 UTC        
 READ IN fields at DATE: 2004-12-24 06:00:00 UTC        
 READ IN fields at DATE: 2004-12-24 12:00:00 UTC        
 READ IN fields at DATE: 2004-12-24 18:00:00 UTC        
 READ IN fields at DATE: 2004-12-25 00:00:00 UTC        
 READ IN fields at DATE: 2004-12-25 06:00:00 UTC        
 READ IN fields at DATE: 2004-12-25 12:00:00 UTC        
 READ IN fields at DATE: 2004-12-25 18:00:00 UTC        
 READ IN fields at DATE: 2004-12-26 00:00:00 UTC        
 READ IN fields at DATE: 2004-12-26 06:00:00 UTC        
 READ IN fields at DATE: 2004-12-26 12:00:00 UTC        
 READ IN fields at DATE: 2004-12-26 18:00:00 UTC        
 READ IN fields at DATE: 2004-12-27 00:00:00 UTC        
 READ IN fields at DATE: 2004-12-27 06:00:00 UTC        
 READ IN fields at DATE: 2004-12-27 12:00:00 UTC        
 READ IN fields at DATE: 2004-12-27 18:00:00 UTC        
 READ IN fields at DATE: 2004-12-28 00:00:00 UTC        
 READ IN fields at DATE: 2004-12-28 06:00:00 UTC        
 READ IN fields at DATE: 2004-12-28 12:00:00 UTC        
 READ IN fields at DATE: 2004-12-28 18:00:00 UTC        
 READ IN fields at DATE: 2004-12-29 00:00:00 UTC        
 READ IN fields at DATE: 2004-12-29 06:00:00 UTC        
 READ IN fields at DATE: 2004-12-29 12:00:00 UTC        
 READ IN fields at DATE: 2004-12-29 18:00:00 UTC        
 READ IN fields at DATE: 2004-12-30 00:00:00 UTC        
 READ IN fields at DATE: 2004-12-30 06:00:00 UTC        
 READ IN fields at DATE: 2004-12-30 12:00:00 UTC        
 READ IN fields at DATE: 2004-12-30 18:00:00 UTC        
 READ IN fields at DATE: 2004-12-31 00:00:00 UTC        
 READ IN fields at DATE: 2004-12-31 06:00:00 UTC        
 READ IN fields at DATE: 2004-12-31 12:00:00 UTC        
 READ IN fields at DATE: 2004-12-31 18:00:00 UTC        
      131072 /leonardo_work/ICT24_ESP/RCMDATA//ERA5/2005/tatm_2005_01.nc
  2.181889483921149E-003   247.740341245199     
      196608 /leonardo_work/ICT24_ESP/RCMDATA//ERA5/2005/geop_2005_01.nc
   7.62045392445409        244881.523757413     
      262144 /leonardo_work/ICT24_ESP/RCMDATA//ERA5/2005/qhum_2005_01.nc
  3.795949472275984E-007  1.242702000488029E-002
      327680 /leonardo_work/ICT24_ESP/RCMDATA//ERA5/2005/uwnd_2005_01.nc
  4.490098168426356E-003   42.2847575143923     
      393216 /leonardo_work/ICT24_ESP/RCMDATA//ERA5/2005/vwnd_2005_01.nc
  4.479418669255852E-003  -1.84409761949088     
 READ IN fields at DATE: 2005-01-01 00:00:00 UTC        
 Input ready at : Wed Feb 12 02:58:32 2025
 Successfully completed ICBC
icbc script complete
