
  This is icbc part of the RegCM version 5
   SVN Revision: 5.0.1 compiled at: data : Dec 03 2024  time: 16:32:23

 : this run start at    : 2025-02-12 02:59:33+0100
 : it is submitted by   : mdasilva
 : it is running on     : lrdn4323.leonardo.local
 : in directory         : 
 /leonardo/home/userexternal/mdasilva/github_projects/shell/ictp/regcm_exp/corde
 x5_v2
                       
 Using Moloch non-hydrostatic dynamical core
 GLOBIDATE1 :  2005-01-01 00:00:00 UTC        
 GLOBIDATE2 :  2006-01-01 00:00:00 UTC        
 NSTEPS     :         1461
 Computing weights, R =      38.89632416 .......... Done.
 Computing weights, R =      38.89632416 .......... Done.
 Computing weights, R =      38.89632416 .......... Done.
      131072 /leonardo_work/ICT24_ESP/RCMDATA//ERA5/2005/tatm_2005_01.nc
  2.181889483921149E-003   247.740341245199     
      196608 /leonardo_work/ICT24_ESP/RCMDATA//ERA5/2005/geop_2005_01.nc
   7.62045392445409        244881.523757413     
      262144 /leonardo_work/ICT24_ESP/RCMDATA//ERA5/2005/qhum_2005_01.nc
  3.795949472275984E-007  1.242702000488029E-002
      327680 /leonardo_work/ICT24_ESP/RCMDATA//ERA5/2005/uwnd_2005_01.nc
  4.490098168426356E-003   42.2847575143923     
      393216 /leonardo_work/ICT24_ESP/RCMDATA//ERA5/2005/vwnd_2005_01.nc
  4.479418669255852E-003  -1.84409761949088     
 READ IN fields at DATE: 2005-01-01 00:00:00 UTC        
 READ IN fields at DATE: 2005-01-01 06:00:00 UTC        
 READ IN fields at DATE: 2005-01-01 12:00:00 UTC        
 READ IN fields at DATE: 2005-01-01 18:00:00 UTC        
 READ IN fields at DATE: 2005-01-02 00:00:00 UTC        
 READ IN fields at DATE: 2005-01-02 06:00:00 UTC        
 READ IN fields at DATE: 2005-01-02 12:00:00 UTC        
 READ IN fields at DATE: 2005-01-02 18:00:00 UTC        
 READ IN fields at DATE: 2005-01-03 00:00:00 UTC        
 READ IN fields at DATE: 2005-01-03 06:00:00 UTC        
 READ IN fields at DATE: 2005-01-03 12:00:00 UTC        
 READ IN fields at DATE: 2005-01-03 18:00:00 UTC        
 READ IN fields at DATE: 2005-01-04 00:00:00 UTC        
 READ IN fields at DATE: 2005-01-04 06:00:00 UTC        
 READ IN fields at DATE: 2005-01-04 12:00:00 UTC        
 READ IN fields at DATE: 2005-01-04 18:00:00 UTC        
 READ IN fields at DATE: 2005-01-05 00:00:00 UTC        
 READ IN fields at DATE: 2005-01-05 06:00:00 UTC        
 READ IN fields at DATE: 2005-01-05 12:00:00 UTC        
 READ IN fields at DATE: 2005-01-05 18:00:00 UTC        
 READ IN fields at DATE: 2005-01-06 00:00:00 UTC        
 READ IN fields at DATE: 2005-01-06 06:00:00 UTC        
 READ IN fields at DATE: 2005-01-06 12:00:00 UTC        
 READ IN fields at DATE: 2005-01-06 18:00:00 UTC        
 READ IN fields at DATE: 2005-01-07 00:00:00 UTC        
 READ IN fields at DATE: 2005-01-07 06:00:00 UTC        
 READ IN fields at DATE: 2005-01-07 12:00:00 UTC        
 READ IN fields at DATE: 2005-01-07 18:00:00 UTC        
 READ IN fields at DATE: 2005-01-08 00:00:00 UTC        
 READ IN fields at DATE: 2005-01-08 06:00:00 UTC        
 READ IN fields at DATE: 2005-01-08 12:00:00 UTC        
 READ IN fields at DATE: 2005-01-08 18:00:00 UTC        
 READ IN fields at DATE: 2005-01-09 00:00:00 UTC        
 READ IN fields at DATE: 2005-01-09 06:00:00 UTC        
 READ IN fields at DATE: 2005-01-09 12:00:00 UTC        
 READ IN fields at DATE: 2005-01-09 18:00:00 UTC        
 READ IN fields at DATE: 2005-01-10 00:00:00 UTC        
 READ IN fields at DATE: 2005-01-10 06:00:00 UTC        
 READ IN fields at DATE: 2005-01-10 12:00:00 UTC        
 READ IN fields at DATE: 2005-01-10 18:00:00 UTC        
 READ IN fields at DATE: 2005-01-11 00:00:00 UTC        
 READ IN fields at DATE: 2005-01-11 06:00:00 UTC        
 READ IN fields at DATE: 2005-01-11 12:00:00 UTC        
 READ IN fields at DATE: 2005-01-11 18:00:00 UTC        
 READ IN fields at DATE: 2005-01-12 00:00:00 UTC        
 READ IN fields at DATE: 2005-01-12 06:00:00 UTC        
 READ IN fields at DATE: 2005-01-12 12:00:00 UTC        
 READ IN fields at DATE: 2005-01-12 18:00:00 UTC        
 READ IN fields at DATE: 2005-01-13 00:00:00 UTC        
 READ IN fields at DATE: 2005-01-13 06:00:00 UTC        
 READ IN fields at DATE: 2005-01-13 12:00:00 UTC        
 READ IN fields at DATE: 2005-01-13 18:00:00 UTC        
 READ IN fields at DATE: 2005-01-14 00:00:00 UTC        
 READ IN fields at DATE: 2005-01-14 06:00:00 UTC        
 READ IN fields at DATE: 2005-01-14 12:00:00 UTC        
 READ IN fields at DATE: 2005-01-14 18:00:00 UTC        
 READ IN fields at DATE: 2005-01-15 00:00:00 UTC        
 READ IN fields at DATE: 2005-01-15 06:00:00 UTC        
 READ IN fields at DATE: 2005-01-15 12:00:00 UTC        
 READ IN fields at DATE: 2005-01-15 18:00:00 UTC        
 READ IN fields at DATE: 2005-01-16 00:00:00 UTC        
 READ IN fields at DATE: 2005-01-16 06:00:00 UTC        
 READ IN fields at DATE: 2005-01-16 12:00:00 UTC        
 READ IN fields at DATE: 2005-01-16 18:00:00 UTC        
 READ IN fields at DATE: 2005-01-17 00:00:00 UTC        
 READ IN fields at DATE: 2005-01-17 06:00:00 UTC        
 READ IN fields at DATE: 2005-01-17 12:00:00 UTC        
 READ IN fields at DATE: 2005-01-17 18:00:00 UTC        
 READ IN fields at DATE: 2005-01-18 00:00:00 UTC        
 READ IN fields at DATE: 2005-01-18 06:00:00 UTC        
 READ IN fields at DATE: 2005-01-18 12:00:00 UTC        
 READ IN fields at DATE: 2005-01-18 18:00:00 UTC        
 READ IN fields at DATE: 2005-01-19 00:00:00 UTC        
 READ IN fields at DATE: 2005-01-19 06:00:00 UTC        
 READ IN fields at DATE: 2005-01-19 12:00:00 UTC        
 READ IN fields at DATE: 2005-01-19 18:00:00 UTC        
 READ IN fields at DATE: 2005-01-20 00:00:00 UTC        
 READ IN fields at DATE: 2005-01-20 06:00:00 UTC        
 READ IN fields at DATE: 2005-01-20 12:00:00 UTC        
 READ IN fields at DATE: 2005-01-20 18:00:00 UTC        
 READ IN fields at DATE: 2005-01-21 00:00:00 UTC        
 READ IN fields at DATE: 2005-01-21 06:00:00 UTC        
 READ IN fields at DATE: 2005-01-21 12:00:00 UTC        
 READ IN fields at DATE: 2005-01-21 18:00:00 UTC        
 READ IN fields at DATE: 2005-01-22 00:00:00 UTC        
 READ IN fields at DATE: 2005-01-22 06:00:00 UTC        
 READ IN fields at DATE: 2005-01-22 12:00:00 UTC        
 READ IN fields at DATE: 2005-01-22 18:00:00 UTC        
 READ IN fields at DATE: 2005-01-23 00:00:00 UTC        
 READ IN fields at DATE: 2005-01-23 06:00:00 UTC        
 READ IN fields at DATE: 2005-01-23 12:00:00 UTC        
 READ IN fields at DATE: 2005-01-23 18:00:00 UTC        
 READ IN fields at DATE: 2005-01-24 00:00:00 UTC        
 READ IN fields at DATE: 2005-01-24 06:00:00 UTC        
 READ IN fields at DATE: 2005-01-24 12:00:00 UTC        
 READ IN fields at DATE: 2005-01-24 18:00:00 UTC        
 READ IN fields at DATE: 2005-01-25 00:00:00 UTC        
 READ IN fields at DATE: 2005-01-25 06:00:00 UTC        
 READ IN fields at DATE: 2005-01-25 12:00:00 UTC        
 READ IN fields at DATE: 2005-01-25 18:00:00 UTC        
 READ IN fields at DATE: 2005-01-26 00:00:00 UTC        
 READ IN fields at DATE: 2005-01-26 06:00:00 UTC        
 READ IN fields at DATE: 2005-01-26 12:00:00 UTC        
 READ IN fields at DATE: 2005-01-26 18:00:00 UTC        
 READ IN fields at DATE: 2005-01-27 00:00:00 UTC        
 READ IN fields at DATE: 2005-01-27 06:00:00 UTC        
 READ IN fields at DATE: 2005-01-27 12:00:00 UTC        
 READ IN fields at DATE: 2005-01-27 18:00:00 UTC        
 READ IN fields at DATE: 2005-01-28 00:00:00 UTC        
 READ IN fields at DATE: 2005-01-28 06:00:00 UTC        
 READ IN fields at DATE: 2005-01-28 12:00:00 UTC        
 READ IN fields at DATE: 2005-01-28 18:00:00 UTC        
 READ IN fields at DATE: 2005-01-29 00:00:00 UTC        
 READ IN fields at DATE: 2005-01-29 06:00:00 UTC        
 READ IN fields at DATE: 2005-01-29 12:00:00 UTC        
 READ IN fields at DATE: 2005-01-29 18:00:00 UTC        
 READ IN fields at DATE: 2005-01-30 00:00:00 UTC        
 READ IN fields at DATE: 2005-01-30 06:00:00 UTC        
 READ IN fields at DATE: 2005-01-30 12:00:00 UTC        
 READ IN fields at DATE: 2005-01-30 18:00:00 UTC        
 READ IN fields at DATE: 2005-01-31 00:00:00 UTC        
 READ IN fields at DATE: 2005-01-31 06:00:00 UTC        
 READ IN fields at DATE: 2005-01-31 12:00:00 UTC        
 READ IN fields at DATE: 2005-01-31 18:00:00 UTC        
      131072 /leonardo_work/ICT24_ESP/RCMDATA//ERA5/2005/tatm_2005_02.nc
  2.158430722716155E-003   248.021389351533     
      196608 /leonardo_work/ICT24_ESP/RCMDATA//ERA5/2005/geop_2005_02.nc
   7.52168355303816        241234.932517598     
      262144 /leonardo_work/ICT24_ESP/RCMDATA//ERA5/2005/qhum_2005_02.nc
  4.077972594813368E-007  1.327117249737577E-002
      327680 /leonardo_work/ICT24_ESP/RCMDATA//ERA5/2005/uwnd_2005_02.nc
  4.743714270222755E-003   14.5927285456969     
      393216 /leonardo_work/ICT24_ESP/RCMDATA//ERA5/2005/vwnd_2005_02.nc
  4.486950154019492E-003   2.84567217433705     
 READ IN fields at DATE: 2005-02-01 00:00:00 UTC        
 READ IN fields at DATE: 2005-02-01 06:00:00 UTC        
 READ IN fields at DATE: 2005-02-01 12:00:00 UTC        
 READ IN fields at DATE: 2005-02-01 18:00:00 UTC        
 READ IN fields at DATE: 2005-02-02 00:00:00 UTC        
 READ IN fields at DATE: 2005-02-02 06:00:00 UTC        
 READ IN fields at DATE: 2005-02-02 12:00:00 UTC        
 READ IN fields at DATE: 2005-02-02 18:00:00 UTC        
 READ IN fields at DATE: 2005-02-03 00:00:00 UTC        
 READ IN fields at DATE: 2005-02-03 06:00:00 UTC        
 READ IN fields at DATE: 2005-02-03 12:00:00 UTC        
 READ IN fields at DATE: 2005-02-03 18:00:00 UTC        
 READ IN fields at DATE: 2005-02-04 00:00:00 UTC        
 READ IN fields at DATE: 2005-02-04 06:00:00 UTC        
 READ IN fields at DATE: 2005-02-04 12:00:00 UTC        
 READ IN fields at DATE: 2005-02-04 18:00:00 UTC        
 READ IN fields at DATE: 2005-02-05 00:00:00 UTC        
 READ IN fields at DATE: 2005-02-05 06:00:00 UTC        
 READ IN fields at DATE: 2005-02-05 12:00:00 UTC        
 READ IN fields at DATE: 2005-02-05 18:00:00 UTC        
 READ IN fields at DATE: 2005-02-06 00:00:00 UTC        
 READ IN fields at DATE: 2005-02-06 06:00:00 UTC        
 READ IN fields at DATE: 2005-02-06 12:00:00 UTC        
 READ IN fields at DATE: 2005-02-06 18:00:00 UTC        
 READ IN fields at DATE: 2005-02-07 00:00:00 UTC        
 READ IN fields at DATE: 2005-02-07 06:00:00 UTC        
 READ IN fields at DATE: 2005-02-07 12:00:00 UTC        
 READ IN fields at DATE: 2005-02-07 18:00:00 UTC        
 READ IN fields at DATE: 2005-02-08 00:00:00 UTC        
 READ IN fields at DATE: 2005-02-08 06:00:00 UTC        
 READ IN fields at DATE: 2005-02-08 12:00:00 UTC        
 READ IN fields at DATE: 2005-02-08 18:00:00 UTC        
 READ IN fields at DATE: 2005-02-09 00:00:00 UTC        
 READ IN fields at DATE: 2005-02-09 06:00:00 UTC        
 READ IN fields at DATE: 2005-02-09 12:00:00 UTC        
 READ IN fields at DATE: 2005-02-09 18:00:00 UTC        
 READ IN fields at DATE: 2005-02-10 00:00:00 UTC        
 READ IN fields at DATE: 2005-02-10 06:00:00 UTC        
 READ IN fields at DATE: 2005-02-10 12:00:00 UTC        
 READ IN fields at DATE: 2005-02-10 18:00:00 UTC        
 READ IN fields at DATE: 2005-02-11 00:00:00 UTC        
 READ IN fields at DATE: 2005-02-11 06:00:00 UTC        
 READ IN fields at DATE: 2005-02-11 12:00:00 UTC        
 READ IN fields at DATE: 2005-02-11 18:00:00 UTC        
 READ IN fields at DATE: 2005-02-12 00:00:00 UTC        
 READ IN fields at DATE: 2005-02-12 06:00:00 UTC        
 READ IN fields at DATE: 2005-02-12 12:00:00 UTC        
 READ IN fields at DATE: 2005-02-12 18:00:00 UTC        
 READ IN fields at DATE: 2005-02-13 00:00:00 UTC        
 READ IN fields at DATE: 2005-02-13 06:00:00 UTC        
 READ IN fields at DATE: 2005-02-13 12:00:00 UTC        
 READ IN fields at DATE: 2005-02-13 18:00:00 UTC        
 READ IN fields at DATE: 2005-02-14 00:00:00 UTC        
 READ IN fields at DATE: 2005-02-14 06:00:00 UTC        
 READ IN fields at DATE: 2005-02-14 12:00:00 UTC        
 READ IN fields at DATE: 2005-02-14 18:00:00 UTC        
 READ IN fields at DATE: 2005-02-15 00:00:00 UTC        
 READ IN fields at DATE: 2005-02-15 06:00:00 UTC        
 READ IN fields at DATE: 2005-02-15 12:00:00 UTC        
 READ IN fields at DATE: 2005-02-15 18:00:00 UTC        
 READ IN fields at DATE: 2005-02-16 00:00:00 UTC        
 READ IN fields at DATE: 2005-02-16 06:00:00 UTC        
 READ IN fields at DATE: 2005-02-16 12:00:00 UTC        
 READ IN fields at DATE: 2005-02-16 18:00:00 UTC        
 READ IN fields at DATE: 2005-02-17 00:00:00 UTC        
 READ IN fields at DATE: 2005-02-17 06:00:00 UTC        
 READ IN fields at DATE: 2005-02-17 12:00:00 UTC        
 READ IN fields at DATE: 2005-02-17 18:00:00 UTC        
 READ IN fields at DATE: 2005-02-18 00:00:00 UTC        
 READ IN fields at DATE: 2005-02-18 06:00:00 UTC        
 READ IN fields at DATE: 2005-02-18 12:00:00 UTC        
 READ IN fields at DATE: 2005-02-18 18:00:00 UTC        
 READ IN fields at DATE: 2005-02-19 00:00:00 UTC        
 READ IN fields at DATE: 2005-02-19 06:00:00 UTC        
 READ IN fields at DATE: 2005-02-19 12:00:00 UTC        
 READ IN fields at DATE: 2005-02-19 18:00:00 UTC        
 READ IN fields at DATE: 2005-02-20 00:00:00 UTC        
 READ IN fields at DATE: 2005-02-20 06:00:00 UTC        
 READ IN fields at DATE: 2005-02-20 12:00:00 UTC        
 READ IN fields at DATE: 2005-02-20 18:00:00 UTC        
 READ IN fields at DATE: 2005-02-21 00:00:00 UTC        
 READ IN fields at DATE: 2005-02-21 06:00:00 UTC        
 READ IN fields at DATE: 2005-02-21 12:00:00 UTC        
 READ IN fields at DATE: 2005-02-21 18:00:00 UTC        
 READ IN fields at DATE: 2005-02-22 00:00:00 UTC        
 READ IN fields at DATE: 2005-02-22 06:00:00 UTC        
 READ IN fields at DATE: 2005-02-22 12:00:00 UTC        
 READ IN fields at DATE: 2005-02-22 18:00:00 UTC        
 READ IN fields at DATE: 2005-02-23 00:00:00 UTC        
 READ IN fields at DATE: 2005-02-23 06:00:00 UTC        
 READ IN fields at DATE: 2005-02-23 12:00:00 UTC        
 READ IN fields at DATE: 2005-02-23 18:00:00 UTC        
 READ IN fields at DATE: 2005-02-24 00:00:00 UTC        
 READ IN fields at DATE: 2005-02-24 06:00:00 UTC        
 READ IN fields at DATE: 2005-02-24 12:00:00 UTC        
 READ IN fields at DATE: 2005-02-24 18:00:00 UTC        
 READ IN fields at DATE: 2005-02-25 00:00:00 UTC        
 READ IN fields at DATE: 2005-02-25 06:00:00 UTC        
 READ IN fields at DATE: 2005-02-25 12:00:00 UTC        
 READ IN fields at DATE: 2005-02-25 18:00:00 UTC        
 READ IN fields at DATE: 2005-02-26 00:00:00 UTC        
 READ IN fields at DATE: 2005-02-26 06:00:00 UTC        
 READ IN fields at DATE: 2005-02-26 12:00:00 UTC        
 READ IN fields at DATE: 2005-02-26 18:00:00 UTC        
 READ IN fields at DATE: 2005-02-27 00:00:00 UTC        
 READ IN fields at DATE: 2005-02-27 06:00:00 UTC        
 READ IN fields at DATE: 2005-02-27 12:00:00 UTC        
 READ IN fields at DATE: 2005-02-27 18:00:00 UTC        
 READ IN fields at DATE: 2005-02-28 00:00:00 UTC        
 READ IN fields at DATE: 2005-02-28 06:00:00 UTC        
 READ IN fields at DATE: 2005-02-28 12:00:00 UTC        
 READ IN fields at DATE: 2005-02-28 18:00:00 UTC        
      131072 /leonardo_work/ICT24_ESP/RCMDATA//ERA5/2005/tatm_2005_03.nc
  2.057049524130495E-003   249.849191201800     
      196608 /leonardo_work/ICT24_ESP/RCMDATA//ERA5/2005/geop_2005_03.nc
   7.33625407476004        235362.150232338     
      262144 /leonardo_work/ICT24_ESP/RCMDATA//ERA5/2005/qhum_2005_03.nc
  3.843276717184734E-007  1.252141338739242E-002
      327680 /leonardo_work/ICT24_ESP/RCMDATA//ERA5/2005/uwnd_2005_03.nc
  3.101758386593515E-003   13.5528390744200     
      393216 /leonardo_work/ICT24_ESP/RCMDATA//ERA5/2005/vwnd_2005_03.nc
  2.695211418933853E-003  -1.09988123608056     
 READ IN fields at DATE: 2005-03-01 00:00:00 UTC        
 READ IN fields at DATE: 2005-03-01 06:00:00 UTC        
 READ IN fields at DATE: 2005-03-01 12:00:00 UTC        
 READ IN fields at DATE: 2005-03-01 18:00:00 UTC        
 READ IN fields at DATE: 2005-03-02 00:00:00 UTC        
 READ IN fields at DATE: 2005-03-02 06:00:00 UTC        
 READ IN fields at DATE: 2005-03-02 12:00:00 UTC        
 READ IN fields at DATE: 2005-03-02 18:00:00 UTC        
 READ IN fields at DATE: 2005-03-03 00:00:00 UTC        
 READ IN fields at DATE: 2005-03-03 06:00:00 UTC        
 READ IN fields at DATE: 2005-03-03 12:00:00 UTC        
 READ IN fields at DATE: 2005-03-03 18:00:00 UTC        
 READ IN fields at DATE: 2005-03-04 00:00:00 UTC        
 READ IN fields at DATE: 2005-03-04 06:00:00 UTC        
 READ IN fields at DATE: 2005-03-04 12:00:00 UTC        
 READ IN fields at DATE: 2005-03-04 18:00:00 UTC        
 READ IN fields at DATE: 2005-03-05 00:00:00 UTC        
 READ IN fields at DATE: 2005-03-05 06:00:00 UTC        
 READ IN fields at DATE: 2005-03-05 12:00:00 UTC        
 READ IN fields at DATE: 2005-03-05 18:00:00 UTC        
 READ IN fields at DATE: 2005-03-06 00:00:00 UTC        
 READ IN fields at DATE: 2005-03-06 06:00:00 UTC        
 READ IN fields at DATE: 2005-03-06 12:00:00 UTC        
 READ IN fields at DATE: 2005-03-06 18:00:00 UTC        
 READ IN fields at DATE: 2005-03-07 00:00:00 UTC        
 READ IN fields at DATE: 2005-03-07 06:00:00 UTC        
 READ IN fields at DATE: 2005-03-07 12:00:00 UTC        
 READ IN fields at DATE: 2005-03-07 18:00:00 UTC        
 READ IN fields at DATE: 2005-03-08 00:00:00 UTC        
 READ IN fields at DATE: 2005-03-08 06:00:00 UTC        
 READ IN fields at DATE: 2005-03-08 12:00:00 UTC        
 READ IN fields at DATE: 2005-03-08 18:00:00 UTC        
 READ IN fields at DATE: 2005-03-09 00:00:00 UTC        
 READ IN fields at DATE: 2005-03-09 06:00:00 UTC        
 READ IN fields at DATE: 2005-03-09 12:00:00 UTC        
 READ IN fields at DATE: 2005-03-09 18:00:00 UTC        
 READ IN fields at DATE: 2005-03-10 00:00:00 UTC        
 READ IN fields at DATE: 2005-03-10 06:00:00 UTC        
 READ IN fields at DATE: 2005-03-10 12:00:00 UTC        
 READ IN fields at DATE: 2005-03-10 18:00:00 UTC        
 READ IN fields at DATE: 2005-03-11 00:00:00 UTC        
 READ IN fields at DATE: 2005-03-11 06:00:00 UTC        
 READ IN fields at DATE: 2005-03-11 12:00:00 UTC        
 READ IN fields at DATE: 2005-03-11 18:00:00 UTC        
 READ IN fields at DATE: 2005-03-12 00:00:00 UTC        
 READ IN fields at DATE: 2005-03-12 06:00:00 UTC        
 READ IN fields at DATE: 2005-03-12 12:00:00 UTC        
 READ IN fields at DATE: 2005-03-12 18:00:00 UTC        
 READ IN fields at DATE: 2005-03-13 00:00:00 UTC        
 READ IN fields at DATE: 2005-03-13 06:00:00 UTC        
 READ IN fields at DATE: 2005-03-13 12:00:00 UTC        
 READ IN fields at DATE: 2005-03-13 18:00:00 UTC        
 READ IN fields at DATE: 2005-03-14 00:00:00 UTC        
 READ IN fields at DATE: 2005-03-14 06:00:00 UTC        
 READ IN fields at DATE: 2005-03-14 12:00:00 UTC        
 READ IN fields at DATE: 2005-03-14 18:00:00 UTC        
 READ IN fields at DATE: 2005-03-15 00:00:00 UTC        
 READ IN fields at DATE: 2005-03-15 06:00:00 UTC        
 READ IN fields at DATE: 2005-03-15 12:00:00 UTC        
 READ IN fields at DATE: 2005-03-15 18:00:00 UTC        
 READ IN fields at DATE: 2005-03-16 00:00:00 UTC        
 READ IN fields at DATE: 2005-03-16 06:00:00 UTC        
 READ IN fields at DATE: 2005-03-16 12:00:00 UTC        
 READ IN fields at DATE: 2005-03-16 18:00:00 UTC        
 READ IN fields at DATE: 2005-03-17 00:00:00 UTC        
 READ IN fields at DATE: 2005-03-17 06:00:00 UTC        
 READ IN fields at DATE: 2005-03-17 12:00:00 UTC        
 READ IN fields at DATE: 2005-03-17 18:00:00 UTC        
 READ IN fields at DATE: 2005-03-18 00:00:00 UTC        
 READ IN fields at DATE: 2005-03-18 06:00:00 UTC        
 READ IN fields at DATE: 2005-03-18 12:00:00 UTC        
 READ IN fields at DATE: 2005-03-18 18:00:00 UTC        
 READ IN fields at DATE: 2005-03-19 00:00:00 UTC        
 READ IN fields at DATE: 2005-03-19 06:00:00 UTC        
 READ IN fields at DATE: 2005-03-19 12:00:00 UTC        
 READ IN fields at DATE: 2005-03-19 18:00:00 UTC        
 READ IN fields at DATE: 2005-03-20 00:00:00 UTC        
 READ IN fields at DATE: 2005-03-20 06:00:00 UTC        
 READ IN fields at DATE: 2005-03-20 12:00:00 UTC        
 READ IN fields at DATE: 2005-03-20 18:00:00 UTC        
 READ IN fields at DATE: 2005-03-21 00:00:00 UTC        
 READ IN fields at DATE: 2005-03-21 06:00:00 UTC        
 READ IN fields at DATE: 2005-03-21 12:00:00 UTC        
 READ IN fields at DATE: 2005-03-21 18:00:00 UTC        
 READ IN fields at DATE: 2005-03-22 00:00:00 UTC        
 READ IN fields at DATE: 2005-03-22 06:00:00 UTC        
 READ IN fields at DATE: 2005-03-22 12:00:00 UTC        
 READ IN fields at DATE: 2005-03-22 18:00:00 UTC        
 READ IN fields at DATE: 2005-03-23 00:00:00 UTC        
 READ IN fields at DATE: 2005-03-23 06:00:00 UTC        
 READ IN fields at DATE: 2005-03-23 12:00:00 UTC        
 READ IN fields at DATE: 2005-03-23 18:00:00 UTC        
 READ IN fields at DATE: 2005-03-24 00:00:00 UTC        
 READ IN fields at DATE: 2005-03-24 06:00:00 UTC        
 READ IN fields at DATE: 2005-03-24 12:00:00 UTC        
 READ IN fields at DATE: 2005-03-24 18:00:00 UTC        
 READ IN fields at DATE: 2005-03-25 00:00:00 UTC        
 READ IN fields at DATE: 2005-03-25 06:00:00 UTC        
 READ IN fields at DATE: 2005-03-25 12:00:00 UTC        
 READ IN fields at DATE: 2005-03-25 18:00:00 UTC        
 READ IN fields at DATE: 2005-03-26 00:00:00 UTC        
 READ IN fields at DATE: 2005-03-26 06:00:00 UTC        
 READ IN fields at DATE: 2005-03-26 12:00:00 UTC        
 READ IN fields at DATE: 2005-03-26 18:00:00 UTC        
 READ IN fields at DATE: 2005-03-27 00:00:00 UTC        
 READ IN fields at DATE: 2005-03-27 06:00:00 UTC        
 READ IN fields at DATE: 2005-03-27 12:00:00 UTC        
 READ IN fields at DATE: 2005-03-27 18:00:00 UTC        
 READ IN fields at DATE: 2005-03-28 00:00:00 UTC        
 READ IN fields at DATE: 2005-03-28 06:00:00 UTC        
 READ IN fields at DATE: 2005-03-28 12:00:00 UTC        
 READ IN fields at DATE: 2005-03-28 18:00:00 UTC        
 READ IN fields at DATE: 2005-03-29 00:00:00 UTC        
 READ IN fields at DATE: 2005-03-29 06:00:00 UTC        
 READ IN fields at DATE: 2005-03-29 12:00:00 UTC        
 READ IN fields at DATE: 2005-03-29 18:00:00 UTC        
 READ IN fields at DATE: 2005-03-30 00:00:00 UTC        
 READ IN fields at DATE: 2005-03-30 06:00:00 UTC        
 READ IN fields at DATE: 2005-03-30 12:00:00 UTC        
 READ IN fields at DATE: 2005-03-30 18:00:00 UTC        
 READ IN fields at DATE: 2005-03-31 00:00:00 UTC        
 READ IN fields at DATE: 2005-03-31 06:00:00 UTC        
 READ IN fields at DATE: 2005-03-31 12:00:00 UTC        
 READ IN fields at DATE: 2005-03-31 18:00:00 UTC        
      131072 /leonardo_work/ICT24_ESP/RCMDATA//ERA5/2005/tatm_2005_04.nc
  2.079830018621939E-003   250.867101259307     
      196608 /leonardo_work/ICT24_ESP/RCMDATA//ERA5/2005/geop_2005_04.nc
   7.34651441115545        234664.824789669     
      262144 /leonardo_work/ICT24_ESP/RCMDATA//ERA5/2005/qhum_2005_04.nc
  3.692918578584347E-007  1.198191826747836E-002
      327680 /leonardo_work/ICT24_ESP/RCMDATA//ERA5/2005/uwnd_2005_04.nc
  2.706686769675560E-003   27.2627381483144     
      393216 /leonardo_work/ICT24_ESP/RCMDATA//ERA5/2005/vwnd_2005_04.nc
  2.550541296792980E-003   2.37509802036723     
 READ IN fields at DATE: 2005-04-01 00:00:00 UTC        
 READ IN fields at DATE: 2005-04-01 06:00:00 UTC        
 READ IN fields at DATE: 2005-04-01 12:00:00 UTC        
 READ IN fields at DATE: 2005-04-01 18:00:00 UTC        
 READ IN fields at DATE: 2005-04-02 00:00:00 UTC        
 READ IN fields at DATE: 2005-04-02 06:00:00 UTC        
 READ IN fields at DATE: 2005-04-02 12:00:00 UTC        
 READ IN fields at DATE: 2005-04-02 18:00:00 UTC        
 READ IN fields at DATE: 2005-04-03 00:00:00 UTC        
 READ IN fields at DATE: 2005-04-03 06:00:00 UTC        
 READ IN fields at DATE: 2005-04-03 12:00:00 UTC        
 READ IN fields at DATE: 2005-04-03 18:00:00 UTC        
 READ IN fields at DATE: 2005-04-04 00:00:00 UTC        
 READ IN fields at DATE: 2005-04-04 06:00:00 UTC        
 READ IN fields at DATE: 2005-04-04 12:00:00 UTC        
 READ IN fields at DATE: 2005-04-04 18:00:00 UTC        
 READ IN fields at DATE: 2005-04-05 00:00:00 UTC        
 READ IN fields at DATE: 2005-04-05 06:00:00 UTC        
 READ IN fields at DATE: 2005-04-05 12:00:00 UTC        
 READ IN fields at DATE: 2005-04-05 18:00:00 UTC        
 READ IN fields at DATE: 2005-04-06 00:00:00 UTC        
 READ IN fields at DATE: 2005-04-06 06:00:00 UTC        
 READ IN fields at DATE: 2005-04-06 12:00:00 UTC        
 READ IN fields at DATE: 2005-04-06 18:00:00 UTC        
 READ IN fields at DATE: 2005-04-07 00:00:00 UTC        
 READ IN fields at DATE: 2005-04-07 06:00:00 UTC        
 READ IN fields at DATE: 2005-04-07 12:00:00 UTC        
 READ IN fields at DATE: 2005-04-07 18:00:00 UTC        
 READ IN fields at DATE: 2005-04-08 00:00:00 UTC        
 READ IN fields at DATE: 2005-04-08 06:00:00 UTC        
 READ IN fields at DATE: 2005-04-08 12:00:00 UTC        
 READ IN fields at DATE: 2005-04-08 18:00:00 UTC        
 READ IN fields at DATE: 2005-04-09 00:00:00 UTC        
 READ IN fields at DATE: 2005-04-09 06:00:00 UTC        
 READ IN fields at DATE: 2005-04-09 12:00:00 UTC        
 READ IN fields at DATE: 2005-04-09 18:00:00 UTC        
 READ IN fields at DATE: 2005-04-10 00:00:00 UTC        
 READ IN fields at DATE: 2005-04-10 06:00:00 UTC        
 READ IN fields at DATE: 2005-04-10 12:00:00 UTC        
 READ IN fields at DATE: 2005-04-10 18:00:00 UTC        
 READ IN fields at DATE: 2005-04-11 00:00:00 UTC        
 READ IN fields at DATE: 2005-04-11 06:00:00 UTC        
 READ IN fields at DATE: 2005-04-11 12:00:00 UTC        
 READ IN fields at DATE: 2005-04-11 18:00:00 UTC        
 READ IN fields at DATE: 2005-04-12 00:00:00 UTC        
 READ IN fields at DATE: 2005-04-12 06:00:00 UTC        
 READ IN fields at DATE: 2005-04-12 12:00:00 UTC        
 READ IN fields at DATE: 2005-04-12 18:00:00 UTC        
 READ IN fields at DATE: 2005-04-13 00:00:00 UTC        
 READ IN fields at DATE: 2005-04-13 06:00:00 UTC        
 READ IN fields at DATE: 2005-04-13 12:00:00 UTC        
 READ IN fields at DATE: 2005-04-13 18:00:00 UTC        
 READ IN fields at DATE: 2005-04-14 00:00:00 UTC        
 READ IN fields at DATE: 2005-04-14 06:00:00 UTC        
 READ IN fields at DATE: 2005-04-14 12:00:00 UTC        
 READ IN fields at DATE: 2005-04-14 18:00:00 UTC        
 READ IN fields at DATE: 2005-04-15 00:00:00 UTC        
 READ IN fields at DATE: 2005-04-15 06:00:00 UTC        
 READ IN fields at DATE: 2005-04-15 12:00:00 UTC        
 READ IN fields at DATE: 2005-04-15 18:00:00 UTC        
 READ IN fields at DATE: 2005-04-16 00:00:00 UTC        
 READ IN fields at DATE: 2005-04-16 06:00:00 UTC        
 READ IN fields at DATE: 2005-04-16 12:00:00 UTC        
 READ IN fields at DATE: 2005-04-16 18:00:00 UTC        
 READ IN fields at DATE: 2005-04-17 00:00:00 UTC        
 READ IN fields at DATE: 2005-04-17 06:00:00 UTC        
 READ IN fields at DATE: 2005-04-17 12:00:00 UTC        
 READ IN fields at DATE: 2005-04-17 18:00:00 UTC        
 READ IN fields at DATE: 2005-04-18 00:00:00 UTC        
 READ IN fields at DATE: 2005-04-18 06:00:00 UTC        
 READ IN fields at DATE: 2005-04-18 12:00:00 UTC        
 READ IN fields at DATE: 2005-04-18 18:00:00 UTC        
 READ IN fields at DATE: 2005-04-19 00:00:00 UTC        
 READ IN fields at DATE: 2005-04-19 06:00:00 UTC        
 READ IN fields at DATE: 2005-04-19 12:00:00 UTC        
 READ IN fields at DATE: 2005-04-19 18:00:00 UTC        
 READ IN fields at DATE: 2005-04-20 00:00:00 UTC        
 READ IN fields at DATE: 2005-04-20 06:00:00 UTC        
 READ IN fields at DATE: 2005-04-20 12:00:00 UTC        
 READ IN fields at DATE: 2005-04-20 18:00:00 UTC        
 READ IN fields at DATE: 2005-04-21 00:00:00 UTC        
 READ IN fields at DATE: 2005-04-21 06:00:00 UTC        
 READ IN fields at DATE: 2005-04-21 12:00:00 UTC        
 READ IN fields at DATE: 2005-04-21 18:00:00 UTC        
 READ IN fields at DATE: 2005-04-22 00:00:00 UTC        
 READ IN fields at DATE: 2005-04-22 06:00:00 UTC        
 READ IN fields at DATE: 2005-04-22 12:00:00 UTC        
 READ IN fields at DATE: 2005-04-22 18:00:00 UTC        
 READ IN fields at DATE: 2005-04-23 00:00:00 UTC        
 READ IN fields at DATE: 2005-04-23 06:00:00 UTC        
 READ IN fields at DATE: 2005-04-23 12:00:00 UTC        
 READ IN fields at DATE: 2005-04-23 18:00:00 UTC        
 READ IN fields at DATE: 2005-04-24 00:00:00 UTC        
 READ IN fields at DATE: 2005-04-24 06:00:00 UTC        
 READ IN fields at DATE: 2005-04-24 12:00:00 UTC        
 READ IN fields at DATE: 2005-04-24 18:00:00 UTC        
 READ IN fields at DATE: 2005-04-25 00:00:00 UTC        
 READ IN fields at DATE: 2005-04-25 06:00:00 UTC        
 READ IN fields at DATE: 2005-04-25 12:00:00 UTC        
 READ IN fields at DATE: 2005-04-25 18:00:00 UTC        
 READ IN fields at DATE: 2005-04-26 00:00:00 UTC        
 READ IN fields at DATE: 2005-04-26 06:00:00 UTC        
 READ IN fields at DATE: 2005-04-26 12:00:00 UTC        
 READ IN fields at DATE: 2005-04-26 18:00:00 UTC        
 READ IN fields at DATE: 2005-04-27 00:00:00 UTC        
 READ IN fields at DATE: 2005-04-27 06:00:00 UTC        
 READ IN fields at DATE: 2005-04-27 12:00:00 UTC        
 READ IN fields at DATE: 2005-04-27 18:00:00 UTC        
 READ IN fields at DATE: 2005-04-28 00:00:00 UTC        
 READ IN fields at DATE: 2005-04-28 06:00:00 UTC        
 READ IN fields at DATE: 2005-04-28 12:00:00 UTC        
 READ IN fields at DATE: 2005-04-28 18:00:00 UTC        
 READ IN fields at DATE: 2005-04-29 00:00:00 UTC        
 READ IN fields at DATE: 2005-04-29 06:00:00 UTC        
 READ IN fields at DATE: 2005-04-29 12:00:00 UTC        
 READ IN fields at DATE: 2005-04-29 18:00:00 UTC        
 READ IN fields at DATE: 2005-04-30 00:00:00 UTC        
 READ IN fields at DATE: 2005-04-30 06:00:00 UTC        
 READ IN fields at DATE: 2005-04-30 12:00:00 UTC        
 READ IN fields at DATE: 2005-04-30 18:00:00 UTC        
      131072 /leonardo_work/ICT24_ESP/RCMDATA//ERA5/2005/tatm_2005_05.nc
  2.102418186197698E-003   250.011949279188     
      196608 /leonardo_work/ICT24_ESP/RCMDATA//ERA5/2005/geop_2005_05.nc
   7.52991855010071        240046.283868850     
      262144 /leonardo_work/ICT24_ESP/RCMDATA//ERA5/2005/qhum_2005_05.nc
  4.017665770637752E-007  1.312765416513542E-002
      327680 /leonardo_work/ICT24_ESP/RCMDATA//ERA5/2005/uwnd_2005_05.nc
  3.276567719743178E-003   38.8188039158472     
      393216 /leonardo_work/ICT24_ESP/RCMDATA//ERA5/2005/vwnd_2005_05.nc
  2.704541602757628E-003   1.34018520478456     
 READ IN fields at DATE: 2005-05-01 00:00:00 UTC        
 READ IN fields at DATE: 2005-05-01 06:00:00 UTC        
 READ IN fields at DATE: 2005-05-01 12:00:00 UTC        
 READ IN fields at DATE: 2005-05-01 18:00:00 UTC        
 READ IN fields at DATE: 2005-05-02 00:00:00 UTC        
 READ IN fields at DATE: 2005-05-02 06:00:00 UTC        
 READ IN fields at DATE: 2005-05-02 12:00:00 UTC        
 READ IN fields at DATE: 2005-05-02 18:00:00 UTC        
 READ IN fields at DATE: 2005-05-03 00:00:00 UTC        
 READ IN fields at DATE: 2005-05-03 06:00:00 UTC        
 READ IN fields at DATE: 2005-05-03 12:00:00 UTC        
 READ IN fields at DATE: 2005-05-03 18:00:00 UTC        
 READ IN fields at DATE: 2005-05-04 00:00:00 UTC        
 READ IN fields at DATE: 2005-05-04 06:00:00 UTC        
 READ IN fields at DATE: 2005-05-04 12:00:00 UTC        
 READ IN fields at DATE: 2005-05-04 18:00:00 UTC        
 READ IN fields at DATE: 2005-05-05 00:00:00 UTC        
 READ IN fields at DATE: 2005-05-05 06:00:00 UTC        
 READ IN fields at DATE: 2005-05-05 12:00:00 UTC        
 READ IN fields at DATE: 2005-05-05 18:00:00 UTC        
 READ IN fields at DATE: 2005-05-06 00:00:00 UTC        
 READ IN fields at DATE: 2005-05-06 06:00:00 UTC        
 READ IN fields at DATE: 2005-05-06 12:00:00 UTC        
 READ IN fields at DATE: 2005-05-06 18:00:00 UTC        
 READ IN fields at DATE: 2005-05-07 00:00:00 UTC        
 READ IN fields at DATE: 2005-05-07 06:00:00 UTC        
 READ IN fields at DATE: 2005-05-07 12:00:00 UTC        
 READ IN fields at DATE: 2005-05-07 18:00:00 UTC        
 READ IN fields at DATE: 2005-05-08 00:00:00 UTC        
 READ IN fields at DATE: 2005-05-08 06:00:00 UTC        
 READ IN fields at DATE: 2005-05-08 12:00:00 UTC        
 READ IN fields at DATE: 2005-05-08 18:00:00 UTC        
 READ IN fields at DATE: 2005-05-09 00:00:00 UTC        
 READ IN fields at DATE: 2005-05-09 06:00:00 UTC        
 READ IN fields at DATE: 2005-05-09 12:00:00 UTC        
 READ IN fields at DATE: 2005-05-09 18:00:00 UTC        
 READ IN fields at DATE: 2005-05-10 00:00:00 UTC        
 READ IN fields at DATE: 2005-05-10 06:00:00 UTC        
 READ IN fields at DATE: 2005-05-10 12:00:00 UTC        
 READ IN fields at DATE: 2005-05-10 18:00:00 UTC        
 READ IN fields at DATE: 2005-05-11 00:00:00 UTC        
 READ IN fields at DATE: 2005-05-11 06:00:00 UTC        
 READ IN fields at DATE: 2005-05-11 12:00:00 UTC        
 READ IN fields at DATE: 2005-05-11 18:00:00 UTC        
 READ IN fields at DATE: 2005-05-12 00:00:00 UTC        
 READ IN fields at DATE: 2005-05-12 06:00:00 UTC        
 READ IN fields at DATE: 2005-05-12 12:00:00 UTC        
 READ IN fields at DATE: 2005-05-12 18:00:00 UTC        
 READ IN fields at DATE: 2005-05-13 00:00:00 UTC        
 READ IN fields at DATE: 2005-05-13 06:00:00 UTC        
 READ IN fields at DATE: 2005-05-13 12:00:00 UTC        
 READ IN fields at DATE: 2005-05-13 18:00:00 UTC        
 READ IN fields at DATE: 2005-05-14 00:00:00 UTC        
 READ IN fields at DATE: 2005-05-14 06:00:00 UTC        
 READ IN fields at DATE: 2005-05-14 12:00:00 UTC        
 READ IN fields at DATE: 2005-05-14 18:00:00 UTC        
 READ IN fields at DATE: 2005-05-15 00:00:00 UTC        
 READ IN fields at DATE: 2005-05-15 06:00:00 UTC        
 READ IN fields at DATE: 2005-05-15 12:00:00 UTC        
 READ IN fields at DATE: 2005-05-15 18:00:00 UTC        
 READ IN fields at DATE: 2005-05-16 00:00:00 UTC        
 READ IN fields at DATE: 2005-05-16 06:00:00 UTC        
 READ IN fields at DATE: 2005-05-16 12:00:00 UTC        
 READ IN fields at DATE: 2005-05-16 18:00:00 UTC        
 READ IN fields at DATE: 2005-05-17 00:00:00 UTC        
 READ IN fields at DATE: 2005-05-17 06:00:00 UTC        
 READ IN fields at DATE: 2005-05-17 12:00:00 UTC        
 READ IN fields at DATE: 2005-05-17 18:00:00 UTC        
 READ IN fields at DATE: 2005-05-18 00:00:00 UTC        
 READ IN fields at DATE: 2005-05-18 06:00:00 UTC        
 READ IN fields at DATE: 2005-05-18 12:00:00 UTC        
 READ IN fields at DATE: 2005-05-18 18:00:00 UTC        
 READ IN fields at DATE: 2005-05-19 00:00:00 UTC        
 READ IN fields at DATE: 2005-05-19 06:00:00 UTC        
 READ IN fields at DATE: 2005-05-19 12:00:00 UTC        
 READ IN fields at DATE: 2005-05-19 18:00:00 UTC        
 READ IN fields at DATE: 2005-05-20 00:00:00 UTC        
 READ IN fields at DATE: 2005-05-20 06:00:00 UTC        
 READ IN fields at DATE: 2005-05-20 12:00:00 UTC        
 READ IN fields at DATE: 2005-05-20 18:00:00 UTC        
 READ IN fields at DATE: 2005-05-21 00:00:00 UTC        
 READ IN fields at DATE: 2005-05-21 06:00:00 UTC        
 READ IN fields at DATE: 2005-05-21 12:00:00 UTC        
 READ IN fields at DATE: 2005-05-21 18:00:00 UTC        
 READ IN fields at DATE: 2005-05-22 00:00:00 UTC        
 READ IN fields at DATE: 2005-05-22 06:00:00 UTC        
 READ IN fields at DATE: 2005-05-22 12:00:00 UTC        
 READ IN fields at DATE: 2005-05-22 18:00:00 UTC        
 READ IN fields at DATE: 2005-05-23 00:00:00 UTC        
 READ IN fields at DATE: 2005-05-23 06:00:00 UTC        
 READ IN fields at DATE: 2005-05-23 12:00:00 UTC        
 READ IN fields at DATE: 2005-05-23 18:00:00 UTC        
 READ IN fields at DATE: 2005-05-24 00:00:00 UTC        
 READ IN fields at DATE: 2005-05-24 06:00:00 UTC        
 READ IN fields at DATE: 2005-05-24 12:00:00 UTC        
 READ IN fields at DATE: 2005-05-24 18:00:00 UTC        
 READ IN fields at DATE: 2005-05-25 00:00:00 UTC        
 READ IN fields at DATE: 2005-05-25 06:00:00 UTC        
 READ IN fields at DATE: 2005-05-25 12:00:00 UTC        
 READ IN fields at DATE: 2005-05-25 18:00:00 UTC        
 READ IN fields at DATE: 2005-05-26 00:00:00 UTC        
 READ IN fields at DATE: 2005-05-26 06:00:00 UTC        
 READ IN fields at DATE: 2005-05-26 12:00:00 UTC        
 READ IN fields at DATE: 2005-05-26 18:00:00 UTC        
 READ IN fields at DATE: 2005-05-27 00:00:00 UTC        
 READ IN fields at DATE: 2005-05-27 06:00:00 UTC        
 READ IN fields at DATE: 2005-05-27 12:00:00 UTC        
 READ IN fields at DATE: 2005-05-27 18:00:00 UTC        
 READ IN fields at DATE: 2005-05-28 00:00:00 UTC        
 READ IN fields at DATE: 2005-05-28 06:00:00 UTC        
 READ IN fields at DATE: 2005-05-28 12:00:00 UTC        
 READ IN fields at DATE: 2005-05-28 18:00:00 UTC        
 READ IN fields at DATE: 2005-05-29 00:00:00 UTC        
 READ IN fields at DATE: 2005-05-29 06:00:00 UTC        
 READ IN fields at DATE: 2005-05-29 12:00:00 UTC        
 READ IN fields at DATE: 2005-05-29 18:00:00 UTC        
 READ IN fields at DATE: 2005-05-30 00:00:00 UTC        
 READ IN fields at DATE: 2005-05-30 06:00:00 UTC        
 READ IN fields at DATE: 2005-05-30 12:00:00 UTC        
 READ IN fields at DATE: 2005-05-30 18:00:00 UTC        
 READ IN fields at DATE: 2005-05-31 00:00:00 UTC        
 READ IN fields at DATE: 2005-05-31 06:00:00 UTC        
 READ IN fields at DATE: 2005-05-31 12:00:00 UTC        
 READ IN fields at DATE: 2005-05-31 18:00:00 UTC        
      131072 /leonardo_work/ICT24_ESP/RCMDATA//ERA5/2005/tatm_2005_06.nc
  2.305608778523917E-003   249.803603360162     
      196608 /leonardo_work/ICT24_ESP/RCMDATA//ERA5/2005/geop_2005_06.nc
   7.60971529849465        243336.583814226     
      262144 /leonardo_work/ICT24_ESP/RCMDATA//ERA5/2005/qhum_2005_06.nc
  4.394971472403322E-007  1.432078496499172E-002
      327680 /leonardo_work/ICT24_ESP/RCMDATA//ERA5/2005/uwnd_2005_06.nc
  4.046652141070028E-003   59.1125472916052     
      393216 /leonardo_work/ICT24_ESP/RCMDATA//ERA5/2005/vwnd_2005_06.nc
  3.082628145197958E-003 -0.931190667099943     
 READ IN fields at DATE: 2005-06-01 00:00:00 UTC        
 READ IN fields at DATE: 2005-06-01 06:00:00 UTC        
 READ IN fields at DATE: 2005-06-01 12:00:00 UTC        
 READ IN fields at DATE: 2005-06-01 18:00:00 UTC        
 READ IN fields at DATE: 2005-06-02 00:00:00 UTC        
 READ IN fields at DATE: 2005-06-02 06:00:00 UTC        
 READ IN fields at DATE: 2005-06-02 12:00:00 UTC        
 READ IN fields at DATE: 2005-06-02 18:00:00 UTC        
 READ IN fields at DATE: 2005-06-03 00:00:00 UTC        
 READ IN fields at DATE: 2005-06-03 06:00:00 UTC        
 READ IN fields at DATE: 2005-06-03 12:00:00 UTC        
 READ IN fields at DATE: 2005-06-03 18:00:00 UTC        
 READ IN fields at DATE: 2005-06-04 00:00:00 UTC        
 READ IN fields at DATE: 2005-06-04 06:00:00 UTC        
 READ IN fields at DATE: 2005-06-04 12:00:00 UTC        
 READ IN fields at DATE: 2005-06-04 18:00:00 UTC        
 READ IN fields at DATE: 2005-06-05 00:00:00 UTC        
 READ IN fields at DATE: 2005-06-05 06:00:00 UTC        
 READ IN fields at DATE: 2005-06-05 12:00:00 UTC        
 READ IN fields at DATE: 2005-06-05 18:00:00 UTC        
 READ IN fields at DATE: 2005-06-06 00:00:00 UTC        
 READ IN fields at DATE: 2005-06-06 06:00:00 UTC        
 READ IN fields at DATE: 2005-06-06 12:00:00 UTC        
 READ IN fields at DATE: 2005-06-06 18:00:00 UTC        
 READ IN fields at DATE: 2005-06-07 00:00:00 UTC        
 READ IN fields at DATE: 2005-06-07 06:00:00 UTC        
 READ IN fields at DATE: 2005-06-07 12:00:00 UTC        
 READ IN fields at DATE: 2005-06-07 18:00:00 UTC        
 READ IN fields at DATE: 2005-06-08 00:00:00 UTC        
 READ IN fields at DATE: 2005-06-08 06:00:00 UTC        
 READ IN fields at DATE: 2005-06-08 12:00:00 UTC        
 READ IN fields at DATE: 2005-06-08 18:00:00 UTC        
 READ IN fields at DATE: 2005-06-09 00:00:00 UTC        
 READ IN fields at DATE: 2005-06-09 06:00:00 UTC        
 READ IN fields at DATE: 2005-06-09 12:00:00 UTC        
 READ IN fields at DATE: 2005-06-09 18:00:00 UTC        
 READ IN fields at DATE: 2005-06-10 00:00:00 UTC        
 READ IN fields at DATE: 2005-06-10 06:00:00 UTC        
 READ IN fields at DATE: 2005-06-10 12:00:00 UTC        
 READ IN fields at DATE: 2005-06-10 18:00:00 UTC        
 READ IN fields at DATE: 2005-06-11 00:00:00 UTC        
 READ IN fields at DATE: 2005-06-11 06:00:00 UTC        
 READ IN fields at DATE: 2005-06-11 12:00:00 UTC        
 READ IN fields at DATE: 2005-06-11 18:00:00 UTC        
 READ IN fields at DATE: 2005-06-12 00:00:00 UTC        
 READ IN fields at DATE: 2005-06-12 06:00:00 UTC        
 READ IN fields at DATE: 2005-06-12 12:00:00 UTC        
 READ IN fields at DATE: 2005-06-12 18:00:00 UTC        
 READ IN fields at DATE: 2005-06-13 00:00:00 UTC        
 READ IN fields at DATE: 2005-06-13 06:00:00 UTC        
 READ IN fields at DATE: 2005-06-13 12:00:00 UTC        
 READ IN fields at DATE: 2005-06-13 18:00:00 UTC        
 READ IN fields at DATE: 2005-06-14 00:00:00 UTC        
 READ IN fields at DATE: 2005-06-14 06:00:00 UTC        
 READ IN fields at DATE: 2005-06-14 12:00:00 UTC        
 READ IN fields at DATE: 2005-06-14 18:00:00 UTC        
 READ IN fields at DATE: 2005-06-15 00:00:00 UTC        
 READ IN fields at DATE: 2005-06-15 06:00:00 UTC        
 READ IN fields at DATE: 2005-06-15 12:00:00 UTC        
 READ IN fields at DATE: 2005-06-15 18:00:00 UTC        
 READ IN fields at DATE: 2005-06-16 00:00:00 UTC        
 READ IN fields at DATE: 2005-06-16 06:00:00 UTC        
 READ IN fields at DATE: 2005-06-16 12:00:00 UTC        
 READ IN fields at DATE: 2005-06-16 18:00:00 UTC        
 READ IN fields at DATE: 2005-06-17 00:00:00 UTC        
 READ IN fields at DATE: 2005-06-17 06:00:00 UTC        
 READ IN fields at DATE: 2005-06-17 12:00:00 UTC        
 READ IN fields at DATE: 2005-06-17 18:00:00 UTC        
 READ IN fields at DATE: 2005-06-18 00:00:00 UTC        
 READ IN fields at DATE: 2005-06-18 06:00:00 UTC        
 READ IN fields at DATE: 2005-06-18 12:00:00 UTC        
 READ IN fields at DATE: 2005-06-18 18:00:00 UTC        
 READ IN fields at DATE: 2005-06-19 00:00:00 UTC        
 READ IN fields at DATE: 2005-06-19 06:00:00 UTC        
 READ IN fields at DATE: 2005-06-19 12:00:00 UTC        
 READ IN fields at DATE: 2005-06-19 18:00:00 UTC        
 READ IN fields at DATE: 2005-06-20 00:00:00 UTC        
 READ IN fields at DATE: 2005-06-20 06:00:00 UTC        
 READ IN fields at DATE: 2005-06-20 12:00:00 UTC        
 READ IN fields at DATE: 2005-06-20 18:00:00 UTC        
 READ IN fields at DATE: 2005-06-21 00:00:00 UTC        
 READ IN fields at DATE: 2005-06-21 06:00:00 UTC        
 READ IN fields at DATE: 2005-06-21 12:00:00 UTC        
 READ IN fields at DATE: 2005-06-21 18:00:00 UTC        
 READ IN fields at DATE: 2005-06-22 00:00:00 UTC        
 READ IN fields at DATE: 2005-06-22 06:00:00 UTC        
 READ IN fields at DATE: 2005-06-22 12:00:00 UTC        
 READ IN fields at DATE: 2005-06-22 18:00:00 UTC        
 READ IN fields at DATE: 2005-06-23 00:00:00 UTC        
 READ IN fields at DATE: 2005-06-23 06:00:00 UTC        
 READ IN fields at DATE: 2005-06-23 12:00:00 UTC        
 READ IN fields at DATE: 2005-06-23 18:00:00 UTC        
 READ IN fields at DATE: 2005-06-24 00:00:00 UTC        
 READ IN fields at DATE: 2005-06-24 06:00:00 UTC        
 READ IN fields at DATE: 2005-06-24 12:00:00 UTC        
 READ IN fields at DATE: 2005-06-24 18:00:00 UTC        
 READ IN fields at DATE: 2005-06-25 00:00:00 UTC        
 READ IN fields at DATE: 2005-06-25 06:00:00 UTC        
 READ IN fields at DATE: 2005-06-25 12:00:00 UTC        
 READ IN fields at DATE: 2005-06-25 18:00:00 UTC        
 READ IN fields at DATE: 2005-06-26 00:00:00 UTC        
 READ IN fields at DATE: 2005-06-26 06:00:00 UTC        
 READ IN fields at DATE: 2005-06-26 12:00:00 UTC        
 READ IN fields at DATE: 2005-06-26 18:00:00 UTC        
 READ IN fields at DATE: 2005-06-27 00:00:00 UTC        
 READ IN fields at DATE: 2005-06-27 06:00:00 UTC        
 READ IN fields at DATE: 2005-06-27 12:00:00 UTC        
 READ IN fields at DATE: 2005-06-27 18:00:00 UTC        
 READ IN fields at DATE: 2005-06-28 00:00:00 UTC        
 READ IN fields at DATE: 2005-06-28 06:00:00 UTC        
 READ IN fields at DATE: 2005-06-28 12:00:00 UTC        
 READ IN fields at DATE: 2005-06-28 18:00:00 UTC        
 READ IN fields at DATE: 2005-06-29 00:00:00 UTC        
 READ IN fields at DATE: 2005-06-29 06:00:00 UTC        
 READ IN fields at DATE: 2005-06-29 12:00:00 UTC        
 READ IN fields at DATE: 2005-06-29 18:00:00 UTC        
 READ IN fields at DATE: 2005-06-30 00:00:00 UTC        
 READ IN fields at DATE: 2005-06-30 06:00:00 UTC        
 READ IN fields at DATE: 2005-06-30 12:00:00 UTC        
 READ IN fields at DATE: 2005-06-30 18:00:00 UTC        
      131072 /leonardo_work/ICT24_ESP/RCMDATA//ERA5/2005/tatm_2005_07.nc
  2.347057557267188E-003   247.389070001495     
      196608 /leonardo_work/ICT24_ESP/RCMDATA//ERA5/2005/geop_2005_07.nc
   7.61656293394168        243376.894843533     
      262144 /leonardo_work/ICT24_ESP/RCMDATA//ERA5/2005/qhum_2005_07.nc
  4.581943870314432E-007  1.495798979292143E-002
      327680 /leonardo_work/ICT24_ESP/RCMDATA//ERA5/2005/uwnd_2005_07.nc
  4.669251156070105E-003   63.4299392391681     
      393216 /leonardo_work/ICT24_ESP/RCMDATA//ERA5/2005/vwnd_2005_07.nc
  4.102298651061298E-003   14.0494320049713     
 READ IN fields at DATE: 2005-07-01 00:00:00 UTC        
 READ IN fields at DATE: 2005-07-01 06:00:00 UTC        
 READ IN fields at DATE: 2005-07-01 12:00:00 UTC        
 READ IN fields at DATE: 2005-07-01 18:00:00 UTC        
 READ IN fields at DATE: 2005-07-02 00:00:00 UTC        
 READ IN fields at DATE: 2005-07-02 06:00:00 UTC        
 READ IN fields at DATE: 2005-07-02 12:00:00 UTC        
 READ IN fields at DATE: 2005-07-02 18:00:00 UTC        
 READ IN fields at DATE: 2005-07-03 00:00:00 UTC        
 READ IN fields at DATE: 2005-07-03 06:00:00 UTC        
 READ IN fields at DATE: 2005-07-03 12:00:00 UTC        
 READ IN fields at DATE: 2005-07-03 18:00:00 UTC        
 READ IN fields at DATE: 2005-07-04 00:00:00 UTC        
 READ IN fields at DATE: 2005-07-04 06:00:00 UTC        
 READ IN fields at DATE: 2005-07-04 12:00:00 UTC        
 READ IN fields at DATE: 2005-07-04 18:00:00 UTC        
 READ IN fields at DATE: 2005-07-05 00:00:00 UTC        
 READ IN fields at DATE: 2005-07-05 06:00:00 UTC        
 READ IN fields at DATE: 2005-07-05 12:00:00 UTC        
 READ IN fields at DATE: 2005-07-05 18:00:00 UTC        
 READ IN fields at DATE: 2005-07-06 00:00:00 UTC        
 READ IN fields at DATE: 2005-07-06 06:00:00 UTC        
 READ IN fields at DATE: 2005-07-06 12:00:00 UTC        
 READ IN fields at DATE: 2005-07-06 18:00:00 UTC        
 READ IN fields at DATE: 2005-07-07 00:00:00 UTC        
 READ IN fields at DATE: 2005-07-07 06:00:00 UTC        
 READ IN fields at DATE: 2005-07-07 12:00:00 UTC        
 READ IN fields at DATE: 2005-07-07 18:00:00 UTC        
 READ IN fields at DATE: 2005-07-08 00:00:00 UTC        
 READ IN fields at DATE: 2005-07-08 06:00:00 UTC        
 READ IN fields at DATE: 2005-07-08 12:00:00 UTC        
 READ IN fields at DATE: 2005-07-08 18:00:00 UTC        
 READ IN fields at DATE: 2005-07-09 00:00:00 UTC        
 READ IN fields at DATE: 2005-07-09 06:00:00 UTC        
 READ IN fields at DATE: 2005-07-09 12:00:00 UTC        
 READ IN fields at DATE: 2005-07-09 18:00:00 UTC        
 READ IN fields at DATE: 2005-07-10 00:00:00 UTC        
 READ IN fields at DATE: 2005-07-10 06:00:00 UTC        
 READ IN fields at DATE: 2005-07-10 12:00:00 UTC        
 READ IN fields at DATE: 2005-07-10 18:00:00 UTC        
 READ IN fields at DATE: 2005-07-11 00:00:00 UTC        
 READ IN fields at DATE: 2005-07-11 06:00:00 UTC        
 READ IN fields at DATE: 2005-07-11 12:00:00 UTC        
 READ IN fields at DATE: 2005-07-11 18:00:00 UTC        
 READ IN fields at DATE: 2005-07-12 00:00:00 UTC        
 READ IN fields at DATE: 2005-07-12 06:00:00 UTC        
 READ IN fields at DATE: 2005-07-12 12:00:00 UTC        
 READ IN fields at DATE: 2005-07-12 18:00:00 UTC        
 READ IN fields at DATE: 2005-07-13 00:00:00 UTC        
 READ IN fields at DATE: 2005-07-13 06:00:00 UTC        
 READ IN fields at DATE: 2005-07-13 12:00:00 UTC        
 READ IN fields at DATE: 2005-07-13 18:00:00 UTC        
 READ IN fields at DATE: 2005-07-14 00:00:00 UTC        
 READ IN fields at DATE: 2005-07-14 06:00:00 UTC        
 READ IN fields at DATE: 2005-07-14 12:00:00 UTC        
 READ IN fields at DATE: 2005-07-14 18:00:00 UTC        
 READ IN fields at DATE: 2005-07-15 00:00:00 UTC        
 READ IN fields at DATE: 2005-07-15 06:00:00 UTC        
 READ IN fields at DATE: 2005-07-15 12:00:00 UTC        
 READ IN fields at DATE: 2005-07-15 18:00:00 UTC        
 READ IN fields at DATE: 2005-07-16 00:00:00 UTC        
 READ IN fields at DATE: 2005-07-16 06:00:00 UTC        
 READ IN fields at DATE: 2005-07-16 12:00:00 UTC        
 READ IN fields at DATE: 2005-07-16 18:00:00 UTC        
 READ IN fields at DATE: 2005-07-17 00:00:00 UTC        
 READ IN fields at DATE: 2005-07-17 06:00:00 UTC        
 READ IN fields at DATE: 2005-07-17 12:00:00 UTC        
 READ IN fields at DATE: 2005-07-17 18:00:00 UTC        
 READ IN fields at DATE: 2005-07-18 00:00:00 UTC        
 READ IN fields at DATE: 2005-07-18 06:00:00 UTC        
 READ IN fields at DATE: 2005-07-18 12:00:00 UTC        
 READ IN fields at DATE: 2005-07-18 18:00:00 UTC        
 READ IN fields at DATE: 2005-07-19 00:00:00 UTC        
 READ IN fields at DATE: 2005-07-19 06:00:00 UTC        
 READ IN fields at DATE: 2005-07-19 12:00:00 UTC        
 READ IN fields at DATE: 2005-07-19 18:00:00 UTC        
 READ IN fields at DATE: 2005-07-20 00:00:00 UTC        
 READ IN fields at DATE: 2005-07-20 06:00:00 UTC        
 READ IN fields at DATE: 2005-07-20 12:00:00 UTC        
 READ IN fields at DATE: 2005-07-20 18:00:00 UTC        
 READ IN fields at DATE: 2005-07-21 00:00:00 UTC        
 READ IN fields at DATE: 2005-07-21 06:00:00 UTC        
 READ IN fields at DATE: 2005-07-21 12:00:00 UTC        
 READ IN fields at DATE: 2005-07-21 18:00:00 UTC        
 READ IN fields at DATE: 2005-07-22 00:00:00 UTC        
 READ IN fields at DATE: 2005-07-22 06:00:00 UTC        
 READ IN fields at DATE: 2005-07-22 12:00:00 UTC        
 READ IN fields at DATE: 2005-07-22 18:00:00 UTC        
 READ IN fields at DATE: 2005-07-23 00:00:00 UTC        
 READ IN fields at DATE: 2005-07-23 06:00:00 UTC        
 READ IN fields at DATE: 2005-07-23 12:00:00 UTC        
 READ IN fields at DATE: 2005-07-23 18:00:00 UTC        
 READ IN fields at DATE: 2005-07-24 00:00:00 UTC        
 READ IN fields at DATE: 2005-07-24 06:00:00 UTC        
 READ IN fields at DATE: 2005-07-24 12:00:00 UTC        
 READ IN fields at DATE: 2005-07-24 18:00:00 UTC        
 READ IN fields at DATE: 2005-07-25 00:00:00 UTC        
 READ IN fields at DATE: 2005-07-25 06:00:00 UTC        
 READ IN fields at DATE: 2005-07-25 12:00:00 UTC        
 READ IN fields at DATE: 2005-07-25 18:00:00 UTC        
 READ IN fields at DATE: 2005-07-26 00:00:00 UTC        
 READ IN fields at DATE: 2005-07-26 06:00:00 UTC        
 READ IN fields at DATE: 2005-07-26 12:00:00 UTC        
 READ IN fields at DATE: 2005-07-26 18:00:00 UTC        
 READ IN fields at DATE: 2005-07-27 00:00:00 UTC        
 READ IN fields at DATE: 2005-07-27 06:00:00 UTC        
 READ IN fields at DATE: 2005-07-27 12:00:00 UTC        
 READ IN fields at DATE: 2005-07-27 18:00:00 UTC        
 READ IN fields at DATE: 2005-07-28 00:00:00 UTC        
 READ IN fields at DATE: 2005-07-28 06:00:00 UTC        
 READ IN fields at DATE: 2005-07-28 12:00:00 UTC        
 READ IN fields at DATE: 2005-07-28 18:00:00 UTC        
 READ IN fields at DATE: 2005-07-29 00:00:00 UTC        
 READ IN fields at DATE: 2005-07-29 06:00:00 UTC        
 READ IN fields at DATE: 2005-07-29 12:00:00 UTC        
 READ IN fields at DATE: 2005-07-29 18:00:00 UTC        
 READ IN fields at DATE: 2005-07-30 00:00:00 UTC        
 READ IN fields at DATE: 2005-07-30 06:00:00 UTC        
 READ IN fields at DATE: 2005-07-30 12:00:00 UTC        
 READ IN fields at DATE: 2005-07-30 18:00:00 UTC        
 READ IN fields at DATE: 2005-07-31 00:00:00 UTC        
 READ IN fields at DATE: 2005-07-31 06:00:00 UTC        
 READ IN fields at DATE: 2005-07-31 12:00:00 UTC        
 READ IN fields at DATE: 2005-07-31 18:00:00 UTC        
      131072 /leonardo_work/ICT24_ESP/RCMDATA//ERA5/2005/tatm_2005_08.nc
  2.298247267910943E-003   247.282656723534     
      196608 /leonardo_work/ICT24_ESP/RCMDATA//ERA5/2005/geop_2005_08.nc
   7.54351272688951        241250.593478012     
      262144 /leonardo_work/ICT24_ESP/RCMDATA//ERA5/2005/qhum_2005_08.nc
  4.529470776051229E-007  1.479760798084563E-002
      327680 /leonardo_work/ICT24_ESP/RCMDATA//ERA5/2005/uwnd_2005_08.nc
  4.274240543573347E-003   62.8572302503337     
      393216 /leonardo_work/ICT24_ESP/RCMDATA//ERA5/2005/vwnd_2005_08.nc
  3.642193759891844E-003   2.49055713798334     
 READ IN fields at DATE: 2005-08-01 00:00:00 UTC        
 READ IN fields at DATE: 2005-08-01 06:00:00 UTC        
 READ IN fields at DATE: 2005-08-01 12:00:00 UTC        
 READ IN fields at DATE: 2005-08-01 18:00:00 UTC        
 READ IN fields at DATE: 2005-08-02 00:00:00 UTC        
 READ IN fields at DATE: 2005-08-02 06:00:00 UTC        
 READ IN fields at DATE: 2005-08-02 12:00:00 UTC        
 READ IN fields at DATE: 2005-08-02 18:00:00 UTC        
 READ IN fields at DATE: 2005-08-03 00:00:00 UTC        
 READ IN fields at DATE: 2005-08-03 06:00:00 UTC        
 READ IN fields at DATE: 2005-08-03 12:00:00 UTC        
 READ IN fields at DATE: 2005-08-03 18:00:00 UTC        
 READ IN fields at DATE: 2005-08-04 00:00:00 UTC        
 READ IN fields at DATE: 2005-08-04 06:00:00 UTC        
 READ IN fields at DATE: 2005-08-04 12:00:00 UTC        
 READ IN fields at DATE: 2005-08-04 18:00:00 UTC        
 READ IN fields at DATE: 2005-08-05 00:00:00 UTC        
 READ IN fields at DATE: 2005-08-05 06:00:00 UTC        
 READ IN fields at DATE: 2005-08-05 12:00:00 UTC        
 READ IN fields at DATE: 2005-08-05 18:00:00 UTC        
 READ IN fields at DATE: 2005-08-06 00:00:00 UTC        
 READ IN fields at DATE: 2005-08-06 06:00:00 UTC        
 READ IN fields at DATE: 2005-08-06 12:00:00 UTC        
 READ IN fields at DATE: 2005-08-06 18:00:00 UTC        
 READ IN fields at DATE: 2005-08-07 00:00:00 UTC        
 READ IN fields at DATE: 2005-08-07 06:00:00 UTC        
 READ IN fields at DATE: 2005-08-07 12:00:00 UTC        
 READ IN fields at DATE: 2005-08-07 18:00:00 UTC        
 READ IN fields at DATE: 2005-08-08 00:00:00 UTC        
 READ IN fields at DATE: 2005-08-08 06:00:00 UTC        
 READ IN fields at DATE: 2005-08-08 12:00:00 UTC        
 READ IN fields at DATE: 2005-08-08 18:00:00 UTC        
 READ IN fields at DATE: 2005-08-09 00:00:00 UTC        
 READ IN fields at DATE: 2005-08-09 06:00:00 UTC        
 READ IN fields at DATE: 2005-08-09 12:00:00 UTC        
 READ IN fields at DATE: 2005-08-09 18:00:00 UTC        
 READ IN fields at DATE: 2005-08-10 00:00:00 UTC        
 READ IN fields at DATE: 2005-08-10 06:00:00 UTC        
 READ IN fields at DATE: 2005-08-10 12:00:00 UTC        
 READ IN fields at DATE: 2005-08-10 18:00:00 UTC        
 READ IN fields at DATE: 2005-08-11 00:00:00 UTC        
 READ IN fields at DATE: 2005-08-11 06:00:00 UTC        
 READ IN fields at DATE: 2005-08-11 12:00:00 UTC        
 READ IN fields at DATE: 2005-08-11 18:00:00 UTC        
 READ IN fields at DATE: 2005-08-12 00:00:00 UTC        
 READ IN fields at DATE: 2005-08-12 06:00:00 UTC        
 READ IN fields at DATE: 2005-08-12 12:00:00 UTC        
 READ IN fields at DATE: 2005-08-12 18:00:00 UTC        
 READ IN fields at DATE: 2005-08-13 00:00:00 UTC        
 READ IN fields at DATE: 2005-08-13 06:00:00 UTC        
 READ IN fields at DATE: 2005-08-13 12:00:00 UTC        
 READ IN fields at DATE: 2005-08-13 18:00:00 UTC        
 READ IN fields at DATE: 2005-08-14 00:00:00 UTC        
 READ IN fields at DATE: 2005-08-14 06:00:00 UTC        
 READ IN fields at DATE: 2005-08-14 12:00:00 UTC        
 READ IN fields at DATE: 2005-08-14 18:00:00 UTC        
 READ IN fields at DATE: 2005-08-15 00:00:00 UTC        
 READ IN fields at DATE: 2005-08-15 06:00:00 UTC        
 READ IN fields at DATE: 2005-08-15 12:00:00 UTC        
 READ IN fields at DATE: 2005-08-15 18:00:00 UTC        
 READ IN fields at DATE: 2005-08-16 00:00:00 UTC        
 READ IN fields at DATE: 2005-08-16 06:00:00 UTC        
 READ IN fields at DATE: 2005-08-16 12:00:00 UTC        
 READ IN fields at DATE: 2005-08-16 18:00:00 UTC        
 READ IN fields at DATE: 2005-08-17 00:00:00 UTC        
 READ IN fields at DATE: 2005-08-17 06:00:00 UTC        
 READ IN fields at DATE: 2005-08-17 12:00:00 UTC        
 READ IN fields at DATE: 2005-08-17 18:00:00 UTC        
 READ IN fields at DATE: 2005-08-18 00:00:00 UTC        
 READ IN fields at DATE: 2005-08-18 06:00:00 UTC        
 READ IN fields at DATE: 2005-08-18 12:00:00 UTC        
 READ IN fields at DATE: 2005-08-18 18:00:00 UTC        
 READ IN fields at DATE: 2005-08-19 00:00:00 UTC        
 READ IN fields at DATE: 2005-08-19 06:00:00 UTC        
 READ IN fields at DATE: 2005-08-19 12:00:00 UTC        
 READ IN fields at DATE: 2005-08-19 18:00:00 UTC        
 READ IN fields at DATE: 2005-08-20 00:00:00 UTC        
 READ IN fields at DATE: 2005-08-20 06:00:00 UTC        
 READ IN fields at DATE: 2005-08-20 12:00:00 UTC        
 READ IN fields at DATE: 2005-08-20 18:00:00 UTC        
 READ IN fields at DATE: 2005-08-21 00:00:00 UTC        
 READ IN fields at DATE: 2005-08-21 06:00:00 UTC        
 READ IN fields at DATE: 2005-08-21 12:00:00 UTC        
 READ IN fields at DATE: 2005-08-21 18:00:00 UTC        
 READ IN fields at DATE: 2005-08-22 00:00:00 UTC        
 READ IN fields at DATE: 2005-08-22 06:00:00 UTC        
 READ IN fields at DATE: 2005-08-22 12:00:00 UTC        
 READ IN fields at DATE: 2005-08-22 18:00:00 UTC        
 READ IN fields at DATE: 2005-08-23 00:00:00 UTC        
 READ IN fields at DATE: 2005-08-23 06:00:00 UTC        
 READ IN fields at DATE: 2005-08-23 12:00:00 UTC        
 READ IN fields at DATE: 2005-08-23 18:00:00 UTC        
 READ IN fields at DATE: 2005-08-24 00:00:00 UTC        
 READ IN fields at DATE: 2005-08-24 06:00:00 UTC        
 READ IN fields at DATE: 2005-08-24 12:00:00 UTC        
 READ IN fields at DATE: 2005-08-24 18:00:00 UTC        
 READ IN fields at DATE: 2005-08-25 00:00:00 UTC        
 READ IN fields at DATE: 2005-08-25 06:00:00 UTC        
 READ IN fields at DATE: 2005-08-25 12:00:00 UTC        
 READ IN fields at DATE: 2005-08-25 18:00:00 UTC        
 READ IN fields at DATE: 2005-08-26 00:00:00 UTC        
 READ IN fields at DATE: 2005-08-26 06:00:00 UTC        
 READ IN fields at DATE: 2005-08-26 12:00:00 UTC        
 READ IN fields at DATE: 2005-08-26 18:00:00 UTC        
 READ IN fields at DATE: 2005-08-27 00:00:00 UTC        
 READ IN fields at DATE: 2005-08-27 06:00:00 UTC        
 READ IN fields at DATE: 2005-08-27 12:00:00 UTC        
 READ IN fields at DATE: 2005-08-27 18:00:00 UTC        
 READ IN fields at DATE: 2005-08-28 00:00:00 UTC        
 READ IN fields at DATE: 2005-08-28 06:00:00 UTC        
 READ IN fields at DATE: 2005-08-28 12:00:00 UTC        
 READ IN fields at DATE: 2005-08-28 18:00:00 UTC        
 READ IN fields at DATE: 2005-08-29 00:00:00 UTC        
 READ IN fields at DATE: 2005-08-29 06:00:00 UTC        
 READ IN fields at DATE: 2005-08-29 12:00:00 UTC        
 READ IN fields at DATE: 2005-08-29 18:00:00 UTC        
 READ IN fields at DATE: 2005-08-30 00:00:00 UTC        
 READ IN fields at DATE: 2005-08-30 06:00:00 UTC        
 READ IN fields at DATE: 2005-08-30 12:00:00 UTC        
 READ IN fields at DATE: 2005-08-30 18:00:00 UTC        
 READ IN fields at DATE: 2005-08-31 00:00:00 UTC        
 READ IN fields at DATE: 2005-08-31 06:00:00 UTC        
 READ IN fields at DATE: 2005-08-31 12:00:00 UTC        
 READ IN fields at DATE: 2005-08-31 18:00:00 UTC        
      131072 /leonardo_work/ICT24_ESP/RCMDATA//ERA5/2005/tatm_2005_09.nc
  2.434706940050719E-003   249.788592827194     
      196608 /leonardo_work/ICT24_ESP/RCMDATA//ERA5/2005/geop_2005_09.nc
   7.37952336513665        235163.407894567     
      262144 /leonardo_work/ICT24_ESP/RCMDATA//ERA5/2005/qhum_2005_09.nc
  4.206939380972666E-007  1.371228627527822E-002
      327680 /leonardo_work/ICT24_ESP/RCMDATA//ERA5/2005/uwnd_2005_09.nc
  4.607449253411688E-003   25.5836032577952     
      393216 /leonardo_work/ICT24_ESP/RCMDATA//ERA5/2005/vwnd_2005_09.nc
  4.342099579869350E-003   6.09478329591319     
 READ IN fields at DATE: 2005-09-01 00:00:00 UTC        
 READ IN fields at DATE: 2005-09-01 06:00:00 UTC        
 READ IN fields at DATE: 2005-09-01 12:00:00 UTC        
 READ IN fields at DATE: 2005-09-01 18:00:00 UTC        
 READ IN fields at DATE: 2005-09-02 00:00:00 UTC        
 READ IN fields at DATE: 2005-09-02 06:00:00 UTC        
 READ IN fields at DATE: 2005-09-02 12:00:00 UTC        
 READ IN fields at DATE: 2005-09-02 18:00:00 UTC        
 READ IN fields at DATE: 2005-09-03 00:00:00 UTC        
 READ IN fields at DATE: 2005-09-03 06:00:00 UTC        
 READ IN fields at DATE: 2005-09-03 12:00:00 UTC        
 READ IN fields at DATE: 2005-09-03 18:00:00 UTC        
 READ IN fields at DATE: 2005-09-04 00:00:00 UTC        
 READ IN fields at DATE: 2005-09-04 06:00:00 UTC        
 READ IN fields at DATE: 2005-09-04 12:00:00 UTC        
 READ IN fields at DATE: 2005-09-04 18:00:00 UTC        
 READ IN fields at DATE: 2005-09-05 00:00:00 UTC        
 READ IN fields at DATE: 2005-09-05 06:00:00 UTC        
 READ IN fields at DATE: 2005-09-05 12:00:00 UTC        
 READ IN fields at DATE: 2005-09-05 18:00:00 UTC        
 READ IN fields at DATE: 2005-09-06 00:00:00 UTC        
 READ IN fields at DATE: 2005-09-06 06:00:00 UTC        
 READ IN fields at DATE: 2005-09-06 12:00:00 UTC        
 READ IN fields at DATE: 2005-09-06 18:00:00 UTC        
 READ IN fields at DATE: 2005-09-07 00:00:00 UTC        
 READ IN fields at DATE: 2005-09-07 06:00:00 UTC        
 READ IN fields at DATE: 2005-09-07 12:00:00 UTC        
 READ IN fields at DATE: 2005-09-07 18:00:00 UTC        
 READ IN fields at DATE: 2005-09-08 00:00:00 UTC        
 READ IN fields at DATE: 2005-09-08 06:00:00 UTC        
 READ IN fields at DATE: 2005-09-08 12:00:00 UTC        
 READ IN fields at DATE: 2005-09-08 18:00:00 UTC        
 READ IN fields at DATE: 2005-09-09 00:00:00 UTC        
 READ IN fields at DATE: 2005-09-09 06:00:00 UTC        
 READ IN fields at DATE: 2005-09-09 12:00:00 UTC        
 READ IN fields at DATE: 2005-09-09 18:00:00 UTC        
 READ IN fields at DATE: 2005-09-10 00:00:00 UTC        
 READ IN fields at DATE: 2005-09-10 06:00:00 UTC        
 READ IN fields at DATE: 2005-09-10 12:00:00 UTC        
 READ IN fields at DATE: 2005-09-10 18:00:00 UTC        
 READ IN fields at DATE: 2005-09-11 00:00:00 UTC        
 READ IN fields at DATE: 2005-09-11 06:00:00 UTC        
 READ IN fields at DATE: 2005-09-11 12:00:00 UTC        
 READ IN fields at DATE: 2005-09-11 18:00:00 UTC        
 READ IN fields at DATE: 2005-09-12 00:00:00 UTC        
 READ IN fields at DATE: 2005-09-12 06:00:00 UTC        
 READ IN fields at DATE: 2005-09-12 12:00:00 UTC        
 READ IN fields at DATE: 2005-09-12 18:00:00 UTC        
 READ IN fields at DATE: 2005-09-13 00:00:00 UTC        
 READ IN fields at DATE: 2005-09-13 06:00:00 UTC        
 READ IN fields at DATE: 2005-09-13 12:00:00 UTC        
 READ IN fields at DATE: 2005-09-13 18:00:00 UTC        
 READ IN fields at DATE: 2005-09-14 00:00:00 UTC        
 READ IN fields at DATE: 2005-09-14 06:00:00 UTC        
 READ IN fields at DATE: 2005-09-14 12:00:00 UTC        
 READ IN fields at DATE: 2005-09-14 18:00:00 UTC        
 READ IN fields at DATE: 2005-09-15 00:00:00 UTC        
 READ IN fields at DATE: 2005-09-15 06:00:00 UTC        
 READ IN fields at DATE: 2005-09-15 12:00:00 UTC        
 READ IN fields at DATE: 2005-09-15 18:00:00 UTC        
 READ IN fields at DATE: 2005-09-16 00:00:00 UTC        
 READ IN fields at DATE: 2005-09-16 06:00:00 UTC        
 READ IN fields at DATE: 2005-09-16 12:00:00 UTC        
 READ IN fields at DATE: 2005-09-16 18:00:00 UTC        
 READ IN fields at DATE: 2005-09-17 00:00:00 UTC        
 READ IN fields at DATE: 2005-09-17 06:00:00 UTC        
 READ IN fields at DATE: 2005-09-17 12:00:00 UTC        
 READ IN fields at DATE: 2005-09-17 18:00:00 UTC        
 READ IN fields at DATE: 2005-09-18 00:00:00 UTC        
 READ IN fields at DATE: 2005-09-18 06:00:00 UTC        
 READ IN fields at DATE: 2005-09-18 12:00:00 UTC        
 READ IN fields at DATE: 2005-09-18 18:00:00 UTC        
 READ IN fields at DATE: 2005-09-19 00:00:00 UTC        
 READ IN fields at DATE: 2005-09-19 06:00:00 UTC        
 READ IN fields at DATE: 2005-09-19 12:00:00 UTC        
 READ IN fields at DATE: 2005-09-19 18:00:00 UTC        
 READ IN fields at DATE: 2005-09-20 00:00:00 UTC        
 READ IN fields at DATE: 2005-09-20 06:00:00 UTC        
 READ IN fields at DATE: 2005-09-20 12:00:00 UTC        
 READ IN fields at DATE: 2005-09-20 18:00:00 UTC        
 READ IN fields at DATE: 2005-09-21 00:00:00 UTC        
 READ IN fields at DATE: 2005-09-21 06:00:00 UTC        
 READ IN fields at DATE: 2005-09-21 12:00:00 UTC        
 READ IN fields at DATE: 2005-09-21 18:00:00 UTC        
 READ IN fields at DATE: 2005-09-22 00:00:00 UTC        
 READ IN fields at DATE: 2005-09-22 06:00:00 UTC        
 READ IN fields at DATE: 2005-09-22 12:00:00 UTC        
 READ IN fields at DATE: 2005-09-22 18:00:00 UTC        
 READ IN fields at DATE: 2005-09-23 00:00:00 UTC        
 READ IN fields at DATE: 2005-09-23 06:00:00 UTC        
 READ IN fields at DATE: 2005-09-23 12:00:00 UTC        
 READ IN fields at DATE: 2005-09-23 18:00:00 UTC        
 READ IN fields at DATE: 2005-09-24 00:00:00 UTC        
 READ IN fields at DATE: 2005-09-24 06:00:00 UTC        
 READ IN fields at DATE: 2005-09-24 12:00:00 UTC        
 READ IN fields at DATE: 2005-09-24 18:00:00 UTC        
 READ IN fields at DATE: 2005-09-25 00:00:00 UTC        
 READ IN fields at DATE: 2005-09-25 06:00:00 UTC        
 READ IN fields at DATE: 2005-09-25 12:00:00 UTC        
 READ IN fields at DATE: 2005-09-25 18:00:00 UTC        
 READ IN fields at DATE: 2005-09-26 00:00:00 UTC        
 READ IN fields at DATE: 2005-09-26 06:00:00 UTC        
 READ IN fields at DATE: 2005-09-26 12:00:00 UTC        
 READ IN fields at DATE: 2005-09-26 18:00:00 UTC        
 READ IN fields at DATE: 2005-09-27 00:00:00 UTC        
 READ IN fields at DATE: 2005-09-27 06:00:00 UTC        
 READ IN fields at DATE: 2005-09-27 12:00:00 UTC        
 READ IN fields at DATE: 2005-09-27 18:00:00 UTC        
 READ IN fields at DATE: 2005-09-28 00:00:00 UTC        
 READ IN fields at DATE: 2005-09-28 06:00:00 UTC        
 READ IN fields at DATE: 2005-09-28 12:00:00 UTC        
 READ IN fields at DATE: 2005-09-28 18:00:00 UTC        
 READ IN fields at DATE: 2005-09-29 00:00:00 UTC        
 READ IN fields at DATE: 2005-09-29 06:00:00 UTC        
 READ IN fields at DATE: 2005-09-29 12:00:00 UTC        
 READ IN fields at DATE: 2005-09-29 18:00:00 UTC        
 READ IN fields at DATE: 2005-09-30 00:00:00 UTC        
 READ IN fields at DATE: 2005-09-30 06:00:00 UTC        
 READ IN fields at DATE: 2005-09-30 12:00:00 UTC        
 READ IN fields at DATE: 2005-09-30 18:00:00 UTC        
      131072 /leonardo_work/ICT24_ESP/RCMDATA//ERA5/2005/tatm_2005_10.nc
  2.118370609499699E-003   247.752465594969     
      196608 /leonardo_work/ICT24_ESP/RCMDATA//ERA5/2005/geop_2005_10.nc
   7.37410207452734        235623.109823963     
      262144 /leonardo_work/ICT24_ESP/RCMDATA//ERA5/2005/qhum_2005_10.nc
  3.757364321306289E-007  1.226709592511902E-002
      327680 /leonardo_work/ICT24_ESP/RCMDATA//ERA5/2005/uwnd_2005_10.nc
  3.372596362471961E-003   15.9110029108031     
      393216 /leonardo_work/ICT24_ESP/RCMDATA//ERA5/2005/vwnd_2005_10.nc
  3.020093025278653E-003   3.34464321276470     
 READ IN fields at DATE: 2005-10-01 00:00:00 UTC        
 READ IN fields at DATE: 2005-10-01 06:00:00 UTC        
 READ IN fields at DATE: 2005-10-01 12:00:00 UTC        
 READ IN fields at DATE: 2005-10-01 18:00:00 UTC        
 READ IN fields at DATE: 2005-10-02 00:00:00 UTC        
 READ IN fields at DATE: 2005-10-02 06:00:00 UTC        
 READ IN fields at DATE: 2005-10-02 12:00:00 UTC        
 READ IN fields at DATE: 2005-10-02 18:00:00 UTC        
 READ IN fields at DATE: 2005-10-03 00:00:00 UTC        
 READ IN fields at DATE: 2005-10-03 06:00:00 UTC        
 READ IN fields at DATE: 2005-10-03 12:00:00 UTC        
 READ IN fields at DATE: 2005-10-03 18:00:00 UTC        
 READ IN fields at DATE: 2005-10-04 00:00:00 UTC        
 READ IN fields at DATE: 2005-10-04 06:00:00 UTC        
 READ IN fields at DATE: 2005-10-04 12:00:00 UTC        
 READ IN fields at DATE: 2005-10-04 18:00:00 UTC        
 READ IN fields at DATE: 2005-10-05 00:00:00 UTC        
 READ IN fields at DATE: 2005-10-05 06:00:00 UTC        
 READ IN fields at DATE: 2005-10-05 12:00:00 UTC        
 READ IN fields at DATE: 2005-10-05 18:00:00 UTC        
 READ IN fields at DATE: 2005-10-06 00:00:00 UTC        
 READ IN fields at DATE: 2005-10-06 06:00:00 UTC        
 READ IN fields at DATE: 2005-10-06 12:00:00 UTC        
 READ IN fields at DATE: 2005-10-06 18:00:00 UTC        
 READ IN fields at DATE: 2005-10-07 00:00:00 UTC        
 READ IN fields at DATE: 2005-10-07 06:00:00 UTC        
 READ IN fields at DATE: 2005-10-07 12:00:00 UTC        
 READ IN fields at DATE: 2005-10-07 18:00:00 UTC        
 READ IN fields at DATE: 2005-10-08 00:00:00 UTC        
 READ IN fields at DATE: 2005-10-08 06:00:00 UTC        
 READ IN fields at DATE: 2005-10-08 12:00:00 UTC        
 READ IN fields at DATE: 2005-10-08 18:00:00 UTC        
 READ IN fields at DATE: 2005-10-09 00:00:00 UTC        
 READ IN fields at DATE: 2005-10-09 06:00:00 UTC        
 READ IN fields at DATE: 2005-10-09 12:00:00 UTC        
 READ IN fields at DATE: 2005-10-09 18:00:00 UTC        
 READ IN fields at DATE: 2005-10-10 00:00:00 UTC        
 READ IN fields at DATE: 2005-10-10 06:00:00 UTC        
 READ IN fields at DATE: 2005-10-10 12:00:00 UTC        
 READ IN fields at DATE: 2005-10-10 18:00:00 UTC        
 READ IN fields at DATE: 2005-10-11 00:00:00 UTC        
 READ IN fields at DATE: 2005-10-11 06:00:00 UTC        
 READ IN fields at DATE: 2005-10-11 12:00:00 UTC        
 READ IN fields at DATE: 2005-10-11 18:00:00 UTC        
 READ IN fields at DATE: 2005-10-12 00:00:00 UTC        
 READ IN fields at DATE: 2005-10-12 06:00:00 UTC        
 READ IN fields at DATE: 2005-10-12 12:00:00 UTC        
 READ IN fields at DATE: 2005-10-12 18:00:00 UTC        
 READ IN fields at DATE: 2005-10-13 00:00:00 UTC        
 READ IN fields at DATE: 2005-10-13 06:00:00 UTC        
 READ IN fields at DATE: 2005-10-13 12:00:00 UTC        
 READ IN fields at DATE: 2005-10-13 18:00:00 UTC        
 READ IN fields at DATE: 2005-10-14 00:00:00 UTC        
 READ IN fields at DATE: 2005-10-14 06:00:00 UTC        
 READ IN fields at DATE: 2005-10-14 12:00:00 UTC        
 READ IN fields at DATE: 2005-10-14 18:00:00 UTC        
 READ IN fields at DATE: 2005-10-15 00:00:00 UTC        
 READ IN fields at DATE: 2005-10-15 06:00:00 UTC        
 READ IN fields at DATE: 2005-10-15 12:00:00 UTC        
 READ IN fields at DATE: 2005-10-15 18:00:00 UTC        
 READ IN fields at DATE: 2005-10-16 00:00:00 UTC        
 READ IN fields at DATE: 2005-10-16 06:00:00 UTC        
 READ IN fields at DATE: 2005-10-16 12:00:00 UTC        
 READ IN fields at DATE: 2005-10-16 18:00:00 UTC        
 READ IN fields at DATE: 2005-10-17 00:00:00 UTC        
 READ IN fields at DATE: 2005-10-17 06:00:00 UTC        
 READ IN fields at DATE: 2005-10-17 12:00:00 UTC        
 READ IN fields at DATE: 2005-10-17 18:00:00 UTC        
 READ IN fields at DATE: 2005-10-18 00:00:00 UTC        
 READ IN fields at DATE: 2005-10-18 06:00:00 UTC        
 READ IN fields at DATE: 2005-10-18 12:00:00 UTC        
 READ IN fields at DATE: 2005-10-18 18:00:00 UTC        
 READ IN fields at DATE: 2005-10-19 00:00:00 UTC        
 READ IN fields at DATE: 2005-10-19 06:00:00 UTC        
 READ IN fields at DATE: 2005-10-19 12:00:00 UTC        
 READ IN fields at DATE: 2005-10-19 18:00:00 UTC        
 READ IN fields at DATE: 2005-10-20 00:00:00 UTC        
 READ IN fields at DATE: 2005-10-20 06:00:00 UTC        
 READ IN fields at DATE: 2005-10-20 12:00:00 UTC        
 READ IN fields at DATE: 2005-10-20 18:00:00 UTC        
 READ IN fields at DATE: 2005-10-21 00:00:00 UTC        
 READ IN fields at DATE: 2005-10-21 06:00:00 UTC        
 READ IN fields at DATE: 2005-10-21 12:00:00 UTC        
 READ IN fields at DATE: 2005-10-21 18:00:00 UTC        
 READ IN fields at DATE: 2005-10-22 00:00:00 UTC        
 READ IN fields at DATE: 2005-10-22 06:00:00 UTC        
 READ IN fields at DATE: 2005-10-22 12:00:00 UTC        
 READ IN fields at DATE: 2005-10-22 18:00:00 UTC        
 READ IN fields at DATE: 2005-10-23 00:00:00 UTC        
 READ IN fields at DATE: 2005-10-23 06:00:00 UTC        
 READ IN fields at DATE: 2005-10-23 12:00:00 UTC        
 READ IN fields at DATE: 2005-10-23 18:00:00 UTC        
 READ IN fields at DATE: 2005-10-24 00:00:00 UTC        
 READ IN fields at DATE: 2005-10-24 06:00:00 UTC        
 READ IN fields at DATE: 2005-10-24 12:00:00 UTC        
 READ IN fields at DATE: 2005-10-24 18:00:00 UTC        
 READ IN fields at DATE: 2005-10-25 00:00:00 UTC        
 READ IN fields at DATE: 2005-10-25 06:00:00 UTC        
 READ IN fields at DATE: 2005-10-25 12:00:00 UTC        
 READ IN fields at DATE: 2005-10-25 18:00:00 UTC        
 READ IN fields at DATE: 2005-10-26 00:00:00 UTC        
 READ IN fields at DATE: 2005-10-26 06:00:00 UTC        
 READ IN fields at DATE: 2005-10-26 12:00:00 UTC        
 READ IN fields at DATE: 2005-10-26 18:00:00 UTC        
 READ IN fields at DATE: 2005-10-27 00:00:00 UTC        
 READ IN fields at DATE: 2005-10-27 06:00:00 UTC        
 READ IN fields at DATE: 2005-10-27 12:00:00 UTC        
 READ IN fields at DATE: 2005-10-27 18:00:00 UTC        
 READ IN fields at DATE: 2005-10-28 00:00:00 UTC        
 READ IN fields at DATE: 2005-10-28 06:00:00 UTC        
 READ IN fields at DATE: 2005-10-28 12:00:00 UTC        
 READ IN fields at DATE: 2005-10-28 18:00:00 UTC        
 READ IN fields at DATE: 2005-10-29 00:00:00 UTC        
 READ IN fields at DATE: 2005-10-29 06:00:00 UTC        
 READ IN fields at DATE: 2005-10-29 12:00:00 UTC        
 READ IN fields at DATE: 2005-10-29 18:00:00 UTC        
 READ IN fields at DATE: 2005-10-30 00:00:00 UTC        
 READ IN fields at DATE: 2005-10-30 06:00:00 UTC        
 READ IN fields at DATE: 2005-10-30 12:00:00 UTC        
 READ IN fields at DATE: 2005-10-30 18:00:00 UTC        
 READ IN fields at DATE: 2005-10-31 00:00:00 UTC        
 READ IN fields at DATE: 2005-10-31 06:00:00 UTC        
 READ IN fields at DATE: 2005-10-31 12:00:00 UTC        
 READ IN fields at DATE: 2005-10-31 18:00:00 UTC        
      131072 /leonardo_work/ICT24_ESP/RCMDATA//ERA5/2005/tatm_2005_11.nc
  2.071061215177969E-003   250.046091239412     
      196608 /leonardo_work/ICT24_ESP/RCMDATA//ERA5/2005/geop_2005_11.nc
   7.53218470322204        241600.278829523     
      262144 /leonardo_work/ICT24_ESP/RCMDATA//ERA5/2005/qhum_2005_11.nc
  3.517724893435255E-007  1.151259790142723E-002
      327680 /leonardo_work/ICT24_ESP/RCMDATA//ERA5/2005/uwnd_2005_11.nc
  4.248361397031123E-003   51.4822813368796     
      393216 /leonardo_work/ICT24_ESP/RCMDATA//ERA5/2005/vwnd_2005_11.nc
  3.172823880463254E-003  -13.4744944319598     
 READ IN fields at DATE: 2005-11-01 00:00:00 UTC        
 READ IN fields at DATE: 2005-11-01 06:00:00 UTC        
 READ IN fields at DATE: 2005-11-01 12:00:00 UTC        
 READ IN fields at DATE: 2005-11-01 18:00:00 UTC        
 READ IN fields at DATE: 2005-11-02 00:00:00 UTC        
 READ IN fields at DATE: 2005-11-02 06:00:00 UTC        
 READ IN fields at DATE: 2005-11-02 12:00:00 UTC        
 READ IN fields at DATE: 2005-11-02 18:00:00 UTC        
 READ IN fields at DATE: 2005-11-03 00:00:00 UTC        
 READ IN fields at DATE: 2005-11-03 06:00:00 UTC        
 READ IN fields at DATE: 2005-11-03 12:00:00 UTC        
 READ IN fields at DATE: 2005-11-03 18:00:00 UTC        
 READ IN fields at DATE: 2005-11-04 00:00:00 UTC        
 READ IN fields at DATE: 2005-11-04 06:00:00 UTC        
 READ IN fields at DATE: 2005-11-04 12:00:00 UTC        
 READ IN fields at DATE: 2005-11-04 18:00:00 UTC        
 READ IN fields at DATE: 2005-11-05 00:00:00 UTC        
 READ IN fields at DATE: 2005-11-05 06:00:00 UTC        
 READ IN fields at DATE: 2005-11-05 12:00:00 UTC        
 READ IN fields at DATE: 2005-11-05 18:00:00 UTC        
 READ IN fields at DATE: 2005-11-06 00:00:00 UTC        
 READ IN fields at DATE: 2005-11-06 06:00:00 UTC        
 READ IN fields at DATE: 2005-11-06 12:00:00 UTC        
 READ IN fields at DATE: 2005-11-06 18:00:00 UTC        
 READ IN fields at DATE: 2005-11-07 00:00:00 UTC        
 READ IN fields at DATE: 2005-11-07 06:00:00 UTC        
 READ IN fields at DATE: 2005-11-07 12:00:00 UTC        
 READ IN fields at DATE: 2005-11-07 18:00:00 UTC        
 READ IN fields at DATE: 2005-11-08 00:00:00 UTC        
 READ IN fields at DATE: 2005-11-08 06:00:00 UTC        
 READ IN fields at DATE: 2005-11-08 12:00:00 UTC        
 READ IN fields at DATE: 2005-11-08 18:00:00 UTC        
 READ IN fields at DATE: 2005-11-09 00:00:00 UTC        
 READ IN fields at DATE: 2005-11-09 06:00:00 UTC        
 READ IN fields at DATE: 2005-11-09 12:00:00 UTC        
 READ IN fields at DATE: 2005-11-09 18:00:00 UTC        
 READ IN fields at DATE: 2005-11-10 00:00:00 UTC        
 READ IN fields at DATE: 2005-11-10 06:00:00 UTC        
 READ IN fields at DATE: 2005-11-10 12:00:00 UTC        
 READ IN fields at DATE: 2005-11-10 18:00:00 UTC        
 READ IN fields at DATE: 2005-11-11 00:00:00 UTC        
 READ IN fields at DATE: 2005-11-11 06:00:00 UTC        
 READ IN fields at DATE: 2005-11-11 12:00:00 UTC        
 READ IN fields at DATE: 2005-11-11 18:00:00 UTC        
 READ IN fields at DATE: 2005-11-12 00:00:00 UTC        
 READ IN fields at DATE: 2005-11-12 06:00:00 UTC        
 READ IN fields at DATE: 2005-11-12 12:00:00 UTC        
 READ IN fields at DATE: 2005-11-12 18:00:00 UTC        
 READ IN fields at DATE: 2005-11-13 00:00:00 UTC        
 READ IN fields at DATE: 2005-11-13 06:00:00 UTC        
 READ IN fields at DATE: 2005-11-13 12:00:00 UTC        
 READ IN fields at DATE: 2005-11-13 18:00:00 UTC        
 READ IN fields at DATE: 2005-11-14 00:00:00 UTC        
 READ IN fields at DATE: 2005-11-14 06:00:00 UTC        
 READ IN fields at DATE: 2005-11-14 12:00:00 UTC        
 READ IN fields at DATE: 2005-11-14 18:00:00 UTC        
 READ IN fields at DATE: 2005-11-15 00:00:00 UTC        
 READ IN fields at DATE: 2005-11-15 06:00:00 UTC        
 READ IN fields at DATE: 2005-11-15 12:00:00 UTC        
 READ IN fields at DATE: 2005-11-15 18:00:00 UTC        
 READ IN fields at DATE: 2005-11-16 00:00:00 UTC        
 READ IN fields at DATE: 2005-11-16 06:00:00 UTC        
 READ IN fields at DATE: 2005-11-16 12:00:00 UTC        
 READ IN fields at DATE: 2005-11-16 18:00:00 UTC        
 READ IN fields at DATE: 2005-11-17 00:00:00 UTC        
 READ IN fields at DATE: 2005-11-17 06:00:00 UTC        
 READ IN fields at DATE: 2005-11-17 12:00:00 UTC        
 READ IN fields at DATE: 2005-11-17 18:00:00 UTC        
 READ IN fields at DATE: 2005-11-18 00:00:00 UTC        
 READ IN fields at DATE: 2005-11-18 06:00:00 UTC        
 READ IN fields at DATE: 2005-11-18 12:00:00 UTC        
 READ IN fields at DATE: 2005-11-18 18:00:00 UTC        
 READ IN fields at DATE: 2005-11-19 00:00:00 UTC        
 READ IN fields at DATE: 2005-11-19 06:00:00 UTC        
 READ IN fields at DATE: 2005-11-19 12:00:00 UTC        
 READ IN fields at DATE: 2005-11-19 18:00:00 UTC        
 READ IN fields at DATE: 2005-11-20 00:00:00 UTC        
 READ IN fields at DATE: 2005-11-20 06:00:00 UTC        
 READ IN fields at DATE: 2005-11-20 12:00:00 UTC        
 READ IN fields at DATE: 2005-11-20 18:00:00 UTC        
 READ IN fields at DATE: 2005-11-21 00:00:00 UTC        
 READ IN fields at DATE: 2005-11-21 06:00:00 UTC        
 READ IN fields at DATE: 2005-11-21 12:00:00 UTC        
 READ IN fields at DATE: 2005-11-21 18:00:00 UTC        
 READ IN fields at DATE: 2005-11-22 00:00:00 UTC        
 READ IN fields at DATE: 2005-11-22 06:00:00 UTC        
 READ IN fields at DATE: 2005-11-22 12:00:00 UTC        
 READ IN fields at DATE: 2005-11-22 18:00:00 UTC        
 READ IN fields at DATE: 2005-11-23 00:00:00 UTC        
 READ IN fields at DATE: 2005-11-23 06:00:00 UTC        
 READ IN fields at DATE: 2005-11-23 12:00:00 UTC        
 READ IN fields at DATE: 2005-11-23 18:00:00 UTC        
 READ IN fields at DATE: 2005-11-24 00:00:00 UTC        
 READ IN fields at DATE: 2005-11-24 06:00:00 UTC        
 READ IN fields at DATE: 2005-11-24 12:00:00 UTC        
 READ IN fields at DATE: 2005-11-24 18:00:00 UTC        
 READ IN fields at DATE: 2005-11-25 00:00:00 UTC        
 READ IN fields at DATE: 2005-11-25 06:00:00 UTC        
 READ IN fields at DATE: 2005-11-25 12:00:00 UTC        
 READ IN fields at DATE: 2005-11-25 18:00:00 UTC        
 READ IN fields at DATE: 2005-11-26 00:00:00 UTC        
 READ IN fields at DATE: 2005-11-26 06:00:00 UTC        
 READ IN fields at DATE: 2005-11-26 12:00:00 UTC        
 READ IN fields at DATE: 2005-11-26 18:00:00 UTC        
 READ IN fields at DATE: 2005-11-27 00:00:00 UTC        
 READ IN fields at DATE: 2005-11-27 06:00:00 UTC        
 READ IN fields at DATE: 2005-11-27 12:00:00 UTC        
 READ IN fields at DATE: 2005-11-27 18:00:00 UTC        
 READ IN fields at DATE: 2005-11-28 00:00:00 UTC        
 READ IN fields at DATE: 2005-11-28 06:00:00 UTC        
 READ IN fields at DATE: 2005-11-28 12:00:00 UTC        
 READ IN fields at DATE: 2005-11-28 18:00:00 UTC        
 READ IN fields at DATE: 2005-11-29 00:00:00 UTC        
 READ IN fields at DATE: 2005-11-29 06:00:00 UTC        
 READ IN fields at DATE: 2005-11-29 12:00:00 UTC        
 READ IN fields at DATE: 2005-11-29 18:00:00 UTC        
 READ IN fields at DATE: 2005-11-30 00:00:00 UTC        
 READ IN fields at DATE: 2005-11-30 06:00:00 UTC        
 READ IN fields at DATE: 2005-11-30 12:00:00 UTC        
 READ IN fields at DATE: 2005-11-30 18:00:00 UTC        
      131072 /leonardo_work/ICT24_ESP/RCMDATA//ERA5/2005/tatm_2005_12.nc
  2.154832626071979E-003   249.303503272164     
      196608 /leonardo_work/ICT24_ESP/RCMDATA//ERA5/2005/geop_2005_12.nc
   7.63286739839089        244849.708956926     
      262144 /leonardo_work/ICT24_ESP/RCMDATA//ERA5/2005/qhum_2005_12.nc
  3.852978752783298E-007  1.261374174942192E-002
      327680 /leonardo_work/ICT24_ESP/RCMDATA//ERA5/2005/uwnd_2005_12.nc
  5.316785378972950E-003   22.7961239559433     
      393216 /leonardo_work/ICT24_ESP/RCMDATA//ERA5/2005/vwnd_2005_12.nc
  5.032553672863291E-003  -7.12660074949268     
 READ IN fields at DATE: 2005-12-01 00:00:00 UTC        
 READ IN fields at DATE: 2005-12-01 06:00:00 UTC        
 READ IN fields at DATE: 2005-12-01 12:00:00 UTC        
 READ IN fields at DATE: 2005-12-01 18:00:00 UTC        
 READ IN fields at DATE: 2005-12-02 00:00:00 UTC        
 READ IN fields at DATE: 2005-12-02 06:00:00 UTC        
 READ IN fields at DATE: 2005-12-02 12:00:00 UTC        
 READ IN fields at DATE: 2005-12-02 18:00:00 UTC        
 READ IN fields at DATE: 2005-12-03 00:00:00 UTC        
 READ IN fields at DATE: 2005-12-03 06:00:00 UTC        
 READ IN fields at DATE: 2005-12-03 12:00:00 UTC        
 READ IN fields at DATE: 2005-12-03 18:00:00 UTC        
 READ IN fields at DATE: 2005-12-04 00:00:00 UTC        
 READ IN fields at DATE: 2005-12-04 06:00:00 UTC        
 READ IN fields at DATE: 2005-12-04 12:00:00 UTC        
 READ IN fields at DATE: 2005-12-04 18:00:00 UTC        
 READ IN fields at DATE: 2005-12-05 00:00:00 UTC        
 READ IN fields at DATE: 2005-12-05 06:00:00 UTC        
 READ IN fields at DATE: 2005-12-05 12:00:00 UTC        
 READ IN fields at DATE: 2005-12-05 18:00:00 UTC        
 READ IN fields at DATE: 2005-12-06 00:00:00 UTC        
 READ IN fields at DATE: 2005-12-06 06:00:00 UTC        
 READ IN fields at DATE: 2005-12-06 12:00:00 UTC        
 READ IN fields at DATE: 2005-12-06 18:00:00 UTC        
 READ IN fields at DATE: 2005-12-07 00:00:00 UTC        
 READ IN fields at DATE: 2005-12-07 06:00:00 UTC        
 READ IN fields at DATE: 2005-12-07 12:00:00 UTC        
 READ IN fields at DATE: 2005-12-07 18:00:00 UTC        
 READ IN fields at DATE: 2005-12-08 00:00:00 UTC        
 READ IN fields at DATE: 2005-12-08 06:00:00 UTC        
 READ IN fields at DATE: 2005-12-08 12:00:00 UTC        
 READ IN fields at DATE: 2005-12-08 18:00:00 UTC        
 READ IN fields at DATE: 2005-12-09 00:00:00 UTC        
 READ IN fields at DATE: 2005-12-09 06:00:00 UTC        
 READ IN fields at DATE: 2005-12-09 12:00:00 UTC        
 READ IN fields at DATE: 2005-12-09 18:00:00 UTC        
 READ IN fields at DATE: 2005-12-10 00:00:00 UTC        
 READ IN fields at DATE: 2005-12-10 06:00:00 UTC        
 READ IN fields at DATE: 2005-12-10 12:00:00 UTC        
 READ IN fields at DATE: 2005-12-10 18:00:00 UTC        
 READ IN fields at DATE: 2005-12-11 00:00:00 UTC        
 READ IN fields at DATE: 2005-12-11 06:00:00 UTC        
 READ IN fields at DATE: 2005-12-11 12:00:00 UTC        
 READ IN fields at DATE: 2005-12-11 18:00:00 UTC        
 READ IN fields at DATE: 2005-12-12 00:00:00 UTC        
 READ IN fields at DATE: 2005-12-12 06:00:00 UTC        
 READ IN fields at DATE: 2005-12-12 12:00:00 UTC        
 READ IN fields at DATE: 2005-12-12 18:00:00 UTC        
 READ IN fields at DATE: 2005-12-13 00:00:00 UTC        
 READ IN fields at DATE: 2005-12-13 06:00:00 UTC        
 READ IN fields at DATE: 2005-12-13 12:00:00 UTC        
 READ IN fields at DATE: 2005-12-13 18:00:00 UTC        
 READ IN fields at DATE: 2005-12-14 00:00:00 UTC        
 READ IN fields at DATE: 2005-12-14 06:00:00 UTC        
 READ IN fields at DATE: 2005-12-14 12:00:00 UTC        
 READ IN fields at DATE: 2005-12-14 18:00:00 UTC        
 READ IN fields at DATE: 2005-12-15 00:00:00 UTC        
 READ IN fields at DATE: 2005-12-15 06:00:00 UTC        
 READ IN fields at DATE: 2005-12-15 12:00:00 UTC        
 READ IN fields at DATE: 2005-12-15 18:00:00 UTC        
 READ IN fields at DATE: 2005-12-16 00:00:00 UTC        
 READ IN fields at DATE: 2005-12-16 06:00:00 UTC        
 READ IN fields at DATE: 2005-12-16 12:00:00 UTC        
 READ IN fields at DATE: 2005-12-16 18:00:00 UTC        
 READ IN fields at DATE: 2005-12-17 00:00:00 UTC        
 READ IN fields at DATE: 2005-12-17 06:00:00 UTC        
 READ IN fields at DATE: 2005-12-17 12:00:00 UTC        
 READ IN fields at DATE: 2005-12-17 18:00:00 UTC        
 READ IN fields at DATE: 2005-12-18 00:00:00 UTC        
 READ IN fields at DATE: 2005-12-18 06:00:00 UTC        
 READ IN fields at DATE: 2005-12-18 12:00:00 UTC        
 READ IN fields at DATE: 2005-12-18 18:00:00 UTC        
 READ IN fields at DATE: 2005-12-19 00:00:00 UTC        
 READ IN fields at DATE: 2005-12-19 06:00:00 UTC        
 READ IN fields at DATE: 2005-12-19 12:00:00 UTC        
 READ IN fields at DATE: 2005-12-19 18:00:00 UTC        
 READ IN fields at DATE: 2005-12-20 00:00:00 UTC        
 READ IN fields at DATE: 2005-12-20 06:00:00 UTC        
 READ IN fields at DATE: 2005-12-20 12:00:00 UTC        
 READ IN fields at DATE: 2005-12-20 18:00:00 UTC        
 READ IN fields at DATE: 2005-12-21 00:00:00 UTC        
 READ IN fields at DATE: 2005-12-21 06:00:00 UTC        
 READ IN fields at DATE: 2005-12-21 12:00:00 UTC        
 READ IN fields at DATE: 2005-12-21 18:00:00 UTC        
 READ IN fields at DATE: 2005-12-22 00:00:00 UTC        
 READ IN fields at DATE: 2005-12-22 06:00:00 UTC        
 READ IN fields at DATE: 2005-12-22 12:00:00 UTC        
 READ IN fields at DATE: 2005-12-22 18:00:00 UTC        
 READ IN fields at DATE: 2005-12-23 00:00:00 UTC        
 READ IN fields at DATE: 2005-12-23 06:00:00 UTC        
 READ IN fields at DATE: 2005-12-23 12:00:00 UTC        
 READ IN fields at DATE: 2005-12-23 18:00:00 UTC        
 READ IN fields at DATE: 2005-12-24 00:00:00 UTC        
 READ IN fields at DATE: 2005-12-24 06:00:00 UTC        
 READ IN fields at DATE: 2005-12-24 12:00:00 UTC        
 READ IN fields at DATE: 2005-12-24 18:00:00 UTC        
 READ IN fields at DATE: 2005-12-25 00:00:00 UTC        
 READ IN fields at DATE: 2005-12-25 06:00:00 UTC        
 READ IN fields at DATE: 2005-12-25 12:00:00 UTC        
 READ IN fields at DATE: 2005-12-25 18:00:00 UTC        
 READ IN fields at DATE: 2005-12-26 00:00:00 UTC        
 READ IN fields at DATE: 2005-12-26 06:00:00 UTC        
 READ IN fields at DATE: 2005-12-26 12:00:00 UTC        
 READ IN fields at DATE: 2005-12-26 18:00:00 UTC        
 READ IN fields at DATE: 2005-12-27 00:00:00 UTC        
 READ IN fields at DATE: 2005-12-27 06:00:00 UTC        
 READ IN fields at DATE: 2005-12-27 12:00:00 UTC        
 READ IN fields at DATE: 2005-12-27 18:00:00 UTC        
 READ IN fields at DATE: 2005-12-28 00:00:00 UTC        
 READ IN fields at DATE: 2005-12-28 06:00:00 UTC        
 READ IN fields at DATE: 2005-12-28 12:00:00 UTC        
 READ IN fields at DATE: 2005-12-28 18:00:00 UTC        
 READ IN fields at DATE: 2005-12-29 00:00:00 UTC        
 READ IN fields at DATE: 2005-12-29 06:00:00 UTC        
 READ IN fields at DATE: 2005-12-29 12:00:00 UTC        
 READ IN fields at DATE: 2005-12-29 18:00:00 UTC        
 READ IN fields at DATE: 2005-12-30 00:00:00 UTC        
 READ IN fields at DATE: 2005-12-30 06:00:00 UTC        
 READ IN fields at DATE: 2005-12-30 12:00:00 UTC        
 READ IN fields at DATE: 2005-12-30 18:00:00 UTC        
 READ IN fields at DATE: 2005-12-31 00:00:00 UTC        
 READ IN fields at DATE: 2005-12-31 06:00:00 UTC        
 READ IN fields at DATE: 2005-12-31 12:00:00 UTC        
 READ IN fields at DATE: 2005-12-31 18:00:00 UTC        
      131072 /leonardo_work/ICT24_ESP/RCMDATA//ERA5/2006/tatm_2006_01.nc
  2.406547345793937E-003   257.283579135995     
      196608 /leonardo_work/ICT24_ESP/RCMDATA//ERA5/2006/geop_2006_01.nc
   7.62153895747181        244796.970480521     
      262144 /leonardo_work/ICT24_ESP/RCMDATA//ERA5/2006/qhum_2006_01.nc
  3.986016694700237E-007  1.303010180200980E-002
      327680 /leonardo_work/ICT24_ESP/RCMDATA//ERA5/2006/uwnd_2006_01.nc
  5.968110956800867E-003   12.6822729025294     
      393216 /leonardo_work/ICT24_ESP/RCMDATA//ERA5/2006/vwnd_2006_01.nc
  5.789902606320479E-003  -7.88761479993597     
 READ IN fields at DATE: 2006-01-01 00:00:00 UTC        
 Input ready at : Wed Feb 12 10:04:57 2025
 Successfully completed ICBC
icbc script complete
