
  This is icbc part of the RegCM version 5
   SVN Revision: 5.0.1 compiled at: data : Dec 03 2024  time: 16:32:23

 : this run start at    : 2025-02-11 12:57:51+0100
 : it is submitted by   : mdasilva
 : it is running on     : lrdn4769.leonardo.local
 : in directory         : 
 /leonardo/home/userexternal/mdasilva/github_projects/shell/ictp/regcm_exp/corde
 x5_v2
                       
 Using Moloch non-hydrostatic dynamical core
 GLOBIDATE1 :  2003-01-01 00:00:00 UTC        
 GLOBIDATE2 :  2004-01-01 00:00:00 UTC        
 NSTEPS     :         1461
 Computing weights, R =      38.89632416 .......... Done.
 Computing weights, R =      38.89632416 .......... Done.
 Computing weights, R =      38.89632416 .......... Done.
      131072 /leonardo_work/ICT24_ESP/RCMDATA//ERA5/2003/tatm_2003_01.nc
  2.147964971861147E-003   248.846361015073     
      196608 /leonardo_work/ICT24_ESP/RCMDATA//ERA5/2003/geop_2003_01.nc
   7.61488927811179        244347.110524111     
      262144 /leonardo_work/ICT24_ESP/RCMDATA//ERA5/2003/qhum_2003_01.nc
  3.924378940434603E-007  1.283812589007190E-002
      327680 /leonardo_work/ICT24_ESP/RCMDATA//ERA5/2003/uwnd_2003_01.nc
  4.655138877580046E-003   3.80441986708465     
      393216 /leonardo_work/ICT24_ESP/RCMDATA//ERA5/2003/vwnd_2003_01.nc
  4.619196329953158E-003  0.808321200174867     
 READ IN fields at DATE: 2003-01-01 00:00:00 UTC        
 READ IN fields at DATE: 2003-01-01 06:00:00 UTC        
 READ IN fields at DATE: 2003-01-01 12:00:00 UTC        
 READ IN fields at DATE: 2003-01-01 18:00:00 UTC        
 READ IN fields at DATE: 2003-01-02 00:00:00 UTC        
 READ IN fields at DATE: 2003-01-02 06:00:00 UTC        
 READ IN fields at DATE: 2003-01-02 12:00:00 UTC        
 READ IN fields at DATE: 2003-01-02 18:00:00 UTC        
 READ IN fields at DATE: 2003-01-03 00:00:00 UTC        
 READ IN fields at DATE: 2003-01-03 06:00:00 UTC        
 READ IN fields at DATE: 2003-01-03 12:00:00 UTC        
 READ IN fields at DATE: 2003-01-03 18:00:00 UTC        
 READ IN fields at DATE: 2003-01-04 00:00:00 UTC        
 READ IN fields at DATE: 2003-01-04 06:00:00 UTC        
 READ IN fields at DATE: 2003-01-04 12:00:00 UTC        
 READ IN fields at DATE: 2003-01-04 18:00:00 UTC        
 READ IN fields at DATE: 2003-01-05 00:00:00 UTC        
 READ IN fields at DATE: 2003-01-05 06:00:00 UTC        
 READ IN fields at DATE: 2003-01-05 12:00:00 UTC        
 READ IN fields at DATE: 2003-01-05 18:00:00 UTC        
 READ IN fields at DATE: 2003-01-06 00:00:00 UTC        
 READ IN fields at DATE: 2003-01-06 06:00:00 UTC        
 READ IN fields at DATE: 2003-01-06 12:00:00 UTC        
 READ IN fields at DATE: 2003-01-06 18:00:00 UTC        
 READ IN fields at DATE: 2003-01-07 00:00:00 UTC        
 READ IN fields at DATE: 2003-01-07 06:00:00 UTC        
 READ IN fields at DATE: 2003-01-07 12:00:00 UTC        
 READ IN fields at DATE: 2003-01-07 18:00:00 UTC        
 READ IN fields at DATE: 2003-01-08 00:00:00 UTC        
 READ IN fields at DATE: 2003-01-08 06:00:00 UTC        
 READ IN fields at DATE: 2003-01-08 12:00:00 UTC        
 READ IN fields at DATE: 2003-01-08 18:00:00 UTC        
 READ IN fields at DATE: 2003-01-09 00:00:00 UTC        
 READ IN fields at DATE: 2003-01-09 06:00:00 UTC        
 READ IN fields at DATE: 2003-01-09 12:00:00 UTC        
 READ IN fields at DATE: 2003-01-09 18:00:00 UTC        
 READ IN fields at DATE: 2003-01-10 00:00:00 UTC        
 READ IN fields at DATE: 2003-01-10 06:00:00 UTC        
 READ IN fields at DATE: 2003-01-10 12:00:00 UTC        
 READ IN fields at DATE: 2003-01-10 18:00:00 UTC        
 READ IN fields at DATE: 2003-01-11 00:00:00 UTC        
 READ IN fields at DATE: 2003-01-11 06:00:00 UTC        
 READ IN fields at DATE: 2003-01-11 12:00:00 UTC        
 READ IN fields at DATE: 2003-01-11 18:00:00 UTC        
 READ IN fields at DATE: 2003-01-12 00:00:00 UTC        
 READ IN fields at DATE: 2003-01-12 06:00:00 UTC        
 READ IN fields at DATE: 2003-01-12 12:00:00 UTC        
 READ IN fields at DATE: 2003-01-12 18:00:00 UTC        
 READ IN fields at DATE: 2003-01-13 00:00:00 UTC        
 READ IN fields at DATE: 2003-01-13 06:00:00 UTC        
 READ IN fields at DATE: 2003-01-13 12:00:00 UTC        
 READ IN fields at DATE: 2003-01-13 18:00:00 UTC        
 READ IN fields at DATE: 2003-01-14 00:00:00 UTC        
 READ IN fields at DATE: 2003-01-14 06:00:00 UTC        
 READ IN fields at DATE: 2003-01-14 12:00:00 UTC        
 READ IN fields at DATE: 2003-01-14 18:00:00 UTC        
 READ IN fields at DATE: 2003-01-15 00:00:00 UTC        
 READ IN fields at DATE: 2003-01-15 06:00:00 UTC        
 READ IN fields at DATE: 2003-01-15 12:00:00 UTC        
 READ IN fields at DATE: 2003-01-15 18:00:00 UTC        
 READ IN fields at DATE: 2003-01-16 00:00:00 UTC        
 READ IN fields at DATE: 2003-01-16 06:00:00 UTC        
 READ IN fields at DATE: 2003-01-16 12:00:00 UTC        
 READ IN fields at DATE: 2003-01-16 18:00:00 UTC        
 READ IN fields at DATE: 2003-01-17 00:00:00 UTC        
 READ IN fields at DATE: 2003-01-17 06:00:00 UTC        
 READ IN fields at DATE: 2003-01-17 12:00:00 UTC        
 READ IN fields at DATE: 2003-01-17 18:00:00 UTC        
 READ IN fields at DATE: 2003-01-18 00:00:00 UTC        
 READ IN fields at DATE: 2003-01-18 06:00:00 UTC        
 READ IN fields at DATE: 2003-01-18 12:00:00 UTC        
 READ IN fields at DATE: 2003-01-18 18:00:00 UTC        
 READ IN fields at DATE: 2003-01-19 00:00:00 UTC        
 READ IN fields at DATE: 2003-01-19 06:00:00 UTC        
 READ IN fields at DATE: 2003-01-19 12:00:00 UTC        
 READ IN fields at DATE: 2003-01-19 18:00:00 UTC        
 READ IN fields at DATE: 2003-01-20 00:00:00 UTC        
 READ IN fields at DATE: 2003-01-20 06:00:00 UTC        
 READ IN fields at DATE: 2003-01-20 12:00:00 UTC        
 READ IN fields at DATE: 2003-01-20 18:00:00 UTC        
 READ IN fields at DATE: 2003-01-21 00:00:00 UTC        
 READ IN fields at DATE: 2003-01-21 06:00:00 UTC        
 READ IN fields at DATE: 2003-01-21 12:00:00 UTC        
 READ IN fields at DATE: 2003-01-21 18:00:00 UTC        
 READ IN fields at DATE: 2003-01-22 00:00:00 UTC        
 READ IN fields at DATE: 2003-01-22 06:00:00 UTC        
 READ IN fields at DATE: 2003-01-22 12:00:00 UTC        
 READ IN fields at DATE: 2003-01-22 18:00:00 UTC        
 READ IN fields at DATE: 2003-01-23 00:00:00 UTC        
 READ IN fields at DATE: 2003-01-23 06:00:00 UTC        
 READ IN fields at DATE: 2003-01-23 12:00:00 UTC        
 READ IN fields at DATE: 2003-01-23 18:00:00 UTC        
 READ IN fields at DATE: 2003-01-24 00:00:00 UTC        
 READ IN fields at DATE: 2003-01-24 06:00:00 UTC        
 READ IN fields at DATE: 2003-01-24 12:00:00 UTC        
 READ IN fields at DATE: 2003-01-24 18:00:00 UTC        
 READ IN fields at DATE: 2003-01-25 00:00:00 UTC        
 READ IN fields at DATE: 2003-01-25 06:00:00 UTC        
 READ IN fields at DATE: 2003-01-25 12:00:00 UTC        
 READ IN fields at DATE: 2003-01-25 18:00:00 UTC        
 READ IN fields at DATE: 2003-01-26 00:00:00 UTC        
 READ IN fields at DATE: 2003-01-26 06:00:00 UTC        
 READ IN fields at DATE: 2003-01-26 12:00:00 UTC        
 READ IN fields at DATE: 2003-01-26 18:00:00 UTC        
 READ IN fields at DATE: 2003-01-27 00:00:00 UTC        
 READ IN fields at DATE: 2003-01-27 06:00:00 UTC        
 READ IN fields at DATE: 2003-01-27 12:00:00 UTC        
 READ IN fields at DATE: 2003-01-27 18:00:00 UTC        
 READ IN fields at DATE: 2003-01-28 00:00:00 UTC        
 READ IN fields at DATE: 2003-01-28 06:00:00 UTC        
 READ IN fields at DATE: 2003-01-28 12:00:00 UTC        
 READ IN fields at DATE: 2003-01-28 18:00:00 UTC        
 READ IN fields at DATE: 2003-01-29 00:00:00 UTC        
 READ IN fields at DATE: 2003-01-29 06:00:00 UTC        
 READ IN fields at DATE: 2003-01-29 12:00:00 UTC        
 READ IN fields at DATE: 2003-01-29 18:00:00 UTC        
 READ IN fields at DATE: 2003-01-30 00:00:00 UTC        
 READ IN fields at DATE: 2003-01-30 06:00:00 UTC        
 READ IN fields at DATE: 2003-01-30 12:00:00 UTC        
 READ IN fields at DATE: 2003-01-30 18:00:00 UTC        
 READ IN fields at DATE: 2003-01-31 00:00:00 UTC        
 READ IN fields at DATE: 2003-01-31 06:00:00 UTC        
 READ IN fields at DATE: 2003-01-31 12:00:00 UTC        
 READ IN fields at DATE: 2003-01-31 18:00:00 UTC        
      131072 /leonardo_work/ICT24_ESP/RCMDATA//ERA5/2003/tatm_2003_02.nc
  2.072977964778361E-003   249.850457346467     
      196608 /leonardo_work/ICT24_ESP/RCMDATA//ERA5/2003/geop_2003_02.nc
   7.51041400420399        241401.951824248     
      262144 /leonardo_work/ICT24_ESP/RCMDATA//ERA5/2003/qhum_2003_02.nc
  3.929372392629064E-007  1.285851323743211E-002
      327680 /leonardo_work/ICT24_ESP/RCMDATA//ERA5/2003/uwnd_2003_02.nc
  3.507905100054553E-003   9.55477986092654     
      393216 /leonardo_work/ICT24_ESP/RCMDATA//ERA5/2003/vwnd_2003_02.nc
  3.318072147557695E-003   4.08619344195357     
 READ IN fields at DATE: 2003-02-01 00:00:00 UTC        
 READ IN fields at DATE: 2003-02-01 06:00:00 UTC        
 READ IN fields at DATE: 2003-02-01 12:00:00 UTC        
 READ IN fields at DATE: 2003-02-01 18:00:00 UTC        
 READ IN fields at DATE: 2003-02-02 00:00:00 UTC        
 READ IN fields at DATE: 2003-02-02 06:00:00 UTC        
 READ IN fields at DATE: 2003-02-02 12:00:00 UTC        
 READ IN fields at DATE: 2003-02-02 18:00:00 UTC        
 READ IN fields at DATE: 2003-02-03 00:00:00 UTC        
 READ IN fields at DATE: 2003-02-03 06:00:00 UTC        
 READ IN fields at DATE: 2003-02-03 12:00:00 UTC        
 READ IN fields at DATE: 2003-02-03 18:00:00 UTC        
 READ IN fields at DATE: 2003-02-04 00:00:00 UTC        
 READ IN fields at DATE: 2003-02-04 06:00:00 UTC        
 READ IN fields at DATE: 2003-02-04 12:00:00 UTC        
 READ IN fields at DATE: 2003-02-04 18:00:00 UTC        
 READ IN fields at DATE: 2003-02-05 00:00:00 UTC        
 READ IN fields at DATE: 2003-02-05 06:00:00 UTC        
 READ IN fields at DATE: 2003-02-05 12:00:00 UTC        
 READ IN fields at DATE: 2003-02-05 18:00:00 UTC        
 READ IN fields at DATE: 2003-02-06 00:00:00 UTC        
 READ IN fields at DATE: 2003-02-06 06:00:00 UTC        
 READ IN fields at DATE: 2003-02-06 12:00:00 UTC        
 READ IN fields at DATE: 2003-02-06 18:00:00 UTC        
 READ IN fields at DATE: 2003-02-07 00:00:00 UTC        
 READ IN fields at DATE: 2003-02-07 06:00:00 UTC        
 READ IN fields at DATE: 2003-02-07 12:00:00 UTC        
 READ IN fields at DATE: 2003-02-07 18:00:00 UTC        
 READ IN fields at DATE: 2003-02-08 00:00:00 UTC        
 READ IN fields at DATE: 2003-02-08 06:00:00 UTC        
 READ IN fields at DATE: 2003-02-08 12:00:00 UTC        
 READ IN fields at DATE: 2003-02-08 18:00:00 UTC        
 READ IN fields at DATE: 2003-02-09 00:00:00 UTC        
 READ IN fields at DATE: 2003-02-09 06:00:00 UTC        
 READ IN fields at DATE: 2003-02-09 12:00:00 UTC        
 READ IN fields at DATE: 2003-02-09 18:00:00 UTC        
 READ IN fields at DATE: 2003-02-10 00:00:00 UTC        
 READ IN fields at DATE: 2003-02-10 06:00:00 UTC        
 READ IN fields at DATE: 2003-02-10 12:00:00 UTC        
 READ IN fields at DATE: 2003-02-10 18:00:00 UTC        
 READ IN fields at DATE: 2003-02-11 00:00:00 UTC        
 READ IN fields at DATE: 2003-02-11 06:00:00 UTC        
 READ IN fields at DATE: 2003-02-11 12:00:00 UTC        
 READ IN fields at DATE: 2003-02-11 18:00:00 UTC        
 READ IN fields at DATE: 2003-02-12 00:00:00 UTC        
 READ IN fields at DATE: 2003-02-12 06:00:00 UTC        
 READ IN fields at DATE: 2003-02-12 12:00:00 UTC        
 READ IN fields at DATE: 2003-02-12 18:00:00 UTC        
 READ IN fields at DATE: 2003-02-13 00:00:00 UTC        
 READ IN fields at DATE: 2003-02-13 06:00:00 UTC        
 READ IN fields at DATE: 2003-02-13 12:00:00 UTC        
 READ IN fields at DATE: 2003-02-13 18:00:00 UTC        
 READ IN fields at DATE: 2003-02-14 00:00:00 UTC        
 READ IN fields at DATE: 2003-02-14 06:00:00 UTC        
 READ IN fields at DATE: 2003-02-14 12:00:00 UTC        
 READ IN fields at DATE: 2003-02-14 18:00:00 UTC        
 READ IN fields at DATE: 2003-02-15 00:00:00 UTC        
 READ IN fields at DATE: 2003-02-15 06:00:00 UTC        
 READ IN fields at DATE: 2003-02-15 12:00:00 UTC        
 READ IN fields at DATE: 2003-02-15 18:00:00 UTC        
 READ IN fields at DATE: 2003-02-16 00:00:00 UTC        
 READ IN fields at DATE: 2003-02-16 06:00:00 UTC        
 READ IN fields at DATE: 2003-02-16 12:00:00 UTC        
 READ IN fields at DATE: 2003-02-16 18:00:00 UTC        
 READ IN fields at DATE: 2003-02-17 00:00:00 UTC        
 READ IN fields at DATE: 2003-02-17 06:00:00 UTC        
 READ IN fields at DATE: 2003-02-17 12:00:00 UTC        
 READ IN fields at DATE: 2003-02-17 18:00:00 UTC        
 READ IN fields at DATE: 2003-02-18 00:00:00 UTC        
 READ IN fields at DATE: 2003-02-18 06:00:00 UTC        
 READ IN fields at DATE: 2003-02-18 12:00:00 UTC        
 READ IN fields at DATE: 2003-02-18 18:00:00 UTC        
 READ IN fields at DATE: 2003-02-19 00:00:00 UTC        
 READ IN fields at DATE: 2003-02-19 06:00:00 UTC        
 READ IN fields at DATE: 2003-02-19 12:00:00 UTC        
 READ IN fields at DATE: 2003-02-19 18:00:00 UTC        
 READ IN fields at DATE: 2003-02-20 00:00:00 UTC        
 READ IN fields at DATE: 2003-02-20 06:00:00 UTC        
 READ IN fields at DATE: 2003-02-20 12:00:00 UTC        
 READ IN fields at DATE: 2003-02-20 18:00:00 UTC        
 READ IN fields at DATE: 2003-02-21 00:00:00 UTC        
 READ IN fields at DATE: 2003-02-21 06:00:00 UTC        
 READ IN fields at DATE: 2003-02-21 12:00:00 UTC        
 READ IN fields at DATE: 2003-02-21 18:00:00 UTC        
 READ IN fields at DATE: 2003-02-22 00:00:00 UTC        
 READ IN fields at DATE: 2003-02-22 06:00:00 UTC        
 READ IN fields at DATE: 2003-02-22 12:00:00 UTC        
 READ IN fields at DATE: 2003-02-22 18:00:00 UTC        
 READ IN fields at DATE: 2003-02-23 00:00:00 UTC        
 READ IN fields at DATE: 2003-02-23 06:00:00 UTC        
 READ IN fields at DATE: 2003-02-23 12:00:00 UTC        
 READ IN fields at DATE: 2003-02-23 18:00:00 UTC        
 READ IN fields at DATE: 2003-02-24 00:00:00 UTC        
 READ IN fields at DATE: 2003-02-24 06:00:00 UTC        
 READ IN fields at DATE: 2003-02-24 12:00:00 UTC        
 READ IN fields at DATE: 2003-02-24 18:00:00 UTC        
 READ IN fields at DATE: 2003-02-25 00:00:00 UTC        
 READ IN fields at DATE: 2003-02-25 06:00:00 UTC        
 READ IN fields at DATE: 2003-02-25 12:00:00 UTC        
 READ IN fields at DATE: 2003-02-25 18:00:00 UTC        
 READ IN fields at DATE: 2003-02-26 00:00:00 UTC        
 READ IN fields at DATE: 2003-02-26 06:00:00 UTC        
 READ IN fields at DATE: 2003-02-26 12:00:00 UTC        
 READ IN fields at DATE: 2003-02-26 18:00:00 UTC        
 READ IN fields at DATE: 2003-02-27 00:00:00 UTC        
 READ IN fields at DATE: 2003-02-27 06:00:00 UTC        
 READ IN fields at DATE: 2003-02-27 12:00:00 UTC        
 READ IN fields at DATE: 2003-02-27 18:00:00 UTC        
 READ IN fields at DATE: 2003-02-28 00:00:00 UTC        
 READ IN fields at DATE: 2003-02-28 06:00:00 UTC        
 READ IN fields at DATE: 2003-02-28 12:00:00 UTC        
 READ IN fields at DATE: 2003-02-28 18:00:00 UTC        
      131072 /leonardo_work/ICT24_ESP/RCMDATA//ERA5/2003/tatm_2003_03.nc
  2.052423898819345E-003   249.795604647426     
      196608 /leonardo_work/ICT24_ESP/RCMDATA//ERA5/2003/geop_2003_03.nc
   7.38210281461249        236168.887073593     
      262144 /leonardo_work/ICT24_ESP/RCMDATA//ERA5/2003/qhum_2003_03.nc
  3.738177662268847E-007  1.220254590180928E-002
      327680 /leonardo_work/ICT24_ESP/RCMDATA//ERA5/2003/uwnd_2003_03.nc
  3.284517620327020E-003   8.06596943552577     
      393216 /leonardo_work/ICT24_ESP/RCMDATA//ERA5/2003/vwnd_2003_03.nc
  2.933657444203922E-003   1.27880660877790     
 READ IN fields at DATE: 2003-03-01 00:00:00 UTC        
 READ IN fields at DATE: 2003-03-01 06:00:00 UTC        
 READ IN fields at DATE: 2003-03-01 12:00:00 UTC        
 READ IN fields at DATE: 2003-03-01 18:00:00 UTC        
 READ IN fields at DATE: 2003-03-02 00:00:00 UTC        
 READ IN fields at DATE: 2003-03-02 06:00:00 UTC        
 READ IN fields at DATE: 2003-03-02 12:00:00 UTC        
 READ IN fields at DATE: 2003-03-02 18:00:00 UTC        
 READ IN fields at DATE: 2003-03-03 00:00:00 UTC        
 READ IN fields at DATE: 2003-03-03 06:00:00 UTC        
 READ IN fields at DATE: 2003-03-03 12:00:00 UTC        
 READ IN fields at DATE: 2003-03-03 18:00:00 UTC        
 READ IN fields at DATE: 2003-03-04 00:00:00 UTC        
 READ IN fields at DATE: 2003-03-04 06:00:00 UTC        
 READ IN fields at DATE: 2003-03-04 12:00:00 UTC        
 READ IN fields at DATE: 2003-03-04 18:00:00 UTC        
 READ IN fields at DATE: 2003-03-05 00:00:00 UTC        
 READ IN fields at DATE: 2003-03-05 06:00:00 UTC        
 READ IN fields at DATE: 2003-03-05 12:00:00 UTC        
 READ IN fields at DATE: 2003-03-05 18:00:00 UTC        
 READ IN fields at DATE: 2003-03-06 00:00:00 UTC        
 READ IN fields at DATE: 2003-03-06 06:00:00 UTC        
 READ IN fields at DATE: 2003-03-06 12:00:00 UTC        
 READ IN fields at DATE: 2003-03-06 18:00:00 UTC        
 READ IN fields at DATE: 2003-03-07 00:00:00 UTC        
 READ IN fields at DATE: 2003-03-07 06:00:00 UTC        
 READ IN fields at DATE: 2003-03-07 12:00:00 UTC        
 READ IN fields at DATE: 2003-03-07 18:00:00 UTC        
 READ IN fields at DATE: 2003-03-08 00:00:00 UTC        
 READ IN fields at DATE: 2003-03-08 06:00:00 UTC        
 READ IN fields at DATE: 2003-03-08 12:00:00 UTC        
 READ IN fields at DATE: 2003-03-08 18:00:00 UTC        
 READ IN fields at DATE: 2003-03-09 00:00:00 UTC        
 READ IN fields at DATE: 2003-03-09 06:00:00 UTC        
 READ IN fields at DATE: 2003-03-09 12:00:00 UTC        
 READ IN fields at DATE: 2003-03-09 18:00:00 UTC        
 READ IN fields at DATE: 2003-03-10 00:00:00 UTC        
 READ IN fields at DATE: 2003-03-10 06:00:00 UTC        
 READ IN fields at DATE: 2003-03-10 12:00:00 UTC        
 READ IN fields at DATE: 2003-03-10 18:00:00 UTC        
 READ IN fields at DATE: 2003-03-11 00:00:00 UTC        
 READ IN fields at DATE: 2003-03-11 06:00:00 UTC        
 READ IN fields at DATE: 2003-03-11 12:00:00 UTC        
 READ IN fields at DATE: 2003-03-11 18:00:00 UTC        
 READ IN fields at DATE: 2003-03-12 00:00:00 UTC        
 READ IN fields at DATE: 2003-03-12 06:00:00 UTC        
 READ IN fields at DATE: 2003-03-12 12:00:00 UTC        
 READ IN fields at DATE: 2003-03-12 18:00:00 UTC        
 READ IN fields at DATE: 2003-03-13 00:00:00 UTC        
 READ IN fields at DATE: 2003-03-13 06:00:00 UTC        
 READ IN fields at DATE: 2003-03-13 12:00:00 UTC        
 READ IN fields at DATE: 2003-03-13 18:00:00 UTC        
 READ IN fields at DATE: 2003-03-14 00:00:00 UTC        
 READ IN fields at DATE: 2003-03-14 06:00:00 UTC        
 READ IN fields at DATE: 2003-03-14 12:00:00 UTC        
 READ IN fields at DATE: 2003-03-14 18:00:00 UTC        
 READ IN fields at DATE: 2003-03-15 00:00:00 UTC        
 READ IN fields at DATE: 2003-03-15 06:00:00 UTC        
 READ IN fields at DATE: 2003-03-15 12:00:00 UTC        
 READ IN fields at DATE: 2003-03-15 18:00:00 UTC        
 READ IN fields at DATE: 2003-03-16 00:00:00 UTC        
 READ IN fields at DATE: 2003-03-16 06:00:00 UTC        
 READ IN fields at DATE: 2003-03-16 12:00:00 UTC        
 READ IN fields at DATE: 2003-03-16 18:00:00 UTC        
 READ IN fields at DATE: 2003-03-17 00:00:00 UTC        
 READ IN fields at DATE: 2003-03-17 06:00:00 UTC        
 READ IN fields at DATE: 2003-03-17 12:00:00 UTC        
 READ IN fields at DATE: 2003-03-17 18:00:00 UTC        
 READ IN fields at DATE: 2003-03-18 00:00:00 UTC        
 READ IN fields at DATE: 2003-03-18 06:00:00 UTC        
 READ IN fields at DATE: 2003-03-18 12:00:00 UTC        
 READ IN fields at DATE: 2003-03-18 18:00:00 UTC        
 READ IN fields at DATE: 2003-03-19 00:00:00 UTC        
 READ IN fields at DATE: 2003-03-19 06:00:00 UTC        
 READ IN fields at DATE: 2003-03-19 12:00:00 UTC        
 READ IN fields at DATE: 2003-03-19 18:00:00 UTC        
 READ IN fields at DATE: 2003-03-20 00:00:00 UTC        
 READ IN fields at DATE: 2003-03-20 06:00:00 UTC        
 READ IN fields at DATE: 2003-03-20 12:00:00 UTC        
 READ IN fields at DATE: 2003-03-20 18:00:00 UTC        
 READ IN fields at DATE: 2003-03-21 00:00:00 UTC        
 READ IN fields at DATE: 2003-03-21 06:00:00 UTC        
 READ IN fields at DATE: 2003-03-21 12:00:00 UTC        
 READ IN fields at DATE: 2003-03-21 18:00:00 UTC        
 READ IN fields at DATE: 2003-03-22 00:00:00 UTC        
 READ IN fields at DATE: 2003-03-22 06:00:00 UTC        
 READ IN fields at DATE: 2003-03-22 12:00:00 UTC        
 READ IN fields at DATE: 2003-03-22 18:00:00 UTC        
 READ IN fields at DATE: 2003-03-23 00:00:00 UTC        
 READ IN fields at DATE: 2003-03-23 06:00:00 UTC        
 READ IN fields at DATE: 2003-03-23 12:00:00 UTC        
 READ IN fields at DATE: 2003-03-23 18:00:00 UTC        
 READ IN fields at DATE: 2003-03-24 00:00:00 UTC        
 READ IN fields at DATE: 2003-03-24 06:00:00 UTC        
 READ IN fields at DATE: 2003-03-24 12:00:00 UTC        
 READ IN fields at DATE: 2003-03-24 18:00:00 UTC        
 READ IN fields at DATE: 2003-03-25 00:00:00 UTC        
 READ IN fields at DATE: 2003-03-25 06:00:00 UTC        
 READ IN fields at DATE: 2003-03-25 12:00:00 UTC        
 READ IN fields at DATE: 2003-03-25 18:00:00 UTC        
 READ IN fields at DATE: 2003-03-26 00:00:00 UTC        
 READ IN fields at DATE: 2003-03-26 06:00:00 UTC        
 READ IN fields at DATE: 2003-03-26 12:00:00 UTC        
 READ IN fields at DATE: 2003-03-26 18:00:00 UTC        
 READ IN fields at DATE: 2003-03-27 00:00:00 UTC        
 READ IN fields at DATE: 2003-03-27 06:00:00 UTC        
 READ IN fields at DATE: 2003-03-27 12:00:00 UTC        
 READ IN fields at DATE: 2003-03-27 18:00:00 UTC        
 READ IN fields at DATE: 2003-03-28 00:00:00 UTC        
 READ IN fields at DATE: 2003-03-28 06:00:00 UTC        
 READ IN fields at DATE: 2003-03-28 12:00:00 UTC        
 READ IN fields at DATE: 2003-03-28 18:00:00 UTC        
 READ IN fields at DATE: 2003-03-29 00:00:00 UTC        
 READ IN fields at DATE: 2003-03-29 06:00:00 UTC        
 READ IN fields at DATE: 2003-03-29 12:00:00 UTC        
 READ IN fields at DATE: 2003-03-29 18:00:00 UTC        
 READ IN fields at DATE: 2003-03-30 00:00:00 UTC        
 READ IN fields at DATE: 2003-03-30 06:00:00 UTC        
 READ IN fields at DATE: 2003-03-30 12:00:00 UTC        
 READ IN fields at DATE: 2003-03-30 18:00:00 UTC        
 READ IN fields at DATE: 2003-03-31 00:00:00 UTC        
 READ IN fields at DATE: 2003-03-31 06:00:00 UTC        
 READ IN fields at DATE: 2003-03-31 12:00:00 UTC        
 READ IN fields at DATE: 2003-03-31 18:00:00 UTC        
      131072 /leonardo_work/ICT24_ESP/RCMDATA//ERA5/2003/tatm_2003_04.nc
  2.090757493779375E-003   250.881110993323     
      196608 /leonardo_work/ICT24_ESP/RCMDATA//ERA5/2003/geop_2003_04.nc
   7.37642980206537        236370.962175724     
      262144 /leonardo_work/ICT24_ESP/RCMDATA//ERA5/2003/qhum_2003_04.nc
  3.577169872670658E-007  1.170839109500459E-002
      327680 /leonardo_work/ICT24_ESP/RCMDATA//ERA5/2003/uwnd_2003_04.nc
  2.609108800921387E-003   25.3319931750917     
      393216 /leonardo_work/ICT24_ESP/RCMDATA//ERA5/2003/vwnd_2003_04.nc
  2.920219939807878E-003  0.277005161026190     
 READ IN fields at DATE: 2003-04-01 00:00:00 UTC        
 READ IN fields at DATE: 2003-04-01 06:00:00 UTC        
 READ IN fields at DATE: 2003-04-01 12:00:00 UTC        
 READ IN fields at DATE: 2003-04-01 18:00:00 UTC        
 READ IN fields at DATE: 2003-04-02 00:00:00 UTC        
 READ IN fields at DATE: 2003-04-02 06:00:00 UTC        
 READ IN fields at DATE: 2003-04-02 12:00:00 UTC        
 READ IN fields at DATE: 2003-04-02 18:00:00 UTC        
 READ IN fields at DATE: 2003-04-03 00:00:00 UTC        
 READ IN fields at DATE: 2003-04-03 06:00:00 UTC        
 READ IN fields at DATE: 2003-04-03 12:00:00 UTC        
 READ IN fields at DATE: 2003-04-03 18:00:00 UTC        
 READ IN fields at DATE: 2003-04-04 00:00:00 UTC        
 READ IN fields at DATE: 2003-04-04 06:00:00 UTC        
 READ IN fields at DATE: 2003-04-04 12:00:00 UTC        
 READ IN fields at DATE: 2003-04-04 18:00:00 UTC        
 READ IN fields at DATE: 2003-04-05 00:00:00 UTC        
 READ IN fields at DATE: 2003-04-05 06:00:00 UTC        
 READ IN fields at DATE: 2003-04-05 12:00:00 UTC        
 READ IN fields at DATE: 2003-04-05 18:00:00 UTC        
 READ IN fields at DATE: 2003-04-06 00:00:00 UTC        
 READ IN fields at DATE: 2003-04-06 06:00:00 UTC        
 READ IN fields at DATE: 2003-04-06 12:00:00 UTC        
 READ IN fields at DATE: 2003-04-06 18:00:00 UTC        
 READ IN fields at DATE: 2003-04-07 00:00:00 UTC        
 READ IN fields at DATE: 2003-04-07 06:00:00 UTC        
 READ IN fields at DATE: 2003-04-07 12:00:00 UTC        
 READ IN fields at DATE: 2003-04-07 18:00:00 UTC        
 READ IN fields at DATE: 2003-04-08 00:00:00 UTC        
 READ IN fields at DATE: 2003-04-08 06:00:00 UTC        
 READ IN fields at DATE: 2003-04-08 12:00:00 UTC        
 READ IN fields at DATE: 2003-04-08 18:00:00 UTC        
 READ IN fields at DATE: 2003-04-09 00:00:00 UTC        
 READ IN fields at DATE: 2003-04-09 06:00:00 UTC        
 READ IN fields at DATE: 2003-04-09 12:00:00 UTC        
 READ IN fields at DATE: 2003-04-09 18:00:00 UTC        
 READ IN fields at DATE: 2003-04-10 00:00:00 UTC        
 READ IN fields at DATE: 2003-04-10 06:00:00 UTC        
 READ IN fields at DATE: 2003-04-10 12:00:00 UTC        
 READ IN fields at DATE: 2003-04-10 18:00:00 UTC        
 READ IN fields at DATE: 2003-04-11 00:00:00 UTC        
 READ IN fields at DATE: 2003-04-11 06:00:00 UTC        
 READ IN fields at DATE: 2003-04-11 12:00:00 UTC        
 READ IN fields at DATE: 2003-04-11 18:00:00 UTC        
 READ IN fields at DATE: 2003-04-12 00:00:00 UTC        
 READ IN fields at DATE: 2003-04-12 06:00:00 UTC        
 READ IN fields at DATE: 2003-04-12 12:00:00 UTC        
 READ IN fields at DATE: 2003-04-12 18:00:00 UTC        
 READ IN fields at DATE: 2003-04-13 00:00:00 UTC        
 READ IN fields at DATE: 2003-04-13 06:00:00 UTC        
 READ IN fields at DATE: 2003-04-13 12:00:00 UTC        
 READ IN fields at DATE: 2003-04-13 18:00:00 UTC        
 READ IN fields at DATE: 2003-04-14 00:00:00 UTC        
 READ IN fields at DATE: 2003-04-14 06:00:00 UTC        
 READ IN fields at DATE: 2003-04-14 12:00:00 UTC        
 READ IN fields at DATE: 2003-04-14 18:00:00 UTC        
 READ IN fields at DATE: 2003-04-15 00:00:00 UTC        
 READ IN fields at DATE: 2003-04-15 06:00:00 UTC        
 READ IN fields at DATE: 2003-04-15 12:00:00 UTC        
 READ IN fields at DATE: 2003-04-15 18:00:00 UTC        
 READ IN fields at DATE: 2003-04-16 00:00:00 UTC        
 READ IN fields at DATE: 2003-04-16 06:00:00 UTC        
 READ IN fields at DATE: 2003-04-16 12:00:00 UTC        
 READ IN fields at DATE: 2003-04-16 18:00:00 UTC        
 READ IN fields at DATE: 2003-04-17 00:00:00 UTC        
 READ IN fields at DATE: 2003-04-17 06:00:00 UTC        
 READ IN fields at DATE: 2003-04-17 12:00:00 UTC        
 READ IN fields at DATE: 2003-04-17 18:00:00 UTC        
 READ IN fields at DATE: 2003-04-18 00:00:00 UTC        
 READ IN fields at DATE: 2003-04-18 06:00:00 UTC        
 READ IN fields at DATE: 2003-04-18 12:00:00 UTC        
 READ IN fields at DATE: 2003-04-18 18:00:00 UTC        
 READ IN fields at DATE: 2003-04-19 00:00:00 UTC        
 READ IN fields at DATE: 2003-04-19 06:00:00 UTC        
 READ IN fields at DATE: 2003-04-19 12:00:00 UTC        
 READ IN fields at DATE: 2003-04-19 18:00:00 UTC        
 READ IN fields at DATE: 2003-04-20 00:00:00 UTC        
 READ IN fields at DATE: 2003-04-20 06:00:00 UTC        
 READ IN fields at DATE: 2003-04-20 12:00:00 UTC        
 READ IN fields at DATE: 2003-04-20 18:00:00 UTC        
 READ IN fields at DATE: 2003-04-21 00:00:00 UTC        
 READ IN fields at DATE: 2003-04-21 06:00:00 UTC        
 READ IN fields at DATE: 2003-04-21 12:00:00 UTC        
 READ IN fields at DATE: 2003-04-21 18:00:00 UTC        
 READ IN fields at DATE: 2003-04-22 00:00:00 UTC        
 READ IN fields at DATE: 2003-04-22 06:00:00 UTC        
 READ IN fields at DATE: 2003-04-22 12:00:00 UTC        
 READ IN fields at DATE: 2003-04-22 18:00:00 UTC        
 READ IN fields at DATE: 2003-04-23 00:00:00 UTC        
 READ IN fields at DATE: 2003-04-23 06:00:00 UTC        
 READ IN fields at DATE: 2003-04-23 12:00:00 UTC        
 READ IN fields at DATE: 2003-04-23 18:00:00 UTC        
 READ IN fields at DATE: 2003-04-24 00:00:00 UTC        
 READ IN fields at DATE: 2003-04-24 06:00:00 UTC        
 READ IN fields at DATE: 2003-04-24 12:00:00 UTC        
 READ IN fields at DATE: 2003-04-24 18:00:00 UTC        
 READ IN fields at DATE: 2003-04-25 00:00:00 UTC        
 READ IN fields at DATE: 2003-04-25 06:00:00 UTC        
 READ IN fields at DATE: 2003-04-25 12:00:00 UTC        
 READ IN fields at DATE: 2003-04-25 18:00:00 UTC        
 READ IN fields at DATE: 2003-04-26 00:00:00 UTC        
 READ IN fields at DATE: 2003-04-26 06:00:00 UTC        
 READ IN fields at DATE: 2003-04-26 12:00:00 UTC        
 READ IN fields at DATE: 2003-04-26 18:00:00 UTC        
 READ IN fields at DATE: 2003-04-27 00:00:00 UTC        
 READ IN fields at DATE: 2003-04-27 06:00:00 UTC        
 READ IN fields at DATE: 2003-04-27 12:00:00 UTC        
 READ IN fields at DATE: 2003-04-27 18:00:00 UTC        
 READ IN fields at DATE: 2003-04-28 00:00:00 UTC        
 READ IN fields at DATE: 2003-04-28 06:00:00 UTC        
 READ IN fields at DATE: 2003-04-28 12:00:00 UTC        
 READ IN fields at DATE: 2003-04-28 18:00:00 UTC        
 READ IN fields at DATE: 2003-04-29 00:00:00 UTC        
 READ IN fields at DATE: 2003-04-29 06:00:00 UTC        
 READ IN fields at DATE: 2003-04-29 12:00:00 UTC        
 READ IN fields at DATE: 2003-04-29 18:00:00 UTC        
 READ IN fields at DATE: 2003-04-30 00:00:00 UTC        
 READ IN fields at DATE: 2003-04-30 06:00:00 UTC        
 READ IN fields at DATE: 2003-04-30 12:00:00 UTC        
 READ IN fields at DATE: 2003-04-30 18:00:00 UTC        
      131072 /leonardo_work/ICT24_ESP/RCMDATA//ERA5/2003/tatm_2003_05.nc
  2.091050175296344E-003   251.190627753721     
      196608 /leonardo_work/ICT24_ESP/RCMDATA//ERA5/2003/geop_2003_05.nc
   7.54031979832680        240102.341168226     
      262144 /leonardo_work/ICT24_ESP/RCMDATA//ERA5/2003/qhum_2003_05.nc
  3.968825141284137E-007  1.287666816281710E-002
      327680 /leonardo_work/ICT24_ESP/RCMDATA//ERA5/2003/uwnd_2003_05.nc
  3.226651667042392E-003   38.1691706707485     
      393216 /leonardo_work/ICT24_ESP/RCMDATA//ERA5/2003/vwnd_2003_05.nc
  2.709865286293022E-003  0.262072801731853     
 READ IN fields at DATE: 2003-05-01 00:00:00 UTC        
 READ IN fields at DATE: 2003-05-01 06:00:00 UTC        
 READ IN fields at DATE: 2003-05-01 12:00:00 UTC        
 READ IN fields at DATE: 2003-05-01 18:00:00 UTC        
 READ IN fields at DATE: 2003-05-02 00:00:00 UTC        
 READ IN fields at DATE: 2003-05-02 06:00:00 UTC        
 READ IN fields at DATE: 2003-05-02 12:00:00 UTC        
 READ IN fields at DATE: 2003-05-02 18:00:00 UTC        
 READ IN fields at DATE: 2003-05-03 00:00:00 UTC        
 READ IN fields at DATE: 2003-05-03 06:00:00 UTC        
 READ IN fields at DATE: 2003-05-03 12:00:00 UTC        
 READ IN fields at DATE: 2003-05-03 18:00:00 UTC        
 READ IN fields at DATE: 2003-05-04 00:00:00 UTC        
 READ IN fields at DATE: 2003-05-04 06:00:00 UTC        
 READ IN fields at DATE: 2003-05-04 12:00:00 UTC        
 READ IN fields at DATE: 2003-05-04 18:00:00 UTC        
 READ IN fields at DATE: 2003-05-05 00:00:00 UTC        
 READ IN fields at DATE: 2003-05-05 06:00:00 UTC        
 READ IN fields at DATE: 2003-05-05 12:00:00 UTC        
 READ IN fields at DATE: 2003-05-05 18:00:00 UTC        
 READ IN fields at DATE: 2003-05-06 00:00:00 UTC        
 READ IN fields at DATE: 2003-05-06 06:00:00 UTC        
 READ IN fields at DATE: 2003-05-06 12:00:00 UTC        
 READ IN fields at DATE: 2003-05-06 18:00:00 UTC        
 READ IN fields at DATE: 2003-05-07 00:00:00 UTC        
 READ IN fields at DATE: 2003-05-07 06:00:00 UTC        
 READ IN fields at DATE: 2003-05-07 12:00:00 UTC        
 READ IN fields at DATE: 2003-05-07 18:00:00 UTC        
 READ IN fields at DATE: 2003-05-08 00:00:00 UTC        
 READ IN fields at DATE: 2003-05-08 06:00:00 UTC        
 READ IN fields at DATE: 2003-05-08 12:00:00 UTC        
 READ IN fields at DATE: 2003-05-08 18:00:00 UTC        
 READ IN fields at DATE: 2003-05-09 00:00:00 UTC        
 READ IN fields at DATE: 2003-05-09 06:00:00 UTC        
 READ IN fields at DATE: 2003-05-09 12:00:00 UTC        
 READ IN fields at DATE: 2003-05-09 18:00:00 UTC        
 READ IN fields at DATE: 2003-05-10 00:00:00 UTC        
 READ IN fields at DATE: 2003-05-10 06:00:00 UTC        
 READ IN fields at DATE: 2003-05-10 12:00:00 UTC        
 READ IN fields at DATE: 2003-05-10 18:00:00 UTC        
 READ IN fields at DATE: 2003-05-11 00:00:00 UTC        
 READ IN fields at DATE: 2003-05-11 06:00:00 UTC        
 READ IN fields at DATE: 2003-05-11 12:00:00 UTC        
 READ IN fields at DATE: 2003-05-11 18:00:00 UTC        
 READ IN fields at DATE: 2003-05-12 00:00:00 UTC        
 READ IN fields at DATE: 2003-05-12 06:00:00 UTC        
 READ IN fields at DATE: 2003-05-12 12:00:00 UTC        
 READ IN fields at DATE: 2003-05-12 18:00:00 UTC        
 READ IN fields at DATE: 2003-05-13 00:00:00 UTC        
 READ IN fields at DATE: 2003-05-13 06:00:00 UTC        
 READ IN fields at DATE: 2003-05-13 12:00:00 UTC        
 READ IN fields at DATE: 2003-05-13 18:00:00 UTC        
 READ IN fields at DATE: 2003-05-14 00:00:00 UTC        
 READ IN fields at DATE: 2003-05-14 06:00:00 UTC        
 READ IN fields at DATE: 2003-05-14 12:00:00 UTC        
 READ IN fields at DATE: 2003-05-14 18:00:00 UTC        
 READ IN fields at DATE: 2003-05-15 00:00:00 UTC        
 READ IN fields at DATE: 2003-05-15 06:00:00 UTC        
 READ IN fields at DATE: 2003-05-15 12:00:00 UTC        
 READ IN fields at DATE: 2003-05-15 18:00:00 UTC        
 READ IN fields at DATE: 2003-05-16 00:00:00 UTC        
 READ IN fields at DATE: 2003-05-16 06:00:00 UTC        
 READ IN fields at DATE: 2003-05-16 12:00:00 UTC        
 READ IN fields at DATE: 2003-05-16 18:00:00 UTC        
 READ IN fields at DATE: 2003-05-17 00:00:00 UTC        
 READ IN fields at DATE: 2003-05-17 06:00:00 UTC        
 READ IN fields at DATE: 2003-05-17 12:00:00 UTC        
 READ IN fields at DATE: 2003-05-17 18:00:00 UTC        
 READ IN fields at DATE: 2003-05-18 00:00:00 UTC        
 READ IN fields at DATE: 2003-05-18 06:00:00 UTC        
 READ IN fields at DATE: 2003-05-18 12:00:00 UTC        
 READ IN fields at DATE: 2003-05-18 18:00:00 UTC        
 READ IN fields at DATE: 2003-05-19 00:00:00 UTC        
 READ IN fields at DATE: 2003-05-19 06:00:00 UTC        
 READ IN fields at DATE: 2003-05-19 12:00:00 UTC        
 READ IN fields at DATE: 2003-05-19 18:00:00 UTC        
 READ IN fields at DATE: 2003-05-20 00:00:00 UTC        
 READ IN fields at DATE: 2003-05-20 06:00:00 UTC        
 READ IN fields at DATE: 2003-05-20 12:00:00 UTC        
 READ IN fields at DATE: 2003-05-20 18:00:00 UTC        
 READ IN fields at DATE: 2003-05-21 00:00:00 UTC        
 READ IN fields at DATE: 2003-05-21 06:00:00 UTC        
 READ IN fields at DATE: 2003-05-21 12:00:00 UTC        
 READ IN fields at DATE: 2003-05-21 18:00:00 UTC        
 READ IN fields at DATE: 2003-05-22 00:00:00 UTC        
 READ IN fields at DATE: 2003-05-22 06:00:00 UTC        
 READ IN fields at DATE: 2003-05-22 12:00:00 UTC        
 READ IN fields at DATE: 2003-05-22 18:00:00 UTC        
 READ IN fields at DATE: 2003-05-23 00:00:00 UTC        
 READ IN fields at DATE: 2003-05-23 06:00:00 UTC        
 READ IN fields at DATE: 2003-05-23 12:00:00 UTC        
 READ IN fields at DATE: 2003-05-23 18:00:00 UTC        
 READ IN fields at DATE: 2003-05-24 00:00:00 UTC        
 READ IN fields at DATE: 2003-05-24 06:00:00 UTC        
 READ IN fields at DATE: 2003-05-24 12:00:00 UTC        
 READ IN fields at DATE: 2003-05-24 18:00:00 UTC        
 READ IN fields at DATE: 2003-05-25 00:00:00 UTC        
 READ IN fields at DATE: 2003-05-25 06:00:00 UTC        
 READ IN fields at DATE: 2003-05-25 12:00:00 UTC        
 READ IN fields at DATE: 2003-05-25 18:00:00 UTC        
 READ IN fields at DATE: 2003-05-26 00:00:00 UTC        
 READ IN fields at DATE: 2003-05-26 06:00:00 UTC        
 READ IN fields at DATE: 2003-05-26 12:00:00 UTC        
 READ IN fields at DATE: 2003-05-26 18:00:00 UTC        
 READ IN fields at DATE: 2003-05-27 00:00:00 UTC        
 READ IN fields at DATE: 2003-05-27 06:00:00 UTC        
 READ IN fields at DATE: 2003-05-27 12:00:00 UTC        
 READ IN fields at DATE: 2003-05-27 18:00:00 UTC        
 READ IN fields at DATE: 2003-05-28 00:00:00 UTC        
 READ IN fields at DATE: 2003-05-28 06:00:00 UTC        
 READ IN fields at DATE: 2003-05-28 12:00:00 UTC        
 READ IN fields at DATE: 2003-05-28 18:00:00 UTC        
 READ IN fields at DATE: 2003-05-29 00:00:00 UTC        
 READ IN fields at DATE: 2003-05-29 06:00:00 UTC        
 READ IN fields at DATE: 2003-05-29 12:00:00 UTC        
 READ IN fields at DATE: 2003-05-29 18:00:00 UTC        
 READ IN fields at DATE: 2003-05-30 00:00:00 UTC        
 READ IN fields at DATE: 2003-05-30 06:00:00 UTC        
 READ IN fields at DATE: 2003-05-30 12:00:00 UTC        
 READ IN fields at DATE: 2003-05-30 18:00:00 UTC        
 READ IN fields at DATE: 2003-05-31 00:00:00 UTC        
 READ IN fields at DATE: 2003-05-31 06:00:00 UTC        
 READ IN fields at DATE: 2003-05-31 12:00:00 UTC        
 READ IN fields at DATE: 2003-05-31 18:00:00 UTC        
      131072 /leonardo_work/ICT24_ESP/RCMDATA//ERA5/2003/tatm_2003_06.nc
  2.253659089888992E-003   249.873224671920     
      196608 /leonardo_work/ICT24_ESP/RCMDATA//ERA5/2003/geop_2003_06.nc
   7.61051135496620        244050.436931823     
      262144 /leonardo_work/ICT24_ESP/RCMDATA//ERA5/2003/qhum_2003_06.nc
  4.436634724108741E-007  1.446813798786628E-002
      327680 /leonardo_work/ICT24_ESP/RCMDATA//ERA5/2003/uwnd_2003_06.nc
  3.764732316250734E-003   51.8188726387247     
      393216 /leonardo_work/ICT24_ESP/RCMDATA//ERA5/2003/vwnd_2003_06.nc
  2.477813781707546E-003  0.491070663421646     
 READ IN fields at DATE: 2003-06-01 00:00:00 UTC        
 READ IN fields at DATE: 2003-06-01 06:00:00 UTC        
 READ IN fields at DATE: 2003-06-01 12:00:00 UTC        
 READ IN fields at DATE: 2003-06-01 18:00:00 UTC        
 READ IN fields at DATE: 2003-06-02 00:00:00 UTC        
 READ IN fields at DATE: 2003-06-02 06:00:00 UTC        
 READ IN fields at DATE: 2003-06-02 12:00:00 UTC        
 READ IN fields at DATE: 2003-06-02 18:00:00 UTC        
 READ IN fields at DATE: 2003-06-03 00:00:00 UTC        
 READ IN fields at DATE: 2003-06-03 06:00:00 UTC        
 READ IN fields at DATE: 2003-06-03 12:00:00 UTC        
 READ IN fields at DATE: 2003-06-03 18:00:00 UTC        
 READ IN fields at DATE: 2003-06-04 00:00:00 UTC        
 READ IN fields at DATE: 2003-06-04 06:00:00 UTC        
 READ IN fields at DATE: 2003-06-04 12:00:00 UTC        
 READ IN fields at DATE: 2003-06-04 18:00:00 UTC        
 READ IN fields at DATE: 2003-06-05 00:00:00 UTC        
 READ IN fields at DATE: 2003-06-05 06:00:00 UTC        
 READ IN fields at DATE: 2003-06-05 12:00:00 UTC        
 READ IN fields at DATE: 2003-06-05 18:00:00 UTC        
 READ IN fields at DATE: 2003-06-06 00:00:00 UTC        
 READ IN fields at DATE: 2003-06-06 06:00:00 UTC        
 READ IN fields at DATE: 2003-06-06 12:00:00 UTC        
 READ IN fields at DATE: 2003-06-06 18:00:00 UTC        
 READ IN fields at DATE: 2003-06-07 00:00:00 UTC        
 READ IN fields at DATE: 2003-06-07 06:00:00 UTC        
 READ IN fields at DATE: 2003-06-07 12:00:00 UTC        
 READ IN fields at DATE: 2003-06-07 18:00:00 UTC        
 READ IN fields at DATE: 2003-06-08 00:00:00 UTC        
 READ IN fields at DATE: 2003-06-08 06:00:00 UTC        
 READ IN fields at DATE: 2003-06-08 12:00:00 UTC        
 READ IN fields at DATE: 2003-06-08 18:00:00 UTC        
 READ IN fields at DATE: 2003-06-09 00:00:00 UTC        
 READ IN fields at DATE: 2003-06-09 06:00:00 UTC        
 READ IN fields at DATE: 2003-06-09 12:00:00 UTC        
 READ IN fields at DATE: 2003-06-09 18:00:00 UTC        
 READ IN fields at DATE: 2003-06-10 00:00:00 UTC        
 READ IN fields at DATE: 2003-06-10 06:00:00 UTC        
 READ IN fields at DATE: 2003-06-10 12:00:00 UTC        
 READ IN fields at DATE: 2003-06-10 18:00:00 UTC        
 READ IN fields at DATE: 2003-06-11 00:00:00 UTC        
 READ IN fields at DATE: 2003-06-11 06:00:00 UTC        
 READ IN fields at DATE: 2003-06-11 12:00:00 UTC        
 READ IN fields at DATE: 2003-06-11 18:00:00 UTC        
 READ IN fields at DATE: 2003-06-12 00:00:00 UTC        
 READ IN fields at DATE: 2003-06-12 06:00:00 UTC        
 READ IN fields at DATE: 2003-06-12 12:00:00 UTC        
 READ IN fields at DATE: 2003-06-12 18:00:00 UTC        
 READ IN fields at DATE: 2003-06-13 00:00:00 UTC        
 READ IN fields at DATE: 2003-06-13 06:00:00 UTC        
 READ IN fields at DATE: 2003-06-13 12:00:00 UTC        
 READ IN fields at DATE: 2003-06-13 18:00:00 UTC        
 READ IN fields at DATE: 2003-06-14 00:00:00 UTC        
 READ IN fields at DATE: 2003-06-14 06:00:00 UTC        
 READ IN fields at DATE: 2003-06-14 12:00:00 UTC        
 READ IN fields at DATE: 2003-06-14 18:00:00 UTC        
 READ IN fields at DATE: 2003-06-15 00:00:00 UTC        
 READ IN fields at DATE: 2003-06-15 06:00:00 UTC        
 READ IN fields at DATE: 2003-06-15 12:00:00 UTC        
 READ IN fields at DATE: 2003-06-15 18:00:00 UTC        
 READ IN fields at DATE: 2003-06-16 00:00:00 UTC        
 READ IN fields at DATE: 2003-06-16 06:00:00 UTC        
 READ IN fields at DATE: 2003-06-16 12:00:00 UTC        
 READ IN fields at DATE: 2003-06-16 18:00:00 UTC        
 READ IN fields at DATE: 2003-06-17 00:00:00 UTC        
 READ IN fields at DATE: 2003-06-17 06:00:00 UTC        
 READ IN fields at DATE: 2003-06-17 12:00:00 UTC        
 READ IN fields at DATE: 2003-06-17 18:00:00 UTC        
 READ IN fields at DATE: 2003-06-18 00:00:00 UTC        
 READ IN fields at DATE: 2003-06-18 06:00:00 UTC        
 READ IN fields at DATE: 2003-06-18 12:00:00 UTC        
 READ IN fields at DATE: 2003-06-18 18:00:00 UTC        
 READ IN fields at DATE: 2003-06-19 00:00:00 UTC        
 READ IN fields at DATE: 2003-06-19 06:00:00 UTC        
 READ IN fields at DATE: 2003-06-19 12:00:00 UTC        
 READ IN fields at DATE: 2003-06-19 18:00:00 UTC        
 READ IN fields at DATE: 2003-06-20 00:00:00 UTC        
 READ IN fields at DATE: 2003-06-20 06:00:00 UTC        
 READ IN fields at DATE: 2003-06-20 12:00:00 UTC        
 READ IN fields at DATE: 2003-06-20 18:00:00 UTC        
 READ IN fields at DATE: 2003-06-21 00:00:00 UTC        
 READ IN fields at DATE: 2003-06-21 06:00:00 UTC        
 READ IN fields at DATE: 2003-06-21 12:00:00 UTC        
 READ IN fields at DATE: 2003-06-21 18:00:00 UTC        
 READ IN fields at DATE: 2003-06-22 00:00:00 UTC        
 READ IN fields at DATE: 2003-06-22 06:00:00 UTC        
 READ IN fields at DATE: 2003-06-22 12:00:00 UTC        
 READ IN fields at DATE: 2003-06-22 18:00:00 UTC        
 READ IN fields at DATE: 2003-06-23 00:00:00 UTC        
 READ IN fields at DATE: 2003-06-23 06:00:00 UTC        
 READ IN fields at DATE: 2003-06-23 12:00:00 UTC        
 READ IN fields at DATE: 2003-06-23 18:00:00 UTC        
 READ IN fields at DATE: 2003-06-24 00:00:00 UTC        
 READ IN fields at DATE: 2003-06-24 06:00:00 UTC        
 READ IN fields at DATE: 2003-06-24 12:00:00 UTC        
 READ IN fields at DATE: 2003-06-24 18:00:00 UTC        
 READ IN fields at DATE: 2003-06-25 00:00:00 UTC        
 READ IN fields at DATE: 2003-06-25 06:00:00 UTC        
 READ IN fields at DATE: 2003-06-25 12:00:00 UTC        
 READ IN fields at DATE: 2003-06-25 18:00:00 UTC        
 READ IN fields at DATE: 2003-06-26 00:00:00 UTC        
 READ IN fields at DATE: 2003-06-26 06:00:00 UTC        
 READ IN fields at DATE: 2003-06-26 12:00:00 UTC        
 READ IN fields at DATE: 2003-06-26 18:00:00 UTC        
 READ IN fields at DATE: 2003-06-27 00:00:00 UTC        
 READ IN fields at DATE: 2003-06-27 06:00:00 UTC        
 READ IN fields at DATE: 2003-06-27 12:00:00 UTC        
 READ IN fields at DATE: 2003-06-27 18:00:00 UTC        
 READ IN fields at DATE: 2003-06-28 00:00:00 UTC        
 READ IN fields at DATE: 2003-06-28 06:00:00 UTC        
 READ IN fields at DATE: 2003-06-28 12:00:00 UTC        
 READ IN fields at DATE: 2003-06-28 18:00:00 UTC        
 READ IN fields at DATE: 2003-06-29 00:00:00 UTC        
 READ IN fields at DATE: 2003-06-29 06:00:00 UTC        
 READ IN fields at DATE: 2003-06-29 12:00:00 UTC        
 READ IN fields at DATE: 2003-06-29 18:00:00 UTC        
 READ IN fields at DATE: 2003-06-30 00:00:00 UTC        
 READ IN fields at DATE: 2003-06-30 06:00:00 UTC        
 READ IN fields at DATE: 2003-06-30 12:00:00 UTC        
 READ IN fields at DATE: 2003-06-30 18:00:00 UTC        
      131072 /leonardo_work/ICT24_ESP/RCMDATA//ERA5/2003/tatm_2003_07.nc
  2.270085578082440E-003   250.576448270199     
      196608 /leonardo_work/ICT24_ESP/RCMDATA//ERA5/2003/geop_2003_07.nc
   7.62621217554515        243612.655643912     
      262144 /leonardo_work/ICT24_ESP/RCMDATA//ERA5/2003/qhum_2003_07.nc
  4.246187155449629E-007  1.387483612633554E-002
      327680 /leonardo_work/ICT24_ESP/RCMDATA//ERA5/2003/uwnd_2003_07.nc
  4.108286863673407E-003   66.1361294503182     
      393216 /leonardo_work/ICT24_ESP/RCMDATA//ERA5/2003/vwnd_2003_07.nc
  2.524972760548002E-003  -1.90451413432949     
 READ IN fields at DATE: 2003-07-01 00:00:00 UTC        
 READ IN fields at DATE: 2003-07-01 06:00:00 UTC        
 READ IN fields at DATE: 2003-07-01 12:00:00 UTC        
 READ IN fields at DATE: 2003-07-01 18:00:00 UTC        
 READ IN fields at DATE: 2003-07-02 00:00:00 UTC        
 READ IN fields at DATE: 2003-07-02 06:00:00 UTC        
 READ IN fields at DATE: 2003-07-02 12:00:00 UTC        
 READ IN fields at DATE: 2003-07-02 18:00:00 UTC        
 READ IN fields at DATE: 2003-07-03 00:00:00 UTC        
 READ IN fields at DATE: 2003-07-03 06:00:00 UTC        
 READ IN fields at DATE: 2003-07-03 12:00:00 UTC        
 READ IN fields at DATE: 2003-07-03 18:00:00 UTC        
 READ IN fields at DATE: 2003-07-04 00:00:00 UTC        
 READ IN fields at DATE: 2003-07-04 06:00:00 UTC        
 READ IN fields at DATE: 2003-07-04 12:00:00 UTC        
 READ IN fields at DATE: 2003-07-04 18:00:00 UTC        
 READ IN fields at DATE: 2003-07-05 00:00:00 UTC        
 READ IN fields at DATE: 2003-07-05 06:00:00 UTC        
 READ IN fields at DATE: 2003-07-05 12:00:00 UTC        
 READ IN fields at DATE: 2003-07-05 18:00:00 UTC        
 READ IN fields at DATE: 2003-07-06 00:00:00 UTC        
 READ IN fields at DATE: 2003-07-06 06:00:00 UTC        
 READ IN fields at DATE: 2003-07-06 12:00:00 UTC        
 READ IN fields at DATE: 2003-07-06 18:00:00 UTC        
 READ IN fields at DATE: 2003-07-07 00:00:00 UTC        
 READ IN fields at DATE: 2003-07-07 06:00:00 UTC        
 READ IN fields at DATE: 2003-07-07 12:00:00 UTC        
 READ IN fields at DATE: 2003-07-07 18:00:00 UTC        
 READ IN fields at DATE: 2003-07-08 00:00:00 UTC        
 READ IN fields at DATE: 2003-07-08 06:00:00 UTC        
 READ IN fields at DATE: 2003-07-08 12:00:00 UTC        
 READ IN fields at DATE: 2003-07-08 18:00:00 UTC        
 READ IN fields at DATE: 2003-07-09 00:00:00 UTC        
 READ IN fields at DATE: 2003-07-09 06:00:00 UTC        
 READ IN fields at DATE: 2003-07-09 12:00:00 UTC        
 READ IN fields at DATE: 2003-07-09 18:00:00 UTC        
 READ IN fields at DATE: 2003-07-10 00:00:00 UTC        
 READ IN fields at DATE: 2003-07-10 06:00:00 UTC        
 READ IN fields at DATE: 2003-07-10 12:00:00 UTC        
 READ IN fields at DATE: 2003-07-10 18:00:00 UTC        
 READ IN fields at DATE: 2003-07-11 00:00:00 UTC        
 READ IN fields at DATE: 2003-07-11 06:00:00 UTC        
 READ IN fields at DATE: 2003-07-11 12:00:00 UTC        
 READ IN fields at DATE: 2003-07-11 18:00:00 UTC        
 READ IN fields at DATE: 2003-07-12 00:00:00 UTC        
 READ IN fields at DATE: 2003-07-12 06:00:00 UTC        
 READ IN fields at DATE: 2003-07-12 12:00:00 UTC        
 READ IN fields at DATE: 2003-07-12 18:00:00 UTC        
 READ IN fields at DATE: 2003-07-13 00:00:00 UTC        
 READ IN fields at DATE: 2003-07-13 06:00:00 UTC        
 READ IN fields at DATE: 2003-07-13 12:00:00 UTC        
 READ IN fields at DATE: 2003-07-13 18:00:00 UTC        
 READ IN fields at DATE: 2003-07-14 00:00:00 UTC        
 READ IN fields at DATE: 2003-07-14 06:00:00 UTC        
 READ IN fields at DATE: 2003-07-14 12:00:00 UTC        
 READ IN fields at DATE: 2003-07-14 18:00:00 UTC        
 READ IN fields at DATE: 2003-07-15 00:00:00 UTC        
 READ IN fields at DATE: 2003-07-15 06:00:00 UTC        
 READ IN fields at DATE: 2003-07-15 12:00:00 UTC        
 READ IN fields at DATE: 2003-07-15 18:00:00 UTC        
 READ IN fields at DATE: 2003-07-16 00:00:00 UTC        
 READ IN fields at DATE: 2003-07-16 06:00:00 UTC        
 READ IN fields at DATE: 2003-07-16 12:00:00 UTC        
 READ IN fields at DATE: 2003-07-16 18:00:00 UTC        
 READ IN fields at DATE: 2003-07-17 00:00:00 UTC        
 READ IN fields at DATE: 2003-07-17 06:00:00 UTC        
 READ IN fields at DATE: 2003-07-17 12:00:00 UTC        
 READ IN fields at DATE: 2003-07-17 18:00:00 UTC        
 READ IN fields at DATE: 2003-07-18 00:00:00 UTC        
 READ IN fields at DATE: 2003-07-18 06:00:00 UTC        
 READ IN fields at DATE: 2003-07-18 12:00:00 UTC        
 READ IN fields at DATE: 2003-07-18 18:00:00 UTC        
 READ IN fields at DATE: 2003-07-19 00:00:00 UTC        
 READ IN fields at DATE: 2003-07-19 06:00:00 UTC        
 READ IN fields at DATE: 2003-07-19 12:00:00 UTC        
 READ IN fields at DATE: 2003-07-19 18:00:00 UTC        
 READ IN fields at DATE: 2003-07-20 00:00:00 UTC        
 READ IN fields at DATE: 2003-07-20 06:00:00 UTC        
 READ IN fields at DATE: 2003-07-20 12:00:00 UTC        
 READ IN fields at DATE: 2003-07-20 18:00:00 UTC        
 READ IN fields at DATE: 2003-07-21 00:00:00 UTC        
 READ IN fields at DATE: 2003-07-21 06:00:00 UTC        
 READ IN fields at DATE: 2003-07-21 12:00:00 UTC        
 READ IN fields at DATE: 2003-07-21 18:00:00 UTC        
 READ IN fields at DATE: 2003-07-22 00:00:00 UTC        
 READ IN fields at DATE: 2003-07-22 06:00:00 UTC        
 READ IN fields at DATE: 2003-07-22 12:00:00 UTC        
 READ IN fields at DATE: 2003-07-22 18:00:00 UTC        
 READ IN fields at DATE: 2003-07-23 00:00:00 UTC        
 READ IN fields at DATE: 2003-07-23 06:00:00 UTC        
 READ IN fields at DATE: 2003-07-23 12:00:00 UTC        
 READ IN fields at DATE: 2003-07-23 18:00:00 UTC        
 READ IN fields at DATE: 2003-07-24 00:00:00 UTC        
 READ IN fields at DATE: 2003-07-24 06:00:00 UTC        
 READ IN fields at DATE: 2003-07-24 12:00:00 UTC        
 READ IN fields at DATE: 2003-07-24 18:00:00 UTC        
 READ IN fields at DATE: 2003-07-25 00:00:00 UTC        
 READ IN fields at DATE: 2003-07-25 06:00:00 UTC        
 READ IN fields at DATE: 2003-07-25 12:00:00 UTC        
 READ IN fields at DATE: 2003-07-25 18:00:00 UTC        
 READ IN fields at DATE: 2003-07-26 00:00:00 UTC        
 READ IN fields at DATE: 2003-07-26 06:00:00 UTC        
 READ IN fields at DATE: 2003-07-26 12:00:00 UTC        
 READ IN fields at DATE: 2003-07-26 18:00:00 UTC        
 READ IN fields at DATE: 2003-07-27 00:00:00 UTC        
 READ IN fields at DATE: 2003-07-27 06:00:00 UTC        
 READ IN fields at DATE: 2003-07-27 12:00:00 UTC        
 READ IN fields at DATE: 2003-07-27 18:00:00 UTC        
 READ IN fields at DATE: 2003-07-28 00:00:00 UTC        
 READ IN fields at DATE: 2003-07-28 06:00:00 UTC        
 READ IN fields at DATE: 2003-07-28 12:00:00 UTC        
 READ IN fields at DATE: 2003-07-28 18:00:00 UTC        
 READ IN fields at DATE: 2003-07-29 00:00:00 UTC        
 READ IN fields at DATE: 2003-07-29 06:00:00 UTC        
 READ IN fields at DATE: 2003-07-29 12:00:00 UTC        
 READ IN fields at DATE: 2003-07-29 18:00:00 UTC        
 READ IN fields at DATE: 2003-07-30 00:00:00 UTC        
 READ IN fields at DATE: 2003-07-30 06:00:00 UTC        
 READ IN fields at DATE: 2003-07-30 12:00:00 UTC        
 READ IN fields at DATE: 2003-07-30 18:00:00 UTC        
 READ IN fields at DATE: 2003-07-31 00:00:00 UTC        
 READ IN fields at DATE: 2003-07-31 06:00:00 UTC        
 READ IN fields at DATE: 2003-07-31 12:00:00 UTC        
 READ IN fields at DATE: 2003-07-31 18:00:00 UTC        
      131072 /leonardo_work/ICT24_ESP/RCMDATA//ERA5/2003/tatm_2003_08.nc
  2.323465377995986E-003   248.003209910377     
      196608 /leonardo_work/ICT24_ESP/RCMDATA//ERA5/2003/geop_2003_08.nc
   7.54810297149909        241769.059932889     
      262144 /leonardo_work/ICT24_ESP/RCMDATA//ERA5/2003/qhum_2003_08.nc
  4.751144695121398E-007  1.550695983592788E-002
      327680 /leonardo_work/ICT24_ESP/RCMDATA//ERA5/2003/uwnd_2003_08.nc
  4.116747850915760E-003   61.3705307374027     
      393216 /leonardo_work/ICT24_ESP/RCMDATA//ERA5/2003/vwnd_2003_08.nc
  3.531844678548761E-003  -2.68600817087443     
 READ IN fields at DATE: 2003-08-01 00:00:00 UTC        
 READ IN fields at DATE: 2003-08-01 06:00:00 UTC        
 READ IN fields at DATE: 2003-08-01 12:00:00 UTC        
 READ IN fields at DATE: 2003-08-01 18:00:00 UTC        
 READ IN fields at DATE: 2003-08-02 00:00:00 UTC        
 READ IN fields at DATE: 2003-08-02 06:00:00 UTC        
 READ IN fields at DATE: 2003-08-02 12:00:00 UTC        
 READ IN fields at DATE: 2003-08-02 18:00:00 UTC        
 READ IN fields at DATE: 2003-08-03 00:00:00 UTC        
 READ IN fields at DATE: 2003-08-03 06:00:00 UTC        
 READ IN fields at DATE: 2003-08-03 12:00:00 UTC        
 READ IN fields at DATE: 2003-08-03 18:00:00 UTC        
 READ IN fields at DATE: 2003-08-04 00:00:00 UTC        
 READ IN fields at DATE: 2003-08-04 06:00:00 UTC        
 READ IN fields at DATE: 2003-08-04 12:00:00 UTC        
 READ IN fields at DATE: 2003-08-04 18:00:00 UTC        
 READ IN fields at DATE: 2003-08-05 00:00:00 UTC        
 READ IN fields at DATE: 2003-08-05 06:00:00 UTC        
 READ IN fields at DATE: 2003-08-05 12:00:00 UTC        
 READ IN fields at DATE: 2003-08-05 18:00:00 UTC        
 READ IN fields at DATE: 2003-08-06 00:00:00 UTC        
 READ IN fields at DATE: 2003-08-06 06:00:00 UTC        
 READ IN fields at DATE: 2003-08-06 12:00:00 UTC        
 READ IN fields at DATE: 2003-08-06 18:00:00 UTC        
 READ IN fields at DATE: 2003-08-07 00:00:00 UTC        
 READ IN fields at DATE: 2003-08-07 06:00:00 UTC        
 READ IN fields at DATE: 2003-08-07 12:00:00 UTC        
 READ IN fields at DATE: 2003-08-07 18:00:00 UTC        
 READ IN fields at DATE: 2003-08-08 00:00:00 UTC        
 READ IN fields at DATE: 2003-08-08 06:00:00 UTC        
 READ IN fields at DATE: 2003-08-08 12:00:00 UTC        
 READ IN fields at DATE: 2003-08-08 18:00:00 UTC        
 READ IN fields at DATE: 2003-08-09 00:00:00 UTC        
 READ IN fields at DATE: 2003-08-09 06:00:00 UTC        
 READ IN fields at DATE: 2003-08-09 12:00:00 UTC        
 READ IN fields at DATE: 2003-08-09 18:00:00 UTC        
 READ IN fields at DATE: 2003-08-10 00:00:00 UTC        
 READ IN fields at DATE: 2003-08-10 06:00:00 UTC        
 READ IN fields at DATE: 2003-08-10 12:00:00 UTC        
 READ IN fields at DATE: 2003-08-10 18:00:00 UTC        
 READ IN fields at DATE: 2003-08-11 00:00:00 UTC        
 READ IN fields at DATE: 2003-08-11 06:00:00 UTC        
 READ IN fields at DATE: 2003-08-11 12:00:00 UTC        
 READ IN fields at DATE: 2003-08-11 18:00:00 UTC        
 READ IN fields at DATE: 2003-08-12 00:00:00 UTC        
 READ IN fields at DATE: 2003-08-12 06:00:00 UTC        
 READ IN fields at DATE: 2003-08-12 12:00:00 UTC        
 READ IN fields at DATE: 2003-08-12 18:00:00 UTC        
 READ IN fields at DATE: 2003-08-13 00:00:00 UTC        
 READ IN fields at DATE: 2003-08-13 06:00:00 UTC        
 READ IN fields at DATE: 2003-08-13 12:00:00 UTC        
 READ IN fields at DATE: 2003-08-13 18:00:00 UTC        
 READ IN fields at DATE: 2003-08-14 00:00:00 UTC        
 READ IN fields at DATE: 2003-08-14 06:00:00 UTC        
 READ IN fields at DATE: 2003-08-14 12:00:00 UTC        
 READ IN fields at DATE: 2003-08-14 18:00:00 UTC        
 READ IN fields at DATE: 2003-08-15 00:00:00 UTC        
 READ IN fields at DATE: 2003-08-15 06:00:00 UTC        
 READ IN fields at DATE: 2003-08-15 12:00:00 UTC        
 READ IN fields at DATE: 2003-08-15 18:00:00 UTC        
 READ IN fields at DATE: 2003-08-16 00:00:00 UTC        
 READ IN fields at DATE: 2003-08-16 06:00:00 UTC        
 READ IN fields at DATE: 2003-08-16 12:00:00 UTC        
 READ IN fields at DATE: 2003-08-16 18:00:00 UTC        
 READ IN fields at DATE: 2003-08-17 00:00:00 UTC        
 READ IN fields at DATE: 2003-08-17 06:00:00 UTC        
 READ IN fields at DATE: 2003-08-17 12:00:00 UTC        
 READ IN fields at DATE: 2003-08-17 18:00:00 UTC        
 READ IN fields at DATE: 2003-08-18 00:00:00 UTC        
 READ IN fields at DATE: 2003-08-18 06:00:00 UTC        
 READ IN fields at DATE: 2003-08-18 12:00:00 UTC        
 READ IN fields at DATE: 2003-08-18 18:00:00 UTC        
 READ IN fields at DATE: 2003-08-19 00:00:00 UTC        
 READ IN fields at DATE: 2003-08-19 06:00:00 UTC        
 READ IN fields at DATE: 2003-08-19 12:00:00 UTC        
 READ IN fields at DATE: 2003-08-19 18:00:00 UTC        
 READ IN fields at DATE: 2003-08-20 00:00:00 UTC        
 READ IN fields at DATE: 2003-08-20 06:00:00 UTC        
 READ IN fields at DATE: 2003-08-20 12:00:00 UTC        
 READ IN fields at DATE: 2003-08-20 18:00:00 UTC        
 READ IN fields at DATE: 2003-08-21 00:00:00 UTC        
 READ IN fields at DATE: 2003-08-21 06:00:00 UTC        
 READ IN fields at DATE: 2003-08-21 12:00:00 UTC        
 READ IN fields at DATE: 2003-08-21 18:00:00 UTC        
 READ IN fields at DATE: 2003-08-22 00:00:00 UTC        
 READ IN fields at DATE: 2003-08-22 06:00:00 UTC        
 READ IN fields at DATE: 2003-08-22 12:00:00 UTC        
 READ IN fields at DATE: 2003-08-22 18:00:00 UTC        
 READ IN fields at DATE: 2003-08-23 00:00:00 UTC        
 READ IN fields at DATE: 2003-08-23 06:00:00 UTC        
 READ IN fields at DATE: 2003-08-23 12:00:00 UTC        
 READ IN fields at DATE: 2003-08-23 18:00:00 UTC        
 READ IN fields at DATE: 2003-08-24 00:00:00 UTC        
 READ IN fields at DATE: 2003-08-24 06:00:00 UTC        
 READ IN fields at DATE: 2003-08-24 12:00:00 UTC        
 READ IN fields at DATE: 2003-08-24 18:00:00 UTC        
 READ IN fields at DATE: 2003-08-25 00:00:00 UTC        
 READ IN fields at DATE: 2003-08-25 06:00:00 UTC        
 READ IN fields at DATE: 2003-08-25 12:00:00 UTC        
 READ IN fields at DATE: 2003-08-25 18:00:00 UTC        
 READ IN fields at DATE: 2003-08-26 00:00:00 UTC        
 READ IN fields at DATE: 2003-08-26 06:00:00 UTC        
 READ IN fields at DATE: 2003-08-26 12:00:00 UTC        
 READ IN fields at DATE: 2003-08-26 18:00:00 UTC        
 READ IN fields at DATE: 2003-08-27 00:00:00 UTC        
 READ IN fields at DATE: 2003-08-27 06:00:00 UTC        
 READ IN fields at DATE: 2003-08-27 12:00:00 UTC        
 READ IN fields at DATE: 2003-08-27 18:00:00 UTC        
 READ IN fields at DATE: 2003-08-28 00:00:00 UTC        
 READ IN fields at DATE: 2003-08-28 06:00:00 UTC        
 READ IN fields at DATE: 2003-08-28 12:00:00 UTC        
 READ IN fields at DATE: 2003-08-28 18:00:00 UTC        
 READ IN fields at DATE: 2003-08-29 00:00:00 UTC        
 READ IN fields at DATE: 2003-08-29 06:00:00 UTC        
 READ IN fields at DATE: 2003-08-29 12:00:00 UTC        
 READ IN fields at DATE: 2003-08-29 18:00:00 UTC        
 READ IN fields at DATE: 2003-08-30 00:00:00 UTC        
 READ IN fields at DATE: 2003-08-30 06:00:00 UTC        
 READ IN fields at DATE: 2003-08-30 12:00:00 UTC        
 READ IN fields at DATE: 2003-08-30 18:00:00 UTC        
 READ IN fields at DATE: 2003-08-31 00:00:00 UTC        
 READ IN fields at DATE: 2003-08-31 06:00:00 UTC        
 READ IN fields at DATE: 2003-08-31 12:00:00 UTC        
 READ IN fields at DATE: 2003-08-31 18:00:00 UTC        
      131072 /leonardo_work/ICT24_ESP/RCMDATA//ERA5/2003/tatm_2003_09.nc
  2.238808005946789E-003   246.594942302540     
      196608 /leonardo_work/ICT24_ESP/RCMDATA//ERA5/2003/geop_2003_09.nc
   7.36718642706728        235381.777344286     
      262144 /leonardo_work/ICT24_ESP/RCMDATA//ERA5/2003/qhum_2003_09.nc
  4.107580495010100E-007  1.339752566388978E-002
      327680 /leonardo_work/ICT24_ESP/RCMDATA//ERA5/2003/uwnd_2003_09.nc
  3.654602105731797E-003   38.5649146423065     
      393216 /leonardo_work/ICT24_ESP/RCMDATA//ERA5/2003/vwnd_2003_09.nc
  3.600799698854609E-003   10.0347215117717     
 READ IN fields at DATE: 2003-09-01 00:00:00 UTC        
 READ IN fields at DATE: 2003-09-01 06:00:00 UTC        
 READ IN fields at DATE: 2003-09-01 12:00:00 UTC        
 READ IN fields at DATE: 2003-09-01 18:00:00 UTC        
 READ IN fields at DATE: 2003-09-02 00:00:00 UTC        
 READ IN fields at DATE: 2003-09-02 06:00:00 UTC        
 READ IN fields at DATE: 2003-09-02 12:00:00 UTC        
 READ IN fields at DATE: 2003-09-02 18:00:00 UTC        
 READ IN fields at DATE: 2003-09-03 00:00:00 UTC        
 READ IN fields at DATE: 2003-09-03 06:00:00 UTC        
 READ IN fields at DATE: 2003-09-03 12:00:00 UTC        
 READ IN fields at DATE: 2003-09-03 18:00:00 UTC        
 READ IN fields at DATE: 2003-09-04 00:00:00 UTC        
 READ IN fields at DATE: 2003-09-04 06:00:00 UTC        
 READ IN fields at DATE: 2003-09-04 12:00:00 UTC        
 READ IN fields at DATE: 2003-09-04 18:00:00 UTC        
 READ IN fields at DATE: 2003-09-05 00:00:00 UTC        
 READ IN fields at DATE: 2003-09-05 06:00:00 UTC        
 READ IN fields at DATE: 2003-09-05 12:00:00 UTC        
 READ IN fields at DATE: 2003-09-05 18:00:00 UTC        
 READ IN fields at DATE: 2003-09-06 00:00:00 UTC        
 READ IN fields at DATE: 2003-09-06 06:00:00 UTC        
 READ IN fields at DATE: 2003-09-06 12:00:00 UTC        
 READ IN fields at DATE: 2003-09-06 18:00:00 UTC        
 READ IN fields at DATE: 2003-09-07 00:00:00 UTC        
 READ IN fields at DATE: 2003-09-07 06:00:00 UTC        
 READ IN fields at DATE: 2003-09-07 12:00:00 UTC        
 READ IN fields at DATE: 2003-09-07 18:00:00 UTC        
 READ IN fields at DATE: 2003-09-08 00:00:00 UTC        
 READ IN fields at DATE: 2003-09-08 06:00:00 UTC        
 READ IN fields at DATE: 2003-09-08 12:00:00 UTC        
 READ IN fields at DATE: 2003-09-08 18:00:00 UTC        
 READ IN fields at DATE: 2003-09-09 00:00:00 UTC        
 READ IN fields at DATE: 2003-09-09 06:00:00 UTC        
 READ IN fields at DATE: 2003-09-09 12:00:00 UTC        
 READ IN fields at DATE: 2003-09-09 18:00:00 UTC        
 READ IN fields at DATE: 2003-09-10 00:00:00 UTC        
 READ IN fields at DATE: 2003-09-10 06:00:00 UTC        
 READ IN fields at DATE: 2003-09-10 12:00:00 UTC        
 READ IN fields at DATE: 2003-09-10 18:00:00 UTC        
 READ IN fields at DATE: 2003-09-11 00:00:00 UTC        
 READ IN fields at DATE: 2003-09-11 06:00:00 UTC        
 READ IN fields at DATE: 2003-09-11 12:00:00 UTC        
 READ IN fields at DATE: 2003-09-11 18:00:00 UTC        
 READ IN fields at DATE: 2003-09-12 00:00:00 UTC        
 READ IN fields at DATE: 2003-09-12 06:00:00 UTC        
 READ IN fields at DATE: 2003-09-12 12:00:00 UTC        
 READ IN fields at DATE: 2003-09-12 18:00:00 UTC        
 READ IN fields at DATE: 2003-09-13 00:00:00 UTC        
 READ IN fields at DATE: 2003-09-13 06:00:00 UTC        
 READ IN fields at DATE: 2003-09-13 12:00:00 UTC        
 READ IN fields at DATE: 2003-09-13 18:00:00 UTC        
 READ IN fields at DATE: 2003-09-14 00:00:00 UTC        
 READ IN fields at DATE: 2003-09-14 06:00:00 UTC        
 READ IN fields at DATE: 2003-09-14 12:00:00 UTC        
 READ IN fields at DATE: 2003-09-14 18:00:00 UTC        
 READ IN fields at DATE: 2003-09-15 00:00:00 UTC        
 READ IN fields at DATE: 2003-09-15 06:00:00 UTC        
 READ IN fields at DATE: 2003-09-15 12:00:00 UTC        
 READ IN fields at DATE: 2003-09-15 18:00:00 UTC        
 READ IN fields at DATE: 2003-09-16 00:00:00 UTC        
 READ IN fields at DATE: 2003-09-16 06:00:00 UTC        
 READ IN fields at DATE: 2003-09-16 12:00:00 UTC        
 READ IN fields at DATE: 2003-09-16 18:00:00 UTC        
 READ IN fields at DATE: 2003-09-17 00:00:00 UTC        
 READ IN fields at DATE: 2003-09-17 06:00:00 UTC        
 READ IN fields at DATE: 2003-09-17 12:00:00 UTC        
 READ IN fields at DATE: 2003-09-17 18:00:00 UTC        
 READ IN fields at DATE: 2003-09-18 00:00:00 UTC        
 READ IN fields at DATE: 2003-09-18 06:00:00 UTC        
 READ IN fields at DATE: 2003-09-18 12:00:00 UTC        
 READ IN fields at DATE: 2003-09-18 18:00:00 UTC        
 READ IN fields at DATE: 2003-09-19 00:00:00 UTC        
 READ IN fields at DATE: 2003-09-19 06:00:00 UTC        
 READ IN fields at DATE: 2003-09-19 12:00:00 UTC        
 READ IN fields at DATE: 2003-09-19 18:00:00 UTC        
 READ IN fields at DATE: 2003-09-20 00:00:00 UTC        
 READ IN fields at DATE: 2003-09-20 06:00:00 UTC        
 READ IN fields at DATE: 2003-09-20 12:00:00 UTC        
 READ IN fields at DATE: 2003-09-20 18:00:00 UTC        
 READ IN fields at DATE: 2003-09-21 00:00:00 UTC        
 READ IN fields at DATE: 2003-09-21 06:00:00 UTC        
 READ IN fields at DATE: 2003-09-21 12:00:00 UTC        
 READ IN fields at DATE: 2003-09-21 18:00:00 UTC        
 READ IN fields at DATE: 2003-09-22 00:00:00 UTC        
 READ IN fields at DATE: 2003-09-22 06:00:00 UTC        
 READ IN fields at DATE: 2003-09-22 12:00:00 UTC        
 READ IN fields at DATE: 2003-09-22 18:00:00 UTC        
 READ IN fields at DATE: 2003-09-23 00:00:00 UTC        
 READ IN fields at DATE: 2003-09-23 06:00:00 UTC        
 READ IN fields at DATE: 2003-09-23 12:00:00 UTC        
 READ IN fields at DATE: 2003-09-23 18:00:00 UTC        
 READ IN fields at DATE: 2003-09-24 00:00:00 UTC        
 READ IN fields at DATE: 2003-09-24 06:00:00 UTC        
 READ IN fields at DATE: 2003-09-24 12:00:00 UTC        
 READ IN fields at DATE: 2003-09-24 18:00:00 UTC        
 READ IN fields at DATE: 2003-09-25 00:00:00 UTC        
 READ IN fields at DATE: 2003-09-25 06:00:00 UTC        
 READ IN fields at DATE: 2003-09-25 12:00:00 UTC        
 READ IN fields at DATE: 2003-09-25 18:00:00 UTC        
 READ IN fields at DATE: 2003-09-26 00:00:00 UTC        
 READ IN fields at DATE: 2003-09-26 06:00:00 UTC        
 READ IN fields at DATE: 2003-09-26 12:00:00 UTC        
 READ IN fields at DATE: 2003-09-26 18:00:00 UTC        
 READ IN fields at DATE: 2003-09-27 00:00:00 UTC        
 READ IN fields at DATE: 2003-09-27 06:00:00 UTC        
 READ IN fields at DATE: 2003-09-27 12:00:00 UTC        
 READ IN fields at DATE: 2003-09-27 18:00:00 UTC        
 READ IN fields at DATE: 2003-09-28 00:00:00 UTC        
 READ IN fields at DATE: 2003-09-28 06:00:00 UTC        
 READ IN fields at DATE: 2003-09-28 12:00:00 UTC        
 READ IN fields at DATE: 2003-09-28 18:00:00 UTC        
 READ IN fields at DATE: 2003-09-29 00:00:00 UTC        
 READ IN fields at DATE: 2003-09-29 06:00:00 UTC        
 READ IN fields at DATE: 2003-09-29 12:00:00 UTC        
 READ IN fields at DATE: 2003-09-29 18:00:00 UTC        
 READ IN fields at DATE: 2003-09-30 00:00:00 UTC        
 READ IN fields at DATE: 2003-09-30 06:00:00 UTC        
 READ IN fields at DATE: 2003-09-30 12:00:00 UTC        
 READ IN fields at DATE: 2003-09-30 18:00:00 UTC        
      131072 /leonardo_work/ICT24_ESP/RCMDATA//ERA5/2003/tatm_2003_10.nc
  2.095003587767804E-003   249.776799788245     
      196608 /leonardo_work/ICT24_ESP/RCMDATA//ERA5/2003/geop_2003_10.nc
   7.42579150246822        238148.964838624     
      262144 /leonardo_work/ICT24_ESP/RCMDATA//ERA5/2003/qhum_2003_10.nc
  3.839913600686152E-007  1.247380919359541E-002
      327680 /leonardo_work/ICT24_ESP/RCMDATA//ERA5/2003/uwnd_2003_10.nc
  3.267333932218548E-003   22.5061940918230     
      393216 /leonardo_work/ICT24_ESP/RCMDATA//ERA5/2003/vwnd_2003_10.nc
  3.165212298291629E-003   7.38850070683914     
 READ IN fields at DATE: 2003-10-01 00:00:00 UTC        
 READ IN fields at DATE: 2003-10-01 06:00:00 UTC        
 READ IN fields at DATE: 2003-10-01 12:00:00 UTC        
 READ IN fields at DATE: 2003-10-01 18:00:00 UTC        
 READ IN fields at DATE: 2003-10-02 00:00:00 UTC        
 READ IN fields at DATE: 2003-10-02 06:00:00 UTC        
 READ IN fields at DATE: 2003-10-02 12:00:00 UTC        
 READ IN fields at DATE: 2003-10-02 18:00:00 UTC        
 READ IN fields at DATE: 2003-10-03 00:00:00 UTC        
 READ IN fields at DATE: 2003-10-03 06:00:00 UTC        
 READ IN fields at DATE: 2003-10-03 12:00:00 UTC        
 READ IN fields at DATE: 2003-10-03 18:00:00 UTC        
 READ IN fields at DATE: 2003-10-04 00:00:00 UTC        
 READ IN fields at DATE: 2003-10-04 06:00:00 UTC        
 READ IN fields at DATE: 2003-10-04 12:00:00 UTC        
 READ IN fields at DATE: 2003-10-04 18:00:00 UTC        
 READ IN fields at DATE: 2003-10-05 00:00:00 UTC        
 READ IN fields at DATE: 2003-10-05 06:00:00 UTC        
 READ IN fields at DATE: 2003-10-05 12:00:00 UTC        
 READ IN fields at DATE: 2003-10-05 18:00:00 UTC        
 READ IN fields at DATE: 2003-10-06 00:00:00 UTC        
 READ IN fields at DATE: 2003-10-06 06:00:00 UTC        
 READ IN fields at DATE: 2003-10-06 12:00:00 UTC        
 READ IN fields at DATE: 2003-10-06 18:00:00 UTC        
 READ IN fields at DATE: 2003-10-07 00:00:00 UTC        
 READ IN fields at DATE: 2003-10-07 06:00:00 UTC        
 READ IN fields at DATE: 2003-10-07 12:00:00 UTC        
 READ IN fields at DATE: 2003-10-07 18:00:00 UTC        
 READ IN fields at DATE: 2003-10-08 00:00:00 UTC        
 READ IN fields at DATE: 2003-10-08 06:00:00 UTC        
 READ IN fields at DATE: 2003-10-08 12:00:00 UTC        
 READ IN fields at DATE: 2003-10-08 18:00:00 UTC        
 READ IN fields at DATE: 2003-10-09 00:00:00 UTC        
 READ IN fields at DATE: 2003-10-09 06:00:00 UTC        
 READ IN fields at DATE: 2003-10-09 12:00:00 UTC        
 READ IN fields at DATE: 2003-10-09 18:00:00 UTC        
 READ IN fields at DATE: 2003-10-10 00:00:00 UTC        
 READ IN fields at DATE: 2003-10-10 06:00:00 UTC        
 READ IN fields at DATE: 2003-10-10 12:00:00 UTC        
 READ IN fields at DATE: 2003-10-10 18:00:00 UTC        
 READ IN fields at DATE: 2003-10-11 00:00:00 UTC        
 READ IN fields at DATE: 2003-10-11 06:00:00 UTC        
 READ IN fields at DATE: 2003-10-11 12:00:00 UTC        
 READ IN fields at DATE: 2003-10-11 18:00:00 UTC        
 READ IN fields at DATE: 2003-10-12 00:00:00 UTC        
 READ IN fields at DATE: 2003-10-12 06:00:00 UTC        
 READ IN fields at DATE: 2003-10-12 12:00:00 UTC        
 READ IN fields at DATE: 2003-10-12 18:00:00 UTC        
 READ IN fields at DATE: 2003-10-13 00:00:00 UTC        
 READ IN fields at DATE: 2003-10-13 06:00:00 UTC        
 READ IN fields at DATE: 2003-10-13 12:00:00 UTC        
 READ IN fields at DATE: 2003-10-13 18:00:00 UTC        
 READ IN fields at DATE: 2003-10-14 00:00:00 UTC        
 READ IN fields at DATE: 2003-10-14 06:00:00 UTC        
 READ IN fields at DATE: 2003-10-14 12:00:00 UTC        
 READ IN fields at DATE: 2003-10-14 18:00:00 UTC        
 READ IN fields at DATE: 2003-10-15 00:00:00 UTC        
 READ IN fields at DATE: 2003-10-15 06:00:00 UTC        
 READ IN fields at DATE: 2003-10-15 12:00:00 UTC        
 READ IN fields at DATE: 2003-10-15 18:00:00 UTC        
 READ IN fields at DATE: 2003-10-16 00:00:00 UTC        
 READ IN fields at DATE: 2003-10-16 06:00:00 UTC        
 READ IN fields at DATE: 2003-10-16 12:00:00 UTC        
 READ IN fields at DATE: 2003-10-16 18:00:00 UTC        
 READ IN fields at DATE: 2003-10-17 00:00:00 UTC        
 READ IN fields at DATE: 2003-10-17 06:00:00 UTC        
 READ IN fields at DATE: 2003-10-17 12:00:00 UTC        
 READ IN fields at DATE: 2003-10-17 18:00:00 UTC        
 READ IN fields at DATE: 2003-10-18 00:00:00 UTC        
 READ IN fields at DATE: 2003-10-18 06:00:00 UTC        
 READ IN fields at DATE: 2003-10-18 12:00:00 UTC        
 READ IN fields at DATE: 2003-10-18 18:00:00 UTC        
 READ IN fields at DATE: 2003-10-19 00:00:00 UTC        
 READ IN fields at DATE: 2003-10-19 06:00:00 UTC        
 READ IN fields at DATE: 2003-10-19 12:00:00 UTC        
 READ IN fields at DATE: 2003-10-19 18:00:00 UTC        
 READ IN fields at DATE: 2003-10-20 00:00:00 UTC        
 READ IN fields at DATE: 2003-10-20 06:00:00 UTC        
 READ IN fields at DATE: 2003-10-20 12:00:00 UTC        
 READ IN fields at DATE: 2003-10-20 18:00:00 UTC        
 READ IN fields at DATE: 2003-10-21 00:00:00 UTC        
 READ IN fields at DATE: 2003-10-21 06:00:00 UTC        
 READ IN fields at DATE: 2003-10-21 12:00:00 UTC        
 READ IN fields at DATE: 2003-10-21 18:00:00 UTC        
 READ IN fields at DATE: 2003-10-22 00:00:00 UTC        
 READ IN fields at DATE: 2003-10-22 06:00:00 UTC        
 READ IN fields at DATE: 2003-10-22 12:00:00 UTC        
 READ IN fields at DATE: 2003-10-22 18:00:00 UTC        
 READ IN fields at DATE: 2003-10-23 00:00:00 UTC        
 READ IN fields at DATE: 2003-10-23 06:00:00 UTC        
 READ IN fields at DATE: 2003-10-23 12:00:00 UTC        
 READ IN fields at DATE: 2003-10-23 18:00:00 UTC        
 READ IN fields at DATE: 2003-10-24 00:00:00 UTC        
 READ IN fields at DATE: 2003-10-24 06:00:00 UTC        
 READ IN fields at DATE: 2003-10-24 12:00:00 UTC        
 READ IN fields at DATE: 2003-10-24 18:00:00 UTC        
 READ IN fields at DATE: 2003-10-25 00:00:00 UTC        
 READ IN fields at DATE: 2003-10-25 06:00:00 UTC        
 READ IN fields at DATE: 2003-10-25 12:00:00 UTC        
 READ IN fields at DATE: 2003-10-25 18:00:00 UTC        
 READ IN fields at DATE: 2003-10-26 00:00:00 UTC        
 READ IN fields at DATE: 2003-10-26 06:00:00 UTC        
 READ IN fields at DATE: 2003-10-26 12:00:00 UTC        
 READ IN fields at DATE: 2003-10-26 18:00:00 UTC        
 READ IN fields at DATE: 2003-10-27 00:00:00 UTC        
 READ IN fields at DATE: 2003-10-27 06:00:00 UTC        
 READ IN fields at DATE: 2003-10-27 12:00:00 UTC        
 READ IN fields at DATE: 2003-10-27 18:00:00 UTC        
 READ IN fields at DATE: 2003-10-28 00:00:00 UTC        
 READ IN fields at DATE: 2003-10-28 06:00:00 UTC        
 READ IN fields at DATE: 2003-10-28 12:00:00 UTC        
 READ IN fields at DATE: 2003-10-28 18:00:00 UTC        
 READ IN fields at DATE: 2003-10-29 00:00:00 UTC        
 READ IN fields at DATE: 2003-10-29 06:00:00 UTC        
 READ IN fields at DATE: 2003-10-29 12:00:00 UTC        
 READ IN fields at DATE: 2003-10-29 18:00:00 UTC        
 READ IN fields at DATE: 2003-10-30 00:00:00 UTC        
 READ IN fields at DATE: 2003-10-30 06:00:00 UTC        
 READ IN fields at DATE: 2003-10-30 12:00:00 UTC        
 READ IN fields at DATE: 2003-10-30 18:00:00 UTC        
 READ IN fields at DATE: 2003-10-31 00:00:00 UTC        
 READ IN fields at DATE: 2003-10-31 06:00:00 UTC        
 READ IN fields at DATE: 2003-10-31 12:00:00 UTC        
 READ IN fields at DATE: 2003-10-31 18:00:00 UTC        
      131072 /leonardo_work/ICT24_ESP/RCMDATA//ERA5/2003/tatm_2003_11.nc
  2.075033953477518E-003   250.199089130972     
      196608 /leonardo_work/ICT24_ESP/RCMDATA//ERA5/2003/geop_2003_11.nc
   7.53123563462301        240897.064460308     
      262144 /leonardo_work/ICT24_ESP/RCMDATA//ERA5/2003/qhum_2003_11.nc
  3.729088508798846E-007  1.220604639337687E-002
      327680 /leonardo_work/ICT24_ESP/RCMDATA//ERA5/2003/uwnd_2003_11.nc
  3.146847173415374E-003   43.9005948503391     
      393216 /leonardo_work/ICT24_ESP/RCMDATA//ERA5/2003/vwnd_2003_11.nc
  2.844031005922708E-003  -1.19085225231937     
 READ IN fields at DATE: 2003-11-01 00:00:00 UTC        
 READ IN fields at DATE: 2003-11-01 06:00:00 UTC        
 READ IN fields at DATE: 2003-11-01 12:00:00 UTC        
 READ IN fields at DATE: 2003-11-01 18:00:00 UTC        
 READ IN fields at DATE: 2003-11-02 00:00:00 UTC        
 READ IN fields at DATE: 2003-11-02 06:00:00 UTC        
 READ IN fields at DATE: 2003-11-02 12:00:00 UTC        
 READ IN fields at DATE: 2003-11-02 18:00:00 UTC        
 READ IN fields at DATE: 2003-11-03 00:00:00 UTC        
 READ IN fields at DATE: 2003-11-03 06:00:00 UTC        
 READ IN fields at DATE: 2003-11-03 12:00:00 UTC        
 READ IN fields at DATE: 2003-11-03 18:00:00 UTC        
 READ IN fields at DATE: 2003-11-04 00:00:00 UTC        
 READ IN fields at DATE: 2003-11-04 06:00:00 UTC        
 READ IN fields at DATE: 2003-11-04 12:00:00 UTC        
 READ IN fields at DATE: 2003-11-04 18:00:00 UTC        
 READ IN fields at DATE: 2003-11-05 00:00:00 UTC        
 READ IN fields at DATE: 2003-11-05 06:00:00 UTC        
 READ IN fields at DATE: 2003-11-05 12:00:00 UTC        
 READ IN fields at DATE: 2003-11-05 18:00:00 UTC        
 READ IN fields at DATE: 2003-11-06 00:00:00 UTC        
 READ IN fields at DATE: 2003-11-06 06:00:00 UTC        
 READ IN fields at DATE: 2003-11-06 12:00:00 UTC        
 READ IN fields at DATE: 2003-11-06 18:00:00 UTC        
 READ IN fields at DATE: 2003-11-07 00:00:00 UTC        
 READ IN fields at DATE: 2003-11-07 06:00:00 UTC        
 READ IN fields at DATE: 2003-11-07 12:00:00 UTC        
 READ IN fields at DATE: 2003-11-07 18:00:00 UTC        
 READ IN fields at DATE: 2003-11-08 00:00:00 UTC        
 READ IN fields at DATE: 2003-11-08 06:00:00 UTC        
 READ IN fields at DATE: 2003-11-08 12:00:00 UTC        
 READ IN fields at DATE: 2003-11-08 18:00:00 UTC        
 READ IN fields at DATE: 2003-11-09 00:00:00 UTC        
 READ IN fields at DATE: 2003-11-09 06:00:00 UTC        
 READ IN fields at DATE: 2003-11-09 12:00:00 UTC        
 READ IN fields at DATE: 2003-11-09 18:00:00 UTC        
 READ IN fields at DATE: 2003-11-10 00:00:00 UTC        
 READ IN fields at DATE: 2003-11-10 06:00:00 UTC        
 READ IN fields at DATE: 2003-11-10 12:00:00 UTC        
 READ IN fields at DATE: 2003-11-10 18:00:00 UTC        
 READ IN fields at DATE: 2003-11-11 00:00:00 UTC        
 READ IN fields at DATE: 2003-11-11 06:00:00 UTC        
 READ IN fields at DATE: 2003-11-11 12:00:00 UTC        
 READ IN fields at DATE: 2003-11-11 18:00:00 UTC        
 READ IN fields at DATE: 2003-11-12 00:00:00 UTC        
 READ IN fields at DATE: 2003-11-12 06:00:00 UTC        
 READ IN fields at DATE: 2003-11-12 12:00:00 UTC        
 READ IN fields at DATE: 2003-11-12 18:00:00 UTC        
 READ IN fields at DATE: 2003-11-13 00:00:00 UTC        
 READ IN fields at DATE: 2003-11-13 06:00:00 UTC        
 READ IN fields at DATE: 2003-11-13 12:00:00 UTC        
 READ IN fields at DATE: 2003-11-13 18:00:00 UTC        
 READ IN fields at DATE: 2003-11-14 00:00:00 UTC        
 READ IN fields at DATE: 2003-11-14 06:00:00 UTC        
 READ IN fields at DATE: 2003-11-14 12:00:00 UTC        
 READ IN fields at DATE: 2003-11-14 18:00:00 UTC        
 READ IN fields at DATE: 2003-11-15 00:00:00 UTC        
 READ IN fields at DATE: 2003-11-15 06:00:00 UTC        
 READ IN fields at DATE: 2003-11-15 12:00:00 UTC        
 READ IN fields at DATE: 2003-11-15 18:00:00 UTC        
 READ IN fields at DATE: 2003-11-16 00:00:00 UTC        
 READ IN fields at DATE: 2003-11-16 06:00:00 UTC        
 READ IN fields at DATE: 2003-11-16 12:00:00 UTC        
 READ IN fields at DATE: 2003-11-16 18:00:00 UTC        
 READ IN fields at DATE: 2003-11-17 00:00:00 UTC        
 READ IN fields at DATE: 2003-11-17 06:00:00 UTC        
 READ IN fields at DATE: 2003-11-17 12:00:00 UTC        
 READ IN fields at DATE: 2003-11-17 18:00:00 UTC        
 READ IN fields at DATE: 2003-11-18 00:00:00 UTC        
 READ IN fields at DATE: 2003-11-18 06:00:00 UTC        
 READ IN fields at DATE: 2003-11-18 12:00:00 UTC        
 READ IN fields at DATE: 2003-11-18 18:00:00 UTC        
 READ IN fields at DATE: 2003-11-19 00:00:00 UTC        
 READ IN fields at DATE: 2003-11-19 06:00:00 UTC        
 READ IN fields at DATE: 2003-11-19 12:00:00 UTC        
 READ IN fields at DATE: 2003-11-19 18:00:00 UTC        
 READ IN fields at DATE: 2003-11-20 00:00:00 UTC        
 READ IN fields at DATE: 2003-11-20 06:00:00 UTC        
 READ IN fields at DATE: 2003-11-20 12:00:00 UTC        
 READ IN fields at DATE: 2003-11-20 18:00:00 UTC        
 READ IN fields at DATE: 2003-11-21 00:00:00 UTC        
 READ IN fields at DATE: 2003-11-21 06:00:00 UTC        
 READ IN fields at DATE: 2003-11-21 12:00:00 UTC        
 READ IN fields at DATE: 2003-11-21 18:00:00 UTC        
 READ IN fields at DATE: 2003-11-22 00:00:00 UTC        
 READ IN fields at DATE: 2003-11-22 06:00:00 UTC        
 READ IN fields at DATE: 2003-11-22 12:00:00 UTC        
 READ IN fields at DATE: 2003-11-22 18:00:00 UTC        
 READ IN fields at DATE: 2003-11-23 00:00:00 UTC        
 READ IN fields at DATE: 2003-11-23 06:00:00 UTC        
 READ IN fields at DATE: 2003-11-23 12:00:00 UTC        
 READ IN fields at DATE: 2003-11-23 18:00:00 UTC        
 READ IN fields at DATE: 2003-11-24 00:00:00 UTC        
 READ IN fields at DATE: 2003-11-24 06:00:00 UTC        
 READ IN fields at DATE: 2003-11-24 12:00:00 UTC        
 READ IN fields at DATE: 2003-11-24 18:00:00 UTC        
 READ IN fields at DATE: 2003-11-25 00:00:00 UTC        
 READ IN fields at DATE: 2003-11-25 06:00:00 UTC        
 READ IN fields at DATE: 2003-11-25 12:00:00 UTC        
 READ IN fields at DATE: 2003-11-25 18:00:00 UTC        
 READ IN fields at DATE: 2003-11-26 00:00:00 UTC        
 READ IN fields at DATE: 2003-11-26 06:00:00 UTC        
 READ IN fields at DATE: 2003-11-26 12:00:00 UTC        
 READ IN fields at DATE: 2003-11-26 18:00:00 UTC        
 READ IN fields at DATE: 2003-11-27 00:00:00 UTC        
 READ IN fields at DATE: 2003-11-27 06:00:00 UTC        
 READ IN fields at DATE: 2003-11-27 12:00:00 UTC        
 READ IN fields at DATE: 2003-11-27 18:00:00 UTC        
 READ IN fields at DATE: 2003-11-28 00:00:00 UTC        
 READ IN fields at DATE: 2003-11-28 06:00:00 UTC        
 READ IN fields at DATE: 2003-11-28 12:00:00 UTC        
 READ IN fields at DATE: 2003-11-28 18:00:00 UTC        
 READ IN fields at DATE: 2003-11-29 00:00:00 UTC        
 READ IN fields at DATE: 2003-11-29 06:00:00 UTC        
 READ IN fields at DATE: 2003-11-29 12:00:00 UTC        
 READ IN fields at DATE: 2003-11-29 18:00:00 UTC        
 READ IN fields at DATE: 2003-11-30 00:00:00 UTC        
 READ IN fields at DATE: 2003-11-30 06:00:00 UTC        
 READ IN fields at DATE: 2003-11-30 12:00:00 UTC        
 READ IN fields at DATE: 2003-11-30 18:00:00 UTC        
      131072 /leonardo_work/ICT24_ESP/RCMDATA//ERA5/2003/tatm_2003_12.nc
  2.473629856346826E-003   259.623648744154     
      196608 /leonardo_work/ICT24_ESP/RCMDATA//ERA5/2003/geop_2003_12.nc
   7.61445444232295        244665.421288404     
      262144 /leonardo_work/ICT24_ESP/RCMDATA//ERA5/2003/qhum_2003_12.nc
  3.673829704834386E-007  1.199865551832413E-002
      327680 /leonardo_work/ICT24_ESP/RCMDATA//ERA5/2003/uwnd_2003_12.nc
  5.798968049583559E-003  -5.08801300941542     
      393216 /leonardo_work/ICT24_ESP/RCMDATA//ERA5/2003/vwnd_2003_12.nc
  5.347719743029037E-003  -1.80434011963714     
 READ IN fields at DATE: 2003-12-01 00:00:00 UTC        
 READ IN fields at DATE: 2003-12-01 06:00:00 UTC        
 READ IN fields at DATE: 2003-12-01 12:00:00 UTC        
 READ IN fields at DATE: 2003-12-01 18:00:00 UTC        
 READ IN fields at DATE: 2003-12-02 00:00:00 UTC        
 READ IN fields at DATE: 2003-12-02 06:00:00 UTC        
 READ IN fields at DATE: 2003-12-02 12:00:00 UTC        
 READ IN fields at DATE: 2003-12-02 18:00:00 UTC        
 READ IN fields at DATE: 2003-12-03 00:00:00 UTC        
 READ IN fields at DATE: 2003-12-03 06:00:00 UTC        
 READ IN fields at DATE: 2003-12-03 12:00:00 UTC        
 READ IN fields at DATE: 2003-12-03 18:00:00 UTC        
 READ IN fields at DATE: 2003-12-04 00:00:00 UTC        
 READ IN fields at DATE: 2003-12-04 06:00:00 UTC        
 READ IN fields at DATE: 2003-12-04 12:00:00 UTC        
 READ IN fields at DATE: 2003-12-04 18:00:00 UTC        
 READ IN fields at DATE: 2003-12-05 00:00:00 UTC        
 READ IN fields at DATE: 2003-12-05 06:00:00 UTC        
 READ IN fields at DATE: 2003-12-05 12:00:00 UTC        
 READ IN fields at DATE: 2003-12-05 18:00:00 UTC        
 READ IN fields at DATE: 2003-12-06 00:00:00 UTC        
 READ IN fields at DATE: 2003-12-06 06:00:00 UTC        
 READ IN fields at DATE: 2003-12-06 12:00:00 UTC        
 READ IN fields at DATE: 2003-12-06 18:00:00 UTC        
 READ IN fields at DATE: 2003-12-07 00:00:00 UTC        
 READ IN fields at DATE: 2003-12-07 06:00:00 UTC        
 READ IN fields at DATE: 2003-12-07 12:00:00 UTC        
 READ IN fields at DATE: 2003-12-07 18:00:00 UTC        
 READ IN fields at DATE: 2003-12-08 00:00:00 UTC        
 READ IN fields at DATE: 2003-12-08 06:00:00 UTC        
 READ IN fields at DATE: 2003-12-08 12:00:00 UTC        
 READ IN fields at DATE: 2003-12-08 18:00:00 UTC        
 READ IN fields at DATE: 2003-12-09 00:00:00 UTC        
 READ IN fields at DATE: 2003-12-09 06:00:00 UTC        
 READ IN fields at DATE: 2003-12-09 12:00:00 UTC        
 READ IN fields at DATE: 2003-12-09 18:00:00 UTC        
 READ IN fields at DATE: 2003-12-10 00:00:00 UTC        
 READ IN fields at DATE: 2003-12-10 06:00:00 UTC        
 READ IN fields at DATE: 2003-12-10 12:00:00 UTC        
 READ IN fields at DATE: 2003-12-10 18:00:00 UTC        
 READ IN fields at DATE: 2003-12-11 00:00:00 UTC        
 READ IN fields at DATE: 2003-12-11 06:00:00 UTC        
 READ IN fields at DATE: 2003-12-11 12:00:00 UTC        
 READ IN fields at DATE: 2003-12-11 18:00:00 UTC        
 READ IN fields at DATE: 2003-12-12 00:00:00 UTC        
 READ IN fields at DATE: 2003-12-12 06:00:00 UTC        
 READ IN fields at DATE: 2003-12-12 12:00:00 UTC        
 READ IN fields at DATE: 2003-12-12 18:00:00 UTC        
 READ IN fields at DATE: 2003-12-13 00:00:00 UTC        
 READ IN fields at DATE: 2003-12-13 06:00:00 UTC        
 READ IN fields at DATE: 2003-12-13 12:00:00 UTC        
 READ IN fields at DATE: 2003-12-13 18:00:00 UTC        
 READ IN fields at DATE: 2003-12-14 00:00:00 UTC        
 READ IN fields at DATE: 2003-12-14 06:00:00 UTC        
 READ IN fields at DATE: 2003-12-14 12:00:00 UTC        
 READ IN fields at DATE: 2003-12-14 18:00:00 UTC        
 READ IN fields at DATE: 2003-12-15 00:00:00 UTC        
 READ IN fields at DATE: 2003-12-15 06:00:00 UTC        
 READ IN fields at DATE: 2003-12-15 12:00:00 UTC        
 READ IN fields at DATE: 2003-12-15 18:00:00 UTC        
 READ IN fields at DATE: 2003-12-16 00:00:00 UTC        
 READ IN fields at DATE: 2003-12-16 06:00:00 UTC        
 READ IN fields at DATE: 2003-12-16 12:00:00 UTC        
 READ IN fields at DATE: 2003-12-16 18:00:00 UTC        
 READ IN fields at DATE: 2003-12-17 00:00:00 UTC        
 READ IN fields at DATE: 2003-12-17 06:00:00 UTC        
 READ IN fields at DATE: 2003-12-17 12:00:00 UTC        
 READ IN fields at DATE: 2003-12-17 18:00:00 UTC        
 READ IN fields at DATE: 2003-12-18 00:00:00 UTC        
 READ IN fields at DATE: 2003-12-18 06:00:00 UTC        
 READ IN fields at DATE: 2003-12-18 12:00:00 UTC        
 READ IN fields at DATE: 2003-12-18 18:00:00 UTC        
 READ IN fields at DATE: 2003-12-19 00:00:00 UTC        
 READ IN fields at DATE: 2003-12-19 06:00:00 UTC        
 READ IN fields at DATE: 2003-12-19 12:00:00 UTC        
 READ IN fields at DATE: 2003-12-19 18:00:00 UTC        
 READ IN fields at DATE: 2003-12-20 00:00:00 UTC        
 READ IN fields at DATE: 2003-12-20 06:00:00 UTC        
 READ IN fields at DATE: 2003-12-20 12:00:00 UTC        
 READ IN fields at DATE: 2003-12-20 18:00:00 UTC        
 READ IN fields at DATE: 2003-12-21 00:00:00 UTC        
 READ IN fields at DATE: 2003-12-21 06:00:00 UTC        
 READ IN fields at DATE: 2003-12-21 12:00:00 UTC        
 READ IN fields at DATE: 2003-12-21 18:00:00 UTC        
 READ IN fields at DATE: 2003-12-22 00:00:00 UTC        
 READ IN fields at DATE: 2003-12-22 06:00:00 UTC        
 READ IN fields at DATE: 2003-12-22 12:00:00 UTC        
 READ IN fields at DATE: 2003-12-22 18:00:00 UTC        
 READ IN fields at DATE: 2003-12-23 00:00:00 UTC        
 READ IN fields at DATE: 2003-12-23 06:00:00 UTC        
 READ IN fields at DATE: 2003-12-23 12:00:00 UTC        
 READ IN fields at DATE: 2003-12-23 18:00:00 UTC        
 READ IN fields at DATE: 2003-12-24 00:00:00 UTC        
 READ IN fields at DATE: 2003-12-24 06:00:00 UTC        
 READ IN fields at DATE: 2003-12-24 12:00:00 UTC        
 READ IN fields at DATE: 2003-12-24 18:00:00 UTC        
 READ IN fields at DATE: 2003-12-25 00:00:00 UTC        
 READ IN fields at DATE: 2003-12-25 06:00:00 UTC        
 READ IN fields at DATE: 2003-12-25 12:00:00 UTC        
 READ IN fields at DATE: 2003-12-25 18:00:00 UTC        
 READ IN fields at DATE: 2003-12-26 00:00:00 UTC        
 READ IN fields at DATE: 2003-12-26 06:00:00 UTC        
 READ IN fields at DATE: 2003-12-26 12:00:00 UTC        
 READ IN fields at DATE: 2003-12-26 18:00:00 UTC        
 READ IN fields at DATE: 2003-12-27 00:00:00 UTC        
 READ IN fields at DATE: 2003-12-27 06:00:00 UTC        
 READ IN fields at DATE: 2003-12-27 12:00:00 UTC        
 READ IN fields at DATE: 2003-12-27 18:00:00 UTC        
 READ IN fields at DATE: 2003-12-28 00:00:00 UTC        
 READ IN fields at DATE: 2003-12-28 06:00:00 UTC        
 READ IN fields at DATE: 2003-12-28 12:00:00 UTC        
 READ IN fields at DATE: 2003-12-28 18:00:00 UTC        
 READ IN fields at DATE: 2003-12-29 00:00:00 UTC        
 READ IN fields at DATE: 2003-12-29 06:00:00 UTC        
 READ IN fields at DATE: 2003-12-29 12:00:00 UTC        
 READ IN fields at DATE: 2003-12-29 18:00:00 UTC        
 READ IN fields at DATE: 2003-12-30 00:00:00 UTC        
 READ IN fields at DATE: 2003-12-30 06:00:00 UTC        
 READ IN fields at DATE: 2003-12-30 12:00:00 UTC        
 READ IN fields at DATE: 2003-12-30 18:00:00 UTC        
 READ IN fields at DATE: 2003-12-31 00:00:00 UTC        
 READ IN fields at DATE: 2003-12-31 06:00:00 UTC        
 READ IN fields at DATE: 2003-12-31 12:00:00 UTC        
 READ IN fields at DATE: 2003-12-31 18:00:00 UTC        
      131072 /leonardo_work/ICT24_ESP/RCMDATA//ERA5/2004/tatm_2004_01.nc
  2.180139448693192E-003   247.640900591897     
      196608 /leonardo_work/ICT24_ESP/RCMDATA//ERA5/2004/geop_2004_01.nc
   7.61616731980453        244574.607931965     
      262144 /leonardo_work/ICT24_ESP/RCMDATA//ERA5/2004/qhum_2004_01.nc
  3.877402478915290E-007  1.262063069365872E-002
      327680 /leonardo_work/ICT24_ESP/RCMDATA//ERA5/2004/uwnd_2004_01.nc
  4.369208827011534E-003   23.8285038721490     
      393216 /leonardo_work/ICT24_ESP/RCMDATA//ERA5/2004/vwnd_2004_01.nc
  3.665007550689514E-003  -6.87621452281831     
 READ IN fields at DATE: 2004-01-01 00:00:00 UTC        
 Input ready at : Tue Feb 11 20:39:55 2025
 Successfully completed ICBC
icbc script complete
