WARNING: release_mt library was used but no multi-ep feature was enabled. Please use release library instead.

  This is RegCM 5
   GIT Revision: 5.0.1 compiled at: data : Jul 25 2024  time: 10:40:49

 : this run start at  : 2024-08-13 16:32:43+0200
 : it is submitted by : mdasilva
 : it is running on   : r130c01s01
 : it is using        :         1440   processors
 : in directory       : 
 /marconi/home/userexternal/mdasilva/github_projects/shell/ictp/regcm_exp/cordex
                       
 CPUS DIM1 =           40
 CPUS DIM2 =           36
 
 Reading model namelist file
 Using default microphysical parameter.
 Initial date of the global simulation:  1999-01-01 00:00:00 UTC        
 Initial date of this run             :  2005-07-01 00:00:00 UTC        
 Final date of this run               :  2005-09-01 00:00:00 UTC        
 Total simulation length              :         1488  hours
 Timestep in seconds =   45.000000
 Reading Domain file : 
 /marconi/home/userexternal/mdasilva/user/mdasilva/CORDEX/ERA5/icbc/CSAM-3_DOMAI
 N000.nc
 Advection timestep =    15.000 (factor  3)
 Max. Courant number for horizontal advection =    0.9538
 Sound waves timestep =     2.500 (factor  6)
 Courant number of horizontal sound waves =    0.3760
 Setting IPCC scenario to SSP370  
 Load GHG for 200507 SSP370
 Model will output required CORDEX variables.
 Create SAV files :  T
 Create ATM files :  T
 Create RAD files :  T
 Create SRF files :  T
 Create STS files :  T
 Create SHF files :  F
 Create LAK files :  F
 Frequency in days for new files:    1.0
 Monthly SAV files are written
 Frequency in hours to create ATM :    1.0
 Frequency in hours to create RAD :    1.0
 Frequency in hours to create SRF :    1.0
 Frequency in hours to create LAK :    6.0
 Physical Parameterizations
  Lateral Boundary conditions :  5
  Semi-Lagrangian Advection   :  0
  Land cumulus conv. scheme   :  0
  Ocean cumulus conv. scheme  :  0
  Moisture schem              :  2
  Ocean Flux scheme           :  2
  Zeng roughness formula      :  1
  Zeng roughness method       :  1
  Coupling with ocean         :  0
  Coupling with wave          :  0
  Coupling with COP           :  0
  Pressure gradient force     :  0
  Prescribed LW emissivity    :  0
  Lake model in BATS          :  1
  Simulate diurnal sst cycle  :  0
  Simulate sea ice cover      :  0
  Enable chem/aerosol model   :  0
  Large scale LWP as convect. :  1
  Cloud fraction scheme       :  1
  Marine stratocumulus        :  0
  Climate O3 dataset          :  0
  Climate Aerosol dataset     :  3
 Boundary Pameterizations
  Num. of bndy points cross  :  30
  Num. of bndy points dot    :  30
  Nudge value high range     :  9.000000
  Nudge value medium range   :  6.000000
  Nudge value low range      :  3.000000
  Nm paramter                : -1.000000
  Dm paramter                : -1.000000
 Model Timestep Pameterizations
  time step for dynamical model in seconds :          45.000000
  time step for surface   model in seconds :         450.000000
  time step for cumulus   model in seconds :         225.000000
  time step for radiation model in seconds :        1350.000000
  time step for emission  model in seconds :       48600.000000
 Nudging coefficients F1=    0.040000, F2=    0.000000
  # Nudging coefficient profile #
     8.91       8.73       8.56       8.38       8.20       8.03       7.85    
     7.67       7.50       7.32       7.15       6.97       6.79       6.62    
     6.44       6.26       6.09       5.93       5.80       5.67       5.54    
     5.41       5.28       5.15       5.02       4.89       4.76       4.63    
     4.50       4.37       4.24       4.11       3.98       3.85       3.72    
     3.72       3.59       3.46       3.33       3.20       3.07    
 Model top at    25000.0000000000       m
 Domain grid parameters:
  Map Projection        : ROTLLR
  Dot Grid Full Extent  : 1231x 783x 40
  Model Grid Spacing    :    3.335968 km
  Proj Center Latitude  :  -25.000000 deg
  Proj Center longitude :  303.000000 deg
  Pole Latitude         :  -70.600000 deg
  Pole longitude        :  123.940000 deg
 Holtslag PBL Scheme
  ricr_ocn     =    0.250000
  ricr_lnd     =    0.250000
  zhnew_fac    =    0.250000
  ifaholt      =  0
  ifaholtth10  =  2
  holtth10iter =    1
 Cloud fraction schemes parameters
  # of bottom no cloud model levels :  1
  Maximum relative humidity         :    1.010000
  Minimum relative humidity         :    0.010000
  Maximum total cloud cover for rad :    0.750000
  Conv. CF UMF factor deep cumulus  :    0.140000
  Conv. CF UMF factor deep cumulus  :    0.140000
  Conv. CF UMF factor k2            :  500.000000
  Surface radiation hack            :           F
  Vavrus-Waliser Arctic cloud fix   :           T
 Convective Cloud Cover parameters after resolution scaling
  Maximum Convective Cloud Cover :    1.000000
  Convective Cloud Water         :    0.000300
 The surface energy budget is used to calculate the ground temperature.
 The radiation is computed every   22. minutes.
 Relaxation boundary conditions (exponential method)
  # Ozone profiles restart #
    0.845E-05  0.658E-05  0.527E-05  0.378E-05  0.256E-05  0.171E-05  0.122E-05
    0.878E-06  0.607E-06  0.423E-06  0.302E-06  0.223E-06  0.176E-06  0.147E-06
    0.125E-06  0.109E-06  0.969E-07  0.871E-07  0.798E-07  0.738E-07  0.693E-07
    0.651E-07  0.625E-07  0.602E-07  0.579E-07  0.565E-07  0.552E-07  0.540E-07
    0.528E-07  0.522E-07  0.516E-07  0.511E-07  0.506E-07  0.501E-07  0.497E-07
    0.497E-07  0.496E-07  0.496E-07  0.496E-07  0.496E-07  0.496E-07  0.496E-07
 READY BC DATA for  2005-07-01 00:00:00 UTC        
 SEARCH BC data for 2005070106 , step =  4556160
 READY  BC from     2005070100  to 2005070106 
 Successfully read restart file at time =  2005-07-01 00:00:00 UTC        
 Read solar forcing total irradiance data...
 Updating orbit parameters at  2005-07-01 00:00:00 UTC        
 At  2005-07-01 00:00:00 UTC        
 JDay    181.00000 solar declination angle =  23.18090252 degrees
                   solar TSI irradiance    =    1355.9685 W/m^2
 CLM version: 4.5 - RegCM 5.0.1
 Attempting to initialize the land model .....
 Mask given by RegCM model has a total of       611673  land points
 Attempting to initialize run control settings .....
 Read in clm_inparm namelist from: 
 .ERA5-CSAM-3/.ERA5-CSAM-3_2005070100_2005090100.in
 Read in clm_hydrology1_inparm namelist
 Read in clm_soilhydrology_inparm namelist
 Successfully initialized run control settings
 
 define run:
    source                = Community Land Model CLM4.5
    model_version         = 5.0.1
    run type              = restart
    case title            = RegCM driven CLM4.5
    username              = mdasilva
    hostname              = r130c01s01
 input data files:
    PFT physiology = 
 /marconi_work/ICT23_ESP/RCMDATA//CLM45/pftdata/pft-physiology.c130503.nc
    surface data   = 
 /marconi/home/userexternal/mdasilva/user/mdasilva/CORDEX/ERA5/icbc//CSAM-3_CLM4
 5_surface.nc
    land frac data = 
 /marconi/home/userexternal/mdasilva/user/mdasilva/CORDEX/ERA5/icbc//CSAM-3_DOMA
 IN000.nc
    enable_megan_emission                                 :  F
    enable_urban_landunit                                 :  T
    enable_more_crop_pft                                  :  F
    SNICAR optical = 
 /marconi_work/ICT23_ESP/RCMDATA//CLM45/snicardata/snicar_optics_5bnd_c090915.nc
    SNICAR aging = 
 /marconi_work/ICT23_ESP/RCMDATA//CLM45/snicardata/snicar_drdt_bst_fit_60_c07041
 6.nc
    restart data   = using a restart file
    atmospheric forcing data is from RegCM atm model
 Large file support for output files is ON
 model physics parameters:
    flag for random perturbation test is not set
    CO2 volume mixing ratio   (umol/mol)   =    355.000000000000     
    land albedos  (unitless 0-1)   =   0.800000000000000     
    ice albedos   (unitless 0-1)   =   0.550000000000000     
    urban air conditioning/heating and wasteheat   = ON_WASTEHEAT    
    urban traffic flux   =  F
    more vertical layers =  F
 restart warning:
    Namelist not checked for agreement with initial run.
    Namelist should not differ except for ending time step and run type
    maxpatch_pft         =           17
    allocate_all_vegpfts =  T
    perchroot (PWS based on unfrozen layers only) =  F
    perchroot (PWS based on time-integrated active layer only) =  F
 
 Lake Model Namelists:
 Hostetler eddy increase low    :    25.0000000000000     
 Hostetler eddy increase factor :    10.0000000000000     
 Albedo melting lakes (visible) :  0.100000000000000     
 Albedo melting lakes (NIR)     :  0.100000000000000     
 Attempting to read ldomain from 
 /marconi/home/userexternal/mdasilva/user/mdasilva/CORDEX/ERA5/icbc//CSAM-3_DOMA
 IN000.nc
   domain_check set       = domain_set
   domain_check decomped  =  T
   domain_check ns        =       957840
   domain_check ni,nj     =         1228         780
   domain_check clmlevel  = gridcell
   domain_check nbeg,nend =            1         424
   domain_check lonc      =   -72.7567349991014       -57.7223343366286     
   domain_check latc      =   -36.6956059574213       -36.0238623184615     
   domain_check mask      =            1           1
   domain_check frac      =    100.000000000000        100.000000000000     
   domain_check topo      =    8.36372732720286        2912.90811547699     
   domain_check area      =    10.6250931836673        10.6250931836673     
   domain_check pftm      =            1           1
  
  Reading in urban input data from surface data file ...
  UrbanInput : 
 /marconi/home/userexternal/mdasilva/user/mdasilva/CORDEX/ERA5/icbc//CSAM-3_CLM4
 5_surface.nc
  Sucessfully read urban input data
 
 Attempting to read PFT physiological data .....
 Successfully read PFT physiological data
 Attempting to read surface boundary data .....
 Checked LAT/LON compliance
 Successfully read surface boundary data
 
  Surface Grid Characteristics
    total number of gridcells =       611673
    total number of landunits =      1299080
    total number of columns   =      2140598
    total number of pfts      =     10698042
  
 ---clm_ptrs_check:
    clm_ptrs_check: g index ranges - OK
    clm_ptrs_check: l index ranges - OK
    clm_ptrs_check: c index ranges - OK
    clm_ptrs_check: p index ranges - OK
    clm_ptrs_check: g mono increasing - OK
    clm_ptrs_check: l mono increasing - OK
    clm_ptrs_check: c mono increasing - OK
    clm_ptrs_check: p mono increasing - OK
    clm_ptrs_check: tree consistent - OK
  
 Attempting to initialize time invariant variables
 Attempting to read soil color, sand and clay boundary data .....
 WARNING:: ETALAKE not found on surface data set.
 All lake columns will have eta set equal to default value
 WARNING:: LAKEFETCH not found on surface data set.
 All lake columns will have fetch set equal to default value
 Successfully read fmax, soil color, sand and clay boundary data
 
 Attempting to read organic matter data .....
  organicrd : 
 /marconi/home/userexternal/mdasilva/user/mdasilva/CORDEX/ERA5/icbc//CSAM-3_CLM4
 5_surface.nc
 Successfully read organic matter data
 
  # zsoi #
    0.710E-02  0.279E-01  0.623E-01  0.119      0.212      0.366      0.620    
     1.04       1.73       2.86       4.74       7.83       12.9       21.3    
     21.3       35.2    
  # zisoi #
     0.00      0.175E-01  0.451E-01  0.906E-01  0.166      0.289      0.493    
    0.829       1.38       2.30       3.80       6.28       10.4       17.1    
     17.1       28.3       42.1    
  # dzsoi #
    0.175E-01  0.276E-01  0.455E-01  0.750E-01  0.124      0.204      0.336    
    0.554      0.913       1.51       2.48       4.09       6.75       11.1    
     11.1       13.9    
 dzsoi_decomp   1.00000000000000     
 Set    10 100% special land-units points to zero slope
 Set     1 100% special land-units points to zero slope
 Set     1 100% special land-units points to zero slope
 Set     1 100% special land-units points to zero slope
 Set     1 100% special land-units points to zero slope
 Set    23 100% special land-units points to zero slope
 Set    14 100% special land-units points to zero slope
 Set     1 100% special land-units points to zero slope
 Set    17 100% special land-units points to zero slope
 Set    30 100% special land-units points to zero slope
 Set    12 100% special land-units points to zero slope
 Set     1 100% special land-units points to zero slope
 Set     2 100% special land-units points to zero slope
 Set    14 100% special land-units points to zero slope
 Set    11 100% special land-units points to zero slope
 Set     1 100% special land-units points to zero slope
 Set     1 100% special land-units points to zero slope
 Set     1 100% special land-units points to zero slope
 Set    16 100% special land-units points to zero slope
 Set    16 100% special land-units points to zero slope
 Set     3 100% special land-units points to zero slope
 Set     2 100% special land-units points to zero slope
 Set     3 100% special land-units points to zero slope
 Set     2 100% special land-units points to zero slope
 Set     5 100% special land-units points to zero slope
 Set     4 100% special land-units points to zero slope
 Set     2 100% special land-units points to zero slope
 Set     3 100% special land-units points to zero slope
 Set     2 100% special land-units points to zero slope
 Set     2 100% special land-units points to zero slope
 Set     2 100% special land-units points to zero slope
 Set     6 100% special land-units points to zero slope
 Set     1 100% special land-units points to zero slope
 Set     5 100% special land-units points to zero slope
 Set     1 100% special land-units points to zero slope
 Set     2 100% special land-units points to zero slope
 Set     1 100% special land-units points to zero slope
 Set     2 100% special land-units points to zero slope
 Set     1 100% special land-units points to zero slope
 Set     5 100% special land-units points to zero slope
 Set     1 100% special land-units points to zero slope
 Set     3 100% special land-units points to zero slope
 Set     3 100% special land-units points to zero slope
 Set     1 100% special land-units points to zero slope
 Set     2 100% special land-units points to zero slope
 Set     2 100% special land-units points to zero slope
 Set     2 100% special land-units points to zero slope
 Set     1 100% special land-units points to zero slope
 Set     3 100% special land-units points to zero slope
 Set     2 100% special land-units points to zero slope
 Set    12 100% special land-units points to zero slope
 Set     3 100% special land-units points to zero slope
 Set     5 100% special land-units points to zero slope
 Set     1 100% special land-units points to zero slope
 Set     2 100% special land-units points to zero slope
 Set     1 100% special land-units points to zero slope
 Set     2 100% special land-units points to zero slope
 Set     8 100% special land-units points to zero slope
 Set    18 100% special land-units points to zero slope
 Set     5 100% special land-units points to zero slope
 Set     1 100% special land-units points to zero slope
 Set     2 100% special land-units points to zero slope
 Set     2 100% special land-units points to zero slope
 Set     1 100% special land-units points to zero slope
 Set     1 100% special land-units points to zero slope
 Set    11 100% special land-units points to zero slope
 Set     2 100% special land-units points to zero slope
 Set     1 100% special land-units points to zero slope
 Attempting to read snow optical properties .....
 Set     3 100% special land-units points to zero slope
 Set     1 100% special land-units points to zero slope
 SnowOptics_init : 
 /marconi_work/ICT23_ESP/RCMDATA//CLM45/snicardata/snicar_optics_5bnd_c090915.nc
 Set     3 100% special land-units points to zero slope
 Set     1 100% special land-units points to zero slope
 Set     1 100% special land-units points to zero slope
 Set     3 100% special land-units points to zero slope
 Set     1 100% special land-units points to zero slope
 Set     1 100% special land-units points to zero slope
 Set     2 100% special land-units points to zero slope
 Set     7 100% special land-units points to zero slope
 Set     5 100% special land-units points to zero slope
 Set     1 100% special land-units points to zero slope
 Set     1 100% special land-units points to zero slope
 Set    15 100% special land-units points to zero slope
 Set     2 100% special land-units points to zero slope
 Set    10 100% special land-units points to zero slope
 Set     1 100% special land-units points to zero slope
 Set     2 100% special land-units points to zero slope
 Set    10 100% special land-units points to zero slope
 Set    10 100% special land-units points to zero slope
 Set     1 100% special land-units points to zero slope
 Set    35 100% special land-units points to zero slope
 Set     1 100% special land-units points to zero slope
 Set     2 100% special land-units points to zero slope
 Set    10 100% special land-units points to zero slope
 Set     6 100% special land-units points to zero slope
 Set     1 100% special land-units points to zero slope
 Set     1 100% special land-units points to zero slope
 Set    10 100% special land-units points to zero slope
 Set    10 100% special land-units points to zero slope
 Set     1 100% special land-units points to zero slope
 Set     2 100% special land-units points to zero slope
 Set    10 100% special land-units points to zero slope
 Set     4 100% special land-units points to zero slope
 Set     4 100% special land-units points to zero slope
 Set    40 100% special land-units points to zero slope
 Set    11 100% special land-units points to zero slope
 Set     2 100% special land-units points to zero slope
 Set    10 100% special land-units points to zero slope
 Set    10 100% special land-units points to zero slope
 Set    20 100% special land-units points to zero slope
 Set     1 100% special land-units points to zero slope
 Set    10 100% special land-units points to zero slope
 Set    20 100% special land-units points to zero slope
 Set    10 100% special land-units points to zero slope
 Set    10 100% special land-units points to zero slope
 Set    15 100% special land-units points to zero slope
 Set     2 100% special land-units points to zero slope
 Set    20 100% special land-units points to zero slope
 Set    27 100% special land-units points to zero slope
 Set    20 100% special land-units points to zero slope
 Set    25 100% special land-units points to zero slope
 Set    20 100% special land-units points to zero slope
 Successfully read snow optical properties
 Attempting to read snow aging parameters .....
 Successfully read snow aging properties
 Successfully initialized time invariant variables
 CLM_hist_printflds : number of master fields =          241
 There will be a total of            2  history tapes
 History tape            1  write frequency is MONTHLY
 All fields on history tape            1  are grid averaged
 Output precision on history tape            1 =           2
 History tape            2  write frequency =            1
 All fields on history tape            2  are grid averaged
 Output precision on history tape            2 =           2
 Reading restart dataset at 
 /marconi/home/userexternal/mdasilva/user/mdasilva/CORDEX/ERA5/ERA5-CSAM-3//CSAM
 -3.clm.regcm.r.2005070100.nc
 Successfully read restart data for restart run
 Attempting to initialize time invariant variables for lakes
 CLM timestep appears to differ from 1800s. 
 Adjusting minimum snow layer thickness over lakes to maintain stability.
 New minimum thickness is   2.000000000000000E-002 .
 Successfully initialized time invariant variables for lakes
 Setting initial data to non-spun up values for lake points
 Successfully initialized the land model
 begin continuation run at: 2005-07-01 00:00:00 UTC
 Attempting to read monthly vegetation data .....
 At  2005-07-01 00:00:00 UTC
 Month =            7  Day =            1
 Reading months :            6           7
 Successfully read monthly vegetation data for
 month            7
 Restrict outout to CORDEX variables
 Opening new output file 
 /marconi/home/userexternal/mdasilva/user/mdasilva/CORDEX/ERA5/ERA5-CSAM-3//CSAM
 -3_ATM.2005070100.nc
 Opening new output file 
 /marconi/home/userexternal/mdasilva/user/mdasilva/CORDEX/ERA5/ERA5-CSAM-3//CSAM
 -3_SRF.2005070100.nc
 Opening new output file 
 /marconi/home/userexternal/mdasilva/user/mdasilva/CORDEX/ERA5/ERA5-CSAM-3//CSAM
 -3_STS.2005070100.nc
 Opening new output file 
 /marconi/home/userexternal/mdasilva/user/mdasilva/CORDEX/ERA5/ERA5-CSAM-3//CSAM
 -3_RAD.2005070100.nc
 $$$  2005-07-01 00:00:00 UTC        
 $$$ max, min of ps (mb) =  1020.80  497.50
 Updating aerosol optical properties...
  # Updated VIS ext profile #
     0.00       0.00       0.00       0.00       0.00       0.00      0.417E-15
    0.188E-12  0.348E-11  0.222E-10  0.821E-10  0.219E-09  0.470E-09  0.861E-09
    0.140E-08  0.209E-08  0.290E-08  0.380E-08  0.473E-08  0.566E-08  0.655E-08
    0.735E-08  0.804E-08  0.861E-08  0.903E-08  0.930E-08  0.944E-08  0.944E-08
    0.931E-08  0.907E-08  0.874E-08  0.832E-08  0.784E-08  0.729E-08  0.670E-08
    0.670E-08  0.606E-08  0.537E-08  0.462E-08  0.376E-08  0.256E-08
  # Updated VIS ssa profile #
     1.00       1.00       1.00       1.00       1.00       1.00      0.164    
    0.164      0.164      0.164      0.164      0.164      0.164      0.164    
    0.164      0.164      0.164      0.164      0.164      0.164      0.164    
    0.164      0.164      0.164      0.164      0.164      0.164      0.164    
    0.164      0.164      0.164      0.164      0.164      0.164      0.164    
    0.164      0.164      0.164      0.164      0.164      0.164    
  # Updated VIS asy profile #
     0.00       0.00       0.00       0.00       0.00       0.00      0.312    
    0.312      0.312      0.312      0.312      0.312      0.312      0.312    
    0.312      0.312      0.312      0.312      0.312      0.312      0.312    
    0.312      0.312      0.312      0.312      0.312      0.312      0.312    
    0.312      0.312      0.312      0.312      0.312      0.312      0.312    
    0.312      0.312      0.312      0.312      0.312      0.312    
 Creating history file 
 /marconi/home/userexternal/mdasilva/user/mdasilva/CORDEX/ERA5/ERA5-CSAM-3//CSAM
 -3.clm.regcm.h1.20050701_03600.nc
 CLM History variables written
 ATM variables written at  2005-07-01 01:00:00 UTC        
 SRF variables written at  2005-07-01 01:00:00 UTC        
 RAD variables written at  2005-07-01 01:00:00 UTC        
 CLM History variables written
 ATM variables written at  2005-07-01 02:00:00 UTC        
 SRF variables written at  2005-07-01 02:00:00 UTC        
 RAD variables written at  2005-07-01 02:00:00 UTC        
 CLM History variables written
 ATM variables written at  2005-07-01 03:00:00 UTC        
 SRF variables written at  2005-07-01 03:00:00 UTC        
 RAD variables written at  2005-07-01 03:00:00 UTC        
 $$$  2005-07-01 03:00:00 UTC        
 $$$ max, min of ps (mb) =  1019.79  497.16
 CLM History variables written
 ATM variables written at  2005-07-01 04:00:00 UTC        
 SRF variables written at  2005-07-01 04:00:00 UTC        
 RAD variables written at  2005-07-01 04:00:00 UTC        
 CLM History variables written
 ATM variables written at  2005-07-01 05:00:00 UTC        
 SRF variables written at  2005-07-01 05:00:00 UTC        
 RAD variables written at  2005-07-01 05:00:00 UTC        
 CLM History variables written
 ATM variables written at  2005-07-01 06:00:00 UTC        
 SRF variables written at  2005-07-01 06:00:00 UTC        
 RAD variables written at  2005-07-01 06:00:00 UTC        
 SEARCH BC data for 2005070112 , step =  4556640
 READY  BC from     2005070106  to 2005070112 
 $$$  2005-07-01 06:00:00 UTC        
 $$$ max, min of ps (mb) =  1019.54  496.78
 CLM History variables written
 ATM variables written at  2005-07-01 07:00:00 UTC        
 SRF variables written at  2005-07-01 07:00:00 UTC        
 RAD variables written at  2005-07-01 07:00:00 UTC        
 CLM History variables written
 ATM variables written at  2005-07-01 08:00:00 UTC        
 SRF variables written at  2005-07-01 08:00:00 UTC        
 RAD variables written at  2005-07-01 08:00:00 UTC        
 CLM History variables written
 ATM variables written at  2005-07-01 09:00:00 UTC        
 SRF variables written at  2005-07-01 09:00:00 UTC        
 RAD variables written at  2005-07-01 09:00:00 UTC        
 $$$  2005-07-01 09:00:00 UTC        
 $$$ max, min of ps (mb) =  1020.38  496.64
 CLM History variables written
 ATM variables written at  2005-07-01 10:00:00 UTC        
 SRF variables written at  2005-07-01 10:00:00 UTC        
 RAD variables written at  2005-07-01 10:00:00 UTC        
 CLM History variables written
 ATM variables written at  2005-07-01 11:00:00 UTC        
 SRF variables written at  2005-07-01 11:00:00 UTC        
 RAD variables written at  2005-07-01 11:00:00 UTC        
 CLM History variables written
 ATM variables written at  2005-07-01 12:00:00 UTC        
 SRF variables written at  2005-07-01 12:00:00 UTC        
 RAD variables written at  2005-07-01 12:00:00 UTC        
 SEARCH BC data for 2005070118 , step =  4557120
 READY  BC from     2005070112  to 2005070118 
 $$$  2005-07-01 12:00:00 UTC        
 $$$ max, min of ps (mb) =  1021.17  496.50
 CLM History variables written
 ATM variables written at  2005-07-01 13:00:00 UTC        
 SRF variables written at  2005-07-01 13:00:00 UTC        
 RAD variables written at  2005-07-01 13:00:00 UTC        
 CLM History variables written
 ATM variables written at  2005-07-01 14:00:00 UTC        
 SRF variables written at  2005-07-01 14:00:00 UTC        
 RAD variables written at  2005-07-01 14:00:00 UTC        
 CLM History variables written
 ATM variables written at  2005-07-01 15:00:00 UTC        
 SRF variables written at  2005-07-01 15:00:00 UTC        
 RAD variables written at  2005-07-01 15:00:00 UTC        
 $$$  2005-07-01 15:00:00 UTC        
 $$$ max, min of ps (mb) =  1020.24  495.89
 CLM History variables written
 ATM variables written at  2005-07-01 16:00:00 UTC        
 SRF variables written at  2005-07-01 16:00:00 UTC        
 RAD variables written at  2005-07-01 16:00:00 UTC        
 CLM History variables written
 ATM variables written at  2005-07-01 17:00:00 UTC        
 SRF variables written at  2005-07-01 17:00:00 UTC        
 RAD variables written at  2005-07-01 17:00:00 UTC        
 CLM History variables written
 ATM variables written at  2005-07-01 18:00:00 UTC        
 SRF variables written at  2005-07-01 18:00:00 UTC        
 RAD variables written at  2005-07-01 18:00:00 UTC        
 SEARCH BC data for 2005070200 , step =  4557600
 READY  BC from     2005070118  to 2005070200 
 $$$  2005-07-01 18:00:00 UTC        
 $$$ max, min of ps (mb) =  1019.51  495.66
 CLM History variables written
 ATM variables written at  2005-07-01 19:00:00 UTC        
 SRF variables written at  2005-07-01 19:00:00 UTC        
 RAD variables written at  2005-07-01 19:00:00 UTC        
 CLM History variables written
 ATM variables written at  2005-07-01 20:00:00 UTC        
 SRF variables written at  2005-07-01 20:00:00 UTC        
 RAD variables written at  2005-07-01 20:00:00 UTC        
 CLM History variables written
 ATM variables written at  2005-07-01 21:00:00 UTC        
 SRF variables written at  2005-07-01 21:00:00 UTC        
 RAD variables written at  2005-07-01 21:00:00 UTC        
 $$$  2005-07-01 21:00:00 UTC        
 $$$ max, min of ps (mb) =  1020.26  495.34
 CLM History variables written
 ATM variables written at  2005-07-01 22:00:00 UTC        
 SRF variables written at  2005-07-01 22:00:00 UTC        
 RAD variables written at  2005-07-01 22:00:00 UTC        
 CLM History variables written
 ATM variables written at  2005-07-01 23:00:00 UTC        
 SRF variables written at  2005-07-01 23:00:00 UTC        
 RAD variables written at  2005-07-01 23:00:00 UTC        
 CLM History variables written
 At  2005-07-02 00:00:00 UTC        
 JDay    182.00000 solar declination angle =  23.11820540 degrees
                   solar TSI irradiance    =    1355.9685 W/m^2
 ATM variables written at  2005-07-02 00:00:00 UTC        
 SRF variables written at  2005-07-02 00:00:00 UTC        
 STS variables written at  2005-07-02 00:00:00 UTC        
 RAD variables written at  2005-07-02 00:00:00 UTC        
 Opening new output file 
 /marconi/home/userexternal/mdasilva/user/mdasilva/CORDEX/ERA5/ERA5-CSAM-3//CSAM
 -3_ATM.2005070200.nc
 Opening new output file 
 /marconi/home/userexternal/mdasilva/user/mdasilva/CORDEX/ERA5/ERA5-CSAM-3//CSAM
 -3_SRF.2005070200.nc
 Opening new output file 
 /marconi/home/userexternal/mdasilva/user/mdasilva/CORDEX/ERA5/ERA5-CSAM-3//CSAM
 -3_STS.2005070200.nc
 Opening new output file 
 /marconi/home/userexternal/mdasilva/user/mdasilva/CORDEX/ERA5/ERA5-CSAM-3//CSAM
 -3_RAD.2005070200.nc
 Elapsed seconds of run for this period :    967.1464    
 SEARCH BC data for 2005070206 , step =  4558080
 READY  BC from     2005070200  to 2005070206 
 $$$  2005-07-02 00:00:00 UTC        
 $$$ max, min of ps (mb) =  1021.21  494.87
 Updating aerosol optical properties...
  # Updated VIS ext profile #
     0.00       0.00       0.00       0.00       0.00       0.00      0.417E-15
    0.188E-12  0.348E-11  0.222E-10  0.821E-10  0.219E-09  0.470E-09  0.861E-09
    0.140E-08  0.209E-08  0.290E-08  0.380E-08  0.473E-08  0.566E-08  0.655E-08
    0.735E-08  0.804E-08  0.861E-08  0.903E-08  0.930E-08  0.944E-08  0.944E-08
    0.931E-08  0.907E-08  0.874E-08  0.832E-08  0.784E-08  0.729E-08  0.670E-08
    0.670E-08  0.606E-08  0.537E-08  0.462E-08  0.376E-08  0.256E-08
  # Updated VIS ssa profile #
     1.00       1.00       1.00       1.00       1.00       1.00      0.164    
    0.164      0.164      0.164      0.164      0.164      0.164      0.164    
    0.164      0.164      0.164      0.164      0.164      0.164      0.164    
    0.164      0.164      0.164      0.164      0.164      0.164      0.164    
    0.164      0.164      0.164      0.164      0.164      0.164      0.164    
    0.164      0.164      0.164      0.164      0.164      0.164    
  # Updated VIS asy profile #
     0.00       0.00       0.00       0.00       0.00       0.00      0.312    
    0.312      0.312      0.312      0.312      0.312      0.312      0.312    
    0.312      0.312      0.312      0.312      0.312      0.312      0.312    
    0.312      0.312      0.312      0.312      0.312      0.312      0.312    
    0.312      0.312      0.312      0.312      0.312      0.312      0.312    
    0.312      0.312      0.312      0.312      0.312      0.312    
 CLM History variables written
 ATM variables written at  2005-07-02 01:00:00 UTC        
 SRF variables written at  2005-07-02 01:00:00 UTC        
 RAD variables written at  2005-07-02 01:00:00 UTC        
 CLM History variables written
 ATM variables written at  2005-07-02 02:00:00 UTC        
 SRF variables written at  2005-07-02 02:00:00 UTC        
 RAD variables written at  2005-07-02 02:00:00 UTC        
 CLM History variables written
 ATM variables written at  2005-07-02 03:00:00 UTC        
 SRF variables written at  2005-07-02 03:00:00 UTC        
 RAD variables written at  2005-07-02 03:00:00 UTC        
 $$$  2005-07-02 03:00:00 UTC        
 $$$ max, min of ps (mb) =  1020.34  494.25
 CLM History variables written
 ATM variables written at  2005-07-02 04:00:00 UTC        
 SRF variables written at  2005-07-02 04:00:00 UTC        
 RAD variables written at  2005-07-02 04:00:00 UTC        
 CLM History variables written
 ATM variables written at  2005-07-02 05:00:00 UTC        
 SRF variables written at  2005-07-02 05:00:00 UTC        
 RAD variables written at  2005-07-02 05:00:00 UTC        
 CLM History variables written
 ATM variables written at  2005-07-02 06:00:00 UTC        
 SRF variables written at  2005-07-02 06:00:00 UTC        
 RAD variables written at  2005-07-02 06:00:00 UTC        
 SEARCH BC data for 2005070212 , step =  4558560
 READY  BC from     2005070206  to 2005070212 
 $$$  2005-07-02 06:00:00 UTC        
 $$$ max, min of ps (mb) =  1020.28  493.88
 CLM History variables written
 ATM variables written at  2005-07-02 07:00:00 UTC        
 SRF variables written at  2005-07-02 07:00:00 UTC        
 RAD variables written at  2005-07-02 07:00:00 UTC        
 CLM History variables written
 ATM variables written at  2005-07-02 08:00:00 UTC        
 SRF variables written at  2005-07-02 08:00:00 UTC        
 RAD variables written at  2005-07-02 08:00:00 UTC        
 CLM History variables written
 ATM variables written at  2005-07-02 09:00:00 UTC        
 SRF variables written at  2005-07-02 09:00:00 UTC        
 RAD variables written at  2005-07-02 09:00:00 UTC        
 $$$  2005-07-02 09:00:00 UTC        
 $$$ max, min of ps (mb) =  1021.78  493.93
 CLM History variables written
 ATM variables written at  2005-07-02 10:00:00 UTC        
 SRF variables written at  2005-07-02 10:00:00 UTC        
 RAD variables written at  2005-07-02 10:00:00 UTC        
 CLM History variables written
 ATM variables written at  2005-07-02 11:00:00 UTC        
 SRF variables written at  2005-07-02 11:00:00 UTC        
 RAD variables written at  2005-07-02 11:00:00 UTC        
 CLM History variables written
 ATM variables written at  2005-07-02 12:00:00 UTC        
 SRF variables written at  2005-07-02 12:00:00 UTC        
 RAD variables written at  2005-07-02 12:00:00 UTC        
 SEARCH BC data for 2005070218 , step =  4559040
 READY  BC from     2005070212  to 2005070218 
 $$$  2005-07-02 12:00:00 UTC        
 $$$ max, min of ps (mb) =  1022.72  493.91
 CLM History variables written
 ATM variables written at  2005-07-02 13:00:00 UTC        
 SRF variables written at  2005-07-02 13:00:00 UTC        
 RAD variables written at  2005-07-02 13:00:00 UTC        
 CLM History variables written
 ATM variables written at  2005-07-02 14:00:00 UTC        
 SRF variables written at  2005-07-02 14:00:00 UTC        
 RAD variables written at  2005-07-02 14:00:00 UTC        
 CLM History variables written
 ATM variables written at  2005-07-02 15:00:00 UTC        
 SRF variables written at  2005-07-02 15:00:00 UTC        
 RAD variables written at  2005-07-02 15:00:00 UTC        
 $$$  2005-07-02 15:00:00 UTC        
 $$$ max, min of ps (mb) =  1020.94  493.62
 CLM History variables written
 ATM variables written at  2005-07-02 16:00:00 UTC        
 SRF variables written at  2005-07-02 16:00:00 UTC        
 RAD variables written at  2005-07-02 16:00:00 UTC        
 CLM History variables written
 ATM variables written at  2005-07-02 17:00:00 UTC        
 SRF variables written at  2005-07-02 17:00:00 UTC        
 RAD variables written at  2005-07-02 17:00:00 UTC        
 CLM History variables written
 ATM variables written at  2005-07-02 18:00:00 UTC        
 SRF variables written at  2005-07-02 18:00:00 UTC        
 RAD variables written at  2005-07-02 18:00:00 UTC        
 SEARCH BC data for 2005070300 , step =  4559520
 READY  BC from     2005070218  to 2005070300 
 $$$  2005-07-02 18:00:00 UTC        
 $$$ max, min of ps (mb) =  1019.70  493.35
 CLM History variables written
 ATM variables written at  2005-07-02 19:00:00 UTC        
 SRF variables written at  2005-07-02 19:00:00 UTC        
 RAD variables written at  2005-07-02 19:00:00 UTC        
 CLM History variables written
 ATM variables written at  2005-07-02 20:00:00 UTC        
 SRF variables written at  2005-07-02 20:00:00 UTC        
 RAD variables written at  2005-07-02 20:00:00 UTC        
 CLM History variables written
 ATM variables written at  2005-07-02 21:00:00 UTC        
 SRF variables written at  2005-07-02 21:00:00 UTC        
 RAD variables written at  2005-07-02 21:00:00 UTC        
 $$$  2005-07-02 21:00:00 UTC        
 $$$ max, min of ps (mb) =  1020.76  493.24
 CLM History variables written
 ATM variables written at  2005-07-02 22:00:00 UTC        
 SRF variables written at  2005-07-02 22:00:00 UTC        
 RAD variables written at  2005-07-02 22:00:00 UTC        
 CLM History variables written
 ATM variables written at  2005-07-02 23:00:00 UTC        
 SRF variables written at  2005-07-02 23:00:00 UTC        
 RAD variables written at  2005-07-02 23:00:00 UTC        
 CLM History variables written
 At  2005-07-03 00:00:00 UTC        
 JDay    183.00000 solar declination angle =  23.04877902 degrees
                   solar TSI irradiance    =    1355.9685 W/m^2
 ATM variables written at  2005-07-03 00:00:00 UTC        
 SRF variables written at  2005-07-03 00:00:00 UTC        
 STS variables written at  2005-07-03 00:00:00 UTC        
 RAD variables written at  2005-07-03 00:00:00 UTC        
 Opening new output file 
 /marconi/home/userexternal/mdasilva/user/mdasilva/CORDEX/ERA5/ERA5-CSAM-3//CSAM
 -3_ATM.2005070300.nc
 Opening new output file 
 /marconi/home/userexternal/mdasilva/user/mdasilva/CORDEX/ERA5/ERA5-CSAM-3//CSAM
 -3_SRF.2005070300.nc
 Opening new output file 
 /marconi/home/userexternal/mdasilva/user/mdasilva/CORDEX/ERA5/ERA5-CSAM-3//CSAM
 -3_STS.2005070300.nc
 Opening new output file 
 /marconi/home/userexternal/mdasilva/user/mdasilva/CORDEX/ERA5/ERA5-CSAM-3//CSAM
 -3_RAD.2005070300.nc
 Elapsed seconds of run for this period :    955.9523    
 SEARCH BC data for 2005070306 , step =  4560000
 READY  BC from     2005070300  to 2005070306 
 $$$  2005-07-03 00:00:00 UTC        
 $$$ max, min of ps (mb) =  1021.82  493.34
 Updating aerosol optical properties...
  # Updated VIS ext profile #
     0.00       0.00       0.00       0.00       0.00       0.00      0.418E-15
    0.188E-12  0.349E-11  0.222E-10  0.823E-10  0.220E-09  0.471E-09  0.864E-09
    0.141E-08  0.210E-08  0.291E-08  0.381E-08  0.475E-08  0.568E-08  0.657E-08
    0.738E-08  0.807E-08  0.863E-08  0.906E-08  0.933E-08  0.947E-08  0.947E-08
    0.934E-08  0.910E-08  0.877E-08  0.835E-08  0.786E-08  0.732E-08  0.672E-08
    0.672E-08  0.608E-08  0.539E-08  0.464E-08  0.377E-08  0.257E-08
  # Updated VIS ssa profile #
     1.00       1.00       1.00       1.00       1.00       1.00      0.164    
    0.164      0.164      0.164      0.164      0.164      0.164      0.164    
    0.164      0.164      0.164      0.164      0.164      0.164      0.164    
    0.164      0.164      0.164      0.164      0.164      0.164      0.164    
    0.164      0.164      0.164      0.164      0.164      0.164      0.164    
    0.164      0.164      0.164      0.164      0.164      0.164    
  # Updated VIS asy profile #
     0.00       0.00       0.00       0.00       0.00       0.00      0.312    
    0.312      0.312      0.312      0.312      0.312      0.312      0.312    
    0.312      0.312      0.312      0.312      0.312      0.312      0.312    
    0.312      0.312      0.312      0.312      0.312      0.312      0.312    
    0.312      0.312      0.312      0.312      0.312      0.312      0.312    
    0.312      0.312      0.312      0.312      0.312      0.312    
 CLM History variables written
 ATM variables written at  2005-07-03 01:00:00 UTC        
 SRF variables written at  2005-07-03 01:00:00 UTC        
 RAD variables written at  2005-07-03 01:00:00 UTC        
 CLM History variables written
 ATM variables written at  2005-07-03 02:00:00 UTC        
 SRF variables written at  2005-07-03 02:00:00 UTC        
 RAD variables written at  2005-07-03 02:00:00 UTC        
 CLM History variables written
 ATM variables written at  2005-07-03 03:00:00 UTC        
 SRF variables written at  2005-07-03 03:00:00 UTC        
 RAD variables written at  2005-07-03 03:00:00 UTC        
 $$$  2005-07-03 03:00:00 UTC        
 $$$ max, min of ps (mb) =  1021.40  492.84
 CLM History variables written
 ATM variables written at  2005-07-03 04:00:00 UTC        
 SRF variables written at  2005-07-03 04:00:00 UTC        
 RAD variables written at  2005-07-03 04:00:00 UTC        
 CLM History variables written
 ATM variables written at  2005-07-03 05:00:00 UTC        
 SRF variables written at  2005-07-03 05:00:00 UTC        
 RAD variables written at  2005-07-03 05:00:00 UTC        
 CLM History variables written
 ATM variables written at  2005-07-03 06:00:00 UTC        
 SRF variables written at  2005-07-03 06:00:00 UTC        
 RAD variables written at  2005-07-03 06:00:00 UTC        
 SEARCH BC data for 2005070312 , step =  4560480
 READY  BC from     2005070306  to 2005070312 
 $$$  2005-07-03 06:00:00 UTC        
 $$$ max, min of ps (mb) =  1022.21  492.10
 CLM History variables written
 ATM variables written at  2005-07-03 07:00:00 UTC        
 SRF variables written at  2005-07-03 07:00:00 UTC        
 RAD variables written at  2005-07-03 07:00:00 UTC        
 CLM History variables written
 ATM variables written at  2005-07-03 08:00:00 UTC        
 SRF variables written at  2005-07-03 08:00:00 UTC        
 RAD variables written at  2005-07-03 08:00:00 UTC        
 CLM History variables written
 ATM variables written at  2005-07-03 09:00:00 UTC        
 SRF variables written at  2005-07-03 09:00:00 UTC        
 RAD variables written at  2005-07-03 09:00:00 UTC        
 $$$  2005-07-03 09:00:00 UTC        
 $$$ max, min of ps (mb) =  1022.23  491.56
 CLM History variables written
 ATM variables written at  2005-07-03 10:00:00 UTC        
 SRF variables written at  2005-07-03 10:00:00 UTC        
 RAD variables written at  2005-07-03 10:00:00 UTC        
 CLM History variables written
 ATM variables written at  2005-07-03 11:00:00 UTC        
 SRF variables written at  2005-07-03 11:00:00 UTC        
 RAD variables written at  2005-07-03 11:00:00 UTC        
 CLM History variables written
 ATM variables written at  2005-07-03 12:00:00 UTC        
 SRF variables written at  2005-07-03 12:00:00 UTC        
 RAD variables written at  2005-07-03 12:00:00 UTC        
 SEARCH BC data for 2005070318 , step =  4560960
 READY  BC from     2005070312  to 2005070318 
 $$$  2005-07-03 12:00:00 UTC        
 $$$ max, min of ps (mb) =  1022.56  491.29
 CLM History variables written
 ATM variables written at  2005-07-03 13:00:00 UTC        
 SRF variables written at  2005-07-03 13:00:00 UTC        
 RAD variables written at  2005-07-03 13:00:00 UTC        
 CLM History variables written
 ATM variables written at  2005-07-03 14:00:00 UTC        
 SRF variables written at  2005-07-03 14:00:00 UTC        
 RAD variables written at  2005-07-03 14:00:00 UTC        
 CLM History variables written
 ATM variables written at  2005-07-03 15:00:00 UTC        
 SRF variables written at  2005-07-03 15:00:00 UTC        
 RAD variables written at  2005-07-03 15:00:00 UTC        
 $$$  2005-07-03 15:00:00 UTC        
 $$$ max, min of ps (mb) =  1023.49  491.27
 CLM History variables written
 ATM variables written at  2005-07-03 16:00:00 UTC        
 SRF variables written at  2005-07-03 16:00:00 UTC        
 RAD variables written at  2005-07-03 16:00:00 UTC        
 CLM History variables written
 ATM variables written at  2005-07-03 17:00:00 UTC        
 SRF variables written at  2005-07-03 17:00:00 UTC        
 RAD variables written at  2005-07-03 17:00:00 UTC        
 CLM History variables written
 ATM variables written at  2005-07-03 18:00:00 UTC        
 SRF variables written at  2005-07-03 18:00:00 UTC        
 RAD variables written at  2005-07-03 18:00:00 UTC        
 SEARCH BC data for 2005070400 , step =  4561440
 READY  BC from     2005070318  to 2005070400 
 $$$  2005-07-03 18:00:00 UTC        
 $$$ max, min of ps (mb) =  1024.42  491.59
 CLM History variables written
 ATM variables written at  2005-07-03 19:00:00 UTC        
 SRF variables written at  2005-07-03 19:00:00 UTC        
 RAD variables written at  2005-07-03 19:00:00 UTC        
 CLM History variables written
 ATM variables written at  2005-07-03 20:00:00 UTC        
 SRF variables written at  2005-07-03 20:00:00 UTC        
 RAD variables written at  2005-07-03 20:00:00 UTC        
 CLM History variables written
 ATM variables written at  2005-07-03 21:00:00 UTC        
 SRF variables written at  2005-07-03 21:00:00 UTC        
 RAD variables written at  2005-07-03 21:00:00 UTC        
 $$$  2005-07-03 21:00:00 UTC        
 $$$ max, min of ps (mb) =  1025.10  492.31
 CLM History variables written
 ATM variables written at  2005-07-03 22:00:00 UTC        
 SRF variables written at  2005-07-03 22:00:00 UTC        
 RAD variables written at  2005-07-03 22:00:00 UTC        
 CLM History variables written
 ATM variables written at  2005-07-03 23:00:00 UTC        
 SRF variables written at  2005-07-03 23:00:00 UTC        
 RAD variables written at  2005-07-03 23:00:00 UTC        
 CLM History variables written
 At  2005-07-04 00:00:00 UTC        
 JDay    184.00000 solar declination angle =  22.97265287 degrees
                   solar TSI irradiance    =    1355.9685 W/m^2
 ATM variables written at  2005-07-04 00:00:00 UTC        
 SRF variables written at  2005-07-04 00:00:00 UTC        
 STS variables written at  2005-07-04 00:00:00 UTC        
 RAD variables written at  2005-07-04 00:00:00 UTC        
 Opening new output file 
 /marconi/home/userexternal/mdasilva/user/mdasilva/CORDEX/ERA5/ERA5-CSAM-3//CSAM
 -3_ATM.2005070400.nc
 Opening new output file 
 /marconi/home/userexternal/mdasilva/user/mdasilva/CORDEX/ERA5/ERA5-CSAM-3//CSAM
 -3_SRF.2005070400.nc
 Opening new output file 
 /marconi/home/userexternal/mdasilva/user/mdasilva/CORDEX/ERA5/ERA5-CSAM-3//CSAM
 -3_STS.2005070400.nc
 Opening new output file 
 /marconi/home/userexternal/mdasilva/user/mdasilva/CORDEX/ERA5/ERA5-CSAM-3//CSAM
 -3_RAD.2005070400.nc
 Elapsed seconds of run for this period :    930.2607    
 SEARCH BC data for 2005070406 , step =  4561920
 READY  BC from     2005070400  to 2005070406 
 $$$  2005-07-04 00:00:00 UTC        
 $$$ max, min of ps (mb) =  1026.75  492.62
 Updating aerosol optical properties...
  # Updated VIS ext profile #
     0.00       0.00       0.00       0.00       0.00       0.00      0.418E-15
    0.188E-12  0.349E-11  0.222E-10  0.823E-10  0.220E-09  0.471E-09  0.864E-09
    0.141E-08  0.210E-08  0.291E-08  0.381E-08  0.475E-08  0.568E-08  0.657E-08
    0.738E-08  0.807E-08  0.863E-08  0.906E-08  0.933E-08  0.947E-08  0.947E-08
    0.934E-08  0.910E-08  0.877E-08  0.835E-08  0.786E-08  0.732E-08  0.672E-08
    0.672E-08  0.608E-08  0.539E-08  0.464E-08  0.377E-08  0.257E-08
  # Updated VIS ssa profile #
     1.00       1.00       1.00       1.00       1.00       1.00      0.164    
    0.164      0.164      0.164      0.164      0.164      0.164      0.164    
    0.164      0.164      0.164      0.164      0.164      0.164      0.164    
    0.164      0.164      0.164      0.164      0.164      0.164      0.164    
    0.164      0.164      0.164      0.164      0.164      0.164      0.164    
    0.164      0.164      0.164      0.164      0.164      0.164    
  # Updated VIS asy profile #
     0.00       0.00       0.00       0.00       0.00       0.00      0.312    
    0.312      0.312      0.312      0.312      0.312      0.312      0.312    
    0.312      0.312      0.312      0.312      0.312      0.312      0.312    
    0.312      0.312      0.312      0.312      0.312      0.312      0.312    
    0.312      0.312      0.312      0.312      0.312      0.312      0.312    
    0.312      0.312      0.312      0.312      0.312      0.312    
 CLM History variables written
 ATM variables written at  2005-07-04 01:00:00 UTC        
 SRF variables written at  2005-07-04 01:00:00 UTC        
 RAD variables written at  2005-07-04 01:00:00 UTC        
 CLM History variables written
 ATM variables written at  2005-07-04 02:00:00 UTC        
 SRF variables written at  2005-07-04 02:00:00 UTC        
 RAD variables written at  2005-07-04 02:00:00 UTC        
 CLM History variables written
 ATM variables written at  2005-07-04 03:00:00 UTC        
 SRF variables written at  2005-07-04 03:00:00 UTC        
 RAD variables written at  2005-07-04 03:00:00 UTC        
 $$$  2005-07-04 03:00:00 UTC        
 $$$ max, min of ps (mb) =  1028.12  492.74
 CLM History variables written
 ATM variables written at  2005-07-04 04:00:00 UTC        
 SRF variables written at  2005-07-04 04:00:00 UTC        
 RAD variables written at  2005-07-04 04:00:00 UTC        
 CLM History variables written
 ATM variables written at  2005-07-04 05:00:00 UTC        
 SRF variables written at  2005-07-04 05:00:00 UTC        
 RAD variables written at  2005-07-04 05:00:00 UTC        
 CLM History variables written
 ATM variables written at  2005-07-04 06:00:00 UTC        
 SRF variables written at  2005-07-04 06:00:00 UTC        
 RAD variables written at  2005-07-04 06:00:00 UTC        
 SEARCH BC data for 2005070412 , step =  4562400
 READY  BC from     2005070406  to 2005070412 
 $$$  2005-07-04 06:00:00 UTC        
 $$$ max, min of ps (mb) =  1029.51  492.54
 CLM History variables written
 ATM variables written at  2005-07-04 07:00:00 UTC        
 SRF variables written at  2005-07-04 07:00:00 UTC        
 RAD variables written at  2005-07-04 07:00:00 UTC        
 CLM History variables written
 ATM variables written at  2005-07-04 08:00:00 UTC        
 SRF variables written at  2005-07-04 08:00:00 UTC        
 RAD variables written at  2005-07-04 08:00:00 UTC        
 CLM History variables written
 ATM variables written at  2005-07-04 09:00:00 UTC        
 SRF variables written at  2005-07-04 09:00:00 UTC        
 RAD variables written at  2005-07-04 09:00:00 UTC        
 $$$  2005-07-04 09:00:00 UTC        
 $$$ max, min of ps (mb) =  1029.86  492.39
 CLM History variables written
 ATM variables written at  2005-07-04 10:00:00 UTC        
 SRF variables written at  2005-07-04 10:00:00 UTC        
 RAD variables written at  2005-07-04 10:00:00 UTC        
 CLM History variables written
 ATM variables written at  2005-07-04 11:00:00 UTC        
 SRF variables written at  2005-07-04 11:00:00 UTC        
 RAD variables written at  2005-07-04 11:00:00 UTC        
 CLM History variables written
 ATM variables written at  2005-07-04 12:00:00 UTC        
 SRF variables written at  2005-07-04 12:00:00 UTC        
 RAD variables written at  2005-07-04 12:00:00 UTC        
 SEARCH BC data for 2005070418 , step =  4562880
 READY  BC from     2005070412  to 2005070418 
 $$$  2005-07-04 12:00:00 UTC        
 $$$ max, min of ps (mb) =  1030.44  492.96
 CLM History variables written
 ATM variables written at  2005-07-04 13:00:00 UTC        
 SRF variables written at  2005-07-04 13:00:00 UTC        
 RAD variables written at  2005-07-04 13:00:00 UTC        
 CLM History variables written
 ATM variables written at  2005-07-04 14:00:00 UTC        
 SRF variables written at  2005-07-04 14:00:00 UTC        
 RAD variables written at  2005-07-04 14:00:00 UTC        
 CLM History variables written
 ATM variables written at  2005-07-04 15:00:00 UTC        
 SRF variables written at  2005-07-04 15:00:00 UTC        
 RAD variables written at  2005-07-04 15:00:00 UTC        
 $$$  2005-07-04 15:00:00 UTC        
 $$$ max, min of ps (mb) =  1030.46  493.70
 CLM History variables written
 ATM variables written at  2005-07-04 16:00:00 UTC        
 SRF variables written at  2005-07-04 16:00:00 UTC        
 RAD variables written at  2005-07-04 16:00:00 UTC        
 CLM History variables written
 ATM variables written at  2005-07-04 17:00:00 UTC        
 SRF variables written at  2005-07-04 17:00:00 UTC        
 RAD variables written at  2005-07-04 17:00:00 UTC        
 CLM History variables written
 ATM variables written at  2005-07-04 18:00:00 UTC        
 SRF variables written at  2005-07-04 18:00:00 UTC        
 RAD variables written at  2005-07-04 18:00:00 UTC        
 SEARCH BC data for 2005070500 , step =  4563360
 READY  BC from     2005070418  to 2005070500 
 $$$  2005-07-04 18:00:00 UTC        
 $$$ max, min of ps (mb) =  1030.45  494.29
 CLM History variables written
 ATM variables written at  2005-07-04 19:00:00 UTC        
 SRF variables written at  2005-07-04 19:00:00 UTC        
 RAD variables written at  2005-07-04 19:00:00 UTC        
 CLM History variables written
 ATM variables written at  2005-07-04 20:00:00 UTC        
 SRF variables written at  2005-07-04 20:00:00 UTC        
 RAD variables written at  2005-07-04 20:00:00 UTC        
 CLM History variables written
 ATM variables written at  2005-07-04 21:00:00 UTC        
 SRF variables written at  2005-07-04 21:00:00 UTC        
 RAD variables written at  2005-07-04 21:00:00 UTC        
 $$$  2005-07-04 21:00:00 UTC        
 $$$ max, min of ps (mb) =  1029.66  494.80
 CLM History variables written
 ATM variables written at  2005-07-04 22:00:00 UTC        
 SRF variables written at  2005-07-04 22:00:00 UTC        
 RAD variables written at  2005-07-04 22:00:00 UTC        
 CLM History variables written
 ATM variables written at  2005-07-04 23:00:00 UTC        
 SRF variables written at  2005-07-04 23:00:00 UTC        
 RAD variables written at  2005-07-04 23:00:00 UTC        
 CLM History variables written
 At  2005-07-05 00:00:00 UTC        
 JDay    185.00000 solar declination angle =  22.88985894 degrees
                   solar TSI irradiance    =    1355.9685 W/m^2
 ATM variables written at  2005-07-05 00:00:00 UTC        
 SRF variables written at  2005-07-05 00:00:00 UTC        
 STS variables written at  2005-07-05 00:00:00 UTC        
 RAD variables written at  2005-07-05 00:00:00 UTC        
 Opening new output file 
 /marconi/home/userexternal/mdasilva/user/mdasilva/CORDEX/ERA5/ERA5-CSAM-3//CSAM
 -3_ATM.2005070500.nc
 Opening new output file 
 /marconi/home/userexternal/mdasilva/user/mdasilva/CORDEX/ERA5/ERA5-CSAM-3//CSAM
 -3_SRF.2005070500.nc
 Opening new output file 
 /marconi/home/userexternal/mdasilva/user/mdasilva/CORDEX/ERA5/ERA5-CSAM-3//CSAM
 -3_STS.2005070500.nc
 Opening new output file 
 /marconi/home/userexternal/mdasilva/user/mdasilva/CORDEX/ERA5/ERA5-CSAM-3//CSAM
 -3_RAD.2005070500.nc
 Elapsed seconds of run for this period :    957.2720    
 SEARCH BC data for 2005070506 , step =  4563840
 READY  BC from     2005070500  to 2005070506 
 $$$  2005-07-05 00:00:00 UTC        
 $$$ max, min of ps (mb) =  1029.14  495.34
 Updating aerosol optical properties...
  # Updated VIS ext profile #
     0.00       0.00       0.00       0.00       0.00       0.00      0.418E-15
    0.188E-12  0.349E-11  0.222E-10  0.823E-10  0.220E-09  0.471E-09  0.864E-09
    0.141E-08  0.210E-08  0.291E-08  0.381E-08  0.475E-08  0.568E-08  0.657E-08
    0.738E-08  0.807E-08  0.863E-08  0.906E-08  0.933E-08  0.947E-08  0.947E-08
    0.934E-08  0.910E-08  0.877E-08  0.835E-08  0.786E-08  0.732E-08  0.672E-08
    0.672E-08  0.608E-08  0.539E-08  0.464E-08  0.377E-08  0.257E-08
  # Updated VIS ssa profile #
     1.00       1.00       1.00       1.00       1.00       1.00      0.164    
    0.164      0.164      0.164      0.164      0.164      0.164      0.164    
    0.164      0.164      0.164      0.164      0.164      0.164      0.164    
    0.164      0.164      0.164      0.164      0.164      0.164      0.164    
    0.164      0.164      0.164      0.164      0.164      0.164      0.164    
    0.164      0.164      0.164      0.164      0.164      0.164    
  # Updated VIS asy profile #
     0.00       0.00       0.00       0.00       0.00       0.00      0.312    
    0.312      0.312      0.312      0.312      0.312      0.312      0.312    
    0.312      0.312      0.312      0.312      0.312      0.312      0.312    
    0.312      0.312      0.312      0.312      0.312      0.312      0.312    
    0.312      0.312      0.312      0.312      0.312      0.312      0.312    
    0.312      0.312      0.312      0.312      0.312      0.312    
 CLM History variables written
 ATM variables written at  2005-07-05 01:00:00 UTC        
 SRF variables written at  2005-07-05 01:00:00 UTC        
 RAD variables written at  2005-07-05 01:00:00 UTC        
 CLM History variables written
 ATM variables written at  2005-07-05 02:00:00 UTC        
 SRF variables written at  2005-07-05 02:00:00 UTC        
 RAD variables written at  2005-07-05 02:00:00 UTC        
 CLM History variables written
 ATM variables written at  2005-07-05 03:00:00 UTC        
 SRF variables written at  2005-07-05 03:00:00 UTC        
 RAD variables written at  2005-07-05 03:00:00 UTC        
 $$$  2005-07-05 03:00:00 UTC        
 $$$ max, min of ps (mb) =  1028.69  495.43
 CLM History variables written
 ATM variables written at  2005-07-05 04:00:00 UTC        
 SRF variables written at  2005-07-05 04:00:00 UTC        
 RAD variables written at  2005-07-05 04:00:00 UTC        
 CLM History variables written
 ATM variables written at  2005-07-05 05:00:00 UTC        
 SRF variables written at  2005-07-05 05:00:00 UTC        
 RAD variables written at  2005-07-05 05:00:00 UTC        
 CLM History variables written
 ATM variables written at  2005-07-05 06:00:00 UTC        
 SRF variables written at  2005-07-05 06:00:00 UTC        
 RAD variables written at  2005-07-05 06:00:00 UTC        
 SEARCH BC data for 2005070512 , step =  4564320
 READY  BC from     2005070506  to 2005070512 
 $$$  2005-07-05 06:00:00 UTC        
 $$$ max, min of ps (mb) =  1029.00  495.48
 CLM History variables written
 ATM variables written at  2005-07-05 07:00:00 UTC        
 SRF variables written at  2005-07-05 07:00:00 UTC        
 RAD variables written at  2005-07-05 07:00:00 UTC        
 CLM History variables written
 ATM variables written at  2005-07-05 08:00:00 UTC        
 SRF variables written at  2005-07-05 08:00:00 UTC        
 RAD variables written at  2005-07-05 08:00:00 UTC        
 CLM History variables written
 ATM variables written at  2005-07-05 09:00:00 UTC        
 SRF variables written at  2005-07-05 09:00:00 UTC        
 RAD variables written at  2005-07-05 09:00:00 UTC        
 $$$  2005-07-05 09:00:00 UTC        
 $$$ max, min of ps (mb) =  1030.50  495.52
 CLM History variables written
 ATM variables written at  2005-07-05 10:00:00 UTC        
 SRF variables written at  2005-07-05 10:00:00 UTC        
 RAD variables written at  2005-07-05 10:00:00 UTC        
 CLM History variables written
 ATM variables written at  2005-07-05 11:00:00 UTC        
 SRF variables written at  2005-07-05 11:00:00 UTC        
 RAD variables written at  2005-07-05 11:00:00 UTC        
 CLM History variables written
 ATM variables written at  2005-07-05 12:00:00 UTC        
 SRF variables written at  2005-07-05 12:00:00 UTC        
 RAD variables written at  2005-07-05 12:00:00 UTC        
 SEARCH BC data for 2005070518 , step =  4564800
 READY  BC from     2005070512  to 2005070518 
 $$$  2005-07-05 12:00:00 UTC        
 $$$ max, min of ps (mb) =  1031.34  495.63
 CLM History variables written
 ATM variables written at  2005-07-05 13:00:00 UTC        
 SRF variables written at  2005-07-05 13:00:00 UTC        
 RAD variables written at  2005-07-05 13:00:00 UTC        
 CLM History variables written
 ATM variables written at  2005-07-05 14:00:00 UTC        
 SRF variables written at  2005-07-05 14:00:00 UTC        
 RAD variables written at  2005-07-05 14:00:00 UTC        
 CLM History variables written
 ATM variables written at  2005-07-05 15:00:00 UTC        
 SRF variables written at  2005-07-05 15:00:00 UTC        
 RAD variables written at  2005-07-05 15:00:00 UTC        
 $$$  2005-07-05 15:00:00 UTC        
 $$$ max, min of ps (mb) =  1031.10  495.23
 CLM History variables written
 ATM variables written at  2005-07-05 16:00:00 UTC        
 SRF variables written at  2005-07-05 16:00:00 UTC        
 RAD variables written at  2005-07-05 16:00:00 UTC        
 CLM History variables written
 ATM variables written at  2005-07-05 17:00:00 UTC        
 SRF variables written at  2005-07-05 17:00:00 UTC        
 RAD variables written at  2005-07-05 17:00:00 UTC        
 CLM History variables written
 ATM variables written at  2005-07-05 18:00:00 UTC        
 SRF variables written at  2005-07-05 18:00:00 UTC        
 RAD variables written at  2005-07-05 18:00:00 UTC        
 SEARCH BC data for 2005070600 , step =  4565280
 READY  BC from     2005070518  to 2005070600 
 $$$  2005-07-05 18:00:00 UTC        
 $$$ max, min of ps (mb) =  1030.49  495.10
 CLM History variables written
 ATM variables written at  2005-07-05 19:00:00 UTC        
 SRF variables written at  2005-07-05 19:00:00 UTC        
 RAD variables written at  2005-07-05 19:00:00 UTC        
 CLM History variables written
 ATM variables written at  2005-07-05 20:00:00 UTC        
 SRF variables written at  2005-07-05 20:00:00 UTC        
 RAD variables written at  2005-07-05 20:00:00 UTC        
 CLM History variables written
 ATM variables written at  2005-07-05 21:00:00 UTC        
 SRF variables written at  2005-07-05 21:00:00 UTC        
 RAD variables written at  2005-07-05 21:00:00 UTC        
 $$$  2005-07-05 21:00:00 UTC        
 $$$ max, min of ps (mb) =  1030.71  495.00
 CLM History variables written
 ATM variables written at  2005-07-05 22:00:00 UTC        
 SRF variables written at  2005-07-05 22:00:00 UTC        
 RAD variables written at  2005-07-05 22:00:00 UTC        
 CLM History variables written
 ATM variables written at  2005-07-05 23:00:00 UTC        
 SRF variables written at  2005-07-05 23:00:00 UTC        
 RAD variables written at  2005-07-05 23:00:00 UTC        
 CLM History variables written
 At  2005-07-06 00:00:00 UTC        
 JDay    186.00000 solar declination angle =  22.80043164 degrees
                   solar TSI irradiance    =    1355.9685 W/m^2
 ATM variables written at  2005-07-06 00:00:00 UTC        
 SRF variables written at  2005-07-06 00:00:00 UTC        
 STS variables written at  2005-07-06 00:00:00 UTC        
 RAD variables written at  2005-07-06 00:00:00 UTC        
 Opening new output file 
 /marconi/home/userexternal/mdasilva/user/mdasilva/CORDEX/ERA5/ERA5-CSAM-3//CSAM
 -3_ATM.2005070600.nc
 Opening new output file 
 /marconi/home/userexternal/mdasilva/user/mdasilva/CORDEX/ERA5/ERA5-CSAM-3//CSAM
 -3_SRF.2005070600.nc
 Opening new output file 
 /marconi/home/userexternal/mdasilva/user/mdasilva/CORDEX/ERA5/ERA5-CSAM-3//CSAM
 -3_STS.2005070600.nc
 Opening new output file 
 /marconi/home/userexternal/mdasilva/user/mdasilva/CORDEX/ERA5/ERA5-CSAM-3//CSAM
 -3_RAD.2005070600.nc
 Elapsed seconds of run for this period :    956.7034    
 SEARCH BC data for 2005070606 , step =  4565760
 READY  BC from     2005070600  to 2005070606 
 $$$  2005-07-06 00:00:00 UTC        
 $$$ max, min of ps (mb) =  1032.31  494.92
 Updating aerosol optical properties...
  # Updated VIS ext profile #
     0.00       0.00       0.00       0.00       0.00       0.00      0.418E-15
    0.188E-12  0.349E-11  0.222E-10  0.823E-10  0.220E-09  0.471E-09  0.864E-09
    0.141E-08  0.210E-08  0.291E-08  0.381E-08  0.475E-08  0.568E-08  0.657E-08
    0.738E-08  0.807E-08  0.863E-08  0.906E-08  0.933E-08  0.947E-08  0.947E-08
    0.934E-08  0.910E-08  0.877E-08  0.835E-08  0.786E-08  0.732E-08  0.672E-08
    0.672E-08  0.608E-08  0.539E-08  0.464E-08  0.377E-08  0.257E-08
  # Updated VIS ssa profile #
     1.00       1.00       1.00       1.00       1.00       1.00      0.164    
    0.164      0.164      0.164      0.164      0.164      0.164      0.164    
    0.164      0.164      0.164      0.164      0.164      0.164      0.164    
    0.164      0.164      0.164      0.164      0.164      0.164      0.164    
    0.164      0.164      0.164      0.164      0.164      0.164      0.164    
    0.164      0.164      0.164      0.164      0.164      0.164    
  # Updated VIS asy profile #
     0.00       0.00       0.00       0.00       0.00       0.00      0.312    
    0.312      0.312      0.312      0.312      0.312      0.312      0.312    
    0.312      0.312      0.312      0.312      0.312      0.312      0.312    
    0.312      0.312      0.312      0.312      0.312      0.312      0.312    
    0.312      0.312      0.312      0.312      0.312      0.312      0.312    
    0.312      0.312      0.312      0.312      0.312      0.312    
 CLM History variables written
 ATM variables written at  2005-07-06 01:00:00 UTC        
 SRF variables written at  2005-07-06 01:00:00 UTC        
 RAD variables written at  2005-07-06 01:00:00 UTC        
 CLM History variables written
 ATM variables written at  2005-07-06 02:00:00 UTC        
 SRF variables written at  2005-07-06 02:00:00 UTC        
 RAD variables written at  2005-07-06 02:00:00 UTC        
 CLM History variables written
 ATM variables written at  2005-07-06 03:00:00 UTC        
 SRF variables written at  2005-07-06 03:00:00 UTC        
 RAD variables written at  2005-07-06 03:00:00 UTC        
 $$$  2005-07-06 03:00:00 UTC        
 $$$ max, min of ps (mb) =  1033.39  495.11
 CLM History variables written
 ATM variables written at  2005-07-06 04:00:00 UTC        
 SRF variables written at  2005-07-06 04:00:00 UTC        
 RAD variables written at  2005-07-06 04:00:00 UTC        
 CLM History variables written
 ATM variables written at  2005-07-06 05:00:00 UTC        
 SRF variables written at  2005-07-06 05:00:00 UTC        
 RAD variables written at  2005-07-06 05:00:00 UTC        
 CLM History variables written
 ATM variables written at  2005-07-06 06:00:00 UTC        
 SRF variables written at  2005-07-06 06:00:00 UTC        
 RAD variables written at  2005-07-06 06:00:00 UTC        
 SEARCH BC data for 2005070612 , step =  4566240
 READY  BC from     2005070606  to 2005070612 
 $$$  2005-07-06 06:00:00 UTC        
 $$$ max, min of ps (mb) =  1034.26  495.10
 CLM History variables written
 ATM variables written at  2005-07-06 07:00:00 UTC        
 SRF variables written at  2005-07-06 07:00:00 UTC        
 RAD variables written at  2005-07-06 07:00:00 UTC        
 CLM History variables written
 ATM variables written at  2005-07-06 08:00:00 UTC        
 SRF variables written at  2005-07-06 08:00:00 UTC        
 RAD variables written at  2005-07-06 08:00:00 UTC        
 CLM History variables written
 ATM variables written at  2005-07-06 09:00:00 UTC        
 SRF variables written at  2005-07-06 09:00:00 UTC        
 RAD variables written at  2005-07-06 09:00:00 UTC        
 $$$  2005-07-06 09:00:00 UTC        
 $$$ max, min of ps (mb) =  1035.79  495.27
 CLM History variables written
 ATM variables written at  2005-07-06 10:00:00 UTC        
 SRF variables written at  2005-07-06 10:00:00 UTC        
 RAD variables written at  2005-07-06 10:00:00 UTC        
 CLM History variables written
 ATM variables written at  2005-07-06 11:00:00 UTC        
 SRF variables written at  2005-07-06 11:00:00 UTC        
 RAD variables written at  2005-07-06 11:00:00 UTC        
 CLM History variables written
 ATM variables written at  2005-07-06 12:00:00 UTC        
 SRF variables written at  2005-07-06 12:00:00 UTC        
 RAD variables written at  2005-07-06 12:00:00 UTC        
 SEARCH BC data for 2005070618 , step =  4566720
 READY  BC from     2005070612  to 2005070618 
 $$$  2005-07-06 12:00:00 UTC        
 $$$ max, min of ps (mb) =  1036.89  495.78
 CLM History variables written
 ATM variables written at  2005-07-06 13:00:00 UTC        
 SRF variables written at  2005-07-06 13:00:00 UTC        
 RAD variables written at  2005-07-06 13:00:00 UTC        
 CLM History variables written
 ATM variables written at  2005-07-06 14:00:00 UTC        
 SRF variables written at  2005-07-06 14:00:00 UTC        
 RAD variables written at  2005-07-06 14:00:00 UTC        
 CLM History variables written
 ATM variables written at  2005-07-06 15:00:00 UTC        
 SRF variables written at  2005-07-06 15:00:00 UTC        
 RAD variables written at  2005-07-06 15:00:00 UTC        
 $$$  2005-07-06 15:00:00 UTC        
 $$$ max, min of ps (mb) =  1036.75  495.93
 CLM History variables written
 ATM variables written at  2005-07-06 16:00:00 UTC        
 SRF variables written at  2005-07-06 16:00:00 UTC        
 RAD variables written at  2005-07-06 16:00:00 UTC        
 CLM History variables written
 ATM variables written at  2005-07-06 17:00:00 UTC        
 SRF variables written at  2005-07-06 17:00:00 UTC        
 RAD variables written at  2005-07-06 17:00:00 UTC        
