BIN = bin
SUFFIX = CLM45_BDW

  This is icbc part of the RegCM version 5
   SVN Revision: 5.0.1 compiled at: data : May 14 2024  time: 13:19:30

 : this run start at    : 2024-05-17 08:37:58+0200
 : it is submitted by   : mdasilva
 : it is running on     : r000u10l05
 : in directory         : 
 /marconi/home/userexternal/mdasilva/github_projects/shell/ictp/regcm_exp/cordex
                       
 Using Moloch non-hydrostatic dynamical core
 GLOBIDATE1 :  2004-02-01 00:00:00 UTC        
 GLOBIDATE2 :  2004-03-01 00:00:00 UTC        
 NSTEPS     :          117
 Computing weights, R =      38.89632416 .......... Done.
 Computing weights, R =      38.89632416 .......... Done.
 Computing weights, R =      38.89632416 .......... Done.
      131072 /marconi_work/ICT23_ESP/RCMDATA/ERA5/2004/tatm_2004_02.nc
  2.158583000927848E-003   248.939022332035     
      196608 /marconi_work/ICT23_ESP/RCMDATA/ERA5/2004/geop_2004_02.nc
   7.51259551485511        241144.345264743     
      262144 /marconi_work/ICT23_ESP/RCMDATA/ERA5/2004/qhum_2004_02.nc
  4.014100103550088E-007  1.309266136605679E-002
      327680 /marconi_work/ICT23_ESP/RCMDATA/ERA5/2004/uwnd_2004_02.nc
  4.332471824861257E-003   42.3270650262946     
      393216 /marconi_work/ICT23_ESP/RCMDATA/ERA5/2004/vwnd_2004_02.nc
  3.742074994808198E-003  -17.8457125902318     
 READ IN fields at DATE: 2004-02-01 00:00:00 UTC        
 READ IN fields at DATE: 2004-02-01 06:00:00 UTC        
 READ IN fields at DATE: 2004-02-01 12:00:00 UTC        
 READ IN fields at DATE: 2004-02-01 18:00:00 UTC        
 READ IN fields at DATE: 2004-02-02 00:00:00 UTC        
 READ IN fields at DATE: 2004-02-02 06:00:00 UTC        
 READ IN fields at DATE: 2004-02-02 12:00:00 UTC        
 READ IN fields at DATE: 2004-02-02 18:00:00 UTC        
 READ IN fields at DATE: 2004-02-03 00:00:00 UTC        
 READ IN fields at DATE: 2004-02-03 06:00:00 UTC        
 READ IN fields at DATE: 2004-02-03 12:00:00 UTC        
 READ IN fields at DATE: 2004-02-03 18:00:00 UTC        
 READ IN fields at DATE: 2004-02-04 00:00:00 UTC        
 READ IN fields at DATE: 2004-02-04 06:00:00 UTC        
 READ IN fields at DATE: 2004-02-04 12:00:00 UTC        
 READ IN fields at DATE: 2004-02-04 18:00:00 UTC        
 READ IN fields at DATE: 2004-02-05 00:00:00 UTC        
 READ IN fields at DATE: 2004-02-05 06:00:00 UTC        
 READ IN fields at DATE: 2004-02-05 12:00:00 UTC        
 READ IN fields at DATE: 2004-02-05 18:00:00 UTC        
 READ IN fields at DATE: 2004-02-06 00:00:00 UTC        
 READ IN fields at DATE: 2004-02-06 06:00:00 UTC        
 READ IN fields at DATE: 2004-02-06 12:00:00 UTC        
 READ IN fields at DATE: 2004-02-06 18:00:00 UTC        
 READ IN fields at DATE: 2004-02-07 00:00:00 UTC        
 READ IN fields at DATE: 2004-02-07 06:00:00 UTC        
 READ IN fields at DATE: 2004-02-07 12:00:00 UTC        
 READ IN fields at DATE: 2004-02-07 18:00:00 UTC        
 READ IN fields at DATE: 2004-02-08 00:00:00 UTC        
 READ IN fields at DATE: 2004-02-08 06:00:00 UTC        
 READ IN fields at DATE: 2004-02-08 12:00:00 UTC        
 READ IN fields at DATE: 2004-02-08 18:00:00 UTC        
 READ IN fields at DATE: 2004-02-09 00:00:00 UTC        
 READ IN fields at DATE: 2004-02-09 06:00:00 UTC        
 READ IN fields at DATE: 2004-02-09 12:00:00 UTC        
 READ IN fields at DATE: 2004-02-09 18:00:00 UTC        
 READ IN fields at DATE: 2004-02-10 00:00:00 UTC        
 READ IN fields at DATE: 2004-02-10 06:00:00 UTC        
 READ IN fields at DATE: 2004-02-10 12:00:00 UTC        
 READ IN fields at DATE: 2004-02-10 18:00:00 UTC        
 READ IN fields at DATE: 2004-02-11 00:00:00 UTC        
 READ IN fields at DATE: 2004-02-11 06:00:00 UTC        
 READ IN fields at DATE: 2004-02-11 12:00:00 UTC        
 READ IN fields at DATE: 2004-02-11 18:00:00 UTC        
 READ IN fields at DATE: 2004-02-12 00:00:00 UTC        
 READ IN fields at DATE: 2004-02-12 06:00:00 UTC        
 READ IN fields at DATE: 2004-02-12 12:00:00 UTC        
 READ IN fields at DATE: 2004-02-12 18:00:00 UTC        
 READ IN fields at DATE: 2004-02-13 00:00:00 UTC        
 READ IN fields at DATE: 2004-02-13 06:00:00 UTC        
 READ IN fields at DATE: 2004-02-13 12:00:00 UTC        
 READ IN fields at DATE: 2004-02-13 18:00:00 UTC        
 READ IN fields at DATE: 2004-02-14 00:00:00 UTC        
 READ IN fields at DATE: 2004-02-14 06:00:00 UTC        
 READ IN fields at DATE: 2004-02-14 12:00:00 UTC        
 READ IN fields at DATE: 2004-02-14 18:00:00 UTC        
 READ IN fields at DATE: 2004-02-15 00:00:00 UTC        
 READ IN fields at DATE: 2004-02-15 06:00:00 UTC        
 READ IN fields at DATE: 2004-02-15 12:00:00 UTC        
 READ IN fields at DATE: 2004-02-15 18:00:00 UTC        
 READ IN fields at DATE: 2004-02-16 00:00:00 UTC        
 READ IN fields at DATE: 2004-02-16 06:00:00 UTC        
 READ IN fields at DATE: 2004-02-16 12:00:00 UTC        
 READ IN fields at DATE: 2004-02-16 18:00:00 UTC        
 READ IN fields at DATE: 2004-02-17 00:00:00 UTC        
 READ IN fields at DATE: 2004-02-17 06:00:00 UTC        
 READ IN fields at DATE: 2004-02-17 12:00:00 UTC        
 READ IN fields at DATE: 2004-02-17 18:00:00 UTC        
 READ IN fields at DATE: 2004-02-18 00:00:00 UTC        
 READ IN fields at DATE: 2004-02-18 06:00:00 UTC        
 READ IN fields at DATE: 2004-02-18 12:00:00 UTC        
 READ IN fields at DATE: 2004-02-18 18:00:00 UTC        
 READ IN fields at DATE: 2004-02-19 00:00:00 UTC        
 READ IN fields at DATE: 2004-02-19 06:00:00 UTC        
 READ IN fields at DATE: 2004-02-19 12:00:00 UTC        
 READ IN fields at DATE: 2004-02-19 18:00:00 UTC        
 READ IN fields at DATE: 2004-02-20 00:00:00 UTC        
 READ IN fields at DATE: 2004-02-20 06:00:00 UTC        
 READ IN fields at DATE: 2004-02-20 12:00:00 UTC        
 READ IN fields at DATE: 2004-02-20 18:00:00 UTC        
 READ IN fields at DATE: 2004-02-21 00:00:00 UTC        
 READ IN fields at DATE: 2004-02-21 06:00:00 UTC        
 READ IN fields at DATE: 2004-02-21 12:00:00 UTC        
 READ IN fields at DATE: 2004-02-21 18:00:00 UTC        
 READ IN fields at DATE: 2004-02-22 00:00:00 UTC        
 READ IN fields at DATE: 2004-02-22 06:00:00 UTC        
 READ IN fields at DATE: 2004-02-22 12:00:00 UTC        
 READ IN fields at DATE: 2004-02-22 18:00:00 UTC        
 READ IN fields at DATE: 2004-02-23 00:00:00 UTC        
 READ IN fields at DATE: 2004-02-23 06:00:00 UTC        
 READ IN fields at DATE: 2004-02-23 12:00:00 UTC        
 READ IN fields at DATE: 2004-02-23 18:00:00 UTC        
 READ IN fields at DATE: 2004-02-24 00:00:00 UTC        
 READ IN fields at DATE: 2004-02-24 06:00:00 UTC        
 READ IN fields at DATE: 2004-02-24 12:00:00 UTC        
 READ IN fields at DATE: 2004-02-24 18:00:00 UTC        
 READ IN fields at DATE: 2004-02-25 00:00:00 UTC        
 READ IN fields at DATE: 2004-02-25 06:00:00 UTC        
 READ IN fields at DATE: 2004-02-25 12:00:00 UTC        
 READ IN fields at DATE: 2004-02-25 18:00:00 UTC        
 READ IN fields at DATE: 2004-02-26 00:00:00 UTC        
 READ IN fields at DATE: 2004-02-26 06:00:00 UTC        
 READ IN fields at DATE: 2004-02-26 12:00:00 UTC        
 READ IN fields at DATE: 2004-02-26 18:00:00 UTC        
 READ IN fields at DATE: 2004-02-27 00:00:00 UTC        
 READ IN fields at DATE: 2004-02-27 06:00:00 UTC        
 READ IN fields at DATE: 2004-02-27 12:00:00 UTC        
 READ IN fields at DATE: 2004-02-27 18:00:00 UTC        
 READ IN fields at DATE: 2004-02-28 00:00:00 UTC        
 READ IN fields at DATE: 2004-02-28 06:00:00 UTC        
 READ IN fields at DATE: 2004-02-28 12:00:00 UTC        
 READ IN fields at DATE: 2004-02-28 18:00:00 UTC        
 READ IN fields at DATE: 2004-02-29 00:00:00 UTC        
 READ IN fields at DATE: 2004-02-29 06:00:00 UTC        
 READ IN fields at DATE: 2004-02-29 12:00:00 UTC        
 READ IN fields at DATE: 2004-02-29 18:00:00 UTC        
      131072 /marconi_work/ICT23_ESP/RCMDATA/ERA5/2004/tatm_2004_03.nc
  2.127824199213683E-003   247.637112052256     
      196608 /marconi_work/ICT23_ESP/RCMDATA/ERA5/2004/geop_2004_03.nc
   7.35494265532251        235428.906513047     
      262144 /marconi_work/ICT23_ESP/RCMDATA/ERA5/2004/qhum_2004_03.nc
  3.831259921323293E-007  1.251617492040020E-002
      327680 /marconi_work/ICT23_ESP/RCMDATA/ERA5/2004/uwnd_2004_03.nc
  3.604791762982248E-003   28.4903698453294     
      393216 /marconi_work/ICT23_ESP/RCMDATA/ERA5/2004/vwnd_2004_03.nc
  3.199616929116938E-003  -8.23438026500753     
 READ IN fields at DATE: 2004-03-01 00:00:00 UTC        
 Input ready at : Fri May 17 09:33:40 2024
 Successfully completed ICBC
icbc script complete
