BIN = bin
SUFFIX = CLM45_BDW

  This is icbc part of the RegCM version 5
   SVN Revision: 5.0.1 compiled at: data : May 14 2024  time: 13:19:30

 : this run start at    : 2024-05-18 22:09:18+0200
 : it is submitted by   : mdasilva
 : it is running on     : r000u10l05
 : in directory         : 
 /marconi/home/userexternal/mdasilva/github_projects/shell/ictp/regcm_exp/cordex
                       
 Using Moloch non-hydrostatic dynamical core
 GLOBIDATE1 :  2007-04-01 00:00:00 UTC        
 GLOBIDATE2 :  2007-05-01 00:00:00 UTC        
 NSTEPS     :          121
 Computing weights, R =      38.89632416 .......... Done.
 Computing weights, R =      38.89632416 .......... Done.
 Computing weights, R =      38.89632416 .......... Done.
      131072 /marconi_work/ICT23_ESP/RCMDATA/ERA5/2007/tatm_2007_04.nc
  2.068298785967685E-003   250.554179778830     
      196608 /marconi_work/ICT23_ESP/RCMDATA/ERA5/2007/geop_2007_04.nc
   7.31954284959486        234253.101947325     
      262144 /marconi_work/ICT23_ESP/RCMDATA/ERA5/2007/qhum_2007_04.nc
  3.797323400730684E-007  1.238507952965126E-002
      327680 /marconi_work/ICT23_ESP/RCMDATA/ERA5/2007/uwnd_2007_04.nc
  2.606520537005211E-003   22.9314817739112     
      393216 /marconi_work/ICT23_ESP/RCMDATA/ERA5/2007/vwnd_2007_04.nc
  2.693894468528141E-003   2.81207620950402     
 READ IN fields at DATE: 2007-04-01 00:00:00 UTC        
 READ IN fields at DATE: 2007-04-01 06:00:00 UTC        
 READ IN fields at DATE: 2007-04-01 12:00:00 UTC        
 READ IN fields at DATE: 2007-04-01 18:00:00 UTC        
 READ IN fields at DATE: 2007-04-02 00:00:00 UTC        
 READ IN fields at DATE: 2007-04-02 06:00:00 UTC        
 READ IN fields at DATE: 2007-04-02 12:00:00 UTC        
 READ IN fields at DATE: 2007-04-02 18:00:00 UTC        
 READ IN fields at DATE: 2007-04-03 00:00:00 UTC        
 READ IN fields at DATE: 2007-04-03 06:00:00 UTC        
 READ IN fields at DATE: 2007-04-03 12:00:00 UTC        
 READ IN fields at DATE: 2007-04-03 18:00:00 UTC        
 READ IN fields at DATE: 2007-04-04 00:00:00 UTC        
 READ IN fields at DATE: 2007-04-04 06:00:00 UTC        
 READ IN fields at DATE: 2007-04-04 12:00:00 UTC        
 READ IN fields at DATE: 2007-04-04 18:00:00 UTC        
 READ IN fields at DATE: 2007-04-05 00:00:00 UTC        
 READ IN fields at DATE: 2007-04-05 06:00:00 UTC        
 READ IN fields at DATE: 2007-04-05 12:00:00 UTC        
 READ IN fields at DATE: 2007-04-05 18:00:00 UTC        
 READ IN fields at DATE: 2007-04-06 00:00:00 UTC        
 READ IN fields at DATE: 2007-04-06 06:00:00 UTC        
 READ IN fields at DATE: 2007-04-06 12:00:00 UTC        
 READ IN fields at DATE: 2007-04-06 18:00:00 UTC        
 READ IN fields at DATE: 2007-04-07 00:00:00 UTC        
 READ IN fields at DATE: 2007-04-07 06:00:00 UTC        
 READ IN fields at DATE: 2007-04-07 12:00:00 UTC        
 READ IN fields at DATE: 2007-04-07 18:00:00 UTC        
 READ IN fields at DATE: 2007-04-08 00:00:00 UTC        
 READ IN fields at DATE: 2007-04-08 06:00:00 UTC        
 READ IN fields at DATE: 2007-04-08 12:00:00 UTC        
 READ IN fields at DATE: 2007-04-08 18:00:00 UTC        
 READ IN fields at DATE: 2007-04-09 00:00:00 UTC        
 READ IN fields at DATE: 2007-04-09 06:00:00 UTC        
 READ IN fields at DATE: 2007-04-09 12:00:00 UTC        
 READ IN fields at DATE: 2007-04-09 18:00:00 UTC        
 READ IN fields at DATE: 2007-04-10 00:00:00 UTC        
 READ IN fields at DATE: 2007-04-10 06:00:00 UTC        
 READ IN fields at DATE: 2007-04-10 12:00:00 UTC        
 READ IN fields at DATE: 2007-04-10 18:00:00 UTC        
 READ IN fields at DATE: 2007-04-11 00:00:00 UTC        
 READ IN fields at DATE: 2007-04-11 06:00:00 UTC        
 READ IN fields at DATE: 2007-04-11 12:00:00 UTC        
 READ IN fields at DATE: 2007-04-11 18:00:00 UTC        
 READ IN fields at DATE: 2007-04-12 00:00:00 UTC        
 READ IN fields at DATE: 2007-04-12 06:00:00 UTC        
 READ IN fields at DATE: 2007-04-12 12:00:00 UTC        
 READ IN fields at DATE: 2007-04-12 18:00:00 UTC        
 READ IN fields at DATE: 2007-04-13 00:00:00 UTC        
 READ IN fields at DATE: 2007-04-13 06:00:00 UTC        
 READ IN fields at DATE: 2007-04-13 12:00:00 UTC        
 READ IN fields at DATE: 2007-04-13 18:00:00 UTC        
 READ IN fields at DATE: 2007-04-14 00:00:00 UTC        
 READ IN fields at DATE: 2007-04-14 06:00:00 UTC        
 READ IN fields at DATE: 2007-04-14 12:00:00 UTC        
 READ IN fields at DATE: 2007-04-14 18:00:00 UTC        
 READ IN fields at DATE: 2007-04-15 00:00:00 UTC        
 READ IN fields at DATE: 2007-04-15 06:00:00 UTC        
 READ IN fields at DATE: 2007-04-15 12:00:00 UTC        
 READ IN fields at DATE: 2007-04-15 18:00:00 UTC        
 READ IN fields at DATE: 2007-04-16 00:00:00 UTC        
 READ IN fields at DATE: 2007-04-16 06:00:00 UTC        
 READ IN fields at DATE: 2007-04-16 12:00:00 UTC        
 READ IN fields at DATE: 2007-04-16 18:00:00 UTC        
 READ IN fields at DATE: 2007-04-17 00:00:00 UTC        
 READ IN fields at DATE: 2007-04-17 06:00:00 UTC        
 READ IN fields at DATE: 2007-04-17 12:00:00 UTC        
 READ IN fields at DATE: 2007-04-17 18:00:00 UTC        
 READ IN fields at DATE: 2007-04-18 00:00:00 UTC        
 READ IN fields at DATE: 2007-04-18 06:00:00 UTC        
 READ IN fields at DATE: 2007-04-18 12:00:00 UTC        
 READ IN fields at DATE: 2007-04-18 18:00:00 UTC        
 READ IN fields at DATE: 2007-04-19 00:00:00 UTC        
 READ IN fields at DATE: 2007-04-19 06:00:00 UTC        
 READ IN fields at DATE: 2007-04-19 12:00:00 UTC        
 READ IN fields at DATE: 2007-04-19 18:00:00 UTC        
 READ IN fields at DATE: 2007-04-20 00:00:00 UTC        
 READ IN fields at DATE: 2007-04-20 06:00:00 UTC        
 READ IN fields at DATE: 2007-04-20 12:00:00 UTC        
 READ IN fields at DATE: 2007-04-20 18:00:00 UTC        
 READ IN fields at DATE: 2007-04-21 00:00:00 UTC        
 READ IN fields at DATE: 2007-04-21 06:00:00 UTC        
 READ IN fields at DATE: 2007-04-21 12:00:00 UTC        
 READ IN fields at DATE: 2007-04-21 18:00:00 UTC        
 READ IN fields at DATE: 2007-04-22 00:00:00 UTC        
 READ IN fields at DATE: 2007-04-22 06:00:00 UTC        
 READ IN fields at DATE: 2007-04-22 12:00:00 UTC        
 READ IN fields at DATE: 2007-04-22 18:00:00 UTC        
 READ IN fields at DATE: 2007-04-23 00:00:00 UTC        
 READ IN fields at DATE: 2007-04-23 06:00:00 UTC        
 READ IN fields at DATE: 2007-04-23 12:00:00 UTC        
 READ IN fields at DATE: 2007-04-23 18:00:00 UTC        
 READ IN fields at DATE: 2007-04-24 00:00:00 UTC        
 READ IN fields at DATE: 2007-04-24 06:00:00 UTC        
 READ IN fields at DATE: 2007-04-24 12:00:00 UTC        
 READ IN fields at DATE: 2007-04-24 18:00:00 UTC        
 READ IN fields at DATE: 2007-04-25 00:00:00 UTC        
 READ IN fields at DATE: 2007-04-25 06:00:00 UTC        
 READ IN fields at DATE: 2007-04-25 12:00:00 UTC        
 READ IN fields at DATE: 2007-04-25 18:00:00 UTC        
 READ IN fields at DATE: 2007-04-26 00:00:00 UTC        
 READ IN fields at DATE: 2007-04-26 06:00:00 UTC        
 READ IN fields at DATE: 2007-04-26 12:00:00 UTC        
 READ IN fields at DATE: 2007-04-26 18:00:00 UTC        
 READ IN fields at DATE: 2007-04-27 00:00:00 UTC        
 READ IN fields at DATE: 2007-04-27 06:00:00 UTC        
 READ IN fields at DATE: 2007-04-27 12:00:00 UTC        
 READ IN fields at DATE: 2007-04-27 18:00:00 UTC        
 READ IN fields at DATE: 2007-04-28 00:00:00 UTC        
 READ IN fields at DATE: 2007-04-28 06:00:00 UTC        
 READ IN fields at DATE: 2007-04-28 12:00:00 UTC        
 READ IN fields at DATE: 2007-04-28 18:00:00 UTC        
 READ IN fields at DATE: 2007-04-29 00:00:00 UTC        
 READ IN fields at DATE: 2007-04-29 06:00:00 UTC        
 READ IN fields at DATE: 2007-04-29 12:00:00 UTC        
 READ IN fields at DATE: 2007-04-29 18:00:00 UTC        
 READ IN fields at DATE: 2007-04-30 00:00:00 UTC        
 READ IN fields at DATE: 2007-04-30 06:00:00 UTC        
 READ IN fields at DATE: 2007-04-30 12:00:00 UTC        
 READ IN fields at DATE: 2007-04-30 18:00:00 UTC        
      131072 /marconi_work/ICT23_ESP/RCMDATA/ERA5/2007/tatm_2007_05.nc
  2.099222905006471E-003   251.218486216184     
      196608 /marconi_work/ICT23_ESP/RCMDATA/ERA5/2007/geop_2007_05.nc
   7.52632219883494        240995.938010776     
      262144 /marconi_work/ICT23_ESP/RCMDATA/ERA5/2007/qhum_2007_05.nc
  4.110295491369918E-007  1.336134416771136E-002
      327680 /marconi_work/ICT23_ESP/RCMDATA/ERA5/2007/uwnd_2007_05.nc
  3.069405553323922E-003   42.1823718523991     
      393216 /marconi_work/ICT23_ESP/RCMDATA/ERA5/2007/vwnd_2007_05.nc
  2.673512006608908E-003  0.707365331399039     
 READ IN fields at DATE: 2007-05-01 00:00:00 UTC        
 Input ready at : Sat May 18 23:06:15 2024
 Successfully completed ICBC
icbc script complete
