BIN = bin
SUFFIX = CLM45_BDW

  This is icbc part of the RegCM version 5
   SVN Revision: 5.0.1 compiled at: data : May 14 2024  time: 13:19:30

 : this run start at    : 2024-05-15 06:53:50+0200
 : it is submitted by   : mdasilva
 : it is running on     : r000u10l05
 : in directory         : 
 /marconi/home/userexternal/mdasilva/github_projects/shell/ictp/regcm_exp/cordex
                       
 Using Moloch non-hydrostatic dynamical core
 GLOBIDATE1 :  2000-02-01 00:00:00 UTC        
 GLOBIDATE2 :  2000-03-01 00:00:00 UTC        
 NSTEPS     :          117
 Computing weights, R =      38.89632416 .......... Done.
 Computing weights, R =      38.89632416 .......... Done.
 Computing weights, R =      38.89632416 .......... Done.
      131072 /marconi_work/ICT23_ESP/RCMDATA/ERA5/2000/tatm_2000_02.nc
  2.113663256891447E-003   249.903171378821     
      196608 /marconi_work/ICT23_ESP/RCMDATA/ERA5/2000/geop_2000_02.nc
   7.53130084508950        241225.865208952     
      262144 /marconi_work/ICT23_ESP/RCMDATA/ERA5/2000/qhum_2000_02.nc
  4.056126973133069E-007  1.322585877284061E-002
      327680 /marconi_work/ICT23_ESP/RCMDATA/ERA5/2000/uwnd_2000_02.nc
  4.216248157461579E-003   13.1136221615658     
      393216 /marconi_work/ICT23_ESP/RCMDATA/ERA5/2000/vwnd_2000_02.nc
  3.901000127157429E-003  3.177905315907754E-002
 READ IN fields at DATE: 2000-02-01 00:00:00 UTC        
 READ IN fields at DATE: 2000-02-01 06:00:00 UTC        
 READ IN fields at DATE: 2000-02-01 12:00:00 UTC        
 READ IN fields at DATE: 2000-02-01 18:00:00 UTC        
 READ IN fields at DATE: 2000-02-02 00:00:00 UTC        
 READ IN fields at DATE: 2000-02-02 06:00:00 UTC        
 READ IN fields at DATE: 2000-02-02 12:00:00 UTC        
 READ IN fields at DATE: 2000-02-02 18:00:00 UTC        
 READ IN fields at DATE: 2000-02-03 00:00:00 UTC        
 READ IN fields at DATE: 2000-02-03 06:00:00 UTC        
 READ IN fields at DATE: 2000-02-03 12:00:00 UTC        
 READ IN fields at DATE: 2000-02-03 18:00:00 UTC        
 READ IN fields at DATE: 2000-02-04 00:00:00 UTC        
 READ IN fields at DATE: 2000-02-04 06:00:00 UTC        
 READ IN fields at DATE: 2000-02-04 12:00:00 UTC        
 READ IN fields at DATE: 2000-02-04 18:00:00 UTC        
 READ IN fields at DATE: 2000-02-05 00:00:00 UTC        
 READ IN fields at DATE: 2000-02-05 06:00:00 UTC        
 READ IN fields at DATE: 2000-02-05 12:00:00 UTC        
 READ IN fields at DATE: 2000-02-05 18:00:00 UTC        
 READ IN fields at DATE: 2000-02-06 00:00:00 UTC        
 READ IN fields at DATE: 2000-02-06 06:00:00 UTC        
 READ IN fields at DATE: 2000-02-06 12:00:00 UTC        
 READ IN fields at DATE: 2000-02-06 18:00:00 UTC        
 READ IN fields at DATE: 2000-02-07 00:00:00 UTC        
 READ IN fields at DATE: 2000-02-07 06:00:00 UTC        
 READ IN fields at DATE: 2000-02-07 12:00:00 UTC        
 READ IN fields at DATE: 2000-02-07 18:00:00 UTC        
 READ IN fields at DATE: 2000-02-08 00:00:00 UTC        
 READ IN fields at DATE: 2000-02-08 06:00:00 UTC        
 READ IN fields at DATE: 2000-02-08 12:00:00 UTC        
 READ IN fields at DATE: 2000-02-08 18:00:00 UTC        
 READ IN fields at DATE: 2000-02-09 00:00:00 UTC        
 READ IN fields at DATE: 2000-02-09 06:00:00 UTC        
 READ IN fields at DATE: 2000-02-09 12:00:00 UTC        
 READ IN fields at DATE: 2000-02-09 18:00:00 UTC        
 READ IN fields at DATE: 2000-02-10 00:00:00 UTC        
 READ IN fields at DATE: 2000-02-10 06:00:00 UTC        
 READ IN fields at DATE: 2000-02-10 12:00:00 UTC        
 READ IN fields at DATE: 2000-02-10 18:00:00 UTC        
 READ IN fields at DATE: 2000-02-11 00:00:00 UTC        
 READ IN fields at DATE: 2000-02-11 06:00:00 UTC        
 READ IN fields at DATE: 2000-02-11 12:00:00 UTC        
 READ IN fields at DATE: 2000-02-11 18:00:00 UTC        
 READ IN fields at DATE: 2000-02-12 00:00:00 UTC        
 READ IN fields at DATE: 2000-02-12 06:00:00 UTC        
 READ IN fields at DATE: 2000-02-12 12:00:00 UTC        
 READ IN fields at DATE: 2000-02-12 18:00:00 UTC        
 READ IN fields at DATE: 2000-02-13 00:00:00 UTC        
 READ IN fields at DATE: 2000-02-13 06:00:00 UTC        
 READ IN fields at DATE: 2000-02-13 12:00:00 UTC        
 READ IN fields at DATE: 2000-02-13 18:00:00 UTC        
 READ IN fields at DATE: 2000-02-14 00:00:00 UTC        
 READ IN fields at DATE: 2000-02-14 06:00:00 UTC        
 READ IN fields at DATE: 2000-02-14 12:00:00 UTC        
 READ IN fields at DATE: 2000-02-14 18:00:00 UTC        
 READ IN fields at DATE: 2000-02-15 00:00:00 UTC        
 READ IN fields at DATE: 2000-02-15 06:00:00 UTC        
 READ IN fields at DATE: 2000-02-15 12:00:00 UTC        
 READ IN fields at DATE: 2000-02-15 18:00:00 UTC        
 READ IN fields at DATE: 2000-02-16 00:00:00 UTC        
 READ IN fields at DATE: 2000-02-16 06:00:00 UTC        
 READ IN fields at DATE: 2000-02-16 12:00:00 UTC        
 READ IN fields at DATE: 2000-02-16 18:00:00 UTC        
 READ IN fields at DATE: 2000-02-17 00:00:00 UTC        
 READ IN fields at DATE: 2000-02-17 06:00:00 UTC        
 READ IN fields at DATE: 2000-02-17 12:00:00 UTC        
 READ IN fields at DATE: 2000-02-17 18:00:00 UTC        
 READ IN fields at DATE: 2000-02-18 00:00:00 UTC        
 READ IN fields at DATE: 2000-02-18 06:00:00 UTC        
 READ IN fields at DATE: 2000-02-18 12:00:00 UTC        
 READ IN fields at DATE: 2000-02-18 18:00:00 UTC        
 READ IN fields at DATE: 2000-02-19 00:00:00 UTC        
 READ IN fields at DATE: 2000-02-19 06:00:00 UTC        
 READ IN fields at DATE: 2000-02-19 12:00:00 UTC        
 READ IN fields at DATE: 2000-02-19 18:00:00 UTC        
 READ IN fields at DATE: 2000-02-20 00:00:00 UTC        
 READ IN fields at DATE: 2000-02-20 06:00:00 UTC        
 READ IN fields at DATE: 2000-02-20 12:00:00 UTC        
 READ IN fields at DATE: 2000-02-20 18:00:00 UTC        
 READ IN fields at DATE: 2000-02-21 00:00:00 UTC        
 READ IN fields at DATE: 2000-02-21 06:00:00 UTC        
 READ IN fields at DATE: 2000-02-21 12:00:00 UTC        
 READ IN fields at DATE: 2000-02-21 18:00:00 UTC        
 READ IN fields at DATE: 2000-02-22 00:00:00 UTC        
 READ IN fields at DATE: 2000-02-22 06:00:00 UTC        
 READ IN fields at DATE: 2000-02-22 12:00:00 UTC        
 READ IN fields at DATE: 2000-02-22 18:00:00 UTC        
 READ IN fields at DATE: 2000-02-23 00:00:00 UTC        
 READ IN fields at DATE: 2000-02-23 06:00:00 UTC        
 READ IN fields at DATE: 2000-02-23 12:00:00 UTC        
 READ IN fields at DATE: 2000-02-23 18:00:00 UTC        
 READ IN fields at DATE: 2000-02-24 00:00:00 UTC        
 READ IN fields at DATE: 2000-02-24 06:00:00 UTC        
 READ IN fields at DATE: 2000-02-24 12:00:00 UTC        
 READ IN fields at DATE: 2000-02-24 18:00:00 UTC        
 READ IN fields at DATE: 2000-02-25 00:00:00 UTC        
 READ IN fields at DATE: 2000-02-25 06:00:00 UTC        
 READ IN fields at DATE: 2000-02-25 12:00:00 UTC        
 READ IN fields at DATE: 2000-02-25 18:00:00 UTC        
 READ IN fields at DATE: 2000-02-26 00:00:00 UTC        
 READ IN fields at DATE: 2000-02-26 06:00:00 UTC        
 READ IN fields at DATE: 2000-02-26 12:00:00 UTC        
 READ IN fields at DATE: 2000-02-26 18:00:00 UTC        
 READ IN fields at DATE: 2000-02-27 00:00:00 UTC        
 READ IN fields at DATE: 2000-02-27 06:00:00 UTC        
 READ IN fields at DATE: 2000-02-27 12:00:00 UTC        
 READ IN fields at DATE: 2000-02-27 18:00:00 UTC        
 READ IN fields at DATE: 2000-02-28 00:00:00 UTC        
 READ IN fields at DATE: 2000-02-28 06:00:00 UTC        
 READ IN fields at DATE: 2000-02-28 12:00:00 UTC        
 READ IN fields at DATE: 2000-02-28 18:00:00 UTC        
 READ IN fields at DATE: 2000-02-29 00:00:00 UTC        
 READ IN fields at DATE: 2000-02-29 06:00:00 UTC        
 READ IN fields at DATE: 2000-02-29 12:00:00 UTC        
 READ IN fields at DATE: 2000-02-29 18:00:00 UTC        
      131072 /marconi_work/ICT23_ESP/RCMDATA/ERA5/2000/tatm_2000_03.nc
  2.081763532796096E-003   249.998936230050     
      196608 /marconi_work/ICT23_ESP/RCMDATA/ERA5/2000/geop_2000_03.nc
   7.36420963484046        236420.692895183     
      262144 /marconi_work/ICT23_ESP/RCMDATA/ERA5/2000/qhum_2000_03.nc
  3.689307446615275E-007  1.205129925272395E-002
      327680 /marconi_work/ICT23_ESP/RCMDATA/ERA5/2000/uwnd_2000_03.nc
  3.664985663607100E-003   11.3612275047268     
      393216 /marconi_work/ICT23_ESP/RCMDATA/ERA5/2000/vwnd_2000_03.nc
  3.465398057592406E-003 -0.386483065239734     
 READ IN fields at DATE: 2000-03-01 00:00:00 UTC        
 Input ready at : Wed May 15 07:49:56 2024
 Successfully completed ICBC
icbc script complete
