BIN = bin
SUFFIX = CLM45_BDW

  This is icbc part of the RegCM version 5
   SVN Revision: 5.0.1 compiled at: data : May 14 2024  time: 13:19:30

 : this run start at    : 2024-05-19 23:51:50+0200
 : it is submitted by   : mdasilva
 : it is running on     : r000u10l05
 : in directory         : 
 /marconi/home/userexternal/mdasilva/github_projects/shell/ictp/regcm_exp/cordex
                       
 Using Moloch non-hydrostatic dynamical core
 GLOBIDATE1 :  2009-07-01 00:00:00 UTC        
 GLOBIDATE2 :  2009-08-01 00:00:00 UTC        
 NSTEPS     :          125
 Computing weights, R =      38.89632416 .......... Done.
 Computing weights, R =      38.89632416 .......... Done.
 Computing weights, R =      38.89632416 .......... Done.
      131072 /marconi_work/ICT23_ESP/RCMDATA/ERA5/2009/tatm_2009_07.nc
  2.313327933377196E-003   248.409983777928     
      196608 /marconi_work/ICT23_ESP/RCMDATA/ERA5/2009/geop_2009_07.nc
   7.61685685789984        243957.513837196     
      262144 /marconi_work/ICT23_ESP/RCMDATA/ERA5/2009/qhum_2009_07.nc
  4.517950254558309E-007  1.473079180737665E-002
      327680 /marconi_work/ICT23_ESP/RCMDATA/ERA5/2009/uwnd_2009_07.nc
  4.528752851542234E-003   69.7230087558984     
      393216 /marconi_work/ICT23_ESP/RCMDATA/ERA5/2009/vwnd_2009_07.nc
  2.815116540163925E-003   6.30962759797992     
 READ IN fields at DATE: 2009-07-01 00:00:00 UTC        
 READ IN fields at DATE: 2009-07-01 06:00:00 UTC        
 READ IN fields at DATE: 2009-07-01 12:00:00 UTC        
 READ IN fields at DATE: 2009-07-01 18:00:00 UTC        
 READ IN fields at DATE: 2009-07-02 00:00:00 UTC        
 READ IN fields at DATE: 2009-07-02 06:00:00 UTC        
 READ IN fields at DATE: 2009-07-02 12:00:00 UTC        
 READ IN fields at DATE: 2009-07-02 18:00:00 UTC        
 READ IN fields at DATE: 2009-07-03 00:00:00 UTC        
 READ IN fields at DATE: 2009-07-03 06:00:00 UTC        
 READ IN fields at DATE: 2009-07-03 12:00:00 UTC        
 READ IN fields at DATE: 2009-07-03 18:00:00 UTC        
 READ IN fields at DATE: 2009-07-04 00:00:00 UTC        
 READ IN fields at DATE: 2009-07-04 06:00:00 UTC        
 READ IN fields at DATE: 2009-07-04 12:00:00 UTC        
 READ IN fields at DATE: 2009-07-04 18:00:00 UTC        
 READ IN fields at DATE: 2009-07-05 00:00:00 UTC        
 READ IN fields at DATE: 2009-07-05 06:00:00 UTC        
 READ IN fields at DATE: 2009-07-05 12:00:00 UTC        
 READ IN fields at DATE: 2009-07-05 18:00:00 UTC        
 READ IN fields at DATE: 2009-07-06 00:00:00 UTC        
 READ IN fields at DATE: 2009-07-06 06:00:00 UTC        
 READ IN fields at DATE: 2009-07-06 12:00:00 UTC        
 READ IN fields at DATE: 2009-07-06 18:00:00 UTC        
 READ IN fields at DATE: 2009-07-07 00:00:00 UTC        
 READ IN fields at DATE: 2009-07-07 06:00:00 UTC        
 READ IN fields at DATE: 2009-07-07 12:00:00 UTC        
 READ IN fields at DATE: 2009-07-07 18:00:00 UTC        
 READ IN fields at DATE: 2009-07-08 00:00:00 UTC        
 READ IN fields at DATE: 2009-07-08 06:00:00 UTC        
 READ IN fields at DATE: 2009-07-08 12:00:00 UTC        
 READ IN fields at DATE: 2009-07-08 18:00:00 UTC        
 READ IN fields at DATE: 2009-07-09 00:00:00 UTC        
 READ IN fields at DATE: 2009-07-09 06:00:00 UTC        
 READ IN fields at DATE: 2009-07-09 12:00:00 UTC        
 READ IN fields at DATE: 2009-07-09 18:00:00 UTC        
 READ IN fields at DATE: 2009-07-10 00:00:00 UTC        
 READ IN fields at DATE: 2009-07-10 06:00:00 UTC        
 READ IN fields at DATE: 2009-07-10 12:00:00 UTC        
 READ IN fields at DATE: 2009-07-10 18:00:00 UTC        
 READ IN fields at DATE: 2009-07-11 00:00:00 UTC        
 READ IN fields at DATE: 2009-07-11 06:00:00 UTC        
 READ IN fields at DATE: 2009-07-11 12:00:00 UTC        
 READ IN fields at DATE: 2009-07-11 18:00:00 UTC        
 READ IN fields at DATE: 2009-07-12 00:00:00 UTC        
 READ IN fields at DATE: 2009-07-12 06:00:00 UTC        
 READ IN fields at DATE: 2009-07-12 12:00:00 UTC        
 READ IN fields at DATE: 2009-07-12 18:00:00 UTC        
 READ IN fields at DATE: 2009-07-13 00:00:00 UTC        
 READ IN fields at DATE: 2009-07-13 06:00:00 UTC        
 READ IN fields at DATE: 2009-07-13 12:00:00 UTC        
 READ IN fields at DATE: 2009-07-13 18:00:00 UTC        
 READ IN fields at DATE: 2009-07-14 00:00:00 UTC        
 READ IN fields at DATE: 2009-07-14 06:00:00 UTC        
 READ IN fields at DATE: 2009-07-14 12:00:00 UTC        
 READ IN fields at DATE: 2009-07-14 18:00:00 UTC        
 READ IN fields at DATE: 2009-07-15 00:00:00 UTC        
 READ IN fields at DATE: 2009-07-15 06:00:00 UTC        
 READ IN fields at DATE: 2009-07-15 12:00:00 UTC        
 READ IN fields at DATE: 2009-07-15 18:00:00 UTC        
 READ IN fields at DATE: 2009-07-16 00:00:00 UTC        
 READ IN fields at DATE: 2009-07-16 06:00:00 UTC        
 READ IN fields at DATE: 2009-07-16 12:00:00 UTC        
 READ IN fields at DATE: 2009-07-16 18:00:00 UTC        
 READ IN fields at DATE: 2009-07-17 00:00:00 UTC        
 READ IN fields at DATE: 2009-07-17 06:00:00 UTC        
 READ IN fields at DATE: 2009-07-17 12:00:00 UTC        
 READ IN fields at DATE: 2009-07-17 18:00:00 UTC        
 READ IN fields at DATE: 2009-07-18 00:00:00 UTC        
 READ IN fields at DATE: 2009-07-18 06:00:00 UTC        
 READ IN fields at DATE: 2009-07-18 12:00:00 UTC        
 READ IN fields at DATE: 2009-07-18 18:00:00 UTC        
 READ IN fields at DATE: 2009-07-19 00:00:00 UTC        
 READ IN fields at DATE: 2009-07-19 06:00:00 UTC        
 READ IN fields at DATE: 2009-07-19 12:00:00 UTC        
 READ IN fields at DATE: 2009-07-19 18:00:00 UTC        
 READ IN fields at DATE: 2009-07-20 00:00:00 UTC        
 READ IN fields at DATE: 2009-07-20 06:00:00 UTC        
 READ IN fields at DATE: 2009-07-20 12:00:00 UTC        
 READ IN fields at DATE: 2009-07-20 18:00:00 UTC        
 READ IN fields at DATE: 2009-07-21 00:00:00 UTC        
 READ IN fields at DATE: 2009-07-21 06:00:00 UTC        
 READ IN fields at DATE: 2009-07-21 12:00:00 UTC        
 READ IN fields at DATE: 2009-07-21 18:00:00 UTC        
 READ IN fields at DATE: 2009-07-22 00:00:00 UTC        
 READ IN fields at DATE: 2009-07-22 06:00:00 UTC        
 READ IN fields at DATE: 2009-07-22 12:00:00 UTC        
 READ IN fields at DATE: 2009-07-22 18:00:00 UTC        
 READ IN fields at DATE: 2009-07-23 00:00:00 UTC        
 READ IN fields at DATE: 2009-07-23 06:00:00 UTC        
 READ IN fields at DATE: 2009-07-23 12:00:00 UTC        
 READ IN fields at DATE: 2009-07-23 18:00:00 UTC        
 READ IN fields at DATE: 2009-07-24 00:00:00 UTC        
 READ IN fields at DATE: 2009-07-24 06:00:00 UTC        
 READ IN fields at DATE: 2009-07-24 12:00:00 UTC        
 READ IN fields at DATE: 2009-07-24 18:00:00 UTC        
 READ IN fields at DATE: 2009-07-25 00:00:00 UTC        
 READ IN fields at DATE: 2009-07-25 06:00:00 UTC        
 READ IN fields at DATE: 2009-07-25 12:00:00 UTC        
 READ IN fields at DATE: 2009-07-25 18:00:00 UTC        
 READ IN fields at DATE: 2009-07-26 00:00:00 UTC        
 READ IN fields at DATE: 2009-07-26 06:00:00 UTC        
 READ IN fields at DATE: 2009-07-26 12:00:00 UTC        
 READ IN fields at DATE: 2009-07-26 18:00:00 UTC        
 READ IN fields at DATE: 2009-07-27 00:00:00 UTC        
 READ IN fields at DATE: 2009-07-27 06:00:00 UTC        
 READ IN fields at DATE: 2009-07-27 12:00:00 UTC        
 READ IN fields at DATE: 2009-07-27 18:00:00 UTC        
 READ IN fields at DATE: 2009-07-28 00:00:00 UTC        
 READ IN fields at DATE: 2009-07-28 06:00:00 UTC        
 READ IN fields at DATE: 2009-07-28 12:00:00 UTC        
 READ IN fields at DATE: 2009-07-28 18:00:00 UTC        
 READ IN fields at DATE: 2009-07-29 00:00:00 UTC        
 READ IN fields at DATE: 2009-07-29 06:00:00 UTC        
 READ IN fields at DATE: 2009-07-29 12:00:00 UTC        
 READ IN fields at DATE: 2009-07-29 18:00:00 UTC        
 READ IN fields at DATE: 2009-07-30 00:00:00 UTC        
 READ IN fields at DATE: 2009-07-30 06:00:00 UTC        
 READ IN fields at DATE: 2009-07-30 12:00:00 UTC        
 READ IN fields at DATE: 2009-07-30 18:00:00 UTC        
 READ IN fields at DATE: 2009-07-31 00:00:00 UTC        
 READ IN fields at DATE: 2009-07-31 06:00:00 UTC        
 READ IN fields at DATE: 2009-07-31 12:00:00 UTC        
 READ IN fields at DATE: 2009-07-31 18:00:00 UTC        
      131072 /marconi_work/ICT23_ESP/RCMDATA/ERA5/2009/tatm_2009_08.nc
  2.259828453034277E-003   250.528235625324     
      196608 /marconi_work/ICT23_ESP/RCMDATA/ERA5/2009/geop_2009_08.nc
   7.53666705848580        241951.592994596     
      262144 /marconi_work/ICT23_ESP/RCMDATA/ERA5/2009/qhum_2009_08.nc
  4.421827972303709E-007  1.440767894786079E-002
      327680 /marconi_work/ICT23_ESP/RCMDATA/ERA5/2009/uwnd_2009_08.nc
  4.023656966897880E-003   57.3544334840166     
      393216 /marconi_work/ICT23_ESP/RCMDATA/ERA5/2009/vwnd_2009_08.nc
  3.191557593121023E-003  0.182211594250314     
 READ IN fields at DATE: 2009-08-01 00:00:00 UTC        
 Input ready at : Mon May 20 00:50:07 2024
 Successfully completed ICBC
icbc script complete
