BIN = bin
SUFFIX = CLM45_BDW

  This is icbc part of the RegCM version 5
   SVN Revision: 5.0.1 compiled at: data : May 14 2024  time: 13:19:30

 : this run start at    : 2024-05-19 21:57:42+0200
 : it is submitted by   : mdasilva
 : it is running on     : r000u10l05
 : in directory         : 
 /marconi/home/userexternal/mdasilva/github_projects/shell/ictp/regcm_exp/cordex
                       
 Using Moloch non-hydrostatic dynamical core
 GLOBIDATE1 :  2009-05-01 00:00:00 UTC        
 GLOBIDATE2 :  2009-06-01 00:00:00 UTC        
 NSTEPS     :          125
 Computing weights, R =      38.89632416 .......... Done.
 Computing weights, R =      38.89632416 .......... Done.
 Computing weights, R =      38.89632416 .......... Done.
      131072 /marconi_work/ICT23_ESP/RCMDATA/ERA5/2009/tatm_2009_05.nc
  2.145535040030524E-003   252.509631273007     
      196608 /marconi_work/ICT23_ESP/RCMDATA/ERA5/2009/geop_2009_05.nc
   7.51198334713045        240643.966664576     
      262144 /marconi_work/ICT23_ESP/RCMDATA/ERA5/2009/qhum_2009_05.nc
  4.283684790824967E-007  1.396425257365821E-002
      327680 /marconi_work/ICT23_ESP/RCMDATA/ERA5/2009/uwnd_2009_05.nc
  3.398931412284055E-003   52.3697681246259     
      393216 /marconi_work/ICT23_ESP/RCMDATA/ERA5/2009/vwnd_2009_05.nc
  2.899963910715784E-003  -6.63736001613505     
 READ IN fields at DATE: 2009-05-01 00:00:00 UTC        
 READ IN fields at DATE: 2009-05-01 06:00:00 UTC        
 READ IN fields at DATE: 2009-05-01 12:00:00 UTC        
 READ IN fields at DATE: 2009-05-01 18:00:00 UTC        
 READ IN fields at DATE: 2009-05-02 00:00:00 UTC        
 READ IN fields at DATE: 2009-05-02 06:00:00 UTC        
 READ IN fields at DATE: 2009-05-02 12:00:00 UTC        
 READ IN fields at DATE: 2009-05-02 18:00:00 UTC        
 READ IN fields at DATE: 2009-05-03 00:00:00 UTC        
 READ IN fields at DATE: 2009-05-03 06:00:00 UTC        
 READ IN fields at DATE: 2009-05-03 12:00:00 UTC        
 READ IN fields at DATE: 2009-05-03 18:00:00 UTC        
 READ IN fields at DATE: 2009-05-04 00:00:00 UTC        
 READ IN fields at DATE: 2009-05-04 06:00:00 UTC        
 READ IN fields at DATE: 2009-05-04 12:00:00 UTC        
 READ IN fields at DATE: 2009-05-04 18:00:00 UTC        
 READ IN fields at DATE: 2009-05-05 00:00:00 UTC        
 READ IN fields at DATE: 2009-05-05 06:00:00 UTC        
 READ IN fields at DATE: 2009-05-05 12:00:00 UTC        
 READ IN fields at DATE: 2009-05-05 18:00:00 UTC        
 READ IN fields at DATE: 2009-05-06 00:00:00 UTC        
 READ IN fields at DATE: 2009-05-06 06:00:00 UTC        
 READ IN fields at DATE: 2009-05-06 12:00:00 UTC        
 READ IN fields at DATE: 2009-05-06 18:00:00 UTC        
 READ IN fields at DATE: 2009-05-07 00:00:00 UTC        
 READ IN fields at DATE: 2009-05-07 06:00:00 UTC        
 READ IN fields at DATE: 2009-05-07 12:00:00 UTC        
 READ IN fields at DATE: 2009-05-07 18:00:00 UTC        
 READ IN fields at DATE: 2009-05-08 00:00:00 UTC        
 READ IN fields at DATE: 2009-05-08 06:00:00 UTC        
 READ IN fields at DATE: 2009-05-08 12:00:00 UTC        
 READ IN fields at DATE: 2009-05-08 18:00:00 UTC        
 READ IN fields at DATE: 2009-05-09 00:00:00 UTC        
 READ IN fields at DATE: 2009-05-09 06:00:00 UTC        
 READ IN fields at DATE: 2009-05-09 12:00:00 UTC        
 READ IN fields at DATE: 2009-05-09 18:00:00 UTC        
 READ IN fields at DATE: 2009-05-10 00:00:00 UTC        
 READ IN fields at DATE: 2009-05-10 06:00:00 UTC        
 READ IN fields at DATE: 2009-05-10 12:00:00 UTC        
 READ IN fields at DATE: 2009-05-10 18:00:00 UTC        
 READ IN fields at DATE: 2009-05-11 00:00:00 UTC        
 READ IN fields at DATE: 2009-05-11 06:00:00 UTC        
 READ IN fields at DATE: 2009-05-11 12:00:00 UTC        
 READ IN fields at DATE: 2009-05-11 18:00:00 UTC        
 READ IN fields at DATE: 2009-05-12 00:00:00 UTC        
 READ IN fields at DATE: 2009-05-12 06:00:00 UTC        
 READ IN fields at DATE: 2009-05-12 12:00:00 UTC        
 READ IN fields at DATE: 2009-05-12 18:00:00 UTC        
