BIN = bin
SUFFIX = CLM45_BDW

  This is icbc part of the RegCM version 5
   SVN Revision: 5.0.1 compiled at: data : May 14 2024  time: 13:19:30

 : this run start at    : 2024-05-17 19:21:19+0200
 : it is submitted by   : mdasilva
 : it is running on     : r000u10l05
 : in directory         : 
 /marconi/home/userexternal/mdasilva/github_projects/shell/ictp/regcm_exp/cordex
                       
 Using Moloch non-hydrostatic dynamical core
 GLOBIDATE1 :  2005-01-01 00:00:00 UTC        
 GLOBIDATE2 :  2005-02-01 00:00:00 UTC        
 NSTEPS     :          125
 Computing weights, R =      38.89632416 .......... Done.
 Computing weights, R =      38.89632416 .......... Done.
 Computing weights, R =      38.89632416 .......... Done.
      131072 /marconi_work/ICT23_ESP/RCMDATA/ERA5/2005/tatm_2005_01.nc
  2.181889483921149E-003   247.740341245199     
      196608 /marconi_work/ICT23_ESP/RCMDATA/ERA5/2005/geop_2005_01.nc
   7.62045392445409        244881.523757413     
      262144 /marconi_work/ICT23_ESP/RCMDATA/ERA5/2005/qhum_2005_01.nc
  3.795949472275984E-007  1.242702000488029E-002
      327680 /marconi_work/ICT23_ESP/RCMDATA/ERA5/2005/uwnd_2005_01.nc
  4.490098168426356E-003   42.2847575143923     
      393216 /marconi_work/ICT23_ESP/RCMDATA/ERA5/2005/vwnd_2005_01.nc
  4.479418669255852E-003  -1.84409761949088     
 READ IN fields at DATE: 2005-01-01 00:00:00 UTC        
 READ IN fields at DATE: 2005-01-01 06:00:00 UTC        
 READ IN fields at DATE: 2005-01-01 12:00:00 UTC        
 READ IN fields at DATE: 2005-01-01 18:00:00 UTC        
 READ IN fields at DATE: 2005-01-02 00:00:00 UTC        
 READ IN fields at DATE: 2005-01-02 06:00:00 UTC        
 READ IN fields at DATE: 2005-01-02 12:00:00 UTC        
 READ IN fields at DATE: 2005-01-02 18:00:00 UTC        
 READ IN fields at DATE: 2005-01-03 00:00:00 UTC        
 READ IN fields at DATE: 2005-01-03 06:00:00 UTC        
 READ IN fields at DATE: 2005-01-03 12:00:00 UTC        
 READ IN fields at DATE: 2005-01-03 18:00:00 UTC        
 READ IN fields at DATE: 2005-01-04 00:00:00 UTC        
 READ IN fields at DATE: 2005-01-04 06:00:00 UTC        
 READ IN fields at DATE: 2005-01-04 12:00:00 UTC        
 READ IN fields at DATE: 2005-01-04 18:00:00 UTC        
 READ IN fields at DATE: 2005-01-05 00:00:00 UTC        
 READ IN fields at DATE: 2005-01-05 06:00:00 UTC        
 READ IN fields at DATE: 2005-01-05 12:00:00 UTC        
 READ IN fields at DATE: 2005-01-05 18:00:00 UTC        
 READ IN fields at DATE: 2005-01-06 00:00:00 UTC        
 READ IN fields at DATE: 2005-01-06 06:00:00 UTC        
 READ IN fields at DATE: 2005-01-06 12:00:00 UTC        
 READ IN fields at DATE: 2005-01-06 18:00:00 UTC        
 READ IN fields at DATE: 2005-01-07 00:00:00 UTC        
 READ IN fields at DATE: 2005-01-07 06:00:00 UTC        
 READ IN fields at DATE: 2005-01-07 12:00:00 UTC        
 READ IN fields at DATE: 2005-01-07 18:00:00 UTC        
 READ IN fields at DATE: 2005-01-08 00:00:00 UTC        
 READ IN fields at DATE: 2005-01-08 06:00:00 UTC        
 READ IN fields at DATE: 2005-01-08 12:00:00 UTC        
 READ IN fields at DATE: 2005-01-08 18:00:00 UTC        
 READ IN fields at DATE: 2005-01-09 00:00:00 UTC        
 READ IN fields at DATE: 2005-01-09 06:00:00 UTC        
 READ IN fields at DATE: 2005-01-09 12:00:00 UTC        
 READ IN fields at DATE: 2005-01-09 18:00:00 UTC        
 READ IN fields at DATE: 2005-01-10 00:00:00 UTC        
 READ IN fields at DATE: 2005-01-10 06:00:00 UTC        
 READ IN fields at DATE: 2005-01-10 12:00:00 UTC        
 READ IN fields at DATE: 2005-01-10 18:00:00 UTC        
 READ IN fields at DATE: 2005-01-11 00:00:00 UTC        
 READ IN fields at DATE: 2005-01-11 06:00:00 UTC        
 READ IN fields at DATE: 2005-01-11 12:00:00 UTC        
 READ IN fields at DATE: 2005-01-11 18:00:00 UTC        
 READ IN fields at DATE: 2005-01-12 00:00:00 UTC        
 READ IN fields at DATE: 2005-01-12 06:00:00 UTC        
 READ IN fields at DATE: 2005-01-12 12:00:00 UTC        
 READ IN fields at DATE: 2005-01-12 18:00:00 UTC        
 READ IN fields at DATE: 2005-01-13 00:00:00 UTC        
 READ IN fields at DATE: 2005-01-13 06:00:00 UTC        
 READ IN fields at DATE: 2005-01-13 12:00:00 UTC        
 READ IN fields at DATE: 2005-01-13 18:00:00 UTC        
 READ IN fields at DATE: 2005-01-14 00:00:00 UTC        
 READ IN fields at DATE: 2005-01-14 06:00:00 UTC        
 READ IN fields at DATE: 2005-01-14 12:00:00 UTC        
 READ IN fields at DATE: 2005-01-14 18:00:00 UTC        
 READ IN fields at DATE: 2005-01-15 00:00:00 UTC        
 READ IN fields at DATE: 2005-01-15 06:00:00 UTC        
 READ IN fields at DATE: 2005-01-15 12:00:00 UTC        
 READ IN fields at DATE: 2005-01-15 18:00:00 UTC        
 READ IN fields at DATE: 2005-01-16 00:00:00 UTC        
 READ IN fields at DATE: 2005-01-16 06:00:00 UTC        
 READ IN fields at DATE: 2005-01-16 12:00:00 UTC        
 READ IN fields at DATE: 2005-01-16 18:00:00 UTC        
 READ IN fields at DATE: 2005-01-17 00:00:00 UTC        
 READ IN fields at DATE: 2005-01-17 06:00:00 UTC        
 READ IN fields at DATE: 2005-01-17 12:00:00 UTC        
 READ IN fields at DATE: 2005-01-17 18:00:00 UTC        
 READ IN fields at DATE: 2005-01-18 00:00:00 UTC        
 READ IN fields at DATE: 2005-01-18 06:00:00 UTC        
 READ IN fields at DATE: 2005-01-18 12:00:00 UTC        
 READ IN fields at DATE: 2005-01-18 18:00:00 UTC        
 READ IN fields at DATE: 2005-01-19 00:00:00 UTC        
 READ IN fields at DATE: 2005-01-19 06:00:00 UTC        
 READ IN fields at DATE: 2005-01-19 12:00:00 UTC        
 READ IN fields at DATE: 2005-01-19 18:00:00 UTC        
 READ IN fields at DATE: 2005-01-20 00:00:00 UTC        
 READ IN fields at DATE: 2005-01-20 06:00:00 UTC        
 READ IN fields at DATE: 2005-01-20 12:00:00 UTC        
 READ IN fields at DATE: 2005-01-20 18:00:00 UTC        
 READ IN fields at DATE: 2005-01-21 00:00:00 UTC        
 READ IN fields at DATE: 2005-01-21 06:00:00 UTC        
 READ IN fields at DATE: 2005-01-21 12:00:00 UTC        
 READ IN fields at DATE: 2005-01-21 18:00:00 UTC        
 READ IN fields at DATE: 2005-01-22 00:00:00 UTC        
 READ IN fields at DATE: 2005-01-22 06:00:00 UTC        
 READ IN fields at DATE: 2005-01-22 12:00:00 UTC        
 READ IN fields at DATE: 2005-01-22 18:00:00 UTC        
 READ IN fields at DATE: 2005-01-23 00:00:00 UTC        
 READ IN fields at DATE: 2005-01-23 06:00:00 UTC        
 READ IN fields at DATE: 2005-01-23 12:00:00 UTC        
 READ IN fields at DATE: 2005-01-23 18:00:00 UTC        
 READ IN fields at DATE: 2005-01-24 00:00:00 UTC        
 READ IN fields at DATE: 2005-01-24 06:00:00 UTC        
 READ IN fields at DATE: 2005-01-24 12:00:00 UTC        
 READ IN fields at DATE: 2005-01-24 18:00:00 UTC        
 READ IN fields at DATE: 2005-01-25 00:00:00 UTC        
 READ IN fields at DATE: 2005-01-25 06:00:00 UTC        
 READ IN fields at DATE: 2005-01-25 12:00:00 UTC        
 READ IN fields at DATE: 2005-01-25 18:00:00 UTC        
 READ IN fields at DATE: 2005-01-26 00:00:00 UTC        
 READ IN fields at DATE: 2005-01-26 06:00:00 UTC        
 READ IN fields at DATE: 2005-01-26 12:00:00 UTC        
 READ IN fields at DATE: 2005-01-26 18:00:00 UTC        
 READ IN fields at DATE: 2005-01-27 00:00:00 UTC        
 READ IN fields at DATE: 2005-01-27 06:00:00 UTC        
 READ IN fields at DATE: 2005-01-27 12:00:00 UTC        
 READ IN fields at DATE: 2005-01-27 18:00:00 UTC        
 READ IN fields at DATE: 2005-01-28 00:00:00 UTC        
 READ IN fields at DATE: 2005-01-28 06:00:00 UTC        
 READ IN fields at DATE: 2005-01-28 12:00:00 UTC        
 READ IN fields at DATE: 2005-01-28 18:00:00 UTC        
 READ IN fields at DATE: 2005-01-29 00:00:00 UTC        
 READ IN fields at DATE: 2005-01-29 06:00:00 UTC        
 READ IN fields at DATE: 2005-01-29 12:00:00 UTC        
 READ IN fields at DATE: 2005-01-29 18:00:00 UTC        
 READ IN fields at DATE: 2005-01-30 00:00:00 UTC        
 READ IN fields at DATE: 2005-01-30 06:00:00 UTC        
 READ IN fields at DATE: 2005-01-30 12:00:00 UTC        
 READ IN fields at DATE: 2005-01-30 18:00:00 UTC        
 READ IN fields at DATE: 2005-01-31 00:00:00 UTC        
 READ IN fields at DATE: 2005-01-31 06:00:00 UTC        
 READ IN fields at DATE: 2005-01-31 12:00:00 UTC        
 READ IN fields at DATE: 2005-01-31 18:00:00 UTC        
      131072 /marconi_work/ICT23_ESP/RCMDATA/ERA5/2005/tatm_2005_02.nc
  2.158430722716155E-003   248.021389351533     
      196608 /marconi_work/ICT23_ESP/RCMDATA/ERA5/2005/geop_2005_02.nc
   7.52168355303816        241234.932517598     
      262144 /marconi_work/ICT23_ESP/RCMDATA/ERA5/2005/qhum_2005_02.nc
  4.077972594813368E-007  1.327117249737577E-002
      327680 /marconi_work/ICT23_ESP/RCMDATA/ERA5/2005/uwnd_2005_02.nc
  4.743714270222755E-003   14.5927285456969     
      393216 /marconi_work/ICT23_ESP/RCMDATA/ERA5/2005/vwnd_2005_02.nc
  4.486950154019492E-003   2.84567217433705     
 READ IN fields at DATE: 2005-02-01 00:00:00 UTC        
 Input ready at : Fri May 17 20:22:02 2024
 Successfully completed ICBC
icbc script complete
