BIN = bin
SUFFIX = CLM45_BDW

  This is icbc part of the RegCM version 5
   SVN Revision: 5.0.1 compiled at: data : May 14 2024  time: 13:19:30

 : this run start at    : 2024-05-15 04:56:48+0200
 : it is submitted by   : mdasilva
 : it is running on     : r000u10l05
 : in directory         : 
 /marconi/home/userexternal/mdasilva/github_projects/shell/ictp/regcm_exp/cordex
                       
 Using Moloch non-hydrostatic dynamical core
 GLOBIDATE1 :  1999-12-01 00:00:00 UTC        
 GLOBIDATE2 :  2000-01-01 00:00:00 UTC        
 NSTEPS     :          125
 Computing weights, R =      38.89632416 .......... Done.
 Computing weights, R =      38.89632416 .......... Done.
 Computing weights, R =      38.89632416 .......... Done.
      131072 /marconi_work/ICT23_ESP/RCMDATA/ERA5/1999/tatm_1999_12.nc
  2.084019066491310E-003   247.647868512928     
      196608 /marconi_work/ICT23_ESP/RCMDATA/ERA5/1999/geop_1999_12.nc
   7.63569117849023        244006.057154411     
      262144 /marconi_work/ICT23_ESP/RCMDATA/ERA5/1999/qhum_1999_12.nc
  3.627730775730851E-007  1.188210150702751E-002
      327680 /marconi_work/ICT23_ESP/RCMDATA/ERA5/1999/uwnd_1999_12.nc
  4.078937450361960E-003   54.0353827114506     
      393216 /marconi_work/ICT23_ESP/RCMDATA/ERA5/1999/vwnd_1999_12.nc
  3.061866617638609E-003  0.710009288859149     
 READ IN fields at DATE: 1999-12-01 00:00:00 UTC        
 READ IN fields at DATE: 1999-12-01 06:00:00 UTC        
 READ IN fields at DATE: 1999-12-01 12:00:00 UTC        
 READ IN fields at DATE: 1999-12-01 18:00:00 UTC        
 READ IN fields at DATE: 1999-12-02 00:00:00 UTC        
 READ IN fields at DATE: 1999-12-02 06:00:00 UTC        
 READ IN fields at DATE: 1999-12-02 12:00:00 UTC        
 READ IN fields at DATE: 1999-12-02 18:00:00 UTC        
 READ IN fields at DATE: 1999-12-03 00:00:00 UTC        
 READ IN fields at DATE: 1999-12-03 06:00:00 UTC        
 READ IN fields at DATE: 1999-12-03 12:00:00 UTC        
 READ IN fields at DATE: 1999-12-03 18:00:00 UTC        
 READ IN fields at DATE: 1999-12-04 00:00:00 UTC        
 READ IN fields at DATE: 1999-12-04 06:00:00 UTC        
 READ IN fields at DATE: 1999-12-04 12:00:00 UTC        
 READ IN fields at DATE: 1999-12-04 18:00:00 UTC        
 READ IN fields at DATE: 1999-12-05 00:00:00 UTC        
 READ IN fields at DATE: 1999-12-05 06:00:00 UTC        
 READ IN fields at DATE: 1999-12-05 12:00:00 UTC        
 READ IN fields at DATE: 1999-12-05 18:00:00 UTC        
 READ IN fields at DATE: 1999-12-06 00:00:00 UTC        
 READ IN fields at DATE: 1999-12-06 06:00:00 UTC        
 READ IN fields at DATE: 1999-12-06 12:00:00 UTC        
 READ IN fields at DATE: 1999-12-06 18:00:00 UTC        
 READ IN fields at DATE: 1999-12-07 00:00:00 UTC        
 READ IN fields at DATE: 1999-12-07 06:00:00 UTC        
 READ IN fields at DATE: 1999-12-07 12:00:00 UTC        
 READ IN fields at DATE: 1999-12-07 18:00:00 UTC        
 READ IN fields at DATE: 1999-12-08 00:00:00 UTC        
 READ IN fields at DATE: 1999-12-08 06:00:00 UTC        
 READ IN fields at DATE: 1999-12-08 12:00:00 UTC        
 READ IN fields at DATE: 1999-12-08 18:00:00 UTC        
 READ IN fields at DATE: 1999-12-09 00:00:00 UTC        
 READ IN fields at DATE: 1999-12-09 06:00:00 UTC        
 READ IN fields at DATE: 1999-12-09 12:00:00 UTC        
 READ IN fields at DATE: 1999-12-09 18:00:00 UTC        
 READ IN fields at DATE: 1999-12-10 00:00:00 UTC        
 READ IN fields at DATE: 1999-12-10 06:00:00 UTC        
 READ IN fields at DATE: 1999-12-10 12:00:00 UTC        
 READ IN fields at DATE: 1999-12-10 18:00:00 UTC        
 READ IN fields at DATE: 1999-12-11 00:00:00 UTC        
 READ IN fields at DATE: 1999-12-11 06:00:00 UTC        
 READ IN fields at DATE: 1999-12-11 12:00:00 UTC        
 READ IN fields at DATE: 1999-12-11 18:00:00 UTC        
 READ IN fields at DATE: 1999-12-12 00:00:00 UTC        
 READ IN fields at DATE: 1999-12-12 06:00:00 UTC        
 READ IN fields at DATE: 1999-12-12 12:00:00 UTC        
 READ IN fields at DATE: 1999-12-12 18:00:00 UTC        
 READ IN fields at DATE: 1999-12-13 00:00:00 UTC        
 READ IN fields at DATE: 1999-12-13 06:00:00 UTC        
 READ IN fields at DATE: 1999-12-13 12:00:00 UTC        
 READ IN fields at DATE: 1999-12-13 18:00:00 UTC        
 READ IN fields at DATE: 1999-12-14 00:00:00 UTC        
 READ IN fields at DATE: 1999-12-14 06:00:00 UTC        
 READ IN fields at DATE: 1999-12-14 12:00:00 UTC        
 READ IN fields at DATE: 1999-12-14 18:00:00 UTC        
 READ IN fields at DATE: 1999-12-15 00:00:00 UTC        
 READ IN fields at DATE: 1999-12-15 06:00:00 UTC        
 READ IN fields at DATE: 1999-12-15 12:00:00 UTC        
 READ IN fields at DATE: 1999-12-15 18:00:00 UTC        
 READ IN fields at DATE: 1999-12-16 00:00:00 UTC        
 READ IN fields at DATE: 1999-12-16 06:00:00 UTC        
 READ IN fields at DATE: 1999-12-16 12:00:00 UTC        
 READ IN fields at DATE: 1999-12-16 18:00:00 UTC        
 READ IN fields at DATE: 1999-12-17 00:00:00 UTC        
 READ IN fields at DATE: 1999-12-17 06:00:00 UTC        
 READ IN fields at DATE: 1999-12-17 12:00:00 UTC        
 READ IN fields at DATE: 1999-12-17 18:00:00 UTC        
 READ IN fields at DATE: 1999-12-18 00:00:00 UTC        
 READ IN fields at DATE: 1999-12-18 06:00:00 UTC        
 READ IN fields at DATE: 1999-12-18 12:00:00 UTC        
 READ IN fields at DATE: 1999-12-18 18:00:00 UTC        
 READ IN fields at DATE: 1999-12-19 00:00:00 UTC        
 READ IN fields at DATE: 1999-12-19 06:00:00 UTC        
 READ IN fields at DATE: 1999-12-19 12:00:00 UTC        
 READ IN fields at DATE: 1999-12-19 18:00:00 UTC        
 READ IN fields at DATE: 1999-12-20 00:00:00 UTC        
 READ IN fields at DATE: 1999-12-20 06:00:00 UTC        
 READ IN fields at DATE: 1999-12-20 12:00:00 UTC        
 READ IN fields at DATE: 1999-12-20 18:00:00 UTC        
 READ IN fields at DATE: 1999-12-21 00:00:00 UTC        
 READ IN fields at DATE: 1999-12-21 06:00:00 UTC        
 READ IN fields at DATE: 1999-12-21 12:00:00 UTC        
 READ IN fields at DATE: 1999-12-21 18:00:00 UTC        
 READ IN fields at DATE: 1999-12-22 00:00:00 UTC        
 READ IN fields at DATE: 1999-12-22 06:00:00 UTC        
 READ IN fields at DATE: 1999-12-22 12:00:00 UTC        
 READ IN fields at DATE: 1999-12-22 18:00:00 UTC        
 READ IN fields at DATE: 1999-12-23 00:00:00 UTC        
 READ IN fields at DATE: 1999-12-23 06:00:00 UTC        
 READ IN fields at DATE: 1999-12-23 12:00:00 UTC        
 READ IN fields at DATE: 1999-12-23 18:00:00 UTC        
 READ IN fields at DATE: 1999-12-24 00:00:00 UTC        
 READ IN fields at DATE: 1999-12-24 06:00:00 UTC        
 READ IN fields at DATE: 1999-12-24 12:00:00 UTC        
 READ IN fields at DATE: 1999-12-24 18:00:00 UTC        
 READ IN fields at DATE: 1999-12-25 00:00:00 UTC        
 READ IN fields at DATE: 1999-12-25 06:00:00 UTC        
 READ IN fields at DATE: 1999-12-25 12:00:00 UTC        
 READ IN fields at DATE: 1999-12-25 18:00:00 UTC        
 READ IN fields at DATE: 1999-12-26 00:00:00 UTC        
 READ IN fields at DATE: 1999-12-26 06:00:00 UTC        
 READ IN fields at DATE: 1999-12-26 12:00:00 UTC        
 READ IN fields at DATE: 1999-12-26 18:00:00 UTC        
 READ IN fields at DATE: 1999-12-27 00:00:00 UTC        
 READ IN fields at DATE: 1999-12-27 06:00:00 UTC        
 READ IN fields at DATE: 1999-12-27 12:00:00 UTC        
 READ IN fields at DATE: 1999-12-27 18:00:00 UTC        
 READ IN fields at DATE: 1999-12-28 00:00:00 UTC        
 READ IN fields at DATE: 1999-12-28 06:00:00 UTC        
 READ IN fields at DATE: 1999-12-28 12:00:00 UTC        
 READ IN fields at DATE: 1999-12-28 18:00:00 UTC        
 READ IN fields at DATE: 1999-12-29 00:00:00 UTC        
 READ IN fields at DATE: 1999-12-29 06:00:00 UTC        
 READ IN fields at DATE: 1999-12-29 12:00:00 UTC        
 READ IN fields at DATE: 1999-12-29 18:00:00 UTC        
 READ IN fields at DATE: 1999-12-30 00:00:00 UTC        
 READ IN fields at DATE: 1999-12-30 06:00:00 UTC        
 READ IN fields at DATE: 1999-12-30 12:00:00 UTC        
 READ IN fields at DATE: 1999-12-30 18:00:00 UTC        
 READ IN fields at DATE: 1999-12-31 00:00:00 UTC        
 READ IN fields at DATE: 1999-12-31 06:00:00 UTC        
 READ IN fields at DATE: 1999-12-31 12:00:00 UTC        
 READ IN fields at DATE: 1999-12-31 18:00:00 UTC        
      131072 /marconi_work/ICT23_ESP/RCMDATA/ERA5/2000/tatm_2000_01.nc
  2.148852330064147E-003   246.407006628522     
      196608 /marconi_work/ICT23_ESP/RCMDATA/ERA5/2000/geop_2000_01.nc
   7.61496044931561        244700.965957275     
      262144 /marconi_work/ICT23_ESP/RCMDATA/ERA5/2000/qhum_2000_01.nc
  3.705496847009187E-007  1.211636852545462E-002
      327680 /marconi_work/ICT23_ESP/RCMDATA/ERA5/2000/uwnd_2000_01.nc
  4.759280176962966E-003   45.8566520371576     
      393216 /marconi_work/ICT23_ESP/RCMDATA/ERA5/2000/vwnd_2000_01.nc
  4.504284257609239E-003  -7.70919183939443     
 READ IN fields at DATE: 2000-01-01 00:00:00 UTC        
 Input ready at : Wed May 15 05:53:33 2024
 Successfully completed ICBC
icbc script complete
