BIN = bin
SUFFIX = CLM45_BDW

  This is icbc part of the RegCM version 5
   SVN Revision: 5.0.1 compiled at: data : May 14 2024  time: 13:19:30

 : this run start at    : 2024-05-16 00:27:57+0200
 : it is submitted by   : mdasilva
 : it is running on     : r000u10l05
 : in directory         : 
 /marconi/home/userexternal/mdasilva/github_projects/shell/ictp/regcm_exp/cordex
                       
 Using Moloch non-hydrostatic dynamical core
 GLOBIDATE1 :  2001-06-01 00:00:00 UTC        
 GLOBIDATE2 :  2001-07-01 00:00:00 UTC        
 NSTEPS     :          121
 Computing weights, R =      38.89632416 .......... Done.
 Computing weights, R =      38.89632416 .......... Done.
 Computing weights, R =      38.89632416 .......... Done.
      131072 /marconi_work/ICT23_ESP/RCMDATA/ERA5/2001/tatm_2001_06.nc
  2.266929414229997E-003   250.291224933730     
      196608 /marconi_work/ICT23_ESP/RCMDATA/ERA5/2001/geop_2001_06.nc
   7.60519008552943        243527.736467457     
      262144 /marconi_work/ICT23_ESP/RCMDATA/ERA5/2001/qhum_2001_06.nc
  4.372765778227429E-007  1.424801384033259E-002
      327680 /marconi_work/ICT23_ESP/RCMDATA/ERA5/2001/uwnd_2001_06.nc
  4.054036470130626E-003   65.0915169881126     
      393216 /marconi_work/ICT23_ESP/RCMDATA/ERA5/2001/vwnd_2001_06.nc
  2.375807171383955E-003   1.85537184983228     
 READ IN fields at DATE: 2001-06-01 00:00:00 UTC        
 READ IN fields at DATE: 2001-06-01 06:00:00 UTC        
 READ IN fields at DATE: 2001-06-01 12:00:00 UTC        
 READ IN fields at DATE: 2001-06-01 18:00:00 UTC        
 READ IN fields at DATE: 2001-06-02 00:00:00 UTC        
 READ IN fields at DATE: 2001-06-02 06:00:00 UTC        
 READ IN fields at DATE: 2001-06-02 12:00:00 UTC        
 READ IN fields at DATE: 2001-06-02 18:00:00 UTC        
 READ IN fields at DATE: 2001-06-03 00:00:00 UTC        
 READ IN fields at DATE: 2001-06-03 06:00:00 UTC        
 READ IN fields at DATE: 2001-06-03 12:00:00 UTC        
 READ IN fields at DATE: 2001-06-03 18:00:00 UTC        
 READ IN fields at DATE: 2001-06-04 00:00:00 UTC        
 READ IN fields at DATE: 2001-06-04 06:00:00 UTC        
 READ IN fields at DATE: 2001-06-04 12:00:00 UTC        
 READ IN fields at DATE: 2001-06-04 18:00:00 UTC        
 READ IN fields at DATE: 2001-06-05 00:00:00 UTC        
 READ IN fields at DATE: 2001-06-05 06:00:00 UTC        
 READ IN fields at DATE: 2001-06-05 12:00:00 UTC        
 READ IN fields at DATE: 2001-06-05 18:00:00 UTC        
 READ IN fields at DATE: 2001-06-06 00:00:00 UTC        
 READ IN fields at DATE: 2001-06-06 06:00:00 UTC        
 READ IN fields at DATE: 2001-06-06 12:00:00 UTC        
 READ IN fields at DATE: 2001-06-06 18:00:00 UTC        
 READ IN fields at DATE: 2001-06-07 00:00:00 UTC        
 READ IN fields at DATE: 2001-06-07 06:00:00 UTC        
 READ IN fields at DATE: 2001-06-07 12:00:00 UTC        
 READ IN fields at DATE: 2001-06-07 18:00:00 UTC        
 READ IN fields at DATE: 2001-06-08 00:00:00 UTC        
 READ IN fields at DATE: 2001-06-08 06:00:00 UTC        
 READ IN fields at DATE: 2001-06-08 12:00:00 UTC        
 READ IN fields at DATE: 2001-06-08 18:00:00 UTC        
 READ IN fields at DATE: 2001-06-09 00:00:00 UTC        
 READ IN fields at DATE: 2001-06-09 06:00:00 UTC        
 READ IN fields at DATE: 2001-06-09 12:00:00 UTC        
 READ IN fields at DATE: 2001-06-09 18:00:00 UTC        
 READ IN fields at DATE: 2001-06-10 00:00:00 UTC        
 READ IN fields at DATE: 2001-06-10 06:00:00 UTC        
 READ IN fields at DATE: 2001-06-10 12:00:00 UTC        
 READ IN fields at DATE: 2001-06-10 18:00:00 UTC        
 READ IN fields at DATE: 2001-06-11 00:00:00 UTC        
 READ IN fields at DATE: 2001-06-11 06:00:00 UTC        
 READ IN fields at DATE: 2001-06-11 12:00:00 UTC        
 READ IN fields at DATE: 2001-06-11 18:00:00 UTC        
 READ IN fields at DATE: 2001-06-12 00:00:00 UTC        
 READ IN fields at DATE: 2001-06-12 06:00:00 UTC        
 READ IN fields at DATE: 2001-06-12 12:00:00 UTC        
 READ IN fields at DATE: 2001-06-12 18:00:00 UTC        
 READ IN fields at DATE: 2001-06-13 00:00:00 UTC        
 READ IN fields at DATE: 2001-06-13 06:00:00 UTC        
 READ IN fields at DATE: 2001-06-13 12:00:00 UTC        
 READ IN fields at DATE: 2001-06-13 18:00:00 UTC        
 READ IN fields at DATE: 2001-06-14 00:00:00 UTC        
 READ IN fields at DATE: 2001-06-14 06:00:00 UTC        
 READ IN fields at DATE: 2001-06-14 12:00:00 UTC        
 READ IN fields at DATE: 2001-06-14 18:00:00 UTC        
 READ IN fields at DATE: 2001-06-15 00:00:00 UTC        
 READ IN fields at DATE: 2001-06-15 06:00:00 UTC        
 READ IN fields at DATE: 2001-06-15 12:00:00 UTC        
 READ IN fields at DATE: 2001-06-15 18:00:00 UTC        
 READ IN fields at DATE: 2001-06-16 00:00:00 UTC        
 READ IN fields at DATE: 2001-06-16 06:00:00 UTC        
 READ IN fields at DATE: 2001-06-16 12:00:00 UTC        
 READ IN fields at DATE: 2001-06-16 18:00:00 UTC        
 READ IN fields at DATE: 2001-06-17 00:00:00 UTC        
 READ IN fields at DATE: 2001-06-17 06:00:00 UTC        
 READ IN fields at DATE: 2001-06-17 12:00:00 UTC        
 READ IN fields at DATE: 2001-06-17 18:00:00 UTC        
 READ IN fields at DATE: 2001-06-18 00:00:00 UTC        
 READ IN fields at DATE: 2001-06-18 06:00:00 UTC        
 READ IN fields at DATE: 2001-06-18 12:00:00 UTC        
 READ IN fields at DATE: 2001-06-18 18:00:00 UTC        
 READ IN fields at DATE: 2001-06-19 00:00:00 UTC        
 READ IN fields at DATE: 2001-06-19 06:00:00 UTC        
 READ IN fields at DATE: 2001-06-19 12:00:00 UTC        
 READ IN fields at DATE: 2001-06-19 18:00:00 UTC        
 READ IN fields at DATE: 2001-06-20 00:00:00 UTC        
 READ IN fields at DATE: 2001-06-20 06:00:00 UTC        
 READ IN fields at DATE: 2001-06-20 12:00:00 UTC        
 READ IN fields at DATE: 2001-06-20 18:00:00 UTC        
 READ IN fields at DATE: 2001-06-21 00:00:00 UTC        
 READ IN fields at DATE: 2001-06-21 06:00:00 UTC        
 READ IN fields at DATE: 2001-06-21 12:00:00 UTC        
 READ IN fields at DATE: 2001-06-21 18:00:00 UTC        
 READ IN fields at DATE: 2001-06-22 00:00:00 UTC        
 READ IN fields at DATE: 2001-06-22 06:00:00 UTC        
 READ IN fields at DATE: 2001-06-22 12:00:00 UTC        
 READ IN fields at DATE: 2001-06-22 18:00:00 UTC        
 READ IN fields at DATE: 2001-06-23 00:00:00 UTC        
 READ IN fields at DATE: 2001-06-23 06:00:00 UTC        
 READ IN fields at DATE: 2001-06-23 12:00:00 UTC        
 READ IN fields at DATE: 2001-06-23 18:00:00 UTC        
 READ IN fields at DATE: 2001-06-24 00:00:00 UTC        
 READ IN fields at DATE: 2001-06-24 06:00:00 UTC        
 READ IN fields at DATE: 2001-06-24 12:00:00 UTC        
 READ IN fields at DATE: 2001-06-24 18:00:00 UTC        
 READ IN fields at DATE: 2001-06-25 00:00:00 UTC        
 READ IN fields at DATE: 2001-06-25 06:00:00 UTC        
 READ IN fields at DATE: 2001-06-25 12:00:00 UTC        
 READ IN fields at DATE: 2001-06-25 18:00:00 UTC        
 READ IN fields at DATE: 2001-06-26 00:00:00 UTC        
 READ IN fields at DATE: 2001-06-26 06:00:00 UTC        
 READ IN fields at DATE: 2001-06-26 12:00:00 UTC        
 READ IN fields at DATE: 2001-06-26 18:00:00 UTC        
 READ IN fields at DATE: 2001-06-27 00:00:00 UTC        
 READ IN fields at DATE: 2001-06-27 06:00:00 UTC        
 READ IN fields at DATE: 2001-06-27 12:00:00 UTC        
 READ IN fields at DATE: 2001-06-27 18:00:00 UTC        
 READ IN fields at DATE: 2001-06-28 00:00:00 UTC        
 READ IN fields at DATE: 2001-06-28 06:00:00 UTC        
 READ IN fields at DATE: 2001-06-28 12:00:00 UTC        
 READ IN fields at DATE: 2001-06-28 18:00:00 UTC        
 READ IN fields at DATE: 2001-06-29 00:00:00 UTC        
 READ IN fields at DATE: 2001-06-29 06:00:00 UTC        
 READ IN fields at DATE: 2001-06-29 12:00:00 UTC        
 READ IN fields at DATE: 2001-06-29 18:00:00 UTC        
 READ IN fields at DATE: 2001-06-30 00:00:00 UTC        
 READ IN fields at DATE: 2001-06-30 06:00:00 UTC        
 READ IN fields at DATE: 2001-06-30 12:00:00 UTC        
 READ IN fields at DATE: 2001-06-30 18:00:00 UTC        
      131072 /marconi_work/ICT23_ESP/RCMDATA/ERA5/2001/tatm_2001_07.nc
  2.293100078082679E-003   249.617604975840     
      196608 /marconi_work/ICT23_ESP/RCMDATA/ERA5/2001/geop_2001_07.nc
   7.61679200507759        243495.451369622     
      262144 /marconi_work/ICT23_ESP/RCMDATA/ERA5/2001/qhum_2001_07.nc
  4.578281598715526E-007  1.485309090167661E-002
      327680 /marconi_work/ICT23_ESP/RCMDATA/ERA5/2001/uwnd_2001_07.nc
  4.150029953822764E-003   65.2138597384411     
      393216 /marconi_work/ICT23_ESP/RCMDATA/ERA5/2001/vwnd_2001_07.nc
  2.533305452232797E-003  0.199111765242634     
 READ IN fields at DATE: 2001-07-01 00:00:00 UTC        
 Input ready at : Thu May 16 01:26:07 2024
 Successfully completed ICBC
icbc script complete
