BIN = bin
SUFFIX = CLM45_BDW

  This is icbc part of the RegCM version 5
   SVN Revision: 5.0.1 compiled at: data : May 14 2024  time: 13:19:30

 : this run start at    : 2024-05-20 04:37:03+0200
 : it is submitted by   : mdasilva
 : it is running on     : r000u10l05
 : in directory         : 
 /marconi/home/userexternal/mdasilva/github_projects/shell/ictp/regcm_exp/cordex
                       
 Using Moloch non-hydrostatic dynamical core
 GLOBIDATE1 :  2009-12-01 00:00:00 UTC        
 GLOBIDATE2 :  2010-01-01 00:00:00 UTC        
 NSTEPS     :          125
 Computing weights, R =      38.89632416 .......... Done.
 Computing weights, R =      38.89632416 .......... Done.
 Computing weights, R =      38.89632416 .......... Done.
      131072 /marconi_work/ICT23_ESP/RCMDATA/ERA5/2009/tatm_2009_12.nc
  2.084630507751104E-003   249.959971478691     
      196608 /marconi_work/ICT23_ESP/RCMDATA/ERA5/2009/geop_2009_12.nc
   7.64901640681031        245991.366898047     
      262144 /marconi_work/ICT23_ESP/RCMDATA/ERA5/2009/qhum_2009_12.nc
  3.901445630096010E-007  1.276579613091438E-002
      327680 /marconi_work/ICT23_ESP/RCMDATA/ERA5/2009/uwnd_2009_12.nc
  5.745716545227571E-003   12.5361667535438     
      393216 /marconi_work/ICT23_ESP/RCMDATA/ERA5/2009/vwnd_2009_12.nc
  5.557672279614851E-003  -8.08824331367887     
 READ IN fields at DATE: 2009-12-01 00:00:00 UTC        
 READ IN fields at DATE: 2009-12-01 06:00:00 UTC        
 READ IN fields at DATE: 2009-12-01 12:00:00 UTC        
 READ IN fields at DATE: 2009-12-01 18:00:00 UTC        
 READ IN fields at DATE: 2009-12-02 00:00:00 UTC        
 READ IN fields at DATE: 2009-12-02 06:00:00 UTC        
 READ IN fields at DATE: 2009-12-02 12:00:00 UTC        
 READ IN fields at DATE: 2009-12-02 18:00:00 UTC        
 READ IN fields at DATE: 2009-12-03 00:00:00 UTC        
 READ IN fields at DATE: 2009-12-03 06:00:00 UTC        
 READ IN fields at DATE: 2009-12-03 12:00:00 UTC        
 READ IN fields at DATE: 2009-12-03 18:00:00 UTC        
 READ IN fields at DATE: 2009-12-04 00:00:00 UTC        
 READ IN fields at DATE: 2009-12-04 06:00:00 UTC        
 READ IN fields at DATE: 2009-12-04 12:00:00 UTC        
 READ IN fields at DATE: 2009-12-04 18:00:00 UTC        
 READ IN fields at DATE: 2009-12-05 00:00:00 UTC        
 READ IN fields at DATE: 2009-12-05 06:00:00 UTC        
 READ IN fields at DATE: 2009-12-05 12:00:00 UTC        
 READ IN fields at DATE: 2009-12-05 18:00:00 UTC        
 READ IN fields at DATE: 2009-12-06 00:00:00 UTC        
 READ IN fields at DATE: 2009-12-06 06:00:00 UTC        
 READ IN fields at DATE: 2009-12-06 12:00:00 UTC        
 READ IN fields at DATE: 2009-12-06 18:00:00 UTC        
 READ IN fields at DATE: 2009-12-07 00:00:00 UTC        
 READ IN fields at DATE: 2009-12-07 06:00:00 UTC        
 READ IN fields at DATE: 2009-12-07 12:00:00 UTC        
 READ IN fields at DATE: 2009-12-07 18:00:00 UTC        
 READ IN fields at DATE: 2009-12-08 00:00:00 UTC        
 READ IN fields at DATE: 2009-12-08 06:00:00 UTC        
 READ IN fields at DATE: 2009-12-08 12:00:00 UTC        
 READ IN fields at DATE: 2009-12-08 18:00:00 UTC        
 READ IN fields at DATE: 2009-12-09 00:00:00 UTC        
 READ IN fields at DATE: 2009-12-09 06:00:00 UTC        
 READ IN fields at DATE: 2009-12-09 12:00:00 UTC        
 READ IN fields at DATE: 2009-12-09 18:00:00 UTC        
 READ IN fields at DATE: 2009-12-10 00:00:00 UTC        
 READ IN fields at DATE: 2009-12-10 06:00:00 UTC        
 READ IN fields at DATE: 2009-12-10 12:00:00 UTC        
 READ IN fields at DATE: 2009-12-10 18:00:00 UTC        
 READ IN fields at DATE: 2009-12-11 00:00:00 UTC        
 READ IN fields at DATE: 2009-12-11 06:00:00 UTC        
 READ IN fields at DATE: 2009-12-11 12:00:00 UTC        
 READ IN fields at DATE: 2009-12-11 18:00:00 UTC        
 READ IN fields at DATE: 2009-12-12 00:00:00 UTC        
 READ IN fields at DATE: 2009-12-12 06:00:00 UTC        
 READ IN fields at DATE: 2009-12-12 12:00:00 UTC        
 READ IN fields at DATE: 2009-12-12 18:00:00 UTC        
 READ IN fields at DATE: 2009-12-13 00:00:00 UTC        
 READ IN fields at DATE: 2009-12-13 06:00:00 UTC        
 READ IN fields at DATE: 2009-12-13 12:00:00 UTC        
 READ IN fields at DATE: 2009-12-13 18:00:00 UTC        
 READ IN fields at DATE: 2009-12-14 00:00:00 UTC        
 READ IN fields at DATE: 2009-12-14 06:00:00 UTC        
 READ IN fields at DATE: 2009-12-14 12:00:00 UTC        
 READ IN fields at DATE: 2009-12-14 18:00:00 UTC        
 READ IN fields at DATE: 2009-12-15 00:00:00 UTC        
 READ IN fields at DATE: 2009-12-15 06:00:00 UTC        
 READ IN fields at DATE: 2009-12-15 12:00:00 UTC        
 READ IN fields at DATE: 2009-12-15 18:00:00 UTC        
 READ IN fields at DATE: 2009-12-16 00:00:00 UTC        
 READ IN fields at DATE: 2009-12-16 06:00:00 UTC        
 READ IN fields at DATE: 2009-12-16 12:00:00 UTC        
 READ IN fields at DATE: 2009-12-16 18:00:00 UTC        
 READ IN fields at DATE: 2009-12-17 00:00:00 UTC        
 READ IN fields at DATE: 2009-12-17 06:00:00 UTC        
 READ IN fields at DATE: 2009-12-17 12:00:00 UTC        
 READ IN fields at DATE: 2009-12-17 18:00:00 UTC        
 READ IN fields at DATE: 2009-12-18 00:00:00 UTC        
 READ IN fields at DATE: 2009-12-18 06:00:00 UTC        
 READ IN fields at DATE: 2009-12-18 12:00:00 UTC        
 READ IN fields at DATE: 2009-12-18 18:00:00 UTC        
 READ IN fields at DATE: 2009-12-19 00:00:00 UTC        
 READ IN fields at DATE: 2009-12-19 06:00:00 UTC        
 READ IN fields at DATE: 2009-12-19 12:00:00 UTC        
 READ IN fields at DATE: 2009-12-19 18:00:00 UTC        
 READ IN fields at DATE: 2009-12-20 00:00:00 UTC        
 READ IN fields at DATE: 2009-12-20 06:00:00 UTC        
 READ IN fields at DATE: 2009-12-20 12:00:00 UTC        
 READ IN fields at DATE: 2009-12-20 18:00:00 UTC        
 READ IN fields at DATE: 2009-12-21 00:00:00 UTC        
 READ IN fields at DATE: 2009-12-21 06:00:00 UTC        
 READ IN fields at DATE: 2009-12-21 12:00:00 UTC        
 READ IN fields at DATE: 2009-12-21 18:00:00 UTC        
 READ IN fields at DATE: 2009-12-22 00:00:00 UTC        
 READ IN fields at DATE: 2009-12-22 06:00:00 UTC        
 READ IN fields at DATE: 2009-12-22 12:00:00 UTC        
 READ IN fields at DATE: 2009-12-22 18:00:00 UTC        
 READ IN fields at DATE: 2009-12-23 00:00:00 UTC        
 READ IN fields at DATE: 2009-12-23 06:00:00 UTC        
 READ IN fields at DATE: 2009-12-23 12:00:00 UTC        
 READ IN fields at DATE: 2009-12-23 18:00:00 UTC        
 READ IN fields at DATE: 2009-12-24 00:00:00 UTC        
 READ IN fields at DATE: 2009-12-24 06:00:00 UTC        
 READ IN fields at DATE: 2009-12-24 12:00:00 UTC        
 READ IN fields at DATE: 2009-12-24 18:00:00 UTC        
 READ IN fields at DATE: 2009-12-25 00:00:00 UTC        
 READ IN fields at DATE: 2009-12-25 06:00:00 UTC        
 READ IN fields at DATE: 2009-12-25 12:00:00 UTC        
 READ IN fields at DATE: 2009-12-25 18:00:00 UTC        
 READ IN fields at DATE: 2009-12-26 00:00:00 UTC        
 READ IN fields at DATE: 2009-12-26 06:00:00 UTC        
 READ IN fields at DATE: 2009-12-26 12:00:00 UTC        
 READ IN fields at DATE: 2009-12-26 18:00:00 UTC        
 READ IN fields at DATE: 2009-12-27 00:00:00 UTC        
 READ IN fields at DATE: 2009-12-27 06:00:00 UTC        
 READ IN fields at DATE: 2009-12-27 12:00:00 UTC        
 READ IN fields at DATE: 2009-12-27 18:00:00 UTC        
 READ IN fields at DATE: 2009-12-28 00:00:00 UTC        
 READ IN fields at DATE: 2009-12-28 06:00:00 UTC        
 READ IN fields at DATE: 2009-12-28 12:00:00 UTC        
 READ IN fields at DATE: 2009-12-28 18:00:00 UTC        
 READ IN fields at DATE: 2009-12-29 00:00:00 UTC        
 READ IN fields at DATE: 2009-12-29 06:00:00 UTC        
 READ IN fields at DATE: 2009-12-29 12:00:00 UTC        
 READ IN fields at DATE: 2009-12-29 18:00:00 UTC        
 READ IN fields at DATE: 2009-12-30 00:00:00 UTC        
 READ IN fields at DATE: 2009-12-30 06:00:00 UTC        
 READ IN fields at DATE: 2009-12-30 12:00:00 UTC        
 READ IN fields at DATE: 2009-12-30 18:00:00 UTC        
 READ IN fields at DATE: 2009-12-31 00:00:00 UTC        
 READ IN fields at DATE: 2009-12-31 06:00:00 UTC        
 READ IN fields at DATE: 2009-12-31 12:00:00 UTC        
 READ IN fields at DATE: 2009-12-31 18:00:00 UTC        
      131072 /marconi_work/ICT23_ESP/RCMDATA/ERA5/2010/tatm_2010_01.nc
  2.476076785592516E-003   257.924711058287     
      196608 /marconi_work/ICT23_ESP/RCMDATA/ERA5/2010/geop_2010_01.nc
   7.64692633386996        245720.477318083     
      262144 /marconi_work/ICT23_ESP/RCMDATA/ERA5/2010/qhum_2010_01.nc
  3.983307346719841E-007  1.298687951872377E-002
      327680 /marconi_work/ICT23_ESP/RCMDATA/ERA5/2010/uwnd_2010_01.nc
  6.181491383038889E-003   15.3576728041132     
      393216 /marconi_work/ICT23_ESP/RCMDATA/ERA5/2010/vwnd_2010_01.nc
  5.658853700363152E-003 -0.583800191010338     
 READ IN fields at DATE: 2010-01-01 00:00:00 UTC        
 Input ready at : Mon May 20 05:35:05 2024
 Successfully completed ICBC
icbc script complete
