BIN = bin
SUFFIX = CLM45_BDW

  This is icbc part of the RegCM version 5
   SVN Revision: 5.0.1 compiled at: data : May 14 2024  time: 13:19:30

 : this run start at    : 2024-05-19 19:12:22+0200
 : it is submitted by   : mdasilva
 : it is running on     : r000u10l05
 : in directory         : 
 /marconi/home/userexternal/mdasilva/github_projects/shell/ictp/regcm_exp/cordex
                       
 Using Moloch non-hydrostatic dynamical core
 GLOBIDATE1 :  2009-02-01 00:00:00 UTC        
 GLOBIDATE2 :  2009-03-01 00:00:00 UTC        
 NSTEPS     :          113
 Computing weights, R =      38.89632416 .......... Done.
 Computing weights, R =      38.89632416 .......... Done.
 Computing weights, R =      38.89632416 .......... Done.
      131072 /marconi_work/ICT23_ESP/RCMDATA/ERA5/2009/tatm_2009_02.nc
  2.086970562839047E-003   250.263757540109     
      196608 /marconi_work/ICT23_ESP/RCMDATA/ERA5/2009/geop_2009_02.nc
   7.52732252977508        240722.847666860     
      262144 /marconi_work/ICT23_ESP/RCMDATA/ERA5/2009/qhum_2009_02.nc
  4.044124368791965E-007  1.320967046186671E-002
      327680 /marconi_work/ICT23_ESP/RCMDATA/ERA5/2009/uwnd_2009_02.nc
  3.102819444408018E-003   1.26698801898873     
      393216 /marconi_work/ICT23_ESP/RCMDATA/ERA5/2009/vwnd_2009_02.nc
  2.769431679608222E-003   4.52075578708988     
 READ IN fields at DATE: 2009-02-01 00:00:00 UTC        
 READ IN fields at DATE: 2009-02-01 06:00:00 UTC        
 READ IN fields at DATE: 2009-02-01 12:00:00 UTC        
 READ IN fields at DATE: 2009-02-01 18:00:00 UTC        
 READ IN fields at DATE: 2009-02-02 00:00:00 UTC        
 READ IN fields at DATE: 2009-02-02 06:00:00 UTC        
 READ IN fields at DATE: 2009-02-02 12:00:00 UTC        
 READ IN fields at DATE: 2009-02-02 18:00:00 UTC        
 READ IN fields at DATE: 2009-02-03 00:00:00 UTC        
 READ IN fields at DATE: 2009-02-03 06:00:00 UTC        
 READ IN fields at DATE: 2009-02-03 12:00:00 UTC        
 READ IN fields at DATE: 2009-02-03 18:00:00 UTC        
 READ IN fields at DATE: 2009-02-04 00:00:00 UTC        
 READ IN fields at DATE: 2009-02-04 06:00:00 UTC        
 READ IN fields at DATE: 2009-02-04 12:00:00 UTC        
 READ IN fields at DATE: 2009-02-04 18:00:00 UTC        
 READ IN fields at DATE: 2009-02-05 00:00:00 UTC        
 READ IN fields at DATE: 2009-02-05 06:00:00 UTC        
 READ IN fields at DATE: 2009-02-05 12:00:00 UTC        
 READ IN fields at DATE: 2009-02-05 18:00:00 UTC        
 READ IN fields at DATE: 2009-02-06 00:00:00 UTC        
 READ IN fields at DATE: 2009-02-06 06:00:00 UTC        
 READ IN fields at DATE: 2009-02-06 12:00:00 UTC        
 READ IN fields at DATE: 2009-02-06 18:00:00 UTC        
 READ IN fields at DATE: 2009-02-07 00:00:00 UTC        
 READ IN fields at DATE: 2009-02-07 06:00:00 UTC        
 READ IN fields at DATE: 2009-02-07 12:00:00 UTC        
 READ IN fields at DATE: 2009-02-07 18:00:00 UTC        
 READ IN fields at DATE: 2009-02-08 00:00:00 UTC        
 READ IN fields at DATE: 2009-02-08 06:00:00 UTC        
 READ IN fields at DATE: 2009-02-08 12:00:00 UTC        
 READ IN fields at DATE: 2009-02-08 18:00:00 UTC        
 READ IN fields at DATE: 2009-02-09 00:00:00 UTC        
 READ IN fields at DATE: 2009-02-09 06:00:00 UTC        
 READ IN fields at DATE: 2009-02-09 12:00:00 UTC        
 READ IN fields at DATE: 2009-02-09 18:00:00 UTC        
 READ IN fields at DATE: 2009-02-10 00:00:00 UTC        
 READ IN fields at DATE: 2009-02-10 06:00:00 UTC        
 READ IN fields at DATE: 2009-02-10 12:00:00 UTC        
 READ IN fields at DATE: 2009-02-10 18:00:00 UTC        
 READ IN fields at DATE: 2009-02-11 00:00:00 UTC        
 READ IN fields at DATE: 2009-02-11 06:00:00 UTC        
 READ IN fields at DATE: 2009-02-11 12:00:00 UTC        
 READ IN fields at DATE: 2009-02-11 18:00:00 UTC        
 READ IN fields at DATE: 2009-02-12 00:00:00 UTC        
 READ IN fields at DATE: 2009-02-12 06:00:00 UTC        
 READ IN fields at DATE: 2009-02-12 12:00:00 UTC        
 READ IN fields at DATE: 2009-02-12 18:00:00 UTC        
 READ IN fields at DATE: 2009-02-13 00:00:00 UTC        
 READ IN fields at DATE: 2009-02-13 06:00:00 UTC        
 READ IN fields at DATE: 2009-02-13 12:00:00 UTC        
 READ IN fields at DATE: 2009-02-13 18:00:00 UTC        
 READ IN fields at DATE: 2009-02-14 00:00:00 UTC        
 READ IN fields at DATE: 2009-02-14 06:00:00 UTC        
 READ IN fields at DATE: 2009-02-14 12:00:00 UTC        
 READ IN fields at DATE: 2009-02-14 18:00:00 UTC        
 READ IN fields at DATE: 2009-02-15 00:00:00 UTC        
 READ IN fields at DATE: 2009-02-15 06:00:00 UTC        
 READ IN fields at DATE: 2009-02-15 12:00:00 UTC        
 READ IN fields at DATE: 2009-02-15 18:00:00 UTC        
 READ IN fields at DATE: 2009-02-16 00:00:00 UTC        
 READ IN fields at DATE: 2009-02-16 06:00:00 UTC        
 READ IN fields at DATE: 2009-02-16 12:00:00 UTC        
 READ IN fields at DATE: 2009-02-16 18:00:00 UTC        
 READ IN fields at DATE: 2009-02-17 00:00:00 UTC        
 READ IN fields at DATE: 2009-02-17 06:00:00 UTC        
 READ IN fields at DATE: 2009-02-17 12:00:00 UTC        
 READ IN fields at DATE: 2009-02-17 18:00:00 UTC        
 READ IN fields at DATE: 2009-02-18 00:00:00 UTC        
 READ IN fields at DATE: 2009-02-18 06:00:00 UTC        
 READ IN fields at DATE: 2009-02-18 12:00:00 UTC        
 READ IN fields at DATE: 2009-02-18 18:00:00 UTC        
 READ IN fields at DATE: 2009-02-19 00:00:00 UTC        
 READ IN fields at DATE: 2009-02-19 06:00:00 UTC        
 READ IN fields at DATE: 2009-02-19 12:00:00 UTC        
 READ IN fields at DATE: 2009-02-19 18:00:00 UTC        
 READ IN fields at DATE: 2009-02-20 00:00:00 UTC        
 READ IN fields at DATE: 2009-02-20 06:00:00 UTC        
 READ IN fields at DATE: 2009-02-20 12:00:00 UTC        
 READ IN fields at DATE: 2009-02-20 18:00:00 UTC        
 READ IN fields at DATE: 2009-02-21 00:00:00 UTC        
 READ IN fields at DATE: 2009-02-21 06:00:00 UTC        
 READ IN fields at DATE: 2009-02-21 12:00:00 UTC        
 READ IN fields at DATE: 2009-02-21 18:00:00 UTC        
 READ IN fields at DATE: 2009-02-22 00:00:00 UTC        
 READ IN fields at DATE: 2009-02-22 06:00:00 UTC        
 READ IN fields at DATE: 2009-02-22 12:00:00 UTC        
 READ IN fields at DATE: 2009-02-22 18:00:00 UTC        
 READ IN fields at DATE: 2009-02-23 00:00:00 UTC        
 READ IN fields at DATE: 2009-02-23 06:00:00 UTC        
 READ IN fields at DATE: 2009-02-23 12:00:00 UTC        
 READ IN fields at DATE: 2009-02-23 18:00:00 UTC        
 READ IN fields at DATE: 2009-02-24 00:00:00 UTC        
 READ IN fields at DATE: 2009-02-24 06:00:00 UTC        
 READ IN fields at DATE: 2009-02-24 12:00:00 UTC        
 READ IN fields at DATE: 2009-02-24 18:00:00 UTC        
 READ IN fields at DATE: 2009-02-25 00:00:00 UTC        
 READ IN fields at DATE: 2009-02-25 06:00:00 UTC        
 READ IN fields at DATE: 2009-02-25 12:00:00 UTC        
 READ IN fields at DATE: 2009-02-25 18:00:00 UTC        
 READ IN fields at DATE: 2009-02-26 00:00:00 UTC        
 READ IN fields at DATE: 2009-02-26 06:00:00 UTC        
 READ IN fields at DATE: 2009-02-26 12:00:00 UTC        
 READ IN fields at DATE: 2009-02-26 18:00:00 UTC        
 READ IN fields at DATE: 2009-02-27 00:00:00 UTC        
 READ IN fields at DATE: 2009-02-27 06:00:00 UTC        
 READ IN fields at DATE: 2009-02-27 12:00:00 UTC        
 READ IN fields at DATE: 2009-02-27 18:00:00 UTC        
 READ IN fields at DATE: 2009-02-28 00:00:00 UTC        
 READ IN fields at DATE: 2009-02-28 06:00:00 UTC        
 READ IN fields at DATE: 2009-02-28 12:00:00 UTC        
 READ IN fields at DATE: 2009-02-28 18:00:00 UTC        
      131072 /marconi_work/ICT23_ESP/RCMDATA/ERA5/2009/tatm_2009_03.nc
  2.078437860475590E-003   249.920683193179     
      196608 /marconi_work/ICT23_ESP/RCMDATA/ERA5/2009/geop_2009_03.nc
   7.35291147446706        234734.024716138     
      262144 /marconi_work/ICT23_ESP/RCMDATA/ERA5/2009/qhum_2009_03.nc
  3.751317937437591E-007  1.222869201648374E-002
      327680 /marconi_work/ICT23_ESP/RCMDATA/ERA5/2009/uwnd_2009_03.nc
  2.618161670754143E-003   17.1808198254146     
      393216 /marconi_work/ICT23_ESP/RCMDATA/ERA5/2009/vwnd_2009_03.nc
  2.717965602358139E-003   1.04700374913241     
 READ IN fields at DATE: 2009-03-01 00:00:00 UTC        
 Input ready at : Sun May 19 20:04:30 2024
 Successfully completed ICBC
icbc script complete
