BIN = bin
SUFFIX = CLM45_BDW

  This is icbc part of the RegCM version 5
   SVN Revision: 5.0.1 compiled at: data : May 14 2024  time: 13:19:30

 : this run start at    : 2024-05-17 17:24:37+0200
 : it is submitted by   : mdasilva
 : it is running on     : r000u09l04
 : in directory         : 
 /marconi/home/userexternal/mdasilva/github_projects/shell/ictp/regcm_exp/cordex
                       
 Using Moloch non-hydrostatic dynamical core
 GLOBIDATE1 :  2004-11-01 00:00:00 UTC        
 GLOBIDATE2 :  2004-12-01 00:00:00 UTC        
 NSTEPS     :          121
 Computing weights, R =      38.89632416 .......... Done.
 Computing weights, R =      38.89632416 .......... Done.
 Computing weights, R =      38.89632416 .......... Done.
      131072 /marconi_work/ICT23_ESP/RCMDATA/ERA5/2004/tatm_2004_11.nc
  2.060197072854755E-003   249.767234671971     
      196608 /marconi_work/ICT23_ESP/RCMDATA/ERA5/2004/geop_2004_11.nc
   7.54821241063663        241083.098940670     
      262144 /marconi_work/ICT23_ESP/RCMDATA/ERA5/2004/qhum_2004_11.nc
  3.901104154271034E-007  1.274227131810318E-002
      327680 /marconi_work/ICT23_ESP/RCMDATA/ERA5/2004/uwnd_2004_11.nc
  4.103163889340580E-003   43.3704459766491     
      393216 /marconi_work/ICT23_ESP/RCMDATA/ERA5/2004/vwnd_2004_11.nc
  2.786228152630998E-003  -1.90321043585366     
 READ IN fields at DATE: 2004-11-01 00:00:00 UTC        
 READ IN fields at DATE: 2004-11-01 06:00:00 UTC        
 READ IN fields at DATE: 2004-11-01 12:00:00 UTC        
 READ IN fields at DATE: 2004-11-01 18:00:00 UTC        
 READ IN fields at DATE: 2004-11-02 00:00:00 UTC        
 READ IN fields at DATE: 2004-11-02 06:00:00 UTC        
 READ IN fields at DATE: 2004-11-02 12:00:00 UTC        
 READ IN fields at DATE: 2004-11-02 18:00:00 UTC        
 READ IN fields at DATE: 2004-11-03 00:00:00 UTC        
 READ IN fields at DATE: 2004-11-03 06:00:00 UTC        
 READ IN fields at DATE: 2004-11-03 12:00:00 UTC        
 READ IN fields at DATE: 2004-11-03 18:00:00 UTC        
 READ IN fields at DATE: 2004-11-04 00:00:00 UTC        
 READ IN fields at DATE: 2004-11-04 06:00:00 UTC        
 READ IN fields at DATE: 2004-11-04 12:00:00 UTC        
 READ IN fields at DATE: 2004-11-04 18:00:00 UTC        
 READ IN fields at DATE: 2004-11-05 00:00:00 UTC        
 READ IN fields at DATE: 2004-11-05 06:00:00 UTC        
 READ IN fields at DATE: 2004-11-05 12:00:00 UTC        
 READ IN fields at DATE: 2004-11-05 18:00:00 UTC        
 READ IN fields at DATE: 2004-11-06 00:00:00 UTC        
 READ IN fields at DATE: 2004-11-06 06:00:00 UTC        
 READ IN fields at DATE: 2004-11-06 12:00:00 UTC        
 READ IN fields at DATE: 2004-11-06 18:00:00 UTC        
 READ IN fields at DATE: 2004-11-07 00:00:00 UTC        
 READ IN fields at DATE: 2004-11-07 06:00:00 UTC        
 READ IN fields at DATE: 2004-11-07 12:00:00 UTC        
 READ IN fields at DATE: 2004-11-07 18:00:00 UTC        
 READ IN fields at DATE: 2004-11-08 00:00:00 UTC        
 READ IN fields at DATE: 2004-11-08 06:00:00 UTC        
 READ IN fields at DATE: 2004-11-08 12:00:00 UTC        
 READ IN fields at DATE: 2004-11-08 18:00:00 UTC        
 READ IN fields at DATE: 2004-11-09 00:00:00 UTC        
 READ IN fields at DATE: 2004-11-09 06:00:00 UTC        
 READ IN fields at DATE: 2004-11-09 12:00:00 UTC        
 READ IN fields at DATE: 2004-11-09 18:00:00 UTC        
 READ IN fields at DATE: 2004-11-10 00:00:00 UTC        
 READ IN fields at DATE: 2004-11-10 06:00:00 UTC        
 READ IN fields at DATE: 2004-11-10 12:00:00 UTC        
 READ IN fields at DATE: 2004-11-10 18:00:00 UTC        
 READ IN fields at DATE: 2004-11-11 00:00:00 UTC        
 READ IN fields at DATE: 2004-11-11 06:00:00 UTC        
 READ IN fields at DATE: 2004-11-11 12:00:00 UTC        
 READ IN fields at DATE: 2004-11-11 18:00:00 UTC        
 READ IN fields at DATE: 2004-11-12 00:00:00 UTC        
 READ IN fields at DATE: 2004-11-12 06:00:00 UTC        
 READ IN fields at DATE: 2004-11-12 12:00:00 UTC        
 READ IN fields at DATE: 2004-11-12 18:00:00 UTC        
 READ IN fields at DATE: 2004-11-13 00:00:00 UTC        
 READ IN fields at DATE: 2004-11-13 06:00:00 UTC        
 READ IN fields at DATE: 2004-11-13 12:00:00 UTC        
 READ IN fields at DATE: 2004-11-13 18:00:00 UTC        
 READ IN fields at DATE: 2004-11-14 00:00:00 UTC        
 READ IN fields at DATE: 2004-11-14 06:00:00 UTC        
 READ IN fields at DATE: 2004-11-14 12:00:00 UTC        
 READ IN fields at DATE: 2004-11-14 18:00:00 UTC        
 READ IN fields at DATE: 2004-11-15 00:00:00 UTC        
 READ IN fields at DATE: 2004-11-15 06:00:00 UTC        
 READ IN fields at DATE: 2004-11-15 12:00:00 UTC        
 READ IN fields at DATE: 2004-11-15 18:00:00 UTC        
 READ IN fields at DATE: 2004-11-16 00:00:00 UTC        
 READ IN fields at DATE: 2004-11-16 06:00:00 UTC        
 READ IN fields at DATE: 2004-11-16 12:00:00 UTC        
 READ IN fields at DATE: 2004-11-16 18:00:00 UTC        
 READ IN fields at DATE: 2004-11-17 00:00:00 UTC        
 READ IN fields at DATE: 2004-11-17 06:00:00 UTC        
 READ IN fields at DATE: 2004-11-17 12:00:00 UTC        
 READ IN fields at DATE: 2004-11-17 18:00:00 UTC        
 READ IN fields at DATE: 2004-11-18 00:00:00 UTC        
 READ IN fields at DATE: 2004-11-18 06:00:00 UTC        
 READ IN fields at DATE: 2004-11-18 12:00:00 UTC        
 READ IN fields at DATE: 2004-11-18 18:00:00 UTC        
 READ IN fields at DATE: 2004-11-19 00:00:00 UTC        
 READ IN fields at DATE: 2004-11-19 06:00:00 UTC        
 READ IN fields at DATE: 2004-11-19 12:00:00 UTC        
 READ IN fields at DATE: 2004-11-19 18:00:00 UTC        
 READ IN fields at DATE: 2004-11-20 00:00:00 UTC        
 READ IN fields at DATE: 2004-11-20 06:00:00 UTC        
 READ IN fields at DATE: 2004-11-20 12:00:00 UTC        
 READ IN fields at DATE: 2004-11-20 18:00:00 UTC        
 READ IN fields at DATE: 2004-11-21 00:00:00 UTC        
 READ IN fields at DATE: 2004-11-21 06:00:00 UTC        
 READ IN fields at DATE: 2004-11-21 12:00:00 UTC        
 READ IN fields at DATE: 2004-11-21 18:00:00 UTC        
 READ IN fields at DATE: 2004-11-22 00:00:00 UTC        
 READ IN fields at DATE: 2004-11-22 06:00:00 UTC        
 READ IN fields at DATE: 2004-11-22 12:00:00 UTC        
 READ IN fields at DATE: 2004-11-22 18:00:00 UTC        
 READ IN fields at DATE: 2004-11-23 00:00:00 UTC        
 READ IN fields at DATE: 2004-11-23 06:00:00 UTC        
 READ IN fields at DATE: 2004-11-23 12:00:00 UTC        
 READ IN fields at DATE: 2004-11-23 18:00:00 UTC        
 READ IN fields at DATE: 2004-11-24 00:00:00 UTC        
 READ IN fields at DATE: 2004-11-24 06:00:00 UTC        
 READ IN fields at DATE: 2004-11-24 12:00:00 UTC        
 READ IN fields at DATE: 2004-11-24 18:00:00 UTC        
 READ IN fields at DATE: 2004-11-25 00:00:00 UTC        
 READ IN fields at DATE: 2004-11-25 06:00:00 UTC        
 READ IN fields at DATE: 2004-11-25 12:00:00 UTC        
 READ IN fields at DATE: 2004-11-25 18:00:00 UTC        
 READ IN fields at DATE: 2004-11-26 00:00:00 UTC        
 READ IN fields at DATE: 2004-11-26 06:00:00 UTC        
 READ IN fields at DATE: 2004-11-26 12:00:00 UTC        
 READ IN fields at DATE: 2004-11-26 18:00:00 UTC        
 READ IN fields at DATE: 2004-11-27 00:00:00 UTC        
 READ IN fields at DATE: 2004-11-27 06:00:00 UTC        
 READ IN fields at DATE: 2004-11-27 12:00:00 UTC        
 READ IN fields at DATE: 2004-11-27 18:00:00 UTC        
 READ IN fields at DATE: 2004-11-28 00:00:00 UTC        
 READ IN fields at DATE: 2004-11-28 06:00:00 UTC        
 READ IN fields at DATE: 2004-11-28 12:00:00 UTC        
 READ IN fields at DATE: 2004-11-28 18:00:00 UTC        
 READ IN fields at DATE: 2004-11-29 00:00:00 UTC        
 READ IN fields at DATE: 2004-11-29 06:00:00 UTC        
 READ IN fields at DATE: 2004-11-29 12:00:00 UTC        
 READ IN fields at DATE: 2004-11-29 18:00:00 UTC        
 READ IN fields at DATE: 2004-11-30 00:00:00 UTC        
 READ IN fields at DATE: 2004-11-30 06:00:00 UTC        
 READ IN fields at DATE: 2004-11-30 12:00:00 UTC        
 READ IN fields at DATE: 2004-11-30 18:00:00 UTC        
      131072 /marconi_work/ICT23_ESP/RCMDATA/ERA5/2004/tatm_2004_12.nc
  2.143842982286834E-003   247.678340920306     
      196608 /marconi_work/ICT23_ESP/RCMDATA/ERA5/2004/geop_2004_12.nc
   7.62873565369737        245075.718835298     
      262144 /marconi_work/ICT23_ESP/RCMDATA/ERA5/2004/qhum_2004_12.nc
  3.709629450595428E-007  1.214617983802256E-002
      327680 /marconi_work/ICT23_ESP/RCMDATA/ERA5/2004/uwnd_2004_12.nc
  4.125665439951890E-003   52.1703538542917     
      393216 /marconi_work/ICT23_ESP/RCMDATA/ERA5/2004/vwnd_2004_12.nc
  2.954013362214695E-003   2.08844303726421     
 READ IN fields at DATE: 2004-12-01 00:00:00 UTC        
 Input ready at : Fri May 17 18:20:41 2024
 Successfully completed ICBC
icbc script complete
