BIN = bin
SUFFIX = CLM45_BDW

  This is icbc part of the RegCM version 5
   SVN Revision: 5.0.1 compiled at: data : May 14 2024  time: 13:19:30

 : this run start at    : 2024-05-14 21:23:21+0200
 : it is submitted by   : mdasilva
 : it is running on     : r000u10l05
 : in directory         : 
 /marconi/home/userexternal/mdasilva/github_projects/shell/ictp/regcm_exp/cordex
                       
 Using Moloch non-hydrostatic dynamical core
 GLOBIDATE1 :  1999-04-01 00:00:00 UTC        
 GLOBIDATE2 :  1999-05-01 00:00:00 UTC        
 NSTEPS     :          121
 Computing weights, R =      38.89632416 .......... Done.
 Computing weights, R =      38.89632416 .......... Done.
 Computing weights, R =      38.89632416 .......... Done.
      131072 /marconi_work/ICT23_ESP/RCMDATA/ERA5/1999/tatm_1999_04.nc
  2.086345151101115E-003   250.239206461214     
      196608 /marconi_work/ICT23_ESP/RCMDATA/ERA5/1999/geop_1999_04.nc
   7.32895145623197        234980.997633647     
      262144 /marconi_work/ICT23_ESP/RCMDATA/ERA5/1999/qhum_1999_04.nc
  3.672379451115708E-007  1.201910352784088E-002
      327680 /marconi_work/ICT23_ESP/RCMDATA/ERA5/1999/uwnd_1999_04.nc
  2.621467318722652E-003   32.7156768762039     
      393216 /marconi_work/ICT23_ESP/RCMDATA/ERA5/1999/vwnd_1999_04.nc
  2.641762930836134E-003 -0.948067707637293     
 READ IN fields at DATE: 1999-04-01 00:00:00 UTC        
 READ IN fields at DATE: 1999-04-01 06:00:00 UTC        
 READ IN fields at DATE: 1999-04-01 12:00:00 UTC        
 READ IN fields at DATE: 1999-04-01 18:00:00 UTC        
 READ IN fields at DATE: 1999-04-02 00:00:00 UTC        
 READ IN fields at DATE: 1999-04-02 06:00:00 UTC        
 READ IN fields at DATE: 1999-04-02 12:00:00 UTC        
 READ IN fields at DATE: 1999-04-02 18:00:00 UTC        
 READ IN fields at DATE: 1999-04-03 00:00:00 UTC        
 READ IN fields at DATE: 1999-04-03 06:00:00 UTC        
 READ IN fields at DATE: 1999-04-03 12:00:00 UTC        
 READ IN fields at DATE: 1999-04-03 18:00:00 UTC        
 READ IN fields at DATE: 1999-04-04 00:00:00 UTC        
 READ IN fields at DATE: 1999-04-04 06:00:00 UTC        
 READ IN fields at DATE: 1999-04-04 12:00:00 UTC        
 READ IN fields at DATE: 1999-04-04 18:00:00 UTC        
 READ IN fields at DATE: 1999-04-05 00:00:00 UTC        
 READ IN fields at DATE: 1999-04-05 06:00:00 UTC        
 READ IN fields at DATE: 1999-04-05 12:00:00 UTC        
 READ IN fields at DATE: 1999-04-05 18:00:00 UTC        
 READ IN fields at DATE: 1999-04-06 00:00:00 UTC        
 READ IN fields at DATE: 1999-04-06 06:00:00 UTC        
 READ IN fields at DATE: 1999-04-06 12:00:00 UTC        
 READ IN fields at DATE: 1999-04-06 18:00:00 UTC        
 READ IN fields at DATE: 1999-04-07 00:00:00 UTC        
 READ IN fields at DATE: 1999-04-07 06:00:00 UTC        
 READ IN fields at DATE: 1999-04-07 12:00:00 UTC        
 READ IN fields at DATE: 1999-04-07 18:00:00 UTC        
 READ IN fields at DATE: 1999-04-08 00:00:00 UTC        
 READ IN fields at DATE: 1999-04-08 06:00:00 UTC        
 READ IN fields at DATE: 1999-04-08 12:00:00 UTC        
 READ IN fields at DATE: 1999-04-08 18:00:00 UTC        
 READ IN fields at DATE: 1999-04-09 00:00:00 UTC        
 READ IN fields at DATE: 1999-04-09 06:00:00 UTC        
 READ IN fields at DATE: 1999-04-09 12:00:00 UTC        
 READ IN fields at DATE: 1999-04-09 18:00:00 UTC        
 READ IN fields at DATE: 1999-04-10 00:00:00 UTC        
 READ IN fields at DATE: 1999-04-10 06:00:00 UTC        
 READ IN fields at DATE: 1999-04-10 12:00:00 UTC        
 READ IN fields at DATE: 1999-04-10 18:00:00 UTC        
 READ IN fields at DATE: 1999-04-11 00:00:00 UTC        
 READ IN fields at DATE: 1999-04-11 06:00:00 UTC        
 READ IN fields at DATE: 1999-04-11 12:00:00 UTC        
 READ IN fields at DATE: 1999-04-11 18:00:00 UTC        
 READ IN fields at DATE: 1999-04-12 00:00:00 UTC        
 READ IN fields at DATE: 1999-04-12 06:00:00 UTC        
 READ IN fields at DATE: 1999-04-12 12:00:00 UTC        
 READ IN fields at DATE: 1999-04-12 18:00:00 UTC        
 READ IN fields at DATE: 1999-04-13 00:00:00 UTC        
 READ IN fields at DATE: 1999-04-13 06:00:00 UTC        
 READ IN fields at DATE: 1999-04-13 12:00:00 UTC        
 READ IN fields at DATE: 1999-04-13 18:00:00 UTC        
 READ IN fields at DATE: 1999-04-14 00:00:00 UTC        
 READ IN fields at DATE: 1999-04-14 06:00:00 UTC        
 READ IN fields at DATE: 1999-04-14 12:00:00 UTC        
 READ IN fields at DATE: 1999-04-14 18:00:00 UTC        
 READ IN fields at DATE: 1999-04-15 00:00:00 UTC        
 READ IN fields at DATE: 1999-04-15 06:00:00 UTC        
 READ IN fields at DATE: 1999-04-15 12:00:00 UTC        
 READ IN fields at DATE: 1999-04-15 18:00:00 UTC        
 READ IN fields at DATE: 1999-04-16 00:00:00 UTC        
 READ IN fields at DATE: 1999-04-16 06:00:00 UTC        
 READ IN fields at DATE: 1999-04-16 12:00:00 UTC        
 READ IN fields at DATE: 1999-04-16 18:00:00 UTC        
 READ IN fields at DATE: 1999-04-17 00:00:00 UTC        
 READ IN fields at DATE: 1999-04-17 06:00:00 UTC        
 READ IN fields at DATE: 1999-04-17 12:00:00 UTC        
 READ IN fields at DATE: 1999-04-17 18:00:00 UTC        
 READ IN fields at DATE: 1999-04-18 00:00:00 UTC        
 READ IN fields at DATE: 1999-04-18 06:00:00 UTC        
 READ IN fields at DATE: 1999-04-18 12:00:00 UTC        
 READ IN fields at DATE: 1999-04-18 18:00:00 UTC        
 READ IN fields at DATE: 1999-04-19 00:00:00 UTC        
 READ IN fields at DATE: 1999-04-19 06:00:00 UTC        
 READ IN fields at DATE: 1999-04-19 12:00:00 UTC        
 READ IN fields at DATE: 1999-04-19 18:00:00 UTC        
 READ IN fields at DATE: 1999-04-20 00:00:00 UTC        
 READ IN fields at DATE: 1999-04-20 06:00:00 UTC        
 READ IN fields at DATE: 1999-04-20 12:00:00 UTC        
 READ IN fields at DATE: 1999-04-20 18:00:00 UTC        
 READ IN fields at DATE: 1999-04-21 00:00:00 UTC        
 READ IN fields at DATE: 1999-04-21 06:00:00 UTC        
 READ IN fields at DATE: 1999-04-21 12:00:00 UTC        
 READ IN fields at DATE: 1999-04-21 18:00:00 UTC        
 READ IN fields at DATE: 1999-04-22 00:00:00 UTC        
 READ IN fields at DATE: 1999-04-22 06:00:00 UTC        
 READ IN fields at DATE: 1999-04-22 12:00:00 UTC        
 READ IN fields at DATE: 1999-04-22 18:00:00 UTC        
 READ IN fields at DATE: 1999-04-23 00:00:00 UTC        
 READ IN fields at DATE: 1999-04-23 06:00:00 UTC        
 READ IN fields at DATE: 1999-04-23 12:00:00 UTC        
 READ IN fields at DATE: 1999-04-23 18:00:00 UTC        
 READ IN fields at DATE: 1999-04-24 00:00:00 UTC        
 READ IN fields at DATE: 1999-04-24 06:00:00 UTC        
 READ IN fields at DATE: 1999-04-24 12:00:00 UTC        
 READ IN fields at DATE: 1999-04-24 18:00:00 UTC        
 READ IN fields at DATE: 1999-04-25 00:00:00 UTC        
 READ IN fields at DATE: 1999-04-25 06:00:00 UTC        
 READ IN fields at DATE: 1999-04-25 12:00:00 UTC        
 READ IN fields at DATE: 1999-04-25 18:00:00 UTC        
 READ IN fields at DATE: 1999-04-26 00:00:00 UTC        
 READ IN fields at DATE: 1999-04-26 06:00:00 UTC        
 READ IN fields at DATE: 1999-04-26 12:00:00 UTC        
 READ IN fields at DATE: 1999-04-26 18:00:00 UTC        
 READ IN fields at DATE: 1999-04-27 00:00:00 UTC        
 READ IN fields at DATE: 1999-04-27 06:00:00 UTC        
 READ IN fields at DATE: 1999-04-27 12:00:00 UTC        
 READ IN fields at DATE: 1999-04-27 18:00:00 UTC        
 READ IN fields at DATE: 1999-04-28 00:00:00 UTC        
 READ IN fields at DATE: 1999-04-28 06:00:00 UTC        
 READ IN fields at DATE: 1999-04-28 12:00:00 UTC        
 READ IN fields at DATE: 1999-04-28 18:00:00 UTC        
 READ IN fields at DATE: 1999-04-29 00:00:00 UTC        
 READ IN fields at DATE: 1999-04-29 06:00:00 UTC        
 READ IN fields at DATE: 1999-04-29 12:00:00 UTC        
 READ IN fields at DATE: 1999-04-29 18:00:00 UTC        
 READ IN fields at DATE: 1999-04-30 00:00:00 UTC        
 READ IN fields at DATE: 1999-04-30 06:00:00 UTC        
 READ IN fields at DATE: 1999-04-30 12:00:00 UTC        
 READ IN fields at DATE: 1999-04-30 18:00:00 UTC        
      131072 /marconi_work/ICT23_ESP/RCMDATA/ERA5/1999/tatm_1999_05.nc
  2.107975176717980E-003   251.682661832724     
      196608 /marconi_work/ICT23_ESP/RCMDATA/ERA5/1999/geop_1999_05.nc
   7.50118320636168        239510.854877147     
      262144 /marconi_work/ICT23_ESP/RCMDATA/ERA5/1999/qhum_1999_05.nc
  3.875789042975234E-007  1.267790113410594E-002
      327680 /marconi_work/ICT23_ESP/RCMDATA/ERA5/1999/uwnd_1999_05.nc
  3.214292683558522E-003   49.3857066964317     
      393216 /marconi_work/ICT23_ESP/RCMDATA/ERA5/1999/vwnd_1999_05.nc
  2.770133463293303E-003   5.63943829752617     
 READ IN fields at DATE: 1999-05-01 00:00:00 UTC        
 Input ready at : Tue May 14 22:20:46 2024
 Successfully completed ICBC
icbc script complete
