BIN = bin
SUFFIX = CLM45_BDW

  This is icbc part of the RegCM version 5
   SVN Revision: 5.0.1 compiled at: data : May 14 2024  time: 13:19:30

 : this run start at    : 2024-05-17 01:41:28+0200
 : it is submitted by   : mdasilva
 : it is running on     : r000u10l05
 : in directory         : 
 /marconi/home/userexternal/mdasilva/github_projects/shell/ictp/regcm_exp/cordex
                       
 Using Moloch non-hydrostatic dynamical core
 GLOBIDATE1 :  2003-07-01 00:00:00 UTC        
 GLOBIDATE2 :  2003-08-01 00:00:00 UTC        
 NSTEPS     :          125
 Computing weights, R =      38.89632416 .......... Done.
 Computing weights, R =      38.89632416 .......... Done.
 Computing weights, R =      38.89632416 .......... Done.
      131072 /marconi_work/ICT23_ESP/RCMDATA/ERA5/2003/tatm_2003_07.nc
  2.270085578082440E-003   250.576448270199     
      196608 /marconi_work/ICT23_ESP/RCMDATA/ERA5/2003/geop_2003_07.nc
   7.62621217554515        243612.655643912     
      262144 /marconi_work/ICT23_ESP/RCMDATA/ERA5/2003/qhum_2003_07.nc
  4.246187155449629E-007  1.387483612633554E-002
      327680 /marconi_work/ICT23_ESP/RCMDATA/ERA5/2003/uwnd_2003_07.nc
  4.108286863673407E-003   66.1361294503182     
      393216 /marconi_work/ICT23_ESP/RCMDATA/ERA5/2003/vwnd_2003_07.nc
  2.524972760548002E-003  -1.90451413432949     
 READ IN fields at DATE: 2003-07-01 00:00:00 UTC        
 READ IN fields at DATE: 2003-07-01 06:00:00 UTC        
 READ IN fields at DATE: 2003-07-01 12:00:00 UTC        
 READ IN fields at DATE: 2003-07-01 18:00:00 UTC        
 READ IN fields at DATE: 2003-07-02 00:00:00 UTC        
 READ IN fields at DATE: 2003-07-02 06:00:00 UTC        
 READ IN fields at DATE: 2003-07-02 12:00:00 UTC        
 READ IN fields at DATE: 2003-07-02 18:00:00 UTC        
 READ IN fields at DATE: 2003-07-03 00:00:00 UTC        
 READ IN fields at DATE: 2003-07-03 06:00:00 UTC        
 READ IN fields at DATE: 2003-07-03 12:00:00 UTC        
 READ IN fields at DATE: 2003-07-03 18:00:00 UTC        
 READ IN fields at DATE: 2003-07-04 00:00:00 UTC        
 READ IN fields at DATE: 2003-07-04 06:00:00 UTC        
 READ IN fields at DATE: 2003-07-04 12:00:00 UTC        
 READ IN fields at DATE: 2003-07-04 18:00:00 UTC        
 READ IN fields at DATE: 2003-07-05 00:00:00 UTC        
 READ IN fields at DATE: 2003-07-05 06:00:00 UTC        
 READ IN fields at DATE: 2003-07-05 12:00:00 UTC        
 READ IN fields at DATE: 2003-07-05 18:00:00 UTC        
 READ IN fields at DATE: 2003-07-06 00:00:00 UTC        
 READ IN fields at DATE: 2003-07-06 06:00:00 UTC        
 READ IN fields at DATE: 2003-07-06 12:00:00 UTC        
 READ IN fields at DATE: 2003-07-06 18:00:00 UTC        
 READ IN fields at DATE: 2003-07-07 00:00:00 UTC        
 READ IN fields at DATE: 2003-07-07 06:00:00 UTC        
 READ IN fields at DATE: 2003-07-07 12:00:00 UTC        
 READ IN fields at DATE: 2003-07-07 18:00:00 UTC        
 READ IN fields at DATE: 2003-07-08 00:00:00 UTC        
 READ IN fields at DATE: 2003-07-08 06:00:00 UTC        
 READ IN fields at DATE: 2003-07-08 12:00:00 UTC        
 READ IN fields at DATE: 2003-07-08 18:00:00 UTC        
 READ IN fields at DATE: 2003-07-09 00:00:00 UTC        
 READ IN fields at DATE: 2003-07-09 06:00:00 UTC        
 READ IN fields at DATE: 2003-07-09 12:00:00 UTC        
 READ IN fields at DATE: 2003-07-09 18:00:00 UTC        
 READ IN fields at DATE: 2003-07-10 00:00:00 UTC        
 READ IN fields at DATE: 2003-07-10 06:00:00 UTC        
 READ IN fields at DATE: 2003-07-10 12:00:00 UTC        
 READ IN fields at DATE: 2003-07-10 18:00:00 UTC        
 READ IN fields at DATE: 2003-07-11 00:00:00 UTC        
 READ IN fields at DATE: 2003-07-11 06:00:00 UTC        
 READ IN fields at DATE: 2003-07-11 12:00:00 UTC        
 READ IN fields at DATE: 2003-07-11 18:00:00 UTC        
 READ IN fields at DATE: 2003-07-12 00:00:00 UTC        
 READ IN fields at DATE: 2003-07-12 06:00:00 UTC        
 READ IN fields at DATE: 2003-07-12 12:00:00 UTC        
 READ IN fields at DATE: 2003-07-12 18:00:00 UTC        
 READ IN fields at DATE: 2003-07-13 00:00:00 UTC        
 READ IN fields at DATE: 2003-07-13 06:00:00 UTC        
 READ IN fields at DATE: 2003-07-13 12:00:00 UTC        
 READ IN fields at DATE: 2003-07-13 18:00:00 UTC        
 READ IN fields at DATE: 2003-07-14 00:00:00 UTC        
 READ IN fields at DATE: 2003-07-14 06:00:00 UTC        
 READ IN fields at DATE: 2003-07-14 12:00:00 UTC        
 READ IN fields at DATE: 2003-07-14 18:00:00 UTC        
 READ IN fields at DATE: 2003-07-15 00:00:00 UTC        
 READ IN fields at DATE: 2003-07-15 06:00:00 UTC        
 READ IN fields at DATE: 2003-07-15 12:00:00 UTC        
 READ IN fields at DATE: 2003-07-15 18:00:00 UTC        
 READ IN fields at DATE: 2003-07-16 00:00:00 UTC        
 READ IN fields at DATE: 2003-07-16 06:00:00 UTC        
 READ IN fields at DATE: 2003-07-16 12:00:00 UTC        
 READ IN fields at DATE: 2003-07-16 18:00:00 UTC        
 READ IN fields at DATE: 2003-07-17 00:00:00 UTC        
 READ IN fields at DATE: 2003-07-17 06:00:00 UTC        
 READ IN fields at DATE: 2003-07-17 12:00:00 UTC        
 READ IN fields at DATE: 2003-07-17 18:00:00 UTC        
 READ IN fields at DATE: 2003-07-18 00:00:00 UTC        
 READ IN fields at DATE: 2003-07-18 06:00:00 UTC        
 READ IN fields at DATE: 2003-07-18 12:00:00 UTC        
 READ IN fields at DATE: 2003-07-18 18:00:00 UTC        
 READ IN fields at DATE: 2003-07-19 00:00:00 UTC        
 READ IN fields at DATE: 2003-07-19 06:00:00 UTC        
 READ IN fields at DATE: 2003-07-19 12:00:00 UTC        
 READ IN fields at DATE: 2003-07-19 18:00:00 UTC        
 READ IN fields at DATE: 2003-07-20 00:00:00 UTC        
 READ IN fields at DATE: 2003-07-20 06:00:00 UTC        
 READ IN fields at DATE: 2003-07-20 12:00:00 UTC        
 READ IN fields at DATE: 2003-07-20 18:00:00 UTC        
 READ IN fields at DATE: 2003-07-21 00:00:00 UTC        
 READ IN fields at DATE: 2003-07-21 06:00:00 UTC        
 READ IN fields at DATE: 2003-07-21 12:00:00 UTC        
 READ IN fields at DATE: 2003-07-21 18:00:00 UTC        
 READ IN fields at DATE: 2003-07-22 00:00:00 UTC        
 READ IN fields at DATE: 2003-07-22 06:00:00 UTC        
 READ IN fields at DATE: 2003-07-22 12:00:00 UTC        
 READ IN fields at DATE: 2003-07-22 18:00:00 UTC        
 READ IN fields at DATE: 2003-07-23 00:00:00 UTC        
 READ IN fields at DATE: 2003-07-23 06:00:00 UTC        
 READ IN fields at DATE: 2003-07-23 12:00:00 UTC        
 READ IN fields at DATE: 2003-07-23 18:00:00 UTC        
 READ IN fields at DATE: 2003-07-24 00:00:00 UTC        
 READ IN fields at DATE: 2003-07-24 06:00:00 UTC        
 READ IN fields at DATE: 2003-07-24 12:00:00 UTC        
 READ IN fields at DATE: 2003-07-24 18:00:00 UTC        
 READ IN fields at DATE: 2003-07-25 00:00:00 UTC        
 READ IN fields at DATE: 2003-07-25 06:00:00 UTC        
 READ IN fields at DATE: 2003-07-25 12:00:00 UTC        
 READ IN fields at DATE: 2003-07-25 18:00:00 UTC        
 READ IN fields at DATE: 2003-07-26 00:00:00 UTC        
 READ IN fields at DATE: 2003-07-26 06:00:00 UTC        
 READ IN fields at DATE: 2003-07-26 12:00:00 UTC        
 READ IN fields at DATE: 2003-07-26 18:00:00 UTC        
 READ IN fields at DATE: 2003-07-27 00:00:00 UTC        
 READ IN fields at DATE: 2003-07-27 06:00:00 UTC        
 READ IN fields at DATE: 2003-07-27 12:00:00 UTC        
 READ IN fields at DATE: 2003-07-27 18:00:00 UTC        
 READ IN fields at DATE: 2003-07-28 00:00:00 UTC        
 READ IN fields at DATE: 2003-07-28 06:00:00 UTC        
 READ IN fields at DATE: 2003-07-28 12:00:00 UTC        
 READ IN fields at DATE: 2003-07-28 18:00:00 UTC        
 READ IN fields at DATE: 2003-07-29 00:00:00 UTC        
 READ IN fields at DATE: 2003-07-29 06:00:00 UTC        
 READ IN fields at DATE: 2003-07-29 12:00:00 UTC        
 READ IN fields at DATE: 2003-07-29 18:00:00 UTC        
 READ IN fields at DATE: 2003-07-30 00:00:00 UTC        
 READ IN fields at DATE: 2003-07-30 06:00:00 UTC        
 READ IN fields at DATE: 2003-07-30 12:00:00 UTC        
 READ IN fields at DATE: 2003-07-30 18:00:00 UTC        
 READ IN fields at DATE: 2003-07-31 00:00:00 UTC        
 READ IN fields at DATE: 2003-07-31 06:00:00 UTC        
 READ IN fields at DATE: 2003-07-31 12:00:00 UTC        
 READ IN fields at DATE: 2003-07-31 18:00:00 UTC        
      131072 /marconi_work/ICT23_ESP/RCMDATA/ERA5/2003/tatm_2003_08.nc
  2.323465377995986E-003   248.003209910377     
      196608 /marconi_work/ICT23_ESP/RCMDATA/ERA5/2003/geop_2003_08.nc
   7.54810297149909        241769.059932889     
      262144 /marconi_work/ICT23_ESP/RCMDATA/ERA5/2003/qhum_2003_08.nc
  4.751144695121398E-007  1.550695983592788E-002
      327680 /marconi_work/ICT23_ESP/RCMDATA/ERA5/2003/uwnd_2003_08.nc
  4.116747850915760E-003   61.3705307374027     
      393216 /marconi_work/ICT23_ESP/RCMDATA/ERA5/2003/vwnd_2003_08.nc
  3.531844678548761E-003  -2.68600817087443     
 READ IN fields at DATE: 2003-08-01 00:00:00 UTC        
 Input ready at : Fri May 17 02:41:21 2024
 Successfully completed ICBC
icbc script complete
