BIN = bin
SUFFIX = CLM45_BDW

  This is icbc part of the RegCM version 5
   SVN Revision: 5.0.1 compiled at: data : May 14 2024  time: 13:19:30

 : this run start at    : 2024-05-16 22:44:24+0200
 : it is submitted by   : mdasilva
 : it is running on     : r000u10l05
 : in directory         : 
 /marconi/home/userexternal/mdasilva/github_projects/shell/ictp/regcm_exp/cordex
                       
 Using Moloch non-hydrostatic dynamical core
 GLOBIDATE1 :  2003-04-01 00:00:00 UTC        
 GLOBIDATE2 :  2003-05-01 00:00:00 UTC        
 NSTEPS     :          121
 Computing weights, R =      38.89632416 .......... Done.
 Computing weights, R =      38.89632416 .......... Done.
 Computing weights, R =      38.89632416 .......... Done.
      131072 /marconi_work/ICT23_ESP/RCMDATA/ERA5/2003/tatm_2003_04.nc
  2.090757493779375E-003   250.881110993323     
      196608 /marconi_work/ICT23_ESP/RCMDATA/ERA5/2003/geop_2003_04.nc
   7.37642980206537        236370.962175724     
      262144 /marconi_work/ICT23_ESP/RCMDATA/ERA5/2003/qhum_2003_04.nc
  3.577169872670658E-007  1.170839109500459E-002
      327680 /marconi_work/ICT23_ESP/RCMDATA/ERA5/2003/uwnd_2003_04.nc
  2.609108800921387E-003   25.3319931750917     
      393216 /marconi_work/ICT23_ESP/RCMDATA/ERA5/2003/vwnd_2003_04.nc
  2.920219939807878E-003  0.277005161026190     
 READ IN fields at DATE: 2003-04-01 00:00:00 UTC        
 READ IN fields at DATE: 2003-04-01 06:00:00 UTC        
 READ IN fields at DATE: 2003-04-01 12:00:00 UTC        
 READ IN fields at DATE: 2003-04-01 18:00:00 UTC        
 READ IN fields at DATE: 2003-04-02 00:00:00 UTC        
 READ IN fields at DATE: 2003-04-02 06:00:00 UTC        
 READ IN fields at DATE: 2003-04-02 12:00:00 UTC        
 READ IN fields at DATE: 2003-04-02 18:00:00 UTC        
 READ IN fields at DATE: 2003-04-03 00:00:00 UTC        
 READ IN fields at DATE: 2003-04-03 06:00:00 UTC        
 READ IN fields at DATE: 2003-04-03 12:00:00 UTC        
 READ IN fields at DATE: 2003-04-03 18:00:00 UTC        
 READ IN fields at DATE: 2003-04-04 00:00:00 UTC        
 READ IN fields at DATE: 2003-04-04 06:00:00 UTC        
 READ IN fields at DATE: 2003-04-04 12:00:00 UTC        
 READ IN fields at DATE: 2003-04-04 18:00:00 UTC        
 READ IN fields at DATE: 2003-04-05 00:00:00 UTC        
 READ IN fields at DATE: 2003-04-05 06:00:00 UTC        
 READ IN fields at DATE: 2003-04-05 12:00:00 UTC        
 READ IN fields at DATE: 2003-04-05 18:00:00 UTC        
 READ IN fields at DATE: 2003-04-06 00:00:00 UTC        
 READ IN fields at DATE: 2003-04-06 06:00:00 UTC        
 READ IN fields at DATE: 2003-04-06 12:00:00 UTC        
 READ IN fields at DATE: 2003-04-06 18:00:00 UTC        
 READ IN fields at DATE: 2003-04-07 00:00:00 UTC        
 READ IN fields at DATE: 2003-04-07 06:00:00 UTC        
 READ IN fields at DATE: 2003-04-07 12:00:00 UTC        
 READ IN fields at DATE: 2003-04-07 18:00:00 UTC        
 READ IN fields at DATE: 2003-04-08 00:00:00 UTC        
 READ IN fields at DATE: 2003-04-08 06:00:00 UTC        
 READ IN fields at DATE: 2003-04-08 12:00:00 UTC        
 READ IN fields at DATE: 2003-04-08 18:00:00 UTC        
 READ IN fields at DATE: 2003-04-09 00:00:00 UTC        
 READ IN fields at DATE: 2003-04-09 06:00:00 UTC        
 READ IN fields at DATE: 2003-04-09 12:00:00 UTC        
 READ IN fields at DATE: 2003-04-09 18:00:00 UTC        
 READ IN fields at DATE: 2003-04-10 00:00:00 UTC        
 READ IN fields at DATE: 2003-04-10 06:00:00 UTC        
 READ IN fields at DATE: 2003-04-10 12:00:00 UTC        
 READ IN fields at DATE: 2003-04-10 18:00:00 UTC        
 READ IN fields at DATE: 2003-04-11 00:00:00 UTC        
 READ IN fields at DATE: 2003-04-11 06:00:00 UTC        
 READ IN fields at DATE: 2003-04-11 12:00:00 UTC        
 READ IN fields at DATE: 2003-04-11 18:00:00 UTC        
 READ IN fields at DATE: 2003-04-12 00:00:00 UTC        
 READ IN fields at DATE: 2003-04-12 06:00:00 UTC        
 READ IN fields at DATE: 2003-04-12 12:00:00 UTC        
 READ IN fields at DATE: 2003-04-12 18:00:00 UTC        
 READ IN fields at DATE: 2003-04-13 00:00:00 UTC        
 READ IN fields at DATE: 2003-04-13 06:00:00 UTC        
 READ IN fields at DATE: 2003-04-13 12:00:00 UTC        
 READ IN fields at DATE: 2003-04-13 18:00:00 UTC        
 READ IN fields at DATE: 2003-04-14 00:00:00 UTC        
 READ IN fields at DATE: 2003-04-14 06:00:00 UTC        
 READ IN fields at DATE: 2003-04-14 12:00:00 UTC        
 READ IN fields at DATE: 2003-04-14 18:00:00 UTC        
 READ IN fields at DATE: 2003-04-15 00:00:00 UTC        
 READ IN fields at DATE: 2003-04-15 06:00:00 UTC        
 READ IN fields at DATE: 2003-04-15 12:00:00 UTC        
 READ IN fields at DATE: 2003-04-15 18:00:00 UTC        
 READ IN fields at DATE: 2003-04-16 00:00:00 UTC        
 READ IN fields at DATE: 2003-04-16 06:00:00 UTC        
 READ IN fields at DATE: 2003-04-16 12:00:00 UTC        
 READ IN fields at DATE: 2003-04-16 18:00:00 UTC        
 READ IN fields at DATE: 2003-04-17 00:00:00 UTC        
 READ IN fields at DATE: 2003-04-17 06:00:00 UTC        
 READ IN fields at DATE: 2003-04-17 12:00:00 UTC        
 READ IN fields at DATE: 2003-04-17 18:00:00 UTC        
 READ IN fields at DATE: 2003-04-18 00:00:00 UTC        
 READ IN fields at DATE: 2003-04-18 06:00:00 UTC        
 READ IN fields at DATE: 2003-04-18 12:00:00 UTC        
 READ IN fields at DATE: 2003-04-18 18:00:00 UTC        
 READ IN fields at DATE: 2003-04-19 00:00:00 UTC        
 READ IN fields at DATE: 2003-04-19 06:00:00 UTC        
 READ IN fields at DATE: 2003-04-19 12:00:00 UTC        
 READ IN fields at DATE: 2003-04-19 18:00:00 UTC        
 READ IN fields at DATE: 2003-04-20 00:00:00 UTC        
 READ IN fields at DATE: 2003-04-20 06:00:00 UTC        
 READ IN fields at DATE: 2003-04-20 12:00:00 UTC        
 READ IN fields at DATE: 2003-04-20 18:00:00 UTC        
 READ IN fields at DATE: 2003-04-21 00:00:00 UTC        
 READ IN fields at DATE: 2003-04-21 06:00:00 UTC        
 READ IN fields at DATE: 2003-04-21 12:00:00 UTC        
 READ IN fields at DATE: 2003-04-21 18:00:00 UTC        
 READ IN fields at DATE: 2003-04-22 00:00:00 UTC        
 READ IN fields at DATE: 2003-04-22 06:00:00 UTC        
 READ IN fields at DATE: 2003-04-22 12:00:00 UTC        
 READ IN fields at DATE: 2003-04-22 18:00:00 UTC        
 READ IN fields at DATE: 2003-04-23 00:00:00 UTC        
 READ IN fields at DATE: 2003-04-23 06:00:00 UTC        
 READ IN fields at DATE: 2003-04-23 12:00:00 UTC        
 READ IN fields at DATE: 2003-04-23 18:00:00 UTC        
 READ IN fields at DATE: 2003-04-24 00:00:00 UTC        
 READ IN fields at DATE: 2003-04-24 06:00:00 UTC        
 READ IN fields at DATE: 2003-04-24 12:00:00 UTC        
 READ IN fields at DATE: 2003-04-24 18:00:00 UTC        
 READ IN fields at DATE: 2003-04-25 00:00:00 UTC        
 READ IN fields at DATE: 2003-04-25 06:00:00 UTC        
 READ IN fields at DATE: 2003-04-25 12:00:00 UTC        
 READ IN fields at DATE: 2003-04-25 18:00:00 UTC        
 READ IN fields at DATE: 2003-04-26 00:00:00 UTC        
 READ IN fields at DATE: 2003-04-26 06:00:00 UTC        
 READ IN fields at DATE: 2003-04-26 12:00:00 UTC        
 READ IN fields at DATE: 2003-04-26 18:00:00 UTC        
 READ IN fields at DATE: 2003-04-27 00:00:00 UTC        
 READ IN fields at DATE: 2003-04-27 06:00:00 UTC        
 READ IN fields at DATE: 2003-04-27 12:00:00 UTC        
 READ IN fields at DATE: 2003-04-27 18:00:00 UTC        
 READ IN fields at DATE: 2003-04-28 00:00:00 UTC        
 READ IN fields at DATE: 2003-04-28 06:00:00 UTC        
 READ IN fields at DATE: 2003-04-28 12:00:00 UTC        
 READ IN fields at DATE: 2003-04-28 18:00:00 UTC        
 READ IN fields at DATE: 2003-04-29 00:00:00 UTC        
 READ IN fields at DATE: 2003-04-29 06:00:00 UTC        
 READ IN fields at DATE: 2003-04-29 12:00:00 UTC        
 READ IN fields at DATE: 2003-04-29 18:00:00 UTC        
 READ IN fields at DATE: 2003-04-30 00:00:00 UTC        
 READ IN fields at DATE: 2003-04-30 06:00:00 UTC        
 READ IN fields at DATE: 2003-04-30 12:00:00 UTC        
 READ IN fields at DATE: 2003-04-30 18:00:00 UTC        
      131072 /marconi_work/ICT23_ESP/RCMDATA/ERA5/2003/tatm_2003_05.nc
  2.091050175296344E-003   251.190627753721     
      196608 /marconi_work/ICT23_ESP/RCMDATA/ERA5/2003/geop_2003_05.nc
   7.54031979832680        240102.341168226     
      262144 /marconi_work/ICT23_ESP/RCMDATA/ERA5/2003/qhum_2003_05.nc
  3.968825141284137E-007  1.287666816281710E-002
      327680 /marconi_work/ICT23_ESP/RCMDATA/ERA5/2003/uwnd_2003_05.nc
  3.226651667042392E-003   38.1691706707485     
      393216 /marconi_work/ICT23_ESP/RCMDATA/ERA5/2003/vwnd_2003_05.nc
  2.709865286293022E-003  0.262072801731853     
 READ IN fields at DATE: 2003-05-01 00:00:00 UTC        
 Input ready at : Thu May 16 23:42:21 2024
 Successfully completed ICBC
icbc script complete
