BIN = bin
SUFFIX = CLM45_BDW

  This is icbc part of the RegCM version 5
   SVN Revision: 5.0.1 compiled at: data : May 14 2024  time: 13:19:30

 : this run start at    : 2024-05-20 02:44:21+0200
 : it is submitted by   : mdasilva
 : it is running on     : r000u10l05
 : in directory         : 
 /marconi/home/userexternal/mdasilva/github_projects/shell/ictp/regcm_exp/cordex
                       
 Using Moloch non-hydrostatic dynamical core
 GLOBIDATE1 :  2009-10-01 00:00:00 UTC        
 GLOBIDATE2 :  2009-11-01 00:00:00 UTC        
 NSTEPS     :          125
 Computing weights, R =      38.89632416 .......... Done.
 Computing weights, R =      38.89632416 .......... Done.
 Computing weights, R =      38.89632416 .......... Done.
      131072 /marconi_work/ICT23_ESP/RCMDATA/ERA5/2009/tatm_2009_10.nc
  2.100579671274873E-003   251.286928836141     
      196608 /marconi_work/ICT23_ESP/RCMDATA/ERA5/2009/geop_2009_10.nc
   7.35058428339539        235395.467285983     
      262144 /marconi_work/ICT23_ESP/RCMDATA/ERA5/2009/qhum_2009_10.nc
  4.100854244664907E-007  1.335513796507595E-002
      327680 /marconi_work/ICT23_ESP/RCMDATA/ERA5/2009/uwnd_2009_10.nc
  3.541313635788696E-003   20.7353051488462     
      393216 /marconi_work/ICT23_ESP/RCMDATA/ERA5/2009/vwnd_2009_10.nc
  3.269402028665424E-003   10.4742258946888     
 READ IN fields at DATE: 2009-10-01 00:00:00 UTC        
 READ IN fields at DATE: 2009-10-01 06:00:00 UTC        
 READ IN fields at DATE: 2009-10-01 12:00:00 UTC        
 READ IN fields at DATE: 2009-10-01 18:00:00 UTC        
 READ IN fields at DATE: 2009-10-02 00:00:00 UTC        
 READ IN fields at DATE: 2009-10-02 06:00:00 UTC        
 READ IN fields at DATE: 2009-10-02 12:00:00 UTC        
 READ IN fields at DATE: 2009-10-02 18:00:00 UTC        
 READ IN fields at DATE: 2009-10-03 00:00:00 UTC        
 READ IN fields at DATE: 2009-10-03 06:00:00 UTC        
 READ IN fields at DATE: 2009-10-03 12:00:00 UTC        
 READ IN fields at DATE: 2009-10-03 18:00:00 UTC        
 READ IN fields at DATE: 2009-10-04 00:00:00 UTC        
 READ IN fields at DATE: 2009-10-04 06:00:00 UTC        
 READ IN fields at DATE: 2009-10-04 12:00:00 UTC        
 READ IN fields at DATE: 2009-10-04 18:00:00 UTC        
 READ IN fields at DATE: 2009-10-05 00:00:00 UTC        
 READ IN fields at DATE: 2009-10-05 06:00:00 UTC        
 READ IN fields at DATE: 2009-10-05 12:00:00 UTC        
 READ IN fields at DATE: 2009-10-05 18:00:00 UTC        
 READ IN fields at DATE: 2009-10-06 00:00:00 UTC        
 READ IN fields at DATE: 2009-10-06 06:00:00 UTC        
 READ IN fields at DATE: 2009-10-06 12:00:00 UTC        
 READ IN fields at DATE: 2009-10-06 18:00:00 UTC        
 READ IN fields at DATE: 2009-10-07 00:00:00 UTC        
 READ IN fields at DATE: 2009-10-07 06:00:00 UTC        
 READ IN fields at DATE: 2009-10-07 12:00:00 UTC        
 READ IN fields at DATE: 2009-10-07 18:00:00 UTC        
 READ IN fields at DATE: 2009-10-08 00:00:00 UTC        
 READ IN fields at DATE: 2009-10-08 06:00:00 UTC        
 READ IN fields at DATE: 2009-10-08 12:00:00 UTC        
 READ IN fields at DATE: 2009-10-08 18:00:00 UTC        
 READ IN fields at DATE: 2009-10-09 00:00:00 UTC        
 READ IN fields at DATE: 2009-10-09 06:00:00 UTC        
 READ IN fields at DATE: 2009-10-09 12:00:00 UTC        
 READ IN fields at DATE: 2009-10-09 18:00:00 UTC        
 READ IN fields at DATE: 2009-10-10 00:00:00 UTC        
 READ IN fields at DATE: 2009-10-10 06:00:00 UTC        
 READ IN fields at DATE: 2009-10-10 12:00:00 UTC        
 READ IN fields at DATE: 2009-10-10 18:00:00 UTC        
 READ IN fields at DATE: 2009-10-11 00:00:00 UTC        
 READ IN fields at DATE: 2009-10-11 06:00:00 UTC        
 READ IN fields at DATE: 2009-10-11 12:00:00 UTC        
 READ IN fields at DATE: 2009-10-11 18:00:00 UTC        
 READ IN fields at DATE: 2009-10-12 00:00:00 UTC        
 READ IN fields at DATE: 2009-10-12 06:00:00 UTC        
 READ IN fields at DATE: 2009-10-12 12:00:00 UTC        
 READ IN fields at DATE: 2009-10-12 18:00:00 UTC        
 READ IN fields at DATE: 2009-10-13 00:00:00 UTC        
 READ IN fields at DATE: 2009-10-13 06:00:00 UTC        
 READ IN fields at DATE: 2009-10-13 12:00:00 UTC        
 READ IN fields at DATE: 2009-10-13 18:00:00 UTC        
 READ IN fields at DATE: 2009-10-14 00:00:00 UTC        
 READ IN fields at DATE: 2009-10-14 06:00:00 UTC        
 READ IN fields at DATE: 2009-10-14 12:00:00 UTC        
 READ IN fields at DATE: 2009-10-14 18:00:00 UTC        
 READ IN fields at DATE: 2009-10-15 00:00:00 UTC        
 READ IN fields at DATE: 2009-10-15 06:00:00 UTC        
 READ IN fields at DATE: 2009-10-15 12:00:00 UTC        
 READ IN fields at DATE: 2009-10-15 18:00:00 UTC        
 READ IN fields at DATE: 2009-10-16 00:00:00 UTC        
 READ IN fields at DATE: 2009-10-16 06:00:00 UTC        
 READ IN fields at DATE: 2009-10-16 12:00:00 UTC        
 READ IN fields at DATE: 2009-10-16 18:00:00 UTC        
 READ IN fields at DATE: 2009-10-17 00:00:00 UTC        
 READ IN fields at DATE: 2009-10-17 06:00:00 UTC        
 READ IN fields at DATE: 2009-10-17 12:00:00 UTC        
 READ IN fields at DATE: 2009-10-17 18:00:00 UTC        
 READ IN fields at DATE: 2009-10-18 00:00:00 UTC        
 READ IN fields at DATE: 2009-10-18 06:00:00 UTC        
 READ IN fields at DATE: 2009-10-18 12:00:00 UTC        
 READ IN fields at DATE: 2009-10-18 18:00:00 UTC        
 READ IN fields at DATE: 2009-10-19 00:00:00 UTC        
 READ IN fields at DATE: 2009-10-19 06:00:00 UTC        
 READ IN fields at DATE: 2009-10-19 12:00:00 UTC        
 READ IN fields at DATE: 2009-10-19 18:00:00 UTC        
 READ IN fields at DATE: 2009-10-20 00:00:00 UTC        
 READ IN fields at DATE: 2009-10-20 06:00:00 UTC        
 READ IN fields at DATE: 2009-10-20 12:00:00 UTC        
 READ IN fields at DATE: 2009-10-20 18:00:00 UTC        
 READ IN fields at DATE: 2009-10-21 00:00:00 UTC        
 READ IN fields at DATE: 2009-10-21 06:00:00 UTC        
 READ IN fields at DATE: 2009-10-21 12:00:00 UTC        
 READ IN fields at DATE: 2009-10-21 18:00:00 UTC        
 READ IN fields at DATE: 2009-10-22 00:00:00 UTC        
 READ IN fields at DATE: 2009-10-22 06:00:00 UTC        
 READ IN fields at DATE: 2009-10-22 12:00:00 UTC        
 READ IN fields at DATE: 2009-10-22 18:00:00 UTC        
 READ IN fields at DATE: 2009-10-23 00:00:00 UTC        
 READ IN fields at DATE: 2009-10-23 06:00:00 UTC        
 READ IN fields at DATE: 2009-10-23 12:00:00 UTC        
 READ IN fields at DATE: 2009-10-23 18:00:00 UTC        
 READ IN fields at DATE: 2009-10-24 00:00:00 UTC        
 READ IN fields at DATE: 2009-10-24 06:00:00 UTC        
 READ IN fields at DATE: 2009-10-24 12:00:00 UTC        
 READ IN fields at DATE: 2009-10-24 18:00:00 UTC        
 READ IN fields at DATE: 2009-10-25 00:00:00 UTC        
 READ IN fields at DATE: 2009-10-25 06:00:00 UTC        
 READ IN fields at DATE: 2009-10-25 12:00:00 UTC        
 READ IN fields at DATE: 2009-10-25 18:00:00 UTC        
 READ IN fields at DATE: 2009-10-26 00:00:00 UTC        
 READ IN fields at DATE: 2009-10-26 06:00:00 UTC        
 READ IN fields at DATE: 2009-10-26 12:00:00 UTC        
 READ IN fields at DATE: 2009-10-26 18:00:00 UTC        
 READ IN fields at DATE: 2009-10-27 00:00:00 UTC        
 READ IN fields at DATE: 2009-10-27 06:00:00 UTC        
 READ IN fields at DATE: 2009-10-27 12:00:00 UTC        
 READ IN fields at DATE: 2009-10-27 18:00:00 UTC        
 READ IN fields at DATE: 2009-10-28 00:00:00 UTC        
 READ IN fields at DATE: 2009-10-28 06:00:00 UTC        
 READ IN fields at DATE: 2009-10-28 12:00:00 UTC        
 READ IN fields at DATE: 2009-10-28 18:00:00 UTC        
 READ IN fields at DATE: 2009-10-29 00:00:00 UTC        
 READ IN fields at DATE: 2009-10-29 06:00:00 UTC        
 READ IN fields at DATE: 2009-10-29 12:00:00 UTC        
 READ IN fields at DATE: 2009-10-29 18:00:00 UTC        
 READ IN fields at DATE: 2009-10-30 00:00:00 UTC        
 READ IN fields at DATE: 2009-10-30 06:00:00 UTC        
 READ IN fields at DATE: 2009-10-30 12:00:00 UTC        
 READ IN fields at DATE: 2009-10-30 18:00:00 UTC        
 READ IN fields at DATE: 2009-10-31 00:00:00 UTC        
 READ IN fields at DATE: 2009-10-31 06:00:00 UTC        
 READ IN fields at DATE: 2009-10-31 12:00:00 UTC        
 READ IN fields at DATE: 2009-10-31 18:00:00 UTC        
      131072 /marconi_work/ICT23_ESP/RCMDATA/ERA5/2009/tatm_2009_11.nc
  2.092315434932949E-003   250.708815597654     
      196608 /marconi_work/ICT23_ESP/RCMDATA/ERA5/2009/geop_2009_11.nc
   7.55468791725161        243063.416015416     
      262144 /marconi_work/ICT23_ESP/RCMDATA/ERA5/2009/qhum_2009_11.nc
  3.882774845368913E-007  1.268783956602008E-002
      327680 /marconi_work/ICT23_ESP/RCMDATA/ERA5/2009/uwnd_2009_11.nc
  4.060375574585276E-003   45.7573387086971     
      393216 /marconi_work/ICT23_ESP/RCMDATA/ERA5/2009/vwnd_2009_11.nc
  3.248368076782404E-003  -10.5775366596243     
 READ IN fields at DATE: 2009-11-01 00:00:00 UTC        
 Input ready at : Mon May 20 03:41:39 2024
 Successfully completed ICBC
icbc script complete
