BIN = bin
SUFFIX = CLM45_BDW

  This is icbc part of the RegCM version 5
   SVN Revision: 5.0.1 compiled at: data : May 14 2024  time: 13:19:30

 : this run start at    : 2024-05-17 11:31:38+0200
 : it is submitted by   : mdasilva
 : it is running on     : r000u10l05
 : in directory         : 
 /marconi/home/userexternal/mdasilva/github_projects/shell/ictp/regcm_exp/cordex
                       
 Using Moloch non-hydrostatic dynamical core
 GLOBIDATE1 :  2004-05-01 00:00:00 UTC        
 GLOBIDATE2 :  2004-06-01 00:00:00 UTC        
 NSTEPS     :          125
 Computing weights, R =      38.89632416 .......... Done.
 Computing weights, R =      38.89632416 .......... Done.
 Computing weights, R =      38.89632416 .......... Done.
      131072 /marconi_work/ICT23_ESP/RCMDATA/ERA5/2004/tatm_2004_05.nc
  2.258875433584034E-003   248.870864580838     
      196608 /marconi_work/ICT23_ESP/RCMDATA/ERA5/2004/geop_2004_05.nc
   7.54348250595120        240650.271227497     
      262144 /marconi_work/ICT23_ESP/RCMDATA/ERA5/2004/qhum_2004_05.nc
  4.041506126275223E-007  1.319773400869146E-002
      327680 /marconi_work/ICT23_ESP/RCMDATA/ERA5/2004/uwnd_2004_05.nc
  3.034784612928791E-003   40.8825310696076     
      393216 /marconi_work/ICT23_ESP/RCMDATA/ERA5/2004/vwnd_2004_05.nc
  2.476962513906400E-003  0.534528120305547     
 READ IN fields at DATE: 2004-05-01 00:00:00 UTC        
 READ IN fields at DATE: 2004-05-01 06:00:00 UTC        
 READ IN fields at DATE: 2004-05-01 12:00:00 UTC        
 READ IN fields at DATE: 2004-05-01 18:00:00 UTC        
 READ IN fields at DATE: 2004-05-02 00:00:00 UTC        
 READ IN fields at DATE: 2004-05-02 06:00:00 UTC        
 READ IN fields at DATE: 2004-05-02 12:00:00 UTC        
 READ IN fields at DATE: 2004-05-02 18:00:00 UTC        
 READ IN fields at DATE: 2004-05-03 00:00:00 UTC        
 READ IN fields at DATE: 2004-05-03 06:00:00 UTC        
 READ IN fields at DATE: 2004-05-03 12:00:00 UTC        
 READ IN fields at DATE: 2004-05-03 18:00:00 UTC        
 READ IN fields at DATE: 2004-05-04 00:00:00 UTC        
 READ IN fields at DATE: 2004-05-04 06:00:00 UTC        
 READ IN fields at DATE: 2004-05-04 12:00:00 UTC        
 READ IN fields at DATE: 2004-05-04 18:00:00 UTC        
 READ IN fields at DATE: 2004-05-05 00:00:00 UTC        
 READ IN fields at DATE: 2004-05-05 06:00:00 UTC        
 READ IN fields at DATE: 2004-05-05 12:00:00 UTC        
 READ IN fields at DATE: 2004-05-05 18:00:00 UTC        
 READ IN fields at DATE: 2004-05-06 00:00:00 UTC        
 READ IN fields at DATE: 2004-05-06 06:00:00 UTC        
 READ IN fields at DATE: 2004-05-06 12:00:00 UTC        
 READ IN fields at DATE: 2004-05-06 18:00:00 UTC        
 READ IN fields at DATE: 2004-05-07 00:00:00 UTC        
 READ IN fields at DATE: 2004-05-07 06:00:00 UTC        
 READ IN fields at DATE: 2004-05-07 12:00:00 UTC        
 READ IN fields at DATE: 2004-05-07 18:00:00 UTC        
 READ IN fields at DATE: 2004-05-08 00:00:00 UTC        
 READ IN fields at DATE: 2004-05-08 06:00:00 UTC        
 READ IN fields at DATE: 2004-05-08 12:00:00 UTC        
 READ IN fields at DATE: 2004-05-08 18:00:00 UTC        
 READ IN fields at DATE: 2004-05-09 00:00:00 UTC        
 READ IN fields at DATE: 2004-05-09 06:00:00 UTC        
 READ IN fields at DATE: 2004-05-09 12:00:00 UTC        
 READ IN fields at DATE: 2004-05-09 18:00:00 UTC        
 READ IN fields at DATE: 2004-05-10 00:00:00 UTC        
 READ IN fields at DATE: 2004-05-10 06:00:00 UTC        
 READ IN fields at DATE: 2004-05-10 12:00:00 UTC        
 READ IN fields at DATE: 2004-05-10 18:00:00 UTC        
 READ IN fields at DATE: 2004-05-11 00:00:00 UTC        
 READ IN fields at DATE: 2004-05-11 06:00:00 UTC        
 READ IN fields at DATE: 2004-05-11 12:00:00 UTC        
 READ IN fields at DATE: 2004-05-11 18:00:00 UTC        
 READ IN fields at DATE: 2004-05-12 00:00:00 UTC        
 READ IN fields at DATE: 2004-05-12 06:00:00 UTC        
 READ IN fields at DATE: 2004-05-12 12:00:00 UTC        
 READ IN fields at DATE: 2004-05-12 18:00:00 UTC        
 READ IN fields at DATE: 2004-05-13 00:00:00 UTC        
 READ IN fields at DATE: 2004-05-13 06:00:00 UTC        
 READ IN fields at DATE: 2004-05-13 12:00:00 UTC        
 READ IN fields at DATE: 2004-05-13 18:00:00 UTC        
 READ IN fields at DATE: 2004-05-14 00:00:00 UTC        
 READ IN fields at DATE: 2004-05-14 06:00:00 UTC        
 READ IN fields at DATE: 2004-05-14 12:00:00 UTC        
 READ IN fields at DATE: 2004-05-14 18:00:00 UTC        
 READ IN fields at DATE: 2004-05-15 00:00:00 UTC        
 READ IN fields at DATE: 2004-05-15 06:00:00 UTC        
 READ IN fields at DATE: 2004-05-15 12:00:00 UTC        
 READ IN fields at DATE: 2004-05-15 18:00:00 UTC        
 READ IN fields at DATE: 2004-05-16 00:00:00 UTC        
 READ IN fields at DATE: 2004-05-16 06:00:00 UTC        
 READ IN fields at DATE: 2004-05-16 12:00:00 UTC        
 READ IN fields at DATE: 2004-05-16 18:00:00 UTC        
 READ IN fields at DATE: 2004-05-17 00:00:00 UTC        
 READ IN fields at DATE: 2004-05-17 06:00:00 UTC        
 READ IN fields at DATE: 2004-05-17 12:00:00 UTC        
 READ IN fields at DATE: 2004-05-17 18:00:00 UTC        
 READ IN fields at DATE: 2004-05-18 00:00:00 UTC        
 READ IN fields at DATE: 2004-05-18 06:00:00 UTC        
 READ IN fields at DATE: 2004-05-18 12:00:00 UTC        
 READ IN fields at DATE: 2004-05-18 18:00:00 UTC        
 READ IN fields at DATE: 2004-05-19 00:00:00 UTC        
 READ IN fields at DATE: 2004-05-19 06:00:00 UTC        
 READ IN fields at DATE: 2004-05-19 12:00:00 UTC        
 READ IN fields at DATE: 2004-05-19 18:00:00 UTC        
 READ IN fields at DATE: 2004-05-20 00:00:00 UTC        
 READ IN fields at DATE: 2004-05-20 06:00:00 UTC        
 READ IN fields at DATE: 2004-05-20 12:00:00 UTC        
 READ IN fields at DATE: 2004-05-20 18:00:00 UTC        
 READ IN fields at DATE: 2004-05-21 00:00:00 UTC        
 READ IN fields at DATE: 2004-05-21 06:00:00 UTC        
 READ IN fields at DATE: 2004-05-21 12:00:00 UTC        
 READ IN fields at DATE: 2004-05-21 18:00:00 UTC        
 READ IN fields at DATE: 2004-05-22 00:00:00 UTC        
 READ IN fields at DATE: 2004-05-22 06:00:00 UTC        
 READ IN fields at DATE: 2004-05-22 12:00:00 UTC        
 READ IN fields at DATE: 2004-05-22 18:00:00 UTC        
 READ IN fields at DATE: 2004-05-23 00:00:00 UTC        
 READ IN fields at DATE: 2004-05-23 06:00:00 UTC        
 READ IN fields at DATE: 2004-05-23 12:00:00 UTC        
 READ IN fields at DATE: 2004-05-23 18:00:00 UTC        
 READ IN fields at DATE: 2004-05-24 00:00:00 UTC        
 READ IN fields at DATE: 2004-05-24 06:00:00 UTC        
 READ IN fields at DATE: 2004-05-24 12:00:00 UTC        
 READ IN fields at DATE: 2004-05-24 18:00:00 UTC        
 READ IN fields at DATE: 2004-05-25 00:00:00 UTC        
 READ IN fields at DATE: 2004-05-25 06:00:00 UTC        
 READ IN fields at DATE: 2004-05-25 12:00:00 UTC        
 READ IN fields at DATE: 2004-05-25 18:00:00 UTC        
 READ IN fields at DATE: 2004-05-26 00:00:00 UTC        
 READ IN fields at DATE: 2004-05-26 06:00:00 UTC        
 READ IN fields at DATE: 2004-05-26 12:00:00 UTC        
 READ IN fields at DATE: 2004-05-26 18:00:00 UTC        
 READ IN fields at DATE: 2004-05-27 00:00:00 UTC        
 READ IN fields at DATE: 2004-05-27 06:00:00 UTC        
 READ IN fields at DATE: 2004-05-27 12:00:00 UTC        
 READ IN fields at DATE: 2004-05-27 18:00:00 UTC        
 READ IN fields at DATE: 2004-05-28 00:00:00 UTC        
 READ IN fields at DATE: 2004-05-28 06:00:00 UTC        
 READ IN fields at DATE: 2004-05-28 12:00:00 UTC        
 READ IN fields at DATE: 2004-05-28 18:00:00 UTC        
 READ IN fields at DATE: 2004-05-29 00:00:00 UTC        
 READ IN fields at DATE: 2004-05-29 06:00:00 UTC        
 READ IN fields at DATE: 2004-05-29 12:00:00 UTC        
 READ IN fields at DATE: 2004-05-29 18:00:00 UTC        
 READ IN fields at DATE: 2004-05-30 00:00:00 UTC        
 READ IN fields at DATE: 2004-05-30 06:00:00 UTC        
 READ IN fields at DATE: 2004-05-30 12:00:00 UTC        
 READ IN fields at DATE: 2004-05-30 18:00:00 UTC        
 READ IN fields at DATE: 2004-05-31 00:00:00 UTC        
 READ IN fields at DATE: 2004-05-31 06:00:00 UTC        
 READ IN fields at DATE: 2004-05-31 12:00:00 UTC        
 READ IN fields at DATE: 2004-05-31 18:00:00 UTC        
      131072 /marconi_work/ICT23_ESP/RCMDATA/ERA5/2004/tatm_2004_06.nc
  2.229959105094833E-003   249.186728343201     
      196608 /marconi_work/ICT23_ESP/RCMDATA/ERA5/2004/geop_2004_06.nc
   7.61950414056659        243365.832826055     
      262144 /marconi_work/ICT23_ESP/RCMDATA/ERA5/2004/qhum_2004_06.nc
  4.253381669480761E-007  1.384004359794731E-002
      327680 /marconi_work/ICT23_ESP/RCMDATA/ERA5/2004/uwnd_2004_06.nc
  3.956981230100079E-003   61.6619848272560     
      393216 /marconi_work/ICT23_ESP/RCMDATA/ERA5/2004/vwnd_2004_06.nc
  2.695878974947498E-003  -1.81866971683122     
 READ IN fields at DATE: 2004-06-01 00:00:00 UTC        
 Input ready at : Fri May 17 12:31:37 2024
 Successfully completed ICBC
icbc script complete
