BIN = bin
SUFFIX = CLM45_BDW

  This is icbc part of the RegCM version 5
   SVN Revision: 5.0.1 compiled at: data : May 14 2024  time: 13:19:30

 : this run start at    : 2024-05-20 03:41:42+0200
 : it is submitted by   : mdasilva
 : it is running on     : r000u10l05
 : in directory         : 
 /marconi/home/userexternal/mdasilva/github_projects/shell/ictp/regcm_exp/cordex
                       
 Using Moloch non-hydrostatic dynamical core
 GLOBIDATE1 :  2009-11-01 00:00:00 UTC        
 GLOBIDATE2 :  2009-12-01 00:00:00 UTC        
 NSTEPS     :          121
 Computing weights, R =      38.89632416 .......... Done.
 Computing weights, R =      38.89632416 .......... Done.
 Computing weights, R =      38.89632416 .......... Done.
      131072 /marconi_work/ICT23_ESP/RCMDATA/ERA5/2009/tatm_2009_11.nc
  2.092315434932949E-003   250.708815597654     
      196608 /marconi_work/ICT23_ESP/RCMDATA/ERA5/2009/geop_2009_11.nc
   7.55468791725161        243063.416015416     
      262144 /marconi_work/ICT23_ESP/RCMDATA/ERA5/2009/qhum_2009_11.nc
  3.882774845368913E-007  1.268783956602008E-002
      327680 /marconi_work/ICT23_ESP/RCMDATA/ERA5/2009/uwnd_2009_11.nc
  4.060375574585276E-003   45.7573387086971     
      393216 /marconi_work/ICT23_ESP/RCMDATA/ERA5/2009/vwnd_2009_11.nc
  3.248368076782404E-003  -10.5775366596243     
 READ IN fields at DATE: 2009-11-01 00:00:00 UTC        
 READ IN fields at DATE: 2009-11-01 06:00:00 UTC        
 READ IN fields at DATE: 2009-11-01 12:00:00 UTC        
 READ IN fields at DATE: 2009-11-01 18:00:00 UTC        
 READ IN fields at DATE: 2009-11-02 00:00:00 UTC        
 READ IN fields at DATE: 2009-11-02 06:00:00 UTC        
 READ IN fields at DATE: 2009-11-02 12:00:00 UTC        
 READ IN fields at DATE: 2009-11-02 18:00:00 UTC        
 READ IN fields at DATE: 2009-11-03 00:00:00 UTC        
 READ IN fields at DATE: 2009-11-03 06:00:00 UTC        
 READ IN fields at DATE: 2009-11-03 12:00:00 UTC        
 READ IN fields at DATE: 2009-11-03 18:00:00 UTC        
 READ IN fields at DATE: 2009-11-04 00:00:00 UTC        
 READ IN fields at DATE: 2009-11-04 06:00:00 UTC        
 READ IN fields at DATE: 2009-11-04 12:00:00 UTC        
 READ IN fields at DATE: 2009-11-04 18:00:00 UTC        
 READ IN fields at DATE: 2009-11-05 00:00:00 UTC        
 READ IN fields at DATE: 2009-11-05 06:00:00 UTC        
 READ IN fields at DATE: 2009-11-05 12:00:00 UTC        
 READ IN fields at DATE: 2009-11-05 18:00:00 UTC        
 READ IN fields at DATE: 2009-11-06 00:00:00 UTC        
 READ IN fields at DATE: 2009-11-06 06:00:00 UTC        
 READ IN fields at DATE: 2009-11-06 12:00:00 UTC        
 READ IN fields at DATE: 2009-11-06 18:00:00 UTC        
 READ IN fields at DATE: 2009-11-07 00:00:00 UTC        
 READ IN fields at DATE: 2009-11-07 06:00:00 UTC        
 READ IN fields at DATE: 2009-11-07 12:00:00 UTC        
 READ IN fields at DATE: 2009-11-07 18:00:00 UTC        
 READ IN fields at DATE: 2009-11-08 00:00:00 UTC        
 READ IN fields at DATE: 2009-11-08 06:00:00 UTC        
 READ IN fields at DATE: 2009-11-08 12:00:00 UTC        
 READ IN fields at DATE: 2009-11-08 18:00:00 UTC        
 READ IN fields at DATE: 2009-11-09 00:00:00 UTC        
 READ IN fields at DATE: 2009-11-09 06:00:00 UTC        
 READ IN fields at DATE: 2009-11-09 12:00:00 UTC        
 READ IN fields at DATE: 2009-11-09 18:00:00 UTC        
 READ IN fields at DATE: 2009-11-10 00:00:00 UTC        
 READ IN fields at DATE: 2009-11-10 06:00:00 UTC        
 READ IN fields at DATE: 2009-11-10 12:00:00 UTC        
 READ IN fields at DATE: 2009-11-10 18:00:00 UTC        
 READ IN fields at DATE: 2009-11-11 00:00:00 UTC        
 READ IN fields at DATE: 2009-11-11 06:00:00 UTC        
 READ IN fields at DATE: 2009-11-11 12:00:00 UTC        
 READ IN fields at DATE: 2009-11-11 18:00:00 UTC        
 READ IN fields at DATE: 2009-11-12 00:00:00 UTC        
 READ IN fields at DATE: 2009-11-12 06:00:00 UTC        
 READ IN fields at DATE: 2009-11-12 12:00:00 UTC        
 READ IN fields at DATE: 2009-11-12 18:00:00 UTC        
 READ IN fields at DATE: 2009-11-13 00:00:00 UTC        
 READ IN fields at DATE: 2009-11-13 06:00:00 UTC        
 READ IN fields at DATE: 2009-11-13 12:00:00 UTC        
 READ IN fields at DATE: 2009-11-13 18:00:00 UTC        
 READ IN fields at DATE: 2009-11-14 00:00:00 UTC        
 READ IN fields at DATE: 2009-11-14 06:00:00 UTC        
 READ IN fields at DATE: 2009-11-14 12:00:00 UTC        
 READ IN fields at DATE: 2009-11-14 18:00:00 UTC        
 READ IN fields at DATE: 2009-11-15 00:00:00 UTC        
 READ IN fields at DATE: 2009-11-15 06:00:00 UTC        
 READ IN fields at DATE: 2009-11-15 12:00:00 UTC        
 READ IN fields at DATE: 2009-11-15 18:00:00 UTC        
 READ IN fields at DATE: 2009-11-16 00:00:00 UTC        
 READ IN fields at DATE: 2009-11-16 06:00:00 UTC        
 READ IN fields at DATE: 2009-11-16 12:00:00 UTC        
 READ IN fields at DATE: 2009-11-16 18:00:00 UTC        
 READ IN fields at DATE: 2009-11-17 00:00:00 UTC        
 READ IN fields at DATE: 2009-11-17 06:00:00 UTC        
 READ IN fields at DATE: 2009-11-17 12:00:00 UTC        
 READ IN fields at DATE: 2009-11-17 18:00:00 UTC        
 READ IN fields at DATE: 2009-11-18 00:00:00 UTC        
 READ IN fields at DATE: 2009-11-18 06:00:00 UTC        
 READ IN fields at DATE: 2009-11-18 12:00:00 UTC        
 READ IN fields at DATE: 2009-11-18 18:00:00 UTC        
 READ IN fields at DATE: 2009-11-19 00:00:00 UTC        
 READ IN fields at DATE: 2009-11-19 06:00:00 UTC        
 READ IN fields at DATE: 2009-11-19 12:00:00 UTC        
 READ IN fields at DATE: 2009-11-19 18:00:00 UTC        
 READ IN fields at DATE: 2009-11-20 00:00:00 UTC        
 READ IN fields at DATE: 2009-11-20 06:00:00 UTC        
 READ IN fields at DATE: 2009-11-20 12:00:00 UTC        
 READ IN fields at DATE: 2009-11-20 18:00:00 UTC        
 READ IN fields at DATE: 2009-11-21 00:00:00 UTC        
 READ IN fields at DATE: 2009-11-21 06:00:00 UTC        
 READ IN fields at DATE: 2009-11-21 12:00:00 UTC        
 READ IN fields at DATE: 2009-11-21 18:00:00 UTC        
 READ IN fields at DATE: 2009-11-22 00:00:00 UTC        
 READ IN fields at DATE: 2009-11-22 06:00:00 UTC        
 READ IN fields at DATE: 2009-11-22 12:00:00 UTC        
 READ IN fields at DATE: 2009-11-22 18:00:00 UTC        
 READ IN fields at DATE: 2009-11-23 00:00:00 UTC        
 READ IN fields at DATE: 2009-11-23 06:00:00 UTC        
 READ IN fields at DATE: 2009-11-23 12:00:00 UTC        
 READ IN fields at DATE: 2009-11-23 18:00:00 UTC        
 READ IN fields at DATE: 2009-11-24 00:00:00 UTC        
 READ IN fields at DATE: 2009-11-24 06:00:00 UTC        
 READ IN fields at DATE: 2009-11-24 12:00:00 UTC        
 READ IN fields at DATE: 2009-11-24 18:00:00 UTC        
 READ IN fields at DATE: 2009-11-25 00:00:00 UTC        
 READ IN fields at DATE: 2009-11-25 06:00:00 UTC        
 READ IN fields at DATE: 2009-11-25 12:00:00 UTC        
 READ IN fields at DATE: 2009-11-25 18:00:00 UTC        
 READ IN fields at DATE: 2009-11-26 00:00:00 UTC        
 READ IN fields at DATE: 2009-11-26 06:00:00 UTC        
 READ IN fields at DATE: 2009-11-26 12:00:00 UTC        
 READ IN fields at DATE: 2009-11-26 18:00:00 UTC        
 READ IN fields at DATE: 2009-11-27 00:00:00 UTC        
 READ IN fields at DATE: 2009-11-27 06:00:00 UTC        
 READ IN fields at DATE: 2009-11-27 12:00:00 UTC        
 READ IN fields at DATE: 2009-11-27 18:00:00 UTC        
 READ IN fields at DATE: 2009-11-28 00:00:00 UTC        
 READ IN fields at DATE: 2009-11-28 06:00:00 UTC        
 READ IN fields at DATE: 2009-11-28 12:00:00 UTC        
 READ IN fields at DATE: 2009-11-28 18:00:00 UTC        
 READ IN fields at DATE: 2009-11-29 00:00:00 UTC        
 READ IN fields at DATE: 2009-11-29 06:00:00 UTC        
 READ IN fields at DATE: 2009-11-29 12:00:00 UTC        
 READ IN fields at DATE: 2009-11-29 18:00:00 UTC        
 READ IN fields at DATE: 2009-11-30 00:00:00 UTC        
 READ IN fields at DATE: 2009-11-30 06:00:00 UTC        
 READ IN fields at DATE: 2009-11-30 12:00:00 UTC        
 READ IN fields at DATE: 2009-11-30 18:00:00 UTC        
      131072 /marconi_work/ICT23_ESP/RCMDATA/ERA5/2009/tatm_2009_12.nc
  2.084630507751104E-003   249.959971478691     
      196608 /marconi_work/ICT23_ESP/RCMDATA/ERA5/2009/geop_2009_12.nc
   7.64901640681031        245991.366898047     
      262144 /marconi_work/ICT23_ESP/RCMDATA/ERA5/2009/qhum_2009_12.nc
  3.901445630096010E-007  1.276579613091438E-002
      327680 /marconi_work/ICT23_ESP/RCMDATA/ERA5/2009/uwnd_2009_12.nc
  5.745716545227571E-003   12.5361667535438     
      393216 /marconi_work/ICT23_ESP/RCMDATA/ERA5/2009/vwnd_2009_12.nc
  5.557672279614851E-003  -8.08824331367887     
 READ IN fields at DATE: 2009-12-01 00:00:00 UTC        
 Input ready at : Mon May 20 04:37:00 2024
 Successfully completed ICBC
icbc script complete
