BIN = bin
SUFFIX = CLM45_BDW

  This is icbc part of the RegCM version 5
   SVN Revision: 5.0.1 compiled at: data : May 14 2024  time: 13:19:30

 : this run start at    : 2024-05-16 20:35:52+0200
 : it is submitted by   : mdasilva
 : it is running on     : r000u10l05
 : in directory         : 
 /marconi/home/userexternal/mdasilva/github_projects/shell/ictp/regcm_exp/cordex
                       
 Using Moloch non-hydrostatic dynamical core
 GLOBIDATE1 :  2003-02-01 00:00:00 UTC        
 GLOBIDATE2 :  2003-03-01 00:00:00 UTC        
 NSTEPS     :          113
 Computing weights, R =      38.89632416 .......... Done.
 Computing weights, R =      38.89632416 .......... Done.
 Computing weights, R =      38.89632416 .......... Done.
      131072 /marconi_work/ICT23_ESP/RCMDATA/ERA5/2003/tatm_2003_02.nc
  2.072977964778361E-003   249.850457346467     
      196608 /marconi_work/ICT23_ESP/RCMDATA/ERA5/2003/geop_2003_02.nc
   7.51041400420399        241401.951824248     
      262144 /marconi_work/ICT23_ESP/RCMDATA/ERA5/2003/qhum_2003_02.nc
  3.929372392629064E-007  1.285851323743211E-002
      327680 /marconi_work/ICT23_ESP/RCMDATA/ERA5/2003/uwnd_2003_02.nc
  3.507905100054553E-003   9.55477986092654     
      393216 /marconi_work/ICT23_ESP/RCMDATA/ERA5/2003/vwnd_2003_02.nc
  3.318072147557695E-003   4.08619344195357     
 READ IN fields at DATE: 2003-02-01 00:00:00 UTC        
 READ IN fields at DATE: 2003-02-01 06:00:00 UTC        
 READ IN fields at DATE: 2003-02-01 12:00:00 UTC        
 READ IN fields at DATE: 2003-02-01 18:00:00 UTC        
 READ IN fields at DATE: 2003-02-02 00:00:00 UTC        
 READ IN fields at DATE: 2003-02-02 06:00:00 UTC        
 READ IN fields at DATE: 2003-02-02 12:00:00 UTC        
 READ IN fields at DATE: 2003-02-02 18:00:00 UTC        
 READ IN fields at DATE: 2003-02-03 00:00:00 UTC        
 READ IN fields at DATE: 2003-02-03 06:00:00 UTC        
 READ IN fields at DATE: 2003-02-03 12:00:00 UTC        
 READ IN fields at DATE: 2003-02-03 18:00:00 UTC        
 READ IN fields at DATE: 2003-02-04 00:00:00 UTC        
 READ IN fields at DATE: 2003-02-04 06:00:00 UTC        
 READ IN fields at DATE: 2003-02-04 12:00:00 UTC        
 READ IN fields at DATE: 2003-02-04 18:00:00 UTC        
 READ IN fields at DATE: 2003-02-05 00:00:00 UTC        
 READ IN fields at DATE: 2003-02-05 06:00:00 UTC        
 READ IN fields at DATE: 2003-02-05 12:00:00 UTC        
 READ IN fields at DATE: 2003-02-05 18:00:00 UTC        
 READ IN fields at DATE: 2003-02-06 00:00:00 UTC        
 READ IN fields at DATE: 2003-02-06 06:00:00 UTC        
 READ IN fields at DATE: 2003-02-06 12:00:00 UTC        
 READ IN fields at DATE: 2003-02-06 18:00:00 UTC        
 READ IN fields at DATE: 2003-02-07 00:00:00 UTC        
 READ IN fields at DATE: 2003-02-07 06:00:00 UTC        
 READ IN fields at DATE: 2003-02-07 12:00:00 UTC        
 READ IN fields at DATE: 2003-02-07 18:00:00 UTC        
 READ IN fields at DATE: 2003-02-08 00:00:00 UTC        
 READ IN fields at DATE: 2003-02-08 06:00:00 UTC        
 READ IN fields at DATE: 2003-02-08 12:00:00 UTC        
 READ IN fields at DATE: 2003-02-08 18:00:00 UTC        
 READ IN fields at DATE: 2003-02-09 00:00:00 UTC        
 READ IN fields at DATE: 2003-02-09 06:00:00 UTC        
 READ IN fields at DATE: 2003-02-09 12:00:00 UTC        
 READ IN fields at DATE: 2003-02-09 18:00:00 UTC        
 READ IN fields at DATE: 2003-02-10 00:00:00 UTC        
 READ IN fields at DATE: 2003-02-10 06:00:00 UTC        
 READ IN fields at DATE: 2003-02-10 12:00:00 UTC        
 READ IN fields at DATE: 2003-02-10 18:00:00 UTC        
 READ IN fields at DATE: 2003-02-11 00:00:00 UTC        
 READ IN fields at DATE: 2003-02-11 06:00:00 UTC        
 READ IN fields at DATE: 2003-02-11 12:00:00 UTC        
 READ IN fields at DATE: 2003-02-11 18:00:00 UTC        
 READ IN fields at DATE: 2003-02-12 00:00:00 UTC        
 READ IN fields at DATE: 2003-02-12 06:00:00 UTC        
 READ IN fields at DATE: 2003-02-12 12:00:00 UTC        
 READ IN fields at DATE: 2003-02-12 18:00:00 UTC        
 READ IN fields at DATE: 2003-02-13 00:00:00 UTC        
 READ IN fields at DATE: 2003-02-13 06:00:00 UTC        
 READ IN fields at DATE: 2003-02-13 12:00:00 UTC        
 READ IN fields at DATE: 2003-02-13 18:00:00 UTC        
 READ IN fields at DATE: 2003-02-14 00:00:00 UTC        
 READ IN fields at DATE: 2003-02-14 06:00:00 UTC        
 READ IN fields at DATE: 2003-02-14 12:00:00 UTC        
 READ IN fields at DATE: 2003-02-14 18:00:00 UTC        
 READ IN fields at DATE: 2003-02-15 00:00:00 UTC        
 READ IN fields at DATE: 2003-02-15 06:00:00 UTC        
 READ IN fields at DATE: 2003-02-15 12:00:00 UTC        
 READ IN fields at DATE: 2003-02-15 18:00:00 UTC        
 READ IN fields at DATE: 2003-02-16 00:00:00 UTC        
 READ IN fields at DATE: 2003-02-16 06:00:00 UTC        
 READ IN fields at DATE: 2003-02-16 12:00:00 UTC        
 READ IN fields at DATE: 2003-02-16 18:00:00 UTC        
 READ IN fields at DATE: 2003-02-17 00:00:00 UTC        
 READ IN fields at DATE: 2003-02-17 06:00:00 UTC        
 READ IN fields at DATE: 2003-02-17 12:00:00 UTC        
 READ IN fields at DATE: 2003-02-17 18:00:00 UTC        
 READ IN fields at DATE: 2003-02-18 00:00:00 UTC        
 READ IN fields at DATE: 2003-02-18 06:00:00 UTC        
 READ IN fields at DATE: 2003-02-18 12:00:00 UTC        
 READ IN fields at DATE: 2003-02-18 18:00:00 UTC        
 READ IN fields at DATE: 2003-02-19 00:00:00 UTC        
 READ IN fields at DATE: 2003-02-19 06:00:00 UTC        
 READ IN fields at DATE: 2003-02-19 12:00:00 UTC        
 READ IN fields at DATE: 2003-02-19 18:00:00 UTC        
 READ IN fields at DATE: 2003-02-20 00:00:00 UTC        
 READ IN fields at DATE: 2003-02-20 06:00:00 UTC        
 READ IN fields at DATE: 2003-02-20 12:00:00 UTC        
 READ IN fields at DATE: 2003-02-20 18:00:00 UTC        
 READ IN fields at DATE: 2003-02-21 00:00:00 UTC        
 READ IN fields at DATE: 2003-02-21 06:00:00 UTC        
 READ IN fields at DATE: 2003-02-21 12:00:00 UTC        
 READ IN fields at DATE: 2003-02-21 18:00:00 UTC        
 READ IN fields at DATE: 2003-02-22 00:00:00 UTC        
 READ IN fields at DATE: 2003-02-22 06:00:00 UTC        
 READ IN fields at DATE: 2003-02-22 12:00:00 UTC        
 READ IN fields at DATE: 2003-02-22 18:00:00 UTC        
 READ IN fields at DATE: 2003-02-23 00:00:00 UTC        
 READ IN fields at DATE: 2003-02-23 06:00:00 UTC        
 READ IN fields at DATE: 2003-02-23 12:00:00 UTC        
 READ IN fields at DATE: 2003-02-23 18:00:00 UTC        
 READ IN fields at DATE: 2003-02-24 00:00:00 UTC        
 READ IN fields at DATE: 2003-02-24 06:00:00 UTC        
 READ IN fields at DATE: 2003-02-24 12:00:00 UTC        
 READ IN fields at DATE: 2003-02-24 18:00:00 UTC        
 READ IN fields at DATE: 2003-02-25 00:00:00 UTC        
 READ IN fields at DATE: 2003-02-25 06:00:00 UTC        
 READ IN fields at DATE: 2003-02-25 12:00:00 UTC        
 READ IN fields at DATE: 2003-02-25 18:00:00 UTC        
 READ IN fields at DATE: 2003-02-26 00:00:00 UTC        
 READ IN fields at DATE: 2003-02-26 06:00:00 UTC        
 READ IN fields at DATE: 2003-02-26 12:00:00 UTC        
 READ IN fields at DATE: 2003-02-26 18:00:00 UTC        
 READ IN fields at DATE: 2003-02-27 00:00:00 UTC        
 READ IN fields at DATE: 2003-02-27 06:00:00 UTC        
 READ IN fields at DATE: 2003-02-27 12:00:00 UTC        
 READ IN fields at DATE: 2003-02-27 18:00:00 UTC        
 READ IN fields at DATE: 2003-02-28 00:00:00 UTC        
 READ IN fields at DATE: 2003-02-28 06:00:00 UTC        
 READ IN fields at DATE: 2003-02-28 12:00:00 UTC        
 READ IN fields at DATE: 2003-02-28 18:00:00 UTC        
      131072 /marconi_work/ICT23_ESP/RCMDATA/ERA5/2003/tatm_2003_03.nc
  2.052423898819345E-003   249.795604647426     
      196608 /marconi_work/ICT23_ESP/RCMDATA/ERA5/2003/geop_2003_03.nc
   7.38210281461249        236168.887073593     
      262144 /marconi_work/ICT23_ESP/RCMDATA/ERA5/2003/qhum_2003_03.nc
  3.738177662268847E-007  1.220254590180928E-002
      327680 /marconi_work/ICT23_ESP/RCMDATA/ERA5/2003/uwnd_2003_03.nc
  3.284517620327020E-003   8.06596943552577     
      393216 /marconi_work/ICT23_ESP/RCMDATA/ERA5/2003/vwnd_2003_03.nc
  2.933657444203922E-003   1.27880660877790     
 READ IN fields at DATE: 2003-03-01 00:00:00 UTC        
 Input ready at : Thu May 16 21:39:56 2024
 Successfully completed ICBC
icbc script complete
