BIN = bin
SUFFIX = CLM45_BDW

  This is icbc part of the RegCM version 5
   SVN Revision: 5.0.1 compiled at: data : May 14 2024  time: 13:19:30

 : this run start at    : 2024-05-19 13:27:47+0200
 : it is submitted by   : mdasilva
 : it is running on     : r000u10l05
 : in directory         : 
 /marconi/home/userexternal/mdasilva/github_projects/shell/ictp/regcm_exp/cordex
                       
 Using Moloch non-hydrostatic dynamical core
 GLOBIDATE1 :  2008-08-01 00:00:00 UTC        
 GLOBIDATE2 :  2008-09-01 00:00:00 UTC        
 NSTEPS     :          125
 Computing weights, R =      38.89632416 .......... Done.
 Computing weights, R =      38.89632416 .......... Done.
 Computing weights, R =      38.89632416 .......... Done.
      131072 /marconi_work/ICT23_ESP/RCMDATA/ERA5/2008/tatm_2008_08.nc
  2.315586494009340E-003   247.097238508023     
      196608 /marconi_work/ICT23_ESP/RCMDATA/ERA5/2008/geop_2008_08.nc
   7.55765338407749        240980.246563933     
      262144 /marconi_work/ICT23_ESP/RCMDATA/ERA5/2008/qhum_2008_08.nc
  4.517668880354891E-007  1.468792575090154E-002
      327680 /marconi_work/ICT23_ESP/RCMDATA/ERA5/2008/uwnd_2008_08.nc
  4.023813901935618E-003   67.2074912668772     
      393216 /marconi_work/ICT23_ESP/RCMDATA/ERA5/2008/vwnd_2008_08.nc
  2.899361084584174E-003   2.22469320275849     
 READ IN fields at DATE: 2008-08-01 00:00:00 UTC        
 READ IN fields at DATE: 2008-08-01 06:00:00 UTC        
 READ IN fields at DATE: 2008-08-01 12:00:00 UTC        
 READ IN fields at DATE: 2008-08-01 18:00:00 UTC        
 READ IN fields at DATE: 2008-08-02 00:00:00 UTC        
 READ IN fields at DATE: 2008-08-02 06:00:00 UTC        
 READ IN fields at DATE: 2008-08-02 12:00:00 UTC        
 READ IN fields at DATE: 2008-08-02 18:00:00 UTC        
 READ IN fields at DATE: 2008-08-03 00:00:00 UTC        
 READ IN fields at DATE: 2008-08-03 06:00:00 UTC        
 READ IN fields at DATE: 2008-08-03 12:00:00 UTC        
 READ IN fields at DATE: 2008-08-03 18:00:00 UTC        
 READ IN fields at DATE: 2008-08-04 00:00:00 UTC        
 READ IN fields at DATE: 2008-08-04 06:00:00 UTC        
 READ IN fields at DATE: 2008-08-04 12:00:00 UTC        
 READ IN fields at DATE: 2008-08-04 18:00:00 UTC        
 READ IN fields at DATE: 2008-08-05 00:00:00 UTC        
 READ IN fields at DATE: 2008-08-05 06:00:00 UTC        
 READ IN fields at DATE: 2008-08-05 12:00:00 UTC        
 READ IN fields at DATE: 2008-08-05 18:00:00 UTC        
 READ IN fields at DATE: 2008-08-06 00:00:00 UTC        
 READ IN fields at DATE: 2008-08-06 06:00:00 UTC        
 READ IN fields at DATE: 2008-08-06 12:00:00 UTC        
 READ IN fields at DATE: 2008-08-06 18:00:00 UTC        
 READ IN fields at DATE: 2008-08-07 00:00:00 UTC        
 READ IN fields at DATE: 2008-08-07 06:00:00 UTC        
 READ IN fields at DATE: 2008-08-07 12:00:00 UTC        
 READ IN fields at DATE: 2008-08-07 18:00:00 UTC        
 READ IN fields at DATE: 2008-08-08 00:00:00 UTC        
 READ IN fields at DATE: 2008-08-08 06:00:00 UTC        
 READ IN fields at DATE: 2008-08-08 12:00:00 UTC        
 READ IN fields at DATE: 2008-08-08 18:00:00 UTC        
 READ IN fields at DATE: 2008-08-09 00:00:00 UTC        
 READ IN fields at DATE: 2008-08-09 06:00:00 UTC        
 READ IN fields at DATE: 2008-08-09 12:00:00 UTC        
 READ IN fields at DATE: 2008-08-09 18:00:00 UTC        
 READ IN fields at DATE: 2008-08-10 00:00:00 UTC        
 READ IN fields at DATE: 2008-08-10 06:00:00 UTC        
 READ IN fields at DATE: 2008-08-10 12:00:00 UTC        
 READ IN fields at DATE: 2008-08-10 18:00:00 UTC        
 READ IN fields at DATE: 2008-08-11 00:00:00 UTC        
 READ IN fields at DATE: 2008-08-11 06:00:00 UTC        
 READ IN fields at DATE: 2008-08-11 12:00:00 UTC        
 READ IN fields at DATE: 2008-08-11 18:00:00 UTC        
 READ IN fields at DATE: 2008-08-12 00:00:00 UTC        
 READ IN fields at DATE: 2008-08-12 06:00:00 UTC        
 READ IN fields at DATE: 2008-08-12 12:00:00 UTC        
 READ IN fields at DATE: 2008-08-12 18:00:00 UTC        
 READ IN fields at DATE: 2008-08-13 00:00:00 UTC        
 READ IN fields at DATE: 2008-08-13 06:00:00 UTC        
 READ IN fields at DATE: 2008-08-13 12:00:00 UTC        
 READ IN fields at DATE: 2008-08-13 18:00:00 UTC        
 READ IN fields at DATE: 2008-08-14 00:00:00 UTC        
 READ IN fields at DATE: 2008-08-14 06:00:00 UTC        
 READ IN fields at DATE: 2008-08-14 12:00:00 UTC        
 READ IN fields at DATE: 2008-08-14 18:00:00 UTC        
 READ IN fields at DATE: 2008-08-15 00:00:00 UTC        
 READ IN fields at DATE: 2008-08-15 06:00:00 UTC        
 READ IN fields at DATE: 2008-08-15 12:00:00 UTC        
 READ IN fields at DATE: 2008-08-15 18:00:00 UTC        
 READ IN fields at DATE: 2008-08-16 00:00:00 UTC        
 READ IN fields at DATE: 2008-08-16 06:00:00 UTC        
 READ IN fields at DATE: 2008-08-16 12:00:00 UTC        
 READ IN fields at DATE: 2008-08-16 18:00:00 UTC        
 READ IN fields at DATE: 2008-08-17 00:00:00 UTC        
 READ IN fields at DATE: 2008-08-17 06:00:00 UTC        
 READ IN fields at DATE: 2008-08-17 12:00:00 UTC        
 READ IN fields at DATE: 2008-08-17 18:00:00 UTC        
 READ IN fields at DATE: 2008-08-18 00:00:00 UTC        
 READ IN fields at DATE: 2008-08-18 06:00:00 UTC        
 READ IN fields at DATE: 2008-08-18 12:00:00 UTC        
 READ IN fields at DATE: 2008-08-18 18:00:00 UTC        
 READ IN fields at DATE: 2008-08-19 00:00:00 UTC        
 READ IN fields at DATE: 2008-08-19 06:00:00 UTC        
 READ IN fields at DATE: 2008-08-19 12:00:00 UTC        
 READ IN fields at DATE: 2008-08-19 18:00:00 UTC        
 READ IN fields at DATE: 2008-08-20 00:00:00 UTC        
 READ IN fields at DATE: 2008-08-20 06:00:00 UTC        
 READ IN fields at DATE: 2008-08-20 12:00:00 UTC        
 READ IN fields at DATE: 2008-08-20 18:00:00 UTC        
 READ IN fields at DATE: 2008-08-21 00:00:00 UTC        
 READ IN fields at DATE: 2008-08-21 06:00:00 UTC        
 READ IN fields at DATE: 2008-08-21 12:00:00 UTC        
 READ IN fields at DATE: 2008-08-21 18:00:00 UTC        
 READ IN fields at DATE: 2008-08-22 00:00:00 UTC        
 READ IN fields at DATE: 2008-08-22 06:00:00 UTC        
 READ IN fields at DATE: 2008-08-22 12:00:00 UTC        
 READ IN fields at DATE: 2008-08-22 18:00:00 UTC        
 READ IN fields at DATE: 2008-08-23 00:00:00 UTC        
 READ IN fields at DATE: 2008-08-23 06:00:00 UTC        
 READ IN fields at DATE: 2008-08-23 12:00:00 UTC        
 READ IN fields at DATE: 2008-08-23 18:00:00 UTC        
 READ IN fields at DATE: 2008-08-24 00:00:00 UTC        
 READ IN fields at DATE: 2008-08-24 06:00:00 UTC        
 READ IN fields at DATE: 2008-08-24 12:00:00 UTC        
 READ IN fields at DATE: 2008-08-24 18:00:00 UTC        
 READ IN fields at DATE: 2008-08-25 00:00:00 UTC        
 READ IN fields at DATE: 2008-08-25 06:00:00 UTC        
 READ IN fields at DATE: 2008-08-25 12:00:00 UTC        
 READ IN fields at DATE: 2008-08-25 18:00:00 UTC        
 READ IN fields at DATE: 2008-08-26 00:00:00 UTC        
 READ IN fields at DATE: 2008-08-26 06:00:00 UTC        
 READ IN fields at DATE: 2008-08-26 12:00:00 UTC        
 READ IN fields at DATE: 2008-08-26 18:00:00 UTC        
 READ IN fields at DATE: 2008-08-27 00:00:00 UTC        
 READ IN fields at DATE: 2008-08-27 06:00:00 UTC        
 READ IN fields at DATE: 2008-08-27 12:00:00 UTC        
 READ IN fields at DATE: 2008-08-27 18:00:00 UTC        
 READ IN fields at DATE: 2008-08-28 00:00:00 UTC        
 READ IN fields at DATE: 2008-08-28 06:00:00 UTC        
 READ IN fields at DATE: 2008-08-28 12:00:00 UTC        
 READ IN fields at DATE: 2008-08-28 18:00:00 UTC        
 READ IN fields at DATE: 2008-08-29 00:00:00 UTC        
 READ IN fields at DATE: 2008-08-29 06:00:00 UTC        
 READ IN fields at DATE: 2008-08-29 12:00:00 UTC        
 READ IN fields at DATE: 2008-08-29 18:00:00 UTC        
 READ IN fields at DATE: 2008-08-30 00:00:00 UTC        
 READ IN fields at DATE: 2008-08-30 06:00:00 UTC        
 READ IN fields at DATE: 2008-08-30 12:00:00 UTC        
 READ IN fields at DATE: 2008-08-30 18:00:00 UTC        
 READ IN fields at DATE: 2008-08-31 00:00:00 UTC        
 READ IN fields at DATE: 2008-08-31 06:00:00 UTC        
 READ IN fields at DATE: 2008-08-31 12:00:00 UTC        
 READ IN fields at DATE: 2008-08-31 18:00:00 UTC        
      131072 /marconi_work/ICT23_ESP/RCMDATA/ERA5/2008/tatm_2008_09.nc
  2.226522833155743E-003   247.995323811337     
      196608 /marconi_work/ICT23_ESP/RCMDATA/ERA5/2008/geop_2008_09.nc
   7.36761697112523        235327.107207139     
      262144 /marconi_work/ICT23_ESP/RCMDATA/ERA5/2008/qhum_2008_09.nc
  4.348389722397062E-007  1.417318128892194E-002
      327680 /marconi_work/ICT23_ESP/RCMDATA/ERA5/2008/uwnd_2008_09.nc
  3.672376745065463E-003   43.9119211358462     
      393216 /marconi_work/ICT23_ESP/RCMDATA/ERA5/2008/vwnd_2008_09.nc
  3.032302058963852E-003   8.18174190561114     
 READ IN fields at DATE: 2008-09-01 00:00:00 UTC        
 Input ready at : Sun May 19 14:25:48 2024
 Successfully completed ICBC
icbc script complete
