BIN = bin
SUFFIX = CLM45_BDW

  This is icbc part of the RegCM version 5
   SVN Revision: 5.0.1 compiled at: data : May 14 2024  time: 13:19:30

 : this run start at    : 2024-05-16 17:15:30+0200
 : it is submitted by   : mdasilva
 : it is running on     : r000u10l05
 : in directory         : 
 /marconi/home/userexternal/mdasilva/github_projects/shell/ictp/regcm_exp/cordex
                       
 Using Moloch non-hydrostatic dynamical core
 GLOBIDATE1 :  2002-11-01 00:00:00 UTC        
 GLOBIDATE2 :  2002-12-01 00:00:00 UTC        
 NSTEPS     :          121
 Computing weights, R =      38.89632416 .......... Done.
 Computing weights, R =      38.89632416 .......... Done.
 Computing weights, R =      38.89632416 .......... Done.
      131072 /marconi_work/ICT23_ESP/RCMDATA/ERA5/2002/tatm_2002_11.nc
  2.079636760341045E-003   250.178228064921     
      196608 /marconi_work/ICT23_ESP/RCMDATA/ERA5/2002/geop_2002_11.nc
   7.53236662492561        241319.005301063     
      262144 /marconi_work/ICT23_ESP/RCMDATA/ERA5/2002/qhum_2002_11.nc
  3.530670770755791E-007  1.154228326351739E-002
      327680 /marconi_work/ICT23_ESP/RCMDATA/ERA5/2002/uwnd_2002_11.nc
  3.740792039232619E-003   32.2238223530038     
      393216 /marconi_work/ICT23_ESP/RCMDATA/ERA5/2002/vwnd_2002_11.nc
  3.266712478782755E-003  -6.88834447684486     
 READ IN fields at DATE: 2002-11-01 00:00:00 UTC        
 READ IN fields at DATE: 2002-11-01 06:00:00 UTC        
 READ IN fields at DATE: 2002-11-01 12:00:00 UTC        
 READ IN fields at DATE: 2002-11-01 18:00:00 UTC        
 READ IN fields at DATE: 2002-11-02 00:00:00 UTC        
 READ IN fields at DATE: 2002-11-02 06:00:00 UTC        
 READ IN fields at DATE: 2002-11-02 12:00:00 UTC        
 READ IN fields at DATE: 2002-11-02 18:00:00 UTC        
 READ IN fields at DATE: 2002-11-03 00:00:00 UTC        
 READ IN fields at DATE: 2002-11-03 06:00:00 UTC        
 READ IN fields at DATE: 2002-11-03 12:00:00 UTC        
 READ IN fields at DATE: 2002-11-03 18:00:00 UTC        
 READ IN fields at DATE: 2002-11-04 00:00:00 UTC        
 READ IN fields at DATE: 2002-11-04 06:00:00 UTC        
 READ IN fields at DATE: 2002-11-04 12:00:00 UTC        
 READ IN fields at DATE: 2002-11-04 18:00:00 UTC        
 READ IN fields at DATE: 2002-11-05 00:00:00 UTC        
 READ IN fields at DATE: 2002-11-05 06:00:00 UTC        
 READ IN fields at DATE: 2002-11-05 12:00:00 UTC        
 READ IN fields at DATE: 2002-11-05 18:00:00 UTC        
 READ IN fields at DATE: 2002-11-06 00:00:00 UTC        
 READ IN fields at DATE: 2002-11-06 06:00:00 UTC        
 READ IN fields at DATE: 2002-11-06 12:00:00 UTC        
 READ IN fields at DATE: 2002-11-06 18:00:00 UTC        
 READ IN fields at DATE: 2002-11-07 00:00:00 UTC        
 READ IN fields at DATE: 2002-11-07 06:00:00 UTC        
 READ IN fields at DATE: 2002-11-07 12:00:00 UTC        
 READ IN fields at DATE: 2002-11-07 18:00:00 UTC        
 READ IN fields at DATE: 2002-11-08 00:00:00 UTC        
 READ IN fields at DATE: 2002-11-08 06:00:00 UTC        
 READ IN fields at DATE: 2002-11-08 12:00:00 UTC        
 READ IN fields at DATE: 2002-11-08 18:00:00 UTC        
 READ IN fields at DATE: 2002-11-09 00:00:00 UTC        
 READ IN fields at DATE: 2002-11-09 06:00:00 UTC        
 READ IN fields at DATE: 2002-11-09 12:00:00 UTC        
 READ IN fields at DATE: 2002-11-09 18:00:00 UTC        
 READ IN fields at DATE: 2002-11-10 00:00:00 UTC        
 READ IN fields at DATE: 2002-11-10 06:00:00 UTC        
 READ IN fields at DATE: 2002-11-10 12:00:00 UTC        
 READ IN fields at DATE: 2002-11-10 18:00:00 UTC        
 READ IN fields at DATE: 2002-11-11 00:00:00 UTC        
 READ IN fields at DATE: 2002-11-11 06:00:00 UTC        
 READ IN fields at DATE: 2002-11-11 12:00:00 UTC        
 READ IN fields at DATE: 2002-11-11 18:00:00 UTC        
 READ IN fields at DATE: 2002-11-12 00:00:00 UTC        
 READ IN fields at DATE: 2002-11-12 06:00:00 UTC        
 READ IN fields at DATE: 2002-11-12 12:00:00 UTC        
 READ IN fields at DATE: 2002-11-12 18:00:00 UTC        
 READ IN fields at DATE: 2002-11-13 00:00:00 UTC        
 READ IN fields at DATE: 2002-11-13 06:00:00 UTC        
 READ IN fields at DATE: 2002-11-13 12:00:00 UTC        
 READ IN fields at DATE: 2002-11-13 18:00:00 UTC        
 READ IN fields at DATE: 2002-11-14 00:00:00 UTC        
 READ IN fields at DATE: 2002-11-14 06:00:00 UTC        
 READ IN fields at DATE: 2002-11-14 12:00:00 UTC        
 READ IN fields at DATE: 2002-11-14 18:00:00 UTC        
 READ IN fields at DATE: 2002-11-15 00:00:00 UTC        
 READ IN fields at DATE: 2002-11-15 06:00:00 UTC        
 READ IN fields at DATE: 2002-11-15 12:00:00 UTC        
 READ IN fields at DATE: 2002-11-15 18:00:00 UTC        
 READ IN fields at DATE: 2002-11-16 00:00:00 UTC        
 READ IN fields at DATE: 2002-11-16 06:00:00 UTC        
 READ IN fields at DATE: 2002-11-16 12:00:00 UTC        
 READ IN fields at DATE: 2002-11-16 18:00:00 UTC        
 READ IN fields at DATE: 2002-11-17 00:00:00 UTC        
 READ IN fields at DATE: 2002-11-17 06:00:00 UTC        
 READ IN fields at DATE: 2002-11-17 12:00:00 UTC        
 READ IN fields at DATE: 2002-11-17 18:00:00 UTC        
 READ IN fields at DATE: 2002-11-18 00:00:00 UTC        
 READ IN fields at DATE: 2002-11-18 06:00:00 UTC        
 READ IN fields at DATE: 2002-11-18 12:00:00 UTC        
 READ IN fields at DATE: 2002-11-18 18:00:00 UTC        
 READ IN fields at DATE: 2002-11-19 00:00:00 UTC        
 READ IN fields at DATE: 2002-11-19 06:00:00 UTC        
 READ IN fields at DATE: 2002-11-19 12:00:00 UTC        
 READ IN fields at DATE: 2002-11-19 18:00:00 UTC        
 READ IN fields at DATE: 2002-11-20 00:00:00 UTC        
 READ IN fields at DATE: 2002-11-20 06:00:00 UTC        
 READ IN fields at DATE: 2002-11-20 12:00:00 UTC        
 READ IN fields at DATE: 2002-11-20 18:00:00 UTC        
 READ IN fields at DATE: 2002-11-21 00:00:00 UTC        
 READ IN fields at DATE: 2002-11-21 06:00:00 UTC        
 READ IN fields at DATE: 2002-11-21 12:00:00 UTC        
 READ IN fields at DATE: 2002-11-21 18:00:00 UTC        
 READ IN fields at DATE: 2002-11-22 00:00:00 UTC        
 READ IN fields at DATE: 2002-11-22 06:00:00 UTC        
 READ IN fields at DATE: 2002-11-22 12:00:00 UTC        
 READ IN fields at DATE: 2002-11-22 18:00:00 UTC        
 READ IN fields at DATE: 2002-11-23 00:00:00 UTC        
 READ IN fields at DATE: 2002-11-23 06:00:00 UTC        
 READ IN fields at DATE: 2002-11-23 12:00:00 UTC        
 READ IN fields at DATE: 2002-11-23 18:00:00 UTC        
 READ IN fields at DATE: 2002-11-24 00:00:00 UTC        
 READ IN fields at DATE: 2002-11-24 06:00:00 UTC        
 READ IN fields at DATE: 2002-11-24 12:00:00 UTC        
 READ IN fields at DATE: 2002-11-24 18:00:00 UTC        
 READ IN fields at DATE: 2002-11-25 00:00:00 UTC        
 READ IN fields at DATE: 2002-11-25 06:00:00 UTC        
 READ IN fields at DATE: 2002-11-25 12:00:00 UTC        
 READ IN fields at DATE: 2002-11-25 18:00:00 UTC        
 READ IN fields at DATE: 2002-11-26 00:00:00 UTC        
 READ IN fields at DATE: 2002-11-26 06:00:00 UTC        
 READ IN fields at DATE: 2002-11-26 12:00:00 UTC        
 READ IN fields at DATE: 2002-11-26 18:00:00 UTC        
 READ IN fields at DATE: 2002-11-27 00:00:00 UTC        
 READ IN fields at DATE: 2002-11-27 06:00:00 UTC        
 READ IN fields at DATE: 2002-11-27 12:00:00 UTC        
 READ IN fields at DATE: 2002-11-27 18:00:00 UTC        
 READ IN fields at DATE: 2002-11-28 00:00:00 UTC        
 READ IN fields at DATE: 2002-11-28 06:00:00 UTC        
 READ IN fields at DATE: 2002-11-28 12:00:00 UTC        
 READ IN fields at DATE: 2002-11-28 18:00:00 UTC        
 READ IN fields at DATE: 2002-11-29 00:00:00 UTC        
 READ IN fields at DATE: 2002-11-29 06:00:00 UTC        
 READ IN fields at DATE: 2002-11-29 12:00:00 UTC        
 READ IN fields at DATE: 2002-11-29 18:00:00 UTC        
 READ IN fields at DATE: 2002-11-30 00:00:00 UTC        
 READ IN fields at DATE: 2002-11-30 06:00:00 UTC        
 READ IN fields at DATE: 2002-11-30 12:00:00 UTC        
 READ IN fields at DATE: 2002-11-30 18:00:00 UTC        
      131072 /marconi_work/ICT23_ESP/RCMDATA/ERA5/2002/tatm_2002_12.nc
  2.299987523804205E-003   253.291978973523     
      196608 /marconi_work/ICT23_ESP/RCMDATA/ERA5/2002/geop_2002_12.nc
   7.61674586897059        243894.275611441     
      262144 /marconi_work/ICT23_ESP/RCMDATA/ERA5/2002/qhum_2002_12.nc
  3.741708970821982E-007  1.225086268357149E-002
      327680 /marconi_work/ICT23_ESP/RCMDATA/ERA5/2002/uwnd_2002_12.nc
  5.854294868466794E-003   18.5710779795189     
      393216 /marconi_work/ICT23_ESP/RCMDATA/ERA5/2002/vwnd_2002_12.nc
  5.140236721295235E-003   5.70781806523310     
 READ IN fields at DATE: 2002-12-01 00:00:00 UTC        
 Input ready at : Thu May 16 18:14:40 2024
 Successfully completed ICBC
icbc script complete
