BIN = bin
SUFFIX = CLM45_BDW

  This is icbc part of the RegCM version 5
   SVN Revision: 5.0.1 compiled at: data : May 14 2024  time: 13:19:30

 : this run start at    : 2024-05-17 13:29:38+0200
 : it is submitted by   : mdasilva
 : it is running on     : r000u10l05
 : in directory         : 
 /marconi/home/userexternal/mdasilva/github_projects/shell/ictp/regcm_exp/cordex
                       
 Using Moloch non-hydrostatic dynamical core
 GLOBIDATE1 :  2004-07-01 00:00:00 UTC        
 GLOBIDATE2 :  2004-08-01 00:00:00 UTC        
 NSTEPS     :          125
 Computing weights, R =      38.89632416 .......... Done.
 Computing weights, R =      38.89632416 .......... Done.
 Computing weights, R =      38.89632416 .......... Done.
      131072 /marconi_work/ICT23_ESP/RCMDATA/ERA5/2004/tatm_2004_07.nc
  2.382649678734140E-003   243.823927693715     
      196608 /marconi_work/ICT23_ESP/RCMDATA/ERA5/2004/geop_2004_07.nc
   7.62409659064899        243351.289514205     
      262144 /marconi_work/ICT23_ESP/RCMDATA/ERA5/2004/qhum_2004_07.nc
  5.073325021470146E-007  1.654332719863975E-002
      327680 /marconi_work/ICT23_ESP/RCMDATA/ERA5/2004/uwnd_2004_07.nc
  4.252866876230296E-003   64.9891760567963     
      393216 /marconi_work/ICT23_ESP/RCMDATA/ERA5/2004/vwnd_2004_07.nc
  3.738613808849764E-003   34.4228667160448     
 READ IN fields at DATE: 2004-07-01 00:00:00 UTC        
 READ IN fields at DATE: 2004-07-01 06:00:00 UTC        
 READ IN fields at DATE: 2004-07-01 12:00:00 UTC        
 READ IN fields at DATE: 2004-07-01 18:00:00 UTC        
 READ IN fields at DATE: 2004-07-02 00:00:00 UTC        
 READ IN fields at DATE: 2004-07-02 06:00:00 UTC        
 READ IN fields at DATE: 2004-07-02 12:00:00 UTC        
 READ IN fields at DATE: 2004-07-02 18:00:00 UTC        
 READ IN fields at DATE: 2004-07-03 00:00:00 UTC        
 READ IN fields at DATE: 2004-07-03 06:00:00 UTC        
 READ IN fields at DATE: 2004-07-03 12:00:00 UTC        
 READ IN fields at DATE: 2004-07-03 18:00:00 UTC        
 READ IN fields at DATE: 2004-07-04 00:00:00 UTC        
 READ IN fields at DATE: 2004-07-04 06:00:00 UTC        
 READ IN fields at DATE: 2004-07-04 12:00:00 UTC        
 READ IN fields at DATE: 2004-07-04 18:00:00 UTC        
 READ IN fields at DATE: 2004-07-05 00:00:00 UTC        
 READ IN fields at DATE: 2004-07-05 06:00:00 UTC        
 READ IN fields at DATE: 2004-07-05 12:00:00 UTC        
 READ IN fields at DATE: 2004-07-05 18:00:00 UTC        
 READ IN fields at DATE: 2004-07-06 00:00:00 UTC        
 READ IN fields at DATE: 2004-07-06 06:00:00 UTC        
 READ IN fields at DATE: 2004-07-06 12:00:00 UTC        
 READ IN fields at DATE: 2004-07-06 18:00:00 UTC        
 READ IN fields at DATE: 2004-07-07 00:00:00 UTC        
 READ IN fields at DATE: 2004-07-07 06:00:00 UTC        
 READ IN fields at DATE: 2004-07-07 12:00:00 UTC        
 READ IN fields at DATE: 2004-07-07 18:00:00 UTC        
 READ IN fields at DATE: 2004-07-08 00:00:00 UTC        
 READ IN fields at DATE: 2004-07-08 06:00:00 UTC        
 READ IN fields at DATE: 2004-07-08 12:00:00 UTC        
 READ IN fields at DATE: 2004-07-08 18:00:00 UTC        
 READ IN fields at DATE: 2004-07-09 00:00:00 UTC        
 READ IN fields at DATE: 2004-07-09 06:00:00 UTC        
 READ IN fields at DATE: 2004-07-09 12:00:00 UTC        
 READ IN fields at DATE: 2004-07-09 18:00:00 UTC        
 READ IN fields at DATE: 2004-07-10 00:00:00 UTC        
 READ IN fields at DATE: 2004-07-10 06:00:00 UTC        
 READ IN fields at DATE: 2004-07-10 12:00:00 UTC        
 READ IN fields at DATE: 2004-07-10 18:00:00 UTC        
 READ IN fields at DATE: 2004-07-11 00:00:00 UTC        
 READ IN fields at DATE: 2004-07-11 06:00:00 UTC        
 READ IN fields at DATE: 2004-07-11 12:00:00 UTC        
 READ IN fields at DATE: 2004-07-11 18:00:00 UTC        
 READ IN fields at DATE: 2004-07-12 00:00:00 UTC        
 READ IN fields at DATE: 2004-07-12 06:00:00 UTC        
 READ IN fields at DATE: 2004-07-12 12:00:00 UTC        
 READ IN fields at DATE: 2004-07-12 18:00:00 UTC        
 READ IN fields at DATE: 2004-07-13 00:00:00 UTC        
 READ IN fields at DATE: 2004-07-13 06:00:00 UTC        
 READ IN fields at DATE: 2004-07-13 12:00:00 UTC        
 READ IN fields at DATE: 2004-07-13 18:00:00 UTC        
 READ IN fields at DATE: 2004-07-14 00:00:00 UTC        
 READ IN fields at DATE: 2004-07-14 06:00:00 UTC        
 READ IN fields at DATE: 2004-07-14 12:00:00 UTC        
 READ IN fields at DATE: 2004-07-14 18:00:00 UTC        
 READ IN fields at DATE: 2004-07-15 00:00:00 UTC        
 READ IN fields at DATE: 2004-07-15 06:00:00 UTC        
 READ IN fields at DATE: 2004-07-15 12:00:00 UTC        
 READ IN fields at DATE: 2004-07-15 18:00:00 UTC        
 READ IN fields at DATE: 2004-07-16 00:00:00 UTC        
 READ IN fields at DATE: 2004-07-16 06:00:00 UTC        
 READ IN fields at DATE: 2004-07-16 12:00:00 UTC        
 READ IN fields at DATE: 2004-07-16 18:00:00 UTC        
 READ IN fields at DATE: 2004-07-17 00:00:00 UTC        
 READ IN fields at DATE: 2004-07-17 06:00:00 UTC        
 READ IN fields at DATE: 2004-07-17 12:00:00 UTC        
 READ IN fields at DATE: 2004-07-17 18:00:00 UTC        
 READ IN fields at DATE: 2004-07-18 00:00:00 UTC        
 READ IN fields at DATE: 2004-07-18 06:00:00 UTC        
 READ IN fields at DATE: 2004-07-18 12:00:00 UTC        
 READ IN fields at DATE: 2004-07-18 18:00:00 UTC        
 READ IN fields at DATE: 2004-07-19 00:00:00 UTC        
 READ IN fields at DATE: 2004-07-19 06:00:00 UTC        
 READ IN fields at DATE: 2004-07-19 12:00:00 UTC        
 READ IN fields at DATE: 2004-07-19 18:00:00 UTC        
 READ IN fields at DATE: 2004-07-20 00:00:00 UTC        
 READ IN fields at DATE: 2004-07-20 06:00:00 UTC        
 READ IN fields at DATE: 2004-07-20 12:00:00 UTC        
 READ IN fields at DATE: 2004-07-20 18:00:00 UTC        
 READ IN fields at DATE: 2004-07-21 00:00:00 UTC        
 READ IN fields at DATE: 2004-07-21 06:00:00 UTC        
 READ IN fields at DATE: 2004-07-21 12:00:00 UTC        
 READ IN fields at DATE: 2004-07-21 18:00:00 UTC        
 READ IN fields at DATE: 2004-07-22 00:00:00 UTC        
 READ IN fields at DATE: 2004-07-22 06:00:00 UTC        
 READ IN fields at DATE: 2004-07-22 12:00:00 UTC        
 READ IN fields at DATE: 2004-07-22 18:00:00 UTC        
 READ IN fields at DATE: 2004-07-23 00:00:00 UTC        
 READ IN fields at DATE: 2004-07-23 06:00:00 UTC        
 READ IN fields at DATE: 2004-07-23 12:00:00 UTC        
 READ IN fields at DATE: 2004-07-23 18:00:00 UTC        
 READ IN fields at DATE: 2004-07-24 00:00:00 UTC        
 READ IN fields at DATE: 2004-07-24 06:00:00 UTC        
 READ IN fields at DATE: 2004-07-24 12:00:00 UTC        
 READ IN fields at DATE: 2004-07-24 18:00:00 UTC        
 READ IN fields at DATE: 2004-07-25 00:00:00 UTC        
 READ IN fields at DATE: 2004-07-25 06:00:00 UTC        
 READ IN fields at DATE: 2004-07-25 12:00:00 UTC        
 READ IN fields at DATE: 2004-07-25 18:00:00 UTC        
 READ IN fields at DATE: 2004-07-26 00:00:00 UTC        
 READ IN fields at DATE: 2004-07-26 06:00:00 UTC        
 READ IN fields at DATE: 2004-07-26 12:00:00 UTC        
 READ IN fields at DATE: 2004-07-26 18:00:00 UTC        
 READ IN fields at DATE: 2004-07-27 00:00:00 UTC        
 READ IN fields at DATE: 2004-07-27 06:00:00 UTC        
 READ IN fields at DATE: 2004-07-27 12:00:00 UTC        
 READ IN fields at DATE: 2004-07-27 18:00:00 UTC        
 READ IN fields at DATE: 2004-07-28 00:00:00 UTC        
 READ IN fields at DATE: 2004-07-28 06:00:00 UTC        
 READ IN fields at DATE: 2004-07-28 12:00:00 UTC        
 READ IN fields at DATE: 2004-07-28 18:00:00 UTC        
 READ IN fields at DATE: 2004-07-29 00:00:00 UTC        
 READ IN fields at DATE: 2004-07-29 06:00:00 UTC        
 READ IN fields at DATE: 2004-07-29 12:00:00 UTC        
 READ IN fields at DATE: 2004-07-29 18:00:00 UTC        
 READ IN fields at DATE: 2004-07-30 00:00:00 UTC        
 READ IN fields at DATE: 2004-07-30 06:00:00 UTC        
 READ IN fields at DATE: 2004-07-30 12:00:00 UTC        
 READ IN fields at DATE: 2004-07-30 18:00:00 UTC        
 READ IN fields at DATE: 2004-07-31 00:00:00 UTC        
 READ IN fields at DATE: 2004-07-31 06:00:00 UTC        
 READ IN fields at DATE: 2004-07-31 12:00:00 UTC        
 READ IN fields at DATE: 2004-07-31 18:00:00 UTC        
      131072 /marconi_work/ICT23_ESP/RCMDATA/ERA5/2004/tatm_2004_08.nc
  2.351416812128527E-003   246.944167309172     
      196608 /marconi_work/ICT23_ESP/RCMDATA/ERA5/2004/geop_2004_08.nc
   7.53912341873560        241270.230438291     
      262144 /marconi_work/ICT23_ESP/RCMDATA/ERA5/2004/qhum_2004_08.nc
  4.390016405429072E-007  1.426527579978556E-002
      327680 /marconi_work/ICT23_ESP/RCMDATA/ERA5/2004/uwnd_2004_08.nc
  4.258796412834231E-003   56.2540504113639     
      393216 /marconi_work/ICT23_ESP/RCMDATA/ERA5/2004/vwnd_2004_08.nc
  4.001194300784052E-003   6.15139600929492     
 READ IN fields at DATE: 2004-08-01 00:00:00 UTC        
 Input ready at : Fri May 17 14:29:23 2024
 Successfully completed ICBC
icbc script complete
