BIN = bin
SUFFIX = CLM45_BDW

  This is icbc part of the RegCM version 5
   SVN Revision: 5.0.1 compiled at: data : May 14 2024  time: 13:19:30

 : this run start at    : 2024-05-20 01:48:44+0200
 : it is submitted by   : mdasilva
 : it is running on     : r000u10l05
 : in directory         : 
 /marconi/home/userexternal/mdasilva/github_projects/shell/ictp/regcm_exp/cordex
                       
 Using Moloch non-hydrostatic dynamical core
 GLOBIDATE1 :  2009-09-01 00:00:00 UTC        
 GLOBIDATE2 :  2009-10-01 00:00:00 UTC        
 NSTEPS     :          121
 Computing weights, R =      38.89632416 .......... Done.
 Computing weights, R =      38.89632416 .......... Done.
 Computing weights, R =      38.89632416 .......... Done.
      131072 /marconi_work/ICT23_ESP/RCMDATA/ERA5/2009/tatm_2009_09.nc
  2.283332385451915E-003   252.416926265936     
      196608 /marconi_work/ICT23_ESP/RCMDATA/ERA5/2009/geop_2009_09.nc
   7.35860135590084        235133.209371197     
      262144 /marconi_work/ICT23_ESP/RCMDATA/ERA5/2009/qhum_2009_09.nc
  4.251352568800791E-007  1.381288118265806E-002
      327680 /marconi_work/ICT23_ESP/RCMDATA/ERA5/2009/uwnd_2009_09.nc
  3.781230519565286E-003   33.4002852880605     
      393216 /marconi_work/ICT23_ESP/RCMDATA/ERA5/2009/vwnd_2009_09.nc
  3.389794021058570E-003   10.9823901859973     
 READ IN fields at DATE: 2009-09-01 00:00:00 UTC        
 READ IN fields at DATE: 2009-09-01 06:00:00 UTC        
 READ IN fields at DATE: 2009-09-01 12:00:00 UTC        
 READ IN fields at DATE: 2009-09-01 18:00:00 UTC        
 READ IN fields at DATE: 2009-09-02 00:00:00 UTC        
 READ IN fields at DATE: 2009-09-02 06:00:00 UTC        
 READ IN fields at DATE: 2009-09-02 12:00:00 UTC        
 READ IN fields at DATE: 2009-09-02 18:00:00 UTC        
 READ IN fields at DATE: 2009-09-03 00:00:00 UTC        
 READ IN fields at DATE: 2009-09-03 06:00:00 UTC        
 READ IN fields at DATE: 2009-09-03 12:00:00 UTC        
 READ IN fields at DATE: 2009-09-03 18:00:00 UTC        
 READ IN fields at DATE: 2009-09-04 00:00:00 UTC        
 READ IN fields at DATE: 2009-09-04 06:00:00 UTC        
 READ IN fields at DATE: 2009-09-04 12:00:00 UTC        
 READ IN fields at DATE: 2009-09-04 18:00:00 UTC        
 READ IN fields at DATE: 2009-09-05 00:00:00 UTC        
 READ IN fields at DATE: 2009-09-05 06:00:00 UTC        
 READ IN fields at DATE: 2009-09-05 12:00:00 UTC        
 READ IN fields at DATE: 2009-09-05 18:00:00 UTC        
 READ IN fields at DATE: 2009-09-06 00:00:00 UTC        
 READ IN fields at DATE: 2009-09-06 06:00:00 UTC        
 READ IN fields at DATE: 2009-09-06 12:00:00 UTC        
 READ IN fields at DATE: 2009-09-06 18:00:00 UTC        
 READ IN fields at DATE: 2009-09-07 00:00:00 UTC        
 READ IN fields at DATE: 2009-09-07 06:00:00 UTC        
 READ IN fields at DATE: 2009-09-07 12:00:00 UTC        
 READ IN fields at DATE: 2009-09-07 18:00:00 UTC        
 READ IN fields at DATE: 2009-09-08 00:00:00 UTC        
 READ IN fields at DATE: 2009-09-08 06:00:00 UTC        
 READ IN fields at DATE: 2009-09-08 12:00:00 UTC        
 READ IN fields at DATE: 2009-09-08 18:00:00 UTC        
 READ IN fields at DATE: 2009-09-09 00:00:00 UTC        
 READ IN fields at DATE: 2009-09-09 06:00:00 UTC        
 READ IN fields at DATE: 2009-09-09 12:00:00 UTC        
 READ IN fields at DATE: 2009-09-09 18:00:00 UTC        
 READ IN fields at DATE: 2009-09-10 00:00:00 UTC        
 READ IN fields at DATE: 2009-09-10 06:00:00 UTC        
 READ IN fields at DATE: 2009-09-10 12:00:00 UTC        
 READ IN fields at DATE: 2009-09-10 18:00:00 UTC        
 READ IN fields at DATE: 2009-09-11 00:00:00 UTC        
 READ IN fields at DATE: 2009-09-11 06:00:00 UTC        
 READ IN fields at DATE: 2009-09-11 12:00:00 UTC        
 READ IN fields at DATE: 2009-09-11 18:00:00 UTC        
 READ IN fields at DATE: 2009-09-12 00:00:00 UTC        
 READ IN fields at DATE: 2009-09-12 06:00:00 UTC        
 READ IN fields at DATE: 2009-09-12 12:00:00 UTC        
 READ IN fields at DATE: 2009-09-12 18:00:00 UTC        
 READ IN fields at DATE: 2009-09-13 00:00:00 UTC        
 READ IN fields at DATE: 2009-09-13 06:00:00 UTC        
 READ IN fields at DATE: 2009-09-13 12:00:00 UTC        
 READ IN fields at DATE: 2009-09-13 18:00:00 UTC        
 READ IN fields at DATE: 2009-09-14 00:00:00 UTC        
 READ IN fields at DATE: 2009-09-14 06:00:00 UTC        
 READ IN fields at DATE: 2009-09-14 12:00:00 UTC        
 READ IN fields at DATE: 2009-09-14 18:00:00 UTC        
 READ IN fields at DATE: 2009-09-15 00:00:00 UTC        
 READ IN fields at DATE: 2009-09-15 06:00:00 UTC        
 READ IN fields at DATE: 2009-09-15 12:00:00 UTC        
 READ IN fields at DATE: 2009-09-15 18:00:00 UTC        
 READ IN fields at DATE: 2009-09-16 00:00:00 UTC        
 READ IN fields at DATE: 2009-09-16 06:00:00 UTC        
 READ IN fields at DATE: 2009-09-16 12:00:00 UTC        
 READ IN fields at DATE: 2009-09-16 18:00:00 UTC        
 READ IN fields at DATE: 2009-09-17 00:00:00 UTC        
 READ IN fields at DATE: 2009-09-17 06:00:00 UTC        
 READ IN fields at DATE: 2009-09-17 12:00:00 UTC        
 READ IN fields at DATE: 2009-09-17 18:00:00 UTC        
 READ IN fields at DATE: 2009-09-18 00:00:00 UTC        
 READ IN fields at DATE: 2009-09-18 06:00:00 UTC        
 READ IN fields at DATE: 2009-09-18 12:00:00 UTC        
 READ IN fields at DATE: 2009-09-18 18:00:00 UTC        
 READ IN fields at DATE: 2009-09-19 00:00:00 UTC        
 READ IN fields at DATE: 2009-09-19 06:00:00 UTC        
 READ IN fields at DATE: 2009-09-19 12:00:00 UTC        
 READ IN fields at DATE: 2009-09-19 18:00:00 UTC        
 READ IN fields at DATE: 2009-09-20 00:00:00 UTC        
 READ IN fields at DATE: 2009-09-20 06:00:00 UTC        
 READ IN fields at DATE: 2009-09-20 12:00:00 UTC        
 READ IN fields at DATE: 2009-09-20 18:00:00 UTC        
 READ IN fields at DATE: 2009-09-21 00:00:00 UTC        
 READ IN fields at DATE: 2009-09-21 06:00:00 UTC        
 READ IN fields at DATE: 2009-09-21 12:00:00 UTC        
 READ IN fields at DATE: 2009-09-21 18:00:00 UTC        
 READ IN fields at DATE: 2009-09-22 00:00:00 UTC        
 READ IN fields at DATE: 2009-09-22 06:00:00 UTC        
 READ IN fields at DATE: 2009-09-22 12:00:00 UTC        
 READ IN fields at DATE: 2009-09-22 18:00:00 UTC        
 READ IN fields at DATE: 2009-09-23 00:00:00 UTC        
 READ IN fields at DATE: 2009-09-23 06:00:00 UTC        
 READ IN fields at DATE: 2009-09-23 12:00:00 UTC        
 READ IN fields at DATE: 2009-09-23 18:00:00 UTC        
 READ IN fields at DATE: 2009-09-24 00:00:00 UTC        
 READ IN fields at DATE: 2009-09-24 06:00:00 UTC        
 READ IN fields at DATE: 2009-09-24 12:00:00 UTC        
 READ IN fields at DATE: 2009-09-24 18:00:00 UTC        
 READ IN fields at DATE: 2009-09-25 00:00:00 UTC        
 READ IN fields at DATE: 2009-09-25 06:00:00 UTC        
 READ IN fields at DATE: 2009-09-25 12:00:00 UTC        
 READ IN fields at DATE: 2009-09-25 18:00:00 UTC        
 READ IN fields at DATE: 2009-09-26 00:00:00 UTC        
 READ IN fields at DATE: 2009-09-26 06:00:00 UTC        
 READ IN fields at DATE: 2009-09-26 12:00:00 UTC        
 READ IN fields at DATE: 2009-09-26 18:00:00 UTC        
 READ IN fields at DATE: 2009-09-27 00:00:00 UTC        
 READ IN fields at DATE: 2009-09-27 06:00:00 UTC        
 READ IN fields at DATE: 2009-09-27 12:00:00 UTC        
 READ IN fields at DATE: 2009-09-27 18:00:00 UTC        
 READ IN fields at DATE: 2009-09-28 00:00:00 UTC        
 READ IN fields at DATE: 2009-09-28 06:00:00 UTC        
 READ IN fields at DATE: 2009-09-28 12:00:00 UTC        
 READ IN fields at DATE: 2009-09-28 18:00:00 UTC        
 READ IN fields at DATE: 2009-09-29 00:00:00 UTC        
 READ IN fields at DATE: 2009-09-29 06:00:00 UTC        
 READ IN fields at DATE: 2009-09-29 12:00:00 UTC        
 READ IN fields at DATE: 2009-09-29 18:00:00 UTC        
 READ IN fields at DATE: 2009-09-30 00:00:00 UTC        
 READ IN fields at DATE: 2009-09-30 06:00:00 UTC        
 READ IN fields at DATE: 2009-09-30 12:00:00 UTC        
 READ IN fields at DATE: 2009-09-30 18:00:00 UTC        
      131072 /marconi_work/ICT23_ESP/RCMDATA/ERA5/2009/tatm_2009_10.nc
  2.100579671274873E-003   251.286928836141     
      196608 /marconi_work/ICT23_ESP/RCMDATA/ERA5/2009/geop_2009_10.nc
   7.35058428339539        235395.467285983     
      262144 /marconi_work/ICT23_ESP/RCMDATA/ERA5/2009/qhum_2009_10.nc
  4.100854244664907E-007  1.335513796507595E-002
      327680 /marconi_work/ICT23_ESP/RCMDATA/ERA5/2009/uwnd_2009_10.nc
  3.541313635788696E-003   20.7353051488462     
      393216 /marconi_work/ICT23_ESP/RCMDATA/ERA5/2009/vwnd_2009_10.nc
  3.269402028665424E-003   10.4742258946888     
 READ IN fields at DATE: 2009-10-01 00:00:00 UTC        
 Input ready at : Mon May 20 02:44:17 2024
 Successfully completed ICBC
icbc script complete
