BIN = bin
SUFFIX = CLM45_BDW

  This is icbc part of the RegCM version 5
   SVN Revision: 5.0.1 compiled at: data : May 14 2024  time: 13:19:30

 : this run start at    : 2024-05-19 03:53:44+0200
 : it is submitted by   : mdasilva
 : it is running on     : r000u10l05
 : in directory         : 
 /marconi/home/userexternal/mdasilva/github_projects/shell/ictp/regcm_exp/cordex
                       
 Using Moloch non-hydrostatic dynamical core
 GLOBIDATE1 :  2007-10-01 00:00:00 UTC        
 GLOBIDATE2 :  2007-11-01 00:00:00 UTC        
 NSTEPS     :          125
 Computing weights, R =      38.89632416 .......... Done.
 Computing weights, R =      38.89632416 .......... Done.
 Computing weights, R =      38.89632416 .......... Done.
      131072 /marconi_work/ICT23_ESP/RCMDATA/ERA5/2007/tatm_2007_10.nc
  2.061935698858900E-003   249.302809669358     
      196608 /marconi_work/ICT23_ESP/RCMDATA/ERA5/2007/geop_2007_10.nc
   7.35060615930142        235564.500478170     
      262144 /marconi_work/ICT23_ESP/RCMDATA/ERA5/2007/qhum_2007_10.nc
  3.865903640654288E-007  1.255820198566631E-002
      327680 /marconi_work/ICT23_ESP/RCMDATA/ERA5/2007/uwnd_2007_10.nc
  3.150937962255180E-003   21.3886833200814     
      393216 /marconi_work/ICT23_ESP/RCMDATA/ERA5/2007/vwnd_2007_10.nc
  3.029504703558227E-003  -4.41687424942209     
 READ IN fields at DATE: 2007-10-01 00:00:00 UTC        
 READ IN fields at DATE: 2007-10-01 06:00:00 UTC        
 READ IN fields at DATE: 2007-10-01 12:00:00 UTC        
 READ IN fields at DATE: 2007-10-01 18:00:00 UTC        
 READ IN fields at DATE: 2007-10-02 00:00:00 UTC        
 READ IN fields at DATE: 2007-10-02 06:00:00 UTC        
 READ IN fields at DATE: 2007-10-02 12:00:00 UTC        
 READ IN fields at DATE: 2007-10-02 18:00:00 UTC        
 READ IN fields at DATE: 2007-10-03 00:00:00 UTC        
 READ IN fields at DATE: 2007-10-03 06:00:00 UTC        
 READ IN fields at DATE: 2007-10-03 12:00:00 UTC        
 READ IN fields at DATE: 2007-10-03 18:00:00 UTC        
 READ IN fields at DATE: 2007-10-04 00:00:00 UTC        
 READ IN fields at DATE: 2007-10-04 06:00:00 UTC        
 READ IN fields at DATE: 2007-10-04 12:00:00 UTC        
 READ IN fields at DATE: 2007-10-04 18:00:00 UTC        
 READ IN fields at DATE: 2007-10-05 00:00:00 UTC        
 READ IN fields at DATE: 2007-10-05 06:00:00 UTC        
 READ IN fields at DATE: 2007-10-05 12:00:00 UTC        
 READ IN fields at DATE: 2007-10-05 18:00:00 UTC        
 READ IN fields at DATE: 2007-10-06 00:00:00 UTC        
 READ IN fields at DATE: 2007-10-06 06:00:00 UTC        
 READ IN fields at DATE: 2007-10-06 12:00:00 UTC        
 READ IN fields at DATE: 2007-10-06 18:00:00 UTC        
 READ IN fields at DATE: 2007-10-07 00:00:00 UTC        
 READ IN fields at DATE: 2007-10-07 06:00:00 UTC        
 READ IN fields at DATE: 2007-10-07 12:00:00 UTC        
 READ IN fields at DATE: 2007-10-07 18:00:00 UTC        
 READ IN fields at DATE: 2007-10-08 00:00:00 UTC        
 READ IN fields at DATE: 2007-10-08 06:00:00 UTC        
 READ IN fields at DATE: 2007-10-08 12:00:00 UTC        
 READ IN fields at DATE: 2007-10-08 18:00:00 UTC        
 READ IN fields at DATE: 2007-10-09 00:00:00 UTC        
 READ IN fields at DATE: 2007-10-09 06:00:00 UTC        
 READ IN fields at DATE: 2007-10-09 12:00:00 UTC        
 READ IN fields at DATE: 2007-10-09 18:00:00 UTC        
 READ IN fields at DATE: 2007-10-10 00:00:00 UTC        
 READ IN fields at DATE: 2007-10-10 06:00:00 UTC        
 READ IN fields at DATE: 2007-10-10 12:00:00 UTC        
 READ IN fields at DATE: 2007-10-10 18:00:00 UTC        
 READ IN fields at DATE: 2007-10-11 00:00:00 UTC        
 READ IN fields at DATE: 2007-10-11 06:00:00 UTC        
 READ IN fields at DATE: 2007-10-11 12:00:00 UTC        
 READ IN fields at DATE: 2007-10-11 18:00:00 UTC        
 READ IN fields at DATE: 2007-10-12 00:00:00 UTC        
 READ IN fields at DATE: 2007-10-12 06:00:00 UTC        
 READ IN fields at DATE: 2007-10-12 12:00:00 UTC        
 READ IN fields at DATE: 2007-10-12 18:00:00 UTC        
 READ IN fields at DATE: 2007-10-13 00:00:00 UTC        
 READ IN fields at DATE: 2007-10-13 06:00:00 UTC        
 READ IN fields at DATE: 2007-10-13 12:00:00 UTC        
 READ IN fields at DATE: 2007-10-13 18:00:00 UTC        
 READ IN fields at DATE: 2007-10-14 00:00:00 UTC        
 READ IN fields at DATE: 2007-10-14 06:00:00 UTC        
 READ IN fields at DATE: 2007-10-14 12:00:00 UTC        
 READ IN fields at DATE: 2007-10-14 18:00:00 UTC        
 READ IN fields at DATE: 2007-10-15 00:00:00 UTC        
 READ IN fields at DATE: 2007-10-15 06:00:00 UTC        
 READ IN fields at DATE: 2007-10-15 12:00:00 UTC        
 READ IN fields at DATE: 2007-10-15 18:00:00 UTC        
 READ IN fields at DATE: 2007-10-16 00:00:00 UTC        
 READ IN fields at DATE: 2007-10-16 06:00:00 UTC        
 READ IN fields at DATE: 2007-10-16 12:00:00 UTC        
 READ IN fields at DATE: 2007-10-16 18:00:00 UTC        
 READ IN fields at DATE: 2007-10-17 00:00:00 UTC        
 READ IN fields at DATE: 2007-10-17 06:00:00 UTC        
 READ IN fields at DATE: 2007-10-17 12:00:00 UTC        
 READ IN fields at DATE: 2007-10-17 18:00:00 UTC        
 READ IN fields at DATE: 2007-10-18 00:00:00 UTC        
 READ IN fields at DATE: 2007-10-18 06:00:00 UTC        
 READ IN fields at DATE: 2007-10-18 12:00:00 UTC        
 READ IN fields at DATE: 2007-10-18 18:00:00 UTC        
 READ IN fields at DATE: 2007-10-19 00:00:00 UTC        
 READ IN fields at DATE: 2007-10-19 06:00:00 UTC        
 READ IN fields at DATE: 2007-10-19 12:00:00 UTC        
 READ IN fields at DATE: 2007-10-19 18:00:00 UTC        
 READ IN fields at DATE: 2007-10-20 00:00:00 UTC        
 READ IN fields at DATE: 2007-10-20 06:00:00 UTC        
 READ IN fields at DATE: 2007-10-20 12:00:00 UTC        
 READ IN fields at DATE: 2007-10-20 18:00:00 UTC        
 READ IN fields at DATE: 2007-10-21 00:00:00 UTC        
 READ IN fields at DATE: 2007-10-21 06:00:00 UTC        
 READ IN fields at DATE: 2007-10-21 12:00:00 UTC        
 READ IN fields at DATE: 2007-10-21 18:00:00 UTC        
 READ IN fields at DATE: 2007-10-22 00:00:00 UTC        
 READ IN fields at DATE: 2007-10-22 06:00:00 UTC        
 READ IN fields at DATE: 2007-10-22 12:00:00 UTC        
 READ IN fields at DATE: 2007-10-22 18:00:00 UTC        
 READ IN fields at DATE: 2007-10-23 00:00:00 UTC        
 READ IN fields at DATE: 2007-10-23 06:00:00 UTC        
 READ IN fields at DATE: 2007-10-23 12:00:00 UTC        
 READ IN fields at DATE: 2007-10-23 18:00:00 UTC        
 READ IN fields at DATE: 2007-10-24 00:00:00 UTC        
 READ IN fields at DATE: 2007-10-24 06:00:00 UTC        
 READ IN fields at DATE: 2007-10-24 12:00:00 UTC        
 READ IN fields at DATE: 2007-10-24 18:00:00 UTC        
 READ IN fields at DATE: 2007-10-25 00:00:00 UTC        
 READ IN fields at DATE: 2007-10-25 06:00:00 UTC        
 READ IN fields at DATE: 2007-10-25 12:00:00 UTC        
 READ IN fields at DATE: 2007-10-25 18:00:00 UTC        
 READ IN fields at DATE: 2007-10-26 00:00:00 UTC        
 READ IN fields at DATE: 2007-10-26 06:00:00 UTC        
 READ IN fields at DATE: 2007-10-26 12:00:00 UTC        
 READ IN fields at DATE: 2007-10-26 18:00:00 UTC        
 READ IN fields at DATE: 2007-10-27 00:00:00 UTC        
 READ IN fields at DATE: 2007-10-27 06:00:00 UTC        
 READ IN fields at DATE: 2007-10-27 12:00:00 UTC        
 READ IN fields at DATE: 2007-10-27 18:00:00 UTC        
 READ IN fields at DATE: 2007-10-28 00:00:00 UTC        
 READ IN fields at DATE: 2007-10-28 06:00:00 UTC        
 READ IN fields at DATE: 2007-10-28 12:00:00 UTC        
 READ IN fields at DATE: 2007-10-28 18:00:00 UTC        
 READ IN fields at DATE: 2007-10-29 00:00:00 UTC        
 READ IN fields at DATE: 2007-10-29 06:00:00 UTC        
 READ IN fields at DATE: 2007-10-29 12:00:00 UTC        
 READ IN fields at DATE: 2007-10-29 18:00:00 UTC        
 READ IN fields at DATE: 2007-10-30 00:00:00 UTC        
 READ IN fields at DATE: 2007-10-30 06:00:00 UTC        
 READ IN fields at DATE: 2007-10-30 12:00:00 UTC        
 READ IN fields at DATE: 2007-10-30 18:00:00 UTC        
 READ IN fields at DATE: 2007-10-31 00:00:00 UTC        
 READ IN fields at DATE: 2007-10-31 06:00:00 UTC        
 READ IN fields at DATE: 2007-10-31 12:00:00 UTC        
 READ IN fields at DATE: 2007-10-31 18:00:00 UTC        
      131072 /marconi_work/ICT23_ESP/RCMDATA/ERA5/2007/tatm_2007_11.nc
  2.089952561397383E-003   250.496200812294     
      196608 /marconi_work/ICT23_ESP/RCMDATA/ERA5/2007/geop_2007_11.nc
   7.52432421928647        240323.280806640     
      262144 /marconi_work/ICT23_ESP/RCMDATA/ERA5/2007/qhum_2007_11.nc
  3.580577207213116E-007  1.170676613008829E-002
      327680 /marconi_work/ICT23_ESP/RCMDATA/ERA5/2007/uwnd_2007_11.nc
  4.256610498688400E-003   29.9143145658444     
      393216 /marconi_work/ICT23_ESP/RCMDATA/ERA5/2007/vwnd_2007_11.nc
  3.593343421831606E-003 -6.499857600779080E-002
 READ IN fields at DATE: 2007-11-01 00:00:00 UTC        
 Input ready at : Sun May 19 04:51:26 2024
 Successfully completed ICBC
icbc script complete
