BIN = bin
SUFFIX = CLM45_BDW

  This is icbc part of the RegCM version 5
   SVN Revision: 5.0.1 compiled at: data : May 14 2024  time: 13:19:30

 : this run start at    : 2024-05-19 00:59:29+0200
 : it is submitted by   : mdasilva
 : it is running on     : r000u10l05
 : in directory         : 
 /marconi/home/userexternal/mdasilva/github_projects/shell/ictp/regcm_exp/cordex
                       
 Using Moloch non-hydrostatic dynamical core
 GLOBIDATE1 :  2007-07-01 00:00:00 UTC        
 GLOBIDATE2 :  2007-08-01 00:00:00 UTC        
 NSTEPS     :          125
 Computing weights, R =      38.89632416 .......... Done.
 Computing weights, R =      38.89632416 .......... Done.
 Computing weights, R =      38.89632416 .......... Done.
      131072 /marconi_work/ICT23_ESP/RCMDATA/ERA5/2007/tatm_2007_07.nc
  2.288753396651663E-003   248.748298677501     
      196608 /marconi_work/ICT23_ESP/RCMDATA/ERA5/2007/geop_2007_07.nc
   7.61268374568919        243725.816705002     
      262144 /marconi_work/ICT23_ESP/RCMDATA/ERA5/2007/qhum_2007_07.nc
  5.634676899489561E-007  1.834435527904271E-002
      327680 /marconi_work/ICT23_ESP/RCMDATA/ERA5/2007/uwnd_2007_07.nc
  4.362869955398187E-003   56.5345312115067     
      393216 /marconi_work/ICT23_ESP/RCMDATA/ERA5/2007/vwnd_2007_07.nc
  3.408215027847373E-003   11.7795001161189     
 READ IN fields at DATE: 2007-07-01 00:00:00 UTC        
 READ IN fields at DATE: 2007-07-01 06:00:00 UTC        
 READ IN fields at DATE: 2007-07-01 12:00:00 UTC        
 READ IN fields at DATE: 2007-07-01 18:00:00 UTC        
 READ IN fields at DATE: 2007-07-02 00:00:00 UTC        
 READ IN fields at DATE: 2007-07-02 06:00:00 UTC        
 READ IN fields at DATE: 2007-07-02 12:00:00 UTC        
 READ IN fields at DATE: 2007-07-02 18:00:00 UTC        
 READ IN fields at DATE: 2007-07-03 00:00:00 UTC        
 READ IN fields at DATE: 2007-07-03 06:00:00 UTC        
 READ IN fields at DATE: 2007-07-03 12:00:00 UTC        
 READ IN fields at DATE: 2007-07-03 18:00:00 UTC        
 READ IN fields at DATE: 2007-07-04 00:00:00 UTC        
 READ IN fields at DATE: 2007-07-04 06:00:00 UTC        
 READ IN fields at DATE: 2007-07-04 12:00:00 UTC        
 READ IN fields at DATE: 2007-07-04 18:00:00 UTC        
 READ IN fields at DATE: 2007-07-05 00:00:00 UTC        
 READ IN fields at DATE: 2007-07-05 06:00:00 UTC        
 READ IN fields at DATE: 2007-07-05 12:00:00 UTC        
 READ IN fields at DATE: 2007-07-05 18:00:00 UTC        
 READ IN fields at DATE: 2007-07-06 00:00:00 UTC        
 READ IN fields at DATE: 2007-07-06 06:00:00 UTC        
 READ IN fields at DATE: 2007-07-06 12:00:00 UTC        
 READ IN fields at DATE: 2007-07-06 18:00:00 UTC        
 READ IN fields at DATE: 2007-07-07 00:00:00 UTC        
 READ IN fields at DATE: 2007-07-07 06:00:00 UTC        
 READ IN fields at DATE: 2007-07-07 12:00:00 UTC        
 READ IN fields at DATE: 2007-07-07 18:00:00 UTC        
 READ IN fields at DATE: 2007-07-08 00:00:00 UTC        
 READ IN fields at DATE: 2007-07-08 06:00:00 UTC        
 READ IN fields at DATE: 2007-07-08 12:00:00 UTC        
 READ IN fields at DATE: 2007-07-08 18:00:00 UTC        
 READ IN fields at DATE: 2007-07-09 00:00:00 UTC        
 READ IN fields at DATE: 2007-07-09 06:00:00 UTC        
 READ IN fields at DATE: 2007-07-09 12:00:00 UTC        
 READ IN fields at DATE: 2007-07-09 18:00:00 UTC        
 READ IN fields at DATE: 2007-07-10 00:00:00 UTC        
 READ IN fields at DATE: 2007-07-10 06:00:00 UTC        
 READ IN fields at DATE: 2007-07-10 12:00:00 UTC        
 READ IN fields at DATE: 2007-07-10 18:00:00 UTC        
 READ IN fields at DATE: 2007-07-11 00:00:00 UTC        
 READ IN fields at DATE: 2007-07-11 06:00:00 UTC        
 READ IN fields at DATE: 2007-07-11 12:00:00 UTC        
 READ IN fields at DATE: 2007-07-11 18:00:00 UTC        
 READ IN fields at DATE: 2007-07-12 00:00:00 UTC        
 READ IN fields at DATE: 2007-07-12 06:00:00 UTC        
 READ IN fields at DATE: 2007-07-12 12:00:00 UTC        
 READ IN fields at DATE: 2007-07-12 18:00:00 UTC        
 READ IN fields at DATE: 2007-07-13 00:00:00 UTC        
 READ IN fields at DATE: 2007-07-13 06:00:00 UTC        
 READ IN fields at DATE: 2007-07-13 12:00:00 UTC        
 READ IN fields at DATE: 2007-07-13 18:00:00 UTC        
 READ IN fields at DATE: 2007-07-14 00:00:00 UTC        
 READ IN fields at DATE: 2007-07-14 06:00:00 UTC        
 READ IN fields at DATE: 2007-07-14 12:00:00 UTC        
 READ IN fields at DATE: 2007-07-14 18:00:00 UTC        
 READ IN fields at DATE: 2007-07-15 00:00:00 UTC        
 READ IN fields at DATE: 2007-07-15 06:00:00 UTC        
 READ IN fields at DATE: 2007-07-15 12:00:00 UTC        
 READ IN fields at DATE: 2007-07-15 18:00:00 UTC        
 READ IN fields at DATE: 2007-07-16 00:00:00 UTC        
 READ IN fields at DATE: 2007-07-16 06:00:00 UTC        
 READ IN fields at DATE: 2007-07-16 12:00:00 UTC        
 READ IN fields at DATE: 2007-07-16 18:00:00 UTC        
 READ IN fields at DATE: 2007-07-17 00:00:00 UTC        
 READ IN fields at DATE: 2007-07-17 06:00:00 UTC        
 READ IN fields at DATE: 2007-07-17 12:00:00 UTC        
 READ IN fields at DATE: 2007-07-17 18:00:00 UTC        
 READ IN fields at DATE: 2007-07-18 00:00:00 UTC        
 READ IN fields at DATE: 2007-07-18 06:00:00 UTC        
 READ IN fields at DATE: 2007-07-18 12:00:00 UTC        
 READ IN fields at DATE: 2007-07-18 18:00:00 UTC        
 READ IN fields at DATE: 2007-07-19 00:00:00 UTC        
 READ IN fields at DATE: 2007-07-19 06:00:00 UTC        
 READ IN fields at DATE: 2007-07-19 12:00:00 UTC        
 READ IN fields at DATE: 2007-07-19 18:00:00 UTC        
 READ IN fields at DATE: 2007-07-20 00:00:00 UTC        
 READ IN fields at DATE: 2007-07-20 06:00:00 UTC        
 READ IN fields at DATE: 2007-07-20 12:00:00 UTC        
 READ IN fields at DATE: 2007-07-20 18:00:00 UTC        
 READ IN fields at DATE: 2007-07-21 00:00:00 UTC        
 READ IN fields at DATE: 2007-07-21 06:00:00 UTC        
 READ IN fields at DATE: 2007-07-21 12:00:00 UTC        
 READ IN fields at DATE: 2007-07-21 18:00:00 UTC        
 READ IN fields at DATE: 2007-07-22 00:00:00 UTC        
 READ IN fields at DATE: 2007-07-22 06:00:00 UTC        
 READ IN fields at DATE: 2007-07-22 12:00:00 UTC        
 READ IN fields at DATE: 2007-07-22 18:00:00 UTC        
 READ IN fields at DATE: 2007-07-23 00:00:00 UTC        
 READ IN fields at DATE: 2007-07-23 06:00:00 UTC        
 READ IN fields at DATE: 2007-07-23 12:00:00 UTC        
 READ IN fields at DATE: 2007-07-23 18:00:00 UTC        
 READ IN fields at DATE: 2007-07-24 00:00:00 UTC        
 READ IN fields at DATE: 2007-07-24 06:00:00 UTC        
 READ IN fields at DATE: 2007-07-24 12:00:00 UTC        
 READ IN fields at DATE: 2007-07-24 18:00:00 UTC        
 READ IN fields at DATE: 2007-07-25 00:00:00 UTC        
 READ IN fields at DATE: 2007-07-25 06:00:00 UTC        
 READ IN fields at DATE: 2007-07-25 12:00:00 UTC        
 READ IN fields at DATE: 2007-07-25 18:00:00 UTC        
 READ IN fields at DATE: 2007-07-26 00:00:00 UTC        
 READ IN fields at DATE: 2007-07-26 06:00:00 UTC        
 READ IN fields at DATE: 2007-07-26 12:00:00 UTC        
 READ IN fields at DATE: 2007-07-26 18:00:00 UTC        
 READ IN fields at DATE: 2007-07-27 00:00:00 UTC        
 READ IN fields at DATE: 2007-07-27 06:00:00 UTC        
 READ IN fields at DATE: 2007-07-27 12:00:00 UTC        
 READ IN fields at DATE: 2007-07-27 18:00:00 UTC        
 READ IN fields at DATE: 2007-07-28 00:00:00 UTC        
 READ IN fields at DATE: 2007-07-28 06:00:00 UTC        
 READ IN fields at DATE: 2007-07-28 12:00:00 UTC        
 READ IN fields at DATE: 2007-07-28 18:00:00 UTC        
 READ IN fields at DATE: 2007-07-29 00:00:00 UTC        
 READ IN fields at DATE: 2007-07-29 06:00:00 UTC        
 READ IN fields at DATE: 2007-07-29 12:00:00 UTC        
 READ IN fields at DATE: 2007-07-29 18:00:00 UTC        
 READ IN fields at DATE: 2007-07-30 00:00:00 UTC        
 READ IN fields at DATE: 2007-07-30 06:00:00 UTC        
 READ IN fields at DATE: 2007-07-30 12:00:00 UTC        
 READ IN fields at DATE: 2007-07-30 18:00:00 UTC        
 READ IN fields at DATE: 2007-07-31 00:00:00 UTC        
 READ IN fields at DATE: 2007-07-31 06:00:00 UTC        
 READ IN fields at DATE: 2007-07-31 12:00:00 UTC        
 READ IN fields at DATE: 2007-07-31 18:00:00 UTC        
      131072 /marconi_work/ICT23_ESP/RCMDATA/ERA5/2007/tatm_2007_08.nc
  2.330053389802776E-003   245.928469067543     
      196608 /marconi_work/ICT23_ESP/RCMDATA/ERA5/2007/geop_2007_08.nc
   7.55061172663009        241064.293053512     
      262144 /marconi_work/ICT23_ESP/RCMDATA/ERA5/2007/qhum_2007_08.nc
  4.356936104478807E-007  1.423272197362583E-002
      327680 /marconi_work/ICT23_ESP/RCMDATA/ERA5/2007/uwnd_2007_08.nc
  4.063004120046746E-003   40.0233209759673     
      393216 /marconi_work/ICT23_ESP/RCMDATA/ERA5/2007/vwnd_2007_08.nc
  3.891272948913262E-003   11.8257597468263     
 READ IN fields at DATE: 2007-08-01 00:00:00 UTC        
 Input ready at : Sun May 19 01:57:24 2024
 Successfully completed ICBC
icbc script complete
