BIN = bin
SUFFIX = CLM45_BDW

  This is icbc part of the RegCM version 5
   SVN Revision: 5.0.1 compiled at: data : May 14 2024  time: 13:19:30

 : this run start at    : 2024-05-16 08:22:59+0200
 : it is submitted by   : mdasilva
 : it is running on     : r000u10l05
 : in directory         : 
 /marconi/home/userexternal/mdasilva/github_projects/shell/ictp/regcm_exp/cordex
                       
 Using Moloch non-hydrostatic dynamical core
 GLOBIDATE1 :  2002-02-01 00:00:00 UTC        
 GLOBIDATE2 :  2002-03-01 00:00:00 UTC        
 NSTEPS     :          113
 Computing weights, R =      38.89632416 .......... Done.
 Computing weights, R =      38.89632416 .......... Done.
 Computing weights, R =      38.89632416 .......... Done.
      131072 /marconi_work/ICT23_ESP/RCMDATA/ERA5/2002/tatm_2002_02.nc
  2.099710707534753E-003   248.538241526482     
      196608 /marconi_work/ICT23_ESP/RCMDATA/ERA5/2002/geop_2002_02.nc
   7.54236200654632        241104.049131497     
      262144 /marconi_work/ICT23_ESP/RCMDATA/ERA5/2002/qhum_2002_02.nc
  3.810233113838429E-007  1.245518314155501E-002
      327680 /marconi_work/ICT23_ESP/RCMDATA/ERA5/2002/uwnd_2002_02.nc
  4.654788451420110E-003   2.22300677325476     
      393216 /marconi_work/ICT23_ESP/RCMDATA/ERA5/2002/vwnd_2002_02.nc
  4.206436457824684E-003   3.74376164993515     
 READ IN fields at DATE: 2002-02-01 00:00:00 UTC        
 READ IN fields at DATE: 2002-02-01 06:00:00 UTC        
 READ IN fields at DATE: 2002-02-01 12:00:00 UTC        
 READ IN fields at DATE: 2002-02-01 18:00:00 UTC        
 READ IN fields at DATE: 2002-02-02 00:00:00 UTC        
 READ IN fields at DATE: 2002-02-02 06:00:00 UTC        
 READ IN fields at DATE: 2002-02-02 12:00:00 UTC        
 READ IN fields at DATE: 2002-02-02 18:00:00 UTC        
 READ IN fields at DATE: 2002-02-03 00:00:00 UTC        
 READ IN fields at DATE: 2002-02-03 06:00:00 UTC        
 READ IN fields at DATE: 2002-02-03 12:00:00 UTC        
 READ IN fields at DATE: 2002-02-03 18:00:00 UTC        
 READ IN fields at DATE: 2002-02-04 00:00:00 UTC        
 READ IN fields at DATE: 2002-02-04 06:00:00 UTC        
 READ IN fields at DATE: 2002-02-04 12:00:00 UTC        
 READ IN fields at DATE: 2002-02-04 18:00:00 UTC        
 READ IN fields at DATE: 2002-02-05 00:00:00 UTC        
 READ IN fields at DATE: 2002-02-05 06:00:00 UTC        
 READ IN fields at DATE: 2002-02-05 12:00:00 UTC        
 READ IN fields at DATE: 2002-02-05 18:00:00 UTC        
 READ IN fields at DATE: 2002-02-06 00:00:00 UTC        
 READ IN fields at DATE: 2002-02-06 06:00:00 UTC        
 READ IN fields at DATE: 2002-02-06 12:00:00 UTC        
 READ IN fields at DATE: 2002-02-06 18:00:00 UTC        
 READ IN fields at DATE: 2002-02-07 00:00:00 UTC        
 READ IN fields at DATE: 2002-02-07 06:00:00 UTC        
 READ IN fields at DATE: 2002-02-07 12:00:00 UTC        
 READ IN fields at DATE: 2002-02-07 18:00:00 UTC        
 READ IN fields at DATE: 2002-02-08 00:00:00 UTC        
 READ IN fields at DATE: 2002-02-08 06:00:00 UTC        
 READ IN fields at DATE: 2002-02-08 12:00:00 UTC        
 READ IN fields at DATE: 2002-02-08 18:00:00 UTC        
 READ IN fields at DATE: 2002-02-09 00:00:00 UTC        
 READ IN fields at DATE: 2002-02-09 06:00:00 UTC        
 READ IN fields at DATE: 2002-02-09 12:00:00 UTC        
 READ IN fields at DATE: 2002-02-09 18:00:00 UTC        
 READ IN fields at DATE: 2002-02-10 00:00:00 UTC        
 READ IN fields at DATE: 2002-02-10 06:00:00 UTC        
 READ IN fields at DATE: 2002-02-10 12:00:00 UTC        
 READ IN fields at DATE: 2002-02-10 18:00:00 UTC        
 READ IN fields at DATE: 2002-02-11 00:00:00 UTC        
 READ IN fields at DATE: 2002-02-11 06:00:00 UTC        
 READ IN fields at DATE: 2002-02-11 12:00:00 UTC        
 READ IN fields at DATE: 2002-02-11 18:00:00 UTC        
 READ IN fields at DATE: 2002-02-12 00:00:00 UTC        
 READ IN fields at DATE: 2002-02-12 06:00:00 UTC        
 READ IN fields at DATE: 2002-02-12 12:00:00 UTC        
 READ IN fields at DATE: 2002-02-12 18:00:00 UTC        
 READ IN fields at DATE: 2002-02-13 00:00:00 UTC        
 READ IN fields at DATE: 2002-02-13 06:00:00 UTC        
 READ IN fields at DATE: 2002-02-13 12:00:00 UTC        
 READ IN fields at DATE: 2002-02-13 18:00:00 UTC        
 READ IN fields at DATE: 2002-02-14 00:00:00 UTC        
 READ IN fields at DATE: 2002-02-14 06:00:00 UTC        
 READ IN fields at DATE: 2002-02-14 12:00:00 UTC        
 READ IN fields at DATE: 2002-02-14 18:00:00 UTC        
 READ IN fields at DATE: 2002-02-15 00:00:00 UTC        
 READ IN fields at DATE: 2002-02-15 06:00:00 UTC        
 READ IN fields at DATE: 2002-02-15 12:00:00 UTC        
 READ IN fields at DATE: 2002-02-15 18:00:00 UTC        
 READ IN fields at DATE: 2002-02-16 00:00:00 UTC        
 READ IN fields at DATE: 2002-02-16 06:00:00 UTC        
 READ IN fields at DATE: 2002-02-16 12:00:00 UTC        
 READ IN fields at DATE: 2002-02-16 18:00:00 UTC        
 READ IN fields at DATE: 2002-02-17 00:00:00 UTC        
 READ IN fields at DATE: 2002-02-17 06:00:00 UTC        
 READ IN fields at DATE: 2002-02-17 12:00:00 UTC        
 READ IN fields at DATE: 2002-02-17 18:00:00 UTC        
 READ IN fields at DATE: 2002-02-18 00:00:00 UTC        
 READ IN fields at DATE: 2002-02-18 06:00:00 UTC        
 READ IN fields at DATE: 2002-02-18 12:00:00 UTC        
 READ IN fields at DATE: 2002-02-18 18:00:00 UTC        
 READ IN fields at DATE: 2002-02-19 00:00:00 UTC        
 READ IN fields at DATE: 2002-02-19 06:00:00 UTC        
 READ IN fields at DATE: 2002-02-19 12:00:00 UTC        
 READ IN fields at DATE: 2002-02-19 18:00:00 UTC        
 READ IN fields at DATE: 2002-02-20 00:00:00 UTC        
 READ IN fields at DATE: 2002-02-20 06:00:00 UTC        
 READ IN fields at DATE: 2002-02-20 12:00:00 UTC        
 READ IN fields at DATE: 2002-02-20 18:00:00 UTC        
 READ IN fields at DATE: 2002-02-21 00:00:00 UTC        
 READ IN fields at DATE: 2002-02-21 06:00:00 UTC        
 READ IN fields at DATE: 2002-02-21 12:00:00 UTC        
 READ IN fields at DATE: 2002-02-21 18:00:00 UTC        
 READ IN fields at DATE: 2002-02-22 00:00:00 UTC        
 READ IN fields at DATE: 2002-02-22 06:00:00 UTC        
 READ IN fields at DATE: 2002-02-22 12:00:00 UTC        
 READ IN fields at DATE: 2002-02-22 18:00:00 UTC        
 READ IN fields at DATE: 2002-02-23 00:00:00 UTC        
 READ IN fields at DATE: 2002-02-23 06:00:00 UTC        
 READ IN fields at DATE: 2002-02-23 12:00:00 UTC        
 READ IN fields at DATE: 2002-02-23 18:00:00 UTC        
 READ IN fields at DATE: 2002-02-24 00:00:00 UTC        
 READ IN fields at DATE: 2002-02-24 06:00:00 UTC        
 READ IN fields at DATE: 2002-02-24 12:00:00 UTC        
 READ IN fields at DATE: 2002-02-24 18:00:00 UTC        
 READ IN fields at DATE: 2002-02-25 00:00:00 UTC        
 READ IN fields at DATE: 2002-02-25 06:00:00 UTC        
 READ IN fields at DATE: 2002-02-25 12:00:00 UTC        
 READ IN fields at DATE: 2002-02-25 18:00:00 UTC        
 READ IN fields at DATE: 2002-02-26 00:00:00 UTC        
 READ IN fields at DATE: 2002-02-26 06:00:00 UTC        
 READ IN fields at DATE: 2002-02-26 12:00:00 UTC        
 READ IN fields at DATE: 2002-02-26 18:00:00 UTC        
 READ IN fields at DATE: 2002-02-27 00:00:00 UTC        
 READ IN fields at DATE: 2002-02-27 06:00:00 UTC        
 READ IN fields at DATE: 2002-02-27 12:00:00 UTC        
 READ IN fields at DATE: 2002-02-27 18:00:00 UTC        
 READ IN fields at DATE: 2002-02-28 00:00:00 UTC        
 READ IN fields at DATE: 2002-02-28 06:00:00 UTC        
 READ IN fields at DATE: 2002-02-28 12:00:00 UTC        
 READ IN fields at DATE: 2002-02-28 18:00:00 UTC        
      131072 /marconi_work/ICT23_ESP/RCMDATA/ERA5/2002/tatm_2002_03.nc
  2.065798768905074E-003   249.506871153350     
      196608 /marconi_work/ICT23_ESP/RCMDATA/ERA5/2002/geop_2002_03.nc
   7.34884494024003        235718.897843155     
      262144 /marconi_work/ICT23_ESP/RCMDATA/ERA5/2002/qhum_2002_03.nc
  3.592749145525425E-007  1.176653820177939E-002
      327680 /marconi_work/ICT23_ESP/RCMDATA/ERA5/2002/uwnd_2002_03.nc
  2.874513425011063E-003   16.3818940421156     
      393216 /marconi_work/ICT23_ESP/RCMDATA/ERA5/2002/vwnd_2002_03.nc
  2.689534980825500E-003   1.76722517879865     
 READ IN fields at DATE: 2002-03-01 00:00:00 UTC        
 Input ready at : Thu May 16 09:17:14 2024
 Successfully completed ICBC
icbc script complete
