BIN = bin
SUFFIX = CLM45_BDW

  This is icbc part of the RegCM version 5
   SVN Revision: 5.0.1 compiled at: data : May 14 2024  time: 13:19:30

 : this run start at    : 2024-05-19 20:04:34+0200
 : it is submitted by   : mdasilva
 : it is running on     : r000u10l05
 : in directory         : 
 /marconi/home/userexternal/mdasilva/github_projects/shell/ictp/regcm_exp/cordex
                       
 Using Moloch non-hydrostatic dynamical core
 GLOBIDATE1 :  2009-03-01 00:00:00 UTC        
 GLOBIDATE2 :  2009-04-01 00:00:00 UTC        
 NSTEPS     :          125
 Computing weights, R =      38.89632416 .......... Done.
 Computing weights, R =      38.89632416 .......... Done.
 Computing weights, R =      38.89632416 .......... Done.
      131072 /marconi_work/ICT23_ESP/RCMDATA/ERA5/2009/tatm_2009_03.nc
  2.078437860475590E-003   249.920683193179     
      196608 /marconi_work/ICT23_ESP/RCMDATA/ERA5/2009/geop_2009_03.nc
   7.35291147446706        234734.024716138     
      262144 /marconi_work/ICT23_ESP/RCMDATA/ERA5/2009/qhum_2009_03.nc
  3.751317937437591E-007  1.222869201648374E-002
      327680 /marconi_work/ICT23_ESP/RCMDATA/ERA5/2009/uwnd_2009_03.nc
  2.618161670754143E-003   17.1808198254146     
      393216 /marconi_work/ICT23_ESP/RCMDATA/ERA5/2009/vwnd_2009_03.nc
  2.717965602358139E-003   1.04700374913241     
 READ IN fields at DATE: 2009-03-01 00:00:00 UTC        
 READ IN fields at DATE: 2009-03-01 06:00:00 UTC        
 READ IN fields at DATE: 2009-03-01 12:00:00 UTC        
 READ IN fields at DATE: 2009-03-01 18:00:00 UTC        
 READ IN fields at DATE: 2009-03-02 00:00:00 UTC        
 READ IN fields at DATE: 2009-03-02 06:00:00 UTC        
 READ IN fields at DATE: 2009-03-02 12:00:00 UTC        
 READ IN fields at DATE: 2009-03-02 18:00:00 UTC        
 READ IN fields at DATE: 2009-03-03 00:00:00 UTC        
 READ IN fields at DATE: 2009-03-03 06:00:00 UTC        
 READ IN fields at DATE: 2009-03-03 12:00:00 UTC        
 READ IN fields at DATE: 2009-03-03 18:00:00 UTC        
 READ IN fields at DATE: 2009-03-04 00:00:00 UTC        
 READ IN fields at DATE: 2009-03-04 06:00:00 UTC        
 READ IN fields at DATE: 2009-03-04 12:00:00 UTC        
 READ IN fields at DATE: 2009-03-04 18:00:00 UTC        
 READ IN fields at DATE: 2009-03-05 00:00:00 UTC        
 READ IN fields at DATE: 2009-03-05 06:00:00 UTC        
 READ IN fields at DATE: 2009-03-05 12:00:00 UTC        
 READ IN fields at DATE: 2009-03-05 18:00:00 UTC        
 READ IN fields at DATE: 2009-03-06 00:00:00 UTC        
 READ IN fields at DATE: 2009-03-06 06:00:00 UTC        
 READ IN fields at DATE: 2009-03-06 12:00:00 UTC        
 READ IN fields at DATE: 2009-03-06 18:00:00 UTC        
 READ IN fields at DATE: 2009-03-07 00:00:00 UTC        
 READ IN fields at DATE: 2009-03-07 06:00:00 UTC        
 READ IN fields at DATE: 2009-03-07 12:00:00 UTC        
 READ IN fields at DATE: 2009-03-07 18:00:00 UTC        
 READ IN fields at DATE: 2009-03-08 00:00:00 UTC        
 READ IN fields at DATE: 2009-03-08 06:00:00 UTC        
 READ IN fields at DATE: 2009-03-08 12:00:00 UTC        
 READ IN fields at DATE: 2009-03-08 18:00:00 UTC        
 READ IN fields at DATE: 2009-03-09 00:00:00 UTC        
 READ IN fields at DATE: 2009-03-09 06:00:00 UTC        
 READ IN fields at DATE: 2009-03-09 12:00:00 UTC        
 READ IN fields at DATE: 2009-03-09 18:00:00 UTC        
 READ IN fields at DATE: 2009-03-10 00:00:00 UTC        
 READ IN fields at DATE: 2009-03-10 06:00:00 UTC        
 READ IN fields at DATE: 2009-03-10 12:00:00 UTC        
 READ IN fields at DATE: 2009-03-10 18:00:00 UTC        
 READ IN fields at DATE: 2009-03-11 00:00:00 UTC        
 READ IN fields at DATE: 2009-03-11 06:00:00 UTC        
 READ IN fields at DATE: 2009-03-11 12:00:00 UTC        
 READ IN fields at DATE: 2009-03-11 18:00:00 UTC        
 READ IN fields at DATE: 2009-03-12 00:00:00 UTC        
 READ IN fields at DATE: 2009-03-12 06:00:00 UTC        
 READ IN fields at DATE: 2009-03-12 12:00:00 UTC        
 READ IN fields at DATE: 2009-03-12 18:00:00 UTC        
 READ IN fields at DATE: 2009-03-13 00:00:00 UTC        
 READ IN fields at DATE: 2009-03-13 06:00:00 UTC        
 READ IN fields at DATE: 2009-03-13 12:00:00 UTC        
 READ IN fields at DATE: 2009-03-13 18:00:00 UTC        
 READ IN fields at DATE: 2009-03-14 00:00:00 UTC        
 READ IN fields at DATE: 2009-03-14 06:00:00 UTC        
 READ IN fields at DATE: 2009-03-14 12:00:00 UTC        
 READ IN fields at DATE: 2009-03-14 18:00:00 UTC        
 READ IN fields at DATE: 2009-03-15 00:00:00 UTC        
 READ IN fields at DATE: 2009-03-15 06:00:00 UTC        
 READ IN fields at DATE: 2009-03-15 12:00:00 UTC        
 READ IN fields at DATE: 2009-03-15 18:00:00 UTC        
 READ IN fields at DATE: 2009-03-16 00:00:00 UTC        
 READ IN fields at DATE: 2009-03-16 06:00:00 UTC        
 READ IN fields at DATE: 2009-03-16 12:00:00 UTC        
 READ IN fields at DATE: 2009-03-16 18:00:00 UTC        
 READ IN fields at DATE: 2009-03-17 00:00:00 UTC        
 READ IN fields at DATE: 2009-03-17 06:00:00 UTC        
 READ IN fields at DATE: 2009-03-17 12:00:00 UTC        
 READ IN fields at DATE: 2009-03-17 18:00:00 UTC        
 READ IN fields at DATE: 2009-03-18 00:00:00 UTC        
 READ IN fields at DATE: 2009-03-18 06:00:00 UTC        
 READ IN fields at DATE: 2009-03-18 12:00:00 UTC        
 READ IN fields at DATE: 2009-03-18 18:00:00 UTC        
 READ IN fields at DATE: 2009-03-19 00:00:00 UTC        
 READ IN fields at DATE: 2009-03-19 06:00:00 UTC        
 READ IN fields at DATE: 2009-03-19 12:00:00 UTC        
 READ IN fields at DATE: 2009-03-19 18:00:00 UTC        
 READ IN fields at DATE: 2009-03-20 00:00:00 UTC        
 READ IN fields at DATE: 2009-03-20 06:00:00 UTC        
 READ IN fields at DATE: 2009-03-20 12:00:00 UTC        
 READ IN fields at DATE: 2009-03-20 18:00:00 UTC        
 READ IN fields at DATE: 2009-03-21 00:00:00 UTC        
 READ IN fields at DATE: 2009-03-21 06:00:00 UTC        
 READ IN fields at DATE: 2009-03-21 12:00:00 UTC        
 READ IN fields at DATE: 2009-03-21 18:00:00 UTC        
 READ IN fields at DATE: 2009-03-22 00:00:00 UTC        
 READ IN fields at DATE: 2009-03-22 06:00:00 UTC        
 READ IN fields at DATE: 2009-03-22 12:00:00 UTC        
 READ IN fields at DATE: 2009-03-22 18:00:00 UTC        
 READ IN fields at DATE: 2009-03-23 00:00:00 UTC        
 READ IN fields at DATE: 2009-03-23 06:00:00 UTC        
 READ IN fields at DATE: 2009-03-23 12:00:00 UTC        
 READ IN fields at DATE: 2009-03-23 18:00:00 UTC        
 READ IN fields at DATE: 2009-03-24 00:00:00 UTC        
 READ IN fields at DATE: 2009-03-24 06:00:00 UTC        
 READ IN fields at DATE: 2009-03-24 12:00:00 UTC        
 READ IN fields at DATE: 2009-03-24 18:00:00 UTC        
 READ IN fields at DATE: 2009-03-25 00:00:00 UTC        
 READ IN fields at DATE: 2009-03-25 06:00:00 UTC        
 READ IN fields at DATE: 2009-03-25 12:00:00 UTC        
 READ IN fields at DATE: 2009-03-25 18:00:00 UTC        
 READ IN fields at DATE: 2009-03-26 00:00:00 UTC        
 READ IN fields at DATE: 2009-03-26 06:00:00 UTC        
 READ IN fields at DATE: 2009-03-26 12:00:00 UTC        
 READ IN fields at DATE: 2009-03-26 18:00:00 UTC        
 READ IN fields at DATE: 2009-03-27 00:00:00 UTC        
 READ IN fields at DATE: 2009-03-27 06:00:00 UTC        
 READ IN fields at DATE: 2009-03-27 12:00:00 UTC        
 READ IN fields at DATE: 2009-03-27 18:00:00 UTC        
 READ IN fields at DATE: 2009-03-28 00:00:00 UTC        
 READ IN fields at DATE: 2009-03-28 06:00:00 UTC        
 READ IN fields at DATE: 2009-03-28 12:00:00 UTC        
 READ IN fields at DATE: 2009-03-28 18:00:00 UTC        
 READ IN fields at DATE: 2009-03-29 00:00:00 UTC        
 READ IN fields at DATE: 2009-03-29 06:00:00 UTC        
 READ IN fields at DATE: 2009-03-29 12:00:00 UTC        
 READ IN fields at DATE: 2009-03-29 18:00:00 UTC        
 READ IN fields at DATE: 2009-03-30 00:00:00 UTC        
 READ IN fields at DATE: 2009-03-30 06:00:00 UTC        
 READ IN fields at DATE: 2009-03-30 12:00:00 UTC        
 READ IN fields at DATE: 2009-03-30 18:00:00 UTC        
 READ IN fields at DATE: 2009-03-31 00:00:00 UTC        
 READ IN fields at DATE: 2009-03-31 06:00:00 UTC        
 READ IN fields at DATE: 2009-03-31 12:00:00 UTC        
 READ IN fields at DATE: 2009-03-31 18:00:00 UTC        
      131072 /marconi_work/ICT23_ESP/RCMDATA/ERA5/2009/tatm_2009_04.nc
  2.084873361229385E-003   250.568362165370     
      196608 /marconi_work/ICT23_ESP/RCMDATA/ERA5/2009/geop_2009_04.nc
   7.35006313612989        235502.543718432     
      262144 /marconi_work/ICT23_ESP/RCMDATA/ERA5/2009/qhum_2009_04.nc
  3.738926937515008E-007  1.221299735636225E-002
      327680 /marconi_work/ICT23_ESP/RCMDATA/ERA5/2009/uwnd_2009_04.nc
  2.642593010078772E-003   31.4238114549598     
      393216 /marconi_work/ICT23_ESP/RCMDATA/ERA5/2009/vwnd_2009_04.nc
  2.727739814545367E-003   4.86190975069820     
 READ IN fields at DATE: 2009-04-01 00:00:00 UTC        
 Input ready at : Sun May 19 21:01:57 2024
 Successfully completed ICBC
icbc script complete
