BIN = bin
SUFFIX = CLM45_BDW

  This is icbc part of the RegCM version 5
   SVN Revision: 5.0.1 compiled at: data : May 14 2024  time: 13:19:30

 : this run start at    : 2024-05-15 19:35:31+0200
 : it is submitted by   : mdasilva
 : it is running on     : r000u10l05
 : in directory         : 
 /marconi/home/userexternal/mdasilva/github_projects/shell/ictp/regcm_exp/cordex
                       
 Using Moloch non-hydrostatic dynamical core
 GLOBIDATE1 :  2001-01-01 00:00:00 UTC        
 GLOBIDATE2 :  2001-02-01 00:00:00 UTC        
 NSTEPS     :          125
 Computing weights, R =      38.89632416 .......... Done.
 Computing weights, R =      38.89632416 .......... Done.
 Computing weights, R =      38.89632416 .......... Done.
      131072 /marconi_work/ICT23_ESP/RCMDATA/ERA5/2001/tatm_2001_01.nc
  2.243290899539640E-003   249.759300107480     
      196608 /marconi_work/ICT23_ESP/RCMDATA/ERA5/2001/geop_2001_01.nc
   7.64441728070209        245155.441463235     
      262144 /marconi_work/ICT23_ESP/RCMDATA/ERA5/2001/qhum_2001_01.nc
  3.705311648473737E-007  1.212856229343551E-002
      327680 /marconi_work/ICT23_ESP/RCMDATA/ERA5/2001/uwnd_2001_01.nc
  4.982799444867590E-003   32.0156589298674     
      393216 /marconi_work/ICT23_ESP/RCMDATA/ERA5/2001/vwnd_2001_01.nc
  4.578441418290689E-003  -17.4992679804748     
 READ IN fields at DATE: 2001-01-01 00:00:00 UTC        
 READ IN fields at DATE: 2001-01-01 06:00:00 UTC        
 READ IN fields at DATE: 2001-01-01 12:00:00 UTC        
 READ IN fields at DATE: 2001-01-01 18:00:00 UTC        
 READ IN fields at DATE: 2001-01-02 00:00:00 UTC        
 READ IN fields at DATE: 2001-01-02 06:00:00 UTC        
 READ IN fields at DATE: 2001-01-02 12:00:00 UTC        
 READ IN fields at DATE: 2001-01-02 18:00:00 UTC        
 READ IN fields at DATE: 2001-01-03 00:00:00 UTC        
 READ IN fields at DATE: 2001-01-03 06:00:00 UTC        
 READ IN fields at DATE: 2001-01-03 12:00:00 UTC        
 READ IN fields at DATE: 2001-01-03 18:00:00 UTC        
 READ IN fields at DATE: 2001-01-04 00:00:00 UTC        
 READ IN fields at DATE: 2001-01-04 06:00:00 UTC        
 READ IN fields at DATE: 2001-01-04 12:00:00 UTC        
 READ IN fields at DATE: 2001-01-04 18:00:00 UTC        
 READ IN fields at DATE: 2001-01-05 00:00:00 UTC        
 READ IN fields at DATE: 2001-01-05 06:00:00 UTC        
 READ IN fields at DATE: 2001-01-05 12:00:00 UTC        
 READ IN fields at DATE: 2001-01-05 18:00:00 UTC        
 READ IN fields at DATE: 2001-01-06 00:00:00 UTC        
 READ IN fields at DATE: 2001-01-06 06:00:00 UTC        
 READ IN fields at DATE: 2001-01-06 12:00:00 UTC        
 READ IN fields at DATE: 2001-01-06 18:00:00 UTC        
 READ IN fields at DATE: 2001-01-07 00:00:00 UTC        
 READ IN fields at DATE: 2001-01-07 06:00:00 UTC        
 READ IN fields at DATE: 2001-01-07 12:00:00 UTC        
 READ IN fields at DATE: 2001-01-07 18:00:00 UTC        
 READ IN fields at DATE: 2001-01-08 00:00:00 UTC        
 READ IN fields at DATE: 2001-01-08 06:00:00 UTC        
 READ IN fields at DATE: 2001-01-08 12:00:00 UTC        
 READ IN fields at DATE: 2001-01-08 18:00:00 UTC        
 READ IN fields at DATE: 2001-01-09 00:00:00 UTC        
 READ IN fields at DATE: 2001-01-09 06:00:00 UTC        
 READ IN fields at DATE: 2001-01-09 12:00:00 UTC        
 READ IN fields at DATE: 2001-01-09 18:00:00 UTC        
 READ IN fields at DATE: 2001-01-10 00:00:00 UTC        
 READ IN fields at DATE: 2001-01-10 06:00:00 UTC        
 READ IN fields at DATE: 2001-01-10 12:00:00 UTC        
 READ IN fields at DATE: 2001-01-10 18:00:00 UTC        
 READ IN fields at DATE: 2001-01-11 00:00:00 UTC        
 READ IN fields at DATE: 2001-01-11 06:00:00 UTC        
 READ IN fields at DATE: 2001-01-11 12:00:00 UTC        
 READ IN fields at DATE: 2001-01-11 18:00:00 UTC        
 READ IN fields at DATE: 2001-01-12 00:00:00 UTC        
 READ IN fields at DATE: 2001-01-12 06:00:00 UTC        
 READ IN fields at DATE: 2001-01-12 12:00:00 UTC        
 READ IN fields at DATE: 2001-01-12 18:00:00 UTC        
 READ IN fields at DATE: 2001-01-13 00:00:00 UTC        
 READ IN fields at DATE: 2001-01-13 06:00:00 UTC        
 READ IN fields at DATE: 2001-01-13 12:00:00 UTC        
 READ IN fields at DATE: 2001-01-13 18:00:00 UTC        
 READ IN fields at DATE: 2001-01-14 00:00:00 UTC        
 READ IN fields at DATE: 2001-01-14 06:00:00 UTC        
 READ IN fields at DATE: 2001-01-14 12:00:00 UTC        
 READ IN fields at DATE: 2001-01-14 18:00:00 UTC        
 READ IN fields at DATE: 2001-01-15 00:00:00 UTC        
 READ IN fields at DATE: 2001-01-15 06:00:00 UTC        
 READ IN fields at DATE: 2001-01-15 12:00:00 UTC        
 READ IN fields at DATE: 2001-01-15 18:00:00 UTC        
 READ IN fields at DATE: 2001-01-16 00:00:00 UTC        
 READ IN fields at DATE: 2001-01-16 06:00:00 UTC        
 READ IN fields at DATE: 2001-01-16 12:00:00 UTC        
 READ IN fields at DATE: 2001-01-16 18:00:00 UTC        
 READ IN fields at DATE: 2001-01-17 00:00:00 UTC        
 READ IN fields at DATE: 2001-01-17 06:00:00 UTC        
 READ IN fields at DATE: 2001-01-17 12:00:00 UTC        
 READ IN fields at DATE: 2001-01-17 18:00:00 UTC        
 READ IN fields at DATE: 2001-01-18 00:00:00 UTC        
 READ IN fields at DATE: 2001-01-18 06:00:00 UTC        
 READ IN fields at DATE: 2001-01-18 12:00:00 UTC        
 READ IN fields at DATE: 2001-01-18 18:00:00 UTC        
 READ IN fields at DATE: 2001-01-19 00:00:00 UTC        
 READ IN fields at DATE: 2001-01-19 06:00:00 UTC        
 READ IN fields at DATE: 2001-01-19 12:00:00 UTC        
 READ IN fields at DATE: 2001-01-19 18:00:00 UTC        
 READ IN fields at DATE: 2001-01-20 00:00:00 UTC        
 READ IN fields at DATE: 2001-01-20 06:00:00 UTC        
 READ IN fields at DATE: 2001-01-20 12:00:00 UTC        
 READ IN fields at DATE: 2001-01-20 18:00:00 UTC        
 READ IN fields at DATE: 2001-01-21 00:00:00 UTC        
 READ IN fields at DATE: 2001-01-21 06:00:00 UTC        
 READ IN fields at DATE: 2001-01-21 12:00:00 UTC        
 READ IN fields at DATE: 2001-01-21 18:00:00 UTC        
 READ IN fields at DATE: 2001-01-22 00:00:00 UTC        
 READ IN fields at DATE: 2001-01-22 06:00:00 UTC        
 READ IN fields at DATE: 2001-01-22 12:00:00 UTC        
 READ IN fields at DATE: 2001-01-22 18:00:00 UTC        
 READ IN fields at DATE: 2001-01-23 00:00:00 UTC        
 READ IN fields at DATE: 2001-01-23 06:00:00 UTC        
 READ IN fields at DATE: 2001-01-23 12:00:00 UTC        
 READ IN fields at DATE: 2001-01-23 18:00:00 UTC        
 READ IN fields at DATE: 2001-01-24 00:00:00 UTC        
 READ IN fields at DATE: 2001-01-24 06:00:00 UTC        
 READ IN fields at DATE: 2001-01-24 12:00:00 UTC        
 READ IN fields at DATE: 2001-01-24 18:00:00 UTC        
 READ IN fields at DATE: 2001-01-25 00:00:00 UTC        
 READ IN fields at DATE: 2001-01-25 06:00:00 UTC        
 READ IN fields at DATE: 2001-01-25 12:00:00 UTC        
 READ IN fields at DATE: 2001-01-25 18:00:00 UTC        
 READ IN fields at DATE: 2001-01-26 00:00:00 UTC        
 READ IN fields at DATE: 2001-01-26 06:00:00 UTC        
 READ IN fields at DATE: 2001-01-26 12:00:00 UTC        
 READ IN fields at DATE: 2001-01-26 18:00:00 UTC        
 READ IN fields at DATE: 2001-01-27 00:00:00 UTC        
 READ IN fields at DATE: 2001-01-27 06:00:00 UTC        
 READ IN fields at DATE: 2001-01-27 12:00:00 UTC        
 READ IN fields at DATE: 2001-01-27 18:00:00 UTC        
 READ IN fields at DATE: 2001-01-28 00:00:00 UTC        
 READ IN fields at DATE: 2001-01-28 06:00:00 UTC        
 READ IN fields at DATE: 2001-01-28 12:00:00 UTC        
 READ IN fields at DATE: 2001-01-28 18:00:00 UTC        
 READ IN fields at DATE: 2001-01-29 00:00:00 UTC        
 READ IN fields at DATE: 2001-01-29 06:00:00 UTC        
 READ IN fields at DATE: 2001-01-29 12:00:00 UTC        
 READ IN fields at DATE: 2001-01-29 18:00:00 UTC        
 READ IN fields at DATE: 2001-01-30 00:00:00 UTC        
 READ IN fields at DATE: 2001-01-30 06:00:00 UTC        
 READ IN fields at DATE: 2001-01-30 12:00:00 UTC        
 READ IN fields at DATE: 2001-01-30 18:00:00 UTC        
 READ IN fields at DATE: 2001-01-31 00:00:00 UTC        
 READ IN fields at DATE: 2001-01-31 06:00:00 UTC        
 READ IN fields at DATE: 2001-01-31 12:00:00 UTC        
 READ IN fields at DATE: 2001-01-31 18:00:00 UTC        
      131072 /marconi_work/ICT23_ESP/RCMDATA/ERA5/2001/tatm_2001_02.nc
  2.146341835142934E-003   248.942850779278     
      196608 /marconi_work/ICT23_ESP/RCMDATA/ERA5/2001/geop_2001_02.nc
   7.51434093796255        241360.715485781     
      262144 /marconi_work/ICT23_ESP/RCMDATA/ERA5/2001/qhum_2001_02.nc
  4.048100141755950E-007  1.323623789116135E-002
      327680 /marconi_work/ICT23_ESP/RCMDATA/ERA5/2001/uwnd_2001_02.nc
  3.838639172532231E-003   5.95447869066764     
      393216 /marconi_work/ICT23_ESP/RCMDATA/ERA5/2001/vwnd_2001_02.nc
  3.566348499768843E-003   4.84418697955871     
 READ IN fields at DATE: 2001-02-01 00:00:00 UTC        
 Input ready at : Wed May 15 20:35:08 2024
 Successfully completed ICBC
icbc script complete
