BIN = bin
SUFFIX = CLM45_BDW

  This is icbc part of the RegCM version 5
   SVN Revision: 5.0.1 compiled at: data : May 14 2024  time: 13:19:30

 : this run start at    : 2024-05-18 16:20:37+0200
 : it is submitted by   : mdasilva
 : it is running on     : r000u10l05
 : in directory         : 
 /marconi/home/userexternal/mdasilva/github_projects/shell/ictp/regcm_exp/cordex
                       
 Using Moloch non-hydrostatic dynamical core
 GLOBIDATE1 :  2006-10-01 00:00:00 UTC        
 GLOBIDATE2 :  2006-11-01 00:00:00 UTC        
 NSTEPS     :          125
 Computing weights, R =      38.89632416 .......... Done.
 Computing weights, R =      38.89632416 .......... Done.
 Computing weights, R =      38.89632416 .......... Done.
      131072 /marconi_work/ICT23_ESP/RCMDATA/ERA5/2006/tatm_2006_10.nc
  2.079728266972842E-003   248.402417777468     
      196608 /marconi_work/ICT23_ESP/RCMDATA/ERA5/2006/geop_2006_10.nc
   7.38531177755863        236263.801484736     
      262144 /marconi_work/ICT23_ESP/RCMDATA/ERA5/2006/qhum_2006_10.nc
  3.898692794076795E-007  1.259305323046373E-002
      327680 /marconi_work/ICT23_ESP/RCMDATA/ERA5/2006/uwnd_2006_10.nc
  3.486055970772240E-003   19.5320628191826     
      393216 /marconi_work/ICT23_ESP/RCMDATA/ERA5/2006/vwnd_2006_10.nc
  3.181655783900144E-003   2.52389134984243     
 READ IN fields at DATE: 2006-10-01 00:00:00 UTC        
 READ IN fields at DATE: 2006-10-01 06:00:00 UTC        
 READ IN fields at DATE: 2006-10-01 12:00:00 UTC        
 READ IN fields at DATE: 2006-10-01 18:00:00 UTC        
 READ IN fields at DATE: 2006-10-02 00:00:00 UTC        
 READ IN fields at DATE: 2006-10-02 06:00:00 UTC        
 READ IN fields at DATE: 2006-10-02 12:00:00 UTC        
 READ IN fields at DATE: 2006-10-02 18:00:00 UTC        
 READ IN fields at DATE: 2006-10-03 00:00:00 UTC        
 READ IN fields at DATE: 2006-10-03 06:00:00 UTC        
 READ IN fields at DATE: 2006-10-03 12:00:00 UTC        
 READ IN fields at DATE: 2006-10-03 18:00:00 UTC        
 READ IN fields at DATE: 2006-10-04 00:00:00 UTC        
 READ IN fields at DATE: 2006-10-04 06:00:00 UTC        
 READ IN fields at DATE: 2006-10-04 12:00:00 UTC        
 READ IN fields at DATE: 2006-10-04 18:00:00 UTC        
 READ IN fields at DATE: 2006-10-05 00:00:00 UTC        
 READ IN fields at DATE: 2006-10-05 06:00:00 UTC        
 READ IN fields at DATE: 2006-10-05 12:00:00 UTC        
 READ IN fields at DATE: 2006-10-05 18:00:00 UTC        
 READ IN fields at DATE: 2006-10-06 00:00:00 UTC        
 READ IN fields at DATE: 2006-10-06 06:00:00 UTC        
 READ IN fields at DATE: 2006-10-06 12:00:00 UTC        
 READ IN fields at DATE: 2006-10-06 18:00:00 UTC        
 READ IN fields at DATE: 2006-10-07 00:00:00 UTC        
 READ IN fields at DATE: 2006-10-07 06:00:00 UTC        
 READ IN fields at DATE: 2006-10-07 12:00:00 UTC        
 READ IN fields at DATE: 2006-10-07 18:00:00 UTC        
 READ IN fields at DATE: 2006-10-08 00:00:00 UTC        
 READ IN fields at DATE: 2006-10-08 06:00:00 UTC        
 READ IN fields at DATE: 2006-10-08 12:00:00 UTC        
 READ IN fields at DATE: 2006-10-08 18:00:00 UTC        
 READ IN fields at DATE: 2006-10-09 00:00:00 UTC        
 READ IN fields at DATE: 2006-10-09 06:00:00 UTC        
 READ IN fields at DATE: 2006-10-09 12:00:00 UTC        
 READ IN fields at DATE: 2006-10-09 18:00:00 UTC        
 READ IN fields at DATE: 2006-10-10 00:00:00 UTC        
 READ IN fields at DATE: 2006-10-10 06:00:00 UTC        
 READ IN fields at DATE: 2006-10-10 12:00:00 UTC        
 READ IN fields at DATE: 2006-10-10 18:00:00 UTC        
 READ IN fields at DATE: 2006-10-11 00:00:00 UTC        
 READ IN fields at DATE: 2006-10-11 06:00:00 UTC        
 READ IN fields at DATE: 2006-10-11 12:00:00 UTC        
 READ IN fields at DATE: 2006-10-11 18:00:00 UTC        
 READ IN fields at DATE: 2006-10-12 00:00:00 UTC        
 READ IN fields at DATE: 2006-10-12 06:00:00 UTC        
 READ IN fields at DATE: 2006-10-12 12:00:00 UTC        
 READ IN fields at DATE: 2006-10-12 18:00:00 UTC        
 READ IN fields at DATE: 2006-10-13 00:00:00 UTC        
 READ IN fields at DATE: 2006-10-13 06:00:00 UTC        
 READ IN fields at DATE: 2006-10-13 12:00:00 UTC        
 READ IN fields at DATE: 2006-10-13 18:00:00 UTC        
 READ IN fields at DATE: 2006-10-14 00:00:00 UTC        
 READ IN fields at DATE: 2006-10-14 06:00:00 UTC        
 READ IN fields at DATE: 2006-10-14 12:00:00 UTC        
 READ IN fields at DATE: 2006-10-14 18:00:00 UTC        
 READ IN fields at DATE: 2006-10-15 00:00:00 UTC        
 READ IN fields at DATE: 2006-10-15 06:00:00 UTC        
 READ IN fields at DATE: 2006-10-15 12:00:00 UTC        
 READ IN fields at DATE: 2006-10-15 18:00:00 UTC        
 READ IN fields at DATE: 2006-10-16 00:00:00 UTC        
 READ IN fields at DATE: 2006-10-16 06:00:00 UTC        
 READ IN fields at DATE: 2006-10-16 12:00:00 UTC        
 READ IN fields at DATE: 2006-10-16 18:00:00 UTC        
 READ IN fields at DATE: 2006-10-17 00:00:00 UTC        
 READ IN fields at DATE: 2006-10-17 06:00:00 UTC        
 READ IN fields at DATE: 2006-10-17 12:00:00 UTC        
 READ IN fields at DATE: 2006-10-17 18:00:00 UTC        
 READ IN fields at DATE: 2006-10-18 00:00:00 UTC        
 READ IN fields at DATE: 2006-10-18 06:00:00 UTC        
 READ IN fields at DATE: 2006-10-18 12:00:00 UTC        
 READ IN fields at DATE: 2006-10-18 18:00:00 UTC        
 READ IN fields at DATE: 2006-10-19 00:00:00 UTC        
 READ IN fields at DATE: 2006-10-19 06:00:00 UTC        
 READ IN fields at DATE: 2006-10-19 12:00:00 UTC        
 READ IN fields at DATE: 2006-10-19 18:00:00 UTC        
 READ IN fields at DATE: 2006-10-20 00:00:00 UTC        
 READ IN fields at DATE: 2006-10-20 06:00:00 UTC        
 READ IN fields at DATE: 2006-10-20 12:00:00 UTC        
 READ IN fields at DATE: 2006-10-20 18:00:00 UTC        
 READ IN fields at DATE: 2006-10-21 00:00:00 UTC        
 READ IN fields at DATE: 2006-10-21 06:00:00 UTC        
 READ IN fields at DATE: 2006-10-21 12:00:00 UTC        
 READ IN fields at DATE: 2006-10-21 18:00:00 UTC        
 READ IN fields at DATE: 2006-10-22 00:00:00 UTC        
 READ IN fields at DATE: 2006-10-22 06:00:00 UTC        
 READ IN fields at DATE: 2006-10-22 12:00:00 UTC        
 READ IN fields at DATE: 2006-10-22 18:00:00 UTC        
 READ IN fields at DATE: 2006-10-23 00:00:00 UTC        
 READ IN fields at DATE: 2006-10-23 06:00:00 UTC        
 READ IN fields at DATE: 2006-10-23 12:00:00 UTC        
 READ IN fields at DATE: 2006-10-23 18:00:00 UTC        
 READ IN fields at DATE: 2006-10-24 00:00:00 UTC        
 READ IN fields at DATE: 2006-10-24 06:00:00 UTC        
 READ IN fields at DATE: 2006-10-24 12:00:00 UTC        
 READ IN fields at DATE: 2006-10-24 18:00:00 UTC        
 READ IN fields at DATE: 2006-10-25 00:00:00 UTC        
 READ IN fields at DATE: 2006-10-25 06:00:00 UTC        
 READ IN fields at DATE: 2006-10-25 12:00:00 UTC        
 READ IN fields at DATE: 2006-10-25 18:00:00 UTC        
 READ IN fields at DATE: 2006-10-26 00:00:00 UTC        
 READ IN fields at DATE: 2006-10-26 06:00:00 UTC        
 READ IN fields at DATE: 2006-10-26 12:00:00 UTC        
 READ IN fields at DATE: 2006-10-26 18:00:00 UTC        
 READ IN fields at DATE: 2006-10-27 00:00:00 UTC        
 READ IN fields at DATE: 2006-10-27 06:00:00 UTC        
 READ IN fields at DATE: 2006-10-27 12:00:00 UTC        
 READ IN fields at DATE: 2006-10-27 18:00:00 UTC        
 READ IN fields at DATE: 2006-10-28 00:00:00 UTC        
 READ IN fields at DATE: 2006-10-28 06:00:00 UTC        
 READ IN fields at DATE: 2006-10-28 12:00:00 UTC        
 READ IN fields at DATE: 2006-10-28 18:00:00 UTC        
 READ IN fields at DATE: 2006-10-29 00:00:00 UTC        
 READ IN fields at DATE: 2006-10-29 06:00:00 UTC        
 READ IN fields at DATE: 2006-10-29 12:00:00 UTC        
 READ IN fields at DATE: 2006-10-29 18:00:00 UTC        
 READ IN fields at DATE: 2006-10-30 00:00:00 UTC        
 READ IN fields at DATE: 2006-10-30 06:00:00 UTC        
 READ IN fields at DATE: 2006-10-30 12:00:00 UTC        
 READ IN fields at DATE: 2006-10-30 18:00:00 UTC        
 READ IN fields at DATE: 2006-10-31 00:00:00 UTC        
 READ IN fields at DATE: 2006-10-31 06:00:00 UTC        
 READ IN fields at DATE: 2006-10-31 12:00:00 UTC        
 READ IN fields at DATE: 2006-10-31 18:00:00 UTC        
      131072 /marconi_work/ICT23_ESP/RCMDATA/ERA5/2006/tatm_2006_11.nc
  2.072438005798367E-003   250.628144689200     
      196608 /marconi_work/ICT23_ESP/RCMDATA/ERA5/2006/geop_2006_11.nc
   7.51567077846276        239665.828102111     
      262144 /marconi_work/ICT23_ESP/RCMDATA/ERA5/2006/qhum_2006_11.nc
  3.587881778804933E-007  1.170973169256582E-002
      327680 /marconi_work/ICT23_ESP/RCMDATA/ERA5/2006/uwnd_2006_11.nc
  3.039245619439228E-003   28.4551225280692     
      393216 /marconi_work/ICT23_ESP/RCMDATA/ERA5/2006/vwnd_2006_11.nc
  2.753940049243439E-003  0.834537641791785     
 READ IN fields at DATE: 2006-11-01 00:00:00 UTC        
 Input ready at : Sat May 18 17:21:10 2024
 Successfully completed ICBC
icbc script complete
