BIN = bin
SUFFIX = CLM45_BDW

  This is icbc part of the RegCM version 5
   SVN Revision: 5.0.1 compiled at: data : May 14 2024  time: 13:19:30

 : this run start at    : 2024-05-17 16:25:33+0200
 : it is submitted by   : mdasilva
 : it is running on     : r000u10l05
 : in directory         : 
 /marconi/home/userexternal/mdasilva/github_projects/shell/ictp/regcm_exp/cordex
                       
 Using Moloch non-hydrostatic dynamical core
 GLOBIDATE1 :  2004-10-01 00:00:00 UTC        
 GLOBIDATE2 :  2004-11-01 00:00:00 UTC        
 NSTEPS     :          125
 Computing weights, R =      38.89632416 .......... Done.
 Computing weights, R =      38.89632416 .......... Done.
 Computing weights, R =      38.89632416 .......... Done.
      131072 /marconi_work/ICT23_ESP/RCMDATA/ERA5/2004/tatm_2004_10.nc
  2.094185849114187E-003   248.141683619966     
      196608 /marconi_work/ICT23_ESP/RCMDATA/ERA5/2004/geop_2004_10.nc
   7.35793840269406        235029.994858924     
      262144 /marconi_work/ICT23_ESP/RCMDATA/ERA5/2004/qhum_2004_10.nc
  3.803256630389518E-007  1.239704657360160E-002
      327680 /marconi_work/ICT23_ESP/RCMDATA/ERA5/2004/uwnd_2004_10.nc
  3.140778863395279E-003   17.4310849450410     
      393216 /marconi_work/ICT23_ESP/RCMDATA/ERA5/2004/vwnd_2004_10.nc
  2.742120093374354E-003 -0.584249172839656     
 READ IN fields at DATE: 2004-10-01 00:00:00 UTC        
 READ IN fields at DATE: 2004-10-01 06:00:00 UTC        
 READ IN fields at DATE: 2004-10-01 12:00:00 UTC        
 READ IN fields at DATE: 2004-10-01 18:00:00 UTC        
 READ IN fields at DATE: 2004-10-02 00:00:00 UTC        
 READ IN fields at DATE: 2004-10-02 06:00:00 UTC        
 READ IN fields at DATE: 2004-10-02 12:00:00 UTC        
 READ IN fields at DATE: 2004-10-02 18:00:00 UTC        
 READ IN fields at DATE: 2004-10-03 00:00:00 UTC        
 READ IN fields at DATE: 2004-10-03 06:00:00 UTC        
 READ IN fields at DATE: 2004-10-03 12:00:00 UTC        
 READ IN fields at DATE: 2004-10-03 18:00:00 UTC        
 READ IN fields at DATE: 2004-10-04 00:00:00 UTC        
 READ IN fields at DATE: 2004-10-04 06:00:00 UTC        
 READ IN fields at DATE: 2004-10-04 12:00:00 UTC        
 READ IN fields at DATE: 2004-10-04 18:00:00 UTC        
 READ IN fields at DATE: 2004-10-05 00:00:00 UTC        
 READ IN fields at DATE: 2004-10-05 06:00:00 UTC        
 READ IN fields at DATE: 2004-10-05 12:00:00 UTC        
 READ IN fields at DATE: 2004-10-05 18:00:00 UTC        
 READ IN fields at DATE: 2004-10-06 00:00:00 UTC        
 READ IN fields at DATE: 2004-10-06 06:00:00 UTC        
 READ IN fields at DATE: 2004-10-06 12:00:00 UTC        
 READ IN fields at DATE: 2004-10-06 18:00:00 UTC        
 READ IN fields at DATE: 2004-10-07 00:00:00 UTC        
 READ IN fields at DATE: 2004-10-07 06:00:00 UTC        
 READ IN fields at DATE: 2004-10-07 12:00:00 UTC        
 READ IN fields at DATE: 2004-10-07 18:00:00 UTC        
 READ IN fields at DATE: 2004-10-08 00:00:00 UTC        
 READ IN fields at DATE: 2004-10-08 06:00:00 UTC        
 READ IN fields at DATE: 2004-10-08 12:00:00 UTC        
 READ IN fields at DATE: 2004-10-08 18:00:00 UTC        
 READ IN fields at DATE: 2004-10-09 00:00:00 UTC        
 READ IN fields at DATE: 2004-10-09 06:00:00 UTC        
 READ IN fields at DATE: 2004-10-09 12:00:00 UTC        
 READ IN fields at DATE: 2004-10-09 18:00:00 UTC        
 READ IN fields at DATE: 2004-10-10 00:00:00 UTC        
 READ IN fields at DATE: 2004-10-10 06:00:00 UTC        
 READ IN fields at DATE: 2004-10-10 12:00:00 UTC        
 READ IN fields at DATE: 2004-10-10 18:00:00 UTC        
 READ IN fields at DATE: 2004-10-11 00:00:00 UTC        
 READ IN fields at DATE: 2004-10-11 06:00:00 UTC        
 READ IN fields at DATE: 2004-10-11 12:00:00 UTC        
 READ IN fields at DATE: 2004-10-11 18:00:00 UTC        
 READ IN fields at DATE: 2004-10-12 00:00:00 UTC        
 READ IN fields at DATE: 2004-10-12 06:00:00 UTC        
 READ IN fields at DATE: 2004-10-12 12:00:00 UTC        
 READ IN fields at DATE: 2004-10-12 18:00:00 UTC        
 READ IN fields at DATE: 2004-10-13 00:00:00 UTC        
 READ IN fields at DATE: 2004-10-13 06:00:00 UTC        
 READ IN fields at DATE: 2004-10-13 12:00:00 UTC        
 READ IN fields at DATE: 2004-10-13 18:00:00 UTC        
 READ IN fields at DATE: 2004-10-14 00:00:00 UTC        
 READ IN fields at DATE: 2004-10-14 06:00:00 UTC        
 READ IN fields at DATE: 2004-10-14 12:00:00 UTC        
 READ IN fields at DATE: 2004-10-14 18:00:00 UTC        
 READ IN fields at DATE: 2004-10-15 00:00:00 UTC        
 READ IN fields at DATE: 2004-10-15 06:00:00 UTC        
 READ IN fields at DATE: 2004-10-15 12:00:00 UTC        
 READ IN fields at DATE: 2004-10-15 18:00:00 UTC        
 READ IN fields at DATE: 2004-10-16 00:00:00 UTC        
 READ IN fields at DATE: 2004-10-16 06:00:00 UTC        
 READ IN fields at DATE: 2004-10-16 12:00:00 UTC        
 READ IN fields at DATE: 2004-10-16 18:00:00 UTC        
 READ IN fields at DATE: 2004-10-17 00:00:00 UTC        
 READ IN fields at DATE: 2004-10-17 06:00:00 UTC        
 READ IN fields at DATE: 2004-10-17 12:00:00 UTC        
 READ IN fields at DATE: 2004-10-17 18:00:00 UTC        
