BIN = bin
SUFFIX = CLM45_BDW

  This is icbc part of the RegCM version 5
   SVN Revision: 5.0.1 compiled at: data : May 14 2024  time: 13:19:30

 : this run start at    : 2024-05-18 08:19:20+0200
 : it is submitted by   : mdasilva
 : it is running on     : r000u10l05
 : in directory         : 
 /marconi/home/userexternal/mdasilva/github_projects/shell/ictp/regcm_exp/cordex
                       
 Using Moloch non-hydrostatic dynamical core
 GLOBIDATE1 :  2006-02-01 00:00:00 UTC        
 GLOBIDATE2 :  2006-03-01 00:00:00 UTC        
 NSTEPS     :          113
 Computing weights, R =      38.89632416 .......... Done.
 Computing weights, R =      38.89632416 .......... Done.
 Computing weights, R =      38.89632416 .......... Done.
      131072 /marconi_work/ICT23_ESP/RCMDATA/ERA5/2006/tatm_2006_02.nc
  2.100880967920027E-003   248.862276585883     
      196608 /marconi_work/ICT23_ESP/RCMDATA/ERA5/2006/geop_2006_02.nc
   7.51315349947736        241604.874282625     
      262144 /marconi_work/ICT23_ESP/RCMDATA/ERA5/2006/qhum_2006_02.nc
  4.129830639554672E-007  1.349808573300793E-002
      327680 /marconi_work/ICT23_ESP/RCMDATA/ERA5/2006/uwnd_2006_02.nc
  3.639498388976618E-003   15.1297339007079     
      393216 /marconi_work/ICT23_ESP/RCMDATA/ERA5/2006/vwnd_2006_02.nc
  2.595886209047350E-003   2.41694546509860     
 READ IN fields at DATE: 2006-02-01 00:00:00 UTC        
 READ IN fields at DATE: 2006-02-01 06:00:00 UTC        
 READ IN fields at DATE: 2006-02-01 12:00:00 UTC        
 READ IN fields at DATE: 2006-02-01 18:00:00 UTC        
 READ IN fields at DATE: 2006-02-02 00:00:00 UTC        
 READ IN fields at DATE: 2006-02-02 06:00:00 UTC        
 READ IN fields at DATE: 2006-02-02 12:00:00 UTC        
 READ IN fields at DATE: 2006-02-02 18:00:00 UTC        
 READ IN fields at DATE: 2006-02-03 00:00:00 UTC        
 READ IN fields at DATE: 2006-02-03 06:00:00 UTC        
 READ IN fields at DATE: 2006-02-03 12:00:00 UTC        
 READ IN fields at DATE: 2006-02-03 18:00:00 UTC        
 READ IN fields at DATE: 2006-02-04 00:00:00 UTC        
 READ IN fields at DATE: 2006-02-04 06:00:00 UTC        
 READ IN fields at DATE: 2006-02-04 12:00:00 UTC        
 READ IN fields at DATE: 2006-02-04 18:00:00 UTC        
 READ IN fields at DATE: 2006-02-05 00:00:00 UTC        
 READ IN fields at DATE: 2006-02-05 06:00:00 UTC        
 READ IN fields at DATE: 2006-02-05 12:00:00 UTC        
 READ IN fields at DATE: 2006-02-05 18:00:00 UTC        
 READ IN fields at DATE: 2006-02-06 00:00:00 UTC        
 READ IN fields at DATE: 2006-02-06 06:00:00 UTC        
 READ IN fields at DATE: 2006-02-06 12:00:00 UTC        
 READ IN fields at DATE: 2006-02-06 18:00:00 UTC        
 READ IN fields at DATE: 2006-02-07 00:00:00 UTC        
 READ IN fields at DATE: 2006-02-07 06:00:00 UTC        
 READ IN fields at DATE: 2006-02-07 12:00:00 UTC        
 READ IN fields at DATE: 2006-02-07 18:00:00 UTC        
 READ IN fields at DATE: 2006-02-08 00:00:00 UTC        
 READ IN fields at DATE: 2006-02-08 06:00:00 UTC        
 READ IN fields at DATE: 2006-02-08 12:00:00 UTC        
 READ IN fields at DATE: 2006-02-08 18:00:00 UTC        
 READ IN fields at DATE: 2006-02-09 00:00:00 UTC        
 READ IN fields at DATE: 2006-02-09 06:00:00 UTC        
 READ IN fields at DATE: 2006-02-09 12:00:00 UTC        
 READ IN fields at DATE: 2006-02-09 18:00:00 UTC        
 READ IN fields at DATE: 2006-02-10 00:00:00 UTC        
 READ IN fields at DATE: 2006-02-10 06:00:00 UTC        
 READ IN fields at DATE: 2006-02-10 12:00:00 UTC        
 READ IN fields at DATE: 2006-02-10 18:00:00 UTC        
 READ IN fields at DATE: 2006-02-11 00:00:00 UTC        
 READ IN fields at DATE: 2006-02-11 06:00:00 UTC        
 READ IN fields at DATE: 2006-02-11 12:00:00 UTC        
 READ IN fields at DATE: 2006-02-11 18:00:00 UTC        
 READ IN fields at DATE: 2006-02-12 00:00:00 UTC        
 READ IN fields at DATE: 2006-02-12 06:00:00 UTC        
 READ IN fields at DATE: 2006-02-12 12:00:00 UTC        
 READ IN fields at DATE: 2006-02-12 18:00:00 UTC        
 READ IN fields at DATE: 2006-02-13 00:00:00 UTC        
 READ IN fields at DATE: 2006-02-13 06:00:00 UTC        
 READ IN fields at DATE: 2006-02-13 12:00:00 UTC        
 READ IN fields at DATE: 2006-02-13 18:00:00 UTC        
 READ IN fields at DATE: 2006-02-14 00:00:00 UTC        
 READ IN fields at DATE: 2006-02-14 06:00:00 UTC        
 READ IN fields at DATE: 2006-02-14 12:00:00 UTC        
 READ IN fields at DATE: 2006-02-14 18:00:00 UTC        
 READ IN fields at DATE: 2006-02-15 00:00:00 UTC        
 READ IN fields at DATE: 2006-02-15 06:00:00 UTC        
 READ IN fields at DATE: 2006-02-15 12:00:00 UTC        
 READ IN fields at DATE: 2006-02-15 18:00:00 UTC        
 READ IN fields at DATE: 2006-02-16 00:00:00 UTC        
 READ IN fields at DATE: 2006-02-16 06:00:00 UTC        
 READ IN fields at DATE: 2006-02-16 12:00:00 UTC        
 READ IN fields at DATE: 2006-02-16 18:00:00 UTC        
 READ IN fields at DATE: 2006-02-17 00:00:00 UTC        
 READ IN fields at DATE: 2006-02-17 06:00:00 UTC        
 READ IN fields at DATE: 2006-02-17 12:00:00 UTC        
 READ IN fields at DATE: 2006-02-17 18:00:00 UTC        
 READ IN fields at DATE: 2006-02-18 00:00:00 UTC        
 READ IN fields at DATE: 2006-02-18 06:00:00 UTC        
 READ IN fields at DATE: 2006-02-18 12:00:00 UTC        
 READ IN fields at DATE: 2006-02-18 18:00:00 UTC        
 READ IN fields at DATE: 2006-02-19 00:00:00 UTC        
 READ IN fields at DATE: 2006-02-19 06:00:00 UTC        
 READ IN fields at DATE: 2006-02-19 12:00:00 UTC        
 READ IN fields at DATE: 2006-02-19 18:00:00 UTC        
 READ IN fields at DATE: 2006-02-20 00:00:00 UTC        
 READ IN fields at DATE: 2006-02-20 06:00:00 UTC        
 READ IN fields at DATE: 2006-02-20 12:00:00 UTC        
 READ IN fields at DATE: 2006-02-20 18:00:00 UTC        
 READ IN fields at DATE: 2006-02-21 00:00:00 UTC        
 READ IN fields at DATE: 2006-02-21 06:00:00 UTC        
 READ IN fields at DATE: 2006-02-21 12:00:00 UTC        
 READ IN fields at DATE: 2006-02-21 18:00:00 UTC        
 READ IN fields at DATE: 2006-02-22 00:00:00 UTC        
 READ IN fields at DATE: 2006-02-22 06:00:00 UTC        
 READ IN fields at DATE: 2006-02-22 12:00:00 UTC        
 READ IN fields at DATE: 2006-02-22 18:00:00 UTC        
 READ IN fields at DATE: 2006-02-23 00:00:00 UTC        
 READ IN fields at DATE: 2006-02-23 06:00:00 UTC        
 READ IN fields at DATE: 2006-02-23 12:00:00 UTC        
 READ IN fields at DATE: 2006-02-23 18:00:00 UTC        
 READ IN fields at DATE: 2006-02-24 00:00:00 UTC        
 READ IN fields at DATE: 2006-02-24 06:00:00 UTC        
 READ IN fields at DATE: 2006-02-24 12:00:00 UTC        
 READ IN fields at DATE: 2006-02-24 18:00:00 UTC        
 READ IN fields at DATE: 2006-02-25 00:00:00 UTC        
 READ IN fields at DATE: 2006-02-25 06:00:00 UTC        
 READ IN fields at DATE: 2006-02-25 12:00:00 UTC        
 READ IN fields at DATE: 2006-02-25 18:00:00 UTC        
 READ IN fields at DATE: 2006-02-26 00:00:00 UTC        
 READ IN fields at DATE: 2006-02-26 06:00:00 UTC        
 READ IN fields at DATE: 2006-02-26 12:00:00 UTC        
 READ IN fields at DATE: 2006-02-26 18:00:00 UTC        
 READ IN fields at DATE: 2006-02-27 00:00:00 UTC        
 READ IN fields at DATE: 2006-02-27 06:00:00 UTC        
 READ IN fields at DATE: 2006-02-27 12:00:00 UTC        
 READ IN fields at DATE: 2006-02-27 18:00:00 UTC        
 READ IN fields at DATE: 2006-02-28 00:00:00 UTC        
 READ IN fields at DATE: 2006-02-28 06:00:00 UTC        
 READ IN fields at DATE: 2006-02-28 12:00:00 UTC        
 READ IN fields at DATE: 2006-02-28 18:00:00 UTC        
      131072 /marconi_work/ICT23_ESP/RCMDATA/ERA5/2006/tatm_2006_03.nc
  2.076474076932137E-003   248.454512910422     
      196608 /marconi_work/ICT23_ESP/RCMDATA/ERA5/2006/geop_2006_03.nc
   7.34958335638152        235520.702161447     
      262144 /marconi_work/ICT23_ESP/RCMDATA/ERA5/2006/qhum_2006_03.nc
  3.849879576274236E-007  1.257850139393851E-002
      327680 /marconi_work/ICT23_ESP/RCMDATA/ERA5/2006/uwnd_2006_03.nc
  2.887934863357249E-003   27.2167567161621     
      393216 /marconi_work/ICT23_ESP/RCMDATA/ERA5/2006/vwnd_2006_03.nc
  2.652024712710342E-003  0.887574744479582     
 READ IN fields at DATE: 2006-03-01 00:00:00 UTC        
 Input ready at : Sat May 18 09:15:04 2024
 Successfully completed ICBC
icbc script complete
