BIN = bin
SUFFIX = CLM45_BDW

  This is icbc part of the RegCM version 5
   SVN Revision: 5.0.1 compiled at: data : May 14 2024  time: 13:19:30

 : this run start at    : 2024-05-18 11:17:10+0200
 : it is submitted by   : mdasilva
 : it is running on     : r000u10l05
 : in directory         : 
 /marconi/home/userexternal/mdasilva/github_projects/shell/ictp/regcm_exp/cordex
                       
 Using Moloch non-hydrostatic dynamical core
 GLOBIDATE1 :  2006-05-01 00:00:00 UTC        
 GLOBIDATE2 :  2006-06-01 00:00:00 UTC        
 NSTEPS     :          125
 Computing weights, R =      38.89632416 .......... Done.
 Computing weights, R =      38.89632416 .......... Done.
 Computing weights, R =      38.89632416 .......... Done.
      131072 /marconi_work/ICT23_ESP/RCMDATA/ERA5/2006/tatm_2006_05.nc
  2.128918553334413E-003   251.678935845899     
      196608 /marconi_work/ICT23_ESP/RCMDATA/ERA5/2006/geop_2006_05.nc
   7.52937248695314        240208.864220007     
      262144 /marconi_work/ICT23_ESP/RCMDATA/ERA5/2006/qhum_2006_05.nc
  3.982791194285897E-007  1.293683411289616E-002
      327680 /marconi_work/ICT23_ESP/RCMDATA/ERA5/2006/uwnd_2006_05.nc
  3.298098322123968E-003   53.7747486559171     
      393216 /marconi_work/ICT23_ESP/RCMDATA/ERA5/2006/vwnd_2006_05.nc
  2.710561714628150E-003  -5.17554198740028     
 READ IN fields at DATE: 2006-05-01 00:00:00 UTC        
 READ IN fields at DATE: 2006-05-01 06:00:00 UTC        
 READ IN fields at DATE: 2006-05-01 12:00:00 UTC        
 READ IN fields at DATE: 2006-05-01 18:00:00 UTC        
 READ IN fields at DATE: 2006-05-02 00:00:00 UTC        
 READ IN fields at DATE: 2006-05-02 06:00:00 UTC        
 READ IN fields at DATE: 2006-05-02 12:00:00 UTC        
 READ IN fields at DATE: 2006-05-02 18:00:00 UTC        
 READ IN fields at DATE: 2006-05-03 00:00:00 UTC        
 READ IN fields at DATE: 2006-05-03 06:00:00 UTC        
 READ IN fields at DATE: 2006-05-03 12:00:00 UTC        
 READ IN fields at DATE: 2006-05-03 18:00:00 UTC        
 READ IN fields at DATE: 2006-05-04 00:00:00 UTC        
 READ IN fields at DATE: 2006-05-04 06:00:00 UTC        
 READ IN fields at DATE: 2006-05-04 12:00:00 UTC        
 READ IN fields at DATE: 2006-05-04 18:00:00 UTC        
 READ IN fields at DATE: 2006-05-05 00:00:00 UTC        
 READ IN fields at DATE: 2006-05-05 06:00:00 UTC        
 READ IN fields at DATE: 2006-05-05 12:00:00 UTC        
 READ IN fields at DATE: 2006-05-05 18:00:00 UTC        
 READ IN fields at DATE: 2006-05-06 00:00:00 UTC        
 READ IN fields at DATE: 2006-05-06 06:00:00 UTC        
 READ IN fields at DATE: 2006-05-06 12:00:00 UTC        
 READ IN fields at DATE: 2006-05-06 18:00:00 UTC        
 READ IN fields at DATE: 2006-05-07 00:00:00 UTC        
 READ IN fields at DATE: 2006-05-07 06:00:00 UTC        
 READ IN fields at DATE: 2006-05-07 12:00:00 UTC        
 READ IN fields at DATE: 2006-05-07 18:00:00 UTC        
 READ IN fields at DATE: 2006-05-08 00:00:00 UTC        
 READ IN fields at DATE: 2006-05-08 06:00:00 UTC        
 READ IN fields at DATE: 2006-05-08 12:00:00 UTC        
 READ IN fields at DATE: 2006-05-08 18:00:00 UTC        
 READ IN fields at DATE: 2006-05-09 00:00:00 UTC        
 READ IN fields at DATE: 2006-05-09 06:00:00 UTC        
 READ IN fields at DATE: 2006-05-09 12:00:00 UTC        
 READ IN fields at DATE: 2006-05-09 18:00:00 UTC        
 READ IN fields at DATE: 2006-05-10 00:00:00 UTC        
 READ IN fields at DATE: 2006-05-10 06:00:00 UTC        
 READ IN fields at DATE: 2006-05-10 12:00:00 UTC        
 READ IN fields at DATE: 2006-05-10 18:00:00 UTC        
 READ IN fields at DATE: 2006-05-11 00:00:00 UTC        
 READ IN fields at DATE: 2006-05-11 06:00:00 UTC        
 READ IN fields at DATE: 2006-05-11 12:00:00 UTC        
 READ IN fields at DATE: 2006-05-11 18:00:00 UTC        
 READ IN fields at DATE: 2006-05-12 00:00:00 UTC        
 READ IN fields at DATE: 2006-05-12 06:00:00 UTC        
 READ IN fields at DATE: 2006-05-12 12:00:00 UTC        
 READ IN fields at DATE: 2006-05-12 18:00:00 UTC        
 READ IN fields at DATE: 2006-05-13 00:00:00 UTC        
 READ IN fields at DATE: 2006-05-13 06:00:00 UTC        
 READ IN fields at DATE: 2006-05-13 12:00:00 UTC        
 READ IN fields at DATE: 2006-05-13 18:00:00 UTC        
 READ IN fields at DATE: 2006-05-14 00:00:00 UTC        
 READ IN fields at DATE: 2006-05-14 06:00:00 UTC        
 READ IN fields at DATE: 2006-05-14 12:00:00 UTC        
 READ IN fields at DATE: 2006-05-14 18:00:00 UTC        
 READ IN fields at DATE: 2006-05-15 00:00:00 UTC        
 READ IN fields at DATE: 2006-05-15 06:00:00 UTC        
 READ IN fields at DATE: 2006-05-15 12:00:00 UTC        
 READ IN fields at DATE: 2006-05-15 18:00:00 UTC        
 READ IN fields at DATE: 2006-05-16 00:00:00 UTC        
 READ IN fields at DATE: 2006-05-16 06:00:00 UTC        
 READ IN fields at DATE: 2006-05-16 12:00:00 UTC        
 READ IN fields at DATE: 2006-05-16 18:00:00 UTC        
 READ IN fields at DATE: 2006-05-17 00:00:00 UTC        
 READ IN fields at DATE: 2006-05-17 06:00:00 UTC        
 READ IN fields at DATE: 2006-05-17 12:00:00 UTC        
 READ IN fields at DATE: 2006-05-17 18:00:00 UTC        
 READ IN fields at DATE: 2006-05-18 00:00:00 UTC        
 READ IN fields at DATE: 2006-05-18 06:00:00 UTC        
 READ IN fields at DATE: 2006-05-18 12:00:00 UTC        
 READ IN fields at DATE: 2006-05-18 18:00:00 UTC        
 READ IN fields at DATE: 2006-05-19 00:00:00 UTC        
 READ IN fields at DATE: 2006-05-19 06:00:00 UTC        
 READ IN fields at DATE: 2006-05-19 12:00:00 UTC        
 READ IN fields at DATE: 2006-05-19 18:00:00 UTC        
 READ IN fields at DATE: 2006-05-20 00:00:00 UTC        
 READ IN fields at DATE: 2006-05-20 06:00:00 UTC        
 READ IN fields at DATE: 2006-05-20 12:00:00 UTC        
 READ IN fields at DATE: 2006-05-20 18:00:00 UTC        
 READ IN fields at DATE: 2006-05-21 00:00:00 UTC        
 READ IN fields at DATE: 2006-05-21 06:00:00 UTC        
 READ IN fields at DATE: 2006-05-21 12:00:00 UTC        
 READ IN fields at DATE: 2006-05-21 18:00:00 UTC        
 READ IN fields at DATE: 2006-05-22 00:00:00 UTC        
 READ IN fields at DATE: 2006-05-22 06:00:00 UTC        
 READ IN fields at DATE: 2006-05-22 12:00:00 UTC        
 READ IN fields at DATE: 2006-05-22 18:00:00 UTC        
 READ IN fields at DATE: 2006-05-23 00:00:00 UTC        
 READ IN fields at DATE: 2006-05-23 06:00:00 UTC        
 READ IN fields at DATE: 2006-05-23 12:00:00 UTC        
 READ IN fields at DATE: 2006-05-23 18:00:00 UTC        
 READ IN fields at DATE: 2006-05-24 00:00:00 UTC        
 READ IN fields at DATE: 2006-05-24 06:00:00 UTC        
 READ IN fields at DATE: 2006-05-24 12:00:00 UTC        
 READ IN fields at DATE: 2006-05-24 18:00:00 UTC        
 READ IN fields at DATE: 2006-05-25 00:00:00 UTC        
 READ IN fields at DATE: 2006-05-25 06:00:00 UTC        
 READ IN fields at DATE: 2006-05-25 12:00:00 UTC        
 READ IN fields at DATE: 2006-05-25 18:00:00 UTC        
 READ IN fields at DATE: 2006-05-26 00:00:00 UTC        
 READ IN fields at DATE: 2006-05-26 06:00:00 UTC        
 READ IN fields at DATE: 2006-05-26 12:00:00 UTC        
 READ IN fields at DATE: 2006-05-26 18:00:00 UTC        
 READ IN fields at DATE: 2006-05-27 00:00:00 UTC        
 READ IN fields at DATE: 2006-05-27 06:00:00 UTC        
 READ IN fields at DATE: 2006-05-27 12:00:00 UTC        
 READ IN fields at DATE: 2006-05-27 18:00:00 UTC        
 READ IN fields at DATE: 2006-05-28 00:00:00 UTC        
 READ IN fields at DATE: 2006-05-28 06:00:00 UTC        
 READ IN fields at DATE: 2006-05-28 12:00:00 UTC        
 READ IN fields at DATE: 2006-05-28 18:00:00 UTC        
 READ IN fields at DATE: 2006-05-29 00:00:00 UTC        
 READ IN fields at DATE: 2006-05-29 06:00:00 UTC        
 READ IN fields at DATE: 2006-05-29 12:00:00 UTC        
 READ IN fields at DATE: 2006-05-29 18:00:00 UTC        
 READ IN fields at DATE: 2006-05-30 00:00:00 UTC        
 READ IN fields at DATE: 2006-05-30 06:00:00 UTC        
 READ IN fields at DATE: 2006-05-30 12:00:00 UTC        
 READ IN fields at DATE: 2006-05-30 18:00:00 UTC        
 READ IN fields at DATE: 2006-05-31 00:00:00 UTC        
 READ IN fields at DATE: 2006-05-31 06:00:00 UTC        
 READ IN fields at DATE: 2006-05-31 12:00:00 UTC        
 READ IN fields at DATE: 2006-05-31 18:00:00 UTC        
      131072 /marconi_work/ICT23_ESP/RCMDATA/ERA5/2006/tatm_2006_06.nc
  2.381496182922630E-003   247.010665331010     
      196608 /marconi_work/ICT23_ESP/RCMDATA/ERA5/2006/geop_2006_06.nc
   7.63045306133932        243536.132039094     
      262144 /marconi_work/ICT23_ESP/RCMDATA/ERA5/2006/qhum_2006_06.nc
  4.249138545072070E-007  1.381740519276544E-002
      327680 /marconi_work/ICT23_ESP/RCMDATA/ERA5/2006/uwnd_2006_06.nc
  4.148891127013298E-003   58.5939033376396     
      393216 /marconi_work/ICT23_ESP/RCMDATA/ERA5/2006/vwnd_2006_06.nc
  2.576768075399512E-003   7.50054267064980     
 READ IN fields at DATE: 2006-06-01 00:00:00 UTC        
 Input ready at : Sat May 18 12:18:08 2024
 Successfully completed ICBC
icbc script complete
