BIN = bin
SUFFIX = CLM45_BDW

  This is icbc part of the RegCM version 5
   SVN Revision: 5.0.1 compiled at: data : May 14 2024  time: 13:19:30

 : this run start at    : 2024-05-19 00:03:48+0200
 : it is submitted by   : mdasilva
 : it is running on     : r000u10l05
 : in directory         : 
 /marconi/home/userexternal/mdasilva/github_projects/shell/ictp/regcm_exp/cordex
                       
 Using Moloch non-hydrostatic dynamical core
 GLOBIDATE1 :  2007-06-01 00:00:00 UTC        
 GLOBIDATE2 :  2007-07-01 00:00:00 UTC        
 NSTEPS     :          121
 Computing weights, R =      38.89632416 .......... Done.
 Computing weights, R =      38.89632416 .......... Done.
 Computing weights, R =      38.89632416 .......... Done.
      131072 /marconi_work/ICT23_ESP/RCMDATA/ERA5/2007/tatm_2007_06.nc
  2.268736029894409E-003   249.338366059231     
      196608 /marconi_work/ICT23_ESP/RCMDATA/ERA5/2007/geop_2007_06.nc
   7.61203676725848        243706.266247241     
      262144 /marconi_work/ICT23_ESP/RCMDATA/ERA5/2007/qhum_2007_06.nc
  4.311964832365501E-007  1.407887833804708E-002
      327680 /marconi_work/ICT23_ESP/RCMDATA/ERA5/2007/uwnd_2007_06.nc
  4.208804221027598E-003   66.7961210007215     
      393216 /marconi_work/ICT23_ESP/RCMDATA/ERA5/2007/vwnd_2007_06.nc
  3.118668951854409E-003   8.08691112450845     
 READ IN fields at DATE: 2007-06-01 00:00:00 UTC        
 READ IN fields at DATE: 2007-06-01 06:00:00 UTC        
 READ IN fields at DATE: 2007-06-01 12:00:00 UTC        
 READ IN fields at DATE: 2007-06-01 18:00:00 UTC        
 READ IN fields at DATE: 2007-06-02 00:00:00 UTC        
 READ IN fields at DATE: 2007-06-02 06:00:00 UTC        
 READ IN fields at DATE: 2007-06-02 12:00:00 UTC        
 READ IN fields at DATE: 2007-06-02 18:00:00 UTC        
 READ IN fields at DATE: 2007-06-03 00:00:00 UTC        
 READ IN fields at DATE: 2007-06-03 06:00:00 UTC        
 READ IN fields at DATE: 2007-06-03 12:00:00 UTC        
 READ IN fields at DATE: 2007-06-03 18:00:00 UTC        
 READ IN fields at DATE: 2007-06-04 00:00:00 UTC        
 READ IN fields at DATE: 2007-06-04 06:00:00 UTC        
 READ IN fields at DATE: 2007-06-04 12:00:00 UTC        
 READ IN fields at DATE: 2007-06-04 18:00:00 UTC        
 READ IN fields at DATE: 2007-06-05 00:00:00 UTC        
 READ IN fields at DATE: 2007-06-05 06:00:00 UTC        
 READ IN fields at DATE: 2007-06-05 12:00:00 UTC        
 READ IN fields at DATE: 2007-06-05 18:00:00 UTC        
 READ IN fields at DATE: 2007-06-06 00:00:00 UTC        
 READ IN fields at DATE: 2007-06-06 06:00:00 UTC        
 READ IN fields at DATE: 2007-06-06 12:00:00 UTC        
 READ IN fields at DATE: 2007-06-06 18:00:00 UTC        
 READ IN fields at DATE: 2007-06-07 00:00:00 UTC        
 READ IN fields at DATE: 2007-06-07 06:00:00 UTC        
 READ IN fields at DATE: 2007-06-07 12:00:00 UTC        
 READ IN fields at DATE: 2007-06-07 18:00:00 UTC        
 READ IN fields at DATE: 2007-06-08 00:00:00 UTC        
 READ IN fields at DATE: 2007-06-08 06:00:00 UTC        
 READ IN fields at DATE: 2007-06-08 12:00:00 UTC        
 READ IN fields at DATE: 2007-06-08 18:00:00 UTC        
 READ IN fields at DATE: 2007-06-09 00:00:00 UTC        
 READ IN fields at DATE: 2007-06-09 06:00:00 UTC        
 READ IN fields at DATE: 2007-06-09 12:00:00 UTC        
 READ IN fields at DATE: 2007-06-09 18:00:00 UTC        
 READ IN fields at DATE: 2007-06-10 00:00:00 UTC        
 READ IN fields at DATE: 2007-06-10 06:00:00 UTC        
 READ IN fields at DATE: 2007-06-10 12:00:00 UTC        
 READ IN fields at DATE: 2007-06-10 18:00:00 UTC        
 READ IN fields at DATE: 2007-06-11 00:00:00 UTC        
 READ IN fields at DATE: 2007-06-11 06:00:00 UTC        
 READ IN fields at DATE: 2007-06-11 12:00:00 UTC        
 READ IN fields at DATE: 2007-06-11 18:00:00 UTC        
 READ IN fields at DATE: 2007-06-12 00:00:00 UTC        
 READ IN fields at DATE: 2007-06-12 06:00:00 UTC        
 READ IN fields at DATE: 2007-06-12 12:00:00 UTC        
 READ IN fields at DATE: 2007-06-12 18:00:00 UTC        
 READ IN fields at DATE: 2007-06-13 00:00:00 UTC        
 READ IN fields at DATE: 2007-06-13 06:00:00 UTC        
 READ IN fields at DATE: 2007-06-13 12:00:00 UTC        
 READ IN fields at DATE: 2007-06-13 18:00:00 UTC        
 READ IN fields at DATE: 2007-06-14 00:00:00 UTC        
 READ IN fields at DATE: 2007-06-14 06:00:00 UTC        
 READ IN fields at DATE: 2007-06-14 12:00:00 UTC        
 READ IN fields at DATE: 2007-06-14 18:00:00 UTC        
 READ IN fields at DATE: 2007-06-15 00:00:00 UTC        
 READ IN fields at DATE: 2007-06-15 06:00:00 UTC        
 READ IN fields at DATE: 2007-06-15 12:00:00 UTC        
 READ IN fields at DATE: 2007-06-15 18:00:00 UTC        
 READ IN fields at DATE: 2007-06-16 00:00:00 UTC        
 READ IN fields at DATE: 2007-06-16 06:00:00 UTC        
 READ IN fields at DATE: 2007-06-16 12:00:00 UTC        
 READ IN fields at DATE: 2007-06-16 18:00:00 UTC        
 READ IN fields at DATE: 2007-06-17 00:00:00 UTC        
 READ IN fields at DATE: 2007-06-17 06:00:00 UTC        
 READ IN fields at DATE: 2007-06-17 12:00:00 UTC        
 READ IN fields at DATE: 2007-06-17 18:00:00 UTC        
 READ IN fields at DATE: 2007-06-18 00:00:00 UTC        
 READ IN fields at DATE: 2007-06-18 06:00:00 UTC        
 READ IN fields at DATE: 2007-06-18 12:00:00 UTC        
 READ IN fields at DATE: 2007-06-18 18:00:00 UTC        
 READ IN fields at DATE: 2007-06-19 00:00:00 UTC        
 READ IN fields at DATE: 2007-06-19 06:00:00 UTC        
 READ IN fields at DATE: 2007-06-19 12:00:00 UTC        
 READ IN fields at DATE: 2007-06-19 18:00:00 UTC        
 READ IN fields at DATE: 2007-06-20 00:00:00 UTC        
 READ IN fields at DATE: 2007-06-20 06:00:00 UTC        
 READ IN fields at DATE: 2007-06-20 12:00:00 UTC        
 READ IN fields at DATE: 2007-06-20 18:00:00 UTC        
 READ IN fields at DATE: 2007-06-21 00:00:00 UTC        
 READ IN fields at DATE: 2007-06-21 06:00:00 UTC        
 READ IN fields at DATE: 2007-06-21 12:00:00 UTC        
 READ IN fields at DATE: 2007-06-21 18:00:00 UTC        
 READ IN fields at DATE: 2007-06-22 00:00:00 UTC        
 READ IN fields at DATE: 2007-06-22 06:00:00 UTC        
 READ IN fields at DATE: 2007-06-22 12:00:00 UTC        
 READ IN fields at DATE: 2007-06-22 18:00:00 UTC        
 READ IN fields at DATE: 2007-06-23 00:00:00 UTC        
 READ IN fields at DATE: 2007-06-23 06:00:00 UTC        
 READ IN fields at DATE: 2007-06-23 12:00:00 UTC        
 READ IN fields at DATE: 2007-06-23 18:00:00 UTC        
 READ IN fields at DATE: 2007-06-24 00:00:00 UTC        
 READ IN fields at DATE: 2007-06-24 06:00:00 UTC        
 READ IN fields at DATE: 2007-06-24 12:00:00 UTC        
 READ IN fields at DATE: 2007-06-24 18:00:00 UTC        
 READ IN fields at DATE: 2007-06-25 00:00:00 UTC        
 READ IN fields at DATE: 2007-06-25 06:00:00 UTC        
 READ IN fields at DATE: 2007-06-25 12:00:00 UTC        
 READ IN fields at DATE: 2007-06-25 18:00:00 UTC        
 READ IN fields at DATE: 2007-06-26 00:00:00 UTC        
 READ IN fields at DATE: 2007-06-26 06:00:00 UTC        
 READ IN fields at DATE: 2007-06-26 12:00:00 UTC        
 READ IN fields at DATE: 2007-06-26 18:00:00 UTC        
 READ IN fields at DATE: 2007-06-27 00:00:00 UTC        
 READ IN fields at DATE: 2007-06-27 06:00:00 UTC        
 READ IN fields at DATE: 2007-06-27 12:00:00 UTC        
 READ IN fields at DATE: 2007-06-27 18:00:00 UTC        
 READ IN fields at DATE: 2007-06-28 00:00:00 UTC        
 READ IN fields at DATE: 2007-06-28 06:00:00 UTC        
 READ IN fields at DATE: 2007-06-28 12:00:00 UTC        
 READ IN fields at DATE: 2007-06-28 18:00:00 UTC        
 READ IN fields at DATE: 2007-06-29 00:00:00 UTC        
 READ IN fields at DATE: 2007-06-29 06:00:00 UTC        
 READ IN fields at DATE: 2007-06-29 12:00:00 UTC        
 READ IN fields at DATE: 2007-06-29 18:00:00 UTC        
 READ IN fields at DATE: 2007-06-30 00:00:00 UTC        
 READ IN fields at DATE: 2007-06-30 06:00:00 UTC        
 READ IN fields at DATE: 2007-06-30 12:00:00 UTC        
 READ IN fields at DATE: 2007-06-30 18:00:00 UTC        
      131072 /marconi_work/ICT23_ESP/RCMDATA/ERA5/2007/tatm_2007_07.nc
  2.288753396651663E-003   248.748298677501     
      196608 /marconi_work/ICT23_ESP/RCMDATA/ERA5/2007/geop_2007_07.nc
   7.61268374568919        243725.816705002     
      262144 /marconi_work/ICT23_ESP/RCMDATA/ERA5/2007/qhum_2007_07.nc
  5.634676899489561E-007  1.834435527904271E-002
      327680 /marconi_work/ICT23_ESP/RCMDATA/ERA5/2007/uwnd_2007_07.nc
  4.362869955398187E-003   56.5345312115067     
      393216 /marconi_work/ICT23_ESP/RCMDATA/ERA5/2007/vwnd_2007_07.nc
  3.408215027847373E-003   11.7795001161189     
 READ IN fields at DATE: 2007-07-01 00:00:00 UTC        
 Input ready at : Sun May 19 00:59:25 2024
 Successfully completed ICBC
icbc script complete
