BIN = bin
SUFFIX = CLM45_BDW

  This is icbc part of the RegCM version 5
   SVN Revision: 5.0.1 compiled at: data : May 14 2024  time: 13:19:30

 : this run start at    : 2024-05-19 22:55:55+0200
 : it is submitted by   : mdasilva
 : it is running on     : r000u10l05
 : in directory         : 
 /marconi/home/userexternal/mdasilva/github_projects/shell/ictp/regcm_exp/cordex
                       
 Using Moloch non-hydrostatic dynamical core
 GLOBIDATE1 :  2009-06-01 00:00:00 UTC        
 GLOBIDATE2 :  2009-07-01 00:00:00 UTC        
 NSTEPS     :          121
 Computing weights, R =      38.89632416 .......... Done.
 Computing weights, R =      38.89632416 .......... Done.
 Computing weights, R =      38.89632416 .......... Done.
      131072 /marconi_work/ICT23_ESP/RCMDATA/ERA5/2009/tatm_2009_06.nc
  2.210231160076316E-003   249.604287340475     
      196608 /marconi_work/ICT23_ESP/RCMDATA/ERA5/2009/geop_2009_06.nc
   7.60797273654113        243937.494841757     
      262144 /marconi_work/ICT23_ESP/RCMDATA/ERA5/2009/qhum_2009_06.nc
  4.237448066883100E-007  1.376366825873349E-002
      327680 /marconi_work/ICT23_ESP/RCMDATA/ERA5/2009/uwnd_2009_06.nc
  3.940890964747127E-003   53.3215082532481     
      393216 /marconi_work/ICT23_ESP/RCMDATA/ERA5/2009/vwnd_2009_06.nc
  2.545383629106114E-003   3.97271870222842     
 READ IN fields at DATE: 2009-06-01 00:00:00 UTC        
 READ IN fields at DATE: 2009-06-01 06:00:00 UTC        
 READ IN fields at DATE: 2009-06-01 12:00:00 UTC        
 READ IN fields at DATE: 2009-06-01 18:00:00 UTC        
 READ IN fields at DATE: 2009-06-02 00:00:00 UTC        
 READ IN fields at DATE: 2009-06-02 06:00:00 UTC        
 READ IN fields at DATE: 2009-06-02 12:00:00 UTC        
 READ IN fields at DATE: 2009-06-02 18:00:00 UTC        
 READ IN fields at DATE: 2009-06-03 00:00:00 UTC        
 READ IN fields at DATE: 2009-06-03 06:00:00 UTC        
 READ IN fields at DATE: 2009-06-03 12:00:00 UTC        
 READ IN fields at DATE: 2009-06-03 18:00:00 UTC        
 READ IN fields at DATE: 2009-06-04 00:00:00 UTC        
 READ IN fields at DATE: 2009-06-04 06:00:00 UTC        
 READ IN fields at DATE: 2009-06-04 12:00:00 UTC        
 READ IN fields at DATE: 2009-06-04 18:00:00 UTC        
 READ IN fields at DATE: 2009-06-05 00:00:00 UTC        
 READ IN fields at DATE: 2009-06-05 06:00:00 UTC        
 READ IN fields at DATE: 2009-06-05 12:00:00 UTC        
 READ IN fields at DATE: 2009-06-05 18:00:00 UTC        
 READ IN fields at DATE: 2009-06-06 00:00:00 UTC        
 READ IN fields at DATE: 2009-06-06 06:00:00 UTC        
 READ IN fields at DATE: 2009-06-06 12:00:00 UTC        
 READ IN fields at DATE: 2009-06-06 18:00:00 UTC        
 READ IN fields at DATE: 2009-06-07 00:00:00 UTC        
 READ IN fields at DATE: 2009-06-07 06:00:00 UTC        
 READ IN fields at DATE: 2009-06-07 12:00:00 UTC        
 READ IN fields at DATE: 2009-06-07 18:00:00 UTC        
 READ IN fields at DATE: 2009-06-08 00:00:00 UTC        
 READ IN fields at DATE: 2009-06-08 06:00:00 UTC        
 READ IN fields at DATE: 2009-06-08 12:00:00 UTC        
 READ IN fields at DATE: 2009-06-08 18:00:00 UTC        
 READ IN fields at DATE: 2009-06-09 00:00:00 UTC        
 READ IN fields at DATE: 2009-06-09 06:00:00 UTC        
 READ IN fields at DATE: 2009-06-09 12:00:00 UTC        
 READ IN fields at DATE: 2009-06-09 18:00:00 UTC        
 READ IN fields at DATE: 2009-06-10 00:00:00 UTC        
 READ IN fields at DATE: 2009-06-10 06:00:00 UTC        
 READ IN fields at DATE: 2009-06-10 12:00:00 UTC        
 READ IN fields at DATE: 2009-06-10 18:00:00 UTC        
 READ IN fields at DATE: 2009-06-11 00:00:00 UTC        
 READ IN fields at DATE: 2009-06-11 06:00:00 UTC        
 READ IN fields at DATE: 2009-06-11 12:00:00 UTC        
 READ IN fields at DATE: 2009-06-11 18:00:00 UTC        
 READ IN fields at DATE: 2009-06-12 00:00:00 UTC        
 READ IN fields at DATE: 2009-06-12 06:00:00 UTC        
 READ IN fields at DATE: 2009-06-12 12:00:00 UTC        
 READ IN fields at DATE: 2009-06-12 18:00:00 UTC        
 READ IN fields at DATE: 2009-06-13 00:00:00 UTC        
 READ IN fields at DATE: 2009-06-13 06:00:00 UTC        
 READ IN fields at DATE: 2009-06-13 12:00:00 UTC        
 READ IN fields at DATE: 2009-06-13 18:00:00 UTC        
 READ IN fields at DATE: 2009-06-14 00:00:00 UTC        
 READ IN fields at DATE: 2009-06-14 06:00:00 UTC        
 READ IN fields at DATE: 2009-06-14 12:00:00 UTC        
 READ IN fields at DATE: 2009-06-14 18:00:00 UTC        
 READ IN fields at DATE: 2009-06-15 00:00:00 UTC        
 READ IN fields at DATE: 2009-06-15 06:00:00 UTC        
 READ IN fields at DATE: 2009-06-15 12:00:00 UTC        
 READ IN fields at DATE: 2009-06-15 18:00:00 UTC        
 READ IN fields at DATE: 2009-06-16 00:00:00 UTC        
 READ IN fields at DATE: 2009-06-16 06:00:00 UTC        
 READ IN fields at DATE: 2009-06-16 12:00:00 UTC        
 READ IN fields at DATE: 2009-06-16 18:00:00 UTC        
 READ IN fields at DATE: 2009-06-17 00:00:00 UTC        
 READ IN fields at DATE: 2009-06-17 06:00:00 UTC        
 READ IN fields at DATE: 2009-06-17 12:00:00 UTC        
 READ IN fields at DATE: 2009-06-17 18:00:00 UTC        
 READ IN fields at DATE: 2009-06-18 00:00:00 UTC        
 READ IN fields at DATE: 2009-06-18 06:00:00 UTC        
 READ IN fields at DATE: 2009-06-18 12:00:00 UTC        
 READ IN fields at DATE: 2009-06-18 18:00:00 UTC        
 READ IN fields at DATE: 2009-06-19 00:00:00 UTC        
 READ IN fields at DATE: 2009-06-19 06:00:00 UTC        
 READ IN fields at DATE: 2009-06-19 12:00:00 UTC        
 READ IN fields at DATE: 2009-06-19 18:00:00 UTC        
 READ IN fields at DATE: 2009-06-20 00:00:00 UTC        
 READ IN fields at DATE: 2009-06-20 06:00:00 UTC        
 READ IN fields at DATE: 2009-06-20 12:00:00 UTC        
 READ IN fields at DATE: 2009-06-20 18:00:00 UTC        
 READ IN fields at DATE: 2009-06-21 00:00:00 UTC        
 READ IN fields at DATE: 2009-06-21 06:00:00 UTC        
 READ IN fields at DATE: 2009-06-21 12:00:00 UTC        
 READ IN fields at DATE: 2009-06-21 18:00:00 UTC        
 READ IN fields at DATE: 2009-06-22 00:00:00 UTC        
 READ IN fields at DATE: 2009-06-22 06:00:00 UTC        
 READ IN fields at DATE: 2009-06-22 12:00:00 UTC        
 READ IN fields at DATE: 2009-06-22 18:00:00 UTC        
 READ IN fields at DATE: 2009-06-23 00:00:00 UTC        
 READ IN fields at DATE: 2009-06-23 06:00:00 UTC        
 READ IN fields at DATE: 2009-06-23 12:00:00 UTC        
 READ IN fields at DATE: 2009-06-23 18:00:00 UTC        
 READ IN fields at DATE: 2009-06-24 00:00:00 UTC        
 READ IN fields at DATE: 2009-06-24 06:00:00 UTC        
 READ IN fields at DATE: 2009-06-24 12:00:00 UTC        
 READ IN fields at DATE: 2009-06-24 18:00:00 UTC        
 READ IN fields at DATE: 2009-06-25 00:00:00 UTC        
 READ IN fields at DATE: 2009-06-25 06:00:00 UTC        
 READ IN fields at DATE: 2009-06-25 12:00:00 UTC        
 READ IN fields at DATE: 2009-06-25 18:00:00 UTC        
 READ IN fields at DATE: 2009-06-26 00:00:00 UTC        
 READ IN fields at DATE: 2009-06-26 06:00:00 UTC        
 READ IN fields at DATE: 2009-06-26 12:00:00 UTC        
 READ IN fields at DATE: 2009-06-26 18:00:00 UTC        
 READ IN fields at DATE: 2009-06-27 00:00:00 UTC        
 READ IN fields at DATE: 2009-06-27 06:00:00 UTC        
 READ IN fields at DATE: 2009-06-27 12:00:00 UTC        
 READ IN fields at DATE: 2009-06-27 18:00:00 UTC        
 READ IN fields at DATE: 2009-06-28 00:00:00 UTC        
 READ IN fields at DATE: 2009-06-28 06:00:00 UTC        
 READ IN fields at DATE: 2009-06-28 12:00:00 UTC        
 READ IN fields at DATE: 2009-06-28 18:00:00 UTC        
 READ IN fields at DATE: 2009-06-29 00:00:00 UTC        
 READ IN fields at DATE: 2009-06-29 06:00:00 UTC        
 READ IN fields at DATE: 2009-06-29 12:00:00 UTC        
 READ IN fields at DATE: 2009-06-29 18:00:00 UTC        
 READ IN fields at DATE: 2009-06-30 00:00:00 UTC        
 READ IN fields at DATE: 2009-06-30 06:00:00 UTC        
 READ IN fields at DATE: 2009-06-30 12:00:00 UTC        
 READ IN fields at DATE: 2009-06-30 18:00:00 UTC        
      131072 /marconi_work/ICT23_ESP/RCMDATA/ERA5/2009/tatm_2009_07.nc
  2.313327933377196E-003   248.409983777928     
      196608 /marconi_work/ICT23_ESP/RCMDATA/ERA5/2009/geop_2009_07.nc
   7.61685685789984        243957.513837196     
      262144 /marconi_work/ICT23_ESP/RCMDATA/ERA5/2009/qhum_2009_07.nc
  4.517950254558309E-007  1.473079180737665E-002
      327680 /marconi_work/ICT23_ESP/RCMDATA/ERA5/2009/uwnd_2009_07.nc
  4.528752851542234E-003   69.7230087558984     
      393216 /marconi_work/ICT23_ESP/RCMDATA/ERA5/2009/vwnd_2009_07.nc
  2.815116540163925E-003   6.30962759797992     
 READ IN fields at DATE: 2009-07-01 00:00:00 UTC        
 Input ready at : Sun May 19 23:51:47 2024
 Successfully completed ICBC
icbc script complete
