BIN = bin
SUFFIX = CLM45_BDW

  This is icbc part of the RegCM version 5
   SVN Revision: 5.0.1 compiled at: data : May 14 2024  time: 13:19:30

 : this run start at    : 2024-05-14 20:24:05+0200
 : it is submitted by   : mdasilva
 : it is running on     : r000u10l05
 : in directory         : 
 /marconi/home/userexternal/mdasilva/github_projects/shell/ictp/regcm_exp/cordex
                       
 Using Moloch non-hydrostatic dynamical core
 GLOBIDATE1 :  1999-03-01 00:00:00 UTC        
 GLOBIDATE2 :  1999-04-01 00:00:00 UTC        
 NSTEPS     :          125
 Computing weights, R =      38.89632416 .......... Done.
 Computing weights, R =      38.89632416 .......... Done.
 Computing weights, R =      38.89632416 .......... Done.
      131072 /marconi_work/ICT23_ESP/RCMDATA/ERA5/1999/tatm_1999_03.nc
  2.063887141813333E-003   249.661107949007     
      196608 /marconi_work/ICT23_ESP/RCMDATA/ERA5/1999/geop_1999_03.nc
   7.33366389595700        235059.022621177     
      262144 /marconi_work/ICT23_ESP/RCMDATA/ERA5/1999/qhum_1999_03.nc
  3.713663863783018E-007  1.214898318646192E-002
      327680 /marconi_work/ICT23_ESP/RCMDATA/ERA5/1999/uwnd_1999_03.nc
  2.903707067491283E-003   13.7841926777163     
      393216 /marconi_work/ICT23_ESP/RCMDATA/ERA5/1999/vwnd_1999_03.nc
  2.687748855195689E-003 -1.305727454941594E-003
 READ IN fields at DATE: 1999-03-01 00:00:00 UTC        
 READ IN fields at DATE: 1999-03-01 06:00:00 UTC        
 READ IN fields at DATE: 1999-03-01 12:00:00 UTC        
 READ IN fields at DATE: 1999-03-01 18:00:00 UTC        
 READ IN fields at DATE: 1999-03-02 00:00:00 UTC        
 READ IN fields at DATE: 1999-03-02 06:00:00 UTC        
 READ IN fields at DATE: 1999-03-02 12:00:00 UTC        
 READ IN fields at DATE: 1999-03-02 18:00:00 UTC        
 READ IN fields at DATE: 1999-03-03 00:00:00 UTC        
 READ IN fields at DATE: 1999-03-03 06:00:00 UTC        
 READ IN fields at DATE: 1999-03-03 12:00:00 UTC        
 READ IN fields at DATE: 1999-03-03 18:00:00 UTC        
 READ IN fields at DATE: 1999-03-04 00:00:00 UTC        
 READ IN fields at DATE: 1999-03-04 06:00:00 UTC        
 READ IN fields at DATE: 1999-03-04 12:00:00 UTC        
 READ IN fields at DATE: 1999-03-04 18:00:00 UTC        
 READ IN fields at DATE: 1999-03-05 00:00:00 UTC        
 READ IN fields at DATE: 1999-03-05 06:00:00 UTC        
 READ IN fields at DATE: 1999-03-05 12:00:00 UTC        
 READ IN fields at DATE: 1999-03-05 18:00:00 UTC        
 READ IN fields at DATE: 1999-03-06 00:00:00 UTC        
 READ IN fields at DATE: 1999-03-06 06:00:00 UTC        
 READ IN fields at DATE: 1999-03-06 12:00:00 UTC        
 READ IN fields at DATE: 1999-03-06 18:00:00 UTC        
 READ IN fields at DATE: 1999-03-07 00:00:00 UTC        
 READ IN fields at DATE: 1999-03-07 06:00:00 UTC        
 READ IN fields at DATE: 1999-03-07 12:00:00 UTC        
 READ IN fields at DATE: 1999-03-07 18:00:00 UTC        
 READ IN fields at DATE: 1999-03-08 00:00:00 UTC        
 READ IN fields at DATE: 1999-03-08 06:00:00 UTC        
 READ IN fields at DATE: 1999-03-08 12:00:00 UTC        
 READ IN fields at DATE: 1999-03-08 18:00:00 UTC        
 READ IN fields at DATE: 1999-03-09 00:00:00 UTC        
 READ IN fields at DATE: 1999-03-09 06:00:00 UTC        
 READ IN fields at DATE: 1999-03-09 12:00:00 UTC        
 READ IN fields at DATE: 1999-03-09 18:00:00 UTC        
 READ IN fields at DATE: 1999-03-10 00:00:00 UTC        
 READ IN fields at DATE: 1999-03-10 06:00:00 UTC        
 READ IN fields at DATE: 1999-03-10 12:00:00 UTC        
 READ IN fields at DATE: 1999-03-10 18:00:00 UTC        
 READ IN fields at DATE: 1999-03-11 00:00:00 UTC        
 READ IN fields at DATE: 1999-03-11 06:00:00 UTC        
 READ IN fields at DATE: 1999-03-11 12:00:00 UTC        
 READ IN fields at DATE: 1999-03-11 18:00:00 UTC        
 READ IN fields at DATE: 1999-03-12 00:00:00 UTC        
 READ IN fields at DATE: 1999-03-12 06:00:00 UTC        
 READ IN fields at DATE: 1999-03-12 12:00:00 UTC        
 READ IN fields at DATE: 1999-03-12 18:00:00 UTC        
 READ IN fields at DATE: 1999-03-13 00:00:00 UTC        
 READ IN fields at DATE: 1999-03-13 06:00:00 UTC        
 READ IN fields at DATE: 1999-03-13 12:00:00 UTC        
 READ IN fields at DATE: 1999-03-13 18:00:00 UTC        
 READ IN fields at DATE: 1999-03-14 00:00:00 UTC        
 READ IN fields at DATE: 1999-03-14 06:00:00 UTC        
 READ IN fields at DATE: 1999-03-14 12:00:00 UTC        
 READ IN fields at DATE: 1999-03-14 18:00:00 UTC        
 READ IN fields at DATE: 1999-03-15 00:00:00 UTC        
 READ IN fields at DATE: 1999-03-15 06:00:00 UTC        
 READ IN fields at DATE: 1999-03-15 12:00:00 UTC        
 READ IN fields at DATE: 1999-03-15 18:00:00 UTC        
 READ IN fields at DATE: 1999-03-16 00:00:00 UTC        
 READ IN fields at DATE: 1999-03-16 06:00:00 UTC        
 READ IN fields at DATE: 1999-03-16 12:00:00 UTC        
 READ IN fields at DATE: 1999-03-16 18:00:00 UTC        
 READ IN fields at DATE: 1999-03-17 00:00:00 UTC        
 READ IN fields at DATE: 1999-03-17 06:00:00 UTC        
 READ IN fields at DATE: 1999-03-17 12:00:00 UTC        
 READ IN fields at DATE: 1999-03-17 18:00:00 UTC        
 READ IN fields at DATE: 1999-03-18 00:00:00 UTC        
 READ IN fields at DATE: 1999-03-18 06:00:00 UTC        
 READ IN fields at DATE: 1999-03-18 12:00:00 UTC        
 READ IN fields at DATE: 1999-03-18 18:00:00 UTC        
 READ IN fields at DATE: 1999-03-19 00:00:00 UTC        
 READ IN fields at DATE: 1999-03-19 06:00:00 UTC        
 READ IN fields at DATE: 1999-03-19 12:00:00 UTC        
 READ IN fields at DATE: 1999-03-19 18:00:00 UTC        
 READ IN fields at DATE: 1999-03-20 00:00:00 UTC        
 READ IN fields at DATE: 1999-03-20 06:00:00 UTC        
 READ IN fields at DATE: 1999-03-20 12:00:00 UTC        
 READ IN fields at DATE: 1999-03-20 18:00:00 UTC        
 READ IN fields at DATE: 1999-03-21 00:00:00 UTC        
 READ IN fields at DATE: 1999-03-21 06:00:00 UTC        
 READ IN fields at DATE: 1999-03-21 12:00:00 UTC        
 READ IN fields at DATE: 1999-03-21 18:00:00 UTC        
 READ IN fields at DATE: 1999-03-22 00:00:00 UTC        
 READ IN fields at DATE: 1999-03-22 06:00:00 UTC        
 READ IN fields at DATE: 1999-03-22 12:00:00 UTC        
 READ IN fields at DATE: 1999-03-22 18:00:00 UTC        
 READ IN fields at DATE: 1999-03-23 00:00:00 UTC        
 READ IN fields at DATE: 1999-03-23 06:00:00 UTC        
 READ IN fields at DATE: 1999-03-23 12:00:00 UTC        
 READ IN fields at DATE: 1999-03-23 18:00:00 UTC        
 READ IN fields at DATE: 1999-03-24 00:00:00 UTC        
 READ IN fields at DATE: 1999-03-24 06:00:00 UTC        
 READ IN fields at DATE: 1999-03-24 12:00:00 UTC        
 READ IN fields at DATE: 1999-03-24 18:00:00 UTC        
 READ IN fields at DATE: 1999-03-25 00:00:00 UTC        
 READ IN fields at DATE: 1999-03-25 06:00:00 UTC        
 READ IN fields at DATE: 1999-03-25 12:00:00 UTC        
 READ IN fields at DATE: 1999-03-25 18:00:00 UTC        
 READ IN fields at DATE: 1999-03-26 00:00:00 UTC        
 READ IN fields at DATE: 1999-03-26 06:00:00 UTC        
 READ IN fields at DATE: 1999-03-26 12:00:00 UTC        
 READ IN fields at DATE: 1999-03-26 18:00:00 UTC        
 READ IN fields at DATE: 1999-03-27 00:00:00 UTC        
 READ IN fields at DATE: 1999-03-27 06:00:00 UTC        
 READ IN fields at DATE: 1999-03-27 12:00:00 UTC        
 READ IN fields at DATE: 1999-03-27 18:00:00 UTC        
 READ IN fields at DATE: 1999-03-28 00:00:00 UTC        
 READ IN fields at DATE: 1999-03-28 06:00:00 UTC        
 READ IN fields at DATE: 1999-03-28 12:00:00 UTC        
 READ IN fields at DATE: 1999-03-28 18:00:00 UTC        
 READ IN fields at DATE: 1999-03-29 00:00:00 UTC        
 READ IN fields at DATE: 1999-03-29 06:00:00 UTC        
 READ IN fields at DATE: 1999-03-29 12:00:00 UTC        
 READ IN fields at DATE: 1999-03-29 18:00:00 UTC        
 READ IN fields at DATE: 1999-03-30 00:00:00 UTC        
 READ IN fields at DATE: 1999-03-30 06:00:00 UTC        
 READ IN fields at DATE: 1999-03-30 12:00:00 UTC        
 READ IN fields at DATE: 1999-03-30 18:00:00 UTC        
 READ IN fields at DATE: 1999-03-31 00:00:00 UTC        
 READ IN fields at DATE: 1999-03-31 06:00:00 UTC        
 READ IN fields at DATE: 1999-03-31 12:00:00 UTC        
 READ IN fields at DATE: 1999-03-31 18:00:00 UTC        
      131072 /marconi_work/ICT23_ESP/RCMDATA/ERA5/1999/tatm_1999_04.nc
  2.086345151101115E-003   250.239206461214     
      196608 /marconi_work/ICT23_ESP/RCMDATA/ERA5/1999/geop_1999_04.nc
   7.32895145623197        234980.997633647     
      262144 /marconi_work/ICT23_ESP/RCMDATA/ERA5/1999/qhum_1999_04.nc
  3.672379451115708E-007  1.201910352784088E-002
      327680 /marconi_work/ICT23_ESP/RCMDATA/ERA5/1999/uwnd_1999_04.nc
  2.621467318722652E-003   32.7156768762039     
      393216 /marconi_work/ICT23_ESP/RCMDATA/ERA5/1999/vwnd_1999_04.nc
  2.641762930836134E-003 -0.948067707637293     
 READ IN fields at DATE: 1999-04-01 00:00:00 UTC        
 Input ready at : Tue May 14 21:23:18 2024
 Successfully completed ICBC
icbc script complete
