BIN = bin
SUFFIX = CLM45_BDW

  This is icbc part of the RegCM version 5
   SVN Revision: 5.0.1 compiled at: data : May 14 2024  time: 13:19:30

 : this run start at    : 2024-05-18 02:16:57+0200
 : it is submitted by   : mdasilva
 : it is running on     : r000u10l05
 : in directory         : 
 /marconi/home/userexternal/mdasilva/github_projects/shell/ictp/regcm_exp/cordex
                       
 Using Moloch non-hydrostatic dynamical core
 GLOBIDATE1 :  2005-08-01 00:00:00 UTC        
 GLOBIDATE2 :  2005-09-01 00:00:00 UTC        
 NSTEPS     :          125
 Computing weights, R =      38.89632416 .......... Done.
 Computing weights, R =      38.89632416 .......... Done.
 Computing weights, R =      38.89632416 .......... Done.
      131072 /marconi_work/ICT23_ESP/RCMDATA/ERA5/2005/tatm_2005_08.nc
  2.298247267910943E-003   247.282656723534     
      196608 /marconi_work/ICT23_ESP/RCMDATA/ERA5/2005/geop_2005_08.nc
   7.54351272688951        241250.593478012     
      262144 /marconi_work/ICT23_ESP/RCMDATA/ERA5/2005/qhum_2005_08.nc
  4.529470776051229E-007  1.479760798084563E-002
      327680 /marconi_work/ICT23_ESP/RCMDATA/ERA5/2005/uwnd_2005_08.nc
  4.274240543573347E-003   62.8572302503337     
      393216 /marconi_work/ICT23_ESP/RCMDATA/ERA5/2005/vwnd_2005_08.nc
  3.642193759891844E-003   2.49055713798334     
 READ IN fields at DATE: 2005-08-01 00:00:00 UTC        
 READ IN fields at DATE: 2005-08-01 06:00:00 UTC        
 READ IN fields at DATE: 2005-08-01 12:00:00 UTC        
 READ IN fields at DATE: 2005-08-01 18:00:00 UTC        
 READ IN fields at DATE: 2005-08-02 00:00:00 UTC        
 READ IN fields at DATE: 2005-08-02 06:00:00 UTC        
 READ IN fields at DATE: 2005-08-02 12:00:00 UTC        
 READ IN fields at DATE: 2005-08-02 18:00:00 UTC        
 READ IN fields at DATE: 2005-08-03 00:00:00 UTC        
 READ IN fields at DATE: 2005-08-03 06:00:00 UTC        
 READ IN fields at DATE: 2005-08-03 12:00:00 UTC        
 READ IN fields at DATE: 2005-08-03 18:00:00 UTC        
 READ IN fields at DATE: 2005-08-04 00:00:00 UTC        
 READ IN fields at DATE: 2005-08-04 06:00:00 UTC        
 READ IN fields at DATE: 2005-08-04 12:00:00 UTC        
 READ IN fields at DATE: 2005-08-04 18:00:00 UTC        
 READ IN fields at DATE: 2005-08-05 00:00:00 UTC        
 READ IN fields at DATE: 2005-08-05 06:00:00 UTC        
 READ IN fields at DATE: 2005-08-05 12:00:00 UTC        
 READ IN fields at DATE: 2005-08-05 18:00:00 UTC        
 READ IN fields at DATE: 2005-08-06 00:00:00 UTC        
 READ IN fields at DATE: 2005-08-06 06:00:00 UTC        
 READ IN fields at DATE: 2005-08-06 12:00:00 UTC        
 READ IN fields at DATE: 2005-08-06 18:00:00 UTC        
 READ IN fields at DATE: 2005-08-07 00:00:00 UTC        
 READ IN fields at DATE: 2005-08-07 06:00:00 UTC        
 READ IN fields at DATE: 2005-08-07 12:00:00 UTC        
 READ IN fields at DATE: 2005-08-07 18:00:00 UTC        
 READ IN fields at DATE: 2005-08-08 00:00:00 UTC        
 READ IN fields at DATE: 2005-08-08 06:00:00 UTC        
 READ IN fields at DATE: 2005-08-08 12:00:00 UTC        
 READ IN fields at DATE: 2005-08-08 18:00:00 UTC        
 READ IN fields at DATE: 2005-08-09 00:00:00 UTC        
 READ IN fields at DATE: 2005-08-09 06:00:00 UTC        
 READ IN fields at DATE: 2005-08-09 12:00:00 UTC        
 READ IN fields at DATE: 2005-08-09 18:00:00 UTC        
 READ IN fields at DATE: 2005-08-10 00:00:00 UTC        
 READ IN fields at DATE: 2005-08-10 06:00:00 UTC        
 READ IN fields at DATE: 2005-08-10 12:00:00 UTC        
 READ IN fields at DATE: 2005-08-10 18:00:00 UTC        
 READ IN fields at DATE: 2005-08-11 00:00:00 UTC        
 READ IN fields at DATE: 2005-08-11 06:00:00 UTC        
 READ IN fields at DATE: 2005-08-11 12:00:00 UTC        
 READ IN fields at DATE: 2005-08-11 18:00:00 UTC        
 READ IN fields at DATE: 2005-08-12 00:00:00 UTC        
 READ IN fields at DATE: 2005-08-12 06:00:00 UTC        
 READ IN fields at DATE: 2005-08-12 12:00:00 UTC        
 READ IN fields at DATE: 2005-08-12 18:00:00 UTC        
 READ IN fields at DATE: 2005-08-13 00:00:00 UTC        
 READ IN fields at DATE: 2005-08-13 06:00:00 UTC        
 READ IN fields at DATE: 2005-08-13 12:00:00 UTC        
 READ IN fields at DATE: 2005-08-13 18:00:00 UTC        
 READ IN fields at DATE: 2005-08-14 00:00:00 UTC        
 READ IN fields at DATE: 2005-08-14 06:00:00 UTC        
 READ IN fields at DATE: 2005-08-14 12:00:00 UTC        
 READ IN fields at DATE: 2005-08-14 18:00:00 UTC        
 READ IN fields at DATE: 2005-08-15 00:00:00 UTC        
 READ IN fields at DATE: 2005-08-15 06:00:00 UTC        
 READ IN fields at DATE: 2005-08-15 12:00:00 UTC        
 READ IN fields at DATE: 2005-08-15 18:00:00 UTC        
 READ IN fields at DATE: 2005-08-16 00:00:00 UTC        
 READ IN fields at DATE: 2005-08-16 06:00:00 UTC        
 READ IN fields at DATE: 2005-08-16 12:00:00 UTC        
 READ IN fields at DATE: 2005-08-16 18:00:00 UTC        
 READ IN fields at DATE: 2005-08-17 00:00:00 UTC        
 READ IN fields at DATE: 2005-08-17 06:00:00 UTC        
 READ IN fields at DATE: 2005-08-17 12:00:00 UTC        
 READ IN fields at DATE: 2005-08-17 18:00:00 UTC        
 READ IN fields at DATE: 2005-08-18 00:00:00 UTC        
 READ IN fields at DATE: 2005-08-18 06:00:00 UTC        
 READ IN fields at DATE: 2005-08-18 12:00:00 UTC        
 READ IN fields at DATE: 2005-08-18 18:00:00 UTC        
 READ IN fields at DATE: 2005-08-19 00:00:00 UTC        
 READ IN fields at DATE: 2005-08-19 06:00:00 UTC        
 READ IN fields at DATE: 2005-08-19 12:00:00 UTC        
 READ IN fields at DATE: 2005-08-19 18:00:00 UTC        
 READ IN fields at DATE: 2005-08-20 00:00:00 UTC        
 READ IN fields at DATE: 2005-08-20 06:00:00 UTC        
 READ IN fields at DATE: 2005-08-20 12:00:00 UTC        
 READ IN fields at DATE: 2005-08-20 18:00:00 UTC        
 READ IN fields at DATE: 2005-08-21 00:00:00 UTC        
 READ IN fields at DATE: 2005-08-21 06:00:00 UTC        
 READ IN fields at DATE: 2005-08-21 12:00:00 UTC        
 READ IN fields at DATE: 2005-08-21 18:00:00 UTC        
 READ IN fields at DATE: 2005-08-22 00:00:00 UTC        
 READ IN fields at DATE: 2005-08-22 06:00:00 UTC        
 READ IN fields at DATE: 2005-08-22 12:00:00 UTC        
 READ IN fields at DATE: 2005-08-22 18:00:00 UTC        
 READ IN fields at DATE: 2005-08-23 00:00:00 UTC        
 READ IN fields at DATE: 2005-08-23 06:00:00 UTC        
 READ IN fields at DATE: 2005-08-23 12:00:00 UTC        
 READ IN fields at DATE: 2005-08-23 18:00:00 UTC        
 READ IN fields at DATE: 2005-08-24 00:00:00 UTC        
 READ IN fields at DATE: 2005-08-24 06:00:00 UTC        
 READ IN fields at DATE: 2005-08-24 12:00:00 UTC        
 READ IN fields at DATE: 2005-08-24 18:00:00 UTC        
 READ IN fields at DATE: 2005-08-25 00:00:00 UTC        
 READ IN fields at DATE: 2005-08-25 06:00:00 UTC        
 READ IN fields at DATE: 2005-08-25 12:00:00 UTC        
 READ IN fields at DATE: 2005-08-25 18:00:00 UTC        
 READ IN fields at DATE: 2005-08-26 00:00:00 UTC        
 READ IN fields at DATE: 2005-08-26 06:00:00 UTC        
 READ IN fields at DATE: 2005-08-26 12:00:00 UTC        
 READ IN fields at DATE: 2005-08-26 18:00:00 UTC        
 READ IN fields at DATE: 2005-08-27 00:00:00 UTC        
 READ IN fields at DATE: 2005-08-27 06:00:00 UTC        
 READ IN fields at DATE: 2005-08-27 12:00:00 UTC        
 READ IN fields at DATE: 2005-08-27 18:00:00 UTC        
 READ IN fields at DATE: 2005-08-28 00:00:00 UTC        
 READ IN fields at DATE: 2005-08-28 06:00:00 UTC        
 READ IN fields at DATE: 2005-08-28 12:00:00 UTC        
 READ IN fields at DATE: 2005-08-28 18:00:00 UTC        
 READ IN fields at DATE: 2005-08-29 00:00:00 UTC        
 READ IN fields at DATE: 2005-08-29 06:00:00 UTC        
 READ IN fields at DATE: 2005-08-29 12:00:00 UTC        
 READ IN fields at DATE: 2005-08-29 18:00:00 UTC        
 READ IN fields at DATE: 2005-08-30 00:00:00 UTC        
 READ IN fields at DATE: 2005-08-30 06:00:00 UTC        
 READ IN fields at DATE: 2005-08-30 12:00:00 UTC        
 READ IN fields at DATE: 2005-08-30 18:00:00 UTC        
 READ IN fields at DATE: 2005-08-31 00:00:00 UTC        
 READ IN fields at DATE: 2005-08-31 06:00:00 UTC        
 READ IN fields at DATE: 2005-08-31 12:00:00 UTC        
 READ IN fields at DATE: 2005-08-31 18:00:00 UTC        
      131072 /marconi_work/ICT23_ESP/RCMDATA/ERA5/2005/tatm_2005_09.nc
  2.434706940050719E-003   249.788592827194     
      196608 /marconi_work/ICT23_ESP/RCMDATA/ERA5/2005/geop_2005_09.nc
   7.37952336513665        235163.407894567     
      262144 /marconi_work/ICT23_ESP/RCMDATA/ERA5/2005/qhum_2005_09.nc
  4.206939380972666E-007  1.371228627527822E-002
      327680 /marconi_work/ICT23_ESP/RCMDATA/ERA5/2005/uwnd_2005_09.nc
  4.607449253411688E-003   25.5836032577952     
      393216 /marconi_work/ICT23_ESP/RCMDATA/ERA5/2005/vwnd_2005_09.nc
  4.342099579869350E-003   6.09478329591319     
 READ IN fields at DATE: 2005-09-01 00:00:00 UTC        
 Input ready at : Sat May 18 03:17:25 2024
 Successfully completed ICBC
icbc script complete
