BIN = bin
SUFFIX = CLM45_BDW

  This is icbc part of the RegCM version 5
   SVN Revision: 5.0.1 compiled at: data : May 14 2024  time: 13:19:30

 : this run start at    : 2024-05-19 12:30:00+0200
 : it is submitted by   : mdasilva
 : it is running on     : r000u10l05
 : in directory         : 
 /marconi/home/userexternal/mdasilva/github_projects/shell/ictp/regcm_exp/cordex
                       
 Using Moloch non-hydrostatic dynamical core
 GLOBIDATE1 :  2008-07-01 00:00:00 UTC        
 GLOBIDATE2 :  2008-08-01 00:00:00 UTC        
 NSTEPS     :          125
 Computing weights, R =      38.89632416 .......... Done.
 Computing weights, R =      38.89632416 .......... Done.
 Computing weights, R =      38.89632416 .......... Done.
      131072 /marconi_work/ICT23_ESP/RCMDATA/ERA5/2008/tatm_2008_07.nc
  2.407179044247030E-003   246.580202050126     
      196608 /marconi_work/ICT23_ESP/RCMDATA/ERA5/2008/geop_2008_07.nc
   7.62423225703081        243180.031633871     
      262144 /marconi_work/ICT23_ESP/RCMDATA/ERA5/2008/qhum_2008_07.nc
  4.637480116863827E-007  1.511173880529386E-002
      327680 /marconi_work/ICT23_ESP/RCMDATA/ERA5/2008/uwnd_2008_07.nc
  3.948319300813855E-003   59.1769809184746     
      393216 /marconi_work/ICT23_ESP/RCMDATA/ERA5/2008/vwnd_2008_07.nc
  2.577176246202414E-003   1.86247331373237     
 READ IN fields at DATE: 2008-07-01 00:00:00 UTC        
 READ IN fields at DATE: 2008-07-01 06:00:00 UTC        
 READ IN fields at DATE: 2008-07-01 12:00:00 UTC        
 READ IN fields at DATE: 2008-07-01 18:00:00 UTC        
 READ IN fields at DATE: 2008-07-02 00:00:00 UTC        
 READ IN fields at DATE: 2008-07-02 06:00:00 UTC        
 READ IN fields at DATE: 2008-07-02 12:00:00 UTC        
 READ IN fields at DATE: 2008-07-02 18:00:00 UTC        
 READ IN fields at DATE: 2008-07-03 00:00:00 UTC        
 READ IN fields at DATE: 2008-07-03 06:00:00 UTC        
 READ IN fields at DATE: 2008-07-03 12:00:00 UTC        
 READ IN fields at DATE: 2008-07-03 18:00:00 UTC        
 READ IN fields at DATE: 2008-07-04 00:00:00 UTC        
 READ IN fields at DATE: 2008-07-04 06:00:00 UTC        
 READ IN fields at DATE: 2008-07-04 12:00:00 UTC        
 READ IN fields at DATE: 2008-07-04 18:00:00 UTC        
 READ IN fields at DATE: 2008-07-05 00:00:00 UTC        
 READ IN fields at DATE: 2008-07-05 06:00:00 UTC        
 READ IN fields at DATE: 2008-07-05 12:00:00 UTC        
 READ IN fields at DATE: 2008-07-05 18:00:00 UTC        
 READ IN fields at DATE: 2008-07-06 00:00:00 UTC        
 READ IN fields at DATE: 2008-07-06 06:00:00 UTC        
 READ IN fields at DATE: 2008-07-06 12:00:00 UTC        
 READ IN fields at DATE: 2008-07-06 18:00:00 UTC        
 READ IN fields at DATE: 2008-07-07 00:00:00 UTC        
 READ IN fields at DATE: 2008-07-07 06:00:00 UTC        
 READ IN fields at DATE: 2008-07-07 12:00:00 UTC        
 READ IN fields at DATE: 2008-07-07 18:00:00 UTC        
 READ IN fields at DATE: 2008-07-08 00:00:00 UTC        
 READ IN fields at DATE: 2008-07-08 06:00:00 UTC        
 READ IN fields at DATE: 2008-07-08 12:00:00 UTC        
 READ IN fields at DATE: 2008-07-08 18:00:00 UTC        
 READ IN fields at DATE: 2008-07-09 00:00:00 UTC        
 READ IN fields at DATE: 2008-07-09 06:00:00 UTC        
 READ IN fields at DATE: 2008-07-09 12:00:00 UTC        
 READ IN fields at DATE: 2008-07-09 18:00:00 UTC        
 READ IN fields at DATE: 2008-07-10 00:00:00 UTC        
 READ IN fields at DATE: 2008-07-10 06:00:00 UTC        
 READ IN fields at DATE: 2008-07-10 12:00:00 UTC        
 READ IN fields at DATE: 2008-07-10 18:00:00 UTC        
 READ IN fields at DATE: 2008-07-11 00:00:00 UTC        
 READ IN fields at DATE: 2008-07-11 06:00:00 UTC        
 READ IN fields at DATE: 2008-07-11 12:00:00 UTC        
 READ IN fields at DATE: 2008-07-11 18:00:00 UTC        
 READ IN fields at DATE: 2008-07-12 00:00:00 UTC        
 READ IN fields at DATE: 2008-07-12 06:00:00 UTC        
 READ IN fields at DATE: 2008-07-12 12:00:00 UTC        
 READ IN fields at DATE: 2008-07-12 18:00:00 UTC        
 READ IN fields at DATE: 2008-07-13 00:00:00 UTC        
 READ IN fields at DATE: 2008-07-13 06:00:00 UTC        
 READ IN fields at DATE: 2008-07-13 12:00:00 UTC        
 READ IN fields at DATE: 2008-07-13 18:00:00 UTC        
 READ IN fields at DATE: 2008-07-14 00:00:00 UTC        
 READ IN fields at DATE: 2008-07-14 06:00:00 UTC        
 READ IN fields at DATE: 2008-07-14 12:00:00 UTC        
 READ IN fields at DATE: 2008-07-14 18:00:00 UTC        
 READ IN fields at DATE: 2008-07-15 00:00:00 UTC        
 READ IN fields at DATE: 2008-07-15 06:00:00 UTC        
 READ IN fields at DATE: 2008-07-15 12:00:00 UTC        
 READ IN fields at DATE: 2008-07-15 18:00:00 UTC        
 READ IN fields at DATE: 2008-07-16 00:00:00 UTC        
 READ IN fields at DATE: 2008-07-16 06:00:00 UTC        
 READ IN fields at DATE: 2008-07-16 12:00:00 UTC        
 READ IN fields at DATE: 2008-07-16 18:00:00 UTC        
 READ IN fields at DATE: 2008-07-17 00:00:00 UTC        
 READ IN fields at DATE: 2008-07-17 06:00:00 UTC        
 READ IN fields at DATE: 2008-07-17 12:00:00 UTC        
 READ IN fields at DATE: 2008-07-17 18:00:00 UTC        
 READ IN fields at DATE: 2008-07-18 00:00:00 UTC        
 READ IN fields at DATE: 2008-07-18 06:00:00 UTC        
 READ IN fields at DATE: 2008-07-18 12:00:00 UTC        
 READ IN fields at DATE: 2008-07-18 18:00:00 UTC        
 READ IN fields at DATE: 2008-07-19 00:00:00 UTC        
 READ IN fields at DATE: 2008-07-19 06:00:00 UTC        
 READ IN fields at DATE: 2008-07-19 12:00:00 UTC        
 READ IN fields at DATE: 2008-07-19 18:00:00 UTC        
 READ IN fields at DATE: 2008-07-20 00:00:00 UTC        
 READ IN fields at DATE: 2008-07-20 06:00:00 UTC        
 READ IN fields at DATE: 2008-07-20 12:00:00 UTC        
 READ IN fields at DATE: 2008-07-20 18:00:00 UTC        
 READ IN fields at DATE: 2008-07-21 00:00:00 UTC        
 READ IN fields at DATE: 2008-07-21 06:00:00 UTC        
 READ IN fields at DATE: 2008-07-21 12:00:00 UTC        
 READ IN fields at DATE: 2008-07-21 18:00:00 UTC        
 READ IN fields at DATE: 2008-07-22 00:00:00 UTC        
 READ IN fields at DATE: 2008-07-22 06:00:00 UTC        
 READ IN fields at DATE: 2008-07-22 12:00:00 UTC        
 READ IN fields at DATE: 2008-07-22 18:00:00 UTC        
 READ IN fields at DATE: 2008-07-23 00:00:00 UTC        
 READ IN fields at DATE: 2008-07-23 06:00:00 UTC        
 READ IN fields at DATE: 2008-07-23 12:00:00 UTC        
 READ IN fields at DATE: 2008-07-23 18:00:00 UTC        
 READ IN fields at DATE: 2008-07-24 00:00:00 UTC        
 READ IN fields at DATE: 2008-07-24 06:00:00 UTC        
 READ IN fields at DATE: 2008-07-24 12:00:00 UTC        
 READ IN fields at DATE: 2008-07-24 18:00:00 UTC        
 READ IN fields at DATE: 2008-07-25 00:00:00 UTC        
 READ IN fields at DATE: 2008-07-25 06:00:00 UTC        
 READ IN fields at DATE: 2008-07-25 12:00:00 UTC        
 READ IN fields at DATE: 2008-07-25 18:00:00 UTC        
 READ IN fields at DATE: 2008-07-26 00:00:00 UTC        
 READ IN fields at DATE: 2008-07-26 06:00:00 UTC        
 READ IN fields at DATE: 2008-07-26 12:00:00 UTC        
 READ IN fields at DATE: 2008-07-26 18:00:00 UTC        
 READ IN fields at DATE: 2008-07-27 00:00:00 UTC        
 READ IN fields at DATE: 2008-07-27 06:00:00 UTC        
 READ IN fields at DATE: 2008-07-27 12:00:00 UTC        
 READ IN fields at DATE: 2008-07-27 18:00:00 UTC        
 READ IN fields at DATE: 2008-07-28 00:00:00 UTC        
 READ IN fields at DATE: 2008-07-28 06:00:00 UTC        
 READ IN fields at DATE: 2008-07-28 12:00:00 UTC        
 READ IN fields at DATE: 2008-07-28 18:00:00 UTC        
 READ IN fields at DATE: 2008-07-29 00:00:00 UTC        
 READ IN fields at DATE: 2008-07-29 06:00:00 UTC        
 READ IN fields at DATE: 2008-07-29 12:00:00 UTC        
 READ IN fields at DATE: 2008-07-29 18:00:00 UTC        
 READ IN fields at DATE: 2008-07-30 00:00:00 UTC        
 READ IN fields at DATE: 2008-07-30 06:00:00 UTC        
 READ IN fields at DATE: 2008-07-30 12:00:00 UTC        
 READ IN fields at DATE: 2008-07-30 18:00:00 UTC        
 READ IN fields at DATE: 2008-07-31 00:00:00 UTC        
 READ IN fields at DATE: 2008-07-31 06:00:00 UTC        
 READ IN fields at DATE: 2008-07-31 12:00:00 UTC        
 READ IN fields at DATE: 2008-07-31 18:00:00 UTC        
      131072 /marconi_work/ICT23_ESP/RCMDATA/ERA5/2008/tatm_2008_08.nc
  2.315586494009340E-003   247.097238508023     
      196608 /marconi_work/ICT23_ESP/RCMDATA/ERA5/2008/geop_2008_08.nc
   7.55765338407749        240980.246563933     
      262144 /marconi_work/ICT23_ESP/RCMDATA/ERA5/2008/qhum_2008_08.nc
  4.517668880354891E-007  1.468792575090154E-002
      327680 /marconi_work/ICT23_ESP/RCMDATA/ERA5/2008/uwnd_2008_08.nc
  4.023813901935618E-003   67.2074912668772     
      393216 /marconi_work/ICT23_ESP/RCMDATA/ERA5/2008/vwnd_2008_08.nc
  2.899361084584174E-003   2.22469320275849     
 READ IN fields at DATE: 2008-08-01 00:00:00 UTC        
 Input ready at : Sun May 19 13:27:44 2024
 Successfully completed ICBC
icbc script complete
