BIN = bin
SUFFIX = CLM45_BDW

  This is icbc part of the RegCM version 5
   SVN Revision: 5.0.1 compiled at: data : May 14 2024  time: 13:19:30

 : this run start at    : 2024-05-18 06:17:49+0200
 : it is submitted by   : mdasilva
 : it is running on     : r000u10l05
 : in directory         : 
 /marconi/home/userexternal/mdasilva/github_projects/shell/ictp/regcm_exp/cordex
                       
 Using Moloch non-hydrostatic dynamical core
 GLOBIDATE1 :  2005-12-01 00:00:00 UTC        
 GLOBIDATE2 :  2006-01-01 00:00:00 UTC        
 NSTEPS     :          125
 Computing weights, R =      38.89632416 .......... Done.
 Computing weights, R =      38.89632416 .......... Done.
 Computing weights, R =      38.89632416 .......... Done.
      131072 /marconi_work/ICT23_ESP/RCMDATA/ERA5/2005/tatm_2005_12.nc
  2.154832626071979E-003   249.303503272164     
      196608 /marconi_work/ICT23_ESP/RCMDATA/ERA5/2005/geop_2005_12.nc
   7.63286739839089        244849.708956926     
      262144 /marconi_work/ICT23_ESP/RCMDATA/ERA5/2005/qhum_2005_12.nc
  3.852978752783298E-007  1.261374174942192E-002
      327680 /marconi_work/ICT23_ESP/RCMDATA/ERA5/2005/uwnd_2005_12.nc
  5.316785378972950E-003   22.7961239559433     
      393216 /marconi_work/ICT23_ESP/RCMDATA/ERA5/2005/vwnd_2005_12.nc
  5.032553672863291E-003  -7.12660074949268     
 READ IN fields at DATE: 2005-12-01 00:00:00 UTC        
 READ IN fields at DATE: 2005-12-01 06:00:00 UTC        
 READ IN fields at DATE: 2005-12-01 12:00:00 UTC        
 READ IN fields at DATE: 2005-12-01 18:00:00 UTC        
 READ IN fields at DATE: 2005-12-02 00:00:00 UTC        
 READ IN fields at DATE: 2005-12-02 06:00:00 UTC        
 READ IN fields at DATE: 2005-12-02 12:00:00 UTC        
 READ IN fields at DATE: 2005-12-02 18:00:00 UTC        
 READ IN fields at DATE: 2005-12-03 00:00:00 UTC        
 READ IN fields at DATE: 2005-12-03 06:00:00 UTC        
 READ IN fields at DATE: 2005-12-03 12:00:00 UTC        
 READ IN fields at DATE: 2005-12-03 18:00:00 UTC        
 READ IN fields at DATE: 2005-12-04 00:00:00 UTC        
 READ IN fields at DATE: 2005-12-04 06:00:00 UTC        
 READ IN fields at DATE: 2005-12-04 12:00:00 UTC        
 READ IN fields at DATE: 2005-12-04 18:00:00 UTC        
 READ IN fields at DATE: 2005-12-05 00:00:00 UTC        
 READ IN fields at DATE: 2005-12-05 06:00:00 UTC        
 READ IN fields at DATE: 2005-12-05 12:00:00 UTC        
 READ IN fields at DATE: 2005-12-05 18:00:00 UTC        
 READ IN fields at DATE: 2005-12-06 00:00:00 UTC        
 READ IN fields at DATE: 2005-12-06 06:00:00 UTC        
 READ IN fields at DATE: 2005-12-06 12:00:00 UTC        
 READ IN fields at DATE: 2005-12-06 18:00:00 UTC        
 READ IN fields at DATE: 2005-12-07 00:00:00 UTC        
 READ IN fields at DATE: 2005-12-07 06:00:00 UTC        
 READ IN fields at DATE: 2005-12-07 12:00:00 UTC        
 READ IN fields at DATE: 2005-12-07 18:00:00 UTC        
 READ IN fields at DATE: 2005-12-08 00:00:00 UTC        
 READ IN fields at DATE: 2005-12-08 06:00:00 UTC        
 READ IN fields at DATE: 2005-12-08 12:00:00 UTC        
 READ IN fields at DATE: 2005-12-08 18:00:00 UTC        
 READ IN fields at DATE: 2005-12-09 00:00:00 UTC        
 READ IN fields at DATE: 2005-12-09 06:00:00 UTC        
 READ IN fields at DATE: 2005-12-09 12:00:00 UTC        
 READ IN fields at DATE: 2005-12-09 18:00:00 UTC        
 READ IN fields at DATE: 2005-12-10 00:00:00 UTC        
 READ IN fields at DATE: 2005-12-10 06:00:00 UTC        
 READ IN fields at DATE: 2005-12-10 12:00:00 UTC        
 READ IN fields at DATE: 2005-12-10 18:00:00 UTC        
 READ IN fields at DATE: 2005-12-11 00:00:00 UTC        
 READ IN fields at DATE: 2005-12-11 06:00:00 UTC        
 READ IN fields at DATE: 2005-12-11 12:00:00 UTC        
 READ IN fields at DATE: 2005-12-11 18:00:00 UTC        
 READ IN fields at DATE: 2005-12-12 00:00:00 UTC        
 READ IN fields at DATE: 2005-12-12 06:00:00 UTC        
 READ IN fields at DATE: 2005-12-12 12:00:00 UTC        
 READ IN fields at DATE: 2005-12-12 18:00:00 UTC        
 READ IN fields at DATE: 2005-12-13 00:00:00 UTC        
 READ IN fields at DATE: 2005-12-13 06:00:00 UTC        
 READ IN fields at DATE: 2005-12-13 12:00:00 UTC        
 READ IN fields at DATE: 2005-12-13 18:00:00 UTC        
 READ IN fields at DATE: 2005-12-14 00:00:00 UTC        
 READ IN fields at DATE: 2005-12-14 06:00:00 UTC        
 READ IN fields at DATE: 2005-12-14 12:00:00 UTC        
 READ IN fields at DATE: 2005-12-14 18:00:00 UTC        
 READ IN fields at DATE: 2005-12-15 00:00:00 UTC        
 READ IN fields at DATE: 2005-12-15 06:00:00 UTC        
 READ IN fields at DATE: 2005-12-15 12:00:00 UTC        
 READ IN fields at DATE: 2005-12-15 18:00:00 UTC        
 READ IN fields at DATE: 2005-12-16 00:00:00 UTC        
 READ IN fields at DATE: 2005-12-16 06:00:00 UTC        
 READ IN fields at DATE: 2005-12-16 12:00:00 UTC        
 READ IN fields at DATE: 2005-12-16 18:00:00 UTC        
 READ IN fields at DATE: 2005-12-17 00:00:00 UTC        
 READ IN fields at DATE: 2005-12-17 06:00:00 UTC        
 READ IN fields at DATE: 2005-12-17 12:00:00 UTC        
 READ IN fields at DATE: 2005-12-17 18:00:00 UTC        
 READ IN fields at DATE: 2005-12-18 00:00:00 UTC        
 READ IN fields at DATE: 2005-12-18 06:00:00 UTC        
 READ IN fields at DATE: 2005-12-18 12:00:00 UTC        
 READ IN fields at DATE: 2005-12-18 18:00:00 UTC        
 READ IN fields at DATE: 2005-12-19 00:00:00 UTC        
 READ IN fields at DATE: 2005-12-19 06:00:00 UTC        
 READ IN fields at DATE: 2005-12-19 12:00:00 UTC        
 READ IN fields at DATE: 2005-12-19 18:00:00 UTC        
 READ IN fields at DATE: 2005-12-20 00:00:00 UTC        
 READ IN fields at DATE: 2005-12-20 06:00:00 UTC        
 READ IN fields at DATE: 2005-12-20 12:00:00 UTC        
 READ IN fields at DATE: 2005-12-20 18:00:00 UTC        
 READ IN fields at DATE: 2005-12-21 00:00:00 UTC        
 READ IN fields at DATE: 2005-12-21 06:00:00 UTC        
 READ IN fields at DATE: 2005-12-21 12:00:00 UTC        
 READ IN fields at DATE: 2005-12-21 18:00:00 UTC        
 READ IN fields at DATE: 2005-12-22 00:00:00 UTC        
 READ IN fields at DATE: 2005-12-22 06:00:00 UTC        
 READ IN fields at DATE: 2005-12-22 12:00:00 UTC        
 READ IN fields at DATE: 2005-12-22 18:00:00 UTC        
 READ IN fields at DATE: 2005-12-23 00:00:00 UTC        
 READ IN fields at DATE: 2005-12-23 06:00:00 UTC        
 READ IN fields at DATE: 2005-12-23 12:00:00 UTC        
 READ IN fields at DATE: 2005-12-23 18:00:00 UTC        
 READ IN fields at DATE: 2005-12-24 00:00:00 UTC        
 READ IN fields at DATE: 2005-12-24 06:00:00 UTC        
 READ IN fields at DATE: 2005-12-24 12:00:00 UTC        
 READ IN fields at DATE: 2005-12-24 18:00:00 UTC        
 READ IN fields at DATE: 2005-12-25 00:00:00 UTC        
 READ IN fields at DATE: 2005-12-25 06:00:00 UTC        
 READ IN fields at DATE: 2005-12-25 12:00:00 UTC        
 READ IN fields at DATE: 2005-12-25 18:00:00 UTC        
 READ IN fields at DATE: 2005-12-26 00:00:00 UTC        
 READ IN fields at DATE: 2005-12-26 06:00:00 UTC        
 READ IN fields at DATE: 2005-12-26 12:00:00 UTC        
 READ IN fields at DATE: 2005-12-26 18:00:00 UTC        
 READ IN fields at DATE: 2005-12-27 00:00:00 UTC        
 READ IN fields at DATE: 2005-12-27 06:00:00 UTC        
 READ IN fields at DATE: 2005-12-27 12:00:00 UTC        
 READ IN fields at DATE: 2005-12-27 18:00:00 UTC        
 READ IN fields at DATE: 2005-12-28 00:00:00 UTC        
 READ IN fields at DATE: 2005-12-28 06:00:00 UTC        
 READ IN fields at DATE: 2005-12-28 12:00:00 UTC        
 READ IN fields at DATE: 2005-12-28 18:00:00 UTC        
 READ IN fields at DATE: 2005-12-29 00:00:00 UTC        
 READ IN fields at DATE: 2005-12-29 06:00:00 UTC        
 READ IN fields at DATE: 2005-12-29 12:00:00 UTC        
 READ IN fields at DATE: 2005-12-29 18:00:00 UTC        
 READ IN fields at DATE: 2005-12-30 00:00:00 UTC        
 READ IN fields at DATE: 2005-12-30 06:00:00 UTC        
 READ IN fields at DATE: 2005-12-30 12:00:00 UTC        
 READ IN fields at DATE: 2005-12-30 18:00:00 UTC        
 READ IN fields at DATE: 2005-12-31 00:00:00 UTC        
 READ IN fields at DATE: 2005-12-31 06:00:00 UTC        
 READ IN fields at DATE: 2005-12-31 12:00:00 UTC        
 READ IN fields at DATE: 2005-12-31 18:00:00 UTC        
      131072 /marconi_work/ICT23_ESP/RCMDATA/ERA5/2006/tatm_2006_01.nc
  2.406547345793937E-003   257.283579135995     
      196608 /marconi_work/ICT23_ESP/RCMDATA/ERA5/2006/geop_2006_01.nc
   7.62153895747181        244796.970480521     
      262144 /marconi_work/ICT23_ESP/RCMDATA/ERA5/2006/qhum_2006_01.nc
  3.986016694700237E-007  1.303010180200980E-002
      327680 /marconi_work/ICT23_ESP/RCMDATA/ERA5/2006/uwnd_2006_01.nc
  5.968110956800867E-003   12.6822729025294     
      393216 /marconi_work/ICT23_ESP/RCMDATA/ERA5/2006/vwnd_2006_01.nc
  5.789902606320479E-003  -7.88761479993597     
 READ IN fields at DATE: 2006-01-01 00:00:00 UTC        
 Input ready at : Sat May 18 07:18:25 2024
 Successfully completed ICBC
icbc script complete
