
  This is icbc part of the RegCM version 5
   SVN Revision: 4.7.1-1870-ge1fff compiled at: data : Jun 07 2025  time: 08:09:19

 : this run start at    : 2025-06-13 18:53:22+0200
 : it is submitted by   : mdasilva
 : it is running on     : lrdn4910.leonardo.local
 : in directory         : 
 /leonardo/home/userexternal/mdasilva/github_projects/shell/ictp/regcm_exp/eur_1
 1
                       
 Using Moloch non-hydrostatic dynamical core
 GLOBIDATE1 :  2006-01-01 00:00:00 UTC        
 GLOBIDATE2 :  2007-01-01 00:00:00 UTC        
 NSTEPS     :         1461
 Computing weights, R =      38.21770477 .......... Done.
 Computing weights, R =      38.21770477 .......... Done.
 Computing weights, R =      38.21770477 .......... Done.
      131072 /leonardo_work/ICT25_ESP/RCMDATA//ERA5/2006/tatm_2006_01.nc
  2.406547345793937E-003   257.283579135995     
      196608 /leonardo_work/ICT25_ESP/RCMDATA//ERA5/2006/geop_2006_01.nc
   7.62153895747181        244796.970480521     
      262144 /leonardo_work/ICT25_ESP/RCMDATA//ERA5/2006/qhum_2006_01.nc
  3.986016694700237E-007  1.303010180200980E-002
      327680 /leonardo_work/ICT25_ESP/RCMDATA//ERA5/2006/uwnd_2006_01.nc
  5.968110956800867E-003   12.6822729025294     
      393216 /leonardo_work/ICT25_ESP/RCMDATA//ERA5/2006/vwnd_2006_01.nc
  5.789902606320479E-003  -7.88761479993597     
 READ IN fields at DATE: 2006-01-01 00:00:00 UTC        
 READ IN fields at DATE: 2006-01-01 06:00:00 UTC        
 READ IN fields at DATE: 2006-01-01 12:00:00 UTC        
 READ IN fields at DATE: 2006-01-01 18:00:00 UTC        
 READ IN fields at DATE: 2006-01-02 00:00:00 UTC        
 READ IN fields at DATE: 2006-01-02 06:00:00 UTC        
 READ IN fields at DATE: 2006-01-02 12:00:00 UTC        
 READ IN fields at DATE: 2006-01-02 18:00:00 UTC        
 READ IN fields at DATE: 2006-01-03 00:00:00 UTC        
 READ IN fields at DATE: 2006-01-03 06:00:00 UTC        
 READ IN fields at DATE: 2006-01-03 12:00:00 UTC        
 READ IN fields at DATE: 2006-01-03 18:00:00 UTC        
 READ IN fields at DATE: 2006-01-04 00:00:00 UTC        
 READ IN fields at DATE: 2006-01-04 06:00:00 UTC        
 READ IN fields at DATE: 2006-01-04 12:00:00 UTC        
 READ IN fields at DATE: 2006-01-04 18:00:00 UTC        
 READ IN fields at DATE: 2006-01-05 00:00:00 UTC        
 READ IN fields at DATE: 2006-01-05 06:00:00 UTC        
 READ IN fields at DATE: 2006-01-05 12:00:00 UTC        
 READ IN fields at DATE: 2006-01-05 18:00:00 UTC        
 READ IN fields at DATE: 2006-01-06 00:00:00 UTC        
 READ IN fields at DATE: 2006-01-06 06:00:00 UTC        
 READ IN fields at DATE: 2006-01-06 12:00:00 UTC        
 READ IN fields at DATE: 2006-01-06 18:00:00 UTC        
 READ IN fields at DATE: 2006-01-07 00:00:00 UTC        
 READ IN fields at DATE: 2006-01-07 06:00:00 UTC        
 READ IN fields at DATE: 2006-01-07 12:00:00 UTC        
 READ IN fields at DATE: 2006-01-07 18:00:00 UTC        
 READ IN fields at DATE: 2006-01-08 00:00:00 UTC        
 READ IN fields at DATE: 2006-01-08 06:00:00 UTC        
 READ IN fields at DATE: 2006-01-08 12:00:00 UTC        
 READ IN fields at DATE: 2006-01-08 18:00:00 UTC        
 READ IN fields at DATE: 2006-01-09 00:00:00 UTC        
 READ IN fields at DATE: 2006-01-09 06:00:00 UTC        
 READ IN fields at DATE: 2006-01-09 12:00:00 UTC        
 READ IN fields at DATE: 2006-01-09 18:00:00 UTC        
 READ IN fields at DATE: 2006-01-10 00:00:00 UTC        
 READ IN fields at DATE: 2006-01-10 06:00:00 UTC        
 READ IN fields at DATE: 2006-01-10 12:00:00 UTC        
 READ IN fields at DATE: 2006-01-10 18:00:00 UTC        
 READ IN fields at DATE: 2006-01-11 00:00:00 UTC        
 READ IN fields at DATE: 2006-01-11 06:00:00 UTC        
 READ IN fields at DATE: 2006-01-11 12:00:00 UTC        
 READ IN fields at DATE: 2006-01-11 18:00:00 UTC        
 READ IN fields at DATE: 2006-01-12 00:00:00 UTC        
 READ IN fields at DATE: 2006-01-12 06:00:00 UTC        
 READ IN fields at DATE: 2006-01-12 12:00:00 UTC        
 READ IN fields at DATE: 2006-01-12 18:00:00 UTC        
 READ IN fields at DATE: 2006-01-13 00:00:00 UTC        
 READ IN fields at DATE: 2006-01-13 06:00:00 UTC        
 READ IN fields at DATE: 2006-01-13 12:00:00 UTC        
 READ IN fields at DATE: 2006-01-13 18:00:00 UTC        
 READ IN fields at DATE: 2006-01-14 00:00:00 UTC        
 READ IN fields at DATE: 2006-01-14 06:00:00 UTC        
 READ IN fields at DATE: 2006-01-14 12:00:00 UTC        
 READ IN fields at DATE: 2006-01-14 18:00:00 UTC        
 READ IN fields at DATE: 2006-01-15 00:00:00 UTC        
 READ IN fields at DATE: 2006-01-15 06:00:00 UTC        
 READ IN fields at DATE: 2006-01-15 12:00:00 UTC        
 READ IN fields at DATE: 2006-01-15 18:00:00 UTC        
 READ IN fields at DATE: 2006-01-16 00:00:00 UTC        
 READ IN fields at DATE: 2006-01-16 06:00:00 UTC        
 READ IN fields at DATE: 2006-01-16 12:00:00 UTC        
 READ IN fields at DATE: 2006-01-16 18:00:00 UTC        
 READ IN fields at DATE: 2006-01-17 00:00:00 UTC        
 READ IN fields at DATE: 2006-01-17 06:00:00 UTC        
 READ IN fields at DATE: 2006-01-17 12:00:00 UTC        
 READ IN fields at DATE: 2006-01-17 18:00:00 UTC        
 READ IN fields at DATE: 2006-01-18 00:00:00 UTC        
 READ IN fields at DATE: 2006-01-18 06:00:00 UTC        
 READ IN fields at DATE: 2006-01-18 12:00:00 UTC        
 READ IN fields at DATE: 2006-01-18 18:00:00 UTC        
 READ IN fields at DATE: 2006-01-19 00:00:00 UTC        
 READ IN fields at DATE: 2006-01-19 06:00:00 UTC        
 READ IN fields at DATE: 2006-01-19 12:00:00 UTC        
 READ IN fields at DATE: 2006-01-19 18:00:00 UTC        
 READ IN fields at DATE: 2006-01-20 00:00:00 UTC        
 READ IN fields at DATE: 2006-01-20 06:00:00 UTC        
 READ IN fields at DATE: 2006-01-20 12:00:00 UTC        
 READ IN fields at DATE: 2006-01-20 18:00:00 UTC        
 READ IN fields at DATE: 2006-01-21 00:00:00 UTC        
 READ IN fields at DATE: 2006-01-21 06:00:00 UTC        
 READ IN fields at DATE: 2006-01-21 12:00:00 UTC        
 READ IN fields at DATE: 2006-01-21 18:00:00 UTC        
 READ IN fields at DATE: 2006-01-22 00:00:00 UTC        
 READ IN fields at DATE: 2006-01-22 06:00:00 UTC        
 READ IN fields at DATE: 2006-01-22 12:00:00 UTC        
 READ IN fields at DATE: 2006-01-22 18:00:00 UTC        
 READ IN fields at DATE: 2006-01-23 00:00:00 UTC        
 READ IN fields at DATE: 2006-01-23 06:00:00 UTC        
 READ IN fields at DATE: 2006-01-23 12:00:00 UTC        
 READ IN fields at DATE: 2006-01-23 18:00:00 UTC        
 READ IN fields at DATE: 2006-01-24 00:00:00 UTC        
 READ IN fields at DATE: 2006-01-24 06:00:00 UTC        
 READ IN fields at DATE: 2006-01-24 12:00:00 UTC        
 READ IN fields at DATE: 2006-01-24 18:00:00 UTC        
 READ IN fields at DATE: 2006-01-25 00:00:00 UTC        
 READ IN fields at DATE: 2006-01-25 06:00:00 UTC        
 READ IN fields at DATE: 2006-01-25 12:00:00 UTC        
 READ IN fields at DATE: 2006-01-25 18:00:00 UTC        
 READ IN fields at DATE: 2006-01-26 00:00:00 UTC        
 READ IN fields at DATE: 2006-01-26 06:00:00 UTC        
 READ IN fields at DATE: 2006-01-26 12:00:00 UTC        
 READ IN fields at DATE: 2006-01-26 18:00:00 UTC        
 READ IN fields at DATE: 2006-01-27 00:00:00 UTC        
 READ IN fields at DATE: 2006-01-27 06:00:00 UTC        
 READ IN fields at DATE: 2006-01-27 12:00:00 UTC        
 READ IN fields at DATE: 2006-01-27 18:00:00 UTC        
 READ IN fields at DATE: 2006-01-28 00:00:00 UTC        
 READ IN fields at DATE: 2006-01-28 06:00:00 UTC        
 READ IN fields at DATE: 2006-01-28 12:00:00 UTC        
 READ IN fields at DATE: 2006-01-28 18:00:00 UTC        
 READ IN fields at DATE: 2006-01-29 00:00:00 UTC        
 READ IN fields at DATE: 2006-01-29 06:00:00 UTC        
 READ IN fields at DATE: 2006-01-29 12:00:00 UTC        
 READ IN fields at DATE: 2006-01-29 18:00:00 UTC        
 READ IN fields at DATE: 2006-01-30 00:00:00 UTC        
 READ IN fields at DATE: 2006-01-30 06:00:00 UTC        
 READ IN fields at DATE: 2006-01-30 12:00:00 UTC        
 READ IN fields at DATE: 2006-01-30 18:00:00 UTC        
 READ IN fields at DATE: 2006-01-31 00:00:00 UTC        
 READ IN fields at DATE: 2006-01-31 06:00:00 UTC        
 READ IN fields at DATE: 2006-01-31 12:00:00 UTC        
 READ IN fields at DATE: 2006-01-31 18:00:00 UTC        
      131072 /leonardo_work/ICT25_ESP/RCMDATA//ERA5/2006/tatm_2006_02.nc
  2.100880967920027E-003   248.862276585883     
      196608 /leonardo_work/ICT25_ESP/RCMDATA//ERA5/2006/geop_2006_02.nc
   7.51315349947736        241604.874282625     
      262144 /leonardo_work/ICT25_ESP/RCMDATA//ERA5/2006/qhum_2006_02.nc
  4.129830639554672E-007  1.349808573300793E-002
      327680 /leonardo_work/ICT25_ESP/RCMDATA//ERA5/2006/uwnd_2006_02.nc
  3.639498388976618E-003   15.1297339007079     
      393216 /leonardo_work/ICT25_ESP/RCMDATA//ERA5/2006/vwnd_2006_02.nc
  2.595886209047350E-003   2.41694546509860     
 READ IN fields at DATE: 2006-02-01 00:00:00 UTC        
 READ IN fields at DATE: 2006-02-01 06:00:00 UTC        
 READ IN fields at DATE: 2006-02-01 12:00:00 UTC        
 READ IN fields at DATE: 2006-02-01 18:00:00 UTC        
 READ IN fields at DATE: 2006-02-02 00:00:00 UTC        
 READ IN fields at DATE: 2006-02-02 06:00:00 UTC        
 READ IN fields at DATE: 2006-02-02 12:00:00 UTC        
 READ IN fields at DATE: 2006-02-02 18:00:00 UTC        
 READ IN fields at DATE: 2006-02-03 00:00:00 UTC        
 READ IN fields at DATE: 2006-02-03 06:00:00 UTC        
 READ IN fields at DATE: 2006-02-03 12:00:00 UTC        
 READ IN fields at DATE: 2006-02-03 18:00:00 UTC        
 READ IN fields at DATE: 2006-02-04 00:00:00 UTC        
 READ IN fields at DATE: 2006-02-04 06:00:00 UTC        
 READ IN fields at DATE: 2006-02-04 12:00:00 UTC        
 READ IN fields at DATE: 2006-02-04 18:00:00 UTC        
 READ IN fields at DATE: 2006-02-05 00:00:00 UTC        
 READ IN fields at DATE: 2006-02-05 06:00:00 UTC        
 READ IN fields at DATE: 2006-02-05 12:00:00 UTC        
 READ IN fields at DATE: 2006-02-05 18:00:00 UTC        
 READ IN fields at DATE: 2006-02-06 00:00:00 UTC        
 READ IN fields at DATE: 2006-02-06 06:00:00 UTC        
 READ IN fields at DATE: 2006-02-06 12:00:00 UTC        
 READ IN fields at DATE: 2006-02-06 18:00:00 UTC        
 READ IN fields at DATE: 2006-02-07 00:00:00 UTC        
 READ IN fields at DATE: 2006-02-07 06:00:00 UTC        
 READ IN fields at DATE: 2006-02-07 12:00:00 UTC        
 READ IN fields at DATE: 2006-02-07 18:00:00 UTC        
 READ IN fields at DATE: 2006-02-08 00:00:00 UTC        
 READ IN fields at DATE: 2006-02-08 06:00:00 UTC        
 READ IN fields at DATE: 2006-02-08 12:00:00 UTC        
 READ IN fields at DATE: 2006-02-08 18:00:00 UTC        
 READ IN fields at DATE: 2006-02-09 00:00:00 UTC        
 READ IN fields at DATE: 2006-02-09 06:00:00 UTC        
 READ IN fields at DATE: 2006-02-09 12:00:00 UTC        
 READ IN fields at DATE: 2006-02-09 18:00:00 UTC        
 READ IN fields at DATE: 2006-02-10 00:00:00 UTC        
 READ IN fields at DATE: 2006-02-10 06:00:00 UTC        
 READ IN fields at DATE: 2006-02-10 12:00:00 UTC        
 READ IN fields at DATE: 2006-02-10 18:00:00 UTC        
 READ IN fields at DATE: 2006-02-11 00:00:00 UTC        
 READ IN fields at DATE: 2006-02-11 06:00:00 UTC        
 READ IN fields at DATE: 2006-02-11 12:00:00 UTC        
 READ IN fields at DATE: 2006-02-11 18:00:00 UTC        
 READ IN fields at DATE: 2006-02-12 00:00:00 UTC        
 READ IN fields at DATE: 2006-02-12 06:00:00 UTC        
 READ IN fields at DATE: 2006-02-12 12:00:00 UTC        
 READ IN fields at DATE: 2006-02-12 18:00:00 UTC        
 READ IN fields at DATE: 2006-02-13 00:00:00 UTC        
 READ IN fields at DATE: 2006-02-13 06:00:00 UTC        
 READ IN fields at DATE: 2006-02-13 12:00:00 UTC        
 READ IN fields at DATE: 2006-02-13 18:00:00 UTC        
 READ IN fields at DATE: 2006-02-14 00:00:00 UTC        
 READ IN fields at DATE: 2006-02-14 06:00:00 UTC        
 READ IN fields at DATE: 2006-02-14 12:00:00 UTC        
 READ IN fields at DATE: 2006-02-14 18:00:00 UTC        
 READ IN fields at DATE: 2006-02-15 00:00:00 UTC        
 READ IN fields at DATE: 2006-02-15 06:00:00 UTC        
 READ IN fields at DATE: 2006-02-15 12:00:00 UTC        
 READ IN fields at DATE: 2006-02-15 18:00:00 UTC        
 READ IN fields at DATE: 2006-02-16 00:00:00 UTC        
 READ IN fields at DATE: 2006-02-16 06:00:00 UTC        
 READ IN fields at DATE: 2006-02-16 12:00:00 UTC        
 READ IN fields at DATE: 2006-02-16 18:00:00 UTC        
 READ IN fields at DATE: 2006-02-17 00:00:00 UTC        
 READ IN fields at DATE: 2006-02-17 06:00:00 UTC        
 READ IN fields at DATE: 2006-02-17 12:00:00 UTC        
 READ IN fields at DATE: 2006-02-17 18:00:00 UTC        
 READ IN fields at DATE: 2006-02-18 00:00:00 UTC        
 READ IN fields at DATE: 2006-02-18 06:00:00 UTC        
 READ IN fields at DATE: 2006-02-18 12:00:00 UTC        
 READ IN fields at DATE: 2006-02-18 18:00:00 UTC        
 READ IN fields at DATE: 2006-02-19 00:00:00 UTC        
 READ IN fields at DATE: 2006-02-19 06:00:00 UTC        
 READ IN fields at DATE: 2006-02-19 12:00:00 UTC        
 READ IN fields at DATE: 2006-02-19 18:00:00 UTC        
 READ IN fields at DATE: 2006-02-20 00:00:00 UTC        
 READ IN fields at DATE: 2006-02-20 06:00:00 UTC        
 READ IN fields at DATE: 2006-02-20 12:00:00 UTC        
 READ IN fields at DATE: 2006-02-20 18:00:00 UTC        
 READ IN fields at DATE: 2006-02-21 00:00:00 UTC        
 READ IN fields at DATE: 2006-02-21 06:00:00 UTC        
 READ IN fields at DATE: 2006-02-21 12:00:00 UTC        
 READ IN fields at DATE: 2006-02-21 18:00:00 UTC        
 READ IN fields at DATE: 2006-02-22 00:00:00 UTC        
 READ IN fields at DATE: 2006-02-22 06:00:00 UTC        
 READ IN fields at DATE: 2006-02-22 12:00:00 UTC        
 READ IN fields at DATE: 2006-02-22 18:00:00 UTC        
 READ IN fields at DATE: 2006-02-23 00:00:00 UTC        
 READ IN fields at DATE: 2006-02-23 06:00:00 UTC        
 READ IN fields at DATE: 2006-02-23 12:00:00 UTC        
 READ IN fields at DATE: 2006-02-23 18:00:00 UTC        
 READ IN fields at DATE: 2006-02-24 00:00:00 UTC        
 READ IN fields at DATE: 2006-02-24 06:00:00 UTC        
 READ IN fields at DATE: 2006-02-24 12:00:00 UTC        
 READ IN fields at DATE: 2006-02-24 18:00:00 UTC        
 READ IN fields at DATE: 2006-02-25 00:00:00 UTC        
 READ IN fields at DATE: 2006-02-25 06:00:00 UTC        
 READ IN fields at DATE: 2006-02-25 12:00:00 UTC        
 READ IN fields at DATE: 2006-02-25 18:00:00 UTC        
 READ IN fields at DATE: 2006-02-26 00:00:00 UTC        
 READ IN fields at DATE: 2006-02-26 06:00:00 UTC        
 READ IN fields at DATE: 2006-02-26 12:00:00 UTC        
 READ IN fields at DATE: 2006-02-26 18:00:00 UTC        
 READ IN fields at DATE: 2006-02-27 00:00:00 UTC        
 READ IN fields at DATE: 2006-02-27 06:00:00 UTC        
 READ IN fields at DATE: 2006-02-27 12:00:00 UTC        
 READ IN fields at DATE: 2006-02-27 18:00:00 UTC        
 READ IN fields at DATE: 2006-02-28 00:00:00 UTC        
 READ IN fields at DATE: 2006-02-28 06:00:00 UTC        
 READ IN fields at DATE: 2006-02-28 12:00:00 UTC        
 READ IN fields at DATE: 2006-02-28 18:00:00 UTC        
      131072 /leonardo_work/ICT25_ESP/RCMDATA//ERA5/2006/tatm_2006_03.nc
  2.076474076932137E-003   248.454512910422     
      196608 /leonardo_work/ICT25_ESP/RCMDATA//ERA5/2006/geop_2006_03.nc
   7.34958335638152        235520.702161447     
      262144 /leonardo_work/ICT25_ESP/RCMDATA//ERA5/2006/qhum_2006_03.nc
  3.849879576274236E-007  1.257850139393851E-002
      327680 /leonardo_work/ICT25_ESP/RCMDATA//ERA5/2006/uwnd_2006_03.nc
  2.887934863357249E-003   27.2167567161621     
      393216 /leonardo_work/ICT25_ESP/RCMDATA//ERA5/2006/vwnd_2006_03.nc
  2.652024712710342E-003  0.887574744479582     
 READ IN fields at DATE: 2006-03-01 00:00:00 UTC        
 READ IN fields at DATE: 2006-03-01 06:00:00 UTC        
 READ IN fields at DATE: 2006-03-01 12:00:00 UTC        
 READ IN fields at DATE: 2006-03-01 18:00:00 UTC        
 READ IN fields at DATE: 2006-03-02 00:00:00 UTC        
 READ IN fields at DATE: 2006-03-02 06:00:00 UTC        
 READ IN fields at DATE: 2006-03-02 12:00:00 UTC        
 READ IN fields at DATE: 2006-03-02 18:00:00 UTC        
 READ IN fields at DATE: 2006-03-03 00:00:00 UTC        
 READ IN fields at DATE: 2006-03-03 06:00:00 UTC        
 READ IN fields at DATE: 2006-03-03 12:00:00 UTC        
 READ IN fields at DATE: 2006-03-03 18:00:00 UTC        
 READ IN fields at DATE: 2006-03-04 00:00:00 UTC        
 READ IN fields at DATE: 2006-03-04 06:00:00 UTC        
 READ IN fields at DATE: 2006-03-04 12:00:00 UTC        
 READ IN fields at DATE: 2006-03-04 18:00:00 UTC        
 READ IN fields at DATE: 2006-03-05 00:00:00 UTC        
 READ IN fields at DATE: 2006-03-05 06:00:00 UTC        
 READ IN fields at DATE: 2006-03-05 12:00:00 UTC        
 READ IN fields at DATE: 2006-03-05 18:00:00 UTC        
 READ IN fields at DATE: 2006-03-06 00:00:00 UTC        
 READ IN fields at DATE: 2006-03-06 06:00:00 UTC        
 READ IN fields at DATE: 2006-03-06 12:00:00 UTC        
 READ IN fields at DATE: 2006-03-06 18:00:00 UTC        
 READ IN fields at DATE: 2006-03-07 00:00:00 UTC        
 READ IN fields at DATE: 2006-03-07 06:00:00 UTC        
 READ IN fields at DATE: 2006-03-07 12:00:00 UTC        
 READ IN fields at DATE: 2006-03-07 18:00:00 UTC        
 READ IN fields at DATE: 2006-03-08 00:00:00 UTC        
 READ IN fields at DATE: 2006-03-08 06:00:00 UTC        
 READ IN fields at DATE: 2006-03-08 12:00:00 UTC        
 READ IN fields at DATE: 2006-03-08 18:00:00 UTC        
 READ IN fields at DATE: 2006-03-09 00:00:00 UTC        
 READ IN fields at DATE: 2006-03-09 06:00:00 UTC        
 READ IN fields at DATE: 2006-03-09 12:00:00 UTC        
 READ IN fields at DATE: 2006-03-09 18:00:00 UTC        
 READ IN fields at DATE: 2006-03-10 00:00:00 UTC        
 READ IN fields at DATE: 2006-03-10 06:00:00 UTC        
 READ IN fields at DATE: 2006-03-10 12:00:00 UTC        
 READ IN fields at DATE: 2006-03-10 18:00:00 UTC        
 READ IN fields at DATE: 2006-03-11 00:00:00 UTC        
 READ IN fields at DATE: 2006-03-11 06:00:00 UTC        
 READ IN fields at DATE: 2006-03-11 12:00:00 UTC        
 READ IN fields at DATE: 2006-03-11 18:00:00 UTC        
 READ IN fields at DATE: 2006-03-12 00:00:00 UTC        
 READ IN fields at DATE: 2006-03-12 06:00:00 UTC        
 READ IN fields at DATE: 2006-03-12 12:00:00 UTC        
 READ IN fields at DATE: 2006-03-12 18:00:00 UTC        
 READ IN fields at DATE: 2006-03-13 00:00:00 UTC        
 READ IN fields at DATE: 2006-03-13 06:00:00 UTC        
 READ IN fields at DATE: 2006-03-13 12:00:00 UTC        
 READ IN fields at DATE: 2006-03-13 18:00:00 UTC        
 READ IN fields at DATE: 2006-03-14 00:00:00 UTC        
 READ IN fields at DATE: 2006-03-14 06:00:00 UTC        
 READ IN fields at DATE: 2006-03-14 12:00:00 UTC        
 READ IN fields at DATE: 2006-03-14 18:00:00 UTC        
 READ IN fields at DATE: 2006-03-15 00:00:00 UTC        
 READ IN fields at DATE: 2006-03-15 06:00:00 UTC        
 READ IN fields at DATE: 2006-03-15 12:00:00 UTC        
 READ IN fields at DATE: 2006-03-15 18:00:00 UTC        
 READ IN fields at DATE: 2006-03-16 00:00:00 UTC        
 READ IN fields at DATE: 2006-03-16 06:00:00 UTC        
 READ IN fields at DATE: 2006-03-16 12:00:00 UTC        
 READ IN fields at DATE: 2006-03-16 18:00:00 UTC        
 READ IN fields at DATE: 2006-03-17 00:00:00 UTC        
 READ IN fields at DATE: 2006-03-17 06:00:00 UTC        
 READ IN fields at DATE: 2006-03-17 12:00:00 UTC        
 READ IN fields at DATE: 2006-03-17 18:00:00 UTC        
 READ IN fields at DATE: 2006-03-18 00:00:00 UTC        
 READ IN fields at DATE: 2006-03-18 06:00:00 UTC        
 READ IN fields at DATE: 2006-03-18 12:00:00 UTC        
 READ IN fields at DATE: 2006-03-18 18:00:00 UTC        
 READ IN fields at DATE: 2006-03-19 00:00:00 UTC        
 READ IN fields at DATE: 2006-03-19 06:00:00 UTC        
 READ IN fields at DATE: 2006-03-19 12:00:00 UTC        
 READ IN fields at DATE: 2006-03-19 18:00:00 UTC        
 READ IN fields at DATE: 2006-03-20 00:00:00 UTC        
 READ IN fields at DATE: 2006-03-20 06:00:00 UTC        
 READ IN fields at DATE: 2006-03-20 12:00:00 UTC        
 READ IN fields at DATE: 2006-03-20 18:00:00 UTC        
 READ IN fields at DATE: 2006-03-21 00:00:00 UTC        
 READ IN fields at DATE: 2006-03-21 06:00:00 UTC        
 READ IN fields at DATE: 2006-03-21 12:00:00 UTC        
 READ IN fields at DATE: 2006-03-21 18:00:00 UTC        
 READ IN fields at DATE: 2006-03-22 00:00:00 UTC        
 READ IN fields at DATE: 2006-03-22 06:00:00 UTC        
 READ IN fields at DATE: 2006-03-22 12:00:00 UTC        
 READ IN fields at DATE: 2006-03-22 18:00:00 UTC        
 READ IN fields at DATE: 2006-03-23 00:00:00 UTC        
 READ IN fields at DATE: 2006-03-23 06:00:00 UTC        
 READ IN fields at DATE: 2006-03-23 12:00:00 UTC        
 READ IN fields at DATE: 2006-03-23 18:00:00 UTC        
 READ IN fields at DATE: 2006-03-24 00:00:00 UTC        
 READ IN fields at DATE: 2006-03-24 06:00:00 UTC        
 READ IN fields at DATE: 2006-03-24 12:00:00 UTC        
 READ IN fields at DATE: 2006-03-24 18:00:00 UTC        
 READ IN fields at DATE: 2006-03-25 00:00:00 UTC        
 READ IN fields at DATE: 2006-03-25 06:00:00 UTC        
 READ IN fields at DATE: 2006-03-25 12:00:00 UTC        
 READ IN fields at DATE: 2006-03-25 18:00:00 UTC        
 READ IN fields at DATE: 2006-03-26 00:00:00 UTC        
 READ IN fields at DATE: 2006-03-26 06:00:00 UTC        
 READ IN fields at DATE: 2006-03-26 12:00:00 UTC        
 READ IN fields at DATE: 2006-03-26 18:00:00 UTC        
 READ IN fields at DATE: 2006-03-27 00:00:00 UTC        
 READ IN fields at DATE: 2006-03-27 06:00:00 UTC        
 READ IN fields at DATE: 2006-03-27 12:00:00 UTC        
 READ IN fields at DATE: 2006-03-27 18:00:00 UTC        
 READ IN fields at DATE: 2006-03-28 00:00:00 UTC        
 READ IN fields at DATE: 2006-03-28 06:00:00 UTC        
 READ IN fields at DATE: 2006-03-28 12:00:00 UTC        
 READ IN fields at DATE: 2006-03-28 18:00:00 UTC        
 READ IN fields at DATE: 2006-03-29 00:00:00 UTC        
 READ IN fields at DATE: 2006-03-29 06:00:00 UTC        
 READ IN fields at DATE: 2006-03-29 12:00:00 UTC        
 READ IN fields at DATE: 2006-03-29 18:00:00 UTC        
 READ IN fields at DATE: 2006-03-30 00:00:00 UTC        
 READ IN fields at DATE: 2006-03-30 06:00:00 UTC        
 READ IN fields at DATE: 2006-03-30 12:00:00 UTC        
 READ IN fields at DATE: 2006-03-30 18:00:00 UTC        
 READ IN fields at DATE: 2006-03-31 00:00:00 UTC        
 READ IN fields at DATE: 2006-03-31 06:00:00 UTC        
 READ IN fields at DATE: 2006-03-31 12:00:00 UTC        
 READ IN fields at DATE: 2006-03-31 18:00:00 UTC        
      131072 /leonardo_work/ICT25_ESP/RCMDATA//ERA5/2006/tatm_2006_04.nc
  2.075243976332177E-003   249.629219030844     
      196608 /leonardo_work/ICT25_ESP/RCMDATA//ERA5/2006/geop_2006_04.nc
   7.36563186676941        235007.028121567     
      262144 /leonardo_work/ICT25_ESP/RCMDATA//ERA5/2006/qhum_2006_04.nc
  3.755426126657032E-007  1.226138896960522E-002
      327680 /leonardo_work/ICT25_ESP/RCMDATA//ERA5/2006/uwnd_2006_04.nc
  2.495773995559131E-003   24.9361529308733     
      393216 /leonardo_work/ICT25_ESP/RCMDATA//ERA5/2006/vwnd_2006_04.nc
  2.717821706433329E-003   2.43907840604131     
 READ IN fields at DATE: 2006-04-01 00:00:00 UTC        
 READ IN fields at DATE: 2006-04-01 06:00:00 UTC        
 READ IN fields at DATE: 2006-04-01 12:00:00 UTC        
 READ IN fields at DATE: 2006-04-01 18:00:00 UTC        
 READ IN fields at DATE: 2006-04-02 00:00:00 UTC        
 READ IN fields at DATE: 2006-04-02 06:00:00 UTC        
 READ IN fields at DATE: 2006-04-02 12:00:00 UTC        
 READ IN fields at DATE: 2006-04-02 18:00:00 UTC        
 READ IN fields at DATE: 2006-04-03 00:00:00 UTC        
 READ IN fields at DATE: 2006-04-03 06:00:00 UTC        
 READ IN fields at DATE: 2006-04-03 12:00:00 UTC        
 READ IN fields at DATE: 2006-04-03 18:00:00 UTC        
 READ IN fields at DATE: 2006-04-04 00:00:00 UTC        
 READ IN fields at DATE: 2006-04-04 06:00:00 UTC        
 READ IN fields at DATE: 2006-04-04 12:00:00 UTC        
 READ IN fields at DATE: 2006-04-04 18:00:00 UTC        
 READ IN fields at DATE: 2006-04-05 00:00:00 UTC        
 READ IN fields at DATE: 2006-04-05 06:00:00 UTC        
 READ IN fields at DATE: 2006-04-05 12:00:00 UTC        
 READ IN fields at DATE: 2006-04-05 18:00:00 UTC        
 READ IN fields at DATE: 2006-04-06 00:00:00 UTC        
 READ IN fields at DATE: 2006-04-06 06:00:00 UTC        
 READ IN fields at DATE: 2006-04-06 12:00:00 UTC        
 READ IN fields at DATE: 2006-04-06 18:00:00 UTC        
 READ IN fields at DATE: 2006-04-07 00:00:00 UTC        
 READ IN fields at DATE: 2006-04-07 06:00:00 UTC        
 READ IN fields at DATE: 2006-04-07 12:00:00 UTC        
 READ IN fields at DATE: 2006-04-07 18:00:00 UTC        
 READ IN fields at DATE: 2006-04-08 00:00:00 UTC        
 READ IN fields at DATE: 2006-04-08 06:00:00 UTC        
 READ IN fields at DATE: 2006-04-08 12:00:00 UTC        
 READ IN fields at DATE: 2006-04-08 18:00:00 UTC        
 READ IN fields at DATE: 2006-04-09 00:00:00 UTC        
 READ IN fields at DATE: 2006-04-09 06:00:00 UTC        
 READ IN fields at DATE: 2006-04-09 12:00:00 UTC        
 READ IN fields at DATE: 2006-04-09 18:00:00 UTC        
 READ IN fields at DATE: 2006-04-10 00:00:00 UTC        
 READ IN fields at DATE: 2006-04-10 06:00:00 UTC        
 READ IN fields at DATE: 2006-04-10 12:00:00 UTC        
 READ IN fields at DATE: 2006-04-10 18:00:00 UTC        
 READ IN fields at DATE: 2006-04-11 00:00:00 UTC        
 READ IN fields at DATE: 2006-04-11 06:00:00 UTC        
 READ IN fields at DATE: 2006-04-11 12:00:00 UTC        
 READ IN fields at DATE: 2006-04-11 18:00:00 UTC        
 READ IN fields at DATE: 2006-04-12 00:00:00 UTC        
 READ IN fields at DATE: 2006-04-12 06:00:00 UTC        
 READ IN fields at DATE: 2006-04-12 12:00:00 UTC        
 READ IN fields at DATE: 2006-04-12 18:00:00 UTC        
 READ IN fields at DATE: 2006-04-13 00:00:00 UTC        
 READ IN fields at DATE: 2006-04-13 06:00:00 UTC        
 READ IN fields at DATE: 2006-04-13 12:00:00 UTC        
 READ IN fields at DATE: 2006-04-13 18:00:00 UTC        
 READ IN fields at DATE: 2006-04-14 00:00:00 UTC        
 READ IN fields at DATE: 2006-04-14 06:00:00 UTC        
 READ IN fields at DATE: 2006-04-14 12:00:00 UTC        
 READ IN fields at DATE: 2006-04-14 18:00:00 UTC        
 READ IN fields at DATE: 2006-04-15 00:00:00 UTC        
 READ IN fields at DATE: 2006-04-15 06:00:00 UTC        
 READ IN fields at DATE: 2006-04-15 12:00:00 UTC        
 READ IN fields at DATE: 2006-04-15 18:00:00 UTC        
 READ IN fields at DATE: 2006-04-16 00:00:00 UTC        
 READ IN fields at DATE: 2006-04-16 06:00:00 UTC        
 READ IN fields at DATE: 2006-04-16 12:00:00 UTC        
 READ IN fields at DATE: 2006-04-16 18:00:00 UTC        
 READ IN fields at DATE: 2006-04-17 00:00:00 UTC        
 READ IN fields at DATE: 2006-04-17 06:00:00 UTC        
 READ IN fields at DATE: 2006-04-17 12:00:00 UTC        
 READ IN fields at DATE: 2006-04-17 18:00:00 UTC        
 READ IN fields at DATE: 2006-04-18 00:00:00 UTC        
 READ IN fields at DATE: 2006-04-18 06:00:00 UTC        
 READ IN fields at DATE: 2006-04-18 12:00:00 UTC        
 READ IN fields at DATE: 2006-04-18 18:00:00 UTC        
 READ IN fields at DATE: 2006-04-19 00:00:00 UTC        
 READ IN fields at DATE: 2006-04-19 06:00:00 UTC        
 READ IN fields at DATE: 2006-04-19 12:00:00 UTC        
 READ IN fields at DATE: 2006-04-19 18:00:00 UTC        
 READ IN fields at DATE: 2006-04-20 00:00:00 UTC        
 READ IN fields at DATE: 2006-04-20 06:00:00 UTC        
 READ IN fields at DATE: 2006-04-20 12:00:00 UTC        
 READ IN fields at DATE: 2006-04-20 18:00:00 UTC        
 READ IN fields at DATE: 2006-04-21 00:00:00 UTC        
 READ IN fields at DATE: 2006-04-21 06:00:00 UTC        
 READ IN fields at DATE: 2006-04-21 12:00:00 UTC        
 READ IN fields at DATE: 2006-04-21 18:00:00 UTC        
 READ IN fields at DATE: 2006-04-22 00:00:00 UTC        
 READ IN fields at DATE: 2006-04-22 06:00:00 UTC        
 READ IN fields at DATE: 2006-04-22 12:00:00 UTC        
 READ IN fields at DATE: 2006-04-22 18:00:00 UTC        
 READ IN fields at DATE: 2006-04-23 00:00:00 UTC        
 READ IN fields at DATE: 2006-04-23 06:00:00 UTC        
 READ IN fields at DATE: 2006-04-23 12:00:00 UTC        
 READ IN fields at DATE: 2006-04-23 18:00:00 UTC        
 READ IN fields at DATE: 2006-04-24 00:00:00 UTC        
 READ IN fields at DATE: 2006-04-24 06:00:00 UTC        
 READ IN fields at DATE: 2006-04-24 12:00:00 UTC        
 READ IN fields at DATE: 2006-04-24 18:00:00 UTC        
 READ IN fields at DATE: 2006-04-25 00:00:00 UTC        
 READ IN fields at DATE: 2006-04-25 06:00:00 UTC        
 READ IN fields at DATE: 2006-04-25 12:00:00 UTC        
 READ IN fields at DATE: 2006-04-25 18:00:00 UTC        
 READ IN fields at DATE: 2006-04-26 00:00:00 UTC        
 READ IN fields at DATE: 2006-04-26 06:00:00 UTC        
 READ IN fields at DATE: 2006-04-26 12:00:00 UTC        
 READ IN fields at DATE: 2006-04-26 18:00:00 UTC        
 READ IN fields at DATE: 2006-04-27 00:00:00 UTC        
 READ IN fields at DATE: 2006-04-27 06:00:00 UTC        
 READ IN fields at DATE: 2006-04-27 12:00:00 UTC        
 READ IN fields at DATE: 2006-04-27 18:00:00 UTC        
 READ IN fields at DATE: 2006-04-28 00:00:00 UTC        
 READ IN fields at DATE: 2006-04-28 06:00:00 UTC        
 READ IN fields at DATE: 2006-04-28 12:00:00 UTC        
 READ IN fields at DATE: 2006-04-28 18:00:00 UTC        
 READ IN fields at DATE: 2006-04-29 00:00:00 UTC        
 READ IN fields at DATE: 2006-04-29 06:00:00 UTC        
 READ IN fields at DATE: 2006-04-29 12:00:00 UTC        
 READ IN fields at DATE: 2006-04-29 18:00:00 UTC        
 READ IN fields at DATE: 2006-04-30 00:00:00 UTC        
 READ IN fields at DATE: 2006-04-30 06:00:00 UTC        
 READ IN fields at DATE: 2006-04-30 12:00:00 UTC        
 READ IN fields at DATE: 2006-04-30 18:00:00 UTC        
      131072 /leonardo_work/ICT25_ESP/RCMDATA//ERA5/2006/tatm_2006_05.nc
  2.128918553334413E-003   251.678935845899     
      196608 /leonardo_work/ICT25_ESP/RCMDATA//ERA5/2006/geop_2006_05.nc
   7.52937248695314        240208.864220007     
      262144 /leonardo_work/ICT25_ESP/RCMDATA//ERA5/2006/qhum_2006_05.nc
  3.982791194285897E-007  1.293683411289616E-002
      327680 /leonardo_work/ICT25_ESP/RCMDATA//ERA5/2006/uwnd_2006_05.nc
  3.298098322123968E-003   53.7747486559171     
      393216 /leonardo_work/ICT25_ESP/RCMDATA//ERA5/2006/vwnd_2006_05.nc
  2.710561714628150E-003  -5.17554198740028     
 READ IN fields at DATE: 2006-05-01 00:00:00 UTC        
 READ IN fields at DATE: 2006-05-01 06:00:00 UTC        
 READ IN fields at DATE: 2006-05-01 12:00:00 UTC        
 READ IN fields at DATE: 2006-05-01 18:00:00 UTC        
 READ IN fields at DATE: 2006-05-02 00:00:00 UTC        
 READ IN fields at DATE: 2006-05-02 06:00:00 UTC        
 READ IN fields at DATE: 2006-05-02 12:00:00 UTC        
 READ IN fields at DATE: 2006-05-02 18:00:00 UTC        
 READ IN fields at DATE: 2006-05-03 00:00:00 UTC        
 READ IN fields at DATE: 2006-05-03 06:00:00 UTC        
 READ IN fields at DATE: 2006-05-03 12:00:00 UTC        
 READ IN fields at DATE: 2006-05-03 18:00:00 UTC        
 READ IN fields at DATE: 2006-05-04 00:00:00 UTC        
 READ IN fields at DATE: 2006-05-04 06:00:00 UTC        
 READ IN fields at DATE: 2006-05-04 12:00:00 UTC        
 READ IN fields at DATE: 2006-05-04 18:00:00 UTC        
 READ IN fields at DATE: 2006-05-05 00:00:00 UTC        
 READ IN fields at DATE: 2006-05-05 06:00:00 UTC        
 READ IN fields at DATE: 2006-05-05 12:00:00 UTC        
 READ IN fields at DATE: 2006-05-05 18:00:00 UTC        
 READ IN fields at DATE: 2006-05-06 00:00:00 UTC        
 READ IN fields at DATE: 2006-05-06 06:00:00 UTC        
 READ IN fields at DATE: 2006-05-06 12:00:00 UTC        
 READ IN fields at DATE: 2006-05-06 18:00:00 UTC        
 READ IN fields at DATE: 2006-05-07 00:00:00 UTC        
 READ IN fields at DATE: 2006-05-07 06:00:00 UTC        
 READ IN fields at DATE: 2006-05-07 12:00:00 UTC        
 READ IN fields at DATE: 2006-05-07 18:00:00 UTC        
 READ IN fields at DATE: 2006-05-08 00:00:00 UTC        
 READ IN fields at DATE: 2006-05-08 06:00:00 UTC        
 READ IN fields at DATE: 2006-05-08 12:00:00 UTC        
 READ IN fields at DATE: 2006-05-08 18:00:00 UTC        
 READ IN fields at DATE: 2006-05-09 00:00:00 UTC        
 READ IN fields at DATE: 2006-05-09 06:00:00 UTC        
 READ IN fields at DATE: 2006-05-09 12:00:00 UTC        
 READ IN fields at DATE: 2006-05-09 18:00:00 UTC        
 READ IN fields at DATE: 2006-05-10 00:00:00 UTC        
 READ IN fields at DATE: 2006-05-10 06:00:00 UTC        
 READ IN fields at DATE: 2006-05-10 12:00:00 UTC        
 READ IN fields at DATE: 2006-05-10 18:00:00 UTC        
 READ IN fields at DATE: 2006-05-11 00:00:00 UTC        
 READ IN fields at DATE: 2006-05-11 06:00:00 UTC        
 READ IN fields at DATE: 2006-05-11 12:00:00 UTC        
 READ IN fields at DATE: 2006-05-11 18:00:00 UTC        
 READ IN fields at DATE: 2006-05-12 00:00:00 UTC        
 READ IN fields at DATE: 2006-05-12 06:00:00 UTC        
 READ IN fields at DATE: 2006-05-12 12:00:00 UTC        
 READ IN fields at DATE: 2006-05-12 18:00:00 UTC        
 READ IN fields at DATE: 2006-05-13 00:00:00 UTC        
 READ IN fields at DATE: 2006-05-13 06:00:00 UTC        
 READ IN fields at DATE: 2006-05-13 12:00:00 UTC        
 READ IN fields at DATE: 2006-05-13 18:00:00 UTC        
 READ IN fields at DATE: 2006-05-14 00:00:00 UTC        
 READ IN fields at DATE: 2006-05-14 06:00:00 UTC        
 READ IN fields at DATE: 2006-05-14 12:00:00 UTC        
 READ IN fields at DATE: 2006-05-14 18:00:00 UTC        
 READ IN fields at DATE: 2006-05-15 00:00:00 UTC        
 READ IN fields at DATE: 2006-05-15 06:00:00 UTC        
 READ IN fields at DATE: 2006-05-15 12:00:00 UTC        
 READ IN fields at DATE: 2006-05-15 18:00:00 UTC        
 READ IN fields at DATE: 2006-05-16 00:00:00 UTC        
 READ IN fields at DATE: 2006-05-16 06:00:00 UTC        
 READ IN fields at DATE: 2006-05-16 12:00:00 UTC        
 READ IN fields at DATE: 2006-05-16 18:00:00 UTC        
 READ IN fields at DATE: 2006-05-17 00:00:00 UTC        
 READ IN fields at DATE: 2006-05-17 06:00:00 UTC        
 READ IN fields at DATE: 2006-05-17 12:00:00 UTC        
 READ IN fields at DATE: 2006-05-17 18:00:00 UTC        
 READ IN fields at DATE: 2006-05-18 00:00:00 UTC        
 READ IN fields at DATE: 2006-05-18 06:00:00 UTC        
 READ IN fields at DATE: 2006-05-18 12:00:00 UTC        
 READ IN fields at DATE: 2006-05-18 18:00:00 UTC        
 READ IN fields at DATE: 2006-05-19 00:00:00 UTC        
 READ IN fields at DATE: 2006-05-19 06:00:00 UTC        
 READ IN fields at DATE: 2006-05-19 12:00:00 UTC        
 READ IN fields at DATE: 2006-05-19 18:00:00 UTC        
 READ IN fields at DATE: 2006-05-20 00:00:00 UTC        
 READ IN fields at DATE: 2006-05-20 06:00:00 UTC        
 READ IN fields at DATE: 2006-05-20 12:00:00 UTC        
 READ IN fields at DATE: 2006-05-20 18:00:00 UTC        
 READ IN fields at DATE: 2006-05-21 00:00:00 UTC        
 READ IN fields at DATE: 2006-05-21 06:00:00 UTC        
 READ IN fields at DATE: 2006-05-21 12:00:00 UTC        
 READ IN fields at DATE: 2006-05-21 18:00:00 UTC        
 READ IN fields at DATE: 2006-05-22 00:00:00 UTC        
 READ IN fields at DATE: 2006-05-22 06:00:00 UTC        
 READ IN fields at DATE: 2006-05-22 12:00:00 UTC        
 READ IN fields at DATE: 2006-05-22 18:00:00 UTC        
 READ IN fields at DATE: 2006-05-23 00:00:00 UTC        
 READ IN fields at DATE: 2006-05-23 06:00:00 UTC        
 READ IN fields at DATE: 2006-05-23 12:00:00 UTC        
 READ IN fields at DATE: 2006-05-23 18:00:00 UTC        
 READ IN fields at DATE: 2006-05-24 00:00:00 UTC        
 READ IN fields at DATE: 2006-05-24 06:00:00 UTC        
 READ IN fields at DATE: 2006-05-24 12:00:00 UTC        
 READ IN fields at DATE: 2006-05-24 18:00:00 UTC        
 READ IN fields at DATE: 2006-05-25 00:00:00 UTC        
 READ IN fields at DATE: 2006-05-25 06:00:00 UTC        
 READ IN fields at DATE: 2006-05-25 12:00:00 UTC        
 READ IN fields at DATE: 2006-05-25 18:00:00 UTC        
 READ IN fields at DATE: 2006-05-26 00:00:00 UTC        
 READ IN fields at DATE: 2006-05-26 06:00:00 UTC        
 READ IN fields at DATE: 2006-05-26 12:00:00 UTC        
 READ IN fields at DATE: 2006-05-26 18:00:00 UTC        
 READ IN fields at DATE: 2006-05-27 00:00:00 UTC        
 READ IN fields at DATE: 2006-05-27 06:00:00 UTC        
 READ IN fields at DATE: 2006-05-27 12:00:00 UTC        
 READ IN fields at DATE: 2006-05-27 18:00:00 UTC        
 READ IN fields at DATE: 2006-05-28 00:00:00 UTC        
 READ IN fields at DATE: 2006-05-28 06:00:00 UTC        
 READ IN fields at DATE: 2006-05-28 12:00:00 UTC        
 READ IN fields at DATE: 2006-05-28 18:00:00 UTC        
 READ IN fields at DATE: 2006-05-29 00:00:00 UTC        
 READ IN fields at DATE: 2006-05-29 06:00:00 UTC        
 READ IN fields at DATE: 2006-05-29 12:00:00 UTC        
 READ IN fields at DATE: 2006-05-29 18:00:00 UTC        
 READ IN fields at DATE: 2006-05-30 00:00:00 UTC        
 READ IN fields at DATE: 2006-05-30 06:00:00 UTC        
 READ IN fields at DATE: 2006-05-30 12:00:00 UTC        
 READ IN fields at DATE: 2006-05-30 18:00:00 UTC        
 READ IN fields at DATE: 2006-05-31 00:00:00 UTC        
 READ IN fields at DATE: 2006-05-31 06:00:00 UTC        
 READ IN fields at DATE: 2006-05-31 12:00:00 UTC        
 READ IN fields at DATE: 2006-05-31 18:00:00 UTC        
      131072 /leonardo_work/ICT25_ESP/RCMDATA//ERA5/2006/tatm_2006_06.nc
  2.381496182922630E-003   247.010665331010     
      196608 /leonardo_work/ICT25_ESP/RCMDATA//ERA5/2006/geop_2006_06.nc
   7.63045306133932        243536.132039094     
      262144 /leonardo_work/ICT25_ESP/RCMDATA//ERA5/2006/qhum_2006_06.nc
  4.249138545072070E-007  1.381740519276544E-002
      327680 /leonardo_work/ICT25_ESP/RCMDATA//ERA5/2006/uwnd_2006_06.nc
  4.148891127013298E-003   58.5939033376396     
      393216 /leonardo_work/ICT25_ESP/RCMDATA//ERA5/2006/vwnd_2006_06.nc
  2.576768075399512E-003   7.50054267064980     
 READ IN fields at DATE: 2006-06-01 00:00:00 UTC        
 READ IN fields at DATE: 2006-06-01 06:00:00 UTC        
 READ IN fields at DATE: 2006-06-01 12:00:00 UTC        
 READ IN fields at DATE: 2006-06-01 18:00:00 UTC        
 READ IN fields at DATE: 2006-06-02 00:00:00 UTC        
 READ IN fields at DATE: 2006-06-02 06:00:00 UTC        
 READ IN fields at DATE: 2006-06-02 12:00:00 UTC        
 READ IN fields at DATE: 2006-06-02 18:00:00 UTC        
 READ IN fields at DATE: 2006-06-03 00:00:00 UTC        
 READ IN fields at DATE: 2006-06-03 06:00:00 UTC        
 READ IN fields at DATE: 2006-06-03 12:00:00 UTC        
 READ IN fields at DATE: 2006-06-03 18:00:00 UTC        
 READ IN fields at DATE: 2006-06-04 00:00:00 UTC        
 READ IN fields at DATE: 2006-06-04 06:00:00 UTC        
 READ IN fields at DATE: 2006-06-04 12:00:00 UTC        
 READ IN fields at DATE: 2006-06-04 18:00:00 UTC        
 READ IN fields at DATE: 2006-06-05 00:00:00 UTC        
 READ IN fields at DATE: 2006-06-05 06:00:00 UTC        
 READ IN fields at DATE: 2006-06-05 12:00:00 UTC        
 READ IN fields at DATE: 2006-06-05 18:00:00 UTC        
 READ IN fields at DATE: 2006-06-06 00:00:00 UTC        
 READ IN fields at DATE: 2006-06-06 06:00:00 UTC        
 READ IN fields at DATE: 2006-06-06 12:00:00 UTC        
 READ IN fields at DATE: 2006-06-06 18:00:00 UTC        
 READ IN fields at DATE: 2006-06-07 00:00:00 UTC        
 READ IN fields at DATE: 2006-06-07 06:00:00 UTC        
 READ IN fields at DATE: 2006-06-07 12:00:00 UTC        
 READ IN fields at DATE: 2006-06-07 18:00:00 UTC        
 READ IN fields at DATE: 2006-06-08 00:00:00 UTC        
 READ IN fields at DATE: 2006-06-08 06:00:00 UTC        
 READ IN fields at DATE: 2006-06-08 12:00:00 UTC        
 READ IN fields at DATE: 2006-06-08 18:00:00 UTC        
 READ IN fields at DATE: 2006-06-09 00:00:00 UTC        
 READ IN fields at DATE: 2006-06-09 06:00:00 UTC        
 READ IN fields at DATE: 2006-06-09 12:00:00 UTC        
 READ IN fields at DATE: 2006-06-09 18:00:00 UTC        
 READ IN fields at DATE: 2006-06-10 00:00:00 UTC        
 READ IN fields at DATE: 2006-06-10 06:00:00 UTC        
 READ IN fields at DATE: 2006-06-10 12:00:00 UTC        
 READ IN fields at DATE: 2006-06-10 18:00:00 UTC        
 READ IN fields at DATE: 2006-06-11 00:00:00 UTC        
 READ IN fields at DATE: 2006-06-11 06:00:00 UTC        
 READ IN fields at DATE: 2006-06-11 12:00:00 UTC        
 READ IN fields at DATE: 2006-06-11 18:00:00 UTC        
 READ IN fields at DATE: 2006-06-12 00:00:00 UTC        
 READ IN fields at DATE: 2006-06-12 06:00:00 UTC        
 READ IN fields at DATE: 2006-06-12 12:00:00 UTC        
 READ IN fields at DATE: 2006-06-12 18:00:00 UTC        
 READ IN fields at DATE: 2006-06-13 00:00:00 UTC        
 READ IN fields at DATE: 2006-06-13 06:00:00 UTC        
 READ IN fields at DATE: 2006-06-13 12:00:00 UTC        
 READ IN fields at DATE: 2006-06-13 18:00:00 UTC        
 READ IN fields at DATE: 2006-06-14 00:00:00 UTC        
 READ IN fields at DATE: 2006-06-14 06:00:00 UTC        
 READ IN fields at DATE: 2006-06-14 12:00:00 UTC        
 READ IN fields at DATE: 2006-06-14 18:00:00 UTC        
 READ IN fields at DATE: 2006-06-15 00:00:00 UTC        
 READ IN fields at DATE: 2006-06-15 06:00:00 UTC        
 READ IN fields at DATE: 2006-06-15 12:00:00 UTC        
 READ IN fields at DATE: 2006-06-15 18:00:00 UTC        
 READ IN fields at DATE: 2006-06-16 00:00:00 UTC        
 READ IN fields at DATE: 2006-06-16 06:00:00 UTC        
 READ IN fields at DATE: 2006-06-16 12:00:00 UTC        
 READ IN fields at DATE: 2006-06-16 18:00:00 UTC        
 READ IN fields at DATE: 2006-06-17 00:00:00 UTC        
 READ IN fields at DATE: 2006-06-17 06:00:00 UTC        
 READ IN fields at DATE: 2006-06-17 12:00:00 UTC        
 READ IN fields at DATE: 2006-06-17 18:00:00 UTC        
 READ IN fields at DATE: 2006-06-18 00:00:00 UTC        
 READ IN fields at DATE: 2006-06-18 06:00:00 UTC        
 READ IN fields at DATE: 2006-06-18 12:00:00 UTC        
 READ IN fields at DATE: 2006-06-18 18:00:00 UTC        
 READ IN fields at DATE: 2006-06-19 00:00:00 UTC        
 READ IN fields at DATE: 2006-06-19 06:00:00 UTC        
 READ IN fields at DATE: 2006-06-19 12:00:00 UTC        
 READ IN fields at DATE: 2006-06-19 18:00:00 UTC        
 READ IN fields at DATE: 2006-06-20 00:00:00 UTC        
 READ IN fields at DATE: 2006-06-20 06:00:00 UTC        
 READ IN fields at DATE: 2006-06-20 12:00:00 UTC        
 READ IN fields at DATE: 2006-06-20 18:00:00 UTC        
 READ IN fields at DATE: 2006-06-21 00:00:00 UTC        
 READ IN fields at DATE: 2006-06-21 06:00:00 UTC        
 READ IN fields at DATE: 2006-06-21 12:00:00 UTC        
 READ IN fields at DATE: 2006-06-21 18:00:00 UTC        
 READ IN fields at DATE: 2006-06-22 00:00:00 UTC        
 READ IN fields at DATE: 2006-06-22 06:00:00 UTC        
 READ IN fields at DATE: 2006-06-22 12:00:00 UTC        
 READ IN fields at DATE: 2006-06-22 18:00:00 UTC        
 READ IN fields at DATE: 2006-06-23 00:00:00 UTC        
 READ IN fields at DATE: 2006-06-23 06:00:00 UTC        
 READ IN fields at DATE: 2006-06-23 12:00:00 UTC        
 READ IN fields at DATE: 2006-06-23 18:00:00 UTC        
 READ IN fields at DATE: 2006-06-24 00:00:00 UTC        
 READ IN fields at DATE: 2006-06-24 06:00:00 UTC        
 READ IN fields at DATE: 2006-06-24 12:00:00 UTC        
 READ IN fields at DATE: 2006-06-24 18:00:00 UTC        
 READ IN fields at DATE: 2006-06-25 00:00:00 UTC        
 READ IN fields at DATE: 2006-06-25 06:00:00 UTC        
 READ IN fields at DATE: 2006-06-25 12:00:00 UTC        
 READ IN fields at DATE: 2006-06-25 18:00:00 UTC        
 READ IN fields at DATE: 2006-06-26 00:00:00 UTC        
 READ IN fields at DATE: 2006-06-26 06:00:00 UTC        
 READ IN fields at DATE: 2006-06-26 12:00:00 UTC        
 READ IN fields at DATE: 2006-06-26 18:00:00 UTC        
 READ IN fields at DATE: 2006-06-27 00:00:00 UTC        
 READ IN fields at DATE: 2006-06-27 06:00:00 UTC        
 READ IN fields at DATE: 2006-06-27 12:00:00 UTC        
 READ IN fields at DATE: 2006-06-27 18:00:00 UTC        
 READ IN fields at DATE: 2006-06-28 00:00:00 UTC        
 READ IN fields at DATE: 2006-06-28 06:00:00 UTC        
 READ IN fields at DATE: 2006-06-28 12:00:00 UTC        
 READ IN fields at DATE: 2006-06-28 18:00:00 UTC        
 READ IN fields at DATE: 2006-06-29 00:00:00 UTC        
 READ IN fields at DATE: 2006-06-29 06:00:00 UTC        
 READ IN fields at DATE: 2006-06-29 12:00:00 UTC        
 READ IN fields at DATE: 2006-06-29 18:00:00 UTC        
 READ IN fields at DATE: 2006-06-30 00:00:00 UTC        
 READ IN fields at DATE: 2006-06-30 06:00:00 UTC        
 READ IN fields at DATE: 2006-06-30 12:00:00 UTC        
 READ IN fields at DATE: 2006-06-30 18:00:00 UTC        
      131072 /leonardo_work/ICT25_ESP/RCMDATA//ERA5/2006/tatm_2006_07.nc
  2.352871604585190E-003   248.634016435291     
      196608 /leonardo_work/ICT25_ESP/RCMDATA//ERA5/2006/geop_2006_07.nc
   7.62794007408481        243834.350092463     
      262144 /leonardo_work/ICT25_ESP/RCMDATA//ERA5/2006/qhum_2006_07.nc
  4.630058359891997E-007  1.503753671099712E-002
      327680 /leonardo_work/ICT25_ESP/RCMDATA//ERA5/2006/uwnd_2006_07.nc
  4.306567531458388E-003   55.0318432982655     
      393216 /leonardo_work/ICT25_ESP/RCMDATA//ERA5/2006/vwnd_2006_07.nc
  2.517425908258411E-003  8.497633343258955E-002
 READ IN fields at DATE: 2006-07-01 00:00:00 UTC        
 READ IN fields at DATE: 2006-07-01 06:00:00 UTC        
 READ IN fields at DATE: 2006-07-01 12:00:00 UTC        
 READ IN fields at DATE: 2006-07-01 18:00:00 UTC        
 READ IN fields at DATE: 2006-07-02 00:00:00 UTC        
 READ IN fields at DATE: 2006-07-02 06:00:00 UTC        
 READ IN fields at DATE: 2006-07-02 12:00:00 UTC        
 READ IN fields at DATE: 2006-07-02 18:00:00 UTC        
 READ IN fields at DATE: 2006-07-03 00:00:00 UTC        
 READ IN fields at DATE: 2006-07-03 06:00:00 UTC        
 READ IN fields at DATE: 2006-07-03 12:00:00 UTC        
 READ IN fields at DATE: 2006-07-03 18:00:00 UTC        
 READ IN fields at DATE: 2006-07-04 00:00:00 UTC        
 READ IN fields at DATE: 2006-07-04 06:00:00 UTC        
 READ IN fields at DATE: 2006-07-04 12:00:00 UTC        
 READ IN fields at DATE: 2006-07-04 18:00:00 UTC        
 READ IN fields at DATE: 2006-07-05 00:00:00 UTC        
 READ IN fields at DATE: 2006-07-05 06:00:00 UTC        
 READ IN fields at DATE: 2006-07-05 12:00:00 UTC        
 READ IN fields at DATE: 2006-07-05 18:00:00 UTC        
 READ IN fields at DATE: 2006-07-06 00:00:00 UTC        
 READ IN fields at DATE: 2006-07-06 06:00:00 UTC        
 READ IN fields at DATE: 2006-07-06 12:00:00 UTC        
 READ IN fields at DATE: 2006-07-06 18:00:00 UTC        
 READ IN fields at DATE: 2006-07-07 00:00:00 UTC        
 READ IN fields at DATE: 2006-07-07 06:00:00 UTC        
 READ IN fields at DATE: 2006-07-07 12:00:00 UTC        
 READ IN fields at DATE: 2006-07-07 18:00:00 UTC        
 READ IN fields at DATE: 2006-07-08 00:00:00 UTC        
 READ IN fields at DATE: 2006-07-08 06:00:00 UTC        
 READ IN fields at DATE: 2006-07-08 12:00:00 UTC        
 READ IN fields at DATE: 2006-07-08 18:00:00 UTC        
 READ IN fields at DATE: 2006-07-09 00:00:00 UTC        
 READ IN fields at DATE: 2006-07-09 06:00:00 UTC        
 READ IN fields at DATE: 2006-07-09 12:00:00 UTC        
 READ IN fields at DATE: 2006-07-09 18:00:00 UTC        
 READ IN fields at DATE: 2006-07-10 00:00:00 UTC        
 READ IN fields at DATE: 2006-07-10 06:00:00 UTC        
 READ IN fields at DATE: 2006-07-10 12:00:00 UTC        
 READ IN fields at DATE: 2006-07-10 18:00:00 UTC        
 READ IN fields at DATE: 2006-07-11 00:00:00 UTC        
 READ IN fields at DATE: 2006-07-11 06:00:00 UTC        
 READ IN fields at DATE: 2006-07-11 12:00:00 UTC        
 READ IN fields at DATE: 2006-07-11 18:00:00 UTC        
 READ IN fields at DATE: 2006-07-12 00:00:00 UTC        
 READ IN fields at DATE: 2006-07-12 06:00:00 UTC        
 READ IN fields at DATE: 2006-07-12 12:00:00 UTC        
 READ IN fields at DATE: 2006-07-12 18:00:00 UTC        
 READ IN fields at DATE: 2006-07-13 00:00:00 UTC        
 READ IN fields at DATE: 2006-07-13 06:00:00 UTC        
 READ IN fields at DATE: 2006-07-13 12:00:00 UTC        
 READ IN fields at DATE: 2006-07-13 18:00:00 UTC        
 READ IN fields at DATE: 2006-07-14 00:00:00 UTC        
 READ IN fields at DATE: 2006-07-14 06:00:00 UTC        
 READ IN fields at DATE: 2006-07-14 12:00:00 UTC        
 READ IN fields at DATE: 2006-07-14 18:00:00 UTC        
 READ IN fields at DATE: 2006-07-15 00:00:00 UTC        
 READ IN fields at DATE: 2006-07-15 06:00:00 UTC        
 READ IN fields at DATE: 2006-07-15 12:00:00 UTC        
 READ IN fields at DATE: 2006-07-15 18:00:00 UTC        
 READ IN fields at DATE: 2006-07-16 00:00:00 UTC        
 READ IN fields at DATE: 2006-07-16 06:00:00 UTC        
 READ IN fields at DATE: 2006-07-16 12:00:00 UTC        
 READ IN fields at DATE: 2006-07-16 18:00:00 UTC        
 READ IN fields at DATE: 2006-07-17 00:00:00 UTC        
 READ IN fields at DATE: 2006-07-17 06:00:00 UTC        
 READ IN fields at DATE: 2006-07-17 12:00:00 UTC        
 READ IN fields at DATE: 2006-07-17 18:00:00 UTC        
 READ IN fields at DATE: 2006-07-18 00:00:00 UTC        
 READ IN fields at DATE: 2006-07-18 06:00:00 UTC        
 READ IN fields at DATE: 2006-07-18 12:00:00 UTC        
 READ IN fields at DATE: 2006-07-18 18:00:00 UTC        
 READ IN fields at DATE: 2006-07-19 00:00:00 UTC        
 READ IN fields at DATE: 2006-07-19 06:00:00 UTC        
 READ IN fields at DATE: 2006-07-19 12:00:00 UTC        
 READ IN fields at DATE: 2006-07-19 18:00:00 UTC        
 READ IN fields at DATE: 2006-07-20 00:00:00 UTC        
 READ IN fields at DATE: 2006-07-20 06:00:00 UTC        
 READ IN fields at DATE: 2006-07-20 12:00:00 UTC        
 READ IN fields at DATE: 2006-07-20 18:00:00 UTC        
 READ IN fields at DATE: 2006-07-21 00:00:00 UTC        
 READ IN fields at DATE: 2006-07-21 06:00:00 UTC        
 READ IN fields at DATE: 2006-07-21 12:00:00 UTC        
 READ IN fields at DATE: 2006-07-21 18:00:00 UTC        
 READ IN fields at DATE: 2006-07-22 00:00:00 UTC        
 READ IN fields at DATE: 2006-07-22 06:00:00 UTC        
 READ IN fields at DATE: 2006-07-22 12:00:00 UTC        
 READ IN fields at DATE: 2006-07-22 18:00:00 UTC        
 READ IN fields at DATE: 2006-07-23 00:00:00 UTC        
 READ IN fields at DATE: 2006-07-23 06:00:00 UTC        
 READ IN fields at DATE: 2006-07-23 12:00:00 UTC        
 READ IN fields at DATE: 2006-07-23 18:00:00 UTC        
 READ IN fields at DATE: 2006-07-24 00:00:00 UTC        
 READ IN fields at DATE: 2006-07-24 06:00:00 UTC        
 READ IN fields at DATE: 2006-07-24 12:00:00 UTC        
 READ IN fields at DATE: 2006-07-24 18:00:00 UTC        
 READ IN fields at DATE: 2006-07-25 00:00:00 UTC        
 READ IN fields at DATE: 2006-07-25 06:00:00 UTC        
 READ IN fields at DATE: 2006-07-25 12:00:00 UTC        
 READ IN fields at DATE: 2006-07-25 18:00:00 UTC        
 READ IN fields at DATE: 2006-07-26 00:00:00 UTC        
 READ IN fields at DATE: 2006-07-26 06:00:00 UTC        
 READ IN fields at DATE: 2006-07-26 12:00:00 UTC        
 READ IN fields at DATE: 2006-07-26 18:00:00 UTC        
 READ IN fields at DATE: 2006-07-27 00:00:00 UTC        
 READ IN fields at DATE: 2006-07-27 06:00:00 UTC        
 READ IN fields at DATE: 2006-07-27 12:00:00 UTC        
 READ IN fields at DATE: 2006-07-27 18:00:00 UTC        
 READ IN fields at DATE: 2006-07-28 00:00:00 UTC        
 READ IN fields at DATE: 2006-07-28 06:00:00 UTC        
 READ IN fields at DATE: 2006-07-28 12:00:00 UTC        
 READ IN fields at DATE: 2006-07-28 18:00:00 UTC        
 READ IN fields at DATE: 2006-07-29 00:00:00 UTC        
 READ IN fields at DATE: 2006-07-29 06:00:00 UTC        
 READ IN fields at DATE: 2006-07-29 12:00:00 UTC        
 READ IN fields at DATE: 2006-07-29 18:00:00 UTC        
 READ IN fields at DATE: 2006-07-30 00:00:00 UTC        
 READ IN fields at DATE: 2006-07-30 06:00:00 UTC        
 READ IN fields at DATE: 2006-07-30 12:00:00 UTC        
 READ IN fields at DATE: 2006-07-30 18:00:00 UTC        
 READ IN fields at DATE: 2006-07-31 00:00:00 UTC        
 READ IN fields at DATE: 2006-07-31 06:00:00 UTC        
 READ IN fields at DATE: 2006-07-31 12:00:00 UTC        
 READ IN fields at DATE: 2006-07-31 18:00:00 UTC        
      131072 /leonardo_work/ICT25_ESP/RCMDATA//ERA5/2006/tatm_2006_08.nc
  2.322410374055342E-003   248.504133594618     
      196608 /leonardo_work/ICT25_ESP/RCMDATA//ERA5/2006/geop_2006_08.nc
   7.53834166803366        241792.596063541     
      262144 /leonardo_work/ICT25_ESP/RCMDATA//ERA5/2006/qhum_2006_08.nc
  4.486274000366031E-007  1.459830743167782E-002
      327680 /leonardo_work/ICT25_ESP/RCMDATA//ERA5/2006/uwnd_2006_08.nc
  4.016802584641278E-003   60.5162563692155     
      393216 /leonardo_work/ICT25_ESP/RCMDATA//ERA5/2006/vwnd_2006_08.nc
  3.518105877507563E-003   15.8839068406159     
 READ IN fields at DATE: 2006-08-01 00:00:00 UTC        
 READ IN fields at DATE: 2006-08-01 06:00:00 UTC        
 READ IN fields at DATE: 2006-08-01 12:00:00 UTC        
 READ IN fields at DATE: 2006-08-01 18:00:00 UTC        
 READ IN fields at DATE: 2006-08-02 00:00:00 UTC        
 READ IN fields at DATE: 2006-08-02 06:00:00 UTC        
 READ IN fields at DATE: 2006-08-02 12:00:00 UTC        
 READ IN fields at DATE: 2006-08-02 18:00:00 UTC        
 READ IN fields at DATE: 2006-08-03 00:00:00 UTC        
 READ IN fields at DATE: 2006-08-03 06:00:00 UTC        
 READ IN fields at DATE: 2006-08-03 12:00:00 UTC        
 READ IN fields at DATE: 2006-08-03 18:00:00 UTC        
 READ IN fields at DATE: 2006-08-04 00:00:00 UTC        
 READ IN fields at DATE: 2006-08-04 06:00:00 UTC        
 READ IN fields at DATE: 2006-08-04 12:00:00 UTC        
 READ IN fields at DATE: 2006-08-04 18:00:00 UTC        
 READ IN fields at DATE: 2006-08-05 00:00:00 UTC        
 READ IN fields at DATE: 2006-08-05 06:00:00 UTC        
 READ IN fields at DATE: 2006-08-05 12:00:00 UTC        
 READ IN fields at DATE: 2006-08-05 18:00:00 UTC        
 READ IN fields at DATE: 2006-08-06 00:00:00 UTC        
 READ IN fields at DATE: 2006-08-06 06:00:00 UTC        
 READ IN fields at DATE: 2006-08-06 12:00:00 UTC        
 READ IN fields at DATE: 2006-08-06 18:00:00 UTC        
 READ IN fields at DATE: 2006-08-07 00:00:00 UTC        
 READ IN fields at DATE: 2006-08-07 06:00:00 UTC        
 READ IN fields at DATE: 2006-08-07 12:00:00 UTC        
 READ IN fields at DATE: 2006-08-07 18:00:00 UTC        
 READ IN fields at DATE: 2006-08-08 00:00:00 UTC        
 READ IN fields at DATE: 2006-08-08 06:00:00 UTC        
 READ IN fields at DATE: 2006-08-08 12:00:00 UTC        
 READ IN fields at DATE: 2006-08-08 18:00:00 UTC        
 READ IN fields at DATE: 2006-08-09 00:00:00 UTC        
 READ IN fields at DATE: 2006-08-09 06:00:00 UTC        
 READ IN fields at DATE: 2006-08-09 12:00:00 UTC        
 READ IN fields at DATE: 2006-08-09 18:00:00 UTC        
 READ IN fields at DATE: 2006-08-10 00:00:00 UTC        
 READ IN fields at DATE: 2006-08-10 06:00:00 UTC        
 READ IN fields at DATE: 2006-08-10 12:00:00 UTC        
 READ IN fields at DATE: 2006-08-10 18:00:00 UTC        
 READ IN fields at DATE: 2006-08-11 00:00:00 UTC        
 READ IN fields at DATE: 2006-08-11 06:00:00 UTC        
 READ IN fields at DATE: 2006-08-11 12:00:00 UTC        
 READ IN fields at DATE: 2006-08-11 18:00:00 UTC        
 READ IN fields at DATE: 2006-08-12 00:00:00 UTC        
 READ IN fields at DATE: 2006-08-12 06:00:00 UTC        
 READ IN fields at DATE: 2006-08-12 12:00:00 UTC        
 READ IN fields at DATE: 2006-08-12 18:00:00 UTC        
 READ IN fields at DATE: 2006-08-13 00:00:00 UTC        
 READ IN fields at DATE: 2006-08-13 06:00:00 UTC        
 READ IN fields at DATE: 2006-08-13 12:00:00 UTC        
 READ IN fields at DATE: 2006-08-13 18:00:00 UTC        
 READ IN fields at DATE: 2006-08-14 00:00:00 UTC        
 READ IN fields at DATE: 2006-08-14 06:00:00 UTC        
 READ IN fields at DATE: 2006-08-14 12:00:00 UTC        
 READ IN fields at DATE: 2006-08-14 18:00:00 UTC        
 READ IN fields at DATE: 2006-08-15 00:00:00 UTC        
 READ IN fields at DATE: 2006-08-15 06:00:00 UTC        
 READ IN fields at DATE: 2006-08-15 12:00:00 UTC        
 READ IN fields at DATE: 2006-08-15 18:00:00 UTC        
 READ IN fields at DATE: 2006-08-16 00:00:00 UTC        
 READ IN fields at DATE: 2006-08-16 06:00:00 UTC        
 READ IN fields at DATE: 2006-08-16 12:00:00 UTC        
 READ IN fields at DATE: 2006-08-16 18:00:00 UTC        
 READ IN fields at DATE: 2006-08-17 00:00:00 UTC        
 READ IN fields at DATE: 2006-08-17 06:00:00 UTC        
 READ IN fields at DATE: 2006-08-17 12:00:00 UTC        
 READ IN fields at DATE: 2006-08-17 18:00:00 UTC        
 READ IN fields at DATE: 2006-08-18 00:00:00 UTC        
 READ IN fields at DATE: 2006-08-18 06:00:00 UTC        
 READ IN fields at DATE: 2006-08-18 12:00:00 UTC        
 READ IN fields at DATE: 2006-08-18 18:00:00 UTC        
 READ IN fields at DATE: 2006-08-19 00:00:00 UTC        
 READ IN fields at DATE: 2006-08-19 06:00:00 UTC        
 READ IN fields at DATE: 2006-08-19 12:00:00 UTC        
 READ IN fields at DATE: 2006-08-19 18:00:00 UTC        
 READ IN fields at DATE: 2006-08-20 00:00:00 UTC        
 READ IN fields at DATE: 2006-08-20 06:00:00 UTC        
 READ IN fields at DATE: 2006-08-20 12:00:00 UTC        
 READ IN fields at DATE: 2006-08-20 18:00:00 UTC        
 READ IN fields at DATE: 2006-08-21 00:00:00 UTC        
 READ IN fields at DATE: 2006-08-21 06:00:00 UTC        
 READ IN fields at DATE: 2006-08-21 12:00:00 UTC        
 READ IN fields at DATE: 2006-08-21 18:00:00 UTC        
 READ IN fields at DATE: 2006-08-22 00:00:00 UTC        
 READ IN fields at DATE: 2006-08-22 06:00:00 UTC        
 READ IN fields at DATE: 2006-08-22 12:00:00 UTC        
 READ IN fields at DATE: 2006-08-22 18:00:00 UTC        
 READ IN fields at DATE: 2006-08-23 00:00:00 UTC        
 READ IN fields at DATE: 2006-08-23 06:00:00 UTC        
 READ IN fields at DATE: 2006-08-23 12:00:00 UTC        
 READ IN fields at DATE: 2006-08-23 18:00:00 UTC        
 READ IN fields at DATE: 2006-08-24 00:00:00 UTC        
 READ IN fields at DATE: 2006-08-24 06:00:00 UTC        
 READ IN fields at DATE: 2006-08-24 12:00:00 UTC        
 READ IN fields at DATE: 2006-08-24 18:00:00 UTC        
 READ IN fields at DATE: 2006-08-25 00:00:00 UTC        
 READ IN fields at DATE: 2006-08-25 06:00:00 UTC        
 READ IN fields at DATE: 2006-08-25 12:00:00 UTC        
 READ IN fields at DATE: 2006-08-25 18:00:00 UTC        
 READ IN fields at DATE: 2006-08-26 00:00:00 UTC        
 READ IN fields at DATE: 2006-08-26 06:00:00 UTC        
 READ IN fields at DATE: 2006-08-26 12:00:00 UTC        
 READ IN fields at DATE: 2006-08-26 18:00:00 UTC        
 READ IN fields at DATE: 2006-08-27 00:00:00 UTC        
 READ IN fields at DATE: 2006-08-27 06:00:00 UTC        
 READ IN fields at DATE: 2006-08-27 12:00:00 UTC        
 READ IN fields at DATE: 2006-08-27 18:00:00 UTC        
 READ IN fields at DATE: 2006-08-28 00:00:00 UTC        
 READ IN fields at DATE: 2006-08-28 06:00:00 UTC        
 READ IN fields at DATE: 2006-08-28 12:00:00 UTC        
 READ IN fields at DATE: 2006-08-28 18:00:00 UTC        
 READ IN fields at DATE: 2006-08-29 00:00:00 UTC        
 READ IN fields at DATE: 2006-08-29 06:00:00 UTC        
 READ IN fields at DATE: 2006-08-29 12:00:00 UTC        
 READ IN fields at DATE: 2006-08-29 18:00:00 UTC        
 READ IN fields at DATE: 2006-08-30 00:00:00 UTC        
 READ IN fields at DATE: 2006-08-30 06:00:00 UTC        
 READ IN fields at DATE: 2006-08-30 12:00:00 UTC        
 READ IN fields at DATE: 2006-08-30 18:00:00 UTC        
 READ IN fields at DATE: 2006-08-31 00:00:00 UTC        
 READ IN fields at DATE: 2006-08-31 06:00:00 UTC        
 READ IN fields at DATE: 2006-08-31 12:00:00 UTC        
 READ IN fields at DATE: 2006-08-31 18:00:00 UTC        
      131072 /leonardo_work/ICT25_ESP/RCMDATA//ERA5/2006/tatm_2006_09.nc
  2.173624549055318E-003   248.385441202862     
      196608 /leonardo_work/ICT25_ESP/RCMDATA//ERA5/2006/geop_2006_09.nc
   7.37030329662155        235859.771879602     
      262144 /leonardo_work/ICT25_ESP/RCMDATA//ERA5/2006/qhum_2006_09.nc
  4.114385078506157E-007  1.339119453977060E-002
      327680 /leonardo_work/ICT25_ESP/RCMDATA//ERA5/2006/uwnd_2006_09.nc
  3.592671441833218E-003   31.9474834494353     
      393216 /leonardo_work/ICT25_ESP/RCMDATA//ERA5/2006/vwnd_2006_09.nc
  3.531430453872000E-003   5.26897097910900     
 READ IN fields at DATE: 2006-09-01 00:00:00 UTC        
 READ IN fields at DATE: 2006-09-01 06:00:00 UTC        
 READ IN fields at DATE: 2006-09-01 12:00:00 UTC        
 READ IN fields at DATE: 2006-09-01 18:00:00 UTC        
 READ IN fields at DATE: 2006-09-02 00:00:00 UTC        
 READ IN fields at DATE: 2006-09-02 06:00:00 UTC        
 READ IN fields at DATE: 2006-09-02 12:00:00 UTC        
 READ IN fields at DATE: 2006-09-02 18:00:00 UTC        
 READ IN fields at DATE: 2006-09-03 00:00:00 UTC        
 READ IN fields at DATE: 2006-09-03 06:00:00 UTC        
 READ IN fields at DATE: 2006-09-03 12:00:00 UTC        
 READ IN fields at DATE: 2006-09-03 18:00:00 UTC        
 READ IN fields at DATE: 2006-09-04 00:00:00 UTC        
 READ IN fields at DATE: 2006-09-04 06:00:00 UTC        
 READ IN fields at DATE: 2006-09-04 12:00:00 UTC        
 READ IN fields at DATE: 2006-09-04 18:00:00 UTC        
 READ IN fields at DATE: 2006-09-05 00:00:00 UTC        
 READ IN fields at DATE: 2006-09-05 06:00:00 UTC        
 READ IN fields at DATE: 2006-09-05 12:00:00 UTC        
 READ IN fields at DATE: 2006-09-05 18:00:00 UTC        
 READ IN fields at DATE: 2006-09-06 00:00:00 UTC        
 READ IN fields at DATE: 2006-09-06 06:00:00 UTC        
 READ IN fields at DATE: 2006-09-06 12:00:00 UTC        
 READ IN fields at DATE: 2006-09-06 18:00:00 UTC        
 READ IN fields at DATE: 2006-09-07 00:00:00 UTC        
 READ IN fields at DATE: 2006-09-07 06:00:00 UTC        
 READ IN fields at DATE: 2006-09-07 12:00:00 UTC        
 READ IN fields at DATE: 2006-09-07 18:00:00 UTC        
 READ IN fields at DATE: 2006-09-08 00:00:00 UTC        
 READ IN fields at DATE: 2006-09-08 06:00:00 UTC        
 READ IN fields at DATE: 2006-09-08 12:00:00 UTC        
 READ IN fields at DATE: 2006-09-08 18:00:00 UTC        
 READ IN fields at DATE: 2006-09-09 00:00:00 UTC        
 READ IN fields at DATE: 2006-09-09 06:00:00 UTC        
 READ IN fields at DATE: 2006-09-09 12:00:00 UTC        
 READ IN fields at DATE: 2006-09-09 18:00:00 UTC        
 READ IN fields at DATE: 2006-09-10 00:00:00 UTC        
 READ IN fields at DATE: 2006-09-10 06:00:00 UTC        
 READ IN fields at DATE: 2006-09-10 12:00:00 UTC        
 READ IN fields at DATE: 2006-09-10 18:00:00 UTC        
 READ IN fields at DATE: 2006-09-11 00:00:00 UTC        
 READ IN fields at DATE: 2006-09-11 06:00:00 UTC        
 READ IN fields at DATE: 2006-09-11 12:00:00 UTC        
 READ IN fields at DATE: 2006-09-11 18:00:00 UTC        
 READ IN fields at DATE: 2006-09-12 00:00:00 UTC        
 READ IN fields at DATE: 2006-09-12 06:00:00 UTC        
 READ IN fields at DATE: 2006-09-12 12:00:00 UTC        
 READ IN fields at DATE: 2006-09-12 18:00:00 UTC        
 READ IN fields at DATE: 2006-09-13 00:00:00 UTC        
 READ IN fields at DATE: 2006-09-13 06:00:00 UTC        
 READ IN fields at DATE: 2006-09-13 12:00:00 UTC        
 READ IN fields at DATE: 2006-09-13 18:00:00 UTC        
 READ IN fields at DATE: 2006-09-14 00:00:00 UTC        
 READ IN fields at DATE: 2006-09-14 06:00:00 UTC        
 READ IN fields at DATE: 2006-09-14 12:00:00 UTC        
 READ IN fields at DATE: 2006-09-14 18:00:00 UTC        
 READ IN fields at DATE: 2006-09-15 00:00:00 UTC        
 READ IN fields at DATE: 2006-09-15 06:00:00 UTC        
 READ IN fields at DATE: 2006-09-15 12:00:00 UTC        
 READ IN fields at DATE: 2006-09-15 18:00:00 UTC        
 READ IN fields at DATE: 2006-09-16 00:00:00 UTC        
 READ IN fields at DATE: 2006-09-16 06:00:00 UTC        
 READ IN fields at DATE: 2006-09-16 12:00:00 UTC        
 READ IN fields at DATE: 2006-09-16 18:00:00 UTC        
 READ IN fields at DATE: 2006-09-17 00:00:00 UTC        
 READ IN fields at DATE: 2006-09-17 06:00:00 UTC        
 READ IN fields at DATE: 2006-09-17 12:00:00 UTC        
 READ IN fields at DATE: 2006-09-17 18:00:00 UTC        
 READ IN fields at DATE: 2006-09-18 00:00:00 UTC        
 READ IN fields at DATE: 2006-09-18 06:00:00 UTC        
 READ IN fields at DATE: 2006-09-18 12:00:00 UTC        
 READ IN fields at DATE: 2006-09-18 18:00:00 UTC        
 READ IN fields at DATE: 2006-09-19 00:00:00 UTC        
 READ IN fields at DATE: 2006-09-19 06:00:00 UTC        
 READ IN fields at DATE: 2006-09-19 12:00:00 UTC        
 READ IN fields at DATE: 2006-09-19 18:00:00 UTC        
 READ IN fields at DATE: 2006-09-20 00:00:00 UTC        
 READ IN fields at DATE: 2006-09-20 06:00:00 UTC        
 READ IN fields at DATE: 2006-09-20 12:00:00 UTC        
 READ IN fields at DATE: 2006-09-20 18:00:00 UTC        
 READ IN fields at DATE: 2006-09-21 00:00:00 UTC        
 READ IN fields at DATE: 2006-09-21 06:00:00 UTC        
 READ IN fields at DATE: 2006-09-21 12:00:00 UTC        
 READ IN fields at DATE: 2006-09-21 18:00:00 UTC        
 READ IN fields at DATE: 2006-09-22 00:00:00 UTC        
 READ IN fields at DATE: 2006-09-22 06:00:00 UTC        
 READ IN fields at DATE: 2006-09-22 12:00:00 UTC        
 READ IN fields at DATE: 2006-09-22 18:00:00 UTC        
 READ IN fields at DATE: 2006-09-23 00:00:00 UTC        
 READ IN fields at DATE: 2006-09-23 06:00:00 UTC        
 READ IN fields at DATE: 2006-09-23 12:00:00 UTC        
 READ IN fields at DATE: 2006-09-23 18:00:00 UTC        
 READ IN fields at DATE: 2006-09-24 00:00:00 UTC        
 READ IN fields at DATE: 2006-09-24 06:00:00 UTC        
 READ IN fields at DATE: 2006-09-24 12:00:00 UTC        
 READ IN fields at DATE: 2006-09-24 18:00:00 UTC        
 READ IN fields at DATE: 2006-09-25 00:00:00 UTC        
 READ IN fields at DATE: 2006-09-25 06:00:00 UTC        
 READ IN fields at DATE: 2006-09-25 12:00:00 UTC        
 READ IN fields at DATE: 2006-09-25 18:00:00 UTC        
 READ IN fields at DATE: 2006-09-26 00:00:00 UTC        
 READ IN fields at DATE: 2006-09-26 06:00:00 UTC        
 READ IN fields at DATE: 2006-09-26 12:00:00 UTC        
 READ IN fields at DATE: 2006-09-26 18:00:00 UTC        
 READ IN fields at DATE: 2006-09-27 00:00:00 UTC        
 READ IN fields at DATE: 2006-09-27 06:00:00 UTC        
 READ IN fields at DATE: 2006-09-27 12:00:00 UTC        
 READ IN fields at DATE: 2006-09-27 18:00:00 UTC        
 READ IN fields at DATE: 2006-09-28 00:00:00 UTC        
 READ IN fields at DATE: 2006-09-28 06:00:00 UTC        
 READ IN fields at DATE: 2006-09-28 12:00:00 UTC        
 READ IN fields at DATE: 2006-09-28 18:00:00 UTC        
 READ IN fields at DATE: 2006-09-29 00:00:00 UTC        
 READ IN fields at DATE: 2006-09-29 06:00:00 UTC        
 READ IN fields at DATE: 2006-09-29 12:00:00 UTC        
 READ IN fields at DATE: 2006-09-29 18:00:00 UTC        
 READ IN fields at DATE: 2006-09-30 00:00:00 UTC        
 READ IN fields at DATE: 2006-09-30 06:00:00 UTC        
 READ IN fields at DATE: 2006-09-30 12:00:00 UTC        
 READ IN fields at DATE: 2006-09-30 18:00:00 UTC        
      131072 /leonardo_work/ICT25_ESP/RCMDATA//ERA5/2006/tatm_2006_10.nc
  2.079728266972842E-003   248.402417777468     
      196608 /leonardo_work/ICT25_ESP/RCMDATA//ERA5/2006/geop_2006_10.nc
   7.38531177755863        236263.801484736     
      262144 /leonardo_work/ICT25_ESP/RCMDATA//ERA5/2006/qhum_2006_10.nc
  3.898692794076795E-007  1.259305323046373E-002
      327680 /leonardo_work/ICT25_ESP/RCMDATA//ERA5/2006/uwnd_2006_10.nc
  3.486055970772240E-003   19.5320628191826     
      393216 /leonardo_work/ICT25_ESP/RCMDATA//ERA5/2006/vwnd_2006_10.nc
  3.181655783900144E-003   2.52389134984243     
 READ IN fields at DATE: 2006-10-01 00:00:00 UTC        
 READ IN fields at DATE: 2006-10-01 06:00:00 UTC        
 READ IN fields at DATE: 2006-10-01 12:00:00 UTC        
 READ IN fields at DATE: 2006-10-01 18:00:00 UTC        
 READ IN fields at DATE: 2006-10-02 00:00:00 UTC        
 READ IN fields at DATE: 2006-10-02 06:00:00 UTC        
 READ IN fields at DATE: 2006-10-02 12:00:00 UTC        
 READ IN fields at DATE: 2006-10-02 18:00:00 UTC        
 READ IN fields at DATE: 2006-10-03 00:00:00 UTC        
 READ IN fields at DATE: 2006-10-03 06:00:00 UTC        
 READ IN fields at DATE: 2006-10-03 12:00:00 UTC        
 READ IN fields at DATE: 2006-10-03 18:00:00 UTC        
 READ IN fields at DATE: 2006-10-04 00:00:00 UTC        
 READ IN fields at DATE: 2006-10-04 06:00:00 UTC        
 READ IN fields at DATE: 2006-10-04 12:00:00 UTC        
 READ IN fields at DATE: 2006-10-04 18:00:00 UTC        
 READ IN fields at DATE: 2006-10-05 00:00:00 UTC        
 READ IN fields at DATE: 2006-10-05 06:00:00 UTC        
 READ IN fields at DATE: 2006-10-05 12:00:00 UTC        
 READ IN fields at DATE: 2006-10-05 18:00:00 UTC        
 READ IN fields at DATE: 2006-10-06 00:00:00 UTC        
 READ IN fields at DATE: 2006-10-06 06:00:00 UTC        
 READ IN fields at DATE: 2006-10-06 12:00:00 UTC        
 READ IN fields at DATE: 2006-10-06 18:00:00 UTC        
 READ IN fields at DATE: 2006-10-07 00:00:00 UTC        
 READ IN fields at DATE: 2006-10-07 06:00:00 UTC        
 READ IN fields at DATE: 2006-10-07 12:00:00 UTC        
 READ IN fields at DATE: 2006-10-07 18:00:00 UTC        
 READ IN fields at DATE: 2006-10-08 00:00:00 UTC        
 READ IN fields at DATE: 2006-10-08 06:00:00 UTC        
 READ IN fields at DATE: 2006-10-08 12:00:00 UTC        
 READ IN fields at DATE: 2006-10-08 18:00:00 UTC        
 READ IN fields at DATE: 2006-10-09 00:00:00 UTC        
 READ IN fields at DATE: 2006-10-09 06:00:00 UTC        
 READ IN fields at DATE: 2006-10-09 12:00:00 UTC        
 READ IN fields at DATE: 2006-10-09 18:00:00 UTC        
 READ IN fields at DATE: 2006-10-10 00:00:00 UTC        
 READ IN fields at DATE: 2006-10-10 06:00:00 UTC        
 READ IN fields at DATE: 2006-10-10 12:00:00 UTC        
 READ IN fields at DATE: 2006-10-10 18:00:00 UTC        
 READ IN fields at DATE: 2006-10-11 00:00:00 UTC        
 READ IN fields at DATE: 2006-10-11 06:00:00 UTC        
 READ IN fields at DATE: 2006-10-11 12:00:00 UTC        
 READ IN fields at DATE: 2006-10-11 18:00:00 UTC        
 READ IN fields at DATE: 2006-10-12 00:00:00 UTC        
 READ IN fields at DATE: 2006-10-12 06:00:00 UTC        
 READ IN fields at DATE: 2006-10-12 12:00:00 UTC        
 READ IN fields at DATE: 2006-10-12 18:00:00 UTC        
 READ IN fields at DATE: 2006-10-13 00:00:00 UTC        
 READ IN fields at DATE: 2006-10-13 06:00:00 UTC        
 READ IN fields at DATE: 2006-10-13 12:00:00 UTC        
 READ IN fields at DATE: 2006-10-13 18:00:00 UTC        
 READ IN fields at DATE: 2006-10-14 00:00:00 UTC        
 READ IN fields at DATE: 2006-10-14 06:00:00 UTC        
 READ IN fields at DATE: 2006-10-14 12:00:00 UTC        
 READ IN fields at DATE: 2006-10-14 18:00:00 UTC        
 READ IN fields at DATE: 2006-10-15 00:00:00 UTC        
 READ IN fields at DATE: 2006-10-15 06:00:00 UTC        
 READ IN fields at DATE: 2006-10-15 12:00:00 UTC        
 READ IN fields at DATE: 2006-10-15 18:00:00 UTC        
 READ IN fields at DATE: 2006-10-16 00:00:00 UTC        
 READ IN fields at DATE: 2006-10-16 06:00:00 UTC        
 READ IN fields at DATE: 2006-10-16 12:00:00 UTC        
 READ IN fields at DATE: 2006-10-16 18:00:00 UTC        
 READ IN fields at DATE: 2006-10-17 00:00:00 UTC        
 READ IN fields at DATE: 2006-10-17 06:00:00 UTC        
 READ IN fields at DATE: 2006-10-17 12:00:00 UTC        
 READ IN fields at DATE: 2006-10-17 18:00:00 UTC        
 READ IN fields at DATE: 2006-10-18 00:00:00 UTC        
 READ IN fields at DATE: 2006-10-18 06:00:00 UTC        
 READ IN fields at DATE: 2006-10-18 12:00:00 UTC        
 READ IN fields at DATE: 2006-10-18 18:00:00 UTC        
 READ IN fields at DATE: 2006-10-19 00:00:00 UTC        
 READ IN fields at DATE: 2006-10-19 06:00:00 UTC        
 READ IN fields at DATE: 2006-10-19 12:00:00 UTC        
 READ IN fields at DATE: 2006-10-19 18:00:00 UTC        
 READ IN fields at DATE: 2006-10-20 00:00:00 UTC        
 READ IN fields at DATE: 2006-10-20 06:00:00 UTC        
 READ IN fields at DATE: 2006-10-20 12:00:00 UTC        
 READ IN fields at DATE: 2006-10-20 18:00:00 UTC        
 READ IN fields at DATE: 2006-10-21 00:00:00 UTC        
 READ IN fields at DATE: 2006-10-21 06:00:00 UTC        
 READ IN fields at DATE: 2006-10-21 12:00:00 UTC        
 READ IN fields at DATE: 2006-10-21 18:00:00 UTC        
 READ IN fields at DATE: 2006-10-22 00:00:00 UTC        
 READ IN fields at DATE: 2006-10-22 06:00:00 UTC        
 READ IN fields at DATE: 2006-10-22 12:00:00 UTC        
 READ IN fields at DATE: 2006-10-22 18:00:00 UTC        
 READ IN fields at DATE: 2006-10-23 00:00:00 UTC        
 READ IN fields at DATE: 2006-10-23 06:00:00 UTC        
 READ IN fields at DATE: 2006-10-23 12:00:00 UTC        
 READ IN fields at DATE: 2006-10-23 18:00:00 UTC        
 READ IN fields at DATE: 2006-10-24 00:00:00 UTC        
 READ IN fields at DATE: 2006-10-24 06:00:00 UTC        
 READ IN fields at DATE: 2006-10-24 12:00:00 UTC        
 READ IN fields at DATE: 2006-10-24 18:00:00 UTC        
 READ IN fields at DATE: 2006-10-25 00:00:00 UTC        
 READ IN fields at DATE: 2006-10-25 06:00:00 UTC        
 READ IN fields at DATE: 2006-10-25 12:00:00 UTC        
 READ IN fields at DATE: 2006-10-25 18:00:00 UTC        
 READ IN fields at DATE: 2006-10-26 00:00:00 UTC        
 READ IN fields at DATE: 2006-10-26 06:00:00 UTC        
 READ IN fields at DATE: 2006-10-26 12:00:00 UTC        
 READ IN fields at DATE: 2006-10-26 18:00:00 UTC        
 READ IN fields at DATE: 2006-10-27 00:00:00 UTC        
 READ IN fields at DATE: 2006-10-27 06:00:00 UTC        
 READ IN fields at DATE: 2006-10-27 12:00:00 UTC        
 READ IN fields at DATE: 2006-10-27 18:00:00 UTC        
 READ IN fields at DATE: 2006-10-28 00:00:00 UTC        
 READ IN fields at DATE: 2006-10-28 06:00:00 UTC        
 READ IN fields at DATE: 2006-10-28 12:00:00 UTC        
 READ IN fields at DATE: 2006-10-28 18:00:00 UTC        
 READ IN fields at DATE: 2006-10-29 00:00:00 UTC        
 READ IN fields at DATE: 2006-10-29 06:00:00 UTC        
 READ IN fields at DATE: 2006-10-29 12:00:00 UTC        
 READ IN fields at DATE: 2006-10-29 18:00:00 UTC        
 READ IN fields at DATE: 2006-10-30 00:00:00 UTC        
 READ IN fields at DATE: 2006-10-30 06:00:00 UTC        
 READ IN fields at DATE: 2006-10-30 12:00:00 UTC        
 READ IN fields at DATE: 2006-10-30 18:00:00 UTC        
 READ IN fields at DATE: 2006-10-31 00:00:00 UTC        
 READ IN fields at DATE: 2006-10-31 06:00:00 UTC        
 READ IN fields at DATE: 2006-10-31 12:00:00 UTC        
 READ IN fields at DATE: 2006-10-31 18:00:00 UTC        
      131072 /leonardo_work/ICT25_ESP/RCMDATA//ERA5/2006/tatm_2006_11.nc
  2.072438005798367E-003   250.628144689200     
      196608 /leonardo_work/ICT25_ESP/RCMDATA//ERA5/2006/geop_2006_11.nc
   7.51567077846276        239665.828102111     
      262144 /leonardo_work/ICT25_ESP/RCMDATA//ERA5/2006/qhum_2006_11.nc
  3.587881778804933E-007  1.170973169256582E-002
      327680 /leonardo_work/ICT25_ESP/RCMDATA//ERA5/2006/uwnd_2006_11.nc
  3.039245619439228E-003   28.4551225280692     
      393216 /leonardo_work/ICT25_ESP/RCMDATA//ERA5/2006/vwnd_2006_11.nc
  2.753940049243439E-003  0.834537641791785     
 READ IN fields at DATE: 2006-11-01 00:00:00 UTC        
 READ IN fields at DATE: 2006-11-01 06:00:00 UTC        
 READ IN fields at DATE: 2006-11-01 12:00:00 UTC        
 READ IN fields at DATE: 2006-11-01 18:00:00 UTC        
 READ IN fields at DATE: 2006-11-02 00:00:00 UTC        
 READ IN fields at DATE: 2006-11-02 06:00:00 UTC        
 READ IN fields at DATE: 2006-11-02 12:00:00 UTC        
 READ IN fields at DATE: 2006-11-02 18:00:00 UTC        
 READ IN fields at DATE: 2006-11-03 00:00:00 UTC        
 READ IN fields at DATE: 2006-11-03 06:00:00 UTC        
 READ IN fields at DATE: 2006-11-03 12:00:00 UTC        
 READ IN fields at DATE: 2006-11-03 18:00:00 UTC        
 READ IN fields at DATE: 2006-11-04 00:00:00 UTC        
 READ IN fields at DATE: 2006-11-04 06:00:00 UTC        
 READ IN fields at DATE: 2006-11-04 12:00:00 UTC        
 READ IN fields at DATE: 2006-11-04 18:00:00 UTC        
 READ IN fields at DATE: 2006-11-05 00:00:00 UTC        
 READ IN fields at DATE: 2006-11-05 06:00:00 UTC        
 READ IN fields at DATE: 2006-11-05 12:00:00 UTC        
 READ IN fields at DATE: 2006-11-05 18:00:00 UTC        
 READ IN fields at DATE: 2006-11-06 00:00:00 UTC        
 READ IN fields at DATE: 2006-11-06 06:00:00 UTC        
 READ IN fields at DATE: 2006-11-06 12:00:00 UTC        
 READ IN fields at DATE: 2006-11-06 18:00:00 UTC        
 READ IN fields at DATE: 2006-11-07 00:00:00 UTC        
 READ IN fields at DATE: 2006-11-07 06:00:00 UTC        
 READ IN fields at DATE: 2006-11-07 12:00:00 UTC        
 READ IN fields at DATE: 2006-11-07 18:00:00 UTC        
 READ IN fields at DATE: 2006-11-08 00:00:00 UTC        
 READ IN fields at DATE: 2006-11-08 06:00:00 UTC        
 READ IN fields at DATE: 2006-11-08 12:00:00 UTC        
 READ IN fields at DATE: 2006-11-08 18:00:00 UTC        
 READ IN fields at DATE: 2006-11-09 00:00:00 UTC        
 READ IN fields at DATE: 2006-11-09 06:00:00 UTC        
 READ IN fields at DATE: 2006-11-09 12:00:00 UTC        
 READ IN fields at DATE: 2006-11-09 18:00:00 UTC        
 READ IN fields at DATE: 2006-11-10 00:00:00 UTC        
 READ IN fields at DATE: 2006-11-10 06:00:00 UTC        
 READ IN fields at DATE: 2006-11-10 12:00:00 UTC        
 READ IN fields at DATE: 2006-11-10 18:00:00 UTC        
 READ IN fields at DATE: 2006-11-11 00:00:00 UTC        
 READ IN fields at DATE: 2006-11-11 06:00:00 UTC        
 READ IN fields at DATE: 2006-11-11 12:00:00 UTC        
 READ IN fields at DATE: 2006-11-11 18:00:00 UTC        
 READ IN fields at DATE: 2006-11-12 00:00:00 UTC        
 READ IN fields at DATE: 2006-11-12 06:00:00 UTC        
 READ IN fields at DATE: 2006-11-12 12:00:00 UTC        
 READ IN fields at DATE: 2006-11-12 18:00:00 UTC        
 READ IN fields at DATE: 2006-11-13 00:00:00 UTC        
 READ IN fields at DATE: 2006-11-13 06:00:00 UTC        
 READ IN fields at DATE: 2006-11-13 12:00:00 UTC        
 READ IN fields at DATE: 2006-11-13 18:00:00 UTC        
 READ IN fields at DATE: 2006-11-14 00:00:00 UTC        
 READ IN fields at DATE: 2006-11-14 06:00:00 UTC        
 READ IN fields at DATE: 2006-11-14 12:00:00 UTC        
 READ IN fields at DATE: 2006-11-14 18:00:00 UTC        
 READ IN fields at DATE: 2006-11-15 00:00:00 UTC        
 READ IN fields at DATE: 2006-11-15 06:00:00 UTC        
 READ IN fields at DATE: 2006-11-15 12:00:00 UTC        
 READ IN fields at DATE: 2006-11-15 18:00:00 UTC        
 READ IN fields at DATE: 2006-11-16 00:00:00 UTC        
 READ IN fields at DATE: 2006-11-16 06:00:00 UTC        
 READ IN fields at DATE: 2006-11-16 12:00:00 UTC        
 READ IN fields at DATE: 2006-11-16 18:00:00 UTC        
 READ IN fields at DATE: 2006-11-17 00:00:00 UTC        
 READ IN fields at DATE: 2006-11-17 06:00:00 UTC        
 READ IN fields at DATE: 2006-11-17 12:00:00 UTC        
 READ IN fields at DATE: 2006-11-17 18:00:00 UTC        
 READ IN fields at DATE: 2006-11-18 00:00:00 UTC        
 READ IN fields at DATE: 2006-11-18 06:00:00 UTC        
 READ IN fields at DATE: 2006-11-18 12:00:00 UTC        
 READ IN fields at DATE: 2006-11-18 18:00:00 UTC        
 READ IN fields at DATE: 2006-11-19 00:00:00 UTC        
 READ IN fields at DATE: 2006-11-19 06:00:00 UTC        
 READ IN fields at DATE: 2006-11-19 12:00:00 UTC        
 READ IN fields at DATE: 2006-11-19 18:00:00 UTC        
 READ IN fields at DATE: 2006-11-20 00:00:00 UTC        
 READ IN fields at DATE: 2006-11-20 06:00:00 UTC        
 READ IN fields at DATE: 2006-11-20 12:00:00 UTC        
 READ IN fields at DATE: 2006-11-20 18:00:00 UTC        
 READ IN fields at DATE: 2006-11-21 00:00:00 UTC        
 READ IN fields at DATE: 2006-11-21 06:00:00 UTC        
 READ IN fields at DATE: 2006-11-21 12:00:00 UTC        
 READ IN fields at DATE: 2006-11-21 18:00:00 UTC        
 READ IN fields at DATE: 2006-11-22 00:00:00 UTC        
 READ IN fields at DATE: 2006-11-22 06:00:00 UTC        
 READ IN fields at DATE: 2006-11-22 12:00:00 UTC        
 READ IN fields at DATE: 2006-11-22 18:00:00 UTC        
 READ IN fields at DATE: 2006-11-23 00:00:00 UTC        
 READ IN fields at DATE: 2006-11-23 06:00:00 UTC        
 READ IN fields at DATE: 2006-11-23 12:00:00 UTC        
 READ IN fields at DATE: 2006-11-23 18:00:00 UTC        
 READ IN fields at DATE: 2006-11-24 00:00:00 UTC        
 READ IN fields at DATE: 2006-11-24 06:00:00 UTC        
 READ IN fields at DATE: 2006-11-24 12:00:00 UTC        
 READ IN fields at DATE: 2006-11-24 18:00:00 UTC        
 READ IN fields at DATE: 2006-11-25 00:00:00 UTC        
 READ IN fields at DATE: 2006-11-25 06:00:00 UTC        
 READ IN fields at DATE: 2006-11-25 12:00:00 UTC        
 READ IN fields at DATE: 2006-11-25 18:00:00 UTC        
 READ IN fields at DATE: 2006-11-26 00:00:00 UTC        
 READ IN fields at DATE: 2006-11-26 06:00:00 UTC        
 READ IN fields at DATE: 2006-11-26 12:00:00 UTC        
 READ IN fields at DATE: 2006-11-26 18:00:00 UTC        
 READ IN fields at DATE: 2006-11-27 00:00:00 UTC        
 READ IN fields at DATE: 2006-11-27 06:00:00 UTC        
 READ IN fields at DATE: 2006-11-27 12:00:00 UTC        
 READ IN fields at DATE: 2006-11-27 18:00:00 UTC        
 READ IN fields at DATE: 2006-11-28 00:00:00 UTC        
 READ IN fields at DATE: 2006-11-28 06:00:00 UTC        
 READ IN fields at DATE: 2006-11-28 12:00:00 UTC        
 READ IN fields at DATE: 2006-11-28 18:00:00 UTC        
 READ IN fields at DATE: 2006-11-29 00:00:00 UTC        
 READ IN fields at DATE: 2006-11-29 06:00:00 UTC        
 READ IN fields at DATE: 2006-11-29 12:00:00 UTC        
 READ IN fields at DATE: 2006-11-29 18:00:00 UTC        
 READ IN fields at DATE: 2006-11-30 00:00:00 UTC        
 READ IN fields at DATE: 2006-11-30 06:00:00 UTC        
 READ IN fields at DATE: 2006-11-30 12:00:00 UTC        
 READ IN fields at DATE: 2006-11-30 18:00:00 UTC        
      131072 /leonardo_work/ICT25_ESP/RCMDATA//ERA5/2006/tatm_2006_12.nc
  2.114551080777051E-003   249.226680151217     
      196608 /leonardo_work/ICT25_ESP/RCMDATA//ERA5/2006/geop_2006_12.nc
   7.63369611970305        244562.866745690     
      262144 /leonardo_work/ICT25_ESP/RCMDATA//ERA5/2006/qhum_2006_12.nc
  3.651808791037054E-007  1.195481740450177E-002
      327680 /leonardo_work/ICT25_ESP/RCMDATA//ERA5/2006/uwnd_2006_12.nc
  5.405482547616755E-003   23.7823466972028     
      393216 /leonardo_work/ICT25_ESP/RCMDATA//ERA5/2006/vwnd_2006_12.nc
  4.750924899671849E-003  -4.24765286723499     
 READ IN fields at DATE: 2006-12-01 00:00:00 UTC        
 READ IN fields at DATE: 2006-12-01 06:00:00 UTC        
 READ IN fields at DATE: 2006-12-01 12:00:00 UTC        
 READ IN fields at DATE: 2006-12-01 18:00:00 UTC        
 READ IN fields at DATE: 2006-12-02 00:00:00 UTC        
 READ IN fields at DATE: 2006-12-02 06:00:00 UTC        
 READ IN fields at DATE: 2006-12-02 12:00:00 UTC        
 READ IN fields at DATE: 2006-12-02 18:00:00 UTC        
 READ IN fields at DATE: 2006-12-03 00:00:00 UTC        
 READ IN fields at DATE: 2006-12-03 06:00:00 UTC        
 READ IN fields at DATE: 2006-12-03 12:00:00 UTC        
 READ IN fields at DATE: 2006-12-03 18:00:00 UTC        
 READ IN fields at DATE: 2006-12-04 00:00:00 UTC        
 READ IN fields at DATE: 2006-12-04 06:00:00 UTC        
 READ IN fields at DATE: 2006-12-04 12:00:00 UTC        
 READ IN fields at DATE: 2006-12-04 18:00:00 UTC        
 READ IN fields at DATE: 2006-12-05 00:00:00 UTC        
 READ IN fields at DATE: 2006-12-05 06:00:00 UTC        
 READ IN fields at DATE: 2006-12-05 12:00:00 UTC        
 READ IN fields at DATE: 2006-12-05 18:00:00 UTC        
 READ IN fields at DATE: 2006-12-06 00:00:00 UTC        
 READ IN fields at DATE: 2006-12-06 06:00:00 UTC        
 READ IN fields at DATE: 2006-12-06 12:00:00 UTC        
 READ IN fields at DATE: 2006-12-06 18:00:00 UTC        
 READ IN fields at DATE: 2006-12-07 00:00:00 UTC        
 READ IN fields at DATE: 2006-12-07 06:00:00 UTC        
 READ IN fields at DATE: 2006-12-07 12:00:00 UTC        
 READ IN fields at DATE: 2006-12-07 18:00:00 UTC        
 READ IN fields at DATE: 2006-12-08 00:00:00 UTC        
 READ IN fields at DATE: 2006-12-08 06:00:00 UTC        
 READ IN fields at DATE: 2006-12-08 12:00:00 UTC        
 READ IN fields at DATE: 2006-12-08 18:00:00 UTC        
 READ IN fields at DATE: 2006-12-09 00:00:00 UTC        
 READ IN fields at DATE: 2006-12-09 06:00:00 UTC        
 READ IN fields at DATE: 2006-12-09 12:00:00 UTC        
 READ IN fields at DATE: 2006-12-09 18:00:00 UTC        
 READ IN fields at DATE: 2006-12-10 00:00:00 UTC        
 READ IN fields at DATE: 2006-12-10 06:00:00 UTC        
 READ IN fields at DATE: 2006-12-10 12:00:00 UTC        
 READ IN fields at DATE: 2006-12-10 18:00:00 UTC        
 READ IN fields at DATE: 2006-12-11 00:00:00 UTC        
 READ IN fields at DATE: 2006-12-11 06:00:00 UTC        
 READ IN fields at DATE: 2006-12-11 12:00:00 UTC        
 READ IN fields at DATE: 2006-12-11 18:00:00 UTC        
 READ IN fields at DATE: 2006-12-12 00:00:00 UTC        
 READ IN fields at DATE: 2006-12-12 06:00:00 UTC        
 READ IN fields at DATE: 2006-12-12 12:00:00 UTC        
 READ IN fields at DATE: 2006-12-12 18:00:00 UTC        
 READ IN fields at DATE: 2006-12-13 00:00:00 UTC        
 READ IN fields at DATE: 2006-12-13 06:00:00 UTC        
 READ IN fields at DATE: 2006-12-13 12:00:00 UTC        
 READ IN fields at DATE: 2006-12-13 18:00:00 UTC        
 READ IN fields at DATE: 2006-12-14 00:00:00 UTC        
 READ IN fields at DATE: 2006-12-14 06:00:00 UTC        
 READ IN fields at DATE: 2006-12-14 12:00:00 UTC        
 READ IN fields at DATE: 2006-12-14 18:00:00 UTC        
 READ IN fields at DATE: 2006-12-15 00:00:00 UTC        
 READ IN fields at DATE: 2006-12-15 06:00:00 UTC        
 READ IN fields at DATE: 2006-12-15 12:00:00 UTC        
 READ IN fields at DATE: 2006-12-15 18:00:00 UTC        
 READ IN fields at DATE: 2006-12-16 00:00:00 UTC        
 READ IN fields at DATE: 2006-12-16 06:00:00 UTC        
 READ IN fields at DATE: 2006-12-16 12:00:00 UTC        
 READ IN fields at DATE: 2006-12-16 18:00:00 UTC        
 READ IN fields at DATE: 2006-12-17 00:00:00 UTC        
 READ IN fields at DATE: 2006-12-17 06:00:00 UTC        
 READ IN fields at DATE: 2006-12-17 12:00:00 UTC        
 READ IN fields at DATE: 2006-12-17 18:00:00 UTC        
 READ IN fields at DATE: 2006-12-18 00:00:00 UTC        
 READ IN fields at DATE: 2006-12-18 06:00:00 UTC        
 READ IN fields at DATE: 2006-12-18 12:00:00 UTC        
 READ IN fields at DATE: 2006-12-18 18:00:00 UTC        
 READ IN fields at DATE: 2006-12-19 00:00:00 UTC        
 READ IN fields at DATE: 2006-12-19 06:00:00 UTC        
 READ IN fields at DATE: 2006-12-19 12:00:00 UTC        
 READ IN fields at DATE: 2006-12-19 18:00:00 UTC        
 READ IN fields at DATE: 2006-12-20 00:00:00 UTC        
 READ IN fields at DATE: 2006-12-20 06:00:00 UTC        
 READ IN fields at DATE: 2006-12-20 12:00:00 UTC        
 READ IN fields at DATE: 2006-12-20 18:00:00 UTC        
 READ IN fields at DATE: 2006-12-21 00:00:00 UTC        
 READ IN fields at DATE: 2006-12-21 06:00:00 UTC        
 READ IN fields at DATE: 2006-12-21 12:00:00 UTC        
 READ IN fields at DATE: 2006-12-21 18:00:00 UTC        
 READ IN fields at DATE: 2006-12-22 00:00:00 UTC        
 READ IN fields at DATE: 2006-12-22 06:00:00 UTC        
 READ IN fields at DATE: 2006-12-22 12:00:00 UTC        
 READ IN fields at DATE: 2006-12-22 18:00:00 UTC        
 READ IN fields at DATE: 2006-12-23 00:00:00 UTC        
 READ IN fields at DATE: 2006-12-23 06:00:00 UTC        
 READ IN fields at DATE: 2006-12-23 12:00:00 UTC        
 READ IN fields at DATE: 2006-12-23 18:00:00 UTC        
 READ IN fields at DATE: 2006-12-24 00:00:00 UTC        
 READ IN fields at DATE: 2006-12-24 06:00:00 UTC        
 READ IN fields at DATE: 2006-12-24 12:00:00 UTC        
 READ IN fields at DATE: 2006-12-24 18:00:00 UTC        
 READ IN fields at DATE: 2006-12-25 00:00:00 UTC        
 READ IN fields at DATE: 2006-12-25 06:00:00 UTC        
 READ IN fields at DATE: 2006-12-25 12:00:00 UTC        
 READ IN fields at DATE: 2006-12-25 18:00:00 UTC        
 READ IN fields at DATE: 2006-12-26 00:00:00 UTC        
 READ IN fields at DATE: 2006-12-26 06:00:00 UTC        
 READ IN fields at DATE: 2006-12-26 12:00:00 UTC        
 READ IN fields at DATE: 2006-12-26 18:00:00 UTC        
 READ IN fields at DATE: 2006-12-27 00:00:00 UTC        
 READ IN fields at DATE: 2006-12-27 06:00:00 UTC        
 READ IN fields at DATE: 2006-12-27 12:00:00 UTC        
 READ IN fields at DATE: 2006-12-27 18:00:00 UTC        
 READ IN fields at DATE: 2006-12-28 00:00:00 UTC        
 READ IN fields at DATE: 2006-12-28 06:00:00 UTC        
 READ IN fields at DATE: 2006-12-28 12:00:00 UTC        
 READ IN fields at DATE: 2006-12-28 18:00:00 UTC        
 READ IN fields at DATE: 2006-12-29 00:00:00 UTC        
 READ IN fields at DATE: 2006-12-29 06:00:00 UTC        
 READ IN fields at DATE: 2006-12-29 12:00:00 UTC        
 READ IN fields at DATE: 2006-12-29 18:00:00 UTC        
 READ IN fields at DATE: 2006-12-30 00:00:00 UTC        
 READ IN fields at DATE: 2006-12-30 06:00:00 UTC        
 READ IN fields at DATE: 2006-12-30 12:00:00 UTC        
 READ IN fields at DATE: 2006-12-30 18:00:00 UTC        
 READ IN fields at DATE: 2006-12-31 00:00:00 UTC        
 READ IN fields at DATE: 2006-12-31 06:00:00 UTC        
 READ IN fields at DATE: 2006-12-31 12:00:00 UTC        
 READ IN fields at DATE: 2006-12-31 18:00:00 UTC        
      131072 /leonardo_work/ICT25_ESP/RCMDATA//ERA5/2007/tatm_2007_01.nc
  2.077799176783429E-003   250.592901835275     
      196608 /leonardo_work/ICT25_ESP/RCMDATA//ERA5/2007/geop_2007_01.nc
   7.62781781936200        244876.731012965     
      262144 /leonardo_work/ICT25_ESP/RCMDATA//ERA5/2007/qhum_2007_01.nc
  3.766432925966678E-007  1.225585306579900E-002
      327680 /leonardo_work/ICT25_ESP/RCMDATA//ERA5/2007/uwnd_2007_01.nc
  5.107569552267560E-003   13.0911199212786     
      393216 /leonardo_work/ICT25_ESP/RCMDATA//ERA5/2007/vwnd_2007_01.nc
  4.682993682572139E-003  -1.84444354762254     
 READ IN fields at DATE: 2007-01-01 00:00:00 UTC        
 Input ready at : Fri Jun 13 21:47:36 2025
 Successfully completed ICBC
icbc script complete
