
  This is icbc part of the RegCM version 5
   SVN Revision: 4.7.1-1870-ge1fff compiled at: data : Jun 07 2025  time: 08:09:19

 : this run start at    : 2025-06-13 02:05:09+0200
 : it is submitted by   : mdasilva
 : it is running on     : lrdn4661.leonardo.local
 : in directory         : 
 /leonardo/home/userexternal/mdasilva/github_projects/shell/ictp/regcm_exp/eur_1
 1
                       
 Using Moloch non-hydrostatic dynamical core
 GLOBIDATE1 :  2001-01-01 00:00:00 UTC        
 GLOBIDATE2 :  2002-01-01 00:00:00 UTC        
 NSTEPS     :         1461
 Computing weights, R =      38.21770477 .......... Done.
 Computing weights, R =      38.21770477 .......... Done.
 Computing weights, R =      38.21770477 .......... Done.
      131072 /leonardo_work/ICT25_ESP/RCMDATA//ERA5/2001/tatm_2001_01.nc
  2.243290899539640E-003   249.759300107480     
      196608 /leonardo_work/ICT25_ESP/RCMDATA//ERA5/2001/geop_2001_01.nc
   7.64441728070209        245155.441463235     
      262144 /leonardo_work/ICT25_ESP/RCMDATA//ERA5/2001/qhum_2001_01.nc
  3.705311648473737E-007  1.212856229343551E-002
      327680 /leonardo_work/ICT25_ESP/RCMDATA//ERA5/2001/uwnd_2001_01.nc
  4.982799444867590E-003   32.0156589298674     
      393216 /leonardo_work/ICT25_ESP/RCMDATA//ERA5/2001/vwnd_2001_01.nc
  4.578441418290689E-003  -17.4992679804748     
 READ IN fields at DATE: 2001-01-01 00:00:00 UTC        
 READ IN fields at DATE: 2001-01-01 06:00:00 UTC        
 READ IN fields at DATE: 2001-01-01 12:00:00 UTC        
 READ IN fields at DATE: 2001-01-01 18:00:00 UTC        
 READ IN fields at DATE: 2001-01-02 00:00:00 UTC        
 READ IN fields at DATE: 2001-01-02 06:00:00 UTC        
 READ IN fields at DATE: 2001-01-02 12:00:00 UTC        
 READ IN fields at DATE: 2001-01-02 18:00:00 UTC        
 READ IN fields at DATE: 2001-01-03 00:00:00 UTC        
 READ IN fields at DATE: 2001-01-03 06:00:00 UTC        
 READ IN fields at DATE: 2001-01-03 12:00:00 UTC        
 READ IN fields at DATE: 2001-01-03 18:00:00 UTC        
 READ IN fields at DATE: 2001-01-04 00:00:00 UTC        
 READ IN fields at DATE: 2001-01-04 06:00:00 UTC        
 READ IN fields at DATE: 2001-01-04 12:00:00 UTC        
 READ IN fields at DATE: 2001-01-04 18:00:00 UTC        
 READ IN fields at DATE: 2001-01-05 00:00:00 UTC        
 READ IN fields at DATE: 2001-01-05 06:00:00 UTC        
 READ IN fields at DATE: 2001-01-05 12:00:00 UTC        
 READ IN fields at DATE: 2001-01-05 18:00:00 UTC        
 READ IN fields at DATE: 2001-01-06 00:00:00 UTC        
 READ IN fields at DATE: 2001-01-06 06:00:00 UTC        
 READ IN fields at DATE: 2001-01-06 12:00:00 UTC        
 READ IN fields at DATE: 2001-01-06 18:00:00 UTC        
 READ IN fields at DATE: 2001-01-07 00:00:00 UTC        
 READ IN fields at DATE: 2001-01-07 06:00:00 UTC        
 READ IN fields at DATE: 2001-01-07 12:00:00 UTC        
 READ IN fields at DATE: 2001-01-07 18:00:00 UTC        
 READ IN fields at DATE: 2001-01-08 00:00:00 UTC        
 READ IN fields at DATE: 2001-01-08 06:00:00 UTC        
 READ IN fields at DATE: 2001-01-08 12:00:00 UTC        
 READ IN fields at DATE: 2001-01-08 18:00:00 UTC        
 READ IN fields at DATE: 2001-01-09 00:00:00 UTC        
 READ IN fields at DATE: 2001-01-09 06:00:00 UTC        
 READ IN fields at DATE: 2001-01-09 12:00:00 UTC        
 READ IN fields at DATE: 2001-01-09 18:00:00 UTC        
 READ IN fields at DATE: 2001-01-10 00:00:00 UTC        
 READ IN fields at DATE: 2001-01-10 06:00:00 UTC        
 READ IN fields at DATE: 2001-01-10 12:00:00 UTC        
 READ IN fields at DATE: 2001-01-10 18:00:00 UTC        
 READ IN fields at DATE: 2001-01-11 00:00:00 UTC        
 READ IN fields at DATE: 2001-01-11 06:00:00 UTC        
 READ IN fields at DATE: 2001-01-11 12:00:00 UTC        
 READ IN fields at DATE: 2001-01-11 18:00:00 UTC        
 READ IN fields at DATE: 2001-01-12 00:00:00 UTC        
 READ IN fields at DATE: 2001-01-12 06:00:00 UTC        
 READ IN fields at DATE: 2001-01-12 12:00:00 UTC        
 READ IN fields at DATE: 2001-01-12 18:00:00 UTC        
 READ IN fields at DATE: 2001-01-13 00:00:00 UTC        
 READ IN fields at DATE: 2001-01-13 06:00:00 UTC        
 READ IN fields at DATE: 2001-01-13 12:00:00 UTC        
 READ IN fields at DATE: 2001-01-13 18:00:00 UTC        
 READ IN fields at DATE: 2001-01-14 00:00:00 UTC        
 READ IN fields at DATE: 2001-01-14 06:00:00 UTC        
 READ IN fields at DATE: 2001-01-14 12:00:00 UTC        
 READ IN fields at DATE: 2001-01-14 18:00:00 UTC        
 READ IN fields at DATE: 2001-01-15 00:00:00 UTC        
 READ IN fields at DATE: 2001-01-15 06:00:00 UTC        
 READ IN fields at DATE: 2001-01-15 12:00:00 UTC        
 READ IN fields at DATE: 2001-01-15 18:00:00 UTC        
 READ IN fields at DATE: 2001-01-16 00:00:00 UTC        
 READ IN fields at DATE: 2001-01-16 06:00:00 UTC        
 READ IN fields at DATE: 2001-01-16 12:00:00 UTC        
 READ IN fields at DATE: 2001-01-16 18:00:00 UTC        
 READ IN fields at DATE: 2001-01-17 00:00:00 UTC        
 READ IN fields at DATE: 2001-01-17 06:00:00 UTC        
 READ IN fields at DATE: 2001-01-17 12:00:00 UTC        
 READ IN fields at DATE: 2001-01-17 18:00:00 UTC        
 READ IN fields at DATE: 2001-01-18 00:00:00 UTC        
 READ IN fields at DATE: 2001-01-18 06:00:00 UTC        
 READ IN fields at DATE: 2001-01-18 12:00:00 UTC        
 READ IN fields at DATE: 2001-01-18 18:00:00 UTC        
 READ IN fields at DATE: 2001-01-19 00:00:00 UTC        
 READ IN fields at DATE: 2001-01-19 06:00:00 UTC        
 READ IN fields at DATE: 2001-01-19 12:00:00 UTC        
 READ IN fields at DATE: 2001-01-19 18:00:00 UTC        
 READ IN fields at DATE: 2001-01-20 00:00:00 UTC        
 READ IN fields at DATE: 2001-01-20 06:00:00 UTC        
 READ IN fields at DATE: 2001-01-20 12:00:00 UTC        
 READ IN fields at DATE: 2001-01-20 18:00:00 UTC        
 READ IN fields at DATE: 2001-01-21 00:00:00 UTC        
 READ IN fields at DATE: 2001-01-21 06:00:00 UTC        
 READ IN fields at DATE: 2001-01-21 12:00:00 UTC        
 READ IN fields at DATE: 2001-01-21 18:00:00 UTC        
 READ IN fields at DATE: 2001-01-22 00:00:00 UTC        
 READ IN fields at DATE: 2001-01-22 06:00:00 UTC        
 READ IN fields at DATE: 2001-01-22 12:00:00 UTC        
 READ IN fields at DATE: 2001-01-22 18:00:00 UTC        
 READ IN fields at DATE: 2001-01-23 00:00:00 UTC        
 READ IN fields at DATE: 2001-01-23 06:00:00 UTC        
 READ IN fields at DATE: 2001-01-23 12:00:00 UTC        
 READ IN fields at DATE: 2001-01-23 18:00:00 UTC        
 READ IN fields at DATE: 2001-01-24 00:00:00 UTC        
 READ IN fields at DATE: 2001-01-24 06:00:00 UTC        
 READ IN fields at DATE: 2001-01-24 12:00:00 UTC        
 READ IN fields at DATE: 2001-01-24 18:00:00 UTC        
 READ IN fields at DATE: 2001-01-25 00:00:00 UTC        
 READ IN fields at DATE: 2001-01-25 06:00:00 UTC        
 READ IN fields at DATE: 2001-01-25 12:00:00 UTC        
 READ IN fields at DATE: 2001-01-25 18:00:00 UTC        
 READ IN fields at DATE: 2001-01-26 00:00:00 UTC        
 READ IN fields at DATE: 2001-01-26 06:00:00 UTC        
 READ IN fields at DATE: 2001-01-26 12:00:00 UTC        
 READ IN fields at DATE: 2001-01-26 18:00:00 UTC        
 READ IN fields at DATE: 2001-01-27 00:00:00 UTC        
 READ IN fields at DATE: 2001-01-27 06:00:00 UTC        
 READ IN fields at DATE: 2001-01-27 12:00:00 UTC        
 READ IN fields at DATE: 2001-01-27 18:00:00 UTC        
 READ IN fields at DATE: 2001-01-28 00:00:00 UTC        
 READ IN fields at DATE: 2001-01-28 06:00:00 UTC        
 READ IN fields at DATE: 2001-01-28 12:00:00 UTC        
 READ IN fields at DATE: 2001-01-28 18:00:00 UTC        
 READ IN fields at DATE: 2001-01-29 00:00:00 UTC        
 READ IN fields at DATE: 2001-01-29 06:00:00 UTC        
 READ IN fields at DATE: 2001-01-29 12:00:00 UTC        
 READ IN fields at DATE: 2001-01-29 18:00:00 UTC        
 READ IN fields at DATE: 2001-01-30 00:00:00 UTC        
 READ IN fields at DATE: 2001-01-30 06:00:00 UTC        
 READ IN fields at DATE: 2001-01-30 12:00:00 UTC        
 READ IN fields at DATE: 2001-01-30 18:00:00 UTC        
 READ IN fields at DATE: 2001-01-31 00:00:00 UTC        
 READ IN fields at DATE: 2001-01-31 06:00:00 UTC        
 READ IN fields at DATE: 2001-01-31 12:00:00 UTC        
 READ IN fields at DATE: 2001-01-31 18:00:00 UTC        
      131072 /leonardo_work/ICT25_ESP/RCMDATA//ERA5/2001/tatm_2001_02.nc
  2.146341835142934E-003   248.942850779278     
      196608 /leonardo_work/ICT25_ESP/RCMDATA//ERA5/2001/geop_2001_02.nc
   7.51434093796255        241360.715485781     
      262144 /leonardo_work/ICT25_ESP/RCMDATA//ERA5/2001/qhum_2001_02.nc
  4.048100141755950E-007  1.323623789116135E-002
      327680 /leonardo_work/ICT25_ESP/RCMDATA//ERA5/2001/uwnd_2001_02.nc
  3.838639172532231E-003   5.95447869066764     
      393216 /leonardo_work/ICT25_ESP/RCMDATA//ERA5/2001/vwnd_2001_02.nc
  3.566348499768843E-003   4.84418697955871     
 READ IN fields at DATE: 2001-02-01 00:00:00 UTC        
 READ IN fields at DATE: 2001-02-01 06:00:00 UTC        
 READ IN fields at DATE: 2001-02-01 12:00:00 UTC        
 READ IN fields at DATE: 2001-02-01 18:00:00 UTC        
 READ IN fields at DATE: 2001-02-02 00:00:00 UTC        
 READ IN fields at DATE: 2001-02-02 06:00:00 UTC        
 READ IN fields at DATE: 2001-02-02 12:00:00 UTC        
 READ IN fields at DATE: 2001-02-02 18:00:00 UTC        
 READ IN fields at DATE: 2001-02-03 00:00:00 UTC        
 READ IN fields at DATE: 2001-02-03 06:00:00 UTC        
 READ IN fields at DATE: 2001-02-03 12:00:00 UTC        
 READ IN fields at DATE: 2001-02-03 18:00:00 UTC        
 READ IN fields at DATE: 2001-02-04 00:00:00 UTC        
 READ IN fields at DATE: 2001-02-04 06:00:00 UTC        
 READ IN fields at DATE: 2001-02-04 12:00:00 UTC        
 READ IN fields at DATE: 2001-02-04 18:00:00 UTC        
 READ IN fields at DATE: 2001-02-05 00:00:00 UTC        
 READ IN fields at DATE: 2001-02-05 06:00:00 UTC        
 READ IN fields at DATE: 2001-02-05 12:00:00 UTC        
 READ IN fields at DATE: 2001-02-05 18:00:00 UTC        
 READ IN fields at DATE: 2001-02-06 00:00:00 UTC        
 READ IN fields at DATE: 2001-02-06 06:00:00 UTC        
 READ IN fields at DATE: 2001-02-06 12:00:00 UTC        
 READ IN fields at DATE: 2001-02-06 18:00:00 UTC        
 READ IN fields at DATE: 2001-02-07 00:00:00 UTC        
 READ IN fields at DATE: 2001-02-07 06:00:00 UTC        
 READ IN fields at DATE: 2001-02-07 12:00:00 UTC        
 READ IN fields at DATE: 2001-02-07 18:00:00 UTC        
 READ IN fields at DATE: 2001-02-08 00:00:00 UTC        
 READ IN fields at DATE: 2001-02-08 06:00:00 UTC        
 READ IN fields at DATE: 2001-02-08 12:00:00 UTC        
 READ IN fields at DATE: 2001-02-08 18:00:00 UTC        
 READ IN fields at DATE: 2001-02-09 00:00:00 UTC        
 READ IN fields at DATE: 2001-02-09 06:00:00 UTC        
 READ IN fields at DATE: 2001-02-09 12:00:00 UTC        
 READ IN fields at DATE: 2001-02-09 18:00:00 UTC        
 READ IN fields at DATE: 2001-02-10 00:00:00 UTC        
 READ IN fields at DATE: 2001-02-10 06:00:00 UTC        
 READ IN fields at DATE: 2001-02-10 12:00:00 UTC        
 READ IN fields at DATE: 2001-02-10 18:00:00 UTC        
 READ IN fields at DATE: 2001-02-11 00:00:00 UTC        
 READ IN fields at DATE: 2001-02-11 06:00:00 UTC        
 READ IN fields at DATE: 2001-02-11 12:00:00 UTC        
 READ IN fields at DATE: 2001-02-11 18:00:00 UTC        
 READ IN fields at DATE: 2001-02-12 00:00:00 UTC        
 READ IN fields at DATE: 2001-02-12 06:00:00 UTC        
 READ IN fields at DATE: 2001-02-12 12:00:00 UTC        
 READ IN fields at DATE: 2001-02-12 18:00:00 UTC        
 READ IN fields at DATE: 2001-02-13 00:00:00 UTC        
 READ IN fields at DATE: 2001-02-13 06:00:00 UTC        
 READ IN fields at DATE: 2001-02-13 12:00:00 UTC        
 READ IN fields at DATE: 2001-02-13 18:00:00 UTC        
 READ IN fields at DATE: 2001-02-14 00:00:00 UTC        
 READ IN fields at DATE: 2001-02-14 06:00:00 UTC        
 READ IN fields at DATE: 2001-02-14 12:00:00 UTC        
 READ IN fields at DATE: 2001-02-14 18:00:00 UTC        
 READ IN fields at DATE: 2001-02-15 00:00:00 UTC        
 READ IN fields at DATE: 2001-02-15 06:00:00 UTC        
 READ IN fields at DATE: 2001-02-15 12:00:00 UTC        
 READ IN fields at DATE: 2001-02-15 18:00:00 UTC        
 READ IN fields at DATE: 2001-02-16 00:00:00 UTC        
 READ IN fields at DATE: 2001-02-16 06:00:00 UTC        
 READ IN fields at DATE: 2001-02-16 12:00:00 UTC        
 READ IN fields at DATE: 2001-02-16 18:00:00 UTC        
 READ IN fields at DATE: 2001-02-17 00:00:00 UTC        
 READ IN fields at DATE: 2001-02-17 06:00:00 UTC        
 READ IN fields at DATE: 2001-02-17 12:00:00 UTC        
 READ IN fields at DATE: 2001-02-17 18:00:00 UTC        
 READ IN fields at DATE: 2001-02-18 00:00:00 UTC        
 READ IN fields at DATE: 2001-02-18 06:00:00 UTC        
 READ IN fields at DATE: 2001-02-18 12:00:00 UTC        
 READ IN fields at DATE: 2001-02-18 18:00:00 UTC        
 READ IN fields at DATE: 2001-02-19 00:00:00 UTC        
 READ IN fields at DATE: 2001-02-19 06:00:00 UTC        
 READ IN fields at DATE: 2001-02-19 12:00:00 UTC        
 READ IN fields at DATE: 2001-02-19 18:00:00 UTC        
 READ IN fields at DATE: 2001-02-20 00:00:00 UTC        
 READ IN fields at DATE: 2001-02-20 06:00:00 UTC        
 READ IN fields at DATE: 2001-02-20 12:00:00 UTC        
 READ IN fields at DATE: 2001-02-20 18:00:00 UTC        
 READ IN fields at DATE: 2001-02-21 00:00:00 UTC        
 READ IN fields at DATE: 2001-02-21 06:00:00 UTC        
 READ IN fields at DATE: 2001-02-21 12:00:00 UTC        
 READ IN fields at DATE: 2001-02-21 18:00:00 UTC        
 READ IN fields at DATE: 2001-02-22 00:00:00 UTC        
 READ IN fields at DATE: 2001-02-22 06:00:00 UTC        
 READ IN fields at DATE: 2001-02-22 12:00:00 UTC        
 READ IN fields at DATE: 2001-02-22 18:00:00 UTC        
 READ IN fields at DATE: 2001-02-23 00:00:00 UTC        
 READ IN fields at DATE: 2001-02-23 06:00:00 UTC        
 READ IN fields at DATE: 2001-02-23 12:00:00 UTC        
 READ IN fields at DATE: 2001-02-23 18:00:00 UTC        
 READ IN fields at DATE: 2001-02-24 00:00:00 UTC        
 READ IN fields at DATE: 2001-02-24 06:00:00 UTC        
 READ IN fields at DATE: 2001-02-24 12:00:00 UTC        
 READ IN fields at DATE: 2001-02-24 18:00:00 UTC        
 READ IN fields at DATE: 2001-02-25 00:00:00 UTC        
 READ IN fields at DATE: 2001-02-25 06:00:00 UTC        
 READ IN fields at DATE: 2001-02-25 12:00:00 UTC        
 READ IN fields at DATE: 2001-02-25 18:00:00 UTC        
 READ IN fields at DATE: 2001-02-26 00:00:00 UTC        
 READ IN fields at DATE: 2001-02-26 06:00:00 UTC        
 READ IN fields at DATE: 2001-02-26 12:00:00 UTC        
 READ IN fields at DATE: 2001-02-26 18:00:00 UTC        
 READ IN fields at DATE: 2001-02-27 00:00:00 UTC        
 READ IN fields at DATE: 2001-02-27 06:00:00 UTC        
 READ IN fields at DATE: 2001-02-27 12:00:00 UTC        
 READ IN fields at DATE: 2001-02-27 18:00:00 UTC        
 READ IN fields at DATE: 2001-02-28 00:00:00 UTC        
 READ IN fields at DATE: 2001-02-28 06:00:00 UTC        
 READ IN fields at DATE: 2001-02-28 12:00:00 UTC        
 READ IN fields at DATE: 2001-02-28 18:00:00 UTC        
      131072 /leonardo_work/ICT25_ESP/RCMDATA//ERA5/2001/tatm_2001_03.nc
  2.052925438984462E-003   248.888026882007     
      196608 /leonardo_work/ICT25_ESP/RCMDATA//ERA5/2001/geop_2001_03.nc
   7.35903309210627        236056.187670954     
      262144 /leonardo_work/ICT25_ESP/RCMDATA//ERA5/2001/qhum_2001_03.nc
  3.753063500684333E-007  1.227838900299690E-002
      327680 /leonardo_work/ICT25_ESP/RCMDATA//ERA5/2001/uwnd_2001_03.nc
  2.702834643170593E-003   23.7238606798464     
      393216 /leonardo_work/ICT25_ESP/RCMDATA//ERA5/2001/vwnd_2001_03.nc
  2.684070661143527E-003   3.25965955158349     
 READ IN fields at DATE: 2001-03-01 00:00:00 UTC        
 READ IN fields at DATE: 2001-03-01 06:00:00 UTC        
 READ IN fields at DATE: 2001-03-01 12:00:00 UTC        
 READ IN fields at DATE: 2001-03-01 18:00:00 UTC        
 READ IN fields at DATE: 2001-03-02 00:00:00 UTC        
 READ IN fields at DATE: 2001-03-02 06:00:00 UTC        
 READ IN fields at DATE: 2001-03-02 12:00:00 UTC        
 READ IN fields at DATE: 2001-03-02 18:00:00 UTC        
 READ IN fields at DATE: 2001-03-03 00:00:00 UTC        
 READ IN fields at DATE: 2001-03-03 06:00:00 UTC        
 READ IN fields at DATE: 2001-03-03 12:00:00 UTC        
 READ IN fields at DATE: 2001-03-03 18:00:00 UTC        
 READ IN fields at DATE: 2001-03-04 00:00:00 UTC        
 READ IN fields at DATE: 2001-03-04 06:00:00 UTC        
 READ IN fields at DATE: 2001-03-04 12:00:00 UTC        
 READ IN fields at DATE: 2001-03-04 18:00:00 UTC        
 READ IN fields at DATE: 2001-03-05 00:00:00 UTC        
 READ IN fields at DATE: 2001-03-05 06:00:00 UTC        
 READ IN fields at DATE: 2001-03-05 12:00:00 UTC        
 READ IN fields at DATE: 2001-03-05 18:00:00 UTC        
 READ IN fields at DATE: 2001-03-06 00:00:00 UTC        
 READ IN fields at DATE: 2001-03-06 06:00:00 UTC        
 READ IN fields at DATE: 2001-03-06 12:00:00 UTC        
 READ IN fields at DATE: 2001-03-06 18:00:00 UTC        
 READ IN fields at DATE: 2001-03-07 00:00:00 UTC        
 READ IN fields at DATE: 2001-03-07 06:00:00 UTC        
 READ IN fields at DATE: 2001-03-07 12:00:00 UTC        
 READ IN fields at DATE: 2001-03-07 18:00:00 UTC        
 READ IN fields at DATE: 2001-03-08 00:00:00 UTC        
 READ IN fields at DATE: 2001-03-08 06:00:00 UTC        
 READ IN fields at DATE: 2001-03-08 12:00:00 UTC        
 READ IN fields at DATE: 2001-03-08 18:00:00 UTC        
 READ IN fields at DATE: 2001-03-09 00:00:00 UTC        
 READ IN fields at DATE: 2001-03-09 06:00:00 UTC        
 READ IN fields at DATE: 2001-03-09 12:00:00 UTC        
 READ IN fields at DATE: 2001-03-09 18:00:00 UTC        
 READ IN fields at DATE: 2001-03-10 00:00:00 UTC        
 READ IN fields at DATE: 2001-03-10 06:00:00 UTC        
 READ IN fields at DATE: 2001-03-10 12:00:00 UTC        
 READ IN fields at DATE: 2001-03-10 18:00:00 UTC        
 READ IN fields at DATE: 2001-03-11 00:00:00 UTC        
 READ IN fields at DATE: 2001-03-11 06:00:00 UTC        
 READ IN fields at DATE: 2001-03-11 12:00:00 UTC        
 READ IN fields at DATE: 2001-03-11 18:00:00 UTC        
 READ IN fields at DATE: 2001-03-12 00:00:00 UTC        
 READ IN fields at DATE: 2001-03-12 06:00:00 UTC        
 READ IN fields at DATE: 2001-03-12 12:00:00 UTC        
 READ IN fields at DATE: 2001-03-12 18:00:00 UTC        
 READ IN fields at DATE: 2001-03-13 00:00:00 UTC        
 READ IN fields at DATE: 2001-03-13 06:00:00 UTC        
 READ IN fields at DATE: 2001-03-13 12:00:00 UTC        
 READ IN fields at DATE: 2001-03-13 18:00:00 UTC        
 READ IN fields at DATE: 2001-03-14 00:00:00 UTC        
 READ IN fields at DATE: 2001-03-14 06:00:00 UTC        
 READ IN fields at DATE: 2001-03-14 12:00:00 UTC        
 READ IN fields at DATE: 2001-03-14 18:00:00 UTC        
 READ IN fields at DATE: 2001-03-15 00:00:00 UTC        
 READ IN fields at DATE: 2001-03-15 06:00:00 UTC        
 READ IN fields at DATE: 2001-03-15 12:00:00 UTC        
 READ IN fields at DATE: 2001-03-15 18:00:00 UTC        
 READ IN fields at DATE: 2001-03-16 00:00:00 UTC        
 READ IN fields at DATE: 2001-03-16 06:00:00 UTC        
 READ IN fields at DATE: 2001-03-16 12:00:00 UTC        
 READ IN fields at DATE: 2001-03-16 18:00:00 UTC        
 READ IN fields at DATE: 2001-03-17 00:00:00 UTC        
 READ IN fields at DATE: 2001-03-17 06:00:00 UTC        
 READ IN fields at DATE: 2001-03-17 12:00:00 UTC        
 READ IN fields at DATE: 2001-03-17 18:00:00 UTC        
 READ IN fields at DATE: 2001-03-18 00:00:00 UTC        
 READ IN fields at DATE: 2001-03-18 06:00:00 UTC        
 READ IN fields at DATE: 2001-03-18 12:00:00 UTC        
 READ IN fields at DATE: 2001-03-18 18:00:00 UTC        
 READ IN fields at DATE: 2001-03-19 00:00:00 UTC        
 READ IN fields at DATE: 2001-03-19 06:00:00 UTC        
 READ IN fields at DATE: 2001-03-19 12:00:00 UTC        
 READ IN fields at DATE: 2001-03-19 18:00:00 UTC        
 READ IN fields at DATE: 2001-03-20 00:00:00 UTC        
 READ IN fields at DATE: 2001-03-20 06:00:00 UTC        
 READ IN fields at DATE: 2001-03-20 12:00:00 UTC        
 READ IN fields at DATE: 2001-03-20 18:00:00 UTC        
 READ IN fields at DATE: 2001-03-21 00:00:00 UTC        
 READ IN fields at DATE: 2001-03-21 06:00:00 UTC        
 READ IN fields at DATE: 2001-03-21 12:00:00 UTC        
 READ IN fields at DATE: 2001-03-21 18:00:00 UTC        
 READ IN fields at DATE: 2001-03-22 00:00:00 UTC        
 READ IN fields at DATE: 2001-03-22 06:00:00 UTC        
 READ IN fields at DATE: 2001-03-22 12:00:00 UTC        
 READ IN fields at DATE: 2001-03-22 18:00:00 UTC        
 READ IN fields at DATE: 2001-03-23 00:00:00 UTC        
 READ IN fields at DATE: 2001-03-23 06:00:00 UTC        
 READ IN fields at DATE: 2001-03-23 12:00:00 UTC        
 READ IN fields at DATE: 2001-03-23 18:00:00 UTC        
 READ IN fields at DATE: 2001-03-24 00:00:00 UTC        
 READ IN fields at DATE: 2001-03-24 06:00:00 UTC        
 READ IN fields at DATE: 2001-03-24 12:00:00 UTC        
 READ IN fields at DATE: 2001-03-24 18:00:00 UTC        
 READ IN fields at DATE: 2001-03-25 00:00:00 UTC        
 READ IN fields at DATE: 2001-03-25 06:00:00 UTC        
 READ IN fields at DATE: 2001-03-25 12:00:00 UTC        
 READ IN fields at DATE: 2001-03-25 18:00:00 UTC        
 READ IN fields at DATE: 2001-03-26 00:00:00 UTC        
 READ IN fields at DATE: 2001-03-26 06:00:00 UTC        
 READ IN fields at DATE: 2001-03-26 12:00:00 UTC        
 READ IN fields at DATE: 2001-03-26 18:00:00 UTC        
 READ IN fields at DATE: 2001-03-27 00:00:00 UTC        
 READ IN fields at DATE: 2001-03-27 06:00:00 UTC        
 READ IN fields at DATE: 2001-03-27 12:00:00 UTC        
 READ IN fields at DATE: 2001-03-27 18:00:00 UTC        
 READ IN fields at DATE: 2001-03-28 00:00:00 UTC        
 READ IN fields at DATE: 2001-03-28 06:00:00 UTC        
 READ IN fields at DATE: 2001-03-28 12:00:00 UTC        
 READ IN fields at DATE: 2001-03-28 18:00:00 UTC        
 READ IN fields at DATE: 2001-03-29 00:00:00 UTC        
 READ IN fields at DATE: 2001-03-29 06:00:00 UTC        
 READ IN fields at DATE: 2001-03-29 12:00:00 UTC        
 READ IN fields at DATE: 2001-03-29 18:00:00 UTC        
 READ IN fields at DATE: 2001-03-30 00:00:00 UTC        
 READ IN fields at DATE: 2001-03-30 06:00:00 UTC        
 READ IN fields at DATE: 2001-03-30 12:00:00 UTC        
 READ IN fields at DATE: 2001-03-30 18:00:00 UTC        
 READ IN fields at DATE: 2001-03-31 00:00:00 UTC        
 READ IN fields at DATE: 2001-03-31 06:00:00 UTC        
 READ IN fields at DATE: 2001-03-31 12:00:00 UTC        
 READ IN fields at DATE: 2001-03-31 18:00:00 UTC        
      131072 /leonardo_work/ICT25_ESP/RCMDATA//ERA5/2001/tatm_2001_04.nc
  2.080665918897135E-003   250.385686046435     
      196608 /leonardo_work/ICT25_ESP/RCMDATA//ERA5/2001/geop_2001_04.nc
   7.33466750530267        235272.699853747     
      262144 /leonardo_work/ICT25_ESP/RCMDATA//ERA5/2001/qhum_2001_04.nc
  6.329320148452908E-007  2.068667958651080E-002
      327680 /leonardo_work/ICT25_ESP/RCMDATA//ERA5/2001/uwnd_2001_04.nc
  2.629279377255543E-003   26.1511664394129     
      393216 /leonardo_work/ICT25_ESP/RCMDATA//ERA5/2001/vwnd_2001_04.nc
  2.631207303238445E-003 -0.167331228651619     
 READ IN fields at DATE: 2001-04-01 00:00:00 UTC        
 READ IN fields at DATE: 2001-04-01 06:00:00 UTC        
 READ IN fields at DATE: 2001-04-01 12:00:00 UTC        
 READ IN fields at DATE: 2001-04-01 18:00:00 UTC        
 READ IN fields at DATE: 2001-04-02 00:00:00 UTC        
 READ IN fields at DATE: 2001-04-02 06:00:00 UTC        
 READ IN fields at DATE: 2001-04-02 12:00:00 UTC        
 READ IN fields at DATE: 2001-04-02 18:00:00 UTC        
 READ IN fields at DATE: 2001-04-03 00:00:00 UTC        
 READ IN fields at DATE: 2001-04-03 06:00:00 UTC        
 READ IN fields at DATE: 2001-04-03 12:00:00 UTC        
 READ IN fields at DATE: 2001-04-03 18:00:00 UTC        
 READ IN fields at DATE: 2001-04-04 00:00:00 UTC        
 READ IN fields at DATE: 2001-04-04 06:00:00 UTC        
 READ IN fields at DATE: 2001-04-04 12:00:00 UTC        
 READ IN fields at DATE: 2001-04-04 18:00:00 UTC        
 READ IN fields at DATE: 2001-04-05 00:00:00 UTC        
 READ IN fields at DATE: 2001-04-05 06:00:00 UTC        
 READ IN fields at DATE: 2001-04-05 12:00:00 UTC        
 READ IN fields at DATE: 2001-04-05 18:00:00 UTC        
 READ IN fields at DATE: 2001-04-06 00:00:00 UTC        
 READ IN fields at DATE: 2001-04-06 06:00:00 UTC        
 READ IN fields at DATE: 2001-04-06 12:00:00 UTC        
 READ IN fields at DATE: 2001-04-06 18:00:00 UTC        
 READ IN fields at DATE: 2001-04-07 00:00:00 UTC        
 READ IN fields at DATE: 2001-04-07 06:00:00 UTC        
 READ IN fields at DATE: 2001-04-07 12:00:00 UTC        
 READ IN fields at DATE: 2001-04-07 18:00:00 UTC        
 READ IN fields at DATE: 2001-04-08 00:00:00 UTC        
 READ IN fields at DATE: 2001-04-08 06:00:00 UTC        
 READ IN fields at DATE: 2001-04-08 12:00:00 UTC        
 READ IN fields at DATE: 2001-04-08 18:00:00 UTC        
 READ IN fields at DATE: 2001-04-09 00:00:00 UTC        
 READ IN fields at DATE: 2001-04-09 06:00:00 UTC        
 READ IN fields at DATE: 2001-04-09 12:00:00 UTC        
 READ IN fields at DATE: 2001-04-09 18:00:00 UTC        
 READ IN fields at DATE: 2001-04-10 00:00:00 UTC        
 READ IN fields at DATE: 2001-04-10 06:00:00 UTC        
 READ IN fields at DATE: 2001-04-10 12:00:00 UTC        
 READ IN fields at DATE: 2001-04-10 18:00:00 UTC        
 READ IN fields at DATE: 2001-04-11 00:00:00 UTC        
 READ IN fields at DATE: 2001-04-11 06:00:00 UTC        
 READ IN fields at DATE: 2001-04-11 12:00:00 UTC        
 READ IN fields at DATE: 2001-04-11 18:00:00 UTC        
 READ IN fields at DATE: 2001-04-12 00:00:00 UTC        
 READ IN fields at DATE: 2001-04-12 06:00:00 UTC        
 READ IN fields at DATE: 2001-04-12 12:00:00 UTC        
 READ IN fields at DATE: 2001-04-12 18:00:00 UTC        
 READ IN fields at DATE: 2001-04-13 00:00:00 UTC        
 READ IN fields at DATE: 2001-04-13 06:00:00 UTC        
 READ IN fields at DATE: 2001-04-13 12:00:00 UTC        
 READ IN fields at DATE: 2001-04-13 18:00:00 UTC        
 READ IN fields at DATE: 2001-04-14 00:00:00 UTC        
 READ IN fields at DATE: 2001-04-14 06:00:00 UTC        
 READ IN fields at DATE: 2001-04-14 12:00:00 UTC        
 READ IN fields at DATE: 2001-04-14 18:00:00 UTC        
 READ IN fields at DATE: 2001-04-15 00:00:00 UTC        
 READ IN fields at DATE: 2001-04-15 06:00:00 UTC        
 READ IN fields at DATE: 2001-04-15 12:00:00 UTC        
 READ IN fields at DATE: 2001-04-15 18:00:00 UTC        
 READ IN fields at DATE: 2001-04-16 00:00:00 UTC        
 READ IN fields at DATE: 2001-04-16 06:00:00 UTC        
 READ IN fields at DATE: 2001-04-16 12:00:00 UTC        
 READ IN fields at DATE: 2001-04-16 18:00:00 UTC        
 READ IN fields at DATE: 2001-04-17 00:00:00 UTC        
 READ IN fields at DATE: 2001-04-17 06:00:00 UTC        
 READ IN fields at DATE: 2001-04-17 12:00:00 UTC        
 READ IN fields at DATE: 2001-04-17 18:00:00 UTC        
 READ IN fields at DATE: 2001-04-18 00:00:00 UTC        
 READ IN fields at DATE: 2001-04-18 06:00:00 UTC        
 READ IN fields at DATE: 2001-04-18 12:00:00 UTC        
 READ IN fields at DATE: 2001-04-18 18:00:00 UTC        
 READ IN fields at DATE: 2001-04-19 00:00:00 UTC        
 READ IN fields at DATE: 2001-04-19 06:00:00 UTC        
 READ IN fields at DATE: 2001-04-19 12:00:00 UTC        
 READ IN fields at DATE: 2001-04-19 18:00:00 UTC        
 READ IN fields at DATE: 2001-04-20 00:00:00 UTC        
 READ IN fields at DATE: 2001-04-20 06:00:00 UTC        
 READ IN fields at DATE: 2001-04-20 12:00:00 UTC        
 READ IN fields at DATE: 2001-04-20 18:00:00 UTC        
 READ IN fields at DATE: 2001-04-21 00:00:00 UTC        
 READ IN fields at DATE: 2001-04-21 06:00:00 UTC        
 READ IN fields at DATE: 2001-04-21 12:00:00 UTC        
 READ IN fields at DATE: 2001-04-21 18:00:00 UTC        
 READ IN fields at DATE: 2001-04-22 00:00:00 UTC        
 READ IN fields at DATE: 2001-04-22 06:00:00 UTC        
 READ IN fields at DATE: 2001-04-22 12:00:00 UTC        
 READ IN fields at DATE: 2001-04-22 18:00:00 UTC        
 READ IN fields at DATE: 2001-04-23 00:00:00 UTC        
 READ IN fields at DATE: 2001-04-23 06:00:00 UTC        
 READ IN fields at DATE: 2001-04-23 12:00:00 UTC        
 READ IN fields at DATE: 2001-04-23 18:00:00 UTC        
 READ IN fields at DATE: 2001-04-24 00:00:00 UTC        
 READ IN fields at DATE: 2001-04-24 06:00:00 UTC        
 READ IN fields at DATE: 2001-04-24 12:00:00 UTC        
 READ IN fields at DATE: 2001-04-24 18:00:00 UTC        
 READ IN fields at DATE: 2001-04-25 00:00:00 UTC        
 READ IN fields at DATE: 2001-04-25 06:00:00 UTC        
 READ IN fields at DATE: 2001-04-25 12:00:00 UTC        
 READ IN fields at DATE: 2001-04-25 18:00:00 UTC        
 READ IN fields at DATE: 2001-04-26 00:00:00 UTC        
 READ IN fields at DATE: 2001-04-26 06:00:00 UTC        
 READ IN fields at DATE: 2001-04-26 12:00:00 UTC        
 READ IN fields at DATE: 2001-04-26 18:00:00 UTC        
 READ IN fields at DATE: 2001-04-27 00:00:00 UTC        
 READ IN fields at DATE: 2001-04-27 06:00:00 UTC        
 READ IN fields at DATE: 2001-04-27 12:00:00 UTC        
 READ IN fields at DATE: 2001-04-27 18:00:00 UTC        
 READ IN fields at DATE: 2001-04-28 00:00:00 UTC        
 READ IN fields at DATE: 2001-04-28 06:00:00 UTC        
 READ IN fields at DATE: 2001-04-28 12:00:00 UTC        
 READ IN fields at DATE: 2001-04-28 18:00:00 UTC        
 READ IN fields at DATE: 2001-04-29 00:00:00 UTC        
 READ IN fields at DATE: 2001-04-29 06:00:00 UTC        
 READ IN fields at DATE: 2001-04-29 12:00:00 UTC        
 READ IN fields at DATE: 2001-04-29 18:00:00 UTC        
 READ IN fields at DATE: 2001-04-30 00:00:00 UTC        
 READ IN fields at DATE: 2001-04-30 06:00:00 UTC        
 READ IN fields at DATE: 2001-04-30 12:00:00 UTC        
 READ IN fields at DATE: 2001-04-30 18:00:00 UTC        
      131072 /leonardo_work/ICT25_ESP/RCMDATA//ERA5/2001/tatm_2001_05.nc
  2.155944210449077E-003   250.602437652895     
      196608 /leonardo_work/ICT25_ESP/RCMDATA//ERA5/2001/geop_2001_05.nc
   7.49434141243725        239939.539938669     
      262144 /leonardo_work/ICT25_ESP/RCMDATA//ERA5/2001/qhum_2001_05.nc
  3.976685786177627E-007  1.300126218246706E-002
      327680 /leonardo_work/ICT25_ESP/RCMDATA//ERA5/2001/uwnd_2001_05.nc
  3.732895692148302E-003   51.7456692577203     
      393216 /leonardo_work/ICT25_ESP/RCMDATA//ERA5/2001/vwnd_2001_05.nc
  2.438071962551310E-003  0.102739093901537     
 READ IN fields at DATE: 2001-05-01 00:00:00 UTC        
 READ IN fields at DATE: 2001-05-01 06:00:00 UTC        
 READ IN fields at DATE: 2001-05-01 12:00:00 UTC        
 READ IN fields at DATE: 2001-05-01 18:00:00 UTC        
 READ IN fields at DATE: 2001-05-02 00:00:00 UTC        
 READ IN fields at DATE: 2001-05-02 06:00:00 UTC        
 READ IN fields at DATE: 2001-05-02 12:00:00 UTC        
 READ IN fields at DATE: 2001-05-02 18:00:00 UTC        
 READ IN fields at DATE: 2001-05-03 00:00:00 UTC        
 READ IN fields at DATE: 2001-05-03 06:00:00 UTC        
 READ IN fields at DATE: 2001-05-03 12:00:00 UTC        
 READ IN fields at DATE: 2001-05-03 18:00:00 UTC        
 READ IN fields at DATE: 2001-05-04 00:00:00 UTC        
 READ IN fields at DATE: 2001-05-04 06:00:00 UTC        
 READ IN fields at DATE: 2001-05-04 12:00:00 UTC        
 READ IN fields at DATE: 2001-05-04 18:00:00 UTC        
 READ IN fields at DATE: 2001-05-05 00:00:00 UTC        
 READ IN fields at DATE: 2001-05-05 06:00:00 UTC        
 READ IN fields at DATE: 2001-05-05 12:00:00 UTC        
 READ IN fields at DATE: 2001-05-05 18:00:00 UTC        
 READ IN fields at DATE: 2001-05-06 00:00:00 UTC        
 READ IN fields at DATE: 2001-05-06 06:00:00 UTC        
 READ IN fields at DATE: 2001-05-06 12:00:00 UTC        
 READ IN fields at DATE: 2001-05-06 18:00:00 UTC        
 READ IN fields at DATE: 2001-05-07 00:00:00 UTC        
 READ IN fields at DATE: 2001-05-07 06:00:00 UTC        
 READ IN fields at DATE: 2001-05-07 12:00:00 UTC        
 READ IN fields at DATE: 2001-05-07 18:00:00 UTC        
 READ IN fields at DATE: 2001-05-08 00:00:00 UTC        
 READ IN fields at DATE: 2001-05-08 06:00:00 UTC        
 READ IN fields at DATE: 2001-05-08 12:00:00 UTC        
 READ IN fields at DATE: 2001-05-08 18:00:00 UTC        
 READ IN fields at DATE: 2001-05-09 00:00:00 UTC        
 READ IN fields at DATE: 2001-05-09 06:00:00 UTC        
 READ IN fields at DATE: 2001-05-09 12:00:00 UTC        
 READ IN fields at DATE: 2001-05-09 18:00:00 UTC        
 READ IN fields at DATE: 2001-05-10 00:00:00 UTC        
 READ IN fields at DATE: 2001-05-10 06:00:00 UTC        
 READ IN fields at DATE: 2001-05-10 12:00:00 UTC        
 READ IN fields at DATE: 2001-05-10 18:00:00 UTC        
 READ IN fields at DATE: 2001-05-11 00:00:00 UTC        
 READ IN fields at DATE: 2001-05-11 06:00:00 UTC        
 READ IN fields at DATE: 2001-05-11 12:00:00 UTC        
 READ IN fields at DATE: 2001-05-11 18:00:00 UTC        
 READ IN fields at DATE: 2001-05-12 00:00:00 UTC        
 READ IN fields at DATE: 2001-05-12 06:00:00 UTC        
 READ IN fields at DATE: 2001-05-12 12:00:00 UTC        
 READ IN fields at DATE: 2001-05-12 18:00:00 UTC        
 READ IN fields at DATE: 2001-05-13 00:00:00 UTC        
 READ IN fields at DATE: 2001-05-13 06:00:00 UTC        
 READ IN fields at DATE: 2001-05-13 12:00:00 UTC        
 READ IN fields at DATE: 2001-05-13 18:00:00 UTC        
 READ IN fields at DATE: 2001-05-14 00:00:00 UTC        
 READ IN fields at DATE: 2001-05-14 06:00:00 UTC        
 READ IN fields at DATE: 2001-05-14 12:00:00 UTC        
 READ IN fields at DATE: 2001-05-14 18:00:00 UTC        
 READ IN fields at DATE: 2001-05-15 00:00:00 UTC        
 READ IN fields at DATE: 2001-05-15 06:00:00 UTC        
 READ IN fields at DATE: 2001-05-15 12:00:00 UTC        
 READ IN fields at DATE: 2001-05-15 18:00:00 UTC        
 READ IN fields at DATE: 2001-05-16 00:00:00 UTC        
 READ IN fields at DATE: 2001-05-16 06:00:00 UTC        
 READ IN fields at DATE: 2001-05-16 12:00:00 UTC        
 READ IN fields at DATE: 2001-05-16 18:00:00 UTC        
 READ IN fields at DATE: 2001-05-17 00:00:00 UTC        
 READ IN fields at DATE: 2001-05-17 06:00:00 UTC        
 READ IN fields at DATE: 2001-05-17 12:00:00 UTC        
 READ IN fields at DATE: 2001-05-17 18:00:00 UTC        
 READ IN fields at DATE: 2001-05-18 00:00:00 UTC        
 READ IN fields at DATE: 2001-05-18 06:00:00 UTC        
 READ IN fields at DATE: 2001-05-18 12:00:00 UTC        
 READ IN fields at DATE: 2001-05-18 18:00:00 UTC        
 READ IN fields at DATE: 2001-05-19 00:00:00 UTC        
 READ IN fields at DATE: 2001-05-19 06:00:00 UTC        
 READ IN fields at DATE: 2001-05-19 12:00:00 UTC        
 READ IN fields at DATE: 2001-05-19 18:00:00 UTC        
 READ IN fields at DATE: 2001-05-20 00:00:00 UTC        
 READ IN fields at DATE: 2001-05-20 06:00:00 UTC        
 READ IN fields at DATE: 2001-05-20 12:00:00 UTC        
 READ IN fields at DATE: 2001-05-20 18:00:00 UTC        
 READ IN fields at DATE: 2001-05-21 00:00:00 UTC        
 READ IN fields at DATE: 2001-05-21 06:00:00 UTC        
 READ IN fields at DATE: 2001-05-21 12:00:00 UTC        
 READ IN fields at DATE: 2001-05-21 18:00:00 UTC        
 READ IN fields at DATE: 2001-05-22 00:00:00 UTC        
 READ IN fields at DATE: 2001-05-22 06:00:00 UTC        
 READ IN fields at DATE: 2001-05-22 12:00:00 UTC        
 READ IN fields at DATE: 2001-05-22 18:00:00 UTC        
 READ IN fields at DATE: 2001-05-23 00:00:00 UTC        
 READ IN fields at DATE: 2001-05-23 06:00:00 UTC        
 READ IN fields at DATE: 2001-05-23 12:00:00 UTC        
 READ IN fields at DATE: 2001-05-23 18:00:00 UTC        
 READ IN fields at DATE: 2001-05-24 00:00:00 UTC        
 READ IN fields at DATE: 2001-05-24 06:00:00 UTC        
 READ IN fields at DATE: 2001-05-24 12:00:00 UTC        
 READ IN fields at DATE: 2001-05-24 18:00:00 UTC        
 READ IN fields at DATE: 2001-05-25 00:00:00 UTC        
 READ IN fields at DATE: 2001-05-25 06:00:00 UTC        
 READ IN fields at DATE: 2001-05-25 12:00:00 UTC        
 READ IN fields at DATE: 2001-05-25 18:00:00 UTC        
 READ IN fields at DATE: 2001-05-26 00:00:00 UTC        
 READ IN fields at DATE: 2001-05-26 06:00:00 UTC        
 READ IN fields at DATE: 2001-05-26 12:00:00 UTC        
 READ IN fields at DATE: 2001-05-26 18:00:00 UTC        
 READ IN fields at DATE: 2001-05-27 00:00:00 UTC        
 READ IN fields at DATE: 2001-05-27 06:00:00 UTC        
 READ IN fields at DATE: 2001-05-27 12:00:00 UTC        
 READ IN fields at DATE: 2001-05-27 18:00:00 UTC        
 READ IN fields at DATE: 2001-05-28 00:00:00 UTC        
 READ IN fields at DATE: 2001-05-28 06:00:00 UTC        
 READ IN fields at DATE: 2001-05-28 12:00:00 UTC        
 READ IN fields at DATE: 2001-05-28 18:00:00 UTC        
 READ IN fields at DATE: 2001-05-29 00:00:00 UTC        
 READ IN fields at DATE: 2001-05-29 06:00:00 UTC        
 READ IN fields at DATE: 2001-05-29 12:00:00 UTC        
 READ IN fields at DATE: 2001-05-29 18:00:00 UTC        
 READ IN fields at DATE: 2001-05-30 00:00:00 UTC        
 READ IN fields at DATE: 2001-05-30 06:00:00 UTC        
 READ IN fields at DATE: 2001-05-30 12:00:00 UTC        
 READ IN fields at DATE: 2001-05-30 18:00:00 UTC        
 READ IN fields at DATE: 2001-05-31 00:00:00 UTC        
 READ IN fields at DATE: 2001-05-31 06:00:00 UTC        
 READ IN fields at DATE: 2001-05-31 12:00:00 UTC        
 READ IN fields at DATE: 2001-05-31 18:00:00 UTC        
      131072 /leonardo_work/ICT25_ESP/RCMDATA//ERA5/2001/tatm_2001_06.nc
  2.266929414229997E-003   250.291224933730     
      196608 /leonardo_work/ICT25_ESP/RCMDATA//ERA5/2001/geop_2001_06.nc
   7.60519008552943        243527.736467457     
      262144 /leonardo_work/ICT25_ESP/RCMDATA//ERA5/2001/qhum_2001_06.nc
  4.372765778227429E-007  1.424801384033259E-002
      327680 /leonardo_work/ICT25_ESP/RCMDATA//ERA5/2001/uwnd_2001_06.nc
  4.054036470130626E-003   65.0915169881126     
      393216 /leonardo_work/ICT25_ESP/RCMDATA//ERA5/2001/vwnd_2001_06.nc
  2.375807171383955E-003   1.85537184983228     
 READ IN fields at DATE: 2001-06-01 00:00:00 UTC        
 READ IN fields at DATE: 2001-06-01 06:00:00 UTC        
 READ IN fields at DATE: 2001-06-01 12:00:00 UTC        
 READ IN fields at DATE: 2001-06-01 18:00:00 UTC        
 READ IN fields at DATE: 2001-06-02 00:00:00 UTC        
 READ IN fields at DATE: 2001-06-02 06:00:00 UTC        
 READ IN fields at DATE: 2001-06-02 12:00:00 UTC        
 READ IN fields at DATE: 2001-06-02 18:00:00 UTC        
 READ IN fields at DATE: 2001-06-03 00:00:00 UTC        
 READ IN fields at DATE: 2001-06-03 06:00:00 UTC        
 READ IN fields at DATE: 2001-06-03 12:00:00 UTC        
 READ IN fields at DATE: 2001-06-03 18:00:00 UTC        
 READ IN fields at DATE: 2001-06-04 00:00:00 UTC        
 READ IN fields at DATE: 2001-06-04 06:00:00 UTC        
 READ IN fields at DATE: 2001-06-04 12:00:00 UTC        
 READ IN fields at DATE: 2001-06-04 18:00:00 UTC        
 READ IN fields at DATE: 2001-06-05 00:00:00 UTC        
 READ IN fields at DATE: 2001-06-05 06:00:00 UTC        
 READ IN fields at DATE: 2001-06-05 12:00:00 UTC        
 READ IN fields at DATE: 2001-06-05 18:00:00 UTC        
 READ IN fields at DATE: 2001-06-06 00:00:00 UTC        
 READ IN fields at DATE: 2001-06-06 06:00:00 UTC        
 READ IN fields at DATE: 2001-06-06 12:00:00 UTC        
 READ IN fields at DATE: 2001-06-06 18:00:00 UTC        
 READ IN fields at DATE: 2001-06-07 00:00:00 UTC        
 READ IN fields at DATE: 2001-06-07 06:00:00 UTC        
 READ IN fields at DATE: 2001-06-07 12:00:00 UTC        
 READ IN fields at DATE: 2001-06-07 18:00:00 UTC        
 READ IN fields at DATE: 2001-06-08 00:00:00 UTC        
 READ IN fields at DATE: 2001-06-08 06:00:00 UTC        
 READ IN fields at DATE: 2001-06-08 12:00:00 UTC        
 READ IN fields at DATE: 2001-06-08 18:00:00 UTC        
 READ IN fields at DATE: 2001-06-09 00:00:00 UTC        
 READ IN fields at DATE: 2001-06-09 06:00:00 UTC        
 READ IN fields at DATE: 2001-06-09 12:00:00 UTC        
 READ IN fields at DATE: 2001-06-09 18:00:00 UTC        
 READ IN fields at DATE: 2001-06-10 00:00:00 UTC        
 READ IN fields at DATE: 2001-06-10 06:00:00 UTC        
 READ IN fields at DATE: 2001-06-10 12:00:00 UTC        
 READ IN fields at DATE: 2001-06-10 18:00:00 UTC        
 READ IN fields at DATE: 2001-06-11 00:00:00 UTC        
 READ IN fields at DATE: 2001-06-11 06:00:00 UTC        
 READ IN fields at DATE: 2001-06-11 12:00:00 UTC        
 READ IN fields at DATE: 2001-06-11 18:00:00 UTC        
 READ IN fields at DATE: 2001-06-12 00:00:00 UTC        
 READ IN fields at DATE: 2001-06-12 06:00:00 UTC        
 READ IN fields at DATE: 2001-06-12 12:00:00 UTC        
 READ IN fields at DATE: 2001-06-12 18:00:00 UTC        
 READ IN fields at DATE: 2001-06-13 00:00:00 UTC        
 READ IN fields at DATE: 2001-06-13 06:00:00 UTC        
 READ IN fields at DATE: 2001-06-13 12:00:00 UTC        
 READ IN fields at DATE: 2001-06-13 18:00:00 UTC        
 READ IN fields at DATE: 2001-06-14 00:00:00 UTC        
 READ IN fields at DATE: 2001-06-14 06:00:00 UTC        
 READ IN fields at DATE: 2001-06-14 12:00:00 UTC        
 READ IN fields at DATE: 2001-06-14 18:00:00 UTC        
 READ IN fields at DATE: 2001-06-15 00:00:00 UTC        
 READ IN fields at DATE: 2001-06-15 06:00:00 UTC        
 READ IN fields at DATE: 2001-06-15 12:00:00 UTC        
 READ IN fields at DATE: 2001-06-15 18:00:00 UTC        
 READ IN fields at DATE: 2001-06-16 00:00:00 UTC        
 READ IN fields at DATE: 2001-06-16 06:00:00 UTC        
 READ IN fields at DATE: 2001-06-16 12:00:00 UTC        
 READ IN fields at DATE: 2001-06-16 18:00:00 UTC        
 READ IN fields at DATE: 2001-06-17 00:00:00 UTC        
 READ IN fields at DATE: 2001-06-17 06:00:00 UTC        
 READ IN fields at DATE: 2001-06-17 12:00:00 UTC        
 READ IN fields at DATE: 2001-06-17 18:00:00 UTC        
 READ IN fields at DATE: 2001-06-18 00:00:00 UTC        
 READ IN fields at DATE: 2001-06-18 06:00:00 UTC        
 READ IN fields at DATE: 2001-06-18 12:00:00 UTC        
 READ IN fields at DATE: 2001-06-18 18:00:00 UTC        
 READ IN fields at DATE: 2001-06-19 00:00:00 UTC        
 READ IN fields at DATE: 2001-06-19 06:00:00 UTC        
 READ IN fields at DATE: 2001-06-19 12:00:00 UTC        
 READ IN fields at DATE: 2001-06-19 18:00:00 UTC        
 READ IN fields at DATE: 2001-06-20 00:00:00 UTC        
 READ IN fields at DATE: 2001-06-20 06:00:00 UTC        
 READ IN fields at DATE: 2001-06-20 12:00:00 UTC        
 READ IN fields at DATE: 2001-06-20 18:00:00 UTC        
 READ IN fields at DATE: 2001-06-21 00:00:00 UTC        
 READ IN fields at DATE: 2001-06-21 06:00:00 UTC        
 READ IN fields at DATE: 2001-06-21 12:00:00 UTC        
 READ IN fields at DATE: 2001-06-21 18:00:00 UTC        
 READ IN fields at DATE: 2001-06-22 00:00:00 UTC        
 READ IN fields at DATE: 2001-06-22 06:00:00 UTC        
 READ IN fields at DATE: 2001-06-22 12:00:00 UTC        
 READ IN fields at DATE: 2001-06-22 18:00:00 UTC        
 READ IN fields at DATE: 2001-06-23 00:00:00 UTC        
 READ IN fields at DATE: 2001-06-23 06:00:00 UTC        
 READ IN fields at DATE: 2001-06-23 12:00:00 UTC        
 READ IN fields at DATE: 2001-06-23 18:00:00 UTC        
 READ IN fields at DATE: 2001-06-24 00:00:00 UTC        
 READ IN fields at DATE: 2001-06-24 06:00:00 UTC        
 READ IN fields at DATE: 2001-06-24 12:00:00 UTC        
 READ IN fields at DATE: 2001-06-24 18:00:00 UTC        
 READ IN fields at DATE: 2001-06-25 00:00:00 UTC        
 READ IN fields at DATE: 2001-06-25 06:00:00 UTC        
 READ IN fields at DATE: 2001-06-25 12:00:00 UTC        
 READ IN fields at DATE: 2001-06-25 18:00:00 UTC        
 READ IN fields at DATE: 2001-06-26 00:00:00 UTC        
 READ IN fields at DATE: 2001-06-26 06:00:00 UTC        
 READ IN fields at DATE: 2001-06-26 12:00:00 UTC        
 READ IN fields at DATE: 2001-06-26 18:00:00 UTC        
 READ IN fields at DATE: 2001-06-27 00:00:00 UTC        
 READ IN fields at DATE: 2001-06-27 06:00:00 UTC        
 READ IN fields at DATE: 2001-06-27 12:00:00 UTC        
 READ IN fields at DATE: 2001-06-27 18:00:00 UTC        
 READ IN fields at DATE: 2001-06-28 00:00:00 UTC        
 READ IN fields at DATE: 2001-06-28 06:00:00 UTC        
 READ IN fields at DATE: 2001-06-28 12:00:00 UTC        
 READ IN fields at DATE: 2001-06-28 18:00:00 UTC        
 READ IN fields at DATE: 2001-06-29 00:00:00 UTC        
 READ IN fields at DATE: 2001-06-29 06:00:00 UTC        
 READ IN fields at DATE: 2001-06-29 12:00:00 UTC        
 READ IN fields at DATE: 2001-06-29 18:00:00 UTC        
 READ IN fields at DATE: 2001-06-30 00:00:00 UTC        
 READ IN fields at DATE: 2001-06-30 06:00:00 UTC        
 READ IN fields at DATE: 2001-06-30 12:00:00 UTC        
 READ IN fields at DATE: 2001-06-30 18:00:00 UTC        
      131072 /leonardo_work/ICT25_ESP/RCMDATA//ERA5/2001/tatm_2001_07.nc
  2.293100078082679E-003   249.617604975840     
      196608 /leonardo_work/ICT25_ESP/RCMDATA//ERA5/2001/geop_2001_07.nc
   7.61679200507759        243495.451369622     
      262144 /leonardo_work/ICT25_ESP/RCMDATA//ERA5/2001/qhum_2001_07.nc
  4.578281598715526E-007  1.485309090167661E-002
      327680 /leonardo_work/ICT25_ESP/RCMDATA//ERA5/2001/uwnd_2001_07.nc
  4.150029953822764E-003   65.2138597384411     
      393216 /leonardo_work/ICT25_ESP/RCMDATA//ERA5/2001/vwnd_2001_07.nc
  2.533305452232797E-003  0.199111765242634     
 READ IN fields at DATE: 2001-07-01 00:00:00 UTC        
 READ IN fields at DATE: 2001-07-01 06:00:00 UTC        
 READ IN fields at DATE: 2001-07-01 12:00:00 UTC        
 READ IN fields at DATE: 2001-07-01 18:00:00 UTC        
 READ IN fields at DATE: 2001-07-02 00:00:00 UTC        
 READ IN fields at DATE: 2001-07-02 06:00:00 UTC        
 READ IN fields at DATE: 2001-07-02 12:00:00 UTC        
 READ IN fields at DATE: 2001-07-02 18:00:00 UTC        
 READ IN fields at DATE: 2001-07-03 00:00:00 UTC        
 READ IN fields at DATE: 2001-07-03 06:00:00 UTC        
 READ IN fields at DATE: 2001-07-03 12:00:00 UTC        
 READ IN fields at DATE: 2001-07-03 18:00:00 UTC        
 READ IN fields at DATE: 2001-07-04 00:00:00 UTC        
 READ IN fields at DATE: 2001-07-04 06:00:00 UTC        
 READ IN fields at DATE: 2001-07-04 12:00:00 UTC        
 READ IN fields at DATE: 2001-07-04 18:00:00 UTC        
 READ IN fields at DATE: 2001-07-05 00:00:00 UTC        
 READ IN fields at DATE: 2001-07-05 06:00:00 UTC        
 READ IN fields at DATE: 2001-07-05 12:00:00 UTC        
 READ IN fields at DATE: 2001-07-05 18:00:00 UTC        
 READ IN fields at DATE: 2001-07-06 00:00:00 UTC        
 READ IN fields at DATE: 2001-07-06 06:00:00 UTC        
 READ IN fields at DATE: 2001-07-06 12:00:00 UTC        
 READ IN fields at DATE: 2001-07-06 18:00:00 UTC        
 READ IN fields at DATE: 2001-07-07 00:00:00 UTC        
 READ IN fields at DATE: 2001-07-07 06:00:00 UTC        
 READ IN fields at DATE: 2001-07-07 12:00:00 UTC        
 READ IN fields at DATE: 2001-07-07 18:00:00 UTC        
 READ IN fields at DATE: 2001-07-08 00:00:00 UTC        
 READ IN fields at DATE: 2001-07-08 06:00:00 UTC        
 READ IN fields at DATE: 2001-07-08 12:00:00 UTC        
 READ IN fields at DATE: 2001-07-08 18:00:00 UTC        
 READ IN fields at DATE: 2001-07-09 00:00:00 UTC        
 READ IN fields at DATE: 2001-07-09 06:00:00 UTC        
 READ IN fields at DATE: 2001-07-09 12:00:00 UTC        
 READ IN fields at DATE: 2001-07-09 18:00:00 UTC        
 READ IN fields at DATE: 2001-07-10 00:00:00 UTC        
 READ IN fields at DATE: 2001-07-10 06:00:00 UTC        
 READ IN fields at DATE: 2001-07-10 12:00:00 UTC        
 READ IN fields at DATE: 2001-07-10 18:00:00 UTC        
 READ IN fields at DATE: 2001-07-11 00:00:00 UTC        
 READ IN fields at DATE: 2001-07-11 06:00:00 UTC        
 READ IN fields at DATE: 2001-07-11 12:00:00 UTC        
 READ IN fields at DATE: 2001-07-11 18:00:00 UTC        
 READ IN fields at DATE: 2001-07-12 00:00:00 UTC        
 READ IN fields at DATE: 2001-07-12 06:00:00 UTC        
 READ IN fields at DATE: 2001-07-12 12:00:00 UTC        
 READ IN fields at DATE: 2001-07-12 18:00:00 UTC        
 READ IN fields at DATE: 2001-07-13 00:00:00 UTC        
 READ IN fields at DATE: 2001-07-13 06:00:00 UTC        
 READ IN fields at DATE: 2001-07-13 12:00:00 UTC        
 READ IN fields at DATE: 2001-07-13 18:00:00 UTC        
 READ IN fields at DATE: 2001-07-14 00:00:00 UTC        
 READ IN fields at DATE: 2001-07-14 06:00:00 UTC        
 READ IN fields at DATE: 2001-07-14 12:00:00 UTC        
 READ IN fields at DATE: 2001-07-14 18:00:00 UTC        
 READ IN fields at DATE: 2001-07-15 00:00:00 UTC        
 READ IN fields at DATE: 2001-07-15 06:00:00 UTC        
 READ IN fields at DATE: 2001-07-15 12:00:00 UTC        
 READ IN fields at DATE: 2001-07-15 18:00:00 UTC        
 READ IN fields at DATE: 2001-07-16 00:00:00 UTC        
 READ IN fields at DATE: 2001-07-16 06:00:00 UTC        
 READ IN fields at DATE: 2001-07-16 12:00:00 UTC        
 READ IN fields at DATE: 2001-07-16 18:00:00 UTC        
 READ IN fields at DATE: 2001-07-17 00:00:00 UTC        
 READ IN fields at DATE: 2001-07-17 06:00:00 UTC        
 READ IN fields at DATE: 2001-07-17 12:00:00 UTC        
 READ IN fields at DATE: 2001-07-17 18:00:00 UTC        
 READ IN fields at DATE: 2001-07-18 00:00:00 UTC        
 READ IN fields at DATE: 2001-07-18 06:00:00 UTC        
 READ IN fields at DATE: 2001-07-18 12:00:00 UTC        
 READ IN fields at DATE: 2001-07-18 18:00:00 UTC        
 READ IN fields at DATE: 2001-07-19 00:00:00 UTC        
 READ IN fields at DATE: 2001-07-19 06:00:00 UTC        
 READ IN fields at DATE: 2001-07-19 12:00:00 UTC        
 READ IN fields at DATE: 2001-07-19 18:00:00 UTC        
 READ IN fields at DATE: 2001-07-20 00:00:00 UTC        
 READ IN fields at DATE: 2001-07-20 06:00:00 UTC        
 READ IN fields at DATE: 2001-07-20 12:00:00 UTC        
 READ IN fields at DATE: 2001-07-20 18:00:00 UTC        
 READ IN fields at DATE: 2001-07-21 00:00:00 UTC        
 READ IN fields at DATE: 2001-07-21 06:00:00 UTC        
 READ IN fields at DATE: 2001-07-21 12:00:00 UTC        
 READ IN fields at DATE: 2001-07-21 18:00:00 UTC        
 READ IN fields at DATE: 2001-07-22 00:00:00 UTC        
 READ IN fields at DATE: 2001-07-22 06:00:00 UTC        
 READ IN fields at DATE: 2001-07-22 12:00:00 UTC        
 READ IN fields at DATE: 2001-07-22 18:00:00 UTC        
 READ IN fields at DATE: 2001-07-23 00:00:00 UTC        
 READ IN fields at DATE: 2001-07-23 06:00:00 UTC        
 READ IN fields at DATE: 2001-07-23 12:00:00 UTC        
 READ IN fields at DATE: 2001-07-23 18:00:00 UTC        
 READ IN fields at DATE: 2001-07-24 00:00:00 UTC        
 READ IN fields at DATE: 2001-07-24 06:00:00 UTC        
 READ IN fields at DATE: 2001-07-24 12:00:00 UTC        
 READ IN fields at DATE: 2001-07-24 18:00:00 UTC        
 READ IN fields at DATE: 2001-07-25 00:00:00 UTC        
 READ IN fields at DATE: 2001-07-25 06:00:00 UTC        
 READ IN fields at DATE: 2001-07-25 12:00:00 UTC        
 READ IN fields at DATE: 2001-07-25 18:00:00 UTC        
 READ IN fields at DATE: 2001-07-26 00:00:00 UTC        
 READ IN fields at DATE: 2001-07-26 06:00:00 UTC        
 READ IN fields at DATE: 2001-07-26 12:00:00 UTC        
 READ IN fields at DATE: 2001-07-26 18:00:00 UTC        
 READ IN fields at DATE: 2001-07-27 00:00:00 UTC        
 READ IN fields at DATE: 2001-07-27 06:00:00 UTC        
 READ IN fields at DATE: 2001-07-27 12:00:00 UTC        
 READ IN fields at DATE: 2001-07-27 18:00:00 UTC        
 READ IN fields at DATE: 2001-07-28 00:00:00 UTC        
 READ IN fields at DATE: 2001-07-28 06:00:00 UTC        
 READ IN fields at DATE: 2001-07-28 12:00:00 UTC        
 READ IN fields at DATE: 2001-07-28 18:00:00 UTC        
 READ IN fields at DATE: 2001-07-29 00:00:00 UTC        
 READ IN fields at DATE: 2001-07-29 06:00:00 UTC        
 READ IN fields at DATE: 2001-07-29 12:00:00 UTC        
 READ IN fields at DATE: 2001-07-29 18:00:00 UTC        
 READ IN fields at DATE: 2001-07-30 00:00:00 UTC        
 READ IN fields at DATE: 2001-07-30 06:00:00 UTC        
 READ IN fields at DATE: 2001-07-30 12:00:00 UTC        
 READ IN fields at DATE: 2001-07-30 18:00:00 UTC        
 READ IN fields at DATE: 2001-07-31 00:00:00 UTC        
 READ IN fields at DATE: 2001-07-31 06:00:00 UTC        
 READ IN fields at DATE: 2001-07-31 12:00:00 UTC        
 READ IN fields at DATE: 2001-07-31 18:00:00 UTC        
      131072 /leonardo_work/ICT25_ESP/RCMDATA//ERA5/2001/tatm_2001_08.nc
  2.439989643516911E-003   253.890686743459     
      196608 /leonardo_work/ICT25_ESP/RCMDATA//ERA5/2001/geop_2001_08.nc
   7.55253543539133        241245.633888532     
      262144 /leonardo_work/ICT25_ESP/RCMDATA//ERA5/2001/qhum_2001_08.nc
  4.560501107197905E-007  1.489231897430746E-002
      327680 /leonardo_work/ICT25_ESP/RCMDATA//ERA5/2001/uwnd_2001_08.nc
  4.253879270212622E-003   70.7391908093883     
      393216 /leonardo_work/ICT25_ESP/RCMDATA//ERA5/2001/vwnd_2001_08.nc
  2.972311661637195E-003   1.74176183000903     
 READ IN fields at DATE: 2001-08-01 00:00:00 UTC        
 READ IN fields at DATE: 2001-08-01 06:00:00 UTC        
 READ IN fields at DATE: 2001-08-01 12:00:00 UTC        
 READ IN fields at DATE: 2001-08-01 18:00:00 UTC        
 READ IN fields at DATE: 2001-08-02 00:00:00 UTC        
 READ IN fields at DATE: 2001-08-02 06:00:00 UTC        
 READ IN fields at DATE: 2001-08-02 12:00:00 UTC        
 READ IN fields at DATE: 2001-08-02 18:00:00 UTC        
 READ IN fields at DATE: 2001-08-03 00:00:00 UTC        
 READ IN fields at DATE: 2001-08-03 06:00:00 UTC        
 READ IN fields at DATE: 2001-08-03 12:00:00 UTC        
 READ IN fields at DATE: 2001-08-03 18:00:00 UTC        
 READ IN fields at DATE: 2001-08-04 00:00:00 UTC        
 READ IN fields at DATE: 2001-08-04 06:00:00 UTC        
 READ IN fields at DATE: 2001-08-04 12:00:00 UTC        
 READ IN fields at DATE: 2001-08-04 18:00:00 UTC        
 READ IN fields at DATE: 2001-08-05 00:00:00 UTC        
 READ IN fields at DATE: 2001-08-05 06:00:00 UTC        
 READ IN fields at DATE: 2001-08-05 12:00:00 UTC        
 READ IN fields at DATE: 2001-08-05 18:00:00 UTC        
 READ IN fields at DATE: 2001-08-06 00:00:00 UTC        
 READ IN fields at DATE: 2001-08-06 06:00:00 UTC        
 READ IN fields at DATE: 2001-08-06 12:00:00 UTC        
 READ IN fields at DATE: 2001-08-06 18:00:00 UTC        
 READ IN fields at DATE: 2001-08-07 00:00:00 UTC        
 READ IN fields at DATE: 2001-08-07 06:00:00 UTC        
 READ IN fields at DATE: 2001-08-07 12:00:00 UTC        
 READ IN fields at DATE: 2001-08-07 18:00:00 UTC        
 READ IN fields at DATE: 2001-08-08 00:00:00 UTC        
 READ IN fields at DATE: 2001-08-08 06:00:00 UTC        
 READ IN fields at DATE: 2001-08-08 12:00:00 UTC        
 READ IN fields at DATE: 2001-08-08 18:00:00 UTC        
 READ IN fields at DATE: 2001-08-09 00:00:00 UTC        
 READ IN fields at DATE: 2001-08-09 06:00:00 UTC        
 READ IN fields at DATE: 2001-08-09 12:00:00 UTC        
 READ IN fields at DATE: 2001-08-09 18:00:00 UTC        
 READ IN fields at DATE: 2001-08-10 00:00:00 UTC        
 READ IN fields at DATE: 2001-08-10 06:00:00 UTC        
 READ IN fields at DATE: 2001-08-10 12:00:00 UTC        
 READ IN fields at DATE: 2001-08-10 18:00:00 UTC        
 READ IN fields at DATE: 2001-08-11 00:00:00 UTC        
 READ IN fields at DATE: 2001-08-11 06:00:00 UTC        
 READ IN fields at DATE: 2001-08-11 12:00:00 UTC        
 READ IN fields at DATE: 2001-08-11 18:00:00 UTC        
 READ IN fields at DATE: 2001-08-12 00:00:00 UTC        
 READ IN fields at DATE: 2001-08-12 06:00:00 UTC        
 READ IN fields at DATE: 2001-08-12 12:00:00 UTC        
 READ IN fields at DATE: 2001-08-12 18:00:00 UTC        
 READ IN fields at DATE: 2001-08-13 00:00:00 UTC        
 READ IN fields at DATE: 2001-08-13 06:00:00 UTC        
 READ IN fields at DATE: 2001-08-13 12:00:00 UTC        
 READ IN fields at DATE: 2001-08-13 18:00:00 UTC        
 READ IN fields at DATE: 2001-08-14 00:00:00 UTC        
 READ IN fields at DATE: 2001-08-14 06:00:00 UTC        
 READ IN fields at DATE: 2001-08-14 12:00:00 UTC        
 READ IN fields at DATE: 2001-08-14 18:00:00 UTC        
 READ IN fields at DATE: 2001-08-15 00:00:00 UTC        
 READ IN fields at DATE: 2001-08-15 06:00:00 UTC        
 READ IN fields at DATE: 2001-08-15 12:00:00 UTC        
 READ IN fields at DATE: 2001-08-15 18:00:00 UTC        
 READ IN fields at DATE: 2001-08-16 00:00:00 UTC        
 READ IN fields at DATE: 2001-08-16 06:00:00 UTC        
 READ IN fields at DATE: 2001-08-16 12:00:00 UTC        
 READ IN fields at DATE: 2001-08-16 18:00:00 UTC        
 READ IN fields at DATE: 2001-08-17 00:00:00 UTC        
 READ IN fields at DATE: 2001-08-17 06:00:00 UTC        
 READ IN fields at DATE: 2001-08-17 12:00:00 UTC        
 READ IN fields at DATE: 2001-08-17 18:00:00 UTC        
 READ IN fields at DATE: 2001-08-18 00:00:00 UTC        
 READ IN fields at DATE: 2001-08-18 06:00:00 UTC        
 READ IN fields at DATE: 2001-08-18 12:00:00 UTC        
 READ IN fields at DATE: 2001-08-18 18:00:00 UTC        
 READ IN fields at DATE: 2001-08-19 00:00:00 UTC        
 READ IN fields at DATE: 2001-08-19 06:00:00 UTC        
 READ IN fields at DATE: 2001-08-19 12:00:00 UTC        
 READ IN fields at DATE: 2001-08-19 18:00:00 UTC        
 READ IN fields at DATE: 2001-08-20 00:00:00 UTC        
 READ IN fields at DATE: 2001-08-20 06:00:00 UTC        
 READ IN fields at DATE: 2001-08-20 12:00:00 UTC        
 READ IN fields at DATE: 2001-08-20 18:00:00 UTC        
 READ IN fields at DATE: 2001-08-21 00:00:00 UTC        
 READ IN fields at DATE: 2001-08-21 06:00:00 UTC        
 READ IN fields at DATE: 2001-08-21 12:00:00 UTC        
 READ IN fields at DATE: 2001-08-21 18:00:00 UTC        
 READ IN fields at DATE: 2001-08-22 00:00:00 UTC        
 READ IN fields at DATE: 2001-08-22 06:00:00 UTC        
 READ IN fields at DATE: 2001-08-22 12:00:00 UTC        
 READ IN fields at DATE: 2001-08-22 18:00:00 UTC        
 READ IN fields at DATE: 2001-08-23 00:00:00 UTC        
 READ IN fields at DATE: 2001-08-23 06:00:00 UTC        
 READ IN fields at DATE: 2001-08-23 12:00:00 UTC        
 READ IN fields at DATE: 2001-08-23 18:00:00 UTC        
 READ IN fields at DATE: 2001-08-24 00:00:00 UTC        
 READ IN fields at DATE: 2001-08-24 06:00:00 UTC        
 READ IN fields at DATE: 2001-08-24 12:00:00 UTC        
 READ IN fields at DATE: 2001-08-24 18:00:00 UTC        
 READ IN fields at DATE: 2001-08-25 00:00:00 UTC        
 READ IN fields at DATE: 2001-08-25 06:00:00 UTC        
 READ IN fields at DATE: 2001-08-25 12:00:00 UTC        
 READ IN fields at DATE: 2001-08-25 18:00:00 UTC        
 READ IN fields at DATE: 2001-08-26 00:00:00 UTC        
 READ IN fields at DATE: 2001-08-26 06:00:00 UTC        
 READ IN fields at DATE: 2001-08-26 12:00:00 UTC        
 READ IN fields at DATE: 2001-08-26 18:00:00 UTC        
 READ IN fields at DATE: 2001-08-27 00:00:00 UTC        
 READ IN fields at DATE: 2001-08-27 06:00:00 UTC        
 READ IN fields at DATE: 2001-08-27 12:00:00 UTC        
 READ IN fields at DATE: 2001-08-27 18:00:00 UTC        
 READ IN fields at DATE: 2001-08-28 00:00:00 UTC        
 READ IN fields at DATE: 2001-08-28 06:00:00 UTC        
 READ IN fields at DATE: 2001-08-28 12:00:00 UTC        
 READ IN fields at DATE: 2001-08-28 18:00:00 UTC        
 READ IN fields at DATE: 2001-08-29 00:00:00 UTC        
 READ IN fields at DATE: 2001-08-29 06:00:00 UTC        
 READ IN fields at DATE: 2001-08-29 12:00:00 UTC        
 READ IN fields at DATE: 2001-08-29 18:00:00 UTC        
 READ IN fields at DATE: 2001-08-30 00:00:00 UTC        
 READ IN fields at DATE: 2001-08-30 06:00:00 UTC        
 READ IN fields at DATE: 2001-08-30 12:00:00 UTC        
 READ IN fields at DATE: 2001-08-30 18:00:00 UTC        
 READ IN fields at DATE: 2001-08-31 00:00:00 UTC        
 READ IN fields at DATE: 2001-08-31 06:00:00 UTC        
 READ IN fields at DATE: 2001-08-31 12:00:00 UTC        
 READ IN fields at DATE: 2001-08-31 18:00:00 UTC        
      131072 /leonardo_work/ICT25_ESP/RCMDATA//ERA5/2001/tatm_2001_09.nc
  2.248164966520326E-003   247.934323610388     
      196608 /leonardo_work/ICT25_ESP/RCMDATA//ERA5/2001/geop_2001_09.nc
   7.38019609395266        235563.177089453     
      262144 /leonardo_work/ICT25_ESP/RCMDATA//ERA5/2001/qhum_2001_09.nc
  4.381126264799316E-007  1.432579725136425E-002
      327680 /leonardo_work/ICT25_ESP/RCMDATA//ERA5/2001/uwnd_2001_09.nc
  3.621198925347606E-003   36.3112768639162     
      393216 /leonardo_work/ICT25_ESP/RCMDATA//ERA5/2001/vwnd_2001_09.nc
  3.172164241053887E-003   9.75970542178572     
 READ IN fields at DATE: 2001-09-01 00:00:00 UTC        
 READ IN fields at DATE: 2001-09-01 06:00:00 UTC        
 READ IN fields at DATE: 2001-09-01 12:00:00 UTC        
 READ IN fields at DATE: 2001-09-01 18:00:00 UTC        
 READ IN fields at DATE: 2001-09-02 00:00:00 UTC        
 READ IN fields at DATE: 2001-09-02 06:00:00 UTC        
 READ IN fields at DATE: 2001-09-02 12:00:00 UTC        
 READ IN fields at DATE: 2001-09-02 18:00:00 UTC        
 READ IN fields at DATE: 2001-09-03 00:00:00 UTC        
 READ IN fields at DATE: 2001-09-03 06:00:00 UTC        
 READ IN fields at DATE: 2001-09-03 12:00:00 UTC        
 READ IN fields at DATE: 2001-09-03 18:00:00 UTC        
 READ IN fields at DATE: 2001-09-04 00:00:00 UTC        
 READ IN fields at DATE: 2001-09-04 06:00:00 UTC        
 READ IN fields at DATE: 2001-09-04 12:00:00 UTC        
 READ IN fields at DATE: 2001-09-04 18:00:00 UTC        
 READ IN fields at DATE: 2001-09-05 00:00:00 UTC        
 READ IN fields at DATE: 2001-09-05 06:00:00 UTC        
 READ IN fields at DATE: 2001-09-05 12:00:00 UTC        
 READ IN fields at DATE: 2001-09-05 18:00:00 UTC        
 READ IN fields at DATE: 2001-09-06 00:00:00 UTC        
 READ IN fields at DATE: 2001-09-06 06:00:00 UTC        
 READ IN fields at DATE: 2001-09-06 12:00:00 UTC        
 READ IN fields at DATE: 2001-09-06 18:00:00 UTC        
 READ IN fields at DATE: 2001-09-07 00:00:00 UTC        
 READ IN fields at DATE: 2001-09-07 06:00:00 UTC        
 READ IN fields at DATE: 2001-09-07 12:00:00 UTC        
 READ IN fields at DATE: 2001-09-07 18:00:00 UTC        
 READ IN fields at DATE: 2001-09-08 00:00:00 UTC        
 READ IN fields at DATE: 2001-09-08 06:00:00 UTC        
 READ IN fields at DATE: 2001-09-08 12:00:00 UTC        
 READ IN fields at DATE: 2001-09-08 18:00:00 UTC        
 READ IN fields at DATE: 2001-09-09 00:00:00 UTC        
 READ IN fields at DATE: 2001-09-09 06:00:00 UTC        
 READ IN fields at DATE: 2001-09-09 12:00:00 UTC        
 READ IN fields at DATE: 2001-09-09 18:00:00 UTC        
 READ IN fields at DATE: 2001-09-10 00:00:00 UTC        
 READ IN fields at DATE: 2001-09-10 06:00:00 UTC        
 READ IN fields at DATE: 2001-09-10 12:00:00 UTC        
 READ IN fields at DATE: 2001-09-10 18:00:00 UTC        
 READ IN fields at DATE: 2001-09-11 00:00:00 UTC        
 READ IN fields at DATE: 2001-09-11 06:00:00 UTC        
 READ IN fields at DATE: 2001-09-11 12:00:00 UTC        
 READ IN fields at DATE: 2001-09-11 18:00:00 UTC        
 READ IN fields at DATE: 2001-09-12 00:00:00 UTC        
 READ IN fields at DATE: 2001-09-12 06:00:00 UTC        
 READ IN fields at DATE: 2001-09-12 12:00:00 UTC        
 READ IN fields at DATE: 2001-09-12 18:00:00 UTC        
 READ IN fields at DATE: 2001-09-13 00:00:00 UTC        
 READ IN fields at DATE: 2001-09-13 06:00:00 UTC        
 READ IN fields at DATE: 2001-09-13 12:00:00 UTC        
 READ IN fields at DATE: 2001-09-13 18:00:00 UTC        
 READ IN fields at DATE: 2001-09-14 00:00:00 UTC        
 READ IN fields at DATE: 2001-09-14 06:00:00 UTC        
 READ IN fields at DATE: 2001-09-14 12:00:00 UTC        
 READ IN fields at DATE: 2001-09-14 18:00:00 UTC        
 READ IN fields at DATE: 2001-09-15 00:00:00 UTC        
 READ IN fields at DATE: 2001-09-15 06:00:00 UTC        
 READ IN fields at DATE: 2001-09-15 12:00:00 UTC        
 READ IN fields at DATE: 2001-09-15 18:00:00 UTC        
 READ IN fields at DATE: 2001-09-16 00:00:00 UTC        
 READ IN fields at DATE: 2001-09-16 06:00:00 UTC        
 READ IN fields at DATE: 2001-09-16 12:00:00 UTC        
 READ IN fields at DATE: 2001-09-16 18:00:00 UTC        
 READ IN fields at DATE: 2001-09-17 00:00:00 UTC        
 READ IN fields at DATE: 2001-09-17 06:00:00 UTC        
 READ IN fields at DATE: 2001-09-17 12:00:00 UTC        
 READ IN fields at DATE: 2001-09-17 18:00:00 UTC        
 READ IN fields at DATE: 2001-09-18 00:00:00 UTC        
 READ IN fields at DATE: 2001-09-18 06:00:00 UTC        
 READ IN fields at DATE: 2001-09-18 12:00:00 UTC        
 READ IN fields at DATE: 2001-09-18 18:00:00 UTC        
 READ IN fields at DATE: 2001-09-19 00:00:00 UTC        
 READ IN fields at DATE: 2001-09-19 06:00:00 UTC        
 READ IN fields at DATE: 2001-09-19 12:00:00 UTC        
 READ IN fields at DATE: 2001-09-19 18:00:00 UTC        
 READ IN fields at DATE: 2001-09-20 00:00:00 UTC        
 READ IN fields at DATE: 2001-09-20 06:00:00 UTC        
 READ IN fields at DATE: 2001-09-20 12:00:00 UTC        
 READ IN fields at DATE: 2001-09-20 18:00:00 UTC        
 READ IN fields at DATE: 2001-09-21 00:00:00 UTC        
 READ IN fields at DATE: 2001-09-21 06:00:00 UTC        
 READ IN fields at DATE: 2001-09-21 12:00:00 UTC        
 READ IN fields at DATE: 2001-09-21 18:00:00 UTC        
 READ IN fields at DATE: 2001-09-22 00:00:00 UTC        
 READ IN fields at DATE: 2001-09-22 06:00:00 UTC        
 READ IN fields at DATE: 2001-09-22 12:00:00 UTC        
 READ IN fields at DATE: 2001-09-22 18:00:00 UTC        
 READ IN fields at DATE: 2001-09-23 00:00:00 UTC        
 READ IN fields at DATE: 2001-09-23 06:00:00 UTC        
 READ IN fields at DATE: 2001-09-23 12:00:00 UTC        
 READ IN fields at DATE: 2001-09-23 18:00:00 UTC        
 READ IN fields at DATE: 2001-09-24 00:00:00 UTC        
 READ IN fields at DATE: 2001-09-24 06:00:00 UTC        
 READ IN fields at DATE: 2001-09-24 12:00:00 UTC        
 READ IN fields at DATE: 2001-09-24 18:00:00 UTC        
 READ IN fields at DATE: 2001-09-25 00:00:00 UTC        
 READ IN fields at DATE: 2001-09-25 06:00:00 UTC        
 READ IN fields at DATE: 2001-09-25 12:00:00 UTC        
 READ IN fields at DATE: 2001-09-25 18:00:00 UTC        
 READ IN fields at DATE: 2001-09-26 00:00:00 UTC        
 READ IN fields at DATE: 2001-09-26 06:00:00 UTC        
 READ IN fields at DATE: 2001-09-26 12:00:00 UTC        
 READ IN fields at DATE: 2001-09-26 18:00:00 UTC        
 READ IN fields at DATE: 2001-09-27 00:00:00 UTC        
 READ IN fields at DATE: 2001-09-27 06:00:00 UTC        
 READ IN fields at DATE: 2001-09-27 12:00:00 UTC        
 READ IN fields at DATE: 2001-09-27 18:00:00 UTC        
 READ IN fields at DATE: 2001-09-28 00:00:00 UTC        
 READ IN fields at DATE: 2001-09-28 06:00:00 UTC        
 READ IN fields at DATE: 2001-09-28 12:00:00 UTC        
 READ IN fields at DATE: 2001-09-28 18:00:00 UTC        
 READ IN fields at DATE: 2001-09-29 00:00:00 UTC        
 READ IN fields at DATE: 2001-09-29 06:00:00 UTC        
 READ IN fields at DATE: 2001-09-29 12:00:00 UTC        
 READ IN fields at DATE: 2001-09-29 18:00:00 UTC        
 READ IN fields at DATE: 2001-09-30 00:00:00 UTC        
 READ IN fields at DATE: 2001-09-30 06:00:00 UTC        
 READ IN fields at DATE: 2001-09-30 12:00:00 UTC        
 READ IN fields at DATE: 2001-09-30 18:00:00 UTC        
      131072 /leonardo_work/ICT25_ESP/RCMDATA//ERA5/2001/tatm_2001_10.nc
  2.095410827205497E-003   248.459821130036     
      196608 /leonardo_work/ICT25_ESP/RCMDATA//ERA5/2001/geop_2001_10.nc
   7.38573361894008        235154.354008191     
      262144 /leonardo_work/ICT25_ESP/RCMDATA//ERA5/2001/qhum_2001_10.nc
  3.779884870687435E-007  1.234222275400648E-002
      327680 /leonardo_work/ICT25_ESP/RCMDATA//ERA5/2001/uwnd_2001_10.nc
  2.870017957987889E-003   27.0966866340874     
      393216 /leonardo_work/ICT25_ESP/RCMDATA//ERA5/2001/vwnd_2001_10.nc
  2.725932733198350E-003  -2.19682805425722     
 READ IN fields at DATE: 2001-10-01 00:00:00 UTC        
 READ IN fields at DATE: 2001-10-01 06:00:00 UTC        
 READ IN fields at DATE: 2001-10-01 12:00:00 UTC        
 READ IN fields at DATE: 2001-10-01 18:00:00 UTC        
 READ IN fields at DATE: 2001-10-02 00:00:00 UTC        
 READ IN fields at DATE: 2001-10-02 06:00:00 UTC        
 READ IN fields at DATE: 2001-10-02 12:00:00 UTC        
 READ IN fields at DATE: 2001-10-02 18:00:00 UTC        
 READ IN fields at DATE: 2001-10-03 00:00:00 UTC        
 READ IN fields at DATE: 2001-10-03 06:00:00 UTC        
 READ IN fields at DATE: 2001-10-03 12:00:00 UTC        
 READ IN fields at DATE: 2001-10-03 18:00:00 UTC        
 READ IN fields at DATE: 2001-10-04 00:00:00 UTC        
 READ IN fields at DATE: 2001-10-04 06:00:00 UTC        
 READ IN fields at DATE: 2001-10-04 12:00:00 UTC        
 READ IN fields at DATE: 2001-10-04 18:00:00 UTC        
 READ IN fields at DATE: 2001-10-05 00:00:00 UTC        
 READ IN fields at DATE: 2001-10-05 06:00:00 UTC        
 READ IN fields at DATE: 2001-10-05 12:00:00 UTC        
 READ IN fields at DATE: 2001-10-05 18:00:00 UTC        
 READ IN fields at DATE: 2001-10-06 00:00:00 UTC        
 READ IN fields at DATE: 2001-10-06 06:00:00 UTC        
 READ IN fields at DATE: 2001-10-06 12:00:00 UTC        
 READ IN fields at DATE: 2001-10-06 18:00:00 UTC        
 READ IN fields at DATE: 2001-10-07 00:00:00 UTC        
 READ IN fields at DATE: 2001-10-07 06:00:00 UTC        
 READ IN fields at DATE: 2001-10-07 12:00:00 UTC        
 READ IN fields at DATE: 2001-10-07 18:00:00 UTC        
 READ IN fields at DATE: 2001-10-08 00:00:00 UTC        
 READ IN fields at DATE: 2001-10-08 06:00:00 UTC        
 READ IN fields at DATE: 2001-10-08 12:00:00 UTC        
 READ IN fields at DATE: 2001-10-08 18:00:00 UTC        
 READ IN fields at DATE: 2001-10-09 00:00:00 UTC        
 READ IN fields at DATE: 2001-10-09 06:00:00 UTC        
 READ IN fields at DATE: 2001-10-09 12:00:00 UTC        
 READ IN fields at DATE: 2001-10-09 18:00:00 UTC        
 READ IN fields at DATE: 2001-10-10 00:00:00 UTC        
 READ IN fields at DATE: 2001-10-10 06:00:00 UTC        
 READ IN fields at DATE: 2001-10-10 12:00:00 UTC        
 READ IN fields at DATE: 2001-10-10 18:00:00 UTC        
 READ IN fields at DATE: 2001-10-11 00:00:00 UTC        
 READ IN fields at DATE: 2001-10-11 06:00:00 UTC        
 READ IN fields at DATE: 2001-10-11 12:00:00 UTC        
 READ IN fields at DATE: 2001-10-11 18:00:00 UTC        
 READ IN fields at DATE: 2001-10-12 00:00:00 UTC        
 READ IN fields at DATE: 2001-10-12 06:00:00 UTC        
 READ IN fields at DATE: 2001-10-12 12:00:00 UTC        
 READ IN fields at DATE: 2001-10-12 18:00:00 UTC        
 READ IN fields at DATE: 2001-10-13 00:00:00 UTC        
 READ IN fields at DATE: 2001-10-13 06:00:00 UTC        
 READ IN fields at DATE: 2001-10-13 12:00:00 UTC        
 READ IN fields at DATE: 2001-10-13 18:00:00 UTC        
 READ IN fields at DATE: 2001-10-14 00:00:00 UTC        
 READ IN fields at DATE: 2001-10-14 06:00:00 UTC        
 READ IN fields at DATE: 2001-10-14 12:00:00 UTC        
 READ IN fields at DATE: 2001-10-14 18:00:00 UTC        
 READ IN fields at DATE: 2001-10-15 00:00:00 UTC        
 READ IN fields at DATE: 2001-10-15 06:00:00 UTC        
 READ IN fields at DATE: 2001-10-15 12:00:00 UTC        
 READ IN fields at DATE: 2001-10-15 18:00:00 UTC        
 READ IN fields at DATE: 2001-10-16 00:00:00 UTC        
 READ IN fields at DATE: 2001-10-16 06:00:00 UTC        
 READ IN fields at DATE: 2001-10-16 12:00:00 UTC        
 READ IN fields at DATE: 2001-10-16 18:00:00 UTC        
 READ IN fields at DATE: 2001-10-17 00:00:00 UTC        
 READ IN fields at DATE: 2001-10-17 06:00:00 UTC        
 READ IN fields at DATE: 2001-10-17 12:00:00 UTC        
 READ IN fields at DATE: 2001-10-17 18:00:00 UTC        
 READ IN fields at DATE: 2001-10-18 00:00:00 UTC        
 READ IN fields at DATE: 2001-10-18 06:00:00 UTC        
 READ IN fields at DATE: 2001-10-18 12:00:00 UTC        
 READ IN fields at DATE: 2001-10-18 18:00:00 UTC        
 READ IN fields at DATE: 2001-10-19 00:00:00 UTC        
 READ IN fields at DATE: 2001-10-19 06:00:00 UTC        
 READ IN fields at DATE: 2001-10-19 12:00:00 UTC        
 READ IN fields at DATE: 2001-10-19 18:00:00 UTC        
 READ IN fields at DATE: 2001-10-20 00:00:00 UTC        
 READ IN fields at DATE: 2001-10-20 06:00:00 UTC        
 READ IN fields at DATE: 2001-10-20 12:00:00 UTC        
 READ IN fields at DATE: 2001-10-20 18:00:00 UTC        
 READ IN fields at DATE: 2001-10-21 00:00:00 UTC        
 READ IN fields at DATE: 2001-10-21 06:00:00 UTC        
 READ IN fields at DATE: 2001-10-21 12:00:00 UTC        
 READ IN fields at DATE: 2001-10-21 18:00:00 UTC        
 READ IN fields at DATE: 2001-10-22 00:00:00 UTC        
 READ IN fields at DATE: 2001-10-22 06:00:00 UTC        
 READ IN fields at DATE: 2001-10-22 12:00:00 UTC        
 READ IN fields at DATE: 2001-10-22 18:00:00 UTC        
 READ IN fields at DATE: 2001-10-23 00:00:00 UTC        
 READ IN fields at DATE: 2001-10-23 06:00:00 UTC        
 READ IN fields at DATE: 2001-10-23 12:00:00 UTC        
 READ IN fields at DATE: 2001-10-23 18:00:00 UTC        
 READ IN fields at DATE: 2001-10-24 00:00:00 UTC        
 READ IN fields at DATE: 2001-10-24 06:00:00 UTC        
 READ IN fields at DATE: 2001-10-24 12:00:00 UTC        
 READ IN fields at DATE: 2001-10-24 18:00:00 UTC        
 READ IN fields at DATE: 2001-10-25 00:00:00 UTC        
 READ IN fields at DATE: 2001-10-25 06:00:00 UTC        
 READ IN fields at DATE: 2001-10-25 12:00:00 UTC        
 READ IN fields at DATE: 2001-10-25 18:00:00 UTC        
 READ IN fields at DATE: 2001-10-26 00:00:00 UTC        
 READ IN fields at DATE: 2001-10-26 06:00:00 UTC        
 READ IN fields at DATE: 2001-10-26 12:00:00 UTC        
 READ IN fields at DATE: 2001-10-26 18:00:00 UTC        
 READ IN fields at DATE: 2001-10-27 00:00:00 UTC        
 READ IN fields at DATE: 2001-10-27 06:00:00 UTC        
 READ IN fields at DATE: 2001-10-27 12:00:00 UTC        
 READ IN fields at DATE: 2001-10-27 18:00:00 UTC        
 READ IN fields at DATE: 2001-10-28 00:00:00 UTC        
 READ IN fields at DATE: 2001-10-28 06:00:00 UTC        
 READ IN fields at DATE: 2001-10-28 12:00:00 UTC        
 READ IN fields at DATE: 2001-10-28 18:00:00 UTC        
 READ IN fields at DATE: 2001-10-29 00:00:00 UTC        
 READ IN fields at DATE: 2001-10-29 06:00:00 UTC        
 READ IN fields at DATE: 2001-10-29 12:00:00 UTC        
 READ IN fields at DATE: 2001-10-29 18:00:00 UTC        
 READ IN fields at DATE: 2001-10-30 00:00:00 UTC        
 READ IN fields at DATE: 2001-10-30 06:00:00 UTC        
 READ IN fields at DATE: 2001-10-30 12:00:00 UTC        
 READ IN fields at DATE: 2001-10-30 18:00:00 UTC        
 READ IN fields at DATE: 2001-10-31 00:00:00 UTC        
 READ IN fields at DATE: 2001-10-31 06:00:00 UTC        
 READ IN fields at DATE: 2001-10-31 12:00:00 UTC        
 READ IN fields at DATE: 2001-10-31 18:00:00 UTC        
      131072 /leonardo_work/ICT25_ESP/RCMDATA//ERA5/2001/tatm_2001_11.nc
  2.063225872514850E-003   248.909292483743     
      196608 /leonardo_work/ICT25_ESP/RCMDATA//ERA5/2001/geop_2001_11.nc
   7.51162939854730        240146.189497801     
      262144 /leonardo_work/ICT25_ESP/RCMDATA//ERA5/2001/qhum_2001_11.nc
  3.555992009236609E-007  1.161562698259502E-002
      327680 /leonardo_work/ICT25_ESP/RCMDATA//ERA5/2001/uwnd_2001_11.nc
  3.206019832088413E-003   39.4763480398886     
      393216 /leonardo_work/ICT25_ESP/RCMDATA//ERA5/2001/vwnd_2001_11.nc
  2.910240128750734E-003  -3.75337772748625     
 READ IN fields at DATE: 2001-11-01 00:00:00 UTC        
 READ IN fields at DATE: 2001-11-01 06:00:00 UTC        
 READ IN fields at DATE: 2001-11-01 12:00:00 UTC        
 READ IN fields at DATE: 2001-11-01 18:00:00 UTC        
 READ IN fields at DATE: 2001-11-02 00:00:00 UTC        
 READ IN fields at DATE: 2001-11-02 06:00:00 UTC        
 READ IN fields at DATE: 2001-11-02 12:00:00 UTC        
 READ IN fields at DATE: 2001-11-02 18:00:00 UTC        
 READ IN fields at DATE: 2001-11-03 00:00:00 UTC        
 READ IN fields at DATE: 2001-11-03 06:00:00 UTC        
 READ IN fields at DATE: 2001-11-03 12:00:00 UTC        
 READ IN fields at DATE: 2001-11-03 18:00:00 UTC        
 READ IN fields at DATE: 2001-11-04 00:00:00 UTC        
 READ IN fields at DATE: 2001-11-04 06:00:00 UTC        
 READ IN fields at DATE: 2001-11-04 12:00:00 UTC        
 READ IN fields at DATE: 2001-11-04 18:00:00 UTC        
 READ IN fields at DATE: 2001-11-05 00:00:00 UTC        
 READ IN fields at DATE: 2001-11-05 06:00:00 UTC        
 READ IN fields at DATE: 2001-11-05 12:00:00 UTC        
 READ IN fields at DATE: 2001-11-05 18:00:00 UTC        
 READ IN fields at DATE: 2001-11-06 00:00:00 UTC        
 READ IN fields at DATE: 2001-11-06 06:00:00 UTC        
 READ IN fields at DATE: 2001-11-06 12:00:00 UTC        
 READ IN fields at DATE: 2001-11-06 18:00:00 UTC        
 READ IN fields at DATE: 2001-11-07 00:00:00 UTC        
 READ IN fields at DATE: 2001-11-07 06:00:00 UTC        
 READ IN fields at DATE: 2001-11-07 12:00:00 UTC        
 READ IN fields at DATE: 2001-11-07 18:00:00 UTC        
 READ IN fields at DATE: 2001-11-08 00:00:00 UTC        
 READ IN fields at DATE: 2001-11-08 06:00:00 UTC        
 READ IN fields at DATE: 2001-11-08 12:00:00 UTC        
 READ IN fields at DATE: 2001-11-08 18:00:00 UTC        
 READ IN fields at DATE: 2001-11-09 00:00:00 UTC        
 READ IN fields at DATE: 2001-11-09 06:00:00 UTC        
 READ IN fields at DATE: 2001-11-09 12:00:00 UTC        
 READ IN fields at DATE: 2001-11-09 18:00:00 UTC        
 READ IN fields at DATE: 2001-11-10 00:00:00 UTC        
 READ IN fields at DATE: 2001-11-10 06:00:00 UTC        
 READ IN fields at DATE: 2001-11-10 12:00:00 UTC        
 READ IN fields at DATE: 2001-11-10 18:00:00 UTC        
 READ IN fields at DATE: 2001-11-11 00:00:00 UTC        
 READ IN fields at DATE: 2001-11-11 06:00:00 UTC        
 READ IN fields at DATE: 2001-11-11 12:00:00 UTC        
 READ IN fields at DATE: 2001-11-11 18:00:00 UTC        
 READ IN fields at DATE: 2001-11-12 00:00:00 UTC        
 READ IN fields at DATE: 2001-11-12 06:00:00 UTC        
 READ IN fields at DATE: 2001-11-12 12:00:00 UTC        
 READ IN fields at DATE: 2001-11-12 18:00:00 UTC        
 READ IN fields at DATE: 2001-11-13 00:00:00 UTC        
 READ IN fields at DATE: 2001-11-13 06:00:00 UTC        
 READ IN fields at DATE: 2001-11-13 12:00:00 UTC        
 READ IN fields at DATE: 2001-11-13 18:00:00 UTC        
 READ IN fields at DATE: 2001-11-14 00:00:00 UTC        
 READ IN fields at DATE: 2001-11-14 06:00:00 UTC        
 READ IN fields at DATE: 2001-11-14 12:00:00 UTC        
 READ IN fields at DATE: 2001-11-14 18:00:00 UTC        
 READ IN fields at DATE: 2001-11-15 00:00:00 UTC        
 READ IN fields at DATE: 2001-11-15 06:00:00 UTC        
 READ IN fields at DATE: 2001-11-15 12:00:00 UTC        
 READ IN fields at DATE: 2001-11-15 18:00:00 UTC        
 READ IN fields at DATE: 2001-11-16 00:00:00 UTC        
 READ IN fields at DATE: 2001-11-16 06:00:00 UTC        
 READ IN fields at DATE: 2001-11-16 12:00:00 UTC        
 READ IN fields at DATE: 2001-11-16 18:00:00 UTC        
 READ IN fields at DATE: 2001-11-17 00:00:00 UTC        
 READ IN fields at DATE: 2001-11-17 06:00:00 UTC        
 READ IN fields at DATE: 2001-11-17 12:00:00 UTC        
 READ IN fields at DATE: 2001-11-17 18:00:00 UTC        
 READ IN fields at DATE: 2001-11-18 00:00:00 UTC        
 READ IN fields at DATE: 2001-11-18 06:00:00 UTC        
 READ IN fields at DATE: 2001-11-18 12:00:00 UTC        
 READ IN fields at DATE: 2001-11-18 18:00:00 UTC        
 READ IN fields at DATE: 2001-11-19 00:00:00 UTC        
 READ IN fields at DATE: 2001-11-19 06:00:00 UTC        
 READ IN fields at DATE: 2001-11-19 12:00:00 UTC        
 READ IN fields at DATE: 2001-11-19 18:00:00 UTC        
 READ IN fields at DATE: 2001-11-20 00:00:00 UTC        
 READ IN fields at DATE: 2001-11-20 06:00:00 UTC        
 READ IN fields at DATE: 2001-11-20 12:00:00 UTC        
 READ IN fields at DATE: 2001-11-20 18:00:00 UTC        
 READ IN fields at DATE: 2001-11-21 00:00:00 UTC        
 READ IN fields at DATE: 2001-11-21 06:00:00 UTC        
 READ IN fields at DATE: 2001-11-21 12:00:00 UTC        
 READ IN fields at DATE: 2001-11-21 18:00:00 UTC        
 READ IN fields at DATE: 2001-11-22 00:00:00 UTC        
 READ IN fields at DATE: 2001-11-22 06:00:00 UTC        
 READ IN fields at DATE: 2001-11-22 12:00:00 UTC        
 READ IN fields at DATE: 2001-11-22 18:00:00 UTC        
 READ IN fields at DATE: 2001-11-23 00:00:00 UTC        
 READ IN fields at DATE: 2001-11-23 06:00:00 UTC        
 READ IN fields at DATE: 2001-11-23 12:00:00 UTC        
 READ IN fields at DATE: 2001-11-23 18:00:00 UTC        
 READ IN fields at DATE: 2001-11-24 00:00:00 UTC        
 READ IN fields at DATE: 2001-11-24 06:00:00 UTC        
 READ IN fields at DATE: 2001-11-24 12:00:00 UTC        
 READ IN fields at DATE: 2001-11-24 18:00:00 UTC        
 READ IN fields at DATE: 2001-11-25 00:00:00 UTC        
 READ IN fields at DATE: 2001-11-25 06:00:00 UTC        
 READ IN fields at DATE: 2001-11-25 12:00:00 UTC        
 READ IN fields at DATE: 2001-11-25 18:00:00 UTC        
 READ IN fields at DATE: 2001-11-26 00:00:00 UTC        
 READ IN fields at DATE: 2001-11-26 06:00:00 UTC        
 READ IN fields at DATE: 2001-11-26 12:00:00 UTC        
 READ IN fields at DATE: 2001-11-26 18:00:00 UTC        
 READ IN fields at DATE: 2001-11-27 00:00:00 UTC        
 READ IN fields at DATE: 2001-11-27 06:00:00 UTC        
 READ IN fields at DATE: 2001-11-27 12:00:00 UTC        
 READ IN fields at DATE: 2001-11-27 18:00:00 UTC        
 READ IN fields at DATE: 2001-11-28 00:00:00 UTC        
 READ IN fields at DATE: 2001-11-28 06:00:00 UTC        
 READ IN fields at DATE: 2001-11-28 12:00:00 UTC        
 READ IN fields at DATE: 2001-11-28 18:00:00 UTC        
 READ IN fields at DATE: 2001-11-29 00:00:00 UTC        
 READ IN fields at DATE: 2001-11-29 06:00:00 UTC        
 READ IN fields at DATE: 2001-11-29 12:00:00 UTC        
 READ IN fields at DATE: 2001-11-29 18:00:00 UTC        
 READ IN fields at DATE: 2001-11-30 00:00:00 UTC        
 READ IN fields at DATE: 2001-11-30 06:00:00 UTC        
 READ IN fields at DATE: 2001-11-30 12:00:00 UTC        
 READ IN fields at DATE: 2001-11-30 18:00:00 UTC        
      131072 /leonardo_work/ICT25_ESP/RCMDATA//ERA5/2001/tatm_2001_12.nc
  2.343567266145969E-003   249.821215911679     
      196608 /leonardo_work/ICT25_ESP/RCMDATA//ERA5/2001/geop_2001_12.nc
   7.61631019867853        244417.738719901     
      262144 /leonardo_work/ICT25_ESP/RCMDATA//ERA5/2001/qhum_2001_12.nc
  3.541626040035561E-007  1.158973163051031E-002
      327680 /leonardo_work/ICT25_ESP/RCMDATA//ERA5/2001/uwnd_2001_12.nc
  5.597147495479973E-003   10.8046583964671     
      393216 /leonardo_work/ICT25_ESP/RCMDATA//ERA5/2001/vwnd_2001_12.nc
  5.402812323562175E-003   2.68327271493197     
 READ IN fields at DATE: 2001-12-01 00:00:00 UTC        
 READ IN fields at DATE: 2001-12-01 06:00:00 UTC        
 READ IN fields at DATE: 2001-12-01 12:00:00 UTC        
 READ IN fields at DATE: 2001-12-01 18:00:00 UTC        
 READ IN fields at DATE: 2001-12-02 00:00:00 UTC        
 READ IN fields at DATE: 2001-12-02 06:00:00 UTC        
 READ IN fields at DATE: 2001-12-02 12:00:00 UTC        
 READ IN fields at DATE: 2001-12-02 18:00:00 UTC        
 READ IN fields at DATE: 2001-12-03 00:00:00 UTC        
 READ IN fields at DATE: 2001-12-03 06:00:00 UTC        
 READ IN fields at DATE: 2001-12-03 12:00:00 UTC        
 READ IN fields at DATE: 2001-12-03 18:00:00 UTC        
 READ IN fields at DATE: 2001-12-04 00:00:00 UTC        
 READ IN fields at DATE: 2001-12-04 06:00:00 UTC        
 READ IN fields at DATE: 2001-12-04 12:00:00 UTC        
 READ IN fields at DATE: 2001-12-04 18:00:00 UTC        
 READ IN fields at DATE: 2001-12-05 00:00:00 UTC        
 READ IN fields at DATE: 2001-12-05 06:00:00 UTC        
 READ IN fields at DATE: 2001-12-05 12:00:00 UTC        
 READ IN fields at DATE: 2001-12-05 18:00:00 UTC        
 READ IN fields at DATE: 2001-12-06 00:00:00 UTC        
 READ IN fields at DATE: 2001-12-06 06:00:00 UTC        
 READ IN fields at DATE: 2001-12-06 12:00:00 UTC        
 READ IN fields at DATE: 2001-12-06 18:00:00 UTC        
 READ IN fields at DATE: 2001-12-07 00:00:00 UTC        
 READ IN fields at DATE: 2001-12-07 06:00:00 UTC        
 READ IN fields at DATE: 2001-12-07 12:00:00 UTC        
 READ IN fields at DATE: 2001-12-07 18:00:00 UTC        
 READ IN fields at DATE: 2001-12-08 00:00:00 UTC        
 READ IN fields at DATE: 2001-12-08 06:00:00 UTC        
 READ IN fields at DATE: 2001-12-08 12:00:00 UTC        
 READ IN fields at DATE: 2001-12-08 18:00:00 UTC        
 READ IN fields at DATE: 2001-12-09 00:00:00 UTC        
 READ IN fields at DATE: 2001-12-09 06:00:00 UTC        
 READ IN fields at DATE: 2001-12-09 12:00:00 UTC        
 READ IN fields at DATE: 2001-12-09 18:00:00 UTC        
 READ IN fields at DATE: 2001-12-10 00:00:00 UTC        
 READ IN fields at DATE: 2001-12-10 06:00:00 UTC        
 READ IN fields at DATE: 2001-12-10 12:00:00 UTC        
 READ IN fields at DATE: 2001-12-10 18:00:00 UTC        
 READ IN fields at DATE: 2001-12-11 00:00:00 UTC        
 READ IN fields at DATE: 2001-12-11 06:00:00 UTC        
 READ IN fields at DATE: 2001-12-11 12:00:00 UTC        
 READ IN fields at DATE: 2001-12-11 18:00:00 UTC        
 READ IN fields at DATE: 2001-12-12 00:00:00 UTC        
 READ IN fields at DATE: 2001-12-12 06:00:00 UTC        
 READ IN fields at DATE: 2001-12-12 12:00:00 UTC        
 READ IN fields at DATE: 2001-12-12 18:00:00 UTC        
 READ IN fields at DATE: 2001-12-13 00:00:00 UTC        
 READ IN fields at DATE: 2001-12-13 06:00:00 UTC        
 READ IN fields at DATE: 2001-12-13 12:00:00 UTC        
 READ IN fields at DATE: 2001-12-13 18:00:00 UTC        
 READ IN fields at DATE: 2001-12-14 00:00:00 UTC        
 READ IN fields at DATE: 2001-12-14 06:00:00 UTC        
 READ IN fields at DATE: 2001-12-14 12:00:00 UTC        
 READ IN fields at DATE: 2001-12-14 18:00:00 UTC        
 READ IN fields at DATE: 2001-12-15 00:00:00 UTC        
 READ IN fields at DATE: 2001-12-15 06:00:00 UTC        
 READ IN fields at DATE: 2001-12-15 12:00:00 UTC        
 READ IN fields at DATE: 2001-12-15 18:00:00 UTC        
 READ IN fields at DATE: 2001-12-16 00:00:00 UTC        
 READ IN fields at DATE: 2001-12-16 06:00:00 UTC        
 READ IN fields at DATE: 2001-12-16 12:00:00 UTC        
 READ IN fields at DATE: 2001-12-16 18:00:00 UTC        
 READ IN fields at DATE: 2001-12-17 00:00:00 UTC        
 READ IN fields at DATE: 2001-12-17 06:00:00 UTC        
 READ IN fields at DATE: 2001-12-17 12:00:00 UTC        
 READ IN fields at DATE: 2001-12-17 18:00:00 UTC        
 READ IN fields at DATE: 2001-12-18 00:00:00 UTC        
 READ IN fields at DATE: 2001-12-18 06:00:00 UTC        
 READ IN fields at DATE: 2001-12-18 12:00:00 UTC        
 READ IN fields at DATE: 2001-12-18 18:00:00 UTC        
 READ IN fields at DATE: 2001-12-19 00:00:00 UTC        
 READ IN fields at DATE: 2001-12-19 06:00:00 UTC        
 READ IN fields at DATE: 2001-12-19 12:00:00 UTC        
 READ IN fields at DATE: 2001-12-19 18:00:00 UTC        
 READ IN fields at DATE: 2001-12-20 00:00:00 UTC        
 READ IN fields at DATE: 2001-12-20 06:00:00 UTC        
 READ IN fields at DATE: 2001-12-20 12:00:00 UTC        
 READ IN fields at DATE: 2001-12-20 18:00:00 UTC        
 READ IN fields at DATE: 2001-12-21 00:00:00 UTC        
 READ IN fields at DATE: 2001-12-21 06:00:00 UTC        
 READ IN fields at DATE: 2001-12-21 12:00:00 UTC        
 READ IN fields at DATE: 2001-12-21 18:00:00 UTC        
 READ IN fields at DATE: 2001-12-22 00:00:00 UTC        
 READ IN fields at DATE: 2001-12-22 06:00:00 UTC        
 READ IN fields at DATE: 2001-12-22 12:00:00 UTC        
 READ IN fields at DATE: 2001-12-22 18:00:00 UTC        
 READ IN fields at DATE: 2001-12-23 00:00:00 UTC        
 READ IN fields at DATE: 2001-12-23 06:00:00 UTC        
 READ IN fields at DATE: 2001-12-23 12:00:00 UTC        
 READ IN fields at DATE: 2001-12-23 18:00:00 UTC        
 READ IN fields at DATE: 2001-12-24 00:00:00 UTC        
 READ IN fields at DATE: 2001-12-24 06:00:00 UTC        
 READ IN fields at DATE: 2001-12-24 12:00:00 UTC        
 READ IN fields at DATE: 2001-12-24 18:00:00 UTC        
 READ IN fields at DATE: 2001-12-25 00:00:00 UTC        
 READ IN fields at DATE: 2001-12-25 06:00:00 UTC        
 READ IN fields at DATE: 2001-12-25 12:00:00 UTC        
 READ IN fields at DATE: 2001-12-25 18:00:00 UTC        
 READ IN fields at DATE: 2001-12-26 00:00:00 UTC        
 READ IN fields at DATE: 2001-12-26 06:00:00 UTC        
 READ IN fields at DATE: 2001-12-26 12:00:00 UTC        
 READ IN fields at DATE: 2001-12-26 18:00:00 UTC        
 READ IN fields at DATE: 2001-12-27 00:00:00 UTC        
 READ IN fields at DATE: 2001-12-27 06:00:00 UTC        
 READ IN fields at DATE: 2001-12-27 12:00:00 UTC        
 READ IN fields at DATE: 2001-12-27 18:00:00 UTC        
 READ IN fields at DATE: 2001-12-28 00:00:00 UTC        
 READ IN fields at DATE: 2001-12-28 06:00:00 UTC        
 READ IN fields at DATE: 2001-12-28 12:00:00 UTC        
 READ IN fields at DATE: 2001-12-28 18:00:00 UTC        
 READ IN fields at DATE: 2001-12-29 00:00:00 UTC        
 READ IN fields at DATE: 2001-12-29 06:00:00 UTC        
 READ IN fields at DATE: 2001-12-29 12:00:00 UTC        
 READ IN fields at DATE: 2001-12-29 18:00:00 UTC        
 READ IN fields at DATE: 2001-12-30 00:00:00 UTC        
 READ IN fields at DATE: 2001-12-30 06:00:00 UTC        
 READ IN fields at DATE: 2001-12-30 12:00:00 UTC        
 READ IN fields at DATE: 2001-12-30 18:00:00 UTC        
 READ IN fields at DATE: 2001-12-31 00:00:00 UTC        
 READ IN fields at DATE: 2001-12-31 06:00:00 UTC        
 READ IN fields at DATE: 2001-12-31 12:00:00 UTC        
 READ IN fields at DATE: 2001-12-31 18:00:00 UTC        
      131072 /leonardo_work/ICT25_ESP/RCMDATA//ERA5/2002/tatm_2002_01.nc
  2.118261406928928E-003   248.157823010410     
      196608 /leonardo_work/ICT25_ESP/RCMDATA//ERA5/2002/geop_2002_01.nc
   7.63019657081165        244787.973964215     
      262144 /leonardo_work/ICT25_ESP/RCMDATA//ERA5/2002/qhum_2002_01.nc
  3.709795293588085E-007  1.213839811757398E-002
      327680 /leonardo_work/ICT25_ESP/RCMDATA//ERA5/2002/uwnd_2002_01.nc
  5.096848840186552E-003   8.06720712977913     
      393216 /leonardo_work/ICT25_ESP/RCMDATA//ERA5/2002/vwnd_2002_01.nc
  4.623303417684125E-003   3.96111303090835     
 READ IN fields at DATE: 2002-01-01 00:00:00 UTC        
 Input ready at : Fri Jun 13 04:38:09 2025
 Successfully completed ICBC
icbc script complete
