
  This is icbc part of the RegCM version 5
   SVN Revision: 5.0.0-1068-g402b compiled at: data : Jan 14 2026  time: 14:27:56

 : this run start at    : 2026-01-17 20:17:54+0100
 : it is submitted by   : mdasilva
 : it is running on     : lrdn4024.leonardo.local
 : in directory         : 
 /leonardo/home/userexternal/mdasilva/github_projects/shell/ictp/regcm_exp/eur_1
 1
                       
 Using Moloch non-hydrostatic dynamical core
 GLOBIDATE1 :  2000-01-01 00:00:00 UTC        
 GLOBIDATE2 :  2001-01-01 00:00:00 UTC        
 NSTEPS     :         1465
 Computing weights, R =      38.21770477 .......... Done.
 Computing weights, R =      38.21770477 .......... Done.
 Computing weights, R =      38.21770477 .......... Done.
      131072 /leonardo_work/ICT25_ESP/RCMDATA//ERA5/2000/tatm_2000_01.nc
  2.148852330064147E-003   246.407006628522     
      196608 /leonardo_work/ICT25_ESP/RCMDATA//ERA5/2000/geop_2000_01.nc
   7.61496044931561        244700.965957275     
      262144 /leonardo_work/ICT25_ESP/RCMDATA//ERA5/2000/qhum_2000_01.nc
  3.705496847009187E-007  1.211636852545462E-002
      327680 /leonardo_work/ICT25_ESP/RCMDATA//ERA5/2000/uwnd_2000_01.nc
  4.759280176962966E-003   45.8566520371576     
      393216 /leonardo_work/ICT25_ESP/RCMDATA//ERA5/2000/vwnd_2000_01.nc
  4.504284257609239E-003  -7.70919183939443     
 READ IN fields at DATE: 2000-01-01 00:00:00 UTC        
 READ IN fields at DATE: 2000-01-01 06:00:00 UTC        
 READ IN fields at DATE: 2000-01-01 12:00:00 UTC        
 READ IN fields at DATE: 2000-01-01 18:00:00 UTC        
 READ IN fields at DATE: 2000-01-02 00:00:00 UTC        
 READ IN fields at DATE: 2000-01-02 06:00:00 UTC        
 READ IN fields at DATE: 2000-01-02 12:00:00 UTC        
 READ IN fields at DATE: 2000-01-02 18:00:00 UTC        
 READ IN fields at DATE: 2000-01-03 00:00:00 UTC        
 READ IN fields at DATE: 2000-01-03 06:00:00 UTC        
 READ IN fields at DATE: 2000-01-03 12:00:00 UTC        
 READ IN fields at DATE: 2000-01-03 18:00:00 UTC        
 READ IN fields at DATE: 2000-01-04 00:00:00 UTC        
 READ IN fields at DATE: 2000-01-04 06:00:00 UTC        
 READ IN fields at DATE: 2000-01-04 12:00:00 UTC        
 READ IN fields at DATE: 2000-01-04 18:00:00 UTC        
 READ IN fields at DATE: 2000-01-05 00:00:00 UTC        
 READ IN fields at DATE: 2000-01-05 06:00:00 UTC        
 READ IN fields at DATE: 2000-01-05 12:00:00 UTC        
 READ IN fields at DATE: 2000-01-05 18:00:00 UTC        
 READ IN fields at DATE: 2000-01-06 00:00:00 UTC        
 READ IN fields at DATE: 2000-01-06 06:00:00 UTC        
 READ IN fields at DATE: 2000-01-06 12:00:00 UTC        
 READ IN fields at DATE: 2000-01-06 18:00:00 UTC        
 READ IN fields at DATE: 2000-01-07 00:00:00 UTC        
 READ IN fields at DATE: 2000-01-07 06:00:00 UTC        
 READ IN fields at DATE: 2000-01-07 12:00:00 UTC        
 READ IN fields at DATE: 2000-01-07 18:00:00 UTC        
 READ IN fields at DATE: 2000-01-08 00:00:00 UTC        
 READ IN fields at DATE: 2000-01-08 06:00:00 UTC        
 READ IN fields at DATE: 2000-01-08 12:00:00 UTC        
 READ IN fields at DATE: 2000-01-08 18:00:00 UTC        
 READ IN fields at DATE: 2000-01-09 00:00:00 UTC        
 READ IN fields at DATE: 2000-01-09 06:00:00 UTC        
 READ IN fields at DATE: 2000-01-09 12:00:00 UTC        
 READ IN fields at DATE: 2000-01-09 18:00:00 UTC        
 READ IN fields at DATE: 2000-01-10 00:00:00 UTC        
 READ IN fields at DATE: 2000-01-10 06:00:00 UTC        
 READ IN fields at DATE: 2000-01-10 12:00:00 UTC        
 READ IN fields at DATE: 2000-01-10 18:00:00 UTC        
 READ IN fields at DATE: 2000-01-11 00:00:00 UTC        
 READ IN fields at DATE: 2000-01-11 06:00:00 UTC        
 READ IN fields at DATE: 2000-01-11 12:00:00 UTC        
 READ IN fields at DATE: 2000-01-11 18:00:00 UTC        
 READ IN fields at DATE: 2000-01-12 00:00:00 UTC        
 READ IN fields at DATE: 2000-01-12 06:00:00 UTC        
 READ IN fields at DATE: 2000-01-12 12:00:00 UTC        
 READ IN fields at DATE: 2000-01-12 18:00:00 UTC        
 READ IN fields at DATE: 2000-01-13 00:00:00 UTC        
 READ IN fields at DATE: 2000-01-13 06:00:00 UTC        
 READ IN fields at DATE: 2000-01-13 12:00:00 UTC        
 READ IN fields at DATE: 2000-01-13 18:00:00 UTC        
 READ IN fields at DATE: 2000-01-14 00:00:00 UTC        
 READ IN fields at DATE: 2000-01-14 06:00:00 UTC        
 READ IN fields at DATE: 2000-01-14 12:00:00 UTC        
 READ IN fields at DATE: 2000-01-14 18:00:00 UTC        
 READ IN fields at DATE: 2000-01-15 00:00:00 UTC        
 READ IN fields at DATE: 2000-01-15 06:00:00 UTC        
 READ IN fields at DATE: 2000-01-15 12:00:00 UTC        
 READ IN fields at DATE: 2000-01-15 18:00:00 UTC        
 READ IN fields at DATE: 2000-01-16 00:00:00 UTC        
 READ IN fields at DATE: 2000-01-16 06:00:00 UTC        
 READ IN fields at DATE: 2000-01-16 12:00:00 UTC        
 READ IN fields at DATE: 2000-01-16 18:00:00 UTC        
 READ IN fields at DATE: 2000-01-17 00:00:00 UTC        
 READ IN fields at DATE: 2000-01-17 06:00:00 UTC        
 READ IN fields at DATE: 2000-01-17 12:00:00 UTC        
 READ IN fields at DATE: 2000-01-17 18:00:00 UTC        
 READ IN fields at DATE: 2000-01-18 00:00:00 UTC        
 READ IN fields at DATE: 2000-01-18 06:00:00 UTC        
 READ IN fields at DATE: 2000-01-18 12:00:00 UTC        
 READ IN fields at DATE: 2000-01-18 18:00:00 UTC        
 READ IN fields at DATE: 2000-01-19 00:00:00 UTC        
 READ IN fields at DATE: 2000-01-19 06:00:00 UTC        
 READ IN fields at DATE: 2000-01-19 12:00:00 UTC        
 READ IN fields at DATE: 2000-01-19 18:00:00 UTC        
 READ IN fields at DATE: 2000-01-20 00:00:00 UTC        
 READ IN fields at DATE: 2000-01-20 06:00:00 UTC        
 READ IN fields at DATE: 2000-01-20 12:00:00 UTC        
 READ IN fields at DATE: 2000-01-20 18:00:00 UTC        
 READ IN fields at DATE: 2000-01-21 00:00:00 UTC        
 READ IN fields at DATE: 2000-01-21 06:00:00 UTC        
 READ IN fields at DATE: 2000-01-21 12:00:00 UTC        
 READ IN fields at DATE: 2000-01-21 18:00:00 UTC        
 READ IN fields at DATE: 2000-01-22 00:00:00 UTC        
 READ IN fields at DATE: 2000-01-22 06:00:00 UTC        
 READ IN fields at DATE: 2000-01-22 12:00:00 UTC        
 READ IN fields at DATE: 2000-01-22 18:00:00 UTC        
 READ IN fields at DATE: 2000-01-23 00:00:00 UTC        
 READ IN fields at DATE: 2000-01-23 06:00:00 UTC        
 READ IN fields at DATE: 2000-01-23 12:00:00 UTC        
 READ IN fields at DATE: 2000-01-23 18:00:00 UTC        
 READ IN fields at DATE: 2000-01-24 00:00:00 UTC        
 READ IN fields at DATE: 2000-01-24 06:00:00 UTC        
 READ IN fields at DATE: 2000-01-24 12:00:00 UTC        
 READ IN fields at DATE: 2000-01-24 18:00:00 UTC        
 READ IN fields at DATE: 2000-01-25 00:00:00 UTC        
 READ IN fields at DATE: 2000-01-25 06:00:00 UTC        
 READ IN fields at DATE: 2000-01-25 12:00:00 UTC        
 READ IN fields at DATE: 2000-01-25 18:00:00 UTC        
 READ IN fields at DATE: 2000-01-26 00:00:00 UTC        
 READ IN fields at DATE: 2000-01-26 06:00:00 UTC        
 READ IN fields at DATE: 2000-01-26 12:00:00 UTC        
 READ IN fields at DATE: 2000-01-26 18:00:00 UTC        
 READ IN fields at DATE: 2000-01-27 00:00:00 UTC        
 READ IN fields at DATE: 2000-01-27 06:00:00 UTC        
 READ IN fields at DATE: 2000-01-27 12:00:00 UTC        
 READ IN fields at DATE: 2000-01-27 18:00:00 UTC        
 READ IN fields at DATE: 2000-01-28 00:00:00 UTC        
 READ IN fields at DATE: 2000-01-28 06:00:00 UTC        
 READ IN fields at DATE: 2000-01-28 12:00:00 UTC        
 READ IN fields at DATE: 2000-01-28 18:00:00 UTC        
 READ IN fields at DATE: 2000-01-29 00:00:00 UTC        
 READ IN fields at DATE: 2000-01-29 06:00:00 UTC        
 READ IN fields at DATE: 2000-01-29 12:00:00 UTC        
 READ IN fields at DATE: 2000-01-29 18:00:00 UTC        
 READ IN fields at DATE: 2000-01-30 00:00:00 UTC        
 READ IN fields at DATE: 2000-01-30 06:00:00 UTC        
 READ IN fields at DATE: 2000-01-30 12:00:00 UTC        
 READ IN fields at DATE: 2000-01-30 18:00:00 UTC        
 READ IN fields at DATE: 2000-01-31 00:00:00 UTC        
 READ IN fields at DATE: 2000-01-31 06:00:00 UTC        
 READ IN fields at DATE: 2000-01-31 12:00:00 UTC        
 READ IN fields at DATE: 2000-01-31 18:00:00 UTC        
      131072 /leonardo_work/ICT25_ESP/RCMDATA//ERA5/2000/tatm_2000_02.nc
  2.113663256891447E-003   249.903171378821     
      196608 /leonardo_work/ICT25_ESP/RCMDATA//ERA5/2000/geop_2000_02.nc
   7.53130084508950        241225.865208952     
      262144 /leonardo_work/ICT25_ESP/RCMDATA//ERA5/2000/qhum_2000_02.nc
  4.056126973133069E-007  1.322585877284061E-002
      327680 /leonardo_work/ICT25_ESP/RCMDATA//ERA5/2000/uwnd_2000_02.nc
  4.216248157461579E-003   13.1136221615658     
      393216 /leonardo_work/ICT25_ESP/RCMDATA//ERA5/2000/vwnd_2000_02.nc
  3.901000127157429E-003  3.177905315907754E-002
 READ IN fields at DATE: 2000-02-01 00:00:00 UTC        
 READ IN fields at DATE: 2000-02-01 06:00:00 UTC        
 READ IN fields at DATE: 2000-02-01 12:00:00 UTC        
 READ IN fields at DATE: 2000-02-01 18:00:00 UTC        
 READ IN fields at DATE: 2000-02-02 00:00:00 UTC        
 READ IN fields at DATE: 2000-02-02 06:00:00 UTC        
 READ IN fields at DATE: 2000-02-02 12:00:00 UTC        
 READ IN fields at DATE: 2000-02-02 18:00:00 UTC        
 READ IN fields at DATE: 2000-02-03 00:00:00 UTC        
 READ IN fields at DATE: 2000-02-03 06:00:00 UTC        
 READ IN fields at DATE: 2000-02-03 12:00:00 UTC        
 READ IN fields at DATE: 2000-02-03 18:00:00 UTC        
 READ IN fields at DATE: 2000-02-04 00:00:00 UTC        
 READ IN fields at DATE: 2000-02-04 06:00:00 UTC        
 READ IN fields at DATE: 2000-02-04 12:00:00 UTC        
 READ IN fields at DATE: 2000-02-04 18:00:00 UTC        
 READ IN fields at DATE: 2000-02-05 00:00:00 UTC        
 READ IN fields at DATE: 2000-02-05 06:00:00 UTC        
 READ IN fields at DATE: 2000-02-05 12:00:00 UTC        
 READ IN fields at DATE: 2000-02-05 18:00:00 UTC        
 READ IN fields at DATE: 2000-02-06 00:00:00 UTC        
 READ IN fields at DATE: 2000-02-06 06:00:00 UTC        
 READ IN fields at DATE: 2000-02-06 12:00:00 UTC        
 READ IN fields at DATE: 2000-02-06 18:00:00 UTC        
 READ IN fields at DATE: 2000-02-07 00:00:00 UTC        
 READ IN fields at DATE: 2000-02-07 06:00:00 UTC        
 READ IN fields at DATE: 2000-02-07 12:00:00 UTC        
 READ IN fields at DATE: 2000-02-07 18:00:00 UTC        
 READ IN fields at DATE: 2000-02-08 00:00:00 UTC        
 READ IN fields at DATE: 2000-02-08 06:00:00 UTC        
 READ IN fields at DATE: 2000-02-08 12:00:00 UTC        
 READ IN fields at DATE: 2000-02-08 18:00:00 UTC        
 READ IN fields at DATE: 2000-02-09 00:00:00 UTC        
 READ IN fields at DATE: 2000-02-09 06:00:00 UTC        
 READ IN fields at DATE: 2000-02-09 12:00:00 UTC        
 READ IN fields at DATE: 2000-02-09 18:00:00 UTC        
 READ IN fields at DATE: 2000-02-10 00:00:00 UTC        
 READ IN fields at DATE: 2000-02-10 06:00:00 UTC        
 READ IN fields at DATE: 2000-02-10 12:00:00 UTC        
 READ IN fields at DATE: 2000-02-10 18:00:00 UTC        
 READ IN fields at DATE: 2000-02-11 00:00:00 UTC        
 READ IN fields at DATE: 2000-02-11 06:00:00 UTC        
 READ IN fields at DATE: 2000-02-11 12:00:00 UTC        
 READ IN fields at DATE: 2000-02-11 18:00:00 UTC        
 READ IN fields at DATE: 2000-02-12 00:00:00 UTC        
 READ IN fields at DATE: 2000-02-12 06:00:00 UTC        
 READ IN fields at DATE: 2000-02-12 12:00:00 UTC        
 READ IN fields at DATE: 2000-02-12 18:00:00 UTC        
 READ IN fields at DATE: 2000-02-13 00:00:00 UTC        
 READ IN fields at DATE: 2000-02-13 06:00:00 UTC        
 READ IN fields at DATE: 2000-02-13 12:00:00 UTC        
 READ IN fields at DATE: 2000-02-13 18:00:00 UTC        
 READ IN fields at DATE: 2000-02-14 00:00:00 UTC        
 READ IN fields at DATE: 2000-02-14 06:00:00 UTC        
 READ IN fields at DATE: 2000-02-14 12:00:00 UTC        
 READ IN fields at DATE: 2000-02-14 18:00:00 UTC        
 READ IN fields at DATE: 2000-02-15 00:00:00 UTC        
 READ IN fields at DATE: 2000-02-15 06:00:00 UTC        
 READ IN fields at DATE: 2000-02-15 12:00:00 UTC        
 READ IN fields at DATE: 2000-02-15 18:00:00 UTC        
 READ IN fields at DATE: 2000-02-16 00:00:00 UTC        
 READ IN fields at DATE: 2000-02-16 06:00:00 UTC        
 READ IN fields at DATE: 2000-02-16 12:00:00 UTC        
 READ IN fields at DATE: 2000-02-16 18:00:00 UTC        
 READ IN fields at DATE: 2000-02-17 00:00:00 UTC        
 READ IN fields at DATE: 2000-02-17 06:00:00 UTC        
 READ IN fields at DATE: 2000-02-17 12:00:00 UTC        
 READ IN fields at DATE: 2000-02-17 18:00:00 UTC        
 READ IN fields at DATE: 2000-02-18 00:00:00 UTC        
 READ IN fields at DATE: 2000-02-18 06:00:00 UTC        
 READ IN fields at DATE: 2000-02-18 12:00:00 UTC        
 READ IN fields at DATE: 2000-02-18 18:00:00 UTC        
 READ IN fields at DATE: 2000-02-19 00:00:00 UTC        
 READ IN fields at DATE: 2000-02-19 06:00:00 UTC        
 READ IN fields at DATE: 2000-02-19 12:00:00 UTC        
 READ IN fields at DATE: 2000-02-19 18:00:00 UTC        
 READ IN fields at DATE: 2000-02-20 00:00:00 UTC        
 READ IN fields at DATE: 2000-02-20 06:00:00 UTC        
 READ IN fields at DATE: 2000-02-20 12:00:00 UTC        
 READ IN fields at DATE: 2000-02-20 18:00:00 UTC        
 READ IN fields at DATE: 2000-02-21 00:00:00 UTC        
 READ IN fields at DATE: 2000-02-21 06:00:00 UTC        
 READ IN fields at DATE: 2000-02-21 12:00:00 UTC        
 READ IN fields at DATE: 2000-02-21 18:00:00 UTC        
 READ IN fields at DATE: 2000-02-22 00:00:00 UTC        
 READ IN fields at DATE: 2000-02-22 06:00:00 UTC        
 READ IN fields at DATE: 2000-02-22 12:00:00 UTC        
 READ IN fields at DATE: 2000-02-22 18:00:00 UTC        
 READ IN fields at DATE: 2000-02-23 00:00:00 UTC        
 READ IN fields at DATE: 2000-02-23 06:00:00 UTC        
 READ IN fields at DATE: 2000-02-23 12:00:00 UTC        
 READ IN fields at DATE: 2000-02-23 18:00:00 UTC        
 READ IN fields at DATE: 2000-02-24 00:00:00 UTC        
 READ IN fields at DATE: 2000-02-24 06:00:00 UTC        
 READ IN fields at DATE: 2000-02-24 12:00:00 UTC        
 READ IN fields at DATE: 2000-02-24 18:00:00 UTC        
 READ IN fields at DATE: 2000-02-25 00:00:00 UTC        
 READ IN fields at DATE: 2000-02-25 06:00:00 UTC        
 READ IN fields at DATE: 2000-02-25 12:00:00 UTC        
 READ IN fields at DATE: 2000-02-25 18:00:00 UTC        
 READ IN fields at DATE: 2000-02-26 00:00:00 UTC        
 READ IN fields at DATE: 2000-02-26 06:00:00 UTC        
 READ IN fields at DATE: 2000-02-26 12:00:00 UTC        
 READ IN fields at DATE: 2000-02-26 18:00:00 UTC        
 READ IN fields at DATE: 2000-02-27 00:00:00 UTC        
 READ IN fields at DATE: 2000-02-27 06:00:00 UTC        
 READ IN fields at DATE: 2000-02-27 12:00:00 UTC        
 READ IN fields at DATE: 2000-02-27 18:00:00 UTC        
 READ IN fields at DATE: 2000-02-28 00:00:00 UTC        
 READ IN fields at DATE: 2000-02-28 06:00:00 UTC        
 READ IN fields at DATE: 2000-02-28 12:00:00 UTC        
 READ IN fields at DATE: 2000-02-28 18:00:00 UTC        
 READ IN fields at DATE: 2000-02-29 00:00:00 UTC        
 READ IN fields at DATE: 2000-02-29 06:00:00 UTC        
 READ IN fields at DATE: 2000-02-29 12:00:00 UTC        
 READ IN fields at DATE: 2000-02-29 18:00:00 UTC        
      131072 /leonardo_work/ICT25_ESP/RCMDATA//ERA5/2000/tatm_2000_03.nc
  2.081763532796096E-003   249.998936230050     
      196608 /leonardo_work/ICT25_ESP/RCMDATA//ERA5/2000/geop_2000_03.nc
   7.36420963484046        236420.692895183     
      262144 /leonardo_work/ICT25_ESP/RCMDATA//ERA5/2000/qhum_2000_03.nc
  3.689307446615275E-007  1.205129925272395E-002
      327680 /leonardo_work/ICT25_ESP/RCMDATA//ERA5/2000/uwnd_2000_03.nc
  3.664985663607100E-003   11.3612275047268     
      393216 /leonardo_work/ICT25_ESP/RCMDATA//ERA5/2000/vwnd_2000_03.nc
  3.465398057592406E-003 -0.386483065239734     
 READ IN fields at DATE: 2000-03-01 00:00:00 UTC        
 READ IN fields at DATE: 2000-03-01 06:00:00 UTC        
 READ IN fields at DATE: 2000-03-01 12:00:00 UTC        
 READ IN fields at DATE: 2000-03-01 18:00:00 UTC        
 READ IN fields at DATE: 2000-03-02 00:00:00 UTC        
 READ IN fields at DATE: 2000-03-02 06:00:00 UTC        
 READ IN fields at DATE: 2000-03-02 12:00:00 UTC        
 READ IN fields at DATE: 2000-03-02 18:00:00 UTC        
 READ IN fields at DATE: 2000-03-03 00:00:00 UTC        
 READ IN fields at DATE: 2000-03-03 06:00:00 UTC        
 READ IN fields at DATE: 2000-03-03 12:00:00 UTC        
 READ IN fields at DATE: 2000-03-03 18:00:00 UTC        
 READ IN fields at DATE: 2000-03-04 00:00:00 UTC        
 READ IN fields at DATE: 2000-03-04 06:00:00 UTC        
 READ IN fields at DATE: 2000-03-04 12:00:00 UTC        
 READ IN fields at DATE: 2000-03-04 18:00:00 UTC        
 READ IN fields at DATE: 2000-03-05 00:00:00 UTC        
 READ IN fields at DATE: 2000-03-05 06:00:00 UTC        
 READ IN fields at DATE: 2000-03-05 12:00:00 UTC        
 READ IN fields at DATE: 2000-03-05 18:00:00 UTC        
 READ IN fields at DATE: 2000-03-06 00:00:00 UTC        
 READ IN fields at DATE: 2000-03-06 06:00:00 UTC        
 READ IN fields at DATE: 2000-03-06 12:00:00 UTC        
 READ IN fields at DATE: 2000-03-06 18:00:00 UTC        
 READ IN fields at DATE: 2000-03-07 00:00:00 UTC        
 READ IN fields at DATE: 2000-03-07 06:00:00 UTC        
 READ IN fields at DATE: 2000-03-07 12:00:00 UTC        
 READ IN fields at DATE: 2000-03-07 18:00:00 UTC        
 READ IN fields at DATE: 2000-03-08 00:00:00 UTC        
 READ IN fields at DATE: 2000-03-08 06:00:00 UTC        
 READ IN fields at DATE: 2000-03-08 12:00:00 UTC        
 READ IN fields at DATE: 2000-03-08 18:00:00 UTC        
 READ IN fields at DATE: 2000-03-09 00:00:00 UTC        
 READ IN fields at DATE: 2000-03-09 06:00:00 UTC        
 READ IN fields at DATE: 2000-03-09 12:00:00 UTC        
 READ IN fields at DATE: 2000-03-09 18:00:00 UTC        
 READ IN fields at DATE: 2000-03-10 00:00:00 UTC        
 READ IN fields at DATE: 2000-03-10 06:00:00 UTC        
 READ IN fields at DATE: 2000-03-10 12:00:00 UTC        
 READ IN fields at DATE: 2000-03-10 18:00:00 UTC        
 READ IN fields at DATE: 2000-03-11 00:00:00 UTC        
 READ IN fields at DATE: 2000-03-11 06:00:00 UTC        
 READ IN fields at DATE: 2000-03-11 12:00:00 UTC        
 READ IN fields at DATE: 2000-03-11 18:00:00 UTC        
 READ IN fields at DATE: 2000-03-12 00:00:00 UTC        
 READ IN fields at DATE: 2000-03-12 06:00:00 UTC        
 READ IN fields at DATE: 2000-03-12 12:00:00 UTC        
 READ IN fields at DATE: 2000-03-12 18:00:00 UTC        
 READ IN fields at DATE: 2000-03-13 00:00:00 UTC        
 READ IN fields at DATE: 2000-03-13 06:00:00 UTC        
 READ IN fields at DATE: 2000-03-13 12:00:00 UTC        
 READ IN fields at DATE: 2000-03-13 18:00:00 UTC        
 READ IN fields at DATE: 2000-03-14 00:00:00 UTC        
 READ IN fields at DATE: 2000-03-14 06:00:00 UTC        
 READ IN fields at DATE: 2000-03-14 12:00:00 UTC        
 READ IN fields at DATE: 2000-03-14 18:00:00 UTC        
 READ IN fields at DATE: 2000-03-15 00:00:00 UTC        
 READ IN fields at DATE: 2000-03-15 06:00:00 UTC        
 READ IN fields at DATE: 2000-03-15 12:00:00 UTC        
 READ IN fields at DATE: 2000-03-15 18:00:00 UTC        
 READ IN fields at DATE: 2000-03-16 00:00:00 UTC        
 READ IN fields at DATE: 2000-03-16 06:00:00 UTC        
 READ IN fields at DATE: 2000-03-16 12:00:00 UTC        
 READ IN fields at DATE: 2000-03-16 18:00:00 UTC        
 READ IN fields at DATE: 2000-03-17 00:00:00 UTC        
 READ IN fields at DATE: 2000-03-17 06:00:00 UTC        
 READ IN fields at DATE: 2000-03-17 12:00:00 UTC        
 READ IN fields at DATE: 2000-03-17 18:00:00 UTC        
 READ IN fields at DATE: 2000-03-18 00:00:00 UTC        
 READ IN fields at DATE: 2000-03-18 06:00:00 UTC        
 READ IN fields at DATE: 2000-03-18 12:00:00 UTC        
 READ IN fields at DATE: 2000-03-18 18:00:00 UTC        
 READ IN fields at DATE: 2000-03-19 00:00:00 UTC        
 READ IN fields at DATE: 2000-03-19 06:00:00 UTC        
 READ IN fields at DATE: 2000-03-19 12:00:00 UTC        
 READ IN fields at DATE: 2000-03-19 18:00:00 UTC        
 READ IN fields at DATE: 2000-03-20 00:00:00 UTC        
 READ IN fields at DATE: 2000-03-20 06:00:00 UTC        
 READ IN fields at DATE: 2000-03-20 12:00:00 UTC        
 READ IN fields at DATE: 2000-03-20 18:00:00 UTC        
 READ IN fields at DATE: 2000-03-21 00:00:00 UTC        
 READ IN fields at DATE: 2000-03-21 06:00:00 UTC        
 READ IN fields at DATE: 2000-03-21 12:00:00 UTC        
 READ IN fields at DATE: 2000-03-21 18:00:00 UTC        
 READ IN fields at DATE: 2000-03-22 00:00:00 UTC        
 READ IN fields at DATE: 2000-03-22 06:00:00 UTC        
 READ IN fields at DATE: 2000-03-22 12:00:00 UTC        
 READ IN fields at DATE: 2000-03-22 18:00:00 UTC        
 READ IN fields at DATE: 2000-03-23 00:00:00 UTC        
 READ IN fields at DATE: 2000-03-23 06:00:00 UTC        
 READ IN fields at DATE: 2000-03-23 12:00:00 UTC        
 READ IN fields at DATE: 2000-03-23 18:00:00 UTC        
 READ IN fields at DATE: 2000-03-24 00:00:00 UTC        
 READ IN fields at DATE: 2000-03-24 06:00:00 UTC        
 READ IN fields at DATE: 2000-03-24 12:00:00 UTC        
 READ IN fields at DATE: 2000-03-24 18:00:00 UTC        
 READ IN fields at DATE: 2000-03-25 00:00:00 UTC        
 READ IN fields at DATE: 2000-03-25 06:00:00 UTC        
 READ IN fields at DATE: 2000-03-25 12:00:00 UTC        
 READ IN fields at DATE: 2000-03-25 18:00:00 UTC        
 READ IN fields at DATE: 2000-03-26 00:00:00 UTC        
 READ IN fields at DATE: 2000-03-26 06:00:00 UTC        
 READ IN fields at DATE: 2000-03-26 12:00:00 UTC        
 READ IN fields at DATE: 2000-03-26 18:00:00 UTC        
 READ IN fields at DATE: 2000-03-27 00:00:00 UTC        
 READ IN fields at DATE: 2000-03-27 06:00:00 UTC        
 READ IN fields at DATE: 2000-03-27 12:00:00 UTC        
 READ IN fields at DATE: 2000-03-27 18:00:00 UTC        
 READ IN fields at DATE: 2000-03-28 00:00:00 UTC        
 READ IN fields at DATE: 2000-03-28 06:00:00 UTC        
 READ IN fields at DATE: 2000-03-28 12:00:00 UTC        
 READ IN fields at DATE: 2000-03-28 18:00:00 UTC        
 READ IN fields at DATE: 2000-03-29 00:00:00 UTC        
 READ IN fields at DATE: 2000-03-29 06:00:00 UTC        
 READ IN fields at DATE: 2000-03-29 12:00:00 UTC        
 READ IN fields at DATE: 2000-03-29 18:00:00 UTC        
 READ IN fields at DATE: 2000-03-30 00:00:00 UTC        
 READ IN fields at DATE: 2000-03-30 06:00:00 UTC        
 READ IN fields at DATE: 2000-03-30 12:00:00 UTC        
 READ IN fields at DATE: 2000-03-30 18:00:00 UTC        
 READ IN fields at DATE: 2000-03-31 00:00:00 UTC        
 READ IN fields at DATE: 2000-03-31 06:00:00 UTC        
 READ IN fields at DATE: 2000-03-31 12:00:00 UTC        
 READ IN fields at DATE: 2000-03-31 18:00:00 UTC        
      131072 /leonardo_work/ICT25_ESP/RCMDATA//ERA5/2000/tatm_2000_04.nc
  2.091477206244731E-003   250.635238135909     
      196608 /leonardo_work/ICT25_ESP/RCMDATA//ERA5/2000/geop_2000_04.nc
   7.32937204585857        234138.778673352     
      262144 /leonardo_work/ICT25_ESP/RCMDATA//ERA5/2000/qhum_2000_04.nc
  3.763535585724261E-007  1.230677111647592E-002
      327680 /leonardo_work/ICT25_ESP/RCMDATA//ERA5/2000/uwnd_2000_04.nc
  2.439939364348200E-003   21.3566601458269     
      393216 /leonardo_work/ICT25_ESP/RCMDATA//ERA5/2000/vwnd_2000_04.nc
  2.674956088365666E-003  -2.10887379396215     
 READ IN fields at DATE: 2000-04-01 00:00:00 UTC        
 READ IN fields at DATE: 2000-04-01 06:00:00 UTC        
 READ IN fields at DATE: 2000-04-01 12:00:00 UTC        
 READ IN fields at DATE: 2000-04-01 18:00:00 UTC        
 READ IN fields at DATE: 2000-04-02 00:00:00 UTC        
 READ IN fields at DATE: 2000-04-02 06:00:00 UTC        
 READ IN fields at DATE: 2000-04-02 12:00:00 UTC        
 READ IN fields at DATE: 2000-04-02 18:00:00 UTC        
 READ IN fields at DATE: 2000-04-03 00:00:00 UTC        
 READ IN fields at DATE: 2000-04-03 06:00:00 UTC        
 READ IN fields at DATE: 2000-04-03 12:00:00 UTC        
 READ IN fields at DATE: 2000-04-03 18:00:00 UTC        
 READ IN fields at DATE: 2000-04-04 00:00:00 UTC        
 READ IN fields at DATE: 2000-04-04 06:00:00 UTC        
 READ IN fields at DATE: 2000-04-04 12:00:00 UTC        
 READ IN fields at DATE: 2000-04-04 18:00:00 UTC        
 READ IN fields at DATE: 2000-04-05 00:00:00 UTC        
 READ IN fields at DATE: 2000-04-05 06:00:00 UTC        
 READ IN fields at DATE: 2000-04-05 12:00:00 UTC        
 READ IN fields at DATE: 2000-04-05 18:00:00 UTC        
 READ IN fields at DATE: 2000-04-06 00:00:00 UTC        
 READ IN fields at DATE: 2000-04-06 06:00:00 UTC        
 READ IN fields at DATE: 2000-04-06 12:00:00 UTC        
 READ IN fields at DATE: 2000-04-06 18:00:00 UTC        
 READ IN fields at DATE: 2000-04-07 00:00:00 UTC        
 READ IN fields at DATE: 2000-04-07 06:00:00 UTC        
 READ IN fields at DATE: 2000-04-07 12:00:00 UTC        
 READ IN fields at DATE: 2000-04-07 18:00:00 UTC        
 READ IN fields at DATE: 2000-04-08 00:00:00 UTC        
 READ IN fields at DATE: 2000-04-08 06:00:00 UTC        
 READ IN fields at DATE: 2000-04-08 12:00:00 UTC        
 READ IN fields at DATE: 2000-04-08 18:00:00 UTC        
 READ IN fields at DATE: 2000-04-09 00:00:00 UTC        
 READ IN fields at DATE: 2000-04-09 06:00:00 UTC        
 READ IN fields at DATE: 2000-04-09 12:00:00 UTC        
 READ IN fields at DATE: 2000-04-09 18:00:00 UTC        
 READ IN fields at DATE: 2000-04-10 00:00:00 UTC        
 READ IN fields at DATE: 2000-04-10 06:00:00 UTC        
 READ IN fields at DATE: 2000-04-10 12:00:00 UTC        
 READ IN fields at DATE: 2000-04-10 18:00:00 UTC        
 READ IN fields at DATE: 2000-04-11 00:00:00 UTC        
 READ IN fields at DATE: 2000-04-11 06:00:00 UTC        
 READ IN fields at DATE: 2000-04-11 12:00:00 UTC        
 READ IN fields at DATE: 2000-04-11 18:00:00 UTC        
 READ IN fields at DATE: 2000-04-12 00:00:00 UTC        
 READ IN fields at DATE: 2000-04-12 06:00:00 UTC        
 READ IN fields at DATE: 2000-04-12 12:00:00 UTC        
 READ IN fields at DATE: 2000-04-12 18:00:00 UTC        
 READ IN fields at DATE: 2000-04-13 00:00:00 UTC        
 READ IN fields at DATE: 2000-04-13 06:00:00 UTC        
 READ IN fields at DATE: 2000-04-13 12:00:00 UTC        
 READ IN fields at DATE: 2000-04-13 18:00:00 UTC        
 READ IN fields at DATE: 2000-04-14 00:00:00 UTC        
 READ IN fields at DATE: 2000-04-14 06:00:00 UTC        
 READ IN fields at DATE: 2000-04-14 12:00:00 UTC        
 READ IN fields at DATE: 2000-04-14 18:00:00 UTC        
 READ IN fields at DATE: 2000-04-15 00:00:00 UTC        
 READ IN fields at DATE: 2000-04-15 06:00:00 UTC        
 READ IN fields at DATE: 2000-04-15 12:00:00 UTC        
 READ IN fields at DATE: 2000-04-15 18:00:00 UTC        
 READ IN fields at DATE: 2000-04-16 00:00:00 UTC        
 READ IN fields at DATE: 2000-04-16 06:00:00 UTC        
 READ IN fields at DATE: 2000-04-16 12:00:00 UTC        
 READ IN fields at DATE: 2000-04-16 18:00:00 UTC        
 READ IN fields at DATE: 2000-04-17 00:00:00 UTC        
 READ IN fields at DATE: 2000-04-17 06:00:00 UTC        
 READ IN fields at DATE: 2000-04-17 12:00:00 UTC        
 READ IN fields at DATE: 2000-04-17 18:00:00 UTC        
 READ IN fields at DATE: 2000-04-18 00:00:00 UTC        
 READ IN fields at DATE: 2000-04-18 06:00:00 UTC        
 READ IN fields at DATE: 2000-04-18 12:00:00 UTC        
 READ IN fields at DATE: 2000-04-18 18:00:00 UTC        
 READ IN fields at DATE: 2000-04-19 00:00:00 UTC        
 READ IN fields at DATE: 2000-04-19 06:00:00 UTC        
 READ IN fields at DATE: 2000-04-19 12:00:00 UTC        
 READ IN fields at DATE: 2000-04-19 18:00:00 UTC        
 READ IN fields at DATE: 2000-04-20 00:00:00 UTC        
 READ IN fields at DATE: 2000-04-20 06:00:00 UTC        
 READ IN fields at DATE: 2000-04-20 12:00:00 UTC        
 READ IN fields at DATE: 2000-04-20 18:00:00 UTC        
 READ IN fields at DATE: 2000-04-21 00:00:00 UTC        
 READ IN fields at DATE: 2000-04-21 06:00:00 UTC        
 READ IN fields at DATE: 2000-04-21 12:00:00 UTC        
 READ IN fields at DATE: 2000-04-21 18:00:00 UTC        
 READ IN fields at DATE: 2000-04-22 00:00:00 UTC        
 READ IN fields at DATE: 2000-04-22 06:00:00 UTC        
 READ IN fields at DATE: 2000-04-22 12:00:00 UTC        
 READ IN fields at DATE: 2000-04-22 18:00:00 UTC        
 READ IN fields at DATE: 2000-04-23 00:00:00 UTC        
 READ IN fields at DATE: 2000-04-23 06:00:00 UTC        
 READ IN fields at DATE: 2000-04-23 12:00:00 UTC        
 READ IN fields at DATE: 2000-04-23 18:00:00 UTC        
 READ IN fields at DATE: 2000-04-24 00:00:00 UTC        
 READ IN fields at DATE: 2000-04-24 06:00:00 UTC        
 READ IN fields at DATE: 2000-04-24 12:00:00 UTC        
 READ IN fields at DATE: 2000-04-24 18:00:00 UTC        
 READ IN fields at DATE: 2000-04-25 00:00:00 UTC        
 READ IN fields at DATE: 2000-04-25 06:00:00 UTC        
 READ IN fields at DATE: 2000-04-25 12:00:00 UTC        
 READ IN fields at DATE: 2000-04-25 18:00:00 UTC        
 READ IN fields at DATE: 2000-04-26 00:00:00 UTC        
 READ IN fields at DATE: 2000-04-26 06:00:00 UTC        
 READ IN fields at DATE: 2000-04-26 12:00:00 UTC        
 READ IN fields at DATE: 2000-04-26 18:00:00 UTC        
 READ IN fields at DATE: 2000-04-27 00:00:00 UTC        
 READ IN fields at DATE: 2000-04-27 06:00:00 UTC        
 READ IN fields at DATE: 2000-04-27 12:00:00 UTC        
 READ IN fields at DATE: 2000-04-27 18:00:00 UTC        
 READ IN fields at DATE: 2000-04-28 00:00:00 UTC        
 READ IN fields at DATE: 2000-04-28 06:00:00 UTC        
 READ IN fields at DATE: 2000-04-28 12:00:00 UTC        
 READ IN fields at DATE: 2000-04-28 18:00:00 UTC        
 READ IN fields at DATE: 2000-04-29 00:00:00 UTC        
 READ IN fields at DATE: 2000-04-29 06:00:00 UTC        
 READ IN fields at DATE: 2000-04-29 12:00:00 UTC        
 READ IN fields at DATE: 2000-04-29 18:00:00 UTC        
 READ IN fields at DATE: 2000-04-30 00:00:00 UTC        
 READ IN fields at DATE: 2000-04-30 06:00:00 UTC        
 READ IN fields at DATE: 2000-04-30 12:00:00 UTC        
 READ IN fields at DATE: 2000-04-30 18:00:00 UTC        
      131072 /leonardo_work/ICT25_ESP/RCMDATA//ERA5/2000/tatm_2000_05.nc
  2.189121301928752E-003   251.619068403216     
      196608 /leonardo_work/ICT25_ESP/RCMDATA//ERA5/2000/geop_2000_05.nc
   7.50505536094410        240199.975987945     
      262144 /leonardo_work/ICT25_ESP/RCMDATA//ERA5/2000/qhum_2000_05.nc
  4.024876311471893E-007  1.315266354284609E-002
      327680 /leonardo_work/ICT25_ESP/RCMDATA//ERA5/2000/uwnd_2000_05.nc
  3.094351006243991E-003   37.9642426194188     
      393216 /leonardo_work/ICT25_ESP/RCMDATA//ERA5/2000/vwnd_2000_05.nc
  2.481952768696926E-003   4.57247423357659     
 READ IN fields at DATE: 2000-05-01 00:00:00 UTC        
 READ IN fields at DATE: 2000-05-01 06:00:00 UTC        
 READ IN fields at DATE: 2000-05-01 12:00:00 UTC        
 READ IN fields at DATE: 2000-05-01 18:00:00 UTC        
 READ IN fields at DATE: 2000-05-02 00:00:00 UTC        
 READ IN fields at DATE: 2000-05-02 06:00:00 UTC        
 READ IN fields at DATE: 2000-05-02 12:00:00 UTC        
 READ IN fields at DATE: 2000-05-02 18:00:00 UTC        
 READ IN fields at DATE: 2000-05-03 00:00:00 UTC        
 READ IN fields at DATE: 2000-05-03 06:00:00 UTC        
 READ IN fields at DATE: 2000-05-03 12:00:00 UTC        
 READ IN fields at DATE: 2000-05-03 18:00:00 UTC        
 READ IN fields at DATE: 2000-05-04 00:00:00 UTC        
 READ IN fields at DATE: 2000-05-04 06:00:00 UTC        
 READ IN fields at DATE: 2000-05-04 12:00:00 UTC        
 READ IN fields at DATE: 2000-05-04 18:00:00 UTC        
 READ IN fields at DATE: 2000-05-05 00:00:00 UTC        
 READ IN fields at DATE: 2000-05-05 06:00:00 UTC        
 READ IN fields at DATE: 2000-05-05 12:00:00 UTC        
 READ IN fields at DATE: 2000-05-05 18:00:00 UTC        
 READ IN fields at DATE: 2000-05-06 00:00:00 UTC        
 READ IN fields at DATE: 2000-05-06 06:00:00 UTC        
 READ IN fields at DATE: 2000-05-06 12:00:00 UTC        
 READ IN fields at DATE: 2000-05-06 18:00:00 UTC        
 READ IN fields at DATE: 2000-05-07 00:00:00 UTC        
 READ IN fields at DATE: 2000-05-07 06:00:00 UTC        
 READ IN fields at DATE: 2000-05-07 12:00:00 UTC        
 READ IN fields at DATE: 2000-05-07 18:00:00 UTC        
 READ IN fields at DATE: 2000-05-08 00:00:00 UTC        
 READ IN fields at DATE: 2000-05-08 06:00:00 UTC        
 READ IN fields at DATE: 2000-05-08 12:00:00 UTC        
 READ IN fields at DATE: 2000-05-08 18:00:00 UTC        
 READ IN fields at DATE: 2000-05-09 00:00:00 UTC        
 READ IN fields at DATE: 2000-05-09 06:00:00 UTC        
 READ IN fields at DATE: 2000-05-09 12:00:00 UTC        
 READ IN fields at DATE: 2000-05-09 18:00:00 UTC        
 READ IN fields at DATE: 2000-05-10 00:00:00 UTC        
 READ IN fields at DATE: 2000-05-10 06:00:00 UTC        
 READ IN fields at DATE: 2000-05-10 12:00:00 UTC        
 READ IN fields at DATE: 2000-05-10 18:00:00 UTC        
 READ IN fields at DATE: 2000-05-11 00:00:00 UTC        
 READ IN fields at DATE: 2000-05-11 06:00:00 UTC        
 READ IN fields at DATE: 2000-05-11 12:00:00 UTC        
 READ IN fields at DATE: 2000-05-11 18:00:00 UTC        
 READ IN fields at DATE: 2000-05-12 00:00:00 UTC        
 READ IN fields at DATE: 2000-05-12 06:00:00 UTC        
 READ IN fields at DATE: 2000-05-12 12:00:00 UTC        
 READ IN fields at DATE: 2000-05-12 18:00:00 UTC        
 READ IN fields at DATE: 2000-05-13 00:00:00 UTC        
