
  This is icbc part of the RegCM version 5
   SVN Revision: 4.7.1-1870-ge1fff compiled at: data : Jun 07 2025  time: 08:09:19

 : this run start at    : 2025-06-14 00:12:59+0200
 : it is submitted by   : mdasilva
 : it is running on     : lrdn3477.leonardo.local
 : in directory         : 
 /leonardo/home/userexternal/mdasilva/github_projects/shell/ictp/regcm_exp/eur_1
 1
                       
 Using Moloch non-hydrostatic dynamical core
 GLOBIDATE1 :  2008-01-01 00:00:00 UTC        
 GLOBIDATE2 :  2009-01-01 00:00:00 UTC        
 NSTEPS     :         1465
 Computing weights, R =      38.21770477 .......... Done.
 Computing weights, R =      38.21770477 .......... Done.
 Computing weights, R =      38.21770477 .......... Done.
      131072 /leonardo_work/ICT25_ESP/RCMDATA//ERA5/2008/tatm_2008_01.nc
  2.159290838486788E-003   249.076122197842     
      196608 /leonardo_work/ICT25_ESP/RCMDATA//ERA5/2008/geop_2008_01.nc
   7.62255264046358        245304.380129930     
      262144 /leonardo_work/ICT25_ESP/RCMDATA//ERA5/2008/qhum_2008_01.nc
  3.862403853885998E-007  1.262454969956031E-002
      327680 /leonardo_work/ICT25_ESP/RCMDATA//ERA5/2008/uwnd_2008_01.nc
  5.733655132928019E-003   9.46016112653510     
      393216 /leonardo_work/ICT25_ESP/RCMDATA//ERA5/2008/vwnd_2008_01.nc
  5.410442067355378E-003  -1.33063185677587     
 READ IN fields at DATE: 2008-01-01 00:00:00 UTC        
 READ IN fields at DATE: 2008-01-01 06:00:00 UTC        
 READ IN fields at DATE: 2008-01-01 12:00:00 UTC        
 READ IN fields at DATE: 2008-01-01 18:00:00 UTC        
 READ IN fields at DATE: 2008-01-02 00:00:00 UTC        
 READ IN fields at DATE: 2008-01-02 06:00:00 UTC        
 READ IN fields at DATE: 2008-01-02 12:00:00 UTC        
 READ IN fields at DATE: 2008-01-02 18:00:00 UTC        
 READ IN fields at DATE: 2008-01-03 00:00:00 UTC        
 READ IN fields at DATE: 2008-01-03 06:00:00 UTC        
 READ IN fields at DATE: 2008-01-03 12:00:00 UTC        
 READ IN fields at DATE: 2008-01-03 18:00:00 UTC        
 READ IN fields at DATE: 2008-01-04 00:00:00 UTC        
 READ IN fields at DATE: 2008-01-04 06:00:00 UTC        
 READ IN fields at DATE: 2008-01-04 12:00:00 UTC        
 READ IN fields at DATE: 2008-01-04 18:00:00 UTC        
 READ IN fields at DATE: 2008-01-05 00:00:00 UTC        
 READ IN fields at DATE: 2008-01-05 06:00:00 UTC        
 READ IN fields at DATE: 2008-01-05 12:00:00 UTC        
 READ IN fields at DATE: 2008-01-05 18:00:00 UTC        
 READ IN fields at DATE: 2008-01-06 00:00:00 UTC        
 READ IN fields at DATE: 2008-01-06 06:00:00 UTC        
 READ IN fields at DATE: 2008-01-06 12:00:00 UTC        
 READ IN fields at DATE: 2008-01-06 18:00:00 UTC        
 READ IN fields at DATE: 2008-01-07 00:00:00 UTC        
 READ IN fields at DATE: 2008-01-07 06:00:00 UTC        
 READ IN fields at DATE: 2008-01-07 12:00:00 UTC        
 READ IN fields at DATE: 2008-01-07 18:00:00 UTC        
 READ IN fields at DATE: 2008-01-08 00:00:00 UTC        
 READ IN fields at DATE: 2008-01-08 06:00:00 UTC        
 READ IN fields at DATE: 2008-01-08 12:00:00 UTC        
 READ IN fields at DATE: 2008-01-08 18:00:00 UTC        
 READ IN fields at DATE: 2008-01-09 00:00:00 UTC        
 READ IN fields at DATE: 2008-01-09 06:00:00 UTC        
 READ IN fields at DATE: 2008-01-09 12:00:00 UTC        
 READ IN fields at DATE: 2008-01-09 18:00:00 UTC        
 READ IN fields at DATE: 2008-01-10 00:00:00 UTC        
 READ IN fields at DATE: 2008-01-10 06:00:00 UTC        
 READ IN fields at DATE: 2008-01-10 12:00:00 UTC        
 READ IN fields at DATE: 2008-01-10 18:00:00 UTC        
 READ IN fields at DATE: 2008-01-11 00:00:00 UTC        
 READ IN fields at DATE: 2008-01-11 06:00:00 UTC        
 READ IN fields at DATE: 2008-01-11 12:00:00 UTC        
 READ IN fields at DATE: 2008-01-11 18:00:00 UTC        
 READ IN fields at DATE: 2008-01-12 00:00:00 UTC        
 READ IN fields at DATE: 2008-01-12 06:00:00 UTC        
 READ IN fields at DATE: 2008-01-12 12:00:00 UTC        
 READ IN fields at DATE: 2008-01-12 18:00:00 UTC        
 READ IN fields at DATE: 2008-01-13 00:00:00 UTC        
 READ IN fields at DATE: 2008-01-13 06:00:00 UTC        
 READ IN fields at DATE: 2008-01-13 12:00:00 UTC        
 READ IN fields at DATE: 2008-01-13 18:00:00 UTC        
 READ IN fields at DATE: 2008-01-14 00:00:00 UTC        
 READ IN fields at DATE: 2008-01-14 06:00:00 UTC        
 READ IN fields at DATE: 2008-01-14 12:00:00 UTC        
 READ IN fields at DATE: 2008-01-14 18:00:00 UTC        
 READ IN fields at DATE: 2008-01-15 00:00:00 UTC        
 READ IN fields at DATE: 2008-01-15 06:00:00 UTC        
 READ IN fields at DATE: 2008-01-15 12:00:00 UTC        
 READ IN fields at DATE: 2008-01-15 18:00:00 UTC        
 READ IN fields at DATE: 2008-01-16 00:00:00 UTC        
 READ IN fields at DATE: 2008-01-16 06:00:00 UTC        
 READ IN fields at DATE: 2008-01-16 12:00:00 UTC        
 READ IN fields at DATE: 2008-01-16 18:00:00 UTC        
 READ IN fields at DATE: 2008-01-17 00:00:00 UTC        
 READ IN fields at DATE: 2008-01-17 06:00:00 UTC        
 READ IN fields at DATE: 2008-01-17 12:00:00 UTC        
 READ IN fields at DATE: 2008-01-17 18:00:00 UTC        
 READ IN fields at DATE: 2008-01-18 00:00:00 UTC        
 READ IN fields at DATE: 2008-01-18 06:00:00 UTC        
 READ IN fields at DATE: 2008-01-18 12:00:00 UTC        
 READ IN fields at DATE: 2008-01-18 18:00:00 UTC        
 READ IN fields at DATE: 2008-01-19 00:00:00 UTC        
 READ IN fields at DATE: 2008-01-19 06:00:00 UTC        
 READ IN fields at DATE: 2008-01-19 12:00:00 UTC        
 READ IN fields at DATE: 2008-01-19 18:00:00 UTC        
 READ IN fields at DATE: 2008-01-20 00:00:00 UTC        
 READ IN fields at DATE: 2008-01-20 06:00:00 UTC        
 READ IN fields at DATE: 2008-01-20 12:00:00 UTC        
 READ IN fields at DATE: 2008-01-20 18:00:00 UTC        
 READ IN fields at DATE: 2008-01-21 00:00:00 UTC        
 READ IN fields at DATE: 2008-01-21 06:00:00 UTC        
 READ IN fields at DATE: 2008-01-21 12:00:00 UTC        
 READ IN fields at DATE: 2008-01-21 18:00:00 UTC        
 READ IN fields at DATE: 2008-01-22 00:00:00 UTC        
 READ IN fields at DATE: 2008-01-22 06:00:00 UTC        
 READ IN fields at DATE: 2008-01-22 12:00:00 UTC        
 READ IN fields at DATE: 2008-01-22 18:00:00 UTC        
 READ IN fields at DATE: 2008-01-23 00:00:00 UTC        
 READ IN fields at DATE: 2008-01-23 06:00:00 UTC        
 READ IN fields at DATE: 2008-01-23 12:00:00 UTC        
 READ IN fields at DATE: 2008-01-23 18:00:00 UTC        
 READ IN fields at DATE: 2008-01-24 00:00:00 UTC        
 READ IN fields at DATE: 2008-01-24 06:00:00 UTC        
 READ IN fields at DATE: 2008-01-24 12:00:00 UTC        
 READ IN fields at DATE: 2008-01-24 18:00:00 UTC        
 READ IN fields at DATE: 2008-01-25 00:00:00 UTC        
 READ IN fields at DATE: 2008-01-25 06:00:00 UTC        
 READ IN fields at DATE: 2008-01-25 12:00:00 UTC        
 READ IN fields at DATE: 2008-01-25 18:00:00 UTC        
 READ IN fields at DATE: 2008-01-26 00:00:00 UTC        
 READ IN fields at DATE: 2008-01-26 06:00:00 UTC        
 READ IN fields at DATE: 2008-01-26 12:00:00 UTC        
 READ IN fields at DATE: 2008-01-26 18:00:00 UTC        
 READ IN fields at DATE: 2008-01-27 00:00:00 UTC        
 READ IN fields at DATE: 2008-01-27 06:00:00 UTC        
 READ IN fields at DATE: 2008-01-27 12:00:00 UTC        
 READ IN fields at DATE: 2008-01-27 18:00:00 UTC        
 READ IN fields at DATE: 2008-01-28 00:00:00 UTC        
 READ IN fields at DATE: 2008-01-28 06:00:00 UTC        
 READ IN fields at DATE: 2008-01-28 12:00:00 UTC        
 READ IN fields at DATE: 2008-01-28 18:00:00 UTC        
 READ IN fields at DATE: 2008-01-29 00:00:00 UTC        
 READ IN fields at DATE: 2008-01-29 06:00:00 UTC        
 READ IN fields at DATE: 2008-01-29 12:00:00 UTC        
 READ IN fields at DATE: 2008-01-29 18:00:00 UTC        
 READ IN fields at DATE: 2008-01-30 00:00:00 UTC        
 READ IN fields at DATE: 2008-01-30 06:00:00 UTC        
 READ IN fields at DATE: 2008-01-30 12:00:00 UTC        
 READ IN fields at DATE: 2008-01-30 18:00:00 UTC        
 READ IN fields at DATE: 2008-01-31 00:00:00 UTC        
 READ IN fields at DATE: 2008-01-31 06:00:00 UTC        
 READ IN fields at DATE: 2008-01-31 12:00:00 UTC        
 READ IN fields at DATE: 2008-01-31 18:00:00 UTC        
      131072 /leonardo_work/ICT25_ESP/RCMDATA//ERA5/2008/tatm_2008_02.nc
  2.222915655700778E-003   246.006342460629     
      196608 /leonardo_work/ICT25_ESP/RCMDATA//ERA5/2008/geop_2008_02.nc
   7.54018860249798        240858.515061949     
      262144 /leonardo_work/ICT25_ESP/RCMDATA//ERA5/2008/qhum_2008_02.nc
  3.819212904362821E-007  1.242715252424217E-002
      327680 /leonardo_work/ICT25_ESP/RCMDATA//ERA5/2008/uwnd_2008_02.nc
  4.781417330936203E-003   16.7560702898697     
      393216 /leonardo_work/ICT25_ESP/RCMDATA//ERA5/2008/vwnd_2008_02.nc
  4.463106738983127E-003  -5.35092540102574     
 READ IN fields at DATE: 2008-02-01 00:00:00 UTC        
 READ IN fields at DATE: 2008-02-01 06:00:00 UTC        
 READ IN fields at DATE: 2008-02-01 12:00:00 UTC        
 READ IN fields at DATE: 2008-02-01 18:00:00 UTC        
 READ IN fields at DATE: 2008-02-02 00:00:00 UTC        
 READ IN fields at DATE: 2008-02-02 06:00:00 UTC        
 READ IN fields at DATE: 2008-02-02 12:00:00 UTC        
 READ IN fields at DATE: 2008-02-02 18:00:00 UTC        
 READ IN fields at DATE: 2008-02-03 00:00:00 UTC        
 READ IN fields at DATE: 2008-02-03 06:00:00 UTC        
 READ IN fields at DATE: 2008-02-03 12:00:00 UTC        
 READ IN fields at DATE: 2008-02-03 18:00:00 UTC        
 READ IN fields at DATE: 2008-02-04 00:00:00 UTC        
 READ IN fields at DATE: 2008-02-04 06:00:00 UTC        
 READ IN fields at DATE: 2008-02-04 12:00:00 UTC        
 READ IN fields at DATE: 2008-02-04 18:00:00 UTC        
 READ IN fields at DATE: 2008-02-05 00:00:00 UTC        
 READ IN fields at DATE: 2008-02-05 06:00:00 UTC        
 READ IN fields at DATE: 2008-02-05 12:00:00 UTC        
 READ IN fields at DATE: 2008-02-05 18:00:00 UTC        
 READ IN fields at DATE: 2008-02-06 00:00:00 UTC        
 READ IN fields at DATE: 2008-02-06 06:00:00 UTC        
 READ IN fields at DATE: 2008-02-06 12:00:00 UTC        
 READ IN fields at DATE: 2008-02-06 18:00:00 UTC        
 READ IN fields at DATE: 2008-02-07 00:00:00 UTC        
 READ IN fields at DATE: 2008-02-07 06:00:00 UTC        
 READ IN fields at DATE: 2008-02-07 12:00:00 UTC        
 READ IN fields at DATE: 2008-02-07 18:00:00 UTC        
 READ IN fields at DATE: 2008-02-08 00:00:00 UTC        
 READ IN fields at DATE: 2008-02-08 06:00:00 UTC        
 READ IN fields at DATE: 2008-02-08 12:00:00 UTC        
 READ IN fields at DATE: 2008-02-08 18:00:00 UTC        
 READ IN fields at DATE: 2008-02-09 00:00:00 UTC        
 READ IN fields at DATE: 2008-02-09 06:00:00 UTC        
 READ IN fields at DATE: 2008-02-09 12:00:00 UTC        
 READ IN fields at DATE: 2008-02-09 18:00:00 UTC        
 READ IN fields at DATE: 2008-02-10 00:00:00 UTC        
 READ IN fields at DATE: 2008-02-10 06:00:00 UTC        
 READ IN fields at DATE: 2008-02-10 12:00:00 UTC        
 READ IN fields at DATE: 2008-02-10 18:00:00 UTC        
 READ IN fields at DATE: 2008-02-11 00:00:00 UTC        
 READ IN fields at DATE: 2008-02-11 06:00:00 UTC        
 READ IN fields at DATE: 2008-02-11 12:00:00 UTC        
 READ IN fields at DATE: 2008-02-11 18:00:00 UTC        
 READ IN fields at DATE: 2008-02-12 00:00:00 UTC        
 READ IN fields at DATE: 2008-02-12 06:00:00 UTC        
 READ IN fields at DATE: 2008-02-12 12:00:00 UTC        
 READ IN fields at DATE: 2008-02-12 18:00:00 UTC        
 READ IN fields at DATE: 2008-02-13 00:00:00 UTC        
 READ IN fields at DATE: 2008-02-13 06:00:00 UTC        
 READ IN fields at DATE: 2008-02-13 12:00:00 UTC        
 READ IN fields at DATE: 2008-02-13 18:00:00 UTC        
 READ IN fields at DATE: 2008-02-14 00:00:00 UTC        
 READ IN fields at DATE: 2008-02-14 06:00:00 UTC        
 READ IN fields at DATE: 2008-02-14 12:00:00 UTC        
 READ IN fields at DATE: 2008-02-14 18:00:00 UTC        
 READ IN fields at DATE: 2008-02-15 00:00:00 UTC        
 READ IN fields at DATE: 2008-02-15 06:00:00 UTC        
 READ IN fields at DATE: 2008-02-15 12:00:00 UTC        
 READ IN fields at DATE: 2008-02-15 18:00:00 UTC        
 READ IN fields at DATE: 2008-02-16 00:00:00 UTC        
 READ IN fields at DATE: 2008-02-16 06:00:00 UTC        
 READ IN fields at DATE: 2008-02-16 12:00:00 UTC        
 READ IN fields at DATE: 2008-02-16 18:00:00 UTC        
 READ IN fields at DATE: 2008-02-17 00:00:00 UTC        
 READ IN fields at DATE: 2008-02-17 06:00:00 UTC        
 READ IN fields at DATE: 2008-02-17 12:00:00 UTC        
 READ IN fields at DATE: 2008-02-17 18:00:00 UTC        
 READ IN fields at DATE: 2008-02-18 00:00:00 UTC        
 READ IN fields at DATE: 2008-02-18 06:00:00 UTC        
 READ IN fields at DATE: 2008-02-18 12:00:00 UTC        
 READ IN fields at DATE: 2008-02-18 18:00:00 UTC        
 READ IN fields at DATE: 2008-02-19 00:00:00 UTC        
 READ IN fields at DATE: 2008-02-19 06:00:00 UTC        
 READ IN fields at DATE: 2008-02-19 12:00:00 UTC        
 READ IN fields at DATE: 2008-02-19 18:00:00 UTC        
 READ IN fields at DATE: 2008-02-20 00:00:00 UTC        
 READ IN fields at DATE: 2008-02-20 06:00:00 UTC        
 READ IN fields at DATE: 2008-02-20 12:00:00 UTC        
 READ IN fields at DATE: 2008-02-20 18:00:00 UTC        
 READ IN fields at DATE: 2008-02-21 00:00:00 UTC        
 READ IN fields at DATE: 2008-02-21 06:00:00 UTC        
 READ IN fields at DATE: 2008-02-21 12:00:00 UTC        
 READ IN fields at DATE: 2008-02-21 18:00:00 UTC        
 READ IN fields at DATE: 2008-02-22 00:00:00 UTC        
 READ IN fields at DATE: 2008-02-22 06:00:00 UTC        
 READ IN fields at DATE: 2008-02-22 12:00:00 UTC        
 READ IN fields at DATE: 2008-02-22 18:00:00 UTC        
 READ IN fields at DATE: 2008-02-23 00:00:00 UTC        
 READ IN fields at DATE: 2008-02-23 06:00:00 UTC        
 READ IN fields at DATE: 2008-02-23 12:00:00 UTC        
 READ IN fields at DATE: 2008-02-23 18:00:00 UTC        
 READ IN fields at DATE: 2008-02-24 00:00:00 UTC        
 READ IN fields at DATE: 2008-02-24 06:00:00 UTC        
 READ IN fields at DATE: 2008-02-24 12:00:00 UTC        
 READ IN fields at DATE: 2008-02-24 18:00:00 UTC        
 READ IN fields at DATE: 2008-02-25 00:00:00 UTC        
 READ IN fields at DATE: 2008-02-25 06:00:00 UTC        
 READ IN fields at DATE: 2008-02-25 12:00:00 UTC        
 READ IN fields at DATE: 2008-02-25 18:00:00 UTC        
 READ IN fields at DATE: 2008-02-26 00:00:00 UTC        
 READ IN fields at DATE: 2008-02-26 06:00:00 UTC        
 READ IN fields at DATE: 2008-02-26 12:00:00 UTC        
 READ IN fields at DATE: 2008-02-26 18:00:00 UTC        
 READ IN fields at DATE: 2008-02-27 00:00:00 UTC        
 READ IN fields at DATE: 2008-02-27 06:00:00 UTC        
 READ IN fields at DATE: 2008-02-27 12:00:00 UTC        
 READ IN fields at DATE: 2008-02-27 18:00:00 UTC        
 READ IN fields at DATE: 2008-02-28 00:00:00 UTC        
 READ IN fields at DATE: 2008-02-28 06:00:00 UTC        
 READ IN fields at DATE: 2008-02-28 12:00:00 UTC        
 READ IN fields at DATE: 2008-02-28 18:00:00 UTC        
 READ IN fields at DATE: 2008-02-29 00:00:00 UTC        
 READ IN fields at DATE: 2008-02-29 06:00:00 UTC        
 READ IN fields at DATE: 2008-02-29 12:00:00 UTC        
 READ IN fields at DATE: 2008-02-29 18:00:00 UTC        
      131072 /leonardo_work/ICT25_ESP/RCMDATA//ERA5/2008/tatm_2008_03.nc
  2.067752307431228E-003   249.862689878729     
      196608 /leonardo_work/ICT25_ESP/RCMDATA//ERA5/2008/geop_2008_03.nc
   7.37519849255337        235899.745994504     
      262144 /leonardo_work/ICT25_ESP/RCMDATA//ERA5/2008/qhum_2008_03.nc
  3.615360152803002E-007  1.182803317667428E-002
      327680 /leonardo_work/ICT25_ESP/RCMDATA//ERA5/2008/uwnd_2008_03.nc
  2.889618771655359E-003   24.8097734523329     
      393216 /leonardo_work/ICT25_ESP/RCMDATA//ERA5/2008/vwnd_2008_03.nc
  2.791051693049089E-003  0.559784588899569     
 READ IN fields at DATE: 2008-03-01 00:00:00 UTC        
 READ IN fields at DATE: 2008-03-01 06:00:00 UTC        
 READ IN fields at DATE: 2008-03-01 12:00:00 UTC        
 READ IN fields at DATE: 2008-03-01 18:00:00 UTC        
 READ IN fields at DATE: 2008-03-02 00:00:00 UTC        
 READ IN fields at DATE: 2008-03-02 06:00:00 UTC        
 READ IN fields at DATE: 2008-03-02 12:00:00 UTC        
 READ IN fields at DATE: 2008-03-02 18:00:00 UTC        
 READ IN fields at DATE: 2008-03-03 00:00:00 UTC        
 READ IN fields at DATE: 2008-03-03 06:00:00 UTC        
 READ IN fields at DATE: 2008-03-03 12:00:00 UTC        
 READ IN fields at DATE: 2008-03-03 18:00:00 UTC        
 READ IN fields at DATE: 2008-03-04 00:00:00 UTC        
 READ IN fields at DATE: 2008-03-04 06:00:00 UTC        
 READ IN fields at DATE: 2008-03-04 12:00:00 UTC        
 READ IN fields at DATE: 2008-03-04 18:00:00 UTC        
 READ IN fields at DATE: 2008-03-05 00:00:00 UTC        
 READ IN fields at DATE: 2008-03-05 06:00:00 UTC        
 READ IN fields at DATE: 2008-03-05 12:00:00 UTC        
 READ IN fields at DATE: 2008-03-05 18:00:00 UTC        
 READ IN fields at DATE: 2008-03-06 00:00:00 UTC        
 READ IN fields at DATE: 2008-03-06 06:00:00 UTC        
 READ IN fields at DATE: 2008-03-06 12:00:00 UTC        
 READ IN fields at DATE: 2008-03-06 18:00:00 UTC        
 READ IN fields at DATE: 2008-03-07 00:00:00 UTC        
 READ IN fields at DATE: 2008-03-07 06:00:00 UTC        
 READ IN fields at DATE: 2008-03-07 12:00:00 UTC        
 READ IN fields at DATE: 2008-03-07 18:00:00 UTC        
 READ IN fields at DATE: 2008-03-08 00:00:00 UTC        
 READ IN fields at DATE: 2008-03-08 06:00:00 UTC        
 READ IN fields at DATE: 2008-03-08 12:00:00 UTC        
 READ IN fields at DATE: 2008-03-08 18:00:00 UTC        
 READ IN fields at DATE: 2008-03-09 00:00:00 UTC        
 READ IN fields at DATE: 2008-03-09 06:00:00 UTC        
 READ IN fields at DATE: 2008-03-09 12:00:00 UTC        
 READ IN fields at DATE: 2008-03-09 18:00:00 UTC        
 READ IN fields at DATE: 2008-03-10 00:00:00 UTC        
 READ IN fields at DATE: 2008-03-10 06:00:00 UTC        
 READ IN fields at DATE: 2008-03-10 12:00:00 UTC        
 READ IN fields at DATE: 2008-03-10 18:00:00 UTC        
 READ IN fields at DATE: 2008-03-11 00:00:00 UTC        
 READ IN fields at DATE: 2008-03-11 06:00:00 UTC        
 READ IN fields at DATE: 2008-03-11 12:00:00 UTC        
 READ IN fields at DATE: 2008-03-11 18:00:00 UTC        
 READ IN fields at DATE: 2008-03-12 00:00:00 UTC        
 READ IN fields at DATE: 2008-03-12 06:00:00 UTC        
 READ IN fields at DATE: 2008-03-12 12:00:00 UTC        
 READ IN fields at DATE: 2008-03-12 18:00:00 UTC        
 READ IN fields at DATE: 2008-03-13 00:00:00 UTC        
 READ IN fields at DATE: 2008-03-13 06:00:00 UTC        
 READ IN fields at DATE: 2008-03-13 12:00:00 UTC        
 READ IN fields at DATE: 2008-03-13 18:00:00 UTC        
 READ IN fields at DATE: 2008-03-14 00:00:00 UTC        
 READ IN fields at DATE: 2008-03-14 06:00:00 UTC        
 READ IN fields at DATE: 2008-03-14 12:00:00 UTC        
 READ IN fields at DATE: 2008-03-14 18:00:00 UTC        
 READ IN fields at DATE: 2008-03-15 00:00:00 UTC        
 READ IN fields at DATE: 2008-03-15 06:00:00 UTC        
 READ IN fields at DATE: 2008-03-15 12:00:00 UTC        
 READ IN fields at DATE: 2008-03-15 18:00:00 UTC        
 READ IN fields at DATE: 2008-03-16 00:00:00 UTC        
 READ IN fields at DATE: 2008-03-16 06:00:00 UTC        
 READ IN fields at DATE: 2008-03-16 12:00:00 UTC        
 READ IN fields at DATE: 2008-03-16 18:00:00 UTC        
 READ IN fields at DATE: 2008-03-17 00:00:00 UTC        
 READ IN fields at DATE: 2008-03-17 06:00:00 UTC        
 READ IN fields at DATE: 2008-03-17 12:00:00 UTC        
 READ IN fields at DATE: 2008-03-17 18:00:00 UTC        
 READ IN fields at DATE: 2008-03-18 00:00:00 UTC        
 READ IN fields at DATE: 2008-03-18 06:00:00 UTC        
 READ IN fields at DATE: 2008-03-18 12:00:00 UTC        
 READ IN fields at DATE: 2008-03-18 18:00:00 UTC        
 READ IN fields at DATE: 2008-03-19 00:00:00 UTC        
 READ IN fields at DATE: 2008-03-19 06:00:00 UTC        
 READ IN fields at DATE: 2008-03-19 12:00:00 UTC        
 READ IN fields at DATE: 2008-03-19 18:00:00 UTC        
 READ IN fields at DATE: 2008-03-20 00:00:00 UTC        
 READ IN fields at DATE: 2008-03-20 06:00:00 UTC        
 READ IN fields at DATE: 2008-03-20 12:00:00 UTC        
 READ IN fields at DATE: 2008-03-20 18:00:00 UTC        
 READ IN fields at DATE: 2008-03-21 00:00:00 UTC        
 READ IN fields at DATE: 2008-03-21 06:00:00 UTC        
 READ IN fields at DATE: 2008-03-21 12:00:00 UTC        
 READ IN fields at DATE: 2008-03-21 18:00:00 UTC        
 READ IN fields at DATE: 2008-03-22 00:00:00 UTC        
 READ IN fields at DATE: 2008-03-22 06:00:00 UTC        
 READ IN fields at DATE: 2008-03-22 12:00:00 UTC        
 READ IN fields at DATE: 2008-03-22 18:00:00 UTC        
 READ IN fields at DATE: 2008-03-23 00:00:00 UTC        
 READ IN fields at DATE: 2008-03-23 06:00:00 UTC        
 READ IN fields at DATE: 2008-03-23 12:00:00 UTC        
 READ IN fields at DATE: 2008-03-23 18:00:00 UTC        
 READ IN fields at DATE: 2008-03-24 00:00:00 UTC        
 READ IN fields at DATE: 2008-03-24 06:00:00 UTC        
 READ IN fields at DATE: 2008-03-24 12:00:00 UTC        
 READ IN fields at DATE: 2008-03-24 18:00:00 UTC        
 READ IN fields at DATE: 2008-03-25 00:00:00 UTC        
 READ IN fields at DATE: 2008-03-25 06:00:00 UTC        
 READ IN fields at DATE: 2008-03-25 12:00:00 UTC        
 READ IN fields at DATE: 2008-03-25 18:00:00 UTC        
 READ IN fields at DATE: 2008-03-26 00:00:00 UTC        
 READ IN fields at DATE: 2008-03-26 06:00:00 UTC        
 READ IN fields at DATE: 2008-03-26 12:00:00 UTC        
 READ IN fields at DATE: 2008-03-26 18:00:00 UTC        
 READ IN fields at DATE: 2008-03-27 00:00:00 UTC        
 READ IN fields at DATE: 2008-03-27 06:00:00 UTC        
 READ IN fields at DATE: 2008-03-27 12:00:00 UTC        
 READ IN fields at DATE: 2008-03-27 18:00:00 UTC        
 READ IN fields at DATE: 2008-03-28 00:00:00 UTC        
 READ IN fields at DATE: 2008-03-28 06:00:00 UTC        
 READ IN fields at DATE: 2008-03-28 12:00:00 UTC        
 READ IN fields at DATE: 2008-03-28 18:00:00 UTC        
 READ IN fields at DATE: 2008-03-29 00:00:00 UTC        
 READ IN fields at DATE: 2008-03-29 06:00:00 UTC        
 READ IN fields at DATE: 2008-03-29 12:00:00 UTC        
 READ IN fields at DATE: 2008-03-29 18:00:00 UTC        
 READ IN fields at DATE: 2008-03-30 00:00:00 UTC        
 READ IN fields at DATE: 2008-03-30 06:00:00 UTC        
 READ IN fields at DATE: 2008-03-30 12:00:00 UTC        
 READ IN fields at DATE: 2008-03-30 18:00:00 UTC        
 READ IN fields at DATE: 2008-03-31 00:00:00 UTC        
 READ IN fields at DATE: 2008-03-31 06:00:00 UTC        
 READ IN fields at DATE: 2008-03-31 12:00:00 UTC        
 READ IN fields at DATE: 2008-03-31 18:00:00 UTC        
      131072 /leonardo_work/ICT25_ESP/RCMDATA//ERA5/2008/tatm_2008_04.nc
  2.081585642041152E-003   249.704212808253     
      196608 /leonardo_work/ICT25_ESP/RCMDATA//ERA5/2008/geop_2008_04.nc
   7.33495582616773        234974.502443962     
      262144 /leonardo_work/ICT25_ESP/RCMDATA//ERA5/2008/qhum_2008_04.nc
  3.717541506164355E-007  1.212388279372532E-002
      327680 /leonardo_work/ICT25_ESP/RCMDATA//ERA5/2008/uwnd_2008_04.nc
  2.500335356670852E-003   23.1359034578099     
      393216 /leonardo_work/ICT25_ESP/RCMDATA//ERA5/2008/vwnd_2008_04.nc
  2.518570556100433E-003   1.36837725036648     
 READ IN fields at DATE: 2008-04-01 00:00:00 UTC        
 READ IN fields at DATE: 2008-04-01 06:00:00 UTC        
 READ IN fields at DATE: 2008-04-01 12:00:00 UTC        
 READ IN fields at DATE: 2008-04-01 18:00:00 UTC        
 READ IN fields at DATE: 2008-04-02 00:00:00 UTC        
 READ IN fields at DATE: 2008-04-02 06:00:00 UTC        
 READ IN fields at DATE: 2008-04-02 12:00:00 UTC        
 READ IN fields at DATE: 2008-04-02 18:00:00 UTC        
 READ IN fields at DATE: 2008-04-03 00:00:00 UTC        
 READ IN fields at DATE: 2008-04-03 06:00:00 UTC        
 READ IN fields at DATE: 2008-04-03 12:00:00 UTC        
 READ IN fields at DATE: 2008-04-03 18:00:00 UTC        
 READ IN fields at DATE: 2008-04-04 00:00:00 UTC        
 READ IN fields at DATE: 2008-04-04 06:00:00 UTC        
 READ IN fields at DATE: 2008-04-04 12:00:00 UTC        
 READ IN fields at DATE: 2008-04-04 18:00:00 UTC        
 READ IN fields at DATE: 2008-04-05 00:00:00 UTC        
 READ IN fields at DATE: 2008-04-05 06:00:00 UTC        
 READ IN fields at DATE: 2008-04-05 12:00:00 UTC        
 READ IN fields at DATE: 2008-04-05 18:00:00 UTC        
 READ IN fields at DATE: 2008-04-06 00:00:00 UTC        
 READ IN fields at DATE: 2008-04-06 06:00:00 UTC        
 READ IN fields at DATE: 2008-04-06 12:00:00 UTC        
 READ IN fields at DATE: 2008-04-06 18:00:00 UTC        
 READ IN fields at DATE: 2008-04-07 00:00:00 UTC        
 READ IN fields at DATE: 2008-04-07 06:00:00 UTC        
 READ IN fields at DATE: 2008-04-07 12:00:00 UTC        
 READ IN fields at DATE: 2008-04-07 18:00:00 UTC        
 READ IN fields at DATE: 2008-04-08 00:00:00 UTC        
 READ IN fields at DATE: 2008-04-08 06:00:00 UTC        
 READ IN fields at DATE: 2008-04-08 12:00:00 UTC        
 READ IN fields at DATE: 2008-04-08 18:00:00 UTC        
 READ IN fields at DATE: 2008-04-09 00:00:00 UTC        
 READ IN fields at DATE: 2008-04-09 06:00:00 UTC        
 READ IN fields at DATE: 2008-04-09 12:00:00 UTC        
 READ IN fields at DATE: 2008-04-09 18:00:00 UTC        
 READ IN fields at DATE: 2008-04-10 00:00:00 UTC        
 READ IN fields at DATE: 2008-04-10 06:00:00 UTC        
 READ IN fields at DATE: 2008-04-10 12:00:00 UTC        
 READ IN fields at DATE: 2008-04-10 18:00:00 UTC        
 READ IN fields at DATE: 2008-04-11 00:00:00 UTC        
 READ IN fields at DATE: 2008-04-11 06:00:00 UTC        
 READ IN fields at DATE: 2008-04-11 12:00:00 UTC        
 READ IN fields at DATE: 2008-04-11 18:00:00 UTC        
 READ IN fields at DATE: 2008-04-12 00:00:00 UTC        
 READ IN fields at DATE: 2008-04-12 06:00:00 UTC        
 READ IN fields at DATE: 2008-04-12 12:00:00 UTC        
 READ IN fields at DATE: 2008-04-12 18:00:00 UTC        
 READ IN fields at DATE: 2008-04-13 00:00:00 UTC        
 READ IN fields at DATE: 2008-04-13 06:00:00 UTC        
 READ IN fields at DATE: 2008-04-13 12:00:00 UTC        
 READ IN fields at DATE: 2008-04-13 18:00:00 UTC        
 READ IN fields at DATE: 2008-04-14 00:00:00 UTC        
 READ IN fields at DATE: 2008-04-14 06:00:00 UTC        
 READ IN fields at DATE: 2008-04-14 12:00:00 UTC        
 READ IN fields at DATE: 2008-04-14 18:00:00 UTC        
 READ IN fields at DATE: 2008-04-15 00:00:00 UTC        
 READ IN fields at DATE: 2008-04-15 06:00:00 UTC        
 READ IN fields at DATE: 2008-04-15 12:00:00 UTC        
 READ IN fields at DATE: 2008-04-15 18:00:00 UTC        
 READ IN fields at DATE: 2008-04-16 00:00:00 UTC        
 READ IN fields at DATE: 2008-04-16 06:00:00 UTC        
 READ IN fields at DATE: 2008-04-16 12:00:00 UTC        
 READ IN fields at DATE: 2008-04-16 18:00:00 UTC        
 READ IN fields at DATE: 2008-04-17 00:00:00 UTC        
 READ IN fields at DATE: 2008-04-17 06:00:00 UTC        
 READ IN fields at DATE: 2008-04-17 12:00:00 UTC        
 READ IN fields at DATE: 2008-04-17 18:00:00 UTC        
 READ IN fields at DATE: 2008-04-18 00:00:00 UTC        
 READ IN fields at DATE: 2008-04-18 06:00:00 UTC        
 READ IN fields at DATE: 2008-04-18 12:00:00 UTC        
 READ IN fields at DATE: 2008-04-18 18:00:00 UTC        
 READ IN fields at DATE: 2008-04-19 00:00:00 UTC        
 READ IN fields at DATE: 2008-04-19 06:00:00 UTC        
 READ IN fields at DATE: 2008-04-19 12:00:00 UTC        
 READ IN fields at DATE: 2008-04-19 18:00:00 UTC        
 READ IN fields at DATE: 2008-04-20 00:00:00 UTC        
 READ IN fields at DATE: 2008-04-20 06:00:00 UTC        
 READ IN fields at DATE: 2008-04-20 12:00:00 UTC        
 READ IN fields at DATE: 2008-04-20 18:00:00 UTC        
 READ IN fields at DATE: 2008-04-21 00:00:00 UTC        
 READ IN fields at DATE: 2008-04-21 06:00:00 UTC        
 READ IN fields at DATE: 2008-04-21 12:00:00 UTC        
 READ IN fields at DATE: 2008-04-21 18:00:00 UTC        
 READ IN fields at DATE: 2008-04-22 00:00:00 UTC        
 READ IN fields at DATE: 2008-04-22 06:00:00 UTC        
 READ IN fields at DATE: 2008-04-22 12:00:00 UTC        
 READ IN fields at DATE: 2008-04-22 18:00:00 UTC        
 READ IN fields at DATE: 2008-04-23 00:00:00 UTC        
 READ IN fields at DATE: 2008-04-23 06:00:00 UTC        
 READ IN fields at DATE: 2008-04-23 12:00:00 UTC        
 READ IN fields at DATE: 2008-04-23 18:00:00 UTC        
 READ IN fields at DATE: 2008-04-24 00:00:00 UTC        
 READ IN fields at DATE: 2008-04-24 06:00:00 UTC        
 READ IN fields at DATE: 2008-04-24 12:00:00 UTC        
 READ IN fields at DATE: 2008-04-24 18:00:00 UTC        
 READ IN fields at DATE: 2008-04-25 00:00:00 UTC        
 READ IN fields at DATE: 2008-04-25 06:00:00 UTC        
 READ IN fields at DATE: 2008-04-25 12:00:00 UTC        
 READ IN fields at DATE: 2008-04-25 18:00:00 UTC        
 READ IN fields at DATE: 2008-04-26 00:00:00 UTC        
 READ IN fields at DATE: 2008-04-26 06:00:00 UTC        
 READ IN fields at DATE: 2008-04-26 12:00:00 UTC        
 READ IN fields at DATE: 2008-04-26 18:00:00 UTC        
 READ IN fields at DATE: 2008-04-27 00:00:00 UTC        
 READ IN fields at DATE: 2008-04-27 06:00:00 UTC        
 READ IN fields at DATE: 2008-04-27 12:00:00 UTC        
 READ IN fields at DATE: 2008-04-27 18:00:00 UTC        
 READ IN fields at DATE: 2008-04-28 00:00:00 UTC        
 READ IN fields at DATE: 2008-04-28 06:00:00 UTC        
 READ IN fields at DATE: 2008-04-28 12:00:00 UTC        
 READ IN fields at DATE: 2008-04-28 18:00:00 UTC        
 READ IN fields at DATE: 2008-04-29 00:00:00 UTC        
 READ IN fields at DATE: 2008-04-29 06:00:00 UTC        
 READ IN fields at DATE: 2008-04-29 12:00:00 UTC        
 READ IN fields at DATE: 2008-04-29 18:00:00 UTC        
 READ IN fields at DATE: 2008-04-30 00:00:00 UTC        
 READ IN fields at DATE: 2008-04-30 06:00:00 UTC        
 READ IN fields at DATE: 2008-04-30 12:00:00 UTC        
 READ IN fields at DATE: 2008-04-30 18:00:00 UTC        
      131072 /leonardo_work/ICT25_ESP/RCMDATA//ERA5/2008/tatm_2008_05.nc
  2.221515115267547E-003   249.174884115489     
      196608 /leonardo_work/ICT25_ESP/RCMDATA//ERA5/2008/geop_2008_05.nc
   7.50045540033266        240131.202897300     
      262144 /leonardo_work/ICT25_ESP/RCMDATA//ERA5/2008/qhum_2008_05.nc
  3.977163228219907E-007  1.295991118116876E-002
      327680 /leonardo_work/ICT25_ESP/RCMDATA//ERA5/2008/uwnd_2008_05.nc
  3.161258652978866E-003   46.8130174541696     
      393216 /leonardo_work/ICT25_ESP/RCMDATA//ERA5/2008/vwnd_2008_05.nc
  2.738452610022098E-003  -3.37171529564095     
 READ IN fields at DATE: 2008-05-01 00:00:00 UTC        
 READ IN fields at DATE: 2008-05-01 06:00:00 UTC        
 READ IN fields at DATE: 2008-05-01 12:00:00 UTC        
 READ IN fields at DATE: 2008-05-01 18:00:00 UTC        
 READ IN fields at DATE: 2008-05-02 00:00:00 UTC        
 READ IN fields at DATE: 2008-05-02 06:00:00 UTC        
 READ IN fields at DATE: 2008-05-02 12:00:00 UTC        
 READ IN fields at DATE: 2008-05-02 18:00:00 UTC        
 READ IN fields at DATE: 2008-05-03 00:00:00 UTC        
 READ IN fields at DATE: 2008-05-03 06:00:00 UTC        
 READ IN fields at DATE: 2008-05-03 12:00:00 UTC        
 READ IN fields at DATE: 2008-05-03 18:00:00 UTC        
 READ IN fields at DATE: 2008-05-04 00:00:00 UTC        
 READ IN fields at DATE: 2008-05-04 06:00:00 UTC        
 READ IN fields at DATE: 2008-05-04 12:00:00 UTC        
 READ IN fields at DATE: 2008-05-04 18:00:00 UTC        
 READ IN fields at DATE: 2008-05-05 00:00:00 UTC        
 READ IN fields at DATE: 2008-05-05 06:00:00 UTC        
 READ IN fields at DATE: 2008-05-05 12:00:00 UTC        
 READ IN fields at DATE: 2008-05-05 18:00:00 UTC        
 READ IN fields at DATE: 2008-05-06 00:00:00 UTC        
 READ IN fields at DATE: 2008-05-06 06:00:00 UTC        
 READ IN fields at DATE: 2008-05-06 12:00:00 UTC        
 READ IN fields at DATE: 2008-05-06 18:00:00 UTC        
 READ IN fields at DATE: 2008-05-07 00:00:00 UTC        
 READ IN fields at DATE: 2008-05-07 06:00:00 UTC        
 READ IN fields at DATE: 2008-05-07 12:00:00 UTC        
 READ IN fields at DATE: 2008-05-07 18:00:00 UTC        
 READ IN fields at DATE: 2008-05-08 00:00:00 UTC        
 READ IN fields at DATE: 2008-05-08 06:00:00 UTC        
 READ IN fields at DATE: 2008-05-08 12:00:00 UTC        
 READ IN fields at DATE: 2008-05-08 18:00:00 UTC        
 READ IN fields at DATE: 2008-05-09 00:00:00 UTC        
 READ IN fields at DATE: 2008-05-09 06:00:00 UTC        
 READ IN fields at DATE: 2008-05-09 12:00:00 UTC        
 READ IN fields at DATE: 2008-05-09 18:00:00 UTC        
 READ IN fields at DATE: 2008-05-10 00:00:00 UTC        
 READ IN fields at DATE: 2008-05-10 06:00:00 UTC        
 READ IN fields at DATE: 2008-05-10 12:00:00 UTC        
 READ IN fields at DATE: 2008-05-10 18:00:00 UTC        
 READ IN fields at DATE: 2008-05-11 00:00:00 UTC        
 READ IN fields at DATE: 2008-05-11 06:00:00 UTC        
 READ IN fields at DATE: 2008-05-11 12:00:00 UTC        
 READ IN fields at DATE: 2008-05-11 18:00:00 UTC        
 READ IN fields at DATE: 2008-05-12 00:00:00 UTC        
 READ IN fields at DATE: 2008-05-12 06:00:00 UTC        
 READ IN fields at DATE: 2008-05-12 12:00:00 UTC        
 READ IN fields at DATE: 2008-05-12 18:00:00 UTC        
 READ IN fields at DATE: 2008-05-13 00:00:00 UTC        
 READ IN fields at DATE: 2008-05-13 06:00:00 UTC        
 READ IN fields at DATE: 2008-05-13 12:00:00 UTC        
 READ IN fields at DATE: 2008-05-13 18:00:00 UTC        
 READ IN fields at DATE: 2008-05-14 00:00:00 UTC        
 READ IN fields at DATE: 2008-05-14 06:00:00 UTC        
 READ IN fields at DATE: 2008-05-14 12:00:00 UTC        
 READ IN fields at DATE: 2008-05-14 18:00:00 UTC        
 READ IN fields at DATE: 2008-05-15 00:00:00 UTC        
 READ IN fields at DATE: 2008-05-15 06:00:00 UTC        
 READ IN fields at DATE: 2008-05-15 12:00:00 UTC        
 READ IN fields at DATE: 2008-05-15 18:00:00 UTC        
 READ IN fields at DATE: 2008-05-16 00:00:00 UTC        
 READ IN fields at DATE: 2008-05-16 06:00:00 UTC        
 READ IN fields at DATE: 2008-05-16 12:00:00 UTC        
 READ IN fields at DATE: 2008-05-16 18:00:00 UTC        
 READ IN fields at DATE: 2008-05-17 00:00:00 UTC        
 READ IN fields at DATE: 2008-05-17 06:00:00 UTC        
 READ IN fields at DATE: 2008-05-17 12:00:00 UTC        
 READ IN fields at DATE: 2008-05-17 18:00:00 UTC        
 READ IN fields at DATE: 2008-05-18 00:00:00 UTC        
 READ IN fields at DATE: 2008-05-18 06:00:00 UTC        
 READ IN fields at DATE: 2008-05-18 12:00:00 UTC        
 READ IN fields at DATE: 2008-05-18 18:00:00 UTC        
 READ IN fields at DATE: 2008-05-19 00:00:00 UTC        
 READ IN fields at DATE: 2008-05-19 06:00:00 UTC        
 READ IN fields at DATE: 2008-05-19 12:00:00 UTC        
 READ IN fields at DATE: 2008-05-19 18:00:00 UTC        
 READ IN fields at DATE: 2008-05-20 00:00:00 UTC        
 READ IN fields at DATE: 2008-05-20 06:00:00 UTC        
 READ IN fields at DATE: 2008-05-20 12:00:00 UTC        
 READ IN fields at DATE: 2008-05-20 18:00:00 UTC        
 READ IN fields at DATE: 2008-05-21 00:00:00 UTC        
 READ IN fields at DATE: 2008-05-21 06:00:00 UTC        
 READ IN fields at DATE: 2008-05-21 12:00:00 UTC        
 READ IN fields at DATE: 2008-05-21 18:00:00 UTC        
 READ IN fields at DATE: 2008-05-22 00:00:00 UTC        
 READ IN fields at DATE: 2008-05-22 06:00:00 UTC        
 READ IN fields at DATE: 2008-05-22 12:00:00 UTC        
 READ IN fields at DATE: 2008-05-22 18:00:00 UTC        
 READ IN fields at DATE: 2008-05-23 00:00:00 UTC        
 READ IN fields at DATE: 2008-05-23 06:00:00 UTC        
 READ IN fields at DATE: 2008-05-23 12:00:00 UTC        
 READ IN fields at DATE: 2008-05-23 18:00:00 UTC        
 READ IN fields at DATE: 2008-05-24 00:00:00 UTC        
 READ IN fields at DATE: 2008-05-24 06:00:00 UTC        
 READ IN fields at DATE: 2008-05-24 12:00:00 UTC        
 READ IN fields at DATE: 2008-05-24 18:00:00 UTC        
 READ IN fields at DATE: 2008-05-25 00:00:00 UTC        
 READ IN fields at DATE: 2008-05-25 06:00:00 UTC        
 READ IN fields at DATE: 2008-05-25 12:00:00 UTC        
 READ IN fields at DATE: 2008-05-25 18:00:00 UTC        
 READ IN fields at DATE: 2008-05-26 00:00:00 UTC        
 READ IN fields at DATE: 2008-05-26 06:00:00 UTC        
 READ IN fields at DATE: 2008-05-26 12:00:00 UTC        
 READ IN fields at DATE: 2008-05-26 18:00:00 UTC        
 READ IN fields at DATE: 2008-05-27 00:00:00 UTC        
 READ IN fields at DATE: 2008-05-27 06:00:00 UTC        
 READ IN fields at DATE: 2008-05-27 12:00:00 UTC        
 READ IN fields at DATE: 2008-05-27 18:00:00 UTC        
 READ IN fields at DATE: 2008-05-28 00:00:00 UTC        
 READ IN fields at DATE: 2008-05-28 06:00:00 UTC        
 READ IN fields at DATE: 2008-05-28 12:00:00 UTC        
 READ IN fields at DATE: 2008-05-28 18:00:00 UTC        
 READ IN fields at DATE: 2008-05-29 00:00:00 UTC        
 READ IN fields at DATE: 2008-05-29 06:00:00 UTC        
 READ IN fields at DATE: 2008-05-29 12:00:00 UTC        
 READ IN fields at DATE: 2008-05-29 18:00:00 UTC        
 READ IN fields at DATE: 2008-05-30 00:00:00 UTC        
 READ IN fields at DATE: 2008-05-30 06:00:00 UTC        
 READ IN fields at DATE: 2008-05-30 12:00:00 UTC        
 READ IN fields at DATE: 2008-05-30 18:00:00 UTC        
 READ IN fields at DATE: 2008-05-31 00:00:00 UTC        
 READ IN fields at DATE: 2008-05-31 06:00:00 UTC        
 READ IN fields at DATE: 2008-05-31 12:00:00 UTC        
 READ IN fields at DATE: 2008-05-31 18:00:00 UTC        
      131072 /leonardo_work/ICT25_ESP/RCMDATA//ERA5/2008/tatm_2008_06.nc
  2.229204000751530E-003   252.101454978078     
      196608 /leonardo_work/ICT25_ESP/RCMDATA//ERA5/2008/geop_2008_06.nc
   7.61158190339218        243687.920771548     
      262144 /leonardo_work/ICT25_ESP/RCMDATA//ERA5/2008/qhum_2008_06.nc
  4.197092656845441E-007  1.364818986429877E-002
      327680 /leonardo_work/ICT25_ESP/RCMDATA//ERA5/2008/uwnd_2008_06.nc
  3.949048094090001E-003   58.9753203978280     
      393216 /leonardo_work/ICT25_ESP/RCMDATA//ERA5/2008/vwnd_2008_06.nc
  2.572496368867832E-003   1.12540747740150     
 READ IN fields at DATE: 2008-06-01 00:00:00 UTC        
 READ IN fields at DATE: 2008-06-01 06:00:00 UTC        
 READ IN fields at DATE: 2008-06-01 12:00:00 UTC        
 READ IN fields at DATE: 2008-06-01 18:00:00 UTC        
 READ IN fields at DATE: 2008-06-02 00:00:00 UTC        
 READ IN fields at DATE: 2008-06-02 06:00:00 UTC        
 READ IN fields at DATE: 2008-06-02 12:00:00 UTC        
 READ IN fields at DATE: 2008-06-02 18:00:00 UTC        
 READ IN fields at DATE: 2008-06-03 00:00:00 UTC        
 READ IN fields at DATE: 2008-06-03 06:00:00 UTC        
 READ IN fields at DATE: 2008-06-03 12:00:00 UTC        
 READ IN fields at DATE: 2008-06-03 18:00:00 UTC        
 READ IN fields at DATE: 2008-06-04 00:00:00 UTC        
 READ IN fields at DATE: 2008-06-04 06:00:00 UTC        
 READ IN fields at DATE: 2008-06-04 12:00:00 UTC        
 READ IN fields at DATE: 2008-06-04 18:00:00 UTC        
 READ IN fields at DATE: 2008-06-05 00:00:00 UTC        
 READ IN fields at DATE: 2008-06-05 06:00:00 UTC        
 READ IN fields at DATE: 2008-06-05 12:00:00 UTC        
 READ IN fields at DATE: 2008-06-05 18:00:00 UTC        
 READ IN fields at DATE: 2008-06-06 00:00:00 UTC        
 READ IN fields at DATE: 2008-06-06 06:00:00 UTC        
 READ IN fields at DATE: 2008-06-06 12:00:00 UTC        
 READ IN fields at DATE: 2008-06-06 18:00:00 UTC        
 READ IN fields at DATE: 2008-06-07 00:00:00 UTC        
 READ IN fields at DATE: 2008-06-07 06:00:00 UTC        
 READ IN fields at DATE: 2008-06-07 12:00:00 UTC        
 READ IN fields at DATE: 2008-06-07 18:00:00 UTC        
 READ IN fields at DATE: 2008-06-08 00:00:00 UTC        
 READ IN fields at DATE: 2008-06-08 06:00:00 UTC        
 READ IN fields at DATE: 2008-06-08 12:00:00 UTC        
 READ IN fields at DATE: 2008-06-08 18:00:00 UTC        
 READ IN fields at DATE: 2008-06-09 00:00:00 UTC        
 READ IN fields at DATE: 2008-06-09 06:00:00 UTC        
 READ IN fields at DATE: 2008-06-09 12:00:00 UTC        
 READ IN fields at DATE: 2008-06-09 18:00:00 UTC        
 READ IN fields at DATE: 2008-06-10 00:00:00 UTC        
 READ IN fields at DATE: 2008-06-10 06:00:00 UTC        
 READ IN fields at DATE: 2008-06-10 12:00:00 UTC        
 READ IN fields at DATE: 2008-06-10 18:00:00 UTC        
 READ IN fields at DATE: 2008-06-11 00:00:00 UTC        
 READ IN fields at DATE: 2008-06-11 06:00:00 UTC        
 READ IN fields at DATE: 2008-06-11 12:00:00 UTC        
 READ IN fields at DATE: 2008-06-11 18:00:00 UTC        
 READ IN fields at DATE: 2008-06-12 00:00:00 UTC        
 READ IN fields at DATE: 2008-06-12 06:00:00 UTC        
 READ IN fields at DATE: 2008-06-12 12:00:00 UTC        
 READ IN fields at DATE: 2008-06-12 18:00:00 UTC        
 READ IN fields at DATE: 2008-06-13 00:00:00 UTC        
 READ IN fields at DATE: 2008-06-13 06:00:00 UTC        
 READ IN fields at DATE: 2008-06-13 12:00:00 UTC        
 READ IN fields at DATE: 2008-06-13 18:00:00 UTC        
 READ IN fields at DATE: 2008-06-14 00:00:00 UTC        
 READ IN fields at DATE: 2008-06-14 06:00:00 UTC        
 READ IN fields at DATE: 2008-06-14 12:00:00 UTC        
 READ IN fields at DATE: 2008-06-14 18:00:00 UTC        
 READ IN fields at DATE: 2008-06-15 00:00:00 UTC        
 READ IN fields at DATE: 2008-06-15 06:00:00 UTC        
 READ IN fields at DATE: 2008-06-15 12:00:00 UTC        
 READ IN fields at DATE: 2008-06-15 18:00:00 UTC        
 READ IN fields at DATE: 2008-06-16 00:00:00 UTC        
 READ IN fields at DATE: 2008-06-16 06:00:00 UTC        
 READ IN fields at DATE: 2008-06-16 12:00:00 UTC        
 READ IN fields at DATE: 2008-06-16 18:00:00 UTC        
 READ IN fields at DATE: 2008-06-17 00:00:00 UTC        
 READ IN fields at DATE: 2008-06-17 06:00:00 UTC        
 READ IN fields at DATE: 2008-06-17 12:00:00 UTC        
 READ IN fields at DATE: 2008-06-17 18:00:00 UTC        
 READ IN fields at DATE: 2008-06-18 00:00:00 UTC        
 READ IN fields at DATE: 2008-06-18 06:00:00 UTC        
 READ IN fields at DATE: 2008-06-18 12:00:00 UTC        
 READ IN fields at DATE: 2008-06-18 18:00:00 UTC        
 READ IN fields at DATE: 2008-06-19 00:00:00 UTC        
 READ IN fields at DATE: 2008-06-19 06:00:00 UTC        
 READ IN fields at DATE: 2008-06-19 12:00:00 UTC        
 READ IN fields at DATE: 2008-06-19 18:00:00 UTC        
 READ IN fields at DATE: 2008-06-20 00:00:00 UTC        
 READ IN fields at DATE: 2008-06-20 06:00:00 UTC        
 READ IN fields at DATE: 2008-06-20 12:00:00 UTC        
 READ IN fields at DATE: 2008-06-20 18:00:00 UTC        
 READ IN fields at DATE: 2008-06-21 00:00:00 UTC        
 READ IN fields at DATE: 2008-06-21 06:00:00 UTC        
 READ IN fields at DATE: 2008-06-21 12:00:00 UTC        
 READ IN fields at DATE: 2008-06-21 18:00:00 UTC        
 READ IN fields at DATE: 2008-06-22 00:00:00 UTC        
 READ IN fields at DATE: 2008-06-22 06:00:00 UTC        
 READ IN fields at DATE: 2008-06-22 12:00:00 UTC        
 READ IN fields at DATE: 2008-06-22 18:00:00 UTC        
 READ IN fields at DATE: 2008-06-23 00:00:00 UTC        
 READ IN fields at DATE: 2008-06-23 06:00:00 UTC        
 READ IN fields at DATE: 2008-06-23 12:00:00 UTC        
 READ IN fields at DATE: 2008-06-23 18:00:00 UTC        
 READ IN fields at DATE: 2008-06-24 00:00:00 UTC        
 READ IN fields at DATE: 2008-06-24 06:00:00 UTC        
 READ IN fields at DATE: 2008-06-24 12:00:00 UTC        
 READ IN fields at DATE: 2008-06-24 18:00:00 UTC        
 READ IN fields at DATE: 2008-06-25 00:00:00 UTC        
 READ IN fields at DATE: 2008-06-25 06:00:00 UTC        
 READ IN fields at DATE: 2008-06-25 12:00:00 UTC        
 READ IN fields at DATE: 2008-06-25 18:00:00 UTC        
 READ IN fields at DATE: 2008-06-26 00:00:00 UTC        
 READ IN fields at DATE: 2008-06-26 06:00:00 UTC        
 READ IN fields at DATE: 2008-06-26 12:00:00 UTC        
 READ IN fields at DATE: 2008-06-26 18:00:00 UTC        
 READ IN fields at DATE: 2008-06-27 00:00:00 UTC        
 READ IN fields at DATE: 2008-06-27 06:00:00 UTC        
 READ IN fields at DATE: 2008-06-27 12:00:00 UTC        
 READ IN fields at DATE: 2008-06-27 18:00:00 UTC        
 READ IN fields at DATE: 2008-06-28 00:00:00 UTC        
 READ IN fields at DATE: 2008-06-28 06:00:00 UTC        
 READ IN fields at DATE: 2008-06-28 12:00:00 UTC        
 READ IN fields at DATE: 2008-06-28 18:00:00 UTC        
 READ IN fields at DATE: 2008-06-29 00:00:00 UTC        
 READ IN fields at DATE: 2008-06-29 06:00:00 UTC        
 READ IN fields at DATE: 2008-06-29 12:00:00 UTC        
 READ IN fields at DATE: 2008-06-29 18:00:00 UTC        
 READ IN fields at DATE: 2008-06-30 00:00:00 UTC        
 READ IN fields at DATE: 2008-06-30 06:00:00 UTC        
 READ IN fields at DATE: 2008-06-30 12:00:00 UTC        
 READ IN fields at DATE: 2008-06-30 18:00:00 UTC        
      131072 /leonardo_work/ICT25_ESP/RCMDATA//ERA5/2008/tatm_2008_07.nc
  2.407179044247030E-003   246.580202050126     
      196608 /leonardo_work/ICT25_ESP/RCMDATA//ERA5/2008/geop_2008_07.nc
   7.62423225703081        243180.031633871     
      262144 /leonardo_work/ICT25_ESP/RCMDATA//ERA5/2008/qhum_2008_07.nc
  4.637480116863827E-007  1.511173880529386E-002
      327680 /leonardo_work/ICT25_ESP/RCMDATA//ERA5/2008/uwnd_2008_07.nc
  3.948319300813855E-003   59.1769809184746     
      393216 /leonardo_work/ICT25_ESP/RCMDATA//ERA5/2008/vwnd_2008_07.nc
  2.577176246202414E-003   1.86247331373237     
 READ IN fields at DATE: 2008-07-01 00:00:00 UTC        
 READ IN fields at DATE: 2008-07-01 06:00:00 UTC        
 READ IN fields at DATE: 2008-07-01 12:00:00 UTC        
 READ IN fields at DATE: 2008-07-01 18:00:00 UTC        
 READ IN fields at DATE: 2008-07-02 00:00:00 UTC        
 READ IN fields at DATE: 2008-07-02 06:00:00 UTC        
 READ IN fields at DATE: 2008-07-02 12:00:00 UTC        
 READ IN fields at DATE: 2008-07-02 18:00:00 UTC        
 READ IN fields at DATE: 2008-07-03 00:00:00 UTC        
 READ IN fields at DATE: 2008-07-03 06:00:00 UTC        
 READ IN fields at DATE: 2008-07-03 12:00:00 UTC        
 READ IN fields at DATE: 2008-07-03 18:00:00 UTC        
 READ IN fields at DATE: 2008-07-04 00:00:00 UTC        
 READ IN fields at DATE: 2008-07-04 06:00:00 UTC        
 READ IN fields at DATE: 2008-07-04 12:00:00 UTC        
 READ IN fields at DATE: 2008-07-04 18:00:00 UTC        
 READ IN fields at DATE: 2008-07-05 00:00:00 UTC        
 READ IN fields at DATE: 2008-07-05 06:00:00 UTC        
 READ IN fields at DATE: 2008-07-05 12:00:00 UTC        
 READ IN fields at DATE: 2008-07-05 18:00:00 UTC        
 READ IN fields at DATE: 2008-07-06 00:00:00 UTC        
 READ IN fields at DATE: 2008-07-06 06:00:00 UTC        
 READ IN fields at DATE: 2008-07-06 12:00:00 UTC        
 READ IN fields at DATE: 2008-07-06 18:00:00 UTC        
 READ IN fields at DATE: 2008-07-07 00:00:00 UTC        
 READ IN fields at DATE: 2008-07-07 06:00:00 UTC        
 READ IN fields at DATE: 2008-07-07 12:00:00 UTC        
 READ IN fields at DATE: 2008-07-07 18:00:00 UTC        
 READ IN fields at DATE: 2008-07-08 00:00:00 UTC        
 READ IN fields at DATE: 2008-07-08 06:00:00 UTC        
 READ IN fields at DATE: 2008-07-08 12:00:00 UTC        
 READ IN fields at DATE: 2008-07-08 18:00:00 UTC        
 READ IN fields at DATE: 2008-07-09 00:00:00 UTC        
 READ IN fields at DATE: 2008-07-09 06:00:00 UTC        
 READ IN fields at DATE: 2008-07-09 12:00:00 UTC        
 READ IN fields at DATE: 2008-07-09 18:00:00 UTC        
 READ IN fields at DATE: 2008-07-10 00:00:00 UTC        
 READ IN fields at DATE: 2008-07-10 06:00:00 UTC        
 READ IN fields at DATE: 2008-07-10 12:00:00 UTC        
 READ IN fields at DATE: 2008-07-10 18:00:00 UTC        
 READ IN fields at DATE: 2008-07-11 00:00:00 UTC        
 READ IN fields at DATE: 2008-07-11 06:00:00 UTC        
 READ IN fields at DATE: 2008-07-11 12:00:00 UTC        
 READ IN fields at DATE: 2008-07-11 18:00:00 UTC        
 READ IN fields at DATE: 2008-07-12 00:00:00 UTC        
 READ IN fields at DATE: 2008-07-12 06:00:00 UTC        
 READ IN fields at DATE: 2008-07-12 12:00:00 UTC        
 READ IN fields at DATE: 2008-07-12 18:00:00 UTC        
 READ IN fields at DATE: 2008-07-13 00:00:00 UTC        
 READ IN fields at DATE: 2008-07-13 06:00:00 UTC        
 READ IN fields at DATE: 2008-07-13 12:00:00 UTC        
 READ IN fields at DATE: 2008-07-13 18:00:00 UTC        
 READ IN fields at DATE: 2008-07-14 00:00:00 UTC        
 READ IN fields at DATE: 2008-07-14 06:00:00 UTC        
 READ IN fields at DATE: 2008-07-14 12:00:00 UTC        
 READ IN fields at DATE: 2008-07-14 18:00:00 UTC        
 READ IN fields at DATE: 2008-07-15 00:00:00 UTC        
 READ IN fields at DATE: 2008-07-15 06:00:00 UTC        
 READ IN fields at DATE: 2008-07-15 12:00:00 UTC        
 READ IN fields at DATE: 2008-07-15 18:00:00 UTC        
 READ IN fields at DATE: 2008-07-16 00:00:00 UTC        
 READ IN fields at DATE: 2008-07-16 06:00:00 UTC        
 READ IN fields at DATE: 2008-07-16 12:00:00 UTC        
 READ IN fields at DATE: 2008-07-16 18:00:00 UTC        
 READ IN fields at DATE: 2008-07-17 00:00:00 UTC        
 READ IN fields at DATE: 2008-07-17 06:00:00 UTC        
 READ IN fields at DATE: 2008-07-17 12:00:00 UTC        
 READ IN fields at DATE: 2008-07-17 18:00:00 UTC        
 READ IN fields at DATE: 2008-07-18 00:00:00 UTC        
 READ IN fields at DATE: 2008-07-18 06:00:00 UTC        
 READ IN fields at DATE: 2008-07-18 12:00:00 UTC        
 READ IN fields at DATE: 2008-07-18 18:00:00 UTC        
 READ IN fields at DATE: 2008-07-19 00:00:00 UTC        
 READ IN fields at DATE: 2008-07-19 06:00:00 UTC        
 READ IN fields at DATE: 2008-07-19 12:00:00 UTC        
 READ IN fields at DATE: 2008-07-19 18:00:00 UTC        
 READ IN fields at DATE: 2008-07-20 00:00:00 UTC        
 READ IN fields at DATE: 2008-07-20 06:00:00 UTC        
 READ IN fields at DATE: 2008-07-20 12:00:00 UTC        
 READ IN fields at DATE: 2008-07-20 18:00:00 UTC        
 READ IN fields at DATE: 2008-07-21 00:00:00 UTC        
 READ IN fields at DATE: 2008-07-21 06:00:00 UTC        
 READ IN fields at DATE: 2008-07-21 12:00:00 UTC        
 READ IN fields at DATE: 2008-07-21 18:00:00 UTC        
 READ IN fields at DATE: 2008-07-22 00:00:00 UTC        
 READ IN fields at DATE: 2008-07-22 06:00:00 UTC        
 READ IN fields at DATE: 2008-07-22 12:00:00 UTC        
 READ IN fields at DATE: 2008-07-22 18:00:00 UTC        
 READ IN fields at DATE: 2008-07-23 00:00:00 UTC        
 READ IN fields at DATE: 2008-07-23 06:00:00 UTC        
 READ IN fields at DATE: 2008-07-23 12:00:00 UTC        
 READ IN fields at DATE: 2008-07-23 18:00:00 UTC        
 READ IN fields at DATE: 2008-07-24 00:00:00 UTC        
 READ IN fields at DATE: 2008-07-24 06:00:00 UTC        
 READ IN fields at DATE: 2008-07-24 12:00:00 UTC        
 READ IN fields at DATE: 2008-07-24 18:00:00 UTC        
 READ IN fields at DATE: 2008-07-25 00:00:00 UTC        
 READ IN fields at DATE: 2008-07-25 06:00:00 UTC        
 READ IN fields at DATE: 2008-07-25 12:00:00 UTC        
 READ IN fields at DATE: 2008-07-25 18:00:00 UTC        
 READ IN fields at DATE: 2008-07-26 00:00:00 UTC        
 READ IN fields at DATE: 2008-07-26 06:00:00 UTC        
 READ IN fields at DATE: 2008-07-26 12:00:00 UTC        
 READ IN fields at DATE: 2008-07-26 18:00:00 UTC        
 READ IN fields at DATE: 2008-07-27 00:00:00 UTC        
 READ IN fields at DATE: 2008-07-27 06:00:00 UTC        
 READ IN fields at DATE: 2008-07-27 12:00:00 UTC        
 READ IN fields at DATE: 2008-07-27 18:00:00 UTC        
 READ IN fields at DATE: 2008-07-28 00:00:00 UTC        
 READ IN fields at DATE: 2008-07-28 06:00:00 UTC        
 READ IN fields at DATE: 2008-07-28 12:00:00 UTC        
 READ IN fields at DATE: 2008-07-28 18:00:00 UTC        
 READ IN fields at DATE: 2008-07-29 00:00:00 UTC        
 READ IN fields at DATE: 2008-07-29 06:00:00 UTC        
 READ IN fields at DATE: 2008-07-29 12:00:00 UTC        
 READ IN fields at DATE: 2008-07-29 18:00:00 UTC        
 READ IN fields at DATE: 2008-07-30 00:00:00 UTC        
 READ IN fields at DATE: 2008-07-30 06:00:00 UTC        
 READ IN fields at DATE: 2008-07-30 12:00:00 UTC        
 READ IN fields at DATE: 2008-07-30 18:00:00 UTC        
 READ IN fields at DATE: 2008-07-31 00:00:00 UTC        
 READ IN fields at DATE: 2008-07-31 06:00:00 UTC        
 READ IN fields at DATE: 2008-07-31 12:00:00 UTC        
 READ IN fields at DATE: 2008-07-31 18:00:00 UTC        
      131072 /leonardo_work/ICT25_ESP/RCMDATA//ERA5/2008/tatm_2008_08.nc
  2.315586494009340E-003   247.097238508023     
      196608 /leonardo_work/ICT25_ESP/RCMDATA//ERA5/2008/geop_2008_08.nc
   7.55765338407749        240980.246563933     
      262144 /leonardo_work/ICT25_ESP/RCMDATA//ERA5/2008/qhum_2008_08.nc
  4.517668880354891E-007  1.468792575090154E-002
      327680 /leonardo_work/ICT25_ESP/RCMDATA//ERA5/2008/uwnd_2008_08.nc
  4.023813901935618E-003   67.2074912668772     
      393216 /leonardo_work/ICT25_ESP/RCMDATA//ERA5/2008/vwnd_2008_08.nc
  2.899361084584174E-003   2.22469320275849     
 READ IN fields at DATE: 2008-08-01 00:00:00 UTC        
 READ IN fields at DATE: 2008-08-01 06:00:00 UTC        
 READ IN fields at DATE: 2008-08-01 12:00:00 UTC        
 READ IN fields at DATE: 2008-08-01 18:00:00 UTC        
 READ IN fields at DATE: 2008-08-02 00:00:00 UTC        
 READ IN fields at DATE: 2008-08-02 06:00:00 UTC        
 READ IN fields at DATE: 2008-08-02 12:00:00 UTC        
 READ IN fields at DATE: 2008-08-02 18:00:00 UTC        
 READ IN fields at DATE: 2008-08-03 00:00:00 UTC        
 READ IN fields at DATE: 2008-08-03 06:00:00 UTC        
 READ IN fields at DATE: 2008-08-03 12:00:00 UTC        
 READ IN fields at DATE: 2008-08-03 18:00:00 UTC        
 READ IN fields at DATE: 2008-08-04 00:00:00 UTC        
 READ IN fields at DATE: 2008-08-04 06:00:00 UTC        
 READ IN fields at DATE: 2008-08-04 12:00:00 UTC        
 READ IN fields at DATE: 2008-08-04 18:00:00 UTC        
 READ IN fields at DATE: 2008-08-05 00:00:00 UTC        
 READ IN fields at DATE: 2008-08-05 06:00:00 UTC        
 READ IN fields at DATE: 2008-08-05 12:00:00 UTC        
 READ IN fields at DATE: 2008-08-05 18:00:00 UTC        
 READ IN fields at DATE: 2008-08-06 00:00:00 UTC        
 READ IN fields at DATE: 2008-08-06 06:00:00 UTC        
 READ IN fields at DATE: 2008-08-06 12:00:00 UTC        
 READ IN fields at DATE: 2008-08-06 18:00:00 UTC        
 READ IN fields at DATE: 2008-08-07 00:00:00 UTC        
 READ IN fields at DATE: 2008-08-07 06:00:00 UTC        
 READ IN fields at DATE: 2008-08-07 12:00:00 UTC        
 READ IN fields at DATE: 2008-08-07 18:00:00 UTC        
 READ IN fields at DATE: 2008-08-08 00:00:00 UTC        
 READ IN fields at DATE: 2008-08-08 06:00:00 UTC        
 READ IN fields at DATE: 2008-08-08 12:00:00 UTC        
 READ IN fields at DATE: 2008-08-08 18:00:00 UTC        
 READ IN fields at DATE: 2008-08-09 00:00:00 UTC        
 READ IN fields at DATE: 2008-08-09 06:00:00 UTC        
 READ IN fields at DATE: 2008-08-09 12:00:00 UTC        
 READ IN fields at DATE: 2008-08-09 18:00:00 UTC        
 READ IN fields at DATE: 2008-08-10 00:00:00 UTC        
 READ IN fields at DATE: 2008-08-10 06:00:00 UTC        
 READ IN fields at DATE: 2008-08-10 12:00:00 UTC        
 READ IN fields at DATE: 2008-08-10 18:00:00 UTC        
 READ IN fields at DATE: 2008-08-11 00:00:00 UTC        
 READ IN fields at DATE: 2008-08-11 06:00:00 UTC        
 READ IN fields at DATE: 2008-08-11 12:00:00 UTC        
 READ IN fields at DATE: 2008-08-11 18:00:00 UTC        
 READ IN fields at DATE: 2008-08-12 00:00:00 UTC        
 READ IN fields at DATE: 2008-08-12 06:00:00 UTC        
 READ IN fields at DATE: 2008-08-12 12:00:00 UTC        
 READ IN fields at DATE: 2008-08-12 18:00:00 UTC        
 READ IN fields at DATE: 2008-08-13 00:00:00 UTC        
 READ IN fields at DATE: 2008-08-13 06:00:00 UTC        
 READ IN fields at DATE: 2008-08-13 12:00:00 UTC        
 READ IN fields at DATE: 2008-08-13 18:00:00 UTC        
 READ IN fields at DATE: 2008-08-14 00:00:00 UTC        
 READ IN fields at DATE: 2008-08-14 06:00:00 UTC        
 READ IN fields at DATE: 2008-08-14 12:00:00 UTC        
 READ IN fields at DATE: 2008-08-14 18:00:00 UTC        
 READ IN fields at DATE: 2008-08-15 00:00:00 UTC        
 READ IN fields at DATE: 2008-08-15 06:00:00 UTC        
 READ IN fields at DATE: 2008-08-15 12:00:00 UTC        
 READ IN fields at DATE: 2008-08-15 18:00:00 UTC        
 READ IN fields at DATE: 2008-08-16 00:00:00 UTC        
 READ IN fields at DATE: 2008-08-16 06:00:00 UTC        
 READ IN fields at DATE: 2008-08-16 12:00:00 UTC        
 READ IN fields at DATE: 2008-08-16 18:00:00 UTC        
 READ IN fields at DATE: 2008-08-17 00:00:00 UTC        
 READ IN fields at DATE: 2008-08-17 06:00:00 UTC        
 READ IN fields at DATE: 2008-08-17 12:00:00 UTC        
 READ IN fields at DATE: 2008-08-17 18:00:00 UTC        
 READ IN fields at DATE: 2008-08-18 00:00:00 UTC        
 READ IN fields at DATE: 2008-08-18 06:00:00 UTC        
 READ IN fields at DATE: 2008-08-18 12:00:00 UTC        
 READ IN fields at DATE: 2008-08-18 18:00:00 UTC        
 READ IN fields at DATE: 2008-08-19 00:00:00 UTC        
 READ IN fields at DATE: 2008-08-19 06:00:00 UTC        
 READ IN fields at DATE: 2008-08-19 12:00:00 UTC        
 READ IN fields at DATE: 2008-08-19 18:00:00 UTC        
 READ IN fields at DATE: 2008-08-20 00:00:00 UTC        
 READ IN fields at DATE: 2008-08-20 06:00:00 UTC        
 READ IN fields at DATE: 2008-08-20 12:00:00 UTC        
 READ IN fields at DATE: 2008-08-20 18:00:00 UTC        
 READ IN fields at DATE: 2008-08-21 00:00:00 UTC        
 READ IN fields at DATE: 2008-08-21 06:00:00 UTC        
 READ IN fields at DATE: 2008-08-21 12:00:00 UTC        
 READ IN fields at DATE: 2008-08-21 18:00:00 UTC        
 READ IN fields at DATE: 2008-08-22 00:00:00 UTC        
 READ IN fields at DATE: 2008-08-22 06:00:00 UTC        
 READ IN fields at DATE: 2008-08-22 12:00:00 UTC        
 READ IN fields at DATE: 2008-08-22 18:00:00 UTC        
 READ IN fields at DATE: 2008-08-23 00:00:00 UTC        
 READ IN fields at DATE: 2008-08-23 06:00:00 UTC        
 READ IN fields at DATE: 2008-08-23 12:00:00 UTC        
 READ IN fields at DATE: 2008-08-23 18:00:00 UTC        
 READ IN fields at DATE: 2008-08-24 00:00:00 UTC        
 READ IN fields at DATE: 2008-08-24 06:00:00 UTC        
 READ IN fields at DATE: 2008-08-24 12:00:00 UTC        
 READ IN fields at DATE: 2008-08-24 18:00:00 UTC        
 READ IN fields at DATE: 2008-08-25 00:00:00 UTC        
 READ IN fields at DATE: 2008-08-25 06:00:00 UTC        
 READ IN fields at DATE: 2008-08-25 12:00:00 UTC        
 READ IN fields at DATE: 2008-08-25 18:00:00 UTC        
 READ IN fields at DATE: 2008-08-26 00:00:00 UTC        
 READ IN fields at DATE: 2008-08-26 06:00:00 UTC        
 READ IN fields at DATE: 2008-08-26 12:00:00 UTC        
 READ IN fields at DATE: 2008-08-26 18:00:00 UTC        
 READ IN fields at DATE: 2008-08-27 00:00:00 UTC        
 READ IN fields at DATE: 2008-08-27 06:00:00 UTC        
 READ IN fields at DATE: 2008-08-27 12:00:00 UTC        
 READ IN fields at DATE: 2008-08-27 18:00:00 UTC        
 READ IN fields at DATE: 2008-08-28 00:00:00 UTC        
 READ IN fields at DATE: 2008-08-28 06:00:00 UTC        
 READ IN fields at DATE: 2008-08-28 12:00:00 UTC        
 READ IN fields at DATE: 2008-08-28 18:00:00 UTC        
 READ IN fields at DATE: 2008-08-29 00:00:00 UTC        
 READ IN fields at DATE: 2008-08-29 06:00:00 UTC        
 READ IN fields at DATE: 2008-08-29 12:00:00 UTC        
 READ IN fields at DATE: 2008-08-29 18:00:00 UTC        
 READ IN fields at DATE: 2008-08-30 00:00:00 UTC        
 READ IN fields at DATE: 2008-08-30 06:00:00 UTC        
 READ IN fields at DATE: 2008-08-30 12:00:00 UTC        
 READ IN fields at DATE: 2008-08-30 18:00:00 UTC        
 READ IN fields at DATE: 2008-08-31 00:00:00 UTC        
 READ IN fields at DATE: 2008-08-31 06:00:00 UTC        
 READ IN fields at DATE: 2008-08-31 12:00:00 UTC        
 READ IN fields at DATE: 2008-08-31 18:00:00 UTC        
      131072 /leonardo_work/ICT25_ESP/RCMDATA//ERA5/2008/tatm_2008_09.nc
  2.226522833155743E-003   247.995323811337     
      196608 /leonardo_work/ICT25_ESP/RCMDATA//ERA5/2008/geop_2008_09.nc
   7.36761697112523        235327.107207139     
      262144 /leonardo_work/ICT25_ESP/RCMDATA//ERA5/2008/qhum_2008_09.nc
  4.348389722397062E-007  1.417318128892194E-002
      327680 /leonardo_work/ICT25_ESP/RCMDATA//ERA5/2008/uwnd_2008_09.nc
  3.672376745065463E-003   43.9119211358462     
      393216 /leonardo_work/ICT25_ESP/RCMDATA//ERA5/2008/vwnd_2008_09.nc
  3.032302058963852E-003   8.18174190561114     
 READ IN fields at DATE: 2008-09-01 00:00:00 UTC        
 READ IN fields at DATE: 2008-09-01 06:00:00 UTC        
 READ IN fields at DATE: 2008-09-01 12:00:00 UTC        
 READ IN fields at DATE: 2008-09-01 18:00:00 UTC        
 READ IN fields at DATE: 2008-09-02 00:00:00 UTC        
 READ IN fields at DATE: 2008-09-02 06:00:00 UTC        
 READ IN fields at DATE: 2008-09-02 12:00:00 UTC        
 READ IN fields at DATE: 2008-09-02 18:00:00 UTC        
 READ IN fields at DATE: 2008-09-03 00:00:00 UTC        
 READ IN fields at DATE: 2008-09-03 06:00:00 UTC        
 READ IN fields at DATE: 2008-09-03 12:00:00 UTC        
 READ IN fields at DATE: 2008-09-03 18:00:00 UTC        
 READ IN fields at DATE: 2008-09-04 00:00:00 UTC        
 READ IN fields at DATE: 2008-09-04 06:00:00 UTC        
 READ IN fields at DATE: 2008-09-04 12:00:00 UTC        
 READ IN fields at DATE: 2008-09-04 18:00:00 UTC        
 READ IN fields at DATE: 2008-09-05 00:00:00 UTC        
 READ IN fields at DATE: 2008-09-05 06:00:00 UTC        
 READ IN fields at DATE: 2008-09-05 12:00:00 UTC        
 READ IN fields at DATE: 2008-09-05 18:00:00 UTC        
 READ IN fields at DATE: 2008-09-06 00:00:00 UTC        
 READ IN fields at DATE: 2008-09-06 06:00:00 UTC        
 READ IN fields at DATE: 2008-09-06 12:00:00 UTC        
 READ IN fields at DATE: 2008-09-06 18:00:00 UTC        
 READ IN fields at DATE: 2008-09-07 00:00:00 UTC        
 READ IN fields at DATE: 2008-09-07 06:00:00 UTC        
 READ IN fields at DATE: 2008-09-07 12:00:00 UTC        
 READ IN fields at DATE: 2008-09-07 18:00:00 UTC        
 READ IN fields at DATE: 2008-09-08 00:00:00 UTC        
 READ IN fields at DATE: 2008-09-08 06:00:00 UTC        
 READ IN fields at DATE: 2008-09-08 12:00:00 UTC        
 READ IN fields at DATE: 2008-09-08 18:00:00 UTC        
 READ IN fields at DATE: 2008-09-09 00:00:00 UTC        
 READ IN fields at DATE: 2008-09-09 06:00:00 UTC        
 READ IN fields at DATE: 2008-09-09 12:00:00 UTC        
 READ IN fields at DATE: 2008-09-09 18:00:00 UTC        
 READ IN fields at DATE: 2008-09-10 00:00:00 UTC        
 READ IN fields at DATE: 2008-09-10 06:00:00 UTC        
 READ IN fields at DATE: 2008-09-10 12:00:00 UTC        
 READ IN fields at DATE: 2008-09-10 18:00:00 UTC        
 READ IN fields at DATE: 2008-09-11 00:00:00 UTC        
 READ IN fields at DATE: 2008-09-11 06:00:00 UTC        
 READ IN fields at DATE: 2008-09-11 12:00:00 UTC        
 READ IN fields at DATE: 2008-09-11 18:00:00 UTC        
 READ IN fields at DATE: 2008-09-12 00:00:00 UTC        
 READ IN fields at DATE: 2008-09-12 06:00:00 UTC        
 READ IN fields at DATE: 2008-09-12 12:00:00 UTC        
 READ IN fields at DATE: 2008-09-12 18:00:00 UTC        
 READ IN fields at DATE: 2008-09-13 00:00:00 UTC        
 READ IN fields at DATE: 2008-09-13 06:00:00 UTC        
 READ IN fields at DATE: 2008-09-13 12:00:00 UTC        
 READ IN fields at DATE: 2008-09-13 18:00:00 UTC        
 READ IN fields at DATE: 2008-09-14 00:00:00 UTC        
 READ IN fields at DATE: 2008-09-14 06:00:00 UTC        
 READ IN fields at DATE: 2008-09-14 12:00:00 UTC        
 READ IN fields at DATE: 2008-09-14 18:00:00 UTC        
 READ IN fields at DATE: 2008-09-15 00:00:00 UTC        
 READ IN fields at DATE: 2008-09-15 06:00:00 UTC        
 READ IN fields at DATE: 2008-09-15 12:00:00 UTC        
 READ IN fields at DATE: 2008-09-15 18:00:00 UTC        
 READ IN fields at DATE: 2008-09-16 00:00:00 UTC        
 READ IN fields at DATE: 2008-09-16 06:00:00 UTC        
 READ IN fields at DATE: 2008-09-16 12:00:00 UTC        
 READ IN fields at DATE: 2008-09-16 18:00:00 UTC        
 READ IN fields at DATE: 2008-09-17 00:00:00 UTC        
 READ IN fields at DATE: 2008-09-17 06:00:00 UTC        
 READ IN fields at DATE: 2008-09-17 12:00:00 UTC        
 READ IN fields at DATE: 2008-09-17 18:00:00 UTC        
 READ IN fields at DATE: 2008-09-18 00:00:00 UTC        
 READ IN fields at DATE: 2008-09-18 06:00:00 UTC        
 READ IN fields at DATE: 2008-09-18 12:00:00 UTC        
 READ IN fields at DATE: 2008-09-18 18:00:00 UTC        
 READ IN fields at DATE: 2008-09-19 00:00:00 UTC        
 READ IN fields at DATE: 2008-09-19 06:00:00 UTC        
 READ IN fields at DATE: 2008-09-19 12:00:00 UTC        
 READ IN fields at DATE: 2008-09-19 18:00:00 UTC        
 READ IN fields at DATE: 2008-09-20 00:00:00 UTC        
 READ IN fields at DATE: 2008-09-20 06:00:00 UTC        
 READ IN fields at DATE: 2008-09-20 12:00:00 UTC        
 READ IN fields at DATE: 2008-09-20 18:00:00 UTC        
 READ IN fields at DATE: 2008-09-21 00:00:00 UTC        
 READ IN fields at DATE: 2008-09-21 06:00:00 UTC        
 READ IN fields at DATE: 2008-09-21 12:00:00 UTC        
 READ IN fields at DATE: 2008-09-21 18:00:00 UTC        
 READ IN fields at DATE: 2008-09-22 00:00:00 UTC        
 READ IN fields at DATE: 2008-09-22 06:00:00 UTC        
 READ IN fields at DATE: 2008-09-22 12:00:00 UTC        
 READ IN fields at DATE: 2008-09-22 18:00:00 UTC        
 READ IN fields at DATE: 2008-09-23 00:00:00 UTC        
 READ IN fields at DATE: 2008-09-23 06:00:00 UTC        
 READ IN fields at DATE: 2008-09-23 12:00:00 UTC        
 READ IN fields at DATE: 2008-09-23 18:00:00 UTC        
 READ IN fields at DATE: 2008-09-24 00:00:00 UTC        
 READ IN fields at DATE: 2008-09-24 06:00:00 UTC        
 READ IN fields at DATE: 2008-09-24 12:00:00 UTC        
 READ IN fields at DATE: 2008-09-24 18:00:00 UTC        
 READ IN fields at DATE: 2008-09-25 00:00:00 UTC        
 READ IN fields at DATE: 2008-09-25 06:00:00 UTC        
 READ IN fields at DATE: 2008-09-25 12:00:00 UTC        
 READ IN fields at DATE: 2008-09-25 18:00:00 UTC        
 READ IN fields at DATE: 2008-09-26 00:00:00 UTC        
 READ IN fields at DATE: 2008-09-26 06:00:00 UTC        
 READ IN fields at DATE: 2008-09-26 12:00:00 UTC        
 READ IN fields at DATE: 2008-09-26 18:00:00 UTC        
 READ IN fields at DATE: 2008-09-27 00:00:00 UTC        
 READ IN fields at DATE: 2008-09-27 06:00:00 UTC        
 READ IN fields at DATE: 2008-09-27 12:00:00 UTC        
 READ IN fields at DATE: 2008-09-27 18:00:00 UTC        
 READ IN fields at DATE: 2008-09-28 00:00:00 UTC        
 READ IN fields at DATE: 2008-09-28 06:00:00 UTC        
 READ IN fields at DATE: 2008-09-28 12:00:00 UTC        
 READ IN fields at DATE: 2008-09-28 18:00:00 UTC        
 READ IN fields at DATE: 2008-09-29 00:00:00 UTC        
 READ IN fields at DATE: 2008-09-29 06:00:00 UTC        
 READ IN fields at DATE: 2008-09-29 12:00:00 UTC        
 READ IN fields at DATE: 2008-09-29 18:00:00 UTC        
 READ IN fields at DATE: 2008-09-30 00:00:00 UTC        
 READ IN fields at DATE: 2008-09-30 06:00:00 UTC        
 READ IN fields at DATE: 2008-09-30 12:00:00 UTC        
 READ IN fields at DATE: 2008-09-30 18:00:00 UTC        
      131072 /leonardo_work/ICT25_ESP/RCMDATA//ERA5/2008/tatm_2008_10.nc
  2.057022281698128E-003   248.898255851652     
      196608 /leonardo_work/ICT25_ESP/RCMDATA//ERA5/2008/geop_2008_10.nc
   7.40295585811728        236374.407897071     
      262144 /leonardo_work/ICT25_ESP/RCMDATA//ERA5/2008/qhum_2008_10.nc
  3.630293609476026E-007  1.186141848984171E-002
      327680 /leonardo_work/ICT25_ESP/RCMDATA//ERA5/2008/uwnd_2008_10.nc
  3.173476767474855E-003   37.4821245042920     
      393216 /leonardo_work/ICT25_ESP/RCMDATA//ERA5/2008/vwnd_2008_10.nc
  2.771020821496302E-003   1.15709990218691     
 READ IN fields at DATE: 2008-10-01 00:00:00 UTC        
 READ IN fields at DATE: 2008-10-01 06:00:00 UTC        
 READ IN fields at DATE: 2008-10-01 12:00:00 UTC        
 READ IN fields at DATE: 2008-10-01 18:00:00 UTC        
 READ IN fields at DATE: 2008-10-02 00:00:00 UTC        
 READ IN fields at DATE: 2008-10-02 06:00:00 UTC        
 READ IN fields at DATE: 2008-10-02 12:00:00 UTC        
 READ IN fields at DATE: 2008-10-02 18:00:00 UTC        
 READ IN fields at DATE: 2008-10-03 00:00:00 UTC        
 READ IN fields at DATE: 2008-10-03 06:00:00 UTC        
 READ IN fields at DATE: 2008-10-03 12:00:00 UTC        
 READ IN fields at DATE: 2008-10-03 18:00:00 UTC        
 READ IN fields at DATE: 2008-10-04 00:00:00 UTC        
 READ IN fields at DATE: 2008-10-04 06:00:00 UTC        
 READ IN fields at DATE: 2008-10-04 12:00:00 UTC        
 READ IN fields at DATE: 2008-10-04 18:00:00 UTC        
 READ IN fields at DATE: 2008-10-05 00:00:00 UTC        
 READ IN fields at DATE: 2008-10-05 06:00:00 UTC        
 READ IN fields at DATE: 2008-10-05 12:00:00 UTC        
 READ IN fields at DATE: 2008-10-05 18:00:00 UTC        
 READ IN fields at DATE: 2008-10-06 00:00:00 UTC        
 READ IN fields at DATE: 2008-10-06 06:00:00 UTC        
 READ IN fields at DATE: 2008-10-06 12:00:00 UTC        
 READ IN fields at DATE: 2008-10-06 18:00:00 UTC        
 READ IN fields at DATE: 2008-10-07 00:00:00 UTC        
 READ IN fields at DATE: 2008-10-07 06:00:00 UTC        
 READ IN fields at DATE: 2008-10-07 12:00:00 UTC        
 READ IN fields at DATE: 2008-10-07 18:00:00 UTC        
 READ IN fields at DATE: 2008-10-08 00:00:00 UTC        
 READ IN fields at DATE: 2008-10-08 06:00:00 UTC        
 READ IN fields at DATE: 2008-10-08 12:00:00 UTC        
 READ IN fields at DATE: 2008-10-08 18:00:00 UTC        
 READ IN fields at DATE: 2008-10-09 00:00:00 UTC        
 READ IN fields at DATE: 2008-10-09 06:00:00 UTC        
 READ IN fields at DATE: 2008-10-09 12:00:00 UTC        
 READ IN fields at DATE: 2008-10-09 18:00:00 UTC        
 READ IN fields at DATE: 2008-10-10 00:00:00 UTC        
 READ IN fields at DATE: 2008-10-10 06:00:00 UTC        
 READ IN fields at DATE: 2008-10-10 12:00:00 UTC        
 READ IN fields at DATE: 2008-10-10 18:00:00 UTC        
 READ IN fields at DATE: 2008-10-11 00:00:00 UTC        
 READ IN fields at DATE: 2008-10-11 06:00:00 UTC        
 READ IN fields at DATE: 2008-10-11 12:00:00 UTC        
 READ IN fields at DATE: 2008-10-11 18:00:00 UTC        
 READ IN fields at DATE: 2008-10-12 00:00:00 UTC        
 READ IN fields at DATE: 2008-10-12 06:00:00 UTC        
 READ IN fields at DATE: 2008-10-12 12:00:00 UTC        
 READ IN fields at DATE: 2008-10-12 18:00:00 UTC        
 READ IN fields at DATE: 2008-10-13 00:00:00 UTC        
 READ IN fields at DATE: 2008-10-13 06:00:00 UTC        
 READ IN fields at DATE: 2008-10-13 12:00:00 UTC        
 READ IN fields at DATE: 2008-10-13 18:00:00 UTC        
 READ IN fields at DATE: 2008-10-14 00:00:00 UTC        
 READ IN fields at DATE: 2008-10-14 06:00:00 UTC        
 READ IN fields at DATE: 2008-10-14 12:00:00 UTC        
 READ IN fields at DATE: 2008-10-14 18:00:00 UTC        
 READ IN fields at DATE: 2008-10-15 00:00:00 UTC        
 READ IN fields at DATE: 2008-10-15 06:00:00 UTC        
 READ IN fields at DATE: 2008-10-15 12:00:00 UTC        
 READ IN fields at DATE: 2008-10-15 18:00:00 UTC        
 READ IN fields at DATE: 2008-10-16 00:00:00 UTC        
 READ IN fields at DATE: 2008-10-16 06:00:00 UTC        
 READ IN fields at DATE: 2008-10-16 12:00:00 UTC        
 READ IN fields at DATE: 2008-10-16 18:00:00 UTC        
 READ IN fields at DATE: 2008-10-17 00:00:00 UTC        
 READ IN fields at DATE: 2008-10-17 06:00:00 UTC        
 READ IN fields at DATE: 2008-10-17 12:00:00 UTC        
 READ IN fields at DATE: 2008-10-17 18:00:00 UTC        
 READ IN fields at DATE: 2008-10-18 00:00:00 UTC        
 READ IN fields at DATE: 2008-10-18 06:00:00 UTC        
 READ IN fields at DATE: 2008-10-18 12:00:00 UTC        
 READ IN fields at DATE: 2008-10-18 18:00:00 UTC        
 READ IN fields at DATE: 2008-10-19 00:00:00 UTC        
 READ IN fields at DATE: 2008-10-19 06:00:00 UTC        
 READ IN fields at DATE: 2008-10-19 12:00:00 UTC        
 READ IN fields at DATE: 2008-10-19 18:00:00 UTC        
 READ IN fields at DATE: 2008-10-20 00:00:00 UTC        
 READ IN fields at DATE: 2008-10-20 06:00:00 UTC        
 READ IN fields at DATE: 2008-10-20 12:00:00 UTC        
 READ IN fields at DATE: 2008-10-20 18:00:00 UTC        
 READ IN fields at DATE: 2008-10-21 00:00:00 UTC        
 READ IN fields at DATE: 2008-10-21 06:00:00 UTC        
 READ IN fields at DATE: 2008-10-21 12:00:00 UTC        
 READ IN fields at DATE: 2008-10-21 18:00:00 UTC        
 READ IN fields at DATE: 2008-10-22 00:00:00 UTC        
 READ IN fields at DATE: 2008-10-22 06:00:00 UTC        
 READ IN fields at DATE: 2008-10-22 12:00:00 UTC        
 READ IN fields at DATE: 2008-10-22 18:00:00 UTC        
 READ IN fields at DATE: 2008-10-23 00:00:00 UTC        
 READ IN fields at DATE: 2008-10-23 06:00:00 UTC        
 READ IN fields at DATE: 2008-10-23 12:00:00 UTC        
 READ IN fields at DATE: 2008-10-23 18:00:00 UTC        
 READ IN fields at DATE: 2008-10-24 00:00:00 UTC        
 READ IN fields at DATE: 2008-10-24 06:00:00 UTC        
 READ IN fields at DATE: 2008-10-24 12:00:00 UTC        
 READ IN fields at DATE: 2008-10-24 18:00:00 UTC        
 READ IN fields at DATE: 2008-10-25 00:00:00 UTC        
 READ IN fields at DATE: 2008-10-25 06:00:00 UTC        
 READ IN fields at DATE: 2008-10-25 12:00:00 UTC        
 READ IN fields at DATE: 2008-10-25 18:00:00 UTC        
 READ IN fields at DATE: 2008-10-26 00:00:00 UTC        
 READ IN fields at DATE: 2008-10-26 06:00:00 UTC        
 READ IN fields at DATE: 2008-10-26 12:00:00 UTC        
 READ IN fields at DATE: 2008-10-26 18:00:00 UTC        
 READ IN fields at DATE: 2008-10-27 00:00:00 UTC        
 READ IN fields at DATE: 2008-10-27 06:00:00 UTC        
 READ IN fields at DATE: 2008-10-27 12:00:00 UTC        
 READ IN fields at DATE: 2008-10-27 18:00:00 UTC        
 READ IN fields at DATE: 2008-10-28 00:00:00 UTC        
 READ IN fields at DATE: 2008-10-28 06:00:00 UTC        
 READ IN fields at DATE: 2008-10-28 12:00:00 UTC        
 READ IN fields at DATE: 2008-10-28 18:00:00 UTC        
 READ IN fields at DATE: 2008-10-29 00:00:00 UTC        
 READ IN fields at DATE: 2008-10-29 06:00:00 UTC        
 READ IN fields at DATE: 2008-10-29 12:00:00 UTC        
 READ IN fields at DATE: 2008-10-29 18:00:00 UTC        
 READ IN fields at DATE: 2008-10-30 00:00:00 UTC        
 READ IN fields at DATE: 2008-10-30 06:00:00 UTC        
 READ IN fields at DATE: 2008-10-30 12:00:00 UTC        
 READ IN fields at DATE: 2008-10-30 18:00:00 UTC        
 READ IN fields at DATE: 2008-10-31 00:00:00 UTC        
 READ IN fields at DATE: 2008-10-31 06:00:00 UTC        
 READ IN fields at DATE: 2008-10-31 12:00:00 UTC        
 READ IN fields at DATE: 2008-10-31 18:00:00 UTC        
      131072 /leonardo_work/ICT25_ESP/RCMDATA//ERA5/2008/tatm_2008_11.nc
  2.047985477915230E-003   249.741895929136     
      196608 /leonardo_work/ICT25_ESP/RCMDATA//ERA5/2008/geop_2008_11.nc
   7.49347126400058        239457.427092493     
      262144 /leonardo_work/ICT25_ESP/RCMDATA//ERA5/2008/qhum_2008_11.nc
  3.869184447278648E-007  1.266028828225491E-002
      327680 /leonardo_work/ICT25_ESP/RCMDATA//ERA5/2008/uwnd_2008_11.nc
  3.313377135538464E-003   44.4406879769596     
      393216 /leonardo_work/ICT25_ESP/RCMDATA//ERA5/2008/vwnd_2008_11.nc
  3.075680859261746E-003  -8.56309179550776     
 READ IN fields at DATE: 2008-11-01 00:00:00 UTC        
 READ IN fields at DATE: 2008-11-01 06:00:00 UTC        
 READ IN fields at DATE: 2008-11-01 12:00:00 UTC        
 READ IN fields at DATE: 2008-11-01 18:00:00 UTC        
 READ IN fields at DATE: 2008-11-02 00:00:00 UTC        
 READ IN fields at DATE: 2008-11-02 06:00:00 UTC        
 READ IN fields at DATE: 2008-11-02 12:00:00 UTC        
 READ IN fields at DATE: 2008-11-02 18:00:00 UTC        
 READ IN fields at DATE: 2008-11-03 00:00:00 UTC        
 READ IN fields at DATE: 2008-11-03 06:00:00 UTC        
 READ IN fields at DATE: 2008-11-03 12:00:00 UTC        
 READ IN fields at DATE: 2008-11-03 18:00:00 UTC        
 READ IN fields at DATE: 2008-11-04 00:00:00 UTC        
 READ IN fields at DATE: 2008-11-04 06:00:00 UTC        
 READ IN fields at DATE: 2008-11-04 12:00:00 UTC        
 READ IN fields at DATE: 2008-11-04 18:00:00 UTC        
 READ IN fields at DATE: 2008-11-05 00:00:00 UTC        
 READ IN fields at DATE: 2008-11-05 06:00:00 UTC        
 READ IN fields at DATE: 2008-11-05 12:00:00 UTC        
 READ IN fields at DATE: 2008-11-05 18:00:00 UTC        
 READ IN fields at DATE: 2008-11-06 00:00:00 UTC        
 READ IN fields at DATE: 2008-11-06 06:00:00 UTC        
 READ IN fields at DATE: 2008-11-06 12:00:00 UTC        
 READ IN fields at DATE: 2008-11-06 18:00:00 UTC        
 READ IN fields at DATE: 2008-11-07 00:00:00 UTC        
 READ IN fields at DATE: 2008-11-07 06:00:00 UTC        
 READ IN fields at DATE: 2008-11-07 12:00:00 UTC        
 READ IN fields at DATE: 2008-11-07 18:00:00 UTC        
 READ IN fields at DATE: 2008-11-08 00:00:00 UTC        
 READ IN fields at DATE: 2008-11-08 06:00:00 UTC        
 READ IN fields at DATE: 2008-11-08 12:00:00 UTC        
 READ IN fields at DATE: 2008-11-08 18:00:00 UTC        
 READ IN fields at DATE: 2008-11-09 00:00:00 UTC        
 READ IN fields at DATE: 2008-11-09 06:00:00 UTC        
 READ IN fields at DATE: 2008-11-09 12:00:00 UTC        
 READ IN fields at DATE: 2008-11-09 18:00:00 UTC        
 READ IN fields at DATE: 2008-11-10 00:00:00 UTC        
 READ IN fields at DATE: 2008-11-10 06:00:00 UTC        
 READ IN fields at DATE: 2008-11-10 12:00:00 UTC        
 READ IN fields at DATE: 2008-11-10 18:00:00 UTC        
 READ IN fields at DATE: 2008-11-11 00:00:00 UTC        
 READ IN fields at DATE: 2008-11-11 06:00:00 UTC        
 READ IN fields at DATE: 2008-11-11 12:00:00 UTC        
 READ IN fields at DATE: 2008-11-11 18:00:00 UTC        
 READ IN fields at DATE: 2008-11-12 00:00:00 UTC        
 READ IN fields at DATE: 2008-11-12 06:00:00 UTC        
 READ IN fields at DATE: 2008-11-12 12:00:00 UTC        
 READ IN fields at DATE: 2008-11-12 18:00:00 UTC        
 READ IN fields at DATE: 2008-11-13 00:00:00 UTC        
 READ IN fields at DATE: 2008-11-13 06:00:00 UTC        
 READ IN fields at DATE: 2008-11-13 12:00:00 UTC        
 READ IN fields at DATE: 2008-11-13 18:00:00 UTC        
 READ IN fields at DATE: 2008-11-14 00:00:00 UTC        
 READ IN fields at DATE: 2008-11-14 06:00:00 UTC        
 READ IN fields at DATE: 2008-11-14 12:00:00 UTC        
 READ IN fields at DATE: 2008-11-14 18:00:00 UTC        
 READ IN fields at DATE: 2008-11-15 00:00:00 UTC        
 READ IN fields at DATE: 2008-11-15 06:00:00 UTC        
 READ IN fields at DATE: 2008-11-15 12:00:00 UTC        
 READ IN fields at DATE: 2008-11-15 18:00:00 UTC        
 READ IN fields at DATE: 2008-11-16 00:00:00 UTC        
 READ IN fields at DATE: 2008-11-16 06:00:00 UTC        
 READ IN fields at DATE: 2008-11-16 12:00:00 UTC        
 READ IN fields at DATE: 2008-11-16 18:00:00 UTC        
 READ IN fields at DATE: 2008-11-17 00:00:00 UTC        
 READ IN fields at DATE: 2008-11-17 06:00:00 UTC        
 READ IN fields at DATE: 2008-11-17 12:00:00 UTC        
 READ IN fields at DATE: 2008-11-17 18:00:00 UTC        
 READ IN fields at DATE: 2008-11-18 00:00:00 UTC        
 READ IN fields at DATE: 2008-11-18 06:00:00 UTC        
 READ IN fields at DATE: 2008-11-18 12:00:00 UTC        
 READ IN fields at DATE: 2008-11-18 18:00:00 UTC        
 READ IN fields at DATE: 2008-11-19 00:00:00 UTC        
 READ IN fields at DATE: 2008-11-19 06:00:00 UTC        
 READ IN fields at DATE: 2008-11-19 12:00:00 UTC        
 READ IN fields at DATE: 2008-11-19 18:00:00 UTC        
 READ IN fields at DATE: 2008-11-20 00:00:00 UTC        
 READ IN fields at DATE: 2008-11-20 06:00:00 UTC        
 READ IN fields at DATE: 2008-11-20 12:00:00 UTC        
 READ IN fields at DATE: 2008-11-20 18:00:00 UTC        
 READ IN fields at DATE: 2008-11-21 00:00:00 UTC        
 READ IN fields at DATE: 2008-11-21 06:00:00 UTC        
 READ IN fields at DATE: 2008-11-21 12:00:00 UTC        
 READ IN fields at DATE: 2008-11-21 18:00:00 UTC        
 READ IN fields at DATE: 2008-11-22 00:00:00 UTC        
 READ IN fields at DATE: 2008-11-22 06:00:00 UTC        
 READ IN fields at DATE: 2008-11-22 12:00:00 UTC        
 READ IN fields at DATE: 2008-11-22 18:00:00 UTC        
 READ IN fields at DATE: 2008-11-23 00:00:00 UTC        
 READ IN fields at DATE: 2008-11-23 06:00:00 UTC        
 READ IN fields at DATE: 2008-11-23 12:00:00 UTC        
 READ IN fields at DATE: 2008-11-23 18:00:00 UTC        
 READ IN fields at DATE: 2008-11-24 00:00:00 UTC        
 READ IN fields at DATE: 2008-11-24 06:00:00 UTC        
 READ IN fields at DATE: 2008-11-24 12:00:00 UTC        
 READ IN fields at DATE: 2008-11-24 18:00:00 UTC        
 READ IN fields at DATE: 2008-11-25 00:00:00 UTC        
 READ IN fields at DATE: 2008-11-25 06:00:00 UTC        
 READ IN fields at DATE: 2008-11-25 12:00:00 UTC        
 READ IN fields at DATE: 2008-11-25 18:00:00 UTC        
 READ IN fields at DATE: 2008-11-26 00:00:00 UTC        
 READ IN fields at DATE: 2008-11-26 06:00:00 UTC        
 READ IN fields at DATE: 2008-11-26 12:00:00 UTC        
 READ IN fields at DATE: 2008-11-26 18:00:00 UTC        
 READ IN fields at DATE: 2008-11-27 00:00:00 UTC        
 READ IN fields at DATE: 2008-11-27 06:00:00 UTC        
 READ IN fields at DATE: 2008-11-27 12:00:00 UTC        
 READ IN fields at DATE: 2008-11-27 18:00:00 UTC        
 READ IN fields at DATE: 2008-11-28 00:00:00 UTC        
 READ IN fields at DATE: 2008-11-28 06:00:00 UTC        
 READ IN fields at DATE: 2008-11-28 12:00:00 UTC        
 READ IN fields at DATE: 2008-11-28 18:00:00 UTC        
 READ IN fields at DATE: 2008-11-29 00:00:00 UTC        
 READ IN fields at DATE: 2008-11-29 06:00:00 UTC        
 READ IN fields at DATE: 2008-11-29 12:00:00 UTC        
 READ IN fields at DATE: 2008-11-29 18:00:00 UTC        
 READ IN fields at DATE: 2008-11-30 00:00:00 UTC        
 READ IN fields at DATE: 2008-11-30 06:00:00 UTC        
 READ IN fields at DATE: 2008-11-30 12:00:00 UTC        
 READ IN fields at DATE: 2008-11-30 18:00:00 UTC        
      131072 /leonardo_work/ICT25_ESP/RCMDATA//ERA5/2008/tatm_2008_12.nc
  2.156541215548130E-003   247.020436621970     
      196608 /leonardo_work/ICT25_ESP/RCMDATA//ERA5/2008/geop_2008_12.nc
   7.62113279282957        244447.466777354     
      262144 /leonardo_work/ICT25_ESP/RCMDATA//ERA5/2008/qhum_2008_12.nc
  3.639870339845568E-007  1.189464898653740E-002
      327680 /leonardo_work/ICT25_ESP/RCMDATA//ERA5/2008/uwnd_2008_12.nc
  4.561298943092721E-003   29.8779912621495     
      393216 /leonardo_work/ICT25_ESP/RCMDATA//ERA5/2008/vwnd_2008_12.nc
  3.658245606429919E-003  0.303102517821785     
 READ IN fields at DATE: 2008-12-01 00:00:00 UTC        
 READ IN fields at DATE: 2008-12-01 06:00:00 UTC        
 READ IN fields at DATE: 2008-12-01 12:00:00 UTC        
 READ IN fields at DATE: 2008-12-01 18:00:00 UTC        
 READ IN fields at DATE: 2008-12-02 00:00:00 UTC        
 READ IN fields at DATE: 2008-12-02 06:00:00 UTC        
 READ IN fields at DATE: 2008-12-02 12:00:00 UTC        
 READ IN fields at DATE: 2008-12-02 18:00:00 UTC        
 READ IN fields at DATE: 2008-12-03 00:00:00 UTC        
 READ IN fields at DATE: 2008-12-03 06:00:00 UTC        
 READ IN fields at DATE: 2008-12-03 12:00:00 UTC        
 READ IN fields at DATE: 2008-12-03 18:00:00 UTC        
 READ IN fields at DATE: 2008-12-04 00:00:00 UTC        
 READ IN fields at DATE: 2008-12-04 06:00:00 UTC        
 READ IN fields at DATE: 2008-12-04 12:00:00 UTC        
 READ IN fields at DATE: 2008-12-04 18:00:00 UTC        
 READ IN fields at DATE: 2008-12-05 00:00:00 UTC        
 READ IN fields at DATE: 2008-12-05 06:00:00 UTC        
 READ IN fields at DATE: 2008-12-05 12:00:00 UTC        
 READ IN fields at DATE: 2008-12-05 18:00:00 UTC        
 READ IN fields at DATE: 2008-12-06 00:00:00 UTC        
 READ IN fields at DATE: 2008-12-06 06:00:00 UTC        
 READ IN fields at DATE: 2008-12-06 12:00:00 UTC        
 READ IN fields at DATE: 2008-12-06 18:00:00 UTC        
 READ IN fields at DATE: 2008-12-07 00:00:00 UTC        
 READ IN fields at DATE: 2008-12-07 06:00:00 UTC        
 READ IN fields at DATE: 2008-12-07 12:00:00 UTC        
 READ IN fields at DATE: 2008-12-07 18:00:00 UTC        
 READ IN fields at DATE: 2008-12-08 00:00:00 UTC        
 READ IN fields at DATE: 2008-12-08 06:00:00 UTC        
 READ IN fields at DATE: 2008-12-08 12:00:00 UTC        
 READ IN fields at DATE: 2008-12-08 18:00:00 UTC        
 READ IN fields at DATE: 2008-12-09 00:00:00 UTC        
 READ IN fields at DATE: 2008-12-09 06:00:00 UTC        
 READ IN fields at DATE: 2008-12-09 12:00:00 UTC        
 READ IN fields at DATE: 2008-12-09 18:00:00 UTC        
 READ IN fields at DATE: 2008-12-10 00:00:00 UTC        
 READ IN fields at DATE: 2008-12-10 06:00:00 UTC        
 READ IN fields at DATE: 2008-12-10 12:00:00 UTC        
 READ IN fields at DATE: 2008-12-10 18:00:00 UTC        
 READ IN fields at DATE: 2008-12-11 00:00:00 UTC        
 READ IN fields at DATE: 2008-12-11 06:00:00 UTC        
 READ IN fields at DATE: 2008-12-11 12:00:00 UTC        
 READ IN fields at DATE: 2008-12-11 18:00:00 UTC        
 READ IN fields at DATE: 2008-12-12 00:00:00 UTC        
 READ IN fields at DATE: 2008-12-12 06:00:00 UTC        
 READ IN fields at DATE: 2008-12-12 12:00:00 UTC        
 READ IN fields at DATE: 2008-12-12 18:00:00 UTC        
 READ IN fields at DATE: 2008-12-13 00:00:00 UTC        
 READ IN fields at DATE: 2008-12-13 06:00:00 UTC        
 READ IN fields at DATE: 2008-12-13 12:00:00 UTC        
 READ IN fields at DATE: 2008-12-13 18:00:00 UTC        
 READ IN fields at DATE: 2008-12-14 00:00:00 UTC        
 READ IN fields at DATE: 2008-12-14 06:00:00 UTC        
 READ IN fields at DATE: 2008-12-14 12:00:00 UTC        
 READ IN fields at DATE: 2008-12-14 18:00:00 UTC        
 READ IN fields at DATE: 2008-12-15 00:00:00 UTC        
 READ IN fields at DATE: 2008-12-15 06:00:00 UTC        
 READ IN fields at DATE: 2008-12-15 12:00:00 UTC        
 READ IN fields at DATE: 2008-12-15 18:00:00 UTC        
 READ IN fields at DATE: 2008-12-16 00:00:00 UTC        
 READ IN fields at DATE: 2008-12-16 06:00:00 UTC        
 READ IN fields at DATE: 2008-12-16 12:00:00 UTC        
 READ IN fields at DATE: 2008-12-16 18:00:00 UTC        
 READ IN fields at DATE: 2008-12-17 00:00:00 UTC        
 READ IN fields at DATE: 2008-12-17 06:00:00 UTC        
 READ IN fields at DATE: 2008-12-17 12:00:00 UTC        
 READ IN fields at DATE: 2008-12-17 18:00:00 UTC        
 READ IN fields at DATE: 2008-12-18 00:00:00 UTC        
 READ IN fields at DATE: 2008-12-18 06:00:00 UTC        
 READ IN fields at DATE: 2008-12-18 12:00:00 UTC        
 READ IN fields at DATE: 2008-12-18 18:00:00 UTC        
 READ IN fields at DATE: 2008-12-19 00:00:00 UTC        
 READ IN fields at DATE: 2008-12-19 06:00:00 UTC        
 READ IN fields at DATE: 2008-12-19 12:00:00 UTC        
 READ IN fields at DATE: 2008-12-19 18:00:00 UTC        
 READ IN fields at DATE: 2008-12-20 00:00:00 UTC        
 READ IN fields at DATE: 2008-12-20 06:00:00 UTC        
 READ IN fields at DATE: 2008-12-20 12:00:00 UTC        
 READ IN fields at DATE: 2008-12-20 18:00:00 UTC        
 READ IN fields at DATE: 2008-12-21 00:00:00 UTC        
 READ IN fields at DATE: 2008-12-21 06:00:00 UTC        
 READ IN fields at DATE: 2008-12-21 12:00:00 UTC        
 READ IN fields at DATE: 2008-12-21 18:00:00 UTC        
 READ IN fields at DATE: 2008-12-22 00:00:00 UTC        
 READ IN fields at DATE: 2008-12-22 06:00:00 UTC        
 READ IN fields at DATE: 2008-12-22 12:00:00 UTC        
 READ IN fields at DATE: 2008-12-22 18:00:00 UTC        
 READ IN fields at DATE: 2008-12-23 00:00:00 UTC        
 READ IN fields at DATE: 2008-12-23 06:00:00 UTC        
 READ IN fields at DATE: 2008-12-23 12:00:00 UTC        
 READ IN fields at DATE: 2008-12-23 18:00:00 UTC        
 READ IN fields at DATE: 2008-12-24 00:00:00 UTC        
 READ IN fields at DATE: 2008-12-24 06:00:00 UTC        
 READ IN fields at DATE: 2008-12-24 12:00:00 UTC        
 READ IN fields at DATE: 2008-12-24 18:00:00 UTC        
 READ IN fields at DATE: 2008-12-25 00:00:00 UTC        
 READ IN fields at DATE: 2008-12-25 06:00:00 UTC        
 READ IN fields at DATE: 2008-12-25 12:00:00 UTC        
 READ IN fields at DATE: 2008-12-25 18:00:00 UTC        
 READ IN fields at DATE: 2008-12-26 00:00:00 UTC        
 READ IN fields at DATE: 2008-12-26 06:00:00 UTC        
 READ IN fields at DATE: 2008-12-26 12:00:00 UTC        
 READ IN fields at DATE: 2008-12-26 18:00:00 UTC        
 READ IN fields at DATE: 2008-12-27 00:00:00 UTC        
 READ IN fields at DATE: 2008-12-27 06:00:00 UTC        
 READ IN fields at DATE: 2008-12-27 12:00:00 UTC        
 READ IN fields at DATE: 2008-12-27 18:00:00 UTC        
 READ IN fields at DATE: 2008-12-28 00:00:00 UTC        
 READ IN fields at DATE: 2008-12-28 06:00:00 UTC        
 READ IN fields at DATE: 2008-12-28 12:00:00 UTC        
 READ IN fields at DATE: 2008-12-28 18:00:00 UTC        
 READ IN fields at DATE: 2008-12-29 00:00:00 UTC        
 READ IN fields at DATE: 2008-12-29 06:00:00 UTC        
 READ IN fields at DATE: 2008-12-29 12:00:00 UTC        
 READ IN fields at DATE: 2008-12-29 18:00:00 UTC        
 READ IN fields at DATE: 2008-12-30 00:00:00 UTC        
 READ IN fields at DATE: 2008-12-30 06:00:00 UTC        
 READ IN fields at DATE: 2008-12-30 12:00:00 UTC        
 READ IN fields at DATE: 2008-12-30 18:00:00 UTC        
 READ IN fields at DATE: 2008-12-31 00:00:00 UTC        
 READ IN fields at DATE: 2008-12-31 06:00:00 UTC        
 READ IN fields at DATE: 2008-12-31 12:00:00 UTC        
 READ IN fields at DATE: 2008-12-31 18:00:00 UTC        
      131072 /leonardo_work/ICT25_ESP/RCMDATA//ERA5/2009/tatm_2009_01.nc
  2.116388664334667E-003   250.320047762699     
      196608 /leonardo_work/ICT25_ESP/RCMDATA//ERA5/2009/geop_2009_01.nc
   7.62564524981689        244437.232099250     
      262144 /leonardo_work/ICT25_ESP/RCMDATA//ERA5/2009/qhum_2009_01.nc
  3.780952594401377E-007  1.236663496450357E-002
      327680 /leonardo_work/ICT25_ESP/RCMDATA//ERA5/2009/uwnd_2009_01.nc
  5.076272421462517E-003   35.4372354233596     
      393216 /leonardo_work/ICT25_ESP/RCMDATA//ERA5/2009/vwnd_2009_01.nc
  5.005177356747388E-003   2.23752579266928     
 READ IN fields at DATE: 2009-01-01 00:00:00 UTC        
 Input ready at : Sat Jun 14 02:24:11 2025
 Successfully completed ICBC
icbc script complete
