
  This is icbc part of the RegCM version 5
   SVN Revision: 5.0.0-1068-g402b compiled at: data : Jan 14 2026  time: 14:27:56

 : this run start at    : 2026-01-18 02:15:37+0100
 : it is submitted by   : mdasilva
 : it is running on     : lrdn4653.leonardo.local
 : in directory         : 
 /leonardo/home/userexternal/mdasilva/github_projects/shell/ictp/regcm_exp/eur_1
 1
                       
 Using Moloch non-hydrostatic dynamical core
 GLOBIDATE1 :  2002-01-01 00:00:00 UTC        
 GLOBIDATE2 :  2003-01-01 00:00:00 UTC        
 NSTEPS     :         1461
 Computing weights, R =      38.21770477 .......... Done.
 Computing weights, R =      38.21770477 .......... Done.
 Computing weights, R =      38.21770477 .......... Done.
      131072 /leonardo_work/ICT25_ESP/RCMDATA//ERA5/2002/tatm_2002_01.nc
  2.118261406928928E-003   248.157823010410     
      196608 /leonardo_work/ICT25_ESP/RCMDATA//ERA5/2002/geop_2002_01.nc
   7.63019657081165        244787.973964215     
      262144 /leonardo_work/ICT25_ESP/RCMDATA//ERA5/2002/qhum_2002_01.nc
  3.709795293588085E-007  1.213839811757398E-002
      327680 /leonardo_work/ICT25_ESP/RCMDATA//ERA5/2002/uwnd_2002_01.nc
  5.096848840186552E-003   8.06720712977913     
      393216 /leonardo_work/ICT25_ESP/RCMDATA//ERA5/2002/vwnd_2002_01.nc
  4.623303417684125E-003   3.96111303090835     
 READ IN fields at DATE: 2002-01-01 00:00:00 UTC        
 READ IN fields at DATE: 2002-01-01 06:00:00 UTC        
 READ IN fields at DATE: 2002-01-01 12:00:00 UTC        
 READ IN fields at DATE: 2002-01-01 18:00:00 UTC        
 READ IN fields at DATE: 2002-01-02 00:00:00 UTC        
 READ IN fields at DATE: 2002-01-02 06:00:00 UTC        
 READ IN fields at DATE: 2002-01-02 12:00:00 UTC        
 READ IN fields at DATE: 2002-01-02 18:00:00 UTC        
 READ IN fields at DATE: 2002-01-03 00:00:00 UTC        
 READ IN fields at DATE: 2002-01-03 06:00:00 UTC        
 READ IN fields at DATE: 2002-01-03 12:00:00 UTC        
 READ IN fields at DATE: 2002-01-03 18:00:00 UTC        
 READ IN fields at DATE: 2002-01-04 00:00:00 UTC        
 READ IN fields at DATE: 2002-01-04 06:00:00 UTC        
 READ IN fields at DATE: 2002-01-04 12:00:00 UTC        
 READ IN fields at DATE: 2002-01-04 18:00:00 UTC        
 READ IN fields at DATE: 2002-01-05 00:00:00 UTC        
 READ IN fields at DATE: 2002-01-05 06:00:00 UTC        
 READ IN fields at DATE: 2002-01-05 12:00:00 UTC        
 READ IN fields at DATE: 2002-01-05 18:00:00 UTC        
 READ IN fields at DATE: 2002-01-06 00:00:00 UTC        
 READ IN fields at DATE: 2002-01-06 06:00:00 UTC        
 READ IN fields at DATE: 2002-01-06 12:00:00 UTC        
 READ IN fields at DATE: 2002-01-06 18:00:00 UTC        
 READ IN fields at DATE: 2002-01-07 00:00:00 UTC        
 READ IN fields at DATE: 2002-01-07 06:00:00 UTC        
 READ IN fields at DATE: 2002-01-07 12:00:00 UTC        
 READ IN fields at DATE: 2002-01-07 18:00:00 UTC        
 READ IN fields at DATE: 2002-01-08 00:00:00 UTC        
 READ IN fields at DATE: 2002-01-08 06:00:00 UTC        
 READ IN fields at DATE: 2002-01-08 12:00:00 UTC        
 READ IN fields at DATE: 2002-01-08 18:00:00 UTC        
 READ IN fields at DATE: 2002-01-09 00:00:00 UTC        
 READ IN fields at DATE: 2002-01-09 06:00:00 UTC        
 READ IN fields at DATE: 2002-01-09 12:00:00 UTC        
 READ IN fields at DATE: 2002-01-09 18:00:00 UTC        
 READ IN fields at DATE: 2002-01-10 00:00:00 UTC        
 READ IN fields at DATE: 2002-01-10 06:00:00 UTC        
 READ IN fields at DATE: 2002-01-10 12:00:00 UTC        
 READ IN fields at DATE: 2002-01-10 18:00:00 UTC        
 READ IN fields at DATE: 2002-01-11 00:00:00 UTC        
 READ IN fields at DATE: 2002-01-11 06:00:00 UTC        
 READ IN fields at DATE: 2002-01-11 12:00:00 UTC        
 READ IN fields at DATE: 2002-01-11 18:00:00 UTC        
 READ IN fields at DATE: 2002-01-12 00:00:00 UTC        
 READ IN fields at DATE: 2002-01-12 06:00:00 UTC        
 READ IN fields at DATE: 2002-01-12 12:00:00 UTC        
 READ IN fields at DATE: 2002-01-12 18:00:00 UTC        
 READ IN fields at DATE: 2002-01-13 00:00:00 UTC        
 READ IN fields at DATE: 2002-01-13 06:00:00 UTC        
 READ IN fields at DATE: 2002-01-13 12:00:00 UTC        
 READ IN fields at DATE: 2002-01-13 18:00:00 UTC        
 READ IN fields at DATE: 2002-01-14 00:00:00 UTC        
 READ IN fields at DATE: 2002-01-14 06:00:00 UTC        
 READ IN fields at DATE: 2002-01-14 12:00:00 UTC        
 READ IN fields at DATE: 2002-01-14 18:00:00 UTC        
 READ IN fields at DATE: 2002-01-15 00:00:00 UTC        
 READ IN fields at DATE: 2002-01-15 06:00:00 UTC        
 READ IN fields at DATE: 2002-01-15 12:00:00 UTC        
 READ IN fields at DATE: 2002-01-15 18:00:00 UTC        
 READ IN fields at DATE: 2002-01-16 00:00:00 UTC        
 READ IN fields at DATE: 2002-01-16 06:00:00 UTC        
 READ IN fields at DATE: 2002-01-16 12:00:00 UTC        
 READ IN fields at DATE: 2002-01-16 18:00:00 UTC        
 READ IN fields at DATE: 2002-01-17 00:00:00 UTC        
 READ IN fields at DATE: 2002-01-17 06:00:00 UTC        
 READ IN fields at DATE: 2002-01-17 12:00:00 UTC        
 READ IN fields at DATE: 2002-01-17 18:00:00 UTC        
 READ IN fields at DATE: 2002-01-18 00:00:00 UTC        
 READ IN fields at DATE: 2002-01-18 06:00:00 UTC        
 READ IN fields at DATE: 2002-01-18 12:00:00 UTC        
 READ IN fields at DATE: 2002-01-18 18:00:00 UTC        
 READ IN fields at DATE: 2002-01-19 00:00:00 UTC        
 READ IN fields at DATE: 2002-01-19 06:00:00 UTC        
 READ IN fields at DATE: 2002-01-19 12:00:00 UTC        
 READ IN fields at DATE: 2002-01-19 18:00:00 UTC        
 READ IN fields at DATE: 2002-01-20 00:00:00 UTC        
 READ IN fields at DATE: 2002-01-20 06:00:00 UTC        
 READ IN fields at DATE: 2002-01-20 12:00:00 UTC        
 READ IN fields at DATE: 2002-01-20 18:00:00 UTC        
 READ IN fields at DATE: 2002-01-21 00:00:00 UTC        
 READ IN fields at DATE: 2002-01-21 06:00:00 UTC        
 READ IN fields at DATE: 2002-01-21 12:00:00 UTC        
 READ IN fields at DATE: 2002-01-21 18:00:00 UTC        
 READ IN fields at DATE: 2002-01-22 00:00:00 UTC        
 READ IN fields at DATE: 2002-01-22 06:00:00 UTC        
 READ IN fields at DATE: 2002-01-22 12:00:00 UTC        
 READ IN fields at DATE: 2002-01-22 18:00:00 UTC        
 READ IN fields at DATE: 2002-01-23 00:00:00 UTC        
 READ IN fields at DATE: 2002-01-23 06:00:00 UTC        
 READ IN fields at DATE: 2002-01-23 12:00:00 UTC        
 READ IN fields at DATE: 2002-01-23 18:00:00 UTC        
 READ IN fields at DATE: 2002-01-24 00:00:00 UTC        
 READ IN fields at DATE: 2002-01-24 06:00:00 UTC        
 READ IN fields at DATE: 2002-01-24 12:00:00 UTC        
 READ IN fields at DATE: 2002-01-24 18:00:00 UTC        
 READ IN fields at DATE: 2002-01-25 00:00:00 UTC        
 READ IN fields at DATE: 2002-01-25 06:00:00 UTC        
 READ IN fields at DATE: 2002-01-25 12:00:00 UTC        
 READ IN fields at DATE: 2002-01-25 18:00:00 UTC        
 READ IN fields at DATE: 2002-01-26 00:00:00 UTC        
 READ IN fields at DATE: 2002-01-26 06:00:00 UTC        
 READ IN fields at DATE: 2002-01-26 12:00:00 UTC        
 READ IN fields at DATE: 2002-01-26 18:00:00 UTC        
 READ IN fields at DATE: 2002-01-27 00:00:00 UTC        
 READ IN fields at DATE: 2002-01-27 06:00:00 UTC        
 READ IN fields at DATE: 2002-01-27 12:00:00 UTC        
 READ IN fields at DATE: 2002-01-27 18:00:00 UTC        
 READ IN fields at DATE: 2002-01-28 00:00:00 UTC        
 READ IN fields at DATE: 2002-01-28 06:00:00 UTC        
 READ IN fields at DATE: 2002-01-28 12:00:00 UTC        
 READ IN fields at DATE: 2002-01-28 18:00:00 UTC        
 READ IN fields at DATE: 2002-01-29 00:00:00 UTC        
 READ IN fields at DATE: 2002-01-29 06:00:00 UTC        
 READ IN fields at DATE: 2002-01-29 12:00:00 UTC        
 READ IN fields at DATE: 2002-01-29 18:00:00 UTC        
 READ IN fields at DATE: 2002-01-30 00:00:00 UTC        
 READ IN fields at DATE: 2002-01-30 06:00:00 UTC        
 READ IN fields at DATE: 2002-01-30 12:00:00 UTC        
 READ IN fields at DATE: 2002-01-30 18:00:00 UTC        
 READ IN fields at DATE: 2002-01-31 00:00:00 UTC        
 READ IN fields at DATE: 2002-01-31 06:00:00 UTC        
 READ IN fields at DATE: 2002-01-31 12:00:00 UTC        
 READ IN fields at DATE: 2002-01-31 18:00:00 UTC        
      131072 /leonardo_work/ICT25_ESP/RCMDATA//ERA5/2002/tatm_2002_02.nc
  2.099710707534753E-003   248.538241526482     
      196608 /leonardo_work/ICT25_ESP/RCMDATA//ERA5/2002/geop_2002_02.nc
   7.54236200654632        241104.049131497     
      262144 /leonardo_work/ICT25_ESP/RCMDATA//ERA5/2002/qhum_2002_02.nc
  3.810233113838429E-007  1.245518314155501E-002
      327680 /leonardo_work/ICT25_ESP/RCMDATA//ERA5/2002/uwnd_2002_02.nc
  4.654788451420110E-003   2.22300677325476     
      393216 /leonardo_work/ICT25_ESP/RCMDATA//ERA5/2002/vwnd_2002_02.nc
  4.206436457824684E-003   3.74376164993515     
 READ IN fields at DATE: 2002-02-01 00:00:00 UTC        
 READ IN fields at DATE: 2002-02-01 06:00:00 UTC        
 READ IN fields at DATE: 2002-02-01 12:00:00 UTC        
 READ IN fields at DATE: 2002-02-01 18:00:00 UTC        
 READ IN fields at DATE: 2002-02-02 00:00:00 UTC        
 READ IN fields at DATE: 2002-02-02 06:00:00 UTC        
 READ IN fields at DATE: 2002-02-02 12:00:00 UTC        
 READ IN fields at DATE: 2002-02-02 18:00:00 UTC        
 READ IN fields at DATE: 2002-02-03 00:00:00 UTC        
 READ IN fields at DATE: 2002-02-03 06:00:00 UTC        
 READ IN fields at DATE: 2002-02-03 12:00:00 UTC        
 READ IN fields at DATE: 2002-02-03 18:00:00 UTC        
 READ IN fields at DATE: 2002-02-04 00:00:00 UTC        
 READ IN fields at DATE: 2002-02-04 06:00:00 UTC        
 READ IN fields at DATE: 2002-02-04 12:00:00 UTC        
 READ IN fields at DATE: 2002-02-04 18:00:00 UTC        
 READ IN fields at DATE: 2002-02-05 00:00:00 UTC        
 READ IN fields at DATE: 2002-02-05 06:00:00 UTC        
 READ IN fields at DATE: 2002-02-05 12:00:00 UTC        
 READ IN fields at DATE: 2002-02-05 18:00:00 UTC        
 READ IN fields at DATE: 2002-02-06 00:00:00 UTC        
 READ IN fields at DATE: 2002-02-06 06:00:00 UTC        
 READ IN fields at DATE: 2002-02-06 12:00:00 UTC        
 READ IN fields at DATE: 2002-02-06 18:00:00 UTC        
 READ IN fields at DATE: 2002-02-07 00:00:00 UTC        
 READ IN fields at DATE: 2002-02-07 06:00:00 UTC        
 READ IN fields at DATE: 2002-02-07 12:00:00 UTC        
 READ IN fields at DATE: 2002-02-07 18:00:00 UTC        
 READ IN fields at DATE: 2002-02-08 00:00:00 UTC        
 READ IN fields at DATE: 2002-02-08 06:00:00 UTC        
 READ IN fields at DATE: 2002-02-08 12:00:00 UTC        
 READ IN fields at DATE: 2002-02-08 18:00:00 UTC        
 READ IN fields at DATE: 2002-02-09 00:00:00 UTC        
 READ IN fields at DATE: 2002-02-09 06:00:00 UTC        
 READ IN fields at DATE: 2002-02-09 12:00:00 UTC        
 READ IN fields at DATE: 2002-02-09 18:00:00 UTC        
 READ IN fields at DATE: 2002-02-10 00:00:00 UTC        
 READ IN fields at DATE: 2002-02-10 06:00:00 UTC        
 READ IN fields at DATE: 2002-02-10 12:00:00 UTC        
 READ IN fields at DATE: 2002-02-10 18:00:00 UTC        
 READ IN fields at DATE: 2002-02-11 00:00:00 UTC        
 READ IN fields at DATE: 2002-02-11 06:00:00 UTC        
 READ IN fields at DATE: 2002-02-11 12:00:00 UTC        
 READ IN fields at DATE: 2002-02-11 18:00:00 UTC        
 READ IN fields at DATE: 2002-02-12 00:00:00 UTC        
 READ IN fields at DATE: 2002-02-12 06:00:00 UTC        
 READ IN fields at DATE: 2002-02-12 12:00:00 UTC        
 READ IN fields at DATE: 2002-02-12 18:00:00 UTC        
 READ IN fields at DATE: 2002-02-13 00:00:00 UTC        
 READ IN fields at DATE: 2002-02-13 06:00:00 UTC        
 READ IN fields at DATE: 2002-02-13 12:00:00 UTC        
 READ IN fields at DATE: 2002-02-13 18:00:00 UTC        
 READ IN fields at DATE: 2002-02-14 00:00:00 UTC        
 READ IN fields at DATE: 2002-02-14 06:00:00 UTC        
 READ IN fields at DATE: 2002-02-14 12:00:00 UTC        
 READ IN fields at DATE: 2002-02-14 18:00:00 UTC        
 READ IN fields at DATE: 2002-02-15 00:00:00 UTC        
 READ IN fields at DATE: 2002-02-15 06:00:00 UTC        
 READ IN fields at DATE: 2002-02-15 12:00:00 UTC        
 READ IN fields at DATE: 2002-02-15 18:00:00 UTC        
 READ IN fields at DATE: 2002-02-16 00:00:00 UTC        
 READ IN fields at DATE: 2002-02-16 06:00:00 UTC        
 READ IN fields at DATE: 2002-02-16 12:00:00 UTC        
 READ IN fields at DATE: 2002-02-16 18:00:00 UTC        
 READ IN fields at DATE: 2002-02-17 00:00:00 UTC        
 READ IN fields at DATE: 2002-02-17 06:00:00 UTC        
 READ IN fields at DATE: 2002-02-17 12:00:00 UTC        
 READ IN fields at DATE: 2002-02-17 18:00:00 UTC        
 READ IN fields at DATE: 2002-02-18 00:00:00 UTC        
 READ IN fields at DATE: 2002-02-18 06:00:00 UTC        
 READ IN fields at DATE: 2002-02-18 12:00:00 UTC        
 READ IN fields at DATE: 2002-02-18 18:00:00 UTC        
 READ IN fields at DATE: 2002-02-19 00:00:00 UTC        
 READ IN fields at DATE: 2002-02-19 06:00:00 UTC        
 READ IN fields at DATE: 2002-02-19 12:00:00 UTC        
 READ IN fields at DATE: 2002-02-19 18:00:00 UTC        
 READ IN fields at DATE: 2002-02-20 00:00:00 UTC        
 READ IN fields at DATE: 2002-02-20 06:00:00 UTC        
 READ IN fields at DATE: 2002-02-20 12:00:00 UTC        
 READ IN fields at DATE: 2002-02-20 18:00:00 UTC        
 READ IN fields at DATE: 2002-02-21 00:00:00 UTC        
 READ IN fields at DATE: 2002-02-21 06:00:00 UTC        
 READ IN fields at DATE: 2002-02-21 12:00:00 UTC        
 READ IN fields at DATE: 2002-02-21 18:00:00 UTC        
 READ IN fields at DATE: 2002-02-22 00:00:00 UTC        
 READ IN fields at DATE: 2002-02-22 06:00:00 UTC        
 READ IN fields at DATE: 2002-02-22 12:00:00 UTC        
 READ IN fields at DATE: 2002-02-22 18:00:00 UTC        
 READ IN fields at DATE: 2002-02-23 00:00:00 UTC        
 READ IN fields at DATE: 2002-02-23 06:00:00 UTC        
 READ IN fields at DATE: 2002-02-23 12:00:00 UTC        
 READ IN fields at DATE: 2002-02-23 18:00:00 UTC        
 READ IN fields at DATE: 2002-02-24 00:00:00 UTC        
 READ IN fields at DATE: 2002-02-24 06:00:00 UTC        
 READ IN fields at DATE: 2002-02-24 12:00:00 UTC        
 READ IN fields at DATE: 2002-02-24 18:00:00 UTC        
 READ IN fields at DATE: 2002-02-25 00:00:00 UTC        
 READ IN fields at DATE: 2002-02-25 06:00:00 UTC        
 READ IN fields at DATE: 2002-02-25 12:00:00 UTC        
 READ IN fields at DATE: 2002-02-25 18:00:00 UTC        
 READ IN fields at DATE: 2002-02-26 00:00:00 UTC        
 READ IN fields at DATE: 2002-02-26 06:00:00 UTC        
 READ IN fields at DATE: 2002-02-26 12:00:00 UTC        
 READ IN fields at DATE: 2002-02-26 18:00:00 UTC        
 READ IN fields at DATE: 2002-02-27 00:00:00 UTC        
 READ IN fields at DATE: 2002-02-27 06:00:00 UTC        
 READ IN fields at DATE: 2002-02-27 12:00:00 UTC        
 READ IN fields at DATE: 2002-02-27 18:00:00 UTC        
 READ IN fields at DATE: 2002-02-28 00:00:00 UTC        
 READ IN fields at DATE: 2002-02-28 06:00:00 UTC        
 READ IN fields at DATE: 2002-02-28 12:00:00 UTC        
 READ IN fields at DATE: 2002-02-28 18:00:00 UTC        
      131072 /leonardo_work/ICT25_ESP/RCMDATA//ERA5/2002/tatm_2002_03.nc
  2.065798768905074E-003   249.506871153350     
      196608 /leonardo_work/ICT25_ESP/RCMDATA//ERA5/2002/geop_2002_03.nc
   7.34884494024003        235718.897843155     
      262144 /leonardo_work/ICT25_ESP/RCMDATA//ERA5/2002/qhum_2002_03.nc
  3.592749145525425E-007  1.176653820177939E-002
      327680 /leonardo_work/ICT25_ESP/RCMDATA//ERA5/2002/uwnd_2002_03.nc
  2.874513425011063E-003   16.3818940421156     
      393216 /leonardo_work/ICT25_ESP/RCMDATA//ERA5/2002/vwnd_2002_03.nc
  2.689534980825500E-003   1.76722517879865     
 READ IN fields at DATE: 2002-03-01 00:00:00 UTC        
 READ IN fields at DATE: 2002-03-01 06:00:00 UTC        
 READ IN fields at DATE: 2002-03-01 12:00:00 UTC        
 READ IN fields at DATE: 2002-03-01 18:00:00 UTC        
 READ IN fields at DATE: 2002-03-02 00:00:00 UTC        
 READ IN fields at DATE: 2002-03-02 06:00:00 UTC        
 READ IN fields at DATE: 2002-03-02 12:00:00 UTC        
 READ IN fields at DATE: 2002-03-02 18:00:00 UTC        
 READ IN fields at DATE: 2002-03-03 00:00:00 UTC        
 READ IN fields at DATE: 2002-03-03 06:00:00 UTC        
 READ IN fields at DATE: 2002-03-03 12:00:00 UTC        
 READ IN fields at DATE: 2002-03-03 18:00:00 UTC        
 READ IN fields at DATE: 2002-03-04 00:00:00 UTC        
 READ IN fields at DATE: 2002-03-04 06:00:00 UTC        
 READ IN fields at DATE: 2002-03-04 12:00:00 UTC        
 READ IN fields at DATE: 2002-03-04 18:00:00 UTC        
 READ IN fields at DATE: 2002-03-05 00:00:00 UTC        
 READ IN fields at DATE: 2002-03-05 06:00:00 UTC        
 READ IN fields at DATE: 2002-03-05 12:00:00 UTC        
 READ IN fields at DATE: 2002-03-05 18:00:00 UTC        
 READ IN fields at DATE: 2002-03-06 00:00:00 UTC        
 READ IN fields at DATE: 2002-03-06 06:00:00 UTC        
 READ IN fields at DATE: 2002-03-06 12:00:00 UTC        
 READ IN fields at DATE: 2002-03-06 18:00:00 UTC        
 READ IN fields at DATE: 2002-03-07 00:00:00 UTC        
 READ IN fields at DATE: 2002-03-07 06:00:00 UTC        
 READ IN fields at DATE: 2002-03-07 12:00:00 UTC        
 READ IN fields at DATE: 2002-03-07 18:00:00 UTC        
 READ IN fields at DATE: 2002-03-08 00:00:00 UTC        
 READ IN fields at DATE: 2002-03-08 06:00:00 UTC        
 READ IN fields at DATE: 2002-03-08 12:00:00 UTC        
 READ IN fields at DATE: 2002-03-08 18:00:00 UTC        
 READ IN fields at DATE: 2002-03-09 00:00:00 UTC        
 READ IN fields at DATE: 2002-03-09 06:00:00 UTC        
 READ IN fields at DATE: 2002-03-09 12:00:00 UTC        
 READ IN fields at DATE: 2002-03-09 18:00:00 UTC        
 READ IN fields at DATE: 2002-03-10 00:00:00 UTC        
 READ IN fields at DATE: 2002-03-10 06:00:00 UTC        
 READ IN fields at DATE: 2002-03-10 12:00:00 UTC        
 READ IN fields at DATE: 2002-03-10 18:00:00 UTC        
 READ IN fields at DATE: 2002-03-11 00:00:00 UTC        
 READ IN fields at DATE: 2002-03-11 06:00:00 UTC        
 READ IN fields at DATE: 2002-03-11 12:00:00 UTC        
 READ IN fields at DATE: 2002-03-11 18:00:00 UTC        
 READ IN fields at DATE: 2002-03-12 00:00:00 UTC        
 READ IN fields at DATE: 2002-03-12 06:00:00 UTC        
 READ IN fields at DATE: 2002-03-12 12:00:00 UTC        
 READ IN fields at DATE: 2002-03-12 18:00:00 UTC        
 READ IN fields at DATE: 2002-03-13 00:00:00 UTC        
 READ IN fields at DATE: 2002-03-13 06:00:00 UTC        
 READ IN fields at DATE: 2002-03-13 12:00:00 UTC        
 READ IN fields at DATE: 2002-03-13 18:00:00 UTC        
 READ IN fields at DATE: 2002-03-14 00:00:00 UTC        
 READ IN fields at DATE: 2002-03-14 06:00:00 UTC        
 READ IN fields at DATE: 2002-03-14 12:00:00 UTC        
 READ IN fields at DATE: 2002-03-14 18:00:00 UTC        
 READ IN fields at DATE: 2002-03-15 00:00:00 UTC        
 READ IN fields at DATE: 2002-03-15 06:00:00 UTC        
 READ IN fields at DATE: 2002-03-15 12:00:00 UTC        
 READ IN fields at DATE: 2002-03-15 18:00:00 UTC        
 READ IN fields at DATE: 2002-03-16 00:00:00 UTC        
 READ IN fields at DATE: 2002-03-16 06:00:00 UTC        
 READ IN fields at DATE: 2002-03-16 12:00:00 UTC        
 READ IN fields at DATE: 2002-03-16 18:00:00 UTC        
 READ IN fields at DATE: 2002-03-17 00:00:00 UTC        
 READ IN fields at DATE: 2002-03-17 06:00:00 UTC        
 READ IN fields at DATE: 2002-03-17 12:00:00 UTC        
 READ IN fields at DATE: 2002-03-17 18:00:00 UTC        
 READ IN fields at DATE: 2002-03-18 00:00:00 UTC        
 READ IN fields at DATE: 2002-03-18 06:00:00 UTC        
 READ IN fields at DATE: 2002-03-18 12:00:00 UTC        
 READ IN fields at DATE: 2002-03-18 18:00:00 UTC        
 READ IN fields at DATE: 2002-03-19 00:00:00 UTC        
 READ IN fields at DATE: 2002-03-19 06:00:00 UTC        
 READ IN fields at DATE: 2002-03-19 12:00:00 UTC        
 READ IN fields at DATE: 2002-03-19 18:00:00 UTC        
 READ IN fields at DATE: 2002-03-20 00:00:00 UTC        
 READ IN fields at DATE: 2002-03-20 06:00:00 UTC        
 READ IN fields at DATE: 2002-03-20 12:00:00 UTC        
 READ IN fields at DATE: 2002-03-20 18:00:00 UTC        
 READ IN fields at DATE: 2002-03-21 00:00:00 UTC        
 READ IN fields at DATE: 2002-03-21 06:00:00 UTC        
 READ IN fields at DATE: 2002-03-21 12:00:00 UTC        
 READ IN fields at DATE: 2002-03-21 18:00:00 UTC        
 READ IN fields at DATE: 2002-03-22 00:00:00 UTC        
 READ IN fields at DATE: 2002-03-22 06:00:00 UTC        
 READ IN fields at DATE: 2002-03-22 12:00:00 UTC        
 READ IN fields at DATE: 2002-03-22 18:00:00 UTC        
 READ IN fields at DATE: 2002-03-23 00:00:00 UTC        
 READ IN fields at DATE: 2002-03-23 06:00:00 UTC        
 READ IN fields at DATE: 2002-03-23 12:00:00 UTC        
 READ IN fields at DATE: 2002-03-23 18:00:00 UTC        
 READ IN fields at DATE: 2002-03-24 00:00:00 UTC        
 READ IN fields at DATE: 2002-03-24 06:00:00 UTC        
 READ IN fields at DATE: 2002-03-24 12:00:00 UTC        
 READ IN fields at DATE: 2002-03-24 18:00:00 UTC        
 READ IN fields at DATE: 2002-03-25 00:00:00 UTC        
 READ IN fields at DATE: 2002-03-25 06:00:00 UTC        
 READ IN fields at DATE: 2002-03-25 12:00:00 UTC        
 READ IN fields at DATE: 2002-03-25 18:00:00 UTC        
 READ IN fields at DATE: 2002-03-26 00:00:00 UTC        
 READ IN fields at DATE: 2002-03-26 06:00:00 UTC        
 READ IN fields at DATE: 2002-03-26 12:00:00 UTC        
 READ IN fields at DATE: 2002-03-26 18:00:00 UTC        
 READ IN fields at DATE: 2002-03-27 00:00:00 UTC        
 READ IN fields at DATE: 2002-03-27 06:00:00 UTC        
 READ IN fields at DATE: 2002-03-27 12:00:00 UTC        
 READ IN fields at DATE: 2002-03-27 18:00:00 UTC        
 READ IN fields at DATE: 2002-03-28 00:00:00 UTC        
 READ IN fields at DATE: 2002-03-28 06:00:00 UTC        
 READ IN fields at DATE: 2002-03-28 12:00:00 UTC        
 READ IN fields at DATE: 2002-03-28 18:00:00 UTC        
 READ IN fields at DATE: 2002-03-29 00:00:00 UTC        
 READ IN fields at DATE: 2002-03-29 06:00:00 UTC        
 READ IN fields at DATE: 2002-03-29 12:00:00 UTC        
 READ IN fields at DATE: 2002-03-29 18:00:00 UTC        
 READ IN fields at DATE: 2002-03-30 00:00:00 UTC        
 READ IN fields at DATE: 2002-03-30 06:00:00 UTC        
 READ IN fields at DATE: 2002-03-30 12:00:00 UTC        
 READ IN fields at DATE: 2002-03-30 18:00:00 UTC        
 READ IN fields at DATE: 2002-03-31 00:00:00 UTC        
 READ IN fields at DATE: 2002-03-31 06:00:00 UTC        
 READ IN fields at DATE: 2002-03-31 12:00:00 UTC        
 READ IN fields at DATE: 2002-03-31 18:00:00 UTC        
      131072 /leonardo_work/ICT25_ESP/RCMDATA//ERA5/2002/tatm_2002_04.nc
  2.094651997401357E-003   250.397695349783     
      196608 /leonardo_work/ICT25_ESP/RCMDATA//ERA5/2002/geop_2002_04.nc
   7.37910361001328        234785.412010695     
      262144 /leonardo_work/ICT25_ESP/RCMDATA//ERA5/2002/qhum_2002_04.nc
  3.834334642385421E-007  1.250829289549419E-002
      327680 /leonardo_work/ICT25_ESP/RCMDATA//ERA5/2002/uwnd_2002_04.nc
  2.587255247654331E-003   20.9293856936652     
      393216 /leonardo_work/ICT25_ESP/RCMDATA//ERA5/2002/vwnd_2002_04.nc
  2.699781628015060E-003  -1.48762461005229     
 READ IN fields at DATE: 2002-04-01 00:00:00 UTC        
 READ IN fields at DATE: 2002-04-01 06:00:00 UTC        
 READ IN fields at DATE: 2002-04-01 12:00:00 UTC        
 READ IN fields at DATE: 2002-04-01 18:00:00 UTC        
 READ IN fields at DATE: 2002-04-02 00:00:00 UTC        
 READ IN fields at DATE: 2002-04-02 06:00:00 UTC        
 READ IN fields at DATE: 2002-04-02 12:00:00 UTC        
 READ IN fields at DATE: 2002-04-02 18:00:00 UTC        
 READ IN fields at DATE: 2002-04-03 00:00:00 UTC        
 READ IN fields at DATE: 2002-04-03 06:00:00 UTC        
 READ IN fields at DATE: 2002-04-03 12:00:00 UTC        
 READ IN fields at DATE: 2002-04-03 18:00:00 UTC        
 READ IN fields at DATE: 2002-04-04 00:00:00 UTC        
 READ IN fields at DATE: 2002-04-04 06:00:00 UTC        
 READ IN fields at DATE: 2002-04-04 12:00:00 UTC        
 READ IN fields at DATE: 2002-04-04 18:00:00 UTC        
 READ IN fields at DATE: 2002-04-05 00:00:00 UTC        
 READ IN fields at DATE: 2002-04-05 06:00:00 UTC        
 READ IN fields at DATE: 2002-04-05 12:00:00 UTC        
 READ IN fields at DATE: 2002-04-05 18:00:00 UTC        
 READ IN fields at DATE: 2002-04-06 00:00:00 UTC        
 READ IN fields at DATE: 2002-04-06 06:00:00 UTC        
 READ IN fields at DATE: 2002-04-06 12:00:00 UTC        
 READ IN fields at DATE: 2002-04-06 18:00:00 UTC        
 READ IN fields at DATE: 2002-04-07 00:00:00 UTC        
 READ IN fields at DATE: 2002-04-07 06:00:00 UTC        
 READ IN fields at DATE: 2002-04-07 12:00:00 UTC        
 READ IN fields at DATE: 2002-04-07 18:00:00 UTC        
 READ IN fields at DATE: 2002-04-08 00:00:00 UTC        
 READ IN fields at DATE: 2002-04-08 06:00:00 UTC        
 READ IN fields at DATE: 2002-04-08 12:00:00 UTC        
 READ IN fields at DATE: 2002-04-08 18:00:00 UTC        
 READ IN fields at DATE: 2002-04-09 00:00:00 UTC        
 READ IN fields at DATE: 2002-04-09 06:00:00 UTC        
 READ IN fields at DATE: 2002-04-09 12:00:00 UTC        
 READ IN fields at DATE: 2002-04-09 18:00:00 UTC        
 READ IN fields at DATE: 2002-04-10 00:00:00 UTC        
 READ IN fields at DATE: 2002-04-10 06:00:00 UTC        
 READ IN fields at DATE: 2002-04-10 12:00:00 UTC        
 READ IN fields at DATE: 2002-04-10 18:00:00 UTC        
 READ IN fields at DATE: 2002-04-11 00:00:00 UTC        
 READ IN fields at DATE: 2002-04-11 06:00:00 UTC        
 READ IN fields at DATE: 2002-04-11 12:00:00 UTC        
 READ IN fields at DATE: 2002-04-11 18:00:00 UTC        
 READ IN fields at DATE: 2002-04-12 00:00:00 UTC        
 READ IN fields at DATE: 2002-04-12 06:00:00 UTC        
 READ IN fields at DATE: 2002-04-12 12:00:00 UTC        
 READ IN fields at DATE: 2002-04-12 18:00:00 UTC        
 READ IN fields at DATE: 2002-04-13 00:00:00 UTC        
 READ IN fields at DATE: 2002-04-13 06:00:00 UTC        
 READ IN fields at DATE: 2002-04-13 12:00:00 UTC        
 READ IN fields at DATE: 2002-04-13 18:00:00 UTC        
 READ IN fields at DATE: 2002-04-14 00:00:00 UTC        
 READ IN fields at DATE: 2002-04-14 06:00:00 UTC        
 READ IN fields at DATE: 2002-04-14 12:00:00 UTC        
 READ IN fields at DATE: 2002-04-14 18:00:00 UTC        
 READ IN fields at DATE: 2002-04-15 00:00:00 UTC        
 READ IN fields at DATE: 2002-04-15 06:00:00 UTC        
 READ IN fields at DATE: 2002-04-15 12:00:00 UTC        
 READ IN fields at DATE: 2002-04-15 18:00:00 UTC        
 READ IN fields at DATE: 2002-04-16 00:00:00 UTC        
 READ IN fields at DATE: 2002-04-16 06:00:00 UTC        
 READ IN fields at DATE: 2002-04-16 12:00:00 UTC        
 READ IN fields at DATE: 2002-04-16 18:00:00 UTC        
 READ IN fields at DATE: 2002-04-17 00:00:00 UTC        
 READ IN fields at DATE: 2002-04-17 06:00:00 UTC        
 READ IN fields at DATE: 2002-04-17 12:00:00 UTC        
 READ IN fields at DATE: 2002-04-17 18:00:00 UTC        
 READ IN fields at DATE: 2002-04-18 00:00:00 UTC        
 READ IN fields at DATE: 2002-04-18 06:00:00 UTC        
 READ IN fields at DATE: 2002-04-18 12:00:00 UTC        
 READ IN fields at DATE: 2002-04-18 18:00:00 UTC        
 READ IN fields at DATE: 2002-04-19 00:00:00 UTC        
 READ IN fields at DATE: 2002-04-19 06:00:00 UTC        
 READ IN fields at DATE: 2002-04-19 12:00:00 UTC        
 READ IN fields at DATE: 2002-04-19 18:00:00 UTC        
 READ IN fields at DATE: 2002-04-20 00:00:00 UTC        
 READ IN fields at DATE: 2002-04-20 06:00:00 UTC        
 READ IN fields at DATE: 2002-04-20 12:00:00 UTC        
 READ IN fields at DATE: 2002-04-20 18:00:00 UTC        
 READ IN fields at DATE: 2002-04-21 00:00:00 UTC        
 READ IN fields at DATE: 2002-04-21 06:00:00 UTC        
 READ IN fields at DATE: 2002-04-21 12:00:00 UTC        
 READ IN fields at DATE: 2002-04-21 18:00:00 UTC        
 READ IN fields at DATE: 2002-04-22 00:00:00 UTC        
 READ IN fields at DATE: 2002-04-22 06:00:00 UTC        
 READ IN fields at DATE: 2002-04-22 12:00:00 UTC        
 READ IN fields at DATE: 2002-04-22 18:00:00 UTC        
 READ IN fields at DATE: 2002-04-23 00:00:00 UTC        
 READ IN fields at DATE: 2002-04-23 06:00:00 UTC        
 READ IN fields at DATE: 2002-04-23 12:00:00 UTC        
 READ IN fields at DATE: 2002-04-23 18:00:00 UTC        
 READ IN fields at DATE: 2002-04-24 00:00:00 UTC        
 READ IN fields at DATE: 2002-04-24 06:00:00 UTC        
 READ IN fields at DATE: 2002-04-24 12:00:00 UTC        
 READ IN fields at DATE: 2002-04-24 18:00:00 UTC        
 READ IN fields at DATE: 2002-04-25 00:00:00 UTC        
 READ IN fields at DATE: 2002-04-25 06:00:00 UTC        
 READ IN fields at DATE: 2002-04-25 12:00:00 UTC        
 READ IN fields at DATE: 2002-04-25 18:00:00 UTC        
 READ IN fields at DATE: 2002-04-26 00:00:00 UTC        
 READ IN fields at DATE: 2002-04-26 06:00:00 UTC        
 READ IN fields at DATE: 2002-04-26 12:00:00 UTC        
 READ IN fields at DATE: 2002-04-26 18:00:00 UTC        
 READ IN fields at DATE: 2002-04-27 00:00:00 UTC        
 READ IN fields at DATE: 2002-04-27 06:00:00 UTC        
 READ IN fields at DATE: 2002-04-27 12:00:00 UTC        
 READ IN fields at DATE: 2002-04-27 18:00:00 UTC        
 READ IN fields at DATE: 2002-04-28 00:00:00 UTC        
 READ IN fields at DATE: 2002-04-28 06:00:00 UTC        
 READ IN fields at DATE: 2002-04-28 12:00:00 UTC        
 READ IN fields at DATE: 2002-04-28 18:00:00 UTC        
 READ IN fields at DATE: 2002-04-29 00:00:00 UTC        
 READ IN fields at DATE: 2002-04-29 06:00:00 UTC        
 READ IN fields at DATE: 2002-04-29 12:00:00 UTC        
 READ IN fields at DATE: 2002-04-29 18:00:00 UTC        
 READ IN fields at DATE: 2002-04-30 00:00:00 UTC        
 READ IN fields at DATE: 2002-04-30 06:00:00 UTC        
 READ IN fields at DATE: 2002-04-30 12:00:00 UTC        
 READ IN fields at DATE: 2002-04-30 18:00:00 UTC        
      131072 /leonardo_work/ICT25_ESP/RCMDATA//ERA5/2002/tatm_2002_05.nc
  2.134147470459778E-003   251.785843937007     
      196608 /leonardo_work/ICT25_ESP/RCMDATA//ERA5/2002/geop_2002_05.nc
   7.51322490911068        240813.159403170     
      262144 /leonardo_work/ICT25_ESP/RCMDATA//ERA5/2002/qhum_2002_05.nc
  4.080363836151543E-007  1.330900041659864E-002
      327680 /leonardo_work/ICT25_ESP/RCMDATA//ERA5/2002/uwnd_2002_05.nc
  3.230495178419174E-003   41.3336813832702     
      393216 /leonardo_work/ICT25_ESP/RCMDATA//ERA5/2002/vwnd_2002_05.nc
  2.648884847749059E-003   2.16312715669722     
 READ IN fields at DATE: 2002-05-01 00:00:00 UTC        
 READ IN fields at DATE: 2002-05-01 06:00:00 UTC        
 READ IN fields at DATE: 2002-05-01 12:00:00 UTC        
 READ IN fields at DATE: 2002-05-01 18:00:00 UTC        
 READ IN fields at DATE: 2002-05-02 00:00:00 UTC        
 READ IN fields at DATE: 2002-05-02 06:00:00 UTC        
 READ IN fields at DATE: 2002-05-02 12:00:00 UTC        
 READ IN fields at DATE: 2002-05-02 18:00:00 UTC        
 READ IN fields at DATE: 2002-05-03 00:00:00 UTC        
 READ IN fields at DATE: 2002-05-03 06:00:00 UTC        
 READ IN fields at DATE: 2002-05-03 12:00:00 UTC        
 READ IN fields at DATE: 2002-05-03 18:00:00 UTC        
 READ IN fields at DATE: 2002-05-04 00:00:00 UTC        
 READ IN fields at DATE: 2002-05-04 06:00:00 UTC        
 READ IN fields at DATE: 2002-05-04 12:00:00 UTC        
 READ IN fields at DATE: 2002-05-04 18:00:00 UTC        
 READ IN fields at DATE: 2002-05-05 00:00:00 UTC        
 READ IN fields at DATE: 2002-05-05 06:00:00 UTC        
 READ IN fields at DATE: 2002-05-05 12:00:00 UTC        
 READ IN fields at DATE: 2002-05-05 18:00:00 UTC        
 READ IN fields at DATE: 2002-05-06 00:00:00 UTC        
 READ IN fields at DATE: 2002-05-06 06:00:00 UTC        
 READ IN fields at DATE: 2002-05-06 12:00:00 UTC        
 READ IN fields at DATE: 2002-05-06 18:00:00 UTC        
 READ IN fields at DATE: 2002-05-07 00:00:00 UTC        
 READ IN fields at DATE: 2002-05-07 06:00:00 UTC        
 READ IN fields at DATE: 2002-05-07 12:00:00 UTC        
 READ IN fields at DATE: 2002-05-07 18:00:00 UTC        
 READ IN fields at DATE: 2002-05-08 00:00:00 UTC        
 READ IN fields at DATE: 2002-05-08 06:00:00 UTC        
 READ IN fields at DATE: 2002-05-08 12:00:00 UTC        
 READ IN fields at DATE: 2002-05-08 18:00:00 UTC        
 READ IN fields at DATE: 2002-05-09 00:00:00 UTC        
 READ IN fields at DATE: 2002-05-09 06:00:00 UTC        
 READ IN fields at DATE: 2002-05-09 12:00:00 UTC        
 READ IN fields at DATE: 2002-05-09 18:00:00 UTC        
 READ IN fields at DATE: 2002-05-10 00:00:00 UTC        
 READ IN fields at DATE: 2002-05-10 06:00:00 UTC        
 READ IN fields at DATE: 2002-05-10 12:00:00 UTC        
 READ IN fields at DATE: 2002-05-10 18:00:00 UTC        
 READ IN fields at DATE: 2002-05-11 00:00:00 UTC        
 READ IN fields at DATE: 2002-05-11 06:00:00 UTC        
 READ IN fields at DATE: 2002-05-11 12:00:00 UTC        
 READ IN fields at DATE: 2002-05-11 18:00:00 UTC        
 READ IN fields at DATE: 2002-05-12 00:00:00 UTC        
 READ IN fields at DATE: 2002-05-12 06:00:00 UTC        
 READ IN fields at DATE: 2002-05-12 12:00:00 UTC        
 READ IN fields at DATE: 2002-05-12 18:00:00 UTC        
 READ IN fields at DATE: 2002-05-13 00:00:00 UTC        
 READ IN fields at DATE: 2002-05-13 06:00:00 UTC        
 READ IN fields at DATE: 2002-05-13 12:00:00 UTC        
 READ IN fields at DATE: 2002-05-13 18:00:00 UTC        
 READ IN fields at DATE: 2002-05-14 00:00:00 UTC        
 READ IN fields at DATE: 2002-05-14 06:00:00 UTC        
 READ IN fields at DATE: 2002-05-14 12:00:00 UTC        
 READ IN fields at DATE: 2002-05-14 18:00:00 UTC        
 READ IN fields at DATE: 2002-05-15 00:00:00 UTC        
 READ IN fields at DATE: 2002-05-15 06:00:00 UTC        
 READ IN fields at DATE: 2002-05-15 12:00:00 UTC        
 READ IN fields at DATE: 2002-05-15 18:00:00 UTC        
 READ IN fields at DATE: 2002-05-16 00:00:00 UTC        
 READ IN fields at DATE: 2002-05-16 06:00:00 UTC        
 READ IN fields at DATE: 2002-05-16 12:00:00 UTC        
 READ IN fields at DATE: 2002-05-16 18:00:00 UTC        
 READ IN fields at DATE: 2002-05-17 00:00:00 UTC        
 READ IN fields at DATE: 2002-05-17 06:00:00 UTC        
 READ IN fields at DATE: 2002-05-17 12:00:00 UTC        
 READ IN fields at DATE: 2002-05-17 18:00:00 UTC        
 READ IN fields at DATE: 2002-05-18 00:00:00 UTC        
 READ IN fields at DATE: 2002-05-18 06:00:00 UTC        
 READ IN fields at DATE: 2002-05-18 12:00:00 UTC        
 READ IN fields at DATE: 2002-05-18 18:00:00 UTC        
 READ IN fields at DATE: 2002-05-19 00:00:00 UTC        
 READ IN fields at DATE: 2002-05-19 06:00:00 UTC        
 READ IN fields at DATE: 2002-05-19 12:00:00 UTC        
 READ IN fields at DATE: 2002-05-19 18:00:00 UTC        
 READ IN fields at DATE: 2002-05-20 00:00:00 UTC        
 READ IN fields at DATE: 2002-05-20 06:00:00 UTC        
 READ IN fields at DATE: 2002-05-20 12:00:00 UTC        
 READ IN fields at DATE: 2002-05-20 18:00:00 UTC        
 READ IN fields at DATE: 2002-05-21 00:00:00 UTC        
 READ IN fields at DATE: 2002-05-21 06:00:00 UTC        
 READ IN fields at DATE: 2002-05-21 12:00:00 UTC        
 READ IN fields at DATE: 2002-05-21 18:00:00 UTC        
 READ IN fields at DATE: 2002-05-22 00:00:00 UTC        
 READ IN fields at DATE: 2002-05-22 06:00:00 UTC        
 READ IN fields at DATE: 2002-05-22 12:00:00 UTC        
 READ IN fields at DATE: 2002-05-22 18:00:00 UTC        
 READ IN fields at DATE: 2002-05-23 00:00:00 UTC        
 READ IN fields at DATE: 2002-05-23 06:00:00 UTC        
 READ IN fields at DATE: 2002-05-23 12:00:00 UTC        
 READ IN fields at DATE: 2002-05-23 18:00:00 UTC        
 READ IN fields at DATE: 2002-05-24 00:00:00 UTC        
 READ IN fields at DATE: 2002-05-24 06:00:00 UTC        
 READ IN fields at DATE: 2002-05-24 12:00:00 UTC        
 READ IN fields at DATE: 2002-05-24 18:00:00 UTC        
 READ IN fields at DATE: 2002-05-25 00:00:00 UTC        
 READ IN fields at DATE: 2002-05-25 06:00:00 UTC        
 READ IN fields at DATE: 2002-05-25 12:00:00 UTC        
 READ IN fields at DATE: 2002-05-25 18:00:00 UTC        
 READ IN fields at DATE: 2002-05-26 00:00:00 UTC        
 READ IN fields at DATE: 2002-05-26 06:00:00 UTC        
 READ IN fields at DATE: 2002-05-26 12:00:00 UTC        
 READ IN fields at DATE: 2002-05-26 18:00:00 UTC        
 READ IN fields at DATE: 2002-05-27 00:00:00 UTC        
 READ IN fields at DATE: 2002-05-27 06:00:00 UTC        
 READ IN fields at DATE: 2002-05-27 12:00:00 UTC        
 READ IN fields at DATE: 2002-05-27 18:00:00 UTC        
 READ IN fields at DATE: 2002-05-28 00:00:00 UTC        
 READ IN fields at DATE: 2002-05-28 06:00:00 UTC        
 READ IN fields at DATE: 2002-05-28 12:00:00 UTC        
 READ IN fields at DATE: 2002-05-28 18:00:00 UTC        
 READ IN fields at DATE: 2002-05-29 00:00:00 UTC        
 READ IN fields at DATE: 2002-05-29 06:00:00 UTC        
 READ IN fields at DATE: 2002-05-29 12:00:00 UTC        
 READ IN fields at DATE: 2002-05-29 18:00:00 UTC        
 READ IN fields at DATE: 2002-05-30 00:00:00 UTC        
 READ IN fields at DATE: 2002-05-30 06:00:00 UTC        
 READ IN fields at DATE: 2002-05-30 12:00:00 UTC        
 READ IN fields at DATE: 2002-05-30 18:00:00 UTC        
 READ IN fields at DATE: 2002-05-31 00:00:00 UTC        
 READ IN fields at DATE: 2002-05-31 06:00:00 UTC        
 READ IN fields at DATE: 2002-05-31 12:00:00 UTC        
 READ IN fields at DATE: 2002-05-31 18:00:00 UTC        
      131072 /leonardo_work/ICT25_ESP/RCMDATA//ERA5/2002/tatm_2002_06.nc
  2.408475970300745E-003   245.564561142874     
      196608 /leonardo_work/ICT25_ESP/RCMDATA//ERA5/2002/geop_2002_06.nc
   7.60446663083866        243464.129407310     
      262144 /leonardo_work/ICT25_ESP/RCMDATA//ERA5/2002/qhum_2002_06.nc
  4.259511923436007E-007  1.390558542730612E-002
      327680 /leonardo_work/ICT25_ESP/RCMDATA//ERA5/2002/uwnd_2002_06.nc
  4.548281018723391E-003   60.2672723682797     
      393216 /leonardo_work/ICT25_ESP/RCMDATA//ERA5/2002/vwnd_2002_06.nc
  4.417021158546195E-003   10.8637048805340     
 READ IN fields at DATE: 2002-06-01 00:00:00 UTC        
 READ IN fields at DATE: 2002-06-01 06:00:00 UTC        
 READ IN fields at DATE: 2002-06-01 12:00:00 UTC        
 READ IN fields at DATE: 2002-06-01 18:00:00 UTC        
 READ IN fields at DATE: 2002-06-02 00:00:00 UTC        
 READ IN fields at DATE: 2002-06-02 06:00:00 UTC        
 READ IN fields at DATE: 2002-06-02 12:00:00 UTC        
 READ IN fields at DATE: 2002-06-02 18:00:00 UTC        
 READ IN fields at DATE: 2002-06-03 00:00:00 UTC        
 READ IN fields at DATE: 2002-06-03 06:00:00 UTC        
 READ IN fields at DATE: 2002-06-03 12:00:00 UTC        
 READ IN fields at DATE: 2002-06-03 18:00:00 UTC        
 READ IN fields at DATE: 2002-06-04 00:00:00 UTC        
 READ IN fields at DATE: 2002-06-04 06:00:00 UTC        
 READ IN fields at DATE: 2002-06-04 12:00:00 UTC        
 READ IN fields at DATE: 2002-06-04 18:00:00 UTC        
 READ IN fields at DATE: 2002-06-05 00:00:00 UTC        
 READ IN fields at DATE: 2002-06-05 06:00:00 UTC        
 READ IN fields at DATE: 2002-06-05 12:00:00 UTC        
 READ IN fields at DATE: 2002-06-05 18:00:00 UTC        
 READ IN fields at DATE: 2002-06-06 00:00:00 UTC        
 READ IN fields at DATE: 2002-06-06 06:00:00 UTC        
 READ IN fields at DATE: 2002-06-06 12:00:00 UTC        
 READ IN fields at DATE: 2002-06-06 18:00:00 UTC        
 READ IN fields at DATE: 2002-06-07 00:00:00 UTC        
 READ IN fields at DATE: 2002-06-07 06:00:00 UTC        
 READ IN fields at DATE: 2002-06-07 12:00:00 UTC        
 READ IN fields at DATE: 2002-06-07 18:00:00 UTC        
 READ IN fields at DATE: 2002-06-08 00:00:00 UTC        
 READ IN fields at DATE: 2002-06-08 06:00:00 UTC        
 READ IN fields at DATE: 2002-06-08 12:00:00 UTC        
 READ IN fields at DATE: 2002-06-08 18:00:00 UTC        
 READ IN fields at DATE: 2002-06-09 00:00:00 UTC        
 READ IN fields at DATE: 2002-06-09 06:00:00 UTC        
 READ IN fields at DATE: 2002-06-09 12:00:00 UTC        
 READ IN fields at DATE: 2002-06-09 18:00:00 UTC        
 READ IN fields at DATE: 2002-06-10 00:00:00 UTC        
 READ IN fields at DATE: 2002-06-10 06:00:00 UTC        
 READ IN fields at DATE: 2002-06-10 12:00:00 UTC        
 READ IN fields at DATE: 2002-06-10 18:00:00 UTC        
 READ IN fields at DATE: 2002-06-11 00:00:00 UTC        
 READ IN fields at DATE: 2002-06-11 06:00:00 UTC        
 READ IN fields at DATE: 2002-06-11 12:00:00 UTC        
 READ IN fields at DATE: 2002-06-11 18:00:00 UTC        
 READ IN fields at DATE: 2002-06-12 00:00:00 UTC        
 READ IN fields at DATE: 2002-06-12 06:00:00 UTC        
 READ IN fields at DATE: 2002-06-12 12:00:00 UTC        
 READ IN fields at DATE: 2002-06-12 18:00:00 UTC        
 READ IN fields at DATE: 2002-06-13 00:00:00 UTC        
 READ IN fields at DATE: 2002-06-13 06:00:00 UTC        
 READ IN fields at DATE: 2002-06-13 12:00:00 UTC        
 READ IN fields at DATE: 2002-06-13 18:00:00 UTC        
 READ IN fields at DATE: 2002-06-14 00:00:00 UTC        
 READ IN fields at DATE: 2002-06-14 06:00:00 UTC        
 READ IN fields at DATE: 2002-06-14 12:00:00 UTC        
 READ IN fields at DATE: 2002-06-14 18:00:00 UTC        
 READ IN fields at DATE: 2002-06-15 00:00:00 UTC        
 READ IN fields at DATE: 2002-06-15 06:00:00 UTC        
 READ IN fields at DATE: 2002-06-15 12:00:00 UTC        
 READ IN fields at DATE: 2002-06-15 18:00:00 UTC        
 READ IN fields at DATE: 2002-06-16 00:00:00 UTC        
 READ IN fields at DATE: 2002-06-16 06:00:00 UTC        
 READ IN fields at DATE: 2002-06-16 12:00:00 UTC        
 READ IN fields at DATE: 2002-06-16 18:00:00 UTC        
 READ IN fields at DATE: 2002-06-17 00:00:00 UTC        
 READ IN fields at DATE: 2002-06-17 06:00:00 UTC        
 READ IN fields at DATE: 2002-06-17 12:00:00 UTC        
 READ IN fields at DATE: 2002-06-17 18:00:00 UTC        
 READ IN fields at DATE: 2002-06-18 00:00:00 UTC        
 READ IN fields at DATE: 2002-06-18 06:00:00 UTC        
 READ IN fields at DATE: 2002-06-18 12:00:00 UTC        
 READ IN fields at DATE: 2002-06-18 18:00:00 UTC        
 READ IN fields at DATE: 2002-06-19 00:00:00 UTC        
 READ IN fields at DATE: 2002-06-19 06:00:00 UTC        
 READ IN fields at DATE: 2002-06-19 12:00:00 UTC        
 READ IN fields at DATE: 2002-06-19 18:00:00 UTC        
 READ IN fields at DATE: 2002-06-20 00:00:00 UTC        
 READ IN fields at DATE: 2002-06-20 06:00:00 UTC        
 READ IN fields at DATE: 2002-06-20 12:00:00 UTC        
 READ IN fields at DATE: 2002-06-20 18:00:00 UTC        
 READ IN fields at DATE: 2002-06-21 00:00:00 UTC        
 READ IN fields at DATE: 2002-06-21 06:00:00 UTC        
 READ IN fields at DATE: 2002-06-21 12:00:00 UTC        
 READ IN fields at DATE: 2002-06-21 18:00:00 UTC        
 READ IN fields at DATE: 2002-06-22 00:00:00 UTC        
 READ IN fields at DATE: 2002-06-22 06:00:00 UTC        
 READ IN fields at DATE: 2002-06-22 12:00:00 UTC        
 READ IN fields at DATE: 2002-06-22 18:00:00 UTC        
 READ IN fields at DATE: 2002-06-23 00:00:00 UTC        
 READ IN fields at DATE: 2002-06-23 06:00:00 UTC        
 READ IN fields at DATE: 2002-06-23 12:00:00 UTC        
 READ IN fields at DATE: 2002-06-23 18:00:00 UTC        
 READ IN fields at DATE: 2002-06-24 00:00:00 UTC        
 READ IN fields at DATE: 2002-06-24 06:00:00 UTC        
 READ IN fields at DATE: 2002-06-24 12:00:00 UTC        
 READ IN fields at DATE: 2002-06-24 18:00:00 UTC        
 READ IN fields at DATE: 2002-06-25 00:00:00 UTC        
 READ IN fields at DATE: 2002-06-25 06:00:00 UTC        
 READ IN fields at DATE: 2002-06-25 12:00:00 UTC        
 READ IN fields at DATE: 2002-06-25 18:00:00 UTC        
 READ IN fields at DATE: 2002-06-26 00:00:00 UTC        
 READ IN fields at DATE: 2002-06-26 06:00:00 UTC        
 READ IN fields at DATE: 2002-06-26 12:00:00 UTC        
 READ IN fields at DATE: 2002-06-26 18:00:00 UTC        
 READ IN fields at DATE: 2002-06-27 00:00:00 UTC        
 READ IN fields at DATE: 2002-06-27 06:00:00 UTC        
 READ IN fields at DATE: 2002-06-27 12:00:00 UTC        
 READ IN fields at DATE: 2002-06-27 18:00:00 UTC        
 READ IN fields at DATE: 2002-06-28 00:00:00 UTC        
 READ IN fields at DATE: 2002-06-28 06:00:00 UTC        
 READ IN fields at DATE: 2002-06-28 12:00:00 UTC        
 READ IN fields at DATE: 2002-06-28 18:00:00 UTC        
 READ IN fields at DATE: 2002-06-29 00:00:00 UTC        
 READ IN fields at DATE: 2002-06-29 06:00:00 UTC        
 READ IN fields at DATE: 2002-06-29 12:00:00 UTC        
 READ IN fields at DATE: 2002-06-29 18:00:00 UTC        
 READ IN fields at DATE: 2002-06-30 00:00:00 UTC        
 READ IN fields at DATE: 2002-06-30 06:00:00 UTC        
 READ IN fields at DATE: 2002-06-30 12:00:00 UTC        
 READ IN fields at DATE: 2002-06-30 18:00:00 UTC        
      131072 /leonardo_work/ICT25_ESP/RCMDATA//ERA5/2002/tatm_2002_07.nc
  2.337436321815559E-003   247.674543867288     
      196608 /leonardo_work/ICT25_ESP/RCMDATA//ERA5/2002/geop_2002_07.nc
   7.60428983536920        243630.859964457     
      262144 /leonardo_work/ICT25_ESP/RCMDATA//ERA5/2002/qhum_2002_07.nc
  4.590154561930659E-007  1.498333455136553E-002
      327680 /leonardo_work/ICT25_ESP/RCMDATA//ERA5/2002/uwnd_2002_07.nc
  4.825506762888664E-003   65.2291775176146     
      393216 /leonardo_work/ICT25_ESP/RCMDATA//ERA5/2002/vwnd_2002_07.nc
  4.106870490031621E-003   2.48037606914952     
 READ IN fields at DATE: 2002-07-01 00:00:00 UTC        
 READ IN fields at DATE: 2002-07-01 06:00:00 UTC        
 READ IN fields at DATE: 2002-07-01 12:00:00 UTC        
 READ IN fields at DATE: 2002-07-01 18:00:00 UTC        
 READ IN fields at DATE: 2002-07-02 00:00:00 UTC        
 READ IN fields at DATE: 2002-07-02 06:00:00 UTC        
 READ IN fields at DATE: 2002-07-02 12:00:00 UTC        
 READ IN fields at DATE: 2002-07-02 18:00:00 UTC        
 READ IN fields at DATE: 2002-07-03 00:00:00 UTC        
 READ IN fields at DATE: 2002-07-03 06:00:00 UTC        
 READ IN fields at DATE: 2002-07-03 12:00:00 UTC        
 READ IN fields at DATE: 2002-07-03 18:00:00 UTC        
 READ IN fields at DATE: 2002-07-04 00:00:00 UTC        
 READ IN fields at DATE: 2002-07-04 06:00:00 UTC        
 READ IN fields at DATE: 2002-07-04 12:00:00 UTC        
 READ IN fields at DATE: 2002-07-04 18:00:00 UTC        
 READ IN fields at DATE: 2002-07-05 00:00:00 UTC        
 READ IN fields at DATE: 2002-07-05 06:00:00 UTC        
 READ IN fields at DATE: 2002-07-05 12:00:00 UTC        
 READ IN fields at DATE: 2002-07-05 18:00:00 UTC        
 READ IN fields at DATE: 2002-07-06 00:00:00 UTC        
 READ IN fields at DATE: 2002-07-06 06:00:00 UTC        
 READ IN fields at DATE: 2002-07-06 12:00:00 UTC        
 READ IN fields at DATE: 2002-07-06 18:00:00 UTC        
 READ IN fields at DATE: 2002-07-07 00:00:00 UTC        
 READ IN fields at DATE: 2002-07-07 06:00:00 UTC        
 READ IN fields at DATE: 2002-07-07 12:00:00 UTC        
 READ IN fields at DATE: 2002-07-07 18:00:00 UTC        
 READ IN fields at DATE: 2002-07-08 00:00:00 UTC        
 READ IN fields at DATE: 2002-07-08 06:00:00 UTC        
 READ IN fields at DATE: 2002-07-08 12:00:00 UTC        
 READ IN fields at DATE: 2002-07-08 18:00:00 UTC        
 READ IN fields at DATE: 2002-07-09 00:00:00 UTC        
 READ IN fields at DATE: 2002-07-09 06:00:00 UTC        
 READ IN fields at DATE: 2002-07-09 12:00:00 UTC        
 READ IN fields at DATE: 2002-07-09 18:00:00 UTC        
 READ IN fields at DATE: 2002-07-10 00:00:00 UTC        
 READ IN fields at DATE: 2002-07-10 06:00:00 UTC        
 READ IN fields at DATE: 2002-07-10 12:00:00 UTC        
 READ IN fields at DATE: 2002-07-10 18:00:00 UTC        
 READ IN fields at DATE: 2002-07-11 00:00:00 UTC        
 READ IN fields at DATE: 2002-07-11 06:00:00 UTC        
 READ IN fields at DATE: 2002-07-11 12:00:00 UTC        
 READ IN fields at DATE: 2002-07-11 18:00:00 UTC        
 READ IN fields at DATE: 2002-07-12 00:00:00 UTC        
 READ IN fields at DATE: 2002-07-12 06:00:00 UTC        
 READ IN fields at DATE: 2002-07-12 12:00:00 UTC        
 READ IN fields at DATE: 2002-07-12 18:00:00 UTC        
 READ IN fields at DATE: 2002-07-13 00:00:00 UTC        
 READ IN fields at DATE: 2002-07-13 06:00:00 UTC        
 READ IN fields at DATE: 2002-07-13 12:00:00 UTC        
 READ IN fields at DATE: 2002-07-13 18:00:00 UTC        
 READ IN fields at DATE: 2002-07-14 00:00:00 UTC        
 READ IN fields at DATE: 2002-07-14 06:00:00 UTC        
 READ IN fields at DATE: 2002-07-14 12:00:00 UTC        
 READ IN fields at DATE: 2002-07-14 18:00:00 UTC        
 READ IN fields at DATE: 2002-07-15 00:00:00 UTC        
 READ IN fields at DATE: 2002-07-15 06:00:00 UTC        
 READ IN fields at DATE: 2002-07-15 12:00:00 UTC        
 READ IN fields at DATE: 2002-07-15 18:00:00 UTC        
 READ IN fields at DATE: 2002-07-16 00:00:00 UTC        
 READ IN fields at DATE: 2002-07-16 06:00:00 UTC        
 READ IN fields at DATE: 2002-07-16 12:00:00 UTC        
 READ IN fields at DATE: 2002-07-16 18:00:00 UTC        
 READ IN fields at DATE: 2002-07-17 00:00:00 UTC        
 READ IN fields at DATE: 2002-07-17 06:00:00 UTC        
 READ IN fields at DATE: 2002-07-17 12:00:00 UTC        
 READ IN fields at DATE: 2002-07-17 18:00:00 UTC        
 READ IN fields at DATE: 2002-07-18 00:00:00 UTC        
 READ IN fields at DATE: 2002-07-18 06:00:00 UTC        
 READ IN fields at DATE: 2002-07-18 12:00:00 UTC        
 READ IN fields at DATE: 2002-07-18 18:00:00 UTC        
 READ IN fields at DATE: 2002-07-19 00:00:00 UTC        
 READ IN fields at DATE: 2002-07-19 06:00:00 UTC        
 READ IN fields at DATE: 2002-07-19 12:00:00 UTC        
 READ IN fields at DATE: 2002-07-19 18:00:00 UTC        
 READ IN fields at DATE: 2002-07-20 00:00:00 UTC        
 READ IN fields at DATE: 2002-07-20 06:00:00 UTC        
 READ IN fields at DATE: 2002-07-20 12:00:00 UTC        
 READ IN fields at DATE: 2002-07-20 18:00:00 UTC        
 READ IN fields at DATE: 2002-07-21 00:00:00 UTC        
 READ IN fields at DATE: 2002-07-21 06:00:00 UTC        
 READ IN fields at DATE: 2002-07-21 12:00:00 UTC        
 READ IN fields at DATE: 2002-07-21 18:00:00 UTC        
 READ IN fields at DATE: 2002-07-22 00:00:00 UTC        
 READ IN fields at DATE: 2002-07-22 06:00:00 UTC        
 READ IN fields at DATE: 2002-07-22 12:00:00 UTC        
 READ IN fields at DATE: 2002-07-22 18:00:00 UTC        
 READ IN fields at DATE: 2002-07-23 00:00:00 UTC        
 READ IN fields at DATE: 2002-07-23 06:00:00 UTC        
 READ IN fields at DATE: 2002-07-23 12:00:00 UTC        
 READ IN fields at DATE: 2002-07-23 18:00:00 UTC        
 READ IN fields at DATE: 2002-07-24 00:00:00 UTC        
 READ IN fields at DATE: 2002-07-24 06:00:00 UTC        
 READ IN fields at DATE: 2002-07-24 12:00:00 UTC        
 READ IN fields at DATE: 2002-07-24 18:00:00 UTC        
 READ IN fields at DATE: 2002-07-25 00:00:00 UTC        
 READ IN fields at DATE: 2002-07-25 06:00:00 UTC        
 READ IN fields at DATE: 2002-07-25 12:00:00 UTC        
 READ IN fields at DATE: 2002-07-25 18:00:00 UTC        
 READ IN fields at DATE: 2002-07-26 00:00:00 UTC        
 READ IN fields at DATE: 2002-07-26 06:00:00 UTC        
 READ IN fields at DATE: 2002-07-26 12:00:00 UTC        
 READ IN fields at DATE: 2002-07-26 18:00:00 UTC        
 READ IN fields at DATE: 2002-07-27 00:00:00 UTC        
 READ IN fields at DATE: 2002-07-27 06:00:00 UTC        
 READ IN fields at DATE: 2002-07-27 12:00:00 UTC        
 READ IN fields at DATE: 2002-07-27 18:00:00 UTC        
 READ IN fields at DATE: 2002-07-28 00:00:00 UTC        
 READ IN fields at DATE: 2002-07-28 06:00:00 UTC        
 READ IN fields at DATE: 2002-07-28 12:00:00 UTC        
 READ IN fields at DATE: 2002-07-28 18:00:00 UTC        
 READ IN fields at DATE: 2002-07-29 00:00:00 UTC        
 READ IN fields at DATE: 2002-07-29 06:00:00 UTC        
 READ IN fields at DATE: 2002-07-29 12:00:00 UTC        
 READ IN fields at DATE: 2002-07-29 18:00:00 UTC        
 READ IN fields at DATE: 2002-07-30 00:00:00 UTC        
 READ IN fields at DATE: 2002-07-30 06:00:00 UTC        
 READ IN fields at DATE: 2002-07-30 12:00:00 UTC        
 READ IN fields at DATE: 2002-07-30 18:00:00 UTC        
 READ IN fields at DATE: 2002-07-31 00:00:00 UTC        
 READ IN fields at DATE: 2002-07-31 06:00:00 UTC        
 READ IN fields at DATE: 2002-07-31 12:00:00 UTC        
 READ IN fields at DATE: 2002-07-31 18:00:00 UTC        
      131072 /leonardo_work/ICT25_ESP/RCMDATA//ERA5/2002/tatm_2002_08.nc
  2.341028597427179E-003   246.481121660994     
      196608 /leonardo_work/ICT25_ESP/RCMDATA//ERA5/2002/geop_2002_08.nc
   7.53789932171578        241849.152925339     
      262144 /leonardo_work/ICT25_ESP/RCMDATA//ERA5/2002/qhum_2002_08.nc
  4.794503252139945E-007  1.563170739736619E-002
      327680 /leonardo_work/ICT25_ESP/RCMDATA//ERA5/2002/uwnd_2002_08.nc
  5.228389274132999E-003   17.8329799826090     
      393216 /leonardo_work/ICT25_ESP/RCMDATA//ERA5/2002/vwnd_2002_08.nc
  4.699653244909173E-003  0.332801845740827     
 READ IN fields at DATE: 2002-08-01 00:00:00 UTC        
 READ IN fields at DATE: 2002-08-01 06:00:00 UTC        
 READ IN fields at DATE: 2002-08-01 12:00:00 UTC        
 READ IN fields at DATE: 2002-08-01 18:00:00 UTC        
 READ IN fields at DATE: 2002-08-02 00:00:00 UTC        
 READ IN fields at DATE: 2002-08-02 06:00:00 UTC        
 READ IN fields at DATE: 2002-08-02 12:00:00 UTC        
 READ IN fields at DATE: 2002-08-02 18:00:00 UTC        
 READ IN fields at DATE: 2002-08-03 00:00:00 UTC        
 READ IN fields at DATE: 2002-08-03 06:00:00 UTC        
 READ IN fields at DATE: 2002-08-03 12:00:00 UTC        
 READ IN fields at DATE: 2002-08-03 18:00:00 UTC        
 READ IN fields at DATE: 2002-08-04 00:00:00 UTC        
 READ IN fields at DATE: 2002-08-04 06:00:00 UTC        
 READ IN fields at DATE: 2002-08-04 12:00:00 UTC        
 READ IN fields at DATE: 2002-08-04 18:00:00 UTC        
 READ IN fields at DATE: 2002-08-05 00:00:00 UTC        
 READ IN fields at DATE: 2002-08-05 06:00:00 UTC        
 READ IN fields at DATE: 2002-08-05 12:00:00 UTC        
 READ IN fields at DATE: 2002-08-05 18:00:00 UTC        
 READ IN fields at DATE: 2002-08-06 00:00:00 UTC        
 READ IN fields at DATE: 2002-08-06 06:00:00 UTC        
 READ IN fields at DATE: 2002-08-06 12:00:00 UTC        
 READ IN fields at DATE: 2002-08-06 18:00:00 UTC        
 READ IN fields at DATE: 2002-08-07 00:00:00 UTC        
 READ IN fields at DATE: 2002-08-07 06:00:00 UTC        
 READ IN fields at DATE: 2002-08-07 12:00:00 UTC        
 READ IN fields at DATE: 2002-08-07 18:00:00 UTC        
 READ IN fields at DATE: 2002-08-08 00:00:00 UTC        
 READ IN fields at DATE: 2002-08-08 06:00:00 UTC        
 READ IN fields at DATE: 2002-08-08 12:00:00 UTC        
 READ IN fields at DATE: 2002-08-08 18:00:00 UTC        
 READ IN fields at DATE: 2002-08-09 00:00:00 UTC        
 READ IN fields at DATE: 2002-08-09 06:00:00 UTC        
 READ IN fields at DATE: 2002-08-09 12:00:00 UTC        
 READ IN fields at DATE: 2002-08-09 18:00:00 UTC        
 READ IN fields at DATE: 2002-08-10 00:00:00 UTC        
 READ IN fields at DATE: 2002-08-10 06:00:00 UTC        
 READ IN fields at DATE: 2002-08-10 12:00:00 UTC        
 READ IN fields at DATE: 2002-08-10 18:00:00 UTC        
 READ IN fields at DATE: 2002-08-11 00:00:00 UTC        
 READ IN fields at DATE: 2002-08-11 06:00:00 UTC        
 READ IN fields at DATE: 2002-08-11 12:00:00 UTC        
 READ IN fields at DATE: 2002-08-11 18:00:00 UTC        
 READ IN fields at DATE: 2002-08-12 00:00:00 UTC        
 READ IN fields at DATE: 2002-08-12 06:00:00 UTC        
 READ IN fields at DATE: 2002-08-12 12:00:00 UTC        
 READ IN fields at DATE: 2002-08-12 18:00:00 UTC        
 READ IN fields at DATE: 2002-08-13 00:00:00 UTC        
 READ IN fields at DATE: 2002-08-13 06:00:00 UTC        
 READ IN fields at DATE: 2002-08-13 12:00:00 UTC        
 READ IN fields at DATE: 2002-08-13 18:00:00 UTC        
 READ IN fields at DATE: 2002-08-14 00:00:00 UTC        
 READ IN fields at DATE: 2002-08-14 06:00:00 UTC        
 READ IN fields at DATE: 2002-08-14 12:00:00 UTC        
 READ IN fields at DATE: 2002-08-14 18:00:00 UTC        
 READ IN fields at DATE: 2002-08-15 00:00:00 UTC        
 READ IN fields at DATE: 2002-08-15 06:00:00 UTC        
 READ IN fields at DATE: 2002-08-15 12:00:00 UTC        
 READ IN fields at DATE: 2002-08-15 18:00:00 UTC        
 READ IN fields at DATE: 2002-08-16 00:00:00 UTC        
 READ IN fields at DATE: 2002-08-16 06:00:00 UTC        
 READ IN fields at DATE: 2002-08-16 12:00:00 UTC        
 READ IN fields at DATE: 2002-08-16 18:00:00 UTC        
 READ IN fields at DATE: 2002-08-17 00:00:00 UTC        
 READ IN fields at DATE: 2002-08-17 06:00:00 UTC        
 READ IN fields at DATE: 2002-08-17 12:00:00 UTC        
 READ IN fields at DATE: 2002-08-17 18:00:00 UTC        
 READ IN fields at DATE: 2002-08-18 00:00:00 UTC        
 READ IN fields at DATE: 2002-08-18 06:00:00 UTC        
 READ IN fields at DATE: 2002-08-18 12:00:00 UTC        
 READ IN fields at DATE: 2002-08-18 18:00:00 UTC        
 READ IN fields at DATE: 2002-08-19 00:00:00 UTC        
 READ IN fields at DATE: 2002-08-19 06:00:00 UTC        
 READ IN fields at DATE: 2002-08-19 12:00:00 UTC        
 READ IN fields at DATE: 2002-08-19 18:00:00 UTC        
 READ IN fields at DATE: 2002-08-20 00:00:00 UTC        
 READ IN fields at DATE: 2002-08-20 06:00:00 UTC        
 READ IN fields at DATE: 2002-08-20 12:00:00 UTC        
 READ IN fields at DATE: 2002-08-20 18:00:00 UTC        
 READ IN fields at DATE: 2002-08-21 00:00:00 UTC        
 READ IN fields at DATE: 2002-08-21 06:00:00 UTC        
 READ IN fields at DATE: 2002-08-21 12:00:00 UTC        
 READ IN fields at DATE: 2002-08-21 18:00:00 UTC        
 READ IN fields at DATE: 2002-08-22 00:00:00 UTC        
 READ IN fields at DATE: 2002-08-22 06:00:00 UTC        
 READ IN fields at DATE: 2002-08-22 12:00:00 UTC        
 READ IN fields at DATE: 2002-08-22 18:00:00 UTC        
 READ IN fields at DATE: 2002-08-23 00:00:00 UTC        
 READ IN fields at DATE: 2002-08-23 06:00:00 UTC        
 READ IN fields at DATE: 2002-08-23 12:00:00 UTC        
 READ IN fields at DATE: 2002-08-23 18:00:00 UTC        
 READ IN fields at DATE: 2002-08-24 00:00:00 UTC        
 READ IN fields at DATE: 2002-08-24 06:00:00 UTC        
 READ IN fields at DATE: 2002-08-24 12:00:00 UTC        
 READ IN fields at DATE: 2002-08-24 18:00:00 UTC        
 READ IN fields at DATE: 2002-08-25 00:00:00 UTC        
 READ IN fields at DATE: 2002-08-25 06:00:00 UTC        
 READ IN fields at DATE: 2002-08-25 12:00:00 UTC        
 READ IN fields at DATE: 2002-08-25 18:00:00 UTC        
 READ IN fields at DATE: 2002-08-26 00:00:00 UTC        
 READ IN fields at DATE: 2002-08-26 06:00:00 UTC        
 READ IN fields at DATE: 2002-08-26 12:00:00 UTC        
 READ IN fields at DATE: 2002-08-26 18:00:00 UTC        
 READ IN fields at DATE: 2002-08-27 00:00:00 UTC        
 READ IN fields at DATE: 2002-08-27 06:00:00 UTC        
 READ IN fields at DATE: 2002-08-27 12:00:00 UTC        
 READ IN fields at DATE: 2002-08-27 18:00:00 UTC        
 READ IN fields at DATE: 2002-08-28 00:00:00 UTC        
 READ IN fields at DATE: 2002-08-28 06:00:00 UTC        
 READ IN fields at DATE: 2002-08-28 12:00:00 UTC        
 READ IN fields at DATE: 2002-08-28 18:00:00 UTC        
 READ IN fields at DATE: 2002-08-29 00:00:00 UTC        
 READ IN fields at DATE: 2002-08-29 06:00:00 UTC        
 READ IN fields at DATE: 2002-08-29 12:00:00 UTC        
 READ IN fields at DATE: 2002-08-29 18:00:00 UTC        
 READ IN fields at DATE: 2002-08-30 00:00:00 UTC        
 READ IN fields at DATE: 2002-08-30 06:00:00 UTC        
 READ IN fields at DATE: 2002-08-30 12:00:00 UTC        
 READ IN fields at DATE: 2002-08-30 18:00:00 UTC        
 READ IN fields at DATE: 2002-08-31 00:00:00 UTC        
 READ IN fields at DATE: 2002-08-31 06:00:00 UTC        
 READ IN fields at DATE: 2002-08-31 12:00:00 UTC        
 READ IN fields at DATE: 2002-08-31 18:00:00 UTC        
      131072 /leonardo_work/ICT25_ESP/RCMDATA//ERA5/2002/tatm_2002_09.nc
  2.204423166632174E-003   247.322918174159     
      196608 /leonardo_work/ICT25_ESP/RCMDATA//ERA5/2002/geop_2002_09.nc
   7.42044025052264        237119.746811125     
      262144 /leonardo_work/ICT25_ESP/RCMDATA//ERA5/2002/qhum_2002_09.nc
  4.142615084029062E-007  1.350709786886663E-002
      327680 /leonardo_work/ICT25_ESP/RCMDATA//ERA5/2002/uwnd_2002_09.nc
  4.630003193316010E-003   6.33113531578615     
      393216 /leonardo_work/ICT25_ESP/RCMDATA//ERA5/2002/vwnd_2002_09.nc
  4.590840683319854E-003   4.70313365680678     
 READ IN fields at DATE: 2002-09-01 00:00:00 UTC        
 READ IN fields at DATE: 2002-09-01 06:00:00 UTC        
 READ IN fields at DATE: 2002-09-01 12:00:00 UTC        
 READ IN fields at DATE: 2002-09-01 18:00:00 UTC        
 READ IN fields at DATE: 2002-09-02 00:00:00 UTC        
 READ IN fields at DATE: 2002-09-02 06:00:00 UTC        
 READ IN fields at DATE: 2002-09-02 12:00:00 UTC        
 READ IN fields at DATE: 2002-09-02 18:00:00 UTC        
 READ IN fields at DATE: 2002-09-03 00:00:00 UTC        
 READ IN fields at DATE: 2002-09-03 06:00:00 UTC        
 READ IN fields at DATE: 2002-09-03 12:00:00 UTC        
 READ IN fields at DATE: 2002-09-03 18:00:00 UTC        
 READ IN fields at DATE: 2002-09-04 00:00:00 UTC        
 READ IN fields at DATE: 2002-09-04 06:00:00 UTC        
 READ IN fields at DATE: 2002-09-04 12:00:00 UTC        
 READ IN fields at DATE: 2002-09-04 18:00:00 UTC        
 READ IN fields at DATE: 2002-09-05 00:00:00 UTC        
 READ IN fields at DATE: 2002-09-05 06:00:00 UTC        
 READ IN fields at DATE: 2002-09-05 12:00:00 UTC        
 READ IN fields at DATE: 2002-09-05 18:00:00 UTC        
 READ IN fields at DATE: 2002-09-06 00:00:00 UTC        
 READ IN fields at DATE: 2002-09-06 06:00:00 UTC        
 READ IN fields at DATE: 2002-09-06 12:00:00 UTC        
 READ IN fields at DATE: 2002-09-06 18:00:00 UTC        
 READ IN fields at DATE: 2002-09-07 00:00:00 UTC        
 READ IN fields at DATE: 2002-09-07 06:00:00 UTC        
 READ IN fields at DATE: 2002-09-07 12:00:00 UTC        
 READ IN fields at DATE: 2002-09-07 18:00:00 UTC        
 READ IN fields at DATE: 2002-09-08 00:00:00 UTC        
 READ IN fields at DATE: 2002-09-08 06:00:00 UTC        
 READ IN fields at DATE: 2002-09-08 12:00:00 UTC        
 READ IN fields at DATE: 2002-09-08 18:00:00 UTC        
 READ IN fields at DATE: 2002-09-09 00:00:00 UTC        
 READ IN fields at DATE: 2002-09-09 06:00:00 UTC        
 READ IN fields at DATE: 2002-09-09 12:00:00 UTC        
 READ IN fields at DATE: 2002-09-09 18:00:00 UTC        
 READ IN fields at DATE: 2002-09-10 00:00:00 UTC        
 READ IN fields at DATE: 2002-09-10 06:00:00 UTC        
 READ IN fields at DATE: 2002-09-10 12:00:00 UTC        
 READ IN fields at DATE: 2002-09-10 18:00:00 UTC        
 READ IN fields at DATE: 2002-09-11 00:00:00 UTC        
 READ IN fields at DATE: 2002-09-11 06:00:00 UTC        
 READ IN fields at DATE: 2002-09-11 12:00:00 UTC        
 READ IN fields at DATE: 2002-09-11 18:00:00 UTC        
 READ IN fields at DATE: 2002-09-12 00:00:00 UTC        
 READ IN fields at DATE: 2002-09-12 06:00:00 UTC        
 READ IN fields at DATE: 2002-09-12 12:00:00 UTC        
 READ IN fields at DATE: 2002-09-12 18:00:00 UTC        
 READ IN fields at DATE: 2002-09-13 00:00:00 UTC        
 READ IN fields at DATE: 2002-09-13 06:00:00 UTC        
 READ IN fields at DATE: 2002-09-13 12:00:00 UTC        
 READ IN fields at DATE: 2002-09-13 18:00:00 UTC        
 READ IN fields at DATE: 2002-09-14 00:00:00 UTC        
 READ IN fields at DATE: 2002-09-14 06:00:00 UTC        
 READ IN fields at DATE: 2002-09-14 12:00:00 UTC        
 READ IN fields at DATE: 2002-09-14 18:00:00 UTC        
 READ IN fields at DATE: 2002-09-15 00:00:00 UTC        
 READ IN fields at DATE: 2002-09-15 06:00:00 UTC        
 READ IN fields at DATE: 2002-09-15 12:00:00 UTC        
 READ IN fields at DATE: 2002-09-15 18:00:00 UTC        
 READ IN fields at DATE: 2002-09-16 00:00:00 UTC        
 READ IN fields at DATE: 2002-09-16 06:00:00 UTC        
 READ IN fields at DATE: 2002-09-16 12:00:00 UTC        
 READ IN fields at DATE: 2002-09-16 18:00:00 UTC        
 READ IN fields at DATE: 2002-09-17 00:00:00 UTC        
 READ IN fields at DATE: 2002-09-17 06:00:00 UTC        
 READ IN fields at DATE: 2002-09-17 12:00:00 UTC        
 READ IN fields at DATE: 2002-09-17 18:00:00 UTC        
 READ IN fields at DATE: 2002-09-18 00:00:00 UTC        
 READ IN fields at DATE: 2002-09-18 06:00:00 UTC        
 READ IN fields at DATE: 2002-09-18 12:00:00 UTC        
 READ IN fields at DATE: 2002-09-18 18:00:00 UTC        
 READ IN fields at DATE: 2002-09-19 00:00:00 UTC        
 READ IN fields at DATE: 2002-09-19 06:00:00 UTC        
 READ IN fields at DATE: 2002-09-19 12:00:00 UTC        
 READ IN fields at DATE: 2002-09-19 18:00:00 UTC        
 READ IN fields at DATE: 2002-09-20 00:00:00 UTC        
 READ IN fields at DATE: 2002-09-20 06:00:00 UTC        
 READ IN fields at DATE: 2002-09-20 12:00:00 UTC        
 READ IN fields at DATE: 2002-09-20 18:00:00 UTC        
 READ IN fields at DATE: 2002-09-21 00:00:00 UTC        
 READ IN fields at DATE: 2002-09-21 06:00:00 UTC        
 READ IN fields at DATE: 2002-09-21 12:00:00 UTC        
 READ IN fields at DATE: 2002-09-21 18:00:00 UTC        
 READ IN fields at DATE: 2002-09-22 00:00:00 UTC        
 READ IN fields at DATE: 2002-09-22 06:00:00 UTC        
 READ IN fields at DATE: 2002-09-22 12:00:00 UTC        
 READ IN fields at DATE: 2002-09-22 18:00:00 UTC        
 READ IN fields at DATE: 2002-09-23 00:00:00 UTC        
 READ IN fields at DATE: 2002-09-23 06:00:00 UTC        
 READ IN fields at DATE: 2002-09-23 12:00:00 UTC        
 READ IN fields at DATE: 2002-09-23 18:00:00 UTC        
 READ IN fields at DATE: 2002-09-24 00:00:00 UTC        
 READ IN fields at DATE: 2002-09-24 06:00:00 UTC        
 READ IN fields at DATE: 2002-09-24 12:00:00 UTC        
 READ IN fields at DATE: 2002-09-24 18:00:00 UTC        
 READ IN fields at DATE: 2002-09-25 00:00:00 UTC        
 READ IN fields at DATE: 2002-09-25 06:00:00 UTC        
 READ IN fields at DATE: 2002-09-25 12:00:00 UTC        
 READ IN fields at DATE: 2002-09-25 18:00:00 UTC        
 READ IN fields at DATE: 2002-09-26 00:00:00 UTC        
 READ IN fields at DATE: 2002-09-26 06:00:00 UTC        
 READ IN fields at DATE: 2002-09-26 12:00:00 UTC        
 READ IN fields at DATE: 2002-09-26 18:00:00 UTC        
 READ IN fields at DATE: 2002-09-27 00:00:00 UTC        
 READ IN fields at DATE: 2002-09-27 06:00:00 UTC        
 READ IN fields at DATE: 2002-09-27 12:00:00 UTC        
 READ IN fields at DATE: 2002-09-27 18:00:00 UTC        
 READ IN fields at DATE: 2002-09-28 00:00:00 UTC        
 READ IN fields at DATE: 2002-09-28 06:00:00 UTC        
 READ IN fields at DATE: 2002-09-28 12:00:00 UTC        
 READ IN fields at DATE: 2002-09-28 18:00:00 UTC        
 READ IN fields at DATE: 2002-09-29 00:00:00 UTC        
 READ IN fields at DATE: 2002-09-29 06:00:00 UTC        
 READ IN fields at DATE: 2002-09-29 12:00:00 UTC        
 READ IN fields at DATE: 2002-09-29 18:00:00 UTC        
 READ IN fields at DATE: 2002-09-30 00:00:00 UTC        
 READ IN fields at DATE: 2002-09-30 06:00:00 UTC        
 READ IN fields at DATE: 2002-09-30 12:00:00 UTC        
 READ IN fields at DATE: 2002-09-30 18:00:00 UTC        
      131072 /leonardo_work/ICT25_ESP/RCMDATA//ERA5/2002/tatm_2002_10.nc
  2.077646432889131E-003   250.380560603053     
      196608 /leonardo_work/ICT25_ESP/RCMDATA//ERA5/2002/geop_2002_10.nc
   7.33824341123938        235457.778143919     
      262144 /leonardo_work/ICT25_ESP/RCMDATA//ERA5/2002/qhum_2002_10.nc
  3.741332210494087E-007  1.218919442870771E-002
      327680 /leonardo_work/ICT25_ESP/RCMDATA//ERA5/2002/uwnd_2002_10.nc
  3.069110077711325E-003   7.62785997621114     
      393216 /leonardo_work/ICT25_ESP/RCMDATA//ERA5/2002/vwnd_2002_10.nc
  2.764736434747689E-003  -3.00251914800253     
 READ IN fields at DATE: 2002-10-01 00:00:00 UTC        
 READ IN fields at DATE: 2002-10-01 06:00:00 UTC        
 READ IN fields at DATE: 2002-10-01 12:00:00 UTC        
 READ IN fields at DATE: 2002-10-01 18:00:00 UTC        
 READ IN fields at DATE: 2002-10-02 00:00:00 UTC        
 READ IN fields at DATE: 2002-10-02 06:00:00 UTC        
 READ IN fields at DATE: 2002-10-02 12:00:00 UTC        
 READ IN fields at DATE: 2002-10-02 18:00:00 UTC        
 READ IN fields at DATE: 2002-10-03 00:00:00 UTC        
 READ IN fields at DATE: 2002-10-03 06:00:00 UTC        
 READ IN fields at DATE: 2002-10-03 12:00:00 UTC        
 READ IN fields at DATE: 2002-10-03 18:00:00 UTC        
 READ IN fields at DATE: 2002-10-04 00:00:00 UTC        
 READ IN fields at DATE: 2002-10-04 06:00:00 UTC        
 READ IN fields at DATE: 2002-10-04 12:00:00 UTC        
 READ IN fields at DATE: 2002-10-04 18:00:00 UTC        
 READ IN fields at DATE: 2002-10-05 00:00:00 UTC        
 READ IN fields at DATE: 2002-10-05 06:00:00 UTC        
 READ IN fields at DATE: 2002-10-05 12:00:00 UTC        
 READ IN fields at DATE: 2002-10-05 18:00:00 UTC        
 READ IN fields at DATE: 2002-10-06 00:00:00 UTC        
 READ IN fields at DATE: 2002-10-06 06:00:00 UTC        
 READ IN fields at DATE: 2002-10-06 12:00:00 UTC        
 READ IN fields at DATE: 2002-10-06 18:00:00 UTC        
 READ IN fields at DATE: 2002-10-07 00:00:00 UTC        
 READ IN fields at DATE: 2002-10-07 06:00:00 UTC        
 READ IN fields at DATE: 2002-10-07 12:00:00 UTC        
 READ IN fields at DATE: 2002-10-07 18:00:00 UTC        
 READ IN fields at DATE: 2002-10-08 00:00:00 UTC        
 READ IN fields at DATE: 2002-10-08 06:00:00 UTC        
 READ IN fields at DATE: 2002-10-08 12:00:00 UTC        
 READ IN fields at DATE: 2002-10-08 18:00:00 UTC        
 READ IN fields at DATE: 2002-10-09 00:00:00 UTC        
 READ IN fields at DATE: 2002-10-09 06:00:00 UTC        
 READ IN fields at DATE: 2002-10-09 12:00:00 UTC        
 READ IN fields at DATE: 2002-10-09 18:00:00 UTC        
 READ IN fields at DATE: 2002-10-10 00:00:00 UTC        
 READ IN fields at DATE: 2002-10-10 06:00:00 UTC        
 READ IN fields at DATE: 2002-10-10 12:00:00 UTC        
 READ IN fields at DATE: 2002-10-10 18:00:00 UTC        
 READ IN fields at DATE: 2002-10-11 00:00:00 UTC        
 READ IN fields at DATE: 2002-10-11 06:00:00 UTC        
 READ IN fields at DATE: 2002-10-11 12:00:00 UTC        
 READ IN fields at DATE: 2002-10-11 18:00:00 UTC        
 READ IN fields at DATE: 2002-10-12 00:00:00 UTC        
 READ IN fields at DATE: 2002-10-12 06:00:00 UTC        
 READ IN fields at DATE: 2002-10-12 12:00:00 UTC        
 READ IN fields at DATE: 2002-10-12 18:00:00 UTC        
 READ IN fields at DATE: 2002-10-13 00:00:00 UTC        
 READ IN fields at DATE: 2002-10-13 06:00:00 UTC        
 READ IN fields at DATE: 2002-10-13 12:00:00 UTC        
 READ IN fields at DATE: 2002-10-13 18:00:00 UTC        
 READ IN fields at DATE: 2002-10-14 00:00:00 UTC        
 READ IN fields at DATE: 2002-10-14 06:00:00 UTC        
 READ IN fields at DATE: 2002-10-14 12:00:00 UTC        
 READ IN fields at DATE: 2002-10-14 18:00:00 UTC        
 READ IN fields at DATE: 2002-10-15 00:00:00 UTC        
 READ IN fields at DATE: 2002-10-15 06:00:00 UTC        
 READ IN fields at DATE: 2002-10-15 12:00:00 UTC        
 READ IN fields at DATE: 2002-10-15 18:00:00 UTC        
 READ IN fields at DATE: 2002-10-16 00:00:00 UTC        
 READ IN fields at DATE: 2002-10-16 06:00:00 UTC        
 READ IN fields at DATE: 2002-10-16 12:00:00 UTC        
 READ IN fields at DATE: 2002-10-16 18:00:00 UTC        
 READ IN fields at DATE: 2002-10-17 00:00:00 UTC        
 READ IN fields at DATE: 2002-10-17 06:00:00 UTC        
 READ IN fields at DATE: 2002-10-17 12:00:00 UTC        
 READ IN fields at DATE: 2002-10-17 18:00:00 UTC        
 READ IN fields at DATE: 2002-10-18 00:00:00 UTC        
 READ IN fields at DATE: 2002-10-18 06:00:00 UTC        
 READ IN fields at DATE: 2002-10-18 12:00:00 UTC        
 READ IN fields at DATE: 2002-10-18 18:00:00 UTC        
 READ IN fields at DATE: 2002-10-19 00:00:00 UTC        
 READ IN fields at DATE: 2002-10-19 06:00:00 UTC        
 READ IN fields at DATE: 2002-10-19 12:00:00 UTC        
 READ IN fields at DATE: 2002-10-19 18:00:00 UTC        
 READ IN fields at DATE: 2002-10-20 00:00:00 UTC        
 READ IN fields at DATE: 2002-10-20 06:00:00 UTC        
 READ IN fields at DATE: 2002-10-20 12:00:00 UTC        
 READ IN fields at DATE: 2002-10-20 18:00:00 UTC        
 READ IN fields at DATE: 2002-10-21 00:00:00 UTC        
 READ IN fields at DATE: 2002-10-21 06:00:00 UTC        
 READ IN fields at DATE: 2002-10-21 12:00:00 UTC        
 READ IN fields at DATE: 2002-10-21 18:00:00 UTC        
 READ IN fields at DATE: 2002-10-22 00:00:00 UTC        
 READ IN fields at DATE: 2002-10-22 06:00:00 UTC        
 READ IN fields at DATE: 2002-10-22 12:00:00 UTC        
 READ IN fields at DATE: 2002-10-22 18:00:00 UTC        
 READ IN fields at DATE: 2002-10-23 00:00:00 UTC        
 READ IN fields at DATE: 2002-10-23 06:00:00 UTC        
 READ IN fields at DATE: 2002-10-23 12:00:00 UTC        
 READ IN fields at DATE: 2002-10-23 18:00:00 UTC        
 READ IN fields at DATE: 2002-10-24 00:00:00 UTC        
 READ IN fields at DATE: 2002-10-24 06:00:00 UTC        
 READ IN fields at DATE: 2002-10-24 12:00:00 UTC        
 READ IN fields at DATE: 2002-10-24 18:00:00 UTC        
 READ IN fields at DATE: 2002-10-25 00:00:00 UTC        
 READ IN fields at DATE: 2002-10-25 06:00:00 UTC        
 READ IN fields at DATE: 2002-10-25 12:00:00 UTC        
 READ IN fields at DATE: 2002-10-25 18:00:00 UTC        
 READ IN fields at DATE: 2002-10-26 00:00:00 UTC        
 READ IN fields at DATE: 2002-10-26 06:00:00 UTC        
 READ IN fields at DATE: 2002-10-26 12:00:00 UTC        
 READ IN fields at DATE: 2002-10-26 18:00:00 UTC        
 READ IN fields at DATE: 2002-10-27 00:00:00 UTC        
 READ IN fields at DATE: 2002-10-27 06:00:00 UTC        
 READ IN fields at DATE: 2002-10-27 12:00:00 UTC        
 READ IN fields at DATE: 2002-10-27 18:00:00 UTC        
 READ IN fields at DATE: 2002-10-28 00:00:00 UTC        
 READ IN fields at DATE: 2002-10-28 06:00:00 UTC        
 READ IN fields at DATE: 2002-10-28 12:00:00 UTC        
 READ IN fields at DATE: 2002-10-28 18:00:00 UTC        
 READ IN fields at DATE: 2002-10-29 00:00:00 UTC        
 READ IN fields at DATE: 2002-10-29 06:00:00 UTC        
 READ IN fields at DATE: 2002-10-29 12:00:00 UTC        
 READ IN fields at DATE: 2002-10-29 18:00:00 UTC        
 READ IN fields at DATE: 2002-10-30 00:00:00 UTC        
 READ IN fields at DATE: 2002-10-30 06:00:00 UTC        
 READ IN fields at DATE: 2002-10-30 12:00:00 UTC        
 READ IN fields at DATE: 2002-10-30 18:00:00 UTC        
 READ IN fields at DATE: 2002-10-31 00:00:00 UTC        
 READ IN fields at DATE: 2002-10-31 06:00:00 UTC        
 READ IN fields at DATE: 2002-10-31 12:00:00 UTC        
 READ IN fields at DATE: 2002-10-31 18:00:00 UTC        
      131072 /leonardo_work/ICT25_ESP/RCMDATA//ERA5/2002/tatm_2002_11.nc
  2.079636760341045E-003   250.178228064921     
      196608 /leonardo_work/ICT25_ESP/RCMDATA//ERA5/2002/geop_2002_11.nc
   7.53236662492561        241319.005301063     
      262144 /leonardo_work/ICT25_ESP/RCMDATA//ERA5/2002/qhum_2002_11.nc
  3.530670770755791E-007  1.154228326351739E-002
      327680 /leonardo_work/ICT25_ESP/RCMDATA//ERA5/2002/uwnd_2002_11.nc
  3.740792039232619E-003   32.2238223530038     
      393216 /leonardo_work/ICT25_ESP/RCMDATA//ERA5/2002/vwnd_2002_11.nc
  3.266712478782755E-003  -6.88834447684486     
 READ IN fields at DATE: 2002-11-01 00:00:00 UTC        
 READ IN fields at DATE: 2002-11-01 06:00:00 UTC        
 READ IN fields at DATE: 2002-11-01 12:00:00 UTC        
 READ IN fields at DATE: 2002-11-01 18:00:00 UTC        
 READ IN fields at DATE: 2002-11-02 00:00:00 UTC        
 READ IN fields at DATE: 2002-11-02 06:00:00 UTC        
 READ IN fields at DATE: 2002-11-02 12:00:00 UTC        
 READ IN fields at DATE: 2002-11-02 18:00:00 UTC        
 READ IN fields at DATE: 2002-11-03 00:00:00 UTC        
 READ IN fields at DATE: 2002-11-03 06:00:00 UTC        
 READ IN fields at DATE: 2002-11-03 12:00:00 UTC        
 READ IN fields at DATE: 2002-11-03 18:00:00 UTC        
 READ IN fields at DATE: 2002-11-04 00:00:00 UTC        
 READ IN fields at DATE: 2002-11-04 06:00:00 UTC        
 READ IN fields at DATE: 2002-11-04 12:00:00 UTC        
 READ IN fields at DATE: 2002-11-04 18:00:00 UTC        
 READ IN fields at DATE: 2002-11-05 00:00:00 UTC        
 READ IN fields at DATE: 2002-11-05 06:00:00 UTC        
 READ IN fields at DATE: 2002-11-05 12:00:00 UTC        
 READ IN fields at DATE: 2002-11-05 18:00:00 UTC        
 READ IN fields at DATE: 2002-11-06 00:00:00 UTC        
 READ IN fields at DATE: 2002-11-06 06:00:00 UTC        
 READ IN fields at DATE: 2002-11-06 12:00:00 UTC        
 READ IN fields at DATE: 2002-11-06 18:00:00 UTC        
 READ IN fields at DATE: 2002-11-07 00:00:00 UTC        
 READ IN fields at DATE: 2002-11-07 06:00:00 UTC        
 READ IN fields at DATE: 2002-11-07 12:00:00 UTC        
 READ IN fields at DATE: 2002-11-07 18:00:00 UTC        
 READ IN fields at DATE: 2002-11-08 00:00:00 UTC        
 READ IN fields at DATE: 2002-11-08 06:00:00 UTC        
 READ IN fields at DATE: 2002-11-08 12:00:00 UTC        
 READ IN fields at DATE: 2002-11-08 18:00:00 UTC        
 READ IN fields at DATE: 2002-11-09 00:00:00 UTC        
 READ IN fields at DATE: 2002-11-09 06:00:00 UTC        
 READ IN fields at DATE: 2002-11-09 12:00:00 UTC        
 READ IN fields at DATE: 2002-11-09 18:00:00 UTC        
 READ IN fields at DATE: 2002-11-10 00:00:00 UTC        
 READ IN fields at DATE: 2002-11-10 06:00:00 UTC        
 READ IN fields at DATE: 2002-11-10 12:00:00 UTC        
 READ IN fields at DATE: 2002-11-10 18:00:00 UTC        
 READ IN fields at DATE: 2002-11-11 00:00:00 UTC        
 READ IN fields at DATE: 2002-11-11 06:00:00 UTC        
 READ IN fields at DATE: 2002-11-11 12:00:00 UTC        
 READ IN fields at DATE: 2002-11-11 18:00:00 UTC        
 READ IN fields at DATE: 2002-11-12 00:00:00 UTC        
 READ IN fields at DATE: 2002-11-12 06:00:00 UTC        
 READ IN fields at DATE: 2002-11-12 12:00:00 UTC        
 READ IN fields at DATE: 2002-11-12 18:00:00 UTC        
 READ IN fields at DATE: 2002-11-13 00:00:00 UTC        
 READ IN fields at DATE: 2002-11-13 06:00:00 UTC        
 READ IN fields at DATE: 2002-11-13 12:00:00 UTC        
 READ IN fields at DATE: 2002-11-13 18:00:00 UTC        
 READ IN fields at DATE: 2002-11-14 00:00:00 UTC        
 READ IN fields at DATE: 2002-11-14 06:00:00 UTC        
 READ IN fields at DATE: 2002-11-14 12:00:00 UTC        
 READ IN fields at DATE: 2002-11-14 18:00:00 UTC        
 READ IN fields at DATE: 2002-11-15 00:00:00 UTC        
 READ IN fields at DATE: 2002-11-15 06:00:00 UTC        
 READ IN fields at DATE: 2002-11-15 12:00:00 UTC        
 READ IN fields at DATE: 2002-11-15 18:00:00 UTC        
 READ IN fields at DATE: 2002-11-16 00:00:00 UTC        
 READ IN fields at DATE: 2002-11-16 06:00:00 UTC        
 READ IN fields at DATE: 2002-11-16 12:00:00 UTC        
 READ IN fields at DATE: 2002-11-16 18:00:00 UTC        
 READ IN fields at DATE: 2002-11-17 00:00:00 UTC        
 READ IN fields at DATE: 2002-11-17 06:00:00 UTC        
 READ IN fields at DATE: 2002-11-17 12:00:00 UTC        
 READ IN fields at DATE: 2002-11-17 18:00:00 UTC        
 READ IN fields at DATE: 2002-11-18 00:00:00 UTC        
 READ IN fields at DATE: 2002-11-18 06:00:00 UTC        
 READ IN fields at DATE: 2002-11-18 12:00:00 UTC        
 READ IN fields at DATE: 2002-11-18 18:00:00 UTC        
 READ IN fields at DATE: 2002-11-19 00:00:00 UTC        
 READ IN fields at DATE: 2002-11-19 06:00:00 UTC        
 READ IN fields at DATE: 2002-11-19 12:00:00 UTC        
 READ IN fields at DATE: 2002-11-19 18:00:00 UTC        
 READ IN fields at DATE: 2002-11-20 00:00:00 UTC        
 READ IN fields at DATE: 2002-11-20 06:00:00 UTC        
 READ IN fields at DATE: 2002-11-20 12:00:00 UTC        
 READ IN fields at DATE: 2002-11-20 18:00:00 UTC        
 READ IN fields at DATE: 2002-11-21 00:00:00 UTC        
 READ IN fields at DATE: 2002-11-21 06:00:00 UTC        
 READ IN fields at DATE: 2002-11-21 12:00:00 UTC        
 READ IN fields at DATE: 2002-11-21 18:00:00 UTC        
 READ IN fields at DATE: 2002-11-22 00:00:00 UTC        
 READ IN fields at DATE: 2002-11-22 06:00:00 UTC        
 READ IN fields at DATE: 2002-11-22 12:00:00 UTC        
 READ IN fields at DATE: 2002-11-22 18:00:00 UTC        
 READ IN fields at DATE: 2002-11-23 00:00:00 UTC        
 READ IN fields at DATE: 2002-11-23 06:00:00 UTC        
 READ IN fields at DATE: 2002-11-23 12:00:00 UTC        
 READ IN fields at DATE: 2002-11-23 18:00:00 UTC        
 READ IN fields at DATE: 2002-11-24 00:00:00 UTC        
 READ IN fields at DATE: 2002-11-24 06:00:00 UTC        
 READ IN fields at DATE: 2002-11-24 12:00:00 UTC        
 READ IN fields at DATE: 2002-11-24 18:00:00 UTC        
 READ IN fields at DATE: 2002-11-25 00:00:00 UTC        
 READ IN fields at DATE: 2002-11-25 06:00:00 UTC        
 READ IN fields at DATE: 2002-11-25 12:00:00 UTC        
 READ IN fields at DATE: 2002-11-25 18:00:00 UTC        
 READ IN fields at DATE: 2002-11-26 00:00:00 UTC        
 READ IN fields at DATE: 2002-11-26 06:00:00 UTC        
 READ IN fields at DATE: 2002-11-26 12:00:00 UTC        
 READ IN fields at DATE: 2002-11-26 18:00:00 UTC        
 READ IN fields at DATE: 2002-11-27 00:00:00 UTC        
 READ IN fields at DATE: 2002-11-27 06:00:00 UTC        
 READ IN fields at DATE: 2002-11-27 12:00:00 UTC        
 READ IN fields at DATE: 2002-11-27 18:00:00 UTC        
 READ IN fields at DATE: 2002-11-28 00:00:00 UTC        
 READ IN fields at DATE: 2002-11-28 06:00:00 UTC        
 READ IN fields at DATE: 2002-11-28 12:00:00 UTC        
 READ IN fields at DATE: 2002-11-28 18:00:00 UTC        
 READ IN fields at DATE: 2002-11-29 00:00:00 UTC        
 READ IN fields at DATE: 2002-11-29 06:00:00 UTC        
 READ IN fields at DATE: 2002-11-29 12:00:00 UTC        
 READ IN fields at DATE: 2002-11-29 18:00:00 UTC        
 READ IN fields at DATE: 2002-11-30 00:00:00 UTC        
 READ IN fields at DATE: 2002-11-30 06:00:00 UTC        
 READ IN fields at DATE: 2002-11-30 12:00:00 UTC        
 READ IN fields at DATE: 2002-11-30 18:00:00 UTC        
      131072 /leonardo_work/ICT25_ESP/RCMDATA//ERA5/2002/tatm_2002_12.nc
  2.299987523804205E-003   253.291978973523     
      196608 /leonardo_work/ICT25_ESP/RCMDATA//ERA5/2002/geop_2002_12.nc
   7.61674586897059        243894.275611441     
      262144 /leonardo_work/ICT25_ESP/RCMDATA//ERA5/2002/qhum_2002_12.nc
  3.741708970821982E-007  1.225086268357149E-002
      327680 /leonardo_work/ICT25_ESP/RCMDATA//ERA5/2002/uwnd_2002_12.nc
  5.854294868466794E-003   18.5710779795189     
      393216 /leonardo_work/ICT25_ESP/RCMDATA//ERA5/2002/vwnd_2002_12.nc
  5.140236721295235E-003   5.70781806523310     
 READ IN fields at DATE: 2002-12-01 00:00:00 UTC        
 READ IN fields at DATE: 2002-12-01 06:00:00 UTC        
 READ IN fields at DATE: 2002-12-01 12:00:00 UTC        
 READ IN fields at DATE: 2002-12-01 18:00:00 UTC        
 READ IN fields at DATE: 2002-12-02 00:00:00 UTC        
 READ IN fields at DATE: 2002-12-02 06:00:00 UTC        
 READ IN fields at DATE: 2002-12-02 12:00:00 UTC        
 READ IN fields at DATE: 2002-12-02 18:00:00 UTC        
 READ IN fields at DATE: 2002-12-03 00:00:00 UTC        
 READ IN fields at DATE: 2002-12-03 06:00:00 UTC        
 READ IN fields at DATE: 2002-12-03 12:00:00 UTC        
 READ IN fields at DATE: 2002-12-03 18:00:00 UTC        
 READ IN fields at DATE: 2002-12-04 00:00:00 UTC        
 READ IN fields at DATE: 2002-12-04 06:00:00 UTC        
 READ IN fields at DATE: 2002-12-04 12:00:00 UTC        
 READ IN fields at DATE: 2002-12-04 18:00:00 UTC        
 READ IN fields at DATE: 2002-12-05 00:00:00 UTC        
 READ IN fields at DATE: 2002-12-05 06:00:00 UTC        
 READ IN fields at DATE: 2002-12-05 12:00:00 UTC        
 READ IN fields at DATE: 2002-12-05 18:00:00 UTC        
 READ IN fields at DATE: 2002-12-06 00:00:00 UTC        
 READ IN fields at DATE: 2002-12-06 06:00:00 UTC        
 READ IN fields at DATE: 2002-12-06 12:00:00 UTC        
 READ IN fields at DATE: 2002-12-06 18:00:00 UTC        
 READ IN fields at DATE: 2002-12-07 00:00:00 UTC        
 READ IN fields at DATE: 2002-12-07 06:00:00 UTC        
 READ IN fields at DATE: 2002-12-07 12:00:00 UTC        
 READ IN fields at DATE: 2002-12-07 18:00:00 UTC        
 READ IN fields at DATE: 2002-12-08 00:00:00 UTC        
 READ IN fields at DATE: 2002-12-08 06:00:00 UTC        
 READ IN fields at DATE: 2002-12-08 12:00:00 UTC        
 READ IN fields at DATE: 2002-12-08 18:00:00 UTC        
 READ IN fields at DATE: 2002-12-09 00:00:00 UTC        
 READ IN fields at DATE: 2002-12-09 06:00:00 UTC        
 READ IN fields at DATE: 2002-12-09 12:00:00 UTC        
 READ IN fields at DATE: 2002-12-09 18:00:00 UTC        
 READ IN fields at DATE: 2002-12-10 00:00:00 UTC        
 READ IN fields at DATE: 2002-12-10 06:00:00 UTC        
 READ IN fields at DATE: 2002-12-10 12:00:00 UTC        
 READ IN fields at DATE: 2002-12-10 18:00:00 UTC        
 READ IN fields at DATE: 2002-12-11 00:00:00 UTC        
 READ IN fields at DATE: 2002-12-11 06:00:00 UTC        
 READ IN fields at DATE: 2002-12-11 12:00:00 UTC        
 READ IN fields at DATE: 2002-12-11 18:00:00 UTC        
 READ IN fields at DATE: 2002-12-12 00:00:00 UTC        
 READ IN fields at DATE: 2002-12-12 06:00:00 UTC        
 READ IN fields at DATE: 2002-12-12 12:00:00 UTC        
 READ IN fields at DATE: 2002-12-12 18:00:00 UTC        
 READ IN fields at DATE: 2002-12-13 00:00:00 UTC        
 READ IN fields at DATE: 2002-12-13 06:00:00 UTC        
 READ IN fields at DATE: 2002-12-13 12:00:00 UTC        
 READ IN fields at DATE: 2002-12-13 18:00:00 UTC        
 READ IN fields at DATE: 2002-12-14 00:00:00 UTC        
 READ IN fields at DATE: 2002-12-14 06:00:00 UTC        
 READ IN fields at DATE: 2002-12-14 12:00:00 UTC        
 READ IN fields at DATE: 2002-12-14 18:00:00 UTC        
 READ IN fields at DATE: 2002-12-15 00:00:00 UTC        
 READ IN fields at DATE: 2002-12-15 06:00:00 UTC        
 READ IN fields at DATE: 2002-12-15 12:00:00 UTC        
 READ IN fields at DATE: 2002-12-15 18:00:00 UTC        
 READ IN fields at DATE: 2002-12-16 00:00:00 UTC        
 READ IN fields at DATE: 2002-12-16 06:00:00 UTC        
 READ IN fields at DATE: 2002-12-16 12:00:00 UTC        
 READ IN fields at DATE: 2002-12-16 18:00:00 UTC        
 READ IN fields at DATE: 2002-12-17 00:00:00 UTC        
 READ IN fields at DATE: 2002-12-17 06:00:00 UTC        
 READ IN fields at DATE: 2002-12-17 12:00:00 UTC        
 READ IN fields at DATE: 2002-12-17 18:00:00 UTC        
 READ IN fields at DATE: 2002-12-18 00:00:00 UTC        
 READ IN fields at DATE: 2002-12-18 06:00:00 UTC        
 READ IN fields at DATE: 2002-12-18 12:00:00 UTC        
 READ IN fields at DATE: 2002-12-18 18:00:00 UTC        
 READ IN fields at DATE: 2002-12-19 00:00:00 UTC        
 READ IN fields at DATE: 2002-12-19 06:00:00 UTC        
 READ IN fields at DATE: 2002-12-19 12:00:00 UTC        
 READ IN fields at DATE: 2002-12-19 18:00:00 UTC        
 READ IN fields at DATE: 2002-12-20 00:00:00 UTC        
 READ IN fields at DATE: 2002-12-20 06:00:00 UTC        
 READ IN fields at DATE: 2002-12-20 12:00:00 UTC        
 READ IN fields at DATE: 2002-12-20 18:00:00 UTC        
 READ IN fields at DATE: 2002-12-21 00:00:00 UTC        
 READ IN fields at DATE: 2002-12-21 06:00:00 UTC        
 READ IN fields at DATE: 2002-12-21 12:00:00 UTC        
 READ IN fields at DATE: 2002-12-21 18:00:00 UTC        
 READ IN fields at DATE: 2002-12-22 00:00:00 UTC        
 READ IN fields at DATE: 2002-12-22 06:00:00 UTC        
 READ IN fields at DATE: 2002-12-22 12:00:00 UTC        
 READ IN fields at DATE: 2002-12-22 18:00:00 UTC        
 READ IN fields at DATE: 2002-12-23 00:00:00 UTC        
 READ IN fields at DATE: 2002-12-23 06:00:00 UTC        
 READ IN fields at DATE: 2002-12-23 12:00:00 UTC        
 READ IN fields at DATE: 2002-12-23 18:00:00 UTC        
 READ IN fields at DATE: 2002-12-24 00:00:00 UTC        
 READ IN fields at DATE: 2002-12-24 06:00:00 UTC        
 READ IN fields at DATE: 2002-12-24 12:00:00 UTC        
 READ IN fields at DATE: 2002-12-24 18:00:00 UTC        
 READ IN fields at DATE: 2002-12-25 00:00:00 UTC        
 READ IN fields at DATE: 2002-12-25 06:00:00 UTC        
 READ IN fields at DATE: 2002-12-25 12:00:00 UTC        
 READ IN fields at DATE: 2002-12-25 18:00:00 UTC        
 READ IN fields at DATE: 2002-12-26 00:00:00 UTC        
 READ IN fields at DATE: 2002-12-26 06:00:00 UTC        
 READ IN fields at DATE: 2002-12-26 12:00:00 UTC        
 READ IN fields at DATE: 2002-12-26 18:00:00 UTC        
 READ IN fields at DATE: 2002-12-27 00:00:00 UTC        
 READ IN fields at DATE: 2002-12-27 06:00:00 UTC        
 READ IN fields at DATE: 2002-12-27 12:00:00 UTC        
 READ IN fields at DATE: 2002-12-27 18:00:00 UTC        
 READ IN fields at DATE: 2002-12-28 00:00:00 UTC        
 READ IN fields at DATE: 2002-12-28 06:00:00 UTC        
 READ IN fields at DATE: 2002-12-28 12:00:00 UTC        
 READ IN fields at DATE: 2002-12-28 18:00:00 UTC        
 READ IN fields at DATE: 2002-12-29 00:00:00 UTC        
 READ IN fields at DATE: 2002-12-29 06:00:00 UTC        
 READ IN fields at DATE: 2002-12-29 12:00:00 UTC        
 READ IN fields at DATE: 2002-12-29 18:00:00 UTC        
 READ IN fields at DATE: 2002-12-30 00:00:00 UTC        
 READ IN fields at DATE: 2002-12-30 06:00:00 UTC        
 READ IN fields at DATE: 2002-12-30 12:00:00 UTC        
 READ IN fields at DATE: 2002-12-30 18:00:00 UTC        
 READ IN fields at DATE: 2002-12-31 00:00:00 UTC        
 READ IN fields at DATE: 2002-12-31 06:00:00 UTC        
 READ IN fields at DATE: 2002-12-31 12:00:00 UTC        
 READ IN fields at DATE: 2002-12-31 18:00:00 UTC        
      131072 /leonardo_work/ICT25_ESP/RCMDATA//ERA5/2003/tatm_2003_01.nc
  2.147964971861147E-003   248.846361015073     
      196608 /leonardo_work/ICT25_ESP/RCMDATA//ERA5/2003/geop_2003_01.nc
   7.61488927811179        244347.110524111     
      262144 /leonardo_work/ICT25_ESP/RCMDATA//ERA5/2003/qhum_2003_01.nc
  3.924378940434603E-007  1.283812589007190E-002
      327680 /leonardo_work/ICT25_ESP/RCMDATA//ERA5/2003/uwnd_2003_01.nc
  4.655138877580046E-003   3.80441986708465     
      393216 /leonardo_work/ICT25_ESP/RCMDATA//ERA5/2003/vwnd_2003_01.nc
  4.619196329953158E-003  0.808321200174867     
 READ IN fields at DATE: 2003-01-01 00:00:00 UTC        
 Input ready at : Sun Jan 18 05:15:07 2026
 Successfully completed ICBC
icbc script complete
