[proxy:0:2@lrdn4400.leonardo.local] HYD_spawn (../../../../../src/pm/i_hydra/libhydra/spawn/intel/hydra_spawn.c:152): execvp error on file ./bin/regcmMPICLM45 (No such file or directory)
[proxy:0:2@lrdn4400.leonardo.local] HYD_spawn (../../../../../src/pm/i_hydra/libhydra/spawn/intel/hydra_spawn.c:152): execvp error on file ./bin/regcmMPICLM45 (No such file or directory)
[proxy:0:9@lrdn4626.leonardo.local] HYD_spawn (../../../../../src/pm/i_hydra/libhydra/spawn/intel/hydra_spawn.c:152): execvp error on file ./bin/regcmMPICLM45 (No such file or directory)
[proxy:0:6@lrdn4565.leonardo.local] HYD_spawn (../../../../../src/pm/i_hydra/libhydra/spawn/intel/hydra_spawn.c:152): execvp error on file ./bin/regcmMPICLM45 (No such file or directory)
[proxy:0:2@lrdn4400.leonardo.local] HYD_spawn (../../../../../src/pm/i_hydra/libhydra/spawn/intel/hydra_spawn.c:152): execvp error on file ./bin/regcmMPICLM45 (No such file or directory)
[proxy:0:9@lrdn4626.leonardo.local] HYD_spawn (../../../../../src/pm/i_hydra/libhydra/spawn/intel/hydra_spawn.c:152): execvp error on file ./bin/regcmMPICLM45 (No such file or directory)
[proxy:0:6@lrdn4565.leonardo.local] HYD_spawn (../../../../../src/pm/i_hydra/libhydra/spawn/intel/hydra_spawn.c:152): execvp error on file ./bin/regcmMPICLM45 (No such file or directory)
[proxy:0:2@lrdn4400.leonardo.local] HYD_spawn (../../../../../src/pm/i_hydra/libhydra/spawn/intel/hydra_spawn.c:152): execvp error on file ./bin/regcmMPICLM45 (No such file or directory)
[proxy:0:9@lrdn4626.leonardo.local] HYD_spawn (../../../../../src/pm/i_hydra/libhydra/spawn/intel/hydra_spawn.c:152): execvp error on file ./bin/regcmMPICLM45 (No such file or directory)
[proxy:0:6@lrdn4565.leonardo.local] HYD_spawn (../../../../../src/pm/i_hydra/libhydra/spawn/intel/hydra_spawn.c:152): execvp error on file ./bin/regcmMPICLM45 (No such file or directory)
[proxy:0:2@lrdn4400.leonardo.local] HYD_spawn (../../../../../src/pm/i_hydra/libhydra/spawn/intel/hydra_spawn.c:152): execvp error on file ./bin/regcmMPICLM45 (No such file or directory)
[proxy:0:9@lrdn4626.leonardo.local] HYD_spawn (../../../../../src/pm/i_hydra/libhydra/spawn/intel/hydra_spawn.c:152): execvp error on file ./bin/regcmMPICLM45 (No such file or directory)
[proxy:0:6@lrdn4565.leonardo.local] HYD_spawn (../../../../../src/pm/i_hydra/libhydra/spawn/intel/hydra_spawn.c:152): execvp error on file ./bin/regcmMPICLM45 (No such file or directory)
[proxy:0:2@lrdn4400.leonardo.local] HYD_spawn (../../../../../src/pm/i_hydra/libhydra/spawn/intel/hydra_spawn.c:152): execvp error on file ./bin/regcmMPICLM45 (No such file or directory)
[proxy:0:9@lrdn4626.leonardo.local] HYD_spawn (../../../../../src/pm/i_hydra/libhydra/spawn/intel/hydra_spawn.c:152): execvp error on file ./bin/regcmMPICLM45 (No such file or directory)
[proxy:0:6@lrdn4565.leonardo.local] HYD_spawn (../../../../../src/pm/i_hydra/libhydra/spawn/intel/hydra_spawn.c:152): execvp error on file ./bin/regcmMPICLM45 (No such file or directory)
[proxy:0:2@lrdn4400.leonardo.local] HYD_spawn (../../../../../src/pm/i_hydra/libhydra/spawn/intel/hydra_spawn.c:152): execvp error on file ./bin/regcmMPICLM45 (No such file or directory)
[proxy:0:9@lrdn4626.leonardo.local] HYD_spawn (../../../../../src/pm/i_hydra/libhydra/spawn/intel/hydra_spawn.c:152): execvp error on file ./bin/regcmMPICLM45 (No such file or directory)
[proxy:0:6@lrdn4565.leonardo.local] HYD_spawn (../../../../../src/pm/i_hydra/libhydra/spawn/intel/hydra_spawn.c:152): execvp error on file ./bin/regcmMPICLM45 (No such file or directory)
[proxy:0:2@lrdn4400.leonardo.local] HYD_spawn (../../../../../src/pm/i_hydra/libhydra/spawn/intel/hydra_spawn.c:152): execvp error on file ./bin/regcmMPICLM45 (No such file or directory)
[proxy:0:9@lrdn4626.leonardo.local] HYD_spawn (../../../../../src/pm/i_hydra/libhydra/spawn/intel/hydra_spawn.c:152): execvp error on file ./bin/regcmMPICLM45 (No such file or directory)
[proxy:0:6@lrdn4565.leonardo.local] HYD_spawn (../../../../../src/pm/i_hydra/libhydra/spawn/intel/hydra_spawn.c:152): execvp error on file ./bin/regcmMPICLM45 (No such file or directory)
[proxy:0:2@lrdn4400.leonardo.local] HYD_spawn (../../../../../src/pm/i_hydra/libhydra/spawn/intel/hydra_spawn.c:152): execvp error on file ./bin/regcmMPICLM45 (No such file or directory)
[proxy:0:9@lrdn4626.leonardo.local] HYD_spawn (../../../../../src/pm/i_hydra/libhydra/spawn/intel/hydra_spawn.c:152): execvp error on file ./bin/regcmMPICLM45 (No such file or directory)
[proxy:0:6@lrdn4565.leonardo.local] HYD_spawn (../../../../../src/pm/i_hydra/libhydra/spawn/intel/hydra_spawn.c:152): execvp error on file ./bin/regcmMPICLM45 (No such file or directory)
[proxy:0:4@lrdn4469.leonardo.local] HYD_spawn (../../../../../src/pm/i_hydra/libhydra/spawn/intel/hydra_spawn.c:152): execvp error on file ./bin/regcmMPICLM45 (No such file or directory)
[proxy:0:2@lrdn4400.leonardo.local] HYD_spawn (../../../../../src/pm/i_hydra/libhydra/spawn/intel/hydra_spawn.c:152): execvp error on file ./bin/regcmMPICLM45 (No such file or directory)
[proxy:0:9@lrdn4626.leonardo.local] HYD_spawn (../../../../../src/pm/i_hydra/libhydra/spawn/intel/hydra_spawn.c:152): execvp error on file ./bin/regcmMPICLM45 (No such file or directory)
[proxy:0:6@lrdn4565.leonardo.local] HYD_spawn (../../../../../src/pm/i_hydra/libhydra/spawn/intel/hydra_spawn.c:152): execvp error on file ./bin/regcmMPICLM45 (No such file or directory)
[proxy:0:4@lrdn4469.leonardo.local] HYD_spawn (../../../../../src/pm/i_hydra/libhydra/spawn/intel/hydra_spawn.c:152): execvp error on file ./bin/regcmMPICLM45 (No such file or directory)
[proxy:0:2@lrdn4400.leonardo.local] HYD_spawn (../../../../../src/pm/i_hydra/libhydra/spawn/intel/hydra_spawn.c:152): execvp error on file ./bin/regcmMPICLM45 (No such file or directory)
[proxy:0:9@lrdn4626.leonardo.local] HYD_spawn (../../../../../src/pm/i_hydra/libhydra/spawn/intel/hydra_spawn.c:152): execvp error on file ./bin/regcmMPICLM45 (No such file or directory)
[proxy:0:6@lrdn4565.leonardo.local] HYD_spawn (../../../../../src/pm/i_hydra/libhydra/spawn/intel/hydra_spawn.c:152): execvp error on file ./bin/regcmMPICLM45 (No such file or directory)
[proxy:0:4@lrdn4469.leonardo.local] HYD_spawn (../../../../../src/pm/i_hydra/libhydra/spawn/intel/hydra_spawn.c:152): execvp error on file ./bin/regcmMPICLM45 (No such file or directory)
[proxy:0:2@lrdn4400.leonardo.local] HYD_spawn (../../../../../src/pm/i_hydra/libhydra/spawn/intel/hydra_spawn.c:152): execvp error on file ./bin/regcmMPICLM45 (No such file or directory)
[proxy:0:10@lrdn4648.leonardo.local] HYD_spawn (../../../../../src/pm/i_hydra/libhydra/spawn/intel/hydra_spawn.c:152): execvp error on file ./bin/regcmMPICLM45 (No such file or directory)
[proxy:0:9@lrdn4626.leonardo.local] HYD_spawn (../../../../../src/pm/i_hydra/libhydra/spawn/intel/hydra_spawn.c:152): execvp error on file ./bin/regcmMPICLM45 (No such file or directory)
[proxy:0:6@lrdn4565.leonardo.local] HYD_spawn (../../../../../src/pm/i_hydra/libhydra/spawn/intel/hydra_spawn.c:152): execvp error on file ./bin/regcmMPICLM45 (No such file or directory)
[proxy:0:4@lrdn4469.leonardo.local] HYD_spawn (../../../../../src/pm/i_hydra/libhydra/spawn/intel/hydra_spawn.c:152): execvp error on file ./bin/regcmMPICLM45 (No such file or directory)
[proxy:0:2@lrdn4400.leonardo.local] HYD_spawn (../../../../../src/pm/i_hydra/libhydra/spawn/intel/hydra_spawn.c:152): execvp error on file ./bin/regcmMPICLM45 (No such file or directory)
[proxy:0:10@lrdn4648.leonardo.local] HYD_spawn (../../../../../src/pm/i_hydra/libhydra/spawn/intel/hydra_spawn.c:152): execvp error on file ./bin/regcmMPICLM45 (No such file or directory)
[proxy:0:9@lrdn4626.leonardo.local] HYD_spawn (../../../../../src/pm/i_hydra/libhydra/spawn/intel/hydra_spawn.c:152): execvp error on file ./bin/regcmMPICLM45 (No such file or directory)
[proxy:0:6@lrdn4565.leonardo.local] HYD_spawn (../../../../../src/pm/i_hydra/libhydra/spawn/intel/hydra_spawn.c:152): execvp error on file ./bin/regcmMPICLM45 (No such file or directory)
[proxy:0:4@lrdn4469.leonardo.local] HYD_spawn (../../../../../src/pm/i_hydra/libhydra/spawn/intel/hydra_spawn.c:152): execvp error on file ./bin/regcmMPICLM45 (No such file or directory)
[proxy:0:2@lrdn4400.leonardo.local] HYD_spawn (../../../../../src/pm/i_hydra/libhydra/spawn/intel/hydra_spawn.c:152): execvp error on file ./bin/regcmMPICLM45 (No such file or directory)
[proxy:0:10@lrdn4648.leonardo.local] HYD_spawn (../../../../../src/pm/i_hydra/libhydra/spawn/intel/hydra_spawn.c:152): execvp error on file ./bin/regcmMPICLM45 (No such file or directory)
[proxy:0:9@lrdn4626.leonardo.local] HYD_spawn (../../../../../src/pm/i_hydra/libhydra/spawn/intel/hydra_spawn.c:152): execvp error on file ./bin/regcmMPICLM45 (No such file or directory)
[proxy:0:6@lrdn4565.leonardo.local] HYD_spawn (../../../../../src/pm/i_hydra/libhydra/spawn/intel/hydra_spawn.c:152): execvp error on file ./bin/regcmMPICLM45 (No such file or directory)
[proxy:0:4@lrdn4469.leonardo.local] HYD_spawn (../../../../../src/pm/i_hydra/libhydra/spawn/intel/hydra_spawn.c:152): execvp error on file ./bin/regcmMPICLM45 (No such file or directory)
[proxy:0:2@lrdn4400.leonardo.local] HYD_spawn (../../../../../src/pm/i_hydra/libhydra/spawn/intel/hydra_spawn.c:152): execvp error on file ./bin/regcmMPICLM45 (No such file or directory)
[proxy:0:10@lrdn4648.leonardo.local] HYD_spawn (../../../../../src/pm/i_hydra/libhydra/spawn/intel/hydra_spawn.c:152): execvp error on file ./bin/regcmMPICLM45 (No such file or directory)
[proxy:0:9@lrdn4626.leonardo.local] HYD_spawn (../../../../../src/pm/i_hydra/libhydra/spawn/intel/hydra_spawn.c:152): execvp error on file ./bin/regcmMPICLM45 (No such file or directory)
[proxy:0:6@lrdn4565.leonardo.local] HYD_spawn (../../../../../src/pm/i_hydra/libhydra/spawn/intel/hydra_spawn.c:152): execvp error on file ./bin/regcmMPICLM45 (No such file or directory)
[proxy:0:4@lrdn4469.leonardo.local] HYD_spawn (../../../../../src/pm/i_hydra/libhydra/spawn/intel/hydra_spawn.c:152): execvp error on file ./bin/regcmMPICLM45 (No such file or directory)
[proxy:0:2@lrdn4400.leonardo.local] HYD_spawn (../../../../../src/pm/i_hydra/libhydra/spawn/intel/hydra_spawn.c:152): execvp error on file ./bin/regcmMPICLM45 (No such file or directory)
[proxy:0:10@lrdn4648.leonardo.local] HYD_spawn (../../../../../src/pm/i_hydra/libhydra/spawn/intel/hydra_spawn.c:152): execvp error on file ./bin/regcmMPICLM45 (No such file or directory)
[proxy:0:9@lrdn4626.leonardo.local] HYD_spawn (../../../../../src/pm/i_hydra/libhydra/spawn/intel/hydra_spawn.c:152): execvp error on file ./bin/regcmMPICLM45 (No such file or directory)
[proxy:0:6@lrdn4565.leonardo.local] HYD_spawn (../../../../../src/pm/i_hydra/libhydra/spawn/intel/hydra_spawn.c:152): execvp error on file ./bin/regcmMPICLM45 (No such file or directory)
[proxy:0:4@lrdn4469.leonardo.local] HYD_spawn (../../../../../src/pm/i_hydra/libhydra/spawn/intel/hydra_spawn.c:152): execvp error on file ./bin/regcmMPICLM45 (No such file or directory)
[proxy:0:2@lrdn4400.leonardo.local] HYD_spawn (../../../../../src/pm/i_hydra/libhydra/spawn/intel/hydra_spawn.c:152): execvp error on file ./bin/regcmMPICLM45 (No such file or directory)
[proxy:0:10@lrdn4648.leonardo.local] HYD_spawn (../../../../../src/pm/i_hydra/libhydra/spawn/intel/hydra_spawn.c:152): execvp error on file ./bin/regcmMPICLM45 (No such file or directory)
[proxy:0:9@lrdn4626.leonardo.local] HYD_spawn (../../../../../src/pm/i_hydra/libhydra/spawn/intel/hydra_spawn.c:152): execvp error on file ./bin/regcmMPICLM45 (No such file or directory)
[proxy:0:6@lrdn4565.leonardo.local] HYD_spawn (../../../../../src/pm/i_hydra/libhydra/spawn/intel/hydra_spawn.c:152): execvp error on file ./bin/regcmMPICLM45 (No such file or directory)
[proxy:0:4@lrdn4469.leonardo.local] HYD_spawn (../../../../../src/pm/i_hydra/libhydra/spawn/intel/hydra_spawn.c:152): execvp error on file ./bin/regcmMPICLM45 (No such file or directory)
[proxy:0:2@lrdn4400.leonardo.local] HYD_spawn (../../../../../src/pm/i_hydra/libhydra/spawn/intel/hydra_spawn.c:152): execvp error on file ./bin/regcmMPICLM45 (No such file or directory)
[proxy:0:10@lrdn4648.leonardo.local] HYD_spawn (../../../../../src/pm/i_hydra/libhydra/spawn/intel/hydra_spawn.c:152): execvp error on file ./bin/regcmMPICLM45 (No such file or directory)
[proxy:0:9@lrdn4626.leonardo.local] HYD_spawn (../../../../../src/pm/i_hydra/libhydra/spawn/intel/hydra_spawn.c:152): execvp error on file ./bin/regcmMPICLM45 (No such file or directory)
[proxy:0:6@lrdn4565.leonardo.local] HYD_spawn (../../../../../src/pm/i_hydra/libhydra/spawn/intel/hydra_spawn.c:152): execvp error on file ./bin/regcmMPICLM45 (No such file or directory)
[proxy:0:4@lrdn4469.leonardo.local] HYD_spawn (../../../../../src/pm/i_hydra/libhydra/spawn/intel/hydra_spawn.c:152): execvp error on file ./bin/regcmMPICLM45 (No such file or directory)
[proxy:0:2@lrdn4400.leonardo.local] HYD_spawn (../../../../../src/pm/i_hydra/libhydra/spawn/intel/hydra_spawn.c:152): execvp error on file ./bin/regcmMPICLM45 (No such file or directory)
[proxy:0:10@lrdn4648.leonardo.local] HYD_spawn (../../../../../src/pm/i_hydra/libhydra/spawn/intel/hydra_spawn.c:152): execvp error on file ./bin/regcmMPICLM45 (No such file or directory)
[proxy:0:9@lrdn4626.leonardo.local] HYD_spawn (../../../../../src/pm/i_hydra/libhydra/spawn/intel/hydra_spawn.c:152): execvp error on file ./bin/regcmMPICLM45 (No such file or directory)
[proxy:0:6@lrdn4565.leonardo.local] HYD_spawn (../../../../../src/pm/i_hydra/libhydra/spawn/intel/hydra_spawn.c:152): execvp error on file ./bin/regcmMPICLM45 (No such file or directory)
[proxy:0:4@lrdn4469.leonardo.local] HYD_spawn (../../../../../src/pm/i_hydra/libhydra/spawn/intel/hydra_spawn.c:152): execvp error on file ./bin/regcmMPICLM45 (No such file or directory)
[proxy:0:2@lrdn4400.leonardo.local] HYD_spawn (../../../../../src/pm/i_hydra/libhydra/spawn/intel/hydra_spawn.c:152): execvp error on file ./bin/regcmMPICLM45 (No such file or directory)
[proxy:0:10@lrdn4648.leonardo.local] HYD_spawn (../../../../../src/pm/i_hydra/libhydra/spawn/intel/hydra_spawn.c:152): execvp error on file ./bin/regcmMPICLM45 (No such file or directory)
[proxy:0:9@lrdn4626.leonardo.local] HYD_spawn (../../../../../src/pm/i_hydra/libhydra/spawn/intel/hydra_spawn.c:152): execvp error on file ./bin/regcmMPICLM45 (No such file or directory)
[proxy:0:6@lrdn4565.leonardo.local] HYD_spawn (../../../../../src/pm/i_hydra/libhydra/spawn/intel/hydra_spawn.c:152): execvp error on file ./bin/regcmMPICLM45 (No such file or directory)
[proxy:0:4@lrdn4469.leonardo.local] HYD_spawn (../../../../../src/pm/i_hydra/libhydra/spawn/intel/hydra_spawn.c:152): execvp error on file ./bin/regcmMPICLM45 (No such file or directory)
[proxy:0:2@lrdn4400.leonardo.local] HYD_spawn (../../../../../src/pm/i_hydra/libhydra/spawn/intel/hydra_spawn.c:152): execvp error on file ./bin/regcmMPICLM45 (No such file or directory)
[proxy:0:10@lrdn4648.leonardo.local] HYD_spawn (../../../../../src/pm/i_hydra/libhydra/spawn/intel/hydra_spawn.c:152): execvp error on file ./bin/regcmMPICLM45 (No such file or directory)
[proxy:0:9@lrdn4626.leonardo.local] HYD_spawn (../../../../../src/pm/i_hydra/libhydra/spawn/intel/hydra_spawn.c:152): execvp error on file ./bin/regcmMPICLM45 (No such file or directory)
[proxy:0:6@lrdn4565.leonardo.local] HYD_spawn (../../../../../src/pm/i_hydra/libhydra/spawn/intel/hydra_spawn.c:152): execvp error on file ./bin/regcmMPICLM45 (No such file or directory)
[proxy:0:4@lrdn4469.leonardo.local] HYD_spawn (../../../../../src/pm/i_hydra/libhydra/spawn/intel/hydra_spawn.c:152): execvp error on file ./bin/regcmMPICLM45 (No such file or directory)
[proxy:0:2@lrdn4400.leonardo.local] HYD_spawn (../../../../../src/pm/i_hydra/libhydra/spawn/intel/hydra_spawn.c:152): execvp error on file ./bin/regcmMPICLM45 (No such file or directory)
[proxy:0:10@lrdn4648.leonardo.local] HYD_spawn (../../../../../src/pm/i_hydra/libhydra/spawn/intel/hydra_spawn.c:152): execvp error on file ./bin/regcmMPICLM45 (No such file or directory)
[proxy:0:9@lrdn4626.leonardo.local] HYD_spawn (../../../../../src/pm/i_hydra/libhydra/spawn/intel/hydra_spawn.c:152): execvp error on file ./bin/regcmMPICLM45 (No such file or directory)
[proxy:0:6@lrdn4565.leonardo.local] HYD_spawn (../../../../../src/pm/i_hydra/libhydra/spawn/intel/hydra_spawn.c:152): execvp error on file ./bin/regcmMPICLM45 (No such file or directory)
[proxy:0:4@lrdn4469.leonardo.local] HYD_spawn (../../../../../src/pm/i_hydra/libhydra/spawn/intel/hydra_spawn.c:152): execvp error on file ./bin/regcmMPICLM45 (No such file or directory)
[proxy:0:2@lrdn4400.leonardo.local] HYD_spawn (../../../../../src/pm/i_hydra/libhydra/spawn/intel/hydra_spawn.c:152): execvp error on file ./bin/regcmMPICLM45 (No such file or directory)
[mpiexec@lrdn4092.leonardo.local] cmd_bcast_root (../../../../../src/pm/i_hydra/mpiexec/mpiexec.c:196): assert (!closed) failed
[mpiexec@lrdn4092.leonardo.local] send_signal_downstream (../../../../../src/pm/i_hydra/mpiexec/intel/i_mpiexec.c:584): unable to send response downstream
[mpiexec@lrdn4092.leonardo.local] control_cb (../../../../../src/pm/i_hydra/mpiexec/mpiexec.c:1757): unable to send signal to downstreams
[mpiexec@lrdn4092.leonardo.local] HYDI_dmx_poll_wait_for_event (../../../../../src/pm/i_hydra/libhydra/demux/hydra_demux_poll.c:80): callback returned error status
[mpiexec@lrdn4092.leonardo.local] main (../../../../../src/pm/i_hydra/mpiexec/mpiexec.c:2196): error waiting for event
ERROR: Simulation ended abruptly!!!
