[lrdn4825:325768:0:325768] ib_mlx5_log.c:177  Transport retry count exceeded on mlx5_0:1/IB (synd 0x15 vend 0x81 hw_synd 0/0)
[lrdn4825:325768:0:325768] ib_mlx5_log.c:177  DCI QP 0x221d wqe[21867]: RDMA_READ s-- [rqpn 0x1303f rlid 12180] [rva 0x7f20037d3480 rkey 0x65614] [va 0x7f10001c56c0 len 3904 lkey 0x2ab4f9] 
forrtl: error (76): Abort trap signal
Image              PC                Routine            Line        Source             
libpthread-2.28.s  00001476E7F49CF0  Unknown               Unknown  Unknown
libc-2.28.so       00001476E7772AFF  gsignal               Unknown  Unknown
libc-2.28.so       00001476E7745EA5  abort                 Unknown  Unknown
libucs.so.0.0.0    00001472A2FA5D46  Unknown               Unknown  Unknown
libucs.so.0.0.0    00001472A2FAA6A4  ucs_log_default_h     Unknown  Unknown
libucs.so.0.0.0    00001472A2FAA9C4  ucs_log_dispatch      Unknown  Unknown
libuct_ib.so.0.0.  00001472A2B044FA  uct_ib_mlx5_compl     Unknown  Unknown
libuct_ib.so.0.0.  00001472A2B2D68B  uct_dc_mlx5_ep_ha     Unknown  Unknown
libuct_ib.so.0.0.  00001472A2B05F9D  uct_ib_mlx5_check     Unknown  Unknown
libuct_ib.so.0.0.  00001472A2B2FC32  Unknown               Unknown  Unknown
libucp.so.0.0.0    00001472A345681A  ucp_worker_progre     Unknown  Unknown
libmlx-fi.so       00001472A36DFDF1  Unknown               Unknown  Unknown
libmlx-fi.so       00001472A36F8EAD  Unknown               Unknown  Unknown
libmlx-fi.so       00001472A36F839B  Unknown               Unknown  Unknown
libmpi.so.12.0.0   00001476E8CB3E40  Unknown               Unknown  Unknown
libmpi.so.12.0.0   00001476E8858715  Unknown               Unknown  Unknown
libmpi.so.12.0.0   00001476E8DDD149  Unknown               Unknown  Unknown
libmpi.so.12.0.0   00001476E8A032FE  Unknown               Unknown  Unknown
libmpi.so.12.0.0   00001476E8D5CC17  Unknown               Unknown  Unknown
libmpi.so.12.0.0   00001476E87A59DA  Unknown               Unknown  Unknown
libmpi.so.12.0.0   00001476E8775453  Unknown               Unknown  Unknown
libmpi.so.12.0.0   00001476E88CFFD5  Unknown               Unknown  Unknown
libmpi.so.12.0.0   00001476E871D935  MPI_Scatterv          Unknown  Unknown
libmpifort.so.12.  00001476EA11CBB0  PMPI_SCATTERV         Unknown  Unknown
regcmMPICLM45      0000000000EFE367  Unknown               Unknown  Unknown
regcmMPICLM45      0000000000F2CF78  Unknown               Unknown  Unknown
regcmMPICLM45      0000000000433021  Unknown               Unknown  Unknown
regcmMPICLM45      00000000007BCA3D  Unknown               Unknown  Unknown
regcmMPICLM45      00000000007EC1AE  Unknown               Unknown  Unknown
regcmMPICLM45      000000000041534D  Unknown               Unknown  Unknown
libc-2.28.so       00001476E775ED85  __libc_start_main     Unknown  Unknown
regcmMPICLM45      000000000041526E  Unknown               Unknown  Unknown
ERROR: Simulation ended abruptly!!!
Unknown ERROR Detected at 2005-09-28 07!
