 No such file or directory                                                      
  
 No such file or directory                                                      
  
 No such file or directory                                                      
 No such file or directory                                                      
 No such file or directory                                                      
 No such file or directory                                                      
 No such file or directory                                                      
 No such file or directory                                                      
 No such file or directory                                                      
 No such file or directory                                                      
  
 No such file or directory                                                      
 No such file or directory                                                      
 No such file or directory                                                      
 No such file or directory                                                      
 No such file or directory                                                      
 No such file or directory                                                      
 No such file or directory                                                      
 No such file or directory                                                      
 No such file or directory                                                      
 No such file or directory                                                      
 No such file or directory                                                      
 No such file or directory                                                      
 No such file or directory                                                      
 No such file or directory                                                      
 No such file or directory                                                      
 No such file or directory                                                      
  
 No such file or directory                                                      
 No such file or directory                                                      
 No such file or directory                                                      
 No such file or directory                                                      
 No such file or directory                                                      
 No such file or directory                                                      
 No such file or directory                                                      
 No such file or directory                                                      
  
 No such file or directory                                                      
 No such file or directory                                                      
 No such file or directory                                                      
 No such file or directory                                                      
 No such file or directory                                                      
 No such file or directory                                                      
 No such file or directory                                                      
 No such file or directory                                                      
  
  
 No such file or directory                                                      
  
 No such file or directory                                                      
 No such file or directory                                                      
  
  
 No such file or directory                                                      
  
  
 No such file or directory                                                      
  
 No such file or directory                                                      
 No such file or directory                                                      
  
  
 No such file or directory                                                      
  
 No such file or directory                                                      
  
 No such file or directory                                                      
 No such file or directory                                                      
  
 No such file or directory                                                      
 No such file or directory                                                      
 No such file or directory                                                      
  
 No such file or directory                                                      
  
 No such file or directory                                                      
  
  
 No such file or directory                                                      
 No such file or directory                                                      
  
 No such file or directory                                                      
 No such file or directory                                                      
 No such file or directory                                                      
  
 No such file or directory                                                      
  
 No such file or directory                                                      
  
 Abort called by computing node          298 at 2024-08-24 12:15:28.901 +0200
 Execution terminated because of runtime error
 No such file or directory                                                      
 No such file or directory                                                      
  
 No such file or directory                                                      
 No such file or directory                                                      
 Abort called by computing node           55 at 2024-08-24 12:15:28.901 +0200
 Execution terminated because of runtime error
 Abort called by computing node          214 at 2024-08-24 12:15:28.897 +0200
 Execution terminated because of runtime error
 No such file or directory                                                      
  
 Abort called by computing node          300 at 2024-08-24 12:15:28.901 +0200
 Execution terminated because of runtime error
 No such file or directory                                                      
 No such file or directory                                                      
  
 No such file or directory                                                      
 No such file or directory                                                      
 Abort called by computing node           93 at 2024-08-24 12:15:28.901 +0200
 Execution terminated because of runtime error
 Abort called by computing node          237 at 2024-08-24 12:15:28.897 +0200
 Execution terminated because of runtime error
 No such file or directory                                                      
  
Abort(1) on node 298 (rank 298 in comm 496): application called MPI_Abort(comm=0x84000002, 1) - process 298
 No such file or directory                                                      
 Abort called by computing node          243 at 2024-08-24 12:15:28.899 +0200
 Execution terminated because of runtime error
 No such file or directory                                                      
 No such file or directory                                                      
Abort(1) on node 55 (rank 55 in comm 496): application called MPI_Abort(comm=0x84000002, 1) - process 55
 No such file or directory                                                      
  
 No such file or directory                                                      
  
Abort(1) on node 300 (rank 300 in comm 496): application called MPI_Abort(comm=0x84000002, 1) - process 300
 No such file or directory                                                      
 Abort called by computing node          283 at 2024-08-24 12:15:28.899 +0200
 Execution terminated because of runtime error
 No such file or directory                                                      
 No such file or directory                                                      
Abort(1) on node 93 (rank 93 in comm 496): application called MPI_Abort(comm=0x84000002, 1) - process 93
 Abort called by computing node          201 at 2024-08-24 12:15:28.898 +0200
 Execution terminated because of runtime error
 No such file or directory                                                      
  
 No such file or directory                                                      
  
 Abort called by computing node          307 at 2024-08-24 12:15:28.902 +0200
 Execution terminated because of runtime error
Abort(1) on node 307 (rank 307 in comm 496): application called MPI_Abort(comm=0x84000002, 1) - process 307
 No such file or directory                                                      
 No such file or directory                                                      
  
 No such file or directory                                                      
 No such file or directory                                                      
 No such file or directory                                                      
  
 Abort called by computing node           71 at 2024-08-24 12:15:28.902 +0200
 Execution terminated because of runtime error
Abort(1) on node 71 (rank 71 in comm 496): application called MPI_Abort(comm=0x84000002, 1) - process 71
 No such file or directory                                                      
  
 Abort called by computing node          194 at 2024-08-24 12:15:28.899 +0200
 Execution terminated because of runtime error
 No such file or directory                                                      
  
 No such file or directory                                                      
  
 Abort called by computing node          309 at 2024-08-24 12:15:28.902 +0200
 Execution terminated because of runtime error
Abort(1) on node 309 (rank 309 in comm 496): application called MPI_Abort(comm=0x84000002, 1) - process 309
 No such file or directory                                                      
 Abort called by computing node          276 at 2024-08-24 12:15:28.900 +0200
 Execution terminated because of runtime error
 No such file or directory                                                      
 No such file or directory                                                      
 No such file or directory                                                      
  
 Abort called by computing node           76 at 2024-08-24 12:15:28.902 +0200
 Execution terminated because of runtime error
Abort(1) on node 76 (rank 76 in comm 496): application called MPI_Abort(comm=0x84000002, 1) - process 76
 No such file or directory                                                      
 No such file or directory                                                      
  
 No such file or directory                                                      
  
 Abort called by computing node          328 at 2024-08-24 12:15:28.902 +0200
 Execution terminated because of runtime error
Abort(1) on node 328 (rank 328 in comm 496): application called MPI_Abort(comm=0x84000002, 1) - process 328
 No such file or directory                                                      
 No such file or directory                                                      
  
 No such file or directory                                                      
 No such file or directory                                                      
 No such file or directory                                                      
  
 Abort called by computing node           82 at 2024-08-24 12:15:28.902 +0200
 Execution terminated because of runtime error
Abort(1) on node 82 (rank 82 in comm 496): application called MPI_Abort(comm=0x84000002, 1) - process 82
  
 Abort called by computing node          202 at 2024-08-24 12:15:28.899 +0200
 Execution terminated because of runtime error
 No such file or directory                                                      
  
 No such file or directory                                                      
  
 Abort called by computing node          326 at 2024-08-24 12:15:28.903 +0200
 Execution terminated because of runtime error
Abort(1) on node 326 (rank 326 in comm 496): application called MPI_Abort(comm=0x84000002, 1) - process 326
 No such file or directory                                                      
 Abort called by computing node          250 at 2024-08-24 12:15:28.900 +0200
 Execution terminated because of runtime error
 No such file or directory                                                      
 No such file or directory                                                      
 No such file or directory                                                      
  
 Abort called by computing node           61 at 2024-08-24 12:15:28.903 +0200
 Execution terminated because of runtime error
  
 Abort called by computing node          216 at 2024-08-24 12:15:28.899 +0200
 Execution terminated because of runtime error
 No such file or directory                                                      
  
  
 No such file or directory                                                      
 No such file or directory                                                      
  
 No such file or directory                                                      
 No such file or directory                                                      
 No such file or directory                                                      
  
 Abort called by computing node           72 at 2024-08-24 12:15:28.903 +0200
 Execution terminated because of runtime error
Abort(1) on node 72 (rank 72 in comm 496): application called MPI_Abort(comm=0x84000002, 1) - process 72
 No such file or directory                                                      
  
 No such file or directory                                                      
  
 Abort called by computing node          305 at 2024-08-24 12:15:28.904 +0200
 Execution terminated because of runtime error
Abort(1) on node 305 (rank 305 in comm 496): application called MPI_Abort(comm=0x84000002, 1) - process 305
 No such file or directory                                                      
 Abort called by computing node          254 at 2024-08-24 12:15:28.901 +0200
 Execution terminated because of runtime error
 No such file or directory                                                      
 No such file or directory                                                      
Abort(1) on node 61 (rank 61 in comm 496): application called MPI_Abort(comm=0x84000002, 1) - process 61
 Abort called by computing node          196 at 2024-08-24 12:15:28.899 +0200
 Execution terminated because of runtime error
  
 No such file or directory                                                      
  
 No such file or directory                                                      
 No such file or directory                                                      
  
 No such file or directory                                                      
 No such file or directory                                                      
 No such file or directory                                                      
  
 No such file or directory                                                      
  
 No such file or directory                                                      
  
 No such file or directory                                                      
  
 No such file or directory                                                      
 No such file or directory                                                      
  
 No such file or directory                                                      
 No such file or directory                                                      
 No such file or directory                                                      
  
 Abort called by computing node          223 at 2024-08-24 12:15:28.900 +0200
 Execution terminated because of runtime error
 No such file or directory                                                      
  
 No such file or directory                                                      
  
 No such file or directory                                                      
 Abort called by computing node          262 at 2024-08-24 12:15:28.901 +0200
 Execution terminated because of runtime error
 No such file or directory                                                      
 No such file or directory                                                      
 Abort called by computing node           58 at 2024-08-24 12:15:28.904 +0200
 Execution terminated because of runtime error
Abort(1) on node 58 (rank 58 in comm 496): application called MPI_Abort(comm=0x84000002, 1) - process 58
 No such file or directory                                                      
 No such file or directory                                                      
  
 Abort called by computing node          325 at 2024-08-24 12:15:28.904 +0200
 Execution terminated because of runtime error
 No such file or directory                                                      
 Abort called by computing node          265 at 2024-08-24 12:15:28.901 +0200
 Execution terminated because of runtime error
 No such file or directory                                                      
 No such file or directory                                                      
 No such file or directory                                                      
  
 Abort called by computing node           70 at 2024-08-24 12:15:28.904 +0200
 Execution terminated because of runtime error
  
 Abort called by computing node          222 at 2024-08-24 12:15:28.900 +0200
 Execution terminated because of runtime error
 No such file or directory                                                      
  
 Abort called by computing node          290 at 2024-08-24 12:15:28.904 +0200
 Execution terminated because of runtime error
Abort(1) on node 290 (rank 290 in comm 496): application called MPI_Abort(comm=0x84000002, 1) - process 290
 No such file or directory                                                      
 No such file or directory                                                      
  
 No such file or directory                                                      
  
 Abort called by computing node           78 at 2024-08-24 12:15:28.904 +0200
 Execution terminated because of runtime error
Abort(1) on node 78 (rank 78 in comm 496): application called MPI_Abort(comm=0x84000002, 1) - process 78
  
 Abort called by computing node          226 at 2024-08-24 12:15:28.900 +0200
 Execution terminated because of runtime error
 No such file or directory                                                      
  
 Abort called by computing node          301 at 2024-08-24 12:15:28.904 +0200
 Execution terminated because of runtime error
Abort(1) on node 301 (rank 301 in comm 496): application called MPI_Abort(comm=0x84000002, 1) - process 301
 No such file or directory                                                      
 Abort called by computing node          270 at 2024-08-24 12:15:28.901 +0200
 Execution terminated because of runtime error
 No such file or directory                                                      
  
Abort(1) on node 70 (rank 70 in comm 496): application called MPI_Abort(comm=0x84000002, 1) - process 70
 No such file or directory                                                      
  
 No such file or directory                                                      
  
Abort(1) on node 325 (rank 325 in comm 496): application called MPI_Abort(comm=0x84000002, 1) - process 325
 No such file or directory                                                      
 No such file or directory                                                      
  
 No such file or directory                                                      
 No such file or directory                                                      
  
 No such file or directory                                                      
  
 Abort called by computing node          205 at 2024-08-24 12:15:28.900 +0200
 Execution terminated because of runtime error
 No such file or directory                                                      
  
 No such file or directory                                                      
  
 No such file or directory                                                      
 Abort called by computing node          253 at 2024-08-24 12:15:28.902 +0200
 Execution terminated because of runtime error
 No such file or directory                                                      
 No such file or directory                                                      
  
 Abort called by computing node           84 at 2024-08-24 12:15:28.904 +0200
 Execution terminated because of runtime error
Abort(1) on node 84 (rank 84 in comm 496): application called MPI_Abort(comm=0x84000002, 1) - process 84
 No such file or directory                                                      
  
 No such file or directory                                                      
  
 Abort called by computing node          304 at 2024-08-24 12:15:28.904 +0200
 Execution terminated because of runtime error
Abort(1) on node 304 (rank 304 in comm 496): application called MPI_Abort(comm=0x84000002, 1) - process 304
 No such file or directory                                                      
 No such file or directory                                                      
  
 Abort called by computing node          271 at 2024-08-24 12:15:28.902 +0200
 Execution terminated because of runtime error
 No such file or directory                                                      
 Abort called by computing node          129 at 2024-08-24 12:15:28.895 +0200
 Execution terminated because of runtime error
 No such file or directory                                                      
  
 Abort called by computing node           49 at 2024-08-24 12:15:28.905 +0200
 Execution terminated because of runtime error
 Abort called by computing node          209 at 2024-08-24 12:15:28.901 +0200
 Execution terminated because of runtime error
 No such file or directory                                                      
  
 No such file or directory                                                      
  
 No such file or directory                                                      
 No such file or directory                                                      
 No such file or directory                                                      
 Abort called by computing node          139 at 2024-08-24 12:15:28.895 +0200
 Execution terminated because of runtime error
 No such file or directory                                                      
  
 Abort called by computing node           75 at 2024-08-24 12:15:28.905 +0200
 Execution terminated because of runtime error
Abort(1) on node 75 (rank 75 in comm 496): application called MPI_Abort(comm=0x84000002, 1) - process 75
 No such file or directory                                                      
  
 No such file or directory                                                      
  
 Abort called by computing node          316 at 2024-08-24 12:15:28.904 +0200
 Execution terminated because of runtime error
Abort(1) on node 316 (rank 316 in comm 496): application called MPI_Abort(comm=0x84000002, 1) - process 316
 No such file or directory                                                      
  
 No such file or directory                                                      
  
 No such file or directory                                                      
  
 Abort called by computing node           94 at 2024-08-24 12:15:28.905 +0200
 Execution terminated because of runtime error
Abort(1) on node 94 (rank 94 in comm 496): application called MPI_Abort(comm=0x84000002, 1) - process 94
 Abort called by computing node          217 at 2024-08-24 12:15:28.901 +0200
 Execution terminated because of runtime error
 No such file or directory                                                      
  
 No such file or directory                                                      
  
 No such file or directory                                                      
  
 No such file or directory                                                      
 Abort called by computing node          115 at 2024-08-24 12:15:28.895 +0200
 Execution terminated because of runtime error
Abort(1) on node 49 (rank 49 in comm 496): application called MPI_Abort(comm=0x84000002, 1) - process 49
 No such file or directory                                                      
  
 No such file or directory                                                      
  
 Abort called by computing node          299 at 2024-08-24 12:15:28.905 +0200
 Execution terminated because of runtime error
Abort(1) on node 299 (rank 299 in comm 496): application called MPI_Abort(comm=0x84000002, 1) - process 299
 No such file or directory                                                      
 Abort called by computing node          245 at 2024-08-24 12:15:28.902 +0200
 Execution terminated because of runtime error
 No such file or directory                                                      
 No such file or directory                                                      
  
 Abort called by computing node          128 at 2024-08-24 12:15:28.896 +0200
 Execution terminated because of runtime error
 No such file or directory                                                      
 Abort called by computing node          200 at 2024-08-24 12:15:28.901 +0200
 Execution terminated because of runtime error
 No such file or directory                                                      
  
 Abort called by computing node          315 at 2024-08-24 12:15:28.901 +0200
 Execution terminated because of runtime error
Abort(1) on node 315 (rank 315 in comm 496): application called MPI_Abort(comm=0x84000002, 1) - process 315
 No such file or directory                                                      
 Abort called by computing node          256 at 2024-08-24 12:15:28.902 +0200
 Execution terminated because of runtime error
 No such file or directory                                                      
 No such file or directory                                                      
  
 Abort called by computing node          142 at 2024-08-24 12:15:28.896 +0200
 Execution terminated because of runtime error
  
 No such file or directory                                                      
  
 No such file or directory                                                      
  
 No such file or directory                                                      
  
 No such file or directory                                                      
 No such file or directory                                                      
  
 No such file or directory                                                      
 No such file or directory                                                      
 Abort called by computing node           48 at 2024-08-24 12:15:28.901 +0200
 Execution terminated because of runtime error
Abort(1) on node 48 (rank 48 in comm 496): application called MPI_Abort(comm=0x84000003, 1) - process 48
 Abort called by computing node          230 at 2024-08-24 12:15:28.902 +0200
 Execution terminated because of runtime error
 No such file or directory                                                      
  
 Abort called by computing node          334 at 2024-08-24 12:15:28.905 +0200
 Execution terminated because of runtime error
Abort(1) on node 334 (rank 334 in comm 496): application called MPI_Abort(comm=0x84000002, 1) - process 334
 No such file or directory                                                      
 Abort called by computing node          251 at 2024-08-24 12:15:28.903 +0200
 Execution terminated because of runtime error
 No such file or directory                                                      
  
 Abort called by computing node           77 at 2024-08-24 12:15:28.905 +0200
 Execution terminated because of runtime error
Abort(1) on node 77 (rank 77 in comm 496): application called MPI_Abort(comm=0x84000002, 1) - process 77
 No such file or directory                                                      
  
 No such file or directory                                                      
  
 No such file or directory                                                      
  
 No such file or directory                                                      
 No such file or directory                                                      
  
 Abort called by computing node          257 at 2024-08-24 12:15:28.903 +0200
 Execution terminated because of runtime error
 No such file or directory                                                      
  
 No such file or directory                                                      
  
 Abort called by computing node           92 at 2024-08-24 12:15:28.906 +0200
 Execution terminated because of runtime error
Abort(1) on node 92 (rank 92 in comm 496): application called MPI_Abort(comm=0x84000002, 1) - process 92
 Abort called by computing node          219 at 2024-08-24 12:15:28.902 +0200
 Execution terminated because of runtime error
 No such file or directory                                                      
  
 No such file or directory                                                      
  
  
 No such file or directory                                                      
  
 Abort called by computing node          287 at 2024-08-24 12:15:28.903 +0200
 Execution terminated because of runtime error
 No such file or directory                                                      
 Abort called by computing node          112 at 2024-08-24 12:15:28.897 +0200
 Execution terminated because of runtime error
 No such file or directory                                                      
 No such file or directory                                                      
  
 No such file or directory                                                      
  
 No such file or directory                                                      
  
  
 No such file or directory                                                      
  
 Abort called by computing node          273 at 2024-08-24 12:15:28.903 +0200
 Execution terminated because of runtime error
 No such file or directory                                                      
  
 Abort called by computing node          117 at 2024-08-24 12:15:28.897 +0200
 Execution terminated because of runtime error
 No such file or directory                                                      
 Abort called by computing node          207 at 2024-08-24 12:15:28.902 +0200
 Execution terminated because of runtime error
 No such file or directory                                                      
  
 Abort called by computing node          291 at 2024-08-24 12:15:28.906 +0200
 Execution terminated because of runtime error
  
 No such file or directory                                                      
  
 No such file or directory                                                      
 Abort called by computing node          130 at 2024-08-24 12:15:28.897 +0200
 Execution terminated because of runtime error
  
 No such file or directory                                                      
  
 No such file or directory                                                      
  
 Abort called by computing node          314 at 2024-08-24 12:15:28.906 +0200
 Execution terminated because of runtime error
  
 Abort called by computing node          281 at 2024-08-24 12:15:28.904 +0200
 Execution terminated because of runtime error
 No such file or directory                                                      
  
 Abort called by computing node          133 at 2024-08-24 12:15:28.897 +0200
 Execution terminated because of runtime error
  
 Abort called by computing node           89 at 2024-08-24 12:15:28.906 +0200
 Execution terminated because of runtime error
 Abort called by computing node          193 at 2024-08-24 12:15:28.903 +0200
 Execution terminated because of runtime error
 No such file or directory                                                      
  
 Abort called by computing node          318 at 2024-08-24 12:15:28.906 +0200
 Execution terminated because of runtime error
  
 No such file or directory                                                      
  
 No such file or directory                                                      
  
 Abort called by computing node           62 at 2024-08-24 12:15:28.906 +0200
 Execution terminated because of runtime error
Abort(1) on node 62 (rank 62 in comm 496): application called MPI_Abort(comm=0x84000002, 1) - process 62
 No such file or directory                                                      
  
 No such file or directory                                                      
  
Abort(1) on node 291 (rank 291 in comm 496): application called MPI_Abort(comm=0x84000002, 1) - process 291
 No such file or directory                                                      
  
 Abort called by computing node          252 at 2024-08-24 12:15:28.904 +0200
 Execution terminated because of runtime error
 No such file or directory                                                      
 Abort called by computing node           98 at 2024-08-24 12:15:28.898 +0200
 Execution terminated because of runtime error
  
 Abort called by computing node           65 at 2024-08-24 12:15:28.906 +0200
 Execution terminated because of runtime error
Abort(1) on node 65 (rank 65 in comm 496): application called MPI_Abort(comm=0x84000002, 1) - process 65
 No such file or directory                                                      
  
 No such file or directory                                                      
  
Abort(1) on node 314 (rank 314 in comm 496): application called MPI_Abort(comm=0x84000002, 1) - process 314
 Abort called by computing node          145 at 2024-08-24 12:15:28.896 +0200
 Execution terminated because of runtime error
 No such file or directory                                                      
  
 No such file or directory                                                      
 No such file or directory                                                      
Abort(1) on node 89 (rank 89 in comm 496): application called MPI_Abort(comm=0x84000002, 1) - process 89
 Abort called by computing node          225 at 2024-08-24 12:15:28.903 +0200
 Execution terminated because of runtime error
 No such file or directory                                                      
  
Abort(1) on node 318 (rank 318 in comm 496): application called MPI_Abort(comm=0x84000002, 1) - process 318
 Abort called by computing node          146 at 2024-08-24 12:15:28.896 +0200
 Execution terminated because of runtime error
 Abort called by computing node          267 at 2024-08-24 12:15:28.904 +0200
 Execution terminated because of runtime error
 No such file or directory                                                      
  
 No such file or directory                                                      
  
 Abort called by computing node          228 at 2024-08-24 12:15:28.903 +0200
 Execution terminated because of runtime error
 No such file or directory                                                      
  
 No such file or directory                                                      
  
  
 No such file or directory                                                      
  
 No such file or directory                                                      
 Abort called by computing node          125 at 2024-08-24 12:15:28.898 +0200
 Execution terminated because of runtime error
 Abort called by computing node           52 at 2024-08-24 12:15:28.907 +0200
 Execution terminated because of runtime error
Abort(1) on node 52 (rank 52 in comm 496): application called MPI_Abort(comm=0x84000002, 1) - process 52
 Abort called by computing node          233 at 2024-08-24 12:15:28.897 +0200
 Execution terminated because of runtime error
 No such file or directory                                                      
  
 Abort called by computing node          288 at 2024-08-24 12:15:28.906 +0200
 Execution terminated because of runtime error
Abort(1) on node 288 (rank 288 in comm 496): application called MPI_Abort(comm=0x84000003, 1) - process 288
 Abort called by computing node          170 at 2024-08-24 12:15:28.897 +0200
 Execution terminated because of runtime error
 No such file or directory                                                      
  
 No such file or directory                                                      
 No such file or directory                                                      
 No such file or directory                                                      
  
 No such file or directory                                                      
  
 No such file or directory                                                      
  
 No such file or directory                                                      
  
  
 Abort called by computing node          169 at 2024-08-24 12:15:28.897 +0200
 Execution terminated because of runtime error
 Abort called by computing node          272 at 2024-08-24 12:15:28.905 +0200
 Execution terminated because of runtime error
 No such file or directory                                                      
 No such file or directory                                                      
 No such file or directory                                                      
  
 Abort called by computing node          195 at 2024-08-24 12:15:28.903 +0200
 Execution terminated because of runtime error
 Abort called by computing node           23 at 2024-08-24 12:15:28.854 +0200
 Execution terminated because of runtime error
 Abort called by computing node          323 at 2024-08-24 12:15:28.906 +0200
 Execution terminated because of runtime error
Abort(1) on node 323 (rank 323 in comm 496): application called MPI_Abort(comm=0x84000002, 1) - process 323
  
 Abort called by computing node          242 at 2024-08-24 12:15:28.899 +0200
 Execution terminated because of runtime error
 No such file or directory                                                      
  
 Abort called by computing node           57 at 2024-08-24 12:15:28.907 +0200
 Execution terminated because of runtime error
 No such file or directory                                                      
  
 Abort called by computing node           21 at 2024-08-24 12:15:28.855 +0200
 Execution terminated because of runtime error
 No such file or directory                                                      
  
 Abort called by computing node          152 at 2024-08-24 12:15:28.898 +0200
 Execution terminated because of runtime error
 Abort called by computing node          244 at 2024-08-24 12:15:28.905 +0200
 Execution terminated because of runtime error
  
  
 Abort called by computing node           91 at 2024-08-24 12:15:28.907 +0200
 Execution terminated because of runtime error
Abort(1) on node 91 (rank 91 in comm 496): application called MPI_Abort(comm=0x84000002, 1) - process 91
 Abort called by computing node          192 at 2024-08-24 12:15:28.903 +0200
 Execution terminated because of runtime error
 Abort called by computing node           17 at 2024-08-24 12:15:28.855 +0200
 Execution terminated because of runtime error
 No such file or directory                                                      
  
  
 No such file or directory                                                      
  
 Abort called by computing node           97 at 2024-08-24 12:15:28.899 +0200
 Execution terminated because of runtime error
Abort(1) on node 57 (rank 57 in comm 496): application called MPI_Abort(comm=0x84000002, 1) - process 57
 Abort called by computing node          218 at 2024-08-24 12:15:28.897 +0200
 Execution terminated because of runtime error
 Abort called by computing node           10 at 2024-08-24 12:15:28.856 +0200
 Execution terminated because of runtime error
 Abort called by computing node          329 at 2024-08-24 12:15:28.906 +0200
 Execution terminated because of runtime error
Abort(1) on node 329 (rank 329 in comm 496): application called MPI_Abort(comm=0x84000002, 1) - process 329
 Abort called by computing node          172 at 2024-08-24 12:15:28.898 +0200
 Execution terminated because of runtime error
  
  
  
 Abort called by computing node          100 at 2024-08-24 12:15:28.899 +0200
 Execution terminated because of runtime error
 No such file or directory                                                      
  
 No such file or directory                                                      
  
 Abort called by computing node            4 at 2024-08-24 12:15:28.856 +0200
 Execution terminated because of runtime error
 Abort called by computing node          293 at 2024-08-24 12:15:28.906 +0200
 Execution terminated because of runtime error
Abort(1) on node 293 (rank 293 in comm 496): application called MPI_Abort(comm=0x84000002, 1) - process 293
  
  
  
 Abort called by computing node          109 at 2024-08-24 12:15:28.899 +0200
 Execution terminated because of runtime error
 Abort called by computing node           59 at 2024-08-24 12:15:28.907 +0200
 Execution terminated because of runtime error
 Abort called by computing node          231 at 2024-08-24 12:15:28.904 +0200
 Execution terminated because of runtime error
 Abort called by computing node           18 at 2024-08-24 12:15:28.857 +0200
 Execution terminated because of runtime error
 No such file or directory                                                      
  
 Abort called by computing node          175 at 2024-08-24 12:15:28.898 +0200
 Execution terminated because of runtime error
 Abort called by computing node          259 at 2024-08-24 12:15:28.905 +0200
 Execution terminated because of runtime error
  
 No such file or directory                                                      
  
Abort(1) on node 59 (rank 59 in comm 496): application called MPI_Abort(comm=0x84000002, 1) - process 59
 No such file or directory                                                      
 Abort called by computing node           39 at 2024-08-24 12:15:28.857 +0200
 Execution terminated because of runtime error
 Abort called by computing node          319 at 2024-08-24 12:15:28.907 +0200
 Execution terminated because of runtime error
Abort(1) on node 319 (rank 319 in comm 496): application called MPI_Abort(comm=0x84000002, 1) - process 319
  
 Abort called by computing node          263 at 2024-08-24 12:15:28.905 +0200
 Execution terminated because of runtime error
  
 Abort called by computing node          106 at 2024-08-24 12:15:28.899 +0200
 Execution terminated because of runtime error
 No such file or directory                                                      
  
  
 Abort called by computing node           27 at 2024-08-24 12:15:28.857 +0200
 Execution terminated because of runtime error
 No such file or directory                                                      
  
  
 Abort called by computing node          179 at 2024-08-24 12:15:28.899 +0200
 Abort called by computing node          274 at 2024-08-24 12:15:28.905 +0200
 Execution terminated because of runtime error
  
 Abort called by computing node          118 at 2024-08-24 12:15:28.894 +0200
 Execution terminated because of runtime error
 No such file or directory                                                      
  
  
 Abort called by computing node           40 at 2024-08-24 12:15:28.858 +0200
 Execution terminated because of runtime error
 No such file or directory                                                      
  
 Abort called by computing node          158 at 2024-08-24 12:15:28.899 +0200
 Execution terminated because of runtime error
 No such file or directory                                                      
  
  
 No such file or directory                                                      
 Abort called by computing node           80 at 2024-08-24 12:15:28.908 +0200
 Execution terminated because of runtime error
Abort(1) on node 80 (rank 80 in comm 496): application called MPI_Abort(comm=0x84000002, 1) - process 80
 Abort called by computing node          236 at 2024-08-24 12:15:28.904 +0200
 Execution terminated because of runtime error
 Abort called by computing node           34 at 2024-08-24 12:15:28.858 +0200
 Execution terminated because of runtime error
 Abort called by computing node          295 at 2024-08-24 12:15:28.907 +0200
 Execution terminated because of runtime error
Abort(1) on node 295 (rank 295 in comm 496): application called MPI_Abort(comm=0x84000002, 1) - process 295
 Execution terminated because of runtime error
 Abort called by computing node          255 at 2024-08-24 12:15:28.906 +0200
 Execution terminated because of runtime error
  
 No such file or directory                                                      
 Abort called by computing node           88 at 2024-08-24 12:15:28.908 +0200
 Execution terminated because of runtime error
Abort(1) on node 88 (rank 88 in comm 496): application called MPI_Abort(comm=0x84000002, 1) - process 88
 Abort called by computing node          208 at 2024-08-24 12:15:28.904 +0200
 Execution terminated because of runtime error
 Abort called by computing node           19 at 2024-08-24 12:15:28.858 +0200
 Execution terminated because of runtime error
 Abort called by computing node          311 at 2024-08-24 12:15:28.907 +0200
 Execution terminated because of runtime error
Abort(1) on node 311 (rank 311 in comm 496): application called MPI_Abort(comm=0x84000002, 1) - process 311
  
 No such file or directory                                                      
  
  
  
 Abort called by computing node          104 at 2024-08-24 12:15:28.900 +0200
 Execution terminated because of runtime error
 No such file or directory                                                      
  
 No such file or directory                                                      
  
 Abort called by computing node           29 at 2024-08-24 12:15:28.859 +0200
 Execution terminated because of runtime error
 No such file or directory                                                      
  
 Abort called by computing node          168 at 2024-08-24 12:15:28.899 +0200
 Execution terminated because of runtime error
 Abort called by computing node          269 at 2024-08-24 12:15:28.906 +0200
 Execution terminated because of runtime error
  
  
 Abort called by computing node          110 at 2024-08-24 12:15:28.900 +0200
 Execution terminated because of runtime error
 Abort called by computing node           74 at 2024-08-24 12:15:28.908 +0200
 Execution terminated because of runtime error
Abort(1) on node 74 (rank 74 in comm 496): application called MPI_Abort(comm=0x84000002, 1) - process 74
 Abort called by computing node          212 at 2024-08-24 12:15:28.904 +0200
 Execution terminated because of runtime error
 Abort called by computing node           26 at 2024-08-24 12:15:28.859 +0200
 Execution terminated because of runtime error
 Abort called by computing node          320 at 2024-08-24 12:15:28.907 +0200
 Execution terminated because of runtime error
Abort(1) on node 320 (rank 320 in comm 496): application called MPI_Abort(comm=0x84000002, 1) - process 320
 No such file or directory                                                      
  
 No such file or directory                                                      
  
 Abort called by computing node          247 at 2024-08-24 12:15:28.906 +0200
 Execution terminated because of runtime error
  
  
 Abort called by computing node          134 at 2024-08-24 12:15:28.900 +0200
 Execution terminated because of runtime error
 No such file or directory                                                      
 No such file or directory                                                      
  
 Abort called by computing node           45 at 2024-08-24 12:15:28.859 +0200
 Execution terminated because of runtime error
 No such file or directory                                                      
  
 Abort called by computing node          189 at 2024-08-24 12:15:28.899 +0200
 Execution terminated because of runtime error
 No such file or directory                                                      
  
 Abort called by computing node          275 at 2024-08-24 12:15:28.906 +0200
 Execution terminated because of runtime error
  
  
 No such file or directory                                                      
 No such file or directory                                                      
  
 Abort called by computing node           38 at 2024-08-24 12:15:28.859 +0200
 Execution terminated because of runtime error
 Abort called by computing node          297 at 2024-08-24 12:15:28.908 +0200
 Execution terminated because of runtime error
Abort(1) on node 297 (rank 297 in comm 496): application called MPI_Abort(comm=0x84000002, 1) - process 297
 No such file or directory                                                      
  
 No such file or directory                                                      
  
 Abort called by computing node          138 at 2024-08-24 12:15:28.900 +0200
 Execution terminated because of runtime error
 No such file or directory                                                      
 No such file or directory                                                      
  
 Abort called by computing node           33 at 2024-08-24 12:15:28.859 +0200
 Execution terminated because of runtime error
 No such file or directory                                                      
  
 Abort called by computing node          147 at 2024-08-24 12:15:28.900 +0200
 Execution terminated because of runtime error
  
 Abort called by computing node          266 at 2024-08-24 12:15:28.907 +0200
 Execution terminated because of runtime error
  
 No such file or directory                                                      
  
 Abort called by computing node          206 at 2024-08-24 12:15:28.905 +0200
 Execution terminated because of runtime error
 Abort called by computing node           20 at 2024-08-24 12:15:28.860 +0200
 Execution terminated because of runtime error
 No such file or directory                                                      
  
 Abort called by computing node          313 at 2024-08-24 12:15:28.908 +0200
 Execution terminated because of runtime error
 Abort called by computing node          185 at 2024-08-24 12:15:28.900 +0200
 Execution terminated because of runtime error
  
 Abort called by computing node          279 at 2024-08-24 12:15:28.907 +0200
 Execution terminated because of runtime error
  
 No such file or directory                                                      
  
 No such file or directory                                                      
  
 Abort called by computing node          229 at 2024-08-24 12:15:28.905 +0200
 Execution terminated because of runtime error
 Abort called by computing node           43 at 2024-08-24 12:15:28.860 +0200
 Execution terminated because of runtime error
 Abort called by computing node          308 at 2024-08-24 12:15:28.908 +0200
 Execution terminated because of runtime error
Abort(1) on node 308 (rank 308 in comm 496): application called MPI_Abort(comm=0x84000002, 1) - process 308
  
 No such file or directory                                                      
  
  
  
  
 Abort called by computing node          239 at 2024-08-24 12:15:28.905 +0200
 Execution terminated because of runtime error
 Abort called by computing node            8 at 2024-08-24 12:15:28.860 +0200
 Execution terminated because of runtime error
Abort(1) on node 313 (rank 313 in comm 496): application called MPI_Abort(comm=0x84000002, 1) - process 313
 Abort called by computing node          144 at 2024-08-24 12:15:28.900 +0200
 Execution terminated because of runtime error
 Abort called by computing node          241 at 2024-08-24 12:15:28.907 +0200
 Execution terminated because of runtime error
  
  
  
 Abort called by computing node           51 at 2024-08-24 12:15:28.908 +0200
 Execution terminated because of runtime error
Abort(1) on node 51 (rank 51 in comm 496): application called MPI_Abort(comm=0x84000002, 1) - process 51
 Abort called by computing node          221 at 2024-08-24 12:15:28.905 +0200
 Execution terminated because of runtime error
 Abort called by computing node           31 at 2024-08-24 12:15:28.860 +0200
 Execution terminated because of runtime error
 No such file or directory                                                      
  
  
 No such file or directory                                                      
  
  
 Abort called by computing node          108 at 2024-08-24 12:15:28.900 +0200
 Execution terminated because of runtime error
 Abort called by computing node           54 at 2024-08-24 12:15:28.908 +0200
 Execution terminated because of runtime error
Abort(1) on node 54 (rank 54 in comm 496): application called MPI_Abort(comm=0x84000002, 1) - process 54
 No such file or directory                                                      
  
 Abort called by computing node           14 at 2024-08-24 12:15:28.861 +0200
 Execution terminated because of runtime error
 Abort called by computing node          303 at 2024-08-24 12:15:28.908 +0200
 Execution terminated because of runtime error
Abort(1) on node 303 (rank 303 in comm 496): application called MPI_Abort(comm=0x84000002, 1) - process 303
  
 Abort called by computing node          268 at 2024-08-24 12:15:28.907 +0200
 Execution terminated because of runtime error
  
 Abort called by computing node          116 at 2024-08-24 12:15:28.900 +0200
 Execution terminated because of runtime error
 Abort called by computing node           60 at 2024-08-24 12:15:28.908 +0200
 Execution terminated because of runtime error
Abort(1) on node 60 (rank 60 in comm 496): application called MPI_Abort(comm=0x84000002, 1) - process 60
 Abort called by computing node          198 at 2024-08-24 12:15:28.905 +0200
 Execution terminated because of runtime error
 Abort called by computing node           11 at 2024-08-24 12:15:28.861 +0200
 Execution terminated because of runtime error
 No such file or directory                                                      
  
 Abort called by computing node          154 at 2024-08-24 12:15:28.900 +0200
 Execution terminated because of runtime error
 No such file or directory                                                      
  
  
  
 Abort called by computing node           66 at 2024-08-24 12:15:28.908 +0200
 Execution terminated because of runtime error
Abort(1) on node 66 (rank 66 in comm 496): application called MPI_Abort(comm=0x84000002, 1) - process 66
 No such file or directory                                                      
  
 Abort called by computing node          199 at 2024-08-24 12:15:28.905 +0200
 Execution terminated because of runtime error
 Abort called by computing node           25 at 2024-08-24 12:15:28.861 +0200
 Execution terminated because of runtime error
 Abort called by computing node          302 at 2024-08-24 12:15:28.908 +0200
 Execution terminated because of runtime error
 Abort called by computing node          159 at 2024-08-24 12:15:28.900 +0200
 Execution terminated because of runtime error
 No such file or directory                                                      
  
  
  
 Abort called by computing node          141 at 2024-08-24 12:15:28.901 +0200
 No such file or directory                                                      
  
 No such file or directory                                                      
  
 Abort called by computing node            6 at 2024-08-24 12:15:28.861 +0200
 Execution terminated because of runtime error
Abort(1) on node 302 (rank 302 in comm 496): application called MPI_Abort(comm=0x84000002, 1) - process 302
  
 Abort called by computing node          278 at 2024-08-24 12:15:28.907 +0200
 Execution terminated because of runtime error
  
 Abort called by computing node          113 at 2024-08-24 12:15:28.901 +0200
 Execution terminated because of runtime error
 No such file or directory                                                      
  
 No such file or directory                                                      
  
 Abort called by computing node           16 at 2024-08-24 12:15:28.861 +0200
 Execution terminated because of runtime error
  
 Abort called by computing node          173 at 2024-08-24 12:15:28.901 +0200
 Execution terminated because of runtime error
 Abort called by computing node          258 at 2024-08-24 12:15:28.899 +0200
 Execution terminated because of runtime error
  
 Execution terminated because of runtime error
 No such file or directory                                                      
  
 Abort called by computing node          220 at 2024-08-24 12:15:28.905 +0200
 Execution terminated because of runtime error
 Abort called by computing node           22 at 2024-08-24 12:15:28.862 +0200
 Execution terminated because of runtime error
 No such file or directory                                                      
  
  
 Abort called by computing node          285 at 2024-08-24 12:15:28.907 +0200
 Execution terminated because of runtime error
  
 No such file or directory                                                      
  
 No such file or directory                                                      
  
 Abort called by computing node           50 at 2024-08-24 12:15:28.909 +0200
 Execution terminated because of runtime error
 Abort called by computing node          227 at 2024-08-24 12:15:28.905 +0200
 Execution terminated because of runtime error
 Abort called by computing node           30 at 2024-08-24 12:15:28.862 +0200
 Execution terminated because of runtime error
 Abort called by computing node          332 at 2024-08-24 12:15:28.909 +0200
 Execution terminated because of runtime error
 Abort called by computing node          184 at 2024-08-24 12:15:28.901 +0200
 Execution terminated because of runtime error
 Abort called by computing node          277 at 2024-08-24 12:15:28.907 +0200
 Execution terminated because of runtime error
  
 Abort called by computing node          101 at 2024-08-24 12:15:28.901 +0200
 Execution terminated because of runtime error
 Abort called by computing node           56 at 2024-08-24 12:15:28.909 +0200
 Execution terminated because of runtime error
Abort(1) on node 56 (rank 56 in comm 496): application called MPI_Abort(comm=0x84000002, 1) - process 56
 No such file or directory                                                      
  
 Abort called by computing node            7 at 2024-08-24 12:15:28.862 +0200
 Execution terminated because of runtime error
 No such file or directory                                                      
  
 No such file or directory                                                      
  
 No such file or directory                                                      
  
  
 No such file or directory                                                      
 Abort called by computing node           87 at 2024-08-24 12:15:28.909 +0200
 Execution terminated because of runtime error
Abort(1) on node 87 (rank 87 in comm 496): application called MPI_Abort(comm=0x84000002, 1) - process 87
 No such file or directory                                                      
  
 Abort called by computing node           15 at 2024-08-24 12:15:28.862 +0200
 Execution terminated because of runtime error
Abort(1) on node 332 (rank 332 in comm 496): application called MPI_Abort(comm=0x84000002, 1) - process 332
 Abort called by computing node          191 at 2024-08-24 12:15:28.901 +0200
 Execution terminated because of runtime error
 No such file or directory                                                      
  
  
  
 Abort called by computing node           95 at 2024-08-24 12:15:28.909 +0200
 Execution terminated because of runtime error
Abort(1) on node 95 (rank 95 in comm 496): application called MPI_Abort(comm=0x84000002, 1) - process 95
 Abort called by computing node          235 at 2024-08-24 12:15:28.906 +0200
 Execution terminated because of runtime error
 Abort called by computing node           36 at 2024-08-24 12:15:28.862 +0200
 Execution terminated because of runtime error
 Abort called by computing node          289 at 2024-08-24 12:15:28.909 +0200
 Execution terminated because of runtime error
 No such file or directory                                                      
  
 Abort called by computing node          260 at 2024-08-24 12:15:28.908 +0200
 Execution terminated because of runtime error
 Abort called by computing node          377 at 2024-08-24 12:15:28.854 +0200
 Execution terminated because of runtime error
  
Abort(1) on node 50 (rank 50 in comm 496): application called MPI_Abort(comm=0x84000002, 1) - process 50
 Abort called by computing node          213 at 2024-08-24 12:15:28.906 +0200
 Execution terminated because of runtime error
 Abort called by computing node           46 at 2024-08-24 12:15:28.863 +0200
 Execution terminated because of runtime error
Abort(1) on node 289 (rank 289 in comm 496): application called MPI_Abort(comm=0x84000002, 1) - process 289
 Abort called by computing node          166 at 2024-08-24 12:15:28.902 +0200
 Execution terminated because of runtime error
 Abort called by computing node          284 at 2024-08-24 12:15:28.908 +0200
 Execution terminated because of runtime error
 Abort called by computing node          360 at 2024-08-24 12:15:28.854 +0200
 Execution terminated because of runtime error
  
 Abort called by computing node          114 at 2024-08-24 12:15:28.901 +0200
 Execution terminated because of runtime error
 No such file or directory                                                      
  
 No such file or directory                                                      
  
 Abort called by computing node            9 at 2024-08-24 12:15:28.863 +0200
 Execution terminated because of runtime error
 Abort called by computing node          292 at 2024-08-24 12:15:28.909 +0200
 Execution terminated because of runtime error
Abort(1) on node 292 (rank 292 in comm 496): application called MPI_Abort(comm=0x84000002, 1) - process 292
 No such file or directory                                                      
  
 No such file or directory                                                      
  
 Abort called by computing node          370 at 2024-08-24 12:15:28.854 +0200
 Execution terminated because of runtime error
 Abort called by computing node          137 at 2024-08-24 12:15:28.901 +0200
 Execution terminated because of runtime error
 Abort called by computing node           83 at 2024-08-24 12:15:28.909 +0200
 Execution terminated because of runtime error
Abort(1) on node 83 (rank 83 in comm 496): application called MPI_Abort(comm=0x84000002, 1) - process 83
 Abort called by computing node          211 at 2024-08-24 12:15:28.906 +0200
 Execution terminated because of runtime error
 Abort called by computing node           47 at 2024-08-24 12:15:28.863 +0200
 Execution terminated because of runtime error
 No such file or directory                                                      
  
 Abort called by computing node          163 at 2024-08-24 12:15:28.902 +0200
 Execution terminated because of runtime error
 No such file or directory                                                      
  
 Abort called by computing node          371 at 2024-08-24 12:15:28.854 +0200
 Execution terminated because of runtime error
 Abort called by computing node           96 at 2024-08-24 12:15:28.901 +0200
 Execution terminated because of runtime error
 No such file or directory                                                      
 No such file or directory                                                      
  
 Abort called by computing node            3 at 2024-08-24 12:15:28.863 +0200
 Execution terminated because of runtime error
 Abort called by computing node          312 at 2024-08-24 12:15:28.909 +0200
 Execution terminated because of runtime error
Abort(1) on node 312 (rank 312 in comm 496): application called MPI_Abort(comm=0x84000002, 1) - process 312
 No such file or directory                                                      
 Abort called by computing node          249 at 2024-08-24 12:15:28.908 +0200
 Execution terminated because of runtime error
 Abort called by computing node          336 at 2024-08-24 12:15:28.854 +0200
 Execution terminated because of runtime error
  
 No such file or directory                                                      
 Abort called by computing node          232 at 2024-08-24 12:15:28.906 +0200
 Execution terminated because of runtime error
 Abort called by computing node           28 at 2024-08-24 12:15:28.863 +0200
 Execution terminated because of runtime error
 No such file or directory                                                      
  
  
 Abort called by computing node          282 at 2024-08-24 12:15:28.908 +0200
 Execution terminated because of runtime error
 Abort called by computing node          337 at 2024-08-24 12:15:28.854 +0200
 Execution terminated because of runtime error
 Abort called by computing node          107 at 2024-08-24 12:15:28.901 +0200
 Execution terminated because of runtime error
  
 No such file or directory                                                      
  
 Abort called by computing node           12 at 2024-08-24 12:15:28.863 +0200
 Execution terminated because of runtime error
 No such file or directory                                                      
  
  
 No such file or directory                                                      
  
 Abort called by computing node          340 at 2024-08-24 12:15:28.854 +0200
 Execution terminated because of runtime error
  
  
 No such file or directory                                                      
  
 Abort called by computing node           42 at 2024-08-24 12:15:28.863 +0200
 Execution terminated because of runtime error
 No such file or directory                                                      
  
 Abort called by computing node          322 at 2024-08-24 12:15:28.909 +0200
 Execution terminated because of runtime error
 Abort called by computing node          157 at 2024-08-24 12:15:28.902 +0200
 Execution terminated because of runtime error
 Abort called by computing node          264 at 2024-08-24 12:15:28.908 +0200
 Execution terminated because of runtime error
 Abort called by computing node          346 at 2024-08-24 12:15:28.854 +0200
 Execution terminated because of runtime error
 Abort called by computing node          136 at 2024-08-24 12:15:28.902 +0200
 Execution terminated because of runtime error
  
 Abort called by computing node           63 at 2024-08-24 12:15:28.909 +0200
 Execution terminated because of runtime error
Abort(1) on node 63 (rank 63 in comm 496): application called MPI_Abort(comm=0x84000002, 1) - process 63
 Abort called by computing node          224 at 2024-08-24 12:15:28.906 +0200
 Execution terminated because of runtime error
 Abort called by computing node           24 at 2024-08-24 12:15:28.863 +0200
 Execution terminated because of runtime error
 Abort called by computing node          324 at 2024-08-24 12:15:28.909 +0200
 Execution terminated because of runtime error
Abort(1) on node 324 (rank 324 in comm 496): application called MPI_Abort(comm=0x84000002, 1) - process 324
 Abort called by computing node          183 at 2024-08-24 12:15:28.896 +0200
 Execution terminated because of runtime error
 No such file or directory                                                      
  
 Abort called by computing node          354 at 2024-08-24 12:15:28.854 +0200
 Execution terminated because of runtime error
 No such file or directory                                                      
 Abort called by computing node           69 at 2024-08-24 12:15:28.909 +0200
 Execution terminated because of runtime error
Abort(1) on node 69 (rank 69 in comm 496): application called MPI_Abort(comm=0x84000002, 1) - process 69
 No such file or directory                                                      
  
 Abort called by computing node           41 at 2024-08-24 12:15:28.863 +0200
 Execution terminated because of runtime error
 Abort called by computing node          333 at 2024-08-24 12:15:28.909 +0200
 Execution terminated because of runtime error
Abort(1) on node 333 (rank 333 in comm 496): application called MPI_Abort(comm=0x84000002, 1) - process 333
 Abort called by computing node          164 at 2024-08-24 12:15:28.902 +0200
 Execution terminated because of runtime error
 No such file or directory                                                      
  
  
 Abort called by computing node          358 at 2024-08-24 12:15:28.867 +0200
 Execution terminated because of runtime error
  
 Abort called by computing node           90 at 2024-08-24 12:15:28.909 +0200
 Execution terminated because of runtime error
Abort(1) on node 90 (rank 90 in comm 496): application called MPI_Abort(comm=0x84000002, 1) - process 90
 Abort called by computing node          215 at 2024-08-24 12:15:28.906 +0200
 Execution terminated because of runtime error
 Abort called by computing node            1 at 2024-08-24 12:15:28.864 +0200
 Execution terminated because of runtime error
Abort(1) on node 322 (rank 322 in comm 496): application called MPI_Abort(comm=0x84000002, 1) - process 322
  
 Abort called by computing node          246 at 2024-08-24 12:15:28.908 +0200
 Execution terminated because of runtime error
  
  
 Abort called by computing node          131 at 2024-08-24 12:15:28.902 +0200
 No such file or directory                                                      
  
 Abort called by computing node          203 at 2024-08-24 12:15:28.906 +0200
 Execution terminated because of runtime error
 Abort called by computing node           44 at 2024-08-24 12:15:28.864 +0200
 Execution terminated because of runtime error
 No such file or directory                                                      
  
 Abort called by computing node          160 at 2024-08-24 12:15:28.903 +0200
 Execution terminated because of runtime error
 No such file or directory                                                      
  
 Abort called by computing node          369 at 2024-08-24 12:15:28.867 +0200
 Execution terminated because of runtime error
 Abort called by computing node          102 at 2024-08-24 12:15:28.902 +0200
 Execution terminated because of runtime error
 Abort called by computing node           85 at 2024-08-24 12:15:28.909 +0200
 Execution terminated because of runtime error
Abort(1) on node 85 (rank 85 in comm 496): application called MPI_Abort(comm=0x84000002, 1) - process 85
 No such file or directory                                                      
  
 Abort called by computing node            5 at 2024-08-24 12:15:28.864 +0200
 Execution terminated because of runtime error
 Abort called by computing node          335 at 2024-08-24 12:15:28.909 +0200
 Execution terminated because of runtime error
Abort(1) on node 335 (rank 335 in comm 496): application called MPI_Abort(comm=0x84000002, 1) - process 335
  
 Abort called by computing node          280 at 2024-08-24 12:15:28.908 +0200
 Execution terminated because of runtime error
  
 Execution terminated because of runtime error
 No such file or directory                                                      
  
 Abort called by computing node           67 at 2024-08-24 12:15:28.910 +0200
 Execution terminated because of runtime error
 No such file or directory                                                      
  
 Abort called by computing node           13 at 2024-08-24 12:15:28.864 +0200
 Execution terminated because of runtime error
 No such file or directory                                                      
  
 Abort called by computing node          187 at 2024-08-24 12:15:28.903 +0200
 Execution terminated because of runtime error
 No such file or directory                                                      
  
 Abort called by computing node          339 at 2024-08-24 12:15:28.868 +0200
 Execution terminated because of runtime error
 No such file or directory                                                      
Abort(1) on node 67 (rank 67 in comm 496): application called MPI_Abort(comm=0x84000002, 1) - process 67
 No such file or directory                                                      
  
 Abort called by computing node           35 at 2024-08-24 12:15:28.864 +0200
 Execution terminated because of runtime error
 Abort called by computing node          294 at 2024-08-24 12:15:28.909 +0200
 Execution terminated because of runtime error
Abort(1) on node 294 (rank 294 in comm 496): application called MPI_Abort(comm=0x84000002, 1) - process 294
  
 No such file or directory                                                      
  
  
  
 No such file or directory                                                      
  
 No such file or directory                                                      
  
 Abort called by computing node           37 at 2024-08-24 12:15:28.864 +0200
 Execution terminated because of runtime error
 No such file or directory                                                      
  
 Abort called by computing node          186 at 2024-08-24 12:15:28.903 +0200
 Execution terminated because of runtime error
 No such file or directory                                                      
  
Abort(1) on node 346 (rank 346 in comm 496): application called MPI_Abort(comm=0x84000002, 1) - process 346
  
 No such file or directory                                                      
  
 Abort called by computing node          210 at 2024-08-24 12:15:28.906 +0200
 Execution terminated because of runtime error
 Abort called by computing node            2 at 2024-08-24 12:15:28.864 +0200
 Execution terminated because of runtime error
 Abort called by computing node          330 at 2024-08-24 12:15:28.901 +0200
 Execution terminated because of runtime error
Abort(1) on node 330 (rank 330 in comm 496): application called MPI_Abort(comm=0x84000002, 1) - process 330
 No such file or directory                                                      
 Abort called by computing node          286 at 2024-08-24 12:15:28.908 +0200
 Execution terminated because of runtime error
Abort(1) on node 360 (rank 360 in comm 496): application called MPI_Abort(comm=0x84000002, 1) - process 360
  
 Abort called by computing node          127 at 2024-08-24 12:15:28.902 +0200
 Execution terminated because of runtime error
 No such file or directory                                                      
  
 No such file or directory                                                      
  
 Abort called by computing node           32 at 2024-08-24 12:15:28.864 +0200
 Execution terminated because of runtime error
 Abort called by computing node          296 at 2024-08-24 12:15:28.909 +0200
 Execution terminated because of runtime error
Abort(1) on node 296 (rank 296 in comm 496): application called MPI_Abort(comm=0x84000002, 1) - process 296
  
 Abort called by computing node          240 at 2024-08-24 12:15:28.908 +0200
 Execution terminated because of runtime error
Abort(1) on node 370 (rank 370 in comm 496): application called MPI_Abort(comm=0x84000002, 1) - process 370
 Abort called by computing node          111 at 2024-08-24 12:15:28.902 +0200
 Execution terminated because of runtime error
 Abort called by computing node           53 at 2024-08-24 12:15:28.910 +0200
 Execution terminated because of runtime error
Abort(1) on node 53 (rank 53 in comm 496): application called MPI_Abort(comm=0x84000002, 1) - process 53
 Abort called by computing node          238 at 2024-08-24 12:15:28.906 +0200
 Execution terminated because of runtime error
Abort(1) on node 21 (rank 21 in comm 496): application called MPI_Abort(comm=0x84000002, 1) - process 21
 No such file or directory                                                      
  
  
 Abort called by computing node          261 at 2024-08-24 12:15:28.908 +0200
 Execution terminated because of runtime error
Abort(1) on node 371 (rank 371 in comm 496): application called MPI_Abort(comm=0x84000002, 1) - process 371
 Abort called by computing node          119 at 2024-08-24 12:15:28.902 +0200
 Execution terminated because of runtime error
 No such file or directory                                                      
  
 Abort called by computing node          197 at 2024-08-24 12:15:28.906 +0200
 Execution terminated because of runtime error
Abort(1) on node 23 (rank 23 in comm 496): application called MPI_Abort(comm=0x84000002, 1) - process 23
 Abort called by computing node          306 at 2024-08-24 12:15:28.909 +0200
 Execution terminated because of runtime error
 Abort called by computing node          171 at 2024-08-24 12:15:28.903 +0200
 Execution terminated because of runtime error
 Abort called by computing node          248 at 2024-08-24 12:15:28.908 +0200
 Execution terminated because of runtime error
Abort(1) on node 377 (rank 377 in comm 496): application called MPI_Abort(comm=0x84000002, 1) - process 377
 No such file or directory                                                      
 No such file or directory                                                      
  
 Abort called by computing node           68 at 2024-08-24 12:15:28.910 +0200
 Execution terminated because of runtime error
Abort(1) on node 68 (rank 68 in comm 496): application called MPI_Abort(comm=0x84000002, 1) - process 68
 Abort called by computing node          204 at 2024-08-24 12:15:28.906 +0200
 Execution terminated because of runtime error
Abort(1) on node 4 (rank 4 in comm 496): application called MPI_Abort(comm=0x84000002, 1) - process 4
Abort(1) on node 306 (rank 306 in comm 496): application called MPI_Abort(comm=0x84000002, 1) - process 306
 Abort called by computing node          174 at 2024-08-24 12:15:28.903 +0200
 Execution terminated because of runtime error
Abort(1) on node 243 (rank 243 in comm 496): application called MPI_Abort(comm=0x84000002, 1) - process 243
Abort(1) on node 337 (rank 337 in comm 496): application called MPI_Abort(comm=0x84000002, 1) - process 337
 No such file or directory                                                      
 No such file or directory                                                      
  
 Abort called by computing node          234 at 2024-08-24 12:15:28.906 +0200
 Execution terminated because of runtime error
Abort(1) on node 17 (rank 17 in comm 496): application called MPI_Abort(comm=0x84000002, 1) - process 17
 No such file or directory                                                      
  
 No such file or directory                                                      
Abort(1) on node 276 (rank 276 in comm 496): application called MPI_Abort(comm=0x84000002, 1) - process 276
Abort(1) on node 339 (rank 339 in comm 496): application called MPI_Abort(comm=0x84000002, 1) - process 339
  
 Abort called by computing node           79 at 2024-08-24 12:15:28.910 +0200
 Execution terminated because of runtime error
Abort(1) on node 79 (rank 79 in comm 496): application called MPI_Abort(comm=0x84000002, 1) - process 79
Abort(1) on node 201 (rank 201 in comm 496): application called MPI_Abort(comm=0x84000002, 1) - process 201
Abort(1) on node 18 (rank 18 in comm 496): application called MPI_Abort(comm=0x84000002, 1) - process 18
 No such file or directory                                                      
  
  
Abort(1) on node 283 (rank 283 in comm 496): application called MPI_Abort(comm=0x84000002, 1) - process 283
Abort(1) on node 340 (rank 340 in comm 496): application called MPI_Abort(comm=0x84000002, 1) - process 340
  
 Abort called by computing node           81 at 2024-08-24 12:15:28.901 +0200
 Execution terminated because of runtime error
Abort(1) on node 81 (rank 81 in comm 496): application called MPI_Abort(comm=0x84000002, 1) - process 81
Abort(1) on node 214 (rank 214 in comm 496): application called MPI_Abort(comm=0x84000002, 1) - process 214
Abort(1) on node 39 (rank 39 in comm 496): application called MPI_Abort(comm=0x84000002, 1) - process 39
 No such file or directory                                                      
  
  
Abort(1) on node 254 (rank 254 in comm 496): application called MPI_Abort(comm=0x84000002, 1) - process 254
Abort(1) on node 354 (rank 354 in comm 496): application called MPI_Abort(comm=0x84000002, 1) - process 354
 Abort called by computing node          105 at 2024-08-24 12:15:28.903 +0200
 Execution terminated because of runtime error
 Abort called by computing node           86 at 2024-08-24 12:15:28.910 +0200
 Execution terminated because of runtime error
Abort(1) on node 86 (rank 86 in comm 496): application called MPI_Abort(comm=0x84000002, 1) - process 86
Abort(1) on node 237 (rank 237 in comm 496): application called MPI_Abort(comm=0x84000002, 1) - process 237
Abort(1) on node 19 (rank 19 in comm 496): application called MPI_Abort(comm=0x84000002, 1) - process 19
 Abort called by computing node          310 at 2024-08-24 12:15:28.909 +0200
 Execution terminated because of runtime error
Abort(1) on node 310 (rank 310 in comm 496): application called MPI_Abort(comm=0x84000002, 1) - process 310
  
 Abort called by computing node          155 at 2024-08-24 12:15:28.904 +0200
 Execution terminated because of runtime error
Abort(1) on node 262 (rank 262 in comm 496): application called MPI_Abort(comm=0x84000002, 1) - process 262
Abort(1) on node 358 (rank 358 in comm 496): application called MPI_Abort(comm=0x84000002, 1) - process 358
  
 Abort called by computing node          123 at 2024-08-24 12:15:28.903 +0200
 Execution terminated because of runtime error
 Abort called by computing node           64 at 2024-08-24 12:15:28.910 +0200
 Execution terminated because of runtime error
Abort(1) on node 64 (rank 64 in comm 496): application called MPI_Abort(comm=0x84000002, 1) - process 64
Abort(1) on node 194 (rank 194 in comm 496): application called MPI_Abort(comm=0x84000002, 1) - process 194
Abort(1) on node 26 (rank 26 in comm 496): application called MPI_Abort(comm=0x84000002, 1) - process 26
 No such file or directory                                                      
  
 Abort called by computing node          161 at 2024-08-24 12:15:28.904 +0200
 Execution terminated because of runtime error
Abort(1) on node 265 (rank 265 in comm 496): application called MPI_Abort(comm=0x84000002, 1) - process 265
Abort(1) on node 369 (rank 369 in comm 496): application called MPI_Abort(comm=0x84000002, 1) - process 369
 Abort called by computing node          140 at 2024-08-24 12:15:28.903 +0200
 Execution terminated because of runtime error
 Abort called by computing node           73 at 2024-08-24 12:15:28.910 +0200
 Execution terminated because of runtime error
Abort(1) on node 73 (rank 73 in comm 496): application called MPI_Abort(comm=0x84000002, 1) - process 73
Abort(1) on node 196 (rank 196 in comm 496): application called MPI_Abort(comm=0x84000002, 1) - process 196
Abort(1) on node 29 (rank 29 in comm 496): application called MPI_Abort(comm=0x84000002, 1) - process 29
 Abort called by computing node          327 at 2024-08-24 12:15:28.910 +0200
 Execution terminated because of runtime error
Abort(1) on node 327 (rank 327 in comm 496): application called MPI_Abort(comm=0x84000002, 1) - process 327
 Abort called by computing node          188 at 2024-08-24 12:15:28.904 +0200
 Execution terminated because of runtime error
Abort(1) on node 245 (rank 245 in comm 496): application called MPI_Abort(comm=0x84000002, 1) - process 245
Abort(1) on node 336 (rank 336 in comm 496): application called MPI_Abort(comm=0x84000003, 1) - process 336
  
Abort(1) on node 202 (rank 202 in comm 496): application called MPI_Abort(comm=0x84000002, 1) - process 202
Abort(1) on node 34 (rank 34 in comm 496): application called MPI_Abort(comm=0x84000002, 1) - process 34
 Abort called by computing node          317 at 2024-08-24 12:15:28.910 +0200
 Execution terminated because of runtime error
Abort(1) on node 317 (rank 317 in comm 496): application called MPI_Abort(comm=0x84000002, 1) - process 317
  
Abort(1) on node 253 (rank 253 in comm 496): application called MPI_Abort(comm=0x84000002, 1) - process 253
 Abort called by computing node          366 at 2024-08-24 12:15:28.868 +0200
 Execution terminated because of runtime error
Abort(1) on node 366 (rank 366 in comm 496): application called MPI_Abort(comm=0x84000002, 1) - process 366
 Abort called by computing node           99 at 2024-08-24 12:15:28.903 +0200
 Execution terminated because of runtime error
Abort(1) on node 216 (rank 216 in comm 496): application called MPI_Abort(comm=0x84000002, 1) - process 216
Abort(1) on node 40 (rank 40 in comm 496): application called MPI_Abort(comm=0x84000002, 1) - process 40
 Abort called by computing node          321 at 2024-08-24 12:15:28.910 +0200
 Execution terminated because of runtime error
Abort(1) on node 321 (rank 321 in comm 496): application called MPI_Abort(comm=0x84000002, 1) - process 321
 Abort called by computing node          167 at 2024-08-24 12:15:28.904 +0200
 Execution terminated because of runtime error
Abort(1) on node 270 (rank 270 in comm 496): application called MPI_Abort(comm=0x84000002, 1) - process 270
 Abort called by computing node          373 at 2024-08-24 12:15:28.868 +0200
 Execution terminated because of runtime error
Abort(1) on node 373 (rank 373 in comm 496): application called MPI_Abort(comm=0x84000002, 1) - process 373
 No such file or directory                                                      
  
Abort(1) on node 222 (rank 222 in comm 496): application called MPI_Abort(comm=0x84000002, 1) - process 222
Abort(1) on node 45 (rank 45 in comm 496): application called MPI_Abort(comm=0x84000002, 1) - process 45
 No such file or directory                                                      
  
 Abort called by computing node          331 at 2024-08-24 12:15:28.910 +0200
  
Abort(1) on node 271 (rank 271 in comm 496): application called MPI_Abort(comm=0x84000002, 1) - process 271
 Abort called by computing node          345 at 2024-08-24 12:15:28.868 +0200
 Execution terminated because of runtime error
Abort(1) on node 345 (rank 345 in comm 496): application called MPI_Abort(comm=0x84000002, 1) - process 345
 No such file or directory                                                      
  
Abort(1) on node 209 (rank 209 in comm 496): application called MPI_Abort(comm=0x84000002, 1) - process 209
Abort(1) on node 20 (rank 20 in comm 496): application called MPI_Abort(comm=0x84000002, 1) - process 20
 Execution terminated because of runtime error
Abort(1) on node 331 (rank 331 in comm 496): application called MPI_Abort(comm=0x84000002, 1) - process 331
 Abort called by computing node          181 at 2024-08-24 12:15:28.904 +0200
 Execution terminated because of runtime error
Abort(1) on node 251 (rank 251 in comm 496): application called MPI_Abort(comm=0x84000002, 1) - process 251
  
 No such file or directory                                                      
  
Abort(1) on node 217 (rank 217 in comm 496): application called MPI_Abort(comm=0x84000002, 1) - process 217
Abort(1) on node 31 (rank 31 in comm 496): application called MPI_Abort(comm=0x84000002, 1) - process 31
