[lrdn4499:1915391:0:1915391] ib_mlx5_log.c:177  Transport retry count exceeded on mlx5_0:1/IB (synd 0x15 vend 0x81 hw_synd 0/0)
[lrdn4499:1915391:0:1915391] ib_mlx5_log.c:177  DCI QP 0x15183 wqe[6183]: SEND s-e [rqpn 0x15c93 rlid 15877] [inl len 18] 
forrtl: error (76): Abort trap signal
Image              PC                Routine            Line        Source             
libpthread-2.28.s  00001461A85BDCF0  Unknown               Unknown  Unknown
libc-2.28.so       00001461A7DE6AFF  gsignal               Unknown  Unknown
libc-2.28.so       00001461A7DB9EA5  abort                 Unknown  Unknown
libucs.so.0.0.0    0000145D63619D46  Unknown               Unknown  Unknown
libucs.so.0.0.0    0000145D6361E6A4  ucs_log_default_h     Unknown  Unknown
libucs.so.0.0.0    0000145D6361E9C4  ucs_log_dispatch      Unknown  Unknown
libuct_ib.so.0.0.  0000145D631784FA  uct_ib_mlx5_compl     Unknown  Unknown
libuct_ib.so.0.0.  0000145D631A168B  uct_dc_mlx5_ep_ha     Unknown  Unknown
libuct_ib.so.0.0.  0000145D63179F9D  uct_ib_mlx5_check     Unknown  Unknown
libuct_ib.so.0.0.  0000145D631A3C32  Unknown               Unknown  Unknown
libucp.so.0.0.0    0000145D63ACA81A  ucp_worker_progre     Unknown  Unknown
libmlx-fi.so       0000145D63D55280  Unknown               Unknown  Unknown
libmpi.so.12.0.0   00001461A900470E  Unknown               Unknown  Unknown
libmpi.so.12.0.0   00001461A9003A95  Unknown               Unknown  Unknown
libmpi.so.12.0.0   00001461A8E1DC22  Unknown               Unknown  Unknown
libmpi.so.12.0.0   00001461A8DE9453  Unknown               Unknown  Unknown
libmpi.so.12.0.0   00001461A8F40025  Unknown               Unknown  Unknown
libmpi.so.12.0.0   00001461A8D58559  MPI_Gatherv           Unknown  Unknown
libmpifort.so.12.  00001461AA786D4F  PMPI_GATHERV          Unknown  Unknown
regcmMPICLM45      0000000000F2CE22  Unknown               Unknown  Unknown
regcmMPICLM45      0000000000435621  Unknown               Unknown  Unknown
regcmMPICLM45      00000000007BCA3D  Unknown               Unknown  Unknown
regcmMPICLM45      00000000007EC1AE  Unknown               Unknown  Unknown
regcmMPICLM45      000000000041534D  Unknown               Unknown  Unknown
libc-2.28.so       00001461A7DD2D85  __libc_start_main     Unknown  Unknown
regcmMPICLM45      000000000041526E  Unknown               Unknown  Unknown
ERROR: Simulation ended abruptly!!!
Unknown ERROR Detected at 2004-04-30 12!
