
  This is RegCM development version
   GIT Revision: 5.0.0-850-g3088d compiled at: data : Jan 02 2025  time: 16:26:15

 : this run start at  : 2025-01-07 12:39:41+0100
 : it is submitted by : mda_silv
 : it is running on   : node80
 : it is using        :           80   processors
 : in directory       : 
 /home/mda_silv/github_projects/shell/ictp/regcm_exp/eur_11
                       
 CPUS DIM1 =            8
 CPUS DIM2 =           10
 
 Reading model namelist file
 Using default non-hydrostatc parameters.
 Initial date of the global simulation:  2000-01-01 00:00:00 UTC        
 Initial date of this run             :  2000-01-01 00:00:00 UTC        
 Final date of this run               :  2002-01-01 00:00:00 UTC        
 Total simulation length              :        17544  hours
 Timestep in seconds =   90.000000
 Reading Domain file : /home/mda_silv/scratch/EUR-11/icbc//EUR-11_DOMAIN000.nc
 Advection timestep =    30.000 (factor  3)
 Max. Courant number for horizontal advection =    0.5203
 Sound waves timestep =     6.000 (factor  5)
 Courant number of horizontal sound waves =    0.2461
 Setting IPCC scenario to SSP585  
 Load GHG for 200001 SSP585
 Create SAV files :  T
 Create ATM files :  T
 Create RAD files :  T
 Create SRF files :  T
 Create STS files :  T
 Create SHF files :  T
 Monthly new files are created
 Monthly SAV files are written
 Frequency in hours to create ATM :    6.0
 Frequency in hours to create RAD :    6.0
 Frequency in hours to create SRF :    3.0
 Physical Parameterizations
  Lateral Boundary conditions :  5
  Semi-Lagrangian Advection   :  0
  Land cumulus conv. scheme   :  5
  Ocean cumulus conv. scheme  :  5
  Moisture schem              :  5
  Ocean Flux scheme           :  2
  Zeng roughness formula      :  1
  Zeng roughness method       :  1
  Coupling with ocean         :  0
  Coupling with wave          :  0
  Coupling with COP           :  0
  Pressure gradient force     :  0
  Prescribed LW emissivity    :  0
  Lake model in BATS          :  0
  Simulate diurnal sst cycle  :  0
  Simulate sea ice cover      :  1
  Enable chem/aerosol model   :  0
  Large scale LWP as convect. :  0
  Cloud fraction scheme       :  1
  Marine stratocumulus        :  0
  Climate O3 dataset          :  1
  Climate Aerosol dataset     :  2
 Boundary Pameterizations
  Num. of bndy points cross  :  40
  Num. of bndy points dot    :  40
  Nudge value high range     :  8.000000
  Nudge value medium range   :  4.000000
  Nudge value low range      :  2.000000
  Nm paramter                : -1.000000
  Dm paramter                : -1.000000
 Model Timestep Pameterizations
  time step for dynamical model in seconds :          90.000000
  time step for surface   model in seconds :         450.000000
  time step for cumulus   model in seconds :         225.000000
  time step for radiation model in seconds :        1350.000000
  time step for emission  model in seconds :       48600.000000
 Nudging coefficients F1=    0.016667, F2=    0.000000
  # Nudging coefficient profile #
     7.85       7.54       7.23       6.92       6.61       6.30       5.99    
     5.69       5.38       5.07       4.77       4.46       4.15       3.94    
     3.82       3.70       3.58       3.46       3.34       3.23       3.11    
     2.99       2.87       2.76       2.64       2.52       2.41       2.29    
     2.29       2.17       2.06    
 Model top at    30000.0000000000       m
 Domain grid parameters:
  Map Projection        : ROTLLR
  Dot Grid Full Extent  :  427x 415x 30
  Model Grid Spacing    :   12.231882 km
  Proj Center Latitude  :   48.000000 deg
  Proj Center longitude :    9.750000 deg
  Pole Latitude         :   39.250000 deg
  Pole longitude        :  198.000000 deg
 Holtslag PBL Scheme
  ricr_ocn     =    0.250000
  ricr_lnd     =    0.250000
  zhnew_fac    =    0.250000
  ifaholt      =  0
  ifaholtth10  =  2
  holtth10iter =    1
 Cloud fraction schemes parameters
  # of bottom no cloud model levels :  0
  Maximum relative humidity         :    1.010000
  Minimum relative humidity         :    0.010000
  Maximum total cloud cover for rad :    1.000000
  Conv. CF UMF factor deep cumulus  :    0.140000
  Conv. CF UMF factor deep cumulus  :    0.140000
  Conv. CF UMF factor k2            :  500.000000
  Surface radiation hack            :           F
  Vavrus-Waliser Arctic cloud fix   :           T
 Tiedtke (1986) Convection Scheme used.
  Used Scheme                       :  4
  Entrainment rate pen. conv. land  :    0.001750
  Entrainment rate pen. conv. ocean :    0.001750
  Entrainment rate shallow conv.    :    0.000300
  Entrainment rate midlev conv.     :    0.000100
  Entrainment rate cumulus downdraft:    0.000300
  CLW to rain conversion factor     :    0.000100
  Max entrainment                   :    0.001750
  CAPE adjustment timescale         :  3600.000000
 Convective Cloud Cover parameters after resolution scaling
  Maximum Convective Cloud Cover :    0.963263
  Convective Cloud Water         :    0.000300
 The surface energy budget is used to calculate the ground temperature.
 The radiation is computed every   22. minutes.
 Relaxation boundary conditions (exponential method)
 READY IC DATA for  2000-01-01 00:00:00 UTC        
 SEARCH BC data for 2000010106 , step =        0
 READY  BC from     2000010100  to 2000010106 
 Computing weights, R =     348.80780029 .......... Done.
 Reading Initial Ozone Data...
  # Updated ozone profile #
    0.820E-05  0.641E-05  0.368E-05  0.147E-05  0.475E-06  0.160E-06  0.900E-07
    0.627E-07  0.531E-07  0.502E-07  0.485E-07  0.478E-07  0.476E-07  0.478E-07
    0.483E-07  0.485E-07  0.483E-07  0.481E-07  0.481E-07  0.482E-07  0.480E-07
    0.470E-07  0.458E-07  0.439E-07  0.416E-07  0.394E-07  0.376E-07  0.360E-07
    0.360E-07  0.347E-07  0.336E-07  0.326E-07
 Read solar forcing total irradiance data...
 Updating orbit parameters at  2000-01-01 00:00:00 UTC        
 At  2000-01-01 00:00:00 UTC        
 JDay      0.00000 solar declination angle = -23.13670592 degrees
                   solar TSI irradiance    =    1357.0268 W/m^2
 CLM version: 4.5 - RegCM 5.0.0-850-g3088d
 Attempting to initialize the land model .....
 Mask given by RegCM model has a total of        97558  land points
 Attempting to initialize run control settings .....
 Read in clm_inparm namelist from: 
 /home/mda_silv/github_projects/shell/ictp/regcm_exp/eur_11/EUR-11_WDM7.in
 Read in clm_hydrology1_inparm namelist
 Read in clm_soilhydrology_inparm namelist
 Successfully initialized run control settings
 
 define run:
    source                = Community Land Model CLM4.5
    model_version         = 5.0.0-850-g3088d
    run type              = initial
    case title            = RegCM driven CLM4.5
    username              = mda_silv
    hostname              = node80
 input data files:
    PFT physiology = 
 /home/mda_silv/RegCM_Data//CLM45/pftdata/pft-physiology.c130503.nc
    surface data   = /home/mda_silv/scratch/EUR-11/icbc//EUR-11_CLM45_surface.nc
    land frac data = /home/mda_silv/scratch/EUR-11/icbc//EUR-11_DOMAIN000.nc
    enable_megan_emission                                 :  F
    enable_urban_landunit                                 :  T
    enable_more_crop_pft                                  :  F
    SNICAR optical = 
 /home/mda_silv/RegCM_Data//CLM45/snicardata/snicar_optics_5bnd_c090915.nc
    SNICAR aging = 
 /home/mda_silv/RegCM_Data//CLM45/snicardata/snicar_drdt_bst_fit_60_c070416.nc
    initial data is from RegCM atm model
    atmospheric forcing data is from RegCM atm model
 Large file support for output files is ON
 model physics parameters:
    flag for random perturbation test is not set
    CO2 volume mixing ratio   (umol/mol)   =    355.000000000000     
    land albedos  (unitless 0-1)   =   0.800000000000000     
    ice albedos   (unitless 0-1)   =   0.550000000000000     
    urban air conditioning/heating and wasteheat   = ON_WASTEHEAT    
    urban traffic flux   =  F
    more vertical layers =  F
    maxpatch_pft         =           17
    allocate_all_vegpfts =  T
    perchroot (PWS based on unfrozen layers only) =  F
    perchroot (PWS based on time-integrated active layer only) =  F
 
 Lake Model Namelists:
 Hostetler eddy increase low    :    25.0000000000000     
 Hostetler eddy increase factor :    10.0000000000000     
 Albedo melting lakes (visible) :  0.100000000000000     
 Albedo melting lakes (NIR)     :  0.100000000000000     
 Attempting to read ldomain from 
 /home/mda_silv/scratch/EUR-11/icbc//EUR-11_DOMAIN000.nc
   domain_check set       = domain_set
   domain_check decomped  =  T
   domain_check ns        =       174688
   domain_check ni,nj     =          424         412
   domain_check clmlevel  = gridcell
   domain_check nbeg,nend =            1        1219
   domain_check lonc      =   -9.83374876146193        35.5045413530675     
   domain_check latc      =    20.2360572776116        25.8675539615268     
   domain_check mask      =            1           1
   domain_check frac      =    100.000000000000        100.000000000000     
   domain_check topo      =    80.7315796493745        1673.03244079266     
   domain_check area      =    135.487523982398        135.730247435059     
   domain_check pftm      =            1           1
  
  Reading in urban input data from surface data file ...
  UrbanInput : /home/mda_silv/scratch/EUR-11/icbc//EUR-11_CLM45_surface.nc
  Sucessfully read urban input data
 
 Attempting to read PFT physiological data .....
 Successfully read PFT physiological data
 Attempting to read surface boundary data .....
 Checked LAT/LON compliance
 Successfully read surface boundary data
 
  Surface Grid Characteristics
    total number of gridcells =        97558
    total number of landunits =       228833
    total number of columns   =       446302
    total number of pfts      =      1811820
  
 ---clm_ptrs_check:
    clm_ptrs_check: g index ranges - OK
    clm_ptrs_check: l index ranges - OK
    clm_ptrs_check: c index ranges - OK
    clm_ptrs_check: p index ranges - OK
    clm_ptrs_check: g mono increasing - OK
    clm_ptrs_check: l mono increasing - OK
    clm_ptrs_check: c mono increasing - OK
    clm_ptrs_check: p mono increasing - OK
    clm_ptrs_check: tree consistent - OK
  
 Attempting to initialize time invariant variables
 Attempting to read soil color, sand and clay boundary data .....
 WARNING:: ETALAKE not found on surface data set.
 All lake columns will have eta set equal to default value
 WARNING:: LAKEFETCH not found on surface data set.
 All lake columns will have fetch set equal to default value
 Successfully read fmax, soil color, sand and clay boundary data
 
 Attempting to read organic matter data .....
  organicrd : /home/mda_silv/scratch/EUR-11/icbc//EUR-11_CLM45_surface.nc
 Successfully read organic matter data
 
  # zsoi #
    0.710E-02  0.279E-01  0.623E-01  0.119      0.212      0.366      0.620    
     1.04       1.73       2.86       4.74       7.83       12.9       21.3    
     21.3       35.2    
  # zisoi #
     0.00      0.175E-01  0.451E-01  0.906E-01  0.166      0.289      0.493    
    0.829       1.38       2.30       3.80       6.28       10.4       17.1    
     17.1       28.3       42.1    
  # dzsoi #
    0.175E-01  0.276E-01  0.455E-01  0.750E-01  0.124      0.204      0.336    
    0.554      0.913       1.51       2.48       4.09       6.75       11.1    
     11.1       13.9    
 dzsoi_decomp   1.00000000000000     
 Set    19 100% special land-units points to zero slope
 Set     2 100% special land-units points to zero slope
 Attempting to read snow optical properties .....
 SnowOptics_init : 
 /home/mda_silv/RegCM_Data//CLM45/snicardata/snicar_optics_5bnd_c090915.nc
 Successfully read snow optical properties
 Attempting to read snow aging parameters .....
 Successfully read snow aging properties
 Successfully initialized time invariant variables
 CLM_hist_printflds : number of master fields =          241
 Setting initial data to non-spun up values
 Attempting to initialize time invariant variables for lakes
 CLM timestep appears to differ from 1800s. 
 Adjusting minimum snow layer thickness over lakes to maintain stability.
 New minimum thickness is   2.000000000000000E-002 .
 Successfully initialized time invariant variables for lakes
 Setting initial data to non-spun up values for lake points
 Initializing clm2 history files
 There will be a total of            1  history tapes
 History tape            1  write frequency is MONTHLY
 All fields on history tape            1  are grid averaged
 Output precision on history tape            1 =           2
 hist tape =            1  written with dov2xy=  T
 Successfully initialized clm2 history files
 Successfully initialized the land model
 begin initial run at:  2000-01-01 00:00:00 UTC
 Attempting to read monthly vegetation data .....
 At  2000-01-01 00:00:00 UTC
 Month =            1  Day =            1
 Reading months :           12           1
 Successfully read monthly vegetation data for
 month            1
 Opening new output file 
 /home/mda_silv/scratch/EUR-11/WDM7-Europe//EUR-11_ATM.2000010100.nc
 Opening new output file 
 /home/mda_silv/scratch/EUR-11/WDM7-Europe//EUR-11_SHF.2000010100.nc
 Opening new output file 
 /home/mda_silv/scratch/EUR-11/WDM7-Europe//EUR-11_SRF.2000010100.nc
 Opening new output file 
 /home/mda_silv/scratch/EUR-11/WDM7-Europe//EUR-11_STS.2000010100.nc
 Opening new output file 
 /home/mda_silv/scratch/EUR-11/WDM7-Europe//EUR-11_RAD.2000010100.nc
 ATM variables written at  2000-01-01 00:00:00 UTC        
