[lrdn4822:3986082:0:3986082] ib_mlx5_log.c:177  Transport retry count exceeded on mlx5_0:1/IB (synd 0x15 vend 0x81 hw_synd 0/0)
[lrdn4822:3986082:0:3986082] ib_mlx5_log.c:177  DCI QP 0x1048f wqe[23243]: SEND s-e [rqpn 0xd320 rlid 15933] [inl len 10] 
[lrdn4822:3986106:0:3986106] ib_mlx5_log.c:177  Transport retry count exceeded on mlx5_0:1/IB (synd 0x15 vend 0x81 hw_synd 0/0)
[lrdn4822:3986106:0:3986106] ib_mlx5_log.c:177  DCI QP 0x1051e wqe[26791]: SEND s-e [rqpn 0xd3d9 rlid 15933] [va 0x14c988bf0f80 len 5290 lkey 0x5cf1a] 
[lrdn4822:3986112:0:3986112] ib_mlx5_log.c:177  Transport retry count exceeded on mlx5_0:1/IB (synd 0x15 vend 0x81 hw_synd 0/0)
[lrdn4822:3986112:0:3986112] ib_mlx5_log.c:177  DCI QP 0x104de wqe[41585]: SEND s-e [rqpn 0xd3cc rlid 15933] [inl len 10] 
[lrdn4822:3986080:0:3986080] ib_mlx5_log.c:177  Transport retry count exceeded on mlx5_0:1/IB (synd 0x15 vend 0x81 hw_synd 0/0)
[lrdn4822:3986080:0:3986080] ib_mlx5_log.c:177  DCI QP 0x104ec wqe[20619]: SEND s-e [rqpn 0xd3a7 rlid 15933] [inl len 10] 
[lrdn4822:3986081:0:3986081] ib_mlx5_log.c:177  Transport retry count exceeded on mlx5_0:1/IB (synd 0x15 vend 0x81 hw_synd 0/0)
[lrdn4822:3986081:0:3986081] ib_mlx5_log.c:177  DCI QP 0x104e5 wqe[57765]: SEND s-e [rqpn 0xd35b rlid 15933] [inl len 10] 
[lrdn4822:3986090:0:3986090] ib_mlx5_log.c:177  Transport retry count exceeded on mlx5_0:1/IB (synd 0x15 vend 0x81 hw_synd 0/0)
[lrdn4822:3986090:0:3986090] ib_mlx5_log.c:177  DCI QP 0x1047b wqe[19471]: SEND s-e [rqpn 0xd1ac rlid 15933] [inl len 10] 
[lrdn4822:3986110:0:3986110] ib_mlx5_log.c:177  Transport retry count exceeded on mlx5_0:1/IB (synd 0x15 vend 0x81 hw_synd 0/0)
[lrdn4822:3986110:0:3986110] ib_mlx5_log.c:177  DCI QP 0x10568 wqe[41957]: SEND s-e [rqpn 0xd266 rlid 15933] [inl len 10] 
[lrdn4822:3986105:0:3986105] ib_mlx5_log.c:177  Transport retry count exceeded on mlx5_0:1/IB (synd 0x15 vend 0x81 hw_synd 0/0)
[lrdn4822:3986105:0:3986105] ib_mlx5_log.c:177  DCI QP 0x10540 wqe[50674]: SEND s-e [rqpn 0xd35c rlid 15933] [va 0x147170beef00 len 5290 lkey 0xa669f] 
[lrdn4822:3986102:0:3986102] ib_mlx5_log.c:177  Transport retry count exceeded on mlx5_0:1/IB (synd 0x15 vend 0x81 hw_synd 0/0)
[lrdn4822:3986102:0:3986102] ib_mlx5_log.c:177  DCI QP 0x10597 wqe[50759]: SEND s-e [rqpn 0xd348 rlid 15933] [va 0x14b361e8be80 len 5290 lkey 0x79692] 
[lrdn4822:3986104:0:3986104] ib_mlx5_log.c:177  Transport retry count exceeded on mlx5_0:1/IB (synd 0x15 vend 0x81 hw_synd 0/0)
[lrdn4822:3986104:0:3986104] ib_mlx5_log.c:177  DCI QP 0x10594 wqe[56612]: SEND s-e [rqpn 0xd116 rlid 15933] [va 0x1520172c8f00 len 5290 lkey 0xcf43d] 
[lrdn4822:3986089:0:3986089] ib_mlx5_log.c:177  Transport retry count exceeded on mlx5_0:1/IB (synd 0x15 vend 0x81 hw_synd 0/0)
[lrdn4822:3986089:0:3986089] ib_mlx5_log.c:177  DCI QP 0x105cd wqe[49055]: SEND s-e [rqpn 0xd2b0 rlid 15933] [inl len 10] 
[lrdn4822:3986111:0:3986111] ib_mlx5_log.c:177  Transport retry count exceeded on mlx5_0:1/IB (synd 0x15 vend 0x81 hw_synd 0/0)
[lrdn4822:3986111:0:3986111] ib_mlx5_log.c:177  DCI QP 0x1067a wqe[54591]: SEND s-e [rqpn 0xd0bd rlid 15933] [inl len 10] 
[lrdn4822:3986084:0:3986084] ib_mlx5_log.c:177  Transport retry count exceeded on mlx5_0:1/IB (synd 0x15 vend 0x81 hw_synd 0/0)
[lrdn4822:3986084:0:3986084] ib_mlx5_log.c:177  DCI QP 0x1060a wqe[12710]: SEND s-e [rqpn 0xd317 rlid 15933] [inl len 10] 
[lrdn4822:3986085:0:3986085] ib_mlx5_log.c:177  Transport retry count exceeded on mlx5_0:1/IB (synd 0x15 vend 0x81 hw_synd 0/0)
[lrdn4822:3986085:0:3986085] ib_mlx5_log.c:177  DCI QP 0x10663 wqe[40442]: SEND s-e [rqpn 0xd0ea rlid 15933] [inl len 10] 
[lrdn4822:3986086:0:3986086] ib_mlx5_log.c:177  Transport retry count exceeded on mlx5_0:1/IB (synd 0x15 vend 0x81 hw_synd 0/0)
[lrdn4822:3986086:0:3986086] ib_mlx5_log.c:177  DCI QP 0x10693 wqe[44138]: SEND s-e [rqpn 0xd2f2 rlid 15933] [inl len 10] 
[lrdn4822:3986091:0:3986091] ib_mlx5_log.c:177  Transport retry count exceeded on mlx5_0:1/IB (synd 0x15 vend 0x81 hw_synd 0/0)
[lrdn4822:3986091:0:3986091] ib_mlx5_log.c:177  DCI QP 0x10669 wqe[25714]: SEND s-e [rqpn 0xd314 rlid 15933] [inl len 10] 
[lrdn4822:3986101:0:3986101] ib_mlx5_log.c:177  Transport retry count exceeded on mlx5_0:1/IB (synd 0x15 vend 0x81 hw_synd 0/0)
[lrdn4822:3986101:0:3986101] ib_mlx5_log.c:177  DCI QP 0x1065e wqe[51079]: SEND s-e [rqpn 0xd302 rlid 15933] [va 0x1532ecfc2f80 len 5290 lkey 0x1b24466] 
[lrdn4822:3986087:0:3986087] ib_mlx5_log.c:177  Transport retry count exceeded on mlx5_0:1/IB (synd 0x15 vend 0x81 hw_synd 0/0)
[lrdn4822:3986087:0:3986087] ib_mlx5_log.c:177  DCI QP 0x106ca wqe[46681]: SEND s-e [rqpn 0xd114 rlid 15933] [inl len 10] 
[lrdn4822:3986108:0:3986108] ib_mlx5_log.c:177  Transport retry count exceeded on mlx5_0:1/IB (synd 0x15 vend 0x81 hw_synd 0/0)
[lrdn4822:3986108:0:3986108] ib_mlx5_log.c:177  DCI QP 0x10778 wqe[3424]: SEND s-e [rqpn 0xd13d rlid 15933] [va 0x150fb6dca000 len 5290 lkey 0x40f0dfe] 
[lrdn4822:3986113:0:3986113] ib_mlx5_log.c:177  Transport retry count exceeded on mlx5_0:1/IB (synd 0x15 vend 0x81 hw_synd 0/0)
[lrdn4822:3986113:0:3986113] ib_mlx5_log.c:177  DCI QP 0x10761 wqe[13816]: SEND s-e [rqpn 0xd205 rlid 15933] [inl len 10] 
[lrdn4822:3986079:0:3986079] ib_mlx5_log.c:177  Transport retry count exceeded on mlx5_0:1/IB (synd 0x15 vend 0x81 hw_synd 0/0)
[lrdn4822:3986079:0:3986079] ib_mlx5_log.c:177  DCI QP 0x1075c wqe[17898]: SEND s-e [rqpn 0xd368 rlid 15933] [inl len 10] 
[lrdn4822:3986093:0:3986093] ib_mlx5_log.c:177  Transport retry count exceeded on mlx5_0:1/IB (synd 0x15 vend 0x81 hw_synd 0/0)
[lrdn4822:3986093:0:3986093] ib_mlx5_log.c:177  DCI QP 0x107a9 wqe[36099]: SEND s-e [rqpn 0xd179 rlid 15933] [inl len 10] 
[lrdn4822:3986109:0:3986109] ib_mlx5_log.c:177  Transport retry count exceeded on mlx5_0:1/IB (synd 0x15 vend 0x81 hw_synd 0/0)
[lrdn4822:3986109:0:3986109] ib_mlx5_log.c:177  DCI QP 0x1078a wqe[28880]: SEND s-e [rqpn 0xd2dd rlid 15933] [va 0x146b29e8ff80 len 5290 lkey 0x4039080] 
[lrdn4822:3986114:0:3986114] ib_mlx5_log.c:177  Transport retry count exceeded on mlx5_0:1/IB (synd 0x15 vend 0x81 hw_synd 0/0)
[lrdn4822:3986114:0:3986114] ib_mlx5_log.c:177  DCI QP 0x1079f wqe[6744]: SEND s-e [rqpn 0xd358 rlid 15933] [inl len 10] 
[lrdn4822:3986095:0:3986095] ib_mlx5_log.c:177  Transport retry count exceeded on mlx5_0:1/IB (synd 0x15 vend 0x81 hw_synd 0/0)
[lrdn4822:3986095:0:3986095] ib_mlx5_log.c:177  DCI QP 0x107d4 wqe[4693]: SEND s-e [rqpn 0xd395 rlid 15933] [inl len 10] 
[lrdn4822:3986098:0:3986098] ib_mlx5_log.c:177  Transport retry count exceeded on mlx5_0:1/IB (synd 0x15 vend 0x81 hw_synd 0/0)
[lrdn4822:3986098:0:3986098] ib_mlx5_log.c:177  DCI QP 0x1086f wqe[23603]: SEND s-e [rqpn 0xd2f6 rlid 15933] [inl len 10] 
[lrdn4822:3986094:0:3986094] ib_mlx5_log.c:177  Transport retry count exceeded on mlx5_0:1/IB (synd 0x15 vend 0x81 hw_synd 0/0)
[lrdn4822:3986094:0:3986094] ib_mlx5_log.c:177  DCI QP 0x1086d wqe[31962]: SEND s-e [rqpn 0xd319 rlid 15933] [inl len 10] 
[lrdn4822:3986099:0:3986099] ib_mlx5_log.c:177  Transport retry count exceeded on mlx5_0:1/IB (synd 0x15 vend 0x81 hw_synd 0/0)
[lrdn4822:3986099:0:3986099] ib_mlx5_log.c:177  DCI QP 0x108b0 wqe[7576]: SEND s-e [rqpn 0xd362 rlid 15933] [inl len 10] 
[lrdn4822:3986088:0:3986088] ib_mlx5_log.c:177  Transport retry count exceeded on mlx5_0:1/IB (synd 0x15 vend 0x81 hw_synd 0/0)
[lrdn4822:3986088:0:3986088] ib_mlx5_log.c:177  DCI QP 0x108a7 wqe[25554]: SEND s-e [rqpn 0xd1eb rlid 15933] [inl len 10] 
[lrdn4822:3986092:0:3986092] ib_mlx5_log.c:177  Transport retry count exceeded on mlx5_0:1/IB (synd 0x15 vend 0x81 hw_synd 0/0)
[lrdn4822:3986092:0:3986092] ib_mlx5_log.c:177  DCI QP 0x108ad wqe[27519]: SEND s-e [rqpn 0xd3bf rlid 15933] [inl len 10] 
[lrdn4822:3986100:0:3986100] ib_mlx5_log.c:177  Transport retry count exceeded on mlx5_0:1/IB (synd 0x15 vend 0x81 hw_synd 0/0)
[lrdn4822:3986100:0:3986100] ib_mlx5_log.c:177  DCI QP 0x10898 wqe[27060]: SEND s-e [rqpn 0xd2d1 rlid 15933] [va 0x145de82ebf00 len 5290 lkey 0x3ff190c] 
[lrdn4822:3986083:0:3986083] ib_mlx5_log.c:177  Transport retry count exceeded on mlx5_0:1/IB (synd 0x15 vend 0x81 hw_synd 0/0)
[lrdn4822:3986083:0:3986083] ib_mlx5_log.c:177  DCI QP 0x10880 wqe[27439]: SEND s-e [rqpn 0xd386 rlid 15933] [inl len 10] 
[lrdn4822:3986103:0:3986103] ib_mlx5_log.c:177  Transport retry count exceeded on mlx5_0:1/IB (synd 0x15 vend 0x81 hw_synd 0/0)
[lrdn4822:3986103:0:3986103] ib_mlx5_log.c:177  DCI QP 0x1088e wqe[45940]: SEND s-e [rqpn 0xd141 rlid 15933] [va 0x14c26da2de80 len 5290 lkey 0x3ff8c7c] 
[lrdn4822:3986097:0:3986097] ib_mlx5_log.c:177  Transport retry count exceeded on mlx5_0:1/IB (synd 0x15 vend 0x81 hw_synd 0/0)
[lrdn4822:3986097:0:3986097] ib_mlx5_log.c:177  DCI QP 0x1085b wqe[55614]: SEND s-e [rqpn 0xd3ba rlid 15933] [inl len 10] 
[lrdn4822:3986096:0:3986096] ib_mlx5_log.c:177  Transport retry count exceeded on mlx5_0:1/IB (synd 0x15 vend 0x81 hw_synd 0/0)
[lrdn4822:3986096:0:3986096] ib_mlx5_log.c:177  DCI QP 0x1087a wqe[15161]: SEND s-e [rqpn 0xd35d rlid 15933] [inl len 10] 
[lrdn4822:3986107:0:3986107] ib_mlx5_log.c:177  Transport retry count exceeded on mlx5_0:1/IB (synd 0x15 vend 0x81 hw_synd 0/0)
[lrdn4822:3986107:0:3986107] ib_mlx5_log.c:177  DCI QP 0x10745 wqe[21643]: SEND s-e [rqpn 0xd313 rlid 15933] [va 0x14e8b218ef00 len 5290 lkey 0x2511e] 
forrtl: error (76): Abort trap signal
Image              PC                Routine            Line        Source             
libpthread-2.28.s  0000154EBA9CBCF0  Unknown               Unknown  Unknown
libc-2.28.so       0000154EBA1F4AFF  gsignal               Unknown  Unknown
libc-2.28.so       0000154EBA1C7EA5  abort                 Unknown  Unknown
libucs.so.0.0.0    0000154A75A27D46  Unknown               Unknown  Unknown
libucs.so.0.0.0    0000154A75A2C6A4  ucs_log_default_h     Unknown  Unknown
libucs.so.0.0.0    0000154A75A2C9C4  ucs_log_dispatch      Unknown  Unknown
libuct_ib.so.0.0.  0000154A755864FA  uct_ib_mlx5_compl     Unknown  Unknown
libuct_ib.so.0.0.  0000154A755AF68B  uct_dc_mlx5_ep_ha     Unknown  Unknown
libuct_ib.so.0.0.  0000154A75587F9D  uct_ib_mlx5_check     Unknown  Unknown
libuct_ib.so.0.0.  0000154A755B1C32  Unknown               Unknown  Unknown
libucp.so.0.0.0    0000154A75ED881A  ucp_worker_progre     Unknown  Unknown
libmlx-fi.so       0000154A76161DF1  Unknown               Unknown  Unknown
libmlx-fi.so       0000154A7617AEAD  Unknown               Unknown  Unknown
libmlx-fi.so       0000154A7617A39B  Unknown               Unknown  Unknown
libmpi.so.12.0.0   0000154EBB735E40  Unknown               Unknown  Unknown
libmpi.so.12.0.0   0000154EBB2DA715  Unknown               Unknown  Unknown
libmpi.so.12.0.0   0000154EBB86591F  Unknown               Unknown  Unknown
libmpi.so.12.0.0   0000154EBB6F14A1  Unknown               Unknown  Unknown
libmpi.so.12.0.0   0000154EBB6F1247  Unknown               Unknown  Unknown
libmpi.so.12.0.0   0000154EBB34F4E4  Unknown               Unknown  Unknown
libmpi.so.12.0.0   0000154EBB193F60  MPI_Neighbor_allt     Unknown  Unknown
libmpifort.so.12.  0000154EBCB9B6E5  pmpi_neighbor_all     Unknown  Unknown
regcmMPICLM45      0000000000F0F1CE  Unknown               Unknown  Unknown
regcmMPICLM45      00000000007D2157  Unknown               Unknown  Unknown
regcmMPICLM45      00000000007B7B8D  Unknown               Unknown  Unknown
regcmMPICLM45      00000000007EC1AE  Unknown               Unknown  Unknown
regcmMPICLM45      000000000041534D  Unknown               Unknown  Unknown
libc-2.28.so       0000154EBA1E0D85  __libc_start_main     Unknown  Unknown
regcmMPICLM45      000000000041526E  Unknown               Unknown  Unknown
forrtl: error (76): Abort trap signal
Image              PC                Routine            Line        Source             
libpthread-2.28.s  0000154CA5E45CF0  Unknown               Unknown  Unknown
libc-2.28.so       0000154CA566EAFF  gsignal               Unknown  Unknown
libc-2.28.so       0000154CA5641EA5  abort                 Unknown  Unknown
libucs.so.0.0.0    0000154860EA1D46  Unknown               Unknown  Unknown
libucs.so.0.0.0    0000154860EA66A4  ucs_log_default_h     Unknown  Unknown
libucs.so.0.0.0    0000154860EA69C4  ucs_log_dispatch      Unknown  Unknown
libuct_ib.so.0.0.  0000154860A004FA  uct_ib_mlx5_compl     Unknown  Unknown
libuct_ib.so.0.0.  0000154860A2968B  uct_dc_mlx5_ep_ha     Unknown  Unknown
libuct_ib.so.0.0.  0000154860A01F9D  uct_ib_mlx5_check     Unknown  Unknown
libuct_ib.so.0.0.  0000154860A2BC32  Unknown               Unknown  Unknown
libucp.so.0.0.0    000015486135281A  ucp_worker_progre     Unknown  Unknown
libmlx-fi.so       00001548615DBDF1  Unknown               Unknown  Unknown
libmlx-fi.so       00001548615F4EAD  Unknown               Unknown  Unknown
libmlx-fi.so       00001548615F439B  Unknown               Unknown  Unknown
libmpi.so.12.0.0   0000154CA6BAFE40  Unknown               Unknown  Unknown
libmpi.so.12.0.0   0000154CA6754715  Unknown               Unknown  Unknown
libmpi.so.12.0.0   0000154CA6CDF91F  Unknown               Unknown  Unknown
libmpi.so.12.0.0   0000154CA6B6B4A1  Unknown               Unknown  Unknown
libmpi.so.12.0.0   0000154CA6B6B247  Unknown               Unknown  Unknown
libmpi.so.12.0.0   0000154CA67C94E4  Unknown               Unknown  Unknown
libmpi.so.12.0.0   0000154CA660DF60  MPI_Neighbor_allt     Unknown  Unknown
libmpifort.so.12.  0000154CA80156E5  pmpi_neighbor_all     Unknown  Unknown
regcmMPICLM45      0000000000F0F1CE  Unknown               Unknown  Unknown
regcmMPICLM45      00000000007D2157  Unknown               Unknown  Unknown
regcmMPICLM45      00000000007B7B8D  Unknown               Unknown  Unknown
regcmMPICLM45      00000000007EC1AE  Unknown               Unknown  Unknown
regcmMPICLM45      000000000041534D  Unknown               Unknown  Unknown
libc-2.28.so       0000154CA565AD85  __libc_start_main     Unknown  Unknown
regcmMPICLM45      000000000041526E  Unknown               Unknown  Unknown
forrtl: error (76): Abort trap signal
Image              PC                Routine            Line        Source             
libpthread-2.28.s  00001514068BDCF0  Unknown               Unknown  Unknown
libc-2.28.so       00001514060E4AFF  gsignal               Unknown  Unknown
libc-2.28.so       00001514060B7EA5  abort                 Unknown  Unknown
libucs.so.0.0.0    0000150FC1917D46  Unknown               Unknown  Unknown
libucs.so.0.0.0    0000150FC191C6A4  ucs_log_default_h     Unknown  Unknown
libucs.so.0.0.0    0000150FC191C9C4  ucs_log_dispatch      Unknown  Unknown
libuct_ib.so.0.0.  0000150FC14764FA  uct_ib_mlx5_compl     Unknown  Unknown
libuct_ib.so.0.0.  0000150FC149F68B  uct_dc_mlx5_ep_ha     Unknown  Unknown
libuct_ib.so.0.0.  0000150FC1477F9D  uct_ib_mlx5_check     Unknown  Unknown
libuct_ib.so.0.0.  0000150FC14A1C32  Unknown               Unknown  Unknown
libucp.so.0.0.0    0000150FC1DC881A  ucp_worker_progre     Unknown  Unknown
libmlx-fi.so       0000150FC2051DF1  Unknown               Unknown  Unknown
libmlx-fi.so       0000150FC206AEAD  Unknown               Unknown  Unknown
libmlx-fi.so       0000150FC206A39B  Unknown               Unknown  Unknown
libmpi.so.12.0.0   0000151407627E40  Unknown               Unknown  Unknown
libmpi.so.12.0.0   00001514071CC715  Unknown               Unknown  Unknown
libmpi.so.12.0.0   000015140775791F  Unknown               Unknown  Unknown
libmpi.so.12.0.0   00001514075E34A1  Unknown               Unknown  Unknown
libmpi.so.12.0.0   00001514075E3247  Unknown               Unknown  Unknown
libmpi.so.12.0.0   00001514072414E4  Unknown               Unknown  Unknown
libmpi.so.12.0.0   0000151407085F60  MPI_Neighbor_allt     Unknown  Unknown
libmpifort.so.12.  0000151408A8D6E5  pmpi_neighbor_all     Unknown  Unknown
regcmMPICLM45      0000000000F1168B  Unknown               Unknown  Unknown
regcmMPICLM45      00000000007D1555  Unknown               Unknown  Unknown
regcmMPICLM45      00000000007B7B9C  Unknown               Unknown  Unknown
regcmMPICLM45      00000000007EC1AE  Unknown               Unknown  Unknown
regcmMPICLM45      000000000041534D  Unknown               Unknown  Unknown
libc-2.28.so       00001514060D0D85  __libc_start_main     Unknown  Unknown
regcmMPICLM45      000000000041526E  Unknown               Unknown  Unknown
forrtl: error (76): Abort trap signal
Image              PC                Routine            Line        Source             
libpthread-2.28.s  0000150CD3E4DCF0  Unknown               Unknown  Unknown
libc-2.28.so       0000150CD3676AFF  gsignal               Unknown  Unknown
libc-2.28.so       0000150CD3649EA5  abort                 Unknown  Unknown
libucs.so.0.0.0    000015088EEA9D46  Unknown               Unknown  Unknown
libucs.so.0.0.0    000015088EEAE6A4  ucs_log_default_h     Unknown  Unknown
libucs.so.0.0.0    000015088EEAE9C4  ucs_log_dispatch      Unknown  Unknown
libuct_ib.so.0.0.  000015088EA084FA  uct_ib_mlx5_compl     Unknown  Unknown
libuct_ib.so.0.0.  000015088EA3168B  uct_dc_mlx5_ep_ha     Unknown  Unknown
libuct_ib.so.0.0.  000015088EA09F9D  uct_ib_mlx5_check     Unknown  Unknown
libuct_ib.so.0.0.  000015088EA33C32  Unknown               Unknown  Unknown
libucp.so.0.0.0    000015088F35A81A  ucp_worker_progre     Unknown  Unknown
libmlx-fi.so       000015088F5E3DF1  Unknown               Unknown  Unknown
libmlx-fi.so       000015088F5FCEAD  Unknown               Unknown  Unknown
libmlx-fi.so       000015088F5FC39B  Unknown               Unknown  Unknown
libmpi.so.12.0.0   0000150CD4BB7E40  Unknown               Unknown  Unknown
libmpi.so.12.0.0   0000150CD475C715  Unknown               Unknown  Unknown
libmpi.so.12.0.0   0000150CD4CE791F  Unknown               Unknown  Unknown
libmpi.so.12.0.0   0000150CD4B734A1  Unknown               Unknown  Unknown
libmpi.so.12.0.0   0000150CD4B73247  Unknown               Unknown  Unknown
libmpi.so.12.0.0   0000150CD47D14E4  Unknown               Unknown  Unknown
libmpi.so.12.0.0   0000150CD4615F60  MPI_Neighbor_allt     Unknown  Unknown
libmpifort.so.12.  0000150CD601D6E5  pmpi_neighbor_all     Unknown  Unknown
regcmMPICLM45      0000000000F0F1CE  Unknown               Unknown  Unknown
regcmMPICLM45      00000000007D2157  Unknown               Unknown  Unknown
regcmMPICLM45      00000000007B7B8D  Unknown               Unknown  Unknown
regcmMPICLM45      00000000007EC1AE  Unknown               Unknown  Unknown
regcmMPICLM45      000000000041534D  Unknown               Unknown  Unknown
libc-2.28.so       0000150CD3662D85  __libc_start_main     Unknown  Unknown
regcmMPICLM45      000000000041526E  Unknown               Unknown  Unknown
forrtl: error (76): Abort trap signal
Image              PC                Routine            Line        Source             
libpthread-2.28.s  0000149748335CF0  Unknown               Unknown  Unknown
libc-2.28.so       0000149747B5EAFF  gsignal               Unknown  Unknown
libc-2.28.so       0000149747B31EA5  abort                 Unknown  Unknown
libucs.so.0.0.0    0000149303391D46  Unknown               Unknown  Unknown
libucs.so.0.0.0    00001493033966A4  ucs_log_default_h     Unknown  Unknown
libucs.so.0.0.0    00001493033969C4  ucs_log_dispatch      Unknown  Unknown
libuct_ib.so.0.0.  0000149302EF04FA  uct_ib_mlx5_compl     Unknown  Unknown
libuct_ib.so.0.0.  0000149302F1968B  uct_dc_mlx5_ep_ha     Unknown  Unknown
libuct_ib.so.0.0.  0000149302EF1F9D  uct_ib_mlx5_check     Unknown  Unknown
libuct_ib.so.0.0.  0000149302F1BC32  Unknown               Unknown  Unknown
libucp.so.0.0.0    000014930384281A  ucp_worker_progre     Unknown  Unknown
libmlx-fi.so       0000149303ACBDF1  Unknown               Unknown  Unknown
libmlx-fi.so       0000149303AE4EAD  Unknown               Unknown  Unknown
libmlx-fi.so       0000149303AE439B  Unknown               Unknown  Unknown
libmpi.so.12.0.0   000014974909FE40  Unknown               Unknown  Unknown
libmpi.so.12.0.0   0000149748C44715  Unknown               Unknown  Unknown
libmpi.so.12.0.0   00001497491CF91F  Unknown               Unknown  Unknown
libmpi.so.12.0.0   000014974905B4A1  Unknown               Unknown  Unknown
libmpi.so.12.0.0   000014974905B247  Unknown               Unknown  Unknown
libmpi.so.12.0.0   0000149748CB94E4  Unknown               Unknown  Unknown
libmpi.so.12.0.0   0000149748AFDF60  MPI_Neighbor_allt     Unknown  Unknown
libmpifort.so.12.  000014974A5056E5  pmpi_neighbor_all     Unknown  Unknown
regcmMPICLM45      0000000000F0F1CE  Unknown               Unknown  Unknown
regcmMPICLM45      00000000007D2157  Unknown               Unknown  Unknown
regcmMPICLM45      00000000007B7B8D  Unknown               Unknown  Unknown
regcmMPICLM45      00000000007EC1AE  Unknown               Unknown  Unknown
regcmMPICLM45      000000000041534D  Unknown               Unknown  Unknown
libc-2.28.so       0000149747B4AD85  __libc_start_main     Unknown  Unknown
regcmMPICLM45      000000000041526E  Unknown               Unknown  Unknown
forrtl: error (76): Abort trap signal
Image              PC                Routine            Line        Source             
libpthread-2.28.s  000014909BEAACF0  Unknown               Unknown  Unknown
libc-2.28.so       000014909B6D3AFF  gsignal               Unknown  Unknown
libc-2.28.so       000014909B6A6EA5  abort                 Unknown  Unknown
libucs.so.0.0.0    0000148C56F06D46  Unknown               Unknown  Unknown
libucs.so.0.0.0    0000148C56F0B6A4  ucs_log_default_h     Unknown  Unknown
libucs.so.0.0.0    0000148C56F0B9C4  ucs_log_dispatch      Unknown  Unknown
libuct_ib.so.0.0.  0000148C56A654FA  uct_ib_mlx5_compl     Unknown  Unknown
libuct_ib.so.0.0.  0000148C56A8E68B  uct_dc_mlx5_ep_ha     Unknown  Unknown
libuct_ib.so.0.0.  0000148C56A66F9D  uct_ib_mlx5_check     Unknown  Unknown
libuct_ib.so.0.0.  0000148C56A90C32  Unknown               Unknown  Unknown
libucp.so.0.0.0    0000148C573B781A  ucp_worker_progre     Unknown  Unknown
libmlx-fi.so       0000148C57640DF1  Unknown               Unknown  Unknown
libmlx-fi.so       0000148C57659EAD  Unknown               Unknown  Unknown
libmlx-fi.so       0000148C5765939B  Unknown               Unknown  Unknown
libmpi.so.12.0.0   000014909CC14E40  Unknown               Unknown  Unknown
libmpi.so.12.0.0   000014909C7B9715  Unknown               Unknown  Unknown
libmpi.so.12.0.0   000014909CD4491F  Unknown               Unknown  Unknown
libmpi.so.12.0.0   000014909CBD04A1  Unknown               Unknown  Unknown
libmpi.so.12.0.0   000014909CBD0247  Unknown               Unknown  Unknown
libmpi.so.12.0.0   000014909C82E4E4  Unknown               Unknown  Unknown
libmpi.so.12.0.0   000014909C672F60  MPI_Neighbor_allt     Unknown  Unknown
libmpifort.so.12.  000014909E07A6E5  pmpi_neighbor_all     Unknown  Unknown
regcmMPICLM45      0000000000F0F1CE  Unknown               Unknown  Unknown
regcmMPICLM45      00000000007D2157  Unknown               Unknown  Unknown
regcmMPICLM45      00000000007B7B8D  Unknown               Unknown  Unknown
regcmMPICLM45      00000000007EC1AE  Unknown               Unknown  Unknown
regcmMPICLM45      000000000041534D  Unknown               Unknown  Unknown
libc-2.28.so       000014909B6BFD85  __libc_start_main     Unknown  Unknown
regcmMPICLM45      000000000041526E  Unknown               Unknown  Unknown
forrtl: error (76): Abort trap signal
Image              PC                Routine            Line        Source             
libpthread-2.28.s  00001494F7AE5CF0  Unknown               Unknown  Unknown
libc-2.28.so       00001494F730EAFF  gsignal               Unknown  Unknown
libc-2.28.so       00001494F72E1EA5  abort                 Unknown  Unknown
libucs.so.0.0.0    00001490B2B41D46  Unknown               Unknown  Unknown
libucs.so.0.0.0    00001490B2B466A4  ucs_log_default_h     Unknown  Unknown
libucs.so.0.0.0    00001490B2B469C4  ucs_log_dispatch      Unknown  Unknown
libuct_ib.so.0.0.  00001490B26A04FA  uct_ib_mlx5_compl     Unknown  Unknown
libuct_ib.so.0.0.  00001490B26C968B  uct_dc_mlx5_ep_ha     Unknown  Unknown
libuct_ib.so.0.0.  00001490B26A1F9D  uct_ib_mlx5_check     Unknown  Unknown
libuct_ib.so.0.0.  00001490B26CBC32  Unknown               Unknown  Unknown
libucp.so.0.0.0    00001490B2FF281A  ucp_worker_progre     Unknown  Unknown
libmlx-fi.so       00001490B327BDF1  Unknown               Unknown  Unknown
libmlx-fi.so       00001490B3294EAD  Unknown               Unknown  Unknown
libmlx-fi.so       00001490B329439B  Unknown               Unknown  Unknown
libmpi.so.12.0.0   00001494F884FE40  Unknown               Unknown  Unknown
libmpi.so.12.0.0   00001494F83F4715  Unknown               Unknown  Unknown
libmpi.so.12.0.0   00001494F897F91F  Unknown               Unknown  Unknown
libmpi.so.12.0.0   00001494F880B4A1  Unknown               Unknown  Unknown
libmpi.so.12.0.0   00001494F880B247  Unknown               Unknown  Unknown
libmpi.so.12.0.0   00001494F84694E4  Unknown               Unknown  Unknown
libmpi.so.12.0.0   00001494F82ADF60  MPI_Neighbor_allt     Unknown  Unknown
libmpifort.so.12.  00001494F9CB56E5  pmpi_neighbor_all     Unknown  Unknown
regcmMPICLM45      0000000000F0F1CE  Unknown               Unknown  Unknown
regcmMPICLM45      00000000007D2157  Unknown               Unknown  Unknown
regcmMPICLM45      00000000007B7B8D  Unknown               Unknown  Unknown
regcmMPICLM45      00000000007EC1AE  Unknown               Unknown  Unknown
regcmMPICLM45      000000000041534D  Unknown               Unknown  Unknown
libc-2.28.so       00001494F72FAD85  __libc_start_main     Unknown  Unknown
regcmMPICLM45      000000000041526E  Unknown               Unknown  Unknown
forrtl: error (76): Abort trap signal
Image              PC                Routine            Line        Source             
libpthread-2.28.s  00001475C0770CF0  Unknown               Unknown  Unknown
libc-2.28.so       00001475BFF99AFF  gsignal               Unknown  Unknown
libc-2.28.so       00001475BFF6CEA5  abort                 Unknown  Unknown
libucs.so.0.0.0    000014717B7CCD46  Unknown               Unknown  Unknown
libucs.so.0.0.0    000014717B7D16A4  ucs_log_default_h     Unknown  Unknown
libucs.so.0.0.0    000014717B7D19C4  ucs_log_dispatch      Unknown  Unknown
libuct_ib.so.0.0.  000014717B32B4FA  uct_ib_mlx5_compl     Unknown  Unknown
libuct_ib.so.0.0.  000014717B35468B  uct_dc_mlx5_ep_ha     Unknown  Unknown
libuct_ib.so.0.0.  000014717B32CF9D  uct_ib_mlx5_check     Unknown  Unknown
libuct_ib.so.0.0.  000014717B356C32  Unknown               Unknown  Unknown
libucp.so.0.0.0    000014717BC7D81A  ucp_worker_progre     Unknown  Unknown
libmlx-fi.so       000014717BF06DF1  Unknown               Unknown  Unknown
libmlx-fi.so       000014717BF1FEAD  Unknown               Unknown  Unknown
libmlx-fi.so       000014717BF1F39B  Unknown               Unknown  Unknown
libmpi.so.12.0.0   00001475C14DAE40  Unknown               Unknown  Unknown
libmpi.so.12.0.0   00001475C107F715  Unknown               Unknown  Unknown
libmpi.so.12.0.0   00001475C160A91F  Unknown               Unknown  Unknown
libmpi.so.12.0.0   00001475C14964A1  Unknown               Unknown  Unknown
libmpi.so.12.0.0   00001475C1496247  Unknown               Unknown  Unknown
libmpi.so.12.0.0   00001475C10F44E4  Unknown               Unknown  Unknown
libmpi.so.12.0.0   00001475C0F38F60  MPI_Neighbor_allt     Unknown  Unknown
libmpifort.so.12.  00001475C29406E5  pmpi_neighbor_all     Unknown  Unknown
regcmMPICLM45      0000000000F1168B  Unknown               Unknown  Unknown
regcmMPICLM45      00000000007D1555  Unknown               Unknown  Unknown
regcmMPICLM45      00000000007B7B9C  Unknown               Unknown  Unknown
regcmMPICLM45      00000000007EC1AE  Unknown               Unknown  Unknown
regcmMPICLM45      000000000041534D  Unknown               Unknown  Unknown
libc-2.28.so       00001475BFF85D85  __libc_start_main     Unknown  Unknown
regcmMPICLM45      000000000041526E  Unknown               Unknown  Unknown
forrtl: error (76): Abort trap signal
Image              PC                Routine            Line        Source             
libpthread-2.28.s  000014E317A23CF0  Unknown               Unknown  Unknown
libc-2.28.so       000014E31724CAFF  gsignal               Unknown  Unknown
libc-2.28.so       000014E31721FEA5  abort                 Unknown  Unknown
libucs.so.0.0.0    000014DED2A7FD46  Unknown               Unknown  Unknown
libucs.so.0.0.0    000014DED2A846A4  ucs_log_default_h     Unknown  Unknown
libucs.so.0.0.0    000014DED2A849C4  ucs_log_dispatch      Unknown  Unknown
libuct_ib.so.0.0.  000014DED25DE4FA  uct_ib_mlx5_compl     Unknown  Unknown
libuct_ib.so.0.0.  000014DED260768B  uct_dc_mlx5_ep_ha     Unknown  Unknown
libuct_ib.so.0.0.  000014DED25DFF9D  uct_ib_mlx5_check     Unknown  Unknown
libuct_ib.so.0.0.  000014DED2609C32  Unknown               Unknown  Unknown
libucp.so.0.0.0    000014DED2F3081A  ucp_worker_progre     Unknown  Unknown
libmlx-fi.so       000014DED31B9DF1  Unknown               Unknown  Unknown
libmlx-fi.so       000014DED31D2EAD  Unknown               Unknown  Unknown
libmlx-fi.so       000014DED31D239B  Unknown               Unknown  Unknown
libmpi.so.12.0.0   000014E31878DE40  Unknown               Unknown  Unknown
libmpi.so.12.0.0   000014E318332715  Unknown               Unknown  Unknown
libmpi.so.12.0.0   000014E3188BD91F  Unknown               Unknown  Unknown
libmpi.so.12.0.0   000014E3187494A1  Unknown               Unknown  Unknown
libmpi.so.12.0.0   000014E318749247  Unknown               Unknown  Unknown
libmpi.so.12.0.0   000014E3183A74E4  Unknown               Unknown  Unknown
libmpi.so.12.0.0   000014E3181EBF60  MPI_Neighbor_allt     Unknown  Unknown
libmpifort.so.12.  000014E319BF36E5  pmpi_neighbor_all     Unknown  Unknown
regcmMPICLM45      0000000000F0F1CE  Unknown               Unknown  Unknown
regcmMPICLM45      00000000007D2157  Unknown               Unknown  Unknown
regcmMPICLM45      00000000007B7B8D  Unknown               Unknown  Unknown
regcmMPICLM45      00000000007EC1AE  Unknown               Unknown  Unknown
regcmMPICLM45      000000000041534D  Unknown               Unknown  Unknown
libc-2.28.so       000014E317238D85  __libc_start_main     Unknown  Unknown
regcmMPICLM45      000000000041526E  Unknown               Unknown  Unknown
forrtl: error (76): Abort trap signal
Image              PC                Routine            Line        Source             
libpthread-2.28.s  000014CEFF35ECF0  Unknown               Unknown  Unknown
libc-2.28.so       000014CEFEB87AFF  gsignal               Unknown  Unknown
libc-2.28.so       000014CEFEB5AEA5  abort                 Unknown  Unknown
libucs.so.0.0.0    000014CABA3BAD46  Unknown               Unknown  Unknown
libucs.so.0.0.0    000014CABA3BF6A4  ucs_log_default_h     Unknown  Unknown
libucs.so.0.0.0    000014CABA3BF9C4  ucs_log_dispatch      Unknown  Unknown
libuct_ib.so.0.0.  000014CAB9F194FA  uct_ib_mlx5_compl     Unknown  Unknown
libuct_ib.so.0.0.  000014CAB9F4268B  uct_dc_mlx5_ep_ha     Unknown  Unknown
libuct_ib.so.0.0.  000014CAB9F1AF9D  uct_ib_mlx5_check     Unknown  Unknown
libuct_ib.so.0.0.  000014CAB9F44C32  Unknown               Unknown  Unknown
libucp.so.0.0.0    000014CABA86B81A  ucp_worker_progre     Unknown  Unknown
libmlx-fi.so       000014CABAAF4DF1  Unknown               Unknown  Unknown
libmlx-fi.so       000014CABAB0DEAD  Unknown               Unknown  Unknown
libmlx-fi.so       000014CABAB0D39B  Unknown               Unknown  Unknown
libmpi.so.12.0.0   000014CF000C8E40  Unknown               Unknown  Unknown
libmpi.so.12.0.0   000014CEFFC6D715  Unknown               Unknown  Unknown
libmpi.so.12.0.0   000014CF001F891F  Unknown               Unknown  Unknown
libmpi.so.12.0.0   000014CF000844A1  Unknown               Unknown  Unknown
libmpi.so.12.0.0   000014CF00084247  Unknown               Unknown  Unknown
libmpi.so.12.0.0   000014CEFFCE24E4  Unknown               Unknown  Unknown
libmpi.so.12.0.0   000014CEFFB26F60  MPI_Neighbor_allt     Unknown  Unknown
libmpifort.so.12.  000014CF0152E6E5  pmpi_neighbor_all     Unknown  Unknown
regcmMPICLM45      0000000000F0F1CE  Unknown               Unknown  Unknown
regcmMPICLM45      00000000007D2157  Unknown               Unknown  Unknown
regcmMPICLM45      00000000007B7B8D  Unknown               Unknown  Unknown
regcmMPICLM45      00000000007EC1AE  Unknown               Unknown  Unknown
regcmMPICLM45      000000000041534D  Unknown               Unknown  Unknown
libc-2.28.so       000014CEFEB73D85  __libc_start_main     Unknown  Unknown
regcmMPICLM45      000000000041526E  Unknown               Unknown  Unknown
forrtl: error (76): Abort trap signal
Image              PC                Routine            Line        Source             
libpthread-2.28.s  000014F3D007ECF0  Unknown               Unknown  Unknown
libc-2.28.so       000014F3CF8A7AFF  gsignal               Unknown  Unknown
libc-2.28.so       000014F3CF87AEA5  abort                 Unknown  Unknown
libucs.so.0.0.0    000014EF8B0DAD46  Unknown               Unknown  Unknown
libucs.so.0.0.0    000014EF8B0DF6A4  ucs_log_default_h     Unknown  Unknown
libucs.so.0.0.0    000014EF8B0DF9C4  ucs_log_dispatch      Unknown  Unknown
libuct_ib.so.0.0.  000014EF8AC394FA  uct_ib_mlx5_compl     Unknown  Unknown
libuct_ib.so.0.0.  000014EF8AC6268B  uct_dc_mlx5_ep_ha     Unknown  Unknown
libuct_ib.so.0.0.  000014EF8AC3AF9D  uct_ib_mlx5_check     Unknown  Unknown
libuct_ib.so.0.0.  000014EF8AC64C32  Unknown               Unknown  Unknown
libucp.so.0.0.0    000014EF8B58B81A  ucp_worker_progre     Unknown  Unknown
libmlx-fi.so       000014EF8B814DF1  Unknown               Unknown  Unknown
libmlx-fi.so       000014EF8B82DEAD  Unknown               Unknown  Unknown
libmlx-fi.so       000014EF8B82D39B  Unknown               Unknown  Unknown
libmpi.so.12.0.0   000014F3D0DE8E40  Unknown               Unknown  Unknown
libmpi.so.12.0.0   000014F3D098D715  Unknown               Unknown  Unknown
libmpi.so.12.0.0   000014F3D0F1891F  Unknown               Unknown  Unknown
libmpi.so.12.0.0   000014F3D0DA44A1  Unknown               Unknown  Unknown
libmpi.so.12.0.0   000014F3D0DA4247  Unknown               Unknown  Unknown
libmpi.so.12.0.0   000014F3D0A024E4  Unknown               Unknown  Unknown
libmpi.so.12.0.0   000014F3D0846F60  MPI_Neighbor_allt     Unknown  Unknown
libmpifort.so.12.  000014F3D224E6E5  pmpi_neighbor_all     Unknown  Unknown
regcmMPICLM45      0000000000F0F1CE  Unknown               Unknown  Unknown
regcmMPICLM45      00000000007D2157  Unknown               Unknown  Unknown
regcmMPICLM45      00000000007B7B8D  Unknown               Unknown  Unknown
regcmMPICLM45      00000000007EC1AE  Unknown               Unknown  Unknown
regcmMPICLM45      000000000041534D  Unknown               Unknown  Unknown
libc-2.28.so       000014F3CF893D85  __libc_start_main     Unknown  Unknown
regcmMPICLM45      000000000041526E  Unknown               Unknown  Unknown
forrtl: error (76): Abort trap signal
Image              PC                Routine            Line        Source             
libpthread-2.28.s  00001509512F5CF0  Unknown               Unknown  Unknown
libc-2.28.so       0000150950B1EAFF  gsignal               Unknown  Unknown
libc-2.28.so       0000150950AF1EA5  abort                 Unknown  Unknown
libucs.so.0.0.0    000015050C351D46  Unknown               Unknown  Unknown
libucs.so.0.0.0    000015050C3566A4  ucs_log_default_h     Unknown  Unknown
libucs.so.0.0.0    000015050C3569C4  ucs_log_dispatch      Unknown  Unknown
libuct_ib.so.0.0.  000015050BEB04FA  uct_ib_mlx5_compl     Unknown  Unknown
libuct_ib.so.0.0.  000015050BED968B  uct_dc_mlx5_ep_ha     Unknown  Unknown
libuct_ib.so.0.0.  000015050BEB1F9D  uct_ib_mlx5_check     Unknown  Unknown
libuct_ib.so.0.0.  000015050BEDBC32  Unknown               Unknown  Unknown
libucp.so.0.0.0    000015050C80281A  ucp_worker_progre     Unknown  Unknown
libmlx-fi.so       000015050CA8BDF1  Unknown               Unknown  Unknown
libmlx-fi.so       000015050CAA4EAD  Unknown               Unknown  Unknown
libmlx-fi.so       000015050CAA439B  Unknown               Unknown  Unknown
libmpi.so.12.0.0   000015095205FE40  Unknown               Unknown  Unknown
libmpi.so.12.0.0   0000150951C04715  Unknown               Unknown  Unknown
libmpi.so.12.0.0   000015095218F91F  Unknown               Unknown  Unknown
libmpi.so.12.0.0   000015095201B4A1  Unknown               Unknown  Unknown
libmpi.so.12.0.0   000015095201B247  Unknown               Unknown  Unknown
libmpi.so.12.0.0   0000150951C794E4  Unknown               Unknown  Unknown
libmpi.so.12.0.0   0000150951ABDF60  MPI_Neighbor_allt     Unknown  Unknown
libmpifort.so.12.  00001509534C56E5  pmpi_neighbor_all     Unknown  Unknown
regcmMPICLM45      0000000000F0F1CE  Unknown               Unknown  Unknown
regcmMPICLM45      00000000007D2157  Unknown               Unknown  Unknown
regcmMPICLM45      00000000007B7B8D  Unknown               Unknown  Unknown
regcmMPICLM45      00000000007EC1AE  Unknown               Unknown  Unknown
regcmMPICLM45      000000000041534D  Unknown               Unknown  Unknown
libc-2.28.so       0000150950B0AD85  __libc_start_main     Unknown  Unknown
regcmMPICLM45      000000000041526E  Unknown               Unknown  Unknown
forrtl: error (76): Abort trap signal
Image              PC                Routine            Line        Source             
libpthread-2.28.s  0000146237F4BCF0  Unknown               Unknown  Unknown
libc-2.28.so       0000146237774AFF  gsignal               Unknown  Unknown
libc-2.28.so       0000146237747EA5  abort                 Unknown  Unknown
libucs.so.0.0.0    0000145DF2FA7D46  Unknown               Unknown  Unknown
libucs.so.0.0.0    0000145DF2FAC6A4  ucs_log_default_h     Unknown  Unknown
libucs.so.0.0.0    0000145DF2FAC9C4  ucs_log_dispatch      Unknown  Unknown
libuct_ib.so.0.0.  0000145DF2B064FA  uct_ib_mlx5_compl     Unknown  Unknown
libuct_ib.so.0.0.  0000145DF2B2F68B  uct_dc_mlx5_ep_ha     Unknown  Unknown
libuct_ib.so.0.0.  0000145DF2B07F9D  uct_ib_mlx5_check     Unknown  Unknown
libuct_ib.so.0.0.  0000145DF2B31C32  Unknown               Unknown  Unknown
libucp.so.0.0.0    0000145DF345881A  ucp_worker_progre     Unknown  Unknown
libmlx-fi.so       0000145DF36E1DF1  Unknown               Unknown  Unknown
libmlx-fi.so       0000145DF36FAEAD  Unknown               Unknown  Unknown
libmlx-fi.so       0000145DF36FA39B  Unknown               Unknown  Unknown
libmpi.so.12.0.0   0000146238CB5E40  Unknown               Unknown  Unknown
libmpi.so.12.0.0   000014623885A715  Unknown               Unknown  Unknown
libmpi.so.12.0.0   0000146238DE591F  Unknown               Unknown  Unknown
libmpi.so.12.0.0   0000146238C714A1  Unknown               Unknown  Unknown
libmpi.so.12.0.0   0000146238C71247  Unknown               Unknown  Unknown
libmpi.so.12.0.0   00001462388CF4E4  Unknown               Unknown  Unknown
libmpi.so.12.0.0   0000146238713F60  MPI_Neighbor_allt     Unknown  Unknown
libmpifort.so.12.  000014623A11B6E5  pmpi_neighbor_all     Unknown  Unknown
regcmMPICLM45      0000000000F1168B  Unknown               Unknown  Unknown
regcmMPICLM45      00000000007D1555  Unknown               Unknown  Unknown
regcmMPICLM45      00000000007B7B9C  Unknown               Unknown  Unknown
regcmMPICLM45      00000000007EC1AE  Unknown               Unknown  Unknown
regcmMPICLM45      000000000041534D  Unknown               Unknown  Unknown
libc-2.28.so       0000146237760D85  __libc_start_main     Unknown  Unknown
regcmMPICLM45      000000000041526E  Unknown               Unknown  Unknown
forrtl: error (76): Abort trap signal
Image              PC                Routine            Line        Source             
libpthread-2.28.s  000015373CA67CF0  Unknown               Unknown  Unknown
libc-2.28.so       000015373C290AFF  gsignal               Unknown  Unknown
libc-2.28.so       000015373C263EA5  abort                 Unknown  Unknown
libucs.so.0.0.0    00001532F7AC3D46  Unknown               Unknown  Unknown
libucs.so.0.0.0    00001532F7AC86A4  ucs_log_default_h     Unknown  Unknown
libucs.so.0.0.0    00001532F7AC89C4  ucs_log_dispatch      Unknown  Unknown
libuct_ib.so.0.0.  00001532F76224FA  uct_ib_mlx5_compl     Unknown  Unknown
libuct_ib.so.0.0.  00001532F764B68B  uct_dc_mlx5_ep_ha     Unknown  Unknown
libuct_ib.so.0.0.  00001532F7623F9D  uct_ib_mlx5_check     Unknown  Unknown
libuct_ib.so.0.0.  00001532F764DC32  Unknown               Unknown  Unknown
libucp.so.0.0.0    00001532F7F7481A  ucp_worker_progre     Unknown  Unknown
libmlx-fi.so       00001532F81FDDF1  Unknown               Unknown  Unknown
libmlx-fi.so       00001532F8216EAD  Unknown               Unknown  Unknown
libmlx-fi.so       00001532F821639B  Unknown               Unknown  Unknown
libmpi.so.12.0.0   000015373D7D1E40  Unknown               Unknown  Unknown
libmpi.so.12.0.0   000015373D376715  Unknown               Unknown  Unknown
libmpi.so.12.0.0   000015373D90191F  Unknown               Unknown  Unknown
libmpi.so.12.0.0   000015373D78D4A1  Unknown               Unknown  Unknown
libmpi.so.12.0.0   000015373D78D247  Unknown               Unknown  Unknown
libmpi.so.12.0.0   000015373D3EB4E4  Unknown               Unknown  Unknown
libmpi.so.12.0.0   000015373D22FF60  MPI_Neighbor_allt     Unknown  Unknown
libmpifort.so.12.  000015373EC376E5  pmpi_neighbor_all     Unknown  Unknown
regcmMPICLM45      0000000000F1168B  Unknown               Unknown  Unknown
regcmMPICLM45      00000000007D1555  Unknown               Unknown  Unknown
regcmMPICLM45      00000000007B7B9C  Unknown               Unknown  Unknown
regcmMPICLM45      00000000007EC1AE  Unknown               Unknown  Unknown
regcmMPICLM45      000000000041534D  Unknown               Unknown  Unknown
libc-2.28.so       000015373C27CD85  __libc_start_main     Unknown  Unknown
regcmMPICLM45      000000000041526E  Unknown               Unknown  Unknown
forrtl: error (76): Abort trap signal
Image              PC                Routine            Line        Source             
libpthread-2.28.s  000014E0E2C38CF0  Unknown               Unknown  Unknown
libc-2.28.so       000014E0E2461AFF  gsignal               Unknown  Unknown
libc-2.28.so       000014E0E2434EA5  abort                 Unknown  Unknown
libucs.so.0.0.0    000014DC9DC94D46  Unknown               Unknown  Unknown
libucs.so.0.0.0    000014DC9DC996A4  ucs_log_default_h     Unknown  Unknown
libucs.so.0.0.0    000014DC9DC999C4  ucs_log_dispatch      Unknown  Unknown
libuct_ib.so.0.0.  000014DC9D7F34FA  uct_ib_mlx5_compl     Unknown  Unknown
libuct_ib.so.0.0.  000014DC9D81C68B  uct_dc_mlx5_ep_ha     Unknown  Unknown
libuct_ib.so.0.0.  000014DC9D7F4F9D  uct_ib_mlx5_check     Unknown  Unknown
libuct_ib.so.0.0.  000014DC9D81EC32  Unknown               Unknown  Unknown
libucp.so.0.0.0    000014DC9E14581A  ucp_worker_progre     Unknown  Unknown
libmlx-fi.so       000014DC9E3CEDF1  Unknown               Unknown  Unknown
libmlx-fi.so       000014DC9E3E7EAD  Unknown               Unknown  Unknown
libmlx-fi.so       000014DC9E3E739B  Unknown               Unknown  Unknown
libmpi.so.12.0.0   000014E0E39A2E40  Unknown               Unknown  Unknown
libmpi.so.12.0.0   000014E0E3547715  Unknown               Unknown  Unknown
libmpi.so.12.0.0   000014E0E3AD291F  Unknown               Unknown  Unknown
libmpi.so.12.0.0   000014E0E395E4A1  Unknown               Unknown  Unknown
libmpi.so.12.0.0   000014E0E395E247  Unknown               Unknown  Unknown
libmpi.so.12.0.0   000014E0E35BC4E4  Unknown               Unknown  Unknown
libmpi.so.12.0.0   000014E0E3400F60  MPI_Neighbor_allt     Unknown  Unknown
libmpifort.so.12.  000014E0E4E086E5  pmpi_neighbor_all     Unknown  Unknown
regcmMPICLM45      0000000000F0F1CE  Unknown               Unknown  Unknown
regcmMPICLM45      00000000007D2157  Unknown               Unknown  Unknown
regcmMPICLM45      00000000007B7B8D  Unknown               Unknown  Unknown
regcmMPICLM45      00000000007EC1AE  Unknown               Unknown  Unknown
regcmMPICLM45      000000000041534D  Unknown               Unknown  Unknown
libc-2.28.so       000014E0E244DD85  __libc_start_main     Unknown  Unknown
regcmMPICLM45      000000000041526E  Unknown               Unknown  Unknown
forrtl: error (76): Abort trap signal
Image              PC                Routine            Line        Source             
libpthread-2.28.s  000014D446491CF0  Unknown               Unknown  Unknown
libc-2.28.so       000014D445CBAAFF  gsignal               Unknown  Unknown
libc-2.28.so       000014D445C8DEA5  abort                 Unknown  Unknown
libucs.so.0.0.0    000014D0014EDD46  Unknown               Unknown  Unknown
libucs.so.0.0.0    000014D0014F26A4  ucs_log_default_h     Unknown  Unknown
libucs.so.0.0.0    000014D0014F29C4  ucs_log_dispatch      Unknown  Unknown
libuct_ib.so.0.0.  000014D00104C4FA  uct_ib_mlx5_compl     Unknown  Unknown
libuct_ib.so.0.0.  000014D00107568B  uct_dc_mlx5_ep_ha     Unknown  Unknown
libuct_ib.so.0.0.  000014D00104DF9D  uct_ib_mlx5_check     Unknown  Unknown
libuct_ib.so.0.0.  000014D001077C32  Unknown               Unknown  Unknown
libucp.so.0.0.0    000014D00199E81A  ucp_worker_progre     Unknown  Unknown
libmlx-fi.so       000014D001C27DF1  Unknown               Unknown  Unknown
libmlx-fi.so       000014D001C40EAD  Unknown               Unknown  Unknown
libmlx-fi.so       000014D001C4039B  Unknown               Unknown  Unknown
libmpi.so.12.0.0   000014D4471FBE40  Unknown               Unknown  Unknown
libmpi.so.12.0.0   000014D446DA0715  Unknown               Unknown  Unknown
libmpi.so.12.0.0   000014D44732B91F  Unknown               Unknown  Unknown
libmpi.so.12.0.0   000014D4471B74A1  Unknown               Unknown  Unknown
libmpi.so.12.0.0   000014D4471B7247  Unknown               Unknown  Unknown
libmpi.so.12.0.0   000014D446E154E4  Unknown               Unknown  Unknown
libmpi.so.12.0.0   000014D446C59F60  MPI_Neighbor_allt     Unknown  Unknown
libmpifort.so.12.  000014D4486616E5  pmpi_neighbor_all     Unknown  Unknown
regcmMPICLM45      0000000000F0F1CE  Unknown               Unknown  Unknown
regcmMPICLM45      00000000007D2157  Unknown               Unknown  Unknown
regcmMPICLM45      00000000007B7B8D  Unknown               Unknown  Unknown
regcmMPICLM45      00000000007EC1AE  Unknown               Unknown  Unknown
regcmMPICLM45      000000000041534D  Unknown               Unknown  Unknown
libc-2.28.so       000014D445CA6D85  __libc_start_main     Unknown  Unknown
regcmMPICLM45      000000000041526E  Unknown               Unknown  Unknown
forrtl: error (76): Abort trap signal
Image              PC                Routine            Line        Source             
libpthread-2.28.s  000014DD1DCC9CF0  Unknown               Unknown  Unknown
libc-2.28.so       000014DD1D4F2AFF  gsignal               Unknown  Unknown
libc-2.28.so       000014DD1D4C5EA5  abort                 Unknown  Unknown
libucs.so.0.0.0    000014D8D8D25D46  Unknown               Unknown  Unknown
libucs.so.0.0.0    000014D8D8D2A6A4  ucs_log_default_h     Unknown  Unknown
libucs.so.0.0.0    000014D8D8D2A9C4  ucs_log_dispatch      Unknown  Unknown
libuct_ib.so.0.0.  000014D8D88844FA  uct_ib_mlx5_compl     Unknown  Unknown
libuct_ib.so.0.0.  000014D8D88AD68B  uct_dc_mlx5_ep_ha     Unknown  Unknown
libuct_ib.so.0.0.  000014D8D8885F9D  uct_ib_mlx5_check     Unknown  Unknown
libuct_ib.so.0.0.  000014D8D88AFC32  Unknown               Unknown  Unknown
libucp.so.0.0.0    000014D8D91D681A  ucp_worker_progre     Unknown  Unknown
libmlx-fi.so       000014D8D945FDF1  Unknown               Unknown  Unknown
libmlx-fi.so       000014D8D9478EAD  Unknown               Unknown  Unknown
libmlx-fi.so       000014D8D947839B  Unknown               Unknown  Unknown
libmpi.so.12.0.0   000014DD1EA33E40  Unknown               Unknown  Unknown
libmpi.so.12.0.0   000014DD1E5D8715  Unknown               Unknown  Unknown
libmpi.so.12.0.0   000014DD1EB6391F  Unknown               Unknown  Unknown
libmpi.so.12.0.0   000014DD1E9EF4A1  Unknown               Unknown  Unknown
libmpi.so.12.0.0   000014DD1E9EF247  Unknown               Unknown  Unknown
libmpi.so.12.0.0   000014DD1E64D4E4  Unknown               Unknown  Unknown
libmpi.so.12.0.0   000014DD1E491F60  MPI_Neighbor_allt     Unknown  Unknown
libmpifort.so.12.  000014DD1FE996E5  pmpi_neighbor_all     Unknown  Unknown
regcmMPICLM45      0000000000F0F1CE  Unknown               Unknown  Unknown
regcmMPICLM45      00000000007D2157  Unknown               Unknown  Unknown
regcmMPICLM45      00000000007B7B8D  Unknown               Unknown  Unknown
regcmMPICLM45      00000000007EC1AE  Unknown               Unknown  Unknown
regcmMPICLM45      000000000041534D  Unknown               Unknown  Unknown
libc-2.28.so       000014DD1D4DED85  __libc_start_main     Unknown  Unknown
regcmMPICLM45      000000000041526E  Unknown               Unknown  Unknown
forrtl: error (76): Abort trap signal
Image              PC                Routine            Line        Source             
libpthread-2.28.s  000014856E446CF0  Unknown               Unknown  Unknown
libc-2.28.so       000014856DC6FAFF  gsignal               Unknown  Unknown
libc-2.28.so       000014856DC42EA5  abort                 Unknown  Unknown
libucs.so.0.0.0    00001481294A2D46  Unknown               Unknown  Unknown
libucs.so.0.0.0    00001481294A76A4  ucs_log_default_h     Unknown  Unknown
libucs.so.0.0.0    00001481294A79C4  ucs_log_dispatch      Unknown  Unknown
libuct_ib.so.0.0.  00001481290014FA  uct_ib_mlx5_compl     Unknown  Unknown
libuct_ib.so.0.0.  000014812902A68B  uct_dc_mlx5_ep_ha     Unknown  Unknown
libuct_ib.so.0.0.  0000148129002F9D  uct_ib_mlx5_check     Unknown  Unknown
libuct_ib.so.0.0.  000014812902CC32  Unknown               Unknown  Unknown
libucp.so.0.0.0    000014812995381A  ucp_worker_progre     Unknown  Unknown
libmlx-fi.so       0000148129BDCDF1  Unknown               Unknown  Unknown
libmlx-fi.so       0000148129BF5EAD  Unknown               Unknown  Unknown
libmlx-fi.so       0000148129BF539B  Unknown               Unknown  Unknown
libmpi.so.12.0.0   000014856F1B0E40  Unknown               Unknown  Unknown
libmpi.so.12.0.0   000014856ED55715  Unknown               Unknown  Unknown
libmpi.so.12.0.0   000014856F2E091F  Unknown               Unknown  Unknown
libmpi.so.12.0.0   000014856F16C4A1  Unknown               Unknown  Unknown
libmpi.so.12.0.0   000014856F16C247  Unknown               Unknown  Unknown
libmpi.so.12.0.0   000014856EDCA4E4  Unknown               Unknown  Unknown
libmpi.so.12.0.0   000014856EC0EF60  MPI_Neighbor_allt     Unknown  Unknown
libmpifort.so.12.  00001485706166E5  pmpi_neighbor_all     Unknown  Unknown
regcmMPICLM45      0000000000F0F1CE  Unknown               Unknown  Unknown
regcmMPICLM45      00000000007D2157  Unknown               Unknown  Unknown
regcmMPICLM45      00000000007B7B8D  Unknown               Unknown  Unknown
regcmMPICLM45      00000000007EC1AE  Unknown               Unknown  Unknown
regcmMPICLM45      000000000041534D  Unknown               Unknown  Unknown
libc-2.28.so       000014856DC5BD85  __libc_start_main     Unknown  Unknown
regcmMPICLM45      000000000041526E  Unknown               Unknown  Unknown
forrtl: error (76): Abort trap signal
Image              PC                Routine            Line        Source             
libpthread-2.28.s  00001532EB431CF0  Unknown               Unknown  Unknown
libc-2.28.so       00001532EAC5AAFF  gsignal               Unknown  Unknown
libc-2.28.so       00001532EAC2DEA5  abort                 Unknown  Unknown
libucs.so.0.0.0    0000152EA648DD46  Unknown               Unknown  Unknown
libucs.so.0.0.0    0000152EA64926A4  ucs_log_default_h     Unknown  Unknown
libucs.so.0.0.0    0000152EA64929C4  ucs_log_dispatch      Unknown  Unknown
libuct_ib.so.0.0.  0000152EA5FEC4FA  uct_ib_mlx5_compl     Unknown  Unknown
libuct_ib.so.0.0.  0000152EA601568B  uct_dc_mlx5_ep_ha     Unknown  Unknown
libuct_ib.so.0.0.  0000152EA5FEDF9D  uct_ib_mlx5_check     Unknown  Unknown
libuct_ib.so.0.0.  0000152EA6017C32  Unknown               Unknown  Unknown
libucp.so.0.0.0    0000152EA693E81A  ucp_worker_progre     Unknown  Unknown
libmlx-fi.so       0000152EA6BC7DF1  Unknown               Unknown  Unknown
libmlx-fi.so       0000152EA6BE0EAD  Unknown               Unknown  Unknown
libmlx-fi.so       0000152EA6BE039B  Unknown               Unknown  Unknown
libmpi.so.12.0.0   00001532EC19BE40  Unknown               Unknown  Unknown
libmpi.so.12.0.0   00001532EBD40715  Unknown               Unknown  Unknown
libmpi.so.12.0.0   00001532EC2CB91F  Unknown               Unknown  Unknown
libmpi.so.12.0.0   00001532EC1574A1  Unknown               Unknown  Unknown
libmpi.so.12.0.0   00001532EC157247  Unknown               Unknown  Unknown
libmpi.so.12.0.0   00001532EBDB54E4  Unknown               Unknown  Unknown
libmpi.so.12.0.0   00001532EBBF9F60  MPI_Neighbor_allt     Unknown  Unknown
libmpifort.so.12.  00001532ED6016E5  pmpi_neighbor_all     Unknown  Unknown
regcmMPICLM45      0000000000F0F1CE  Unknown               Unknown  Unknown
regcmMPICLM45      00000000007D2157  Unknown               Unknown  Unknown
regcmMPICLM45      00000000007B7B8D  Unknown               Unknown  Unknown
regcmMPICLM45      00000000007EC1AE  Unknown               Unknown  Unknown
regcmMPICLM45      000000000041534D  Unknown               Unknown  Unknown
libc-2.28.so       00001532EAC46D85  __libc_start_main     Unknown  Unknown
regcmMPICLM45      000000000041526E  Unknown               Unknown  Unknown
forrtl: error (76): Abort trap signal
Image              PC                Routine            Line        Source             
libpthread-2.28.s  0000154186F8CCF0  Unknown               Unknown  Unknown
libc-2.28.so       00001541867B5AFF  gsignal               Unknown  Unknown
libc-2.28.so       0000154186788EA5  abort                 Unknown  Unknown
libucs.so.0.0.0    0000153D41FE8D46  Unknown               Unknown  Unknown
libucs.so.0.0.0    0000153D41FED6A4  ucs_log_default_h     Unknown  Unknown
libucs.so.0.0.0    0000153D41FED9C4  ucs_log_dispatch      Unknown  Unknown
libuct_ib.so.0.0.  0000153D41B474FA  uct_ib_mlx5_compl     Unknown  Unknown
libuct_ib.so.0.0.  0000153D41B7068B  uct_dc_mlx5_ep_ha     Unknown  Unknown
libuct_ib.so.0.0.  0000153D41B48F9D  uct_ib_mlx5_check     Unknown  Unknown
libuct_ib.so.0.0.  0000153D41B72C32  Unknown               Unknown  Unknown
libucp.so.0.0.0    0000153D4249981A  ucp_worker_progre     Unknown  Unknown
libmlx-fi.so       0000153D42722DF1  Unknown               Unknown  Unknown
libmlx-fi.so       0000153D4273BEAD  Unknown               Unknown  Unknown
libmlx-fi.so       0000153D4273B39B  Unknown               Unknown  Unknown
libmpi.so.12.0.0   0000154187CF6E40  Unknown               Unknown  Unknown
libmpi.so.12.0.0   000015418789B715  Unknown               Unknown  Unknown
libmpi.so.12.0.0   0000154187E2691F  Unknown               Unknown  Unknown
libmpi.so.12.0.0   0000154187CB24A1  Unknown               Unknown  Unknown
libmpi.so.12.0.0   0000154187CB2247  Unknown               Unknown  Unknown
libmpi.so.12.0.0   00001541879104E4  Unknown               Unknown  Unknown
libmpi.so.12.0.0   0000154187754F60  MPI_Neighbor_allt     Unknown  Unknown
libmpifort.so.12.  000015418915C6E5  pmpi_neighbor_all     Unknown  Unknown
regcmMPICLM45      0000000000F0F1CE  Unknown               Unknown  Unknown
regcmMPICLM45      00000000007D2157  Unknown               Unknown  Unknown
regcmMPICLM45      00000000007B7B8D  Unknown               Unknown  Unknown
regcmMPICLM45      00000000007EC1AE  Unknown               Unknown  Unknown
regcmMPICLM45      000000000041534D  Unknown               Unknown  Unknown
libc-2.28.so       00001541867A1D85  __libc_start_main     Unknown  Unknown
regcmMPICLM45      000000000041526E  Unknown               Unknown  Unknown
forrtl: error (76): Abort trap signal
Image              PC                Routine            Line        Source             
libpthread-2.28.s  000014B7B1AD4CF0  Unknown               Unknown  Unknown
libc-2.28.so       000014B7B12FBAFF  gsignal               Unknown  Unknown
libc-2.28.so       000014B7B12CEEA5  abort                 Unknown  Unknown
libucs.so.0.0.0    000014B36CB2ED46  Unknown               Unknown  Unknown
libucs.so.0.0.0    000014B36CB336A4  ucs_log_default_h     Unknown  Unknown
libucs.so.0.0.0    000014B36CB339C4  ucs_log_dispatch      Unknown  Unknown
libuct_ib.so.0.0.  000014B36C68D4FA  uct_ib_mlx5_compl     Unknown  Unknown
libuct_ib.so.0.0.  000014B36C6B668B  uct_dc_mlx5_ep_ha     Unknown  Unknown
libuct_ib.so.0.0.  000014B36C68EF9D  uct_ib_mlx5_check     Unknown  Unknown
libuct_ib.so.0.0.  000014B36C6B8C32  Unknown               Unknown  Unknown
libucp.so.0.0.0    000014B36CFDF81A  ucp_worker_progre     Unknown  Unknown
libmlx-fi.so       000014B36D268DF1  Unknown               Unknown  Unknown
libmlx-fi.so       000014B36D281EAD  Unknown               Unknown  Unknown
libmlx-fi.so       000014B36D28139B  Unknown               Unknown  Unknown
libmpi.so.12.0.0   000014B7B283EE40  Unknown               Unknown  Unknown
libmpi.so.12.0.0   000014B7B23E3715  Unknown               Unknown  Unknown
libmpi.so.12.0.0   000014B7B296E91F  Unknown               Unknown  Unknown
libmpi.so.12.0.0   000014B7B27FA4A1  Unknown               Unknown  Unknown
libmpi.so.12.0.0   000014B7B27FA247  Unknown               Unknown  Unknown
libmpi.so.12.0.0   000014B7B24584E4  Unknown               Unknown  Unknown
libmpi.so.12.0.0   000014B7B229CF60  MPI_Neighbor_allt     Unknown  Unknown
libmpifort.so.12.  000014B7B3CA46E5  pmpi_neighbor_all     Unknown  Unknown
regcmMPICLM45      0000000000F1168B  Unknown               Unknown  Unknown
regcmMPICLM45      00000000007D1555  Unknown               Unknown  Unknown
regcmMPICLM45      00000000007B7B9C  Unknown               Unknown  Unknown
regcmMPICLM45      00000000007EC1AE  Unknown               Unknown  Unknown
regcmMPICLM45      000000000041534D  Unknown               Unknown  Unknown
libc-2.28.so       000014B7B12E7D85  __libc_start_main     Unknown  Unknown
regcmMPICLM45      000000000041526E  Unknown               Unknown  Unknown
forrtl: error (76): Abort trap signal
Image              PC                Routine            Line        Source             
libpthread-2.28.s  000014C6BD4F5CF0  Unknown               Unknown  Unknown
libc-2.28.so       000014C6BCD1EAFF  gsignal               Unknown  Unknown
libc-2.28.so       000014C6BCCF1EA5  abort                 Unknown  Unknown
libucs.so.0.0.0    000014C278551D46  Unknown               Unknown  Unknown
libucs.so.0.0.0    000014C2785566A4  ucs_log_default_h     Unknown  Unknown
libucs.so.0.0.0    000014C2785569C4  ucs_log_dispatch      Unknown  Unknown
libuct_ib.so.0.0.  000014C2780B04FA  uct_ib_mlx5_compl     Unknown  Unknown
libuct_ib.so.0.0.  000014C2780D968B  uct_dc_mlx5_ep_ha     Unknown  Unknown
libuct_ib.so.0.0.  000014C2780B1F9D  uct_ib_mlx5_check     Unknown  Unknown
libuct_ib.so.0.0.  000014C2780DBC32  Unknown               Unknown  Unknown
libucp.so.0.0.0    000014C278A0281A  ucp_worker_progre     Unknown  Unknown
libmlx-fi.so       000014C278C8BDF1  Unknown               Unknown  Unknown
libmlx-fi.so       000014C278CA4EAD  Unknown               Unknown  Unknown
libmlx-fi.so       000014C278CA439B  Unknown               Unknown  Unknown
libmpi.so.12.0.0   000014C6BE25FE40  Unknown               Unknown  Unknown
libmpi.so.12.0.0   000014C6BDE04715  Unknown               Unknown  Unknown
libmpi.so.12.0.0   000014C6BE38F91F  Unknown               Unknown  Unknown
libmpi.so.12.0.0   000014C6BE21B4A1  Unknown               Unknown  Unknown
libmpi.so.12.0.0   000014C6BE21B247  Unknown               Unknown  Unknown
libmpi.so.12.0.0   000014C6BDE794E4  Unknown               Unknown  Unknown
libmpi.so.12.0.0   000014C6BDCBDF60  MPI_Neighbor_allt     Unknown  Unknown
libmpifort.so.12.  000014C6BF6C56E5  pmpi_neighbor_all     Unknown  Unknown
regcmMPICLM45      0000000000F1168B  Unknown               Unknown  Unknown
regcmMPICLM45      00000000007D1555  Unknown               Unknown  Unknown
regcmMPICLM45      00000000007B7B9C  Unknown               Unknown  Unknown
regcmMPICLM45      00000000007EC1AE  Unknown               Unknown  Unknown
regcmMPICLM45      000000000041534D  Unknown               Unknown  Unknown
libc-2.28.so       000014C6BCD0AD85  __libc_start_main     Unknown  Unknown
regcmMPICLM45      000000000041526E  Unknown               Unknown  Unknown
forrtl: error (76): Abort trap signal
Image              PC                Routine            Line        Source             
libpthread-2.28.s  0000147C31B7DCF0  Unknown               Unknown  Unknown
libc-2.28.so       0000147C313A6AFF  gsignal               Unknown  Unknown
libc-2.28.so       0000147C31379EA5  abort                 Unknown  Unknown
libucs.so.0.0.0    00001477ECBD9D46  Unknown               Unknown  Unknown
libucs.so.0.0.0    00001477ECBDE6A4  ucs_log_default_h     Unknown  Unknown
libucs.so.0.0.0    00001477ECBDE9C4  ucs_log_dispatch      Unknown  Unknown
libuct_ib.so.0.0.  00001477EC7384FA  uct_ib_mlx5_compl     Unknown  Unknown
libuct_ib.so.0.0.  00001477EC76168B  uct_dc_mlx5_ep_ha     Unknown  Unknown
libuct_ib.so.0.0.  00001477EC739F9D  uct_ib_mlx5_check     Unknown  Unknown
libuct_ib.so.0.0.  00001477EC763C32  Unknown               Unknown  Unknown
libucp.so.0.0.0    00001477ED08A81A  ucp_worker_progre     Unknown  Unknown
libmlx-fi.so       00001477ED313DF1  Unknown               Unknown  Unknown
libmlx-fi.so       00001477ED32CEAD  Unknown               Unknown  Unknown
libmlx-fi.so       00001477ED32C39B  Unknown               Unknown  Unknown
libmpi.so.12.0.0   0000147C328E7E40  Unknown               Unknown  Unknown
libmpi.so.12.0.0   0000147C3248C715  Unknown               Unknown  Unknown
libmpi.so.12.0.0   0000147C32A1791F  Unknown               Unknown  Unknown
libmpi.so.12.0.0   0000147C328A34A1  Unknown               Unknown  Unknown
libmpi.so.12.0.0   0000147C328A3247  Unknown               Unknown  Unknown
libmpi.so.12.0.0   0000147C325014E4  Unknown               Unknown  Unknown
libmpi.so.12.0.0   0000147C32345F60  MPI_Neighbor_allt     Unknown  Unknown
libmpifort.so.12.  0000147C33D4D6E5  pmpi_neighbor_all     Unknown  Unknown
regcmMPICLM45      0000000000F0F1CE  Unknown               Unknown  Unknown
regcmMPICLM45      00000000007D2157  Unknown               Unknown  Unknown
regcmMPICLM45      00000000007B7B9C  Unknown               Unknown  Unknown
regcmMPICLM45      00000000007EC1AE  Unknown               Unknown  Unknown
regcmMPICLM45      000000000041534D  Unknown               Unknown  Unknown
libc-2.28.so       0000147C31392D85  __libc_start_main     Unknown  Unknown
regcmMPICLM45      000000000041526E  Unknown               Unknown  Unknown
forrtl: error (76): Abort trap signal
Image              PC                Routine            Line        Source             
libpthread-2.28.s  000014B3EF3D2CF0  Unknown               Unknown  Unknown
libc-2.28.so       000014B3EEBFBAFF  gsignal               Unknown  Unknown
libc-2.28.so       000014B3EEBCEEA5  abort                 Unknown  Unknown
libucs.so.0.0.0    000014AFAA42ED46  Unknown               Unknown  Unknown
libucs.so.0.0.0    000014AFAA4336A4  ucs_log_default_h     Unknown  Unknown
libucs.so.0.0.0    000014AFAA4339C4  ucs_log_dispatch      Unknown  Unknown
libuct_ib.so.0.0.  000014AFA9F8D4FA  uct_ib_mlx5_compl     Unknown  Unknown
libuct_ib.so.0.0.  000014AFA9FB668B  uct_dc_mlx5_ep_ha     Unknown  Unknown
libuct_ib.so.0.0.  000014AFA9F8EF9D  uct_ib_mlx5_check     Unknown  Unknown
libuct_ib.so.0.0.  000014AFA9FB8C32  Unknown               Unknown  Unknown
libucp.so.0.0.0    000014AFAA8DF81A  ucp_worker_progre     Unknown  Unknown
libmlx-fi.so       000014AFAAB68DF1  Unknown               Unknown  Unknown
libmlx-fi.so       000014AFAAB81EAD  Unknown               Unknown  Unknown
libmlx-fi.so       000014AFAAB8139B  Unknown               Unknown  Unknown
libmpi.so.12.0.0   000014B3F013CE40  Unknown               Unknown  Unknown
libmpi.so.12.0.0   000014B3EFCE1715  Unknown               Unknown  Unknown
libmpi.so.12.0.0   000014B3F026C91F  Unknown               Unknown  Unknown
libmpi.so.12.0.0   000014B3F00F84A1  Unknown               Unknown  Unknown
libmpi.so.12.0.0   000014B3F00F8247  Unknown               Unknown  Unknown
libmpi.so.12.0.0   000014B3EFD564E4  Unknown               Unknown  Unknown
libmpi.so.12.0.0   000014B3EFB9AF60  MPI_Neighbor_allt     Unknown  Unknown
libmpifort.so.12.  000014B3F15A26E5  pmpi_neighbor_all     Unknown  Unknown
regcmMPICLM45      0000000000F0F1CE  Unknown               Unknown  Unknown
regcmMPICLM45      00000000007D2157  Unknown               Unknown  Unknown
regcmMPICLM45      00000000007B7B9C  Unknown               Unknown  Unknown
regcmMPICLM45      00000000007EC1AE  Unknown               Unknown  Unknown
regcmMPICLM45      000000000041534D  Unknown               Unknown  Unknown
libc-2.28.so       000014B3EEBE7D85  __libc_start_main     Unknown  Unknown
regcmMPICLM45      000000000041526E  Unknown               Unknown  Unknown
forrtl: error (76): Abort trap signal
Image              PC                Routine            Line        Source             
libpthread-2.28.s  0000153EB4ED0CF0  Unknown               Unknown  Unknown
libc-2.28.so       0000153EB46F9AFF  gsignal               Unknown  Unknown
libc-2.28.so       0000153EB46CCEA5  abort                 Unknown  Unknown
libucs.so.0.0.0    0000153A6FF2CD46  Unknown               Unknown  Unknown
libucs.so.0.0.0    0000153A6FF316A4  ucs_log_default_h     Unknown  Unknown
libucs.so.0.0.0    0000153A6FF319C4  ucs_log_dispatch      Unknown  Unknown
libuct_ib.so.0.0.  0000153A6FA8B4FA  uct_ib_mlx5_compl     Unknown  Unknown
libuct_ib.so.0.0.  0000153A6FAB468B  uct_dc_mlx5_ep_ha     Unknown  Unknown
libuct_ib.so.0.0.  0000153A6FA8CF9D  uct_ib_mlx5_check     Unknown  Unknown
libuct_ib.so.0.0.  0000153A6FAB6C32  Unknown               Unknown  Unknown
libucp.so.0.0.0    0000153A703DD81A  ucp_worker_progre     Unknown  Unknown
libmlx-fi.so       0000153A70666DF1  Unknown               Unknown  Unknown
libmlx-fi.so       0000153A7067FEAD  Unknown               Unknown  Unknown
libmlx-fi.so       0000153A7067F39B  Unknown               Unknown  Unknown
libmpi.so.12.0.0   0000153EB5C3AE40  Unknown               Unknown  Unknown
libmpi.so.12.0.0   0000153EB57DF715  Unknown               Unknown  Unknown
libmpi.so.12.0.0   0000153EB5D6A91F  Unknown               Unknown  Unknown
libmpi.so.12.0.0   0000153EB5BF64A1  Unknown               Unknown  Unknown
libmpi.so.12.0.0   0000153EB5BF6247  Unknown               Unknown  Unknown
libmpi.so.12.0.0   0000153EB58544E4  Unknown               Unknown  Unknown
libmpi.so.12.0.0   0000153EB5698F60  MPI_Neighbor_allt     Unknown  Unknown
libmpifort.so.12.  0000153EB70A06E5  pmpi_neighbor_all     Unknown  Unknown
regcmMPICLM45      0000000000F0F1CE  Unknown               Unknown  Unknown
regcmMPICLM45      00000000007D2157  Unknown               Unknown  Unknown
regcmMPICLM45      00000000007B7B9C  Unknown               Unknown  Unknown
regcmMPICLM45      00000000007EC1AE  Unknown               Unknown  Unknown
regcmMPICLM45      000000000041534D  Unknown               Unknown  Unknown
libc-2.28.so       0000153EB46E5D85  __libc_start_main     Unknown  Unknown
regcmMPICLM45      000000000041526E  Unknown               Unknown  Unknown
forrtl: error (76): Abort trap signal
Image              PC                Routine            Line        Source             
libpthread-2.28.s  0000152466DB3CF0  Unknown               Unknown  Unknown
libc-2.28.so       00001524665DCAFF  gsignal               Unknown  Unknown
libc-2.28.so       00001524665AFEA5  abort                 Unknown  Unknown
libucs.so.0.0.0    0000152021E0FD46  Unknown               Unknown  Unknown
libucs.so.0.0.0    0000152021E146A4  ucs_log_default_h     Unknown  Unknown
libucs.so.0.0.0    0000152021E149C4  ucs_log_dispatch      Unknown  Unknown
libuct_ib.so.0.0.  000015202196E4FA  uct_ib_mlx5_compl     Unknown  Unknown
libuct_ib.so.0.0.  000015202199768B  uct_dc_mlx5_ep_ha     Unknown  Unknown
libuct_ib.so.0.0.  000015202196FF9D  uct_ib_mlx5_check     Unknown  Unknown
libuct_ib.so.0.0.  0000152021999C32  Unknown               Unknown  Unknown
libucp.so.0.0.0    00001520222C081A  ucp_worker_progre     Unknown  Unknown
libmlx-fi.so       0000152022549DF1  Unknown               Unknown  Unknown
libmlx-fi.so       0000152022562EAD  Unknown               Unknown  Unknown
libmlx-fi.so       000015202256239B  Unknown               Unknown  Unknown
libmpi.so.12.0.0   0000152467B1DE40  Unknown               Unknown  Unknown
libmpi.so.12.0.0   00001524676C2715  Unknown               Unknown  Unknown
libmpi.so.12.0.0   0000152467C4D91F  Unknown               Unknown  Unknown
libmpi.so.12.0.0   0000152467AD94A1  Unknown               Unknown  Unknown
libmpi.so.12.0.0   0000152467AD9247  Unknown               Unknown  Unknown
libmpi.so.12.0.0   00001524677374E4  Unknown               Unknown  Unknown
libmpi.so.12.0.0   000015246757BF60  MPI_Neighbor_allt     Unknown  Unknown
libmpifort.so.12.  0000152468F836E5  pmpi_neighbor_all     Unknown  Unknown
regcmMPICLM45      0000000000F1168B  Unknown               Unknown  Unknown
regcmMPICLM45      00000000007D1555  Unknown               Unknown  Unknown
regcmMPICLM45      00000000007B7B9C  Unknown               Unknown  Unknown
regcmMPICLM45      00000000007EC1AE  Unknown               Unknown  Unknown
regcmMPICLM45      000000000041534D  Unknown               Unknown  Unknown
libc-2.28.so       00001524665C8D85  __libc_start_main     Unknown  Unknown
regcmMPICLM45      000000000041526E  Unknown               Unknown  Unknown
forrtl: error (76): Abort trap signal
Image              PC                Routine            Line        Source             
libpthread-2.28.s  000014CDD887ECF0  Unknown               Unknown  Unknown
libc-2.28.so       000014CDD80A7AFF  gsignal               Unknown  Unknown
libc-2.28.so       000014CDD807AEA5  abort                 Unknown  Unknown
libucs.so.0.0.0    000014C9938DAD46  Unknown               Unknown  Unknown
libucs.so.0.0.0    000014C9938DF6A4  ucs_log_default_h     Unknown  Unknown
libucs.so.0.0.0    000014C9938DF9C4  ucs_log_dispatch      Unknown  Unknown
libuct_ib.so.0.0.  000014C9934394FA  uct_ib_mlx5_compl     Unknown  Unknown
libuct_ib.so.0.0.  000014C99346268B  uct_dc_mlx5_ep_ha     Unknown  Unknown
libuct_ib.so.0.0.  000014C99343AF9D  uct_ib_mlx5_check     Unknown  Unknown
libuct_ib.so.0.0.  000014C993464C32  Unknown               Unknown  Unknown
libucp.so.0.0.0    000014C993D8B81A  ucp_worker_progre     Unknown  Unknown
libmlx-fi.so       000014C994014DF1  Unknown               Unknown  Unknown
libmlx-fi.so       000014C99402DEAD  Unknown               Unknown  Unknown
libmlx-fi.so       000014C99402D39B  Unknown               Unknown  Unknown
libmpi.so.12.0.0   000014CDD95E8E40  Unknown               Unknown  Unknown
libmpi.so.12.0.0   000014CDD918D715  Unknown               Unknown  Unknown
libmpi.so.12.0.0   000014CDD971891F  Unknown               Unknown  Unknown
libmpi.so.12.0.0   000014CDD95A44A1  Unknown               Unknown  Unknown
libmpi.so.12.0.0   000014CDD95A4247  Unknown               Unknown  Unknown
libmpi.so.12.0.0   000014CDD92024E4  Unknown               Unknown  Unknown
libmpi.so.12.0.0   000014CDD9046F60  MPI_Neighbor_allt     Unknown  Unknown
libmpifort.so.12.  000014CDDAA4E6E5  pmpi_neighbor_all     Unknown  Unknown
regcmMPICLM45      0000000000F1168B  Unknown               Unknown  Unknown
regcmMPICLM45      00000000007D1555  Unknown               Unknown  Unknown
regcmMPICLM45      00000000007B7B9C  Unknown               Unknown  Unknown
regcmMPICLM45      00000000007EC1AE  Unknown               Unknown  Unknown
regcmMPICLM45      000000000041534D  Unknown               Unknown  Unknown
libc-2.28.so       000014CDD8093D85  __libc_start_main     Unknown  Unknown
regcmMPICLM45      000000000041526E  Unknown               Unknown  Unknown
forrtl: error (76): Abort trap signal
Image              PC                Routine            Line        Source             
libpthread-2.28.s  000014ED01DDBCF0  Unknown               Unknown  Unknown
libc-2.28.so       000014ED01604AFF  gsignal               Unknown  Unknown
libc-2.28.so       000014ED015D7EA5  abort                 Unknown  Unknown
libucs.so.0.0.0    000014E8BCE37D46  Unknown               Unknown  Unknown
libucs.so.0.0.0    000014E8BCE3C6A4  ucs_log_default_h     Unknown  Unknown
libucs.so.0.0.0    000014E8BCE3C9C4  ucs_log_dispatch      Unknown  Unknown
libuct_ib.so.0.0.  000014E8BC9964FA  uct_ib_mlx5_compl     Unknown  Unknown
libuct_ib.so.0.0.  000014E8BC9BF68B  uct_dc_mlx5_ep_ha     Unknown  Unknown
libuct_ib.so.0.0.  000014E8BC997F9D  uct_ib_mlx5_check     Unknown  Unknown
libuct_ib.so.0.0.  000014E8BC9C1C32  Unknown               Unknown  Unknown
libucp.so.0.0.0    000014E8BD2E881A  ucp_worker_progre     Unknown  Unknown
libmlx-fi.so       000014E8BD571DF1  Unknown               Unknown  Unknown
libmlx-fi.so       000014E8BD58AEAD  Unknown               Unknown  Unknown
libmlx-fi.so       000014E8BD58A39B  Unknown               Unknown  Unknown
libmpi.so.12.0.0   000014ED02B45E40  Unknown               Unknown  Unknown
libmpi.so.12.0.0   000014ED026EA715  Unknown               Unknown  Unknown
libmpi.so.12.0.0   000014ED02C7591F  Unknown               Unknown  Unknown
libmpi.so.12.0.0   000014ED02B014A1  Unknown               Unknown  Unknown
libmpi.so.12.0.0   000014ED02B01247  Unknown               Unknown  Unknown
libmpi.so.12.0.0   000014ED0275F4E4  Unknown               Unknown  Unknown
libmpi.so.12.0.0   000014ED025A3F60  MPI_Neighbor_allt     Unknown  Unknown
libmpifort.so.12.  000014ED03FAB6E5  pmpi_neighbor_all     Unknown  Unknown
regcmMPICLM45      0000000000F1168B  Unknown               Unknown  Unknown
regcmMPICLM45      00000000007D1555  Unknown               Unknown  Unknown
regcmMPICLM45      00000000007B7B9C  Unknown               Unknown  Unknown
regcmMPICLM45      00000000007EC1AE  Unknown               Unknown  Unknown
regcmMPICLM45      000000000041534D  Unknown               Unknown  Unknown
libc-2.28.so       000014ED015F0D85  __libc_start_main     Unknown  Unknown
regcmMPICLM45      000000000041526E  Unknown               Unknown  Unknown
forrtl: error (76): Abort trap signal
Image              PC                Routine            Line        Source             
libpthread-2.28.s  0000146F799C1CF0  Unknown               Unknown  Unknown
libc-2.28.so       0000146F791EAAFF  gsignal               Unknown  Unknown
libc-2.28.so       0000146F791BDEA5  abort                 Unknown  Unknown
libucs.so.0.0.0    0000146B34A1DD46  Unknown               Unknown  Unknown
libucs.so.0.0.0    0000146B34A226A4  ucs_log_default_h     Unknown  Unknown
libucs.so.0.0.0    0000146B34A229C4  ucs_log_dispatch      Unknown  Unknown
libuct_ib.so.0.0.  0000146B3457C4FA  uct_ib_mlx5_compl     Unknown  Unknown
libuct_ib.so.0.0.  0000146B345A568B  uct_dc_mlx5_ep_ha     Unknown  Unknown
libuct_ib.so.0.0.  0000146B3457DF9D  uct_ib_mlx5_check     Unknown  Unknown
libuct_ib.so.0.0.  0000146B345A7C32  Unknown               Unknown  Unknown
libucp.so.0.0.0    0000146B34ECE81A  ucp_worker_progre     Unknown  Unknown
libmlx-fi.so       0000146B35157DF1  Unknown               Unknown  Unknown
libmlx-fi.so       0000146B35170EAD  Unknown               Unknown  Unknown
libmlx-fi.so       0000146B3517039B  Unknown               Unknown  Unknown
libmpi.so.12.0.0   0000146F7A72BE40  Unknown               Unknown  Unknown
libmpi.so.12.0.0   0000146F7A2D0715  Unknown               Unknown  Unknown
libmpi.so.12.0.0   0000146F7A85B91F  Unknown               Unknown  Unknown
libmpi.so.12.0.0   0000146F7A6E74A1  Unknown               Unknown  Unknown
libmpi.so.12.0.0   0000146F7A6E7247  Unknown               Unknown  Unknown
libmpi.so.12.0.0   0000146F7A3454E4  Unknown               Unknown  Unknown
libmpi.so.12.0.0   0000146F7A189F60  MPI_Neighbor_allt     Unknown  Unknown
libmpifort.so.12.  0000146F7BB916E5  pmpi_neighbor_all     Unknown  Unknown
regcmMPICLM45      0000000000F1168B  Unknown               Unknown  Unknown
regcmMPICLM45      00000000007D1555  Unknown               Unknown  Unknown
regcmMPICLM45      00000000007B7B9C  Unknown               Unknown  Unknown
regcmMPICLM45      00000000007EC1AE  Unknown               Unknown  Unknown
regcmMPICLM45      000000000041534D  Unknown               Unknown  Unknown
libc-2.28.so       0000146F791D6D85  __libc_start_main     Unknown  Unknown
regcmMPICLM45      000000000041526E  Unknown               Unknown  Unknown
forrtl: error (76): Abort trap signal
Image              PC                Routine            Line        Source             
libpthread-2.28.s  00001472BCF34CF0  Unknown               Unknown  Unknown
libc-2.28.so       00001472BC75DAFF  gsignal               Unknown  Unknown
libc-2.28.so       00001472BC730EA5  abort                 Unknown  Unknown
libucs.so.0.0.0    0000146E77F90D46  Unknown               Unknown  Unknown
libucs.so.0.0.0    0000146E77F956A4  ucs_log_default_h     Unknown  Unknown
libucs.so.0.0.0    0000146E77F959C4  ucs_log_dispatch      Unknown  Unknown
libuct_ib.so.0.0.  0000146E77AEF4FA  uct_ib_mlx5_compl     Unknown  Unknown
libuct_ib.so.0.0.  0000146E77B1868B  uct_dc_mlx5_ep_ha     Unknown  Unknown
libuct_ib.so.0.0.  0000146E77AF0F9D  uct_ib_mlx5_check     Unknown  Unknown
libuct_ib.so.0.0.  0000146E77B1AC32  Unknown               Unknown  Unknown
libucp.so.0.0.0    0000146E7844181A  ucp_worker_progre     Unknown  Unknown
libmlx-fi.so       0000146E786CADF1  Unknown               Unknown  Unknown
libmlx-fi.so       0000146E786E3EAD  Unknown               Unknown  Unknown
libmlx-fi.so       0000146E786E339B  Unknown               Unknown  Unknown
libmpi.so.12.0.0   00001472BDC9EE40  Unknown               Unknown  Unknown
libmpi.so.12.0.0   00001472BD843715  Unknown               Unknown  Unknown
libmpi.so.12.0.0   00001472BDDCE91F  Unknown               Unknown  Unknown
libmpi.so.12.0.0   00001472BDC5A4A1  Unknown               Unknown  Unknown
libmpi.so.12.0.0   00001472BDC5A247  Unknown               Unknown  Unknown
libmpi.so.12.0.0   00001472BD8B84E4  Unknown               Unknown  Unknown
libmpi.so.12.0.0   00001472BD6FCF60  MPI_Neighbor_allt     Unknown  Unknown
libmpifort.so.12.  00001472BF1046E5  pmpi_neighbor_all     Unknown  Unknown
regcmMPICLM45      0000000000F0F1CE  Unknown               Unknown  Unknown
regcmMPICLM45      00000000007D2157  Unknown               Unknown  Unknown
regcmMPICLM45      00000000007B7B9C  Unknown               Unknown  Unknown
regcmMPICLM45      00000000007EC1AE  Unknown               Unknown  Unknown
regcmMPICLM45      000000000041534D  Unknown               Unknown  Unknown
libc-2.28.so       00001472BC749D85  __libc_start_main     Unknown  Unknown
regcmMPICLM45      000000000041526E  Unknown               Unknown  Unknown
forrtl: error (76): Abort trap signal
Image              PC                Routine            Line        Source             
libpthread-2.28.s  00001532FBE18CF0  Unknown               Unknown  Unknown
libc-2.28.so       00001532FB641AFF  gsignal               Unknown  Unknown
libc-2.28.so       00001532FB614EA5  abort                 Unknown  Unknown
libucs.so.0.0.0    0000152EB6E74D46  Unknown               Unknown  Unknown
libucs.so.0.0.0    0000152EB6E796A4  ucs_log_default_h     Unknown  Unknown
libucs.so.0.0.0    0000152EB6E799C4  ucs_log_dispatch      Unknown  Unknown
libuct_ib.so.0.0.  0000152EB69D34FA  uct_ib_mlx5_compl     Unknown  Unknown
libuct_ib.so.0.0.  0000152EB69FC68B  uct_dc_mlx5_ep_ha     Unknown  Unknown
libuct_ib.so.0.0.  0000152EB69D4F9D  uct_ib_mlx5_check     Unknown  Unknown
libuct_ib.so.0.0.  0000152EB69FEC32  Unknown               Unknown  Unknown
libucp.so.0.0.0    0000152EB732581A  ucp_worker_progre     Unknown  Unknown
libmlx-fi.so       0000152EB75AEDF1  Unknown               Unknown  Unknown
libmlx-fi.so       0000152EB75C7EAD  Unknown               Unknown  Unknown
libmlx-fi.so       0000152EB75C739B  Unknown               Unknown  Unknown
libmpi.so.12.0.0   00001532FCB82E40  Unknown               Unknown  Unknown
libmpi.so.12.0.0   00001532FC727715  Unknown               Unknown  Unknown
libmpi.so.12.0.0   00001532FCCB291F  Unknown               Unknown  Unknown
libmpi.so.12.0.0   00001532FCB3E4A1  Unknown               Unknown  Unknown
libmpi.so.12.0.0   00001532FCB3E247  Unknown               Unknown  Unknown
libmpi.so.12.0.0   00001532FC79C4E4  Unknown               Unknown  Unknown
libmpi.so.12.0.0   00001532FC5E0F60  MPI_Neighbor_allt     Unknown  Unknown
libmpifort.so.12.  00001532FDFE86E5  pmpi_neighbor_all     Unknown  Unknown
regcmMPICLM45      0000000000F0F1CE  Unknown               Unknown  Unknown
regcmMPICLM45      00000000007D2157  Unknown               Unknown  Unknown
regcmMPICLM45      00000000007B7B8D  Unknown               Unknown  Unknown
regcmMPICLM45      00000000007EC1AE  Unknown               Unknown  Unknown
regcmMPICLM45      000000000041534D  Unknown               Unknown  Unknown
libc-2.28.so       00001532FB62DD85  __libc_start_main     Unknown  Unknown
regcmMPICLM45      000000000041526E  Unknown               Unknown  Unknown
forrtl: error (76): Abort trap signal
Image              PC                Routine            Line        Source             
libpthread-2.28.s  000014A2AE553CF0  Unknown               Unknown  Unknown
libc-2.28.so       000014A2ADD7CAFF  gsignal               Unknown  Unknown
libc-2.28.so       000014A2ADD4FEA5  abort                 Unknown  Unknown
libucs.so.0.0.0    0000149E695AFD46  Unknown               Unknown  Unknown
libucs.so.0.0.0    0000149E695B46A4  ucs_log_default_h     Unknown  Unknown
libucs.so.0.0.0    0000149E695B49C4  ucs_log_dispatch      Unknown  Unknown
libuct_ib.so.0.0.  0000149E6910E4FA  uct_ib_mlx5_compl     Unknown  Unknown
libuct_ib.so.0.0.  0000149E6913768B  uct_dc_mlx5_ep_ha     Unknown  Unknown
libuct_ib.so.0.0.  0000149E6910FF9D  uct_ib_mlx5_check     Unknown  Unknown
libuct_ib.so.0.0.  0000149E69139C32  Unknown               Unknown  Unknown
libucp.so.0.0.0    0000149E69A6081A  ucp_worker_progre     Unknown  Unknown
libmlx-fi.so       0000149E69CE9DF1  Unknown               Unknown  Unknown
libmlx-fi.so       0000149E69D02EAD  Unknown               Unknown  Unknown
libmlx-fi.so       0000149E69D0239B  Unknown               Unknown  Unknown
libmpi.so.12.0.0   000014A2AF2BDE40  Unknown               Unknown  Unknown
libmpi.so.12.0.0   000014A2AEE62715  Unknown               Unknown  Unknown
libmpi.so.12.0.0   000014A2AF3ED91F  Unknown               Unknown  Unknown
libmpi.so.12.0.0   000014A2AF2794A1  Unknown               Unknown  Unknown
libmpi.so.12.0.0   000014A2AF279247  Unknown               Unknown  Unknown
libmpi.so.12.0.0   000014A2AEED74E4  Unknown               Unknown  Unknown
libmpi.so.12.0.0   000014A2AED1BF60  MPI_Neighbor_allt     Unknown  Unknown
libmpifort.so.12.  000014A2B07236E5  pmpi_neighbor_all     Unknown  Unknown
regcmMPICLM45      0000000000F0F1CE  Unknown               Unknown  Unknown
regcmMPICLM45      00000000007D2157  Unknown               Unknown  Unknown
regcmMPICLM45      00000000007B7B8D  Unknown               Unknown  Unknown
regcmMPICLM45      00000000007EC1AE  Unknown               Unknown  Unknown
regcmMPICLM45      000000000041534D  Unknown               Unknown  Unknown
libc-2.28.so       000014A2ADD68D85  __libc_start_main     Unknown  Unknown
regcmMPICLM45      000000000041526E  Unknown               Unknown  Unknown
forrtl: error (76): Abort trap signal
Image              PC                Routine            Line        Source             
libpthread-2.28.s  0000145B143B2CF0  Unknown               Unknown  Unknown
libc-2.28.so       0000145B13BDBAFF  gsignal               Unknown  Unknown
libc-2.28.so       0000145B13BAEEA5  abort                 Unknown  Unknown
libucs.so.0.0.0    00001456CF40ED46  Unknown               Unknown  Unknown
libucs.so.0.0.0    00001456CF4136A4  ucs_log_default_h     Unknown  Unknown
libucs.so.0.0.0    00001456CF4139C4  ucs_log_dispatch      Unknown  Unknown
libuct_ib.so.0.0.  00001456CEF6D4FA  uct_ib_mlx5_compl     Unknown  Unknown
libuct_ib.so.0.0.  00001456CEF9668B  uct_dc_mlx5_ep_ha     Unknown  Unknown
libuct_ib.so.0.0.  00001456CEF6EF9D  uct_ib_mlx5_check     Unknown  Unknown
libuct_ib.so.0.0.  00001456CEF98C32  Unknown               Unknown  Unknown
libucp.so.0.0.0    00001456CF8BF81A  ucp_worker_progre     Unknown  Unknown
libmlx-fi.so       00001456CFB48DF1  Unknown               Unknown  Unknown
libmlx-fi.so       00001456CFB61EAD  Unknown               Unknown  Unknown
libmlx-fi.so       00001456CFB6139B  Unknown               Unknown  Unknown
libmpi.so.12.0.0   0000145B1511CE40  Unknown               Unknown  Unknown
libmpi.so.12.0.0   0000145B14CC1715  Unknown               Unknown  Unknown
libmpi.so.12.0.0   0000145B1524C91F  Unknown               Unknown  Unknown
libmpi.so.12.0.0   0000145B150D84A1  Unknown               Unknown  Unknown
libmpi.so.12.0.0   0000145B150D8247  Unknown               Unknown  Unknown
libmpi.so.12.0.0   0000145B14D364E4  Unknown               Unknown  Unknown
libmpi.so.12.0.0   0000145B14B7AF60  MPI_Neighbor_allt     Unknown  Unknown
libmpifort.so.12.  0000145B165826E5  pmpi_neighbor_all     Unknown  Unknown
regcmMPICLM45      0000000000F0F1CE  Unknown               Unknown  Unknown
regcmMPICLM45      00000000007D2157  Unknown               Unknown  Unknown
regcmMPICLM45      00000000007B7B8D  Unknown               Unknown  Unknown
regcmMPICLM45      00000000007EC1AE  Unknown               Unknown  Unknown
regcmMPICLM45      000000000041534D  Unknown               Unknown  Unknown
libc-2.28.so       0000145B13BC7D85  __libc_start_main     Unknown  Unknown
regcmMPICLM45      000000000041526E  Unknown               Unknown  Unknown
forrtl: error (76): Abort trap signal
Image              PC                Routine            Line        Source             
libpthread-2.28.s  000014F788F71CF0  Unknown               Unknown  Unknown
libc-2.28.so       000014F788798AFF  gsignal               Unknown  Unknown
libc-2.28.so       000014F78876BEA5  abort                 Unknown  Unknown
libucs.so.0.0.0    000014F343FCBD46  Unknown               Unknown  Unknown
libucs.so.0.0.0    000014F343FD06A4  ucs_log_default_h     Unknown  Unknown
libucs.so.0.0.0    000014F343FD09C4  ucs_log_dispatch      Unknown  Unknown
libuct_ib.so.0.0.  000014F343B2A4FA  uct_ib_mlx5_compl     Unknown  Unknown
libuct_ib.so.0.0.  000014F343B5368B  uct_dc_mlx5_ep_ha     Unknown  Unknown
libuct_ib.so.0.0.  000014F343B2BF9D  uct_ib_mlx5_check     Unknown  Unknown
libuct_ib.so.0.0.  000014F343B55C32  Unknown               Unknown  Unknown
libucp.so.0.0.0    000014F34447C81A  ucp_worker_progre     Unknown  Unknown
libmlx-fi.so       000014F344705DF1  Unknown               Unknown  Unknown
libmlx-fi.so       000014F34471EEAD  Unknown               Unknown  Unknown
libmlx-fi.so       000014F34471E39B  Unknown               Unknown  Unknown
libmpi.so.12.0.0   000014F789CDBE40  Unknown               Unknown  Unknown
libmpi.so.12.0.0   000014F789880715  Unknown               Unknown  Unknown
libmpi.so.12.0.0   000014F789E0B91F  Unknown               Unknown  Unknown
libmpi.so.12.0.0   000014F789C974A1  Unknown               Unknown  Unknown
libmpi.so.12.0.0   000014F789C97247  Unknown               Unknown  Unknown
libmpi.so.12.0.0   000014F7898F54E4  Unknown               Unknown  Unknown
libmpi.so.12.0.0   000014F789739F60  MPI_Neighbor_allt     Unknown  Unknown
libmpifort.so.12.  000014F78B1416E5  pmpi_neighbor_all     Unknown  Unknown
regcmMPICLM45      0000000000F0F1CE  Unknown               Unknown  Unknown
regcmMPICLM45      00000000007D2157  Unknown               Unknown  Unknown
regcmMPICLM45      00000000007B7B9C  Unknown               Unknown  Unknown
regcmMPICLM45      00000000007EC1AE  Unknown               Unknown  Unknown
regcmMPICLM45      000000000041534D  Unknown               Unknown  Unknown
libc-2.28.so       000014F788784D85  __libc_start_main     Unknown  Unknown
regcmMPICLM45      000000000041526E  Unknown               Unknown  Unknown
forrtl: error (76): Abort trap signal
Image              PC                Routine            Line        Source             
libpthread-2.28.s  00001551B8863CF0  Unknown               Unknown  Unknown
libc-2.28.so       00001551B808CAFF  gsignal               Unknown  Unknown
libc-2.28.so       00001551B805FEA5  abort                 Unknown  Unknown
libucs.so.0.0.0    0000154D738BFD46  Unknown               Unknown  Unknown
libucs.so.0.0.0    0000154D738C46A4  ucs_log_default_h     Unknown  Unknown
libucs.so.0.0.0    0000154D738C49C4  ucs_log_dispatch      Unknown  Unknown
libuct_ib.so.0.0.  0000154D7341E4FA  uct_ib_mlx5_compl     Unknown  Unknown
libuct_ib.so.0.0.  0000154D7344768B  uct_dc_mlx5_ep_ha     Unknown  Unknown
libuct_ib.so.0.0.  0000154D7341FF9D  uct_ib_mlx5_check     Unknown  Unknown
libuct_ib.so.0.0.  0000154D73449C32  Unknown               Unknown  Unknown
libucp.so.0.0.0    0000154D73D7081A  ucp_worker_progre     Unknown  Unknown
libmlx-fi.so       0000154D73FF9DF1  Unknown               Unknown  Unknown
libmlx-fi.so       0000154D74012EAD  Unknown               Unknown  Unknown
libmlx-fi.so       0000154D7401239B  Unknown               Unknown  Unknown
libmpi.so.12.0.0   00001551B95CDE40  Unknown               Unknown  Unknown
libmpi.so.12.0.0   00001551B9172715  Unknown               Unknown  Unknown
libmpi.so.12.0.0   00001551B96FD91F  Unknown               Unknown  Unknown
libmpi.so.12.0.0   00001551B95894A1  Unknown               Unknown  Unknown
libmpi.so.12.0.0   00001551B9589247  Unknown               Unknown  Unknown
libmpi.so.12.0.0   00001551B91E74E4  Unknown               Unknown  Unknown
libmpi.so.12.0.0   00001551B902BF60  MPI_Neighbor_allt     Unknown  Unknown
libmpifort.so.12.  00001551BAA336E5  pmpi_neighbor_all     Unknown  Unknown
regcmMPICLM45      0000000000F0F1CE  Unknown               Unknown  Unknown
regcmMPICLM45      00000000007D2157  Unknown               Unknown  Unknown
regcmMPICLM45      00000000007B7B8D  Unknown               Unknown  Unknown
regcmMPICLM45      00000000007EC1AE  Unknown               Unknown  Unknown
regcmMPICLM45      000000000041534D  Unknown               Unknown  Unknown
libc-2.28.so       00001551B8078D85  __libc_start_main     Unknown  Unknown
regcmMPICLM45      000000000041526E  Unknown               Unknown  Unknown
forrtl: error (76): Abort trap signal
Image              PC                Routine            Line        Source             
libpthread-2.28.s  0000147FF8B0DCF0  Unknown               Unknown  Unknown
libc-2.28.so       0000147FF8336AFF  gsignal               Unknown  Unknown
libc-2.28.so       0000147FF8309EA5  abort                 Unknown  Unknown
libucs.so.0.0.0    0000147BB3B69D46  Unknown               Unknown  Unknown
libucs.so.0.0.0    0000147BB3B6E6A4  ucs_log_default_h     Unknown  Unknown
libucs.so.0.0.0    0000147BB3B6E9C4  ucs_log_dispatch      Unknown  Unknown
libuct_ib.so.0.0.  0000147BB36C84FA  uct_ib_mlx5_compl     Unknown  Unknown
libuct_ib.so.0.0.  0000147BB36F168B  uct_dc_mlx5_ep_ha     Unknown  Unknown
libuct_ib.so.0.0.  0000147BB36C9F9D  uct_ib_mlx5_check     Unknown  Unknown
libuct_ib.so.0.0.  0000147BB36F3C32  Unknown               Unknown  Unknown
libucp.so.0.0.0    0000147BB401A81A  ucp_worker_progre     Unknown  Unknown
libmlx-fi.so       0000147BB42A3DF1  Unknown               Unknown  Unknown
libmlx-fi.so       0000147BB42BCEAD  Unknown               Unknown  Unknown
libmlx-fi.so       0000147BB42BC39B  Unknown               Unknown  Unknown
libmpi.so.12.0.0   0000147FF9877E40  Unknown               Unknown  Unknown
libmpi.so.12.0.0   0000147FF941C715  Unknown               Unknown  Unknown
libmpi.so.12.0.0   0000147FF99A791F  Unknown               Unknown  Unknown
libmpi.so.12.0.0   0000147FF98334A1  Unknown               Unknown  Unknown
libmpi.so.12.0.0   0000147FF9833247  Unknown               Unknown  Unknown
libmpi.so.12.0.0   0000147FF94914E4  Unknown               Unknown  Unknown
libmpi.so.12.0.0   0000147FF92D5F60  MPI_Neighbor_allt     Unknown  Unknown
libmpifort.so.12.  0000147FFACDD6E5  pmpi_neighbor_all     Unknown  Unknown
regcmMPICLM45      0000000000F0F1CE  Unknown               Unknown  Unknown
regcmMPICLM45      00000000007D2157  Unknown               Unknown  Unknown
regcmMPICLM45      00000000007B7B8D  Unknown               Unknown  Unknown
regcmMPICLM45      00000000007EC1AE  Unknown               Unknown  Unknown
regcmMPICLM45      000000000041534D  Unknown               Unknown  Unknown
libc-2.28.so       0000147FF8322D85  __libc_start_main     Unknown  Unknown
regcmMPICLM45      000000000041526E  Unknown               Unknown  Unknown
ERROR: Simulation ended abruptly!!!
Unknown ERROR Detected at 2008-10-24 07!
