[lrdn3891:1777381:0:1777381] ib_mlx5_log.c:177  Transport retry count exceeded on mlx5_0:1/IB (synd 0x15 vend 0x81 hw_synd 0/0)
[lrdn3891:1777381:0:1777381] ib_mlx5_log.c:177  DCI QP 0x1c8c2 wqe[24781]: SEND s-e [rqpn 0x7e2f rlid 13988] [va 0x152937a8c000 len 5290 lkey 0x7d83f] 
forrtl: error (76): Abort trap signal
Image              PC                Routine            Line        Source             
libpthread-2.28.s  0000152D876D2CF0  Unknown               Unknown  Unknown
libc-2.28.so       0000152D86EFBAFF  gsignal               Unknown  Unknown
libc-2.28.so       0000152D86ECEEA5  abort                 Unknown  Unknown
libucs.so.0.0.0    000015294272ED46  Unknown               Unknown  Unknown
libucs.so.0.0.0    00001529427336A4  ucs_log_default_h     Unknown  Unknown
libucs.so.0.0.0    00001529427339C4  ucs_log_dispatch      Unknown  Unknown
libuct_ib.so.0.0.  000015294228D4FA  uct_ib_mlx5_compl     Unknown  Unknown
libuct_ib.so.0.0.  00001529422B668B  uct_dc_mlx5_ep_ha     Unknown  Unknown
libuct_ib.so.0.0.  000015294228EF9D  uct_ib_mlx5_check     Unknown  Unknown
libuct_ib.so.0.0.  00001529422B8C32  Unknown               Unknown  Unknown
libucp.so.0.0.0    0000152942BDF81A  ucp_worker_progre     Unknown  Unknown
libmlx-fi.so       0000152942E68DF1  Unknown               Unknown  Unknown
libmlx-fi.so       0000152942E81EAD  Unknown               Unknown  Unknown
libmlx-fi.so       0000152942E8139B  Unknown               Unknown  Unknown
libmpi.so.12.0.0   0000152D8843CE40  Unknown               Unknown  Unknown
libmpi.so.12.0.0   0000152D87FE1715  Unknown               Unknown  Unknown
libmpi.so.12.0.0   0000152D8856C91F  Unknown               Unknown  Unknown
libmpi.so.12.0.0   0000152D883F84A1  Unknown               Unknown  Unknown
libmpi.so.12.0.0   0000152D883F8247  Unknown               Unknown  Unknown
libmpi.so.12.0.0   0000152D880564E4  Unknown               Unknown  Unknown
libmpi.so.12.0.0   0000152D87E9AF60  MPI_Neighbor_allt     Unknown  Unknown
libmpifort.so.12.  0000152D898A26E5  pmpi_neighbor_all     Unknown  Unknown
regcmMPICLM45      0000000000F1168B  Unknown               Unknown  Unknown
regcmMPICLM45      00000000007D1555  Unknown               Unknown  Unknown
regcmMPICLM45      00000000007B7C9A  Unknown               Unknown  Unknown
regcmMPICLM45      00000000007EC1AE  Unknown               Unknown  Unknown
regcmMPICLM45      000000000041534D  Unknown               Unknown  Unknown
libc-2.28.so       0000152D86EE7D85  __libc_start_main     Unknown  Unknown
regcmMPICLM45      000000000041526E  Unknown               Unknown  Unknown
ERROR: Simulation ended abruptly!!!
Unknown ERROR Detected at 1999-09-02 08!
