--------------------------------------------------------------------------
WARNING: Could not generate an xpmem segment id for this process'
address space.

The vader shared memory BTL will fall back on another single-copy
mechanism if one is available. This may result in lower performance.

  Local host: node79
  Error code: 2 (No such file or directory)
--------------------------------------------------------------------------
--------------------------------------------------------------------------
WARNING: There was an error initializing an OpenFabrics device.

  Local host:   node77
  Local device: mlx5_0
--------------------------------------------------------------------------
 NetCDF: HDF error                                                              
  
 NetCDF: HDF error                                                              
  
 Abort called by computing node           65 at 2024-11-06 11:02:41.880 +0100
 Execution terminated because of runtime error
 NetCDF: HDF error                                                              
  
 Abort called by computing node           66 at 2024-11-06 11:02:41.880 +0100
 Execution terminated because of runtime error
 NetCDF: HDF error                                                              
  
 Abort called by computing node           67 at 2024-11-06 11:02:41.880 +0100
 Execution terminated because of runtime error
 NetCDF: HDF error                                                              
  
 Abort called by computing node           69 at 2024-11-06 11:02:41.880 +0100
 Execution terminated because of runtime error
 NetCDF: HDF error                                                              
  
 Abort called by computing node           72 at 2024-11-06 11:02:41.880 +0100
 Execution terminated because of runtime error
 NetCDF: HDF error                                                              
  
 Abort called by computing node           73 at 2024-11-06 11:02:41.880 +0100
 Execution terminated because of runtime error
 NetCDF: HDF error                                                              
  
 Abort called by computing node           74 at 2024-11-06 11:02:41.880 +0100
 Execution terminated because of runtime error
 NetCDF: HDF error                                                              
  
 Abort called by computing node           76 at 2024-11-06 11:02:41.880 +0100
 Execution terminated because of runtime error
 NetCDF: HDF error                                                              
  
 Abort called by computing node           77 at 2024-11-06 11:02:41.880 +0100
 Execution terminated because of runtime error
 NetCDF: HDF error                                                              
  
 Abort called by computing node           78 at 2024-11-06 11:02:41.880 +0100
 Execution terminated because of runtime error
 NetCDF: HDF error                                                              
  
 Abort called by computing node           79 at 2024-11-06 11:02:41.880 +0100
 Execution terminated because of runtime error
 NetCDF: HDF error                                                              
  
 Abort called by computing node           60 at 2024-11-06 11:02:41.880 +0100
 Execution terminated because of runtime error
 NetCDF: HDF error                                                              
  
 Abort called by computing node           61 at 2024-11-06 11:02:41.880 +0100
 Execution terminated because of runtime error
 NetCDF: HDF error                                                              
  
 Abort called by computing node           63 at 2024-11-06 11:02:41.880 +0100
 Execution terminated because of runtime error
 NetCDF: HDF error                                                              
  
 Abort called by computing node           64 at 2024-11-06 11:02:41.880 +0100
 Execution terminated because of runtime error
 Abort called by computing node           62 at 2024-11-06 11:02:41.880 +0100
 Execution terminated because of runtime error
 NetCDF: HDF error                                                              
  
 Abort called by computing node           68 at 2024-11-06 11:02:41.880 +0100
 Execution terminated because of runtime error
 NetCDF: HDF error                                                              
  
 Abort called by computing node           70 at 2024-11-06 11:02:41.880 +0100
 Execution terminated because of runtime error
 NetCDF: HDF error                                                              
  
 Abort called by computing node           71 at 2024-11-06 11:02:41.880 +0100
 Execution terminated because of runtime error
 NetCDF: HDF error                                                              
  
 Abort called by computing node           75 at 2024-11-06 11:02:41.880 +0100
 Execution terminated because of runtime error
 NetCDF: HDF error                                                              
  
 mod_nchelper.F90 : 
     1190:Error open NetCDF input /home/mda_silv/scratch/EUR-11/icbc//EUR-11_ICB
 C.2000010100.nc:         -101
 NetCDF: HDF error                                                              
  
 NetCDF: HDF error                                                              
  
 NetCDF: HDF error                                                              
  
 NetCDF: HDF error                                                              
  
 NetCDF: HDF error                                                              
  
 NetCDF: HDF error                                                              
  
 NetCDF: HDF error                                                              
  
 NetCDF: HDF error                                                              
  
 Abort called by computing node            0 at 2024-11-06 11:02:41.881 +0100
 Execution terminated because of runtime error
 NetCDF: HDF error                                                              
  
 NetCDF: HDF error                                                              
  
 NetCDF: HDF error                                                              
  
 NetCDF: HDF error                                                              
  
 NetCDF: HDF error                                                              
  
 NetCDF: HDF error                                                              
  
 NetCDF: HDF error                                                              
  
 NetCDF: HDF error                                                              
  
 NetCDF: HDF error                                                              
  
 NetCDF: HDF error                                                              
  
 NetCDF: HDF error                                                              
  
 Abort called by computing node           14 at 2024-11-06 11:02:41.881 +0100
 Execution terminated because of runtime error
 Abort called by computing node            1 at 2024-11-06 11:02:41.881 +0100
 Execution terminated because of runtime error
 Abort called by computing node            2 at 2024-11-06 11:02:41.881 +0100
 Execution terminated because of runtime error
 Abort called by computing node            3 at 2024-11-06 11:02:41.881 +0100
 Execution terminated because of runtime error
 Abort called by computing node           19 at 2024-11-06 11:02:41.881 +0100
 Execution terminated because of runtime error
 Abort called by computing node            4 at 2024-11-06 11:02:41.881 +0100
 Execution terminated because of runtime error
 Abort called by computing node            6 at 2024-11-06 11:02:41.881 +0100
 Execution terminated because of runtime error
 Abort called by computing node            7 at 2024-11-06 11:02:41.881 +0100
 Execution terminated because of runtime error
 Abort called by computing node            9 at 2024-11-06 11:02:41.881 +0100
 Execution terminated because of runtime error
 Abort called by computing node           10 at 2024-11-06 11:02:41.881 +0100
 Execution terminated because of runtime error
 Abort called by computing node           11 at 2024-11-06 11:02:41.881 +0100
 Execution terminated because of runtime error
 Abort called by computing node           12 at 2024-11-06 11:02:41.881 +0100
 Execution terminated because of runtime error
 Abort called by computing node            8 at 2024-11-06 11:02:41.881 +0100
 Execution terminated because of runtime error
 Abort called by computing node           13 at 2024-11-06 11:02:41.881 +0100
 Execution terminated because of runtime error
 Abort called by computing node           16 at 2024-11-06 11:02:41.881 +0100
 Execution terminated because of runtime error
 Abort called by computing node           15 at 2024-11-06 11:02:41.881 +0100
 Execution terminated because of runtime error
 Abort called by computing node           17 at 2024-11-06 11:02:41.881 +0100
 Execution terminated because of runtime error
 Abort called by computing node           18 at 2024-11-06 11:02:41.881 +0100
 Execution terminated because of runtime error
 Abort called by computing node            5 at 2024-11-06 11:02:41.881 +0100
 Execution terminated because of runtime error
 NetCDF: HDF error                                                              
  
 NetCDF: HDF error                                                              
  
 Abort called by computing node           22 at 2024-11-06 11:02:41.882 +0100
 Execution terminated because of runtime error
 NetCDF: HDF error                                                              
  
 Abort called by computing node           23 at 2024-11-06 11:02:41.882 +0100
 Execution terminated because of runtime error
 NetCDF: HDF error                                                              
  
 Abort called by computing node           24 at 2024-11-06 11:02:41.882 +0100
 Execution terminated because of runtime error
 NetCDF: HDF error                                                              
  
 Abort called by computing node           25 at 2024-11-06 11:02:41.882 +0100
 Execution terminated because of runtime error
 NetCDF: HDF error                                                              
  
 NetCDF: HDF error                                                              
  
 Abort called by computing node           26 at 2024-11-06 11:02:41.882 +0100
 Execution terminated because of runtime error
 NetCDF: HDF error                                                              
  
 Abort called by computing node           27 at 2024-11-06 11:02:41.882 +0100
 Execution terminated because of runtime error
 NetCDF: HDF error                                                              
  
 NetCDF: HDF error                                                              
  
 Abort called by computing node           28 at 2024-11-06 11:02:41.882 +0100
 Execution terminated because of runtime error
--------------------------------------------------------------------------
MPI_ABORT was invoked on rank 75 in communicator MPI COMMUNICATOR 3 DUP FROM 0
with errorcode 1.

NOTE: invoking MPI_ABORT causes Open MPI to kill all MPI processes.
You may or may not see output from other processes, depending on
exactly when Open MPI kills them.
--------------------------------------------------------------------------
 NetCDF: HDF error                                                              
  
 Abort called by computing node           42 at 2024-11-06 11:02:41.882 +0100
 Execution terminated because of runtime error
 NetCDF: HDF error                                                              
  
 Abort called by computing node           29 at 2024-11-06 11:02:41.882 +0100
 Execution terminated because of runtime error
 NetCDF: HDF error                                                              
  
 NetCDF: HDF error                                                              
  
 Abort called by computing node           30 at 2024-11-06 11:02:41.882 +0100
 Execution terminated because of runtime error
 NetCDF: HDF error                                                              
  
 Abort called by computing node           44 at 2024-11-06 11:02:41.882 +0100
 Execution terminated because of runtime error
 NetCDF: HDF error                                                              
  
 Abort called by computing node           31 at 2024-11-06 11:02:41.882 +0100
 Execution terminated because of runtime error
 NetCDF: HDF error                                                              
  
 Abort called by computing node           45 at 2024-11-06 11:02:41.882 +0100
 Execution terminated because of runtime error
 NetCDF: HDF error                                                              
  
 Abort called by computing node           32 at 2024-11-06 11:02:41.882 +0100
 Execution terminated because of runtime error
 NetCDF: HDF error                                                              
  
 Abort called by computing node           46 at 2024-11-06 11:02:41.882 +0100
 Execution terminated because of runtime error
 NetCDF: HDF error                                                              
  
 Abort called by computing node           33 at 2024-11-06 11:02:41.882 +0100
 Execution terminated because of runtime error
 NetCDF: HDF error                                                              
  
 Abort called by computing node           47 at 2024-11-06 11:02:41.882 +0100
 Execution terminated because of runtime error
 NetCDF: HDF error                                                              
  
 Abort called by computing node           34 at 2024-11-06 11:02:41.882 +0100
 Execution terminated because of runtime error
 NetCDF: HDF error                                                              
  
 Abort called by computing node           48 at 2024-11-06 11:02:41.882 +0100
 Execution terminated because of runtime error
 NetCDF: HDF error                                                              
  
 Abort called by computing node           35 at 2024-11-06 11:02:41.882 +0100
 Execution terminated because of runtime error
 NetCDF: HDF error                                                              
  
 Abort called by computing node           49 at 2024-11-06 11:02:41.882 +0100
 Execution terminated because of runtime error
 NetCDF: HDF error                                                              
  
 Abort called by computing node           36 at 2024-11-06 11:02:41.882 +0100
 Execution terminated because of runtime error
 NetCDF: HDF error                                                              
  
 Abort called by computing node           50 at 2024-11-06 11:02:41.882 +0100
 Execution terminated because of runtime error
 NetCDF: HDF error                                                              
  
 Abort called by computing node           37 at 2024-11-06 11:02:41.882 +0100
 Execution terminated because of runtime error
 NetCDF: HDF error                                                              
  
 Abort called by computing node           51 at 2024-11-06 11:02:41.882 +0100
 Execution terminated because of runtime error
 NetCDF: HDF error                                                              
  
 Abort called by computing node           38 at 2024-11-06 11:02:41.882 +0100
 Execution terminated because of runtime error
 NetCDF: HDF error                                                              
  
 Abort called by computing node           52 at 2024-11-06 11:02:41.882 +0100
 Execution terminated because of runtime error
 NetCDF: HDF error                                                              
  
 Abort called by computing node           39 at 2024-11-06 11:02:41.882 +0100
 Execution terminated because of runtime error
 NetCDF: HDF error                                                              
  
 Abort called by computing node           53 at 2024-11-06 11:02:41.882 +0100
 Execution terminated because of runtime error
 NetCDF: HDF error                                                              
  
 Abort called by computing node           21 at 2024-11-06 11:02:41.882 +0100
 Execution terminated because of runtime error
 NetCDF: HDF error                                                              
  
 Abort called by computing node           54 at 2024-11-06 11:02:41.882 +0100
 Execution terminated because of runtime error
 Abort called by computing node           20 at 2024-11-06 11:02:41.882 +0100
 Execution terminated because of runtime error
 NetCDF: HDF error                                                              
  
 Abort called by computing node           55 at 2024-11-06 11:02:41.882 +0100
 Execution terminated because of runtime error
 NetCDF: HDF error                                                              
  
 Abort called by computing node           56 at 2024-11-06 11:02:41.882 +0100
 Execution terminated because of runtime error
 NetCDF: HDF error                                                              
  
 Abort called by computing node           57 at 2024-11-06 11:02:41.882 +0100
 Execution terminated because of runtime error
 NetCDF: HDF error                                                              
  
 Abort called by computing node           58 at 2024-11-06 11:02:41.882 +0100
 Execution terminated because of runtime error
 NetCDF: HDF error                                                              
  
 Abort called by computing node           59 at 2024-11-06 11:02:41.882 +0100
 Execution terminated because of runtime error
 Abort called by computing node           40 at 2024-11-06 11:02:41.882 +0100
 Execution terminated because of runtime error
 Abort called by computing node           41 at 2024-11-06 11:02:41.882 +0100
 Execution terminated because of runtime error
 Abort called by computing node           43 at 2024-11-06 11:02:41.882 +0100
 Execution terminated because of runtime error
[node76:02326] PMIX ERROR: UNREACHABLE in file server/pmix_server.c at line 2198
[node76:02326] PMIX ERROR: UNREACHABLE in file server/pmix_server.c at line 2198
[node76:02326] PMIX ERROR: UNREACHABLE in file server/pmix_server.c at line 2198
[node76:02326] PMIX ERROR: UNREACHABLE in file server/pmix_server.c at line 2198
[node76:02326] PMIX ERROR: UNREACHABLE in file server/pmix_server.c at line 2198
[node76:02326] PMIX ERROR: UNREACHABLE in file server/pmix_server.c at line 2198
[node76:02326] PMIX ERROR: UNREACHABLE in file server/pmix_server.c at line 2198
[node76:02326] PMIX ERROR: UNREACHABLE in file server/pmix_server.c at line 2198
[node76:02326] PMIX ERROR: UNREACHABLE in file server/pmix_server.c at line 2198
[node76:02326] PMIX ERROR: UNREACHABLE in file server/pmix_server.c at line 2198
[node76:02326] PMIX ERROR: UNREACHABLE in file server/pmix_server.c at line 2198
[node76:02326] PMIX ERROR: UNREACHABLE in file server/pmix_server.c at line 2198
[node76:02326] PMIX ERROR: UNREACHABLE in file server/pmix_server.c at line 2198
[node76:02326] PMIX ERROR: UNREACHABLE in file server/pmix_server.c at line 2198
[node76:02326] PMIX ERROR: UNREACHABLE in file server/pmix_server.c at line 2198
[node76:02326] PMIX ERROR: UNREACHABLE in file server/pmix_server.c at line 2198
[node76:02326] PMIX ERROR: UNREACHABLE in file server/pmix_server.c at line 2198
[node76:02326] PMIX ERROR: UNREACHABLE in file server/pmix_server.c at line 2198
[node76:02326] PMIX ERROR: UNREACHABLE in file server/pmix_server.c at line 2198
[node76:02326] PMIX ERROR: UNREACHABLE in file server/pmix_server.c at line 2198
forrtl: error (78): process killed (SIGTERM)
Image              PC                Routine            Line        Source             
regcmMPICLM45      00000000013B9B9F  for__signal_handl     Unknown  Unknown
libpthread-2.17.s  00002BA452E71630  Unknown               Unknown  Unknown
libpthread-2.17.s  00002BA452E70E9D  __nanosleep           Unknown  Unknown
libopen-rte.so.40  00002BA456059A3A  orte_show_help_no     Unknown  Unknown
libopen-rte.so.40  00002BA456059D7C  orte_show_help        Unknown  Unknown
libmpi.so.40.30.4  00002BA4529B657C  MPI_Abort             Unknown  Unknown
libmpi_mpifh.so.4  00002BA4529322FE  mpi_abort             Unknown  Unknown
regcmMPICLM45      0000000000821857  Unknown               Unknown  Unknown
regcmMPICLM45      00000000012444A5  Unknown               Unknown  Unknown
regcmMPICLM45      000000000127B0E0  Unknown               Unknown  Unknown
regcmMPICLM45      00000000012796FA  Unknown               Unknown  Unknown
regcmMPICLM45      00000000004BAE2F  Unknown               Unknown  Unknown
regcmMPICLM45      0000000000590FF7  Unknown               Unknown  Unknown
regcmMPICLM45      00000000004128AE  Unknown               Unknown  Unknown
regcmMPICLM45      00000000008A00A6  Unknown               Unknown  Unknown
regcmMPICLM45      000000000041204E  Unknown               Unknown  Unknown
libc-2.17.so       00002BA4530A0555  __libc_start_main     Unknown  Unknown
regcmMPICLM45      0000000000411F69  Unknown               Unknown  Unknown
forrtl: error (78): process killed (SIGTERM)
Image              PC                Routine            Line        Source             
regcmMPICLM45      00000000013B9B9F  for__signal_handl     Unknown  Unknown
libpthread-2.17.s  00002AD52844D630  Unknown               Unknown  Unknown
libpthread-2.17.s  00002AD52844CE9D  __nanosleep           Unknown  Unknown
libopen-rte.so.40  00002AD52B635A3A  orte_show_help_no     Unknown  Unknown
libopen-rte.so.40  00002AD52B635D7C  orte_show_help        Unknown  Unknown
libmpi.so.40.30.4  00002AD527F9257C  MPI_Abort             Unknown  Unknown
libmpi_mpifh.so.4  00002AD527F0E2FE  mpi_abort             Unknown  Unknown
regcmMPICLM45      0000000000821857  Unknown               Unknown  Unknown
regcmMPICLM45      00000000012444A5  Unknown               Unknown  Unknown
regcmMPICLM45      000000000127B0E0  Unknown               Unknown  Unknown
regcmMPICLM45      00000000012796FA  Unknown               Unknown  Unknown
regcmMPICLM45      00000000004BAE2F  Unknown               Unknown  Unknown
regcmMPICLM45      0000000000590FF7  Unknown               Unknown  Unknown
regcmMPICLM45      00000000004128AE  Unknown               Unknown  Unknown
regcmMPICLM45      00000000008A00A6  Unknown               Unknown  Unknown
regcmMPICLM45      000000000041204E  Unknown               Unknown  Unknown
libc-2.17.so       00002AD52867C555  __libc_start_main     Unknown  Unknown
regcmMPICLM45      0000000000411F69  Unknown               Unknown  Unknown
forrtl: error (78): process killed (SIGTERM)
Image              PC                Routine            Line        Source             
regcmMPICLM45      00000000013B9B9F  for__signal_handl     Unknown  Unknown
libpthread-2.17.s  00002AB53E611630  Unknown               Unknown  Unknown
libpthread-2.17.s  00002AB53E60DA35  pthread_cond_wait     Unknown  Unknown
mca_pmix_pmix3x.s  00002AB542034C8D  PMIx_Abort            Unknown  Unknown
mca_pmix_pmix3x.s  00002AB541FFEF88  pmix3x_abort          Unknown  Unknown
mca_ess_pmi.so     00002AB541DC9446  Unknown               Unknown  Unknown
libopen-rte.so.40  00002AB541826186  orte_errmgr_base_     Unknown  Unknown
mca_errmgr_defaul  00002AB542BC144B  Unknown               Unknown  Unknown
libmpi.so.40.30.4  00002AB53E14440E  ompi_mpi_abort        Unknown  Unknown
libmpi_mpifh.so.4  00002AB53E0D22FE  mpi_abort             Unknown  Unknown
regcmMPICLM45      0000000000821857  Unknown               Unknown  Unknown
regcmMPICLM45      00000000012444A5  Unknown               Unknown  Unknown
regcmMPICLM45      000000000127B0E0  Unknown               Unknown  Unknown
regcmMPICLM45      00000000012796FA  Unknown               Unknown  Unknown
regcmMPICLM45      00000000004BAE2F  Unknown               Unknown  Unknown
regcmMPICLM45      0000000000590FF7  Unknown               Unknown  Unknown
regcmMPICLM45      00000000004128AE  Unknown               Unknown  Unknown
regcmMPICLM45      00000000008A00A6  Unknown               Unknown  Unknown
regcmMPICLM45      000000000041204E  Unknown               Unknown  Unknown
libc-2.17.so       00002AB53E840555  __libc_start_main     Unknown  Unknown
regcmMPICLM45      0000000000411F69  Unknown               Unknown  Unknown
forrtl: error (78): process killed (SIGTERM)
Image              PC                Routine            Line        Source             
regcmMPICLM45      00000000013B9B9F  for__signal_handl     Unknown  Unknown
libpthread-2.17.s  00002ABAF8A5D630  Unknown               Unknown  Unknown
libpthread-2.17.s  00002ABAF8A59A35  pthread_cond_wait     Unknown  Unknown
mca_pmix_pmix3x.s  00002ABAFC480C8D  PMIx_Abort            Unknown  Unknown
mca_pmix_pmix3x.s  00002ABAFC44AF88  pmix3x_abort          Unknown  Unknown
mca_ess_pmi.so     00002ABAFC215446  Unknown               Unknown  Unknown
libopen-rte.so.40  00002ABAFBC72186  orte_errmgr_base_     Unknown  Unknown
mca_errmgr_defaul  00002ABAFD00D44B  Unknown               Unknown  Unknown
libmpi.so.40.30.4  00002ABAF859040E  ompi_mpi_abort        Unknown  Unknown
libmpi_mpifh.so.4  00002ABAF851E2FE  mpi_abort             Unknown  Unknown
regcmMPICLM45      0000000000821857  Unknown               Unknown  Unknown
regcmMPICLM45      00000000012444A5  Unknown               Unknown  Unknown
regcmMPICLM45      000000000127B0E0  Unknown               Unknown  Unknown
regcmMPICLM45      00000000012796FA  Unknown               Unknown  Unknown
regcmMPICLM45      00000000004BAE2F  Unknown               Unknown  Unknown
regcmMPICLM45      0000000000590FF7  Unknown               Unknown  Unknown
regcmMPICLM45      00000000004128AE  Unknown               Unknown  Unknown
regcmMPICLM45      00000000008A00A6  Unknown               Unknown  Unknown
regcmMPICLM45      000000000041204E  Unknown               Unknown  Unknown
libc-2.17.so       00002ABAF8C8C555  __libc_start_main     Unknown  Unknown
regcmMPICLM45      0000000000411F69  Unknown               Unknown  Unknown
forrtl: error (78): process killed (SIGTERM)
Image              PC                Routine            Line        Source             
regcmMPICLM45      00000000013B9B9F  for__signal_handl     Unknown  Unknown
libpthread-2.17.s  00002B5AD2F27630  Unknown               Unknown  Unknown
libpthread-2.17.s  00002B5AD2F26E9D  __nanosleep           Unknown  Unknown
libopen-rte.so.40  00002B5AD610FA3A  orte_show_help_no     Unknown  Unknown
libopen-rte.so.40  00002B5AD610FD7C  orte_show_help        Unknown  Unknown
libmpi.so.40.30.4  00002B5AD2A6C57C  MPI_Abort             Unknown  Unknown
libmpi_mpifh.so.4  00002B5AD29E82FE  mpi_abort             Unknown  Unknown
regcmMPICLM45      0000000000821857  Unknown               Unknown  Unknown
regcmMPICLM45      00000000012444A5  Unknown               Unknown  Unknown
regcmMPICLM45      000000000127B0E0  Unknown               Unknown  Unknown
regcmMPICLM45      00000000012796FA  Unknown               Unknown  Unknown
regcmMPICLM45      00000000004BAE2F  Unknown               Unknown  Unknown
regcmMPICLM45      0000000000590FF7  Unknown               Unknown  Unknown
regcmMPICLM45      00000000004128AE  Unknown               Unknown  Unknown
regcmMPICLM45      00000000008A00A6  Unknown               Unknown  Unknown
regcmMPICLM45      000000000041204E  Unknown               Unknown  Unknown
libc-2.17.so       00002B5AD3156555  __libc_start_main     Unknown  Unknown
regcmMPICLM45      0000000000411F69  Unknown               Unknown  Unknown
forrtl: error (78): process killed (SIGTERM)
Image              PC                Routine            Line        Source             
regcmMPICLM45      00000000013B9B9F  for__signal_handl     Unknown  Unknown
libpthread-2.17.s  00002ADD28636630  Unknown               Unknown  Unknown
libpthread-2.17.s  00002ADD28632A35  pthread_cond_wait     Unknown  Unknown
mca_pmix_pmix3x.s  00002ADD3005BC8D  PMIx_Abort            Unknown  Unknown
mca_pmix_pmix3x.s  00002ADD30025F88  pmix3x_abort          Unknown  Unknown
mca_ess_pmi.so     00002ADD2BDEE446  Unknown               Unknown  Unknown
libopen-rte.so.40  00002ADD2B84B186  orte_errmgr_base_     Unknown  Unknown
mca_errmgr_defaul  00002ADD30BE344B  Unknown               Unknown  Unknown
libmpi.so.40.30.4  00002ADD2816940E  ompi_mpi_abort        Unknown  Unknown
libmpi_mpifh.so.4  00002ADD280F72FE  mpi_abort             Unknown  Unknown
regcmMPICLM45      0000000000821857  Unknown               Unknown  Unknown
regcmMPICLM45      00000000012444A5  Unknown               Unknown  Unknown
regcmMPICLM45      000000000127B0E0  Unknown               Unknown  Unknown
regcmMPICLM45      00000000012796FA  Unknown               Unknown  Unknown
regcmMPICLM45      00000000004BAE2F  Unknown               Unknown  Unknown
regcmMPICLM45      0000000000590FF7  Unknown               Unknown  Unknown
regcmMPICLM45      00000000004128AE  Unknown               Unknown  Unknown
regcmMPICLM45      00000000008A00A6  Unknown               Unknown  Unknown
regcmMPICLM45      000000000041204E  Unknown               Unknown  Unknown
libc-2.17.so       00002ADD28865555  __libc_start_main     Unknown  Unknown
regcmMPICLM45      0000000000411F69  Unknown               Unknown  Unknown
forrtl: error (78): process killed (SIGTERM)
Image              PC                Routine            Line        Source             
regcmMPICLM45      00000000013B9B9F  for__signal_handl     Unknown  Unknown
libpthread-2.17.s  00002B50770B6630  Unknown               Unknown  Unknown
libpthread-2.17.s  00002B50770B5E9D  __nanosleep           Unknown  Unknown
libopen-rte.so.40  00002B507A29EA3A  orte_show_help_no     Unknown  Unknown
libopen-rte.so.40  00002B507A29ED7C  orte_show_help        Unknown  Unknown
libmpi.so.40.30.4  00002B5076BFB57C  MPI_Abort             Unknown  Unknown
libmpi_mpifh.so.4  00002B5076B772FE  mpi_abort             Unknown  Unknown
regcmMPICLM45      0000000000821857  Unknown               Unknown  Unknown
regcmMPICLM45      00000000012444A5  Unknown               Unknown  Unknown
regcmMPICLM45      000000000127B0E0  Unknown               Unknown  Unknown
regcmMPICLM45      00000000012796FA  Unknown               Unknown  Unknown
regcmMPICLM45      00000000004BAE2F  Unknown               Unknown  Unknown
regcmMPICLM45      0000000000590FF7  Unknown               Unknown  Unknown
regcmMPICLM45      00000000004128AE  Unknown               Unknown  Unknown
regcmMPICLM45      00000000008A00A6  Unknown               Unknown  Unknown
regcmMPICLM45      000000000041204E  Unknown               Unknown  Unknown
libc-2.17.so       00002B50772E5555  __libc_start_main     Unknown  Unknown
regcmMPICLM45      0000000000411F69  Unknown               Unknown  Unknown
forrtl: error (78): process killed (SIGTERM)
Image              PC                Routine            Line        Source             
regcmMPICLM45      00000000013B9B9F  for__signal_handl     Unknown  Unknown
libpthread-2.17.s  00002AEDAB8D9630  Unknown               Unknown  Unknown
libpthread-2.17.s  00002AEDAB8D8E9D  __nanosleep           Unknown  Unknown
libopen-rte.so.40  00002AEDAEAC1A3A  orte_show_help_no     Unknown  Unknown
libopen-rte.so.40  00002AEDAEAC1D7C  orte_show_help        Unknown  Unknown
libmpi.so.40.30.4  00002AEDAB41E57C  MPI_Abort             Unknown  Unknown
libmpi_mpifh.so.4  00002AEDAB39A2FE  mpi_abort             Unknown  Unknown
regcmMPICLM45      0000000000821857  Unknown               Unknown  Unknown
regcmMPICLM45      00000000012444A5  Unknown               Unknown  Unknown
regcmMPICLM45      000000000127B0E0  Unknown               Unknown  Unknown
regcmMPICLM45      00000000012796FA  Unknown               Unknown  Unknown
regcmMPICLM45      00000000004BAE2F  Unknown               Unknown  Unknown
regcmMPICLM45      0000000000590FF7  Unknown               Unknown  Unknown
regcmMPICLM45      00000000004128AE  Unknown               Unknown  Unknown
regcmMPICLM45      00000000008A00A6  Unknown               Unknown  Unknown
regcmMPICLM45      000000000041204E  Unknown               Unknown  Unknown
libc-2.17.so       00002AEDABB08555  __libc_start_main     Unknown  Unknown
regcmMPICLM45      0000000000411F69  Unknown               Unknown  Unknown
forrtl: error (78): process killed (SIGTERM)
Image              PC                Routine            Line        Source             
regcmMPICLM45      00000000013B9B9F  for__signal_handl     Unknown  Unknown
libpthread-2.17.s  00002B6298883630  Unknown               Unknown  Unknown
libpthread-2.17.s  00002B629887FA35  pthread_cond_wait     Unknown  Unknown
mca_pmix_pmix3x.s  00002B629C2A6C8D  PMIx_Abort            Unknown  Unknown
mca_pmix_pmix3x.s  00002B629C270F88  pmix3x_abort          Unknown  Unknown
mca_ess_pmi.so     00002B629C03B446  Unknown               Unknown  Unknown
libopen-rte.so.40  00002B629BA98186  orte_errmgr_base_     Unknown  Unknown
mca_errmgr_defaul  00002B629CE3344B  Unknown               Unknown  Unknown
libmpi.so.40.30.4  00002B62983B640E  ompi_mpi_abort        Unknown  Unknown
libmpi_mpifh.so.4  00002B62983442FE  mpi_abort             Unknown  Unknown
regcmMPICLM45      0000000000821857  Unknown               Unknown  Unknown
regcmMPICLM45      00000000012444A5  Unknown               Unknown  Unknown
regcmMPICLM45      000000000127B0E0  Unknown               Unknown  Unknown
regcmMPICLM45      00000000012796FA  Unknown               Unknown  Unknown
regcmMPICLM45      00000000004BAE2F  Unknown               Unknown  Unknown
regcmMPICLM45      0000000000590FF7  Unknown               Unknown  Unknown
regcmMPICLM45      00000000004128AE  Unknown               Unknown  Unknown
regcmMPICLM45      00000000008A00A6  Unknown               Unknown  Unknown
regcmMPICLM45      000000000041204E  Unknown               Unknown  Unknown
libc-2.17.so       00002B6298AB2555  __libc_start_main     Unknown  Unknown
regcmMPICLM45      0000000000411F69  Unknown               Unknown  Unknown
forrtl: error (78): process killed (SIGTERM)
Image              PC                Routine            Line        Source             
regcmMPICLM45      00000000013B9B9F  for__signal_handl     Unknown  Unknown
libpthread-2.17.s  00002B28D3B7F630  Unknown               Unknown  Unknown
libpthread-2.17.s  00002B28D3B7BA35  pthread_cond_wait     Unknown  Unknown
mca_pmix_pmix3x.s  00002B28D75A2C8D  PMIx_Abort            Unknown  Unknown
mca_pmix_pmix3x.s  00002B28D756CF88  pmix3x_abort          Unknown  Unknown
mca_ess_pmi.so     00002B28D7337446  Unknown               Unknown  Unknown
libopen-rte.so.40  00002B28D6D94186  orte_errmgr_base_     Unknown  Unknown
mca_errmgr_defaul  00002B28D7D2F44B  Unknown               Unknown  Unknown
libmpi.so.40.30.4  00002B28D36B240E  ompi_mpi_abort        Unknown  Unknown
libmpi_mpifh.so.4  00002B28D36402FE  mpi_abort             Unknown  Unknown
regcmMPICLM45      0000000000821857  Unknown               Unknown  Unknown
regcmMPICLM45      00000000012444A5  Unknown               Unknown  Unknown
regcmMPICLM45      000000000127B0E0  Unknown               Unknown  Unknown
regcmMPICLM45      00000000012796FA  Unknown               Unknown  Unknown
regcmMPICLM45      00000000004BAE2F  Unknown               Unknown  Unknown
regcmMPICLM45      0000000000590FF7  Unknown               Unknown  Unknown
regcmMPICLM45      00000000004128AE  Unknown               Unknown  Unknown
regcmMPICLM45      00000000008A00A6  Unknown               Unknown  Unknown
regcmMPICLM45      000000000041204E  Unknown               Unknown  Unknown
libc-2.17.so       00002B28D3DAE555  __libc_start_main     Unknown  Unknown
regcmMPICLM45      0000000000411F69  Unknown               Unknown  Unknown
forrtl: error (78): process killed (SIGTERM)
Image              PC                Routine            Line        Source             
regcmMPICLM45      00000000013B9B9F  for__signal_handl     Unknown  Unknown
libpthread-2.17.s  00002B93BB2A6630  Unknown               Unknown  Unknown
libpthread-2.17.s  00002B93BB2A5E9D  __nanosleep           Unknown  Unknown
libopen-rte.so.40  00002B93BE48EA3A  orte_show_help_no     Unknown  Unknown
libopen-rte.so.40  00002B93BE48ED7C  orte_show_help        Unknown  Unknown
libmpi.so.40.30.4  00002B93BADEB57C  MPI_Abort             Unknown  Unknown
libmpi_mpifh.so.4  00002B93BAD672FE  mpi_abort             Unknown  Unknown
regcmMPICLM45      0000000000821857  Unknown               Unknown  Unknown
regcmMPICLM45      00000000012444A5  Unknown               Unknown  Unknown
regcmMPICLM45      000000000127B0E0  Unknown               Unknown  Unknown
regcmMPICLM45      00000000012796FA  Unknown               Unknown  Unknown
regcmMPICLM45      00000000004BAE2F  Unknown               Unknown  Unknown
regcmMPICLM45      0000000000590FF7  Unknown               Unknown  Unknown
regcmMPICLM45      00000000004128AE  Unknown               Unknown  Unknown
regcmMPICLM45      00000000008A00A6  Unknown               Unknown  Unknown
regcmMPICLM45      000000000041204E  Unknown               Unknown  Unknown
libc-2.17.so       00002B93BB4D5555  __libc_start_main     Unknown  Unknown
regcmMPICLM45      0000000000411F69  Unknown               Unknown  Unknown
forrtl: error (78): process killed (SIGTERM)
Image              PC                Routine            Line        Source             
regcmMPICLM45      00000000013B9B9F  for__signal_handl     Unknown  Unknown
libpthread-2.17.s  00002B1912C04630  Unknown               Unknown  Unknown
libpthread-2.17.s  00002B1912C03E9D  __nanosleep           Unknown  Unknown
libopen-rte.so.40  00002B1915DECA3A  orte_show_help_no     Unknown  Unknown
libopen-rte.so.40  00002B1915DECD7C  orte_show_help        Unknown  Unknown
libmpi.so.40.30.4  00002B191274957C  MPI_Abort             Unknown  Unknown
libmpi_mpifh.so.4  00002B19126C52FE  mpi_abort             Unknown  Unknown
regcmMPICLM45      0000000000821857  Unknown               Unknown  Unknown
regcmMPICLM45      00000000012444A5  Unknown               Unknown  Unknown
regcmMPICLM45      000000000127B0E0  Unknown               Unknown  Unknown
regcmMPICLM45      00000000012796FA  Unknown               Unknown  Unknown
regcmMPICLM45      00000000004BAE2F  Unknown               Unknown  Unknown
regcmMPICLM45      0000000000590FF7  Unknown               Unknown  Unknown
regcmMPICLM45      00000000004128AE  Unknown               Unknown  Unknown
regcmMPICLM45      00000000008A00A6  Unknown               Unknown  Unknown
regcmMPICLM45      000000000041204E  Unknown               Unknown  Unknown
libc-2.17.so       00002B1912E33555  __libc_start_main     Unknown  Unknown
regcmMPICLM45      0000000000411F69  Unknown               Unknown  Unknown
forrtl: error (78): process killed (SIGTERM)
Image              PC                Routine            Line        Source             
regcmMPICLM45      00000000013B9B9F  for__signal_handl     Unknown  Unknown
libpthread-2.17.s  00002B962CD64630  Unknown               Unknown  Unknown
libpthread-2.17.s  00002B962CD63E9D  __nanosleep           Unknown  Unknown
libopen-rte.so.40  00002B962FF4CA3A  orte_show_help_no     Unknown  Unknown
libopen-rte.so.40  00002B962FF4CD7C  orte_show_help        Unknown  Unknown
libmpi.so.40.30.4  00002B962C8A957C  MPI_Abort             Unknown  Unknown
libmpi_mpifh.so.4  00002B962C8252FE  mpi_abort             Unknown  Unknown
regcmMPICLM45      0000000000821857  Unknown               Unknown  Unknown
regcmMPICLM45      00000000012444A5  Unknown               Unknown  Unknown
regcmMPICLM45      000000000127B0E0  Unknown               Unknown  Unknown
regcmMPICLM45      00000000012796FA  Unknown               Unknown  Unknown
regcmMPICLM45      00000000004BAE2F  Unknown               Unknown  Unknown
regcmMPICLM45      0000000000590FF7  Unknown               Unknown  Unknown
regcmMPICLM45      00000000004128AE  Unknown               Unknown  Unknown
regcmMPICLM45      00000000008A00A6  Unknown               Unknown  Unknown
regcmMPICLM45      000000000041204E  Unknown               Unknown  Unknown
libc-2.17.so       00002B962CF93555  __libc_start_main     Unknown  Unknown
regcmMPICLM45      0000000000411F69  Unknown               Unknown  Unknown
forrtl: error (78): process killed (SIGTERM)
Image              PC                Routine            Line        Source             
regcmMPICLM45      00000000013B9B9F  for__signal_handl     Unknown  Unknown
libpthread-2.17.s  00002B331FD75630  Unknown               Unknown  Unknown
libpthread-2.17.s  00002B331FD71A35  pthread_cond_wait     Unknown  Unknown
mca_pmix_pmix3x.s  00002B3323798C8D  PMIx_Abort            Unknown  Unknown
mca_pmix_pmix3x.s  00002B3323762F88  pmix3x_abort          Unknown  Unknown
mca_ess_pmi.so     00002B332352D446  Unknown               Unknown  Unknown
libopen-rte.so.40  00002B3322F8A186  orte_errmgr_base_     Unknown  Unknown
mca_errmgr_defaul  00002B3323F2544B  Unknown               Unknown  Unknown
libmpi.so.40.30.4  00002B331F8A840E  ompi_mpi_abort        Unknown  Unknown
libmpi_mpifh.so.4  00002B331F8362FE  mpi_abort             Unknown  Unknown
regcmMPICLM45      0000000000821857  Unknown               Unknown  Unknown
regcmMPICLM45      00000000012444A5  Unknown               Unknown  Unknown
regcmMPICLM45      000000000127B0E0  Unknown               Unknown  Unknown
regcmMPICLM45      00000000012796FA  Unknown               Unknown  Unknown
regcmMPICLM45      00000000004BAE2F  Unknown               Unknown  Unknown
regcmMPICLM45      0000000000590FF7  Unknown               Unknown  Unknown
regcmMPICLM45      00000000004128AE  Unknown               Unknown  Unknown
regcmMPICLM45      00000000008A00A6  Unknown               Unknown  Unknown
regcmMPICLM45      000000000041204E  Unknown               Unknown  Unknown
libc-2.17.so       00002B331FFA4555  __libc_start_main     Unknown  Unknown
regcmMPICLM45      0000000000411F69  Unknown               Unknown  Unknown
forrtl: error (78): process killed (SIGTERM)
Image              PC                Routine            Line        Source             
regcmMPICLM45      00000000013B9B9F  for__signal_handl     Unknown  Unknown
libpthread-2.17.s  00002B42517B1630  Unknown               Unknown  Unknown
libpthread-2.17.s  00002B42517ADA35  pthread_cond_wait     Unknown  Unknown
mca_pmix_pmix3x.s  00002B42551D4C8D  PMIx_Abort            Unknown  Unknown
mca_pmix_pmix3x.s  00002B425519EF88  pmix3x_abort          Unknown  Unknown
mca_ess_pmi.so     00002B4254F69446  Unknown               Unknown  Unknown
libopen-rte.so.40  00002B42549C6186  orte_errmgr_base_     Unknown  Unknown
mca_errmgr_defaul  00002B4255D6144B  Unknown               Unknown  Unknown
libmpi.so.40.30.4  00002B42512E440E  ompi_mpi_abort        Unknown  Unknown
libmpi_mpifh.so.4  00002B42512722FE  mpi_abort             Unknown  Unknown
regcmMPICLM45      0000000000821857  Unknown               Unknown  Unknown
regcmMPICLM45      00000000012444A5  Unknown               Unknown  Unknown
regcmMPICLM45      000000000127B0E0  Unknown               Unknown  Unknown
regcmMPICLM45      00000000012796FA  Unknown               Unknown  Unknown
regcmMPICLM45      00000000004BAE2F  Unknown               Unknown  Unknown
regcmMPICLM45      0000000000590FF7  Unknown               Unknown  Unknown
regcmMPICLM45      00000000004128AE  Unknown               Unknown  Unknown
regcmMPICLM45      00000000008A00A6  Unknown               Unknown  Unknown
regcmMPICLM45      000000000041204E  Unknown               Unknown  Unknown
libc-2.17.so       00002B42519E0555  __libc_start_main     Unknown  Unknown
regcmMPICLM45      0000000000411F69  Unknown               Unknown  Unknown
forrtl: error (78): process killed (SIGTERM)
Image              PC                Routine            Line        Source             
regcmMPICLM45      00000000013B9B9F  for__signal_handl     Unknown  Unknown
libpthread-2.17.s  00002B047218D630  Unknown               Unknown  Unknown
libpthread-2.17.s  00002B0472189A35  pthread_cond_wait     Unknown  Unknown
mca_pmix_pmix3x.s  00002B0475BB0C8D  PMIx_Abort            Unknown  Unknown
mca_pmix_pmix3x.s  00002B0475B7AF88  pmix3x_abort          Unknown  Unknown
mca_ess_pmi.so     00002B0475945446  Unknown               Unknown  Unknown
libopen-rte.so.40  00002B04753A2186  orte_errmgr_base_     Unknown  Unknown
mca_errmgr_defaul  00002B047673D44B  Unknown               Unknown  Unknown
libmpi.so.40.30.4  00002B0471CC040E  ompi_mpi_abort        Unknown  Unknown
libmpi_mpifh.so.4  00002B0471C4E2FE  mpi_abort             Unknown  Unknown
regcmMPICLM45      0000000000821857  Unknown               Unknown  Unknown
regcmMPICLM45      00000000012444A5  Unknown               Unknown  Unknown
regcmMPICLM45      000000000127B0E0  Unknown               Unknown  Unknown
regcmMPICLM45      00000000012796FA  Unknown               Unknown  Unknown
regcmMPICLM45      00000000004BAE2F  Unknown               Unknown  Unknown
regcmMPICLM45      0000000000590FF7  Unknown               Unknown  Unknown
regcmMPICLM45      00000000004128AE  Unknown               Unknown  Unknown
regcmMPICLM45      00000000008A00A6  Unknown               Unknown  Unknown
regcmMPICLM45      000000000041204E  Unknown               Unknown  Unknown
libc-2.17.so       00002B04723BC555  __libc_start_main     Unknown  Unknown
regcmMPICLM45      0000000000411F69  Unknown               Unknown  Unknown
forrtl: error (78): process killed (SIGTERM)
Image              PC                Routine            Line        Source             
regcmMPICLM45      00000000013B9B9F  for__signal_handl     Unknown  Unknown
libpthread-2.17.s  00002B1D8BEC1630  Unknown               Unknown  Unknown
libpthread-2.17.s  00002B1D8BEC0E9D  __nanosleep           Unknown  Unknown
libopen-rte.so.40  00002B1D8F0A9A3A  orte_show_help_no     Unknown  Unknown
libopen-rte.so.40  00002B1D8F0A9D7C  orte_show_help        Unknown  Unknown
libmpi.so.40.30.4  00002B1D8BA0657C  MPI_Abort             Unknown  Unknown
libmpi_mpifh.so.4  00002B1D8B9822FE  mpi_abort             Unknown  Unknown
regcmMPICLM45      0000000000821857  Unknown               Unknown  Unknown
regcmMPICLM45      00000000012444A5  Unknown               Unknown  Unknown
regcmMPICLM45      000000000127B0E0  Unknown               Unknown  Unknown
regcmMPICLM45      00000000012796FA  Unknown               Unknown  Unknown
regcmMPICLM45      00000000004BAE2F  Unknown               Unknown  Unknown
regcmMPICLM45      0000000000590FF7  Unknown               Unknown  Unknown
regcmMPICLM45      00000000004128AE  Unknown               Unknown  Unknown
regcmMPICLM45      00000000008A00A6  Unknown               Unknown  Unknown
regcmMPICLM45      000000000041204E  Unknown               Unknown  Unknown
libc-2.17.so       00002B1D8C0F0555  __libc_start_main     Unknown  Unknown
regcmMPICLM45      0000000000411F69  Unknown               Unknown  Unknown
forrtl: error (78): process killed (SIGTERM)
Image              PC                Routine            Line        Source             
regcmMPICLM45      00000000013B9B9F  for__signal_handl     Unknown  Unknown
libpthread-2.17.s  00002ABFE1EBB630  Unknown               Unknown  Unknown
libpthread-2.17.s  00002ABFE1EBAE9D  __nanosleep           Unknown  Unknown
libopen-rte.so.40  00002ABFE50A3A3A  orte_show_help_no     Unknown  Unknown
libopen-rte.so.40  00002ABFE50A3D7C  orte_show_help        Unknown  Unknown
libmpi.so.40.30.4  00002ABFE1A0057C  MPI_Abort             Unknown  Unknown
libmpi_mpifh.so.4  00002ABFE197C2FE  mpi_abort             Unknown  Unknown
regcmMPICLM45      0000000000821857  Unknown               Unknown  Unknown
regcmMPICLM45      00000000012444A5  Unknown               Unknown  Unknown
regcmMPICLM45      000000000127B0E0  Unknown               Unknown  Unknown
regcmMPICLM45      00000000012796FA  Unknown               Unknown  Unknown
regcmMPICLM45      00000000004BAE2F  Unknown               Unknown  Unknown
regcmMPICLM45      0000000000590FF7  Unknown               Unknown  Unknown
regcmMPICLM45      00000000004128AE  Unknown               Unknown  Unknown
regcmMPICLM45      00000000008A00A6  Unknown               Unknown  Unknown
regcmMPICLM45      000000000041204E  Unknown               Unknown  Unknown
libc-2.17.so       00002ABFE20EA555  __libc_start_main     Unknown  Unknown
regcmMPICLM45      0000000000411F69  Unknown               Unknown  Unknown
forrtl: error (78): process killed (SIGTERM)
Image              PC                Routine            Line        Source             
regcmMPICLM45      00000000013B9B9F  for__signal_handl     Unknown  Unknown
libpthread-2.17.s  00002B0C7AB98630  Unknown               Unknown  Unknown
libpthread-2.17.s  00002B0C7AB97E9D  __nanosleep           Unknown  Unknown
libopen-rte.so.40  00002B0C7DD80A3A  orte_show_help_no     Unknown  Unknown
libopen-rte.so.40  00002B0C7DD80D7C  orte_show_help        Unknown  Unknown
libmpi.so.40.30.4  00002B0C7A6DD57C  MPI_Abort             Unknown  Unknown
libmpi_mpifh.so.4  00002B0C7A6592FE  mpi_abort             Unknown  Unknown
regcmMPICLM45      0000000000821857  Unknown               Unknown  Unknown
regcmMPICLM45      00000000012444A5  Unknown               Unknown  Unknown
regcmMPICLM45      000000000127B0E0  Unknown               Unknown  Unknown
regcmMPICLM45      00000000012796FA  Unknown               Unknown  Unknown
regcmMPICLM45      00000000004BAE2F  Unknown               Unknown  Unknown
regcmMPICLM45      0000000000590FF7  Unknown               Unknown  Unknown
regcmMPICLM45      00000000004128AE  Unknown               Unknown  Unknown
regcmMPICLM45      00000000008A00A6  Unknown               Unknown  Unknown
regcmMPICLM45      000000000041204E  Unknown               Unknown  Unknown
libc-2.17.so       00002B0C7ADC7555  __libc_start_main     Unknown  Unknown
regcmMPICLM45      0000000000411F69  Unknown               Unknown  Unknown
forrtl: error (78): process killed (SIGTERM)
Image              PC                Routine            Line        Source             
regcmMPICLM45      00000000013B9B9F  for__signal_handl     Unknown  Unknown
libpthread-2.17.s  00002B11451D8630  Unknown               Unknown  Unknown
libpthread-2.17.s  00002B11451D7E9D  __nanosleep           Unknown  Unknown
libopen-rte.so.40  00002B11483C0A3A  orte_show_help_no     Unknown  Unknown
libopen-rte.so.40  00002B11483C0D7C  orte_show_help        Unknown  Unknown
libmpi.so.40.30.4  00002B1144D1D57C  MPI_Abort             Unknown  Unknown
libmpi_mpifh.so.4  00002B1144C992FE  mpi_abort             Unknown  Unknown
regcmMPICLM45      0000000000821857  Unknown               Unknown  Unknown
regcmMPICLM45      00000000012444A5  Unknown               Unknown  Unknown
regcmMPICLM45      000000000127B0E0  Unknown               Unknown  Unknown
regcmMPICLM45      00000000012796FA  Unknown               Unknown  Unknown
regcmMPICLM45      00000000004BAE2F  Unknown               Unknown  Unknown
regcmMPICLM45      0000000000590FF7  Unknown               Unknown  Unknown
regcmMPICLM45      00000000004128AE  Unknown               Unknown  Unknown
regcmMPICLM45      00000000008A00A6  Unknown               Unknown  Unknown
regcmMPICLM45      000000000041204E  Unknown               Unknown  Unknown
libc-2.17.so       00002B1145407555  __libc_start_main     Unknown  Unknown
regcmMPICLM45      0000000000411F69  Unknown               Unknown  Unknown
[node76:02326] 79 more processes have sent help message help-btl-vader.txt / xpmem-make-failed
[node76:02326] Set MCA parameter "orte_base_help_aggregate" to 0 to see all help / error messages
[node76:02326] 79 more processes have sent help message help-mpi-btl-openib.txt / error in device init
[node76:02326] 79 more processes have sent help message help-mpi-api.txt / mpi-abort
