[lrdn4856:1321284:0:1321284] ib_mlx5_log.c:177  Transport retry count exceeded on mlx5_0:1/IB (synd 0x15 vend 0x81 hw_synd 0/0)
[lrdn4856:1321284:0:1321284] ib_mlx5_log.c:177  DCI QP 0x1ec07 wqe[9626]: SEND s-e [rqpn 0xff1c rlid 15919] [inl len 10] 
[lrdn4856:1321285:0:1321285] ib_mlx5_log.c:177  Transport retry count exceeded on mlx5_0:1/IB (synd 0x15 vend 0x81 hw_synd 0/0)
[lrdn4856:1321285:0:1321285] ib_mlx5_log.c:177  DCI QP 0x1ec15 wqe[774]: SEND s-e [rqpn 0x10029 rlid 15919] [inl len 10] 
[lrdn4856:1321288:0:1321288] ib_mlx5_log.c:177  Transport retry count exceeded on mlx5_0:1/IB (synd 0x15 vend 0x81 hw_synd 0/0)
[lrdn4856:1321288:0:1321288] ib_mlx5_log.c:177  DCI QP 0x1ebb8 wqe[9434]: SEND s-e [rqpn 0x100e7 rlid 15919] [inl len 10] 
[lrdn4856:1321289:0:1321289] ib_mlx5_log.c:177  Transport retry count exceeded on mlx5_0:1/IB (synd 0x15 vend 0x81 hw_synd 0/0)
[lrdn4856:1321289:0:1321289] ib_mlx5_log.c:177  DCI QP 0x1ebae wqe[50213]: SEND s-e [rqpn 0x10146 rlid 15919] [inl len 10] 
[lrdn4856:1321292:0:1321292] ib_mlx5_log.c:177  Transport retry count exceeded on mlx5_0:1/IB (synd 0x15 vend 0x81 hw_synd 0/0)
[lrdn4856:1321292:0:1321292] ib_mlx5_log.c:177  DCI QP 0x1ed22 wqe[24541]: SEND s-e [rqpn 0x1002d rlid 15919] [inl len 10] 
[lrdn4856:1321303:0:1321303] ib_mlx5_log.c:177  Transport retry count exceeded on mlx5_0:1/IB (synd 0x15 vend 0x81 hw_synd 0/0)
[lrdn4856:1321303:0:1321303] ib_mlx5_log.c:177  DCI QP 0x1ed12 wqe[36209]: SEND s-e [rqpn 0xff9f rlid 15919] [inl len 10] 
[lrdn4856:1321304:0:1321304] ib_mlx5_log.c:177  Transport retry count exceeded on mlx5_0:1/IB (synd 0x15 vend 0x81 hw_synd 0/0)
[lrdn4856:1321304:0:1321304] ib_mlx5_log.c:177  DCI QP 0x1ed8e wqe[50326]: SEND s-e [rqpn 0x100b7 rlid 15919] [inl len 10] 
[lrdn4856:1321306:0:1321306] ib_mlx5_log.c:177  Transport retry count exceeded on mlx5_0:1/IB (synd 0x15 vend 0x81 hw_synd 0/0)
[lrdn4856:1321306:0:1321306] ib_mlx5_log.c:177  DCI QP 0x1ec42 wqe[27808]: SEND s-e [rqpn 0xffeb rlid 15919] [inl len 10] 
[lrdn4856:1321311:0:1321311] ib_mlx5_log.c:177  Transport retry count exceeded on mlx5_0:1/IB (synd 0x15 vend 0x81 hw_synd 0/0)
[lrdn4856:1321311:0:1321311] ib_mlx5_log.c:177  DCI QP 0x1ebab wqe[9484]: SEND s-e [rqpn 0x10133 rlid 15919] [va 0x145dbbdcf000 len 5290 lkey 0x68e354] 
[lrdn4856:1321286:0:1321286] ib_mlx5_log.c:177  Transport retry count exceeded on mlx5_0:1/IB (synd 0x15 vend 0x81 hw_synd 0/0)
[lrdn4856:1321286:0:1321286] ib_mlx5_log.c:177  DCI QP 0x1eb57 wqe[22053]: SEND s-e [rqpn 0x1002a rlid 15919] [inl len 10] 
[lrdn4856:1321287:0:1321287] ib_mlx5_log.c:177  Transport retry count exceeded on mlx5_0:1/IB (synd 0x15 vend 0x81 hw_synd 0/0)
[lrdn4856:1321287:0:1321287] ib_mlx5_log.c:177  DCI QP 0x1ea7f wqe[13593]: SEND s-e [rqpn 0xff36 rlid 15919] [inl len 10] 
[lrdn4856:1321290:0:1321290] ib_mlx5_log.c:177  Transport retry count exceeded on mlx5_0:1/IB (synd 0x15 vend 0x81 hw_synd 0/0)
[lrdn4856:1321290:0:1321290] ib_mlx5_log.c:177  DCI QP 0x1e9b8 wqe[39775]: SEND s-e [rqpn 0x100da rlid 15919] [inl len 10] 
[lrdn4856:1321291:0:1321291] ib_mlx5_log.c:177  Transport retry count exceeded on mlx5_0:1/IB (synd 0x15 vend 0x81 hw_synd 0/0)
[lrdn4856:1321291:0:1321291] ib_mlx5_log.c:177  DCI QP 0x1e9af wqe[1649]: SEND s-e [rqpn 0x1011d rlid 15919] [inl len 10] 
[lrdn4856:1321293:0:1321293] ib_mlx5_log.c:177  Transport retry count exceeded on mlx5_0:1/IB (synd 0x15 vend 0x81 hw_synd 0/0)
[lrdn4856:1321293:0:1321293] ib_mlx5_log.c:177  DCI QP 0x1eb21 wqe[40162]: SEND s-e [rqpn 0xffa1 rlid 15919] [inl len 10] 
[lrdn4856:1321294:0:1321294] ib_mlx5_log.c:177  Transport retry count exceeded on mlx5_0:1/IB (synd 0x15 vend 0x81 hw_synd 0/0)
[lrdn4856:1321294:0:1321294] ib_mlx5_log.c:177  DCI QP 0x1ebc3 wqe[5961]: SEND s-e [rqpn 0xfeee rlid 15919] [inl len 10] 
[lrdn4856:1321295:0:1321295] ib_mlx5_log.c:177  Transport retry count exceeded on mlx5_0:1/IB (synd 0x15 vend 0x81 hw_synd 0/0)
[lrdn4856:1321295:0:1321295] ib_mlx5_log.c:177  DCI QP 0x1ea19 wqe[3918]: SEND s-e [rqpn 0x10131 rlid 15919] [inl len 10] 
[lrdn4856:1321296:0:1321296] ib_mlx5_log.c:177  Transport retry count exceeded on mlx5_0:1/IB (synd 0x15 vend 0x81 hw_synd 0/0)
[lrdn4856:1321296:0:1321296] ib_mlx5_log.c:177  DCI QP 0x1ea30 wqe[11763]: SEND s-e [rqpn 0x100cb rlid 15919] [inl len 10] 
[lrdn4856:1321297:0:1321297] ib_mlx5_log.c:177  Transport retry count exceeded on mlx5_0:1/IB (synd 0x15 vend 0x81 hw_synd 0/0)
[lrdn4856:1321297:0:1321297] ib_mlx5_log.c:177  DCI QP 0x1ea40 wqe[36318]: SEND s-e [rqpn 0x10126 rlid 15919] [inl len 10] 
[lrdn4856:1321298:0:1321298] ib_mlx5_log.c:177  Transport retry count exceeded on mlx5_0:1/IB (synd 0x15 vend 0x81 hw_synd 0/0)
[lrdn4856:1321298:0:1321298] ib_mlx5_log.c:177  DCI QP 0x1eb6f wqe[24648]: SEND s-e [rqpn 0x10111 rlid 15919] [inl len 10] 
[lrdn4856:1321299:0:1321299] ib_mlx5_log.c:177  Transport retry count exceeded on mlx5_0:1/IB (synd 0x15 vend 0x81 hw_synd 0/0)
[lrdn4856:1321299:0:1321299] ib_mlx5_log.c:177  DCI QP 0x1ea41 wqe[38357]: SEND s-e [rqpn 0x10125 rlid 15919] [inl len 10] 
[lrdn4856:1321300:0:1321300] ib_mlx5_log.c:177  Transport retry count exceeded on mlx5_0:1/IB (synd 0x15 vend 0x81 hw_synd 0/0)
[lrdn4856:1321300:0:1321300] ib_mlx5_log.c:177  DCI QP 0x1ea23 wqe[31302]: SEND s-e [rqpn 0x10150 rlid 15919] [inl len 10] 
[lrdn4856:1321301:0:1321301] ib_mlx5_log.c:177  Transport retry count exceeded on mlx5_0:1/IB (synd 0x15 vend 0x81 hw_synd 0/0)
[lrdn4856:1321301:0:1321301] ib_mlx5_log.c:177  DCI QP 0x1eb09 wqe[55330]: SEND s-e [rqpn 0x10028 rlid 15919] [inl len 10] 
[lrdn4856:1321302:0:1321302] ib_mlx5_log.c:177  Transport retry count exceeded on mlx5_0:1/IB (synd 0x15 vend 0x81 hw_synd 0/0)
[lrdn4856:1321302:0:1321302] ib_mlx5_log.c:177  DCI QP 0x1eb2d wqe[51225]: SEND s-e [rqpn 0xff9c rlid 15919] [inl len 10] 
[lrdn4856:1321305:0:1321305] ib_mlx5_log.c:177  Transport retry count exceeded on mlx5_0:1/IB (synd 0x15 vend 0x81 hw_synd 0/0)
[lrdn4856:1321305:0:1321305] ib_mlx5_log.c:177  DCI QP 0x1eb9e wqe[11879]: SEND s-e [rqpn 0x1018e rlid 15919] [inl len 10] 
[lrdn4856:1321307:0:1321307] ib_mlx5_log.c:177  Transport retry count exceeded on mlx5_0:1/IB (synd 0x15 vend 0x81 hw_synd 0/0)
[lrdn4856:1321307:0:1321307] ib_mlx5_log.c:177  DCI QP 0x1eb3a wqe[53401]: SEND s-e [rqpn 0x10149 rlid 15919] [va 0x1465d7ace000 len 5290 lkey 0xbb2f33] 
[lrdn4856:1321308:0:1321308] ib_mlx5_log.c:177  Transport retry count exceeded on mlx5_0:1/IB (synd 0x15 vend 0x81 hw_synd 0/0)
[lrdn4856:1321308:0:1321308] ib_mlx5_log.c:177  DCI QP 0x1e96d wqe[24305]: SEND s-e [rqpn 0x1016e rlid 15919] [va 0x1465611f4000 len 5290 lkey 0x98f63b] 
[lrdn4856:1321309:0:1321309] ib_mlx5_log.c:177  Transport retry count exceeded on mlx5_0:1/IB (synd 0x15 vend 0x81 hw_synd 0/0)
[lrdn4856:1321309:0:1321309] ib_mlx5_log.c:177  DCI QP 0x1e999 wqe[13973]: SEND s-e [rqpn 0xffa5 rlid 15919] [va 0x14cd7a794000 len 5290 lkey 0x693b93] 
[lrdn4856:1321310:0:1321310] ib_mlx5_log.c:177  Transport retry count exceeded on mlx5_0:1/IB (synd 0x15 vend 0x81 hw_synd 0/0)
[lrdn4856:1321310:0:1321310] ib_mlx5_log.c:177  DCI QP 0x1ea47 wqe[16458]: SEND s-e [rqpn 0x10030 rlid 15919] [va 0x150dce0cde80 len 5290 lkey 0x520242] 
[lrdn4856:1321312:0:1321312] ib_mlx5_log.c:177  Transport retry count exceeded on mlx5_0:1/IB (synd 0x15 vend 0x81 hw_synd 0/0)
[lrdn4856:1321312:0:1321312] ib_mlx5_log.c:177  DCI QP 0x1e9f0 wqe[36598]: SEND s-e [rqpn 0x10127 rlid 15919] [va 0x146c0498df80 len 5290 lkey 0x8a7d35] 
[lrdn4856:1321313:0:1321313] ib_mlx5_log.c:177  Transport retry count exceeded on mlx5_0:1/IB (synd 0x15 vend 0x81 hw_synd 0/0)
[lrdn4856:1321313:0:1321313] ib_mlx5_log.c:177  DCI QP 0x1e95a wqe[1647]: SEND s-e [rqpn 0x10134 rlid 15919] [inl len 10] 
[lrdn4856:1321314:0:1321314] ib_mlx5_log.c:177  Transport retry count exceeded on mlx5_0:1/IB (synd 0x15 vend 0x81 hw_synd 0/0)
[lrdn4856:1321314:0:1321314] ib_mlx5_log.c:177  DCI QP 0x1ebd3 wqe[49044]: SEND s-e [rqpn 0x10122 rlid 15919] [inl len 10] 
[lrdn4856:1321315:0:1321315] ib_mlx5_log.c:177  Transport retry count exceeded on mlx5_0:1/IB (synd 0x15 vend 0x81 hw_synd 0/0)
[lrdn4856:1321315:0:1321315] ib_mlx5_log.c:177  DCI QP 0x1e9fa wqe[19770]: SEND s-e [rqpn 0x100b3 rlid 15919] [inl len 10] 
[lrdn4856:1321316:0:1321316] ib_mlx5_log.c:177  Transport retry count exceeded on mlx5_0:1/IB (synd 0x15 vend 0x81 hw_synd 0/0)
[lrdn4856:1321316:0:1321316] ib_mlx5_log.c:177  DCI QP 0x1e980 wqe[61868]: SEND s-e [rqpn 0xfef3 rlid 15919] [inl len 10] 
[lrdn4856:1321317:0:1321317] ib_mlx5_log.c:177  Transport retry count exceeded on mlx5_0:1/IB (synd 0x15 vend 0x81 hw_synd 0/0)
[lrdn4856:1321317:0:1321317] ib_mlx5_log.c:177  DCI QP 0x1e9dc wqe[38536]: SEND s-e [rqpn 0xff47 rlid 15919] [inl len 10] 
[lrdn4856:1321318:0:1321318] ib_mlx5_log.c:177  Transport retry count exceeded on mlx5_0:1/IB (synd 0x15 vend 0x81 hw_synd 0/0)
[lrdn4856:1321318:0:1321318] ib_mlx5_log.c:177  DCI QP 0x1eb41 wqe[22091]: SEND s-e [rqpn 0x1014c rlid 15919] [inl len 10] 
[lrdn4856:1321319:0:1321319] ib_mlx5_log.c:177  Transport retry count exceeded on mlx5_0:1/IB (synd 0x15 vend 0x81 hw_synd 0/0)
[lrdn4856:1321319:0:1321319] ib_mlx5_log.c:177  DCI QP 0x1e981 wqe[36439]: SEND s-e [rqpn 0xffd1 rlid 15919] [inl len 10] 
forrtl: error (76): Abort trap signal
Image              PC                Routine            Line        Source             
libpthread-2.28.s  000014B7568A7CF0  Unknown               Unknown  Unknown
libc-2.28.so       000014B7560D0AFF  gsignal               Unknown  Unknown
libc-2.28.so       000014B7560A3EA5  abort                 Unknown  Unknown
libucs.so.0.0.0    000014B311903D46  Unknown               Unknown  Unknown
libucs.so.0.0.0    000014B3119086A4  ucs_log_default_h     Unknown  Unknown
libucs.so.0.0.0    000014B3119089C4  ucs_log_dispatch      Unknown  Unknown
libuct_ib.so.0.0.  000014B3114624FA  uct_ib_mlx5_compl     Unknown  Unknown
libuct_ib.so.0.0.  000014B31148B68B  uct_dc_mlx5_ep_ha     Unknown  Unknown
libuct_ib.so.0.0.  000014B311463F9D  uct_ib_mlx5_check     Unknown  Unknown
libuct_ib.so.0.0.  000014B31148DC32  Unknown               Unknown  Unknown
libucp.so.0.0.0    000014B311DB481A  ucp_worker_progre     Unknown  Unknown
libmlx-fi.so       000014B31203DDF1  Unknown               Unknown  Unknown
libmlx-fi.so       000014B312056EAD  Unknown               Unknown  Unknown
libmlx-fi.so       000014B31205639B  Unknown               Unknown  Unknown
libmpi.so.12.0.0   000014B757611E40  Unknown               Unknown  Unknown
libmpi.so.12.0.0   000014B7571B6715  Unknown               Unknown  Unknown
libmpi.so.12.0.0   000014B75774191F  Unknown               Unknown  Unknown
libmpi.so.12.0.0   000014B7575CD4A1  Unknown               Unknown  Unknown
libmpi.so.12.0.0   000014B7575CD247  Unknown               Unknown  Unknown
libmpi.so.12.0.0   000014B75722B4E4  Unknown               Unknown  Unknown
libmpi.so.12.0.0   000014B75706FF60  MPI_Neighbor_allt     Unknown  Unknown
libmpifort.so.12.  000014B758A776E5  pmpi_neighbor_all     Unknown  Unknown
regcmMPICLM45      0000000000F0F1CE  Unknown               Unknown  Unknown
regcmMPICLM45      00000000007D2157  Unknown               Unknown  Unknown
regcmMPICLM45      00000000007B7D40  Unknown               Unknown  Unknown
regcmMPICLM45      00000000007EC1AE  Unknown               Unknown  Unknown
regcmMPICLM45      000000000041534D  Unknown               Unknown  Unknown
libc-2.28.so       000014B7560BCD85  __libc_start_main     Unknown  Unknown
regcmMPICLM45      000000000041526E  Unknown               Unknown  Unknown
forrtl: error (76): Abort trap signal
Image              PC                Routine            Line        Source             
libpthread-2.28.s  00001469B0273CF0  Unknown               Unknown  Unknown
libc-2.28.so       00001469AFA9CAFF  gsignal               Unknown  Unknown
libc-2.28.so       00001469AFA6FEA5  abort                 Unknown  Unknown
libucs.so.0.0.0    000014656B2CFD46  Unknown               Unknown  Unknown
libucs.so.0.0.0    000014656B2D46A4  ucs_log_default_h     Unknown  Unknown
libucs.so.0.0.0    000014656B2D49C4  ucs_log_dispatch      Unknown  Unknown
libuct_ib.so.0.0.  000014656AE2E4FA  uct_ib_mlx5_compl     Unknown  Unknown
libuct_ib.so.0.0.  000014656AE5768B  uct_dc_mlx5_ep_ha     Unknown  Unknown
libuct_ib.so.0.0.  000014656AE2FF9D  uct_ib_mlx5_check     Unknown  Unknown
libuct_ib.so.0.0.  000014656AE59C32  Unknown               Unknown  Unknown
libucp.so.0.0.0    000014656B78081A  ucp_worker_progre     Unknown  Unknown
libmlx-fi.so       000014656BA09DF1  Unknown               Unknown  Unknown
libmlx-fi.so       000014656BA22EAD  Unknown               Unknown  Unknown
libmlx-fi.so       000014656BA2239B  Unknown               Unknown  Unknown
libmpi.so.12.0.0   00001469B0FDDE40  Unknown               Unknown  Unknown
libmpi.so.12.0.0   00001469B0B82715  Unknown               Unknown  Unknown
libmpi.so.12.0.0   00001469B110D91F  Unknown               Unknown  Unknown
libmpi.so.12.0.0   00001469B0F994A1  Unknown               Unknown  Unknown
libmpi.so.12.0.0   00001469B0F99247  Unknown               Unknown  Unknown
libmpi.so.12.0.0   00001469B0BF74E4  Unknown               Unknown  Unknown
libmpi.so.12.0.0   00001469B0A3BF60  MPI_Neighbor_allt     Unknown  Unknown
libmpifort.so.12.  00001469B24436E5  pmpi_neighbor_all     Unknown  Unknown
regcmMPICLM45      0000000000F1168B  Unknown               Unknown  Unknown
regcmMPICLM45      00000000007D1555  Unknown               Unknown  Unknown
regcmMPICLM45      00000000007B7D40  Unknown               Unknown  Unknown
regcmMPICLM45      00000000007EC1AE  Unknown               Unknown  Unknown
regcmMPICLM45      000000000041534D  Unknown               Unknown  Unknown
libc-2.28.so       00001469AFA88D85  __libc_start_main     Unknown  Unknown
regcmMPICLM45      000000000041526E  Unknown               Unknown  Unknown
forrtl: error (76): Abort trap signal
Image              PC                Routine            Line        Source             
libpthread-2.28.s  000014D1C9631CF0  Unknown               Unknown  Unknown
libc-2.28.so       000014D1C8E5AAFF  gsignal               Unknown  Unknown
libc-2.28.so       000014D1C8E2DEA5  abort                 Unknown  Unknown
libucs.so.0.0.0    000014CD8468DD46  Unknown               Unknown  Unknown
libucs.so.0.0.0    000014CD846926A4  ucs_log_default_h     Unknown  Unknown
libucs.so.0.0.0    000014CD846929C4  ucs_log_dispatch      Unknown  Unknown
libuct_ib.so.0.0.  000014CD841EC4FA  uct_ib_mlx5_compl     Unknown  Unknown
libuct_ib.so.0.0.  000014CD8421568B  uct_dc_mlx5_ep_ha     Unknown  Unknown
libuct_ib.so.0.0.  000014CD841EDF9D  uct_ib_mlx5_check     Unknown  Unknown
libuct_ib.so.0.0.  000014CD84217C32  Unknown               Unknown  Unknown
libucp.so.0.0.0    000014CD84B3E81A  ucp_worker_progre     Unknown  Unknown
libmlx-fi.so       000014CD84DC7DF1  Unknown               Unknown  Unknown
libmlx-fi.so       000014CD84DE0EAD  Unknown               Unknown  Unknown
libmlx-fi.so       000014CD84DE039B  Unknown               Unknown  Unknown
libmpi.so.12.0.0   000014D1CA39BE40  Unknown               Unknown  Unknown
libmpi.so.12.0.0   000014D1C9F40715  Unknown               Unknown  Unknown
libmpi.so.12.0.0   000014D1CA4CB91F  Unknown               Unknown  Unknown
libmpi.so.12.0.0   000014D1CA3574A1  Unknown               Unknown  Unknown
libmpi.so.12.0.0   000014D1CA357247  Unknown               Unknown  Unknown
libmpi.so.12.0.0   000014D1C9FB54E4  Unknown               Unknown  Unknown
libmpi.so.12.0.0   000014D1C9DF9F60  MPI_Neighbor_allt     Unknown  Unknown
libmpifort.so.12.  000014D1CB8016E5  pmpi_neighbor_all     Unknown  Unknown
regcmMPICLM45      0000000000F1168B  Unknown               Unknown  Unknown
regcmMPICLM45      00000000007D1555  Unknown               Unknown  Unknown
regcmMPICLM45      00000000007B7D40  Unknown               Unknown  Unknown
regcmMPICLM45      00000000007EC1AE  Unknown               Unknown  Unknown
regcmMPICLM45      000000000041534D  Unknown               Unknown  Unknown
libc-2.28.so       000014D1C8E46D85  __libc_start_main     Unknown  Unknown
regcmMPICLM45      000000000041526E  Unknown               Unknown  Unknown
forrtl: error (76): Abort trap signal
Image              PC                Routine            Line        Source             
libpthread-2.28.s  000014B896712CF0  Unknown               Unknown  Unknown
libc-2.28.so       000014B895F3BAFF  gsignal               Unknown  Unknown
libc-2.28.so       000014B895F0EEA5  abort                 Unknown  Unknown
libucs.so.0.0.0    000014B45176ED46  Unknown               Unknown  Unknown
libucs.so.0.0.0    000014B4517736A4  ucs_log_default_h     Unknown  Unknown
libucs.so.0.0.0    000014B4517739C4  ucs_log_dispatch      Unknown  Unknown
libuct_ib.so.0.0.  000014B4512CD4FA  uct_ib_mlx5_compl     Unknown  Unknown
libuct_ib.so.0.0.  000014B4512F668B  uct_dc_mlx5_ep_ha     Unknown  Unknown
libuct_ib.so.0.0.  000014B4512CEF9D  uct_ib_mlx5_check     Unknown  Unknown
libuct_ib.so.0.0.  000014B4512F8C32  Unknown               Unknown  Unknown
libucp.so.0.0.0    000014B451C1F81A  ucp_worker_progre     Unknown  Unknown
libmlx-fi.so       000014B451EA8DF1  Unknown               Unknown  Unknown
libmlx-fi.so       000014B451EC1EAD  Unknown               Unknown  Unknown
libmlx-fi.so       000014B451EC139B  Unknown               Unknown  Unknown
libmpi.so.12.0.0   000014B89747CE40  Unknown               Unknown  Unknown
libmpi.so.12.0.0   000014B897021715  Unknown               Unknown  Unknown
libmpi.so.12.0.0   000014B8975AC91F  Unknown               Unknown  Unknown
libmpi.so.12.0.0   000014B8974384A1  Unknown               Unknown  Unknown
libmpi.so.12.0.0   000014B897438247  Unknown               Unknown  Unknown
libmpi.so.12.0.0   000014B8970964E4  Unknown               Unknown  Unknown
libmpi.so.12.0.0   000014B896EDAF60  MPI_Neighbor_allt     Unknown  Unknown
libmpifort.so.12.  000014B8988E26E5  pmpi_neighbor_all     Unknown  Unknown
regcmMPICLM45      0000000000F0F1CE  Unknown               Unknown  Unknown
regcmMPICLM45      00000000007D2157  Unknown               Unknown  Unknown
regcmMPICLM45      00000000007B7D40  Unknown               Unknown  Unknown
regcmMPICLM45      00000000007EC1AE  Unknown               Unknown  Unknown
regcmMPICLM45      000000000041534D  Unknown               Unknown  Unknown
libc-2.28.so       000014B895F27D85  __libc_start_main     Unknown  Unknown
regcmMPICLM45      000000000041526E  Unknown               Unknown  Unknown
forrtl: error (76): Abort trap signal
Image              PC                Routine            Line        Source             
libpthread-2.28.s  0000149BD5C17CF0  Unknown               Unknown  Unknown
libc-2.28.so       0000149BD5440AFF  gsignal               Unknown  Unknown
libc-2.28.so       0000149BD5413EA5  abort                 Unknown  Unknown
libucs.so.0.0.0    0000149790C73D46  Unknown               Unknown  Unknown
libucs.so.0.0.0    0000149790C786A4  ucs_log_default_h     Unknown  Unknown
libucs.so.0.0.0    0000149790C789C4  ucs_log_dispatch      Unknown  Unknown
libuct_ib.so.0.0.  00001497907D24FA  uct_ib_mlx5_compl     Unknown  Unknown
libuct_ib.so.0.0.  00001497907FB68B  uct_dc_mlx5_ep_ha     Unknown  Unknown
libuct_ib.so.0.0.  00001497907D3F9D  uct_ib_mlx5_check     Unknown  Unknown
libuct_ib.so.0.0.  00001497907FDC32  Unknown               Unknown  Unknown
libucp.so.0.0.0    000014979112481A  ucp_worker_progre     Unknown  Unknown
libmlx-fi.so       00001497913ADDF1  Unknown               Unknown  Unknown
libmlx-fi.so       00001497913C6EAD  Unknown               Unknown  Unknown
libmlx-fi.so       00001497913C639B  Unknown               Unknown  Unknown
libmpi.so.12.0.0   0000149BD6981E40  Unknown               Unknown  Unknown
libmpi.so.12.0.0   0000149BD6526715  Unknown               Unknown  Unknown
libmpi.so.12.0.0   0000149BD6AB191F  Unknown               Unknown  Unknown
libmpi.so.12.0.0   0000149BD693D4A1  Unknown               Unknown  Unknown
libmpi.so.12.0.0   0000149BD693D247  Unknown               Unknown  Unknown
libmpi.so.12.0.0   0000149BD659B4E4  Unknown               Unknown  Unknown
libmpi.so.12.0.0   0000149BD63DFF60  MPI_Neighbor_allt     Unknown  Unknown
libmpifort.so.12.  0000149BD7DE76E5  pmpi_neighbor_all     Unknown  Unknown
regcmMPICLM45      0000000000F0F1CE  Unknown               Unknown  Unknown
regcmMPICLM45      00000000007D2157  Unknown               Unknown  Unknown
regcmMPICLM45      00000000007B7D40  Unknown               Unknown  Unknown
regcmMPICLM45      00000000007EC1AE  Unknown               Unknown  Unknown
regcmMPICLM45      000000000041534D  Unknown               Unknown  Unknown
libc-2.28.so       0000149BD542CD85  __libc_start_main     Unknown  Unknown
regcmMPICLM45      000000000041526E  Unknown               Unknown  Unknown
forrtl: error (76): Abort trap signal
Image              PC                Routine            Line        Source             
libpthread-2.28.s  0000152B6EC13CF0  Unknown               Unknown  Unknown
libc-2.28.so       0000152B6E43CAFF  gsignal               Unknown  Unknown
libc-2.28.so       0000152B6E40FEA5  abort                 Unknown  Unknown
libucs.so.0.0.0    0000152729C6FD46  Unknown               Unknown  Unknown
libucs.so.0.0.0    0000152729C746A4  ucs_log_default_h     Unknown  Unknown
libucs.so.0.0.0    0000152729C749C4  ucs_log_dispatch      Unknown  Unknown
libuct_ib.so.0.0.  00001527297CE4FA  uct_ib_mlx5_compl     Unknown  Unknown
libuct_ib.so.0.0.  00001527297F768B  uct_dc_mlx5_ep_ha     Unknown  Unknown
libuct_ib.so.0.0.  00001527297CFF9D  uct_ib_mlx5_check     Unknown  Unknown
libuct_ib.so.0.0.  00001527297F9C32  Unknown               Unknown  Unknown
libucp.so.0.0.0    000015272A12081A  ucp_worker_progre     Unknown  Unknown
libmlx-fi.so       000015272A3A9DF1  Unknown               Unknown  Unknown
libmlx-fi.so       000015272A3C2EAD  Unknown               Unknown  Unknown
libmlx-fi.so       000015272A3C239B  Unknown               Unknown  Unknown
libmpi.so.12.0.0   0000152B6F97DE40  Unknown               Unknown  Unknown
libmpi.so.12.0.0   0000152B6F522715  Unknown               Unknown  Unknown
libmpi.so.12.0.0   0000152B6FAAD91F  Unknown               Unknown  Unknown
libmpi.so.12.0.0   0000152B6F9394A1  Unknown               Unknown  Unknown
libmpi.so.12.0.0   0000152B6F939247  Unknown               Unknown  Unknown
libmpi.so.12.0.0   0000152B6F5974E4  Unknown               Unknown  Unknown
libmpi.so.12.0.0   0000152B6F3DBF60  MPI_Neighbor_allt     Unknown  Unknown
libmpifort.so.12.  0000152B70DE36E5  pmpi_neighbor_all     Unknown  Unknown
regcmMPICLM45      0000000000F0F1CE  Unknown               Unknown  Unknown
regcmMPICLM45      00000000007D2157  Unknown               Unknown  Unknown
regcmMPICLM45      00000000007B7D40  Unknown               Unknown  Unknown
regcmMPICLM45      00000000007EC1AE  Unknown               Unknown  Unknown
regcmMPICLM45      000000000041534D  Unknown               Unknown  Unknown
libc-2.28.so       0000152B6E428D85  __libc_start_main     Unknown  Unknown
regcmMPICLM45      000000000041526E  Unknown               Unknown  Unknown
forrtl: error (76): Abort trap signal
Image              PC                Routine            Line        Source             
libpthread-2.28.s  000014A1BB700CF0  Unknown               Unknown  Unknown
libc-2.28.so       000014A1BAF29AFF  gsignal               Unknown  Unknown
libc-2.28.so       000014A1BAEFCEA5  abort                 Unknown  Unknown
libucs.so.0.0.0    0000149D7675CD46  Unknown               Unknown  Unknown
libucs.so.0.0.0    0000149D767616A4  ucs_log_default_h     Unknown  Unknown
libucs.so.0.0.0    0000149D767619C4  ucs_log_dispatch      Unknown  Unknown
libuct_ib.so.0.0.  0000149D762BB4FA  uct_ib_mlx5_compl     Unknown  Unknown
libuct_ib.so.0.0.  0000149D762E468B  uct_dc_mlx5_ep_ha     Unknown  Unknown
libuct_ib.so.0.0.  0000149D762BCF9D  uct_ib_mlx5_check     Unknown  Unknown
libuct_ib.so.0.0.  0000149D762E6C32  Unknown               Unknown  Unknown
libucp.so.0.0.0    0000149D76C0D81A  ucp_worker_progre     Unknown  Unknown
libmlx-fi.so       0000149D76E96DF1  Unknown               Unknown  Unknown
libmlx-fi.so       0000149D76EAFEAD  Unknown               Unknown  Unknown
libmlx-fi.so       0000149D76EAF39B  Unknown               Unknown  Unknown
libmpi.so.12.0.0   000014A1BC46AE40  Unknown               Unknown  Unknown
libmpi.so.12.0.0   000014A1BC00F715  Unknown               Unknown  Unknown
libmpi.so.12.0.0   000014A1BC59A91F  Unknown               Unknown  Unknown
libmpi.so.12.0.0   000014A1BC4264A1  Unknown               Unknown  Unknown
libmpi.so.12.0.0   000014A1BC426247  Unknown               Unknown  Unknown
libmpi.so.12.0.0   000014A1BC0844E4  Unknown               Unknown  Unknown
libmpi.so.12.0.0   000014A1BBEC8F60  MPI_Neighbor_allt     Unknown  Unknown
libmpifort.so.12.  000014A1BD8D06E5  pmpi_neighbor_all     Unknown  Unknown
regcmMPICLM45      0000000000F0F1CE  Unknown               Unknown  Unknown
regcmMPICLM45      00000000007D2157  Unknown               Unknown  Unknown
regcmMPICLM45      00000000007B7D40  Unknown               Unknown  Unknown
regcmMPICLM45      00000000007EC1AE  Unknown               Unknown  Unknown
regcmMPICLM45      000000000041534D  Unknown               Unknown  Unknown
libc-2.28.so       000014A1BAF15D85  __libc_start_main     Unknown  Unknown
regcmMPICLM45      000000000041526E  Unknown               Unknown  Unknown
forrtl: error (76): Abort trap signal
Image              PC                Routine            Line        Source             
libpthread-2.28.s  00001532D6CEBCF0  Unknown               Unknown  Unknown
libc-2.28.so       00001532D6514AFF  gsignal               Unknown  Unknown
libc-2.28.so       00001532D64E7EA5  abort                 Unknown  Unknown
libucs.so.0.0.0    0000152E91D47D46  Unknown               Unknown  Unknown
libucs.so.0.0.0    0000152E91D4C6A4  ucs_log_default_h     Unknown  Unknown
libucs.so.0.0.0    0000152E91D4C9C4  ucs_log_dispatch      Unknown  Unknown
libuct_ib.so.0.0.  0000152E918A64FA  uct_ib_mlx5_compl     Unknown  Unknown
libuct_ib.so.0.0.  0000152E918CF68B  uct_dc_mlx5_ep_ha     Unknown  Unknown
libuct_ib.so.0.0.  0000152E918A7F9D  uct_ib_mlx5_check     Unknown  Unknown
libuct_ib.so.0.0.  0000152E918D1C32  Unknown               Unknown  Unknown
libucp.so.0.0.0    0000152E921F881A  ucp_worker_progre     Unknown  Unknown
libmlx-fi.so       0000152E92481DF1  Unknown               Unknown  Unknown
libmlx-fi.so       0000152E9249AEAD  Unknown               Unknown  Unknown
libmlx-fi.so       0000152E9249A39B  Unknown               Unknown  Unknown
libmpi.so.12.0.0   00001532D7A55E40  Unknown               Unknown  Unknown
libmpi.so.12.0.0   00001532D75FA715  Unknown               Unknown  Unknown
libmpi.so.12.0.0   00001532D7B8591F  Unknown               Unknown  Unknown
libmpi.so.12.0.0   00001532D7A114A1  Unknown               Unknown  Unknown
libmpi.so.12.0.0   00001532D7A11247  Unknown               Unknown  Unknown
libmpi.so.12.0.0   00001532D766F4E4  Unknown               Unknown  Unknown
libmpi.so.12.0.0   00001532D74B3F60  MPI_Neighbor_allt     Unknown  Unknown
libmpifort.so.12.  00001532D8EBB6E5  pmpi_neighbor_all     Unknown  Unknown
regcmMPICLM45      0000000000F0F1CE  Unknown               Unknown  Unknown
regcmMPICLM45      00000000007D2157  Unknown               Unknown  Unknown
regcmMPICLM45      00000000007B7D40  Unknown               Unknown  Unknown
regcmMPICLM45      00000000007EC1AE  Unknown               Unknown  Unknown
regcmMPICLM45      000000000041534D  Unknown               Unknown  Unknown
libc-2.28.so       00001532D6500D85  __libc_start_main     Unknown  Unknown
regcmMPICLM45      000000000041526E  Unknown               Unknown  Unknown
forrtl: error (76): Abort trap signal
Image              PC                Routine            Line        Source             
libpthread-2.28.s  0000147DB2D7ECF0  Unknown               Unknown  Unknown
libc-2.28.so       0000147DB25A7AFF  gsignal               Unknown  Unknown
libc-2.28.so       0000147DB257AEA5  abort                 Unknown  Unknown
libucs.so.0.0.0    000014796DDDAD46  Unknown               Unknown  Unknown
libucs.so.0.0.0    000014796DDDF6A4  ucs_log_default_h     Unknown  Unknown
libucs.so.0.0.0    000014796DDDF9C4  ucs_log_dispatch      Unknown  Unknown
libuct_ib.so.0.0.  000014796D9394FA  uct_ib_mlx5_compl     Unknown  Unknown
libuct_ib.so.0.0.  000014796D96268B  uct_dc_mlx5_ep_ha     Unknown  Unknown
libuct_ib.so.0.0.  000014796D93AF9D  uct_ib_mlx5_check     Unknown  Unknown
libuct_ib.so.0.0.  000014796D964C32  Unknown               Unknown  Unknown
libucp.so.0.0.0    000014796E28B81A  ucp_worker_progre     Unknown  Unknown
libmlx-fi.so       000014796E514DF1  Unknown               Unknown  Unknown
libmlx-fi.so       000014796E52DEAD  Unknown               Unknown  Unknown
libmlx-fi.so       000014796E52D39B  Unknown               Unknown  Unknown
libmpi.so.12.0.0   0000147DB3AE8E40  Unknown               Unknown  Unknown
libmpi.so.12.0.0   0000147DB368D715  Unknown               Unknown  Unknown
libmpi.so.12.0.0   0000147DB3C1891F  Unknown               Unknown  Unknown
libmpi.so.12.0.0   0000147DB3AA44A1  Unknown               Unknown  Unknown
libmpi.so.12.0.0   0000147DB3AA4247  Unknown               Unknown  Unknown
libmpi.so.12.0.0   0000147DB37024E4  Unknown               Unknown  Unknown
libmpi.so.12.0.0   0000147DB3546F60  MPI_Neighbor_allt     Unknown  Unknown
libmpifort.so.12.  0000147DB4F4E6E5  pmpi_neighbor_all     Unknown  Unknown
regcmMPICLM45      0000000000F0F1CE  Unknown               Unknown  Unknown
regcmMPICLM45      00000000007D2157  Unknown               Unknown  Unknown
regcmMPICLM45      00000000007B7D40  Unknown               Unknown  Unknown
regcmMPICLM45      00000000007EC1AE  Unknown               Unknown  Unknown
regcmMPICLM45      000000000041534D  Unknown               Unknown  Unknown
libc-2.28.so       0000147DB2593D85  __libc_start_main     Unknown  Unknown
regcmMPICLM45      000000000041526E  Unknown               Unknown  Unknown
forrtl: error (76): Abort trap signal
Image              PC                Routine            Line        Source             
libpthread-2.28.s  0000151CCC12ACF0  Unknown               Unknown  Unknown
libc-2.28.so       0000151CCB953AFF  gsignal               Unknown  Unknown
libc-2.28.so       0000151CCB926EA5  abort                 Unknown  Unknown
libucs.so.0.0.0    0000151887186D46  Unknown               Unknown  Unknown
libucs.so.0.0.0    000015188718B6A4  ucs_log_default_h     Unknown  Unknown
libucs.so.0.0.0    000015188718B9C4  ucs_log_dispatch      Unknown  Unknown
libuct_ib.so.0.0.  0000151886CE54FA  uct_ib_mlx5_compl     Unknown  Unknown
libuct_ib.so.0.0.  0000151886D0E68B  uct_dc_mlx5_ep_ha     Unknown  Unknown
libuct_ib.so.0.0.  0000151886CE6F9D  uct_ib_mlx5_check     Unknown  Unknown
libuct_ib.so.0.0.  0000151886D10C32  Unknown               Unknown  Unknown
libucp.so.0.0.0    000015188763781A  ucp_worker_progre     Unknown  Unknown
libmlx-fi.so       00001518878C0DF1  Unknown               Unknown  Unknown
libmlx-fi.so       00001518878D9EAD  Unknown               Unknown  Unknown
libmlx-fi.so       00001518878D939B  Unknown               Unknown  Unknown
libmpi.so.12.0.0   0000151CCCE94E40  Unknown               Unknown  Unknown
libmpi.so.12.0.0   0000151CCCA39715  Unknown               Unknown  Unknown
libmpi.so.12.0.0   0000151CCCFC491F  Unknown               Unknown  Unknown
libmpi.so.12.0.0   0000151CCCE504A1  Unknown               Unknown  Unknown
libmpi.so.12.0.0   0000151CCCE50247  Unknown               Unknown  Unknown
libmpi.so.12.0.0   0000151CCCAAE4E4  Unknown               Unknown  Unknown
libmpi.so.12.0.0   0000151CCC8F2F60  MPI_Neighbor_allt     Unknown  Unknown
libmpifort.so.12.  0000151CCE2FA6E5  pmpi_neighbor_all     Unknown  Unknown
regcmMPICLM45      0000000000F0F1CE  Unknown               Unknown  Unknown
regcmMPICLM45      00000000007D2157  Unknown               Unknown  Unknown
regcmMPICLM45      00000000007B7D40  Unknown               Unknown  Unknown
regcmMPICLM45      00000000007EC1AE  Unknown               Unknown  Unknown
regcmMPICLM45      000000000041534D  Unknown               Unknown  Unknown
libc-2.28.so       0000151CCB93FD85  __libc_start_main     Unknown  Unknown
regcmMPICLM45      000000000041526E  Unknown               Unknown  Unknown
forrtl: error (76): Abort trap signal
Image              PC                Routine            Line        Source             
libpthread-2.28.s  000014FE12394CF0  Unknown               Unknown  Unknown
libc-2.28.so       000014FE11BBDAFF  gsignal               Unknown  Unknown
libc-2.28.so       000014FE11B90EA5  abort                 Unknown  Unknown
libucs.so.0.0.0    000014F9CD3F0D46  Unknown               Unknown  Unknown
libucs.so.0.0.0    000014F9CD3F56A4  ucs_log_default_h     Unknown  Unknown
libucs.so.0.0.0    000014F9CD3F59C4  ucs_log_dispatch      Unknown  Unknown
libuct_ib.so.0.0.  000014F9CCF4F4FA  uct_ib_mlx5_compl     Unknown  Unknown
libuct_ib.so.0.0.  000014F9CCF7868B  uct_dc_mlx5_ep_ha     Unknown  Unknown
libuct_ib.so.0.0.  000014F9CCF50F9D  uct_ib_mlx5_check     Unknown  Unknown
libuct_ib.so.0.0.  000014F9CCF7AC32  Unknown               Unknown  Unknown
libucp.so.0.0.0    000014F9CD8A181A  ucp_worker_progre     Unknown  Unknown
libmlx-fi.so       000014F9CDB2ADF1  Unknown               Unknown  Unknown
libmlx-fi.so       000014F9CDB43EAD  Unknown               Unknown  Unknown
libmlx-fi.so       000014F9CDB4339B  Unknown               Unknown  Unknown
libmpi.so.12.0.0   000014FE130FEE40  Unknown               Unknown  Unknown
libmpi.so.12.0.0   000014FE12CA3715  Unknown               Unknown  Unknown
libmpi.so.12.0.0   000014FE1322E91F  Unknown               Unknown  Unknown
libmpi.so.12.0.0   000014FE130BA4A1  Unknown               Unknown  Unknown
libmpi.so.12.0.0   000014FE130BA247  Unknown               Unknown  Unknown
libmpi.so.12.0.0   000014FE12D184E4  Unknown               Unknown  Unknown
libmpi.so.12.0.0   000014FE12B5CF60  MPI_Neighbor_allt     Unknown  Unknown
libmpifort.so.12.  000014FE145646E5  pmpi_neighbor_all     Unknown  Unknown
regcmMPICLM45      0000000000F0F1CE  Unknown               Unknown  Unknown
regcmMPICLM45      00000000007D2157  Unknown               Unknown  Unknown
regcmMPICLM45      00000000007B7D40  Unknown               Unknown  Unknown
regcmMPICLM45      00000000007EC1AE  Unknown               Unknown  Unknown
regcmMPICLM45      000000000041534D  Unknown               Unknown  Unknown
libc-2.28.so       000014FE11BA9D85  __libc_start_main     Unknown  Unknown
regcmMPICLM45      000000000041526E  Unknown               Unknown  Unknown
forrtl: error (76): Abort trap signal
Image              PC                Routine            Line        Source             
libpthread-2.28.s  000014ACCE233CF0  Unknown               Unknown  Unknown
libc-2.28.so       000014ACCDA5CAFF  gsignal               Unknown  Unknown
libc-2.28.so       000014ACCDA2FEA5  abort                 Unknown  Unknown
libucs.so.0.0.0    000014A88928FD46  Unknown               Unknown  Unknown
libucs.so.0.0.0    000014A8892946A4  ucs_log_default_h     Unknown  Unknown
libucs.so.0.0.0    000014A8892949C4  ucs_log_dispatch      Unknown  Unknown
libuct_ib.so.0.0.  000014A888DEE4FA  uct_ib_mlx5_compl     Unknown  Unknown
libuct_ib.so.0.0.  000014A888E1768B  uct_dc_mlx5_ep_ha     Unknown  Unknown
libuct_ib.so.0.0.  000014A888DEFF9D  uct_ib_mlx5_check     Unknown  Unknown
libuct_ib.so.0.0.  000014A888E19C32  Unknown               Unknown  Unknown
libucp.so.0.0.0    000014A88974081A  ucp_worker_progre     Unknown  Unknown
libmlx-fi.so       000014A8899C9DF1  Unknown               Unknown  Unknown
libmlx-fi.so       000014A8899E2EAD  Unknown               Unknown  Unknown
libmlx-fi.so       000014A8899E239B  Unknown               Unknown  Unknown
libmpi.so.12.0.0   000014ACCEF9DE40  Unknown               Unknown  Unknown
libmpi.so.12.0.0   000014ACCEB42715  Unknown               Unknown  Unknown
libmpi.so.12.0.0   000014ACCF0CD91F  Unknown               Unknown  Unknown
libmpi.so.12.0.0   000014ACCEF594A1  Unknown               Unknown  Unknown
libmpi.so.12.0.0   000014ACCEF59247  Unknown               Unknown  Unknown
libmpi.so.12.0.0   000014ACCEBB74E4  Unknown               Unknown  Unknown
libmpi.so.12.0.0   000014ACCE9FBF60  MPI_Neighbor_allt     Unknown  Unknown
libmpifort.so.12.  000014ACD04036E5  pmpi_neighbor_all     Unknown  Unknown
regcmMPICLM45      0000000000F0F1CE  Unknown               Unknown  Unknown
regcmMPICLM45      00000000007D2157  Unknown               Unknown  Unknown
regcmMPICLM45      00000000007B7D40  Unknown               Unknown  Unknown
regcmMPICLM45      00000000007EC1AE  Unknown               Unknown  Unknown
regcmMPICLM45      000000000041534D  Unknown               Unknown  Unknown
libc-2.28.so       000014ACCDA48D85  __libc_start_main     Unknown  Unknown
regcmMPICLM45      000000000041526E  Unknown               Unknown  Unknown
forrtl: error (76): Abort trap signal
Image              PC                Routine            Line        Source             
libpthread-2.28.s  000014E61E4ABCF0  Unknown               Unknown  Unknown
libc-2.28.so       000014E61DCD2AFF  gsignal               Unknown  Unknown
libc-2.28.so       000014E61DCA5EA5  abort                 Unknown  Unknown
libucs.so.0.0.0    000014E1D9505D46  Unknown               Unknown  Unknown
libucs.so.0.0.0    000014E1D950A6A4  ucs_log_default_h     Unknown  Unknown
libucs.so.0.0.0    000014E1D950A9C4  ucs_log_dispatch      Unknown  Unknown
libuct_ib.so.0.0.  000014E1D90644FA  uct_ib_mlx5_compl     Unknown  Unknown
libuct_ib.so.0.0.  000014E1D908D68B  uct_dc_mlx5_ep_ha     Unknown  Unknown
libuct_ib.so.0.0.  000014E1D9065F9D  uct_ib_mlx5_check     Unknown  Unknown
libuct_ib.so.0.0.  000014E1D908FC32  Unknown               Unknown  Unknown
libucp.so.0.0.0    000014E1D99B681A  ucp_worker_progre     Unknown  Unknown
libmlx-fi.so       000014E1D9C3FDF1  Unknown               Unknown  Unknown
libmlx-fi.so       000014E1D9C58EAD  Unknown               Unknown  Unknown
libmlx-fi.so       000014E1D9C5839B  Unknown               Unknown  Unknown
libmpi.so.12.0.0   000014E61F215E40  Unknown               Unknown  Unknown
libmpi.so.12.0.0   000014E61EDBA715  Unknown               Unknown  Unknown
libmpi.so.12.0.0   000014E61F34591F  Unknown               Unknown  Unknown
libmpi.so.12.0.0   000014E61F1D14A1  Unknown               Unknown  Unknown
libmpi.so.12.0.0   000014E61F1D1247  Unknown               Unknown  Unknown
libmpi.so.12.0.0   000014E61EE2F4E4  Unknown               Unknown  Unknown
libmpi.so.12.0.0   000014E61EC73F60  MPI_Neighbor_allt     Unknown  Unknown
libmpifort.so.12.  000014E62067B6E5  pmpi_neighbor_all     Unknown  Unknown
regcmMPICLM45      0000000000F0F1CE  Unknown               Unknown  Unknown
regcmMPICLM45      00000000007D2157  Unknown               Unknown  Unknown
regcmMPICLM45      00000000007B7D40  Unknown               Unknown  Unknown
regcmMPICLM45      00000000007EC1AE  Unknown               Unknown  Unknown
regcmMPICLM45      000000000041534D  Unknown               Unknown  Unknown
libc-2.28.so       000014E61DCBED85  __libc_start_main     Unknown  Unknown
regcmMPICLM45      000000000041526E  Unknown               Unknown  Unknown
forrtl: error (76): Abort trap signal
Image              PC                Routine            Line        Source             
libpthread-2.28.s  000014C563C71CF0  Unknown               Unknown  Unknown
libc-2.28.so       000014C56349AAFF  gsignal               Unknown  Unknown
libc-2.28.so       000014C56346DEA5  abort                 Unknown  Unknown
libucs.so.0.0.0    000014C11ECCDD46  Unknown               Unknown  Unknown
libucs.so.0.0.0    000014C11ECD26A4  ucs_log_default_h     Unknown  Unknown
libucs.so.0.0.0    000014C11ECD29C4  ucs_log_dispatch      Unknown  Unknown
libuct_ib.so.0.0.  000014C11E82C4FA  uct_ib_mlx5_compl     Unknown  Unknown
libuct_ib.so.0.0.  000014C11E85568B  uct_dc_mlx5_ep_ha     Unknown  Unknown
libuct_ib.so.0.0.  000014C11E82DF9D  uct_ib_mlx5_check     Unknown  Unknown
libuct_ib.so.0.0.  000014C11E857C32  Unknown               Unknown  Unknown
libucp.so.0.0.0    000014C11F17E81A  ucp_worker_progre     Unknown  Unknown
libmlx-fi.so       000014C11F407DF1  Unknown               Unknown  Unknown
libmlx-fi.so       000014C11F420EAD  Unknown               Unknown  Unknown
libmlx-fi.so       000014C11F42039B  Unknown               Unknown  Unknown
libmpi.so.12.0.0   000014C5649DBE40  Unknown               Unknown  Unknown
libmpi.so.12.0.0   000014C564580715  Unknown               Unknown  Unknown
libmpi.so.12.0.0   000014C564B0B91F  Unknown               Unknown  Unknown
libmpi.so.12.0.0   000014C5649974A1  Unknown               Unknown  Unknown
libmpi.so.12.0.0   000014C564997247  Unknown               Unknown  Unknown
libmpi.so.12.0.0   000014C5645F54E4  Unknown               Unknown  Unknown
libmpi.so.12.0.0   000014C564439F60  MPI_Neighbor_allt     Unknown  Unknown
libmpifort.so.12.  000014C565E416E5  pmpi_neighbor_all     Unknown  Unknown
regcmMPICLM45      0000000000F0F1CE  Unknown               Unknown  Unknown
regcmMPICLM45      00000000007D2157  Unknown               Unknown  Unknown
regcmMPICLM45      00000000007B7D40  Unknown               Unknown  Unknown
regcmMPICLM45      00000000007EC1AE  Unknown               Unknown  Unknown
regcmMPICLM45      000000000041534D  Unknown               Unknown  Unknown
libc-2.28.so       000014C563486D85  __libc_start_main     Unknown  Unknown
regcmMPICLM45      000000000041526E  Unknown               Unknown  Unknown
forrtl: error (76): Abort trap signal
Image              PC                Routine            Line        Source             
libpthread-2.28.s  0000151325B62CF0  Unknown               Unknown  Unknown
libc-2.28.so       000015132538BAFF  gsignal               Unknown  Unknown
libc-2.28.so       000015132535EEA5  abort                 Unknown  Unknown
libucs.so.0.0.0    0000150EE0BBED46  Unknown               Unknown  Unknown
libucs.so.0.0.0    0000150EE0BC36A4  ucs_log_default_h     Unknown  Unknown
libucs.so.0.0.0    0000150EE0BC39C4  ucs_log_dispatch      Unknown  Unknown
libuct_ib.so.0.0.  0000150EE071D4FA  uct_ib_mlx5_compl     Unknown  Unknown
libuct_ib.so.0.0.  0000150EE074668B  uct_dc_mlx5_ep_ha     Unknown  Unknown
libuct_ib.so.0.0.  0000150EE071EF9D  uct_ib_mlx5_check     Unknown  Unknown
libuct_ib.so.0.0.  0000150EE0748C32  Unknown               Unknown  Unknown
libucp.so.0.0.0    0000150EE106F81A  ucp_worker_progre     Unknown  Unknown
libmlx-fi.so       0000150EE12F8DF1  Unknown               Unknown  Unknown
libmlx-fi.so       0000150EE1311EAD  Unknown               Unknown  Unknown
libmlx-fi.so       0000150EE131139B  Unknown               Unknown  Unknown
libmpi.so.12.0.0   00001513268CCE40  Unknown               Unknown  Unknown
libmpi.so.12.0.0   0000151326471715  Unknown               Unknown  Unknown
libmpi.so.12.0.0   00001513269FC91F  Unknown               Unknown  Unknown
libmpi.so.12.0.0   00001513268884A1  Unknown               Unknown  Unknown
libmpi.so.12.0.0   0000151326888247  Unknown               Unknown  Unknown
libmpi.so.12.0.0   00001513264E64E4  Unknown               Unknown  Unknown
libmpi.so.12.0.0   000015132632AF60  MPI_Neighbor_allt     Unknown  Unknown
libmpifort.so.12.  0000151327D326E5  pmpi_neighbor_all     Unknown  Unknown
regcmMPICLM45      0000000000F0F1CE  Unknown               Unknown  Unknown
regcmMPICLM45      00000000007D2157  Unknown               Unknown  Unknown
regcmMPICLM45      00000000007B7D40  Unknown               Unknown  Unknown
regcmMPICLM45      00000000007EC1AE  Unknown               Unknown  Unknown
regcmMPICLM45      000000000041534D  Unknown               Unknown  Unknown
libc-2.28.so       0000151325377D85  __libc_start_main     Unknown  Unknown
regcmMPICLM45      000000000041526E  Unknown               Unknown  Unknown
forrtl: error (76): Abort trap signal
Image              PC                Routine            Line        Source             
libpthread-2.28.s  000014C207802CF0  Unknown               Unknown  Unknown
libc-2.28.so       000014C20702BAFF  gsignal               Unknown  Unknown
libc-2.28.so       000014C206FFEEA5  abort                 Unknown  Unknown
libucs.so.0.0.0    000014BDC285ED46  Unknown               Unknown  Unknown
libucs.so.0.0.0    000014BDC28636A4  ucs_log_default_h     Unknown  Unknown
libucs.so.0.0.0    000014BDC28639C4  ucs_log_dispatch      Unknown  Unknown
libuct_ib.so.0.0.  000014BDC23BD4FA  uct_ib_mlx5_compl     Unknown  Unknown
libuct_ib.so.0.0.  000014BDC23E668B  uct_dc_mlx5_ep_ha     Unknown  Unknown
libuct_ib.so.0.0.  000014BDC23BEF9D  uct_ib_mlx5_check     Unknown  Unknown
libuct_ib.so.0.0.  000014BDC23E8C32  Unknown               Unknown  Unknown
libucp.so.0.0.0    000014BDC2D0F81A  ucp_worker_progre     Unknown  Unknown
libmlx-fi.so       000014BDC2F98DF1  Unknown               Unknown  Unknown
libmlx-fi.so       000014BDC2FB1EAD  Unknown               Unknown  Unknown
libmlx-fi.so       000014BDC2FB139B  Unknown               Unknown  Unknown
libmpi.so.12.0.0   000014C20856CE40  Unknown               Unknown  Unknown
libmpi.so.12.0.0   000014C208111715  Unknown               Unknown  Unknown
libmpi.so.12.0.0   000014C20869C91F  Unknown               Unknown  Unknown
libmpi.so.12.0.0   000014C2085284A1  Unknown               Unknown  Unknown
libmpi.so.12.0.0   000014C208528247  Unknown               Unknown  Unknown
libmpi.so.12.0.0   000014C2081864E4  Unknown               Unknown  Unknown
libmpi.so.12.0.0   000014C207FCAF60  MPI_Neighbor_allt     Unknown  Unknown
libmpifort.so.12.  000014C2099D26E5  pmpi_neighbor_all     Unknown  Unknown
regcmMPICLM45      0000000000F0F1CE  Unknown               Unknown  Unknown
regcmMPICLM45      00000000007D2157  Unknown               Unknown  Unknown
regcmMPICLM45      00000000007B7D40  Unknown               Unknown  Unknown
regcmMPICLM45      00000000007EC1AE  Unknown               Unknown  Unknown
regcmMPICLM45      000000000041534D  Unknown               Unknown  Unknown
libc-2.28.so       000014C207017D85  __libc_start_main     Unknown  Unknown
regcmMPICLM45      000000000041526E  Unknown               Unknown  Unknown
forrtl: error (76): Abort trap signal
Image              PC                Routine            Line        Source             
libpthread-2.28.s  000014ABD7602CF0  Unknown               Unknown  Unknown
libc-2.28.so       000014ABD6E2BAFF  gsignal               Unknown  Unknown
libc-2.28.so       000014ABD6DFEEA5  abort                 Unknown  Unknown
libucs.so.0.0.0    000014A79265ED46  Unknown               Unknown  Unknown
libucs.so.0.0.0    000014A7926636A4  ucs_log_default_h     Unknown  Unknown
libucs.so.0.0.0    000014A7926639C4  ucs_log_dispatch      Unknown  Unknown
libuct_ib.so.0.0.  000014A7921BD4FA  uct_ib_mlx5_compl     Unknown  Unknown
libuct_ib.so.0.0.  000014A7921E668B  uct_dc_mlx5_ep_ha     Unknown  Unknown
libuct_ib.so.0.0.  000014A7921BEF9D  uct_ib_mlx5_check     Unknown  Unknown
libuct_ib.so.0.0.  000014A7921E8C32  Unknown               Unknown  Unknown
libucp.so.0.0.0    000014A792B0F81A  ucp_worker_progre     Unknown  Unknown
libmlx-fi.so       000014A792D98DF1  Unknown               Unknown  Unknown
libmlx-fi.so       000014A792DB1EAD  Unknown               Unknown  Unknown
libmlx-fi.so       000014A792DB139B  Unknown               Unknown  Unknown
libmpi.so.12.0.0   000014ABD836CE40  Unknown               Unknown  Unknown
libmpi.so.12.0.0   000014ABD7F11715  Unknown               Unknown  Unknown
libmpi.so.12.0.0   000014ABD849C91F  Unknown               Unknown  Unknown
libmpi.so.12.0.0   000014ABD83284A1  Unknown               Unknown  Unknown
libmpi.so.12.0.0   000014ABD8328247  Unknown               Unknown  Unknown
libmpi.so.12.0.0   000014ABD7F864E4  Unknown               Unknown  Unknown
libmpi.so.12.0.0   000014ABD7DCAF60  MPI_Neighbor_allt     Unknown  Unknown
libmpifort.so.12.  000014ABD97D26E5  pmpi_neighbor_all     Unknown  Unknown
regcmMPICLM45      0000000000F0F1CE  Unknown               Unknown  Unknown
regcmMPICLM45      00000000007D2157  Unknown               Unknown  Unknown
regcmMPICLM45      00000000007B7D40  Unknown               Unknown  Unknown
regcmMPICLM45      00000000007EC1AE  Unknown               Unknown  Unknown
regcmMPICLM45      000000000041534D  Unknown               Unknown  Unknown
libc-2.28.so       000014ABD6E17D85  __libc_start_main     Unknown  Unknown
regcmMPICLM45      000000000041526E  Unknown               Unknown  Unknown
forrtl: error (76): Abort trap signal
Image              PC                Routine            Line        Source             
libpthread-2.28.s  00001511D0372CF0  Unknown               Unknown  Unknown
libc-2.28.so       00001511CFB99AFF  gsignal               Unknown  Unknown
libc-2.28.so       00001511CFB6CEA5  abort                 Unknown  Unknown
libucs.so.0.0.0    0000150D8B3CCD46  Unknown               Unknown  Unknown
libucs.so.0.0.0    0000150D8B3D16A4  ucs_log_default_h     Unknown  Unknown
libucs.so.0.0.0    0000150D8B3D19C4  ucs_log_dispatch      Unknown  Unknown
libuct_ib.so.0.0.  0000150D8AF2B4FA  uct_ib_mlx5_compl     Unknown  Unknown
libuct_ib.so.0.0.  0000150D8AF5468B  uct_dc_mlx5_ep_ha     Unknown  Unknown
libuct_ib.so.0.0.  0000150D8AF2CF9D  uct_ib_mlx5_check     Unknown  Unknown
libuct_ib.so.0.0.  0000150D8AF56C32  Unknown               Unknown  Unknown
libucp.so.0.0.0    0000150D8B87D81A  ucp_worker_progre     Unknown  Unknown
libmlx-fi.so       0000150D8BB06DF1  Unknown               Unknown  Unknown
libmlx-fi.so       0000150D8BB1FEAD  Unknown               Unknown  Unknown
libmlx-fi.so       0000150D8BB1F39B  Unknown               Unknown  Unknown
libmpi.so.12.0.0   00001511D10DCE40  Unknown               Unknown  Unknown
libmpi.so.12.0.0   00001511D0C81715  Unknown               Unknown  Unknown
libmpi.so.12.0.0   00001511D120C91F  Unknown               Unknown  Unknown
libmpi.so.12.0.0   00001511D10984A1  Unknown               Unknown  Unknown
libmpi.so.12.0.0   00001511D1098247  Unknown               Unknown  Unknown
libmpi.so.12.0.0   00001511D0CF64E4  Unknown               Unknown  Unknown
libmpi.so.12.0.0   00001511D0B3AF60  MPI_Neighbor_allt     Unknown  Unknown
libmpifort.so.12.  00001511D25426E5  pmpi_neighbor_all     Unknown  Unknown
regcmMPICLM45      0000000000F0F1CE  Unknown               Unknown  Unknown
regcmMPICLM45      00000000007D2157  Unknown               Unknown  Unknown
regcmMPICLM45      00000000007B7D40  Unknown               Unknown  Unknown
regcmMPICLM45      00000000007EC1AE  Unknown               Unknown  Unknown
regcmMPICLM45      000000000041534D  Unknown               Unknown  Unknown
libc-2.28.so       00001511CFB85D85  __libc_start_main     Unknown  Unknown
regcmMPICLM45      000000000041526E  Unknown               Unknown  Unknown
forrtl: error (76): Abort trap signal
Image              PC                Routine            Line        Source             
libpthread-2.28.s  000014620AC44CF0  Unknown               Unknown  Unknown
libc-2.28.so       000014620A46DAFF  gsignal               Unknown  Unknown
libc-2.28.so       000014620A440EA5  abort                 Unknown  Unknown
libucs.so.0.0.0    0000145DC5CA0D46  Unknown               Unknown  Unknown
libucs.so.0.0.0    0000145DC5CA56A4  ucs_log_default_h     Unknown  Unknown
libucs.so.0.0.0    0000145DC5CA59C4  ucs_log_dispatch      Unknown  Unknown
libuct_ib.so.0.0.  0000145DC57FF4FA  uct_ib_mlx5_compl     Unknown  Unknown
libuct_ib.so.0.0.  0000145DC582868B  uct_dc_mlx5_ep_ha     Unknown  Unknown
libuct_ib.so.0.0.  0000145DC5800F9D  uct_ib_mlx5_check     Unknown  Unknown
libuct_ib.so.0.0.  0000145DC582AC32  Unknown               Unknown  Unknown
libucp.so.0.0.0    0000145DC615181A  ucp_worker_progre     Unknown  Unknown
libmlx-fi.so       0000145DC63DADF1  Unknown               Unknown  Unknown
libmlx-fi.so       0000145DC63F3EAD  Unknown               Unknown  Unknown
libmlx-fi.so       0000145DC63F339B  Unknown               Unknown  Unknown
libmpi.so.12.0.0   000014620B9AEE40  Unknown               Unknown  Unknown
libmpi.so.12.0.0   000014620B553715  Unknown               Unknown  Unknown
libmpi.so.12.0.0   000014620BADE91F  Unknown               Unknown  Unknown
libmpi.so.12.0.0   000014620B96A4A1  Unknown               Unknown  Unknown
libmpi.so.12.0.0   000014620B96A247  Unknown               Unknown  Unknown
libmpi.so.12.0.0   000014620B5C84E4  Unknown               Unknown  Unknown
libmpi.so.12.0.0   000014620B40CF60  MPI_Neighbor_allt     Unknown  Unknown
libmpifort.so.12.  000014620CE146E5  pmpi_neighbor_all     Unknown  Unknown
regcmMPICLM45      0000000000F1168B  Unknown               Unknown  Unknown
regcmMPICLM45      00000000007D1555  Unknown               Unknown  Unknown
regcmMPICLM45      00000000007B7D40  Unknown               Unknown  Unknown
regcmMPICLM45      00000000007EC1AE  Unknown               Unknown  Unknown
regcmMPICLM45      000000000041534D  Unknown               Unknown  Unknown
libc-2.28.so       000014620A459D85  __libc_start_main     Unknown  Unknown
regcmMPICLM45      000000000041526E  Unknown               Unknown  Unknown
forrtl: error (76): Abort trap signal
Image              PC                Routine            Line        Source             
libpthread-2.28.s  0000147053885CF0  Unknown               Unknown  Unknown
libc-2.28.so       00001470530AEAFF  gsignal               Unknown  Unknown
libc-2.28.so       0000147053081EA5  abort                 Unknown  Unknown
libucs.so.0.0.0    0000146C0E8E1D46  Unknown               Unknown  Unknown
libucs.so.0.0.0    0000146C0E8E66A4  ucs_log_default_h     Unknown  Unknown
libucs.so.0.0.0    0000146C0E8E69C4  ucs_log_dispatch      Unknown  Unknown
libuct_ib.so.0.0.  0000146C0E4404FA  uct_ib_mlx5_compl     Unknown  Unknown
libuct_ib.so.0.0.  0000146C0E46968B  uct_dc_mlx5_ep_ha     Unknown  Unknown
libuct_ib.so.0.0.  0000146C0E441F9D  uct_ib_mlx5_check     Unknown  Unknown
libuct_ib.so.0.0.  0000146C0E46BC32  Unknown               Unknown  Unknown
libucp.so.0.0.0    0000146C0ED9281A  ucp_worker_progre     Unknown  Unknown
libmlx-fi.so       0000146C0F01BDF1  Unknown               Unknown  Unknown
libmlx-fi.so       0000146C0F034EAD  Unknown               Unknown  Unknown
libmlx-fi.so       0000146C0F03439B  Unknown               Unknown  Unknown
libmpi.so.12.0.0   00001470545EFE40  Unknown               Unknown  Unknown
libmpi.so.12.0.0   0000147054194715  Unknown               Unknown  Unknown
libmpi.so.12.0.0   000014705471F91F  Unknown               Unknown  Unknown
libmpi.so.12.0.0   00001470545AB4A1  Unknown               Unknown  Unknown
libmpi.so.12.0.0   00001470545AB247  Unknown               Unknown  Unknown
libmpi.so.12.0.0   00001470542094E4  Unknown               Unknown  Unknown
libmpi.so.12.0.0   000014705404DF60  MPI_Neighbor_allt     Unknown  Unknown
libmpifort.so.12.  0000147055A556E5  pmpi_neighbor_all     Unknown  Unknown
regcmMPICLM45      0000000000F1168B  Unknown               Unknown  Unknown
regcmMPICLM45      00000000007D1555  Unknown               Unknown  Unknown
regcmMPICLM45      00000000007B7D40  Unknown               Unknown  Unknown
regcmMPICLM45      00000000007EC1AE  Unknown               Unknown  Unknown
regcmMPICLM45      000000000041534D  Unknown               Unknown  Unknown
libc-2.28.so       000014705309AD85  __libc_start_main     Unknown  Unknown
regcmMPICLM45      000000000041526E  Unknown               Unknown  Unknown
forrtl: error (76): Abort trap signal
Image              PC                Routine            Line        Source             
libpthread-2.28.s  0000148E44BF1CF0  Unknown               Unknown  Unknown
libc-2.28.so       0000148E4441AAFF  gsignal               Unknown  Unknown
libc-2.28.so       0000148E443EDEA5  abort                 Unknown  Unknown
libucs.so.0.0.0    00001489FFC4DD46  Unknown               Unknown  Unknown
libucs.so.0.0.0    00001489FFC526A4  ucs_log_default_h     Unknown  Unknown
libucs.so.0.0.0    00001489FFC529C4  ucs_log_dispatch      Unknown  Unknown
libuct_ib.so.0.0.  00001489FF7AC4FA  uct_ib_mlx5_compl     Unknown  Unknown
libuct_ib.so.0.0.  00001489FF7D568B  uct_dc_mlx5_ep_ha     Unknown  Unknown
libuct_ib.so.0.0.  00001489FF7ADF9D  uct_ib_mlx5_check     Unknown  Unknown
libuct_ib.so.0.0.  00001489FF7D7C32  Unknown               Unknown  Unknown
libucp.so.0.0.0    0000148A000FE81A  ucp_worker_progre     Unknown  Unknown
libmlx-fi.so       0000148A00387DF1  Unknown               Unknown  Unknown
libmlx-fi.so       0000148A003A0EAD  Unknown               Unknown  Unknown
libmlx-fi.so       0000148A003A039B  Unknown               Unknown  Unknown
libmpi.so.12.0.0   0000148E4595BE40  Unknown               Unknown  Unknown
libmpi.so.12.0.0   0000148E45500715  Unknown               Unknown  Unknown
libmpi.so.12.0.0   0000148E45A8B91F  Unknown               Unknown  Unknown
libmpi.so.12.0.0   0000148E459174A1  Unknown               Unknown  Unknown
libmpi.so.12.0.0   0000148E45917247  Unknown               Unknown  Unknown
libmpi.so.12.0.0   0000148E455754E4  Unknown               Unknown  Unknown
libmpi.so.12.0.0   0000148E453B9F60  MPI_Neighbor_allt     Unknown  Unknown
libmpifort.so.12.  0000148E46DC16E5  pmpi_neighbor_all     Unknown  Unknown
regcmMPICLM45      0000000000F0F1CE  Unknown               Unknown  Unknown
regcmMPICLM45      00000000007D2157  Unknown               Unknown  Unknown
regcmMPICLM45      00000000007B7D40  Unknown               Unknown  Unknown
regcmMPICLM45      00000000007EC1AE  Unknown               Unknown  Unknown
regcmMPICLM45      000000000041534D  Unknown               Unknown  Unknown
libc-2.28.so       0000148E44406D85  __libc_start_main     Unknown  Unknown
regcmMPICLM45      000000000041526E  Unknown               Unknown  Unknown
forrtl: error (76): Abort trap signal
Image              PC                Routine            Line        Source             
libpthread-2.28.s  0000149448C4ACF0  Unknown               Unknown  Unknown
libc-2.28.so       0000149448471AFF  gsignal               Unknown  Unknown
libc-2.28.so       0000149448444EA5  abort                 Unknown  Unknown
libucs.so.0.0.0    0000149003CA4D46  Unknown               Unknown  Unknown
libucs.so.0.0.0    0000149003CA96A4  ucs_log_default_h     Unknown  Unknown
libucs.so.0.0.0    0000149003CA99C4  ucs_log_dispatch      Unknown  Unknown
libuct_ib.so.0.0.  00001490038034FA  uct_ib_mlx5_compl     Unknown  Unknown
libuct_ib.so.0.0.  000014900382C68B  uct_dc_mlx5_ep_ha     Unknown  Unknown
libuct_ib.so.0.0.  0000149003804F9D  uct_ib_mlx5_check     Unknown  Unknown
libuct_ib.so.0.0.  000014900382EC32  Unknown               Unknown  Unknown
libucp.so.0.0.0    000014900415581A  ucp_worker_progre     Unknown  Unknown
libmlx-fi.so       00001490043DEDF1  Unknown               Unknown  Unknown
libmlx-fi.so       00001490043F7EAD  Unknown               Unknown  Unknown
libmlx-fi.so       00001490043F739B  Unknown               Unknown  Unknown
libmpi.so.12.0.0   00001494499B4E40  Unknown               Unknown  Unknown
libmpi.so.12.0.0   0000149449559715  Unknown               Unknown  Unknown
libmpi.so.12.0.0   0000149449AE491F  Unknown               Unknown  Unknown
libmpi.so.12.0.0   00001494499704A1  Unknown               Unknown  Unknown
libmpi.so.12.0.0   0000149449970247  Unknown               Unknown  Unknown
libmpi.so.12.0.0   00001494495CE4E4  Unknown               Unknown  Unknown
libmpi.so.12.0.0   0000149449412F60  MPI_Neighbor_allt     Unknown  Unknown
libmpifort.so.12.  000014944AE1A6E5  pmpi_neighbor_all     Unknown  Unknown
regcmMPICLM45      0000000000F0F1CE  Unknown               Unknown  Unknown
regcmMPICLM45      00000000007D2157  Unknown               Unknown  Unknown
regcmMPICLM45      00000000007B7D40  Unknown               Unknown  Unknown
regcmMPICLM45      00000000007EC1AE  Unknown               Unknown  Unknown
regcmMPICLM45      000000000041534D  Unknown               Unknown  Unknown
libc-2.28.so       000014944845DD85  __libc_start_main     Unknown  Unknown
regcmMPICLM45      000000000041526E  Unknown               Unknown  Unknown
forrtl: error (76): Abort trap signal
Image              PC                Routine            Line        Source             
libpthread-2.28.s  0000152865E47CF0  Unknown               Unknown  Unknown
libc-2.28.so       0000152865670AFF  gsignal               Unknown  Unknown
libc-2.28.so       0000152865643EA5  abort                 Unknown  Unknown
libucs.so.0.0.0    0000152420EA3D46  Unknown               Unknown  Unknown
libucs.so.0.0.0    0000152420EA86A4  ucs_log_default_h     Unknown  Unknown
libucs.so.0.0.0    0000152420EA89C4  ucs_log_dispatch      Unknown  Unknown
libuct_ib.so.0.0.  0000152420A024FA  uct_ib_mlx5_compl     Unknown  Unknown
libuct_ib.so.0.0.  0000152420A2B68B  uct_dc_mlx5_ep_ha     Unknown  Unknown
libuct_ib.so.0.0.  0000152420A03F9D  uct_ib_mlx5_check     Unknown  Unknown
libuct_ib.so.0.0.  0000152420A2DC32  Unknown               Unknown  Unknown
libucp.so.0.0.0    000015242135481A  ucp_worker_progre     Unknown  Unknown
libmlx-fi.so       00001524215DDDF1  Unknown               Unknown  Unknown
libmlx-fi.so       00001524215F6EAD  Unknown               Unknown  Unknown
libmlx-fi.so       00001524215F639B  Unknown               Unknown  Unknown
libmpi.so.12.0.0   0000152866BB1E40  Unknown               Unknown  Unknown
libmpi.so.12.0.0   0000152866756715  Unknown               Unknown  Unknown
libmpi.so.12.0.0   0000152866CE191F  Unknown               Unknown  Unknown
libmpi.so.12.0.0   0000152866B6D4A1  Unknown               Unknown  Unknown
libmpi.so.12.0.0   0000152866B6D247  Unknown               Unknown  Unknown
libmpi.so.12.0.0   00001528667CB4E4  Unknown               Unknown  Unknown
libmpi.so.12.0.0   000015286660FF60  MPI_Neighbor_allt     Unknown  Unknown
libmpifort.so.12.  00001528680176E5  pmpi_neighbor_all     Unknown  Unknown
regcmMPICLM45      0000000000F0F1CE  Unknown               Unknown  Unknown
regcmMPICLM45      00000000007D2157  Unknown               Unknown  Unknown
regcmMPICLM45      00000000007B7D40  Unknown               Unknown  Unknown
regcmMPICLM45      00000000007EC1AE  Unknown               Unknown  Unknown
regcmMPICLM45      000000000041534D  Unknown               Unknown  Unknown
libc-2.28.so       000015286565CD85  __libc_start_main     Unknown  Unknown
regcmMPICLM45      000000000041526E  Unknown               Unknown  Unknown
forrtl: error (76): Abort trap signal
Image              PC                Routine            Line        Source             
libpthread-2.28.s  0000152A79B14CF0  Unknown               Unknown  Unknown
libc-2.28.so       0000152A7933DAFF  gsignal               Unknown  Unknown
libc-2.28.so       0000152A79310EA5  abort                 Unknown  Unknown
libucs.so.0.0.0    0000152634B70D46  Unknown               Unknown  Unknown
libucs.so.0.0.0    0000152634B756A4  ucs_log_default_h     Unknown  Unknown
libucs.so.0.0.0    0000152634B759C4  ucs_log_dispatch      Unknown  Unknown
libuct_ib.so.0.0.  00001526346CF4FA  uct_ib_mlx5_compl     Unknown  Unknown
libuct_ib.so.0.0.  00001526346F868B  uct_dc_mlx5_ep_ha     Unknown  Unknown
libuct_ib.so.0.0.  00001526346D0F9D  uct_ib_mlx5_check     Unknown  Unknown
libuct_ib.so.0.0.  00001526346FAC32  Unknown               Unknown  Unknown
libucp.so.0.0.0    000015263502181A  ucp_worker_progre     Unknown  Unknown
libmlx-fi.so       00001526352AADF1  Unknown               Unknown  Unknown
libmlx-fi.so       00001526352C3EAD  Unknown               Unknown  Unknown
libmlx-fi.so       00001526352C339B  Unknown               Unknown  Unknown
libmpi.so.12.0.0   0000152A7A87EE40  Unknown               Unknown  Unknown
libmpi.so.12.0.0   0000152A7A423715  Unknown               Unknown  Unknown
libmpi.so.12.0.0   0000152A7A9AE91F  Unknown               Unknown  Unknown
libmpi.so.12.0.0   0000152A7A83A4A1  Unknown               Unknown  Unknown
libmpi.so.12.0.0   0000152A7A83A247  Unknown               Unknown  Unknown
libmpi.so.12.0.0   0000152A7A4984E4  Unknown               Unknown  Unknown
libmpi.so.12.0.0   0000152A7A2DCF60  MPI_Neighbor_allt     Unknown  Unknown
libmpifort.so.12.  0000152A7BCE46E5  pmpi_neighbor_all     Unknown  Unknown
regcmMPICLM45      0000000000F0F1CE  Unknown               Unknown  Unknown
regcmMPICLM45      00000000007D2157  Unknown               Unknown  Unknown
regcmMPICLM45      00000000007B7D40  Unknown               Unknown  Unknown
regcmMPICLM45      00000000007EC1AE  Unknown               Unknown  Unknown
regcmMPICLM45      000000000041534D  Unknown               Unknown  Unknown
libc-2.28.so       0000152A79329D85  __libc_start_main     Unknown  Unknown
regcmMPICLM45      000000000041526E  Unknown               Unknown  Unknown
forrtl: error (76): Abort trap signal
Image              PC                Routine            Line        Source             
libpthread-2.28.s  000014D6AD2BECF0  Unknown               Unknown  Unknown
libc-2.28.so       000014D6ACAE7AFF  gsignal               Unknown  Unknown
libc-2.28.so       000014D6ACABAEA5  abort                 Unknown  Unknown
libucs.so.0.0.0    000014D26831AD46  Unknown               Unknown  Unknown
libucs.so.0.0.0    000014D26831F6A4  ucs_log_default_h     Unknown  Unknown
libucs.so.0.0.0    000014D26831F9C4  ucs_log_dispatch      Unknown  Unknown
libuct_ib.so.0.0.  000014D267E794FA  uct_ib_mlx5_compl     Unknown  Unknown
libuct_ib.so.0.0.  000014D267EA268B  uct_dc_mlx5_ep_ha     Unknown  Unknown
libuct_ib.so.0.0.  000014D267E7AF9D  uct_ib_mlx5_check     Unknown  Unknown
libuct_ib.so.0.0.  000014D267EA4C32  Unknown               Unknown  Unknown
libucp.so.0.0.0    000014D2687CB81A  ucp_worker_progre     Unknown  Unknown
libmlx-fi.so       000014D268A54DF1  Unknown               Unknown  Unknown
libmlx-fi.so       000014D268A6DEAD  Unknown               Unknown  Unknown
libmlx-fi.so       000014D268A6D39B  Unknown               Unknown  Unknown
libmpi.so.12.0.0   000014D6AE028E40  Unknown               Unknown  Unknown
libmpi.so.12.0.0   000014D6ADBCD715  Unknown               Unknown  Unknown
libmpi.so.12.0.0   000014D6AE15891F  Unknown               Unknown  Unknown
libmpi.so.12.0.0   000014D6ADFE44A1  Unknown               Unknown  Unknown
libmpi.so.12.0.0   000014D6ADFE4247  Unknown               Unknown  Unknown
libmpi.so.12.0.0   000014D6ADC424E4  Unknown               Unknown  Unknown
libmpi.so.12.0.0   000014D6ADA86F60  MPI_Neighbor_allt     Unknown  Unknown
libmpifort.so.12.  000014D6AF48E6E5  pmpi_neighbor_all     Unknown  Unknown
regcmMPICLM45      0000000000F0F1CE  Unknown               Unknown  Unknown
regcmMPICLM45      00000000007D2157  Unknown               Unknown  Unknown
regcmMPICLM45      00000000007B7D40  Unknown               Unknown  Unknown
regcmMPICLM45      00000000007EC1AE  Unknown               Unknown  Unknown
regcmMPICLM45      000000000041534D  Unknown               Unknown  Unknown
libc-2.28.so       000014D6ACAD3D85  __libc_start_main     Unknown  Unknown
regcmMPICLM45      000000000041526E  Unknown               Unknown  Unknown
forrtl: error (76): Abort trap signal
Image              PC                Routine            Line        Source             
libpthread-2.28.s  000014BA8A654CF0  Unknown               Unknown  Unknown
libc-2.28.so       000014BA89E7DAFF  gsignal               Unknown  Unknown
libc-2.28.so       000014BA89E50EA5  abort                 Unknown  Unknown
libucs.so.0.0.0    000014B6456B0D46  Unknown               Unknown  Unknown
libucs.so.0.0.0    000014B6456B56A4  ucs_log_default_h     Unknown  Unknown
libucs.so.0.0.0    000014B6456B59C4  ucs_log_dispatch      Unknown  Unknown
libuct_ib.so.0.0.  000014B64520F4FA  uct_ib_mlx5_compl     Unknown  Unknown
libuct_ib.so.0.0.  000014B64523868B  uct_dc_mlx5_ep_ha     Unknown  Unknown
libuct_ib.so.0.0.  000014B645210F9D  uct_ib_mlx5_check     Unknown  Unknown
libuct_ib.so.0.0.  000014B64523AC32  Unknown               Unknown  Unknown
libucp.so.0.0.0    000014B645B6181A  ucp_worker_progre     Unknown  Unknown
libmlx-fi.so       000014B645DEADF1  Unknown               Unknown  Unknown
libmlx-fi.so       000014B645E03EAD  Unknown               Unknown  Unknown
libmlx-fi.so       000014B645E0339B  Unknown               Unknown  Unknown
libmpi.so.12.0.0   000014BA8B3BEE40  Unknown               Unknown  Unknown
libmpi.so.12.0.0   000014BA8AF63715  Unknown               Unknown  Unknown
libmpi.so.12.0.0   000014BA8B4EE91F  Unknown               Unknown  Unknown
libmpi.so.12.0.0   000014BA8B37A4A1  Unknown               Unknown  Unknown
libmpi.so.12.0.0   000014BA8B37A247  Unknown               Unknown  Unknown
libmpi.so.12.0.0   000014BA8AFD84E4  Unknown               Unknown  Unknown
libmpi.so.12.0.0   000014BA8AE1CF60  MPI_Neighbor_allt     Unknown  Unknown
libmpifort.so.12.  000014BA8C8246E5  pmpi_neighbor_all     Unknown  Unknown
regcmMPICLM45      0000000000F0F1CE  Unknown               Unknown  Unknown
regcmMPICLM45      00000000007D2157  Unknown               Unknown  Unknown
regcmMPICLM45      00000000007B7D40  Unknown               Unknown  Unknown
regcmMPICLM45      00000000007EC1AE  Unknown               Unknown  Unknown
regcmMPICLM45      000000000041534D  Unknown               Unknown  Unknown
libc-2.28.so       000014BA89E69D85  __libc_start_main     Unknown  Unknown
regcmMPICLM45      000000000041526E  Unknown               Unknown  Unknown
forrtl: error (76): Abort trap signal
Image              PC                Routine            Line        Source             
libpthread-2.28.s  0000149795783CF0  Unknown               Unknown  Unknown
libc-2.28.so       0000149794FACAFF  gsignal               Unknown  Unknown
libc-2.28.so       0000149794F7FEA5  abort                 Unknown  Unknown
libucs.so.0.0.0    00001493507DFD46  Unknown               Unknown  Unknown
libucs.so.0.0.0    00001493507E46A4  ucs_log_default_h     Unknown  Unknown
libucs.so.0.0.0    00001493507E49C4  ucs_log_dispatch      Unknown  Unknown
libuct_ib.so.0.0.  000014935033E4FA  uct_ib_mlx5_compl     Unknown  Unknown
libuct_ib.so.0.0.  000014935036768B  uct_dc_mlx5_ep_ha     Unknown  Unknown
libuct_ib.so.0.0.  000014935033FF9D  uct_ib_mlx5_check     Unknown  Unknown
libuct_ib.so.0.0.  0000149350369C32  Unknown               Unknown  Unknown
libucp.so.0.0.0    0000149350C9081A  ucp_worker_progre     Unknown  Unknown
libmlx-fi.so       0000149350F19DF1  Unknown               Unknown  Unknown
libmlx-fi.so       0000149350F32EAD  Unknown               Unknown  Unknown
libmlx-fi.so       0000149350F3239B  Unknown               Unknown  Unknown
libmpi.so.12.0.0   00001497964EDE40  Unknown               Unknown  Unknown
libmpi.so.12.0.0   0000149796092715  Unknown               Unknown  Unknown
libmpi.so.12.0.0   000014979661D91F  Unknown               Unknown  Unknown
libmpi.so.12.0.0   00001497964A94A1  Unknown               Unknown  Unknown
libmpi.so.12.0.0   00001497964A9247  Unknown               Unknown  Unknown
libmpi.so.12.0.0   00001497961074E4  Unknown               Unknown  Unknown
libmpi.so.12.0.0   0000149795F4BF60  MPI_Neighbor_allt     Unknown  Unknown
libmpifort.so.12.  00001497979536E5  pmpi_neighbor_all     Unknown  Unknown
regcmMPICLM45      0000000000F0F1CE  Unknown               Unknown  Unknown
regcmMPICLM45      00000000007D2157  Unknown               Unknown  Unknown
regcmMPICLM45      00000000007B7D40  Unknown               Unknown  Unknown
regcmMPICLM45      00000000007EC1AE  Unknown               Unknown  Unknown
regcmMPICLM45      000000000041534D  Unknown               Unknown  Unknown
libc-2.28.so       0000149794F98D85  __libc_start_main     Unknown  Unknown
regcmMPICLM45      000000000041526E  Unknown               Unknown  Unknown
forrtl: error (76): Abort trap signal
Image              PC                Routine            Line        Source             
libpthread-2.28.s  00001470A8A0CCF0  Unknown               Unknown  Unknown
libc-2.28.so       00001470A8235AFF  gsignal               Unknown  Unknown
libc-2.28.so       00001470A8208EA5  abort                 Unknown  Unknown
libucs.so.0.0.0    0000146C63A68D46  Unknown               Unknown  Unknown
libucs.so.0.0.0    0000146C63A6D6A4  ucs_log_default_h     Unknown  Unknown
libucs.so.0.0.0    0000146C63A6D9C4  ucs_log_dispatch      Unknown  Unknown
libuct_ib.so.0.0.  0000146C635C74FA  uct_ib_mlx5_compl     Unknown  Unknown
libuct_ib.so.0.0.  0000146C635F068B  uct_dc_mlx5_ep_ha     Unknown  Unknown
libuct_ib.so.0.0.  0000146C635C8F9D  uct_ib_mlx5_check     Unknown  Unknown
libuct_ib.so.0.0.  0000146C635F2C32  Unknown               Unknown  Unknown
libucp.so.0.0.0    0000146C63F1981A  ucp_worker_progre     Unknown  Unknown
libmlx-fi.so       0000146C641A2DF1  Unknown               Unknown  Unknown
libmlx-fi.so       0000146C641BBEAD  Unknown               Unknown  Unknown
libmlx-fi.so       0000146C641BB39B  Unknown               Unknown  Unknown
libmpi.so.12.0.0   00001470A9776E40  Unknown               Unknown  Unknown
libmpi.so.12.0.0   00001470A931B715  Unknown               Unknown  Unknown
libmpi.so.12.0.0   00001470A98A691F  Unknown               Unknown  Unknown
libmpi.so.12.0.0   00001470A97324A1  Unknown               Unknown  Unknown
libmpi.so.12.0.0   00001470A9732247  Unknown               Unknown  Unknown
libmpi.so.12.0.0   00001470A93904E4  Unknown               Unknown  Unknown
libmpi.so.12.0.0   00001470A91D4F60  MPI_Neighbor_allt     Unknown  Unknown
libmpifort.so.12.  00001470AABDC6E5  pmpi_neighbor_all     Unknown  Unknown
regcmMPICLM45      0000000000F0F1CE  Unknown               Unknown  Unknown
regcmMPICLM45      00000000007D2157  Unknown               Unknown  Unknown
regcmMPICLM45      00000000007B7D40  Unknown               Unknown  Unknown
regcmMPICLM45      00000000007EC1AE  Unknown               Unknown  Unknown
regcmMPICLM45      000000000041534D  Unknown               Unknown  Unknown
libc-2.28.so       00001470A8221D85  __libc_start_main     Unknown  Unknown
regcmMPICLM45      000000000041526E  Unknown               Unknown  Unknown
forrtl: error (76): Abort trap signal
Image              PC                Routine            Line        Source             
libpthread-2.28.s  000014CBCBCA9CF0  Unknown               Unknown  Unknown
libc-2.28.so       000014CBCB4D2AFF  gsignal               Unknown  Unknown
libc-2.28.so       000014CBCB4A5EA5  abort                 Unknown  Unknown
libucs.so.0.0.0    000014C786D05D46  Unknown               Unknown  Unknown
libucs.so.0.0.0    000014C786D0A6A4  ucs_log_default_h     Unknown  Unknown
libucs.so.0.0.0    000014C786D0A9C4  ucs_log_dispatch      Unknown  Unknown
libuct_ib.so.0.0.  000014C7868644FA  uct_ib_mlx5_compl     Unknown  Unknown
libuct_ib.so.0.0.  000014C78688D68B  uct_dc_mlx5_ep_ha     Unknown  Unknown
libuct_ib.so.0.0.  000014C786865F9D  uct_ib_mlx5_check     Unknown  Unknown
libuct_ib.so.0.0.  000014C78688FC32  Unknown               Unknown  Unknown
libucp.so.0.0.0    000014C7871B681A  ucp_worker_progre     Unknown  Unknown
libmlx-fi.so       000014C78743FDF1  Unknown               Unknown  Unknown
libmlx-fi.so       000014C787458EAD  Unknown               Unknown  Unknown
libmlx-fi.so       000014C78745839B  Unknown               Unknown  Unknown
libmpi.so.12.0.0   000014CBCCA13E40  Unknown               Unknown  Unknown
libmpi.so.12.0.0   000014CBCC5B8715  Unknown               Unknown  Unknown
libmpi.so.12.0.0   000014CBCCB4391F  Unknown               Unknown  Unknown
libmpi.so.12.0.0   000014CBCC9CF4A1  Unknown               Unknown  Unknown
libmpi.so.12.0.0   000014CBCC9CF247  Unknown               Unknown  Unknown
libmpi.so.12.0.0   000014CBCC62D4E4  Unknown               Unknown  Unknown
libmpi.so.12.0.0   000014CBCC471F60  MPI_Neighbor_allt     Unknown  Unknown
libmpifort.so.12.  000014CBCDE796E5  pmpi_neighbor_all     Unknown  Unknown
regcmMPICLM45      0000000000F0F1CE  Unknown               Unknown  Unknown
regcmMPICLM45      00000000007D2157  Unknown               Unknown  Unknown
regcmMPICLM45      00000000007B7D40  Unknown               Unknown  Unknown
regcmMPICLM45      00000000007EC1AE  Unknown               Unknown  Unknown
regcmMPICLM45      000000000041534D  Unknown               Unknown  Unknown
libc-2.28.so       000014CBCB4BED85  __libc_start_main     Unknown  Unknown
regcmMPICLM45      000000000041526E  Unknown               Unknown  Unknown
forrtl: error (76): Abort trap signal
Image              PC                Routine            Line        Source             
libpthread-2.28.s  000014FEDF851CF0  Unknown               Unknown  Unknown
libc-2.28.so       000014FEDF07AAFF  gsignal               Unknown  Unknown
libc-2.28.so       000014FEDF04DEA5  abort                 Unknown  Unknown
libucs.so.0.0.0    000014FA9A8ADD46  Unknown               Unknown  Unknown
libucs.so.0.0.0    000014FA9A8B26A4  ucs_log_default_h     Unknown  Unknown
libucs.so.0.0.0    000014FA9A8B29C4  ucs_log_dispatch      Unknown  Unknown
libuct_ib.so.0.0.  000014FA9A40C4FA  uct_ib_mlx5_compl     Unknown  Unknown
libuct_ib.so.0.0.  000014FA9A43568B  uct_dc_mlx5_ep_ha     Unknown  Unknown
libuct_ib.so.0.0.  000014FA9A40DF9D  uct_ib_mlx5_check     Unknown  Unknown
libuct_ib.so.0.0.  000014FA9A437C32  Unknown               Unknown  Unknown
libucp.so.0.0.0    000014FA9AD5E81A  ucp_worker_progre     Unknown  Unknown
libmlx-fi.so       000014FA9AFE7DF1  Unknown               Unknown  Unknown
libmlx-fi.so       000014FA9B000EAD  Unknown               Unknown  Unknown
libmlx-fi.so       000014FA9B00039B  Unknown               Unknown  Unknown
libmpi.so.12.0.0   000014FEE05BBE40  Unknown               Unknown  Unknown
libmpi.so.12.0.0   000014FEE0160715  Unknown               Unknown  Unknown
libmpi.so.12.0.0   000014FEE06EB91F  Unknown               Unknown  Unknown
libmpi.so.12.0.0   000014FEE05774A1  Unknown               Unknown  Unknown
libmpi.so.12.0.0   000014FEE0577247  Unknown               Unknown  Unknown
libmpi.so.12.0.0   000014FEE01D54E4  Unknown               Unknown  Unknown
libmpi.so.12.0.0   000014FEE0019F60  MPI_Neighbor_allt     Unknown  Unknown
libmpifort.so.12.  000014FEE1A216E5  pmpi_neighbor_all     Unknown  Unknown
regcmMPICLM45      0000000000F0F1CE  Unknown               Unknown  Unknown
regcmMPICLM45      00000000007D2157  Unknown               Unknown  Unknown
regcmMPICLM45      00000000007B7D40  Unknown               Unknown  Unknown
regcmMPICLM45      00000000007EC1AE  Unknown               Unknown  Unknown
regcmMPICLM45      000000000041534D  Unknown               Unknown  Unknown
libc-2.28.so       000014FEDF066D85  __libc_start_main     Unknown  Unknown
regcmMPICLM45      000000000041526E  Unknown               Unknown  Unknown
forrtl: error (76): Abort trap signal
Image              PC                Routine            Line        Source             
libpthread-2.28.s  0000146A269D1CF0  Unknown               Unknown  Unknown
libc-2.28.so       0000146A261FAAFF  gsignal               Unknown  Unknown
libc-2.28.so       0000146A261CDEA5  abort                 Unknown  Unknown
libucs.so.0.0.0    00001465E1A2DD46  Unknown               Unknown  Unknown
libucs.so.0.0.0    00001465E1A326A4  ucs_log_default_h     Unknown  Unknown
libucs.so.0.0.0    00001465E1A329C4  ucs_log_dispatch      Unknown  Unknown
libuct_ib.so.0.0.  00001465E158C4FA  uct_ib_mlx5_compl     Unknown  Unknown
libuct_ib.so.0.0.  00001465E15B568B  uct_dc_mlx5_ep_ha     Unknown  Unknown
libuct_ib.so.0.0.  00001465E158DF9D  uct_ib_mlx5_check     Unknown  Unknown
libuct_ib.so.0.0.  00001465E15B7C32  Unknown               Unknown  Unknown
libucp.so.0.0.0    00001465E1EDE81A  ucp_worker_progre     Unknown  Unknown
libmlx-fi.so       00001465E2167DF1  Unknown               Unknown  Unknown
libmlx-fi.so       00001465E2180EAD  Unknown               Unknown  Unknown
libmlx-fi.so       00001465E218039B  Unknown               Unknown  Unknown
libmpi.so.12.0.0   0000146A2773BE40  Unknown               Unknown  Unknown
libmpi.so.12.0.0   0000146A272E0715  Unknown               Unknown  Unknown
libmpi.so.12.0.0   0000146A2786B91F  Unknown               Unknown  Unknown
libmpi.so.12.0.0   0000146A276F74A1  Unknown               Unknown  Unknown
libmpi.so.12.0.0   0000146A276F7247  Unknown               Unknown  Unknown
libmpi.so.12.0.0   0000146A273554E4  Unknown               Unknown  Unknown
libmpi.so.12.0.0   0000146A27199F60  MPI_Neighbor_allt     Unknown  Unknown
libmpifort.so.12.  0000146A28BA16E5  pmpi_neighbor_all     Unknown  Unknown
regcmMPICLM45      0000000000F1168B  Unknown               Unknown  Unknown
regcmMPICLM45      00000000007D1555  Unknown               Unknown  Unknown
regcmMPICLM45      00000000007B7D40  Unknown               Unknown  Unknown
regcmMPICLM45      00000000007EC1AE  Unknown               Unknown  Unknown
regcmMPICLM45      000000000041534D  Unknown               Unknown  Unknown
libc-2.28.so       0000146A261E6D85  __libc_start_main     Unknown  Unknown
regcmMPICLM45      000000000041526E  Unknown               Unknown  Unknown
forrtl: error (76): Abort trap signal
Image              PC                Routine            Line        Source             
libpthread-2.28.s  0000151A121D5CF0  Unknown               Unknown  Unknown
libc-2.28.so       0000151A119FEAFF  gsignal               Unknown  Unknown
libc-2.28.so       0000151A119D1EA5  abort                 Unknown  Unknown
libucs.so.0.0.0    00001515CD231D46  Unknown               Unknown  Unknown
libucs.so.0.0.0    00001515CD2366A4  ucs_log_default_h     Unknown  Unknown
libucs.so.0.0.0    00001515CD2369C4  ucs_log_dispatch      Unknown  Unknown
libuct_ib.so.0.0.  00001515CCD904FA  uct_ib_mlx5_compl     Unknown  Unknown
libuct_ib.so.0.0.  00001515CCDB968B  uct_dc_mlx5_ep_ha     Unknown  Unknown
libuct_ib.so.0.0.  00001515CCD91F9D  uct_ib_mlx5_check     Unknown  Unknown
libuct_ib.so.0.0.  00001515CCDBBC32  Unknown               Unknown  Unknown
libucp.so.0.0.0    00001515CD6E281A  ucp_worker_progre     Unknown  Unknown
libmlx-fi.so       00001515CD96BDF1  Unknown               Unknown  Unknown
libmlx-fi.so       00001515CD984EAD  Unknown               Unknown  Unknown
libmlx-fi.so       00001515CD98439B  Unknown               Unknown  Unknown
libmpi.so.12.0.0   0000151A12F3FE40  Unknown               Unknown  Unknown
libmpi.so.12.0.0   0000151A12AE4715  Unknown               Unknown  Unknown
libmpi.so.12.0.0   0000151A1306F91F  Unknown               Unknown  Unknown
libmpi.so.12.0.0   0000151A12EFB4A1  Unknown               Unknown  Unknown
libmpi.so.12.0.0   0000151A12EFB247  Unknown               Unknown  Unknown
libmpi.so.12.0.0   0000151A12B594E4  Unknown               Unknown  Unknown
libmpi.so.12.0.0   0000151A1299DF60  MPI_Neighbor_allt     Unknown  Unknown
libmpifort.so.12.  0000151A143A56E5  pmpi_neighbor_all     Unknown  Unknown
regcmMPICLM45      0000000000F0F1CE  Unknown               Unknown  Unknown
regcmMPICLM45      00000000007D2157  Unknown               Unknown  Unknown
regcmMPICLM45      00000000007B7D40  Unknown               Unknown  Unknown
regcmMPICLM45      00000000007EC1AE  Unknown               Unknown  Unknown
regcmMPICLM45      000000000041534D  Unknown               Unknown  Unknown
libc-2.28.so       0000151A119EAD85  __libc_start_main     Unknown  Unknown
regcmMPICLM45      000000000041526E  Unknown               Unknown  Unknown
forrtl: error (76): Abort trap signal
Image              PC                Routine            Line        Source             
libpthread-2.28.s  000014659108CCF0  Unknown               Unknown  Unknown
libc-2.28.so       00001465908B5AFF  gsignal               Unknown  Unknown
libc-2.28.so       0000146590888EA5  abort                 Unknown  Unknown
libucs.so.0.0.0    000014614C0E8D46  Unknown               Unknown  Unknown
libucs.so.0.0.0    000014614C0ED6A4  ucs_log_default_h     Unknown  Unknown
libucs.so.0.0.0    000014614C0ED9C4  ucs_log_dispatch      Unknown  Unknown
libuct_ib.so.0.0.  000014614BC474FA  uct_ib_mlx5_compl     Unknown  Unknown
libuct_ib.so.0.0.  000014614BC7068B  uct_dc_mlx5_ep_ha     Unknown  Unknown
libuct_ib.so.0.0.  000014614BC48F9D  uct_ib_mlx5_check     Unknown  Unknown
libuct_ib.so.0.0.  000014614BC72C32  Unknown               Unknown  Unknown
libucp.so.0.0.0    000014614C59981A  ucp_worker_progre     Unknown  Unknown
libmlx-fi.so       000014614C822DF1  Unknown               Unknown  Unknown
libmlx-fi.so       000014614C83BEAD  Unknown               Unknown  Unknown
libmlx-fi.so       000014614C83B39B  Unknown               Unknown  Unknown
libmpi.so.12.0.0   0000146591DF6E40  Unknown               Unknown  Unknown
libmpi.so.12.0.0   000014659199B715  Unknown               Unknown  Unknown
libmpi.so.12.0.0   0000146591F2691F  Unknown               Unknown  Unknown
libmpi.so.12.0.0   0000146591DB24A1  Unknown               Unknown  Unknown
libmpi.so.12.0.0   0000146591DB2247  Unknown               Unknown  Unknown
libmpi.so.12.0.0   0000146591A104E4  Unknown               Unknown  Unknown
libmpi.so.12.0.0   0000146591854F60  MPI_Neighbor_allt     Unknown  Unknown
libmpifort.so.12.  000014659325C6E5  pmpi_neighbor_all     Unknown  Unknown
regcmMPICLM45      0000000000F0F1CE  Unknown               Unknown  Unknown
regcmMPICLM45      00000000007D2157  Unknown               Unknown  Unknown
regcmMPICLM45      00000000007B7D40  Unknown               Unknown  Unknown
regcmMPICLM45      00000000007EC1AE  Unknown               Unknown  Unknown
regcmMPICLM45      000000000041534D  Unknown               Unknown  Unknown
libc-2.28.so       00001465908A1D85  __libc_start_main     Unknown  Unknown
regcmMPICLM45      000000000041526E  Unknown               Unknown  Unknown
forrtl: error (76): Abort trap signal
Image              PC                Routine            Line        Source             
libpthread-2.28.s  00001541C7122CF0  Unknown               Unknown  Unknown
libc-2.28.so       00001541C694BAFF  gsignal               Unknown  Unknown
libc-2.28.so       00001541C691EEA5  abort                 Unknown  Unknown
libucs.so.0.0.0    0000153D8217ED46  Unknown               Unknown  Unknown
libucs.so.0.0.0    0000153D821836A4  ucs_log_default_h     Unknown  Unknown
libucs.so.0.0.0    0000153D821839C4  ucs_log_dispatch      Unknown  Unknown
libuct_ib.so.0.0.  0000153D81CDD4FA  uct_ib_mlx5_compl     Unknown  Unknown
libuct_ib.so.0.0.  0000153D81D0668B  uct_dc_mlx5_ep_ha     Unknown  Unknown
libuct_ib.so.0.0.  0000153D81CDEF9D  uct_ib_mlx5_check     Unknown  Unknown
libuct_ib.so.0.0.  0000153D81D08C32  Unknown               Unknown  Unknown
libucp.so.0.0.0    0000153D8262F81A  ucp_worker_progre     Unknown  Unknown
libmlx-fi.so       0000153D828B8DF1  Unknown               Unknown  Unknown
libmlx-fi.so       0000153D828D1EAD  Unknown               Unknown  Unknown
libmlx-fi.so       0000153D828D139B  Unknown               Unknown  Unknown
libmpi.so.12.0.0   00001541C7E8CE40  Unknown               Unknown  Unknown
libmpi.so.12.0.0   00001541C7A31715  Unknown               Unknown  Unknown
libmpi.so.12.0.0   00001541C7FBC91F  Unknown               Unknown  Unknown
libmpi.so.12.0.0   00001541C7E484A1  Unknown               Unknown  Unknown
libmpi.so.12.0.0   00001541C7E48247  Unknown               Unknown  Unknown
libmpi.so.12.0.0   00001541C7AA64E4  Unknown               Unknown  Unknown
libmpi.so.12.0.0   00001541C78EAF60  MPI_Neighbor_allt     Unknown  Unknown
libmpifort.so.12.  00001541C92F26E5  pmpi_neighbor_all     Unknown  Unknown
regcmMPICLM45      0000000000F0F1CE  Unknown               Unknown  Unknown
regcmMPICLM45      00000000007D2157  Unknown               Unknown  Unknown
regcmMPICLM45      00000000007B7D40  Unknown               Unknown  Unknown
regcmMPICLM45      00000000007EC1AE  Unknown               Unknown  Unknown
regcmMPICLM45      000000000041534D  Unknown               Unknown  Unknown
libc-2.28.so       00001541C6937D85  __libc_start_main     Unknown  Unknown
regcmMPICLM45      000000000041526E  Unknown               Unknown  Unknown
forrtl: error (76): Abort trap signal
Image              PC                Routine            Line        Source             
libpthread-2.28.s  000015121CF63CF0  Unknown               Unknown  Unknown
libc-2.28.so       000015121C78CAFF  gsignal               Unknown  Unknown
libc-2.28.so       000015121C75FEA5  abort                 Unknown  Unknown
libucs.so.0.0.0    0000150DD7FBFD46  Unknown               Unknown  Unknown
libucs.so.0.0.0    0000150DD7FC46A4  ucs_log_default_h     Unknown  Unknown
libucs.so.0.0.0    0000150DD7FC49C4  ucs_log_dispatch      Unknown  Unknown
libuct_ib.so.0.0.  0000150DD7B1E4FA  uct_ib_mlx5_compl     Unknown  Unknown
libuct_ib.so.0.0.  0000150DD7B4768B  uct_dc_mlx5_ep_ha     Unknown  Unknown
libuct_ib.so.0.0.  0000150DD7B1FF9D  uct_ib_mlx5_check     Unknown  Unknown
libuct_ib.so.0.0.  0000150DD7B49C32  Unknown               Unknown  Unknown
libucp.so.0.0.0    0000150DD847081A  ucp_worker_progre     Unknown  Unknown
libmlx-fi.so       0000150DD86F9DF1  Unknown               Unknown  Unknown
libmlx-fi.so       0000150DD8712EAD  Unknown               Unknown  Unknown
libmlx-fi.so       0000150DD871239B  Unknown               Unknown  Unknown
libmpi.so.12.0.0   000015121DCCDE40  Unknown               Unknown  Unknown
libmpi.so.12.0.0   000015121D872715  Unknown               Unknown  Unknown
libmpi.so.12.0.0   000015121DDFD91F  Unknown               Unknown  Unknown
libmpi.so.12.0.0   000015121DC894A1  Unknown               Unknown  Unknown
libmpi.so.12.0.0   000015121DC89247  Unknown               Unknown  Unknown
libmpi.so.12.0.0   000015121D8E74E4  Unknown               Unknown  Unknown
libmpi.so.12.0.0   000015121D72BF60  MPI_Neighbor_allt     Unknown  Unknown
libmpifort.so.12.  000015121F1336E5  pmpi_neighbor_all     Unknown  Unknown
regcmMPICLM45      0000000000F1168B  Unknown               Unknown  Unknown
regcmMPICLM45      00000000007D1555  Unknown               Unknown  Unknown
regcmMPICLM45      00000000007B7D40  Unknown               Unknown  Unknown
regcmMPICLM45      00000000007EC1AE  Unknown               Unknown  Unknown
regcmMPICLM45      000000000041534D  Unknown               Unknown  Unknown
libc-2.28.so       000015121C778D85  __libc_start_main     Unknown  Unknown
regcmMPICLM45      000000000041526E  Unknown               Unknown  Unknown
forrtl: error (76): Abort trap signal
Image              PC                Routine            Line        Source             
libpthread-2.28.s  00001532C0654CF0  Unknown               Unknown  Unknown
libc-2.28.so       00001532BFE7DAFF  gsignal               Unknown  Unknown
libc-2.28.so       00001532BFE50EA5  abort                 Unknown  Unknown
libucs.so.0.0.0    0000152E7B6B0D46  Unknown               Unknown  Unknown
libucs.so.0.0.0    0000152E7B6B56A4  ucs_log_default_h     Unknown  Unknown
libucs.so.0.0.0    0000152E7B6B59C4  ucs_log_dispatch      Unknown  Unknown
libuct_ib.so.0.0.  0000152E7B20F4FA  uct_ib_mlx5_compl     Unknown  Unknown
libuct_ib.so.0.0.  0000152E7B23868B  uct_dc_mlx5_ep_ha     Unknown  Unknown
libuct_ib.so.0.0.  0000152E7B210F9D  uct_ib_mlx5_check     Unknown  Unknown
libuct_ib.so.0.0.  0000152E7B23AC32  Unknown               Unknown  Unknown
libucp.so.0.0.0    0000152E7BB6181A  ucp_worker_progre     Unknown  Unknown
libmlx-fi.so       0000152E7BDEADF1  Unknown               Unknown  Unknown
libmlx-fi.so       0000152E7BE03EAD  Unknown               Unknown  Unknown
libmlx-fi.so       0000152E7BE0339B  Unknown               Unknown  Unknown
libmpi.so.12.0.0   00001532C13BEE40  Unknown               Unknown  Unknown
libmpi.so.12.0.0   00001532C0F63715  Unknown               Unknown  Unknown
libmpi.so.12.0.0   00001532C14EE91F  Unknown               Unknown  Unknown
libmpi.so.12.0.0   00001532C137A4A1  Unknown               Unknown  Unknown
libmpi.so.12.0.0   00001532C137A247  Unknown               Unknown  Unknown
libmpi.so.12.0.0   00001532C0FD84E4  Unknown               Unknown  Unknown
libmpi.so.12.0.0   00001532C0E1CF60  MPI_Neighbor_allt     Unknown  Unknown
libmpifort.so.12.  00001532C28246E5  pmpi_neighbor_all     Unknown  Unknown
regcmMPICLM45      0000000000F0F1CE  Unknown               Unknown  Unknown
regcmMPICLM45      00000000007D2157  Unknown               Unknown  Unknown
regcmMPICLM45      00000000007B7D40  Unknown               Unknown  Unknown
regcmMPICLM45      00000000007EC1AE  Unknown               Unknown  Unknown
regcmMPICLM45      000000000041534D  Unknown               Unknown  Unknown
libc-2.28.so       00001532BFE69D85  __libc_start_main     Unknown  Unknown
regcmMPICLM45      000000000041526E  Unknown               Unknown  Unknown
ERROR: Simulation ended abruptly!!!
Unknown ERROR Detected at 2002-06-11 05!
