--------------------------------------------------------------------------
WARNING: Could not generate an xpmem segment id for this process'
address space.

The vader shared memory BTL will fall back on another single-copy
mechanism if one is available. This may result in lower performance.

  Local host: node62
  Error code: 2 (No such file or directory)
--------------------------------------------------------------------------
--------------------------------------------------------------------------
WARNING: There was an error initializing an OpenFabrics device.

  Local host:   node64
  Local device: mlx5_0
--------------------------------------------------------------------------
 NetCDF: HDF error                                                              
  
 NetCDF: HDF error                                                              
  
 Abort called by computing node           64 at 2024-11-06 11:02:23.162 +0100
 Execution terminated because of runtime error
 NetCDF: HDF error                                                              
  
 mod_nchelper.F90 : 
     1190:Error open NetCDF input /home/mda_silv/scratch/EUR-11/icbc//EUR-11_ICB
 C.2000010100.nc:         -101
 Abort called by computing node            0 at 2024-11-06 11:02:23.165 +0100
 Execution terminated because of runtime error
 NetCDF: HDF error                                                              
  
 Abort called by computing node           66 at 2024-11-06 11:02:23.162 +0100
 Execution terminated because of runtime error
 NetCDF: HDF error                                                              
  
 Abort called by computing node           69 at 2024-11-06 11:02:23.162 +0100
 Execution terminated because of runtime error
 NetCDF: HDF error                                                              
  
 NetCDF: HDF error                                                              
  
 NetCDF: HDF error                                                              
  
 NetCDF: HDF error                                                              
  
 NetCDF: HDF error                                                              
  
 NetCDF: HDF error                                                              
  
 Abort called by computing node           72 at 2024-11-06 11:02:23.162 +0100
 Execution terminated because of runtime error
 NetCDF: HDF error                                                              
  
 NetCDF: HDF error                                                              
  
 NetCDF: HDF error                                                              
  
 Abort called by computing node            2 at 2024-11-06 11:02:23.166 +0100
 Execution terminated because of runtime error
 NetCDF: HDF error                                                              
  
 Abort called by computing node            3 at 2024-11-06 11:02:23.166 +0100
 Execution terminated because of runtime error
 NetCDF: HDF error                                                              
  
 Abort called by computing node            4 at 2024-11-06 11:02:23.166 +0100
 Execution terminated because of runtime error
 NetCDF: HDF error                                                              
  
 Abort called by computing node            5 at 2024-11-06 11:02:23.166 +0100
 Execution terminated because of runtime error
 NetCDF: HDF error                                                              
  
 Abort called by computing node            6 at 2024-11-06 11:02:23.166 +0100
 Execution terminated because of runtime error
 NetCDF: HDF error                                                              
  
 Abort called by computing node            7 at 2024-11-06 11:02:23.166 +0100
 NetCDF: HDF error                                                              
  
 Abort called by computing node            9 at 2024-11-06 11:02:23.166 +0100
 Execution terminated because of runtime error
 NetCDF: HDF error                                                              
  
 Abort called by computing node           10 at 2024-11-06 11:02:23.166 +0100
 Execution terminated because of runtime error
 NetCDF: HDF error                                                              
  
 Abort called by computing node           11 at 2024-11-06 11:02:23.166 +0100
 Execution terminated because of runtime error
 NetCDF: HDF error                                                              
  
 Abort called by computing node           12 at 2024-11-06 11:02:23.166 +0100
 Execution terminated because of runtime error
 NetCDF: HDF error                                                              
  
 Abort called by computing node           14 at 2024-11-06 11:02:23.166 +0100
 Execution terminated because of runtime error
 NetCDF: HDF error                                                              
  
 Abort called by computing node           15 at 2024-11-06 11:02:23.166 +0100
 Execution terminated because of runtime error
 NetCDF: HDF error                                                              
  
 Abort called by computing node           74 at 2024-11-06 11:02:23.162 +0100
 Execution terminated because of runtime error
 Abort called by computing node           18 at 2024-11-06 11:02:23.166 +0100
 Execution terminated because of runtime error
 Abort called by computing node           19 at 2024-11-06 11:02:23.166 +0100
 Execution terminated because of runtime error
 Abort called by computing node            1 at 2024-11-06 11:02:23.166 +0100
 Execution terminated because of runtime error
 Execution terminated because of runtime error
 Abort called by computing node            8 at 2024-11-06 11:02:23.166 +0100
 Execution terminated because of runtime error
 Abort called by computing node           13 at 2024-11-06 11:02:23.166 +0100
 Execution terminated because of runtime error
 Abort called by computing node           16 at 2024-11-06 11:02:23.166 +0100
 Execution terminated because of runtime error
 Abort called by computing node           17 at 2024-11-06 11:02:23.166 +0100
 Execution terminated because of runtime error
 NetCDF: HDF error                                                              
  
 Abort called by computing node           76 at 2024-11-06 11:02:23.162 +0100
 Execution terminated because of runtime error
 NetCDF: HDF error                                                              
  
 Abort called by computing node           77 at 2024-11-06 11:02:23.162 +0100
 Execution terminated because of runtime error
 NetCDF: HDF error                                                              
  
 Abort called by computing node           78 at 2024-11-06 11:02:23.162 +0100
 Execution terminated because of runtime error
 NetCDF: HDF error                                                              
  
 Abort called by computing node           79 at 2024-11-06 11:02:23.162 +0100
 Execution terminated because of runtime error
 NetCDF: HDF error                                                              
  
 Abort called by computing node           20 at 2024-11-06 11:02:23.162 +0100
 Execution terminated because of runtime error
 NetCDF: HDF error                                                              
  
 Abort called by computing node           60 at 2024-11-06 11:02:23.162 +0100
 Execution terminated because of runtime error
 NetCDF: HDF error                                                              
  
 Abort called by computing node           21 at 2024-11-06 11:02:23.162 +0100
 Execution terminated because of runtime error
 NetCDF: HDF error                                                              
  
 Abort called by computing node           61 at 2024-11-06 11:02:23.162 +0100
 Execution terminated because of runtime error
 NetCDF: HDF error                                                              
  
 Abort called by computing node           22 at 2024-11-06 11:02:23.162 +0100
 Execution terminated because of runtime error
 NetCDF: HDF error                                                              
  
 Abort called by computing node           62 at 2024-11-06 11:02:23.162 +0100
 Execution terminated because of runtime error
 NetCDF: HDF error                                                              
  
 Abort called by computing node           23 at 2024-11-06 11:02:23.162 +0100
 Execution terminated because of runtime error
 Abort called by computing node           63 at 2024-11-06 11:02:23.162 +0100
 Execution terminated because of runtime error
 NetCDF: HDF error                                                              
  
 Abort called by computing node           24 at 2024-11-06 11:02:23.162 +0100
 Execution terminated because of runtime error
 NetCDF: HDF error                                                              
  
 Abort called by computing node           65 at 2024-11-06 11:02:23.162 +0100
 Execution terminated because of runtime error
 NetCDF: HDF error                                                              
  
 Abort called by computing node           25 at 2024-11-06 11:02:23.162 +0100
 Execution terminated because of runtime error
 NetCDF: HDF error                                                              
  
 Abort called by computing node           67 at 2024-11-06 11:02:23.162 +0100
 Execution terminated because of runtime error
 NetCDF: HDF error                                                              
  
 Abort called by computing node           26 at 2024-11-06 11:02:23.162 +0100
 Execution terminated because of runtime error
 NetCDF: HDF error                                                              
  
 Abort called by computing node           68 at 2024-11-06 11:02:23.162 +0100
 Execution terminated because of runtime error
 NetCDF: HDF error                                                              
  
 Abort called by computing node           27 at 2024-11-06 11:02:23.162 +0100
 Execution terminated because of runtime error
 NetCDF: HDF error                                                              
  
 Abort called by computing node           70 at 2024-11-06 11:02:23.162 +0100
 Execution terminated because of runtime error
 NetCDF: HDF error                                                              
  
 Abort called by computing node           28 at 2024-11-06 11:02:23.162 +0100
 Execution terminated because of runtime error
 NetCDF: HDF error                                                              
  
 Abort called by computing node           71 at 2024-11-06 11:02:23.162 +0100
 Execution terminated because of runtime error
 NetCDF: HDF error                                                              
  
 Abort called by computing node           29 at 2024-11-06 11:02:23.162 +0100
 Execution terminated because of runtime error
 NetCDF: HDF error                                                              
  
 Abort called by computing node           73 at 2024-11-06 11:02:23.162 +0100
 Execution terminated because of runtime error
 NetCDF: HDF error                                                              
  
 Abort called by computing node           30 at 2024-11-06 11:02:23.162 +0100
 Execution terminated because of runtime error
 NetCDF: HDF error                                                              
  
 Abort called by computing node           75 at 2024-11-06 11:02:23.162 +0100
 Execution terminated because of runtime error
 NetCDF: HDF error                                                              
  
 Abort called by computing node           31 at 2024-11-06 11:02:23.162 +0100
 Execution terminated because of runtime error
 NetCDF: HDF error                                                              
  
 Abort called by computing node           32 at 2024-11-06 11:02:23.162 +0100
 Execution terminated because of runtime error
 NetCDF: HDF error                                                              
  
 Abort called by computing node           33 at 2024-11-06 11:02:23.162 +0100
 Execution terminated because of runtime error
 NetCDF: HDF error                                                              
  
 Abort called by computing node           34 at 2024-11-06 11:02:23.162 +0100
 Execution terminated because of runtime error
 NetCDF: HDF error                                                              
  
 Abort called by computing node           35 at 2024-11-06 11:02:23.162 +0100
 Execution terminated because of runtime error
 NetCDF: HDF error                                                              
  
 Abort called by computing node           36 at 2024-11-06 11:02:23.162 +0100
 Execution terminated because of runtime error
 NetCDF: HDF error                                                              
  
 Abort called by computing node           37 at 2024-11-06 11:02:23.162 +0100
 Execution terminated because of runtime error
 NetCDF: HDF error                                                              
  
 Abort called by computing node           38 at 2024-11-06 11:02:23.162 +0100
 Execution terminated because of runtime error
 NetCDF: HDF error                                                              
  
 Abort called by computing node           39 at 2024-11-06 11:02:23.162 +0100
 Execution terminated because of runtime error
--------------------------------------------------------------------------
MPI_ABORT was invoked on rank 6 in communicator MPI COMMUNICATOR 3 DUP FROM 0
with errorcode 1.

NOTE: invoking MPI_ABORT causes Open MPI to kill all MPI processes.
You may or may not see output from other processes, depending on
exactly when Open MPI kills them.
--------------------------------------------------------------------------
 NetCDF: HDF error                                                              
  
 NetCDF: HDF error                                                              
  
 Abort called by computing node           41 at 2024-11-06 11:02:23.163 +0100
 Execution terminated because of runtime error
 NetCDF: HDF error                                                              
  
 Abort called by computing node           42 at 2024-11-06 11:02:23.163 +0100
 Execution terminated because of runtime error
 NetCDF: HDF error                                                              
  
 NetCDF: HDF error                                                              
  
 Abort called by computing node           44 at 2024-11-06 11:02:23.163 +0100
 Execution terminated because of runtime error
 NetCDF: HDF error                                                              
  
 Abort called by computing node           45 at 2024-11-06 11:02:23.163 +0100
 Execution terminated because of runtime error
 NetCDF: HDF error                                                              
  
 Abort called by computing node           46 at 2024-11-06 11:02:23.163 +0100
 Execution terminated because of runtime error
 NetCDF: HDF error                                                              
  
 Abort called by computing node           47 at 2024-11-06 11:02:23.163 +0100
 Execution terminated because of runtime error
 NetCDF: HDF error                                                              
  
 Abort called by computing node           48 at 2024-11-06 11:02:23.163 +0100
 Execution terminated because of runtime error
 NetCDF: HDF error                                                              
  
 Abort called by computing node           49 at 2024-11-06 11:02:23.163 +0100
 Execution terminated because of runtime error
 NetCDF: HDF error                                                              
  
 Abort called by computing node           50 at 2024-11-06 11:02:23.163 +0100
 Execution terminated because of runtime error
 NetCDF: HDF error                                                              
  
 Abort called by computing node           51 at 2024-11-06 11:02:23.163 +0100
 Execution terminated because of runtime error
 NetCDF: HDF error                                                              
  
 Abort called by computing node           52 at 2024-11-06 11:02:23.163 +0100
 Execution terminated because of runtime error
 NetCDF: HDF error                                                              
  
 Abort called by computing node           53 at 2024-11-06 11:02:23.163 +0100
 Execution terminated because of runtime error
 NetCDF: HDF error                                                              
  
 Abort called by computing node           54 at 2024-11-06 11:02:23.163 +0100
 Execution terminated because of runtime error
 NetCDF: HDF error                                                              
  
 Abort called by computing node           55 at 2024-11-06 11:02:23.163 +0100
 Execution terminated because of runtime error
 NetCDF: HDF error                                                              
  
 Abort called by computing node           56 at 2024-11-06 11:02:23.163 +0100
 Execution terminated because of runtime error
 NetCDF: HDF error                                                              
  
 Abort called by computing node           57 at 2024-11-06 11:02:23.163 +0100
 Execution terminated because of runtime error
 NetCDF: HDF error                                                              
  
 Abort called by computing node           58 at 2024-11-06 11:02:23.163 +0100
 Execution terminated because of runtime error
 NetCDF: HDF error                                                              
  
 Abort called by computing node           59 at 2024-11-06 11:02:23.163 +0100
 Execution terminated because of runtime error
 Abort called by computing node           40 at 2024-11-06 11:02:23.163 +0100
 Execution terminated because of runtime error
 Abort called by computing node           43 at 2024-11-06 11:02:23.163 +0100
 Execution terminated because of runtime error
[node62:02808] PMIX ERROR: UNREACHABLE in file server/pmix_server.c at line 2198
[node62:02808] PMIX ERROR: UNREACHABLE in file server/pmix_server.c at line 2198
[node62:02808] PMIX ERROR: UNREACHABLE in file server/pmix_server.c at line 2198
[node62:02808] PMIX ERROR: UNREACHABLE in file server/pmix_server.c at line 2198
[node62:02808] PMIX ERROR: UNREACHABLE in file server/pmix_server.c at line 2198
[node62:02808] PMIX ERROR: UNREACHABLE in file server/pmix_server.c at line 2198
[node62:02808] PMIX ERROR: UNREACHABLE in file server/pmix_server.c at line 2198
[node62:02808] PMIX ERROR: UNREACHABLE in file server/pmix_server.c at line 2198
[node62:02808] PMIX ERROR: UNREACHABLE in file server/pmix_server.c at line 2198
[node62:02808] PMIX ERROR: UNREACHABLE in file server/pmix_server.c at line 2198
[node62:02808] PMIX ERROR: UNREACHABLE in file server/pmix_server.c at line 2198
[node62:02808] PMIX ERROR: UNREACHABLE in file server/pmix_server.c at line 2198
[node62:02808] PMIX ERROR: UNREACHABLE in file server/pmix_server.c at line 2198
[node62:02808] PMIX ERROR: UNREACHABLE in file server/pmix_server.c at line 2198
[node62:02808] PMIX ERROR: UNREACHABLE in file server/pmix_server.c at line 2198
forrtl: error (78): process killed (SIGTERM)
Image              PC                Routine            Line        Source             
regcmMPICLM45      00000000013B9B9F  for__signal_handl     Unknown  Unknown
libpthread-2.17.s  00002ADF6FCA3630  Unknown               Unknown  Unknown
libpthread-2.17.s  00002ADF6FCA2E9D  __nanosleep           Unknown  Unknown
libopen-rte.so.40  00002ADF72E8BA3A  orte_show_help_no     Unknown  Unknown
libopen-rte.so.40  00002ADF72E8BD7C  orte_show_help        Unknown  Unknown
libmpi.so.40.30.4  00002ADF6F7E857C  MPI_Abort             Unknown  Unknown
libmpi_mpifh.so.4  00002ADF6F7642FE  mpi_abort             Unknown  Unknown
regcmMPICLM45      0000000000821857  Unknown               Unknown  Unknown
regcmMPICLM45      00000000012444A5  Unknown               Unknown  Unknown
regcmMPICLM45      000000000127B0E0  Unknown               Unknown  Unknown
regcmMPICLM45      00000000012796FA  Unknown               Unknown  Unknown
regcmMPICLM45      00000000004BAE2F  Unknown               Unknown  Unknown
regcmMPICLM45      0000000000590FF7  Unknown               Unknown  Unknown
regcmMPICLM45      00000000004128AE  Unknown               Unknown  Unknown
regcmMPICLM45      00000000008A00A6  Unknown               Unknown  Unknown
regcmMPICLM45      000000000041204E  Unknown               Unknown  Unknown
libc-2.17.so       00002ADF6FED2555  __libc_start_main     Unknown  Unknown
regcmMPICLM45      0000000000411F69  Unknown               Unknown  Unknown
forrtl: error (78): process killed (SIGTERM)
Image              PC                Routine            Line        Source             
regcmMPICLM45      00000000013B9B9F  for__signal_handl     Unknown  Unknown
libpthread-2.17.s  00002B5FFE94E630  Unknown               Unknown  Unknown
libpthread-2.17.s  00002B5FFE94AA35  pthread_cond_wait     Unknown  Unknown
mca_pmix_pmix3x.s  00002B6002371C8D  PMIx_Abort            Unknown  Unknown
mca_pmix_pmix3x.s  00002B600233BF88  pmix3x_abort          Unknown  Unknown
mca_ess_pmi.so     00002B6002106446  Unknown               Unknown  Unknown
libopen-rte.so.40  00002B6001B63186  orte_errmgr_base_     Unknown  Unknown
mca_errmgr_defaul  00002B6002EFE44B  Unknown               Unknown  Unknown
libmpi.so.40.30.4  00002B5FFE48140E  ompi_mpi_abort        Unknown  Unknown
libmpi_mpifh.so.4  00002B5FFE40F2FE  mpi_abort             Unknown  Unknown
regcmMPICLM45      0000000000821857  Unknown               Unknown  Unknown
regcmMPICLM45      00000000012444A5  Unknown               Unknown  Unknown
regcmMPICLM45      000000000127B0E0  Unknown               Unknown  Unknown
regcmMPICLM45      00000000012796FA  Unknown               Unknown  Unknown
regcmMPICLM45      00000000004BAE2F  Unknown               Unknown  Unknown
regcmMPICLM45      0000000000590FF7  Unknown               Unknown  Unknown
regcmMPICLM45      00000000004128AE  Unknown               Unknown  Unknown
regcmMPICLM45      00000000008A00A6  Unknown               Unknown  Unknown
regcmMPICLM45      000000000041204E  Unknown               Unknown  Unknown
libc-2.17.so       00002B5FFEB7D555  __libc_start_main     Unknown  Unknown
regcmMPICLM45      0000000000411F69  Unknown               Unknown  Unknown
forrtl: error (78): process killed (SIGTERM)
Image              PC                Routine            Line        Source             
regcmMPICLM45      00000000013B9B9F  for__signal_handl     Unknown  Unknown
libpthread-2.17.s  00002AE899D39630  Unknown               Unknown  Unknown
libpthread-2.17.s  00002AE899D38E9D  __nanosleep           Unknown  Unknown
libopen-rte.so.40  00002AE89CF21A3A  orte_show_help_no     Unknown  Unknown
libopen-rte.so.40  00002AE89CF21D7C  orte_show_help        Unknown  Unknown
libmpi.so.40.30.4  00002AE89987E57C  MPI_Abort             Unknown  Unknown
libmpi_mpifh.so.4  00002AE8997FA2FE  mpi_abort             Unknown  Unknown
regcmMPICLM45      0000000000821857  Unknown               Unknown  Unknown
regcmMPICLM45      00000000012444A5  Unknown               Unknown  Unknown
regcmMPICLM45      000000000127B0E0  Unknown               Unknown  Unknown
regcmMPICLM45      00000000012796FA  Unknown               Unknown  Unknown
regcmMPICLM45      00000000004BAE2F  Unknown               Unknown  Unknown
regcmMPICLM45      0000000000590FF7  Unknown               Unknown  Unknown
regcmMPICLM45      00000000004128AE  Unknown               Unknown  Unknown
regcmMPICLM45      00000000008A00A6  Unknown               Unknown  Unknown
regcmMPICLM45      000000000041204E  Unknown               Unknown  Unknown
libc-2.17.so       00002AE899F68555  __libc_start_main     Unknown  Unknown
regcmMPICLM45      0000000000411F69  Unknown               Unknown  Unknown
forrtl: error (78): process killed (SIGTERM)
Image              PC                Routine            Line        Source             
regcmMPICLM45      00000000013B9B9F  for__signal_handl     Unknown  Unknown
libpthread-2.17.s  00002B527EF9B630  Unknown               Unknown  Unknown
libpthread-2.17.s  00002B527EF97A35  pthread_cond_wait     Unknown  Unknown
mca_pmix_pmix3x.s  00002B52829BEC8D  PMIx_Abort            Unknown  Unknown
mca_pmix_pmix3x.s  00002B5282988F88  pmix3x_abort          Unknown  Unknown
mca_ess_pmi.so     00002B5282753446  Unknown               Unknown  Unknown
libopen-rte.so.40  00002B52821B0186  orte_errmgr_base_     Unknown  Unknown
mca_errmgr_defaul  00002B528354B44B  Unknown               Unknown  Unknown
libmpi.so.40.30.4  00002B527EACE40E  ompi_mpi_abort        Unknown  Unknown
libmpi_mpifh.so.4  00002B527EA5C2FE  mpi_abort             Unknown  Unknown
regcmMPICLM45      0000000000821857  Unknown               Unknown  Unknown
regcmMPICLM45      00000000012444A5  Unknown               Unknown  Unknown
regcmMPICLM45      000000000127B0E0  Unknown               Unknown  Unknown
regcmMPICLM45      00000000012796FA  Unknown               Unknown  Unknown
regcmMPICLM45      00000000004BAE2F  Unknown               Unknown  Unknown
regcmMPICLM45      0000000000590FF7  Unknown               Unknown  Unknown
regcmMPICLM45      00000000004128AE  Unknown               Unknown  Unknown
regcmMPICLM45      00000000008A00A6  Unknown               Unknown  Unknown
regcmMPICLM45      000000000041204E  Unknown               Unknown  Unknown
libc-2.17.so       00002B527F1CA555  __libc_start_main     Unknown  Unknown
regcmMPICLM45      0000000000411F69  Unknown               Unknown  Unknown
forrtl: error (78): process killed (SIGTERM)
Image              PC                Routine            Line        Source             
regcmMPICLM45      00000000013B9B9F  for__signal_handl     Unknown  Unknown
libpthread-2.17.s  00002B6266D54630  Unknown               Unknown  Unknown
libpthread-2.17.s  00002B6266D50A35  pthread_cond_wait     Unknown  Unknown
mca_pmix_pmix3x.s  00002B626A777C8D  PMIx_Abort            Unknown  Unknown
mca_pmix_pmix3x.s  00002B626A741F88  pmix3x_abort          Unknown  Unknown
mca_ess_pmi.so     00002B626A50C446  Unknown               Unknown  Unknown
libopen-rte.so.40  00002B6269F69186  orte_errmgr_base_     Unknown  Unknown
mca_errmgr_defaul  00002B626B30444B  Unknown               Unknown  Unknown
libmpi.so.40.30.4  00002B626688740E  ompi_mpi_abort        Unknown  Unknown
libmpi_mpifh.so.4  00002B62668152FE  mpi_abort             Unknown  Unknown
regcmMPICLM45      0000000000821857  Unknown               Unknown  Unknown
regcmMPICLM45      00000000012444A5  Unknown               Unknown  Unknown
regcmMPICLM45      000000000127B0E0  Unknown               Unknown  Unknown
regcmMPICLM45      00000000012796FA  Unknown               Unknown  Unknown
regcmMPICLM45      00000000004BAE2F  Unknown               Unknown  Unknown
regcmMPICLM45      0000000000590FF7  Unknown               Unknown  Unknown
regcmMPICLM45      00000000004128AE  Unknown               Unknown  Unknown
regcmMPICLM45      00000000008A00A6  Unknown               Unknown  Unknown
regcmMPICLM45      000000000041204E  Unknown               Unknown  Unknown
libc-2.17.so       00002B6266F83555  __libc_start_main     Unknown  Unknown
regcmMPICLM45      0000000000411F69  Unknown               Unknown  Unknown
forrtl: error (78): process killed (SIGTERM)
Image              PC                Routine            Line        Source             
regcmMPICLM45      00000000013B9B9F  for__signal_handl     Unknown  Unknown
libpthread-2.17.s  00002AFE13913630  Unknown               Unknown  Unknown
libpthread-2.17.s  00002AFE13912E9D  __nanosleep           Unknown  Unknown
libopen-rte.so.40  00002AFE16AFBA3A  orte_show_help_no     Unknown  Unknown
libopen-rte.so.40  00002AFE16AFBD7C  orte_show_help        Unknown  Unknown
libmpi.so.40.30.4  00002AFE1345857C  MPI_Abort             Unknown  Unknown
libmpi_mpifh.so.4  00002AFE133D42FE  mpi_abort             Unknown  Unknown
regcmMPICLM45      0000000000821857  Unknown               Unknown  Unknown
regcmMPICLM45      00000000012444A5  Unknown               Unknown  Unknown
regcmMPICLM45      000000000127B0E0  Unknown               Unknown  Unknown
regcmMPICLM45      00000000012796FA  Unknown               Unknown  Unknown
regcmMPICLM45      00000000004BAE2F  Unknown               Unknown  Unknown
regcmMPICLM45      0000000000590FF7  Unknown               Unknown  Unknown
regcmMPICLM45      00000000004128AE  Unknown               Unknown  Unknown
regcmMPICLM45      00000000008A00A6  Unknown               Unknown  Unknown
regcmMPICLM45      000000000041204E  Unknown               Unknown  Unknown
libc-2.17.so       00002AFE13B42555  __libc_start_main     Unknown  Unknown
regcmMPICLM45      0000000000411F69  Unknown               Unknown  Unknown
forrtl: error (78): process killed (SIGTERM)
Image              PC                Routine            Line        Source             
regcmMPICLM45      00000000013B9B9F  for__signal_handl     Unknown  Unknown
libpthread-2.17.s  00002B24FF5E9630  Unknown               Unknown  Unknown
libpthread-2.17.s  00002B24FF5E5A35  pthread_cond_wait     Unknown  Unknown
mca_pmix_pmix3x.s  00002B250300CC8D  PMIx_Abort            Unknown  Unknown
mca_pmix_pmix3x.s  00002B2502FD6F88  pmix3x_abort          Unknown  Unknown
mca_ess_pmi.so     00002B2502DA1446  Unknown               Unknown  Unknown
libopen-rte.so.40  00002B25027FE186  orte_errmgr_base_     Unknown  Unknown
mca_errmgr_defaul  00002B2503B9944B  Unknown               Unknown  Unknown
libmpi.so.40.30.4  00002B24FF11C40E  ompi_mpi_abort        Unknown  Unknown
libmpi_mpifh.so.4  00002B24FF0AA2FE  mpi_abort             Unknown  Unknown
regcmMPICLM45      0000000000821857  Unknown               Unknown  Unknown
regcmMPICLM45      00000000012444A5  Unknown               Unknown  Unknown
regcmMPICLM45      000000000127B0E0  Unknown               Unknown  Unknown
regcmMPICLM45      00000000012796FA  Unknown               Unknown  Unknown
regcmMPICLM45      00000000004BAE2F  Unknown               Unknown  Unknown
regcmMPICLM45      0000000000590FF7  Unknown               Unknown  Unknown
regcmMPICLM45      00000000004128AE  Unknown               Unknown  Unknown
regcmMPICLM45      00000000008A00A6  Unknown               Unknown  Unknown
regcmMPICLM45      000000000041204E  Unknown               Unknown  Unknown
libc-2.17.so       00002B24FF818555  __libc_start_main     Unknown  Unknown
regcmMPICLM45      0000000000411F69  Unknown               Unknown  Unknown
forrtl: error (78): process killed (SIGTERM)
Image              PC                Routine            Line        Source             
regcmMPICLM45      00000000013B9B9F  for__signal_handl     Unknown  Unknown
libpthread-2.17.s  00002AFF4D219630  Unknown               Unknown  Unknown
libpthread-2.17.s  00002AFF4D218E9D  __nanosleep           Unknown  Unknown
libopen-rte.so.40  00002AFF50401A3A  orte_show_help_no     Unknown  Unknown
libopen-rte.so.40  00002AFF50401D7C  orte_show_help        Unknown  Unknown
libmpi.so.40.30.4  00002AFF4CD5E57C  MPI_Abort             Unknown  Unknown
libmpi_mpifh.so.4  00002AFF4CCDA2FE  mpi_abort             Unknown  Unknown
regcmMPICLM45      0000000000821857  Unknown               Unknown  Unknown
regcmMPICLM45      00000000012444A5  Unknown               Unknown  Unknown
regcmMPICLM45      000000000127B0E0  Unknown               Unknown  Unknown
regcmMPICLM45      00000000012796FA  Unknown               Unknown  Unknown
regcmMPICLM45      00000000004BAE2F  Unknown               Unknown  Unknown
regcmMPICLM45      0000000000590FF7  Unknown               Unknown  Unknown
regcmMPICLM45      00000000004128AE  Unknown               Unknown  Unknown
regcmMPICLM45      00000000008A00A6  Unknown               Unknown  Unknown
regcmMPICLM45      000000000041204E  Unknown               Unknown  Unknown
libc-2.17.so       00002AFF4D448555  __libc_start_main     Unknown  Unknown
regcmMPICLM45      0000000000411F69  Unknown               Unknown  Unknown
forrtl: error (78): process killed (SIGTERM)
Image              PC                Routine            Line        Source             
regcmMPICLM45      00000000013B9B9F  for__signal_handl     Unknown  Unknown
libpthread-2.17.s  00002B0F74AE7630  Unknown               Unknown  Unknown
libpthread-2.17.s  00002B0F74AE6E9D  __nanosleep           Unknown  Unknown
libopen-rte.so.40  00002B0F77CCFA3A  orte_show_help_no     Unknown  Unknown
libopen-rte.so.40  00002B0F77CCFD7C  orte_show_help        Unknown  Unknown
libmpi.so.40.30.4  00002B0F7462C57C  MPI_Abort             Unknown  Unknown
libmpi_mpifh.so.4  00002B0F745A82FE  mpi_abort             Unknown  Unknown
regcmMPICLM45      0000000000821857  Unknown               Unknown  Unknown
regcmMPICLM45      00000000012444A5  Unknown               Unknown  Unknown
regcmMPICLM45      000000000127B0E0  Unknown               Unknown  Unknown
regcmMPICLM45      00000000012796FA  Unknown               Unknown  Unknown
regcmMPICLM45      00000000004BAE2F  Unknown               Unknown  Unknown
regcmMPICLM45      0000000000590FF7  Unknown               Unknown  Unknown
regcmMPICLM45      00000000004128AE  Unknown               Unknown  Unknown
regcmMPICLM45      00000000008A00A6  Unknown               Unknown  Unknown
regcmMPICLM45      000000000041204E  Unknown               Unknown  Unknown
libc-2.17.so       00002B0F74D16555  __libc_start_main     Unknown  Unknown
regcmMPICLM45      0000000000411F69  Unknown               Unknown  Unknown
forrtl: error (78): process killed (SIGTERM)
Image              PC                Routine            Line        Source             
regcmMPICLM45      00000000013B9B9F  for__signal_handl     Unknown  Unknown
libpthread-2.17.s  00002ACBA0B03630  Unknown               Unknown  Unknown
libpthread-2.17.s  00002ACBA0AFFA35  pthread_cond_wait     Unknown  Unknown
mca_pmix_pmix3x.s  00002ACBA4526C8D  PMIx_Abort            Unknown  Unknown
mca_pmix_pmix3x.s  00002ACBA44F0F88  pmix3x_abort          Unknown  Unknown
mca_ess_pmi.so     00002ACBA42BB446  Unknown               Unknown  Unknown
libopen-rte.so.40  00002ACBA3D18186  orte_errmgr_base_     Unknown  Unknown
mca_errmgr_defaul  00002ACBA50B344B  Unknown               Unknown  Unknown
libmpi.so.40.30.4  00002ACBA063640E  ompi_mpi_abort        Unknown  Unknown
libmpi_mpifh.so.4  00002ACBA05C42FE  mpi_abort             Unknown  Unknown
regcmMPICLM45      0000000000821857  Unknown               Unknown  Unknown
regcmMPICLM45      00000000012444A5  Unknown               Unknown  Unknown
regcmMPICLM45      000000000127B0E0  Unknown               Unknown  Unknown
regcmMPICLM45      00000000012796FA  Unknown               Unknown  Unknown
regcmMPICLM45      00000000004BAE2F  Unknown               Unknown  Unknown
regcmMPICLM45      0000000000590FF7  Unknown               Unknown  Unknown
regcmMPICLM45      00000000004128AE  Unknown               Unknown  Unknown
regcmMPICLM45      00000000008A00A6  Unknown               Unknown  Unknown
regcmMPICLM45      000000000041204E  Unknown               Unknown  Unknown
libc-2.17.so       00002ACBA0D32555  __libc_start_main     Unknown  Unknown
regcmMPICLM45      0000000000411F69  Unknown               Unknown  Unknown
forrtl: error (78): process killed (SIGTERM)
Image              PC                Routine            Line        Source             
regcmMPICLM45      00000000013B9B9F  for__signal_handl     Unknown  Unknown
libpthread-2.17.s  00002B5D572DD630  Unknown               Unknown  Unknown
libpthread-2.17.s  00002B5D572DCE9D  __nanosleep           Unknown  Unknown
libopen-rte.so.40  00002B5D5A4C5A3A  orte_show_help_no     Unknown  Unknown
libopen-rte.so.40  00002B5D5A4C5D7C  orte_show_help        Unknown  Unknown
libmpi.so.40.30.4  00002B5D56E2257C  MPI_Abort             Unknown  Unknown
libmpi_mpifh.so.4  00002B5D56D9E2FE  mpi_abort             Unknown  Unknown
regcmMPICLM45      0000000000821857  Unknown               Unknown  Unknown
regcmMPICLM45      00000000012444A5  Unknown               Unknown  Unknown
regcmMPICLM45      000000000127B0E0  Unknown               Unknown  Unknown
regcmMPICLM45      00000000012796FA  Unknown               Unknown  Unknown
regcmMPICLM45      00000000004BAE2F  Unknown               Unknown  Unknown
regcmMPICLM45      0000000000590FF7  Unknown               Unknown  Unknown
regcmMPICLM45      00000000004128AE  Unknown               Unknown  Unknown
regcmMPICLM45      00000000008A00A6  Unknown               Unknown  Unknown
regcmMPICLM45      000000000041204E  Unknown               Unknown  Unknown
libc-2.17.so       00002B5D5750C555  __libc_start_main     Unknown  Unknown
regcmMPICLM45      0000000000411F69  Unknown               Unknown  Unknown
forrtl: error (78): process killed (SIGTERM)
Image              PC                Routine            Line        Source             
regcmMPICLM45      00000000013B9B9F  for__signal_handl     Unknown  Unknown
libpthread-2.17.s  00002AE3EF276630  Unknown               Unknown  Unknown
libpthread-2.17.s  00002AE3EF272A35  pthread_cond_wait     Unknown  Unknown
mca_pmix_pmix3x.s  00002AE3F2C99C8D  PMIx_Abort            Unknown  Unknown
mca_pmix_pmix3x.s  00002AE3F2C63F88  pmix3x_abort          Unknown  Unknown
mca_ess_pmi.so     00002AE3F2A2E446  Unknown               Unknown  Unknown
libopen-rte.so.40  00002AE3F248B186  orte_errmgr_base_     Unknown  Unknown
mca_errmgr_defaul  00002AE3F382644B  Unknown               Unknown  Unknown
libmpi.so.40.30.4  00002AE3EEDA940E  ompi_mpi_abort        Unknown  Unknown
libmpi_mpifh.so.4  00002AE3EED372FE  mpi_abort             Unknown  Unknown
regcmMPICLM45      0000000000821857  Unknown               Unknown  Unknown
regcmMPICLM45      00000000012444A5  Unknown               Unknown  Unknown
regcmMPICLM45      000000000127B0E0  Unknown               Unknown  Unknown
regcmMPICLM45      00000000012796FA  Unknown               Unknown  Unknown
regcmMPICLM45      00000000004BAE2F  Unknown               Unknown  Unknown
regcmMPICLM45      0000000000590FF7  Unknown               Unknown  Unknown
regcmMPICLM45      00000000004128AE  Unknown               Unknown  Unknown
regcmMPICLM45      00000000008A00A6  Unknown               Unknown  Unknown
regcmMPICLM45      000000000041204E  Unknown               Unknown  Unknown
libc-2.17.so       00002AE3EF4A5555  __libc_start_main     Unknown  Unknown
regcmMPICLM45      0000000000411F69  Unknown               Unknown  Unknown
forrtl: error (78): process killed (SIGTERM)
Image              PC                Routine            Line        Source             
regcmMPICLM45      00000000013B9B9F  for__signal_handl     Unknown  Unknown
libpthread-2.17.s  00002AD2B1C71630  Unknown               Unknown  Unknown
libpthread-2.17.s  00002AD2B1C6DA35  pthread_cond_wait     Unknown  Unknown
mca_pmix_pmix3x.s  00002AD2B5694C8D  PMIx_Abort            Unknown  Unknown
mca_pmix_pmix3x.s  00002AD2B565EF88  pmix3x_abort          Unknown  Unknown
mca_ess_pmi.so     00002AD2B5429446  Unknown               Unknown  Unknown
libopen-rte.so.40  00002AD2B4E86186  orte_errmgr_base_     Unknown  Unknown
mca_errmgr_defaul  00002AD2B622144B  Unknown               Unknown  Unknown
libmpi.so.40.30.4  00002AD2B17A440E  ompi_mpi_abort        Unknown  Unknown
libmpi_mpifh.so.4  00002AD2B17322FE  mpi_abort             Unknown  Unknown
regcmMPICLM45      0000000000821857  Unknown               Unknown  Unknown
regcmMPICLM45      00000000012444A5  Unknown               Unknown  Unknown
regcmMPICLM45      000000000127B0E0  Unknown               Unknown  Unknown
regcmMPICLM45      00000000012796FA  Unknown               Unknown  Unknown
regcmMPICLM45      00000000004BAE2F  Unknown               Unknown  Unknown
regcmMPICLM45      0000000000590FF7  Unknown               Unknown  Unknown
regcmMPICLM45      00000000004128AE  Unknown               Unknown  Unknown
regcmMPICLM45      00000000008A00A6  Unknown               Unknown  Unknown
regcmMPICLM45      000000000041204E  Unknown               Unknown  Unknown
libc-2.17.so       00002AD2B1EA0555  __libc_start_main     Unknown  Unknown
regcmMPICLM45      0000000000411F69  Unknown               Unknown  Unknown
forrtl: error (78): process killed (SIGTERM)
Image              PC                Routine            Line        Source             
regcmMPICLM45      00000000013B9B9F  for__signal_handl     Unknown  Unknown
libpthread-2.17.s  00002B7953423630  Unknown               Unknown  Unknown
libpthread-2.17.s  00002B7953422E9D  __nanosleep           Unknown  Unknown
libopen-rte.so.40  00002B795660BA3A  orte_show_help_no     Unknown  Unknown
libopen-rte.so.40  00002B795660BD7C  orte_show_help        Unknown  Unknown
libmpi.so.40.30.4  00002B7952F6857C  MPI_Abort             Unknown  Unknown
libmpi_mpifh.so.4  00002B7952EE42FE  mpi_abort             Unknown  Unknown
regcmMPICLM45      0000000000821857  Unknown               Unknown  Unknown
regcmMPICLM45      00000000012444A5  Unknown               Unknown  Unknown
regcmMPICLM45      000000000127B0E0  Unknown               Unknown  Unknown
regcmMPICLM45      00000000012796FA  Unknown               Unknown  Unknown
regcmMPICLM45      00000000004BAE2F  Unknown               Unknown  Unknown
regcmMPICLM45      0000000000590FF7  Unknown               Unknown  Unknown
regcmMPICLM45      00000000004128AE  Unknown               Unknown  Unknown
regcmMPICLM45      00000000008A00A6  Unknown               Unknown  Unknown
regcmMPICLM45      000000000041204E  Unknown               Unknown  Unknown
libc-2.17.so       00002B7953652555  __libc_start_main     Unknown  Unknown
regcmMPICLM45      0000000000411F69  Unknown               Unknown  Unknown
forrtl: error (78): process killed (SIGTERM)
Image              PC                Routine            Line        Source             
regcmMPICLM45      00000000013B9B9F  for__signal_handl     Unknown  Unknown
libpthread-2.17.s  00002B528EDAA630  Unknown               Unknown  Unknown
libpthread-2.17.s  00002B528EDA6A35  pthread_cond_wait     Unknown  Unknown
mca_pmix_pmix3x.s  00002B52927CDC8D  PMIx_Abort            Unknown  Unknown
mca_pmix_pmix3x.s  00002B5292797F88  pmix3x_abort          Unknown  Unknown
mca_ess_pmi.so     00002B5292562446  Unknown               Unknown  Unknown
libopen-rte.so.40  00002B5291FBF186  orte_errmgr_base_     Unknown  Unknown
mca_errmgr_defaul  00002B529335A44B  Unknown               Unknown  Unknown
libmpi.so.40.30.4  00002B528E8DD40E  ompi_mpi_abort        Unknown  Unknown
libmpi_mpifh.so.4  00002B528E86B2FE  mpi_abort             Unknown  Unknown
regcmMPICLM45      0000000000821857  Unknown               Unknown  Unknown
regcmMPICLM45      00000000012444A5  Unknown               Unknown  Unknown
regcmMPICLM45      000000000127B0E0  Unknown               Unknown  Unknown
regcmMPICLM45      00000000012796FA  Unknown               Unknown  Unknown
regcmMPICLM45      00000000004BAE2F  Unknown               Unknown  Unknown
regcmMPICLM45      0000000000590FF7  Unknown               Unknown  Unknown
regcmMPICLM45      00000000004128AE  Unknown               Unknown  Unknown
regcmMPICLM45      00000000008A00A6  Unknown               Unknown  Unknown
regcmMPICLM45      000000000041204E  Unknown               Unknown  Unknown
libc-2.17.so       00002B528EFD9555  __libc_start_main     Unknown  Unknown
regcmMPICLM45      0000000000411F69  Unknown               Unknown  Unknown
[node62:02808] 79 more processes have sent help message help-btl-vader.txt / xpmem-make-failed
[node62:02808] Set MCA parameter "orte_base_help_aggregate" to 0 to see all help / error messages
[node62:02808] 79 more processes have sent help message help-mpi-btl-openib.txt / error in device init
[node62:02808] 79 more processes have sent help message help-mpi-api.txt / mpi-abort
