WARNING: release_mt library was used but no multi-ep feature was enabled. Please use release library instead.

  This is RegCM development version
   GIT Revision: 5.0.0 compiled at: data : Sep 03 2024  time: 18:38:22

 : this run start at  : 2024-09-06 13:15:48+0200
 : it is submitted by : mdasilva
 : it is running on   : r130c12s03
 : it is using        :          384   processors
 : in directory       : 
 /marconi/home/userexternal/mdasilva/github_projects/shell/ictp/regcm_exp/eur_11
                       
 CPUS DIM1 =           24
 CPUS DIM2 =           16
 
 Reading model namelist file
 Using default non-hydrostatc parameters.
 Initial date of the global simulation:  2000-01-01 00:00:00 UTC        
 Initial date of this run             :  2000-01-01 00:00:00 UTC        
 Final date of this run               :  2002-01-01 00:00:00 UTC        
 Total simulation length              :        17544  hours
 Timestep in seconds =   90.000000
 Reading Domain file : 
 /marconi/home/userexternal/mdasilva/user/mdasilva/EUR-11/icbc//EUR-11_DOMAIN000
 .nc
 Advection timestep =    30.000 (factor  3)
 Max. Courant number for horizontal advection =    0.5203
 Sound waves timestep =     6.000 (factor  5)
 Courant number of horizontal sound waves =    0.2461
 Setting IPCC scenario to SSP585  
 Load GHG for 200001 SSP585
 Create SAV files :  T
 Create ATM files :  T
 Create RAD files :  T
 Create SRF files :  T
 Create STS files :  T
 Create SHF files :  T
 Monthly new files are created
 Monthly SAV files are written
 Frequency in hours to create ATM :    6.0
 Frequency in hours to create RAD :    6.0
 Frequency in hours to create SRF :    3.0
 Physical Parameterizations
  Lateral Boundary conditions :  5
  Semi-Lagrangian Advection   :  0
  Land cumulus conv. scheme   :  5
  Ocean cumulus conv. scheme  :  5
  Moisture schem              :  4
  Ocean Flux scheme           :  2
  Zeng roughness formula      :  1
  Zeng roughness method       :  1
  Coupling with ocean         :  0
  Coupling with wave          :  0
  Coupling with COP           :  0
  Pressure gradient force     :  0
  Prescribed LW emissivity    :  0
  Lake model in BATS          :  0
  Simulate diurnal sst cycle  :  0
  Simulate sea ice cover      :  1
  Enable chem/aerosol model   :  0
  Large scale LWP as convect. :  0
  Cloud fraction scheme       :  1
  Marine stratocumulus        :  0
  Climate O3 dataset          :  1
  Climate Aerosol dataset     :  2
 Boundary Pameterizations
  Num. of bndy points cross  :  40
  Num. of bndy points dot    :  40
  Nudge value high range     :  8.000000
  Nudge value medium range   :  4.000000
  Nudge value low range      :  2.000000
  Nm paramter                : -1.000000
  Dm paramter                : -1.000000
 Model Timestep Pameterizations
  time step for dynamical model in seconds :          90.000000
  time step for surface   model in seconds :         450.000000
  time step for cumulus   model in seconds :         225.000000
  time step for radiation model in seconds :        1350.000000
  time step for emission  model in seconds :       48600.000000
 Nudging coefficients F1=    0.016667, F2=    0.000000
  # Nudging coefficient profile #
     7.85       7.54       7.23       6.92       6.61       6.30       5.99    
     5.69       5.38       5.07       4.77       4.46       4.15       3.94    
     3.82       3.70       3.58       3.46       3.34       3.23       3.11    
     2.99       2.87       2.76       2.64       2.52       2.41       2.29    
     2.29       2.17       2.06    
 Model top at    30000.0000000000       m
 Domain grid parameters:
  Map Projection        : ROTLLR
  Dot Grid Full Extent  :  427x 415x 30
  Model Grid Spacing    :   12.231882 km
  Proj Center Latitude  :   48.000000 deg
  Proj Center longitude :    9.750000 deg
  Pole Latitude         :   39.250000 deg
  Pole longitude        :  198.000000 deg
 Holtslag PBL Scheme
  ricr_ocn     =    0.250000
  ricr_lnd     =    0.250000
  zhnew_fac    =    0.250000
  ifaholt      =  0
  ifaholtth10  =  2
  holtth10iter =    1
 Cloud fraction schemes parameters
  # of bottom no cloud model levels :  0
  Maximum relative humidity         :    1.010000
  Minimum relative humidity         :    0.010000
  Maximum total cloud cover for rad :    1.000000
  Conv. CF UMF factor deep cumulus  :    0.140000
  Conv. CF UMF factor deep cumulus  :    0.140000
  Conv. CF UMF factor k2            :  500.000000
  Surface radiation hack            :           F
  Vavrus-Waliser Arctic cloud fix   :           T
 Tiedtke (1986) Convection Scheme used.
  Used Scheme                       :  4
  Entrainment rate pen. conv. land  :    0.001750
  Entrainment rate pen. conv. ocean :    0.001750
  Entrainment rate shallow conv.    :    0.000300
  Entrainment rate midlev conv.     :    0.000100
  Entrainment rate cumulus downdraft:    0.000300
  CLW to rain conversion factor     :    0.000100
  Max entrainment                   :    0.001750
  CAPE adjustment timescale         :  3600.000000
 Convective Cloud Cover parameters after resolution scaling
  Maximum Convective Cloud Cover :    0.963263
  Convective Cloud Water         :    0.000300
 The surface energy budget is used to calculate the ground temperature.
 The radiation is computed every   22. minutes.
 Relaxation boundary conditions (exponential method)
 READY IC DATA for  2000-01-01 00:00:00 UTC        
 SEARCH BC data for 2000010106 , step =        0
 READY  BC from     2000010100  to 2000010106 
 Computing weights, R =     348.80780029 .......... Done.
 Reading Initial Ozone Data...
  # Updated ozone profile #
    0.820E-05  0.641E-05  0.368E-05  0.147E-05  0.475E-06  0.160E-06  0.900E-07
    0.627E-07  0.531E-07  0.502E-07  0.485E-07  0.478E-07  0.476E-07  0.478E-07
    0.483E-07  0.485E-07  0.483E-07  0.481E-07  0.481E-07  0.482E-07  0.480E-07
    0.470E-07  0.458E-07  0.439E-07  0.416E-07  0.394E-07  0.376E-07  0.360E-07
    0.360E-07  0.347E-07  0.336E-07  0.326E-07
 Read solar forcing total irradiance data...
 Updating orbit parameters at  2000-01-01 00:00:00 UTC        
 At  2000-01-01 00:00:00 UTC        
 JDay      0.00000 solar declination angle = -23.13670592 degrees
                   solar TSI irradiance    =    1357.0268 W/m^2
 CLM version: 4.5 - RegCM 5.0.0
 Attempting to initialize the land model .....
 Mask given by RegCM model has a total of        97559  land points
 Attempting to initialize run control settings .....
 Read in clm_inparm namelist from: EUR-11_WSM7.in
 Read in clm_hydrology1_inparm namelist
 Read in clm_soilhydrology_inparm namelist
 Successfully initialized run control settings
 
 define run:
    source                = Community Land Model CLM4.5
    model_version         = 5.0.0
    run type              = initial
    case title            = RegCM driven CLM4.5
    username              = mdasilva
    hostname              = r130c12s03
 input data files:
    PFT physiology = 
 /marconi_work/ICT23_ESP/RCMDATA//CLM45/pftdata/pft-physiology.c130503.nc
    surface data   = 
 /marconi/home/userexternal/mdasilva/user/mdasilva/EUR-11/icbc//EUR-11_CLM45_sur
 face.nc
    land frac data = 
 /marconi/home/userexternal/mdasilva/user/mdasilva/EUR-11/icbc//EUR-11_DOMAIN000
 .nc
    enable_megan_emission                                 :  F
    enable_urban_landunit                                 :  T
    enable_more_crop_pft                                  :  F
    SNICAR optical = 
 /marconi_work/ICT23_ESP/RCMDATA//CLM45/snicardata/snicar_optics_5bnd_c090915.nc
    SNICAR aging = 
 /marconi_work/ICT23_ESP/RCMDATA//CLM45/snicardata/snicar_drdt_bst_fit_60_c07041
 6.nc
    initial data is from RegCM atm model
    atmospheric forcing data is from RegCM atm model
 Large file support for output files is ON
 model physics parameters:
    flag for random perturbation test is not set
    CO2 volume mixing ratio   (umol/mol)   =    355.000000000000     
    land albedos  (unitless 0-1)   =   0.800000000000000     
    ice albedos   (unitless 0-1)   =   0.550000000000000     
    urban air conditioning/heating and wasteheat   = ON_WASTEHEAT    
    urban traffic flux   =  F
    more vertical layers =  F
    maxpatch_pft         =           17
    allocate_all_vegpfts =  T
    perchroot (PWS based on unfrozen layers only) =  F
    perchroot (PWS based on time-integrated active layer only) =  F
 
 Lake Model Namelists:
 Hostetler eddy increase low    :    25.0000000000000     
 Hostetler eddy increase factor :    10.0000000000000     
 Albedo melting lakes (visible) :  0.100000000000000     
 Albedo melting lakes (NIR)     :  0.100000000000000     
 Attempting to read ldomain from 
 /marconi/home/userexternal/mdasilva/user/mdasilva/EUR-11/icbc//EUR-11_DOMAIN000
 .nc
   domain_check set       = domain_set
   domain_check decomped  =  T
   domain_check ns        =       174688
   domain_check ni,nj     =          424         412
   domain_check clmlevel  = gridcell
   domain_check nbeg,nend =            1         254
   domain_check lonc      =   -9.74029571306985        16.9907279666833     
   domain_check latc      =    20.2360572776116        25.6407022860034     
   domain_check mask      =            1           1
   domain_check frac      =    100.000000000000        100.000000000000     
   domain_check topo      =    183.850437620496        1559.16146097231     
   domain_check area      =    135.487523982398        135.487523982398     
   domain_check pftm      =            1           1
  
  Reading in urban input data from surface data file ...
  UrbanInput : 
 /marconi/home/userexternal/mdasilva/user/mdasilva/EUR-11/icbc//EUR-11_CLM45_sur
 face.nc
  Sucessfully read urban input data
 
 Attempting to read PFT physiological data .....
 Successfully read PFT physiological data
 Attempting to read surface boundary data .....
 Checked LAT/LON compliance
 Successfully read surface boundary data
 
  Surface Grid Characteristics
    total number of gridcells =        97559
    total number of landunits =       229707
    total number of columns   =       447188
    total number of pfts      =      1812874
  
 ---clm_ptrs_check:
    clm_ptrs_check: g index ranges - OK
    clm_ptrs_check: l index ranges - OK
    clm_ptrs_check: c index ranges - OK
    clm_ptrs_check: p index ranges - OK
    clm_ptrs_check: g mono increasing - OK
    clm_ptrs_check: l mono increasing - OK
    clm_ptrs_check: c mono increasing - OK
    clm_ptrs_check: p mono increasing - OK
    clm_ptrs_check: tree consistent - OK
  
 Attempting to initialize time invariant variables
 Attempting to read soil color, sand and clay boundary data .....
 WARNING:: ETALAKE not found on surface data set.
 All lake columns will have eta set equal to default value
 WARNING:: LAKEFETCH not found on surface data set.
 All lake columns will have fetch set equal to default value
 Successfully read fmax, soil color, sand and clay boundary data
 
 Attempting to read organic matter data .....
  organicrd : 
 /marconi/home/userexternal/mdasilva/user/mdasilva/EUR-11/icbc//EUR-11_CLM45_sur
 face.nc
 Successfully read organic matter data
 
  # zsoi #
    0.710E-02  0.279E-01  0.623E-01  0.119      0.212      0.366      0.620    
     1.04       1.73       2.86       4.74       7.83       12.9       21.3    
     21.3       35.2    
  # zisoi #
     0.00      0.175E-01  0.451E-01  0.906E-01  0.166      0.289      0.493    
    0.829       1.38       2.30       3.80       6.28       10.4       17.1    
     17.1       28.3       42.1    
  # dzsoi #
    0.175E-01  0.276E-01  0.455E-01  0.750E-01  0.124      0.204      0.336    
    0.554      0.913       1.51       2.48       4.09       6.75       11.1    
     11.1       13.9    
 dzsoi_decomp   1.00000000000000     
 Attempting to read snow optical properties .....
 Set     6 100% special land-units points to zero slope
 SnowOptics_init : 
 /marconi_work/ICT23_ESP/RCMDATA//CLM45/snicardata/snicar_optics_5bnd_c090915.nc
 Set     4 100% special land-units points to zero slope
 Successfully read snow optical properties
 Attempting to read snow aging parameters .....
 Successfully read snow aging properties
 Successfully initialized time invariant variables
 CLM_hist_printflds : number of master fields =          241
 Setting initial data to non-spun up values
 Attempting to initialize time invariant variables for lakes
 CLM timestep appears to differ from 1800s. 
 Adjusting minimum snow layer thickness over lakes to maintain stability.
 New minimum thickness is   2.000000000000000E-002 .
 Successfully initialized time invariant variables for lakes
 Setting initial data to non-spun up values for lake points
 Initializing clm2 history files
 There will be a total of            1  history tapes
 History tape            1  write frequency is MONTHLY
 All fields on history tape            1  are grid averaged
 Output precision on history tape            1 =           2
 hist tape =            1  written with dov2xy=  T
 Successfully initialized clm2 history files
 Successfully initialized the land model
 begin initial run at:  2000-01-01 00:00:00 UTC
 Attempting to read monthly vegetation data .....
 At  2000-01-01 00:00:00 UTC
 Month =            1  Day =            1
 Reading months :           12           1
 Successfully read monthly vegetation data for
 month            1
 Opening new output file 
 /marconi/home/userexternal/mdasilva/user/mdasilva/EUR-11/WSM7-Europe//EUR-11_AT
 M.2000010100.nc
 Opening new output file 
 /marconi/home/userexternal/mdasilva/user/mdasilva/EUR-11/WSM7-Europe//EUR-11_SH
 F.2000010100.nc
 Opening new output file 
 /marconi/home/userexternal/mdasilva/user/mdasilva/EUR-11/WSM7-Europe//EUR-11_SR
 F.2000010100.nc
 Opening new output file 
 /marconi/home/userexternal/mdasilva/user/mdasilva/EUR-11/WSM7-Europe//EUR-11_ST
 S.2000010100.nc
 Opening new output file 
 /marconi/home/userexternal/mdasilva/user/mdasilva/EUR-11/WSM7-Europe//EUR-11_RA
 D.2000010100.nc
 ATM variables written at  2000-01-01 00:00:00 UTC        
 Computing weights, R =      89.00187683 .......... Done.
 Reading EXT,SSA,ASY Data...
 AEROPP file open 
 /marconi_work/ICT23_ESP/RCMDATA/MERRA2/OPPMONTH/MERRA2_OPPMONTH_wb3.199912.nc
 AEROPP file open 
 /marconi_work/ICT23_ESP/RCMDATA/MERRA2/OPPMONTH/MERRA2_OPPMONTH_wb3.200001.nc
 AEROPP file open 
 /marconi_work/ICT23_ESP/RCMDATA/MERRA2/OPPMONTH/MERRA2_OPPMONTH_wb6.199912.nc
 AEROPP file open 
 /marconi_work/ICT23_ESP/RCMDATA/MERRA2/OPPMONTH/MERRA2_OPPMONTH_wb6.200001.nc
 AEROPP file open 
 /marconi_work/ICT23_ESP/RCMDATA/MERRA2/OPPMONTH/MERRA2_OPPMONTH_wb10.199912.nc
 AEROPP file open 
 /marconi_work/ICT23_ESP/RCMDATA/MERRA2/OPPMONTH/MERRA2_OPPMONTH_wb10.200001.nc
 AEROPP file open 
 /marconi_work/ICT23_ESP/RCMDATA/MERRA2/OPPMONTH/MERRA2_OPPMONTH_wb13.199912.nc
 AEROPP file open 
 /marconi_work/ICT23_ESP/RCMDATA/MERRA2/OPPMONTH/MERRA2_OPPMONTH_wb13.200001.nc
 AEROPP file open 
 /marconi_work/ICT23_ESP/RCMDATA/MERRA2/OPPMONTH/MERRA2_OPPMONTH_wb19.199912.nc
 AEROPP file open 
 /marconi_work/ICT23_ESP/RCMDATA/MERRA2/OPPMONTH/MERRA2_OPPMONTH_wb19.200001.nc
  # Updated VIS ext profile #
    0.141E-04  0.518E-04  0.136E-03  0.322E-03  0.801E-03  0.121E-02  0.183E-02
    0.185E-02  0.164E-02  0.155E-02  0.143E-02  0.130E-02  0.139E-02  0.166E-02
    0.288E-02  0.587E-02  0.781E-02  0.926E-02  0.119E-01  0.136E-01  0.144E-01
    0.165E-01  0.198E-01  0.221E-01  0.221E-01  0.210E-01  0.198E-01  0.187E-01
    0.187E-01  0.175E-01  0.161E-01
  # Updated VIS ssa profile #
    0.896      0.884      0.879      0.870      0.893      0.903      0.917    
    0.917      0.912      0.907      0.895      0.886      0.883      0.880    
    0.882      0.883      0.887      0.894      0.900      0.906      0.911    
    0.917      0.921      0.921      0.919      0.919      0.918      0.918    
    0.918      0.917      0.917    
  # Updated VIS asy profile #
    0.651      0.649      0.651      0.670      0.702      0.711      0.723    
    0.722      0.716      0.710      0.701      0.694      0.690      0.684    
    0.683      0.685      0.693      0.700      0.706      0.712      0.721    
    0.732      0.741      0.745      0.747      0.748      0.749      0.749    
    0.749      0.749      0.750    
 SHF variables written at  2000-01-01 01:00:00 UTC        
 SHF variables written at  2000-01-01 02:00:00 UTC        
 SRF variables written at  2000-01-01 03:00:00 UTC        
 SHF variables written at  2000-01-01 03:00:00 UTC        
 $$$  2000-01-01 03:00:00 UTC        
 $$$ max, min of ps (mb) =  1031.94  708.74
 $$$ no. of points with active convection =   35779
 SHF variables written at  2000-01-01 04:00:00 UTC        
 SHF variables written at  2000-01-01 05:00:00 UTC        
 ATM variables written at  2000-01-01 06:00:00 UTC        
 SRF variables written at  2000-01-01 06:00:00 UTC        
 SHF variables written at  2000-01-01 06:00:00 UTC        
 RAD variables written at  2000-01-01 06:00:00 UTC        
 SEARCH BC data for 2000010112 , step =      240
 READY  BC from     2000010106  to 2000010112 
 $$$  2000-01-01 06:00:00 UTC        
 $$$ max, min of ps (mb) =  1033.20  708.34
 $$$ no. of points with active convection =   41592
 SHF variables written at  2000-01-01 07:00:00 UTC        
 SHF variables written at  2000-01-01 08:00:00 UTC        
 SRF variables written at  2000-01-01 09:00:00 UTC        
 SHF variables written at  2000-01-01 09:00:00 UTC        
 $$$  2000-01-01 09:00:00 UTC        
 $$$ max, min of ps (mb) =  1033.53  706.84
 $$$ no. of points with active convection =   44206
 SHF variables written at  2000-01-01 10:00:00 UTC        
 SHF variables written at  2000-01-01 11:00:00 UTC        
 ATM variables written at  2000-01-01 12:00:00 UTC        
 SRF variables written at  2000-01-01 12:00:00 UTC        
 SHF variables written at  2000-01-01 12:00:00 UTC        
 RAD variables written at  2000-01-01 12:00:00 UTC        
 SEARCH BC data for 2000010118 , step =      480
 READY  BC from     2000010112  to 2000010118 
 $$$  2000-01-01 12:00:00 UTC        
 $$$ max, min of ps (mb) =  1033.30  707.16
 $$$ no. of points with active convection =   47654
 SHF variables written at  2000-01-01 13:00:00 UTC        
 SHF variables written at  2000-01-01 14:00:00 UTC        
 SRF variables written at  2000-01-01 15:00:00 UTC        
 SHF variables written at  2000-01-01 15:00:00 UTC        
 $$$  2000-01-01 15:00:00 UTC        
 $$$ max, min of ps (mb) =  1033.21  707.60
 $$$ no. of points with active convection =   50197
 SHF variables written at  2000-01-01 16:00:00 UTC        
 SHF variables written at  2000-01-01 17:00:00 UTC        
 ATM variables written at  2000-01-01 18:00:00 UTC        
 SRF variables written at  2000-01-01 18:00:00 UTC        
 SHF variables written at  2000-01-01 18:00:00 UTC        
 RAD variables written at  2000-01-01 18:00:00 UTC        
 SEARCH BC data for 2000010200 , step =      720
 READY  BC from     2000010118  to 2000010200 
 $$$  2000-01-01 18:00:00 UTC        
 $$$ max, min of ps (mb) =  1033.62  706.87
 $$$ no. of points with active convection =   52508
 SHF variables written at  2000-01-01 19:00:00 UTC        
 SHF variables written at  2000-01-01 20:00:00 UTC        
 SRF variables written at  2000-01-01 21:00:00 UTC        
 SHF variables written at  2000-01-01 21:00:00 UTC        
 $$$  2000-01-01 21:00:00 UTC        
 $$$ max, min of ps (mb) =  1033.24  706.05
 $$$ no. of points with active convection =   54926
 SHF variables written at  2000-01-01 22:00:00 UTC        
 SHF variables written at  2000-01-01 23:00:00 UTC        
 At  2000-01-02 00:00:00 UTC        
 JDay      1.00000 solar declination angle = -23.06421056 degrees
                   solar TSI irradiance    =    1357.0268 W/m^2
 ATM variables written at  2000-01-02 00:00:00 UTC        
 SRF variables written at  2000-01-02 00:00:00 UTC        
 SHF variables written at  2000-01-02 00:00:00 UTC        
 STS variables written at  2000-01-02 00:00:00 UTC        
 RAD variables written at  2000-01-02 00:00:00 UTC        
 SEARCH BC data for 2000010206 , step =      960
 READY  BC from     2000010200  to 2000010206 
 $$$  2000-01-02 00:00:00 UTC        
 $$$ max, min of ps (mb) =  1032.65  705.83
 $$$ no. of points with active convection =   55657
 SHF variables written at  2000-01-02 01:00:00 UTC        
 SHF variables written at  2000-01-02 02:00:00 UTC        
 SRF variables written at  2000-01-02 03:00:00 UTC        
 SHF variables written at  2000-01-02 03:00:00 UTC        
 $$$  2000-01-02 03:00:00 UTC        
 $$$ max, min of ps (mb) =  1032.24  706.98
 $$$ no. of points with active convection =   56376
 SHF variables written at  2000-01-02 04:00:00 UTC        
 SHF variables written at  2000-01-02 05:00:00 UTC        
 ATM variables written at  2000-01-02 06:00:00 UTC        
 SRF variables written at  2000-01-02 06:00:00 UTC        
 SHF variables written at  2000-01-02 06:00:00 UTC        
 RAD variables written at  2000-01-02 06:00:00 UTC        
 SEARCH BC data for 2000010212 , step =     1200
 READY  BC from     2000010206  to 2000010212 
 $$$  2000-01-02 06:00:00 UTC        
 $$$ max, min of ps (mb) =  1032.45  705.93
 $$$ no. of points with active convection =   60816
 SHF variables written at  2000-01-02 07:00:00 UTC        
 SHF variables written at  2000-01-02 08:00:00 UTC        
 SRF variables written at  2000-01-02 09:00:00 UTC        
 SHF variables written at  2000-01-02 09:00:00 UTC        
 $$$  2000-01-02 09:00:00 UTC        
 $$$ max, min of ps (mb) =  1033.28  705.11
 $$$ no. of points with active convection =   61854
 SHF variables written at  2000-01-02 10:00:00 UTC        
 SHF variables written at  2000-01-02 11:00:00 UTC        
 ATM variables written at  2000-01-02 12:00:00 UTC        
 SRF variables written at  2000-01-02 12:00:00 UTC        
 SHF variables written at  2000-01-02 12:00:00 UTC        
 RAD variables written at  2000-01-02 12:00:00 UTC        
 SEARCH BC data for 2000010218 , step =     1440
 READY  BC from     2000010212  to 2000010218 
 $$$  2000-01-02 12:00:00 UTC        
 $$$ max, min of ps (mb) =  1033.63  705.51
 $$$ no. of points with active convection =   61331
 SHF variables written at  2000-01-02 13:00:00 UTC        
 SHF variables written at  2000-01-02 14:00:00 UTC        
 SRF variables written at  2000-01-02 15:00:00 UTC        
 SHF variables written at  2000-01-02 15:00:00 UTC        
 $$$  2000-01-02 15:00:00 UTC        
 $$$ max, min of ps (mb) =  1033.18  705.59
 $$$ no. of points with active convection =   61399
 SHF variables written at  2000-01-02 16:00:00 UTC        
 SHF variables written at  2000-01-02 17:00:00 UTC        
 ATM variables written at  2000-01-02 18:00:00 UTC        
 SRF variables written at  2000-01-02 18:00:00 UTC        
 SHF variables written at  2000-01-02 18:00:00 UTC        
 RAD variables written at  2000-01-02 18:00:00 UTC        
 SEARCH BC data for 2000010300 , step =     1680
 READY  BC from     2000010218  to 2000010300 
 $$$  2000-01-02 18:00:00 UTC        
 $$$ max, min of ps (mb) =  1033.28  704.46
 $$$ no. of points with active convection =   61592
 SHF variables written at  2000-01-02 19:00:00 UTC        
 SHF variables written at  2000-01-02 20:00:00 UTC        
 SRF variables written at  2000-01-02 21:00:00 UTC        
 SHF variables written at  2000-01-02 21:00:00 UTC        
 $$$  2000-01-02 21:00:00 UTC        
 $$$ max, min of ps (mb) =  1034.40  704.26
 $$$ no. of points with active convection =   62935
 SHF variables written at  2000-01-02 22:00:00 UTC        
 SHF variables written at  2000-01-02 23:00:00 UTC        
 At  2000-01-03 00:00:00 UTC        
 JDay      2.00000 solar declination angle = -22.98404693 degrees
                   solar TSI irradiance    =    1357.0268 W/m^2
 ATM variables written at  2000-01-03 00:00:00 UTC        
 SRF variables written at  2000-01-03 00:00:00 UTC        
 SHF variables written at  2000-01-03 00:00:00 UTC        
 STS variables written at  2000-01-03 00:00:00 UTC        
 RAD variables written at  2000-01-03 00:00:00 UTC        
 SEARCH BC data for 2000010306 , step =     1920
 READY  BC from     2000010300  to 2000010306 
 $$$  2000-01-03 00:00:00 UTC        
 $$$ max, min of ps (mb) =  1035.61  703.48
 $$$ no. of points with active convection =   65411
 SHF variables written at  2000-01-03 01:00:00 UTC        
 SHF variables written at  2000-01-03 02:00:00 UTC        
 SRF variables written at  2000-01-03 03:00:00 UTC        
 SHF variables written at  2000-01-03 03:00:00 UTC        
 $$$  2000-01-03 03:00:00 UTC        
 $$$ max, min of ps (mb) =  1036.63  703.51
 $$$ no. of points with active convection =   68082
 SHF variables written at  2000-01-03 04:00:00 UTC        
 SHF variables written at  2000-01-03 05:00:00 UTC        
 ATM variables written at  2000-01-03 06:00:00 UTC        
 SRF variables written at  2000-01-03 06:00:00 UTC        
 SHF variables written at  2000-01-03 06:00:00 UTC        
 RAD variables written at  2000-01-03 06:00:00 UTC        
 SEARCH BC data for 2000010312 , step =     2160
 READY  BC from     2000010306  to 2000010312 
 $$$  2000-01-03 06:00:00 UTC        
 $$$ max, min of ps (mb) =  1036.45  702.64
 $$$ no. of points with active convection =   70468
 SHF variables written at  2000-01-03 07:00:00 UTC        
 SHF variables written at  2000-01-03 08:00:00 UTC        
 SRF variables written at  2000-01-03 09:00:00 UTC        
 SHF variables written at  2000-01-03 09:00:00 UTC        
 $$$  2000-01-03 09:00:00 UTC        
 $$$ max, min of ps (mb) =  1035.95  701.35
 $$$ no. of points with active convection =   72070
 SHF variables written at  2000-01-03 10:00:00 UTC        
 SHF variables written at  2000-01-03 11:00:00 UTC        
 ATM variables written at  2000-01-03 12:00:00 UTC        
 SRF variables written at  2000-01-03 12:00:00 UTC        
 SHF variables written at  2000-01-03 12:00:00 UTC        
 RAD variables written at  2000-01-03 12:00:00 UTC        
 SEARCH BC data for 2000010318 , step =     2400
 READY  BC from     2000010312  to 2000010318 
 $$$  2000-01-03 12:00:00 UTC        
 $$$ max, min of ps (mb) =  1035.80  701.99
 $$$ no. of points with active convection =   71050
 SHF variables written at  2000-01-03 13:00:00 UTC        
 SHF variables written at  2000-01-03 14:00:00 UTC        
 SRF variables written at  2000-01-03 15:00:00 UTC        
 SHF variables written at  2000-01-03 15:00:00 UTC        
 $$$  2000-01-03 15:00:00 UTC        
 $$$ max, min of ps (mb) =  1035.13  701.58
 $$$ no. of points with active convection =   68198
 SHF variables written at  2000-01-03 16:00:00 UTC        
 SHF variables written at  2000-01-03 17:00:00 UTC        
 ATM variables written at  2000-01-03 18:00:00 UTC        
 SRF variables written at  2000-01-03 18:00:00 UTC        
 SHF variables written at  2000-01-03 18:00:00 UTC        
 RAD variables written at  2000-01-03 18:00:00 UTC        
 SEARCH BC data for 2000010400 , step =     2640
 READY  BC from     2000010318  to 2000010400 
 $$$  2000-01-03 18:00:00 UTC        
 $$$ max, min of ps (mb) =  1034.75  700.67
 $$$ no. of points with active convection =   67416
 SHF variables written at  2000-01-03 19:00:00 UTC        
 SHF variables written at  2000-01-03 20:00:00 UTC        
 SRF variables written at  2000-01-03 21:00:00 UTC        
 SHF variables written at  2000-01-03 21:00:00 UTC        
 $$$  2000-01-03 21:00:00 UTC        
 $$$ max, min of ps (mb) =  1034.50  700.34
 $$$ no. of points with active convection =   67614
 SHF variables written at  2000-01-03 22:00:00 UTC        
 SHF variables written at  2000-01-03 23:00:00 UTC        
 At  2000-01-04 00:00:00 UTC        
 JDay      3.00000 solar declination angle = -22.89625413 degrees
                   solar TSI irradiance    =    1357.0268 W/m^2
 ATM variables written at  2000-01-04 00:00:00 UTC        
 SRF variables written at  2000-01-04 00:00:00 UTC        
 SHF variables written at  2000-01-04 00:00:00 UTC        
 STS variables written at  2000-01-04 00:00:00 UTC        
 RAD variables written at  2000-01-04 00:00:00 UTC        
 SEARCH BC data for 2000010406 , step =     2880
 READY  BC from     2000010400  to 2000010406 
 $$$  2000-01-04 00:00:00 UTC        
 $$$ max, min of ps (mb) =  1034.97  700.39
 $$$ no. of points with active convection =   67709
 SHF variables written at  2000-01-04 01:00:00 UTC        
 SHF variables written at  2000-01-04 02:00:00 UTC        
 SRF variables written at  2000-01-04 03:00:00 UTC        
 SHF variables written at  2000-01-04 03:00:00 UTC        
 $$$  2000-01-04 03:00:00 UTC        
 $$$ max, min of ps (mb) =  1035.10  700.68
 $$$ no. of points with active convection =   68099
 SHF variables written at  2000-01-04 04:00:00 UTC        
 SHF variables written at  2000-01-04 05:00:00 UTC        
