
  This is Terrain part of RegCM package version 5 
   GIT Revision: 4.7.1-1870-ge1fff compiled at: data : Aug 07 2025  time: 14:11:50

 : this run start at  : 2025-08-23 13:11:45+0200
 : it is submitted by : mdasilva
 : it is running on   : lrdn4915.leonardo.local
 : in directory       : 
 /leonardo/home/userexternal/mdasilva/github_projects/shell/ictp/regcm_exp/works
 hop2025/sst
                      
 Using non hydrostatic Moloch dynamic
  
 Doing Horizontal Grid with following parameters
 iy     =          644
 jx     =          644
 kz     =           50
 ds     =    4.44795693794183     
 clat   =    13.0000000000000     
 clon   =   -100.000000000000     
 iproj  = ROTLLR
 Grid setup done
 Geo mapping done
 Calculated large extrema:
          MINLAT =   -3.00000000000000     
          MAXLAT =    29.0000000000000     
          MINLON =   -116.000000000000     
          MAXLON =   -85.0000000000000     
 Determined Grid coordinate range
 No resampling used.
 Static DEM data successfully read in
 Interpolated DEM on model GRID
 Static landcover BATS data successfully read in
 Interpolated landcover on model GRID
 Static texture data successfully read in
 Interpolated texture on model GRID
 Static bathymetry data successfully read in
 Interpolated bathymetry on model GRID
 Fudging data (if requested) succeeded
 Skip moisture creation, no moisture file to read
 Vertical Grid Description (mean over domain)
  
 --------------------------------------------------
 k        sigma       p(mb)          h(m)      T(K)
 --------------------------------------------------
 51       1.000     1013.25          0.00     288.1
 50       0.980     1005.65         63.47     287.7
 49       0.960      997.64        130.78     287.3
 48       0.940      989.19        202.25     286.8
 47       0.920      980.27        278.24     286.3
 46       0.900      970.85        359.10     285.8
 45       0.880      960.89        445.24     285.3
 44       0.860      950.37        537.07     284.7
 43       0.840      939.25        635.04     284.0
 42       0.820      927.50        739.63     283.3
 41       0.800      915.07        851.33     282.6
 40       0.780      901.94        970.70     281.9
 39       0.760      888.08       1098.30     281.0
 38       0.740      873.45       1234.75     280.1
 37       0.720      858.01       1380.70     279.2
 36       0.700      841.74       1536.86     278.2
 35       0.680      824.61       1703.96     277.1
 34       0.660      806.59       1882.80     275.9
 33       0.640      787.65       2074.22     274.7
 32       0.620      767.78       2279.14     273.4
 31       0.600      746.97       2498.50     271.9
 30       0.580      725.19       2733.35     270.4
 29       0.560      702.44       2984.79     268.8
 28       0.540      678.74       3253.97     267.0
 27       0.520      654.08       3542.17     265.2
 26       0.500      628.49       3850.71     263.2
 25       0.480      602.00       4181.01     261.0
 24       0.460      574.65       4534.62     258.7
 23       0.440      546.50       4913.14     256.3
 22       0.420      517.61       5318.32     253.6
 21       0.400      488.08       5752.03     250.8
 20       0.380      457.99       6216.23     247.8
 19       0.360      427.47       6713.05     244.6
 18       0.340      396.65       7244.74     241.1
 17       0.320      365.70       7813.74     237.4
 16       0.300      334.77       8422.61     233.5
 15       0.280      304.05       9074.12     229.3
 14       0.260      273.75       9771.21     224.7
 13       0.240      244.10      10517.03     219.9
 12       0.220      215.30      11314.94     216.6
 11       0.200      187.61      12168.54     216.6
 10       0.180      161.26      13081.67     217.9
  9       0.160      136.47      14058.43     218.3
  8       0.140      113.47      15103.20     218.8
  7       0.120       92.44      16220.67     219.3
  6       0.100       73.57      17415.85     219.8
  5       0.080       56.97      18694.08     220.4
  4       0.060       42.71      20061.09     221.0
  3       0.040       30.81      21522.97     221.7
  2       0.020       21.22      23086.27     222.4
  1       0.000       13.79      24757.96     223.2
 Grid data written to output file
 Successfully completed terrain fields generation

  This is mksurfdata part of RegCM package version 5
   GIT Revision: 4.7.1-1870-ge1fff compiled at: data : Aug 22 2025  time: 18:43:18

 : this run start at  : 2025-08-23 13:11:48+0200
 : it is submitted by : mdasilva
 : it is running on   : lrdn4915.leonardo.local
 : in directory       : 
 /leonardo/home/userexternal/mdasilva/github_projects/shell/ictp/regcm_exp/works
 hop2025/sst
                      
 Created topographic informations...
 Computing weights, R =      39.31474972 .......... Done.
 Computing weights, R =      11.79514432 .......... Done.
 Computing weights, R =      11.79442692 .......... Done.
 Computing weights, R =      11.79514432 .......... Done.
 Created special categories informations...
 Created pft informations...
 Computing weights, R =     117.94408035 .......... Done.
 Created lai/sai informations...
 Computing weights, R =      29.48606300 .......... Done.
 Computing weights, R =     117.94408035 .......... Done.
 Computing weights, R =      19.65767813 .......... Done.
 Created soil texture/color informations...
 Computing weights, R =     117.94408035 .......... Done.
 Computing weights, R =     117.94408035 .......... Done.
 Computing weights, R =     117.94408035 .......... Done.
 Created human population informations...
 Computing weights, R =     117.94408035 .......... Done.
 Computing weights, R =      19.65767670 .......... Done.
 Created VOC/horganic informations...
 Computing weights, R =      11.79514432 .......... Done.
 Computing weights, R =      11.79442692 .......... Done.
 Created LAKE/URBAN informations...
 Successfully completed CLM preprocessing.

  This is sst part of the RegCM version 5
   SVN Revision: 4.7.1-1870-ge1fff compiled at: data : Aug 07 2025  time: 14:12:07

 : this run start at    : 2025-08-23 13:17:11+0200
 : it is submitted by   : mdasilva
 : it is running on     : lrdn4915.leonardo.local
 : in directory         : 
 /leonardo/home/userexternal/mdasilva/github_projects/shell/ictp/regcm_exp/works
 hop2025/sst
                       
 Opened /leonardo_work/ICT25_ESP/RCMDATA/ERA5/SSTD/sst_2023_10.nc
 Fill Value   =  -32767
 Add offset   =    289.042056362288     
 Scale factor =   6.040722982600369E-004
 Computing weights, R =      39.31469345 .......... Done.
 GLOBIDATE1 :  2023-10-19 00:00:00 UTC        
 GLOBIDATE2 :  2023-10-27 00:00:00 UTC        
 NSTEPS =            9
 WRITEN OUT SST DATA :  2023-10-19 00:00:00 UTC        
 WRITEN OUT SST DATA :  2023-10-20 00:00:00 UTC        
 WRITEN OUT SST DATA :  2023-10-21 00:00:00 UTC        
 WRITEN OUT SST DATA :  2023-10-22 00:00:00 UTC        
 WRITEN OUT SST DATA :  2023-10-23 00:00:00 UTC        
 WRITEN OUT SST DATA :  2023-10-24 00:00:00 UTC        
 WRITEN OUT SST DATA :  2023-10-25 00:00:00 UTC        
 WRITEN OUT SST DATA :  2023-10-26 00:00:00 UTC        
 WRITEN OUT SST DATA :  2023-10-27 00:00:00 UTC        
 Input ready at : Sat Aug 23 13:17:13 2025
 Successfully generated SST

  This is icbc part of the RegCM version 5
   SVN Revision: 4.7.1-1870-ge1fff compiled at: data : Aug 07 2025  time: 14:12:07

 : this run start at    : 2025-08-23 13:17:13+0200
 : it is submitted by   : mdasilva
 : it is running on     : lrdn4915.leonardo.local
 : in directory         : 
 /leonardo/home/userexternal/mdasilva/github_projects/shell/ictp/regcm_exp/works
 hop2025/sst
                       
 Using Moloch non-hydrostatic dynamical core
 GLOBIDATE1 :  2023-10-19 00:00:00 UTC        
 GLOBIDATE2 :  2023-10-27 00:00:00 UTC        
 NSTEPS     :           33
 Computing weights, R =      39.31469345 .......... Done.
 Computing weights, R =      39.31469345 .......... Done.
 Computing weights, R =      39.31469345 .......... Done.
      131072 /leonardo_work/ICT25_ESP/RCMDATA/ERA5/2023/tatm_2023_10.nc
  2.008294418162891E-003   250.710635257088     
      196608 /leonardo_work/ICT25_ESP/RCMDATA/ERA5/2023/geop_2023_10.nc
   7.29542000264299        235002.597773397     
      262144 /leonardo_work/ICT25_ESP/RCMDATA/ERA5/2023/qhum_2023_10.nc
  3.750898363701023E-007  1.228430724784787E-002
      327680 /leonardo_work/ICT25_ESP/RCMDATA/ERA5/2023/uwnd_2023_10.nc
  3.059044348213638E-003   31.5530511663025     
      393216 /leonardo_work/ICT25_ESP/RCMDATA/ERA5/2023/vwnd_2023_10.nc
  2.583993839533255E-003   7.42823528579508     
