### Checking icbc for icbc_ERA5_SAM-3km_2017010100_2018010100 
### previous icbc ended with an error
### printing tail of output

 : this run start at    : 2026-01-16 13:00:07+0100
 : it is submitted by   : mdasilva
 : it is running on     : lrdn4879.leonardo.local
 : in directory         : 
 /leonardo/home/userexternal/mdasilva/github_projects/shell/ictp/regcm_exp/sam_3
 km
                       
 Using Moloch non-hydrostatic dynamical core
icbc script complete
### printing tail of error
 No such file or directory                                                      
  
 mod_nchelper.F90 : 
     1190:Error open NetCDF input /leonardo/home/userexternal/mdasilva/leonardo_
 scratch/SAM-3km/input/SAM-3km_DOMAIN000.nc:            2
 Execution terminated because of runtime error
WARNING: unsupported restart date 0100!
WARNING - potential infinity loop detected
  previous start = SAM-3km
       new start = SAM-3km
submitting: bash submit-icbc.sh ERA5.in SAM-3km true
3
