### Checking icbc for icbc_ERA5_2019010100_2020010100 
### previous icbc ended with an error
### printing tail of output

Loading netcdf-fortran/4.6.1--oneapi--2024.1.0
  ERROR: Load of requirement bzip2/1.0.8-ib3znej failed
  ERROR: Load of requirement netcdf-c/4.9.2--oneapi--2024.1.0 failed
Loading intel-oneapi-mpi/2021.12.1
  ERROR: Module cannot be loaded due to a conflict.
    HINT: Might try "module unload intel-oneapi-mpi" first.

Loading parallel-netcdf/1.12.3--intel-oneapi-mpi--2021.12.1--oneapi--2024.1.0
  ERROR: Load of requirement intel-oneapi-mpi/2021.12.1 failed
### printing tail of error
cp: cannot stat 'ERA5.in': No such file or directory
WARNING: unsupported restart date 0100!
WARNING - potential infinity loop detected
  previous start = 2019010100
       new start = 2019010100
 >>> re-attempting, n=1065
submitting: bash submit-icbc.sh ERA5.in 2019010100 true
3
Submitted icbc with job i.d. 32448490 !!!
Submitted control with job i.d. 32448491 !!!
