
  This is icbc part of the RegCM version 5
   SVN Revision: 5.0.1 compiled at: data : Dec 03 2024  time: 16:32:23

 : this run start at    : 2025-05-14 08:52:43+0200
 : it is submitted by   : mdasilva
 : it is running on     : lrdn4636.leonardo.local
 : in directory         : 
 /leonardo/home/userexternal/mdasilva/github_projects/shell/ictp/regcm_exp/sam_3
 km
                       
 Using Moloch non-hydrostatic dynamical core
 GLOBIDATE1 :  2018-01-01 00:00:00 UTC        
 GLOBIDATE2 :  2019-01-01 00:00:00 UTC        
 NSTEPS     :         1461
 Computing weights, R =      38.96331406 .......... Done.
 Computing weights, R =      38.96331406 .......... Done.
 Computing weights, R =      38.96331406 .......... Done.
      131072 /leonardo_work/ICT25_ESP/RCMDATA/ERA5/2018/tatm_2018_01.nc
  2.092578312763226E-003   249.261618505765     
      196608 /leonardo_work/ICT25_ESP/RCMDATA/ERA5/2018/geop_2018_01.nc
   7.63537984917904        244393.695981950     
      262144 /leonardo_work/ICT25_ESP/RCMDATA/ERA5/2018/qhum_2018_01.nc
  3.894698658016053E-007  1.261225959631423E-002
      327680 /leonardo_work/ICT25_ESP/RCMDATA/ERA5/2018/uwnd_2018_01.nc
  5.411665182716270E-003   26.3831355370375     
      393216 /leonardo_work/ICT25_ESP/RCMDATA/ERA5/2018/vwnd_2018_01.nc
  4.754891118414935E-003  -2.15916913257093     
 READ IN fields at DATE: 2018-01-01 00:00:00 UTC        
 READ IN fields at DATE: 2018-01-01 06:00:00 UTC        
 READ IN fields at DATE: 2018-01-01 12:00:00 UTC        
 READ IN fields at DATE: 2018-01-01 18:00:00 UTC        
 READ IN fields at DATE: 2018-01-02 00:00:00 UTC        
 READ IN fields at DATE: 2018-01-02 06:00:00 UTC        
 READ IN fields at DATE: 2018-01-02 12:00:00 UTC        
 READ IN fields at DATE: 2018-01-02 18:00:00 UTC        
 READ IN fields at DATE: 2018-01-03 00:00:00 UTC        
 READ IN fields at DATE: 2018-01-03 06:00:00 UTC        
 READ IN fields at DATE: 2018-01-03 12:00:00 UTC        
 READ IN fields at DATE: 2018-01-03 18:00:00 UTC        
 READ IN fields at DATE: 2018-01-04 00:00:00 UTC        
 READ IN fields at DATE: 2018-01-04 06:00:00 UTC        
 READ IN fields at DATE: 2018-01-04 12:00:00 UTC        
 READ IN fields at DATE: 2018-01-04 18:00:00 UTC        
 READ IN fields at DATE: 2018-01-05 00:00:00 UTC        
 READ IN fields at DATE: 2018-01-05 06:00:00 UTC        
 READ IN fields at DATE: 2018-01-05 12:00:00 UTC        
 READ IN fields at DATE: 2018-01-05 18:00:00 UTC        
 READ IN fields at DATE: 2018-01-06 00:00:00 UTC        
 READ IN fields at DATE: 2018-01-06 06:00:00 UTC        
 READ IN fields at DATE: 2018-01-06 12:00:00 UTC        
 READ IN fields at DATE: 2018-01-06 18:00:00 UTC        
 READ IN fields at DATE: 2018-01-07 00:00:00 UTC        
 READ IN fields at DATE: 2018-01-07 06:00:00 UTC        
 READ IN fields at DATE: 2018-01-07 12:00:00 UTC        
 READ IN fields at DATE: 2018-01-07 18:00:00 UTC        
 READ IN fields at DATE: 2018-01-08 00:00:00 UTC        
 READ IN fields at DATE: 2018-01-08 06:00:00 UTC        
 READ IN fields at DATE: 2018-01-08 12:00:00 UTC        
 READ IN fields at DATE: 2018-01-08 18:00:00 UTC        
 READ IN fields at DATE: 2018-01-09 00:00:00 UTC        
 READ IN fields at DATE: 2018-01-09 06:00:00 UTC        
 READ IN fields at DATE: 2018-01-09 12:00:00 UTC        
 READ IN fields at DATE: 2018-01-09 18:00:00 UTC        
 READ IN fields at DATE: 2018-01-10 00:00:00 UTC        
 READ IN fields at DATE: 2018-01-10 06:00:00 UTC        
 READ IN fields at DATE: 2018-01-10 12:00:00 UTC        
 READ IN fields at DATE: 2018-01-10 18:00:00 UTC        
 READ IN fields at DATE: 2018-01-11 00:00:00 UTC        
 READ IN fields at DATE: 2018-01-11 06:00:00 UTC        
 READ IN fields at DATE: 2018-01-11 12:00:00 UTC        
 READ IN fields at DATE: 2018-01-11 18:00:00 UTC        
 READ IN fields at DATE: 2018-01-12 00:00:00 UTC        
 READ IN fields at DATE: 2018-01-12 06:00:00 UTC        
 READ IN fields at DATE: 2018-01-12 12:00:00 UTC        
 READ IN fields at DATE: 2018-01-12 18:00:00 UTC        
 READ IN fields at DATE: 2018-01-13 00:00:00 UTC        
 READ IN fields at DATE: 2018-01-13 06:00:00 UTC        
 READ IN fields at DATE: 2018-01-13 12:00:00 UTC        
 READ IN fields at DATE: 2018-01-13 18:00:00 UTC        
 READ IN fields at DATE: 2018-01-14 00:00:00 UTC        
 READ IN fields at DATE: 2018-01-14 06:00:00 UTC        
 READ IN fields at DATE: 2018-01-14 12:00:00 UTC        
 READ IN fields at DATE: 2018-01-14 18:00:00 UTC        
 READ IN fields at DATE: 2018-01-15 00:00:00 UTC        
 READ IN fields at DATE: 2018-01-15 06:00:00 UTC        
 READ IN fields at DATE: 2018-01-15 12:00:00 UTC        
 READ IN fields at DATE: 2018-01-15 18:00:00 UTC        
 READ IN fields at DATE: 2018-01-16 00:00:00 UTC        
 READ IN fields at DATE: 2018-01-16 06:00:00 UTC        
 READ IN fields at DATE: 2018-01-16 12:00:00 UTC        
 READ IN fields at DATE: 2018-01-16 18:00:00 UTC        
 READ IN fields at DATE: 2018-01-17 00:00:00 UTC        
 READ IN fields at DATE: 2018-01-17 06:00:00 UTC        
 READ IN fields at DATE: 2018-01-17 12:00:00 UTC        
 READ IN fields at DATE: 2018-01-17 18:00:00 UTC        
 READ IN fields at DATE: 2018-01-18 00:00:00 UTC        
 READ IN fields at DATE: 2018-01-18 06:00:00 UTC        
 READ IN fields at DATE: 2018-01-18 12:00:00 UTC        
 READ IN fields at DATE: 2018-01-18 18:00:00 UTC        
 READ IN fields at DATE: 2018-01-19 00:00:00 UTC        
 READ IN fields at DATE: 2018-01-19 06:00:00 UTC        
 READ IN fields at DATE: 2018-01-19 12:00:00 UTC        
 READ IN fields at DATE: 2018-01-19 18:00:00 UTC        
 READ IN fields at DATE: 2018-01-20 00:00:00 UTC        
 READ IN fields at DATE: 2018-01-20 06:00:00 UTC        
 READ IN fields at DATE: 2018-01-20 12:00:00 UTC        
 READ IN fields at DATE: 2018-01-20 18:00:00 UTC        
 READ IN fields at DATE: 2018-01-21 00:00:00 UTC        
 READ IN fields at DATE: 2018-01-21 06:00:00 UTC        
 READ IN fields at DATE: 2018-01-21 12:00:00 UTC        
 READ IN fields at DATE: 2018-01-21 18:00:00 UTC        
 READ IN fields at DATE: 2018-01-22 00:00:00 UTC        
 READ IN fields at DATE: 2018-01-22 06:00:00 UTC        
 READ IN fields at DATE: 2018-01-22 12:00:00 UTC        
 READ IN fields at DATE: 2018-01-22 18:00:00 UTC        
 READ IN fields at DATE: 2018-01-23 00:00:00 UTC        
 READ IN fields at DATE: 2018-01-23 06:00:00 UTC        
 READ IN fields at DATE: 2018-01-23 12:00:00 UTC        
 READ IN fields at DATE: 2018-01-23 18:00:00 UTC        
 READ IN fields at DATE: 2018-01-24 00:00:00 UTC        
 READ IN fields at DATE: 2018-01-24 06:00:00 UTC        
 READ IN fields at DATE: 2018-01-24 12:00:00 UTC        
 READ IN fields at DATE: 2018-01-24 18:00:00 UTC        
 READ IN fields at DATE: 2018-01-25 00:00:00 UTC        
 READ IN fields at DATE: 2018-01-25 06:00:00 UTC        
 READ IN fields at DATE: 2018-01-25 12:00:00 UTC        
 READ IN fields at DATE: 2018-01-25 18:00:00 UTC        
 READ IN fields at DATE: 2018-01-26 00:00:00 UTC        
 READ IN fields at DATE: 2018-01-26 06:00:00 UTC        
 READ IN fields at DATE: 2018-01-26 12:00:00 UTC        
 READ IN fields at DATE: 2018-01-26 18:00:00 UTC        
 READ IN fields at DATE: 2018-01-27 00:00:00 UTC        
 READ IN fields at DATE: 2018-01-27 06:00:00 UTC        
 READ IN fields at DATE: 2018-01-27 12:00:00 UTC        
 READ IN fields at DATE: 2018-01-27 18:00:00 UTC        
 READ IN fields at DATE: 2018-01-28 00:00:00 UTC        
 READ IN fields at DATE: 2018-01-28 06:00:00 UTC        
 READ IN fields at DATE: 2018-01-28 12:00:00 UTC        
 READ IN fields at DATE: 2018-01-28 18:00:00 UTC        
 READ IN fields at DATE: 2018-01-29 00:00:00 UTC        
 READ IN fields at DATE: 2018-01-29 06:00:00 UTC        
 READ IN fields at DATE: 2018-01-29 12:00:00 UTC        
 READ IN fields at DATE: 2018-01-29 18:00:00 UTC        
 READ IN fields at DATE: 2018-01-30 00:00:00 UTC        
 READ IN fields at DATE: 2018-01-30 06:00:00 UTC        
 READ IN fields at DATE: 2018-01-30 12:00:00 UTC        
 READ IN fields at DATE: 2018-01-30 18:00:00 UTC        
 READ IN fields at DATE: 2018-01-31 00:00:00 UTC        
 READ IN fields at DATE: 2018-01-31 06:00:00 UTC        
 READ IN fields at DATE: 2018-01-31 12:00:00 UTC        
 READ IN fields at DATE: 2018-01-31 18:00:00 UTC        
      131072 /leonardo_work/ICT25_ESP/RCMDATA/ERA5/2018/tatm_2018_02.nc
  2.208519776504538E-003   249.718546008666     
      196608 /leonardo_work/ICT25_ESP/RCMDATA/ERA5/2018/geop_2018_02.nc
   7.50755666515343        240879.453252917     
      262144 /leonardo_work/ICT25_ESP/RCMDATA/ERA5/2018/qhum_2018_02.nc
  3.679029637154648E-007  1.200682866256716E-002
      327680 /leonardo_work/ICT25_ESP/RCMDATA/ERA5/2018/uwnd_2018_02.nc
  5.056664622555979E-003   7.37939152852857     
      393216 /leonardo_work/ICT25_ESP/RCMDATA/ERA5/2018/vwnd_2018_02.nc
  4.792278213481185E-003  -2.57930043598174     
 READ IN fields at DATE: 2018-02-01 00:00:00 UTC        
 READ IN fields at DATE: 2018-02-01 06:00:00 UTC        
 READ IN fields at DATE: 2018-02-01 12:00:00 UTC        
 READ IN fields at DATE: 2018-02-01 18:00:00 UTC        
 READ IN fields at DATE: 2018-02-02 00:00:00 UTC        
 READ IN fields at DATE: 2018-02-02 06:00:00 UTC        
 READ IN fields at DATE: 2018-02-02 12:00:00 UTC        
 READ IN fields at DATE: 2018-02-02 18:00:00 UTC        
 READ IN fields at DATE: 2018-02-03 00:00:00 UTC        
 READ IN fields at DATE: 2018-02-03 06:00:00 UTC        
 READ IN fields at DATE: 2018-02-03 12:00:00 UTC        
 READ IN fields at DATE: 2018-02-03 18:00:00 UTC        
 READ IN fields at DATE: 2018-02-04 00:00:00 UTC        
 READ IN fields at DATE: 2018-02-04 06:00:00 UTC        
 READ IN fields at DATE: 2018-02-04 12:00:00 UTC        
 READ IN fields at DATE: 2018-02-04 18:00:00 UTC        
 READ IN fields at DATE: 2018-02-05 00:00:00 UTC        
 READ IN fields at DATE: 2018-02-05 06:00:00 UTC        
 READ IN fields at DATE: 2018-02-05 12:00:00 UTC        
 READ IN fields at DATE: 2018-02-05 18:00:00 UTC        
 READ IN fields at DATE: 2018-02-06 00:00:00 UTC        
 READ IN fields at DATE: 2018-02-06 06:00:00 UTC        
 READ IN fields at DATE: 2018-02-06 12:00:00 UTC        
 READ IN fields at DATE: 2018-02-06 18:00:00 UTC        
 READ IN fields at DATE: 2018-02-07 00:00:00 UTC        
 READ IN fields at DATE: 2018-02-07 06:00:00 UTC        
 READ IN fields at DATE: 2018-02-07 12:00:00 UTC        
 READ IN fields at DATE: 2018-02-07 18:00:00 UTC        
 READ IN fields at DATE: 2018-02-08 00:00:00 UTC        
 READ IN fields at DATE: 2018-02-08 06:00:00 UTC        
 READ IN fields at DATE: 2018-02-08 12:00:00 UTC        
 READ IN fields at DATE: 2018-02-08 18:00:00 UTC        
 READ IN fields at DATE: 2018-02-09 00:00:00 UTC        
 READ IN fields at DATE: 2018-02-09 06:00:00 UTC        
 READ IN fields at DATE: 2018-02-09 12:00:00 UTC        
 READ IN fields at DATE: 2018-02-09 18:00:00 UTC        
 READ IN fields at DATE: 2018-02-10 00:00:00 UTC        
 READ IN fields at DATE: 2018-02-10 06:00:00 UTC        
 READ IN fields at DATE: 2018-02-10 12:00:00 UTC        
 READ IN fields at DATE: 2018-02-10 18:00:00 UTC        
 READ IN fields at DATE: 2018-02-11 00:00:00 UTC        
 READ IN fields at DATE: 2018-02-11 06:00:00 UTC        
 READ IN fields at DATE: 2018-02-11 12:00:00 UTC        
 READ IN fields at DATE: 2018-02-11 18:00:00 UTC        
 READ IN fields at DATE: 2018-02-12 00:00:00 UTC        
 READ IN fields at DATE: 2018-02-12 06:00:00 UTC        
 READ IN fields at DATE: 2018-02-12 12:00:00 UTC        
 READ IN fields at DATE: 2018-02-12 18:00:00 UTC        
 READ IN fields at DATE: 2018-02-13 00:00:00 UTC        
 READ IN fields at DATE: 2018-02-13 06:00:00 UTC        
 READ IN fields at DATE: 2018-02-13 12:00:00 UTC        
 READ IN fields at DATE: 2018-02-13 18:00:00 UTC        
 READ IN fields at DATE: 2018-02-14 00:00:00 UTC        
 READ IN fields at DATE: 2018-02-14 06:00:00 UTC        
 READ IN fields at DATE: 2018-02-14 12:00:00 UTC        
 READ IN fields at DATE: 2018-02-14 18:00:00 UTC        
 READ IN fields at DATE: 2018-02-15 00:00:00 UTC        
 READ IN fields at DATE: 2018-02-15 06:00:00 UTC        
 READ IN fields at DATE: 2018-02-15 12:00:00 UTC        
 READ IN fields at DATE: 2018-02-15 18:00:00 UTC        
 READ IN fields at DATE: 2018-02-16 00:00:00 UTC        
 READ IN fields at DATE: 2018-02-16 06:00:00 UTC        
 READ IN fields at DATE: 2018-02-16 12:00:00 UTC        
 READ IN fields at DATE: 2018-02-16 18:00:00 UTC        
 READ IN fields at DATE: 2018-02-17 00:00:00 UTC        
 READ IN fields at DATE: 2018-02-17 06:00:00 UTC        
 READ IN fields at DATE: 2018-02-17 12:00:00 UTC        
 READ IN fields at DATE: 2018-02-17 18:00:00 UTC        
 READ IN fields at DATE: 2018-02-18 00:00:00 UTC        
 READ IN fields at DATE: 2018-02-18 06:00:00 UTC        
 READ IN fields at DATE: 2018-02-18 12:00:00 UTC        
 READ IN fields at DATE: 2018-02-18 18:00:00 UTC        
 READ IN fields at DATE: 2018-02-19 00:00:00 UTC        
 READ IN fields at DATE: 2018-02-19 06:00:00 UTC        
 READ IN fields at DATE: 2018-02-19 12:00:00 UTC        
 READ IN fields at DATE: 2018-02-19 18:00:00 UTC        
 READ IN fields at DATE: 2018-02-20 00:00:00 UTC        
 READ IN fields at DATE: 2018-02-20 06:00:00 UTC        
 READ IN fields at DATE: 2018-02-20 12:00:00 UTC        
 READ IN fields at DATE: 2018-02-20 18:00:00 UTC        
 READ IN fields at DATE: 2018-02-21 00:00:00 UTC        
 READ IN fields at DATE: 2018-02-21 06:00:00 UTC        
 READ IN fields at DATE: 2018-02-21 12:00:00 UTC        
 READ IN fields at DATE: 2018-02-21 18:00:00 UTC        
 READ IN fields at DATE: 2018-02-22 00:00:00 UTC        
 READ IN fields at DATE: 2018-02-22 06:00:00 UTC        
 READ IN fields at DATE: 2018-02-22 12:00:00 UTC        
 READ IN fields at DATE: 2018-02-22 18:00:00 UTC        
 READ IN fields at DATE: 2018-02-23 00:00:00 UTC        
 READ IN fields at DATE: 2018-02-23 06:00:00 UTC        
 READ IN fields at DATE: 2018-02-23 12:00:00 UTC        
 READ IN fields at DATE: 2018-02-23 18:00:00 UTC        
 READ IN fields at DATE: 2018-02-24 00:00:00 UTC        
 READ IN fields at DATE: 2018-02-24 06:00:00 UTC        
 READ IN fields at DATE: 2018-02-24 12:00:00 UTC        
 READ IN fields at DATE: 2018-02-24 18:00:00 UTC        
 READ IN fields at DATE: 2018-02-25 00:00:00 UTC        
 READ IN fields at DATE: 2018-02-25 06:00:00 UTC        
 READ IN fields at DATE: 2018-02-25 12:00:00 UTC        
 READ IN fields at DATE: 2018-02-25 18:00:00 UTC        
 READ IN fields at DATE: 2018-02-26 00:00:00 UTC        
 READ IN fields at DATE: 2018-02-26 06:00:00 UTC        
 READ IN fields at DATE: 2018-02-26 12:00:00 UTC        
 READ IN fields at DATE: 2018-02-26 18:00:00 UTC        
 READ IN fields at DATE: 2018-02-27 00:00:00 UTC        
 READ IN fields at DATE: 2018-02-27 06:00:00 UTC        
 READ IN fields at DATE: 2018-02-27 12:00:00 UTC        
 READ IN fields at DATE: 2018-02-27 18:00:00 UTC        
 READ IN fields at DATE: 2018-02-28 00:00:00 UTC        
 READ IN fields at DATE: 2018-02-28 06:00:00 UTC        
 READ IN fields at DATE: 2018-02-28 12:00:00 UTC        
 READ IN fields at DATE: 2018-02-28 18:00:00 UTC        
      131072 /leonardo_work/ICT25_ESP/RCMDATA/ERA5/2018/tatm_2018_03.nc
  2.054956513664275E-003   249.652880297622     
      196608 /leonardo_work/ICT25_ESP/RCMDATA/ERA5/2018/geop_2018_03.nc
   7.33937356703874        235054.121328841     
      262144 /leonardo_work/ICT25_ESP/RCMDATA/ERA5/2018/qhum_2018_03.nc
  3.911776947816944E-007  1.266639908388973E-002
      327680 /leonardo_work/ICT25_ESP/RCMDATA/ERA5/2018/uwnd_2018_03.nc
  2.485208355785444E-003   19.7964258528534     
      393216 /leonardo_work/ICT25_ESP/RCMDATA/ERA5/2018/vwnd_2018_03.nc
  2.710594545251772E-003  -1.62894929141325     
 READ IN fields at DATE: 2018-03-01 00:00:00 UTC        
 READ IN fields at DATE: 2018-03-01 06:00:00 UTC        
 READ IN fields at DATE: 2018-03-01 12:00:00 UTC        
 READ IN fields at DATE: 2018-03-01 18:00:00 UTC        
 READ IN fields at DATE: 2018-03-02 00:00:00 UTC        
 READ IN fields at DATE: 2018-03-02 06:00:00 UTC        
 READ IN fields at DATE: 2018-03-02 12:00:00 UTC        
 READ IN fields at DATE: 2018-03-02 18:00:00 UTC        
 READ IN fields at DATE: 2018-03-03 00:00:00 UTC        
 READ IN fields at DATE: 2018-03-03 06:00:00 UTC        
 READ IN fields at DATE: 2018-03-03 12:00:00 UTC        
 READ IN fields at DATE: 2018-03-03 18:00:00 UTC        
 READ IN fields at DATE: 2018-03-04 00:00:00 UTC        
 READ IN fields at DATE: 2018-03-04 06:00:00 UTC        
 READ IN fields at DATE: 2018-03-04 12:00:00 UTC        
 READ IN fields at DATE: 2018-03-04 18:00:00 UTC        
 READ IN fields at DATE: 2018-03-05 00:00:00 UTC        
 READ IN fields at DATE: 2018-03-05 06:00:00 UTC        
 READ IN fields at DATE: 2018-03-05 12:00:00 UTC        
 READ IN fields at DATE: 2018-03-05 18:00:00 UTC        
 READ IN fields at DATE: 2018-03-06 00:00:00 UTC        
 READ IN fields at DATE: 2018-03-06 06:00:00 UTC        
 READ IN fields at DATE: 2018-03-06 12:00:00 UTC        
 READ IN fields at DATE: 2018-03-06 18:00:00 UTC        
 READ IN fields at DATE: 2018-03-07 00:00:00 UTC        
 READ IN fields at DATE: 2018-03-07 06:00:00 UTC        
 READ IN fields at DATE: 2018-03-07 12:00:00 UTC        
 READ IN fields at DATE: 2018-03-07 18:00:00 UTC        
 READ IN fields at DATE: 2018-03-08 00:00:00 UTC        
 READ IN fields at DATE: 2018-03-08 06:00:00 UTC        
 READ IN fields at DATE: 2018-03-08 12:00:00 UTC        
 READ IN fields at DATE: 2018-03-08 18:00:00 UTC        
 READ IN fields at DATE: 2018-03-09 00:00:00 UTC        
 READ IN fields at DATE: 2018-03-09 06:00:00 UTC        
 READ IN fields at DATE: 2018-03-09 12:00:00 UTC        
 READ IN fields at DATE: 2018-03-09 18:00:00 UTC        
 READ IN fields at DATE: 2018-03-10 00:00:00 UTC        
 READ IN fields at DATE: 2018-03-10 06:00:00 UTC        
 READ IN fields at DATE: 2018-03-10 12:00:00 UTC        
 READ IN fields at DATE: 2018-03-10 18:00:00 UTC        
 READ IN fields at DATE: 2018-03-11 00:00:00 UTC        
 READ IN fields at DATE: 2018-03-11 06:00:00 UTC        
 READ IN fields at DATE: 2018-03-11 12:00:00 UTC        
 READ IN fields at DATE: 2018-03-11 18:00:00 UTC        
 READ IN fields at DATE: 2018-03-12 00:00:00 UTC        
 READ IN fields at DATE: 2018-03-12 06:00:00 UTC        
 READ IN fields at DATE: 2018-03-12 12:00:00 UTC        
 READ IN fields at DATE: 2018-03-12 18:00:00 UTC        
 READ IN fields at DATE: 2018-03-13 00:00:00 UTC        
 READ IN fields at DATE: 2018-03-13 06:00:00 UTC        
 READ IN fields at DATE: 2018-03-13 12:00:00 UTC        
 READ IN fields at DATE: 2018-03-13 18:00:00 UTC        
 READ IN fields at DATE: 2018-03-14 00:00:00 UTC        
 READ IN fields at DATE: 2018-03-14 06:00:00 UTC        
 READ IN fields at DATE: 2018-03-14 12:00:00 UTC        
 READ IN fields at DATE: 2018-03-14 18:00:00 UTC        
 READ IN fields at DATE: 2018-03-15 00:00:00 UTC        
 READ IN fields at DATE: 2018-03-15 06:00:00 UTC        
 READ IN fields at DATE: 2018-03-15 12:00:00 UTC        
 READ IN fields at DATE: 2018-03-15 18:00:00 UTC        
 READ IN fields at DATE: 2018-03-16 00:00:00 UTC        
 READ IN fields at DATE: 2018-03-16 06:00:00 UTC        
 READ IN fields at DATE: 2018-03-16 12:00:00 UTC        
 READ IN fields at DATE: 2018-03-16 18:00:00 UTC        
 READ IN fields at DATE: 2018-03-17 00:00:00 UTC        
 READ IN fields at DATE: 2018-03-17 06:00:00 UTC        
 READ IN fields at DATE: 2018-03-17 12:00:00 UTC        
 READ IN fields at DATE: 2018-03-17 18:00:00 UTC        
 READ IN fields at DATE: 2018-03-18 00:00:00 UTC        
 READ IN fields at DATE: 2018-03-18 06:00:00 UTC        
 READ IN fields at DATE: 2018-03-18 12:00:00 UTC        
 READ IN fields at DATE: 2018-03-18 18:00:00 UTC        
 READ IN fields at DATE: 2018-03-19 00:00:00 UTC        
 READ IN fields at DATE: 2018-03-19 06:00:00 UTC        
 READ IN fields at DATE: 2018-03-19 12:00:00 UTC        
 READ IN fields at DATE: 2018-03-19 18:00:00 UTC        
 READ IN fields at DATE: 2018-03-20 00:00:00 UTC        
 READ IN fields at DATE: 2018-03-20 06:00:00 UTC        
 READ IN fields at DATE: 2018-03-20 12:00:00 UTC        
 READ IN fields at DATE: 2018-03-20 18:00:00 UTC        
 READ IN fields at DATE: 2018-03-21 00:00:00 UTC        
 READ IN fields at DATE: 2018-03-21 06:00:00 UTC        
 READ IN fields at DATE: 2018-03-21 12:00:00 UTC        
 READ IN fields at DATE: 2018-03-21 18:00:00 UTC        
 READ IN fields at DATE: 2018-03-22 00:00:00 UTC        
 READ IN fields at DATE: 2018-03-22 06:00:00 UTC        
 READ IN fields at DATE: 2018-03-22 12:00:00 UTC        
 READ IN fields at DATE: 2018-03-22 18:00:00 UTC        
 READ IN fields at DATE: 2018-03-23 00:00:00 UTC        
 READ IN fields at DATE: 2018-03-23 06:00:00 UTC        
 READ IN fields at DATE: 2018-03-23 12:00:00 UTC        
 READ IN fields at DATE: 2018-03-23 18:00:00 UTC        
 READ IN fields at DATE: 2018-03-24 00:00:00 UTC        
 READ IN fields at DATE: 2018-03-24 06:00:00 UTC        
 READ IN fields at DATE: 2018-03-24 12:00:00 UTC        
 READ IN fields at DATE: 2018-03-24 18:00:00 UTC        
 READ IN fields at DATE: 2018-03-25 00:00:00 UTC        
 READ IN fields at DATE: 2018-03-25 06:00:00 UTC        
 READ IN fields at DATE: 2018-03-25 12:00:00 UTC        
 READ IN fields at DATE: 2018-03-25 18:00:00 UTC        
 READ IN fields at DATE: 2018-03-26 00:00:00 UTC        
 READ IN fields at DATE: 2018-03-26 06:00:00 UTC        
 READ IN fields at DATE: 2018-03-26 12:00:00 UTC        
 READ IN fields at DATE: 2018-03-26 18:00:00 UTC        
 READ IN fields at DATE: 2018-03-27 00:00:00 UTC        
 READ IN fields at DATE: 2018-03-27 06:00:00 UTC        
 READ IN fields at DATE: 2018-03-27 12:00:00 UTC        
 READ IN fields at DATE: 2018-03-27 18:00:00 UTC        
 READ IN fields at DATE: 2018-03-28 00:00:00 UTC        
 READ IN fields at DATE: 2018-03-28 06:00:00 UTC        
 READ IN fields at DATE: 2018-03-28 12:00:00 UTC        
 READ IN fields at DATE: 2018-03-28 18:00:00 UTC        
 READ IN fields at DATE: 2018-03-29 00:00:00 UTC        
 READ IN fields at DATE: 2018-03-29 06:00:00 UTC        
 READ IN fields at DATE: 2018-03-29 12:00:00 UTC        
 READ IN fields at DATE: 2018-03-29 18:00:00 UTC        
 READ IN fields at DATE: 2018-03-30 00:00:00 UTC        
 READ IN fields at DATE: 2018-03-30 06:00:00 UTC        
 READ IN fields at DATE: 2018-03-30 12:00:00 UTC        
 READ IN fields at DATE: 2018-03-30 18:00:00 UTC        
 READ IN fields at DATE: 2018-03-31 00:00:00 UTC        
 READ IN fields at DATE: 2018-03-31 06:00:00 UTC        
 READ IN fields at DATE: 2018-03-31 12:00:00 UTC        
 READ IN fields at DATE: 2018-03-31 18:00:00 UTC        
      131072 /leonardo_work/ICT25_ESP/RCMDATA/ERA5/2018/tatm_2018_04.nc
  2.083016451843680E-003   250.242809199782     
      196608 /leonardo_work/ICT25_ESP/RCMDATA/ERA5/2018/geop_2018_04.nc
   7.31628822740070        234407.308652761     
      262144 /leonardo_work/ICT25_ESP/RCMDATA/ERA5/2018/qhum_2018_04.nc
  3.722363845173767E-007  1.214854529133251E-002
      327680 /leonardo_work/ICT25_ESP/RCMDATA/ERA5/2018/uwnd_2018_04.nc
  2.700764683993298E-003   35.5115051474432     
      393216 /leonardo_work/ICT25_ESP/RCMDATA/ERA5/2018/vwnd_2018_04.nc
  3.033240409412052E-003   9.06124277920936     
 READ IN fields at DATE: 2018-04-01 00:00:00 UTC        
 READ IN fields at DATE: 2018-04-01 06:00:00 UTC        
 READ IN fields at DATE: 2018-04-01 12:00:00 UTC        
 READ IN fields at DATE: 2018-04-01 18:00:00 UTC        
 READ IN fields at DATE: 2018-04-02 00:00:00 UTC        
 READ IN fields at DATE: 2018-04-02 06:00:00 UTC        
 READ IN fields at DATE: 2018-04-02 12:00:00 UTC        
 READ IN fields at DATE: 2018-04-02 18:00:00 UTC        
 READ IN fields at DATE: 2018-04-03 00:00:00 UTC        
 READ IN fields at DATE: 2018-04-03 06:00:00 UTC        
 READ IN fields at DATE: 2018-04-03 12:00:00 UTC        
 READ IN fields at DATE: 2018-04-03 18:00:00 UTC        
 READ IN fields at DATE: 2018-04-04 00:00:00 UTC        
 READ IN fields at DATE: 2018-04-04 06:00:00 UTC        
 READ IN fields at DATE: 2018-04-04 12:00:00 UTC        
 READ IN fields at DATE: 2018-04-04 18:00:00 UTC        
 READ IN fields at DATE: 2018-04-05 00:00:00 UTC        
 READ IN fields at DATE: 2018-04-05 06:00:00 UTC        
 READ IN fields at DATE: 2018-04-05 12:00:00 UTC        
 READ IN fields at DATE: 2018-04-05 18:00:00 UTC        
 READ IN fields at DATE: 2018-04-06 00:00:00 UTC        
 READ IN fields at DATE: 2018-04-06 06:00:00 UTC        
 READ IN fields at DATE: 2018-04-06 12:00:00 UTC        
 READ IN fields at DATE: 2018-04-06 18:00:00 UTC        
 READ IN fields at DATE: 2018-04-07 00:00:00 UTC        
 READ IN fields at DATE: 2018-04-07 06:00:00 UTC        
 READ IN fields at DATE: 2018-04-07 12:00:00 UTC        
 READ IN fields at DATE: 2018-04-07 18:00:00 UTC        
 READ IN fields at DATE: 2018-04-08 00:00:00 UTC        
 READ IN fields at DATE: 2018-04-08 06:00:00 UTC        
 READ IN fields at DATE: 2018-04-08 12:00:00 UTC        
 READ IN fields at DATE: 2018-04-08 18:00:00 UTC        
 READ IN fields at DATE: 2018-04-09 00:00:00 UTC        
 READ IN fields at DATE: 2018-04-09 06:00:00 UTC        
 READ IN fields at DATE: 2018-04-09 12:00:00 UTC        
 READ IN fields at DATE: 2018-04-09 18:00:00 UTC        
 READ IN fields at DATE: 2018-04-10 00:00:00 UTC        
 READ IN fields at DATE: 2018-04-10 06:00:00 UTC        
 READ IN fields at DATE: 2018-04-10 12:00:00 UTC        
 READ IN fields at DATE: 2018-04-10 18:00:00 UTC        
 READ IN fields at DATE: 2018-04-11 00:00:00 UTC        
 READ IN fields at DATE: 2018-04-11 06:00:00 UTC        
 READ IN fields at DATE: 2018-04-11 12:00:00 UTC        
 READ IN fields at DATE: 2018-04-11 18:00:00 UTC        
 READ IN fields at DATE: 2018-04-12 00:00:00 UTC        
 READ IN fields at DATE: 2018-04-12 06:00:00 UTC        
 READ IN fields at DATE: 2018-04-12 12:00:00 UTC        
 READ IN fields at DATE: 2018-04-12 18:00:00 UTC        
 READ IN fields at DATE: 2018-04-13 00:00:00 UTC        
 READ IN fields at DATE: 2018-04-13 06:00:00 UTC        
 READ IN fields at DATE: 2018-04-13 12:00:00 UTC        
 READ IN fields at DATE: 2018-04-13 18:00:00 UTC        
 READ IN fields at DATE: 2018-04-14 00:00:00 UTC        
 READ IN fields at DATE: 2018-04-14 06:00:00 UTC        
 READ IN fields at DATE: 2018-04-14 12:00:00 UTC        
 READ IN fields at DATE: 2018-04-14 18:00:00 UTC        
 READ IN fields at DATE: 2018-04-15 00:00:00 UTC        
 READ IN fields at DATE: 2018-04-15 06:00:00 UTC        
 READ IN fields at DATE: 2018-04-15 12:00:00 UTC        
 READ IN fields at DATE: 2018-04-15 18:00:00 UTC        
 READ IN fields at DATE: 2018-04-16 00:00:00 UTC        
 READ IN fields at DATE: 2018-04-16 06:00:00 UTC        
 READ IN fields at DATE: 2018-04-16 12:00:00 UTC        
 READ IN fields at DATE: 2018-04-16 18:00:00 UTC        
 READ IN fields at DATE: 2018-04-17 00:00:00 UTC        
 READ IN fields at DATE: 2018-04-17 06:00:00 UTC        
 READ IN fields at DATE: 2018-04-17 12:00:00 UTC        
 READ IN fields at DATE: 2018-04-17 18:00:00 UTC        
 READ IN fields at DATE: 2018-04-18 00:00:00 UTC        
 READ IN fields at DATE: 2018-04-18 06:00:00 UTC        
 READ IN fields at DATE: 2018-04-18 12:00:00 UTC        
 READ IN fields at DATE: 2018-04-18 18:00:00 UTC        
 READ IN fields at DATE: 2018-04-19 00:00:00 UTC        
 READ IN fields at DATE: 2018-04-19 06:00:00 UTC        
 READ IN fields at DATE: 2018-04-19 12:00:00 UTC        
 READ IN fields at DATE: 2018-04-19 18:00:00 UTC        
 READ IN fields at DATE: 2018-04-20 00:00:00 UTC        
 READ IN fields at DATE: 2018-04-20 06:00:00 UTC        
 READ IN fields at DATE: 2018-04-20 12:00:00 UTC        
 READ IN fields at DATE: 2018-04-20 18:00:00 UTC        
 READ IN fields at DATE: 2018-04-21 00:00:00 UTC        
 READ IN fields at DATE: 2018-04-21 06:00:00 UTC        
 READ IN fields at DATE: 2018-04-21 12:00:00 UTC        
 READ IN fields at DATE: 2018-04-21 18:00:00 UTC        
 READ IN fields at DATE: 2018-04-22 00:00:00 UTC        
 READ IN fields at DATE: 2018-04-22 06:00:00 UTC        
 READ IN fields at DATE: 2018-04-22 12:00:00 UTC        
 READ IN fields at DATE: 2018-04-22 18:00:00 UTC        
 READ IN fields at DATE: 2018-04-23 00:00:00 UTC        
 READ IN fields at DATE: 2018-04-23 06:00:00 UTC        
 READ IN fields at DATE: 2018-04-23 12:00:00 UTC        
 READ IN fields at DATE: 2018-04-23 18:00:00 UTC        
 READ IN fields at DATE: 2018-04-24 00:00:00 UTC        
 READ IN fields at DATE: 2018-04-24 06:00:00 UTC        
 READ IN fields at DATE: 2018-04-24 12:00:00 UTC        
 READ IN fields at DATE: 2018-04-24 18:00:00 UTC        
 READ IN fields at DATE: 2018-04-25 00:00:00 UTC        
 READ IN fields at DATE: 2018-04-25 06:00:00 UTC        
 READ IN fields at DATE: 2018-04-25 12:00:00 UTC        
 READ IN fields at DATE: 2018-04-25 18:00:00 UTC        
 READ IN fields at DATE: 2018-04-26 00:00:00 UTC        
 READ IN fields at DATE: 2018-04-26 06:00:00 UTC        
 READ IN fields at DATE: 2018-04-26 12:00:00 UTC        
 READ IN fields at DATE: 2018-04-26 18:00:00 UTC        
 READ IN fields at DATE: 2018-04-27 00:00:00 UTC        
 READ IN fields at DATE: 2018-04-27 06:00:00 UTC        
 READ IN fields at DATE: 2018-04-27 12:00:00 UTC        
 READ IN fields at DATE: 2018-04-27 18:00:00 UTC        
 READ IN fields at DATE: 2018-04-28 00:00:00 UTC        
 READ IN fields at DATE: 2018-04-28 06:00:00 UTC        
 READ IN fields at DATE: 2018-04-28 12:00:00 UTC        
 READ IN fields at DATE: 2018-04-28 18:00:00 UTC        
 READ IN fields at DATE: 2018-04-29 00:00:00 UTC        
 READ IN fields at DATE: 2018-04-29 06:00:00 UTC        
 READ IN fields at DATE: 2018-04-29 12:00:00 UTC        
 READ IN fields at DATE: 2018-04-29 18:00:00 UTC        
 READ IN fields at DATE: 2018-04-30 00:00:00 UTC        
 READ IN fields at DATE: 2018-04-30 06:00:00 UTC        
 READ IN fields at DATE: 2018-04-30 12:00:00 UTC        
 READ IN fields at DATE: 2018-04-30 18:00:00 UTC        
      131072 /leonardo_work/ICT25_ESP/RCMDATA/ERA5/2018/tatm_2018_05.nc
  2.109760603823885E-003   252.349943044503     
      196608 /leonardo_work/ICT25_ESP/RCMDATA/ERA5/2018/geop_2018_05.nc
   7.49729275231563        240156.833384874     
      262144 /leonardo_work/ICT25_ESP/RCMDATA/ERA5/2018/qhum_2018_05.nc
  3.824443947805389E-007  1.243594751801582E-002
      327680 /leonardo_work/ICT25_ESP/RCMDATA/ERA5/2018/uwnd_2018_05.nc
  3.476363020199508E-003   56.9995435567712     
      393216 /leonardo_work/ICT25_ESP/RCMDATA/ERA5/2018/vwnd_2018_05.nc
  2.622482273959303E-003  -3.31832784269948     
 READ IN fields at DATE: 2018-05-01 00:00:00 UTC        
 READ IN fields at DATE: 2018-05-01 06:00:00 UTC        
 READ IN fields at DATE: 2018-05-01 12:00:00 UTC        
 READ IN fields at DATE: 2018-05-01 18:00:00 UTC        
 READ IN fields at DATE: 2018-05-02 00:00:00 UTC        
 READ IN fields at DATE: 2018-05-02 06:00:00 UTC        
 READ IN fields at DATE: 2018-05-02 12:00:00 UTC        
 READ IN fields at DATE: 2018-05-02 18:00:00 UTC        
 READ IN fields at DATE: 2018-05-03 00:00:00 UTC        
 READ IN fields at DATE: 2018-05-03 06:00:00 UTC        
 READ IN fields at DATE: 2018-05-03 12:00:00 UTC        
 READ IN fields at DATE: 2018-05-03 18:00:00 UTC        
 READ IN fields at DATE: 2018-05-04 00:00:00 UTC        
 READ IN fields at DATE: 2018-05-04 06:00:00 UTC        
 READ IN fields at DATE: 2018-05-04 12:00:00 UTC        
 READ IN fields at DATE: 2018-05-04 18:00:00 UTC        
 READ IN fields at DATE: 2018-05-05 00:00:00 UTC        
 READ IN fields at DATE: 2018-05-05 06:00:00 UTC        
 READ IN fields at DATE: 2018-05-05 12:00:00 UTC        
 READ IN fields at DATE: 2018-05-05 18:00:00 UTC        
 READ IN fields at DATE: 2018-05-06 00:00:00 UTC        
 READ IN fields at DATE: 2018-05-06 06:00:00 UTC        
 READ IN fields at DATE: 2018-05-06 12:00:00 UTC        
 READ IN fields at DATE: 2018-05-06 18:00:00 UTC        
 READ IN fields at DATE: 2018-05-07 00:00:00 UTC        
 READ IN fields at DATE: 2018-05-07 06:00:00 UTC        
 READ IN fields at DATE: 2018-05-07 12:00:00 UTC        
 READ IN fields at DATE: 2018-05-07 18:00:00 UTC        
 READ IN fields at DATE: 2018-05-08 00:00:00 UTC        
 READ IN fields at DATE: 2018-05-08 06:00:00 UTC        
 READ IN fields at DATE: 2018-05-08 12:00:00 UTC        
 READ IN fields at DATE: 2018-05-08 18:00:00 UTC        
 READ IN fields at DATE: 2018-05-09 00:00:00 UTC        
 READ IN fields at DATE: 2018-05-09 06:00:00 UTC        
 READ IN fields at DATE: 2018-05-09 12:00:00 UTC        
 READ IN fields at DATE: 2018-05-09 18:00:00 UTC        
 READ IN fields at DATE: 2018-05-10 00:00:00 UTC        
 READ IN fields at DATE: 2018-05-10 06:00:00 UTC        
 READ IN fields at DATE: 2018-05-10 12:00:00 UTC        
 READ IN fields at DATE: 2018-05-10 18:00:00 UTC        
 READ IN fields at DATE: 2018-05-11 00:00:00 UTC        
 READ IN fields at DATE: 2018-05-11 06:00:00 UTC        
 READ IN fields at DATE: 2018-05-11 12:00:00 UTC        
 READ IN fields at DATE: 2018-05-11 18:00:00 UTC        
 READ IN fields at DATE: 2018-05-12 00:00:00 UTC        
 READ IN fields at DATE: 2018-05-12 06:00:00 UTC        
 READ IN fields at DATE: 2018-05-12 12:00:00 UTC        
 READ IN fields at DATE: 2018-05-12 18:00:00 UTC        
 READ IN fields at DATE: 2018-05-13 00:00:00 UTC        
 READ IN fields at DATE: 2018-05-13 06:00:00 UTC        
 READ IN fields at DATE: 2018-05-13 12:00:00 UTC        
 READ IN fields at DATE: 2018-05-13 18:00:00 UTC        
 READ IN fields at DATE: 2018-05-14 00:00:00 UTC        
 READ IN fields at DATE: 2018-05-14 06:00:00 UTC        
 READ IN fields at DATE: 2018-05-14 12:00:00 UTC        
 READ IN fields at DATE: 2018-05-14 18:00:00 UTC        
 READ IN fields at DATE: 2018-05-15 00:00:00 UTC        
 READ IN fields at DATE: 2018-05-15 06:00:00 UTC        
 READ IN fields at DATE: 2018-05-15 12:00:00 UTC        
 READ IN fields at DATE: 2018-05-15 18:00:00 UTC        
 READ IN fields at DATE: 2018-05-16 00:00:00 UTC        
 READ IN fields at DATE: 2018-05-16 06:00:00 UTC        
 READ IN fields at DATE: 2018-05-16 12:00:00 UTC        
 READ IN fields at DATE: 2018-05-16 18:00:00 UTC        
 READ IN fields at DATE: 2018-05-17 00:00:00 UTC        
 READ IN fields at DATE: 2018-05-17 06:00:00 UTC        
 READ IN fields at DATE: 2018-05-17 12:00:00 UTC        
 READ IN fields at DATE: 2018-05-17 18:00:00 UTC        
 READ IN fields at DATE: 2018-05-18 00:00:00 UTC        
 READ IN fields at DATE: 2018-05-18 06:00:00 UTC        
 READ IN fields at DATE: 2018-05-18 12:00:00 UTC        
 READ IN fields at DATE: 2018-05-18 18:00:00 UTC        
 READ IN fields at DATE: 2018-05-19 00:00:00 UTC        
 READ IN fields at DATE: 2018-05-19 06:00:00 UTC        
 READ IN fields at DATE: 2018-05-19 12:00:00 UTC        
 READ IN fields at DATE: 2018-05-19 18:00:00 UTC        
 READ IN fields at DATE: 2018-05-20 00:00:00 UTC        
 READ IN fields at DATE: 2018-05-20 06:00:00 UTC        
 READ IN fields at DATE: 2018-05-20 12:00:00 UTC        
 READ IN fields at DATE: 2018-05-20 18:00:00 UTC        
 READ IN fields at DATE: 2018-05-21 00:00:00 UTC        
 READ IN fields at DATE: 2018-05-21 06:00:00 UTC        
 READ IN fields at DATE: 2018-05-21 12:00:00 UTC        
 READ IN fields at DATE: 2018-05-21 18:00:00 UTC        
 READ IN fields at DATE: 2018-05-22 00:00:00 UTC        
 READ IN fields at DATE: 2018-05-22 06:00:00 UTC        
 READ IN fields at DATE: 2018-05-22 12:00:00 UTC        
 READ IN fields at DATE: 2018-05-22 18:00:00 UTC        
 READ IN fields at DATE: 2018-05-23 00:00:00 UTC        
 READ IN fields at DATE: 2018-05-23 06:00:00 UTC        
 READ IN fields at DATE: 2018-05-23 12:00:00 UTC        
 READ IN fields at DATE: 2018-05-23 18:00:00 UTC        
 READ IN fields at DATE: 2018-05-24 00:00:00 UTC        
 READ IN fields at DATE: 2018-05-24 06:00:00 UTC        
 READ IN fields at DATE: 2018-05-24 12:00:00 UTC        
 READ IN fields at DATE: 2018-05-24 18:00:00 UTC        
 READ IN fields at DATE: 2018-05-25 00:00:00 UTC        
 READ IN fields at DATE: 2018-05-25 06:00:00 UTC        
 READ IN fields at DATE: 2018-05-25 12:00:00 UTC        
 READ IN fields at DATE: 2018-05-25 18:00:00 UTC        
 READ IN fields at DATE: 2018-05-26 00:00:00 UTC        
 READ IN fields at DATE: 2018-05-26 06:00:00 UTC        
 READ IN fields at DATE: 2018-05-26 12:00:00 UTC        
 READ IN fields at DATE: 2018-05-26 18:00:00 UTC        
 READ IN fields at DATE: 2018-05-27 00:00:00 UTC        
 READ IN fields at DATE: 2018-05-27 06:00:00 UTC        
 READ IN fields at DATE: 2018-05-27 12:00:00 UTC        
 READ IN fields at DATE: 2018-05-27 18:00:00 UTC        
 READ IN fields at DATE: 2018-05-28 00:00:00 UTC        
 READ IN fields at DATE: 2018-05-28 06:00:00 UTC        
 READ IN fields at DATE: 2018-05-28 12:00:00 UTC        
 READ IN fields at DATE: 2018-05-28 18:00:00 UTC        
 READ IN fields at DATE: 2018-05-29 00:00:00 UTC        
 READ IN fields at DATE: 2018-05-29 06:00:00 UTC        
 READ IN fields at DATE: 2018-05-29 12:00:00 UTC        
 READ IN fields at DATE: 2018-05-29 18:00:00 UTC        
 READ IN fields at DATE: 2018-05-30 00:00:00 UTC        
 READ IN fields at DATE: 2018-05-30 06:00:00 UTC        
 READ IN fields at DATE: 2018-05-30 12:00:00 UTC        
 READ IN fields at DATE: 2018-05-30 18:00:00 UTC        
 READ IN fields at DATE: 2018-05-31 00:00:00 UTC        
 READ IN fields at DATE: 2018-05-31 06:00:00 UTC        
 READ IN fields at DATE: 2018-05-31 12:00:00 UTC        
 READ IN fields at DATE: 2018-05-31 18:00:00 UTC        
      131072 /leonardo_work/ICT25_ESP/RCMDATA/ERA5/2018/tatm_2018_06.nc
  2.358414391786033E-003   246.377612601886     
      196608 /leonardo_work/ICT25_ESP/RCMDATA/ERA5/2018/geop_2018_06.nc
   7.61178820451147        243091.473402773     
      262144 /leonardo_work/ICT25_ESP/RCMDATA/ERA5/2018/qhum_2018_06.nc
  4.538295956917415E-007  1.479002557111130E-002
      327680 /leonardo_work/ICT25_ESP/RCMDATA/ERA5/2018/uwnd_2018_06.nc
  3.886212143208145E-003   58.8629860931471     
      393216 /leonardo_work/ICT25_ESP/RCMDATA/ERA5/2018/vwnd_2018_06.nc
  2.516890373263160E-003  -2.15522725622179     
 READ IN fields at DATE: 2018-06-01 00:00:00 UTC        
 READ IN fields at DATE: 2018-06-01 06:00:00 UTC        
 READ IN fields at DATE: 2018-06-01 12:00:00 UTC        
 READ IN fields at DATE: 2018-06-01 18:00:00 UTC        
 READ IN fields at DATE: 2018-06-02 00:00:00 UTC        
 READ IN fields at DATE: 2018-06-02 06:00:00 UTC        
 READ IN fields at DATE: 2018-06-02 12:00:00 UTC        
 READ IN fields at DATE: 2018-06-02 18:00:00 UTC        
 READ IN fields at DATE: 2018-06-03 00:00:00 UTC        
 READ IN fields at DATE: 2018-06-03 06:00:00 UTC        
 READ IN fields at DATE: 2018-06-03 12:00:00 UTC        
 READ IN fields at DATE: 2018-06-03 18:00:00 UTC        
 READ IN fields at DATE: 2018-06-04 00:00:00 UTC        
 READ IN fields at DATE: 2018-06-04 06:00:00 UTC        
 READ IN fields at DATE: 2018-06-04 12:00:00 UTC        
 READ IN fields at DATE: 2018-06-04 18:00:00 UTC        
 READ IN fields at DATE: 2018-06-05 00:00:00 UTC        
 READ IN fields at DATE: 2018-06-05 06:00:00 UTC        
 READ IN fields at DATE: 2018-06-05 12:00:00 UTC        
 READ IN fields at DATE: 2018-06-05 18:00:00 UTC        
 READ IN fields at DATE: 2018-06-06 00:00:00 UTC        
 READ IN fields at DATE: 2018-06-06 06:00:00 UTC        
 READ IN fields at DATE: 2018-06-06 12:00:00 UTC        
 READ IN fields at DATE: 2018-06-06 18:00:00 UTC        
 READ IN fields at DATE: 2018-06-07 00:00:00 UTC        
 READ IN fields at DATE: 2018-06-07 06:00:00 UTC        
 READ IN fields at DATE: 2018-06-07 12:00:00 UTC        
 READ IN fields at DATE: 2018-06-07 18:00:00 UTC        
 READ IN fields at DATE: 2018-06-08 00:00:00 UTC        
 READ IN fields at DATE: 2018-06-08 06:00:00 UTC        
 READ IN fields at DATE: 2018-06-08 12:00:00 UTC        
 READ IN fields at DATE: 2018-06-08 18:00:00 UTC        
 READ IN fields at DATE: 2018-06-09 00:00:00 UTC        
 READ IN fields at DATE: 2018-06-09 06:00:00 UTC        
 READ IN fields at DATE: 2018-06-09 12:00:00 UTC        
 READ IN fields at DATE: 2018-06-09 18:00:00 UTC        
 READ IN fields at DATE: 2018-06-10 00:00:00 UTC        
 READ IN fields at DATE: 2018-06-10 06:00:00 UTC        
 READ IN fields at DATE: 2018-06-10 12:00:00 UTC        
 READ IN fields at DATE: 2018-06-10 18:00:00 UTC        
 READ IN fields at DATE: 2018-06-11 00:00:00 UTC        
 READ IN fields at DATE: 2018-06-11 06:00:00 UTC        
 READ IN fields at DATE: 2018-06-11 12:00:00 UTC        
 READ IN fields at DATE: 2018-06-11 18:00:00 UTC        
 READ IN fields at DATE: 2018-06-12 00:00:00 UTC        
 READ IN fields at DATE: 2018-06-12 06:00:00 UTC        
 READ IN fields at DATE: 2018-06-12 12:00:00 UTC        
 READ IN fields at DATE: 2018-06-12 18:00:00 UTC        
 READ IN fields at DATE: 2018-06-13 00:00:00 UTC        
 READ IN fields at DATE: 2018-06-13 06:00:00 UTC        
 READ IN fields at DATE: 2018-06-13 12:00:00 UTC        
 READ IN fields at DATE: 2018-06-13 18:00:00 UTC        
 READ IN fields at DATE: 2018-06-14 00:00:00 UTC        
 READ IN fields at DATE: 2018-06-14 06:00:00 UTC        
 READ IN fields at DATE: 2018-06-14 12:00:00 UTC        
 READ IN fields at DATE: 2018-06-14 18:00:00 UTC        
 READ IN fields at DATE: 2018-06-15 00:00:00 UTC        
 READ IN fields at DATE: 2018-06-15 06:00:00 UTC        
 READ IN fields at DATE: 2018-06-15 12:00:00 UTC        
 READ IN fields at DATE: 2018-06-15 18:00:00 UTC        
 READ IN fields at DATE: 2018-06-16 00:00:00 UTC        
 READ IN fields at DATE: 2018-06-16 06:00:00 UTC        
 READ IN fields at DATE: 2018-06-16 12:00:00 UTC        
 READ IN fields at DATE: 2018-06-16 18:00:00 UTC        
 READ IN fields at DATE: 2018-06-17 00:00:00 UTC        
 READ IN fields at DATE: 2018-06-17 06:00:00 UTC        
 READ IN fields at DATE: 2018-06-17 12:00:00 UTC        
 READ IN fields at DATE: 2018-06-17 18:00:00 UTC        
 READ IN fields at DATE: 2018-06-18 00:00:00 UTC        
 READ IN fields at DATE: 2018-06-18 06:00:00 UTC        
 READ IN fields at DATE: 2018-06-18 12:00:00 UTC        
 READ IN fields at DATE: 2018-06-18 18:00:00 UTC        
 READ IN fields at DATE: 2018-06-19 00:00:00 UTC        
 READ IN fields at DATE: 2018-06-19 06:00:00 UTC        
 READ IN fields at DATE: 2018-06-19 12:00:00 UTC        
 READ IN fields at DATE: 2018-06-19 18:00:00 UTC        
 READ IN fields at DATE: 2018-06-20 00:00:00 UTC        
 READ IN fields at DATE: 2018-06-20 06:00:00 UTC        
 READ IN fields at DATE: 2018-06-20 12:00:00 UTC        
 READ IN fields at DATE: 2018-06-20 18:00:00 UTC        
 READ IN fields at DATE: 2018-06-21 00:00:00 UTC        
 READ IN fields at DATE: 2018-06-21 06:00:00 UTC        
 READ IN fields at DATE: 2018-06-21 12:00:00 UTC        
 READ IN fields at DATE: 2018-06-21 18:00:00 UTC        
 READ IN fields at DATE: 2018-06-22 00:00:00 UTC        
 READ IN fields at DATE: 2018-06-22 06:00:00 UTC        
 READ IN fields at DATE: 2018-06-22 12:00:00 UTC        
 READ IN fields at DATE: 2018-06-22 18:00:00 UTC        
 READ IN fields at DATE: 2018-06-23 00:00:00 UTC        
 READ IN fields at DATE: 2018-06-23 06:00:00 UTC        
 READ IN fields at DATE: 2018-06-23 12:00:00 UTC        
 READ IN fields at DATE: 2018-06-23 18:00:00 UTC        
 READ IN fields at DATE: 2018-06-24 00:00:00 UTC        
 READ IN fields at DATE: 2018-06-24 06:00:00 UTC        
 READ IN fields at DATE: 2018-06-24 12:00:00 UTC        
 READ IN fields at DATE: 2018-06-24 18:00:00 UTC        
 READ IN fields at DATE: 2018-06-25 00:00:00 UTC        
 READ IN fields at DATE: 2018-06-25 06:00:00 UTC        
 READ IN fields at DATE: 2018-06-25 12:00:00 UTC        
 READ IN fields at DATE: 2018-06-25 18:00:00 UTC        
 READ IN fields at DATE: 2018-06-26 00:00:00 UTC        
 READ IN fields at DATE: 2018-06-26 06:00:00 UTC        
 READ IN fields at DATE: 2018-06-26 12:00:00 UTC        
 READ IN fields at DATE: 2018-06-26 18:00:00 UTC        
 READ IN fields at DATE: 2018-06-27 00:00:00 UTC        
 READ IN fields at DATE: 2018-06-27 06:00:00 UTC        
 READ IN fields at DATE: 2018-06-27 12:00:00 UTC        
 READ IN fields at DATE: 2018-06-27 18:00:00 UTC        
 READ IN fields at DATE: 2018-06-28 00:00:00 UTC        
 READ IN fields at DATE: 2018-06-28 06:00:00 UTC        
 READ IN fields at DATE: 2018-06-28 12:00:00 UTC        
 READ IN fields at DATE: 2018-06-28 18:00:00 UTC        
 READ IN fields at DATE: 2018-06-29 00:00:00 UTC        
 READ IN fields at DATE: 2018-06-29 06:00:00 UTC        
 READ IN fields at DATE: 2018-06-29 12:00:00 UTC        
 READ IN fields at DATE: 2018-06-29 18:00:00 UTC        
 READ IN fields at DATE: 2018-06-30 00:00:00 UTC        
 READ IN fields at DATE: 2018-06-30 06:00:00 UTC        
 READ IN fields at DATE: 2018-06-30 12:00:00 UTC        
 READ IN fields at DATE: 2018-06-30 18:00:00 UTC        
      131072 /leonardo_work/ICT25_ESP/RCMDATA/ERA5/2018/tatm_2018_07.nc
  2.312027514703947E-003   247.946140128821     
      196608 /leonardo_work/ICT25_ESP/RCMDATA/ERA5/2018/geop_2018_07.nc
   7.61774602108861        243554.628626989     
      262144 /leonardo_work/ICT25_ESP/RCMDATA/ERA5/2018/qhum_2018_07.nc
  4.606804712371021E-007  1.502960346782183E-002
      327680 /leonardo_work/ICT25_ESP/RCMDATA/ERA5/2018/uwnd_2018_07.nc
  4.231343957612482E-003   66.7217155047790     
      393216 /leonardo_work/ICT25_ESP/RCMDATA/ERA5/2018/vwnd_2018_07.nc
  2.889190576500460E-003   13.1456577606688     
 READ IN fields at DATE: 2018-07-01 00:00:00 UTC        
 READ IN fields at DATE: 2018-07-01 06:00:00 UTC        
 READ IN fields at DATE: 2018-07-01 12:00:00 UTC        
 READ IN fields at DATE: 2018-07-01 18:00:00 UTC        
 READ IN fields at DATE: 2018-07-02 00:00:00 UTC        
 READ IN fields at DATE: 2018-07-02 06:00:00 UTC        
 READ IN fields at DATE: 2018-07-02 12:00:00 UTC        
 READ IN fields at DATE: 2018-07-02 18:00:00 UTC        
 READ IN fields at DATE: 2018-07-03 00:00:00 UTC        
 READ IN fields at DATE: 2018-07-03 06:00:00 UTC        
 READ IN fields at DATE: 2018-07-03 12:00:00 UTC        
 READ IN fields at DATE: 2018-07-03 18:00:00 UTC        
 READ IN fields at DATE: 2018-07-04 00:00:00 UTC        
 READ IN fields at DATE: 2018-07-04 06:00:00 UTC        
 READ IN fields at DATE: 2018-07-04 12:00:00 UTC        
 READ IN fields at DATE: 2018-07-04 18:00:00 UTC        
 READ IN fields at DATE: 2018-07-05 00:00:00 UTC        
 READ IN fields at DATE: 2018-07-05 06:00:00 UTC        
 READ IN fields at DATE: 2018-07-05 12:00:00 UTC        
 READ IN fields at DATE: 2018-07-05 18:00:00 UTC        
 READ IN fields at DATE: 2018-07-06 00:00:00 UTC        
 READ IN fields at DATE: 2018-07-06 06:00:00 UTC        
 READ IN fields at DATE: 2018-07-06 12:00:00 UTC        
 READ IN fields at DATE: 2018-07-06 18:00:00 UTC        
 READ IN fields at DATE: 2018-07-07 00:00:00 UTC        
 READ IN fields at DATE: 2018-07-07 06:00:00 UTC        
 READ IN fields at DATE: 2018-07-07 12:00:00 UTC        
 READ IN fields at DATE: 2018-07-07 18:00:00 UTC        
 READ IN fields at DATE: 2018-07-08 00:00:00 UTC        
 READ IN fields at DATE: 2018-07-08 06:00:00 UTC        
 READ IN fields at DATE: 2018-07-08 12:00:00 UTC        
 READ IN fields at DATE: 2018-07-08 18:00:00 UTC        
 READ IN fields at DATE: 2018-07-09 00:00:00 UTC        
 READ IN fields at DATE: 2018-07-09 06:00:00 UTC        
 READ IN fields at DATE: 2018-07-09 12:00:00 UTC        
 READ IN fields at DATE: 2018-07-09 18:00:00 UTC        
 READ IN fields at DATE: 2018-07-10 00:00:00 UTC        
 READ IN fields at DATE: 2018-07-10 06:00:00 UTC        
 READ IN fields at DATE: 2018-07-10 12:00:00 UTC        
 READ IN fields at DATE: 2018-07-10 18:00:00 UTC        
 READ IN fields at DATE: 2018-07-11 00:00:00 UTC        
 READ IN fields at DATE: 2018-07-11 06:00:00 UTC        
 READ IN fields at DATE: 2018-07-11 12:00:00 UTC        
 READ IN fields at DATE: 2018-07-11 18:00:00 UTC        
 READ IN fields at DATE: 2018-07-12 00:00:00 UTC        
 READ IN fields at DATE: 2018-07-12 06:00:00 UTC        
 READ IN fields at DATE: 2018-07-12 12:00:00 UTC        
 READ IN fields at DATE: 2018-07-12 18:00:00 UTC        
 READ IN fields at DATE: 2018-07-13 00:00:00 UTC        
 READ IN fields at DATE: 2018-07-13 06:00:00 UTC        
 READ IN fields at DATE: 2018-07-13 12:00:00 UTC        
 READ IN fields at DATE: 2018-07-13 18:00:00 UTC        
 READ IN fields at DATE: 2018-07-14 00:00:00 UTC        
 READ IN fields at DATE: 2018-07-14 06:00:00 UTC        
 READ IN fields at DATE: 2018-07-14 12:00:00 UTC        
 READ IN fields at DATE: 2018-07-14 18:00:00 UTC        
 READ IN fields at DATE: 2018-07-15 00:00:00 UTC        
 READ IN fields at DATE: 2018-07-15 06:00:00 UTC        
 READ IN fields at DATE: 2018-07-15 12:00:00 UTC        
 READ IN fields at DATE: 2018-07-15 18:00:00 UTC        
 READ IN fields at DATE: 2018-07-16 00:00:00 UTC        
 READ IN fields at DATE: 2018-07-16 06:00:00 UTC        
 READ IN fields at DATE: 2018-07-16 12:00:00 UTC        
 READ IN fields at DATE: 2018-07-16 18:00:00 UTC        
 READ IN fields at DATE: 2018-07-17 00:00:00 UTC        
 READ IN fields at DATE: 2018-07-17 06:00:00 UTC        
 READ IN fields at DATE: 2018-07-17 12:00:00 UTC        
 READ IN fields at DATE: 2018-07-17 18:00:00 UTC        
 READ IN fields at DATE: 2018-07-18 00:00:00 UTC        
 READ IN fields at DATE: 2018-07-18 06:00:00 UTC        
 READ IN fields at DATE: 2018-07-18 12:00:00 UTC        
 READ IN fields at DATE: 2018-07-18 18:00:00 UTC        
 READ IN fields at DATE: 2018-07-19 00:00:00 UTC        
 READ IN fields at DATE: 2018-07-19 06:00:00 UTC        
 READ IN fields at DATE: 2018-07-19 12:00:00 UTC        
 READ IN fields at DATE: 2018-07-19 18:00:00 UTC        
 READ IN fields at DATE: 2018-07-20 00:00:00 UTC        
 READ IN fields at DATE: 2018-07-20 06:00:00 UTC        
 READ IN fields at DATE: 2018-07-20 12:00:00 UTC        
 READ IN fields at DATE: 2018-07-20 18:00:00 UTC        
 READ IN fields at DATE: 2018-07-21 00:00:00 UTC        
 READ IN fields at DATE: 2018-07-21 06:00:00 UTC        
 READ IN fields at DATE: 2018-07-21 12:00:00 UTC        
 READ IN fields at DATE: 2018-07-21 18:00:00 UTC        
 READ IN fields at DATE: 2018-07-22 00:00:00 UTC        
 READ IN fields at DATE: 2018-07-22 06:00:00 UTC        
 READ IN fields at DATE: 2018-07-22 12:00:00 UTC        
 READ IN fields at DATE: 2018-07-22 18:00:00 UTC        
 READ IN fields at DATE: 2018-07-23 00:00:00 UTC        
 READ IN fields at DATE: 2018-07-23 06:00:00 UTC        
 READ IN fields at DATE: 2018-07-23 12:00:00 UTC        
 READ IN fields at DATE: 2018-07-23 18:00:00 UTC        
 READ IN fields at DATE: 2018-07-24 00:00:00 UTC        
 READ IN fields at DATE: 2018-07-24 06:00:00 UTC        
 READ IN fields at DATE: 2018-07-24 12:00:00 UTC        
 READ IN fields at DATE: 2018-07-24 18:00:00 UTC        
 READ IN fields at DATE: 2018-07-25 00:00:00 UTC        
 READ IN fields at DATE: 2018-07-25 06:00:00 UTC        
 READ IN fields at DATE: 2018-07-25 12:00:00 UTC        
 READ IN fields at DATE: 2018-07-25 18:00:00 UTC        
 READ IN fields at DATE: 2018-07-26 00:00:00 UTC        
 READ IN fields at DATE: 2018-07-26 06:00:00 UTC        
 READ IN fields at DATE: 2018-07-26 12:00:00 UTC        
 READ IN fields at DATE: 2018-07-26 18:00:00 UTC        
 READ IN fields at DATE: 2018-07-27 00:00:00 UTC        
 READ IN fields at DATE: 2018-07-27 06:00:00 UTC        
 READ IN fields at DATE: 2018-07-27 12:00:00 UTC        
 READ IN fields at DATE: 2018-07-27 18:00:00 UTC        
 READ IN fields at DATE: 2018-07-28 00:00:00 UTC        
 READ IN fields at DATE: 2018-07-28 06:00:00 UTC        
 READ IN fields at DATE: 2018-07-28 12:00:00 UTC        
 READ IN fields at DATE: 2018-07-28 18:00:00 UTC        
 READ IN fields at DATE: 2018-07-29 00:00:00 UTC        
 READ IN fields at DATE: 2018-07-29 06:00:00 UTC        
 READ IN fields at DATE: 2018-07-29 12:00:00 UTC        
 READ IN fields at DATE: 2018-07-29 18:00:00 UTC        
 READ IN fields at DATE: 2018-07-30 00:00:00 UTC        
 READ IN fields at DATE: 2018-07-30 06:00:00 UTC        
 READ IN fields at DATE: 2018-07-30 12:00:00 UTC        
 READ IN fields at DATE: 2018-07-30 18:00:00 UTC        
 READ IN fields at DATE: 2018-07-31 00:00:00 UTC        
 READ IN fields at DATE: 2018-07-31 06:00:00 UTC        
 READ IN fields at DATE: 2018-07-31 12:00:00 UTC        
 READ IN fields at DATE: 2018-07-31 18:00:00 UTC        
      131072 /leonardo_work/ICT25_ESP/RCMDATA/ERA5/2018/tatm_2018_08.nc
  2.242403075654036E-003   249.022934279419     
      196608 /leonardo_work/ICT25_ESP/RCMDATA/ERA5/2018/geop_2018_08.nc
   7.55523785487846        241336.333709198     
      262144 /leonardo_work/ICT25_ESP/RCMDATA/ERA5/2018/qhum_2018_08.nc
  4.446344861514365E-007  1.449469421605152E-002
      327680 /leonardo_work/ICT25_ESP/RCMDATA/ERA5/2018/uwnd_2018_08.nc
  4.179328607730314E-003   68.0592811853055     
      393216 /leonardo_work/ICT25_ESP/RCMDATA/ERA5/2018/vwnd_2018_08.nc
  3.142861628844199E-003   4.65930198227152     
 READ IN fields at DATE: 2018-08-01 00:00:00 UTC        
 READ IN fields at DATE: 2018-08-01 06:00:00 UTC        
 READ IN fields at DATE: 2018-08-01 12:00:00 UTC        
 READ IN fields at DATE: 2018-08-01 18:00:00 UTC        
 READ IN fields at DATE: 2018-08-02 00:00:00 UTC        
 READ IN fields at DATE: 2018-08-02 06:00:00 UTC        
 READ IN fields at DATE: 2018-08-02 12:00:00 UTC        
 READ IN fields at DATE: 2018-08-02 18:00:00 UTC        
 READ IN fields at DATE: 2018-08-03 00:00:00 UTC        
 READ IN fields at DATE: 2018-08-03 06:00:00 UTC        
 READ IN fields at DATE: 2018-08-03 12:00:00 UTC        
 READ IN fields at DATE: 2018-08-03 18:00:00 UTC        
 READ IN fields at DATE: 2018-08-04 00:00:00 UTC        
 READ IN fields at DATE: 2018-08-04 06:00:00 UTC        
 READ IN fields at DATE: 2018-08-04 12:00:00 UTC        
 READ IN fields at DATE: 2018-08-04 18:00:00 UTC        
 READ IN fields at DATE: 2018-08-05 00:00:00 UTC        
 READ IN fields at DATE: 2018-08-05 06:00:00 UTC        
 READ IN fields at DATE: 2018-08-05 12:00:00 UTC        
 READ IN fields at DATE: 2018-08-05 18:00:00 UTC        
 READ IN fields at DATE: 2018-08-06 00:00:00 UTC        
 READ IN fields at DATE: 2018-08-06 06:00:00 UTC        
 READ IN fields at DATE: 2018-08-06 12:00:00 UTC        
 READ IN fields at DATE: 2018-08-06 18:00:00 UTC        
 READ IN fields at DATE: 2018-08-07 00:00:00 UTC        
 READ IN fields at DATE: 2018-08-07 06:00:00 UTC        
 READ IN fields at DATE: 2018-08-07 12:00:00 UTC        
 READ IN fields at DATE: 2018-08-07 18:00:00 UTC        
 READ IN fields at DATE: 2018-08-08 00:00:00 UTC        
 READ IN fields at DATE: 2018-08-08 06:00:00 UTC        
 READ IN fields at DATE: 2018-08-08 12:00:00 UTC        
 READ IN fields at DATE: 2018-08-08 18:00:00 UTC        
 READ IN fields at DATE: 2018-08-09 00:00:00 UTC        
 READ IN fields at DATE: 2018-08-09 06:00:00 UTC        
 READ IN fields at DATE: 2018-08-09 12:00:00 UTC        
 READ IN fields at DATE: 2018-08-09 18:00:00 UTC        
 READ IN fields at DATE: 2018-08-10 00:00:00 UTC        
 READ IN fields at DATE: 2018-08-10 06:00:00 UTC        
 READ IN fields at DATE: 2018-08-10 12:00:00 UTC        
 READ IN fields at DATE: 2018-08-10 18:00:00 UTC        
 READ IN fields at DATE: 2018-08-11 00:00:00 UTC        
 READ IN fields at DATE: 2018-08-11 06:00:00 UTC        
 READ IN fields at DATE: 2018-08-11 12:00:00 UTC        
 READ IN fields at DATE: 2018-08-11 18:00:00 UTC        
 READ IN fields at DATE: 2018-08-12 00:00:00 UTC        
 READ IN fields at DATE: 2018-08-12 06:00:00 UTC        
 READ IN fields at DATE: 2018-08-12 12:00:00 UTC        
 READ IN fields at DATE: 2018-08-12 18:00:00 UTC        
 READ IN fields at DATE: 2018-08-13 00:00:00 UTC        
 READ IN fields at DATE: 2018-08-13 06:00:00 UTC        
 READ IN fields at DATE: 2018-08-13 12:00:00 UTC        
 READ IN fields at DATE: 2018-08-13 18:00:00 UTC        
 READ IN fields at DATE: 2018-08-14 00:00:00 UTC        
 READ IN fields at DATE: 2018-08-14 06:00:00 UTC        
 READ IN fields at DATE: 2018-08-14 12:00:00 UTC        
 READ IN fields at DATE: 2018-08-14 18:00:00 UTC        
 READ IN fields at DATE: 2018-08-15 00:00:00 UTC        
 READ IN fields at DATE: 2018-08-15 06:00:00 UTC        
 READ IN fields at DATE: 2018-08-15 12:00:00 UTC        
 READ IN fields at DATE: 2018-08-15 18:00:00 UTC        
 READ IN fields at DATE: 2018-08-16 00:00:00 UTC        
 READ IN fields at DATE: 2018-08-16 06:00:00 UTC        
 READ IN fields at DATE: 2018-08-16 12:00:00 UTC        
 READ IN fields at DATE: 2018-08-16 18:00:00 UTC        
 READ IN fields at DATE: 2018-08-17 00:00:00 UTC        
 READ IN fields at DATE: 2018-08-17 06:00:00 UTC        
 READ IN fields at DATE: 2018-08-17 12:00:00 UTC        
 READ IN fields at DATE: 2018-08-17 18:00:00 UTC        
 READ IN fields at DATE: 2018-08-18 00:00:00 UTC        
 READ IN fields at DATE: 2018-08-18 06:00:00 UTC        
 READ IN fields at DATE: 2018-08-18 12:00:00 UTC        
 READ IN fields at DATE: 2018-08-18 18:00:00 UTC        
 READ IN fields at DATE: 2018-08-19 00:00:00 UTC        
 READ IN fields at DATE: 2018-08-19 06:00:00 UTC        
 READ IN fields at DATE: 2018-08-19 12:00:00 UTC        
 READ IN fields at DATE: 2018-08-19 18:00:00 UTC        
 READ IN fields at DATE: 2018-08-20 00:00:00 UTC        
 READ IN fields at DATE: 2018-08-20 06:00:00 UTC        
 READ IN fields at DATE: 2018-08-20 12:00:00 UTC        
 READ IN fields at DATE: 2018-08-20 18:00:00 UTC        
 READ IN fields at DATE: 2018-08-21 00:00:00 UTC        
 READ IN fields at DATE: 2018-08-21 06:00:00 UTC        
 READ IN fields at DATE: 2018-08-21 12:00:00 UTC        
 READ IN fields at DATE: 2018-08-21 18:00:00 UTC        
 READ IN fields at DATE: 2018-08-22 00:00:00 UTC        
 READ IN fields at DATE: 2018-08-22 06:00:00 UTC        
 READ IN fields at DATE: 2018-08-22 12:00:00 UTC        
 READ IN fields at DATE: 2018-08-22 18:00:00 UTC        
 READ IN fields at DATE: 2018-08-23 00:00:00 UTC        
 READ IN fields at DATE: 2018-08-23 06:00:00 UTC        
 READ IN fields at DATE: 2018-08-23 12:00:00 UTC        
 READ IN fields at DATE: 2018-08-23 18:00:00 UTC        
 READ IN fields at DATE: 2018-08-24 00:00:00 UTC        
 READ IN fields at DATE: 2018-08-24 06:00:00 UTC        
 READ IN fields at DATE: 2018-08-24 12:00:00 UTC        
 READ IN fields at DATE: 2018-08-24 18:00:00 UTC        
 READ IN fields at DATE: 2018-08-25 00:00:00 UTC        
 READ IN fields at DATE: 2018-08-25 06:00:00 UTC        
 READ IN fields at DATE: 2018-08-25 12:00:00 UTC        
 READ IN fields at DATE: 2018-08-25 18:00:00 UTC        
 READ IN fields at DATE: 2018-08-26 00:00:00 UTC        
 READ IN fields at DATE: 2018-08-26 06:00:00 UTC        
 READ IN fields at DATE: 2018-08-26 12:00:00 UTC        
 READ IN fields at DATE: 2018-08-26 18:00:00 UTC        
 READ IN fields at DATE: 2018-08-27 00:00:00 UTC        
 READ IN fields at DATE: 2018-08-27 06:00:00 UTC        
 READ IN fields at DATE: 2018-08-27 12:00:00 UTC        
 READ IN fields at DATE: 2018-08-27 18:00:00 UTC        
 READ IN fields at DATE: 2018-08-28 00:00:00 UTC        
 READ IN fields at DATE: 2018-08-28 06:00:00 UTC        
 READ IN fields at DATE: 2018-08-28 12:00:00 UTC        
 READ IN fields at DATE: 2018-08-28 18:00:00 UTC        
 READ IN fields at DATE: 2018-08-29 00:00:00 UTC        
 READ IN fields at DATE: 2018-08-29 06:00:00 UTC        
 READ IN fields at DATE: 2018-08-29 12:00:00 UTC        
 READ IN fields at DATE: 2018-08-29 18:00:00 UTC        
 READ IN fields at DATE: 2018-08-30 00:00:00 UTC        
 READ IN fields at DATE: 2018-08-30 06:00:00 UTC        
 READ IN fields at DATE: 2018-08-30 12:00:00 UTC        
 READ IN fields at DATE: 2018-08-30 18:00:00 UTC        
 READ IN fields at DATE: 2018-08-31 00:00:00 UTC        
 READ IN fields at DATE: 2018-08-31 06:00:00 UTC        
 READ IN fields at DATE: 2018-08-31 12:00:00 UTC        
 READ IN fields at DATE: 2018-08-31 18:00:00 UTC        
      131072 /leonardo_work/ICT25_ESP/RCMDATA/ERA5/2018/tatm_2018_09.nc
  2.238299014859999E-003   247.472109305082     
      196608 /leonardo_work/ICT25_ESP/RCMDATA/ERA5/2018/geop_2018_09.nc
   7.37298759546717        234383.377959327     
      262144 /leonardo_work/ICT25_ESP/RCMDATA/ERA5/2018/qhum_2018_09.nc
  4.308091437059204E-007  1.406488642639358E-002
      327680 /leonardo_work/ICT25_ESP/RCMDATA/ERA5/2018/uwnd_2018_09.nc
  3.564770301421970E-003   30.9168348633844     
      393216 /leonardo_work/ICT25_ESP/RCMDATA/ERA5/2018/vwnd_2018_09.nc
  3.266722490958754E-003   2.43652276668421     
 READ IN fields at DATE: 2018-09-01 00:00:00 UTC        
 READ IN fields at DATE: 2018-09-01 06:00:00 UTC        
 READ IN fields at DATE: 2018-09-01 12:00:00 UTC        
 READ IN fields at DATE: 2018-09-01 18:00:00 UTC        
 READ IN fields at DATE: 2018-09-02 00:00:00 UTC        
 READ IN fields at DATE: 2018-09-02 06:00:00 UTC        
 READ IN fields at DATE: 2018-09-02 12:00:00 UTC        
 READ IN fields at DATE: 2018-09-02 18:00:00 UTC        
 READ IN fields at DATE: 2018-09-03 00:00:00 UTC        
 READ IN fields at DATE: 2018-09-03 06:00:00 UTC        
 READ IN fields at DATE: 2018-09-03 12:00:00 UTC        
 READ IN fields at DATE: 2018-09-03 18:00:00 UTC        
 READ IN fields at DATE: 2018-09-04 00:00:00 UTC        
 READ IN fields at DATE: 2018-09-04 06:00:00 UTC        
 READ IN fields at DATE: 2018-09-04 12:00:00 UTC        
 READ IN fields at DATE: 2018-09-04 18:00:00 UTC        
 READ IN fields at DATE: 2018-09-05 00:00:00 UTC        
 READ IN fields at DATE: 2018-09-05 06:00:00 UTC        
 READ IN fields at DATE: 2018-09-05 12:00:00 UTC        
 READ IN fields at DATE: 2018-09-05 18:00:00 UTC        
 READ IN fields at DATE: 2018-09-06 00:00:00 UTC        
 READ IN fields at DATE: 2018-09-06 06:00:00 UTC        
 READ IN fields at DATE: 2018-09-06 12:00:00 UTC        
 READ IN fields at DATE: 2018-09-06 18:00:00 UTC        
 READ IN fields at DATE: 2018-09-07 00:00:00 UTC        
 READ IN fields at DATE: 2018-09-07 06:00:00 UTC        
 READ IN fields at DATE: 2018-09-07 12:00:00 UTC        
 READ IN fields at DATE: 2018-09-07 18:00:00 UTC        
 READ IN fields at DATE: 2018-09-08 00:00:00 UTC        
 READ IN fields at DATE: 2018-09-08 06:00:00 UTC        
 READ IN fields at DATE: 2018-09-08 12:00:00 UTC        
 READ IN fields at DATE: 2018-09-08 18:00:00 UTC        
 READ IN fields at DATE: 2018-09-09 00:00:00 UTC        
 READ IN fields at DATE: 2018-09-09 06:00:00 UTC        
 READ IN fields at DATE: 2018-09-09 12:00:00 UTC        
 READ IN fields at DATE: 2018-09-09 18:00:00 UTC        
 READ IN fields at DATE: 2018-09-10 00:00:00 UTC        
 READ IN fields at DATE: 2018-09-10 06:00:00 UTC        
 READ IN fields at DATE: 2018-09-10 12:00:00 UTC        
 READ IN fields at DATE: 2018-09-10 18:00:00 UTC        
 READ IN fields at DATE: 2018-09-11 00:00:00 UTC        
 READ IN fields at DATE: 2018-09-11 06:00:00 UTC        
 READ IN fields at DATE: 2018-09-11 12:00:00 UTC        
 READ IN fields at DATE: 2018-09-11 18:00:00 UTC        
 READ IN fields at DATE: 2018-09-12 00:00:00 UTC        
 READ IN fields at DATE: 2018-09-12 06:00:00 UTC        
 READ IN fields at DATE: 2018-09-12 12:00:00 UTC        
 READ IN fields at DATE: 2018-09-12 18:00:00 UTC        
 READ IN fields at DATE: 2018-09-13 00:00:00 UTC        
 READ IN fields at DATE: 2018-09-13 06:00:00 UTC        
 READ IN fields at DATE: 2018-09-13 12:00:00 UTC        
 READ IN fields at DATE: 2018-09-13 18:00:00 UTC        
 READ IN fields at DATE: 2018-09-14 00:00:00 UTC        
 READ IN fields at DATE: 2018-09-14 06:00:00 UTC        
 READ IN fields at DATE: 2018-09-14 12:00:00 UTC        
 READ IN fields at DATE: 2018-09-14 18:00:00 UTC        
 READ IN fields at DATE: 2018-09-15 00:00:00 UTC        
 READ IN fields at DATE: 2018-09-15 06:00:00 UTC        
 READ IN fields at DATE: 2018-09-15 12:00:00 UTC        
 READ IN fields at DATE: 2018-09-15 18:00:00 UTC        
 READ IN fields at DATE: 2018-09-16 00:00:00 UTC        
 READ IN fields at DATE: 2018-09-16 06:00:00 UTC        
 READ IN fields at DATE: 2018-09-16 12:00:00 UTC        
 READ IN fields at DATE: 2018-09-16 18:00:00 UTC        
 READ IN fields at DATE: 2018-09-17 00:00:00 UTC        
 READ IN fields at DATE: 2018-09-17 06:00:00 UTC        
 READ IN fields at DATE: 2018-09-17 12:00:00 UTC        
 READ IN fields at DATE: 2018-09-17 18:00:00 UTC        
 READ IN fields at DATE: 2018-09-18 00:00:00 UTC        
 READ IN fields at DATE: 2018-09-18 06:00:00 UTC        
 READ IN fields at DATE: 2018-09-18 12:00:00 UTC        
 READ IN fields at DATE: 2018-09-18 18:00:00 UTC        
 READ IN fields at DATE: 2018-09-19 00:00:00 UTC        
 READ IN fields at DATE: 2018-09-19 06:00:00 UTC        
 READ IN fields at DATE: 2018-09-19 12:00:00 UTC        
 READ IN fields at DATE: 2018-09-19 18:00:00 UTC        
 READ IN fields at DATE: 2018-09-20 00:00:00 UTC        
 READ IN fields at DATE: 2018-09-20 06:00:00 UTC        
 READ IN fields at DATE: 2018-09-20 12:00:00 UTC        
 READ IN fields at DATE: 2018-09-20 18:00:00 UTC        
 READ IN fields at DATE: 2018-09-21 00:00:00 UTC        
 READ IN fields at DATE: 2018-09-21 06:00:00 UTC        
 READ IN fields at DATE: 2018-09-21 12:00:00 UTC        
 READ IN fields at DATE: 2018-09-21 18:00:00 UTC        
 READ IN fields at DATE: 2018-09-22 00:00:00 UTC        
 READ IN fields at DATE: 2018-09-22 06:00:00 UTC        
 READ IN fields at DATE: 2018-09-22 12:00:00 UTC        
 READ IN fields at DATE: 2018-09-22 18:00:00 UTC        
 READ IN fields at DATE: 2018-09-23 00:00:00 UTC        
 READ IN fields at DATE: 2018-09-23 06:00:00 UTC        
 READ IN fields at DATE: 2018-09-23 12:00:00 UTC        
 READ IN fields at DATE: 2018-09-23 18:00:00 UTC        
 READ IN fields at DATE: 2018-09-24 00:00:00 UTC        
 READ IN fields at DATE: 2018-09-24 06:00:00 UTC        
 READ IN fields at DATE: 2018-09-24 12:00:00 UTC        
 READ IN fields at DATE: 2018-09-24 18:00:00 UTC        
 READ IN fields at DATE: 2018-09-25 00:00:00 UTC        
 READ IN fields at DATE: 2018-09-25 06:00:00 UTC        
 READ IN fields at DATE: 2018-09-25 12:00:00 UTC        
 READ IN fields at DATE: 2018-09-25 18:00:00 UTC        
 READ IN fields at DATE: 2018-09-26 00:00:00 UTC        
 READ IN fields at DATE: 2018-09-26 06:00:00 UTC        
 READ IN fields at DATE: 2018-09-26 12:00:00 UTC        
 READ IN fields at DATE: 2018-09-26 18:00:00 UTC        
 READ IN fields at DATE: 2018-09-27 00:00:00 UTC        
 READ IN fields at DATE: 2018-09-27 06:00:00 UTC        
 READ IN fields at DATE: 2018-09-27 12:00:00 UTC        
 READ IN fields at DATE: 2018-09-27 18:00:00 UTC        
 READ IN fields at DATE: 2018-09-28 00:00:00 UTC        
 READ IN fields at DATE: 2018-09-28 06:00:00 UTC        
 READ IN fields at DATE: 2018-09-28 12:00:00 UTC        
 READ IN fields at DATE: 2018-09-28 18:00:00 UTC        
 READ IN fields at DATE: 2018-09-29 00:00:00 UTC        
 READ IN fields at DATE: 2018-09-29 06:00:00 UTC        
 READ IN fields at DATE: 2018-09-29 12:00:00 UTC        
 READ IN fields at DATE: 2018-09-29 18:00:00 UTC        
 READ IN fields at DATE: 2018-09-30 00:00:00 UTC        
 READ IN fields at DATE: 2018-09-30 06:00:00 UTC        
 READ IN fields at DATE: 2018-09-30 12:00:00 UTC        
 READ IN fields at DATE: 2018-09-30 18:00:00 UTC        
      131072 /leonardo_work/ICT25_ESP/RCMDATA/ERA5/2018/tatm_2018_10.nc
  2.066239071807691E-003   249.300610252046     
      196608 /leonardo_work/ICT25_ESP/RCMDATA/ERA5/2018/geop_2018_10.nc
   7.39262780774572        236133.764623596     
      262144 /leonardo_work/ICT25_ESP/RCMDATA/ERA5/2018/qhum_2018_10.nc
  3.737914678919031E-007  1.215227967256155E-002
      327680 /leonardo_work/ICT25_ESP/RCMDATA/ERA5/2018/uwnd_2018_10.nc
  3.299880256610339E-003   18.3473872302818     
      393216 /leonardo_work/ICT25_ESP/RCMDATA/ERA5/2018/vwnd_2018_10.nc
  3.002415480768039E-003   5.21131312331430     
 READ IN fields at DATE: 2018-10-01 00:00:00 UTC        
 READ IN fields at DATE: 2018-10-01 06:00:00 UTC        
 READ IN fields at DATE: 2018-10-01 12:00:00 UTC        
 READ IN fields at DATE: 2018-10-01 18:00:00 UTC        
 READ IN fields at DATE: 2018-10-02 00:00:00 UTC        
 READ IN fields at DATE: 2018-10-02 06:00:00 UTC        
 READ IN fields at DATE: 2018-10-02 12:00:00 UTC        
 READ IN fields at DATE: 2018-10-02 18:00:00 UTC        
 READ IN fields at DATE: 2018-10-03 00:00:00 UTC        
 READ IN fields at DATE: 2018-10-03 06:00:00 UTC        
 READ IN fields at DATE: 2018-10-03 12:00:00 UTC        
 READ IN fields at DATE: 2018-10-03 18:00:00 UTC        
 READ IN fields at DATE: 2018-10-04 00:00:00 UTC        
 READ IN fields at DATE: 2018-10-04 06:00:00 UTC        
 READ IN fields at DATE: 2018-10-04 12:00:00 UTC        
 READ IN fields at DATE: 2018-10-04 18:00:00 UTC        
 READ IN fields at DATE: 2018-10-05 00:00:00 UTC        
 READ IN fields at DATE: 2018-10-05 06:00:00 UTC        
 READ IN fields at DATE: 2018-10-05 12:00:00 UTC        
 READ IN fields at DATE: 2018-10-05 18:00:00 UTC        
 READ IN fields at DATE: 2018-10-06 00:00:00 UTC        
 READ IN fields at DATE: 2018-10-06 06:00:00 UTC        
 READ IN fields at DATE: 2018-10-06 12:00:00 UTC        
 READ IN fields at DATE: 2018-10-06 18:00:00 UTC        
 READ IN fields at DATE: 2018-10-07 00:00:00 UTC        
 READ IN fields at DATE: 2018-10-07 06:00:00 UTC        
 READ IN fields at DATE: 2018-10-07 12:00:00 UTC        
 READ IN fields at DATE: 2018-10-07 18:00:00 UTC        
 READ IN fields at DATE: 2018-10-08 00:00:00 UTC        
 READ IN fields at DATE: 2018-10-08 06:00:00 UTC        
 READ IN fields at DATE: 2018-10-08 12:00:00 UTC        
 READ IN fields at DATE: 2018-10-08 18:00:00 UTC        
 READ IN fields at DATE: 2018-10-09 00:00:00 UTC        
 READ IN fields at DATE: 2018-10-09 06:00:00 UTC        
 READ IN fields at DATE: 2018-10-09 12:00:00 UTC        
 READ IN fields at DATE: 2018-10-09 18:00:00 UTC        
 READ IN fields at DATE: 2018-10-10 00:00:00 UTC        
 READ IN fields at DATE: 2018-10-10 06:00:00 UTC        
 READ IN fields at DATE: 2018-10-10 12:00:00 UTC        
 READ IN fields at DATE: 2018-10-10 18:00:00 UTC        
 READ IN fields at DATE: 2018-10-11 00:00:00 UTC        
 READ IN fields at DATE: 2018-10-11 06:00:00 UTC        
 READ IN fields at DATE: 2018-10-11 12:00:00 UTC        
 READ IN fields at DATE: 2018-10-11 18:00:00 UTC        
 READ IN fields at DATE: 2018-10-12 00:00:00 UTC        
 READ IN fields at DATE: 2018-10-12 06:00:00 UTC        
 READ IN fields at DATE: 2018-10-12 12:00:00 UTC        
 READ IN fields at DATE: 2018-10-12 18:00:00 UTC        
 READ IN fields at DATE: 2018-10-13 00:00:00 UTC        
 READ IN fields at DATE: 2018-10-13 06:00:00 UTC        
 READ IN fields at DATE: 2018-10-13 12:00:00 UTC        
 READ IN fields at DATE: 2018-10-13 18:00:00 UTC        
 READ IN fields at DATE: 2018-10-14 00:00:00 UTC        
 READ IN fields at DATE: 2018-10-14 06:00:00 UTC        
 READ IN fields at DATE: 2018-10-14 12:00:00 UTC        
 READ IN fields at DATE: 2018-10-14 18:00:00 UTC        
 READ IN fields at DATE: 2018-10-15 00:00:00 UTC        
 READ IN fields at DATE: 2018-10-15 06:00:00 UTC        
 READ IN fields at DATE: 2018-10-15 12:00:00 UTC        
 READ IN fields at DATE: 2018-10-15 18:00:00 UTC        
 READ IN fields at DATE: 2018-10-16 00:00:00 UTC        
 READ IN fields at DATE: 2018-10-16 06:00:00 UTC        
 READ IN fields at DATE: 2018-10-16 12:00:00 UTC        
 READ IN fields at DATE: 2018-10-16 18:00:00 UTC        
 READ IN fields at DATE: 2018-10-17 00:00:00 UTC        
 READ IN fields at DATE: 2018-10-17 06:00:00 UTC        
 READ IN fields at DATE: 2018-10-17 12:00:00 UTC        
 READ IN fields at DATE: 2018-10-17 18:00:00 UTC        
 READ IN fields at DATE: 2018-10-18 00:00:00 UTC        
 READ IN fields at DATE: 2018-10-18 06:00:00 UTC        
 READ IN fields at DATE: 2018-10-18 12:00:00 UTC        
 READ IN fields at DATE: 2018-10-18 18:00:00 UTC        
 READ IN fields at DATE: 2018-10-19 00:00:00 UTC        
 READ IN fields at DATE: 2018-10-19 06:00:00 UTC        
 READ IN fields at DATE: 2018-10-19 12:00:00 UTC        
 READ IN fields at DATE: 2018-10-19 18:00:00 UTC        
 READ IN fields at DATE: 2018-10-20 00:00:00 UTC        
 READ IN fields at DATE: 2018-10-20 06:00:00 UTC        
 READ IN fields at DATE: 2018-10-20 12:00:00 UTC        
 READ IN fields at DATE: 2018-10-20 18:00:00 UTC        
 READ IN fields at DATE: 2018-10-21 00:00:00 UTC        
 READ IN fields at DATE: 2018-10-21 06:00:00 UTC        
 READ IN fields at DATE: 2018-10-21 12:00:00 UTC        
 READ IN fields at DATE: 2018-10-21 18:00:00 UTC        
 READ IN fields at DATE: 2018-10-22 00:00:00 UTC        
 READ IN fields at DATE: 2018-10-22 06:00:00 UTC        
 READ IN fields at DATE: 2018-10-22 12:00:00 UTC        
 READ IN fields at DATE: 2018-10-22 18:00:00 UTC        
 READ IN fields at DATE: 2018-10-23 00:00:00 UTC        
 READ IN fields at DATE: 2018-10-23 06:00:00 UTC        
 READ IN fields at DATE: 2018-10-23 12:00:00 UTC        
 READ IN fields at DATE: 2018-10-23 18:00:00 UTC        
 READ IN fields at DATE: 2018-10-24 00:00:00 UTC        
 READ IN fields at DATE: 2018-10-24 06:00:00 UTC        
 READ IN fields at DATE: 2018-10-24 12:00:00 UTC        
 READ IN fields at DATE: 2018-10-24 18:00:00 UTC        
 READ IN fields at DATE: 2018-10-25 00:00:00 UTC        
 READ IN fields at DATE: 2018-10-25 06:00:00 UTC        
 READ IN fields at DATE: 2018-10-25 12:00:00 UTC        
 READ IN fields at DATE: 2018-10-25 18:00:00 UTC        
 READ IN fields at DATE: 2018-10-26 00:00:00 UTC        
 READ IN fields at DATE: 2018-10-26 06:00:00 UTC        
 READ IN fields at DATE: 2018-10-26 12:00:00 UTC        
 READ IN fields at DATE: 2018-10-26 18:00:00 UTC        
 READ IN fields at DATE: 2018-10-27 00:00:00 UTC        
 READ IN fields at DATE: 2018-10-27 06:00:00 UTC        
 READ IN fields at DATE: 2018-10-27 12:00:00 UTC        
 READ IN fields at DATE: 2018-10-27 18:00:00 UTC        
 READ IN fields at DATE: 2018-10-28 00:00:00 UTC        
 READ IN fields at DATE: 2018-10-28 06:00:00 UTC        
 READ IN fields at DATE: 2018-10-28 12:00:00 UTC        
 READ IN fields at DATE: 2018-10-28 18:00:00 UTC        
 READ IN fields at DATE: 2018-10-29 00:00:00 UTC        
 READ IN fields at DATE: 2018-10-29 06:00:00 UTC        
 READ IN fields at DATE: 2018-10-29 12:00:00 UTC        
 READ IN fields at DATE: 2018-10-29 18:00:00 UTC        
 READ IN fields at DATE: 2018-10-30 00:00:00 UTC        
 READ IN fields at DATE: 2018-10-30 06:00:00 UTC        
 READ IN fields at DATE: 2018-10-30 12:00:00 UTC        
 READ IN fields at DATE: 2018-10-30 18:00:00 UTC        
 READ IN fields at DATE: 2018-10-31 00:00:00 UTC        
 READ IN fields at DATE: 2018-10-31 06:00:00 UTC        
 READ IN fields at DATE: 2018-10-31 12:00:00 UTC        
 READ IN fields at DATE: 2018-10-31 18:00:00 UTC        
      131072 /leonardo_work/ICT25_ESP/RCMDATA/ERA5/2018/tatm_2018_11.nc
  2.069071586249962E-003   249.821139536472     
      196608 /leonardo_work/ICT25_ESP/RCMDATA/ERA5/2018/geop_2018_11.nc
   7.52663275325027        241212.824574248     
      262144 /leonardo_work/ICT25_ESP/RCMDATA/ERA5/2018/qhum_2018_11.nc
  3.646189222249752E-007  1.192241044612061E-002
      327680 /leonardo_work/ICT25_ESP/RCMDATA/ERA5/2018/uwnd_2018_11.nc
  3.980910097894382E-003   53.7567375722948     
      393216 /leonardo_work/ICT25_ESP/RCMDATA/ERA5/2018/vwnd_2018_11.nc
  3.350614280806044E-003  -6.20364063917165     
 READ IN fields at DATE: 2018-11-01 00:00:00 UTC        
 READ IN fields at DATE: 2018-11-01 06:00:00 UTC        
 READ IN fields at DATE: 2018-11-01 12:00:00 UTC        
 READ IN fields at DATE: 2018-11-01 18:00:00 UTC        
 READ IN fields at DATE: 2018-11-02 00:00:00 UTC        
 READ IN fields at DATE: 2018-11-02 06:00:00 UTC        
 READ IN fields at DATE: 2018-11-02 12:00:00 UTC        
 READ IN fields at DATE: 2018-11-02 18:00:00 UTC        
 READ IN fields at DATE: 2018-11-03 00:00:00 UTC        
 READ IN fields at DATE: 2018-11-03 06:00:00 UTC        
 READ IN fields at DATE: 2018-11-03 12:00:00 UTC        
 READ IN fields at DATE: 2018-11-03 18:00:00 UTC        
 READ IN fields at DATE: 2018-11-04 00:00:00 UTC        
 READ IN fields at DATE: 2018-11-04 06:00:00 UTC        
 READ IN fields at DATE: 2018-11-04 12:00:00 UTC        
 READ IN fields at DATE: 2018-11-04 18:00:00 UTC        
 READ IN fields at DATE: 2018-11-05 00:00:00 UTC        
 READ IN fields at DATE: 2018-11-05 06:00:00 UTC        
 READ IN fields at DATE: 2018-11-05 12:00:00 UTC        
 READ IN fields at DATE: 2018-11-05 18:00:00 UTC        
 READ IN fields at DATE: 2018-11-06 00:00:00 UTC        
 READ IN fields at DATE: 2018-11-06 06:00:00 UTC        
 READ IN fields at DATE: 2018-11-06 12:00:00 UTC        
 READ IN fields at DATE: 2018-11-06 18:00:00 UTC        
 READ IN fields at DATE: 2018-11-07 00:00:00 UTC        
 READ IN fields at DATE: 2018-11-07 06:00:00 UTC        
 READ IN fields at DATE: 2018-11-07 12:00:00 UTC        
 READ IN fields at DATE: 2018-11-07 18:00:00 UTC        
 READ IN fields at DATE: 2018-11-08 00:00:00 UTC        
 READ IN fields at DATE: 2018-11-08 06:00:00 UTC        
 READ IN fields at DATE: 2018-11-08 12:00:00 UTC        
 READ IN fields at DATE: 2018-11-08 18:00:00 UTC        
 READ IN fields at DATE: 2018-11-09 00:00:00 UTC        
 READ IN fields at DATE: 2018-11-09 06:00:00 UTC        
 READ IN fields at DATE: 2018-11-09 12:00:00 UTC        
 READ IN fields at DATE: 2018-11-09 18:00:00 UTC        
 READ IN fields at DATE: 2018-11-10 00:00:00 UTC        
 READ IN fields at DATE: 2018-11-10 06:00:00 UTC        
 READ IN fields at DATE: 2018-11-10 12:00:00 UTC        
 READ IN fields at DATE: 2018-11-10 18:00:00 UTC        
 READ IN fields at DATE: 2018-11-11 00:00:00 UTC        
 READ IN fields at DATE: 2018-11-11 06:00:00 UTC        
 READ IN fields at DATE: 2018-11-11 12:00:00 UTC        
 READ IN fields at DATE: 2018-11-11 18:00:00 UTC        
 READ IN fields at DATE: 2018-11-12 00:00:00 UTC        
 READ IN fields at DATE: 2018-11-12 06:00:00 UTC        
 READ IN fields at DATE: 2018-11-12 12:00:00 UTC        
 READ IN fields at DATE: 2018-11-12 18:00:00 UTC        
 READ IN fields at DATE: 2018-11-13 00:00:00 UTC        
 READ IN fields at DATE: 2018-11-13 06:00:00 UTC        
 READ IN fields at DATE: 2018-11-13 12:00:00 UTC        
 READ IN fields at DATE: 2018-11-13 18:00:00 UTC        
 READ IN fields at DATE: 2018-11-14 00:00:00 UTC        
 READ IN fields at DATE: 2018-11-14 06:00:00 UTC        
 READ IN fields at DATE: 2018-11-14 12:00:00 UTC        
 READ IN fields at DATE: 2018-11-14 18:00:00 UTC        
 READ IN fields at DATE: 2018-11-15 00:00:00 UTC        
 READ IN fields at DATE: 2018-11-15 06:00:00 UTC        
 READ IN fields at DATE: 2018-11-15 12:00:00 UTC        
 READ IN fields at DATE: 2018-11-15 18:00:00 UTC        
 READ IN fields at DATE: 2018-11-16 00:00:00 UTC        
 READ IN fields at DATE: 2018-11-16 06:00:00 UTC        
 READ IN fields at DATE: 2018-11-16 12:00:00 UTC        
 READ IN fields at DATE: 2018-11-16 18:00:00 UTC        
 READ IN fields at DATE: 2018-11-17 00:00:00 UTC        
 READ IN fields at DATE: 2018-11-17 06:00:00 UTC        
 READ IN fields at DATE: 2018-11-17 12:00:00 UTC        
 READ IN fields at DATE: 2018-11-17 18:00:00 UTC        
 READ IN fields at DATE: 2018-11-18 00:00:00 UTC        
 READ IN fields at DATE: 2018-11-18 06:00:00 UTC        
 READ IN fields at DATE: 2018-11-18 12:00:00 UTC        
 READ IN fields at DATE: 2018-11-18 18:00:00 UTC        
 READ IN fields at DATE: 2018-11-19 00:00:00 UTC        
 READ IN fields at DATE: 2018-11-19 06:00:00 UTC        
 READ IN fields at DATE: 2018-11-19 12:00:00 UTC        
 READ IN fields at DATE: 2018-11-19 18:00:00 UTC        
 READ IN fields at DATE: 2018-11-20 00:00:00 UTC        
 READ IN fields at DATE: 2018-11-20 06:00:00 UTC        
 READ IN fields at DATE: 2018-11-20 12:00:00 UTC        
 READ IN fields at DATE: 2018-11-20 18:00:00 UTC        
 READ IN fields at DATE: 2018-11-21 00:00:00 UTC        
 READ IN fields at DATE: 2018-11-21 06:00:00 UTC        
 READ IN fields at DATE: 2018-11-21 12:00:00 UTC        
 READ IN fields at DATE: 2018-11-21 18:00:00 UTC        
 READ IN fields at DATE: 2018-11-22 00:00:00 UTC        
 READ IN fields at DATE: 2018-11-22 06:00:00 UTC        
 READ IN fields at DATE: 2018-11-22 12:00:00 UTC        
 READ IN fields at DATE: 2018-11-22 18:00:00 UTC        
 READ IN fields at DATE: 2018-11-23 00:00:00 UTC        
 READ IN fields at DATE: 2018-11-23 06:00:00 UTC        
 READ IN fields at DATE: 2018-11-23 12:00:00 UTC        
 READ IN fields at DATE: 2018-11-23 18:00:00 UTC        
 READ IN fields at DATE: 2018-11-24 00:00:00 UTC        
 READ IN fields at DATE: 2018-11-24 06:00:00 UTC        
 READ IN fields at DATE: 2018-11-24 12:00:00 UTC        
 READ IN fields at DATE: 2018-11-24 18:00:00 UTC        
 READ IN fields at DATE: 2018-11-25 00:00:00 UTC        
 READ IN fields at DATE: 2018-11-25 06:00:00 UTC        
 READ IN fields at DATE: 2018-11-25 12:00:00 UTC        
 READ IN fields at DATE: 2018-11-25 18:00:00 UTC        
 READ IN fields at DATE: 2018-11-26 00:00:00 UTC        
 READ IN fields at DATE: 2018-11-26 06:00:00 UTC        
 READ IN fields at DATE: 2018-11-26 12:00:00 UTC        
 READ IN fields at DATE: 2018-11-26 18:00:00 UTC        
 READ IN fields at DATE: 2018-11-27 00:00:00 UTC        
 READ IN fields at DATE: 2018-11-27 06:00:00 UTC        
 READ IN fields at DATE: 2018-11-27 12:00:00 UTC        
 READ IN fields at DATE: 2018-11-27 18:00:00 UTC        
 READ IN fields at DATE: 2018-11-28 00:00:00 UTC        
 READ IN fields at DATE: 2018-11-28 06:00:00 UTC        
 READ IN fields at DATE: 2018-11-28 12:00:00 UTC        
 READ IN fields at DATE: 2018-11-28 18:00:00 UTC        
 READ IN fields at DATE: 2018-11-29 00:00:00 UTC        
 READ IN fields at DATE: 2018-11-29 06:00:00 UTC        
 READ IN fields at DATE: 2018-11-29 12:00:00 UTC        
 READ IN fields at DATE: 2018-11-29 18:00:00 UTC        
 READ IN fields at DATE: 2018-11-30 00:00:00 UTC        
 READ IN fields at DATE: 2018-11-30 06:00:00 UTC        
 READ IN fields at DATE: 2018-11-30 12:00:00 UTC        
 READ IN fields at DATE: 2018-11-30 18:00:00 UTC        
      131072 /leonardo_work/ICT25_ESP/RCMDATA/ERA5/2018/tatm_2018_12.nc
  2.353081394598547E-003   250.683737094557     
      196608 /leonardo_work/ICT25_ESP/RCMDATA/ERA5/2018/geop_2018_12.nc
   7.61179726483222        244571.739023243     
      262144 /leonardo_work/ICT25_ESP/RCMDATA/ERA5/2018/qhum_2018_12.nc
  3.877105467337415E-007  1.244474578368029E-002
      327680 /leonardo_work/ICT25_ESP/RCMDATA/ERA5/2018/uwnd_2018_12.nc
  5.775262010915541E-003   11.0345116609867     
      393216 /leonardo_work/ICT25_ESP/RCMDATA/ERA5/2018/vwnd_2018_12.nc
  5.579487646908333E-003  -5.56190229265158     
 READ IN fields at DATE: 2018-12-01 00:00:00 UTC        
 READ IN fields at DATE: 2018-12-01 06:00:00 UTC        
 READ IN fields at DATE: 2018-12-01 12:00:00 UTC        
 READ IN fields at DATE: 2018-12-01 18:00:00 UTC        
 READ IN fields at DATE: 2018-12-02 00:00:00 UTC        
 READ IN fields at DATE: 2018-12-02 06:00:00 UTC        
 READ IN fields at DATE: 2018-12-02 12:00:00 UTC        
 READ IN fields at DATE: 2018-12-02 18:00:00 UTC        
 READ IN fields at DATE: 2018-12-03 00:00:00 UTC        
 READ IN fields at DATE: 2018-12-03 06:00:00 UTC        
 READ IN fields at DATE: 2018-12-03 12:00:00 UTC        
 READ IN fields at DATE: 2018-12-03 18:00:00 UTC        
 READ IN fields at DATE: 2018-12-04 00:00:00 UTC        
 READ IN fields at DATE: 2018-12-04 06:00:00 UTC        
 READ IN fields at DATE: 2018-12-04 12:00:00 UTC        
 READ IN fields at DATE: 2018-12-04 18:00:00 UTC        
 READ IN fields at DATE: 2018-12-05 00:00:00 UTC        
 READ IN fields at DATE: 2018-12-05 06:00:00 UTC        
 READ IN fields at DATE: 2018-12-05 12:00:00 UTC        
 READ IN fields at DATE: 2018-12-05 18:00:00 UTC        
 READ IN fields at DATE: 2018-12-06 00:00:00 UTC        
 READ IN fields at DATE: 2018-12-06 06:00:00 UTC        
 READ IN fields at DATE: 2018-12-06 12:00:00 UTC        
 READ IN fields at DATE: 2018-12-06 18:00:00 UTC        
 READ IN fields at DATE: 2018-12-07 00:00:00 UTC        
 READ IN fields at DATE: 2018-12-07 06:00:00 UTC        
 READ IN fields at DATE: 2018-12-07 12:00:00 UTC        
 READ IN fields at DATE: 2018-12-07 18:00:00 UTC        
 READ IN fields at DATE: 2018-12-08 00:00:00 UTC        
 READ IN fields at DATE: 2018-12-08 06:00:00 UTC        
 READ IN fields at DATE: 2018-12-08 12:00:00 UTC        
 READ IN fields at DATE: 2018-12-08 18:00:00 UTC        
 READ IN fields at DATE: 2018-12-09 00:00:00 UTC        
 READ IN fields at DATE: 2018-12-09 06:00:00 UTC        
 READ IN fields at DATE: 2018-12-09 12:00:00 UTC        
 READ IN fields at DATE: 2018-12-09 18:00:00 UTC        
 READ IN fields at DATE: 2018-12-10 00:00:00 UTC        
 READ IN fields at DATE: 2018-12-10 06:00:00 UTC        
 READ IN fields at DATE: 2018-12-10 12:00:00 UTC        
 READ IN fields at DATE: 2018-12-10 18:00:00 UTC        
 READ IN fields at DATE: 2018-12-11 00:00:00 UTC        
 READ IN fields at DATE: 2018-12-11 06:00:00 UTC        
 READ IN fields at DATE: 2018-12-11 12:00:00 UTC        
 READ IN fields at DATE: 2018-12-11 18:00:00 UTC        
 READ IN fields at DATE: 2018-12-12 00:00:00 UTC        
 READ IN fields at DATE: 2018-12-12 06:00:00 UTC        
 READ IN fields at DATE: 2018-12-12 12:00:00 UTC        
 READ IN fields at DATE: 2018-12-12 18:00:00 UTC        
 READ IN fields at DATE: 2018-12-13 00:00:00 UTC        
 READ IN fields at DATE: 2018-12-13 06:00:00 UTC        
 READ IN fields at DATE: 2018-12-13 12:00:00 UTC        
 READ IN fields at DATE: 2018-12-13 18:00:00 UTC        
 READ IN fields at DATE: 2018-12-14 00:00:00 UTC        
 READ IN fields at DATE: 2018-12-14 06:00:00 UTC        
 READ IN fields at DATE: 2018-12-14 12:00:00 UTC        
 READ IN fields at DATE: 2018-12-14 18:00:00 UTC        
 READ IN fields at DATE: 2018-12-15 00:00:00 UTC        
 READ IN fields at DATE: 2018-12-15 06:00:00 UTC        
 READ IN fields at DATE: 2018-12-15 12:00:00 UTC        
 READ IN fields at DATE: 2018-12-15 18:00:00 UTC        
 READ IN fields at DATE: 2018-12-16 00:00:00 UTC        
 READ IN fields at DATE: 2018-12-16 06:00:00 UTC        
 READ IN fields at DATE: 2018-12-16 12:00:00 UTC        
 READ IN fields at DATE: 2018-12-16 18:00:00 UTC        
 READ IN fields at DATE: 2018-12-17 00:00:00 UTC        
 READ IN fields at DATE: 2018-12-17 06:00:00 UTC        
 READ IN fields at DATE: 2018-12-17 12:00:00 UTC        
 READ IN fields at DATE: 2018-12-17 18:00:00 UTC        
 READ IN fields at DATE: 2018-12-18 00:00:00 UTC        
 READ IN fields at DATE: 2018-12-18 06:00:00 UTC        
 READ IN fields at DATE: 2018-12-18 12:00:00 UTC        
 READ IN fields at DATE: 2018-12-18 18:00:00 UTC        
 READ IN fields at DATE: 2018-12-19 00:00:00 UTC        
 READ IN fields at DATE: 2018-12-19 06:00:00 UTC        
 READ IN fields at DATE: 2018-12-19 12:00:00 UTC        
 READ IN fields at DATE: 2018-12-19 18:00:00 UTC        
 READ IN fields at DATE: 2018-12-20 00:00:00 UTC        
 READ IN fields at DATE: 2018-12-20 06:00:00 UTC        
 READ IN fields at DATE: 2018-12-20 12:00:00 UTC        
 READ IN fields at DATE: 2018-12-20 18:00:00 UTC        
 READ IN fields at DATE: 2018-12-21 00:00:00 UTC        
 READ IN fields at DATE: 2018-12-21 06:00:00 UTC        
 READ IN fields at DATE: 2018-12-21 12:00:00 UTC        
 READ IN fields at DATE: 2018-12-21 18:00:00 UTC        
 READ IN fields at DATE: 2018-12-22 00:00:00 UTC        
 READ IN fields at DATE: 2018-12-22 06:00:00 UTC        
 READ IN fields at DATE: 2018-12-22 12:00:00 UTC        
 READ IN fields at DATE: 2018-12-22 18:00:00 UTC        
 READ IN fields at DATE: 2018-12-23 00:00:00 UTC        
 READ IN fields at DATE: 2018-12-23 06:00:00 UTC        
 READ IN fields at DATE: 2018-12-23 12:00:00 UTC        
 READ IN fields at DATE: 2018-12-23 18:00:00 UTC        
 READ IN fields at DATE: 2018-12-24 00:00:00 UTC        
 READ IN fields at DATE: 2018-12-24 06:00:00 UTC        
 READ IN fields at DATE: 2018-12-24 12:00:00 UTC        
 READ IN fields at DATE: 2018-12-24 18:00:00 UTC        
 READ IN fields at DATE: 2018-12-25 00:00:00 UTC        
 READ IN fields at DATE: 2018-12-25 06:00:00 UTC        
 READ IN fields at DATE: 2018-12-25 12:00:00 UTC        
 READ IN fields at DATE: 2018-12-25 18:00:00 UTC        
 READ IN fields at DATE: 2018-12-26 00:00:00 UTC        
 READ IN fields at DATE: 2018-12-26 06:00:00 UTC        
 READ IN fields at DATE: 2018-12-26 12:00:00 UTC        
 READ IN fields at DATE: 2018-12-26 18:00:00 UTC        
 READ IN fields at DATE: 2018-12-27 00:00:00 UTC        
 READ IN fields at DATE: 2018-12-27 06:00:00 UTC        
 READ IN fields at DATE: 2018-12-27 12:00:00 UTC        
 READ IN fields at DATE: 2018-12-27 18:00:00 UTC        
 READ IN fields at DATE: 2018-12-28 00:00:00 UTC        
 READ IN fields at DATE: 2018-12-28 06:00:00 UTC        
 READ IN fields at DATE: 2018-12-28 12:00:00 UTC        
 READ IN fields at DATE: 2018-12-28 18:00:00 UTC        
 READ IN fields at DATE: 2018-12-29 00:00:00 UTC        
 READ IN fields at DATE: 2018-12-29 06:00:00 UTC        
 READ IN fields at DATE: 2018-12-29 12:00:00 UTC        
 READ IN fields at DATE: 2018-12-29 18:00:00 UTC        
 READ IN fields at DATE: 2018-12-30 00:00:00 UTC        
 READ IN fields at DATE: 2018-12-30 06:00:00 UTC        
 READ IN fields at DATE: 2018-12-30 12:00:00 UTC        
 READ IN fields at DATE: 2018-12-30 18:00:00 UTC        
 READ IN fields at DATE: 2018-12-31 00:00:00 UTC        
 READ IN fields at DATE: 2018-12-31 06:00:00 UTC        
 READ IN fields at DATE: 2018-12-31 12:00:00 UTC        
 READ IN fields at DATE: 2018-12-31 18:00:00 UTC        
      131072 /leonardo_work/ICT25_ESP/RCMDATA/ERA5/2019/tatm_2019_01.nc
  2.279041585933447E-003   245.318524480672     
      196608 /leonardo_work/ICT25_ESP/RCMDATA/ERA5/2019/geop_2019_01.nc
   7.62665005131003        244249.932768724     
      262144 /leonardo_work/ICT25_ESP/RCMDATA/ERA5/2019/qhum_2019_01.nc
  3.929557681790616E-007  1.280590241574995E-002
      327680 /leonardo_work/ICT25_ESP/RCMDATA/ERA5/2019/uwnd_2019_01.nc
  4.392734879352888E-003   19.3324822824627     
      393216 /leonardo_work/ICT25_ESP/RCMDATA/ERA5/2019/vwnd_2019_01.nc
  3.305025816549487E-003   12.9578201433417     
 READ IN fields at DATE: 2019-01-01 00:00:00 UTC        
 Input ready at : Wed May 14 14:45:07 2025
 Successfully completed ICBC
icbc script complete
