
  This is icbc part of the RegCM version 5
   SVN Revision: 5.0.1 compiled at: data : Dec 03 2024  time: 16:32:23

 : this run start at    : 2025-05-15 17:05:27+0200
 : it is submitted by   : mdasilva
 : it is running on     : lrdn4511.leonardo.local
 : in directory         : 
 /leonardo/home/userexternal/mdasilva/github_projects/shell/ictp/regcm_exp/sam_3
 km
                       
 Using Moloch non-hydrostatic dynamical core
 GLOBIDATE1 :  2021-01-01 00:00:00 UTC        
 GLOBIDATE2 :  2022-01-01 00:00:00 UTC        
 NSTEPS     :         1461
 Computing weights, R =      38.96331406 .......... Done.
 Computing weights, R =      38.96331406 .......... Done.
 Computing weights, R =      38.96331406 .......... Done.
      131072 /leonardo_work/ICT25_ESP/RCMDATA/ERA5/2021/tatm_2021_01.nc
  2.338013535403919E-003   258.627355773506     
      196608 /leonardo_work/ICT25_ESP/RCMDATA/ERA5/2021/geop_2021_01.nc
   7.63647495584286        244024.875121897     
      262144 /leonardo_work/ICT25_ESP/RCMDATA/ERA5/2021/qhum_2021_01.nc
  4.010931599598920E-007  1.256236354011289E-002
      327680 /leonardo_work/ICT25_ESP/RCMDATA/ERA5/2021/uwnd_2021_01.nc
  5.063148787141951E-003  -5.48863844695216     
      393216 /leonardo_work/ICT25_ESP/RCMDATA/ERA5/2021/vwnd_2021_01.nc
  4.954445660964705E-003 -0.871007496267982     
 READ IN fields at DATE: 2021-01-01 00:00:00 UTC        
 READ IN fields at DATE: 2021-01-01 06:00:00 UTC        
 READ IN fields at DATE: 2021-01-01 12:00:00 UTC        
 READ IN fields at DATE: 2021-01-01 18:00:00 UTC        
 READ IN fields at DATE: 2021-01-02 00:00:00 UTC        
 READ IN fields at DATE: 2021-01-02 06:00:00 UTC        
 READ IN fields at DATE: 2021-01-02 12:00:00 UTC        
 READ IN fields at DATE: 2021-01-02 18:00:00 UTC        
 READ IN fields at DATE: 2021-01-03 00:00:00 UTC        
 READ IN fields at DATE: 2021-01-03 06:00:00 UTC        
 READ IN fields at DATE: 2021-01-03 12:00:00 UTC        
 READ IN fields at DATE: 2021-01-03 18:00:00 UTC        
 READ IN fields at DATE: 2021-01-04 00:00:00 UTC        
 READ IN fields at DATE: 2021-01-04 06:00:00 UTC        
 READ IN fields at DATE: 2021-01-04 12:00:00 UTC        
 READ IN fields at DATE: 2021-01-04 18:00:00 UTC        
 READ IN fields at DATE: 2021-01-05 00:00:00 UTC        
 READ IN fields at DATE: 2021-01-05 06:00:00 UTC        
 READ IN fields at DATE: 2021-01-05 12:00:00 UTC        
 READ IN fields at DATE: 2021-01-05 18:00:00 UTC        
 READ IN fields at DATE: 2021-01-06 00:00:00 UTC        
 READ IN fields at DATE: 2021-01-06 06:00:00 UTC        
 READ IN fields at DATE: 2021-01-06 12:00:00 UTC        
 READ IN fields at DATE: 2021-01-06 18:00:00 UTC        
 READ IN fields at DATE: 2021-01-07 00:00:00 UTC        
 READ IN fields at DATE: 2021-01-07 06:00:00 UTC        
 READ IN fields at DATE: 2021-01-07 12:00:00 UTC        
 READ IN fields at DATE: 2021-01-07 18:00:00 UTC        
 READ IN fields at DATE: 2021-01-08 00:00:00 UTC        
 READ IN fields at DATE: 2021-01-08 06:00:00 UTC        
 READ IN fields at DATE: 2021-01-08 12:00:00 UTC        
 READ IN fields at DATE: 2021-01-08 18:00:00 UTC        
 READ IN fields at DATE: 2021-01-09 00:00:00 UTC        
 READ IN fields at DATE: 2021-01-09 06:00:00 UTC        
 READ IN fields at DATE: 2021-01-09 12:00:00 UTC        
 READ IN fields at DATE: 2021-01-09 18:00:00 UTC        
 READ IN fields at DATE: 2021-01-10 00:00:00 UTC        
 READ IN fields at DATE: 2021-01-10 06:00:00 UTC        
 READ IN fields at DATE: 2021-01-10 12:00:00 UTC        
 READ IN fields at DATE: 2021-01-10 18:00:00 UTC        
 READ IN fields at DATE: 2021-01-11 00:00:00 UTC        
 READ IN fields at DATE: 2021-01-11 06:00:00 UTC        
 READ IN fields at DATE: 2021-01-11 12:00:00 UTC        
 READ IN fields at DATE: 2021-01-11 18:00:00 UTC        
 READ IN fields at DATE: 2021-01-12 00:00:00 UTC        
 READ IN fields at DATE: 2021-01-12 06:00:00 UTC        
 READ IN fields at DATE: 2021-01-12 12:00:00 UTC        
 READ IN fields at DATE: 2021-01-12 18:00:00 UTC        
 READ IN fields at DATE: 2021-01-13 00:00:00 UTC        
 READ IN fields at DATE: 2021-01-13 06:00:00 UTC        
 READ IN fields at DATE: 2021-01-13 12:00:00 UTC        
 READ IN fields at DATE: 2021-01-13 18:00:00 UTC        
 READ IN fields at DATE: 2021-01-14 00:00:00 UTC        
 READ IN fields at DATE: 2021-01-14 06:00:00 UTC        
 READ IN fields at DATE: 2021-01-14 12:00:00 UTC        
 READ IN fields at DATE: 2021-01-14 18:00:00 UTC        
 READ IN fields at DATE: 2021-01-15 00:00:00 UTC        
 READ IN fields at DATE: 2021-01-15 06:00:00 UTC        
 READ IN fields at DATE: 2021-01-15 12:00:00 UTC        
 READ IN fields at DATE: 2021-01-15 18:00:00 UTC        
 READ IN fields at DATE: 2021-01-16 00:00:00 UTC        
 READ IN fields at DATE: 2021-01-16 06:00:00 UTC        
 READ IN fields at DATE: 2021-01-16 12:00:00 UTC        
 READ IN fields at DATE: 2021-01-16 18:00:00 UTC        
 READ IN fields at DATE: 2021-01-17 00:00:00 UTC        
 READ IN fields at DATE: 2021-01-17 06:00:00 UTC        
 READ IN fields at DATE: 2021-01-17 12:00:00 UTC        
 READ IN fields at DATE: 2021-01-17 18:00:00 UTC        
 READ IN fields at DATE: 2021-01-18 00:00:00 UTC        
 READ IN fields at DATE: 2021-01-18 06:00:00 UTC        
 READ IN fields at DATE: 2021-01-18 12:00:00 UTC        
 READ IN fields at DATE: 2021-01-18 18:00:00 UTC        
 READ IN fields at DATE: 2021-01-19 00:00:00 UTC        
 READ IN fields at DATE: 2021-01-19 06:00:00 UTC        
 READ IN fields at DATE: 2021-01-19 12:00:00 UTC        
 READ IN fields at DATE: 2021-01-19 18:00:00 UTC        
 READ IN fields at DATE: 2021-01-20 00:00:00 UTC        
 READ IN fields at DATE: 2021-01-20 06:00:00 UTC        
 READ IN fields at DATE: 2021-01-20 12:00:00 UTC        
 READ IN fields at DATE: 2021-01-20 18:00:00 UTC        
 READ IN fields at DATE: 2021-01-21 00:00:00 UTC        
 READ IN fields at DATE: 2021-01-21 06:00:00 UTC        
 READ IN fields at DATE: 2021-01-21 12:00:00 UTC        
 READ IN fields at DATE: 2021-01-21 18:00:00 UTC        
 READ IN fields at DATE: 2021-01-22 00:00:00 UTC        
 READ IN fields at DATE: 2021-01-22 06:00:00 UTC        
 READ IN fields at DATE: 2021-01-22 12:00:00 UTC        
 READ IN fields at DATE: 2021-01-22 18:00:00 UTC        
 READ IN fields at DATE: 2021-01-23 00:00:00 UTC        
 READ IN fields at DATE: 2021-01-23 06:00:00 UTC        
 READ IN fields at DATE: 2021-01-23 12:00:00 UTC        
 READ IN fields at DATE: 2021-01-23 18:00:00 UTC        
 READ IN fields at DATE: 2021-01-24 00:00:00 UTC        
 READ IN fields at DATE: 2021-01-24 06:00:00 UTC        
 READ IN fields at DATE: 2021-01-24 12:00:00 UTC        
 READ IN fields at DATE: 2021-01-24 18:00:00 UTC        
 READ IN fields at DATE: 2021-01-25 00:00:00 UTC        
 READ IN fields at DATE: 2021-01-25 06:00:00 UTC        
 READ IN fields at DATE: 2021-01-25 12:00:00 UTC        
 READ IN fields at DATE: 2021-01-25 18:00:00 UTC        
 READ IN fields at DATE: 2021-01-26 00:00:00 UTC        
 READ IN fields at DATE: 2021-01-26 06:00:00 UTC        
 READ IN fields at DATE: 2021-01-26 12:00:00 UTC        
 READ IN fields at DATE: 2021-01-26 18:00:00 UTC        
 READ IN fields at DATE: 2021-01-27 00:00:00 UTC        
 READ IN fields at DATE: 2021-01-27 06:00:00 UTC        
 READ IN fields at DATE: 2021-01-27 12:00:00 UTC        
 READ IN fields at DATE: 2021-01-27 18:00:00 UTC        
 READ IN fields at DATE: 2021-01-28 00:00:00 UTC        
 READ IN fields at DATE: 2021-01-28 06:00:00 UTC        
 READ IN fields at DATE: 2021-01-28 12:00:00 UTC        
 READ IN fields at DATE: 2021-01-28 18:00:00 UTC        
 READ IN fields at DATE: 2021-01-29 00:00:00 UTC        
 READ IN fields at DATE: 2021-01-29 06:00:00 UTC        
 READ IN fields at DATE: 2021-01-29 12:00:00 UTC        
 READ IN fields at DATE: 2021-01-29 18:00:00 UTC        
 READ IN fields at DATE: 2021-01-30 00:00:00 UTC        
 READ IN fields at DATE: 2021-01-30 06:00:00 UTC        
 READ IN fields at DATE: 2021-01-30 12:00:00 UTC        
 READ IN fields at DATE: 2021-01-30 18:00:00 UTC        
 READ IN fields at DATE: 2021-01-31 00:00:00 UTC        
 READ IN fields at DATE: 2021-01-31 06:00:00 UTC        
 READ IN fields at DATE: 2021-01-31 12:00:00 UTC        
 READ IN fields at DATE: 2021-01-31 18:00:00 UTC        
      131072 /leonardo_work/ICT25_ESP/RCMDATA/ERA5/2021/tatm_2021_02.nc
  2.043638563642912E-003   249.450508637261     
      196608 /leonardo_work/ICT25_ESP/RCMDATA/ERA5/2021/geop_2021_02.nc
   7.51517848116598        240469.834207634     
      262144 /leonardo_work/ICT25_ESP/RCMDATA/ERA5/2021/qhum_2021_02.nc
  3.813056191610266E-007  1.239026580789777E-002
      327680 /leonardo_work/ICT25_ESP/RCMDATA/ERA5/2021/uwnd_2021_02.nc
  3.949483507325270E-003   30.4472745258245     
      393216 /leonardo_work/ICT25_ESP/RCMDATA/ERA5/2021/vwnd_2021_02.nc
  3.039715958869840E-003  1.676858329158830E-003
 READ IN fields at DATE: 2021-02-01 00:00:00 UTC        
 READ IN fields at DATE: 2021-02-01 06:00:00 UTC        
 READ IN fields at DATE: 2021-02-01 12:00:00 UTC        
 READ IN fields at DATE: 2021-02-01 18:00:00 UTC        
 READ IN fields at DATE: 2021-02-02 00:00:00 UTC        
 READ IN fields at DATE: 2021-02-02 06:00:00 UTC        
 READ IN fields at DATE: 2021-02-02 12:00:00 UTC        
 READ IN fields at DATE: 2021-02-02 18:00:00 UTC        
 READ IN fields at DATE: 2021-02-03 00:00:00 UTC        
 READ IN fields at DATE: 2021-02-03 06:00:00 UTC        
 READ IN fields at DATE: 2021-02-03 12:00:00 UTC        
 READ IN fields at DATE: 2021-02-03 18:00:00 UTC        
 READ IN fields at DATE: 2021-02-04 00:00:00 UTC        
 READ IN fields at DATE: 2021-02-04 06:00:00 UTC        
 READ IN fields at DATE: 2021-02-04 12:00:00 UTC        
 READ IN fields at DATE: 2021-02-04 18:00:00 UTC        
 READ IN fields at DATE: 2021-02-05 00:00:00 UTC        
 READ IN fields at DATE: 2021-02-05 06:00:00 UTC        
 READ IN fields at DATE: 2021-02-05 12:00:00 UTC        
 READ IN fields at DATE: 2021-02-05 18:00:00 UTC        
 READ IN fields at DATE: 2021-02-06 00:00:00 UTC        
 READ IN fields at DATE: 2021-02-06 06:00:00 UTC        
 READ IN fields at DATE: 2021-02-06 12:00:00 UTC        
 READ IN fields at DATE: 2021-02-06 18:00:00 UTC        
 READ IN fields at DATE: 2021-02-07 00:00:00 UTC        
 READ IN fields at DATE: 2021-02-07 06:00:00 UTC        
 READ IN fields at DATE: 2021-02-07 12:00:00 UTC        
 READ IN fields at DATE: 2021-02-07 18:00:00 UTC        
 READ IN fields at DATE: 2021-02-08 00:00:00 UTC        
 READ IN fields at DATE: 2021-02-08 06:00:00 UTC        
 READ IN fields at DATE: 2021-02-08 12:00:00 UTC        
 READ IN fields at DATE: 2021-02-08 18:00:00 UTC        
 READ IN fields at DATE: 2021-02-09 00:00:00 UTC        
 READ IN fields at DATE: 2021-02-09 06:00:00 UTC        
 READ IN fields at DATE: 2021-02-09 12:00:00 UTC        
 READ IN fields at DATE: 2021-02-09 18:00:00 UTC        
 READ IN fields at DATE: 2021-02-10 00:00:00 UTC        
 READ IN fields at DATE: 2021-02-10 06:00:00 UTC        
 READ IN fields at DATE: 2021-02-10 12:00:00 UTC        
 READ IN fields at DATE: 2021-02-10 18:00:00 UTC        
 READ IN fields at DATE: 2021-02-11 00:00:00 UTC        
 READ IN fields at DATE: 2021-02-11 06:00:00 UTC        
 READ IN fields at DATE: 2021-02-11 12:00:00 UTC        
 READ IN fields at DATE: 2021-02-11 18:00:00 UTC        
 READ IN fields at DATE: 2021-02-12 00:00:00 UTC        
 READ IN fields at DATE: 2021-02-12 06:00:00 UTC        
 READ IN fields at DATE: 2021-02-12 12:00:00 UTC        
 READ IN fields at DATE: 2021-02-12 18:00:00 UTC        
 READ IN fields at DATE: 2021-02-13 00:00:00 UTC        
 READ IN fields at DATE: 2021-02-13 06:00:00 UTC        
 READ IN fields at DATE: 2021-02-13 12:00:00 UTC        
 READ IN fields at DATE: 2021-02-13 18:00:00 UTC        
 READ IN fields at DATE: 2021-02-14 00:00:00 UTC        
 READ IN fields at DATE: 2021-02-14 06:00:00 UTC        
 READ IN fields at DATE: 2021-02-14 12:00:00 UTC        
 READ IN fields at DATE: 2021-02-14 18:00:00 UTC        
 READ IN fields at DATE: 2021-02-15 00:00:00 UTC        
 READ IN fields at DATE: 2021-02-15 06:00:00 UTC        
 READ IN fields at DATE: 2021-02-15 12:00:00 UTC        
 READ IN fields at DATE: 2021-02-15 18:00:00 UTC        
 READ IN fields at DATE: 2021-02-16 00:00:00 UTC        
 READ IN fields at DATE: 2021-02-16 06:00:00 UTC        
 READ IN fields at DATE: 2021-02-16 12:00:00 UTC        
 READ IN fields at DATE: 2021-02-16 18:00:00 UTC        
 READ IN fields at DATE: 2021-02-17 00:00:00 UTC        
 READ IN fields at DATE: 2021-02-17 06:00:00 UTC        
 READ IN fields at DATE: 2021-02-17 12:00:00 UTC        
 READ IN fields at DATE: 2021-02-17 18:00:00 UTC        
 READ IN fields at DATE: 2021-02-18 00:00:00 UTC        
 READ IN fields at DATE: 2021-02-18 06:00:00 UTC        
 READ IN fields at DATE: 2021-02-18 12:00:00 UTC        
 READ IN fields at DATE: 2021-02-18 18:00:00 UTC        
 READ IN fields at DATE: 2021-02-19 00:00:00 UTC        
 READ IN fields at DATE: 2021-02-19 06:00:00 UTC        
 READ IN fields at DATE: 2021-02-19 12:00:00 UTC        
 READ IN fields at DATE: 2021-02-19 18:00:00 UTC        
 READ IN fields at DATE: 2021-02-20 00:00:00 UTC        
 READ IN fields at DATE: 2021-02-20 06:00:00 UTC        
 READ IN fields at DATE: 2021-02-20 12:00:00 UTC        
 READ IN fields at DATE: 2021-02-20 18:00:00 UTC        
 READ IN fields at DATE: 2021-02-21 00:00:00 UTC        
 READ IN fields at DATE: 2021-02-21 06:00:00 UTC        
 READ IN fields at DATE: 2021-02-21 12:00:00 UTC        
 READ IN fields at DATE: 2021-02-21 18:00:00 UTC        
 READ IN fields at DATE: 2021-02-22 00:00:00 UTC        
 READ IN fields at DATE: 2021-02-22 06:00:00 UTC        
 READ IN fields at DATE: 2021-02-22 12:00:00 UTC        
 READ IN fields at DATE: 2021-02-22 18:00:00 UTC        
 READ IN fields at DATE: 2021-02-23 00:00:00 UTC        
 READ IN fields at DATE: 2021-02-23 06:00:00 UTC        
 READ IN fields at DATE: 2021-02-23 12:00:00 UTC        
 READ IN fields at DATE: 2021-02-23 18:00:00 UTC        
 READ IN fields at DATE: 2021-02-24 00:00:00 UTC        
 READ IN fields at DATE: 2021-02-24 06:00:00 UTC        
 READ IN fields at DATE: 2021-02-24 12:00:00 UTC        
 READ IN fields at DATE: 2021-02-24 18:00:00 UTC        
 READ IN fields at DATE: 2021-02-25 00:00:00 UTC        
 READ IN fields at DATE: 2021-02-25 06:00:00 UTC        
 READ IN fields at DATE: 2021-02-25 12:00:00 UTC        
 READ IN fields at DATE: 2021-02-25 18:00:00 UTC        
 READ IN fields at DATE: 2021-02-26 00:00:00 UTC        
 READ IN fields at DATE: 2021-02-26 06:00:00 UTC        
 READ IN fields at DATE: 2021-02-26 12:00:00 UTC        
 READ IN fields at DATE: 2021-02-26 18:00:00 UTC        
 READ IN fields at DATE: 2021-02-27 00:00:00 UTC        
 READ IN fields at DATE: 2021-02-27 06:00:00 UTC        
 READ IN fields at DATE: 2021-02-27 12:00:00 UTC        
 READ IN fields at DATE: 2021-02-27 18:00:00 UTC        
 READ IN fields at DATE: 2021-02-28 00:00:00 UTC        
 READ IN fields at DATE: 2021-02-28 06:00:00 UTC        
 READ IN fields at DATE: 2021-02-28 12:00:00 UTC        
 READ IN fields at DATE: 2021-02-28 18:00:00 UTC        
      131072 /leonardo_work/ICT25_ESP/RCMDATA/ERA5/2021/tatm_2021_03.nc
  2.079888694630115E-003   250.176564730946     
      196608 /leonardo_work/ICT25_ESP/RCMDATA/ERA5/2021/geop_2021_03.nc
   7.34101610781972        235365.487695071     
      262144 /leonardo_work/ICT25_ESP/RCMDATA/ERA5/2021/qhum_2021_03.nc
  3.679212565457645E-007  1.201138300862127E-002
      327680 /leonardo_work/ICT25_ESP/RCMDATA/ERA5/2021/uwnd_2021_03.nc
  3.479145706603090E-003   29.1398696190412     
      393216 /leonardo_work/ICT25_ESP/RCMDATA/ERA5/2021/vwnd_2021_03.nc
  2.745730763448854E-003   2.48762554770421     
 READ IN fields at DATE: 2021-03-01 00:00:00 UTC        
 READ IN fields at DATE: 2021-03-01 06:00:00 UTC        
 READ IN fields at DATE: 2021-03-01 12:00:00 UTC        
 READ IN fields at DATE: 2021-03-01 18:00:00 UTC        
 READ IN fields at DATE: 2021-03-02 00:00:00 UTC        
 READ IN fields at DATE: 2021-03-02 06:00:00 UTC        
 READ IN fields at DATE: 2021-03-02 12:00:00 UTC        
 READ IN fields at DATE: 2021-03-02 18:00:00 UTC        
 READ IN fields at DATE: 2021-03-03 00:00:00 UTC        
 READ IN fields at DATE: 2021-03-03 06:00:00 UTC        
 READ IN fields at DATE: 2021-03-03 12:00:00 UTC        
 READ IN fields at DATE: 2021-03-03 18:00:00 UTC        
 READ IN fields at DATE: 2021-03-04 00:00:00 UTC        
 READ IN fields at DATE: 2021-03-04 06:00:00 UTC        
 READ IN fields at DATE: 2021-03-04 12:00:00 UTC        
 READ IN fields at DATE: 2021-03-04 18:00:00 UTC        
 READ IN fields at DATE: 2021-03-05 00:00:00 UTC        
 READ IN fields at DATE: 2021-03-05 06:00:00 UTC        
 READ IN fields at DATE: 2021-03-05 12:00:00 UTC        
 READ IN fields at DATE: 2021-03-05 18:00:00 UTC        
 READ IN fields at DATE: 2021-03-06 00:00:00 UTC        
 READ IN fields at DATE: 2021-03-06 06:00:00 UTC        
 READ IN fields at DATE: 2021-03-06 12:00:00 UTC        
 READ IN fields at DATE: 2021-03-06 18:00:00 UTC        
 READ IN fields at DATE: 2021-03-07 00:00:00 UTC        
 READ IN fields at DATE: 2021-03-07 06:00:00 UTC        
 READ IN fields at DATE: 2021-03-07 12:00:00 UTC        
 READ IN fields at DATE: 2021-03-07 18:00:00 UTC        
 READ IN fields at DATE: 2021-03-08 00:00:00 UTC        
 READ IN fields at DATE: 2021-03-08 06:00:00 UTC        
 READ IN fields at DATE: 2021-03-08 12:00:00 UTC        
 READ IN fields at DATE: 2021-03-08 18:00:00 UTC        
 READ IN fields at DATE: 2021-03-09 00:00:00 UTC        
 READ IN fields at DATE: 2021-03-09 06:00:00 UTC        
 READ IN fields at DATE: 2021-03-09 12:00:00 UTC        
 READ IN fields at DATE: 2021-03-09 18:00:00 UTC        
 READ IN fields at DATE: 2021-03-10 00:00:00 UTC        
 READ IN fields at DATE: 2021-03-10 06:00:00 UTC        
 READ IN fields at DATE: 2021-03-10 12:00:00 UTC        
 READ IN fields at DATE: 2021-03-10 18:00:00 UTC        
 READ IN fields at DATE: 2021-03-11 00:00:00 UTC        
 READ IN fields at DATE: 2021-03-11 06:00:00 UTC        
 READ IN fields at DATE: 2021-03-11 12:00:00 UTC        
 READ IN fields at DATE: 2021-03-11 18:00:00 UTC        
 READ IN fields at DATE: 2021-03-12 00:00:00 UTC        
 READ IN fields at DATE: 2021-03-12 06:00:00 UTC        
 READ IN fields at DATE: 2021-03-12 12:00:00 UTC        
 READ IN fields at DATE: 2021-03-12 18:00:00 UTC        
 READ IN fields at DATE: 2021-03-13 00:00:00 UTC        
 READ IN fields at DATE: 2021-03-13 06:00:00 UTC        
 READ IN fields at DATE: 2021-03-13 12:00:00 UTC        
 READ IN fields at DATE: 2021-03-13 18:00:00 UTC        
 READ IN fields at DATE: 2021-03-14 00:00:00 UTC        
 READ IN fields at DATE: 2021-03-14 06:00:00 UTC        
 READ IN fields at DATE: 2021-03-14 12:00:00 UTC        
 READ IN fields at DATE: 2021-03-14 18:00:00 UTC        
 READ IN fields at DATE: 2021-03-15 00:00:00 UTC        
 READ IN fields at DATE: 2021-03-15 06:00:00 UTC        
 READ IN fields at DATE: 2021-03-15 12:00:00 UTC        
 READ IN fields at DATE: 2021-03-15 18:00:00 UTC        
 READ IN fields at DATE: 2021-03-16 00:00:00 UTC        
 READ IN fields at DATE: 2021-03-16 06:00:00 UTC        
 READ IN fields at DATE: 2021-03-16 12:00:00 UTC        
 READ IN fields at DATE: 2021-03-16 18:00:00 UTC        
 READ IN fields at DATE: 2021-03-17 00:00:00 UTC        
 READ IN fields at DATE: 2021-03-17 06:00:00 UTC        
 READ IN fields at DATE: 2021-03-17 12:00:00 UTC        
 READ IN fields at DATE: 2021-03-17 18:00:00 UTC        
 READ IN fields at DATE: 2021-03-18 00:00:00 UTC        
 READ IN fields at DATE: 2021-03-18 06:00:00 UTC        
 READ IN fields at DATE: 2021-03-18 12:00:00 UTC        
 READ IN fields at DATE: 2021-03-18 18:00:00 UTC        
 READ IN fields at DATE: 2021-03-19 00:00:00 UTC        
 READ IN fields at DATE: 2021-03-19 06:00:00 UTC        
 READ IN fields at DATE: 2021-03-19 12:00:00 UTC        
 READ IN fields at DATE: 2021-03-19 18:00:00 UTC        
 READ IN fields at DATE: 2021-03-20 00:00:00 UTC        
 READ IN fields at DATE: 2021-03-20 06:00:00 UTC        
 READ IN fields at DATE: 2021-03-20 12:00:00 UTC        
 READ IN fields at DATE: 2021-03-20 18:00:00 UTC        
 READ IN fields at DATE: 2021-03-21 00:00:00 UTC        
 READ IN fields at DATE: 2021-03-21 06:00:00 UTC        
 READ IN fields at DATE: 2021-03-21 12:00:00 UTC        
 READ IN fields at DATE: 2021-03-21 18:00:00 UTC        
 READ IN fields at DATE: 2021-03-22 00:00:00 UTC        
 READ IN fields at DATE: 2021-03-22 06:00:00 UTC        
 READ IN fields at DATE: 2021-03-22 12:00:00 UTC        
 READ IN fields at DATE: 2021-03-22 18:00:00 UTC        
 READ IN fields at DATE: 2021-03-23 00:00:00 UTC        
 READ IN fields at DATE: 2021-03-23 06:00:00 UTC        
 READ IN fields at DATE: 2021-03-23 12:00:00 UTC        
 READ IN fields at DATE: 2021-03-23 18:00:00 UTC        
 READ IN fields at DATE: 2021-03-24 00:00:00 UTC        
 READ IN fields at DATE: 2021-03-24 06:00:00 UTC        
 READ IN fields at DATE: 2021-03-24 12:00:00 UTC        
 READ IN fields at DATE: 2021-03-24 18:00:00 UTC        
 READ IN fields at DATE: 2021-03-25 00:00:00 UTC        
 READ IN fields at DATE: 2021-03-25 06:00:00 UTC        
 READ IN fields at DATE: 2021-03-25 12:00:00 UTC        
 READ IN fields at DATE: 2021-03-25 18:00:00 UTC        
 READ IN fields at DATE: 2021-03-26 00:00:00 UTC        
 READ IN fields at DATE: 2021-03-26 06:00:00 UTC        
 READ IN fields at DATE: 2021-03-26 12:00:00 UTC        
 READ IN fields at DATE: 2021-03-26 18:00:00 UTC        
 READ IN fields at DATE: 2021-03-27 00:00:00 UTC        
 READ IN fields at DATE: 2021-03-27 06:00:00 UTC        
 READ IN fields at DATE: 2021-03-27 12:00:00 UTC        
 READ IN fields at DATE: 2021-03-27 18:00:00 UTC        
 READ IN fields at DATE: 2021-03-28 00:00:00 UTC        
 READ IN fields at DATE: 2021-03-28 06:00:00 UTC        
 READ IN fields at DATE: 2021-03-28 12:00:00 UTC        
 READ IN fields at DATE: 2021-03-28 18:00:00 UTC        
 READ IN fields at DATE: 2021-03-29 00:00:00 UTC        
 READ IN fields at DATE: 2021-03-29 06:00:00 UTC        
 READ IN fields at DATE: 2021-03-29 12:00:00 UTC        
 READ IN fields at DATE: 2021-03-29 18:00:00 UTC        
 READ IN fields at DATE: 2021-03-30 00:00:00 UTC        
 READ IN fields at DATE: 2021-03-30 06:00:00 UTC        
 READ IN fields at DATE: 2021-03-30 12:00:00 UTC        
 READ IN fields at DATE: 2021-03-30 18:00:00 UTC        
 READ IN fields at DATE: 2021-03-31 00:00:00 UTC        
 READ IN fields at DATE: 2021-03-31 06:00:00 UTC        
 READ IN fields at DATE: 2021-03-31 12:00:00 UTC        
 READ IN fields at DATE: 2021-03-31 18:00:00 UTC        
      131072 /leonardo_work/ICT25_ESP/RCMDATA/ERA5/2021/tatm_2021_04.nc
  2.070939904859479E-003   250.586076956805     
      196608 /leonardo_work/ICT25_ESP/RCMDATA/ERA5/2021/geop_2021_04.nc
   7.38379149150047        236326.366698004     
      262144 /leonardo_work/ICT25_ESP/RCMDATA/ERA5/2021/qhum_2021_04.nc
  3.723103005825164E-007  1.210333230187433E-002
      327680 /leonardo_work/ICT25_ESP/RCMDATA/ERA5/2021/uwnd_2021_04.nc
  2.773204640070413E-003   25.4282093449456     
      393216 /leonardo_work/ICT25_ESP/RCMDATA/ERA5/2021/vwnd_2021_04.nc
  2.628382472559150E-003   2.05256459294341     
 READ IN fields at DATE: 2021-04-01 00:00:00 UTC        
 READ IN fields at DATE: 2021-04-01 06:00:00 UTC        
 READ IN fields at DATE: 2021-04-01 12:00:00 UTC        
 READ IN fields at DATE: 2021-04-01 18:00:00 UTC        
 READ IN fields at DATE: 2021-04-02 00:00:00 UTC        
 READ IN fields at DATE: 2021-04-02 06:00:00 UTC        
 READ IN fields at DATE: 2021-04-02 12:00:00 UTC        
 READ IN fields at DATE: 2021-04-02 18:00:00 UTC        
 READ IN fields at DATE: 2021-04-03 00:00:00 UTC        
 READ IN fields at DATE: 2021-04-03 06:00:00 UTC        
 READ IN fields at DATE: 2021-04-03 12:00:00 UTC        
 READ IN fields at DATE: 2021-04-03 18:00:00 UTC        
 READ IN fields at DATE: 2021-04-04 00:00:00 UTC        
 READ IN fields at DATE: 2021-04-04 06:00:00 UTC        
 READ IN fields at DATE: 2021-04-04 12:00:00 UTC        
 READ IN fields at DATE: 2021-04-04 18:00:00 UTC        
 READ IN fields at DATE: 2021-04-05 00:00:00 UTC        
 READ IN fields at DATE: 2021-04-05 06:00:00 UTC        
 READ IN fields at DATE: 2021-04-05 12:00:00 UTC        
 READ IN fields at DATE: 2021-04-05 18:00:00 UTC        
 READ IN fields at DATE: 2021-04-06 00:00:00 UTC        
 READ IN fields at DATE: 2021-04-06 06:00:00 UTC        
 READ IN fields at DATE: 2021-04-06 12:00:00 UTC        
 READ IN fields at DATE: 2021-04-06 18:00:00 UTC        
 READ IN fields at DATE: 2021-04-07 00:00:00 UTC        
 READ IN fields at DATE: 2021-04-07 06:00:00 UTC        
 READ IN fields at DATE: 2021-04-07 12:00:00 UTC        
 READ IN fields at DATE: 2021-04-07 18:00:00 UTC        
 READ IN fields at DATE: 2021-04-08 00:00:00 UTC        
 READ IN fields at DATE: 2021-04-08 06:00:00 UTC        
 READ IN fields at DATE: 2021-04-08 12:00:00 UTC        
 READ IN fields at DATE: 2021-04-08 18:00:00 UTC        
 READ IN fields at DATE: 2021-04-09 00:00:00 UTC        
 READ IN fields at DATE: 2021-04-09 06:00:00 UTC        
 READ IN fields at DATE: 2021-04-09 12:00:00 UTC        
 READ IN fields at DATE: 2021-04-09 18:00:00 UTC        
 READ IN fields at DATE: 2021-04-10 00:00:00 UTC        
 READ IN fields at DATE: 2021-04-10 06:00:00 UTC        
 READ IN fields at DATE: 2021-04-10 12:00:00 UTC        
 READ IN fields at DATE: 2021-04-10 18:00:00 UTC        
 READ IN fields at DATE: 2021-04-11 00:00:00 UTC        
 READ IN fields at DATE: 2021-04-11 06:00:00 UTC        
 READ IN fields at DATE: 2021-04-11 12:00:00 UTC        
 READ IN fields at DATE: 2021-04-11 18:00:00 UTC        
 READ IN fields at DATE: 2021-04-12 00:00:00 UTC        
 READ IN fields at DATE: 2021-04-12 06:00:00 UTC        
 READ IN fields at DATE: 2021-04-12 12:00:00 UTC        
 READ IN fields at DATE: 2021-04-12 18:00:00 UTC        
 READ IN fields at DATE: 2021-04-13 00:00:00 UTC        
 READ IN fields at DATE: 2021-04-13 06:00:00 UTC        
 READ IN fields at DATE: 2021-04-13 12:00:00 UTC        
 READ IN fields at DATE: 2021-04-13 18:00:00 UTC        
 READ IN fields at DATE: 2021-04-14 00:00:00 UTC        
 READ IN fields at DATE: 2021-04-14 06:00:00 UTC        
 READ IN fields at DATE: 2021-04-14 12:00:00 UTC        
 READ IN fields at DATE: 2021-04-14 18:00:00 UTC        
 READ IN fields at DATE: 2021-04-15 00:00:00 UTC        
 READ IN fields at DATE: 2021-04-15 06:00:00 UTC        
 READ IN fields at DATE: 2021-04-15 12:00:00 UTC        
 READ IN fields at DATE: 2021-04-15 18:00:00 UTC        
 READ IN fields at DATE: 2021-04-16 00:00:00 UTC        
 READ IN fields at DATE: 2021-04-16 06:00:00 UTC        
 READ IN fields at DATE: 2021-04-16 12:00:00 UTC        
 READ IN fields at DATE: 2021-04-16 18:00:00 UTC        
 READ IN fields at DATE: 2021-04-17 00:00:00 UTC        
 READ IN fields at DATE: 2021-04-17 06:00:00 UTC        
 READ IN fields at DATE: 2021-04-17 12:00:00 UTC        
 READ IN fields at DATE: 2021-04-17 18:00:00 UTC        
 READ IN fields at DATE: 2021-04-18 00:00:00 UTC        
 READ IN fields at DATE: 2021-04-18 06:00:00 UTC        
 READ IN fields at DATE: 2021-04-18 12:00:00 UTC        
 READ IN fields at DATE: 2021-04-18 18:00:00 UTC        
 READ IN fields at DATE: 2021-04-19 00:00:00 UTC        
 READ IN fields at DATE: 2021-04-19 06:00:00 UTC        
 READ IN fields at DATE: 2021-04-19 12:00:00 UTC        
 READ IN fields at DATE: 2021-04-19 18:00:00 UTC        
 READ IN fields at DATE: 2021-04-20 00:00:00 UTC        
 READ IN fields at DATE: 2021-04-20 06:00:00 UTC        
 READ IN fields at DATE: 2021-04-20 12:00:00 UTC        
 READ IN fields at DATE: 2021-04-20 18:00:00 UTC        
 READ IN fields at DATE: 2021-04-21 00:00:00 UTC        
 READ IN fields at DATE: 2021-04-21 06:00:00 UTC        
 READ IN fields at DATE: 2021-04-21 12:00:00 UTC        
 READ IN fields at DATE: 2021-04-21 18:00:00 UTC        
 READ IN fields at DATE: 2021-04-22 00:00:00 UTC        
 READ IN fields at DATE: 2021-04-22 06:00:00 UTC        
 READ IN fields at DATE: 2021-04-22 12:00:00 UTC        
 READ IN fields at DATE: 2021-04-22 18:00:00 UTC        
 READ IN fields at DATE: 2021-04-23 00:00:00 UTC        
 READ IN fields at DATE: 2021-04-23 06:00:00 UTC        
 READ IN fields at DATE: 2021-04-23 12:00:00 UTC        
 READ IN fields at DATE: 2021-04-23 18:00:00 UTC        
 READ IN fields at DATE: 2021-04-24 00:00:00 UTC        
 READ IN fields at DATE: 2021-04-24 06:00:00 UTC        
 READ IN fields at DATE: 2021-04-24 12:00:00 UTC        
 READ IN fields at DATE: 2021-04-24 18:00:00 UTC        
 READ IN fields at DATE: 2021-04-25 00:00:00 UTC        
 READ IN fields at DATE: 2021-04-25 06:00:00 UTC        
 READ IN fields at DATE: 2021-04-25 12:00:00 UTC        
 READ IN fields at DATE: 2021-04-25 18:00:00 UTC        
 READ IN fields at DATE: 2021-04-26 00:00:00 UTC        
 READ IN fields at DATE: 2021-04-26 06:00:00 UTC        
 READ IN fields at DATE: 2021-04-26 12:00:00 UTC        
 READ IN fields at DATE: 2021-04-26 18:00:00 UTC        
 READ IN fields at DATE: 2021-04-27 00:00:00 UTC        
 READ IN fields at DATE: 2021-04-27 06:00:00 UTC        
 READ IN fields at DATE: 2021-04-27 12:00:00 UTC        
 READ IN fields at DATE: 2021-04-27 18:00:00 UTC        
 READ IN fields at DATE: 2021-04-28 00:00:00 UTC        
 READ IN fields at DATE: 2021-04-28 06:00:00 UTC        
 READ IN fields at DATE: 2021-04-28 12:00:00 UTC        
 READ IN fields at DATE: 2021-04-28 18:00:00 UTC        
 READ IN fields at DATE: 2021-04-29 00:00:00 UTC        
 READ IN fields at DATE: 2021-04-29 06:00:00 UTC        
 READ IN fields at DATE: 2021-04-29 12:00:00 UTC        
 READ IN fields at DATE: 2021-04-29 18:00:00 UTC        
 READ IN fields at DATE: 2021-04-30 00:00:00 UTC        
 READ IN fields at DATE: 2021-04-30 06:00:00 UTC        
 READ IN fields at DATE: 2021-04-30 12:00:00 UTC        
 READ IN fields at DATE: 2021-04-30 18:00:00 UTC        
      131072 /leonardo_work/ICT25_ESP/RCMDATA/ERA5/2021/tatm_2021_05.nc
  2.149016716023559E-003   250.044091507267     
      196608 /leonardo_work/ICT25_ESP/RCMDATA/ERA5/2021/geop_2021_05.nc
   7.54122213474509        241391.274310808     
      262144 /leonardo_work/ICT25_ESP/RCMDATA/ERA5/2021/qhum_2021_05.nc
  4.159461758630838E-007  1.359117095277866E-002
      327680 /leonardo_work/ICT25_ESP/RCMDATA/ERA5/2021/uwnd_2021_05.nc
  3.331494051586486E-003   47.1290791870562     
      393216 /leonardo_work/ICT25_ESP/RCMDATA/ERA5/2021/vwnd_2021_05.nc
  2.552399836067802E-003   1.66313725223040     
 READ IN fields at DATE: 2021-05-01 00:00:00 UTC        
 READ IN fields at DATE: 2021-05-01 06:00:00 UTC        
 READ IN fields at DATE: 2021-05-01 12:00:00 UTC        
 READ IN fields at DATE: 2021-05-01 18:00:00 UTC        
 READ IN fields at DATE: 2021-05-02 00:00:00 UTC        
 READ IN fields at DATE: 2021-05-02 06:00:00 UTC        
 READ IN fields at DATE: 2021-05-02 12:00:00 UTC        
 READ IN fields at DATE: 2021-05-02 18:00:00 UTC        
 READ IN fields at DATE: 2021-05-03 00:00:00 UTC        
 READ IN fields at DATE: 2021-05-03 06:00:00 UTC        
 READ IN fields at DATE: 2021-05-03 12:00:00 UTC        
 READ IN fields at DATE: 2021-05-03 18:00:00 UTC        
 READ IN fields at DATE: 2021-05-04 00:00:00 UTC        
 READ IN fields at DATE: 2021-05-04 06:00:00 UTC        
 READ IN fields at DATE: 2021-05-04 12:00:00 UTC        
 READ IN fields at DATE: 2021-05-04 18:00:00 UTC        
 READ IN fields at DATE: 2021-05-05 00:00:00 UTC        
 READ IN fields at DATE: 2021-05-05 06:00:00 UTC        
 READ IN fields at DATE: 2021-05-05 12:00:00 UTC        
 READ IN fields at DATE: 2021-05-05 18:00:00 UTC        
 READ IN fields at DATE: 2021-05-06 00:00:00 UTC        
 READ IN fields at DATE: 2021-05-06 06:00:00 UTC        
 READ IN fields at DATE: 2021-05-06 12:00:00 UTC        
 READ IN fields at DATE: 2021-05-06 18:00:00 UTC        
 READ IN fields at DATE: 2021-05-07 00:00:00 UTC        
 READ IN fields at DATE: 2021-05-07 06:00:00 UTC        
 READ IN fields at DATE: 2021-05-07 12:00:00 UTC        
 READ IN fields at DATE: 2021-05-07 18:00:00 UTC        
 READ IN fields at DATE: 2021-05-08 00:00:00 UTC        
 READ IN fields at DATE: 2021-05-08 06:00:00 UTC        
 READ IN fields at DATE: 2021-05-08 12:00:00 UTC        
 READ IN fields at DATE: 2021-05-08 18:00:00 UTC        
 READ IN fields at DATE: 2021-05-09 00:00:00 UTC        
 READ IN fields at DATE: 2021-05-09 06:00:00 UTC        
 READ IN fields at DATE: 2021-05-09 12:00:00 UTC        
 READ IN fields at DATE: 2021-05-09 18:00:00 UTC        
 READ IN fields at DATE: 2021-05-10 00:00:00 UTC        
 READ IN fields at DATE: 2021-05-10 06:00:00 UTC        
 READ IN fields at DATE: 2021-05-10 12:00:00 UTC        
 READ IN fields at DATE: 2021-05-10 18:00:00 UTC        
 READ IN fields at DATE: 2021-05-11 00:00:00 UTC        
 READ IN fields at DATE: 2021-05-11 06:00:00 UTC        
 READ IN fields at DATE: 2021-05-11 12:00:00 UTC        
 READ IN fields at DATE: 2021-05-11 18:00:00 UTC        
 READ IN fields at DATE: 2021-05-12 00:00:00 UTC        
 READ IN fields at DATE: 2021-05-12 06:00:00 UTC        
 READ IN fields at DATE: 2021-05-12 12:00:00 UTC        
 READ IN fields at DATE: 2021-05-12 18:00:00 UTC        
 READ IN fields at DATE: 2021-05-13 00:00:00 UTC        
 READ IN fields at DATE: 2021-05-13 06:00:00 UTC        
 READ IN fields at DATE: 2021-05-13 12:00:00 UTC        
 READ IN fields at DATE: 2021-05-13 18:00:00 UTC        
 READ IN fields at DATE: 2021-05-14 00:00:00 UTC        
 READ IN fields at DATE: 2021-05-14 06:00:00 UTC        
 READ IN fields at DATE: 2021-05-14 12:00:00 UTC        
 READ IN fields at DATE: 2021-05-14 18:00:00 UTC        
 READ IN fields at DATE: 2021-05-15 00:00:00 UTC        
 READ IN fields at DATE: 2021-05-15 06:00:00 UTC        
 READ IN fields at DATE: 2021-05-15 12:00:00 UTC        
 READ IN fields at DATE: 2021-05-15 18:00:00 UTC        
 READ IN fields at DATE: 2021-05-16 00:00:00 UTC        
 READ IN fields at DATE: 2021-05-16 06:00:00 UTC        
 READ IN fields at DATE: 2021-05-16 12:00:00 UTC        
 READ IN fields at DATE: 2021-05-16 18:00:00 UTC        
 READ IN fields at DATE: 2021-05-17 00:00:00 UTC        
 READ IN fields at DATE: 2021-05-17 06:00:00 UTC        
 READ IN fields at DATE: 2021-05-17 12:00:00 UTC        
 READ IN fields at DATE: 2021-05-17 18:00:00 UTC        
 READ IN fields at DATE: 2021-05-18 00:00:00 UTC        
 READ IN fields at DATE: 2021-05-18 06:00:00 UTC        
 READ IN fields at DATE: 2021-05-18 12:00:00 UTC        
 READ IN fields at DATE: 2021-05-18 18:00:00 UTC        
 READ IN fields at DATE: 2021-05-19 00:00:00 UTC        
 READ IN fields at DATE: 2021-05-19 06:00:00 UTC        
 READ IN fields at DATE: 2021-05-19 12:00:00 UTC        
 READ IN fields at DATE: 2021-05-19 18:00:00 UTC        
 READ IN fields at DATE: 2021-05-20 00:00:00 UTC        
 READ IN fields at DATE: 2021-05-20 06:00:00 UTC        
 READ IN fields at DATE: 2021-05-20 12:00:00 UTC        
 READ IN fields at DATE: 2021-05-20 18:00:00 UTC        
 READ IN fields at DATE: 2021-05-21 00:00:00 UTC        
 READ IN fields at DATE: 2021-05-21 06:00:00 UTC        
 READ IN fields at DATE: 2021-05-21 12:00:00 UTC        
 READ IN fields at DATE: 2021-05-21 18:00:00 UTC        
 READ IN fields at DATE: 2021-05-22 00:00:00 UTC        
 READ IN fields at DATE: 2021-05-22 06:00:00 UTC        
 READ IN fields at DATE: 2021-05-22 12:00:00 UTC        
 READ IN fields at DATE: 2021-05-22 18:00:00 UTC        
 READ IN fields at DATE: 2021-05-23 00:00:00 UTC        
 READ IN fields at DATE: 2021-05-23 06:00:00 UTC        
 READ IN fields at DATE: 2021-05-23 12:00:00 UTC        
 READ IN fields at DATE: 2021-05-23 18:00:00 UTC        
 READ IN fields at DATE: 2021-05-24 00:00:00 UTC        
 READ IN fields at DATE: 2021-05-24 06:00:00 UTC        
 READ IN fields at DATE: 2021-05-24 12:00:00 UTC        
 READ IN fields at DATE: 2021-05-24 18:00:00 UTC        
 READ IN fields at DATE: 2021-05-25 00:00:00 UTC        
 READ IN fields at DATE: 2021-05-25 06:00:00 UTC        
 READ IN fields at DATE: 2021-05-25 12:00:00 UTC        
 READ IN fields at DATE: 2021-05-25 18:00:00 UTC        
 READ IN fields at DATE: 2021-05-26 00:00:00 UTC        
 READ IN fields at DATE: 2021-05-26 06:00:00 UTC        
 READ IN fields at DATE: 2021-05-26 12:00:00 UTC        
 READ IN fields at DATE: 2021-05-26 18:00:00 UTC        
 READ IN fields at DATE: 2021-05-27 00:00:00 UTC        
 READ IN fields at DATE: 2021-05-27 06:00:00 UTC        
 READ IN fields at DATE: 2021-05-27 12:00:00 UTC        
 READ IN fields at DATE: 2021-05-27 18:00:00 UTC        
 READ IN fields at DATE: 2021-05-28 00:00:00 UTC        
 READ IN fields at DATE: 2021-05-28 06:00:00 UTC        
 READ IN fields at DATE: 2021-05-28 12:00:00 UTC        
 READ IN fields at DATE: 2021-05-28 18:00:00 UTC        
 READ IN fields at DATE: 2021-05-29 00:00:00 UTC        
 READ IN fields at DATE: 2021-05-29 06:00:00 UTC        
 READ IN fields at DATE: 2021-05-29 12:00:00 UTC        
 READ IN fields at DATE: 2021-05-29 18:00:00 UTC        
 READ IN fields at DATE: 2021-05-30 00:00:00 UTC        
 READ IN fields at DATE: 2021-05-30 06:00:00 UTC        
 READ IN fields at DATE: 2021-05-30 12:00:00 UTC        
 READ IN fields at DATE: 2021-05-30 18:00:00 UTC        
 READ IN fields at DATE: 2021-05-31 00:00:00 UTC        
 READ IN fields at DATE: 2021-05-31 06:00:00 UTC        
 READ IN fields at DATE: 2021-05-31 12:00:00 UTC        
 READ IN fields at DATE: 2021-05-31 18:00:00 UTC        
      131072 /leonardo_work/ICT25_ESP/RCMDATA/ERA5/2021/tatm_2021_06.nc
  2.239464385577925E-003   251.388360858628     
      196608 /leonardo_work/ICT25_ESP/RCMDATA/ERA5/2021/geop_2021_06.nc
   7.61300634079395        243631.496231205     
      262144 /leonardo_work/ICT25_ESP/RCMDATA/ERA5/2021/qhum_2021_06.nc
  4.309767057910912E-007  1.392304480855304E-002
      327680 /leonardo_work/ICT25_ESP/RCMDATA/ERA5/2021/uwnd_2021_06.nc
  3.780377854716326E-003   56.2353382046273     
      393216 /leonardo_work/ICT25_ESP/RCMDATA/ERA5/2021/vwnd_2021_06.nc
  2.554016918912156E-003  0.341137847497575     
 READ IN fields at DATE: 2021-06-01 00:00:00 UTC        
 READ IN fields at DATE: 2021-06-01 06:00:00 UTC        
 READ IN fields at DATE: 2021-06-01 12:00:00 UTC        
 READ IN fields at DATE: 2021-06-01 18:00:00 UTC        
 READ IN fields at DATE: 2021-06-02 00:00:00 UTC        
 READ IN fields at DATE: 2021-06-02 06:00:00 UTC        
 READ IN fields at DATE: 2021-06-02 12:00:00 UTC        
 READ IN fields at DATE: 2021-06-02 18:00:00 UTC        
 READ IN fields at DATE: 2021-06-03 00:00:00 UTC        
 READ IN fields at DATE: 2021-06-03 06:00:00 UTC        
 READ IN fields at DATE: 2021-06-03 12:00:00 UTC        
 READ IN fields at DATE: 2021-06-03 18:00:00 UTC        
 READ IN fields at DATE: 2021-06-04 00:00:00 UTC        
 READ IN fields at DATE: 2021-06-04 06:00:00 UTC        
 READ IN fields at DATE: 2021-06-04 12:00:00 UTC        
 READ IN fields at DATE: 2021-06-04 18:00:00 UTC        
 READ IN fields at DATE: 2021-06-05 00:00:00 UTC        
 READ IN fields at DATE: 2021-06-05 06:00:00 UTC        
 READ IN fields at DATE: 2021-06-05 12:00:00 UTC        
 READ IN fields at DATE: 2021-06-05 18:00:00 UTC        
 READ IN fields at DATE: 2021-06-06 00:00:00 UTC        
 READ IN fields at DATE: 2021-06-06 06:00:00 UTC        
 READ IN fields at DATE: 2021-06-06 12:00:00 UTC        
 READ IN fields at DATE: 2021-06-06 18:00:00 UTC        
 READ IN fields at DATE: 2021-06-07 00:00:00 UTC        
 READ IN fields at DATE: 2021-06-07 06:00:00 UTC        
 READ IN fields at DATE: 2021-06-07 12:00:00 UTC        
 READ IN fields at DATE: 2021-06-07 18:00:00 UTC        
 READ IN fields at DATE: 2021-06-08 00:00:00 UTC        
 READ IN fields at DATE: 2021-06-08 06:00:00 UTC        
 READ IN fields at DATE: 2021-06-08 12:00:00 UTC        
 READ IN fields at DATE: 2021-06-08 18:00:00 UTC        
 READ IN fields at DATE: 2021-06-09 00:00:00 UTC        
 READ IN fields at DATE: 2021-06-09 06:00:00 UTC        
 READ IN fields at DATE: 2021-06-09 12:00:00 UTC        
 READ IN fields at DATE: 2021-06-09 18:00:00 UTC        
 READ IN fields at DATE: 2021-06-10 00:00:00 UTC        
 READ IN fields at DATE: 2021-06-10 06:00:00 UTC        
 READ IN fields at DATE: 2021-06-10 12:00:00 UTC        
 READ IN fields at DATE: 2021-06-10 18:00:00 UTC        
 READ IN fields at DATE: 2021-06-11 00:00:00 UTC        
 READ IN fields at DATE: 2021-06-11 06:00:00 UTC        
 READ IN fields at DATE: 2021-06-11 12:00:00 UTC        
 READ IN fields at DATE: 2021-06-11 18:00:00 UTC        
 READ IN fields at DATE: 2021-06-12 00:00:00 UTC        
 READ IN fields at DATE: 2021-06-12 06:00:00 UTC        
 READ IN fields at DATE: 2021-06-12 12:00:00 UTC        
 READ IN fields at DATE: 2021-06-12 18:00:00 UTC        
 READ IN fields at DATE: 2021-06-13 00:00:00 UTC        
 READ IN fields at DATE: 2021-06-13 06:00:00 UTC        
 READ IN fields at DATE: 2021-06-13 12:00:00 UTC        
 READ IN fields at DATE: 2021-06-13 18:00:00 UTC        
 READ IN fields at DATE: 2021-06-14 00:00:00 UTC        
 READ IN fields at DATE: 2021-06-14 06:00:00 UTC        
 READ IN fields at DATE: 2021-06-14 12:00:00 UTC        
 READ IN fields at DATE: 2021-06-14 18:00:00 UTC        
 READ IN fields at DATE: 2021-06-15 00:00:00 UTC        
 READ IN fields at DATE: 2021-06-15 06:00:00 UTC        
 READ IN fields at DATE: 2021-06-15 12:00:00 UTC        
 READ IN fields at DATE: 2021-06-15 18:00:00 UTC        
 READ IN fields at DATE: 2021-06-16 00:00:00 UTC        
 READ IN fields at DATE: 2021-06-16 06:00:00 UTC        
 READ IN fields at DATE: 2021-06-16 12:00:00 UTC        
 READ IN fields at DATE: 2021-06-16 18:00:00 UTC        
 READ IN fields at DATE: 2021-06-17 00:00:00 UTC        
 READ IN fields at DATE: 2021-06-17 06:00:00 UTC        
 READ IN fields at DATE: 2021-06-17 12:00:00 UTC        
 READ IN fields at DATE: 2021-06-17 18:00:00 UTC        
 READ IN fields at DATE: 2021-06-18 00:00:00 UTC        
 READ IN fields at DATE: 2021-06-18 06:00:00 UTC        
 READ IN fields at DATE: 2021-06-18 12:00:00 UTC        
 READ IN fields at DATE: 2021-06-18 18:00:00 UTC        
 READ IN fields at DATE: 2021-06-19 00:00:00 UTC        
 READ IN fields at DATE: 2021-06-19 06:00:00 UTC        
 READ IN fields at DATE: 2021-06-19 12:00:00 UTC        
 READ IN fields at DATE: 2021-06-19 18:00:00 UTC        
 READ IN fields at DATE: 2021-06-20 00:00:00 UTC        
 READ IN fields at DATE: 2021-06-20 06:00:00 UTC        
 READ IN fields at DATE: 2021-06-20 12:00:00 UTC        
 READ IN fields at DATE: 2021-06-20 18:00:00 UTC        
 READ IN fields at DATE: 2021-06-21 00:00:00 UTC        
 READ IN fields at DATE: 2021-06-21 06:00:00 UTC        
 READ IN fields at DATE: 2021-06-21 12:00:00 UTC        
 READ IN fields at DATE: 2021-06-21 18:00:00 UTC        
 READ IN fields at DATE: 2021-06-22 00:00:00 UTC        
 READ IN fields at DATE: 2021-06-22 06:00:00 UTC        
 READ IN fields at DATE: 2021-06-22 12:00:00 UTC        
 READ IN fields at DATE: 2021-06-22 18:00:00 UTC        
 READ IN fields at DATE: 2021-06-23 00:00:00 UTC        
 READ IN fields at DATE: 2021-06-23 06:00:00 UTC        
 READ IN fields at DATE: 2021-06-23 12:00:00 UTC        
 READ IN fields at DATE: 2021-06-23 18:00:00 UTC        
 READ IN fields at DATE: 2021-06-24 00:00:00 UTC        
 READ IN fields at DATE: 2021-06-24 06:00:00 UTC        
 READ IN fields at DATE: 2021-06-24 12:00:00 UTC        
 READ IN fields at DATE: 2021-06-24 18:00:00 UTC        
 READ IN fields at DATE: 2021-06-25 00:00:00 UTC        
 READ IN fields at DATE: 2021-06-25 06:00:00 UTC        
 READ IN fields at DATE: 2021-06-25 12:00:00 UTC        
 READ IN fields at DATE: 2021-06-25 18:00:00 UTC        
 READ IN fields at DATE: 2021-06-26 00:00:00 UTC        
 READ IN fields at DATE: 2021-06-26 06:00:00 UTC        
 READ IN fields at DATE: 2021-06-26 12:00:00 UTC        
 READ IN fields at DATE: 2021-06-26 18:00:00 UTC        
 READ IN fields at DATE: 2021-06-27 00:00:00 UTC        
 READ IN fields at DATE: 2021-06-27 06:00:00 UTC        
 READ IN fields at DATE: 2021-06-27 12:00:00 UTC        
 READ IN fields at DATE: 2021-06-27 18:00:00 UTC        
 READ IN fields at DATE: 2021-06-28 00:00:00 UTC        
 READ IN fields at DATE: 2021-06-28 06:00:00 UTC        
 READ IN fields at DATE: 2021-06-28 12:00:00 UTC        
 READ IN fields at DATE: 2021-06-28 18:00:00 UTC        
 READ IN fields at DATE: 2021-06-29 00:00:00 UTC        
 READ IN fields at DATE: 2021-06-29 06:00:00 UTC        
 READ IN fields at DATE: 2021-06-29 12:00:00 UTC        
 READ IN fields at DATE: 2021-06-29 18:00:00 UTC        
 READ IN fields at DATE: 2021-06-30 00:00:00 UTC        
 READ IN fields at DATE: 2021-06-30 06:00:00 UTC        
 READ IN fields at DATE: 2021-06-30 12:00:00 UTC        
 READ IN fields at DATE: 2021-06-30 18:00:00 UTC        
      131072 /leonardo_work/ICT25_ESP/RCMDATA/ERA5/2021/tatm_2021_07.nc
  2.284552008193272E-003   250.864542233273     
      196608 /leonardo_work/ICT25_ESP/RCMDATA/ERA5/2021/geop_2021_07.nc
   7.62122119056430        243468.695248780     
      262144 /leonardo_work/ICT25_ESP/RCMDATA/ERA5/2021/qhum_2021_07.nc
  4.835455865990362E-007  1.575159735239366E-002
      327680 /leonardo_work/ICT25_ESP/RCMDATA/ERA5/2021/uwnd_2021_07.nc
  4.080757570821904E-003   63.9567914083240     
      393216 /leonardo_work/ICT25_ESP/RCMDATA/ERA5/2021/vwnd_2021_07.nc
  2.627995723156058E-003  -1.37996847784205     
 READ IN fields at DATE: 2021-07-01 00:00:00 UTC        
 READ IN fields at DATE: 2021-07-01 06:00:00 UTC        
 READ IN fields at DATE: 2021-07-01 12:00:00 UTC        
 READ IN fields at DATE: 2021-07-01 18:00:00 UTC        
 READ IN fields at DATE: 2021-07-02 00:00:00 UTC        
 READ IN fields at DATE: 2021-07-02 06:00:00 UTC        
 READ IN fields at DATE: 2021-07-02 12:00:00 UTC        
 READ IN fields at DATE: 2021-07-02 18:00:00 UTC        
 READ IN fields at DATE: 2021-07-03 00:00:00 UTC        
 READ IN fields at DATE: 2021-07-03 06:00:00 UTC        
 READ IN fields at DATE: 2021-07-03 12:00:00 UTC        
 READ IN fields at DATE: 2021-07-03 18:00:00 UTC        
 READ IN fields at DATE: 2021-07-04 00:00:00 UTC        
 READ IN fields at DATE: 2021-07-04 06:00:00 UTC        
 READ IN fields at DATE: 2021-07-04 12:00:00 UTC        
 READ IN fields at DATE: 2021-07-04 18:00:00 UTC        
 READ IN fields at DATE: 2021-07-05 00:00:00 UTC        
 READ IN fields at DATE: 2021-07-05 06:00:00 UTC        
 READ IN fields at DATE: 2021-07-05 12:00:00 UTC        
 READ IN fields at DATE: 2021-07-05 18:00:00 UTC        
 READ IN fields at DATE: 2021-07-06 00:00:00 UTC        
 READ IN fields at DATE: 2021-07-06 06:00:00 UTC        
 READ IN fields at DATE: 2021-07-06 12:00:00 UTC        
 READ IN fields at DATE: 2021-07-06 18:00:00 UTC        
 READ IN fields at DATE: 2021-07-07 00:00:00 UTC        
 READ IN fields at DATE: 2021-07-07 06:00:00 UTC        
 READ IN fields at DATE: 2021-07-07 12:00:00 UTC        
 READ IN fields at DATE: 2021-07-07 18:00:00 UTC        
 READ IN fields at DATE: 2021-07-08 00:00:00 UTC        
 READ IN fields at DATE: 2021-07-08 06:00:00 UTC        
 READ IN fields at DATE: 2021-07-08 12:00:00 UTC        
 READ IN fields at DATE: 2021-07-08 18:00:00 UTC        
 READ IN fields at DATE: 2021-07-09 00:00:00 UTC        
 READ IN fields at DATE: 2021-07-09 06:00:00 UTC        
 READ IN fields at DATE: 2021-07-09 12:00:00 UTC        
 READ IN fields at DATE: 2021-07-09 18:00:00 UTC        
 READ IN fields at DATE: 2021-07-10 00:00:00 UTC        
 READ IN fields at DATE: 2021-07-10 06:00:00 UTC        
 READ IN fields at DATE: 2021-07-10 12:00:00 UTC        
 READ IN fields at DATE: 2021-07-10 18:00:00 UTC        
 READ IN fields at DATE: 2021-07-11 00:00:00 UTC        
 READ IN fields at DATE: 2021-07-11 06:00:00 UTC        
 READ IN fields at DATE: 2021-07-11 12:00:00 UTC        
 READ IN fields at DATE: 2021-07-11 18:00:00 UTC        
 READ IN fields at DATE: 2021-07-12 00:00:00 UTC        
 READ IN fields at DATE: 2021-07-12 06:00:00 UTC        
 READ IN fields at DATE: 2021-07-12 12:00:00 UTC        
 READ IN fields at DATE: 2021-07-12 18:00:00 UTC        
 READ IN fields at DATE: 2021-07-13 00:00:00 UTC        
 READ IN fields at DATE: 2021-07-13 06:00:00 UTC        
 READ IN fields at DATE: 2021-07-13 12:00:00 UTC        
 READ IN fields at DATE: 2021-07-13 18:00:00 UTC        
 READ IN fields at DATE: 2021-07-14 00:00:00 UTC        
 READ IN fields at DATE: 2021-07-14 06:00:00 UTC        
 READ IN fields at DATE: 2021-07-14 12:00:00 UTC        
 READ IN fields at DATE: 2021-07-14 18:00:00 UTC        
 READ IN fields at DATE: 2021-07-15 00:00:00 UTC        
 READ IN fields at DATE: 2021-07-15 06:00:00 UTC        
 READ IN fields at DATE: 2021-07-15 12:00:00 UTC        
 READ IN fields at DATE: 2021-07-15 18:00:00 UTC        
 READ IN fields at DATE: 2021-07-16 00:00:00 UTC        
 READ IN fields at DATE: 2021-07-16 06:00:00 UTC        
 READ IN fields at DATE: 2021-07-16 12:00:00 UTC        
 READ IN fields at DATE: 2021-07-16 18:00:00 UTC        
 READ IN fields at DATE: 2021-07-17 00:00:00 UTC        
 READ IN fields at DATE: 2021-07-17 06:00:00 UTC        
 READ IN fields at DATE: 2021-07-17 12:00:00 UTC        
 READ IN fields at DATE: 2021-07-17 18:00:00 UTC        
 READ IN fields at DATE: 2021-07-18 00:00:00 UTC        
 READ IN fields at DATE: 2021-07-18 06:00:00 UTC        
 READ IN fields at DATE: 2021-07-18 12:00:00 UTC        
 READ IN fields at DATE: 2021-07-18 18:00:00 UTC        
 READ IN fields at DATE: 2021-07-19 00:00:00 UTC        
 READ IN fields at DATE: 2021-07-19 06:00:00 UTC        
 READ IN fields at DATE: 2021-07-19 12:00:00 UTC        
 READ IN fields at DATE: 2021-07-19 18:00:00 UTC        
 READ IN fields at DATE: 2021-07-20 00:00:00 UTC        
 READ IN fields at DATE: 2021-07-20 06:00:00 UTC        
 READ IN fields at DATE: 2021-07-20 12:00:00 UTC        
 READ IN fields at DATE: 2021-07-20 18:00:00 UTC        
 READ IN fields at DATE: 2021-07-21 00:00:00 UTC        
 READ IN fields at DATE: 2021-07-21 06:00:00 UTC        
 READ IN fields at DATE: 2021-07-21 12:00:00 UTC        
 READ IN fields at DATE: 2021-07-21 18:00:00 UTC        
 READ IN fields at DATE: 2021-07-22 00:00:00 UTC        
 READ IN fields at DATE: 2021-07-22 06:00:00 UTC        
 READ IN fields at DATE: 2021-07-22 12:00:00 UTC        
 READ IN fields at DATE: 2021-07-22 18:00:00 UTC        
 READ IN fields at DATE: 2021-07-23 00:00:00 UTC        
 READ IN fields at DATE: 2021-07-23 06:00:00 UTC        
 READ IN fields at DATE: 2021-07-23 12:00:00 UTC        
 READ IN fields at DATE: 2021-07-23 18:00:00 UTC        
 READ IN fields at DATE: 2021-07-24 00:00:00 UTC        
 READ IN fields at DATE: 2021-07-24 06:00:00 UTC        
 READ IN fields at DATE: 2021-07-24 12:00:00 UTC        
 READ IN fields at DATE: 2021-07-24 18:00:00 UTC        
 READ IN fields at DATE: 2021-07-25 00:00:00 UTC        
 READ IN fields at DATE: 2021-07-25 06:00:00 UTC        
 READ IN fields at DATE: 2021-07-25 12:00:00 UTC        
 READ IN fields at DATE: 2021-07-25 18:00:00 UTC        
 READ IN fields at DATE: 2021-07-26 00:00:00 UTC        
 READ IN fields at DATE: 2021-07-26 06:00:00 UTC        
 READ IN fields at DATE: 2021-07-26 12:00:00 UTC        
 READ IN fields at DATE: 2021-07-26 18:00:00 UTC        
 READ IN fields at DATE: 2021-07-27 00:00:00 UTC        
 READ IN fields at DATE: 2021-07-27 06:00:00 UTC        
 READ IN fields at DATE: 2021-07-27 12:00:00 UTC        
 READ IN fields at DATE: 2021-07-27 18:00:00 UTC        
 READ IN fields at DATE: 2021-07-28 00:00:00 UTC        
 READ IN fields at DATE: 2021-07-28 06:00:00 UTC        
 READ IN fields at DATE: 2021-07-28 12:00:00 UTC        
 READ IN fields at DATE: 2021-07-28 18:00:00 UTC        
 READ IN fields at DATE: 2021-07-29 00:00:00 UTC        
 READ IN fields at DATE: 2021-07-29 06:00:00 UTC        
 READ IN fields at DATE: 2021-07-29 12:00:00 UTC        
 READ IN fields at DATE: 2021-07-29 18:00:00 UTC        
 READ IN fields at DATE: 2021-07-30 00:00:00 UTC        
 READ IN fields at DATE: 2021-07-30 06:00:00 UTC        
 READ IN fields at DATE: 2021-07-30 12:00:00 UTC        
 READ IN fields at DATE: 2021-07-30 18:00:00 UTC        
 READ IN fields at DATE: 2021-07-31 00:00:00 UTC        
 READ IN fields at DATE: 2021-07-31 06:00:00 UTC        
 READ IN fields at DATE: 2021-07-31 12:00:00 UTC        
 READ IN fields at DATE: 2021-07-31 18:00:00 UTC        
      131072 /leonardo_work/ICT25_ESP/RCMDATA/ERA5/2021/tatm_2021_08.nc
  2.243704891375099E-003   248.294623997164     
      196608 /leonardo_work/ICT25_ESP/RCMDATA/ERA5/2021/geop_2021_08.nc
   7.56620555197381        240786.955178474     
      262144 /leonardo_work/ICT25_ESP/RCMDATA/ERA5/2021/qhum_2021_08.nc
  4.627928898644353E-007  1.483424603649671E-002
      327680 /leonardo_work/ICT25_ESP/RCMDATA/ERA5/2021/uwnd_2021_08.nc
  4.437219908677927E-003   67.8657013119207     
      393216 /leonardo_work/ICT25_ESP/RCMDATA/ERA5/2021/vwnd_2021_08.nc
  3.036570505717301E-003 -0.651069676854421     
 READ IN fields at DATE: 2021-08-01 00:00:00 UTC        
 READ IN fields at DATE: 2021-08-01 06:00:00 UTC        
 READ IN fields at DATE: 2021-08-01 12:00:00 UTC        
 READ IN fields at DATE: 2021-08-01 18:00:00 UTC        
 READ IN fields at DATE: 2021-08-02 00:00:00 UTC        
 READ IN fields at DATE: 2021-08-02 06:00:00 UTC        
 READ IN fields at DATE: 2021-08-02 12:00:00 UTC        
 READ IN fields at DATE: 2021-08-02 18:00:00 UTC        
 READ IN fields at DATE: 2021-08-03 00:00:00 UTC        
 READ IN fields at DATE: 2021-08-03 06:00:00 UTC        
 READ IN fields at DATE: 2021-08-03 12:00:00 UTC        
 READ IN fields at DATE: 2021-08-03 18:00:00 UTC        
 READ IN fields at DATE: 2021-08-04 00:00:00 UTC        
 READ IN fields at DATE: 2021-08-04 06:00:00 UTC        
 READ IN fields at DATE: 2021-08-04 12:00:00 UTC        
 READ IN fields at DATE: 2021-08-04 18:00:00 UTC        
 READ IN fields at DATE: 2021-08-05 00:00:00 UTC        
 READ IN fields at DATE: 2021-08-05 06:00:00 UTC        
 READ IN fields at DATE: 2021-08-05 12:00:00 UTC        
 READ IN fields at DATE: 2021-08-05 18:00:00 UTC        
 READ IN fields at DATE: 2021-08-06 00:00:00 UTC        
 READ IN fields at DATE: 2021-08-06 06:00:00 UTC        
 READ IN fields at DATE: 2021-08-06 12:00:00 UTC        
 READ IN fields at DATE: 2021-08-06 18:00:00 UTC        
 READ IN fields at DATE: 2021-08-07 00:00:00 UTC        
 READ IN fields at DATE: 2021-08-07 06:00:00 UTC        
 READ IN fields at DATE: 2021-08-07 12:00:00 UTC        
 READ IN fields at DATE: 2021-08-07 18:00:00 UTC        
 READ IN fields at DATE: 2021-08-08 00:00:00 UTC        
 READ IN fields at DATE: 2021-08-08 06:00:00 UTC        
 READ IN fields at DATE: 2021-08-08 12:00:00 UTC        
 READ IN fields at DATE: 2021-08-08 18:00:00 UTC        
 READ IN fields at DATE: 2021-08-09 00:00:00 UTC        
 READ IN fields at DATE: 2021-08-09 06:00:00 UTC        
 READ IN fields at DATE: 2021-08-09 12:00:00 UTC        
 READ IN fields at DATE: 2021-08-09 18:00:00 UTC        
 READ IN fields at DATE: 2021-08-10 00:00:00 UTC        
 READ IN fields at DATE: 2021-08-10 06:00:00 UTC        
 READ IN fields at DATE: 2021-08-10 12:00:00 UTC        
 READ IN fields at DATE: 2021-08-10 18:00:00 UTC        
 READ IN fields at DATE: 2021-08-11 00:00:00 UTC        
 READ IN fields at DATE: 2021-08-11 06:00:00 UTC        
 READ IN fields at DATE: 2021-08-11 12:00:00 UTC        
 READ IN fields at DATE: 2021-08-11 18:00:00 UTC        
 READ IN fields at DATE: 2021-08-12 00:00:00 UTC        
 READ IN fields at DATE: 2021-08-12 06:00:00 UTC        
 READ IN fields at DATE: 2021-08-12 12:00:00 UTC        
 READ IN fields at DATE: 2021-08-12 18:00:00 UTC        
 READ IN fields at DATE: 2021-08-13 00:00:00 UTC        
 READ IN fields at DATE: 2021-08-13 06:00:00 UTC        
 READ IN fields at DATE: 2021-08-13 12:00:00 UTC        
 READ IN fields at DATE: 2021-08-13 18:00:00 UTC        
 READ IN fields at DATE: 2021-08-14 00:00:00 UTC        
 READ IN fields at DATE: 2021-08-14 06:00:00 UTC        
 READ IN fields at DATE: 2021-08-14 12:00:00 UTC        
 READ IN fields at DATE: 2021-08-14 18:00:00 UTC        
 READ IN fields at DATE: 2021-08-15 00:00:00 UTC        
 READ IN fields at DATE: 2021-08-15 06:00:00 UTC        
 READ IN fields at DATE: 2021-08-15 12:00:00 UTC        
 READ IN fields at DATE: 2021-08-15 18:00:00 UTC        
 READ IN fields at DATE: 2021-08-16 00:00:00 UTC        
 READ IN fields at DATE: 2021-08-16 06:00:00 UTC        
 READ IN fields at DATE: 2021-08-16 12:00:00 UTC        
 READ IN fields at DATE: 2021-08-16 18:00:00 UTC        
 READ IN fields at DATE: 2021-08-17 00:00:00 UTC        
 READ IN fields at DATE: 2021-08-17 06:00:00 UTC        
 READ IN fields at DATE: 2021-08-17 12:00:00 UTC        
 READ IN fields at DATE: 2021-08-17 18:00:00 UTC        
 READ IN fields at DATE: 2021-08-18 00:00:00 UTC        
 READ IN fields at DATE: 2021-08-18 06:00:00 UTC        
 READ IN fields at DATE: 2021-08-18 12:00:00 UTC        
 READ IN fields at DATE: 2021-08-18 18:00:00 UTC        
 READ IN fields at DATE: 2021-08-19 00:00:00 UTC        
 READ IN fields at DATE: 2021-08-19 06:00:00 UTC        
 READ IN fields at DATE: 2021-08-19 12:00:00 UTC        
 READ IN fields at DATE: 2021-08-19 18:00:00 UTC        
 READ IN fields at DATE: 2021-08-20 00:00:00 UTC        
 READ IN fields at DATE: 2021-08-20 06:00:00 UTC        
 READ IN fields at DATE: 2021-08-20 12:00:00 UTC        
 READ IN fields at DATE: 2021-08-20 18:00:00 UTC        
 READ IN fields at DATE: 2021-08-21 00:00:00 UTC        
 READ IN fields at DATE: 2021-08-21 06:00:00 UTC        
 READ IN fields at DATE: 2021-08-21 12:00:00 UTC        
 READ IN fields at DATE: 2021-08-21 18:00:00 UTC        
 READ IN fields at DATE: 2021-08-22 00:00:00 UTC        
 READ IN fields at DATE: 2021-08-22 06:00:00 UTC        
 READ IN fields at DATE: 2021-08-22 12:00:00 UTC        
 READ IN fields at DATE: 2021-08-22 18:00:00 UTC        
 READ IN fields at DATE: 2021-08-23 00:00:00 UTC        
 READ IN fields at DATE: 2021-08-23 06:00:00 UTC        
 READ IN fields at DATE: 2021-08-23 12:00:00 UTC        
 READ IN fields at DATE: 2021-08-23 18:00:00 UTC        
 READ IN fields at DATE: 2021-08-24 00:00:00 UTC        
 READ IN fields at DATE: 2021-08-24 06:00:00 UTC        
 READ IN fields at DATE: 2021-08-24 12:00:00 UTC        
 READ IN fields at DATE: 2021-08-24 18:00:00 UTC        
 READ IN fields at DATE: 2021-08-25 00:00:00 UTC        
 READ IN fields at DATE: 2021-08-25 06:00:00 UTC        
 READ IN fields at DATE: 2021-08-25 12:00:00 UTC        
 READ IN fields at DATE: 2021-08-25 18:00:00 UTC        
 READ IN fields at DATE: 2021-08-26 00:00:00 UTC        
 READ IN fields at DATE: 2021-08-26 06:00:00 UTC        
 READ IN fields at DATE: 2021-08-26 12:00:00 UTC        
 READ IN fields at DATE: 2021-08-26 18:00:00 UTC        
 READ IN fields at DATE: 2021-08-27 00:00:00 UTC        
 READ IN fields at DATE: 2021-08-27 06:00:00 UTC        
 READ IN fields at DATE: 2021-08-27 12:00:00 UTC        
 READ IN fields at DATE: 2021-08-27 18:00:00 UTC        
 READ IN fields at DATE: 2021-08-28 00:00:00 UTC        
 READ IN fields at DATE: 2021-08-28 06:00:00 UTC        
 READ IN fields at DATE: 2021-08-28 12:00:00 UTC        
 READ IN fields at DATE: 2021-08-28 18:00:00 UTC        
 READ IN fields at DATE: 2021-08-29 00:00:00 UTC        
 READ IN fields at DATE: 2021-08-29 06:00:00 UTC        
 READ IN fields at DATE: 2021-08-29 12:00:00 UTC        
 READ IN fields at DATE: 2021-08-29 18:00:00 UTC        
 READ IN fields at DATE: 2021-08-30 00:00:00 UTC        
 READ IN fields at DATE: 2021-08-30 06:00:00 UTC        
 READ IN fields at DATE: 2021-08-30 12:00:00 UTC        
 READ IN fields at DATE: 2021-08-30 18:00:00 UTC        
 READ IN fields at DATE: 2021-08-31 00:00:00 UTC        
 READ IN fields at DATE: 2021-08-31 06:00:00 UTC        
 READ IN fields at DATE: 2021-08-31 12:00:00 UTC        
 READ IN fields at DATE: 2021-08-31 18:00:00 UTC        
      131072 /leonardo_work/ICT25_ESP/RCMDATA/ERA5/2021/tatm_2021_09.nc
  2.156958234320519E-003   249.559628613168     
      196608 /leonardo_work/ICT25_ESP/RCMDATA/ERA5/2021/geop_2021_09.nc
   7.37228625511193        235142.608778747     
      262144 /leonardo_work/ICT25_ESP/RCMDATA/ERA5/2021/qhum_2021_09.nc
  4.443976412988034E-007  1.448383951111556E-002
      327680 /leonardo_work/ICT25_ESP/RCMDATA/ERA5/2021/uwnd_2021_09.nc
  3.311609870054138E-003   31.5340726496548     
      393216 /leonardo_work/ICT25_ESP/RCMDATA/ERA5/2021/vwnd_2021_09.nc
  2.740875090931048E-003   10.6191739960483     
 READ IN fields at DATE: 2021-09-01 00:00:00 UTC        
 READ IN fields at DATE: 2021-09-01 06:00:00 UTC        
 READ IN fields at DATE: 2021-09-01 12:00:00 UTC        
 READ IN fields at DATE: 2021-09-01 18:00:00 UTC        
 READ IN fields at DATE: 2021-09-02 00:00:00 UTC        
 READ IN fields at DATE: 2021-09-02 06:00:00 UTC        
 READ IN fields at DATE: 2021-09-02 12:00:00 UTC        
 READ IN fields at DATE: 2021-09-02 18:00:00 UTC        
 READ IN fields at DATE: 2021-09-03 00:00:00 UTC        
 READ IN fields at DATE: 2021-09-03 06:00:00 UTC        
 READ IN fields at DATE: 2021-09-03 12:00:00 UTC        
 READ IN fields at DATE: 2021-09-03 18:00:00 UTC        
 READ IN fields at DATE: 2021-09-04 00:00:00 UTC        
 READ IN fields at DATE: 2021-09-04 06:00:00 UTC        
 READ IN fields at DATE: 2021-09-04 12:00:00 UTC        
 READ IN fields at DATE: 2021-09-04 18:00:00 UTC        
 READ IN fields at DATE: 2021-09-05 00:00:00 UTC        
 READ IN fields at DATE: 2021-09-05 06:00:00 UTC        
 READ IN fields at DATE: 2021-09-05 12:00:00 UTC        
 READ IN fields at DATE: 2021-09-05 18:00:00 UTC        
 READ IN fields at DATE: 2021-09-06 00:00:00 UTC        
 READ IN fields at DATE: 2021-09-06 06:00:00 UTC        
 READ IN fields at DATE: 2021-09-06 12:00:00 UTC        
 READ IN fields at DATE: 2021-09-06 18:00:00 UTC        
 READ IN fields at DATE: 2021-09-07 00:00:00 UTC        
 READ IN fields at DATE: 2021-09-07 06:00:00 UTC        
 READ IN fields at DATE: 2021-09-07 12:00:00 UTC        
 READ IN fields at DATE: 2021-09-07 18:00:00 UTC        
 READ IN fields at DATE: 2021-09-08 00:00:00 UTC        
 READ IN fields at DATE: 2021-09-08 06:00:00 UTC        
 READ IN fields at DATE: 2021-09-08 12:00:00 UTC        
 READ IN fields at DATE: 2021-09-08 18:00:00 UTC        
 READ IN fields at DATE: 2021-09-09 00:00:00 UTC        
 READ IN fields at DATE: 2021-09-09 06:00:00 UTC        
 READ IN fields at DATE: 2021-09-09 12:00:00 UTC        
 READ IN fields at DATE: 2021-09-09 18:00:00 UTC        
 READ IN fields at DATE: 2021-09-10 00:00:00 UTC        
 READ IN fields at DATE: 2021-09-10 06:00:00 UTC        
 READ IN fields at DATE: 2021-09-10 12:00:00 UTC        
 READ IN fields at DATE: 2021-09-10 18:00:00 UTC        
 READ IN fields at DATE: 2021-09-11 00:00:00 UTC        
 READ IN fields at DATE: 2021-09-11 06:00:00 UTC        
 READ IN fields at DATE: 2021-09-11 12:00:00 UTC        
 READ IN fields at DATE: 2021-09-11 18:00:00 UTC        
 READ IN fields at DATE: 2021-09-12 00:00:00 UTC        
 READ IN fields at DATE: 2021-09-12 06:00:00 UTC        
 READ IN fields at DATE: 2021-09-12 12:00:00 UTC        
 READ IN fields at DATE: 2021-09-12 18:00:00 UTC        
 READ IN fields at DATE: 2021-09-13 00:00:00 UTC        
 READ IN fields at DATE: 2021-09-13 06:00:00 UTC        
 READ IN fields at DATE: 2021-09-13 12:00:00 UTC        
 READ IN fields at DATE: 2021-09-13 18:00:00 UTC        
 READ IN fields at DATE: 2021-09-14 00:00:00 UTC        
 READ IN fields at DATE: 2021-09-14 06:00:00 UTC        
 READ IN fields at DATE: 2021-09-14 12:00:00 UTC        
 READ IN fields at DATE: 2021-09-14 18:00:00 UTC        
 READ IN fields at DATE: 2021-09-15 00:00:00 UTC        
 READ IN fields at DATE: 2021-09-15 06:00:00 UTC        
 READ IN fields at DATE: 2021-09-15 12:00:00 UTC        
 READ IN fields at DATE: 2021-09-15 18:00:00 UTC        
 READ IN fields at DATE: 2021-09-16 00:00:00 UTC        
 READ IN fields at DATE: 2021-09-16 06:00:00 UTC        
 READ IN fields at DATE: 2021-09-16 12:00:00 UTC        
 READ IN fields at DATE: 2021-09-16 18:00:00 UTC        
 READ IN fields at DATE: 2021-09-17 00:00:00 UTC        
 READ IN fields at DATE: 2021-09-17 06:00:00 UTC        
 READ IN fields at DATE: 2021-09-17 12:00:00 UTC        
 READ IN fields at DATE: 2021-09-17 18:00:00 UTC        
 READ IN fields at DATE: 2021-09-18 00:00:00 UTC        
 READ IN fields at DATE: 2021-09-18 06:00:00 UTC        
 READ IN fields at DATE: 2021-09-18 12:00:00 UTC        
 READ IN fields at DATE: 2021-09-18 18:00:00 UTC        
 READ IN fields at DATE: 2021-09-19 00:00:00 UTC        
 READ IN fields at DATE: 2021-09-19 06:00:00 UTC        
 READ IN fields at DATE: 2021-09-19 12:00:00 UTC        
 READ IN fields at DATE: 2021-09-19 18:00:00 UTC        
 READ IN fields at DATE: 2021-09-20 00:00:00 UTC        
 READ IN fields at DATE: 2021-09-20 06:00:00 UTC        
 READ IN fields at DATE: 2021-09-20 12:00:00 UTC        
 READ IN fields at DATE: 2021-09-20 18:00:00 UTC        
 READ IN fields at DATE: 2021-09-21 00:00:00 UTC        
 READ IN fields at DATE: 2021-09-21 06:00:00 UTC        
 READ IN fields at DATE: 2021-09-21 12:00:00 UTC        
 READ IN fields at DATE: 2021-09-21 18:00:00 UTC        
 READ IN fields at DATE: 2021-09-22 00:00:00 UTC        
 READ IN fields at DATE: 2021-09-22 06:00:00 UTC        
 READ IN fields at DATE: 2021-09-22 12:00:00 UTC        
 READ IN fields at DATE: 2021-09-22 18:00:00 UTC        
 READ IN fields at DATE: 2021-09-23 00:00:00 UTC        
 READ IN fields at DATE: 2021-09-23 06:00:00 UTC        
 READ IN fields at DATE: 2021-09-23 12:00:00 UTC        
 READ IN fields at DATE: 2021-09-23 18:00:00 UTC        
 READ IN fields at DATE: 2021-09-24 00:00:00 UTC        
 READ IN fields at DATE: 2021-09-24 06:00:00 UTC        
 READ IN fields at DATE: 2021-09-24 12:00:00 UTC        
 READ IN fields at DATE: 2021-09-24 18:00:00 UTC        
 READ IN fields at DATE: 2021-09-25 00:00:00 UTC        
 READ IN fields at DATE: 2021-09-25 06:00:00 UTC        
 READ IN fields at DATE: 2021-09-25 12:00:00 UTC        
 READ IN fields at DATE: 2021-09-25 18:00:00 UTC        
 READ IN fields at DATE: 2021-09-26 00:00:00 UTC        
 READ IN fields at DATE: 2021-09-26 06:00:00 UTC        
 READ IN fields at DATE: 2021-09-26 12:00:00 UTC        
 READ IN fields at DATE: 2021-09-26 18:00:00 UTC        
 READ IN fields at DATE: 2021-09-27 00:00:00 UTC        
 READ IN fields at DATE: 2021-09-27 06:00:00 UTC        
 READ IN fields at DATE: 2021-09-27 12:00:00 UTC        
 READ IN fields at DATE: 2021-09-27 18:00:00 UTC        
 READ IN fields at DATE: 2021-09-28 00:00:00 UTC        
 READ IN fields at DATE: 2021-09-28 06:00:00 UTC        
 READ IN fields at DATE: 2021-09-28 12:00:00 UTC        
 READ IN fields at DATE: 2021-09-28 18:00:00 UTC        
 READ IN fields at DATE: 2021-09-29 00:00:00 UTC        
 READ IN fields at DATE: 2021-09-29 06:00:00 UTC        
 READ IN fields at DATE: 2021-09-29 12:00:00 UTC        
 READ IN fields at DATE: 2021-09-29 18:00:00 UTC        
 READ IN fields at DATE: 2021-09-30 00:00:00 UTC        
 READ IN fields at DATE: 2021-09-30 06:00:00 UTC        
 READ IN fields at DATE: 2021-09-30 12:00:00 UTC        
 READ IN fields at DATE: 2021-09-30 18:00:00 UTC        
      131072 /leonardo_work/ICT25_ESP/RCMDATA/ERA5/2021/tatm_2021_10.nc
  2.127812324307267E-003   252.422642148525     
      196608 /leonardo_work/ICT25_ESP/RCMDATA/ERA5/2021/geop_2021_10.nc
   7.34245187062243        233878.379555315     
      262144 /leonardo_work/ICT25_ESP/RCMDATA/ERA5/2021/qhum_2021_10.nc
  3.995228812248065E-007  1.272358767889570E-002
      327680 /leonardo_work/ICT25_ESP/RCMDATA/ERA5/2021/uwnd_2021_10.nc
  3.124248993663617E-003   26.9235401093899     
      393216 /leonardo_work/ICT25_ESP/RCMDATA/ERA5/2021/vwnd_2021_10.nc
  2.910756105076593E-003  -2.91611297082598     
 READ IN fields at DATE: 2021-10-01 00:00:00 UTC        
 READ IN fields at DATE: 2021-10-01 06:00:00 UTC        
 READ IN fields at DATE: 2021-10-01 12:00:00 UTC        
 READ IN fields at DATE: 2021-10-01 18:00:00 UTC        
 READ IN fields at DATE: 2021-10-02 00:00:00 UTC        
 READ IN fields at DATE: 2021-10-02 06:00:00 UTC        
 READ IN fields at DATE: 2021-10-02 12:00:00 UTC        
 READ IN fields at DATE: 2021-10-02 18:00:00 UTC        
 READ IN fields at DATE: 2021-10-03 00:00:00 UTC        
 READ IN fields at DATE: 2021-10-03 06:00:00 UTC        
 READ IN fields at DATE: 2021-10-03 12:00:00 UTC        
 READ IN fields at DATE: 2021-10-03 18:00:00 UTC        
 READ IN fields at DATE: 2021-10-04 00:00:00 UTC        
 READ IN fields at DATE: 2021-10-04 06:00:00 UTC        
 READ IN fields at DATE: 2021-10-04 12:00:00 UTC        
 READ IN fields at DATE: 2021-10-04 18:00:00 UTC        
 READ IN fields at DATE: 2021-10-05 00:00:00 UTC        
 READ IN fields at DATE: 2021-10-05 06:00:00 UTC        
 READ IN fields at DATE: 2021-10-05 12:00:00 UTC        
 READ IN fields at DATE: 2021-10-05 18:00:00 UTC        
 READ IN fields at DATE: 2021-10-06 00:00:00 UTC        
 READ IN fields at DATE: 2021-10-06 06:00:00 UTC        
 READ IN fields at DATE: 2021-10-06 12:00:00 UTC        
 READ IN fields at DATE: 2021-10-06 18:00:00 UTC        
 READ IN fields at DATE: 2021-10-07 00:00:00 UTC        
 READ IN fields at DATE: 2021-10-07 06:00:00 UTC        
 READ IN fields at DATE: 2021-10-07 12:00:00 UTC        
 READ IN fields at DATE: 2021-10-07 18:00:00 UTC        
 READ IN fields at DATE: 2021-10-08 00:00:00 UTC        
 READ IN fields at DATE: 2021-10-08 06:00:00 UTC        
 READ IN fields at DATE: 2021-10-08 12:00:00 UTC        
 READ IN fields at DATE: 2021-10-08 18:00:00 UTC        
 READ IN fields at DATE: 2021-10-09 00:00:00 UTC        
 READ IN fields at DATE: 2021-10-09 06:00:00 UTC        
 READ IN fields at DATE: 2021-10-09 12:00:00 UTC        
 READ IN fields at DATE: 2021-10-09 18:00:00 UTC        
 READ IN fields at DATE: 2021-10-10 00:00:00 UTC        
 READ IN fields at DATE: 2021-10-10 06:00:00 UTC        
 READ IN fields at DATE: 2021-10-10 12:00:00 UTC        
 READ IN fields at DATE: 2021-10-10 18:00:00 UTC        
 READ IN fields at DATE: 2021-10-11 00:00:00 UTC        
 READ IN fields at DATE: 2021-10-11 06:00:00 UTC        
 READ IN fields at DATE: 2021-10-11 12:00:00 UTC        
 READ IN fields at DATE: 2021-10-11 18:00:00 UTC        
 READ IN fields at DATE: 2021-10-12 00:00:00 UTC        
 READ IN fields at DATE: 2021-10-12 06:00:00 UTC        
 READ IN fields at DATE: 2021-10-12 12:00:00 UTC        
 READ IN fields at DATE: 2021-10-12 18:00:00 UTC        
 READ IN fields at DATE: 2021-10-13 00:00:00 UTC        
 READ IN fields at DATE: 2021-10-13 06:00:00 UTC        
 READ IN fields at DATE: 2021-10-13 12:00:00 UTC        
 READ IN fields at DATE: 2021-10-13 18:00:00 UTC        
 READ IN fields at DATE: 2021-10-14 00:00:00 UTC        
 READ IN fields at DATE: 2021-10-14 06:00:00 UTC        
 READ IN fields at DATE: 2021-10-14 12:00:00 UTC        
 READ IN fields at DATE: 2021-10-14 18:00:00 UTC        
 READ IN fields at DATE: 2021-10-15 00:00:00 UTC        
 READ IN fields at DATE: 2021-10-15 06:00:00 UTC        
 READ IN fields at DATE: 2021-10-15 12:00:00 UTC        
 READ IN fields at DATE: 2021-10-15 18:00:00 UTC        
 READ IN fields at DATE: 2021-10-16 00:00:00 UTC        
 READ IN fields at DATE: 2021-10-16 06:00:00 UTC        
 READ IN fields at DATE: 2021-10-16 12:00:00 UTC        
 READ IN fields at DATE: 2021-10-16 18:00:00 UTC        
 READ IN fields at DATE: 2021-10-17 00:00:00 UTC        
 READ IN fields at DATE: 2021-10-17 06:00:00 UTC        
 READ IN fields at DATE: 2021-10-17 12:00:00 UTC        
 READ IN fields at DATE: 2021-10-17 18:00:00 UTC        
 READ IN fields at DATE: 2021-10-18 00:00:00 UTC        
 READ IN fields at DATE: 2021-10-18 06:00:00 UTC        
 READ IN fields at DATE: 2021-10-18 12:00:00 UTC        
 READ IN fields at DATE: 2021-10-18 18:00:00 UTC        
 READ IN fields at DATE: 2021-10-19 00:00:00 UTC        
 READ IN fields at DATE: 2021-10-19 06:00:00 UTC        
 READ IN fields at DATE: 2021-10-19 12:00:00 UTC        
 READ IN fields at DATE: 2021-10-19 18:00:00 UTC        
 READ IN fields at DATE: 2021-10-20 00:00:00 UTC        
 READ IN fields at DATE: 2021-10-20 06:00:00 UTC        
 READ IN fields at DATE: 2021-10-20 12:00:00 UTC        
 READ IN fields at DATE: 2021-10-20 18:00:00 UTC        
 READ IN fields at DATE: 2021-10-21 00:00:00 UTC        
 READ IN fields at DATE: 2021-10-21 06:00:00 UTC        
 READ IN fields at DATE: 2021-10-21 12:00:00 UTC        
 READ IN fields at DATE: 2021-10-21 18:00:00 UTC        
 READ IN fields at DATE: 2021-10-22 00:00:00 UTC        
 READ IN fields at DATE: 2021-10-22 06:00:00 UTC        
 READ IN fields at DATE: 2021-10-22 12:00:00 UTC        
 READ IN fields at DATE: 2021-10-22 18:00:00 UTC        
 READ IN fields at DATE: 2021-10-23 00:00:00 UTC        
 READ IN fields at DATE: 2021-10-23 06:00:00 UTC        
 READ IN fields at DATE: 2021-10-23 12:00:00 UTC        
 READ IN fields at DATE: 2021-10-23 18:00:00 UTC        
 READ IN fields at DATE: 2021-10-24 00:00:00 UTC        
 READ IN fields at DATE: 2021-10-24 06:00:00 UTC        
 READ IN fields at DATE: 2021-10-24 12:00:00 UTC        
 READ IN fields at DATE: 2021-10-24 18:00:00 UTC        
 READ IN fields at DATE: 2021-10-25 00:00:00 UTC        
 READ IN fields at DATE: 2021-10-25 06:00:00 UTC        
 READ IN fields at DATE: 2021-10-25 12:00:00 UTC        
 READ IN fields at DATE: 2021-10-25 18:00:00 UTC        
 READ IN fields at DATE: 2021-10-26 00:00:00 UTC        
 READ IN fields at DATE: 2021-10-26 06:00:00 UTC        
 READ IN fields at DATE: 2021-10-26 12:00:00 UTC        
 READ IN fields at DATE: 2021-10-26 18:00:00 UTC        
 READ IN fields at DATE: 2021-10-27 00:00:00 UTC        
 READ IN fields at DATE: 2021-10-27 06:00:00 UTC        
 READ IN fields at DATE: 2021-10-27 12:00:00 UTC        
 READ IN fields at DATE: 2021-10-27 18:00:00 UTC        
 READ IN fields at DATE: 2021-10-28 00:00:00 UTC        
 READ IN fields at DATE: 2021-10-28 06:00:00 UTC        
 READ IN fields at DATE: 2021-10-28 12:00:00 UTC        
 READ IN fields at DATE: 2021-10-28 18:00:00 UTC        
 READ IN fields at DATE: 2021-10-29 00:00:00 UTC        
 READ IN fields at DATE: 2021-10-29 06:00:00 UTC        
 READ IN fields at DATE: 2021-10-29 12:00:00 UTC        
 READ IN fields at DATE: 2021-10-29 18:00:00 UTC        
 READ IN fields at DATE: 2021-10-30 00:00:00 UTC        
 READ IN fields at DATE: 2021-10-30 06:00:00 UTC        
 READ IN fields at DATE: 2021-10-30 12:00:00 UTC        
 READ IN fields at DATE: 2021-10-30 18:00:00 UTC        
 READ IN fields at DATE: 2021-10-31 00:00:00 UTC        
 READ IN fields at DATE: 2021-10-31 06:00:00 UTC        
 READ IN fields at DATE: 2021-10-31 12:00:00 UTC        
 READ IN fields at DATE: 2021-10-31 18:00:00 UTC        
      131072 /leonardo_work/ICT25_ESP/RCMDATA/ERA5/2021/tatm_2021_11.nc
  2.057546873152172E-003   249.545983555665     
      196608 /leonardo_work/ICT25_ESP/RCMDATA/ERA5/2021/geop_2021_11.nc
   7.50401974243892        239674.347599504     
      262144 /leonardo_work/ICT25_ESP/RCMDATA/ERA5/2021/qhum_2021_11.nc
  3.627376202560416E-007  1.184825611461233E-002
      327680 /leonardo_work/ICT25_ESP/RCMDATA/ERA5/2021/uwnd_2021_11.nc
  3.763548551069929E-003   56.6352642218182     
      393216 /leonardo_work/ICT25_ESP/RCMDATA/ERA5/2021/vwnd_2021_11.nc
  2.642248637792696E-003  -1.64110689092046     
 READ IN fields at DATE: 2021-11-01 00:00:00 UTC        
 READ IN fields at DATE: 2021-11-01 06:00:00 UTC        
 READ IN fields at DATE: 2021-11-01 12:00:00 UTC        
 READ IN fields at DATE: 2021-11-01 18:00:00 UTC        
 READ IN fields at DATE: 2021-11-02 00:00:00 UTC        
 READ IN fields at DATE: 2021-11-02 06:00:00 UTC        
 READ IN fields at DATE: 2021-11-02 12:00:00 UTC        
 READ IN fields at DATE: 2021-11-02 18:00:00 UTC        
 READ IN fields at DATE: 2021-11-03 00:00:00 UTC        
 READ IN fields at DATE: 2021-11-03 06:00:00 UTC        
 READ IN fields at DATE: 2021-11-03 12:00:00 UTC        
 READ IN fields at DATE: 2021-11-03 18:00:00 UTC        
 READ IN fields at DATE: 2021-11-04 00:00:00 UTC        
 READ IN fields at DATE: 2021-11-04 06:00:00 UTC        
 READ IN fields at DATE: 2021-11-04 12:00:00 UTC        
 READ IN fields at DATE: 2021-11-04 18:00:00 UTC        
 READ IN fields at DATE: 2021-11-05 00:00:00 UTC        
 READ IN fields at DATE: 2021-11-05 06:00:00 UTC        
 READ IN fields at DATE: 2021-11-05 12:00:00 UTC        
 READ IN fields at DATE: 2021-11-05 18:00:00 UTC        
 READ IN fields at DATE: 2021-11-06 00:00:00 UTC        
 READ IN fields at DATE: 2021-11-06 06:00:00 UTC        
 READ IN fields at DATE: 2021-11-06 12:00:00 UTC        
 READ IN fields at DATE: 2021-11-06 18:00:00 UTC        
 READ IN fields at DATE: 2021-11-07 00:00:00 UTC        
 READ IN fields at DATE: 2021-11-07 06:00:00 UTC        
 READ IN fields at DATE: 2021-11-07 12:00:00 UTC        
 READ IN fields at DATE: 2021-11-07 18:00:00 UTC        
 READ IN fields at DATE: 2021-11-08 00:00:00 UTC        
 READ IN fields at DATE: 2021-11-08 06:00:00 UTC        
 READ IN fields at DATE: 2021-11-08 12:00:00 UTC        
 READ IN fields at DATE: 2021-11-08 18:00:00 UTC        
 READ IN fields at DATE: 2021-11-09 00:00:00 UTC        
 READ IN fields at DATE: 2021-11-09 06:00:00 UTC        
 READ IN fields at DATE: 2021-11-09 12:00:00 UTC        
 READ IN fields at DATE: 2021-11-09 18:00:00 UTC        
 READ IN fields at DATE: 2021-11-10 00:00:00 UTC        
 READ IN fields at DATE: 2021-11-10 06:00:00 UTC        
 READ IN fields at DATE: 2021-11-10 12:00:00 UTC        
 READ IN fields at DATE: 2021-11-10 18:00:00 UTC        
 READ IN fields at DATE: 2021-11-11 00:00:00 UTC        
 READ IN fields at DATE: 2021-11-11 06:00:00 UTC        
 READ IN fields at DATE: 2021-11-11 12:00:00 UTC        
 READ IN fields at DATE: 2021-11-11 18:00:00 UTC        
 READ IN fields at DATE: 2021-11-12 00:00:00 UTC        
 READ IN fields at DATE: 2021-11-12 06:00:00 UTC        
 READ IN fields at DATE: 2021-11-12 12:00:00 UTC        
 READ IN fields at DATE: 2021-11-12 18:00:00 UTC        
 READ IN fields at DATE: 2021-11-13 00:00:00 UTC        
 READ IN fields at DATE: 2021-11-13 06:00:00 UTC        
 READ IN fields at DATE: 2021-11-13 12:00:00 UTC        
 READ IN fields at DATE: 2021-11-13 18:00:00 UTC        
 READ IN fields at DATE: 2021-11-14 00:00:00 UTC        
 READ IN fields at DATE: 2021-11-14 06:00:00 UTC        
 READ IN fields at DATE: 2021-11-14 12:00:00 UTC        
 READ IN fields at DATE: 2021-11-14 18:00:00 UTC        
 READ IN fields at DATE: 2021-11-15 00:00:00 UTC        
 READ IN fields at DATE: 2021-11-15 06:00:00 UTC        
 READ IN fields at DATE: 2021-11-15 12:00:00 UTC        
 READ IN fields at DATE: 2021-11-15 18:00:00 UTC        
 READ IN fields at DATE: 2021-11-16 00:00:00 UTC        
 READ IN fields at DATE: 2021-11-16 06:00:00 UTC        
 READ IN fields at DATE: 2021-11-16 12:00:00 UTC        
 READ IN fields at DATE: 2021-11-16 18:00:00 UTC        
 READ IN fields at DATE: 2021-11-17 00:00:00 UTC        
 READ IN fields at DATE: 2021-11-17 06:00:00 UTC        
 READ IN fields at DATE: 2021-11-17 12:00:00 UTC        
 READ IN fields at DATE: 2021-11-17 18:00:00 UTC        
 READ IN fields at DATE: 2021-11-18 00:00:00 UTC        
 READ IN fields at DATE: 2021-11-18 06:00:00 UTC        
 READ IN fields at DATE: 2021-11-18 12:00:00 UTC        
 READ IN fields at DATE: 2021-11-18 18:00:00 UTC        
 READ IN fields at DATE: 2021-11-19 00:00:00 UTC        
 READ IN fields at DATE: 2021-11-19 06:00:00 UTC        
 READ IN fields at DATE: 2021-11-19 12:00:00 UTC        
 READ IN fields at DATE: 2021-11-19 18:00:00 UTC        
 READ IN fields at DATE: 2021-11-20 00:00:00 UTC        
 READ IN fields at DATE: 2021-11-20 06:00:00 UTC        
 READ IN fields at DATE: 2021-11-20 12:00:00 UTC        
 READ IN fields at DATE: 2021-11-20 18:00:00 UTC        
 READ IN fields at DATE: 2021-11-21 00:00:00 UTC        
 READ IN fields at DATE: 2021-11-21 06:00:00 UTC        
 READ IN fields at DATE: 2021-11-21 12:00:00 UTC        
 READ IN fields at DATE: 2021-11-21 18:00:00 UTC        
 READ IN fields at DATE: 2021-11-22 00:00:00 UTC        
 READ IN fields at DATE: 2021-11-22 06:00:00 UTC        
 READ IN fields at DATE: 2021-11-22 12:00:00 UTC        
 READ IN fields at DATE: 2021-11-22 18:00:00 UTC        
 READ IN fields at DATE: 2021-11-23 00:00:00 UTC        
 READ IN fields at DATE: 2021-11-23 06:00:00 UTC        
 READ IN fields at DATE: 2021-11-23 12:00:00 UTC        
 READ IN fields at DATE: 2021-11-23 18:00:00 UTC        
 READ IN fields at DATE: 2021-11-24 00:00:00 UTC        
 READ IN fields at DATE: 2021-11-24 06:00:00 UTC        
 READ IN fields at DATE: 2021-11-24 12:00:00 UTC        
 READ IN fields at DATE: 2021-11-24 18:00:00 UTC        
 READ IN fields at DATE: 2021-11-25 00:00:00 UTC        
 READ IN fields at DATE: 2021-11-25 06:00:00 UTC        
 READ IN fields at DATE: 2021-11-25 12:00:00 UTC        
 READ IN fields at DATE: 2021-11-25 18:00:00 UTC        
 READ IN fields at DATE: 2021-11-26 00:00:00 UTC        
 READ IN fields at DATE: 2021-11-26 06:00:00 UTC        
 READ IN fields at DATE: 2021-11-26 12:00:00 UTC        
 READ IN fields at DATE: 2021-11-26 18:00:00 UTC        
 READ IN fields at DATE: 2021-11-27 00:00:00 UTC        
 READ IN fields at DATE: 2021-11-27 06:00:00 UTC        
 READ IN fields at DATE: 2021-11-27 12:00:00 UTC        
 READ IN fields at DATE: 2021-11-27 18:00:00 UTC        
 READ IN fields at DATE: 2021-11-28 00:00:00 UTC        
 READ IN fields at DATE: 2021-11-28 06:00:00 UTC        
 READ IN fields at DATE: 2021-11-28 12:00:00 UTC        
 READ IN fields at DATE: 2021-11-28 18:00:00 UTC        
 READ IN fields at DATE: 2021-11-29 00:00:00 UTC        
 READ IN fields at DATE: 2021-11-29 06:00:00 UTC        
 READ IN fields at DATE: 2021-11-29 12:00:00 UTC        
 READ IN fields at DATE: 2021-11-29 18:00:00 UTC        
 READ IN fields at DATE: 2021-11-30 00:00:00 UTC        
 READ IN fields at DATE: 2021-11-30 06:00:00 UTC        
 READ IN fields at DATE: 2021-11-30 12:00:00 UTC        
 READ IN fields at DATE: 2021-11-30 18:00:00 UTC        
      131072 /leonardo_work/ICT25_ESP/RCMDATA/ERA5/2021/tatm_2021_12.nc
  2.134443178913677E-003   248.890351235442     
      196608 /leonardo_work/ICT25_ESP/RCMDATA/ERA5/2021/geop_2021_12.nc
   7.61850142533151        243664.501296162     
      262144 /leonardo_work/ICT25_ESP/RCMDATA/ERA5/2021/qhum_2021_12.nc
  3.989698276181924E-007  1.301389199945124E-002
      327680 /leonardo_work/ICT25_ESP/RCMDATA/ERA5/2021/uwnd_2021_12.nc
  4.573484925488995E-003   46.0972539679865     
      393216 /leonardo_work/ICT25_ESP/RCMDATA/ERA5/2021/vwnd_2021_12.nc
  4.247568572396851E-003   1.23738579823333     
 READ IN fields at DATE: 2021-12-01 00:00:00 UTC        
 READ IN fields at DATE: 2021-12-01 06:00:00 UTC        
 READ IN fields at DATE: 2021-12-01 12:00:00 UTC        
 READ IN fields at DATE: 2021-12-01 18:00:00 UTC        
 READ IN fields at DATE: 2021-12-02 00:00:00 UTC        
 READ IN fields at DATE: 2021-12-02 06:00:00 UTC        
 READ IN fields at DATE: 2021-12-02 12:00:00 UTC        
 READ IN fields at DATE: 2021-12-02 18:00:00 UTC        
 READ IN fields at DATE: 2021-12-03 00:00:00 UTC        
 READ IN fields at DATE: 2021-12-03 06:00:00 UTC        
 READ IN fields at DATE: 2021-12-03 12:00:00 UTC        
 READ IN fields at DATE: 2021-12-03 18:00:00 UTC        
 READ IN fields at DATE: 2021-12-04 00:00:00 UTC        
 READ IN fields at DATE: 2021-12-04 06:00:00 UTC        
 READ IN fields at DATE: 2021-12-04 12:00:00 UTC        
 READ IN fields at DATE: 2021-12-04 18:00:00 UTC        
 READ IN fields at DATE: 2021-12-05 00:00:00 UTC        
 READ IN fields at DATE: 2021-12-05 06:00:00 UTC        
 READ IN fields at DATE: 2021-12-05 12:00:00 UTC        
 READ IN fields at DATE: 2021-12-05 18:00:00 UTC        
 READ IN fields at DATE: 2021-12-06 00:00:00 UTC        
 READ IN fields at DATE: 2021-12-06 06:00:00 UTC        
 READ IN fields at DATE: 2021-12-06 12:00:00 UTC        
 READ IN fields at DATE: 2021-12-06 18:00:00 UTC        
 READ IN fields at DATE: 2021-12-07 00:00:00 UTC        
 READ IN fields at DATE: 2021-12-07 06:00:00 UTC        
 READ IN fields at DATE: 2021-12-07 12:00:00 UTC        
 READ IN fields at DATE: 2021-12-07 18:00:00 UTC        
 READ IN fields at DATE: 2021-12-08 00:00:00 UTC        
 READ IN fields at DATE: 2021-12-08 06:00:00 UTC        
 READ IN fields at DATE: 2021-12-08 12:00:00 UTC        
 READ IN fields at DATE: 2021-12-08 18:00:00 UTC        
 READ IN fields at DATE: 2021-12-09 00:00:00 UTC        
 READ IN fields at DATE: 2021-12-09 06:00:00 UTC        
 READ IN fields at DATE: 2021-12-09 12:00:00 UTC        
 READ IN fields at DATE: 2021-12-09 18:00:00 UTC        
 READ IN fields at DATE: 2021-12-10 00:00:00 UTC        
 READ IN fields at DATE: 2021-12-10 06:00:00 UTC        
 READ IN fields at DATE: 2021-12-10 12:00:00 UTC        
 READ IN fields at DATE: 2021-12-10 18:00:00 UTC        
 READ IN fields at DATE: 2021-12-11 00:00:00 UTC        
 READ IN fields at DATE: 2021-12-11 06:00:00 UTC        
 READ IN fields at DATE: 2021-12-11 12:00:00 UTC        
 READ IN fields at DATE: 2021-12-11 18:00:00 UTC        
 READ IN fields at DATE: 2021-12-12 00:00:00 UTC        
 READ IN fields at DATE: 2021-12-12 06:00:00 UTC        
 READ IN fields at DATE: 2021-12-12 12:00:00 UTC        
 READ IN fields at DATE: 2021-12-12 18:00:00 UTC        
 READ IN fields at DATE: 2021-12-13 00:00:00 UTC        
 READ IN fields at DATE: 2021-12-13 06:00:00 UTC        
 READ IN fields at DATE: 2021-12-13 12:00:00 UTC        
 READ IN fields at DATE: 2021-12-13 18:00:00 UTC        
 READ IN fields at DATE: 2021-12-14 00:00:00 UTC        
 READ IN fields at DATE: 2021-12-14 06:00:00 UTC        
 READ IN fields at DATE: 2021-12-14 12:00:00 UTC        
 READ IN fields at DATE: 2021-12-14 18:00:00 UTC        
 READ IN fields at DATE: 2021-12-15 00:00:00 UTC        
 READ IN fields at DATE: 2021-12-15 06:00:00 UTC        
 READ IN fields at DATE: 2021-12-15 12:00:00 UTC        
 READ IN fields at DATE: 2021-12-15 18:00:00 UTC        
 READ IN fields at DATE: 2021-12-16 00:00:00 UTC        
 READ IN fields at DATE: 2021-12-16 06:00:00 UTC        
 READ IN fields at DATE: 2021-12-16 12:00:00 UTC        
 READ IN fields at DATE: 2021-12-16 18:00:00 UTC        
 READ IN fields at DATE: 2021-12-17 00:00:00 UTC        
 READ IN fields at DATE: 2021-12-17 06:00:00 UTC        
 READ IN fields at DATE: 2021-12-17 12:00:00 UTC        
 READ IN fields at DATE: 2021-12-17 18:00:00 UTC        
 READ IN fields at DATE: 2021-12-18 00:00:00 UTC        
 READ IN fields at DATE: 2021-12-18 06:00:00 UTC        
 READ IN fields at DATE: 2021-12-18 12:00:00 UTC        
 READ IN fields at DATE: 2021-12-18 18:00:00 UTC        
 READ IN fields at DATE: 2021-12-19 00:00:00 UTC        
 READ IN fields at DATE: 2021-12-19 06:00:00 UTC        
 READ IN fields at DATE: 2021-12-19 12:00:00 UTC        
 READ IN fields at DATE: 2021-12-19 18:00:00 UTC        
 READ IN fields at DATE: 2021-12-20 00:00:00 UTC        
 READ IN fields at DATE: 2021-12-20 06:00:00 UTC        
 READ IN fields at DATE: 2021-12-20 12:00:00 UTC        
 READ IN fields at DATE: 2021-12-20 18:00:00 UTC        
 READ IN fields at DATE: 2021-12-21 00:00:00 UTC        
 READ IN fields at DATE: 2021-12-21 06:00:00 UTC        
 READ IN fields at DATE: 2021-12-21 12:00:00 UTC        
 READ IN fields at DATE: 2021-12-21 18:00:00 UTC        
 READ IN fields at DATE: 2021-12-22 00:00:00 UTC        
 READ IN fields at DATE: 2021-12-22 06:00:00 UTC        
 READ IN fields at DATE: 2021-12-22 12:00:00 UTC        
 READ IN fields at DATE: 2021-12-22 18:00:00 UTC        
 READ IN fields at DATE: 2021-12-23 00:00:00 UTC        
 READ IN fields at DATE: 2021-12-23 06:00:00 UTC        
 READ IN fields at DATE: 2021-12-23 12:00:00 UTC        
 READ IN fields at DATE: 2021-12-23 18:00:00 UTC        
 READ IN fields at DATE: 2021-12-24 00:00:00 UTC        
 READ IN fields at DATE: 2021-12-24 06:00:00 UTC        
 READ IN fields at DATE: 2021-12-24 12:00:00 UTC        
 READ IN fields at DATE: 2021-12-24 18:00:00 UTC        
 READ IN fields at DATE: 2021-12-25 00:00:00 UTC        
 READ IN fields at DATE: 2021-12-25 06:00:00 UTC        
 READ IN fields at DATE: 2021-12-25 12:00:00 UTC        
 READ IN fields at DATE: 2021-12-25 18:00:00 UTC        
 READ IN fields at DATE: 2021-12-26 00:00:00 UTC        
 READ IN fields at DATE: 2021-12-26 06:00:00 UTC        
 READ IN fields at DATE: 2021-12-26 12:00:00 UTC        
 READ IN fields at DATE: 2021-12-26 18:00:00 UTC        
 READ IN fields at DATE: 2021-12-27 00:00:00 UTC        
 READ IN fields at DATE: 2021-12-27 06:00:00 UTC        
 READ IN fields at DATE: 2021-12-27 12:00:00 UTC        
 READ IN fields at DATE: 2021-12-27 18:00:00 UTC        
 READ IN fields at DATE: 2021-12-28 00:00:00 UTC        
 READ IN fields at DATE: 2021-12-28 06:00:00 UTC        
 READ IN fields at DATE: 2021-12-28 12:00:00 UTC        
 READ IN fields at DATE: 2021-12-28 18:00:00 UTC        
 READ IN fields at DATE: 2021-12-29 00:00:00 UTC        
 READ IN fields at DATE: 2021-12-29 06:00:00 UTC        
 READ IN fields at DATE: 2021-12-29 12:00:00 UTC        
 READ IN fields at DATE: 2021-12-29 18:00:00 UTC        
 READ IN fields at DATE: 2021-12-30 00:00:00 UTC        
 READ IN fields at DATE: 2021-12-30 06:00:00 UTC        
 READ IN fields at DATE: 2021-12-30 12:00:00 UTC        
 READ IN fields at DATE: 2021-12-30 18:00:00 UTC        
 READ IN fields at DATE: 2021-12-31 00:00:00 UTC        
 READ IN fields at DATE: 2021-12-31 06:00:00 UTC        
 READ IN fields at DATE: 2021-12-31 12:00:00 UTC        
 READ IN fields at DATE: 2021-12-31 18:00:00 UTC        
      131072 /leonardo_work/ICT25_ESP/RCMDATA/ERA5/2022/tatm_2022_01.nc
  2.138732581384331E-003   249.938460052655     
      196608 /leonardo_work/ICT25_ESP/RCMDATA/ERA5/2022/geop_2022_01.nc
   7.62243265082096        244071.874330550     
      262144 /leonardo_work/ICT25_ESP/RCMDATA/ERA5/2022/qhum_2022_01.nc
  3.723241665566825E-007  1.211856430802507E-002
      327680 /leonardo_work/ICT25_ESP/RCMDATA/ERA5/2022/uwnd_2022_01.nc
  4.330379745760247E-003   37.6950851763381     
      393216 /leonardo_work/ICT25_ESP/RCMDATA/ERA5/2022/vwnd_2022_01.nc
  4.404331307571781E-003  -4.84434236340769     
 READ IN fields at DATE: 2022-01-01 00:00:00 UTC        
 Input ready at : Fri May 16 00:30:19 2025
 Successfully completed ICBC
icbc script complete
