
  This is icbc part of the RegCM version 5
   SVN Revision: 5.0.1 compiled at: data : Dec 03 2024  time: 16:32:23

 : this run start at    : 2025-05-13 15:54:38+0200
 : it is submitted by   : mdasilva
 : it is running on     : lrdn4609.leonardo.local
 : in directory         : 
 /leonardo/home/userexternal/mdasilva/github_projects/shell/ictp/regcm_exp/sam_3
 km
                       
 Using Moloch non-hydrostatic dynamical core
 GLOBIDATE1 :  2017-01-01 00:00:00 UTC        
 GLOBIDATE2 :  2018-01-01 00:00:00 UTC        
 NSTEPS     :         1461
 Computing weights, R =      38.96331406 .......... Done.
 Computing weights, R =      38.96331406 .......... Done.
 Computing weights, R =      38.96331406 .......... Done.
      131072 /leonardo_work/ICT25_ESP/RCMDATA/ERA5/2017/tatm_2017_01.nc
  2.324439586004737E-003   251.703099559992     
      196608 /leonardo_work/ICT25_ESP/RCMDATA/ERA5/2017/geop_2017_01.nc
   7.62323180687592        245104.375884097     
      262144 /leonardo_work/ICT25_ESP/RCMDATA/ERA5/2017/qhum_2017_01.nc
  3.846394832328757E-007  1.244742922763893E-002
      327680 /leonardo_work/ICT25_ESP/RCMDATA/ERA5/2017/uwnd_2017_01.nc
  5.773789522519904E-003   17.5782135691059     
      393216 /leonardo_work/ICT25_ESP/RCMDATA/ERA5/2017/vwnd_2017_01.nc
  4.793282458017931E-003  -2.10340219542823     
 READ IN fields at DATE: 2017-01-01 00:00:00 UTC        
 READ IN fields at DATE: 2017-01-01 06:00:00 UTC        
 READ IN fields at DATE: 2017-01-01 12:00:00 UTC        
 READ IN fields at DATE: 2017-01-01 18:00:00 UTC        
 READ IN fields at DATE: 2017-01-02 00:00:00 UTC        
 READ IN fields at DATE: 2017-01-02 06:00:00 UTC        
 READ IN fields at DATE: 2017-01-02 12:00:00 UTC        
 READ IN fields at DATE: 2017-01-02 18:00:00 UTC        
 READ IN fields at DATE: 2017-01-03 00:00:00 UTC        
 READ IN fields at DATE: 2017-01-03 06:00:00 UTC        
 READ IN fields at DATE: 2017-01-03 12:00:00 UTC        
 READ IN fields at DATE: 2017-01-03 18:00:00 UTC        
 READ IN fields at DATE: 2017-01-04 00:00:00 UTC        
 READ IN fields at DATE: 2017-01-04 06:00:00 UTC        
 READ IN fields at DATE: 2017-01-04 12:00:00 UTC        
 READ IN fields at DATE: 2017-01-04 18:00:00 UTC        
 READ IN fields at DATE: 2017-01-05 00:00:00 UTC        
 READ IN fields at DATE: 2017-01-05 06:00:00 UTC        
 READ IN fields at DATE: 2017-01-05 12:00:00 UTC        
 READ IN fields at DATE: 2017-01-05 18:00:00 UTC        
 READ IN fields at DATE: 2017-01-06 00:00:00 UTC        
 READ IN fields at DATE: 2017-01-06 06:00:00 UTC        
 READ IN fields at DATE: 2017-01-06 12:00:00 UTC        
 READ IN fields at DATE: 2017-01-06 18:00:00 UTC        
 READ IN fields at DATE: 2017-01-07 00:00:00 UTC        
 READ IN fields at DATE: 2017-01-07 06:00:00 UTC        
 READ IN fields at DATE: 2017-01-07 12:00:00 UTC        
 READ IN fields at DATE: 2017-01-07 18:00:00 UTC        
 READ IN fields at DATE: 2017-01-08 00:00:00 UTC        
 READ IN fields at DATE: 2017-01-08 06:00:00 UTC        
 READ IN fields at DATE: 2017-01-08 12:00:00 UTC        
 READ IN fields at DATE: 2017-01-08 18:00:00 UTC        
 READ IN fields at DATE: 2017-01-09 00:00:00 UTC        
 READ IN fields at DATE: 2017-01-09 06:00:00 UTC        
 READ IN fields at DATE: 2017-01-09 12:00:00 UTC        
 READ IN fields at DATE: 2017-01-09 18:00:00 UTC        
 READ IN fields at DATE: 2017-01-10 00:00:00 UTC        
 READ IN fields at DATE: 2017-01-10 06:00:00 UTC        
 READ IN fields at DATE: 2017-01-10 12:00:00 UTC        
 READ IN fields at DATE: 2017-01-10 18:00:00 UTC        
 READ IN fields at DATE: 2017-01-11 00:00:00 UTC        
 READ IN fields at DATE: 2017-01-11 06:00:00 UTC        
 READ IN fields at DATE: 2017-01-11 12:00:00 UTC        
 READ IN fields at DATE: 2017-01-11 18:00:00 UTC        
 READ IN fields at DATE: 2017-01-12 00:00:00 UTC        
 READ IN fields at DATE: 2017-01-12 06:00:00 UTC        
 READ IN fields at DATE: 2017-01-12 12:00:00 UTC        
 READ IN fields at DATE: 2017-01-12 18:00:00 UTC        
 READ IN fields at DATE: 2017-01-13 00:00:00 UTC        
 READ IN fields at DATE: 2017-01-13 06:00:00 UTC        
 READ IN fields at DATE: 2017-01-13 12:00:00 UTC        
 READ IN fields at DATE: 2017-01-13 18:00:00 UTC        
 READ IN fields at DATE: 2017-01-14 00:00:00 UTC        
 READ IN fields at DATE: 2017-01-14 06:00:00 UTC        
 READ IN fields at DATE: 2017-01-14 12:00:00 UTC        
 READ IN fields at DATE: 2017-01-14 18:00:00 UTC        
 READ IN fields at DATE: 2017-01-15 00:00:00 UTC        
 READ IN fields at DATE: 2017-01-15 06:00:00 UTC        
 READ IN fields at DATE: 2017-01-15 12:00:00 UTC        
 READ IN fields at DATE: 2017-01-15 18:00:00 UTC        
 READ IN fields at DATE: 2017-01-16 00:00:00 UTC        
 READ IN fields at DATE: 2017-01-16 06:00:00 UTC        
 READ IN fields at DATE: 2017-01-16 12:00:00 UTC        
 READ IN fields at DATE: 2017-01-16 18:00:00 UTC        
 READ IN fields at DATE: 2017-01-17 00:00:00 UTC        
 READ IN fields at DATE: 2017-01-17 06:00:00 UTC        
 READ IN fields at DATE: 2017-01-17 12:00:00 UTC        
 READ IN fields at DATE: 2017-01-17 18:00:00 UTC        
 READ IN fields at DATE: 2017-01-18 00:00:00 UTC        
 READ IN fields at DATE: 2017-01-18 06:00:00 UTC        
 READ IN fields at DATE: 2017-01-18 12:00:00 UTC        
 READ IN fields at DATE: 2017-01-18 18:00:00 UTC        
 READ IN fields at DATE: 2017-01-19 00:00:00 UTC        
 READ IN fields at DATE: 2017-01-19 06:00:00 UTC        
 READ IN fields at DATE: 2017-01-19 12:00:00 UTC        
 READ IN fields at DATE: 2017-01-19 18:00:00 UTC        
 READ IN fields at DATE: 2017-01-20 00:00:00 UTC        
 READ IN fields at DATE: 2017-01-20 06:00:00 UTC        
 READ IN fields at DATE: 2017-01-20 12:00:00 UTC        
 READ IN fields at DATE: 2017-01-20 18:00:00 UTC        
 READ IN fields at DATE: 2017-01-21 00:00:00 UTC        
 READ IN fields at DATE: 2017-01-21 06:00:00 UTC        
 READ IN fields at DATE: 2017-01-21 12:00:00 UTC        
 READ IN fields at DATE: 2017-01-21 18:00:00 UTC        
 READ IN fields at DATE: 2017-01-22 00:00:00 UTC        
 READ IN fields at DATE: 2017-01-22 06:00:00 UTC        
 READ IN fields at DATE: 2017-01-22 12:00:00 UTC        
 READ IN fields at DATE: 2017-01-22 18:00:00 UTC        
 READ IN fields at DATE: 2017-01-23 00:00:00 UTC        
 READ IN fields at DATE: 2017-01-23 06:00:00 UTC        
 READ IN fields at DATE: 2017-01-23 12:00:00 UTC        
 READ IN fields at DATE: 2017-01-23 18:00:00 UTC        
 READ IN fields at DATE: 2017-01-24 00:00:00 UTC        
 READ IN fields at DATE: 2017-01-24 06:00:00 UTC        
 READ IN fields at DATE: 2017-01-24 12:00:00 UTC        
 READ IN fields at DATE: 2017-01-24 18:00:00 UTC        
 READ IN fields at DATE: 2017-01-25 00:00:00 UTC        
 READ IN fields at DATE: 2017-01-25 06:00:00 UTC        
 READ IN fields at DATE: 2017-01-25 12:00:00 UTC        
 READ IN fields at DATE: 2017-01-25 18:00:00 UTC        
 READ IN fields at DATE: 2017-01-26 00:00:00 UTC        
 READ IN fields at DATE: 2017-01-26 06:00:00 UTC        
 READ IN fields at DATE: 2017-01-26 12:00:00 UTC        
 READ IN fields at DATE: 2017-01-26 18:00:00 UTC        
 READ IN fields at DATE: 2017-01-27 00:00:00 UTC        
 READ IN fields at DATE: 2017-01-27 06:00:00 UTC        
 READ IN fields at DATE: 2017-01-27 12:00:00 UTC        
 READ IN fields at DATE: 2017-01-27 18:00:00 UTC        
 READ IN fields at DATE: 2017-01-28 00:00:00 UTC        
 READ IN fields at DATE: 2017-01-28 06:00:00 UTC        
 READ IN fields at DATE: 2017-01-28 12:00:00 UTC        
 READ IN fields at DATE: 2017-01-28 18:00:00 UTC        
 READ IN fields at DATE: 2017-01-29 00:00:00 UTC        
 READ IN fields at DATE: 2017-01-29 06:00:00 UTC        
 READ IN fields at DATE: 2017-01-29 12:00:00 UTC        
 READ IN fields at DATE: 2017-01-29 18:00:00 UTC        
 READ IN fields at DATE: 2017-01-30 00:00:00 UTC        
 READ IN fields at DATE: 2017-01-30 06:00:00 UTC        
 READ IN fields at DATE: 2017-01-30 12:00:00 UTC        
 READ IN fields at DATE: 2017-01-30 18:00:00 UTC        
 READ IN fields at DATE: 2017-01-31 00:00:00 UTC        
 READ IN fields at DATE: 2017-01-31 06:00:00 UTC        
 READ IN fields at DATE: 2017-01-31 12:00:00 UTC        
 READ IN fields at DATE: 2017-01-31 18:00:00 UTC        
      131072 /leonardo_work/ICT25_ESP/RCMDATA/ERA5/2017/tatm_2017_02.nc
  2.102075909483342E-003   249.560823351694     
      196608 /leonardo_work/ICT25_ESP/RCMDATA/ERA5/2017/geop_2017_02.nc
   7.52059357260846        240850.647906339     
      262144 /leonardo_work/ICT25_ESP/RCMDATA/ERA5/2017/qhum_2017_02.nc
  3.775208634834352E-007  1.230473353617566E-002
      327680 /leonardo_work/ICT25_ESP/RCMDATA/ERA5/2017/uwnd_2017_02.nc
  4.386266082292867E-003  -8.43233076731849     
      393216 /leonardo_work/ICT25_ESP/RCMDATA/ERA5/2017/vwnd_2017_02.nc
  3.989973212744438E-003   6.97142420284675     
 READ IN fields at DATE: 2017-02-01 00:00:00 UTC        
 READ IN fields at DATE: 2017-02-01 06:00:00 UTC        
 READ IN fields at DATE: 2017-02-01 12:00:00 UTC        
 READ IN fields at DATE: 2017-02-01 18:00:00 UTC        
 READ IN fields at DATE: 2017-02-02 00:00:00 UTC        
 READ IN fields at DATE: 2017-02-02 06:00:00 UTC        
 READ IN fields at DATE: 2017-02-02 12:00:00 UTC        
 READ IN fields at DATE: 2017-02-02 18:00:00 UTC        
 READ IN fields at DATE: 2017-02-03 00:00:00 UTC        
 READ IN fields at DATE: 2017-02-03 06:00:00 UTC        
 READ IN fields at DATE: 2017-02-03 12:00:00 UTC        
 READ IN fields at DATE: 2017-02-03 18:00:00 UTC        
 READ IN fields at DATE: 2017-02-04 00:00:00 UTC        
 READ IN fields at DATE: 2017-02-04 06:00:00 UTC        
 READ IN fields at DATE: 2017-02-04 12:00:00 UTC        
 READ IN fields at DATE: 2017-02-04 18:00:00 UTC        
 READ IN fields at DATE: 2017-02-05 00:00:00 UTC        
 READ IN fields at DATE: 2017-02-05 06:00:00 UTC        
 READ IN fields at DATE: 2017-02-05 12:00:00 UTC        
 READ IN fields at DATE: 2017-02-05 18:00:00 UTC        
 READ IN fields at DATE: 2017-02-06 00:00:00 UTC        
 READ IN fields at DATE: 2017-02-06 06:00:00 UTC        
 READ IN fields at DATE: 2017-02-06 12:00:00 UTC        
 READ IN fields at DATE: 2017-02-06 18:00:00 UTC        
 READ IN fields at DATE: 2017-02-07 00:00:00 UTC        
 READ IN fields at DATE: 2017-02-07 06:00:00 UTC        
 READ IN fields at DATE: 2017-02-07 12:00:00 UTC        
 READ IN fields at DATE: 2017-02-07 18:00:00 UTC        
 READ IN fields at DATE: 2017-02-08 00:00:00 UTC        
 READ IN fields at DATE: 2017-02-08 06:00:00 UTC        
 READ IN fields at DATE: 2017-02-08 12:00:00 UTC        
 READ IN fields at DATE: 2017-02-08 18:00:00 UTC        
 READ IN fields at DATE: 2017-02-09 00:00:00 UTC        
 READ IN fields at DATE: 2017-02-09 06:00:00 UTC        
 READ IN fields at DATE: 2017-02-09 12:00:00 UTC        
 READ IN fields at DATE: 2017-02-09 18:00:00 UTC        
 READ IN fields at DATE: 2017-02-10 00:00:00 UTC        
 READ IN fields at DATE: 2017-02-10 06:00:00 UTC        
 READ IN fields at DATE: 2017-02-10 12:00:00 UTC        
 READ IN fields at DATE: 2017-02-10 18:00:00 UTC        
 READ IN fields at DATE: 2017-02-11 00:00:00 UTC        
 READ IN fields at DATE: 2017-02-11 06:00:00 UTC        
 READ IN fields at DATE: 2017-02-11 12:00:00 UTC        
 READ IN fields at DATE: 2017-02-11 18:00:00 UTC        
 READ IN fields at DATE: 2017-02-12 00:00:00 UTC        
 READ IN fields at DATE: 2017-02-12 06:00:00 UTC        
 READ IN fields at DATE: 2017-02-12 12:00:00 UTC        
 READ IN fields at DATE: 2017-02-12 18:00:00 UTC        
 READ IN fields at DATE: 2017-02-13 00:00:00 UTC        
 READ IN fields at DATE: 2017-02-13 06:00:00 UTC        
 READ IN fields at DATE: 2017-02-13 12:00:00 UTC        
 READ IN fields at DATE: 2017-02-13 18:00:00 UTC        
 READ IN fields at DATE: 2017-02-14 00:00:00 UTC        
 READ IN fields at DATE: 2017-02-14 06:00:00 UTC        
 READ IN fields at DATE: 2017-02-14 12:00:00 UTC        
 READ IN fields at DATE: 2017-02-14 18:00:00 UTC        
 READ IN fields at DATE: 2017-02-15 00:00:00 UTC        
 READ IN fields at DATE: 2017-02-15 06:00:00 UTC        
 READ IN fields at DATE: 2017-02-15 12:00:00 UTC        
 READ IN fields at DATE: 2017-02-15 18:00:00 UTC        
 READ IN fields at DATE: 2017-02-16 00:00:00 UTC        
 READ IN fields at DATE: 2017-02-16 06:00:00 UTC        
 READ IN fields at DATE: 2017-02-16 12:00:00 UTC        
 READ IN fields at DATE: 2017-02-16 18:00:00 UTC        
 READ IN fields at DATE: 2017-02-17 00:00:00 UTC        
 READ IN fields at DATE: 2017-02-17 06:00:00 UTC        
 READ IN fields at DATE: 2017-02-17 12:00:00 UTC        
 READ IN fields at DATE: 2017-02-17 18:00:00 UTC        
 READ IN fields at DATE: 2017-02-18 00:00:00 UTC        
 READ IN fields at DATE: 2017-02-18 06:00:00 UTC        
 READ IN fields at DATE: 2017-02-18 12:00:00 UTC        
 READ IN fields at DATE: 2017-02-18 18:00:00 UTC        
 READ IN fields at DATE: 2017-02-19 00:00:00 UTC        
 READ IN fields at DATE: 2017-02-19 06:00:00 UTC        
 READ IN fields at DATE: 2017-02-19 12:00:00 UTC        
 READ IN fields at DATE: 2017-02-19 18:00:00 UTC        
 READ IN fields at DATE: 2017-02-20 00:00:00 UTC        
 READ IN fields at DATE: 2017-02-20 06:00:00 UTC        
 READ IN fields at DATE: 2017-02-20 12:00:00 UTC        
 READ IN fields at DATE: 2017-02-20 18:00:00 UTC        
 READ IN fields at DATE: 2017-02-21 00:00:00 UTC        
 READ IN fields at DATE: 2017-02-21 06:00:00 UTC        
 READ IN fields at DATE: 2017-02-21 12:00:00 UTC        
 READ IN fields at DATE: 2017-02-21 18:00:00 UTC        
 READ IN fields at DATE: 2017-02-22 00:00:00 UTC        
 READ IN fields at DATE: 2017-02-22 06:00:00 UTC        
 READ IN fields at DATE: 2017-02-22 12:00:00 UTC        
 READ IN fields at DATE: 2017-02-22 18:00:00 UTC        
 READ IN fields at DATE: 2017-02-23 00:00:00 UTC        
 READ IN fields at DATE: 2017-02-23 06:00:00 UTC        
 READ IN fields at DATE: 2017-02-23 12:00:00 UTC        
 READ IN fields at DATE: 2017-02-23 18:00:00 UTC        
 READ IN fields at DATE: 2017-02-24 00:00:00 UTC        
 READ IN fields at DATE: 2017-02-24 06:00:00 UTC        
 READ IN fields at DATE: 2017-02-24 12:00:00 UTC        
 READ IN fields at DATE: 2017-02-24 18:00:00 UTC        
 READ IN fields at DATE: 2017-02-25 00:00:00 UTC        
 READ IN fields at DATE: 2017-02-25 06:00:00 UTC        
 READ IN fields at DATE: 2017-02-25 12:00:00 UTC        
 READ IN fields at DATE: 2017-02-25 18:00:00 UTC        
 READ IN fields at DATE: 2017-02-26 00:00:00 UTC        
 READ IN fields at DATE: 2017-02-26 06:00:00 UTC        
 READ IN fields at DATE: 2017-02-26 12:00:00 UTC        
 READ IN fields at DATE: 2017-02-26 18:00:00 UTC        
 READ IN fields at DATE: 2017-02-27 00:00:00 UTC        
 READ IN fields at DATE: 2017-02-27 06:00:00 UTC        
 READ IN fields at DATE: 2017-02-27 12:00:00 UTC        
 READ IN fields at DATE: 2017-02-27 18:00:00 UTC        
 READ IN fields at DATE: 2017-02-28 00:00:00 UTC        
 READ IN fields at DATE: 2017-02-28 06:00:00 UTC        
 READ IN fields at DATE: 2017-02-28 12:00:00 UTC        
 READ IN fields at DATE: 2017-02-28 18:00:00 UTC        
      131072 /leonardo_work/ICT25_ESP/RCMDATA/ERA5/2017/tatm_2017_03.nc
  2.053469356266595E-003   249.831431761416     
      196608 /leonardo_work/ICT25_ESP/RCMDATA/ERA5/2017/geop_2017_03.nc
   7.34906191107915        235033.413359669     
      262144 /leonardo_work/ICT25_ESP/RCMDATA/ERA5/2017/qhum_2017_03.nc
  3.824050511858204E-007  1.246266708276366E-002
      327680 /leonardo_work/ICT25_ESP/RCMDATA/ERA5/2017/uwnd_2017_03.nc
  2.939617483018455E-003   14.4428279817858     
      393216 /leonardo_work/ICT25_ESP/RCMDATA/ERA5/2017/vwnd_2017_03.nc
  2.733798345230766E-003  -2.74606446997340     
 READ IN fields at DATE: 2017-03-01 00:00:00 UTC        
 READ IN fields at DATE: 2017-03-01 06:00:00 UTC        
 READ IN fields at DATE: 2017-03-01 12:00:00 UTC        
 READ IN fields at DATE: 2017-03-01 18:00:00 UTC        
 READ IN fields at DATE: 2017-03-02 00:00:00 UTC        
 READ IN fields at DATE: 2017-03-02 06:00:00 UTC        
 READ IN fields at DATE: 2017-03-02 12:00:00 UTC        
 READ IN fields at DATE: 2017-03-02 18:00:00 UTC        
 READ IN fields at DATE: 2017-03-03 00:00:00 UTC        
 READ IN fields at DATE: 2017-03-03 06:00:00 UTC        
 READ IN fields at DATE: 2017-03-03 12:00:00 UTC        
 READ IN fields at DATE: 2017-03-03 18:00:00 UTC        
 READ IN fields at DATE: 2017-03-04 00:00:00 UTC        
 READ IN fields at DATE: 2017-03-04 06:00:00 UTC        
 READ IN fields at DATE: 2017-03-04 12:00:00 UTC        
 READ IN fields at DATE: 2017-03-04 18:00:00 UTC        
 READ IN fields at DATE: 2017-03-05 00:00:00 UTC        
 READ IN fields at DATE: 2017-03-05 06:00:00 UTC        
 READ IN fields at DATE: 2017-03-05 12:00:00 UTC        
 READ IN fields at DATE: 2017-03-05 18:00:00 UTC        
 READ IN fields at DATE: 2017-03-06 00:00:00 UTC        
 READ IN fields at DATE: 2017-03-06 06:00:00 UTC        
 READ IN fields at DATE: 2017-03-06 12:00:00 UTC        
 READ IN fields at DATE: 2017-03-06 18:00:00 UTC        
 READ IN fields at DATE: 2017-03-07 00:00:00 UTC        
 READ IN fields at DATE: 2017-03-07 06:00:00 UTC        
 READ IN fields at DATE: 2017-03-07 12:00:00 UTC        
 READ IN fields at DATE: 2017-03-07 18:00:00 UTC        
 READ IN fields at DATE: 2017-03-08 00:00:00 UTC        
 READ IN fields at DATE: 2017-03-08 06:00:00 UTC        
 READ IN fields at DATE: 2017-03-08 12:00:00 UTC        
 READ IN fields at DATE: 2017-03-08 18:00:00 UTC        
 READ IN fields at DATE: 2017-03-09 00:00:00 UTC        
 READ IN fields at DATE: 2017-03-09 06:00:00 UTC        
 READ IN fields at DATE: 2017-03-09 12:00:00 UTC        
 READ IN fields at DATE: 2017-03-09 18:00:00 UTC        
 READ IN fields at DATE: 2017-03-10 00:00:00 UTC        
 READ IN fields at DATE: 2017-03-10 06:00:00 UTC        
 READ IN fields at DATE: 2017-03-10 12:00:00 UTC        
 READ IN fields at DATE: 2017-03-10 18:00:00 UTC        
 READ IN fields at DATE: 2017-03-11 00:00:00 UTC        
 READ IN fields at DATE: 2017-03-11 06:00:00 UTC        
 READ IN fields at DATE: 2017-03-11 12:00:00 UTC        
 READ IN fields at DATE: 2017-03-11 18:00:00 UTC        
 READ IN fields at DATE: 2017-03-12 00:00:00 UTC        
 READ IN fields at DATE: 2017-03-12 06:00:00 UTC        
 READ IN fields at DATE: 2017-03-12 12:00:00 UTC        
 READ IN fields at DATE: 2017-03-12 18:00:00 UTC        
 READ IN fields at DATE: 2017-03-13 00:00:00 UTC        
 READ IN fields at DATE: 2017-03-13 06:00:00 UTC        
 READ IN fields at DATE: 2017-03-13 12:00:00 UTC        
 READ IN fields at DATE: 2017-03-13 18:00:00 UTC        
 READ IN fields at DATE: 2017-03-14 00:00:00 UTC        
 READ IN fields at DATE: 2017-03-14 06:00:00 UTC        
 READ IN fields at DATE: 2017-03-14 12:00:00 UTC        
 READ IN fields at DATE: 2017-03-14 18:00:00 UTC        
 READ IN fields at DATE: 2017-03-15 00:00:00 UTC        
 READ IN fields at DATE: 2017-03-15 06:00:00 UTC        
 READ IN fields at DATE: 2017-03-15 12:00:00 UTC        
 READ IN fields at DATE: 2017-03-15 18:00:00 UTC        
 READ IN fields at DATE: 2017-03-16 00:00:00 UTC        
 READ IN fields at DATE: 2017-03-16 06:00:00 UTC        
 READ IN fields at DATE: 2017-03-16 12:00:00 UTC        
 READ IN fields at DATE: 2017-03-16 18:00:00 UTC        
 READ IN fields at DATE: 2017-03-17 00:00:00 UTC        
 READ IN fields at DATE: 2017-03-17 06:00:00 UTC        
 READ IN fields at DATE: 2017-03-17 12:00:00 UTC        
 READ IN fields at DATE: 2017-03-17 18:00:00 UTC        
 READ IN fields at DATE: 2017-03-18 00:00:00 UTC        
 READ IN fields at DATE: 2017-03-18 06:00:00 UTC        
 READ IN fields at DATE: 2017-03-18 12:00:00 UTC        
 READ IN fields at DATE: 2017-03-18 18:00:00 UTC        
 READ IN fields at DATE: 2017-03-19 00:00:00 UTC        
 READ IN fields at DATE: 2017-03-19 06:00:00 UTC        
 READ IN fields at DATE: 2017-03-19 12:00:00 UTC        
 READ IN fields at DATE: 2017-03-19 18:00:00 UTC        
 READ IN fields at DATE: 2017-03-20 00:00:00 UTC        
 READ IN fields at DATE: 2017-03-20 06:00:00 UTC        
 READ IN fields at DATE: 2017-03-20 12:00:00 UTC        
 READ IN fields at DATE: 2017-03-20 18:00:00 UTC        
 READ IN fields at DATE: 2017-03-21 00:00:00 UTC        
 READ IN fields at DATE: 2017-03-21 06:00:00 UTC        
 READ IN fields at DATE: 2017-03-21 12:00:00 UTC        
 READ IN fields at DATE: 2017-03-21 18:00:00 UTC        
 READ IN fields at DATE: 2017-03-22 00:00:00 UTC        
 READ IN fields at DATE: 2017-03-22 06:00:00 UTC        
 READ IN fields at DATE: 2017-03-22 12:00:00 UTC        
 READ IN fields at DATE: 2017-03-22 18:00:00 UTC        
 READ IN fields at DATE: 2017-03-23 00:00:00 UTC        
 READ IN fields at DATE: 2017-03-23 06:00:00 UTC        
 READ IN fields at DATE: 2017-03-23 12:00:00 UTC        
 READ IN fields at DATE: 2017-03-23 18:00:00 UTC        
 READ IN fields at DATE: 2017-03-24 00:00:00 UTC        
 READ IN fields at DATE: 2017-03-24 06:00:00 UTC        
 READ IN fields at DATE: 2017-03-24 12:00:00 UTC        
 READ IN fields at DATE: 2017-03-24 18:00:00 UTC        
 READ IN fields at DATE: 2017-03-25 00:00:00 UTC        
 READ IN fields at DATE: 2017-03-25 06:00:00 UTC        
 READ IN fields at DATE: 2017-03-25 12:00:00 UTC        
 READ IN fields at DATE: 2017-03-25 18:00:00 UTC        
 READ IN fields at DATE: 2017-03-26 00:00:00 UTC        
 READ IN fields at DATE: 2017-03-26 06:00:00 UTC        
 READ IN fields at DATE: 2017-03-26 12:00:00 UTC        
 READ IN fields at DATE: 2017-03-26 18:00:00 UTC        
 READ IN fields at DATE: 2017-03-27 00:00:00 UTC        
 READ IN fields at DATE: 2017-03-27 06:00:00 UTC        
 READ IN fields at DATE: 2017-03-27 12:00:00 UTC        
 READ IN fields at DATE: 2017-03-27 18:00:00 UTC        
 READ IN fields at DATE: 2017-03-28 00:00:00 UTC        
 READ IN fields at DATE: 2017-03-28 06:00:00 UTC        
 READ IN fields at DATE: 2017-03-28 12:00:00 UTC        
 READ IN fields at DATE: 2017-03-28 18:00:00 UTC        
 READ IN fields at DATE: 2017-03-29 00:00:00 UTC        
 READ IN fields at DATE: 2017-03-29 06:00:00 UTC        
 READ IN fields at DATE: 2017-03-29 12:00:00 UTC        
 READ IN fields at DATE: 2017-03-29 18:00:00 UTC        
 READ IN fields at DATE: 2017-03-30 00:00:00 UTC        
 READ IN fields at DATE: 2017-03-30 06:00:00 UTC        
 READ IN fields at DATE: 2017-03-30 12:00:00 UTC        
 READ IN fields at DATE: 2017-03-30 18:00:00 UTC        
 READ IN fields at DATE: 2017-03-31 00:00:00 UTC        
 READ IN fields at DATE: 2017-03-31 06:00:00 UTC        
 READ IN fields at DATE: 2017-03-31 12:00:00 UTC        
 READ IN fields at DATE: 2017-03-31 18:00:00 UTC        
      131072 /leonardo_work/ICT25_ESP/RCMDATA/ERA5/2017/tatm_2017_04.nc
  2.084173440274723E-003   250.734759610057     
      196608 /leonardo_work/ICT25_ESP/RCMDATA/ERA5/2017/geop_2017_04.nc
   7.34782595219203        234670.224524524     
      262144 /leonardo_work/ICT25_ESP/RCMDATA/ERA5/2017/qhum_2017_04.nc
  3.804226735634625E-007  1.238835448104826E-002
      327680 /leonardo_work/ICT25_ESP/RCMDATA/ERA5/2017/uwnd_2017_04.nc
  2.700362799905558E-003   25.0072176286586     
      393216 /leonardo_work/ICT25_ESP/RCMDATA/ERA5/2017/vwnd_2017_04.nc
  2.708976531042209E-003   6.80488177882432     
 READ IN fields at DATE: 2017-04-01 00:00:00 UTC        
 READ IN fields at DATE: 2017-04-01 06:00:00 UTC        
 READ IN fields at DATE: 2017-04-01 12:00:00 UTC        
 READ IN fields at DATE: 2017-04-01 18:00:00 UTC        
 READ IN fields at DATE: 2017-04-02 00:00:00 UTC        
 READ IN fields at DATE: 2017-04-02 06:00:00 UTC        
 READ IN fields at DATE: 2017-04-02 12:00:00 UTC        
 READ IN fields at DATE: 2017-04-02 18:00:00 UTC        
 READ IN fields at DATE: 2017-04-03 00:00:00 UTC        
 READ IN fields at DATE: 2017-04-03 06:00:00 UTC        
 READ IN fields at DATE: 2017-04-03 12:00:00 UTC        
 READ IN fields at DATE: 2017-04-03 18:00:00 UTC        
 READ IN fields at DATE: 2017-04-04 00:00:00 UTC        
 READ IN fields at DATE: 2017-04-04 06:00:00 UTC        
 READ IN fields at DATE: 2017-04-04 12:00:00 UTC        
 READ IN fields at DATE: 2017-04-04 18:00:00 UTC        
 READ IN fields at DATE: 2017-04-05 00:00:00 UTC        
 READ IN fields at DATE: 2017-04-05 06:00:00 UTC        
 READ IN fields at DATE: 2017-04-05 12:00:00 UTC        
 READ IN fields at DATE: 2017-04-05 18:00:00 UTC        
 READ IN fields at DATE: 2017-04-06 00:00:00 UTC        
 READ IN fields at DATE: 2017-04-06 06:00:00 UTC        
 READ IN fields at DATE: 2017-04-06 12:00:00 UTC        
 READ IN fields at DATE: 2017-04-06 18:00:00 UTC        
 READ IN fields at DATE: 2017-04-07 00:00:00 UTC        
 READ IN fields at DATE: 2017-04-07 06:00:00 UTC        
 READ IN fields at DATE: 2017-04-07 12:00:00 UTC        
 READ IN fields at DATE: 2017-04-07 18:00:00 UTC        
 READ IN fields at DATE: 2017-04-08 00:00:00 UTC        
 READ IN fields at DATE: 2017-04-08 06:00:00 UTC        
 READ IN fields at DATE: 2017-04-08 12:00:00 UTC        
 READ IN fields at DATE: 2017-04-08 18:00:00 UTC        
 READ IN fields at DATE: 2017-04-09 00:00:00 UTC        
 READ IN fields at DATE: 2017-04-09 06:00:00 UTC        
 READ IN fields at DATE: 2017-04-09 12:00:00 UTC        
 READ IN fields at DATE: 2017-04-09 18:00:00 UTC        
 READ IN fields at DATE: 2017-04-10 00:00:00 UTC        
 READ IN fields at DATE: 2017-04-10 06:00:00 UTC        
 READ IN fields at DATE: 2017-04-10 12:00:00 UTC        
 READ IN fields at DATE: 2017-04-10 18:00:00 UTC        
 READ IN fields at DATE: 2017-04-11 00:00:00 UTC        
 READ IN fields at DATE: 2017-04-11 06:00:00 UTC        
 READ IN fields at DATE: 2017-04-11 12:00:00 UTC        
 READ IN fields at DATE: 2017-04-11 18:00:00 UTC        
 READ IN fields at DATE: 2017-04-12 00:00:00 UTC        
 READ IN fields at DATE: 2017-04-12 06:00:00 UTC        
 READ IN fields at DATE: 2017-04-12 12:00:00 UTC        
 READ IN fields at DATE: 2017-04-12 18:00:00 UTC        
 READ IN fields at DATE: 2017-04-13 00:00:00 UTC        
 READ IN fields at DATE: 2017-04-13 06:00:00 UTC        
 READ IN fields at DATE: 2017-04-13 12:00:00 UTC        
 READ IN fields at DATE: 2017-04-13 18:00:00 UTC        
 READ IN fields at DATE: 2017-04-14 00:00:00 UTC        
 READ IN fields at DATE: 2017-04-14 06:00:00 UTC        
 READ IN fields at DATE: 2017-04-14 12:00:00 UTC        
 READ IN fields at DATE: 2017-04-14 18:00:00 UTC        
 READ IN fields at DATE: 2017-04-15 00:00:00 UTC        
 READ IN fields at DATE: 2017-04-15 06:00:00 UTC        
 READ IN fields at DATE: 2017-04-15 12:00:00 UTC        
 READ IN fields at DATE: 2017-04-15 18:00:00 UTC        
 READ IN fields at DATE: 2017-04-16 00:00:00 UTC        
 READ IN fields at DATE: 2017-04-16 06:00:00 UTC        
 READ IN fields at DATE: 2017-04-16 12:00:00 UTC        
 READ IN fields at DATE: 2017-04-16 18:00:00 UTC        
 READ IN fields at DATE: 2017-04-17 00:00:00 UTC        
 READ IN fields at DATE: 2017-04-17 06:00:00 UTC        
 READ IN fields at DATE: 2017-04-17 12:00:00 UTC        
 READ IN fields at DATE: 2017-04-17 18:00:00 UTC        
 READ IN fields at DATE: 2017-04-18 00:00:00 UTC        
 READ IN fields at DATE: 2017-04-18 06:00:00 UTC        
 READ IN fields at DATE: 2017-04-18 12:00:00 UTC        
 READ IN fields at DATE: 2017-04-18 18:00:00 UTC        
 READ IN fields at DATE: 2017-04-19 00:00:00 UTC        
 READ IN fields at DATE: 2017-04-19 06:00:00 UTC        
 READ IN fields at DATE: 2017-04-19 12:00:00 UTC        
 READ IN fields at DATE: 2017-04-19 18:00:00 UTC        
 READ IN fields at DATE: 2017-04-20 00:00:00 UTC        
 READ IN fields at DATE: 2017-04-20 06:00:00 UTC        
 READ IN fields at DATE: 2017-04-20 12:00:00 UTC        
 READ IN fields at DATE: 2017-04-20 18:00:00 UTC        
 READ IN fields at DATE: 2017-04-21 00:00:00 UTC        
 READ IN fields at DATE: 2017-04-21 06:00:00 UTC        
 READ IN fields at DATE: 2017-04-21 12:00:00 UTC        
 READ IN fields at DATE: 2017-04-21 18:00:00 UTC        
 READ IN fields at DATE: 2017-04-22 00:00:00 UTC        
 READ IN fields at DATE: 2017-04-22 06:00:00 UTC        
 READ IN fields at DATE: 2017-04-22 12:00:00 UTC        
 READ IN fields at DATE: 2017-04-22 18:00:00 UTC        
 READ IN fields at DATE: 2017-04-23 00:00:00 UTC        
 READ IN fields at DATE: 2017-04-23 06:00:00 UTC        
 READ IN fields at DATE: 2017-04-23 12:00:00 UTC        
 READ IN fields at DATE: 2017-04-23 18:00:00 UTC        
 READ IN fields at DATE: 2017-04-24 00:00:00 UTC        
 READ IN fields at DATE: 2017-04-24 06:00:00 UTC        
 READ IN fields at DATE: 2017-04-24 12:00:00 UTC        
 READ IN fields at DATE: 2017-04-24 18:00:00 UTC        
 READ IN fields at DATE: 2017-04-25 00:00:00 UTC        
 READ IN fields at DATE: 2017-04-25 06:00:00 UTC        
 READ IN fields at DATE: 2017-04-25 12:00:00 UTC        
 READ IN fields at DATE: 2017-04-25 18:00:00 UTC        
 READ IN fields at DATE: 2017-04-26 00:00:00 UTC        
 READ IN fields at DATE: 2017-04-26 06:00:00 UTC        
 READ IN fields at DATE: 2017-04-26 12:00:00 UTC        
 READ IN fields at DATE: 2017-04-26 18:00:00 UTC        
 READ IN fields at DATE: 2017-04-27 00:00:00 UTC        
 READ IN fields at DATE: 2017-04-27 06:00:00 UTC        
 READ IN fields at DATE: 2017-04-27 12:00:00 UTC        
 READ IN fields at DATE: 2017-04-27 18:00:00 UTC        
 READ IN fields at DATE: 2017-04-28 00:00:00 UTC        
 READ IN fields at DATE: 2017-04-28 06:00:00 UTC        
 READ IN fields at DATE: 2017-04-28 12:00:00 UTC        
 READ IN fields at DATE: 2017-04-28 18:00:00 UTC        
 READ IN fields at DATE: 2017-04-29 00:00:00 UTC        
 READ IN fields at DATE: 2017-04-29 06:00:00 UTC        
 READ IN fields at DATE: 2017-04-29 12:00:00 UTC        
 READ IN fields at DATE: 2017-04-29 18:00:00 UTC        
 READ IN fields at DATE: 2017-04-30 00:00:00 UTC        
 READ IN fields at DATE: 2017-04-30 06:00:00 UTC        
 READ IN fields at DATE: 2017-04-30 12:00:00 UTC        
 READ IN fields at DATE: 2017-04-30 18:00:00 UTC        
      131072 /leonardo_work/ICT25_ESP/RCMDATA/ERA5/2017/tatm_2017_05.nc
  2.174393856718061E-003   253.390628806490     
      196608 /leonardo_work/ICT25_ESP/RCMDATA/ERA5/2017/geop_2017_05.nc
   7.50591835649596        239898.698212697     
      262144 /leonardo_work/ICT25_ESP/RCMDATA/ERA5/2017/qhum_2017_05.nc
  4.137456560482270E-007  1.343734175945439E-002
      327680 /leonardo_work/ICT25_ESP/RCMDATA/ERA5/2017/uwnd_2017_05.nc
  3.218029320777557E-003   47.5913780458865     
      393216 /leonardo_work/ICT25_ESP/RCMDATA/ERA5/2017/vwnd_2017_05.nc
  2.534384904510180E-003   2.64897084465712     
 READ IN fields at DATE: 2017-05-01 00:00:00 UTC        
 READ IN fields at DATE: 2017-05-01 06:00:00 UTC        
 READ IN fields at DATE: 2017-05-01 12:00:00 UTC        
 READ IN fields at DATE: 2017-05-01 18:00:00 UTC        
 READ IN fields at DATE: 2017-05-02 00:00:00 UTC        
 READ IN fields at DATE: 2017-05-02 06:00:00 UTC        
 READ IN fields at DATE: 2017-05-02 12:00:00 UTC        
 READ IN fields at DATE: 2017-05-02 18:00:00 UTC        
 READ IN fields at DATE: 2017-05-03 00:00:00 UTC        
 READ IN fields at DATE: 2017-05-03 06:00:00 UTC        
 READ IN fields at DATE: 2017-05-03 12:00:00 UTC        
 READ IN fields at DATE: 2017-05-03 18:00:00 UTC        
 READ IN fields at DATE: 2017-05-04 00:00:00 UTC        
 READ IN fields at DATE: 2017-05-04 06:00:00 UTC        
 READ IN fields at DATE: 2017-05-04 12:00:00 UTC        
 READ IN fields at DATE: 2017-05-04 18:00:00 UTC        
 READ IN fields at DATE: 2017-05-05 00:00:00 UTC        
 READ IN fields at DATE: 2017-05-05 06:00:00 UTC        
 READ IN fields at DATE: 2017-05-05 12:00:00 UTC        
 READ IN fields at DATE: 2017-05-05 18:00:00 UTC        
 READ IN fields at DATE: 2017-05-06 00:00:00 UTC        
 READ IN fields at DATE: 2017-05-06 06:00:00 UTC        
 READ IN fields at DATE: 2017-05-06 12:00:00 UTC        
 READ IN fields at DATE: 2017-05-06 18:00:00 UTC        
 READ IN fields at DATE: 2017-05-07 00:00:00 UTC        
 READ IN fields at DATE: 2017-05-07 06:00:00 UTC        
 READ IN fields at DATE: 2017-05-07 12:00:00 UTC        
 READ IN fields at DATE: 2017-05-07 18:00:00 UTC        
 READ IN fields at DATE: 2017-05-08 00:00:00 UTC        
 READ IN fields at DATE: 2017-05-08 06:00:00 UTC        
 READ IN fields at DATE: 2017-05-08 12:00:00 UTC        
 READ IN fields at DATE: 2017-05-08 18:00:00 UTC        
 READ IN fields at DATE: 2017-05-09 00:00:00 UTC        
 READ IN fields at DATE: 2017-05-09 06:00:00 UTC        
 READ IN fields at DATE: 2017-05-09 12:00:00 UTC        
 READ IN fields at DATE: 2017-05-09 18:00:00 UTC        
 READ IN fields at DATE: 2017-05-10 00:00:00 UTC        
 READ IN fields at DATE: 2017-05-10 06:00:00 UTC        
 READ IN fields at DATE: 2017-05-10 12:00:00 UTC        
 READ IN fields at DATE: 2017-05-10 18:00:00 UTC        
 READ IN fields at DATE: 2017-05-11 00:00:00 UTC        
 READ IN fields at DATE: 2017-05-11 06:00:00 UTC        
 READ IN fields at DATE: 2017-05-11 12:00:00 UTC        
 READ IN fields at DATE: 2017-05-11 18:00:00 UTC        
 READ IN fields at DATE: 2017-05-12 00:00:00 UTC        
 READ IN fields at DATE: 2017-05-12 06:00:00 UTC        
 READ IN fields at DATE: 2017-05-12 12:00:00 UTC        
 READ IN fields at DATE: 2017-05-12 18:00:00 UTC        
 READ IN fields at DATE: 2017-05-13 00:00:00 UTC        
 READ IN fields at DATE: 2017-05-13 06:00:00 UTC        
 READ IN fields at DATE: 2017-05-13 12:00:00 UTC        
 READ IN fields at DATE: 2017-05-13 18:00:00 UTC        
 READ IN fields at DATE: 2017-05-14 00:00:00 UTC        
 READ IN fields at DATE: 2017-05-14 06:00:00 UTC        
 READ IN fields at DATE: 2017-05-14 12:00:00 UTC        
 READ IN fields at DATE: 2017-05-14 18:00:00 UTC        
 READ IN fields at DATE: 2017-05-15 00:00:00 UTC        
 READ IN fields at DATE: 2017-05-15 06:00:00 UTC        
 READ IN fields at DATE: 2017-05-15 12:00:00 UTC        
 READ IN fields at DATE: 2017-05-15 18:00:00 UTC        
 READ IN fields at DATE: 2017-05-16 00:00:00 UTC        
 READ IN fields at DATE: 2017-05-16 06:00:00 UTC        
 READ IN fields at DATE: 2017-05-16 12:00:00 UTC        
 READ IN fields at DATE: 2017-05-16 18:00:00 UTC        
 READ IN fields at DATE: 2017-05-17 00:00:00 UTC        
 READ IN fields at DATE: 2017-05-17 06:00:00 UTC        
 READ IN fields at DATE: 2017-05-17 12:00:00 UTC        
 READ IN fields at DATE: 2017-05-17 18:00:00 UTC        
 READ IN fields at DATE: 2017-05-18 00:00:00 UTC        
 READ IN fields at DATE: 2017-05-18 06:00:00 UTC        
 READ IN fields at DATE: 2017-05-18 12:00:00 UTC        
 READ IN fields at DATE: 2017-05-18 18:00:00 UTC        
 READ IN fields at DATE: 2017-05-19 00:00:00 UTC        
 READ IN fields at DATE: 2017-05-19 06:00:00 UTC        
 READ IN fields at DATE: 2017-05-19 12:00:00 UTC        
 READ IN fields at DATE: 2017-05-19 18:00:00 UTC        
 READ IN fields at DATE: 2017-05-20 00:00:00 UTC        
 READ IN fields at DATE: 2017-05-20 06:00:00 UTC        
 READ IN fields at DATE: 2017-05-20 12:00:00 UTC        
 READ IN fields at DATE: 2017-05-20 18:00:00 UTC        
 READ IN fields at DATE: 2017-05-21 00:00:00 UTC        
 READ IN fields at DATE: 2017-05-21 06:00:00 UTC        
 READ IN fields at DATE: 2017-05-21 12:00:00 UTC        
 READ IN fields at DATE: 2017-05-21 18:00:00 UTC        
 READ IN fields at DATE: 2017-05-22 00:00:00 UTC        
 READ IN fields at DATE: 2017-05-22 06:00:00 UTC        
 READ IN fields at DATE: 2017-05-22 12:00:00 UTC        
 READ IN fields at DATE: 2017-05-22 18:00:00 UTC        
 READ IN fields at DATE: 2017-05-23 00:00:00 UTC        
 READ IN fields at DATE: 2017-05-23 06:00:00 UTC        
 READ IN fields at DATE: 2017-05-23 12:00:00 UTC        
 READ IN fields at DATE: 2017-05-23 18:00:00 UTC        
 READ IN fields at DATE: 2017-05-24 00:00:00 UTC        
 READ IN fields at DATE: 2017-05-24 06:00:00 UTC        
 READ IN fields at DATE: 2017-05-24 12:00:00 UTC        
 READ IN fields at DATE: 2017-05-24 18:00:00 UTC        
 READ IN fields at DATE: 2017-05-25 00:00:00 UTC        
 READ IN fields at DATE: 2017-05-25 06:00:00 UTC        
 READ IN fields at DATE: 2017-05-25 12:00:00 UTC        
 READ IN fields at DATE: 2017-05-25 18:00:00 UTC        
 READ IN fields at DATE: 2017-05-26 00:00:00 UTC        
 READ IN fields at DATE: 2017-05-26 06:00:00 UTC        
 READ IN fields at DATE: 2017-05-26 12:00:00 UTC        
 READ IN fields at DATE: 2017-05-26 18:00:00 UTC        
 READ IN fields at DATE: 2017-05-27 00:00:00 UTC        
 READ IN fields at DATE: 2017-05-27 06:00:00 UTC        
 READ IN fields at DATE: 2017-05-27 12:00:00 UTC        
 READ IN fields at DATE: 2017-05-27 18:00:00 UTC        
 READ IN fields at DATE: 2017-05-28 00:00:00 UTC        
 READ IN fields at DATE: 2017-05-28 06:00:00 UTC        
 READ IN fields at DATE: 2017-05-28 12:00:00 UTC        
 READ IN fields at DATE: 2017-05-28 18:00:00 UTC        
 READ IN fields at DATE: 2017-05-29 00:00:00 UTC        
 READ IN fields at DATE: 2017-05-29 06:00:00 UTC        
 READ IN fields at DATE: 2017-05-29 12:00:00 UTC        
 READ IN fields at DATE: 2017-05-29 18:00:00 UTC        
 READ IN fields at DATE: 2017-05-30 00:00:00 UTC        
 READ IN fields at DATE: 2017-05-30 06:00:00 UTC        
 READ IN fields at DATE: 2017-05-30 12:00:00 UTC        
 READ IN fields at DATE: 2017-05-30 18:00:00 UTC        
 READ IN fields at DATE: 2017-05-31 00:00:00 UTC        
 READ IN fields at DATE: 2017-05-31 06:00:00 UTC        
 READ IN fields at DATE: 2017-05-31 12:00:00 UTC        
 READ IN fields at DATE: 2017-05-31 18:00:00 UTC        
      131072 /leonardo_work/ICT25_ESP/RCMDATA/ERA5/2017/tatm_2017_06.nc
  2.278553783405164E-003   250.763036138147     
      196608 /leonardo_work/ICT25_ESP/RCMDATA/ERA5/2017/geop_2017_06.nc
   7.59663004945981        243137.223169350     
      262144 /leonardo_work/ICT25_ESP/RCMDATA/ERA5/2017/qhum_2017_06.nc
  4.405014918043137E-007  1.437831869565694E-002
      327680 /leonardo_work/ICT25_ESP/RCMDATA/ERA5/2017/uwnd_2017_06.nc
  4.617473304316265E-003   65.2636901036799     
      393216 /leonardo_work/ICT25_ESP/RCMDATA/ERA5/2017/vwnd_2017_06.nc
  3.438093689438908E-003   11.6178030478818     
 READ IN fields at DATE: 2017-06-01 00:00:00 UTC        
 READ IN fields at DATE: 2017-06-01 06:00:00 UTC        
 READ IN fields at DATE: 2017-06-01 12:00:00 UTC        
 READ IN fields at DATE: 2017-06-01 18:00:00 UTC        
 READ IN fields at DATE: 2017-06-02 00:00:00 UTC        
 READ IN fields at DATE: 2017-06-02 06:00:00 UTC        
 READ IN fields at DATE: 2017-06-02 12:00:00 UTC        
 READ IN fields at DATE: 2017-06-02 18:00:00 UTC        
 READ IN fields at DATE: 2017-06-03 00:00:00 UTC        
 READ IN fields at DATE: 2017-06-03 06:00:00 UTC        
 READ IN fields at DATE: 2017-06-03 12:00:00 UTC        
 READ IN fields at DATE: 2017-06-03 18:00:00 UTC        
 READ IN fields at DATE: 2017-06-04 00:00:00 UTC        
 READ IN fields at DATE: 2017-06-04 06:00:00 UTC        
 READ IN fields at DATE: 2017-06-04 12:00:00 UTC        
 READ IN fields at DATE: 2017-06-04 18:00:00 UTC        
 READ IN fields at DATE: 2017-06-05 00:00:00 UTC        
 READ IN fields at DATE: 2017-06-05 06:00:00 UTC        
 READ IN fields at DATE: 2017-06-05 12:00:00 UTC        
 READ IN fields at DATE: 2017-06-05 18:00:00 UTC        
