Loading intel-oneapi-compilers/2024.1.0
  ERROR: Module cannot be loaded due to a conflict.
    HINT: Might try "module unload intel-oneapi-compilers" first.
Loading intel-oneapi-mpi/2021.12.1
  ERROR: Module cannot be loaded due to a conflict.
    HINT: Might try "module unload intel-oneapi-mpi" first.
Loading intel-oneapi-mkl/2024.0.0
  ERROR: Module cannot be loaded due to a conflict.
    HINT: Might try "module unload intel-oneapi-mkl" first.
Loading bzip2/1.0.8-ib3znej
  ERROR: Module cannot be loaded due to a conflict.
    HINT: Might try "module unload bzip2" first.

Loading netcdf-c/4.9.2--oneapi--2024.1.0
  ERROR: Requirement bzip2/1.0.8-ib3znej is not loaded

Loading netcdf-fortran/4.6.1--oneapi--2024.1.0
  ERROR: Load of requirement bzip2/1.0.8-ib3znej failed
  ERROR: Load of requirement netcdf-c/4.9.2--oneapi--2024.1.0 failed
Loading intel-oneapi-mpi/2021.12.1
  ERROR: Module cannot be loaded due to a conflict.
    HINT: Might try "module unload intel-oneapi-mpi" first.

Loading parallel-netcdf/1.12.3--intel-oneapi-mpi--2021.12.1--oneapi--2024.1.0
  ERROR: Load of requirement intel-oneapi-mpi/2021.12.1 failed
