
  This is icbc part of the RegCM version 5
   SVN Revision: 5.0.1 compiled at: data : Dec 03 2024  time: 16:32:23

 : this run start at    : 2025-05-15 09:43:28+0200
 : it is submitted by   : mdasilva
 : it is running on     : lrdn4962.leonardo.local
 : in directory         : 
 /leonardo/home/userexternal/mdasilva/github_projects/shell/ictp/regcm_exp/sam_3
 km
                       
 Using Moloch non-hydrostatic dynamical core
 GLOBIDATE1 :  2020-01-01 00:00:00 UTC        
 GLOBIDATE2 :  2021-01-01 00:00:00 UTC        
 NSTEPS     :         1465
 Computing weights, R =      38.96331406 .......... Done.
 Computing weights, R =      38.96331406 .......... Done.
 Computing weights, R =      38.96331406 .......... Done.
      131072 /leonardo_work/ICT25_ESP/RCMDATA/ERA5/2020/tatm_2020_01.nc
  2.268860367149828E-003   245.333879913078     
      196608 /leonardo_work/ICT25_ESP/RCMDATA/ERA5/2020/geop_2020_01.nc
   7.63558764048266        243815.512284305     
      262144 /leonardo_work/ICT25_ESP/RCMDATA/ERA5/2020/qhum_2020_01.nc
  4.002310514129092E-007  1.305491945336379E-002
      327680 /leonardo_work/ICT25_ESP/RCMDATA/ERA5/2020/uwnd_2020_01.nc
  5.015595142294126E-003   33.4273856960812     
      393216 /leonardo_work/ICT25_ESP/RCMDATA/ERA5/2020/vwnd_2020_01.nc
  5.055539766224650E-003  -11.5757699573831     
 READ IN fields at DATE: 2020-01-01 00:00:00 UTC        
 READ IN fields at DATE: 2020-01-01 06:00:00 UTC        
 READ IN fields at DATE: 2020-01-01 12:00:00 UTC        
 READ IN fields at DATE: 2020-01-01 18:00:00 UTC        
 READ IN fields at DATE: 2020-01-02 00:00:00 UTC        
 READ IN fields at DATE: 2020-01-02 06:00:00 UTC        
 READ IN fields at DATE: 2020-01-02 12:00:00 UTC        
 READ IN fields at DATE: 2020-01-02 18:00:00 UTC        
 READ IN fields at DATE: 2020-01-03 00:00:00 UTC        
 READ IN fields at DATE: 2020-01-03 06:00:00 UTC        
 READ IN fields at DATE: 2020-01-03 12:00:00 UTC        
 READ IN fields at DATE: 2020-01-03 18:00:00 UTC        
 READ IN fields at DATE: 2020-01-04 00:00:00 UTC        
 READ IN fields at DATE: 2020-01-04 06:00:00 UTC        
 READ IN fields at DATE: 2020-01-04 12:00:00 UTC        
 READ IN fields at DATE: 2020-01-04 18:00:00 UTC        
 READ IN fields at DATE: 2020-01-05 00:00:00 UTC        
 READ IN fields at DATE: 2020-01-05 06:00:00 UTC        
 READ IN fields at DATE: 2020-01-05 12:00:00 UTC        
 READ IN fields at DATE: 2020-01-05 18:00:00 UTC        
 READ IN fields at DATE: 2020-01-06 00:00:00 UTC        
 READ IN fields at DATE: 2020-01-06 06:00:00 UTC        
 READ IN fields at DATE: 2020-01-06 12:00:00 UTC        
 READ IN fields at DATE: 2020-01-06 18:00:00 UTC        
 READ IN fields at DATE: 2020-01-07 00:00:00 UTC        
 READ IN fields at DATE: 2020-01-07 06:00:00 UTC        
 READ IN fields at DATE: 2020-01-07 12:00:00 UTC        
 READ IN fields at DATE: 2020-01-07 18:00:00 UTC        
 READ IN fields at DATE: 2020-01-08 00:00:00 UTC        
 READ IN fields at DATE: 2020-01-08 06:00:00 UTC        
 READ IN fields at DATE: 2020-01-08 12:00:00 UTC        
 READ IN fields at DATE: 2020-01-08 18:00:00 UTC        
 READ IN fields at DATE: 2020-01-09 00:00:00 UTC        
 READ IN fields at DATE: 2020-01-09 06:00:00 UTC        
 READ IN fields at DATE: 2020-01-09 12:00:00 UTC        
 READ IN fields at DATE: 2020-01-09 18:00:00 UTC        
 READ IN fields at DATE: 2020-01-10 00:00:00 UTC        
 READ IN fields at DATE: 2020-01-10 06:00:00 UTC        
 READ IN fields at DATE: 2020-01-10 12:00:00 UTC        
 READ IN fields at DATE: 2020-01-10 18:00:00 UTC        
 READ IN fields at DATE: 2020-01-11 00:00:00 UTC        
 READ IN fields at DATE: 2020-01-11 06:00:00 UTC        
 READ IN fields at DATE: 2020-01-11 12:00:00 UTC        
 READ IN fields at DATE: 2020-01-11 18:00:00 UTC        
 READ IN fields at DATE: 2020-01-12 00:00:00 UTC        
 READ IN fields at DATE: 2020-01-12 06:00:00 UTC        
 READ IN fields at DATE: 2020-01-12 12:00:00 UTC        
 READ IN fields at DATE: 2020-01-12 18:00:00 UTC        
 READ IN fields at DATE: 2020-01-13 00:00:00 UTC        
 READ IN fields at DATE: 2020-01-13 06:00:00 UTC        
 READ IN fields at DATE: 2020-01-13 12:00:00 UTC        
 READ IN fields at DATE: 2020-01-13 18:00:00 UTC        
 READ IN fields at DATE: 2020-01-14 00:00:00 UTC        
 READ IN fields at DATE: 2020-01-14 06:00:00 UTC        
 READ IN fields at DATE: 2020-01-14 12:00:00 UTC        
 READ IN fields at DATE: 2020-01-14 18:00:00 UTC        
 READ IN fields at DATE: 2020-01-15 00:00:00 UTC        
 READ IN fields at DATE: 2020-01-15 06:00:00 UTC        
 READ IN fields at DATE: 2020-01-15 12:00:00 UTC        
 READ IN fields at DATE: 2020-01-15 18:00:00 UTC        
 READ IN fields at DATE: 2020-01-16 00:00:00 UTC        
 READ IN fields at DATE: 2020-01-16 06:00:00 UTC        
 READ IN fields at DATE: 2020-01-16 12:00:00 UTC        
 READ IN fields at DATE: 2020-01-16 18:00:00 UTC        
 READ IN fields at DATE: 2020-01-17 00:00:00 UTC        
 READ IN fields at DATE: 2020-01-17 06:00:00 UTC        
 READ IN fields at DATE: 2020-01-17 12:00:00 UTC        
 READ IN fields at DATE: 2020-01-17 18:00:00 UTC        
 READ IN fields at DATE: 2020-01-18 00:00:00 UTC        
 READ IN fields at DATE: 2020-01-18 06:00:00 UTC        
 READ IN fields at DATE: 2020-01-18 12:00:00 UTC        
 READ IN fields at DATE: 2020-01-18 18:00:00 UTC        
 READ IN fields at DATE: 2020-01-19 00:00:00 UTC        
 READ IN fields at DATE: 2020-01-19 06:00:00 UTC        
 READ IN fields at DATE: 2020-01-19 12:00:00 UTC        
 READ IN fields at DATE: 2020-01-19 18:00:00 UTC        
 READ IN fields at DATE: 2020-01-20 00:00:00 UTC        
 READ IN fields at DATE: 2020-01-20 06:00:00 UTC        
 READ IN fields at DATE: 2020-01-20 12:00:00 UTC        
 READ IN fields at DATE: 2020-01-20 18:00:00 UTC        
 READ IN fields at DATE: 2020-01-21 00:00:00 UTC        
 READ IN fields at DATE: 2020-01-21 06:00:00 UTC        
 READ IN fields at DATE: 2020-01-21 12:00:00 UTC        
 READ IN fields at DATE: 2020-01-21 18:00:00 UTC        
 READ IN fields at DATE: 2020-01-22 00:00:00 UTC        
 READ IN fields at DATE: 2020-01-22 06:00:00 UTC        
 READ IN fields at DATE: 2020-01-22 12:00:00 UTC        
 READ IN fields at DATE: 2020-01-22 18:00:00 UTC        
 READ IN fields at DATE: 2020-01-23 00:00:00 UTC        
 READ IN fields at DATE: 2020-01-23 06:00:00 UTC        
 READ IN fields at DATE: 2020-01-23 12:00:00 UTC        
 READ IN fields at DATE: 2020-01-23 18:00:00 UTC        
 READ IN fields at DATE: 2020-01-24 00:00:00 UTC        
 READ IN fields at DATE: 2020-01-24 06:00:00 UTC        
 READ IN fields at DATE: 2020-01-24 12:00:00 UTC        
 READ IN fields at DATE: 2020-01-24 18:00:00 UTC        
 READ IN fields at DATE: 2020-01-25 00:00:00 UTC        
 READ IN fields at DATE: 2020-01-25 06:00:00 UTC        
 READ IN fields at DATE: 2020-01-25 12:00:00 UTC        
 READ IN fields at DATE: 2020-01-25 18:00:00 UTC        
 READ IN fields at DATE: 2020-01-26 00:00:00 UTC        
 READ IN fields at DATE: 2020-01-26 06:00:00 UTC        
 READ IN fields at DATE: 2020-01-26 12:00:00 UTC        
 READ IN fields at DATE: 2020-01-26 18:00:00 UTC        
 READ IN fields at DATE: 2020-01-27 00:00:00 UTC        
 READ IN fields at DATE: 2020-01-27 06:00:00 UTC        
 READ IN fields at DATE: 2020-01-27 12:00:00 UTC        
 READ IN fields at DATE: 2020-01-27 18:00:00 UTC        
 READ IN fields at DATE: 2020-01-28 00:00:00 UTC        
 READ IN fields at DATE: 2020-01-28 06:00:00 UTC        
 READ IN fields at DATE: 2020-01-28 12:00:00 UTC        
 READ IN fields at DATE: 2020-01-28 18:00:00 UTC        
 READ IN fields at DATE: 2020-01-29 00:00:00 UTC        
 READ IN fields at DATE: 2020-01-29 06:00:00 UTC        
 READ IN fields at DATE: 2020-01-29 12:00:00 UTC        
 READ IN fields at DATE: 2020-01-29 18:00:00 UTC        
 READ IN fields at DATE: 2020-01-30 00:00:00 UTC        
 READ IN fields at DATE: 2020-01-30 06:00:00 UTC        
 READ IN fields at DATE: 2020-01-30 12:00:00 UTC        
 READ IN fields at DATE: 2020-01-30 18:00:00 UTC        
 READ IN fields at DATE: 2020-01-31 00:00:00 UTC        
 READ IN fields at DATE: 2020-01-31 06:00:00 UTC        
 READ IN fields at DATE: 2020-01-31 12:00:00 UTC        
 READ IN fields at DATE: 2020-01-31 18:00:00 UTC        
      131072 /leonardo_work/ICT25_ESP/RCMDATA/ERA5/2020/tatm_2020_02.nc
  2.051506969770955E-003   250.425686282648     
      196608 /leonardo_work/ICT25_ESP/RCMDATA/ERA5/2020/geop_2020_02.nc
   7.54611733067691        240531.435925710     
      262144 /leonardo_work/ICT25_ESP/RCMDATA/ERA5/2020/qhum_2020_02.nc
  4.005407256640308E-007  1.304394820945833E-002
      327680 /leonardo_work/ICT25_ESP/RCMDATA/ERA5/2020/uwnd_2020_02.nc
  5.012976609008653E-003   7.54805350925409     
      393216 /leonardo_work/ICT25_ESP/RCMDATA/ERA5/2020/vwnd_2020_02.nc
  4.681563105610914E-003   1.17821646942376     
 READ IN fields at DATE: 2020-02-01 00:00:00 UTC        
 READ IN fields at DATE: 2020-02-01 06:00:00 UTC        
 READ IN fields at DATE: 2020-02-01 12:00:00 UTC        
 READ IN fields at DATE: 2020-02-01 18:00:00 UTC        
 READ IN fields at DATE: 2020-02-02 00:00:00 UTC        
 READ IN fields at DATE: 2020-02-02 06:00:00 UTC        
 READ IN fields at DATE: 2020-02-02 12:00:00 UTC        
 READ IN fields at DATE: 2020-02-02 18:00:00 UTC        
 READ IN fields at DATE: 2020-02-03 00:00:00 UTC        
 READ IN fields at DATE: 2020-02-03 06:00:00 UTC        
 READ IN fields at DATE: 2020-02-03 12:00:00 UTC        
 READ IN fields at DATE: 2020-02-03 18:00:00 UTC        
 READ IN fields at DATE: 2020-02-04 00:00:00 UTC        
 READ IN fields at DATE: 2020-02-04 06:00:00 UTC        
 READ IN fields at DATE: 2020-02-04 12:00:00 UTC        
 READ IN fields at DATE: 2020-02-04 18:00:00 UTC        
 READ IN fields at DATE: 2020-02-05 00:00:00 UTC        
 READ IN fields at DATE: 2020-02-05 06:00:00 UTC        
 READ IN fields at DATE: 2020-02-05 12:00:00 UTC        
 READ IN fields at DATE: 2020-02-05 18:00:00 UTC        
 READ IN fields at DATE: 2020-02-06 00:00:00 UTC        
 READ IN fields at DATE: 2020-02-06 06:00:00 UTC        
 READ IN fields at DATE: 2020-02-06 12:00:00 UTC        
 READ IN fields at DATE: 2020-02-06 18:00:00 UTC        
 READ IN fields at DATE: 2020-02-07 00:00:00 UTC        
 READ IN fields at DATE: 2020-02-07 06:00:00 UTC        
 READ IN fields at DATE: 2020-02-07 12:00:00 UTC        
 READ IN fields at DATE: 2020-02-07 18:00:00 UTC        
 READ IN fields at DATE: 2020-02-08 00:00:00 UTC        
 READ IN fields at DATE: 2020-02-08 06:00:00 UTC        
 READ IN fields at DATE: 2020-02-08 12:00:00 UTC        
 READ IN fields at DATE: 2020-02-08 18:00:00 UTC        
 READ IN fields at DATE: 2020-02-09 00:00:00 UTC        
 READ IN fields at DATE: 2020-02-09 06:00:00 UTC        
 READ IN fields at DATE: 2020-02-09 12:00:00 UTC        
 READ IN fields at DATE: 2020-02-09 18:00:00 UTC        
 READ IN fields at DATE: 2020-02-10 00:00:00 UTC        
 READ IN fields at DATE: 2020-02-10 06:00:00 UTC        
 READ IN fields at DATE: 2020-02-10 12:00:00 UTC        
 READ IN fields at DATE: 2020-02-10 18:00:00 UTC        
 READ IN fields at DATE: 2020-02-11 00:00:00 UTC        
 READ IN fields at DATE: 2020-02-11 06:00:00 UTC        
 READ IN fields at DATE: 2020-02-11 12:00:00 UTC        
 READ IN fields at DATE: 2020-02-11 18:00:00 UTC        
 READ IN fields at DATE: 2020-02-12 00:00:00 UTC        
 READ IN fields at DATE: 2020-02-12 06:00:00 UTC        
 READ IN fields at DATE: 2020-02-12 12:00:00 UTC        
 READ IN fields at DATE: 2020-02-12 18:00:00 UTC        
 READ IN fields at DATE: 2020-02-13 00:00:00 UTC        
 READ IN fields at DATE: 2020-02-13 06:00:00 UTC        
 READ IN fields at DATE: 2020-02-13 12:00:00 UTC        
 READ IN fields at DATE: 2020-02-13 18:00:00 UTC        
 READ IN fields at DATE: 2020-02-14 00:00:00 UTC        
 READ IN fields at DATE: 2020-02-14 06:00:00 UTC        
 READ IN fields at DATE: 2020-02-14 12:00:00 UTC        
 READ IN fields at DATE: 2020-02-14 18:00:00 UTC        
 READ IN fields at DATE: 2020-02-15 00:00:00 UTC        
 READ IN fields at DATE: 2020-02-15 06:00:00 UTC        
 READ IN fields at DATE: 2020-02-15 12:00:00 UTC        
 READ IN fields at DATE: 2020-02-15 18:00:00 UTC        
 READ IN fields at DATE: 2020-02-16 00:00:00 UTC        
 READ IN fields at DATE: 2020-02-16 06:00:00 UTC        
 READ IN fields at DATE: 2020-02-16 12:00:00 UTC        
 READ IN fields at DATE: 2020-02-16 18:00:00 UTC        
 READ IN fields at DATE: 2020-02-17 00:00:00 UTC        
 READ IN fields at DATE: 2020-02-17 06:00:00 UTC        
 READ IN fields at DATE: 2020-02-17 12:00:00 UTC        
 READ IN fields at DATE: 2020-02-17 18:00:00 UTC        
 READ IN fields at DATE: 2020-02-18 00:00:00 UTC        
 READ IN fields at DATE: 2020-02-18 06:00:00 UTC        
 READ IN fields at DATE: 2020-02-18 12:00:00 UTC        
 READ IN fields at DATE: 2020-02-18 18:00:00 UTC        
 READ IN fields at DATE: 2020-02-19 00:00:00 UTC        
 READ IN fields at DATE: 2020-02-19 06:00:00 UTC        
 READ IN fields at DATE: 2020-02-19 12:00:00 UTC        
 READ IN fields at DATE: 2020-02-19 18:00:00 UTC        
 READ IN fields at DATE: 2020-02-20 00:00:00 UTC        
 READ IN fields at DATE: 2020-02-20 06:00:00 UTC        
 READ IN fields at DATE: 2020-02-20 12:00:00 UTC        
 READ IN fields at DATE: 2020-02-20 18:00:00 UTC        
 READ IN fields at DATE: 2020-02-21 00:00:00 UTC        
 READ IN fields at DATE: 2020-02-21 06:00:00 UTC        
 READ IN fields at DATE: 2020-02-21 12:00:00 UTC        
 READ IN fields at DATE: 2020-02-21 18:00:00 UTC        
 READ IN fields at DATE: 2020-02-22 00:00:00 UTC        
 READ IN fields at DATE: 2020-02-22 06:00:00 UTC        
 READ IN fields at DATE: 2020-02-22 12:00:00 UTC        
 READ IN fields at DATE: 2020-02-22 18:00:00 UTC        
 READ IN fields at DATE: 2020-02-23 00:00:00 UTC        
 READ IN fields at DATE: 2020-02-23 06:00:00 UTC        
 READ IN fields at DATE: 2020-02-23 12:00:00 UTC        
 READ IN fields at DATE: 2020-02-23 18:00:00 UTC        
 READ IN fields at DATE: 2020-02-24 00:00:00 UTC        
 READ IN fields at DATE: 2020-02-24 06:00:00 UTC        
 READ IN fields at DATE: 2020-02-24 12:00:00 UTC        
 READ IN fields at DATE: 2020-02-24 18:00:00 UTC        
 READ IN fields at DATE: 2020-02-25 00:00:00 UTC        
 READ IN fields at DATE: 2020-02-25 06:00:00 UTC        
 READ IN fields at DATE: 2020-02-25 12:00:00 UTC        
 READ IN fields at DATE: 2020-02-25 18:00:00 UTC        
 READ IN fields at DATE: 2020-02-26 00:00:00 UTC        
 READ IN fields at DATE: 2020-02-26 06:00:00 UTC        
 READ IN fields at DATE: 2020-02-26 12:00:00 UTC        
 READ IN fields at DATE: 2020-02-26 18:00:00 UTC        
 READ IN fields at DATE: 2020-02-27 00:00:00 UTC        
 READ IN fields at DATE: 2020-02-27 06:00:00 UTC        
 READ IN fields at DATE: 2020-02-27 12:00:00 UTC        
 READ IN fields at DATE: 2020-02-27 18:00:00 UTC        
 READ IN fields at DATE: 2020-02-28 00:00:00 UTC        
 READ IN fields at DATE: 2020-02-28 06:00:00 UTC        
 READ IN fields at DATE: 2020-02-28 12:00:00 UTC        
 READ IN fields at DATE: 2020-02-28 18:00:00 UTC        
 READ IN fields at DATE: 2020-02-29 00:00:00 UTC        
 READ IN fields at DATE: 2020-02-29 06:00:00 UTC        
 READ IN fields at DATE: 2020-02-29 12:00:00 UTC        
 READ IN fields at DATE: 2020-02-29 18:00:00 UTC        
      131072 /leonardo_work/ICT25_ESP/RCMDATA/ERA5/2020/tatm_2020_03.nc
  2.071303835814947E-003   250.912530937438     
      196608 /leonardo_work/ICT25_ESP/RCMDATA/ERA5/2020/geop_2020_03.nc
   7.38147580465185        236377.682308973     
      262144 /leonardo_work/ICT25_ESP/RCMDATA/ERA5/2020/qhum_2020_03.nc
  3.773106613449748E-007  1.218001060967279E-002
      327680 /leonardo_work/ICT25_ESP/RCMDATA/ERA5/2020/uwnd_2020_03.nc
  3.394694631947716E-003   26.7805063270004     
      393216 /leonardo_work/ICT25_ESP/RCMDATA/ERA5/2020/vwnd_2020_03.nc
  2.988460835839625E-003  -1.52482491889448     
 READ IN fields at DATE: 2020-03-01 00:00:00 UTC        
 READ IN fields at DATE: 2020-03-01 06:00:00 UTC        
 READ IN fields at DATE: 2020-03-01 12:00:00 UTC        
 READ IN fields at DATE: 2020-03-01 18:00:00 UTC        
 READ IN fields at DATE: 2020-03-02 00:00:00 UTC        
 READ IN fields at DATE: 2020-03-02 06:00:00 UTC        
 READ IN fields at DATE: 2020-03-02 12:00:00 UTC        
 READ IN fields at DATE: 2020-03-02 18:00:00 UTC        
 READ IN fields at DATE: 2020-03-03 00:00:00 UTC        
 READ IN fields at DATE: 2020-03-03 06:00:00 UTC        
 READ IN fields at DATE: 2020-03-03 12:00:00 UTC        
 READ IN fields at DATE: 2020-03-03 18:00:00 UTC        
 READ IN fields at DATE: 2020-03-04 00:00:00 UTC        
 READ IN fields at DATE: 2020-03-04 06:00:00 UTC        
 READ IN fields at DATE: 2020-03-04 12:00:00 UTC        
 READ IN fields at DATE: 2020-03-04 18:00:00 UTC        
 READ IN fields at DATE: 2020-03-05 00:00:00 UTC        
 READ IN fields at DATE: 2020-03-05 06:00:00 UTC        
 READ IN fields at DATE: 2020-03-05 12:00:00 UTC        
 READ IN fields at DATE: 2020-03-05 18:00:00 UTC        
 READ IN fields at DATE: 2020-03-06 00:00:00 UTC        
 READ IN fields at DATE: 2020-03-06 06:00:00 UTC        
 READ IN fields at DATE: 2020-03-06 12:00:00 UTC        
 READ IN fields at DATE: 2020-03-06 18:00:00 UTC        
 READ IN fields at DATE: 2020-03-07 00:00:00 UTC        
 READ IN fields at DATE: 2020-03-07 06:00:00 UTC        
 READ IN fields at DATE: 2020-03-07 12:00:00 UTC        
 READ IN fields at DATE: 2020-03-07 18:00:00 UTC        
 READ IN fields at DATE: 2020-03-08 00:00:00 UTC        
 READ IN fields at DATE: 2020-03-08 06:00:00 UTC        
 READ IN fields at DATE: 2020-03-08 12:00:00 UTC        
 READ IN fields at DATE: 2020-03-08 18:00:00 UTC        
 READ IN fields at DATE: 2020-03-09 00:00:00 UTC        
 READ IN fields at DATE: 2020-03-09 06:00:00 UTC        
 READ IN fields at DATE: 2020-03-09 12:00:00 UTC        
 READ IN fields at DATE: 2020-03-09 18:00:00 UTC        
 READ IN fields at DATE: 2020-03-10 00:00:00 UTC        
 READ IN fields at DATE: 2020-03-10 06:00:00 UTC        
 READ IN fields at DATE: 2020-03-10 12:00:00 UTC        
 READ IN fields at DATE: 2020-03-10 18:00:00 UTC        
 READ IN fields at DATE: 2020-03-11 00:00:00 UTC        
 READ IN fields at DATE: 2020-03-11 06:00:00 UTC        
 READ IN fields at DATE: 2020-03-11 12:00:00 UTC        
 READ IN fields at DATE: 2020-03-11 18:00:00 UTC        
 READ IN fields at DATE: 2020-03-12 00:00:00 UTC        
 READ IN fields at DATE: 2020-03-12 06:00:00 UTC        
 READ IN fields at DATE: 2020-03-12 12:00:00 UTC        
 READ IN fields at DATE: 2020-03-12 18:00:00 UTC        
 READ IN fields at DATE: 2020-03-13 00:00:00 UTC        
 READ IN fields at DATE: 2020-03-13 06:00:00 UTC        
 READ IN fields at DATE: 2020-03-13 12:00:00 UTC        
 READ IN fields at DATE: 2020-03-13 18:00:00 UTC        
 READ IN fields at DATE: 2020-03-14 00:00:00 UTC        
 READ IN fields at DATE: 2020-03-14 06:00:00 UTC        
 READ IN fields at DATE: 2020-03-14 12:00:00 UTC        
 READ IN fields at DATE: 2020-03-14 18:00:00 UTC        
 READ IN fields at DATE: 2020-03-15 00:00:00 UTC        
 READ IN fields at DATE: 2020-03-15 06:00:00 UTC        
 READ IN fields at DATE: 2020-03-15 12:00:00 UTC        
 READ IN fields at DATE: 2020-03-15 18:00:00 UTC        
 READ IN fields at DATE: 2020-03-16 00:00:00 UTC        
 READ IN fields at DATE: 2020-03-16 06:00:00 UTC        
 READ IN fields at DATE: 2020-03-16 12:00:00 UTC        
 READ IN fields at DATE: 2020-03-16 18:00:00 UTC        
 READ IN fields at DATE: 2020-03-17 00:00:00 UTC        
 READ IN fields at DATE: 2020-03-17 06:00:00 UTC        
 READ IN fields at DATE: 2020-03-17 12:00:00 UTC        
 READ IN fields at DATE: 2020-03-17 18:00:00 UTC        
 READ IN fields at DATE: 2020-03-18 00:00:00 UTC        
 READ IN fields at DATE: 2020-03-18 06:00:00 UTC        
 READ IN fields at DATE: 2020-03-18 12:00:00 UTC        
 READ IN fields at DATE: 2020-03-18 18:00:00 UTC        
 READ IN fields at DATE: 2020-03-19 00:00:00 UTC        
 READ IN fields at DATE: 2020-03-19 06:00:00 UTC        
 READ IN fields at DATE: 2020-03-19 12:00:00 UTC        
 READ IN fields at DATE: 2020-03-19 18:00:00 UTC        
 READ IN fields at DATE: 2020-03-20 00:00:00 UTC        
 READ IN fields at DATE: 2020-03-20 06:00:00 UTC        
 READ IN fields at DATE: 2020-03-20 12:00:00 UTC        
 READ IN fields at DATE: 2020-03-20 18:00:00 UTC        
 READ IN fields at DATE: 2020-03-21 00:00:00 UTC        
 READ IN fields at DATE: 2020-03-21 06:00:00 UTC        
 READ IN fields at DATE: 2020-03-21 12:00:00 UTC        
 READ IN fields at DATE: 2020-03-21 18:00:00 UTC        
 READ IN fields at DATE: 2020-03-22 00:00:00 UTC        
 READ IN fields at DATE: 2020-03-22 06:00:00 UTC        
 READ IN fields at DATE: 2020-03-22 12:00:00 UTC        
 READ IN fields at DATE: 2020-03-22 18:00:00 UTC        
 READ IN fields at DATE: 2020-03-23 00:00:00 UTC        
 READ IN fields at DATE: 2020-03-23 06:00:00 UTC        
 READ IN fields at DATE: 2020-03-23 12:00:00 UTC        
 READ IN fields at DATE: 2020-03-23 18:00:00 UTC        
 READ IN fields at DATE: 2020-03-24 00:00:00 UTC        
 READ IN fields at DATE: 2020-03-24 06:00:00 UTC        
 READ IN fields at DATE: 2020-03-24 12:00:00 UTC        
 READ IN fields at DATE: 2020-03-24 18:00:00 UTC        
 READ IN fields at DATE: 2020-03-25 00:00:00 UTC        
 READ IN fields at DATE: 2020-03-25 06:00:00 UTC        
 READ IN fields at DATE: 2020-03-25 12:00:00 UTC        
 READ IN fields at DATE: 2020-03-25 18:00:00 UTC        
 READ IN fields at DATE: 2020-03-26 00:00:00 UTC        
 READ IN fields at DATE: 2020-03-26 06:00:00 UTC        
 READ IN fields at DATE: 2020-03-26 12:00:00 UTC        
 READ IN fields at DATE: 2020-03-26 18:00:00 UTC        
 READ IN fields at DATE: 2020-03-27 00:00:00 UTC        
 READ IN fields at DATE: 2020-03-27 06:00:00 UTC        
 READ IN fields at DATE: 2020-03-27 12:00:00 UTC        
 READ IN fields at DATE: 2020-03-27 18:00:00 UTC        
 READ IN fields at DATE: 2020-03-28 00:00:00 UTC        
 READ IN fields at DATE: 2020-03-28 06:00:00 UTC        
 READ IN fields at DATE: 2020-03-28 12:00:00 UTC        
 READ IN fields at DATE: 2020-03-28 18:00:00 UTC        
 READ IN fields at DATE: 2020-03-29 00:00:00 UTC        
 READ IN fields at DATE: 2020-03-29 06:00:00 UTC        
 READ IN fields at DATE: 2020-03-29 12:00:00 UTC        
 READ IN fields at DATE: 2020-03-29 18:00:00 UTC        
 READ IN fields at DATE: 2020-03-30 00:00:00 UTC        
 READ IN fields at DATE: 2020-03-30 06:00:00 UTC        
 READ IN fields at DATE: 2020-03-30 12:00:00 UTC        
 READ IN fields at DATE: 2020-03-30 18:00:00 UTC        
 READ IN fields at DATE: 2020-03-31 00:00:00 UTC        
 READ IN fields at DATE: 2020-03-31 06:00:00 UTC        
 READ IN fields at DATE: 2020-03-31 12:00:00 UTC        
 READ IN fields at DATE: 2020-03-31 18:00:00 UTC        
      131072 /leonardo_work/ICT25_ESP/RCMDATA/ERA5/2020/tatm_2020_04.nc
  2.078039701848687E-003   250.611876019212     
      196608 /leonardo_work/ICT25_ESP/RCMDATA/ERA5/2020/geop_2020_04.nc
   7.33726459856103        234410.975898951     
      262144 /leonardo_work/ICT25_ESP/RCMDATA/ERA5/2020/qhum_2020_04.nc
  3.983096530419523E-007  1.300197012092441E-002
      327680 /leonardo_work/ICT25_ESP/RCMDATA/ERA5/2020/uwnd_2020_04.nc
  2.588254136841124E-003   26.2132902235175     
      393216 /leonardo_work/ICT25_ESP/RCMDATA/ERA5/2020/vwnd_2020_04.nc
  2.841467656025876E-003  0.569929363828237     
 READ IN fields at DATE: 2020-04-01 00:00:00 UTC        
 READ IN fields at DATE: 2020-04-01 06:00:00 UTC        
 READ IN fields at DATE: 2020-04-01 12:00:00 UTC        
 READ IN fields at DATE: 2020-04-01 18:00:00 UTC        
 READ IN fields at DATE: 2020-04-02 00:00:00 UTC        
 READ IN fields at DATE: 2020-04-02 06:00:00 UTC        
 READ IN fields at DATE: 2020-04-02 12:00:00 UTC        
 READ IN fields at DATE: 2020-04-02 18:00:00 UTC        
 READ IN fields at DATE: 2020-04-03 00:00:00 UTC        
 READ IN fields at DATE: 2020-04-03 06:00:00 UTC        
 READ IN fields at DATE: 2020-04-03 12:00:00 UTC        
 READ IN fields at DATE: 2020-04-03 18:00:00 UTC        
 READ IN fields at DATE: 2020-04-04 00:00:00 UTC        
 READ IN fields at DATE: 2020-04-04 06:00:00 UTC        
 READ IN fields at DATE: 2020-04-04 12:00:00 UTC        
 READ IN fields at DATE: 2020-04-04 18:00:00 UTC        
 READ IN fields at DATE: 2020-04-05 00:00:00 UTC        
 READ IN fields at DATE: 2020-04-05 06:00:00 UTC        
 READ IN fields at DATE: 2020-04-05 12:00:00 UTC        
 READ IN fields at DATE: 2020-04-05 18:00:00 UTC        
 READ IN fields at DATE: 2020-04-06 00:00:00 UTC        
 READ IN fields at DATE: 2020-04-06 06:00:00 UTC        
 READ IN fields at DATE: 2020-04-06 12:00:00 UTC        
 READ IN fields at DATE: 2020-04-06 18:00:00 UTC        
 READ IN fields at DATE: 2020-04-07 00:00:00 UTC        
 READ IN fields at DATE: 2020-04-07 06:00:00 UTC        
 READ IN fields at DATE: 2020-04-07 12:00:00 UTC        
 READ IN fields at DATE: 2020-04-07 18:00:00 UTC        
 READ IN fields at DATE: 2020-04-08 00:00:00 UTC        
 READ IN fields at DATE: 2020-04-08 06:00:00 UTC        
 READ IN fields at DATE: 2020-04-08 12:00:00 UTC        
 READ IN fields at DATE: 2020-04-08 18:00:00 UTC        
 READ IN fields at DATE: 2020-04-09 00:00:00 UTC        
 READ IN fields at DATE: 2020-04-09 06:00:00 UTC        
 READ IN fields at DATE: 2020-04-09 12:00:00 UTC        
 READ IN fields at DATE: 2020-04-09 18:00:00 UTC        
 READ IN fields at DATE: 2020-04-10 00:00:00 UTC        
 READ IN fields at DATE: 2020-04-10 06:00:00 UTC        
 READ IN fields at DATE: 2020-04-10 12:00:00 UTC        
 READ IN fields at DATE: 2020-04-10 18:00:00 UTC        
 READ IN fields at DATE: 2020-04-11 00:00:00 UTC        
 READ IN fields at DATE: 2020-04-11 06:00:00 UTC        
 READ IN fields at DATE: 2020-04-11 12:00:00 UTC        
 READ IN fields at DATE: 2020-04-11 18:00:00 UTC        
 READ IN fields at DATE: 2020-04-12 00:00:00 UTC        
 READ IN fields at DATE: 2020-04-12 06:00:00 UTC        
 READ IN fields at DATE: 2020-04-12 12:00:00 UTC        
 READ IN fields at DATE: 2020-04-12 18:00:00 UTC        
 READ IN fields at DATE: 2020-04-13 00:00:00 UTC        
 READ IN fields at DATE: 2020-04-13 06:00:00 UTC        
 READ IN fields at DATE: 2020-04-13 12:00:00 UTC        
 READ IN fields at DATE: 2020-04-13 18:00:00 UTC        
 READ IN fields at DATE: 2020-04-14 00:00:00 UTC        
 READ IN fields at DATE: 2020-04-14 06:00:00 UTC        
 READ IN fields at DATE: 2020-04-14 12:00:00 UTC        
 READ IN fields at DATE: 2020-04-14 18:00:00 UTC        
 READ IN fields at DATE: 2020-04-15 00:00:00 UTC        
 READ IN fields at DATE: 2020-04-15 06:00:00 UTC        
 READ IN fields at DATE: 2020-04-15 12:00:00 UTC        
 READ IN fields at DATE: 2020-04-15 18:00:00 UTC        
 READ IN fields at DATE: 2020-04-16 00:00:00 UTC        
 READ IN fields at DATE: 2020-04-16 06:00:00 UTC        
 READ IN fields at DATE: 2020-04-16 12:00:00 UTC        
 READ IN fields at DATE: 2020-04-16 18:00:00 UTC        
 READ IN fields at DATE: 2020-04-17 00:00:00 UTC        
 READ IN fields at DATE: 2020-04-17 06:00:00 UTC        
 READ IN fields at DATE: 2020-04-17 12:00:00 UTC        
 READ IN fields at DATE: 2020-04-17 18:00:00 UTC        
 READ IN fields at DATE: 2020-04-18 00:00:00 UTC        
 READ IN fields at DATE: 2020-04-18 06:00:00 UTC        
 READ IN fields at DATE: 2020-04-18 12:00:00 UTC        
 READ IN fields at DATE: 2020-04-18 18:00:00 UTC        
 READ IN fields at DATE: 2020-04-19 00:00:00 UTC        
 READ IN fields at DATE: 2020-04-19 06:00:00 UTC        
 READ IN fields at DATE: 2020-04-19 12:00:00 UTC        
 READ IN fields at DATE: 2020-04-19 18:00:00 UTC        
 READ IN fields at DATE: 2020-04-20 00:00:00 UTC        
 READ IN fields at DATE: 2020-04-20 06:00:00 UTC        
 READ IN fields at DATE: 2020-04-20 12:00:00 UTC        
 READ IN fields at DATE: 2020-04-20 18:00:00 UTC        
 READ IN fields at DATE: 2020-04-21 00:00:00 UTC        
 READ IN fields at DATE: 2020-04-21 06:00:00 UTC        
 READ IN fields at DATE: 2020-04-21 12:00:00 UTC        
 READ IN fields at DATE: 2020-04-21 18:00:00 UTC        
 READ IN fields at DATE: 2020-04-22 00:00:00 UTC        
 READ IN fields at DATE: 2020-04-22 06:00:00 UTC        
 READ IN fields at DATE: 2020-04-22 12:00:00 UTC        
 READ IN fields at DATE: 2020-04-22 18:00:00 UTC        
 READ IN fields at DATE: 2020-04-23 00:00:00 UTC        
 READ IN fields at DATE: 2020-04-23 06:00:00 UTC        
 READ IN fields at DATE: 2020-04-23 12:00:00 UTC        
 READ IN fields at DATE: 2020-04-23 18:00:00 UTC        
 READ IN fields at DATE: 2020-04-24 00:00:00 UTC        
 READ IN fields at DATE: 2020-04-24 06:00:00 UTC        
 READ IN fields at DATE: 2020-04-24 12:00:00 UTC        
 READ IN fields at DATE: 2020-04-24 18:00:00 UTC        
 READ IN fields at DATE: 2020-04-25 00:00:00 UTC        
 READ IN fields at DATE: 2020-04-25 06:00:00 UTC        
 READ IN fields at DATE: 2020-04-25 12:00:00 UTC        
 READ IN fields at DATE: 2020-04-25 18:00:00 UTC        
 READ IN fields at DATE: 2020-04-26 00:00:00 UTC        
 READ IN fields at DATE: 2020-04-26 06:00:00 UTC        
 READ IN fields at DATE: 2020-04-26 12:00:00 UTC        
 READ IN fields at DATE: 2020-04-26 18:00:00 UTC        
 READ IN fields at DATE: 2020-04-27 00:00:00 UTC        
 READ IN fields at DATE: 2020-04-27 06:00:00 UTC        
 READ IN fields at DATE: 2020-04-27 12:00:00 UTC        
 READ IN fields at DATE: 2020-04-27 18:00:00 UTC        
 READ IN fields at DATE: 2020-04-28 00:00:00 UTC        
 READ IN fields at DATE: 2020-04-28 06:00:00 UTC        
 READ IN fields at DATE: 2020-04-28 12:00:00 UTC        
 READ IN fields at DATE: 2020-04-28 18:00:00 UTC        
 READ IN fields at DATE: 2020-04-29 00:00:00 UTC        
 READ IN fields at DATE: 2020-04-29 06:00:00 UTC        
 READ IN fields at DATE: 2020-04-29 12:00:00 UTC        
 READ IN fields at DATE: 2020-04-29 18:00:00 UTC        
 READ IN fields at DATE: 2020-04-30 00:00:00 UTC        
 READ IN fields at DATE: 2020-04-30 06:00:00 UTC        
 READ IN fields at DATE: 2020-04-30 12:00:00 UTC        
 READ IN fields at DATE: 2020-04-30 18:00:00 UTC        
      131072 /leonardo_work/ICT25_ESP/RCMDATA/ERA5/2020/tatm_2020_05.nc
  2.133429620724840E-003   250.402139156772     
      196608 /leonardo_work/ICT25_ESP/RCMDATA/ERA5/2020/geop_2020_05.nc
   7.54390899670777        241636.796404877     
      262144 /leonardo_work/ICT25_ESP/RCMDATA/ERA5/2020/qhum_2020_05.nc
  3.951921996627778E-007  1.288025302009431E-002
      327680 /leonardo_work/ICT25_ESP/RCMDATA/ERA5/2020/uwnd_2020_05.nc
  3.606388122950699E-003   49.5616581096495     
      393216 /leonardo_work/ICT25_ESP/RCMDATA/ERA5/2020/vwnd_2020_05.nc
  2.650055108134332E-003   2.67885838309046     
 READ IN fields at DATE: 2020-05-01 00:00:00 UTC        
 READ IN fields at DATE: 2020-05-01 06:00:00 UTC        
 READ IN fields at DATE: 2020-05-01 12:00:00 UTC        
 READ IN fields at DATE: 2020-05-01 18:00:00 UTC        
 READ IN fields at DATE: 2020-05-02 00:00:00 UTC        
 READ IN fields at DATE: 2020-05-02 06:00:00 UTC        
 READ IN fields at DATE: 2020-05-02 12:00:00 UTC        
 READ IN fields at DATE: 2020-05-02 18:00:00 UTC        
 READ IN fields at DATE: 2020-05-03 00:00:00 UTC        
 READ IN fields at DATE: 2020-05-03 06:00:00 UTC        
 READ IN fields at DATE: 2020-05-03 12:00:00 UTC        
 READ IN fields at DATE: 2020-05-03 18:00:00 UTC        
 READ IN fields at DATE: 2020-05-04 00:00:00 UTC        
 READ IN fields at DATE: 2020-05-04 06:00:00 UTC        
 READ IN fields at DATE: 2020-05-04 12:00:00 UTC        
 READ IN fields at DATE: 2020-05-04 18:00:00 UTC        
 READ IN fields at DATE: 2020-05-05 00:00:00 UTC        
 READ IN fields at DATE: 2020-05-05 06:00:00 UTC        
 READ IN fields at DATE: 2020-05-05 12:00:00 UTC        
 READ IN fields at DATE: 2020-05-05 18:00:00 UTC        
 READ IN fields at DATE: 2020-05-06 00:00:00 UTC        
 READ IN fields at DATE: 2020-05-06 06:00:00 UTC        
 READ IN fields at DATE: 2020-05-06 12:00:00 UTC        
 READ IN fields at DATE: 2020-05-06 18:00:00 UTC        
 READ IN fields at DATE: 2020-05-07 00:00:00 UTC        
 READ IN fields at DATE: 2020-05-07 06:00:00 UTC        
 READ IN fields at DATE: 2020-05-07 12:00:00 UTC        
 READ IN fields at DATE: 2020-05-07 18:00:00 UTC        
 READ IN fields at DATE: 2020-05-08 00:00:00 UTC        
 READ IN fields at DATE: 2020-05-08 06:00:00 UTC        
 READ IN fields at DATE: 2020-05-08 12:00:00 UTC        
 READ IN fields at DATE: 2020-05-08 18:00:00 UTC        
 READ IN fields at DATE: 2020-05-09 00:00:00 UTC        
 READ IN fields at DATE: 2020-05-09 06:00:00 UTC        
 READ IN fields at DATE: 2020-05-09 12:00:00 UTC        
 READ IN fields at DATE: 2020-05-09 18:00:00 UTC        
 READ IN fields at DATE: 2020-05-10 00:00:00 UTC        
 READ IN fields at DATE: 2020-05-10 06:00:00 UTC        
 READ IN fields at DATE: 2020-05-10 12:00:00 UTC        
 READ IN fields at DATE: 2020-05-10 18:00:00 UTC        
 READ IN fields at DATE: 2020-05-11 00:00:00 UTC        
 READ IN fields at DATE: 2020-05-11 06:00:00 UTC        
 READ IN fields at DATE: 2020-05-11 12:00:00 UTC        
 READ IN fields at DATE: 2020-05-11 18:00:00 UTC        
 READ IN fields at DATE: 2020-05-12 00:00:00 UTC        
 READ IN fields at DATE: 2020-05-12 06:00:00 UTC        
 READ IN fields at DATE: 2020-05-12 12:00:00 UTC        
 READ IN fields at DATE: 2020-05-12 18:00:00 UTC        
 READ IN fields at DATE: 2020-05-13 00:00:00 UTC        
 READ IN fields at DATE: 2020-05-13 06:00:00 UTC        
 READ IN fields at DATE: 2020-05-13 12:00:00 UTC        
 READ IN fields at DATE: 2020-05-13 18:00:00 UTC        
 READ IN fields at DATE: 2020-05-14 00:00:00 UTC        
 READ IN fields at DATE: 2020-05-14 06:00:00 UTC        
 READ IN fields at DATE: 2020-05-14 12:00:00 UTC        
 READ IN fields at DATE: 2020-05-14 18:00:00 UTC        
 READ IN fields at DATE: 2020-05-15 00:00:00 UTC        
 READ IN fields at DATE: 2020-05-15 06:00:00 UTC        
 READ IN fields at DATE: 2020-05-15 12:00:00 UTC        
 READ IN fields at DATE: 2020-05-15 18:00:00 UTC        
 READ IN fields at DATE: 2020-05-16 00:00:00 UTC        
 READ IN fields at DATE: 2020-05-16 06:00:00 UTC        
 READ IN fields at DATE: 2020-05-16 12:00:00 UTC        
 READ IN fields at DATE: 2020-05-16 18:00:00 UTC        
 READ IN fields at DATE: 2020-05-17 00:00:00 UTC        
 READ IN fields at DATE: 2020-05-17 06:00:00 UTC        
 READ IN fields at DATE: 2020-05-17 12:00:00 UTC        
 READ IN fields at DATE: 2020-05-17 18:00:00 UTC        
 READ IN fields at DATE: 2020-05-18 00:00:00 UTC        
 READ IN fields at DATE: 2020-05-18 06:00:00 UTC        
 READ IN fields at DATE: 2020-05-18 12:00:00 UTC        
 READ IN fields at DATE: 2020-05-18 18:00:00 UTC        
 READ IN fields at DATE: 2020-05-19 00:00:00 UTC        
 READ IN fields at DATE: 2020-05-19 06:00:00 UTC        
 READ IN fields at DATE: 2020-05-19 12:00:00 UTC        
 READ IN fields at DATE: 2020-05-19 18:00:00 UTC        
 READ IN fields at DATE: 2020-05-20 00:00:00 UTC        
 READ IN fields at DATE: 2020-05-20 06:00:00 UTC        
 READ IN fields at DATE: 2020-05-20 12:00:00 UTC        
 READ IN fields at DATE: 2020-05-20 18:00:00 UTC        
 READ IN fields at DATE: 2020-05-21 00:00:00 UTC        
 READ IN fields at DATE: 2020-05-21 06:00:00 UTC        
 READ IN fields at DATE: 2020-05-21 12:00:00 UTC        
 READ IN fields at DATE: 2020-05-21 18:00:00 UTC        
 READ IN fields at DATE: 2020-05-22 00:00:00 UTC        
 READ IN fields at DATE: 2020-05-22 06:00:00 UTC        
 READ IN fields at DATE: 2020-05-22 12:00:00 UTC        
 READ IN fields at DATE: 2020-05-22 18:00:00 UTC        
 READ IN fields at DATE: 2020-05-23 00:00:00 UTC        
 READ IN fields at DATE: 2020-05-23 06:00:00 UTC        
 READ IN fields at DATE: 2020-05-23 12:00:00 UTC        
 READ IN fields at DATE: 2020-05-23 18:00:00 UTC        
 READ IN fields at DATE: 2020-05-24 00:00:00 UTC        
 READ IN fields at DATE: 2020-05-24 06:00:00 UTC        
 READ IN fields at DATE: 2020-05-24 12:00:00 UTC        
 READ IN fields at DATE: 2020-05-24 18:00:00 UTC        
 READ IN fields at DATE: 2020-05-25 00:00:00 UTC        
 READ IN fields at DATE: 2020-05-25 06:00:00 UTC        
 READ IN fields at DATE: 2020-05-25 12:00:00 UTC        
 READ IN fields at DATE: 2020-05-25 18:00:00 UTC        
 READ IN fields at DATE: 2020-05-26 00:00:00 UTC        
 READ IN fields at DATE: 2020-05-26 06:00:00 UTC        
 READ IN fields at DATE: 2020-05-26 12:00:00 UTC        
 READ IN fields at DATE: 2020-05-26 18:00:00 UTC        
 READ IN fields at DATE: 2020-05-27 00:00:00 UTC        
 READ IN fields at DATE: 2020-05-27 06:00:00 UTC        
 READ IN fields at DATE: 2020-05-27 12:00:00 UTC        
 READ IN fields at DATE: 2020-05-27 18:00:00 UTC        
 READ IN fields at DATE: 2020-05-28 00:00:00 UTC        
 READ IN fields at DATE: 2020-05-28 06:00:00 UTC        
 READ IN fields at DATE: 2020-05-28 12:00:00 UTC        
 READ IN fields at DATE: 2020-05-28 18:00:00 UTC        
 READ IN fields at DATE: 2020-05-29 00:00:00 UTC        
 READ IN fields at DATE: 2020-05-29 06:00:00 UTC        
 READ IN fields at DATE: 2020-05-29 12:00:00 UTC        
 READ IN fields at DATE: 2020-05-29 18:00:00 UTC        
 READ IN fields at DATE: 2020-05-30 00:00:00 UTC        
 READ IN fields at DATE: 2020-05-30 06:00:00 UTC        
 READ IN fields at DATE: 2020-05-30 12:00:00 UTC        
 READ IN fields at DATE: 2020-05-30 18:00:00 UTC        
 READ IN fields at DATE: 2020-05-31 00:00:00 UTC        
 READ IN fields at DATE: 2020-05-31 06:00:00 UTC        
 READ IN fields at DATE: 2020-05-31 12:00:00 UTC        
 READ IN fields at DATE: 2020-05-31 18:00:00 UTC        
      131072 /leonardo_work/ICT25_ESP/RCMDATA/ERA5/2020/tatm_2020_06.nc
  2.339819452544424E-003   247.258336315860     
      196608 /leonardo_work/ICT25_ESP/RCMDATA/ERA5/2020/geop_2020_06.nc
   7.61461126932233        244006.845038115     
      262144 /leonardo_work/ICT25_ESP/RCMDATA/ERA5/2020/qhum_2020_06.nc
  4.334021178887310E-007  1.406796649068014E-002
      327680 /leonardo_work/ICT25_ESP/RCMDATA/ERA5/2020/uwnd_2020_06.nc
  4.029980936667881E-003   55.8095542233989     
      393216 /leonardo_work/ICT25_ESP/RCMDATA/ERA5/2020/vwnd_2020_06.nc
  2.458409486099203E-003 -7.362452945008086E-002
 READ IN fields at DATE: 2020-06-01 00:00:00 UTC        
 READ IN fields at DATE: 2020-06-01 06:00:00 UTC        
 READ IN fields at DATE: 2020-06-01 12:00:00 UTC        
 READ IN fields at DATE: 2020-06-01 18:00:00 UTC        
 READ IN fields at DATE: 2020-06-02 00:00:00 UTC        
 READ IN fields at DATE: 2020-06-02 06:00:00 UTC        
 READ IN fields at DATE: 2020-06-02 12:00:00 UTC        
 READ IN fields at DATE: 2020-06-02 18:00:00 UTC        
 READ IN fields at DATE: 2020-06-03 00:00:00 UTC        
 READ IN fields at DATE: 2020-06-03 06:00:00 UTC        
 READ IN fields at DATE: 2020-06-03 12:00:00 UTC        
 READ IN fields at DATE: 2020-06-03 18:00:00 UTC        
 READ IN fields at DATE: 2020-06-04 00:00:00 UTC        
 READ IN fields at DATE: 2020-06-04 06:00:00 UTC        
 READ IN fields at DATE: 2020-06-04 12:00:00 UTC        
 READ IN fields at DATE: 2020-06-04 18:00:00 UTC        
 READ IN fields at DATE: 2020-06-05 00:00:00 UTC        
 READ IN fields at DATE: 2020-06-05 06:00:00 UTC        
 READ IN fields at DATE: 2020-06-05 12:00:00 UTC        
 READ IN fields at DATE: 2020-06-05 18:00:00 UTC        
 READ IN fields at DATE: 2020-06-06 00:00:00 UTC        
 READ IN fields at DATE: 2020-06-06 06:00:00 UTC        
 READ IN fields at DATE: 2020-06-06 12:00:00 UTC        
 READ IN fields at DATE: 2020-06-06 18:00:00 UTC        
 READ IN fields at DATE: 2020-06-07 00:00:00 UTC        
 READ IN fields at DATE: 2020-06-07 06:00:00 UTC        
 READ IN fields at DATE: 2020-06-07 12:00:00 UTC        
 READ IN fields at DATE: 2020-06-07 18:00:00 UTC        
 READ IN fields at DATE: 2020-06-08 00:00:00 UTC        
 READ IN fields at DATE: 2020-06-08 06:00:00 UTC        
 READ IN fields at DATE: 2020-06-08 12:00:00 UTC        
 READ IN fields at DATE: 2020-06-08 18:00:00 UTC        
 READ IN fields at DATE: 2020-06-09 00:00:00 UTC        
 READ IN fields at DATE: 2020-06-09 06:00:00 UTC        
 READ IN fields at DATE: 2020-06-09 12:00:00 UTC        
 READ IN fields at DATE: 2020-06-09 18:00:00 UTC        
 READ IN fields at DATE: 2020-06-10 00:00:00 UTC        
 READ IN fields at DATE: 2020-06-10 06:00:00 UTC        
 READ IN fields at DATE: 2020-06-10 12:00:00 UTC        
 READ IN fields at DATE: 2020-06-10 18:00:00 UTC        
 READ IN fields at DATE: 2020-06-11 00:00:00 UTC        
 READ IN fields at DATE: 2020-06-11 06:00:00 UTC        
 READ IN fields at DATE: 2020-06-11 12:00:00 UTC        
 READ IN fields at DATE: 2020-06-11 18:00:00 UTC        
 READ IN fields at DATE: 2020-06-12 00:00:00 UTC        
 READ IN fields at DATE: 2020-06-12 06:00:00 UTC        
 READ IN fields at DATE: 2020-06-12 12:00:00 UTC        
 READ IN fields at DATE: 2020-06-12 18:00:00 UTC        
 READ IN fields at DATE: 2020-06-13 00:00:00 UTC        
 READ IN fields at DATE: 2020-06-13 06:00:00 UTC        
 READ IN fields at DATE: 2020-06-13 12:00:00 UTC        
 READ IN fields at DATE: 2020-06-13 18:00:00 UTC        
 READ IN fields at DATE: 2020-06-14 00:00:00 UTC        
 READ IN fields at DATE: 2020-06-14 06:00:00 UTC        
 READ IN fields at DATE: 2020-06-14 12:00:00 UTC        
 READ IN fields at DATE: 2020-06-14 18:00:00 UTC        
 READ IN fields at DATE: 2020-06-15 00:00:00 UTC        
 READ IN fields at DATE: 2020-06-15 06:00:00 UTC        
 READ IN fields at DATE: 2020-06-15 12:00:00 UTC        
 READ IN fields at DATE: 2020-06-15 18:00:00 UTC        
 READ IN fields at DATE: 2020-06-16 00:00:00 UTC        
 READ IN fields at DATE: 2020-06-16 06:00:00 UTC        
 READ IN fields at DATE: 2020-06-16 12:00:00 UTC        
 READ IN fields at DATE: 2020-06-16 18:00:00 UTC        
 READ IN fields at DATE: 2020-06-17 00:00:00 UTC        
 READ IN fields at DATE: 2020-06-17 06:00:00 UTC        
 READ IN fields at DATE: 2020-06-17 12:00:00 UTC        
 READ IN fields at DATE: 2020-06-17 18:00:00 UTC        
 READ IN fields at DATE: 2020-06-18 00:00:00 UTC        
 READ IN fields at DATE: 2020-06-18 06:00:00 UTC        
 READ IN fields at DATE: 2020-06-18 12:00:00 UTC        
 READ IN fields at DATE: 2020-06-18 18:00:00 UTC        
 READ IN fields at DATE: 2020-06-19 00:00:00 UTC        
 READ IN fields at DATE: 2020-06-19 06:00:00 UTC        
 READ IN fields at DATE: 2020-06-19 12:00:00 UTC        
 READ IN fields at DATE: 2020-06-19 18:00:00 UTC        
 READ IN fields at DATE: 2020-06-20 00:00:00 UTC        
 READ IN fields at DATE: 2020-06-20 06:00:00 UTC        
 READ IN fields at DATE: 2020-06-20 12:00:00 UTC        
 READ IN fields at DATE: 2020-06-20 18:00:00 UTC        
 READ IN fields at DATE: 2020-06-21 00:00:00 UTC        
 READ IN fields at DATE: 2020-06-21 06:00:00 UTC        
 READ IN fields at DATE: 2020-06-21 12:00:00 UTC        
 READ IN fields at DATE: 2020-06-21 18:00:00 UTC        
 READ IN fields at DATE: 2020-06-22 00:00:00 UTC        
 READ IN fields at DATE: 2020-06-22 06:00:00 UTC        
 READ IN fields at DATE: 2020-06-22 12:00:00 UTC        
 READ IN fields at DATE: 2020-06-22 18:00:00 UTC        
 READ IN fields at DATE: 2020-06-23 00:00:00 UTC        
 READ IN fields at DATE: 2020-06-23 06:00:00 UTC        
 READ IN fields at DATE: 2020-06-23 12:00:00 UTC        
 READ IN fields at DATE: 2020-06-23 18:00:00 UTC        
 READ IN fields at DATE: 2020-06-24 00:00:00 UTC        
 READ IN fields at DATE: 2020-06-24 06:00:00 UTC        
 READ IN fields at DATE: 2020-06-24 12:00:00 UTC        
 READ IN fields at DATE: 2020-06-24 18:00:00 UTC        
 READ IN fields at DATE: 2020-06-25 00:00:00 UTC        
 READ IN fields at DATE: 2020-06-25 06:00:00 UTC        
 READ IN fields at DATE: 2020-06-25 12:00:00 UTC        
 READ IN fields at DATE: 2020-06-25 18:00:00 UTC        
 READ IN fields at DATE: 2020-06-26 00:00:00 UTC        
 READ IN fields at DATE: 2020-06-26 06:00:00 UTC        
 READ IN fields at DATE: 2020-06-26 12:00:00 UTC        
 READ IN fields at DATE: 2020-06-26 18:00:00 UTC        
 READ IN fields at DATE: 2020-06-27 00:00:00 UTC        
 READ IN fields at DATE: 2020-06-27 06:00:00 UTC        
 READ IN fields at DATE: 2020-06-27 12:00:00 UTC        
 READ IN fields at DATE: 2020-06-27 18:00:00 UTC        
 READ IN fields at DATE: 2020-06-28 00:00:00 UTC        
 READ IN fields at DATE: 2020-06-28 06:00:00 UTC        
 READ IN fields at DATE: 2020-06-28 12:00:00 UTC        
 READ IN fields at DATE: 2020-06-28 18:00:00 UTC        
 READ IN fields at DATE: 2020-06-29 00:00:00 UTC        
 READ IN fields at DATE: 2020-06-29 06:00:00 UTC        
 READ IN fields at DATE: 2020-06-29 12:00:00 UTC        
 READ IN fields at DATE: 2020-06-29 18:00:00 UTC        
 READ IN fields at DATE: 2020-06-30 00:00:00 UTC        
 READ IN fields at DATE: 2020-06-30 06:00:00 UTC        
 READ IN fields at DATE: 2020-06-30 12:00:00 UTC        
 READ IN fields at DATE: 2020-06-30 18:00:00 UTC        
      131072 /leonardo_work/ICT25_ESP/RCMDATA/ERA5/2020/tatm_2020_07.nc
  2.434782613473961E-003   243.885646317189     
      196608 /leonardo_work/ICT25_ESP/RCMDATA/ERA5/2020/geop_2020_07.nc
   7.60905419311645        243831.371254153     
      262144 /leonardo_work/ICT25_ESP/RCMDATA/ERA5/2020/qhum_2020_07.nc
  4.767954243336658E-007  1.552238032187432E-002
      327680 /leonardo_work/ICT25_ESP/RCMDATA/ERA5/2020/uwnd_2020_07.nc
  4.568283483637299E-003   65.8209733045472     
      393216 /leonardo_work/ICT25_ESP/RCMDATA/ERA5/2020/vwnd_2020_07.nc
  3.598173016123556E-003   2.90654136759350     
 READ IN fields at DATE: 2020-07-01 00:00:00 UTC        
 READ IN fields at DATE: 2020-07-01 06:00:00 UTC        
 READ IN fields at DATE: 2020-07-01 12:00:00 UTC        
 READ IN fields at DATE: 2020-07-01 18:00:00 UTC        
 READ IN fields at DATE: 2020-07-02 00:00:00 UTC        
 READ IN fields at DATE: 2020-07-02 06:00:00 UTC        
 READ IN fields at DATE: 2020-07-02 12:00:00 UTC        
 READ IN fields at DATE: 2020-07-02 18:00:00 UTC        
 READ IN fields at DATE: 2020-07-03 00:00:00 UTC        
 READ IN fields at DATE: 2020-07-03 06:00:00 UTC        
 READ IN fields at DATE: 2020-07-03 12:00:00 UTC        
 READ IN fields at DATE: 2020-07-03 18:00:00 UTC        
 READ IN fields at DATE: 2020-07-04 00:00:00 UTC        
 READ IN fields at DATE: 2020-07-04 06:00:00 UTC        
 READ IN fields at DATE: 2020-07-04 12:00:00 UTC        
 READ IN fields at DATE: 2020-07-04 18:00:00 UTC        
 READ IN fields at DATE: 2020-07-05 00:00:00 UTC        
 READ IN fields at DATE: 2020-07-05 06:00:00 UTC        
 READ IN fields at DATE: 2020-07-05 12:00:00 UTC        
 READ IN fields at DATE: 2020-07-05 18:00:00 UTC        
 READ IN fields at DATE: 2020-07-06 00:00:00 UTC        
 READ IN fields at DATE: 2020-07-06 06:00:00 UTC        
 READ IN fields at DATE: 2020-07-06 12:00:00 UTC        
 READ IN fields at DATE: 2020-07-06 18:00:00 UTC        
 READ IN fields at DATE: 2020-07-07 00:00:00 UTC        
 READ IN fields at DATE: 2020-07-07 06:00:00 UTC        
 READ IN fields at DATE: 2020-07-07 12:00:00 UTC        
 READ IN fields at DATE: 2020-07-07 18:00:00 UTC        
 READ IN fields at DATE: 2020-07-08 00:00:00 UTC        
 READ IN fields at DATE: 2020-07-08 06:00:00 UTC        
 READ IN fields at DATE: 2020-07-08 12:00:00 UTC        
 READ IN fields at DATE: 2020-07-08 18:00:00 UTC        
 READ IN fields at DATE: 2020-07-09 00:00:00 UTC        
 READ IN fields at DATE: 2020-07-09 06:00:00 UTC        
 READ IN fields at DATE: 2020-07-09 12:00:00 UTC        
 READ IN fields at DATE: 2020-07-09 18:00:00 UTC        
 READ IN fields at DATE: 2020-07-10 00:00:00 UTC        
 READ IN fields at DATE: 2020-07-10 06:00:00 UTC        
 READ IN fields at DATE: 2020-07-10 12:00:00 UTC        
 READ IN fields at DATE: 2020-07-10 18:00:00 UTC        
 READ IN fields at DATE: 2020-07-11 00:00:00 UTC        
 READ IN fields at DATE: 2020-07-11 06:00:00 UTC        
 READ IN fields at DATE: 2020-07-11 12:00:00 UTC        
 READ IN fields at DATE: 2020-07-11 18:00:00 UTC        
 READ IN fields at DATE: 2020-07-12 00:00:00 UTC        
 READ IN fields at DATE: 2020-07-12 06:00:00 UTC        
 READ IN fields at DATE: 2020-07-12 12:00:00 UTC        
 READ IN fields at DATE: 2020-07-12 18:00:00 UTC        
 READ IN fields at DATE: 2020-07-13 00:00:00 UTC        
 READ IN fields at DATE: 2020-07-13 06:00:00 UTC        
 READ IN fields at DATE: 2020-07-13 12:00:00 UTC        
 READ IN fields at DATE: 2020-07-13 18:00:00 UTC        
 READ IN fields at DATE: 2020-07-14 00:00:00 UTC        
 READ IN fields at DATE: 2020-07-14 06:00:00 UTC        
 READ IN fields at DATE: 2020-07-14 12:00:00 UTC        
 READ IN fields at DATE: 2020-07-14 18:00:00 UTC        
 READ IN fields at DATE: 2020-07-15 00:00:00 UTC        
 READ IN fields at DATE: 2020-07-15 06:00:00 UTC        
 READ IN fields at DATE: 2020-07-15 12:00:00 UTC        
 READ IN fields at DATE: 2020-07-15 18:00:00 UTC        
 READ IN fields at DATE: 2020-07-16 00:00:00 UTC        
 READ IN fields at DATE: 2020-07-16 06:00:00 UTC        
 READ IN fields at DATE: 2020-07-16 12:00:00 UTC        
 READ IN fields at DATE: 2020-07-16 18:00:00 UTC        
 READ IN fields at DATE: 2020-07-17 00:00:00 UTC        
 READ IN fields at DATE: 2020-07-17 06:00:00 UTC        
 READ IN fields at DATE: 2020-07-17 12:00:00 UTC        
 READ IN fields at DATE: 2020-07-17 18:00:00 UTC        
 READ IN fields at DATE: 2020-07-18 00:00:00 UTC        
 READ IN fields at DATE: 2020-07-18 06:00:00 UTC        
 READ IN fields at DATE: 2020-07-18 12:00:00 UTC        
 READ IN fields at DATE: 2020-07-18 18:00:00 UTC        
 READ IN fields at DATE: 2020-07-19 00:00:00 UTC        
 READ IN fields at DATE: 2020-07-19 06:00:00 UTC        
 READ IN fields at DATE: 2020-07-19 12:00:00 UTC        
 READ IN fields at DATE: 2020-07-19 18:00:00 UTC        
 READ IN fields at DATE: 2020-07-20 00:00:00 UTC        
 READ IN fields at DATE: 2020-07-20 06:00:00 UTC        
 READ IN fields at DATE: 2020-07-20 12:00:00 UTC        
 READ IN fields at DATE: 2020-07-20 18:00:00 UTC        
 READ IN fields at DATE: 2020-07-21 00:00:00 UTC        
 READ IN fields at DATE: 2020-07-21 06:00:00 UTC        
 READ IN fields at DATE: 2020-07-21 12:00:00 UTC        
 READ IN fields at DATE: 2020-07-21 18:00:00 UTC        
 READ IN fields at DATE: 2020-07-22 00:00:00 UTC        
 READ IN fields at DATE: 2020-07-22 06:00:00 UTC        
 READ IN fields at DATE: 2020-07-22 12:00:00 UTC        
 READ IN fields at DATE: 2020-07-22 18:00:00 UTC        
 READ IN fields at DATE: 2020-07-23 00:00:00 UTC        
 READ IN fields at DATE: 2020-07-23 06:00:00 UTC        
 READ IN fields at DATE: 2020-07-23 12:00:00 UTC        
 READ IN fields at DATE: 2020-07-23 18:00:00 UTC        
 READ IN fields at DATE: 2020-07-24 00:00:00 UTC        
 READ IN fields at DATE: 2020-07-24 06:00:00 UTC        
 READ IN fields at DATE: 2020-07-24 12:00:00 UTC        
 READ IN fields at DATE: 2020-07-24 18:00:00 UTC        
 READ IN fields at DATE: 2020-07-25 00:00:00 UTC        
 READ IN fields at DATE: 2020-07-25 06:00:00 UTC        
 READ IN fields at DATE: 2020-07-25 12:00:00 UTC        
 READ IN fields at DATE: 2020-07-25 18:00:00 UTC        
 READ IN fields at DATE: 2020-07-26 00:00:00 UTC        
 READ IN fields at DATE: 2020-07-26 06:00:00 UTC        
 READ IN fields at DATE: 2020-07-26 12:00:00 UTC        
 READ IN fields at DATE: 2020-07-26 18:00:00 UTC        
 READ IN fields at DATE: 2020-07-27 00:00:00 UTC        
 READ IN fields at DATE: 2020-07-27 06:00:00 UTC        
 READ IN fields at DATE: 2020-07-27 12:00:00 UTC        
 READ IN fields at DATE: 2020-07-27 18:00:00 UTC        
 READ IN fields at DATE: 2020-07-28 00:00:00 UTC        
 READ IN fields at DATE: 2020-07-28 06:00:00 UTC        
 READ IN fields at DATE: 2020-07-28 12:00:00 UTC        
 READ IN fields at DATE: 2020-07-28 18:00:00 UTC        
 READ IN fields at DATE: 2020-07-29 00:00:00 UTC        
 READ IN fields at DATE: 2020-07-29 06:00:00 UTC        
 READ IN fields at DATE: 2020-07-29 12:00:00 UTC        
 READ IN fields at DATE: 2020-07-29 18:00:00 UTC        
 READ IN fields at DATE: 2020-07-30 00:00:00 UTC        
 READ IN fields at DATE: 2020-07-30 06:00:00 UTC        
 READ IN fields at DATE: 2020-07-30 12:00:00 UTC        
 READ IN fields at DATE: 2020-07-30 18:00:00 UTC        
 READ IN fields at DATE: 2020-07-31 00:00:00 UTC        
 READ IN fields at DATE: 2020-07-31 06:00:00 UTC        
 READ IN fields at DATE: 2020-07-31 12:00:00 UTC        
 READ IN fields at DATE: 2020-07-31 18:00:00 UTC        
      131072 /leonardo_work/ICT25_ESP/RCMDATA/ERA5/2020/tatm_2020_08.nc
  2.299268277021453E-003   248.973490258440     
      196608 /leonardo_work/ICT25_ESP/RCMDATA/ERA5/2020/geop_2020_08.nc
   7.53294654506127        241219.753057977     
      262144 /leonardo_work/ICT25_ESP/RCMDATA/ERA5/2020/qhum_2020_08.nc
  4.685342587878539E-007  1.527915529419918E-002
      327680 /leonardo_work/ICT25_ESP/RCMDATA/ERA5/2020/uwnd_2020_08.nc
  4.312203455180143E-003   51.9531737932919     
      393216 /leonardo_work/ICT25_ESP/RCMDATA/ERA5/2020/vwnd_2020_08.nc
  3.359460387562373E-003   9.55386226199372     
 READ IN fields at DATE: 2020-08-01 00:00:00 UTC        
 READ IN fields at DATE: 2020-08-01 06:00:00 UTC        
 READ IN fields at DATE: 2020-08-01 12:00:00 UTC        
 READ IN fields at DATE: 2020-08-01 18:00:00 UTC        
 READ IN fields at DATE: 2020-08-02 00:00:00 UTC        
 READ IN fields at DATE: 2020-08-02 06:00:00 UTC        
 READ IN fields at DATE: 2020-08-02 12:00:00 UTC        
 READ IN fields at DATE: 2020-08-02 18:00:00 UTC        
 READ IN fields at DATE: 2020-08-03 00:00:00 UTC        
 READ IN fields at DATE: 2020-08-03 06:00:00 UTC        
 READ IN fields at DATE: 2020-08-03 12:00:00 UTC        
 READ IN fields at DATE: 2020-08-03 18:00:00 UTC        
 READ IN fields at DATE: 2020-08-04 00:00:00 UTC        
 READ IN fields at DATE: 2020-08-04 06:00:00 UTC        
 READ IN fields at DATE: 2020-08-04 12:00:00 UTC        
 READ IN fields at DATE: 2020-08-04 18:00:00 UTC        
 READ IN fields at DATE: 2020-08-05 00:00:00 UTC        
 READ IN fields at DATE: 2020-08-05 06:00:00 UTC        
 READ IN fields at DATE: 2020-08-05 12:00:00 UTC        
 READ IN fields at DATE: 2020-08-05 18:00:00 UTC        
 READ IN fields at DATE: 2020-08-06 00:00:00 UTC        
 READ IN fields at DATE: 2020-08-06 06:00:00 UTC        
 READ IN fields at DATE: 2020-08-06 12:00:00 UTC        
 READ IN fields at DATE: 2020-08-06 18:00:00 UTC        
 READ IN fields at DATE: 2020-08-07 00:00:00 UTC        
 READ IN fields at DATE: 2020-08-07 06:00:00 UTC        
 READ IN fields at DATE: 2020-08-07 12:00:00 UTC        
 READ IN fields at DATE: 2020-08-07 18:00:00 UTC        
 READ IN fields at DATE: 2020-08-08 00:00:00 UTC        
 READ IN fields at DATE: 2020-08-08 06:00:00 UTC        
 READ IN fields at DATE: 2020-08-08 12:00:00 UTC        
 READ IN fields at DATE: 2020-08-08 18:00:00 UTC        
 READ IN fields at DATE: 2020-08-09 00:00:00 UTC        
 READ IN fields at DATE: 2020-08-09 06:00:00 UTC        
 READ IN fields at DATE: 2020-08-09 12:00:00 UTC        
 READ IN fields at DATE: 2020-08-09 18:00:00 UTC        
 READ IN fields at DATE: 2020-08-10 00:00:00 UTC        
 READ IN fields at DATE: 2020-08-10 06:00:00 UTC        
 READ IN fields at DATE: 2020-08-10 12:00:00 UTC        
 READ IN fields at DATE: 2020-08-10 18:00:00 UTC        
 READ IN fields at DATE: 2020-08-11 00:00:00 UTC        
 READ IN fields at DATE: 2020-08-11 06:00:00 UTC        
 READ IN fields at DATE: 2020-08-11 12:00:00 UTC        
 READ IN fields at DATE: 2020-08-11 18:00:00 UTC        
 READ IN fields at DATE: 2020-08-12 00:00:00 UTC        
 READ IN fields at DATE: 2020-08-12 06:00:00 UTC        
 READ IN fields at DATE: 2020-08-12 12:00:00 UTC        
 READ IN fields at DATE: 2020-08-12 18:00:00 UTC        
 READ IN fields at DATE: 2020-08-13 00:00:00 UTC        
 READ IN fields at DATE: 2020-08-13 06:00:00 UTC        
 READ IN fields at DATE: 2020-08-13 12:00:00 UTC        
 READ IN fields at DATE: 2020-08-13 18:00:00 UTC        
 READ IN fields at DATE: 2020-08-14 00:00:00 UTC        
 READ IN fields at DATE: 2020-08-14 06:00:00 UTC        
 READ IN fields at DATE: 2020-08-14 12:00:00 UTC        
 READ IN fields at DATE: 2020-08-14 18:00:00 UTC        
 READ IN fields at DATE: 2020-08-15 00:00:00 UTC        
 READ IN fields at DATE: 2020-08-15 06:00:00 UTC        
 READ IN fields at DATE: 2020-08-15 12:00:00 UTC        
 READ IN fields at DATE: 2020-08-15 18:00:00 UTC        
 READ IN fields at DATE: 2020-08-16 00:00:00 UTC        
 READ IN fields at DATE: 2020-08-16 06:00:00 UTC        
 READ IN fields at DATE: 2020-08-16 12:00:00 UTC        
 READ IN fields at DATE: 2020-08-16 18:00:00 UTC        
 READ IN fields at DATE: 2020-08-17 00:00:00 UTC        
 READ IN fields at DATE: 2020-08-17 06:00:00 UTC        
 READ IN fields at DATE: 2020-08-17 12:00:00 UTC        
 READ IN fields at DATE: 2020-08-17 18:00:00 UTC        
 READ IN fields at DATE: 2020-08-18 00:00:00 UTC        
 READ IN fields at DATE: 2020-08-18 06:00:00 UTC        
 READ IN fields at DATE: 2020-08-18 12:00:00 UTC        
 READ IN fields at DATE: 2020-08-18 18:00:00 UTC        
 READ IN fields at DATE: 2020-08-19 00:00:00 UTC        
 READ IN fields at DATE: 2020-08-19 06:00:00 UTC        
 READ IN fields at DATE: 2020-08-19 12:00:00 UTC        
 READ IN fields at DATE: 2020-08-19 18:00:00 UTC        
 READ IN fields at DATE: 2020-08-20 00:00:00 UTC        
 READ IN fields at DATE: 2020-08-20 06:00:00 UTC        
 READ IN fields at DATE: 2020-08-20 12:00:00 UTC        
 READ IN fields at DATE: 2020-08-20 18:00:00 UTC        
 READ IN fields at DATE: 2020-08-21 00:00:00 UTC        
 READ IN fields at DATE: 2020-08-21 06:00:00 UTC        
 READ IN fields at DATE: 2020-08-21 12:00:00 UTC        
 READ IN fields at DATE: 2020-08-21 18:00:00 UTC        
 READ IN fields at DATE: 2020-08-22 00:00:00 UTC        
 READ IN fields at DATE: 2020-08-22 06:00:00 UTC        
 READ IN fields at DATE: 2020-08-22 12:00:00 UTC        
 READ IN fields at DATE: 2020-08-22 18:00:00 UTC        
 READ IN fields at DATE: 2020-08-23 00:00:00 UTC        
 READ IN fields at DATE: 2020-08-23 06:00:00 UTC        
 READ IN fields at DATE: 2020-08-23 12:00:00 UTC        
 READ IN fields at DATE: 2020-08-23 18:00:00 UTC        
 READ IN fields at DATE: 2020-08-24 00:00:00 UTC        
 READ IN fields at DATE: 2020-08-24 06:00:00 UTC        
 READ IN fields at DATE: 2020-08-24 12:00:00 UTC        
 READ IN fields at DATE: 2020-08-24 18:00:00 UTC        
 READ IN fields at DATE: 2020-08-25 00:00:00 UTC        
 READ IN fields at DATE: 2020-08-25 06:00:00 UTC        
 READ IN fields at DATE: 2020-08-25 12:00:00 UTC        
 READ IN fields at DATE: 2020-08-25 18:00:00 UTC        
 READ IN fields at DATE: 2020-08-26 00:00:00 UTC        
 READ IN fields at DATE: 2020-08-26 06:00:00 UTC        
 READ IN fields at DATE: 2020-08-26 12:00:00 UTC        
 READ IN fields at DATE: 2020-08-26 18:00:00 UTC        
 READ IN fields at DATE: 2020-08-27 00:00:00 UTC        
 READ IN fields at DATE: 2020-08-27 06:00:00 UTC        
 READ IN fields at DATE: 2020-08-27 12:00:00 UTC        
 READ IN fields at DATE: 2020-08-27 18:00:00 UTC        
 READ IN fields at DATE: 2020-08-28 00:00:00 UTC        
 READ IN fields at DATE: 2020-08-28 06:00:00 UTC        
 READ IN fields at DATE: 2020-08-28 12:00:00 UTC        
 READ IN fields at DATE: 2020-08-28 18:00:00 UTC        
 READ IN fields at DATE: 2020-08-29 00:00:00 UTC        
 READ IN fields at DATE: 2020-08-29 06:00:00 UTC        
 READ IN fields at DATE: 2020-08-29 12:00:00 UTC        
 READ IN fields at DATE: 2020-08-29 18:00:00 UTC        
 READ IN fields at DATE: 2020-08-30 00:00:00 UTC        
 READ IN fields at DATE: 2020-08-30 06:00:00 UTC        
 READ IN fields at DATE: 2020-08-30 12:00:00 UTC        
 READ IN fields at DATE: 2020-08-30 18:00:00 UTC        
 READ IN fields at DATE: 2020-08-31 00:00:00 UTC        
 READ IN fields at DATE: 2020-08-31 06:00:00 UTC        
 READ IN fields at DATE: 2020-08-31 12:00:00 UTC        
 READ IN fields at DATE: 2020-08-31 18:00:00 UTC        
      131072 /leonardo_work/ICT25_ESP/RCMDATA/ERA5/2020/tatm_2020_09.nc
  2.148805994644993E-003   249.971803099444     
      196608 /leonardo_work/ICT25_ESP/RCMDATA/ERA5/2020/geop_2020_09.nc
   7.35423571187417        235187.383429019     
      262144 /leonardo_work/ICT25_ESP/RCMDATA/ERA5/2020/qhum_2020_09.nc
  4.329664581021653E-007  1.410245900085323E-002
      327680 /leonardo_work/ICT25_ESP/RCMDATA/ERA5/2020/uwnd_2020_09.nc
  3.974964728081892E-003   42.0913505303313     
      393216 /leonardo_work/ICT25_ESP/RCMDATA/ERA5/2020/vwnd_2020_09.nc
  3.553806968703983E-003   13.7204063240547     
 READ IN fields at DATE: 2020-09-01 00:00:00 UTC        
 READ IN fields at DATE: 2020-09-01 06:00:00 UTC        
 READ IN fields at DATE: 2020-09-01 12:00:00 UTC        
 READ IN fields at DATE: 2020-09-01 18:00:00 UTC        
 READ IN fields at DATE: 2020-09-02 00:00:00 UTC        
 READ IN fields at DATE: 2020-09-02 06:00:00 UTC        
 READ IN fields at DATE: 2020-09-02 12:00:00 UTC        
 READ IN fields at DATE: 2020-09-02 18:00:00 UTC        
 READ IN fields at DATE: 2020-09-03 00:00:00 UTC        
 READ IN fields at DATE: 2020-09-03 06:00:00 UTC        
 READ IN fields at DATE: 2020-09-03 12:00:00 UTC        
 READ IN fields at DATE: 2020-09-03 18:00:00 UTC        
 READ IN fields at DATE: 2020-09-04 00:00:00 UTC        
 READ IN fields at DATE: 2020-09-04 06:00:00 UTC        
 READ IN fields at DATE: 2020-09-04 12:00:00 UTC        
 READ IN fields at DATE: 2020-09-04 18:00:00 UTC        
 READ IN fields at DATE: 2020-09-05 00:00:00 UTC        
 READ IN fields at DATE: 2020-09-05 06:00:00 UTC        
 READ IN fields at DATE: 2020-09-05 12:00:00 UTC        
 READ IN fields at DATE: 2020-09-05 18:00:00 UTC        
 READ IN fields at DATE: 2020-09-06 00:00:00 UTC        
 READ IN fields at DATE: 2020-09-06 06:00:00 UTC        
 READ IN fields at DATE: 2020-09-06 12:00:00 UTC        
 READ IN fields at DATE: 2020-09-06 18:00:00 UTC        
 READ IN fields at DATE: 2020-09-07 00:00:00 UTC        
 READ IN fields at DATE: 2020-09-07 06:00:00 UTC        
 READ IN fields at DATE: 2020-09-07 12:00:00 UTC        
 READ IN fields at DATE: 2020-09-07 18:00:00 UTC        
 READ IN fields at DATE: 2020-09-08 00:00:00 UTC        
 READ IN fields at DATE: 2020-09-08 06:00:00 UTC        
 READ IN fields at DATE: 2020-09-08 12:00:00 UTC        
 READ IN fields at DATE: 2020-09-08 18:00:00 UTC        
 READ IN fields at DATE: 2020-09-09 00:00:00 UTC        
 READ IN fields at DATE: 2020-09-09 06:00:00 UTC        
 READ IN fields at DATE: 2020-09-09 12:00:00 UTC        
 READ IN fields at DATE: 2020-09-09 18:00:00 UTC        
 READ IN fields at DATE: 2020-09-10 00:00:00 UTC        
 READ IN fields at DATE: 2020-09-10 06:00:00 UTC        
 READ IN fields at DATE: 2020-09-10 12:00:00 UTC        
 READ IN fields at DATE: 2020-09-10 18:00:00 UTC        
 READ IN fields at DATE: 2020-09-11 00:00:00 UTC        
 READ IN fields at DATE: 2020-09-11 06:00:00 UTC        
 READ IN fields at DATE: 2020-09-11 12:00:00 UTC        
 READ IN fields at DATE: 2020-09-11 18:00:00 UTC        
 READ IN fields at DATE: 2020-09-12 00:00:00 UTC        
 READ IN fields at DATE: 2020-09-12 06:00:00 UTC        
 READ IN fields at DATE: 2020-09-12 12:00:00 UTC        
 READ IN fields at DATE: 2020-09-12 18:00:00 UTC        
 READ IN fields at DATE: 2020-09-13 00:00:00 UTC        
 READ IN fields at DATE: 2020-09-13 06:00:00 UTC        
 READ IN fields at DATE: 2020-09-13 12:00:00 UTC        
 READ IN fields at DATE: 2020-09-13 18:00:00 UTC        
 READ IN fields at DATE: 2020-09-14 00:00:00 UTC        
 READ IN fields at DATE: 2020-09-14 06:00:00 UTC        
 READ IN fields at DATE: 2020-09-14 12:00:00 UTC        
 READ IN fields at DATE: 2020-09-14 18:00:00 UTC        
 READ IN fields at DATE: 2020-09-15 00:00:00 UTC        
 READ IN fields at DATE: 2020-09-15 06:00:00 UTC        
 READ IN fields at DATE: 2020-09-15 12:00:00 UTC        
 READ IN fields at DATE: 2020-09-15 18:00:00 UTC        
 READ IN fields at DATE: 2020-09-16 00:00:00 UTC        
 READ IN fields at DATE: 2020-09-16 06:00:00 UTC        
 READ IN fields at DATE: 2020-09-16 12:00:00 UTC        
 READ IN fields at DATE: 2020-09-16 18:00:00 UTC        
 READ IN fields at DATE: 2020-09-17 00:00:00 UTC        
 READ IN fields at DATE: 2020-09-17 06:00:00 UTC        
 READ IN fields at DATE: 2020-09-17 12:00:00 UTC        
 READ IN fields at DATE: 2020-09-17 18:00:00 UTC        
 READ IN fields at DATE: 2020-09-18 00:00:00 UTC        
 READ IN fields at DATE: 2020-09-18 06:00:00 UTC        
 READ IN fields at DATE: 2020-09-18 12:00:00 UTC        
 READ IN fields at DATE: 2020-09-18 18:00:00 UTC        
 READ IN fields at DATE: 2020-09-19 00:00:00 UTC        
 READ IN fields at DATE: 2020-09-19 06:00:00 UTC        
 READ IN fields at DATE: 2020-09-19 12:00:00 UTC        
 READ IN fields at DATE: 2020-09-19 18:00:00 UTC        
 READ IN fields at DATE: 2020-09-20 00:00:00 UTC        
 READ IN fields at DATE: 2020-09-20 06:00:00 UTC        
 READ IN fields at DATE: 2020-09-20 12:00:00 UTC        
 READ IN fields at DATE: 2020-09-20 18:00:00 UTC        
 READ IN fields at DATE: 2020-09-21 00:00:00 UTC        
 READ IN fields at DATE: 2020-09-21 06:00:00 UTC        
 READ IN fields at DATE: 2020-09-21 12:00:00 UTC        
 READ IN fields at DATE: 2020-09-21 18:00:00 UTC        
 READ IN fields at DATE: 2020-09-22 00:00:00 UTC        
 READ IN fields at DATE: 2020-09-22 06:00:00 UTC        
 READ IN fields at DATE: 2020-09-22 12:00:00 UTC        
 READ IN fields at DATE: 2020-09-22 18:00:00 UTC        
 READ IN fields at DATE: 2020-09-23 00:00:00 UTC        
 READ IN fields at DATE: 2020-09-23 06:00:00 UTC        
 READ IN fields at DATE: 2020-09-23 12:00:00 UTC        
 READ IN fields at DATE: 2020-09-23 18:00:00 UTC        
 READ IN fields at DATE: 2020-09-24 00:00:00 UTC        
 READ IN fields at DATE: 2020-09-24 06:00:00 UTC        
 READ IN fields at DATE: 2020-09-24 12:00:00 UTC        
 READ IN fields at DATE: 2020-09-24 18:00:00 UTC        
 READ IN fields at DATE: 2020-09-25 00:00:00 UTC        
 READ IN fields at DATE: 2020-09-25 06:00:00 UTC        
 READ IN fields at DATE: 2020-09-25 12:00:00 UTC        
 READ IN fields at DATE: 2020-09-25 18:00:00 UTC        
 READ IN fields at DATE: 2020-09-26 00:00:00 UTC        
 READ IN fields at DATE: 2020-09-26 06:00:00 UTC        
 READ IN fields at DATE: 2020-09-26 12:00:00 UTC        
 READ IN fields at DATE: 2020-09-26 18:00:00 UTC        
 READ IN fields at DATE: 2020-09-27 00:00:00 UTC        
 READ IN fields at DATE: 2020-09-27 06:00:00 UTC        
 READ IN fields at DATE: 2020-09-27 12:00:00 UTC        
 READ IN fields at DATE: 2020-09-27 18:00:00 UTC        
 READ IN fields at DATE: 2020-09-28 00:00:00 UTC        
 READ IN fields at DATE: 2020-09-28 06:00:00 UTC        
 READ IN fields at DATE: 2020-09-28 12:00:00 UTC        
 READ IN fields at DATE: 2020-09-28 18:00:00 UTC        
 READ IN fields at DATE: 2020-09-29 00:00:00 UTC        
 READ IN fields at DATE: 2020-09-29 06:00:00 UTC        
 READ IN fields at DATE: 2020-09-29 12:00:00 UTC        
 READ IN fields at DATE: 2020-09-29 18:00:00 UTC        
 READ IN fields at DATE: 2020-09-30 00:00:00 UTC        
 READ IN fields at DATE: 2020-09-30 06:00:00 UTC        
 READ IN fields at DATE: 2020-09-30 12:00:00 UTC        
 READ IN fields at DATE: 2020-09-30 18:00:00 UTC        
      131072 /leonardo_work/ICT25_ESP/RCMDATA/ERA5/2020/tatm_2020_10.nc
  2.067566965754610E-003   249.974109649134     
      196608 /leonardo_work/ICT25_ESP/RCMDATA/ERA5/2020/geop_2020_10.nc
   7.35937243688294        235887.193360657     
      262144 /leonardo_work/ICT25_ESP/RCMDATA/ERA5/2020/qhum_2020_10.nc
  3.776511890793547E-007  1.230924448788135E-002
      327680 /leonardo_work/ICT25_ESP/RCMDATA/ERA5/2020/uwnd_2020_10.nc
  3.013576262910361E-003   21.6889000111850     
      393216 /leonardo_work/ICT25_ESP/RCMDATA/ERA5/2020/vwnd_2020_10.nc
  2.796580975454399E-003   1.42706850638727     
 READ IN fields at DATE: 2020-10-01 00:00:00 UTC        
 READ IN fields at DATE: 2020-10-01 06:00:00 UTC        
 READ IN fields at DATE: 2020-10-01 12:00:00 UTC        
 READ IN fields at DATE: 2020-10-01 18:00:00 UTC        
 READ IN fields at DATE: 2020-10-02 00:00:00 UTC        
 READ IN fields at DATE: 2020-10-02 06:00:00 UTC        
 READ IN fields at DATE: 2020-10-02 12:00:00 UTC        
 READ IN fields at DATE: 2020-10-02 18:00:00 UTC        
 READ IN fields at DATE: 2020-10-03 00:00:00 UTC        
 READ IN fields at DATE: 2020-10-03 06:00:00 UTC        
 READ IN fields at DATE: 2020-10-03 12:00:00 UTC        
 READ IN fields at DATE: 2020-10-03 18:00:00 UTC        
 READ IN fields at DATE: 2020-10-04 00:00:00 UTC        
 READ IN fields at DATE: 2020-10-04 06:00:00 UTC        
 READ IN fields at DATE: 2020-10-04 12:00:00 UTC        
 READ IN fields at DATE: 2020-10-04 18:00:00 UTC        
 READ IN fields at DATE: 2020-10-05 00:00:00 UTC        
 READ IN fields at DATE: 2020-10-05 06:00:00 UTC        
 READ IN fields at DATE: 2020-10-05 12:00:00 UTC        
 READ IN fields at DATE: 2020-10-05 18:00:00 UTC        
 READ IN fields at DATE: 2020-10-06 00:00:00 UTC        
 READ IN fields at DATE: 2020-10-06 06:00:00 UTC        
 READ IN fields at DATE: 2020-10-06 12:00:00 UTC        
 READ IN fields at DATE: 2020-10-06 18:00:00 UTC        
 READ IN fields at DATE: 2020-10-07 00:00:00 UTC        
 READ IN fields at DATE: 2020-10-07 06:00:00 UTC        
 READ IN fields at DATE: 2020-10-07 12:00:00 UTC        
 READ IN fields at DATE: 2020-10-07 18:00:00 UTC        
 READ IN fields at DATE: 2020-10-08 00:00:00 UTC        
 READ IN fields at DATE: 2020-10-08 06:00:00 UTC        
 READ IN fields at DATE: 2020-10-08 12:00:00 UTC        
 READ IN fields at DATE: 2020-10-08 18:00:00 UTC        
 READ IN fields at DATE: 2020-10-09 00:00:00 UTC        
 READ IN fields at DATE: 2020-10-09 06:00:00 UTC        
 READ IN fields at DATE: 2020-10-09 12:00:00 UTC        
 READ IN fields at DATE: 2020-10-09 18:00:00 UTC        
 READ IN fields at DATE: 2020-10-10 00:00:00 UTC        
 READ IN fields at DATE: 2020-10-10 06:00:00 UTC        
 READ IN fields at DATE: 2020-10-10 12:00:00 UTC        
 READ IN fields at DATE: 2020-10-10 18:00:00 UTC        
 READ IN fields at DATE: 2020-10-11 00:00:00 UTC        
 READ IN fields at DATE: 2020-10-11 06:00:00 UTC        
 READ IN fields at DATE: 2020-10-11 12:00:00 UTC        
 READ IN fields at DATE: 2020-10-11 18:00:00 UTC        
 READ IN fields at DATE: 2020-10-12 00:00:00 UTC        
 READ IN fields at DATE: 2020-10-12 06:00:00 UTC        
 READ IN fields at DATE: 2020-10-12 12:00:00 UTC        
 READ IN fields at DATE: 2020-10-12 18:00:00 UTC        
 READ IN fields at DATE: 2020-10-13 00:00:00 UTC        
 READ IN fields at DATE: 2020-10-13 06:00:00 UTC        
 READ IN fields at DATE: 2020-10-13 12:00:00 UTC        
 READ IN fields at DATE: 2020-10-13 18:00:00 UTC        
 READ IN fields at DATE: 2020-10-14 00:00:00 UTC        
 READ IN fields at DATE: 2020-10-14 06:00:00 UTC        
 READ IN fields at DATE: 2020-10-14 12:00:00 UTC        
 READ IN fields at DATE: 2020-10-14 18:00:00 UTC        
 READ IN fields at DATE: 2020-10-15 00:00:00 UTC        
 READ IN fields at DATE: 2020-10-15 06:00:00 UTC        
 READ IN fields at DATE: 2020-10-15 12:00:00 UTC        
 READ IN fields at DATE: 2020-10-15 18:00:00 UTC        
 READ IN fields at DATE: 2020-10-16 00:00:00 UTC        
 READ IN fields at DATE: 2020-10-16 06:00:00 UTC        
 READ IN fields at DATE: 2020-10-16 12:00:00 UTC        
 READ IN fields at DATE: 2020-10-16 18:00:00 UTC        
 READ IN fields at DATE: 2020-10-17 00:00:00 UTC        
 READ IN fields at DATE: 2020-10-17 06:00:00 UTC        
 READ IN fields at DATE: 2020-10-17 12:00:00 UTC        
 READ IN fields at DATE: 2020-10-17 18:00:00 UTC        
 READ IN fields at DATE: 2020-10-18 00:00:00 UTC        
 READ IN fields at DATE: 2020-10-18 06:00:00 UTC        
 READ IN fields at DATE: 2020-10-18 12:00:00 UTC        
 READ IN fields at DATE: 2020-10-18 18:00:00 UTC        
 READ IN fields at DATE: 2020-10-19 00:00:00 UTC        
 READ IN fields at DATE: 2020-10-19 06:00:00 UTC        
 READ IN fields at DATE: 2020-10-19 12:00:00 UTC        
 READ IN fields at DATE: 2020-10-19 18:00:00 UTC        
 READ IN fields at DATE: 2020-10-20 00:00:00 UTC        
 READ IN fields at DATE: 2020-10-20 06:00:00 UTC        
 READ IN fields at DATE: 2020-10-20 12:00:00 UTC        
 READ IN fields at DATE: 2020-10-20 18:00:00 UTC        
 READ IN fields at DATE: 2020-10-21 00:00:00 UTC        
 READ IN fields at DATE: 2020-10-21 06:00:00 UTC        
 READ IN fields at DATE: 2020-10-21 12:00:00 UTC        
 READ IN fields at DATE: 2020-10-21 18:00:00 UTC        
 READ IN fields at DATE: 2020-10-22 00:00:00 UTC        
 READ IN fields at DATE: 2020-10-22 06:00:00 UTC        
 READ IN fields at DATE: 2020-10-22 12:00:00 UTC        
 READ IN fields at DATE: 2020-10-22 18:00:00 UTC        
 READ IN fields at DATE: 2020-10-23 00:00:00 UTC        
 READ IN fields at DATE: 2020-10-23 06:00:00 UTC        
 READ IN fields at DATE: 2020-10-23 12:00:00 UTC        
 READ IN fields at DATE: 2020-10-23 18:00:00 UTC        
 READ IN fields at DATE: 2020-10-24 00:00:00 UTC        
 READ IN fields at DATE: 2020-10-24 06:00:00 UTC        
 READ IN fields at DATE: 2020-10-24 12:00:00 UTC        
 READ IN fields at DATE: 2020-10-24 18:00:00 UTC        
 READ IN fields at DATE: 2020-10-25 00:00:00 UTC        
 READ IN fields at DATE: 2020-10-25 06:00:00 UTC        
 READ IN fields at DATE: 2020-10-25 12:00:00 UTC        
 READ IN fields at DATE: 2020-10-25 18:00:00 UTC        
 READ IN fields at DATE: 2020-10-26 00:00:00 UTC        
 READ IN fields at DATE: 2020-10-26 06:00:00 UTC        
 READ IN fields at DATE: 2020-10-26 12:00:00 UTC        
 READ IN fields at DATE: 2020-10-26 18:00:00 UTC        
 READ IN fields at DATE: 2020-10-27 00:00:00 UTC        
 READ IN fields at DATE: 2020-10-27 06:00:00 UTC        
 READ IN fields at DATE: 2020-10-27 12:00:00 UTC        
 READ IN fields at DATE: 2020-10-27 18:00:00 UTC        
 READ IN fields at DATE: 2020-10-28 00:00:00 UTC        
 READ IN fields at DATE: 2020-10-28 06:00:00 UTC        
 READ IN fields at DATE: 2020-10-28 12:00:00 UTC        
 READ IN fields at DATE: 2020-10-28 18:00:00 UTC        
 READ IN fields at DATE: 2020-10-29 00:00:00 UTC        
 READ IN fields at DATE: 2020-10-29 06:00:00 UTC        
 READ IN fields at DATE: 2020-10-29 12:00:00 UTC        
 READ IN fields at DATE: 2020-10-29 18:00:00 UTC        
 READ IN fields at DATE: 2020-10-30 00:00:00 UTC        
 READ IN fields at DATE: 2020-10-30 06:00:00 UTC        
 READ IN fields at DATE: 2020-10-30 12:00:00 UTC        
 READ IN fields at DATE: 2020-10-30 18:00:00 UTC        
 READ IN fields at DATE: 2020-10-31 00:00:00 UTC        
 READ IN fields at DATE: 2020-10-31 06:00:00 UTC        
 READ IN fields at DATE: 2020-10-31 12:00:00 UTC        
 READ IN fields at DATE: 2020-10-31 18:00:00 UTC        
      131072 /leonardo_work/ICT25_ESP/RCMDATA/ERA5/2020/tatm_2020_11.nc
  2.082593146356130E-003   250.406704064755     
      196608 /leonardo_work/ICT25_ESP/RCMDATA/ERA5/2020/geop_2020_11.nc
   7.43829617568630        238343.224211287     
      262144 /leonardo_work/ICT25_ESP/RCMDATA/ERA5/2020/qhum_2020_11.nc
  3.685577736982785E-007  1.205687594412771E-002
      327680 /leonardo_work/ICT25_ESP/RCMDATA/ERA5/2020/uwnd_2020_11.nc
  3.323924380849272E-003   40.2929776252119     
      393216 /leonardo_work/ICT25_ESP/RCMDATA/ERA5/2020/vwnd_2020_11.nc
  3.123068721102345E-003   2.99561558966289     
 READ IN fields at DATE: 2020-11-01 00:00:00 UTC        
 READ IN fields at DATE: 2020-11-01 06:00:00 UTC        
 READ IN fields at DATE: 2020-11-01 12:00:00 UTC        
 READ IN fields at DATE: 2020-11-01 18:00:00 UTC        
 READ IN fields at DATE: 2020-11-02 00:00:00 UTC        
 READ IN fields at DATE: 2020-11-02 06:00:00 UTC        
 READ IN fields at DATE: 2020-11-02 12:00:00 UTC        
 READ IN fields at DATE: 2020-11-02 18:00:00 UTC        
 READ IN fields at DATE: 2020-11-03 00:00:00 UTC        
 READ IN fields at DATE: 2020-11-03 06:00:00 UTC        
 READ IN fields at DATE: 2020-11-03 12:00:00 UTC        
 READ IN fields at DATE: 2020-11-03 18:00:00 UTC        
 READ IN fields at DATE: 2020-11-04 00:00:00 UTC        
 READ IN fields at DATE: 2020-11-04 06:00:00 UTC        
 READ IN fields at DATE: 2020-11-04 12:00:00 UTC        
 READ IN fields at DATE: 2020-11-04 18:00:00 UTC        
 READ IN fields at DATE: 2020-11-05 00:00:00 UTC        
 READ IN fields at DATE: 2020-11-05 06:00:00 UTC        
 READ IN fields at DATE: 2020-11-05 12:00:00 UTC        
 READ IN fields at DATE: 2020-11-05 18:00:00 UTC        
 READ IN fields at DATE: 2020-11-06 00:00:00 UTC        
 READ IN fields at DATE: 2020-11-06 06:00:00 UTC        
 READ IN fields at DATE: 2020-11-06 12:00:00 UTC        
 READ IN fields at DATE: 2020-11-06 18:00:00 UTC        
 READ IN fields at DATE: 2020-11-07 00:00:00 UTC        
 READ IN fields at DATE: 2020-11-07 06:00:00 UTC        
 READ IN fields at DATE: 2020-11-07 12:00:00 UTC        
 READ IN fields at DATE: 2020-11-07 18:00:00 UTC        
 READ IN fields at DATE: 2020-11-08 00:00:00 UTC        
 READ IN fields at DATE: 2020-11-08 06:00:00 UTC        
 READ IN fields at DATE: 2020-11-08 12:00:00 UTC        
 READ IN fields at DATE: 2020-11-08 18:00:00 UTC        
 READ IN fields at DATE: 2020-11-09 00:00:00 UTC        
 READ IN fields at DATE: 2020-11-09 06:00:00 UTC        
 READ IN fields at DATE: 2020-11-09 12:00:00 UTC        
 READ IN fields at DATE: 2020-11-09 18:00:00 UTC        
 READ IN fields at DATE: 2020-11-10 00:00:00 UTC        
 READ IN fields at DATE: 2020-11-10 06:00:00 UTC        
 READ IN fields at DATE: 2020-11-10 12:00:00 UTC        
 READ IN fields at DATE: 2020-11-10 18:00:00 UTC        
 READ IN fields at DATE: 2020-11-11 00:00:00 UTC        
 READ IN fields at DATE: 2020-11-11 06:00:00 UTC        
 READ IN fields at DATE: 2020-11-11 12:00:00 UTC        
 READ IN fields at DATE: 2020-11-11 18:00:00 UTC        
 READ IN fields at DATE: 2020-11-12 00:00:00 UTC        
 READ IN fields at DATE: 2020-11-12 06:00:00 UTC        
 READ IN fields at DATE: 2020-11-12 12:00:00 UTC        
 READ IN fields at DATE: 2020-11-12 18:00:00 UTC        
 READ IN fields at DATE: 2020-11-13 00:00:00 UTC        
 READ IN fields at DATE: 2020-11-13 06:00:00 UTC        
 READ IN fields at DATE: 2020-11-13 12:00:00 UTC        
 READ IN fields at DATE: 2020-11-13 18:00:00 UTC        
 READ IN fields at DATE: 2020-11-14 00:00:00 UTC        
 READ IN fields at DATE: 2020-11-14 06:00:00 UTC        
 READ IN fields at DATE: 2020-11-14 12:00:00 UTC        
 READ IN fields at DATE: 2020-11-14 18:00:00 UTC        
 READ IN fields at DATE: 2020-11-15 00:00:00 UTC        
 READ IN fields at DATE: 2020-11-15 06:00:00 UTC        
 READ IN fields at DATE: 2020-11-15 12:00:00 UTC        
 READ IN fields at DATE: 2020-11-15 18:00:00 UTC        
 READ IN fields at DATE: 2020-11-16 00:00:00 UTC        
 READ IN fields at DATE: 2020-11-16 06:00:00 UTC        
 READ IN fields at DATE: 2020-11-16 12:00:00 UTC        
 READ IN fields at DATE: 2020-11-16 18:00:00 UTC        
 READ IN fields at DATE: 2020-11-17 00:00:00 UTC        
 READ IN fields at DATE: 2020-11-17 06:00:00 UTC        
 READ IN fields at DATE: 2020-11-17 12:00:00 UTC        
 READ IN fields at DATE: 2020-11-17 18:00:00 UTC        
 READ IN fields at DATE: 2020-11-18 00:00:00 UTC        
 READ IN fields at DATE: 2020-11-18 06:00:00 UTC        
 READ IN fields at DATE: 2020-11-18 12:00:00 UTC        
 READ IN fields at DATE: 2020-11-18 18:00:00 UTC        
 READ IN fields at DATE: 2020-11-19 00:00:00 UTC        
 READ IN fields at DATE: 2020-11-19 06:00:00 UTC        
 READ IN fields at DATE: 2020-11-19 12:00:00 UTC        
 READ IN fields at DATE: 2020-11-19 18:00:00 UTC        
 READ IN fields at DATE: 2020-11-20 00:00:00 UTC        
 READ IN fields at DATE: 2020-11-20 06:00:00 UTC        
 READ IN fields at DATE: 2020-11-20 12:00:00 UTC        
 READ IN fields at DATE: 2020-11-20 18:00:00 UTC        
 READ IN fields at DATE: 2020-11-21 00:00:00 UTC        
 READ IN fields at DATE: 2020-11-21 06:00:00 UTC        
 READ IN fields at DATE: 2020-11-21 12:00:00 UTC        
 READ IN fields at DATE: 2020-11-21 18:00:00 UTC        
 READ IN fields at DATE: 2020-11-22 00:00:00 UTC        
 READ IN fields at DATE: 2020-11-22 06:00:00 UTC        
 READ IN fields at DATE: 2020-11-22 12:00:00 UTC        
 READ IN fields at DATE: 2020-11-22 18:00:00 UTC        
 READ IN fields at DATE: 2020-11-23 00:00:00 UTC        
 READ IN fields at DATE: 2020-11-23 06:00:00 UTC        
 READ IN fields at DATE: 2020-11-23 12:00:00 UTC        
 READ IN fields at DATE: 2020-11-23 18:00:00 UTC        
 READ IN fields at DATE: 2020-11-24 00:00:00 UTC        
 READ IN fields at DATE: 2020-11-24 06:00:00 UTC        
 READ IN fields at DATE: 2020-11-24 12:00:00 UTC        
 READ IN fields at DATE: 2020-11-24 18:00:00 UTC        
 READ IN fields at DATE: 2020-11-25 00:00:00 UTC        
 READ IN fields at DATE: 2020-11-25 06:00:00 UTC        
 READ IN fields at DATE: 2020-11-25 12:00:00 UTC        
 READ IN fields at DATE: 2020-11-25 18:00:00 UTC        
 READ IN fields at DATE: 2020-11-26 00:00:00 UTC        
 READ IN fields at DATE: 2020-11-26 06:00:00 UTC        
 READ IN fields at DATE: 2020-11-26 12:00:00 UTC        
 READ IN fields at DATE: 2020-11-26 18:00:00 UTC        
 READ IN fields at DATE: 2020-11-27 00:00:00 UTC        
 READ IN fields at DATE: 2020-11-27 06:00:00 UTC        
 READ IN fields at DATE: 2020-11-27 12:00:00 UTC        
 READ IN fields at DATE: 2020-11-27 18:00:00 UTC        
 READ IN fields at DATE: 2020-11-28 00:00:00 UTC        
 READ IN fields at DATE: 2020-11-28 06:00:00 UTC        
 READ IN fields at DATE: 2020-11-28 12:00:00 UTC        
 READ IN fields at DATE: 2020-11-28 18:00:00 UTC        
 READ IN fields at DATE: 2020-11-29 00:00:00 UTC        
 READ IN fields at DATE: 2020-11-29 06:00:00 UTC        
 READ IN fields at DATE: 2020-11-29 12:00:00 UTC        
 READ IN fields at DATE: 2020-11-29 18:00:00 UTC        
 READ IN fields at DATE: 2020-11-30 00:00:00 UTC        
 READ IN fields at DATE: 2020-11-30 06:00:00 UTC        
 READ IN fields at DATE: 2020-11-30 12:00:00 UTC        
 READ IN fields at DATE: 2020-11-30 18:00:00 UTC        
      131072 /leonardo_work/ICT25_ESP/RCMDATA/ERA5/2020/tatm_2020_12.nc
  2.238932110360906E-003   250.908701090585     
      196608 /leonardo_work/ICT25_ESP/RCMDATA/ERA5/2020/geop_2020_12.nc
   7.63231942780736        243633.226809036     
      262144 /leonardo_work/ICT25_ESP/RCMDATA/ERA5/2020/qhum_2020_12.nc
  3.761540364356870E-007  1.227659000063027E-002
      327680 /leonardo_work/ICT25_ESP/RCMDATA/ERA5/2020/uwnd_2020_12.nc
  5.012013810223714E-003   22.0896875966105     
      393216 /leonardo_work/ICT25_ESP/RCMDATA/ERA5/2020/vwnd_2020_12.nc
  4.582615098634109E-003  -7.97408543596729     
 READ IN fields at DATE: 2020-12-01 00:00:00 UTC        
 READ IN fields at DATE: 2020-12-01 06:00:00 UTC        
 READ IN fields at DATE: 2020-12-01 12:00:00 UTC        
 READ IN fields at DATE: 2020-12-01 18:00:00 UTC        
 READ IN fields at DATE: 2020-12-02 00:00:00 UTC        
 READ IN fields at DATE: 2020-12-02 06:00:00 UTC        
 READ IN fields at DATE: 2020-12-02 12:00:00 UTC        
 READ IN fields at DATE: 2020-12-02 18:00:00 UTC        
 READ IN fields at DATE: 2020-12-03 00:00:00 UTC        
 READ IN fields at DATE: 2020-12-03 06:00:00 UTC        
 READ IN fields at DATE: 2020-12-03 12:00:00 UTC        
 READ IN fields at DATE: 2020-12-03 18:00:00 UTC        
 READ IN fields at DATE: 2020-12-04 00:00:00 UTC        
 READ IN fields at DATE: 2020-12-04 06:00:00 UTC        
 READ IN fields at DATE: 2020-12-04 12:00:00 UTC        
 READ IN fields at DATE: 2020-12-04 18:00:00 UTC        
 READ IN fields at DATE: 2020-12-05 00:00:00 UTC        
 READ IN fields at DATE: 2020-12-05 06:00:00 UTC        
 READ IN fields at DATE: 2020-12-05 12:00:00 UTC        
 READ IN fields at DATE: 2020-12-05 18:00:00 UTC        
 READ IN fields at DATE: 2020-12-06 00:00:00 UTC        
 READ IN fields at DATE: 2020-12-06 06:00:00 UTC        
 READ IN fields at DATE: 2020-12-06 12:00:00 UTC        
 READ IN fields at DATE: 2020-12-06 18:00:00 UTC        
 READ IN fields at DATE: 2020-12-07 00:00:00 UTC        
 READ IN fields at DATE: 2020-12-07 06:00:00 UTC        
 READ IN fields at DATE: 2020-12-07 12:00:00 UTC        
 READ IN fields at DATE: 2020-12-07 18:00:00 UTC        
 READ IN fields at DATE: 2020-12-08 00:00:00 UTC        
 READ IN fields at DATE: 2020-12-08 06:00:00 UTC        
 READ IN fields at DATE: 2020-12-08 12:00:00 UTC        
 READ IN fields at DATE: 2020-12-08 18:00:00 UTC        
 READ IN fields at DATE: 2020-12-09 00:00:00 UTC        
 READ IN fields at DATE: 2020-12-09 06:00:00 UTC        
 READ IN fields at DATE: 2020-12-09 12:00:00 UTC        
 READ IN fields at DATE: 2020-12-09 18:00:00 UTC        
 READ IN fields at DATE: 2020-12-10 00:00:00 UTC        
 READ IN fields at DATE: 2020-12-10 06:00:00 UTC        
 READ IN fields at DATE: 2020-12-10 12:00:00 UTC        
 READ IN fields at DATE: 2020-12-10 18:00:00 UTC        
 READ IN fields at DATE: 2020-12-11 00:00:00 UTC        
 READ IN fields at DATE: 2020-12-11 06:00:00 UTC        
 READ IN fields at DATE: 2020-12-11 12:00:00 UTC        
 READ IN fields at DATE: 2020-12-11 18:00:00 UTC        
 READ IN fields at DATE: 2020-12-12 00:00:00 UTC        
 READ IN fields at DATE: 2020-12-12 06:00:00 UTC        
 READ IN fields at DATE: 2020-12-12 12:00:00 UTC        
 READ IN fields at DATE: 2020-12-12 18:00:00 UTC        
 READ IN fields at DATE: 2020-12-13 00:00:00 UTC        
 READ IN fields at DATE: 2020-12-13 06:00:00 UTC        
 READ IN fields at DATE: 2020-12-13 12:00:00 UTC        
 READ IN fields at DATE: 2020-12-13 18:00:00 UTC        
 READ IN fields at DATE: 2020-12-14 00:00:00 UTC        
 READ IN fields at DATE: 2020-12-14 06:00:00 UTC        
 READ IN fields at DATE: 2020-12-14 12:00:00 UTC        
 READ IN fields at DATE: 2020-12-14 18:00:00 UTC        
 READ IN fields at DATE: 2020-12-15 00:00:00 UTC        
 READ IN fields at DATE: 2020-12-15 06:00:00 UTC        
 READ IN fields at DATE: 2020-12-15 12:00:00 UTC        
 READ IN fields at DATE: 2020-12-15 18:00:00 UTC        
 READ IN fields at DATE: 2020-12-16 00:00:00 UTC        
 READ IN fields at DATE: 2020-12-16 06:00:00 UTC        
 READ IN fields at DATE: 2020-12-16 12:00:00 UTC        
 READ IN fields at DATE: 2020-12-16 18:00:00 UTC        
 READ IN fields at DATE: 2020-12-17 00:00:00 UTC        
 READ IN fields at DATE: 2020-12-17 06:00:00 UTC        
 READ IN fields at DATE: 2020-12-17 12:00:00 UTC        
 READ IN fields at DATE: 2020-12-17 18:00:00 UTC        
 READ IN fields at DATE: 2020-12-18 00:00:00 UTC        
 READ IN fields at DATE: 2020-12-18 06:00:00 UTC        
 READ IN fields at DATE: 2020-12-18 12:00:00 UTC        
 READ IN fields at DATE: 2020-12-18 18:00:00 UTC        
 READ IN fields at DATE: 2020-12-19 00:00:00 UTC        
 READ IN fields at DATE: 2020-12-19 06:00:00 UTC        
 READ IN fields at DATE: 2020-12-19 12:00:00 UTC        
 READ IN fields at DATE: 2020-12-19 18:00:00 UTC        
 READ IN fields at DATE: 2020-12-20 00:00:00 UTC        
 READ IN fields at DATE: 2020-12-20 06:00:00 UTC        
 READ IN fields at DATE: 2020-12-20 12:00:00 UTC        
 READ IN fields at DATE: 2020-12-20 18:00:00 UTC        
 READ IN fields at DATE: 2020-12-21 00:00:00 UTC        
 READ IN fields at DATE: 2020-12-21 06:00:00 UTC        
 READ IN fields at DATE: 2020-12-21 12:00:00 UTC        
 READ IN fields at DATE: 2020-12-21 18:00:00 UTC        
 READ IN fields at DATE: 2020-12-22 00:00:00 UTC        
 READ IN fields at DATE: 2020-12-22 06:00:00 UTC        
 READ IN fields at DATE: 2020-12-22 12:00:00 UTC        
 READ IN fields at DATE: 2020-12-22 18:00:00 UTC        
 READ IN fields at DATE: 2020-12-23 00:00:00 UTC        
 READ IN fields at DATE: 2020-12-23 06:00:00 UTC        
 READ IN fields at DATE: 2020-12-23 12:00:00 UTC        
 READ IN fields at DATE: 2020-12-23 18:00:00 UTC        
 READ IN fields at DATE: 2020-12-24 00:00:00 UTC        
 READ IN fields at DATE: 2020-12-24 06:00:00 UTC        
 READ IN fields at DATE: 2020-12-24 12:00:00 UTC        
 READ IN fields at DATE: 2020-12-24 18:00:00 UTC        
 READ IN fields at DATE: 2020-12-25 00:00:00 UTC        
 READ IN fields at DATE: 2020-12-25 06:00:00 UTC        
 READ IN fields at DATE: 2020-12-25 12:00:00 UTC        
 READ IN fields at DATE: 2020-12-25 18:00:00 UTC        
 READ IN fields at DATE: 2020-12-26 00:00:00 UTC        
 READ IN fields at DATE: 2020-12-26 06:00:00 UTC        
 READ IN fields at DATE: 2020-12-26 12:00:00 UTC        
 READ IN fields at DATE: 2020-12-26 18:00:00 UTC        
 READ IN fields at DATE: 2020-12-27 00:00:00 UTC        
 READ IN fields at DATE: 2020-12-27 06:00:00 UTC        
 READ IN fields at DATE: 2020-12-27 12:00:00 UTC        
 READ IN fields at DATE: 2020-12-27 18:00:00 UTC        
 READ IN fields at DATE: 2020-12-28 00:00:00 UTC        
 READ IN fields at DATE: 2020-12-28 06:00:00 UTC        
 READ IN fields at DATE: 2020-12-28 12:00:00 UTC        
 READ IN fields at DATE: 2020-12-28 18:00:00 UTC        
 READ IN fields at DATE: 2020-12-29 00:00:00 UTC        
 READ IN fields at DATE: 2020-12-29 06:00:00 UTC        
 READ IN fields at DATE: 2020-12-29 12:00:00 UTC        
 READ IN fields at DATE: 2020-12-29 18:00:00 UTC        
 READ IN fields at DATE: 2020-12-30 00:00:00 UTC        
 READ IN fields at DATE: 2020-12-30 06:00:00 UTC        
 READ IN fields at DATE: 2020-12-30 12:00:00 UTC        
 READ IN fields at DATE: 2020-12-30 18:00:00 UTC        
 READ IN fields at DATE: 2020-12-31 00:00:00 UTC        
 READ IN fields at DATE: 2020-12-31 06:00:00 UTC        
 READ IN fields at DATE: 2020-12-31 12:00:00 UTC        
 READ IN fields at DATE: 2020-12-31 18:00:00 UTC        
      131072 /leonardo_work/ICT25_ESP/RCMDATA/ERA5/2021/tatm_2021_01.nc
  2.338013535403919E-003   258.627355773506     
      196608 /leonardo_work/ICT25_ESP/RCMDATA/ERA5/2021/geop_2021_01.nc
   7.63647495584286        244024.875121897     
      262144 /leonardo_work/ICT25_ESP/RCMDATA/ERA5/2021/qhum_2021_01.nc
  4.010931599598920E-007  1.256236354011289E-002
      327680 /leonardo_work/ICT25_ESP/RCMDATA/ERA5/2021/uwnd_2021_01.nc
  5.063148787141951E-003  -5.48863844695216     
      393216 /leonardo_work/ICT25_ESP/RCMDATA/ERA5/2021/vwnd_2021_01.nc
  4.954445660964705E-003 -0.871007496267982     
 READ IN fields at DATE: 2021-01-01 00:00:00 UTC        
 Input ready at : Thu May 15 15:11:05 2025
 Successfully completed ICBC
icbc script complete
