Output root folder '/leonardo/home/userexternal/mdasilva/leonardo_work/Otis_exp/exps_v1/domain_large_regridded' not found. Creating it...
-------- Processing experiment: ctrl --------
  Regridding hus_ctrl_2023101900.nc...
cdo    remapbil: Bilinear weights from curvilinear (1285x1071) to lonlat (1201x1255) grid
  Regridding pr_ctrl_2023101900.nc...
cdo    remapbil: Bilinear weights from curvilinear (1285x1071) to lonlat (1201x1255) grid
  Regridding psl_ctrl_2023101900.nc...
cdo    remapbil: Bilinear weights from curvilinear (1285x1071) to lonlat (1201x1255) grid
  Regridding ta_ctrl_2023101900.nc...
cdo    remapbil: Bilinear weights from curvilinear (1285x1071) to lonlat (1201x1255) grid
  Regridding ua_ctrl_2023101900.nc...
cdo    remapbil: Bilinear weights from curvilinear (1285x1071) to lonlat (1201x1255) grid
  Regridding va_ctrl_2023101900.nc...
cdo    remapbil: Bilinear weights from curvilinear (1285x1071) to lonlat (1201x1255) grid
  Regridding wa_ctrl_2023101900.nc...
cdo    remapbil: Bilinear weights from curvilinear (1285x1071) to lonlat (1201x1255) grid
-------- Processing experiment: holt_r2 --------
  Regridding hus_holt_r2_2023101900.nc...
cdo    remapbil: Bilinear weights from curvilinear (1285x1071) to lonlat (1201x1255) grid
  Regridding pr_holt_r2_2023101900.nc...
cdo    remapbil: Bilinear weights from curvilinear (1285x1071) to lonlat (1201x1255) grid
  Regridding psl_holt_r2_2023101900.nc...
cdo    remapbil: Bilinear weights from curvilinear (1285x1071) to lonlat (1201x1255) grid
  Regridding ta_holt_r2_2023101900.nc...
cdo    remapbil: Bilinear weights from curvilinear (1285x1071) to lonlat (1201x1255) grid
  Regridding ua_holt_r2_2023101900.nc...
cdo    remapbil: Bilinear weights from curvilinear (1285x1071) to lonlat (1201x1255) grid
  Regridding va_holt_r2_2023101900.nc...
cdo    remapbil: Bilinear weights from curvilinear (1285x1071) to lonlat (1201x1255) grid
  Regridding wa_holt_r2_2023101900.nc...
cdo    remapbil: Bilinear weights from curvilinear (1285x1071) to lonlat (1201x1255) grid
-------- Processing experiment: holt_r3 --------
  Regridding hus_holt_r3_2023101900.nc...
cdo    remapbil: Bilinear weights from curvilinear (1285x1071) to lonlat (1201x1255) grid
  Regridding pr_holt_r3_2023101900.nc...
cdo    remapbil: Bilinear weights from curvilinear (1285x1071) to lonlat (1201x1255) grid
  Regridding psl_holt_r3_2023101900.nc...
cdo    remapbil: Bilinear weights from curvilinear (1285x1071) to lonlat (1201x1255) grid
  Regridding ta_holt_r3_2023101900.nc...
cdo    remapbil: Bilinear weights from curvilinear (1285x1071) to lonlat (1201x1255) grid
  Regridding ua_holt_r3_2023101900.nc...
cdo    remapbil: Bilinear weights from curvilinear (1285x1071) to lonlat (1201x1255) grid
  Regridding va_holt_r3_2023101900.nc...
cdo    remapbil: Bilinear weights from curvilinear (1285x1071) to lonlat (1201x1255) grid
  Regridding wa_holt_r3_2023101900.nc...
cdo    remapbil: Bilinear weights from curvilinear (1285x1071) to lonlat (1201x1255) grid
-------- Processing experiment: uw_r2 --------
  Regridding hus_uw_r2_2023101900.nc...
cdo    remapbil: Bilinear weights from curvilinear (1285x1071) to lonlat (1201x1255) grid
  Regridding pr_uw_r2_2023101900.nc...
cdo    remapbil: Bilinear weights from curvilinear (1285x1071) to lonlat (1201x1255) grid
  Regridding psl_uw_r2_2023101900.nc...
cdo    remapbil: Bilinear weights from curvilinear (1285x1071) to lonlat (1201x1255) grid
  Regridding ta_uw_r2_2023101900.nc...
cdo    remapbil: Bilinear weights from curvilinear (1285x1071) to lonlat (1201x1255) grid
  Regridding ua_uw_r2_2023101900.nc...
cdo    remapbil: Bilinear weights from curvilinear (1285x1071) to lonlat (1201x1255) grid
  Regridding va_uw_r2_2023101900.nc...
cdo    remapbil: Bilinear weights from curvilinear (1285x1071) to lonlat (1201x1255) grid
  Regridding wa_uw_r2_2023101900.nc...
cdo    remapbil: Bilinear weights from curvilinear (1285x1071) to lonlat (1201x1255) grid
-------- Processing experiment: uw_r3 --------
  Regridding hus_uw_r3_2023101900.nc...
cdo    remapbil: Bilinear weights from curvilinear (1285x1071) to lonlat (1201x1255) grid
  Regridding pr_uw_r3_2023101900.nc...
cdo    remapbil: Bilinear weights from curvilinear (1285x1071) to lonlat (1201x1255) grid
  Regridding psl_uw_r3_2023101900.nc...
cdo    remapbil: Bilinear weights from curvilinear (1285x1071) to lonlat (1201x1255) grid
  Regridding ta_uw_r3_2023101900.nc...
cdo    remapbil: Bilinear weights from curvilinear (1285x1071) to lonlat (1201x1255) grid
  Regridding ua_uw_r3_2023101900.nc...
cdo    remapbil: Bilinear weights from curvilinear (1285x1071) to lonlat (1201x1255) grid
  Regridding va_uw_r3_2023101900.nc...
cdo    remapbil: Bilinear weights from curvilinear (1285x1071) to lonlat (1201x1255) grid
  Regridding wa_uw_r3_2023101900.nc...
cdo    remapbil: Bilinear weights from curvilinear (1285x1071) to lonlat (1201x1255) grid
-------- Regridding Complete --------
