
/leonardo/home/userexternal/mdasilva/leonardo_work/SAM-3km/postproc/cyclone/obs/era5

--------------- INIT POSPROCESSING DATASET ----------------

1. Merge files
cdi  warning (cdfInqContents): Coordinates variable number can't be assigned!
cdi  warning (cdfInqContents): Coordinates variable expver can't be assigned!
cdi  warning (cdfInqContents): Coordinates variable number can't be assigned!
cdi  warning (cdfInqContents): Coordinates variable expver can't be assigned!
cdi  warning (cdfInqContents): Coordinates variable number can't be assigned!
cdi  warning (cdfInqContents): Coordinates variable expver can't be assigned!
cdi  warning (cdfInqContents): Coordinates variable number can't be assigned!
cdi  warning (cdfInqContents): Coordinates variable expver can't be assigned!

2. Regrid and smooth
cdo    remapbil: Bilinear weights from lonlat (1440x721) to lonlat (26x14) grid

1. Merge files
cdi  warning (cdfInqContents): Coordinates variable number can't be assigned!
cdi  warning (cdfInqContents): Coordinates variable expver can't be assigned!
cdi  warning (cdfInqContents): Coordinates variable number can't be assigned!
cdi  warning (cdfInqContents): Coordinates variable expver can't be assigned!
cdi  warning (cdfInqContents): Coordinates variable number can't be assigned!
cdi  warning (cdfInqContents): Coordinates variable expver can't be assigned!
cdi  warning (cdfInqContents): Coordinates variable number can't be assigned!
cdi  warning (cdfInqContents): Coordinates variable expver can't be assigned!
