
  This is Terrain part of RegCM package version 5
   GIT Revision: 5.0.1 compiled at: data : Dec 03 2024  time: 16:32:11

 : this run start at  : 2025-12-18 23:17:18+0100
 : it is submitted by : mdasilva
 : it is running on   : lrdn4038.leonardo.local
 : in directory       : 
 /leonardo/home/userexternal/mdasilva/github_projects/shell/ictp/regcm_exp/tcycl
 one/article/domain_large/ctrl
                      
 Using non hydrostatic Moloch dynamic
 
 Doing Horizontal Grid with following parameters
 iy     =         1074
 jx     =         1074
 kz     =           51
 ds     =    4.44795693794183     
 clat   =    9.00000000000000     
 clon   =   -95.0000000000000     
 iproj  = ROTLLR
 Grid setup done
 Geo mapping done
 Calculated large extrema:
          MINLAT =   -16.0000000000000     
          MAXLAT =    35.0000000000000     
          MINLON =   -121.000000000000     
          MAXLON =   -72.0000000000000     
 Determined Grid coordinate range
 No resampling used.
 Static DEM data successfully read in
 Interpolated DEM on model GRID
 Static landcover BATS data successfully read in
 Interpolated landcover on model GRID
 Static texture data successfully read in
 Interpolated texture on model GRID
 Static bathymetry data successfully read in
 Interpolated bathymetry on model GRID
 Fudging data (if requested) succeeded
 Skip moisture creation, no moisture file to read
 Vertical Grid Description (mean over domain)
 
 --------------------------------------------------
 k        sigma       p(mb)          h(m)      T(K)
 --------------------------------------------------
 52       1.000     1013.25          0.00     288.1
 51       0.980     1005.79         62.27     287.7
 50       0.961      997.92        128.38     287.3
 49       0.941      989.62        198.62     286.9
 48       0.922      980.84        273.32     286.4
 47       0.902      971.58        352.82     285.9
 46       0.882      961.79        437.48     285.3
 45       0.863      951.44        527.68     284.7
 44       0.843      940.52        623.84     284.1
 43       0.824      928.98        726.40     283.4
 42       0.804      916.79        835.81     282.7
 41       0.784      903.93        952.58     282.0
 40       0.765      890.36       1077.24     281.2
 39       0.745      876.05       1210.34     280.3
 38       0.725      860.98       1352.49     279.4
 37       0.706      845.11       1504.33     278.4
 36       0.686      828.42       1666.54     277.3
 35       0.667      810.89       1839.85     276.2
 34       0.647      792.48       2025.03     275.0
 33       0.627      773.20       2222.91     273.7
 32       0.608      753.00       2434.37     272.4
 31       0.588      731.90       2660.36     270.9
 30       0.569      709.88       2901.86     269.3
 29       0.549      686.94       3159.96     267.6
 28       0.529      663.09       3435.79     265.9
 27       0.510      638.36       3730.56     263.9
 26       0.490      612.75       4045.59     261.9
 25       0.471      586.31       4382.23     259.7
 24       0.451      559.09       4741.99     257.4
 23       0.431      531.14       5126.42     254.9
 22       0.412      502.53       5537.20     252.2
 21       0.392      473.36       5976.14     249.4
 20       0.373      443.71       6445.14     246.3
 19       0.353      413.72       6946.25     243.1
 18       0.333      383.52       7481.63     239.6
 17       0.314      353.25       8053.62     235.9
 16       0.294      323.07       8664.68     231.9
 15       0.275      293.18       9317.48     227.7
 14       0.255      263.76      10014.82     223.2
 13       0.235      235.03      10759.73     218.3
 12       0.216      207.19      11555.42     216.6
 11       0.196      180.47      12405.31     217.7
 10       0.176      155.08      13313.08     218.1
  9       0.157      131.24      14282.62     218.5
  8       0.137      109.15      15318.11     219.0
  7       0.118       88.98      16424.00     219.5
  6       0.098       70.89      17605.04     220.0
  5       0.078       54.99      18866.31     220.6
  4       0.059       41.32      20213.21     221.2
  3       0.039       29.91      21651.52     221.8
  2       0.020       20.69      23187.41     222.5
  1      -0.000       13.54      24827.46     223.3
 Grid data written to output file
 Successfully completed terrain fields generation

  This is mksurfdata part of RegCM package version 5
   GIT Revision: 5.0.1 compiled at: data : Jan 27 2025  time: 11:58:15

 : this run start at  : 2025-12-18 23:17:27+0100
 : it is submitted by : mdasilva
 : it is running on   : lrdn4038.leonardo.local
 : in directory       : 
 /leonardo/home/userexternal/mdasilva/github_projects/shell/ictp/regcm_exp/tcycl
 one/article/domain_large/ctrl
                      
 Created topographic informations...
 Computing weights, R =      39.31474972 .......... Done.
 Computing weights, R =      11.79514432 .......... Done.
 Computing weights, R =      11.79442692 .......... Done.
 Computing weights, R =      11.79514432 .......... Done.
 Created special categories informations...
 Created pft informations...
 Computing weights, R =     117.94408035 .......... Done.
 Created lai/sai informations...
 Computing weights, R =      29.48606300 .......... Done.
 Computing weights, R =      11.79478669 .......... Done.
 Computing weights, R =      19.65767813 .......... Done.
 Created soil texture/color informations...
 Computing weights, R =     117.94408035 .......... Done.
 Computing weights, R =     117.94408035 .......... Done.
 Computing weights, R =     117.94408035 .......... Done.
 Created human population informations...
 Computing weights, R =     117.94408035 .......... Done.
 Computing weights, R =      19.65767670 .......... Done.
 Created VOC/horganic informations...
 Computing weights, R =      11.79514432 .......... Done.
 Computing weights, R =      11.79442692 .......... Done.
 Created LAKE/URBAN informations...
 Successfully completed CLM preprocessing.

  This is sst part of the RegCM version 5
   SVN Revision: 5.0.1 compiled at: data : Dec 03 2024  time: 16:32:23

 : this run start at    : 2025-12-18 23:32:18+0100
 : it is submitted by   : mdasilva
 : it is running on     : lrdn4038.leonardo.local
 : in directory         : 
 /leonardo/home/userexternal/mdasilva/github_projects/shell/ictp/regcm_exp/tcycl
 one/article/domain_large/ctrl
                       
 Opened /leonardo_work/ICT25_ESP/RCMDATA/ERA5/SSTD/sst_2023_10.nc
 Fill Value   =  -32767
 Add offset   =    289.042056362288     
 Scale factor =   6.040722982600369E-004
 Computing weights, R =      39.31469345 .......... Done.
 GLOBIDATE1 :  2023-10-19 00:00:00 UTC        
 GLOBIDATE2 :  2023-10-27 00:00:00 UTC        
 NSTEPS =            9
 WRITEN OUT SST DATA :  2023-10-19 00:00:00 UTC        
 WRITEN OUT SST DATA :  2023-10-20 00:00:00 UTC        
 WRITEN OUT SST DATA :  2023-10-21 00:00:00 UTC        
 WRITEN OUT SST DATA :  2023-10-22 00:00:00 UTC        
 WRITEN OUT SST DATA :  2023-10-23 00:00:00 UTC        
 WRITEN OUT SST DATA :  2023-10-24 00:00:00 UTC        
 WRITEN OUT SST DATA :  2023-10-25 00:00:00 UTC        
 WRITEN OUT SST DATA :  2023-10-26 00:00:00 UTC        
 WRITEN OUT SST DATA :  2023-10-27 00:00:00 UTC        
 Input ready at : Thu Dec 18 23:32:25 2025
 Successfully generated SST

  This is icbc part of the RegCM version 5
   SVN Revision: 5.0.1 compiled at: data : Aug 07 2025  time: 12:17:06

 : this run start at    : 2025-12-18 23:32:25+0100
 : it is submitted by   : mdasilva
 : it is running on     : lrdn4038.leonardo.local
 : in directory         : 
 /leonardo/home/userexternal/mdasilva/github_projects/shell/ictp/regcm_exp/tcycl
 one/article/domain_large/ctrl
                       
 Using Moloch non-hydrostatic dynamical core
 GLOBIDATE1 :  2023-10-19 00:00:00 UTC        
 GLOBIDATE2 :  2023-10-27 00:00:00 UTC        
 NSTEPS     :           33
 Computing weights, R =      39.31469345 .......... Done.
 Computing weights, R =      39.31469345 .......... Done.
 Computing weights, R =      39.31469345 .......... Done.
      131072 /leonardo_work/ICT25_ESP/RCMDATA/ERA5/2023/tatm_2023_10.nc
  2.061811361603481E-003   251.632628457112     
      196608 /leonardo_work/ICT25_ESP/RCMDATA/ERA5/2023/geop_2023_10.nc
   7.38400786626585        235635.714246067     
      262144 /leonardo_work/ICT25_ESP/RCMDATA/ERA5/2023/qhum_2023_10.nc
  4.024191313448453E-007  1.308834570112860E-002
      327680 /leonardo_work/ICT25_ESP/RCMDATA/ERA5/2023/uwnd_2023_10.nc
  3.369716814086629E-003   25.2393048266516     
      393216 /leonardo_work/ICT25_ESP/RCMDATA/ERA5/2023/vwnd_2023_10.nc
  2.907983430849009E-003   4.57844102781583     
 READ IN fields at DATE: 2023-10-19 00:00:00 UTC        
 READ IN fields at DATE: 2023-10-19 06:00:00 UTC        
 READ IN fields at DATE: 2023-10-19 12:00:00 UTC        
 READ IN fields at DATE: 2023-10-19 18:00:00 UTC        
 READ IN fields at DATE: 2023-10-20 00:00:00 UTC        
 READ IN fields at DATE: 2023-10-20 06:00:00 UTC        
 READ IN fields at DATE: 2023-10-20 12:00:00 UTC        
 READ IN fields at DATE: 2023-10-20 18:00:00 UTC        
 READ IN fields at DATE: 2023-10-21 00:00:00 UTC        
 READ IN fields at DATE: 2023-10-21 06:00:00 UTC        
 READ IN fields at DATE: 2023-10-21 12:00:00 UTC        
 READ IN fields at DATE: 2023-10-21 18:00:00 UTC        
 READ IN fields at DATE: 2023-10-22 00:00:00 UTC        
 READ IN fields at DATE: 2023-10-22 06:00:00 UTC        
 READ IN fields at DATE: 2023-10-22 12:00:00 UTC        
 READ IN fields at DATE: 2023-10-22 18:00:00 UTC        
 READ IN fields at DATE: 2023-10-23 00:00:00 UTC        
 READ IN fields at DATE: 2023-10-23 06:00:00 UTC        
 READ IN fields at DATE: 2023-10-23 12:00:00 UTC        
 READ IN fields at DATE: 2023-10-23 18:00:00 UTC        
 READ IN fields at DATE: 2023-10-24 00:00:00 UTC        
 READ IN fields at DATE: 2023-10-24 06:00:00 UTC        
 READ IN fields at DATE: 2023-10-24 12:00:00 UTC        
 READ IN fields at DATE: 2023-10-24 18:00:00 UTC        
 READ IN fields at DATE: 2023-10-25 00:00:00 UTC        
 READ IN fields at DATE: 2023-10-25 06:00:00 UTC        
 READ IN fields at DATE: 2023-10-25 12:00:00 UTC        
 READ IN fields at DATE: 2023-10-25 18:00:00 UTC        
 READ IN fields at DATE: 2023-10-26 00:00:00 UTC        
 READ IN fields at DATE: 2023-10-26 06:00:00 UTC        
 READ IN fields at DATE: 2023-10-26 12:00:00 UTC        
 READ IN fields at DATE: 2023-10-26 18:00:00 UTC        
 READ IN fields at DATE: 2023-10-27 00:00:00 UTC        
 Input ready at : Thu Dec 18 23:43:28 2025
 Successfully completed ICBC
