
  This is Terrain part of RegCM package version 5 
   GIT Revision: 5.0.0-1068-g402b compiled at: data : Jan 14 2026  time: 14:27:30

 : this run start at  : 2026-01-17 18:54:59+0100
 : it is submitted by : mdasilva
 : it is running on   : lrdn4522.leonardo.local
 : in directory       : 
 /leonardo/home/userexternal/mdasilva/github_projects/shell/ictp/regcm_exp/tcycl
 one/article/exps_mp/wdm7
                      
 Using non hydrostatic Moloch dynamic
  
 Doing Horizontal Grid with following parameters
 iy     =         1074
 jx     =         1074
 kz     =           41
 ds     =    4.44795693794183     
 clat   =    15.0000000000000     
 clon   =   -95.0000000000000     
 iproj  = ROTLLR
 Grid setup done
 Geo mapping done
 Calculated large extrema:
          MINLAT =   -10.0000000000000     
          MAXLAT =    41.0000000000000     
          MINLON =   -121.000000000000     
          MAXLON =   -72.0000000000000     
 Determined Grid coordinate range
 No resampling used.
 Static DEM data successfully read in
 Interpolated DEM on model GRID
 Static landcover BATS data successfully read in
 Interpolated landcover on model GRID
 Static texture data successfully read in
 Interpolated texture on model GRID
 Static bathymetry data successfully read in
 Interpolated bathymetry on model GRID
 Fudging data (if requested) succeeded
 Skip moisture creation, no moisture file to read
 Vertical Grid Description (mean over domain)
  
 --------------------------------------------------
 k        sigma       p(mb)          h(m)      T(K)
 --------------------------------------------------
 42       1.000     1013.25          0.00     288.1
 41       0.976     1003.92         77.96     287.6
 40       0.951      993.96        161.83     287.1
 39       0.927      983.31        252.22     286.5
 38       0.902      971.93        349.77     285.9
 37       0.878      959.75        455.17     285.2
 36       0.854      946.71        569.19     284.5
 35       0.829      932.76        692.63     283.7
 34       0.805      917.83        826.39     282.8
 33       0.780      901.87        971.40     281.8
 32       0.756      884.80       1128.70     280.8
 31       0.732      866.58       1299.40     279.7
 30       0.707      847.15       1484.71     278.5
 29       0.683      826.44       1685.93     277.2
 28       0.659      804.43       1904.48     275.8
 27       0.634      781.05       2141.88     274.2
 26       0.610      756.28       2399.78     272.6
 25       0.585      730.09       2679.97     270.8
 24       0.561      702.48       2984.40     268.8
 23       0.537      673.44       3315.17     266.6
 22       0.512      643.00       3674.54     264.3
 21       0.488      611.20       4064.99     261.8
 20       0.463      578.11       4489.18     259.0
 19       0.439      543.82       4950.02     256.0
 18       0.415      508.45       5450.63     252.8
 17       0.390      472.17       5994.41     249.2
 16       0.366      435.17       6585.04     245.4
 15       0.341      397.68       7226.52     241.2
 14       0.317      359.97       7923.17     236.7
 13       0.293      322.36       8679.69     231.8
 12       0.268      285.19       9501.15     226.5
 11       0.244      248.84      10393.06     220.7
 10       0.220      213.72      11361.41     214.4
  9       0.195      180.25      12412.66     216.6
  8       0.171      148.86      13553.85     218.1
  7       0.146      119.95      14792.58     218.6
  6       0.122       93.90      16137.11     219.2
  5       0.098       71.01      17596.40     219.9
  4       0.073       51.52      19180.15     220.6
  3       0.049       35.51      20898.90     221.4
  2       0.024       22.96      22764.05     222.2
  1       0.000       13.68      24787.98     223.1
 Grid data written to output file
 Successfully completed terrain fields generation

  This is mksurfdata part of RegCM package version 5
   GIT Revision: 5.0.0-1068-g402b compiled at: data : Jan 14 2026  time: 14:29:57

 : this run start at  : 2026-01-17 18:55:07+0100
 : it is submitted by : mdasilva
 : it is running on   : lrdn4522.leonardo.local
 : in directory       : 
 /leonardo/home/userexternal/mdasilva/github_projects/shell/ictp/regcm_exp/tcycl
 one/article/exps_mp/wdm7
                      
 Created topographic informations...
 Computing weights, R =      39.31474972 .......... Done.
 Computing weights, R =      11.79514432 .......... Done.
 Computing weights, R =      11.79442692 .......... Done.
 Computing weights, R =      11.79514432 .......... Done.
 Created special categories informations...
 Created pft informations...
 Computing weights, R =     117.94408035 .......... Done.
 Created lai/sai informations...
 Computing weights, R =      29.48606300 .......... Done.
 Computing weights, R =      11.79478669 .......... Done.
 Computing weights, R =      19.65767813 .......... Done.
 Created soil texture/color informations...
 Computing weights, R =     117.94408035 .......... Done.
 Computing weights, R =     117.94408035 .......... Done.
 Computing weights, R =     117.94408035 .......... Done.
 Created human population informations...
 Computing weights, R =     117.94408035 .......... Done.
 Computing weights, R =      19.65767670 .......... Done.
 Created VOC/horganic informations...
 Computing weights, R =      11.79514432 .......... Done.
 Computing weights, R =      11.79442692 .......... Done.
 Created LAKE/URBAN informations...
 Successfully completed CLM preprocessing.

  This is sst part of the RegCM version 5
   SVN Revision: 5.0.0-1068-g402b compiled at: data : Jan 14 2026  time: 14:27:56

 : this run start at    : 2026-01-17 19:07:46+0100
 : it is submitted by   : mdasilva
 : it is running on     : lrdn4522.leonardo.local
 : in directory         : 
 /leonardo/home/userexternal/mdasilva/github_projects/shell/ictp/regcm_exp/tcycl
 one/article/exps_mp/wdm7
                       
 Opened /leonardo_work/ICT25_ESP/RCMDATA/ERA5/SSTD/sst_2023_10.nc
 Fill Value   =  -32767
 Add offset   =    289.042056362288     
 Scale factor =   6.040722982600369E-004
 Computing weights, R =      39.31469345 .......... Done.
 GLOBIDATE1 :  2023-10-19 00:00:00 UTC        
 GLOBIDATE2 :  2023-10-27 00:00:00 UTC        
 NSTEPS =            9
 WRITEN OUT SST DATA :  2023-10-19 00:00:00 UTC        
 WRITEN OUT SST DATA :  2023-10-20 00:00:00 UTC        
 WRITEN OUT SST DATA :  2023-10-21 00:00:00 UTC        
 WRITEN OUT SST DATA :  2023-10-22 00:00:00 UTC        
 WRITEN OUT SST DATA :  2023-10-23 00:00:00 UTC        
 WRITEN OUT SST DATA :  2023-10-24 00:00:00 UTC        
 WRITEN OUT SST DATA :  2023-10-25 00:00:00 UTC        
 WRITEN OUT SST DATA :  2023-10-26 00:00:00 UTC        
 WRITEN OUT SST DATA :  2023-10-27 00:00:00 UTC        
 Input ready at : Sat Jan 17 19:07:49 2026
 Successfully generated SST

  This is icbc part of the RegCM version 5
   SVN Revision: 5.0.0-1068-g402b compiled at: data : Jan 14 2026  time: 14:27:56

 : this run start at    : 2026-01-17 19:07:49+0100
 : it is submitted by   : mdasilva
 : it is running on     : lrdn4522.leonardo.local
 : in directory         : 
 /leonardo/home/userexternal/mdasilva/github_projects/shell/ictp/regcm_exp/tcycl
 one/article/exps_mp/wdm7
                       
 Using Moloch non-hydrostatic dynamical core
 GLOBIDATE1 :  2023-10-19 00:00:00 UTC        
 GLOBIDATE2 :  2023-10-27 00:00:00 UTC        
 NSTEPS     :           33
 Computing weights, R =      39.31469345 .......... Done.
 Computing weights, R =      39.31469345 .......... Done.
 Computing weights, R =      39.31469345 .......... Done.
      131072 /leonardo_work/ICT25_ESP/RCMDATA/ERA5/2023/tatm_2023_10.nc
  2.061811361603481E-003   251.632628457112     
      196608 /leonardo_work/ICT25_ESP/RCMDATA/ERA5/2023/geop_2023_10.nc
   7.38400786626585        235635.714246067     
      262144 /leonardo_work/ICT25_ESP/RCMDATA/ERA5/2023/qhum_2023_10.nc
  4.024191313448453E-007  1.308834570112860E-002
      327680 /leonardo_work/ICT25_ESP/RCMDATA/ERA5/2023/uwnd_2023_10.nc
  3.369716814086629E-003   25.2393048266516     
      393216 /leonardo_work/ICT25_ESP/RCMDATA/ERA5/2023/vwnd_2023_10.nc
  2.907983430849009E-003   4.57844102781583     
 READ IN fields at DATE: 2023-10-19 00:00:00 UTC        
 READ IN fields at DATE: 2023-10-19 06:00:00 UTC        
 READ IN fields at DATE: 2023-10-19 12:00:00 UTC        
 READ IN fields at DATE: 2023-10-19 18:00:00 UTC        
 READ IN fields at DATE: 2023-10-20 00:00:00 UTC        
 READ IN fields at DATE: 2023-10-20 06:00:00 UTC        
 READ IN fields at DATE: 2023-10-20 12:00:00 UTC        
 READ IN fields at DATE: 2023-10-20 18:00:00 UTC        
 READ IN fields at DATE: 2023-10-21 00:00:00 UTC        
 READ IN fields at DATE: 2023-10-21 06:00:00 UTC        
 READ IN fields at DATE: 2023-10-21 12:00:00 UTC        
 READ IN fields at DATE: 2023-10-21 18:00:00 UTC        
 READ IN fields at DATE: 2023-10-22 00:00:00 UTC        
 READ IN fields at DATE: 2023-10-22 06:00:00 UTC        
 READ IN fields at DATE: 2023-10-22 12:00:00 UTC        
 READ IN fields at DATE: 2023-10-22 18:00:00 UTC        
 READ IN fields at DATE: 2023-10-23 00:00:00 UTC        
 READ IN fields at DATE: 2023-10-23 06:00:00 UTC        
 READ IN fields at DATE: 2023-10-23 12:00:00 UTC        
 READ IN fields at DATE: 2023-10-23 18:00:00 UTC        
 READ IN fields at DATE: 2023-10-24 00:00:00 UTC        
 READ IN fields at DATE: 2023-10-24 06:00:00 UTC        
 READ IN fields at DATE: 2023-10-24 12:00:00 UTC        
 READ IN fields at DATE: 2023-10-24 18:00:00 UTC        
 READ IN fields at DATE: 2023-10-25 00:00:00 UTC        
 READ IN fields at DATE: 2023-10-25 06:00:00 UTC        
 READ IN fields at DATE: 2023-10-25 12:00:00 UTC        
 READ IN fields at DATE: 2023-10-25 18:00:00 UTC        
 READ IN fields at DATE: 2023-10-26 00:00:00 UTC        
 READ IN fields at DATE: 2023-10-26 06:00:00 UTC        
 READ IN fields at DATE: 2023-10-26 12:00:00 UTC        
 READ IN fields at DATE: 2023-10-26 18:00:00 UTC        
 READ IN fields at DATE: 2023-10-27 00:00:00 UTC        
 Input ready at : Sat Jan 17 19:16:47 2026
 Successfully completed ICBC
