 urban net longwave radiation error: no convergence
 urban net longwave radiation error: no convergence
 Critical =                      NaN  > 0.001 !
 -------------- FATAL CALLED ---------------
  Fatal in file: mod_clm_urban.F90 at line:     2611
 clm now stopping
 -------------------------------------------
 Abort called by computing node          336 at 2026-01-15 12:11:31.659 +0100
 Execution terminated because of runtime error
Abort(1) on node 336 (rank 336 in comm 496): application called MPI_Abort(comm=0x84000003, 1) - process 336
 urban net longwave radiation error: no convergence
 urban net longwave radiation error: no convergence
 Critical =                      NaN  > 0.001 !
 -------------- FATAL CALLED ---------------
  Fatal in file: mod_clm_urban.F90 at line:     2611
 clm now stopping
 -------------------------------------------
 urban net longwave radiation error: no convergence
 Critical =                      NaN  > 0.001 !
 -------------- FATAL CALLED ---------------
  Fatal in file: mod_clm_urban.F90 at line:     2611
 clm now stopping
 -------------------------------------------
 Abort called by computing node          339 at 2026-01-15 12:11:31.659 +0100
 Execution terminated because of runtime error
Abort(1) on node 339 (rank 339 in comm 496): application called MPI_Abort(comm=0x84000002, 1) - process 339
 urban net longwave radiation error: no convergence
 urban net longwave radiation error: no convergence
 Critical =                      NaN  > 0.001 !
 -------------- FATAL CALLED ---------------
 urban net longwave radiation error: no convergence
 Critical =                      NaN  > 0.001 !
 -------------- FATAL CALLED ---------------
  Fatal in file: mod_clm_urban.F90 at line:     2611
 clm now stopping
 -------------------------------------------
 Abort called by computing node          342 at 2026-01-15 12:11:31.659 +0100
 Execution terminated because of runtime error
Abort(1) on node 342 (rank 342 in comm 496): application called MPI_Abort(comm=0x84000002, 1) - process 342
 urban net longwave radiation error: no convergence
 urban net longwave radiation error: no convergence
 urban net longwave radiation error: no convergence
 Critical =                      NaN  > 0.001 !
 -------------- FATAL CALLED ---------------
  Fatal in file: mod_clm_urban.F90 at line:     2611
 clm now stopping
 -------------------------------------------
 Abort called by computing node          345 at 2026-01-15 12:11:31.659 +0100
 Execution terminated because of runtime error
Abort(1) on node 345 (rank 345 in comm 496): application called MPI_Abort(comm=0x84000002, 1) - process 345
 urban net longwave radiation error: no convergence
 Critical =                      NaN  > 0.001 !
 -------------- FATAL CALLED ---------------
 urban net longwave radiation error: no convergence
 urban net longwave radiation error: no convergence
 Critical =                      NaN  > 0.001 !
 -------------- FATAL CALLED ---------------
  Fatal in file: mod_clm_urban.F90 at line:     2611
 clm now stopping
 -------------------------------------------
 Abort called by computing node          348 at 2026-01-15 12:11:31.659 +0100
 Execution terminated because of runtime error
Abort(1) on node 348 (rank 348 in comm 496): application called MPI_Abort(comm=0x84000002, 1) - process 348
 urban net longwave radiation error: no convergence
 urban net longwave radiation error: no convergence
 Critical =                      NaN  > 0.001 !
 -------------- FATAL CALLED ---------------
 urban net longwave radiation error: no convergence
 Critical =                      NaN  > 0.001 !
 -------------- FATAL CALLED ---------------
  Fatal in file: mod_clm_urban.F90 at line:     2611
 clm now stopping
 -------------------------------------------
 Abort called by computing node          351 at 2026-01-15 12:11:31.659 +0100
 Execution terminated because of runtime error
Abort(1) on node 351 (rank 351 in comm 496): application called MPI_Abort(comm=0x84000002, 1) - process 351
 urban net longwave radiation error: no convergence
 urban net longwave radiation error: no convergence
 urban net longwave radiation error: no convergence
 Critical =                      NaN  > 0.001 !
 -------------- FATAL CALLED ---------------
 urban net longwave radiation error: no convergence
 Critical =                      NaN  > 0.001 !
 -------------- FATAL CALLED ---------------
  Fatal in file: mod_clm_urban.F90 at line:     2611
 clm now stopping
 -------------------------------------------
 urban net longwave radiation error: no convergence
 Critical =                      NaN  > 0.001 !
 -------------- FATAL CALLED ---------------
  Fatal in file: mod_clm_urban.F90 at line:     2611
 clm now stopping
 -------------------------------------------
 Abort called by computing node          357 at 2026-01-15 12:11:31.659 +0100
 Execution terminated because of runtime error
Abort(1) on node 357 (rank 357 in comm 496): application called MPI_Abort(comm=0x84000002, 1) - process 357
 urban net longwave radiation error: no convergence
 Critical =                      NaN  > 0.001 !
 -------------- FATAL CALLED ---------------
 urban net longwave radiation error: no convergence
 Critical =                      NaN  > 0.001 !
 -------------- FATAL CALLED ---------------
 urban net longwave radiation error: no convergence
 Critical =                      NaN  > 0.001 !
 -------------- FATAL CALLED ---------------
  Fatal in file: mod_clm_urban.F90 at line:     2611
 clm now stopping
 -------------------------------------------
 Abort called by computing node          360 at 2026-01-15 12:11:31.659 +0100
 Execution terminated because of runtime error
Abort(1) on node 360 (rank 360 in comm 496): application called MPI_Abort(comm=0x84000002, 1) - process 360
 urban net longwave radiation error: no convergence
 Critical =                      NaN  > 0.001 !
 -------------- FATAL CALLED ---------------
 urban net longwave radiation error: no convergence
 urban net longwave radiation error: no convergence
 Critical =                      NaN  > 0.001 !
 -------------- FATAL CALLED ---------------
  Fatal in file: mod_clm_urban.F90 at line:     2611
 clm now stopping
 -------------------------------------------
 Abort called by computing node          363 at 2026-01-15 12:11:31.659 +0100
 Execution terminated because of runtime error
Abort(1) on node 363 (rank 363 in comm 496): application called MPI_Abort(comm=0x84000002, 1) - process 363
 Critical =                      NaN  > 0.001 !
 -------------- FATAL CALLED ---------------
 urban net longwave radiation error: no convergence
 Critical =                      NaN  > 0.001 !
 -------------- FATAL CALLED ---------------
 urban net longwave radiation error: no convergence
 Critical =                      NaN  > 0.001 !
 -------------- FATAL CALLED ---------------
  Fatal in file: mod_clm_urban.F90 at line:     2611
 clm now stopping
 -------------------------------------------
 Abort called by computing node          371 at 2026-01-15 12:11:31.659 +0100
 Execution terminated because of runtime error
Abort(1) on node 371 (rank 371 in comm 496): application called MPI_Abort(comm=0x84000002, 1) - process 371
 urban net longwave radiation error: no convergence
 urban net longwave radiation error: no convergence
 urban net longwave radiation error: no convergence
 Critical =                      NaN  > 0.001 !
 -------------- FATAL CALLED ---------------
  Fatal in file: mod_clm_urban.F90 at line:     2611
 clm now stopping
 -------------------------------------------
 Abort called by computing node          390 at 2026-01-15 12:11:31.659 +0100
 Execution terminated because of runtime error
Abort(1) on node 390 (rank 390 in comm 496): application called MPI_Abort(comm=0x84000002, 1) - process 390
 urban net longwave radiation error: no convergence
 Critical =                      NaN  > 0.001 !
 -------------- FATAL CALLED ---------------
 Critical =                      NaN  > 0.001 !
 -------------- FATAL CALLED ---------------
 urban net longwave radiation error: no convergence
 Critical =                      NaN  > 0.001 !
 -------------- FATAL CALLED ---------------
  Fatal in file: mod_clm_urban.F90 at line:     2611
 clm now stopping
 -------------------------------------------
 Abort called by computing node          374 at 2026-01-15 12:11:31.659 +0100
 Execution terminated because of runtime error
Abort(1) on node 374 (rank 374 in comm 496): application called MPI_Abort(comm=0x84000002, 1) - process 374
 urban net longwave radiation error: no convergence
 urban net longwave radiation error: no convergence
  Fatal in file: mod_clm_urban.F90 at line:     2611
 clm now stopping
 -------------------------------------------
 urban net longwave radiation error: no convergence
  Fatal in file: mod_clm_urban.F90 at line:     2611
 clm now stopping
 -------------------------------------------
  Fatal in file: mod_clm_urban.F90 at line:     2611
 clm now stopping
 -------------------------------------------
  Fatal in file: mod_clm_urban.F90 at line:     2611
 clm now stopping
 -------------------------------------------
  Fatal in file: mod_clm_urban.F90 at line:     2611
 clm now stopping
 -------------------------------------------
 urban net longwave radiation error: no convergence
 urban net longwave radiation error: no convergence
 Critical =                      NaN  > 0.001 !
 -------------- FATAL CALLED ---------------
 urban net longwave radiation error: no convergence
 urban net longwave radiation error: no convergence
  Fatal in file: mod_clm_urban.F90 at line:     2611
 clm now stopping
 -------------------------------------------
  Fatal in file: mod_clm_urban.F90 at line:     2611
 clm now stopping
 -------------------------------------------
 Abort called by computing node          282 at 2026-01-15 12:11:31.660 +0100
 Execution terminated because of runtime error
Abort(1) on node 282 (rank 282 in comm 496): application called MPI_Abort(comm=0x84000002, 1) - process 282
 urban net longwave radiation error: no convergence
 urban net longwave radiation error: no convergence
  Fatal in file: mod_clm_urban.F90 at line:     2611
 clm now stopping
 -------------------------------------------
 Critical =                      NaN  > 0.001 !
 -------------- FATAL CALLED ---------------
 urban net longwave radiation error: no convergence
 urban net longwave radiation error: no convergence
 Abort called by computing node          186 at 2026-01-15 12:11:31.659 +0100
 Execution terminated because of runtime error
 urban net longwave radiation error: no convergence
 Critical =                      NaN  > 0.001 !
 -------------- FATAL CALLED ---------------
 Critical =                      NaN  > 0.001 !
 -------------- FATAL CALLED ---------------
  Fatal in file: mod_clm_urban.F90 at line:     2611
 clm now stopping
 -------------------------------------------
  Fatal in file: mod_clm_urban.F90 at line:     2611
 clm now stopping
 -------------------------------------------
 Abort called by computing node          181 at 2026-01-15 12:11:31.659 +0100
 Execution terminated because of runtime error
Abort(1) on node 181 (rank 181 in comm 496): application called MPI_Abort(comm=0x84000002, 1) - process 181
 Abort called by computing node          313 at 2026-01-15 12:11:31.660 +0100
 Execution terminated because of runtime error
Abort(1) on node 313 (rank 313 in comm 496): application called MPI_Abort(comm=0x84000002, 1) - process 313
 Abort called by computing node          184 at 2026-01-15 12:11:31.659 +0100
 Execution terminated because of runtime error
Abort(1) on node 184 (rank 184 in comm 496): application called MPI_Abort(comm=0x84000002, 1) - process 184
 urban net longwave radiation error: no convergence
Abort(1) on node 186 (rank 186 in comm 496): application called MPI_Abort(comm=0x84000002, 1) - process 186
 Abort called by computing node          268 at 2026-01-15 12:11:31.660 +0100
 Execution terminated because of runtime error
Abort(1) on node 268 (rank 268 in comm 496): application called MPI_Abort(comm=0x84000002, 1) - process 268
 urban net longwave radiation error: no convergence
  Fatal in file: mod_clm_urban.F90 at line:     2611
 clm now stopping
 -------------------------------------------
 urban net longwave radiation error: no convergence
 Critical =                      NaN  > 0.001 !
 -------------- FATAL CALLED ---------------
 Critical =                      NaN  > 0.001 !
 -------------- FATAL CALLED ---------------
  Fatal in file: mod_clm_urban.F90 at line:     2611
 clm now stopping
 -------------------------------------------
  Fatal in file: mod_clm_urban.F90 at line:     2611
 clm now stopping
 -------------------------------------------
 Abort called by computing node          193 at 2026-01-15 12:11:31.659 +0100
 Execution terminated because of runtime error
Abort(1) on node 193 (rank 193 in comm 496): application called MPI_Abort(comm=0x84000002, 1) - process 193
 Abort called by computing node          333 at 2026-01-15 12:11:31.660 +0100
 Execution terminated because of runtime error
Abort(1) on node 333 (rank 333 in comm 496): application called MPI_Abort(comm=0x84000002, 1) - process 333
 Abort called by computing node          196 at 2026-01-15 12:11:31.659 +0100
 Execution terminated because of runtime error
Abort(1) on node 196 (rank 196 in comm 496): application called MPI_Abort(comm=0x84000002, 1) - process 196
 urban net longwave radiation error: no convergence
 Abort called by computing node          201 at 2026-01-15 12:11:31.659 +0100
 Execution terminated because of runtime error
Abort(1) on node 201 (rank 201 in comm 496): application called MPI_Abort(comm=0x84000002, 1) - process 201
 Abort called by computing node          323 at 2026-01-15 12:11:31.660 +0100
 Execution terminated because of runtime error
Abort(1) on node 323 (rank 323 in comm 496): application called MPI_Abort(comm=0x84000002, 1) - process 323
 Critical =                      NaN  > 0.001 !
 -------------- FATAL CALLED ---------------
 Critical =                      NaN  > 0.001 !
 -------------- FATAL CALLED ---------------
 Critical =                      NaN  > 0.001 !
 -------------- FATAL CALLED ---------------
  Fatal in file: mod_clm_urban.F90 at line:     2611
 clm now stopping
 -------------------------------------------
  Fatal in file: mod_clm_urban.F90 at line:     2611
 clm now stopping
 -------------------------------------------
 urban net longwave radiation error: no convergence
 Abort called by computing node          260 at 2026-01-15 12:11:31.660 +0100
 Execution terminated because of runtime error
Abort(1) on node 260 (rank 260 in comm 496): application called MPI_Abort(comm=0x84000002, 1) - process 260
  Fatal in file: mod_clm_urban.F90 at line:     2611
 clm now stopping
 -------------------------------------------
 urban net longwave radiation error: no convergence
 urban net longwave radiation error: no convergence
  Fatal in file: mod_clm_urban.F90 at line:     2611
 clm now stopping
 -------------------------------------------
  Fatal in file: mod_clm_urban.F90 at line:     2611
 clm now stopping
 -------------------------------------------
 Critical =                      NaN  > 0.001 !
 -------------- FATAL CALLED ---------------
 Critical =                      NaN  > 0.001 !
 -------------- FATAL CALLED ---------------
 Critical =                      NaN  > 0.001 !
 -------------- FATAL CALLED ---------------
 Critical =                      NaN  > 0.001 !
 -------------- FATAL CALLED ---------------
  Fatal in file: mod_clm_urban.F90 at line:     2611
 clm now stopping
 -------------------------------------------
 Abort called by computing node          306 at 2026-01-15 12:11:31.660 +0100
 Execution terminated because of runtime error
Abort(1) on node 306 (rank 306 in comm 496): application called MPI_Abort(comm=0x84000002, 1) - process 306
 urban net longwave radiation error: no convergence
 urban net longwave radiation error: no convergence
 Abort called by computing node          173 at 2026-01-15 12:11:31.659 +0100
 Execution terminated because of runtime error
Abort(1) on node 173 (rank 173 in comm 496): application called MPI_Abort(comm=0x84000002, 1) - process 173
  Fatal in file: mod_clm_urban.F90 at line:     2611
 clm now stopping
 -------------------------------------------
 urban net longwave radiation error: no convergence
 Abort called by computing node          261 at 2026-01-15 12:11:31.660 +0100
 Execution terminated because of runtime error
Abort(1) on node 261 (rank 261 in comm 496): application called MPI_Abort(comm=0x84000002, 1) - process 261
 urban net longwave radiation error: no convergence
 Critical =                      NaN  > 0.001 !
 -------------- FATAL CALLED ---------------
  Fatal in file: mod_clm_urban.F90 at line:     2611
 clm now stopping
 -------------------------------------------
 urban net longwave radiation error: no convergence
 Abort called by computing node          215 at 2026-01-15 12:11:31.659 +0100
 Execution terminated because of runtime error
Abort(1) on node 215 (rank 215 in comm 496): application called MPI_Abort(comm=0x84000002, 1) - process 215
 Abort called by computing node          244 at 2026-01-15 12:11:31.660 +0100
 Execution terminated because of runtime error
Abort(1) on node 244 (rank 244 in comm 496): application called MPI_Abort(comm=0x84000002, 1) - process 244
 urban net longwave radiation error: no convergence
  Fatal in file: mod_clm_urban.F90 at line:     2611
 clm now stopping
 -------------------------------------------
 Critical =                      NaN  > 0.001 !
 -------------- FATAL CALLED ---------------
 Critical =                      NaN  > 0.001 !
 -------------- FATAL CALLED ---------------
 Abort called by computing node          188 at 2026-01-15 12:11:31.659 +0100
 Execution terminated because of runtime error
Abort(1) on node 188 (rank 188 in comm 496): application called MPI_Abort(comm=0x84000002, 1) - process 188
 urban net longwave radiation error: no convergence
  Fatal in file: mod_clm_urban.F90 at line:     2611
 clm now stopping
 -------------------------------------------
 urban net longwave radiation error: no convergence
 Critical =                      NaN  > 0.001 !
 -------------- FATAL CALLED ---------------
 Critical =                      NaN  > 0.001 !
 -------------- FATAL CALLED ---------------
 Abort called by computing node          206 at 2026-01-15 12:11:31.659 +0100
 Execution terminated because of runtime error
Abort(1) on node 206 (rank 206 in comm 496): application called MPI_Abort(comm=0x84000002, 1) - process 206
  Fatal in file: mod_clm_urban.F90 at line:     2611
 clm now stopping
 -------------------------------------------
 Abort called by computing node          218 at 2026-01-15 12:11:31.659 +0100
 Execution terminated because of runtime error
Abort(1) on node 218 (rank 218 in comm 496): application called MPI_Abort(comm=0x84000002, 1) - process 218
 Abort called by computing node          285 at 2026-01-15 12:11:31.660 +0100
 Execution terminated because of runtime error
Abort(1) on node 285 (rank 285 in comm 496): application called MPI_Abort(comm=0x84000002, 1) - process 285
 Critical =                      NaN  > 0.001 !
 -------------- FATAL CALLED ---------------
  Fatal in file: mod_clm_urban.F90 at line:     2611
 clm now stopping
 Critical =                      NaN  > 0.001 !
 -------------- FATAL CALLED ---------------
 urban net longwave radiation error: no convergence
 Abort called by computing node          224 at 2026-01-15 12:11:31.660 +0100
 Execution terminated because of runtime error
  Fatal in file: mod_clm_urban.F90 at line:     2611
 clm now stopping
 -------------------------------------------
  Fatal in file: mod_clm_urban.F90 at line:     2611
 clm now stopping
 -------------------------------------------
 urban net longwave radiation error: no convergence
 Critical =                      NaN  > 0.001 !
 -------------- FATAL CALLED ---------------
  Fatal in file: mod_clm_urban.F90 at line:     2611
 clm now stopping
 -------------------------------------------
 Critical =                      NaN  > 0.001 !
 -------------- FATAL CALLED ---------------
 Abort called by computing node          198 at 2026-01-15 12:11:31.659 +0100
 Execution terminated because of runtime error
Abort(1) on node 198 (rank 198 in comm 496): application called MPI_Abort(comm=0x84000002, 1) - process 198
 urban net longwave radiation error: no convergence
 Critical =                      NaN  > 0.001 !
 -------------- FATAL CALLED ---------------
  Fatal in file: mod_clm_urban.F90 at line:     2611
 clm now stopping
 -------------------------------------------
  Fatal in file: mod_clm_urban.F90 at line:     2611
 clm now stopping
 -------------------------------------------
 Critical =                      NaN  > 0.001 !
 -------------- FATAL CALLED ---------------
Abort(1) on node 224 (rank 224 in comm 496): application called MPI_Abort(comm=0x84000003, 1) - process 224
 -------------------------------------------
 Abort called by computing node          299 at 2026-01-15 12:11:31.660 +0100
 Execution terminated because of runtime error
 Abort called by computing node          163 at 2026-01-15 12:11:31.659 +0100
 Execution terminated because of runtime error
Abort(1) on node 163 (rank 163 in comm 496): application called MPI_Abort(comm=0x84000002, 1) - process 163
 Critical =                      NaN  > 0.001 !
 -------------- FATAL CALLED ---------------
 urban net longwave radiation error: no convergence
  Fatal in file: mod_clm_urban.F90 at line:     2611
 clm now stopping
 -------------------------------------------
 Critical =                      NaN  > 0.001 !
 -------------- FATAL CALLED ---------------
  Fatal in file: mod_clm_urban.F90 at line:     2611
 clm now stopping
 -------------------------------------------
 urban net longwave radiation error: no convergence
 Critical =                      NaN  > 0.001 !
 -------------- FATAL CALLED ---------------
  Fatal in file: mod_clm_urban.F90 at line:     2611
 clm now stopping
 -------------------------------------------
 Abort called by computing node          179 at 2026-01-15 12:11:31.659 +0100
 Execution terminated because of runtime error
Abort(1) on node 179 (rank 179 in comm 496): application called MPI_Abort(comm=0x84000002, 1) - process 179
Abort(1) on node 299 (rank 299 in comm 496): application called MPI_Abort(comm=0x84000002, 1) - process 299
 Abort called by computing node          183 at 2026-01-15 12:11:31.659 +0100
 Execution terminated because of runtime error
Abort(1) on node 183 (rank 183 in comm 496): application called MPI_Abort(comm=0x84000002, 1) - process 183
 Critical =                      NaN  > 0.001 !
 -------------- FATAL CALLED ---------------
  Fatal in file: mod_clm_urban.F90 at line:     2611
 clm now stopping
 -------------------------------------------
 Abort called by computing node          254 at 2026-01-15 12:11:31.660 +0100
 Execution terminated because of runtime error
Abort(1) on node 254 (rank 254 in comm 496): application called MPI_Abort(comm=0x84000002, 1) - process 254
 Critical =                      NaN  > 0.001 !
 -------------- FATAL CALLED ---------------
  Fatal in file: mod_clm_urban.F90 at line:     2611
 clm now stopping
 -------------------------------------------
 Critical =                      NaN  > 0.001 !
 -------------- FATAL CALLED ---------------
 Abort called by computing node          160 at 2026-01-15 12:11:31.660 +0100
 Execution terminated because of runtime error
Abort(1) on node 160 (rank 160 in comm 496): application called MPI_Abort(comm=0x84000002, 1) - process 160
  Fatal in file: mod_clm_urban.F90 at line:     2611
 clm now stopping
 -------------------------------------------
  Fatal in file: mod_clm_urban.F90 at line:     2611
 clm now stopping
 -------------------------------------------
 urban net longwave radiation error: no convergence
 Critical =                      NaN  > 0.001 !
 -------------- FATAL CALLED ---------------
 Abort called by computing node          227 at 2026-01-15 12:11:31.660 +0100
 Execution terminated because of runtime error
Abort(1) on node 227 (rank 227 in comm 496): application called MPI_Abort(comm=0x84000002, 1) - process 227
 Critical =                      NaN  > 0.001 !
 -------------- FATAL CALLED ---------------
 urban net longwave radiation error: no convergence
 Critical =                      NaN  > 0.001 !
 -------------- FATAL CALLED ---------------
  Fatal in file: mod_clm_urban.F90 at line:     2611
 clm now stopping
 -------------------------------------------
  Fatal in file: mod_clm_urban.F90 at line:     2611
 clm now stopping
 -------------------------------------------
 Abort called by computing node          166 at 2026-01-15 12:11:31.660 +0100
 Execution terminated because of runtime error
Abort(1) on node 166 (rank 166 in comm 496): application called MPI_Abort(comm=0x84000002, 1) - process 166
  Fatal in file: mod_clm_urban.F90 at line:     2611
 clm now stopping
 -------------------------------------------
  Fatal in file: mod_clm_urban.F90 at line:     2611
 clm now stopping
 -------------------------------------------
  Fatal in file: mod_clm_urban.F90 at line:     2611
 clm now stopping
 -------------------------------------------
 urban net longwave radiation error: no convergence
 Abort called by computing node          292 at 2026-01-15 12:11:31.660 +0100
 Execution terminated because of runtime error
Abort(1) on node 292 (rank 292 in comm 496): application called MPI_Abort(comm=0x84000002, 1) - process 292
 Critical =                      NaN  > 0.001 !
 -------------- FATAL CALLED ---------------
 Critical =                      NaN  > 0.001 !
 -------------- FATAL CALLED ---------------
 Abort called by computing node          221 at 2026-01-15 12:11:31.660 +0100
 Execution terminated because of runtime error
Abort(1) on node 221 (rank 221 in comm 496): application called MPI_Abort(comm=0x84000002, 1) - process 221
 Abort called by computing node          275 at 2026-01-15 12:11:31.660 +0100
 Execution terminated because of runtime error
Abort(1) on node 275 (rank 275 in comm 496): application called MPI_Abort(comm=0x84000002, 1) - process 275
 Abort called by computing node          157 at 2026-01-15 12:11:31.660 +0100
 Execution terminated because of runtime error
Abort(1) on node 157 (rank 157 in comm 496): application called MPI_Abort(comm=0x84000002, 1) - process 157
  Fatal in file: mod_clm_urban.F90 at line:     2611
 clm now stopping
 -------------------------------------------
 Abort called by computing node          158 at 2026-01-15 12:11:31.660 +0100
 Execution terminated because of runtime error
Abort(1) on node 158 (rank 158 in comm 496): application called MPI_Abort(comm=0x84000002, 1) - process 158
 Abort called by computing node          303 at 2026-01-15 12:11:31.660 +0100
 Execution terminated because of runtime error
  Fatal in file: mod_clm_urban.F90 at line:     2611
 clm now stopping
 -------------------------------------------
 urban net longwave radiation error: no convergence
 Abort called by computing node          167 at 2026-01-15 12:11:31.660 +0100
 Execution terminated because of runtime error
Abort(1) on node 167 (rank 167 in comm 496): application called MPI_Abort(comm=0x84000002, 1) - process 167
 Critical =                      NaN  > 0.001 !
 -------------- FATAL CALLED ---------------
 Critical =                      NaN  > 0.001 !
 -------------- FATAL CALLED ---------------
  Fatal in file: mod_clm_urban.F90 at line:     2611
 clm now stopping
 -------------------------------------------
 urban net longwave radiation error: no convergence
  Fatal in file: mod_clm_urban.F90 at line:     2611
 clm now stopping
 -------------------------------------------
Abort(1) on node 303 (rank 303 in comm 496): application called MPI_Abort(comm=0x84000002, 1) - process 303
 Abort called by computing node          161 at 2026-01-15 12:11:31.660 +0100
 Execution terminated because of runtime error
Abort(1) on node 161 (rank 161 in comm 496): application called MPI_Abort(comm=0x84000002, 1) - process 161
 urban net longwave radiation error: no convergence
 Abort called by computing node          164 at 2026-01-15 12:11:31.660 +0100
 Execution terminated because of runtime error
Abort(1) on node 164 (rank 164 in comm 496): application called MPI_Abort(comm=0x84000002, 1) - process 164
 Abort called by computing node          247 at 2026-01-15 12:11:31.660 +0100
 Execution terminated because of runtime error
Abort(1) on node 247 (rank 247 in comm 496): application called MPI_Abort(comm=0x84000002, 1) - process 247
 Abort called by computing node          169 at 2026-01-15 12:11:31.660 +0100
 Execution terminated because of runtime error
Abort(1) on node 169 (rank 169 in comm 496): application called MPI_Abort(comm=0x84000002, 1) - process 169
 Critical =                      NaN  > 0.001 !
 -------------- FATAL CALLED ---------------
 Abort called by computing node          203 at 2026-01-15 12:11:31.660 +0100
 Execution terminated because of runtime error
Abort(1) on node 203 (rank 203 in comm 496): application called MPI_Abort(comm=0x84000002, 1) - process 203
 urban net longwave radiation error: no convergence
 Abort called by computing node          212 at 2026-01-15 12:11:31.660 +0100
 Execution terminated because of runtime error
Abort(1) on node 212 (rank 212 in comm 496): application called MPI_Abort(comm=0x84000002, 1) - process 212
  Fatal in file: mod_clm_urban.F90 at line:     2611
 clm now stopping
 -------------------------------------------
  Fatal in file: mod_clm_urban.F90 at line:     2611
 clm now stopping
 -------------------------------------------
 Abort called by computing node          230 at 2026-01-15 12:11:31.660 +0100
 Execution terminated because of runtime error
Abort(1) on node 230 (rank 230 in comm 496): application called MPI_Abort(comm=0x84000002, 1) - process 230
 Abort called by computing node          271 at 2026-01-15 12:11:31.660 +0100
 Execution terminated because of runtime error
Abort(1) on node 271 (rank 271 in comm 496): application called MPI_Abort(comm=0x84000002, 1) - process 271
 Critical =                      NaN  > 0.001 !
 -------------- FATAL CALLED ---------------
 Abort called by computing node          243 at 2026-01-15 12:11:31.660 +0100
 Execution terminated because of runtime error
Abort(1) on node 243 (rank 243 in comm 496): application called MPI_Abort(comm=0x84000002, 1) - process 243
  Fatal in file: mod_clm_urban.F90 at line:     2611
 clm now stopping
 -------------------------------------------
 Critical =                      NaN  > 0.001 !
 -------------- FATAL CALLED ---------------
 Critical =                      NaN  > 0.001 !
 -------------- FATAL CALLED ---------------
  Fatal in file: mod_clm_urban.F90 at line:     2611
 clm now stopping
 -------------------------------------------
 Abort called by computing node          326 at 2026-01-15 12:11:31.660 +0100
 Execution terminated because of runtime error
Abort(1) on node 326 (rank 326 in comm 496): application called MPI_Abort(comm=0x84000002, 1) - process 326
 Critical =                      NaN  > 0.001 !
 -------------- FATAL CALLED ---------------
 Critical =                      NaN  > 0.001 !
 -------------- FATAL CALLED ---------------
 Abort called by computing node          257 at 2026-01-15 12:11:31.661 +0100
 Execution terminated because of runtime error
 Critical =                      NaN  > 0.001 !
 -------------- FATAL CALLED ---------------
 Abort called by computing node          267 at 2026-01-15 12:11:31.661 +0100
 Execution terminated because of runtime error
Abort(1) on node 267 (rank 267 in comm 496): application called MPI_Abort(comm=0x84000002, 1) - process 267
  Fatal in file: mod_clm_urban.F90 at line:     2611
 clm now stopping
 -------------------------------------------
 Critical =                      NaN  > 0.001 !
 -------------- FATAL CALLED ---------------
  Fatal in file: mod_clm_urban.F90 at line:     2611
 clm now stopping
 -------------------------------------------
 Abort called by computing node          296 at 2026-01-15 12:11:31.660 +0100
 Execution terminated because of runtime error
Abort(1) on node 296 (rank 296 in comm 496): application called MPI_Abort(comm=0x84000002, 1) - process 296
 Critical =                      NaN  > 0.001 !
 -------------- FATAL CALLED ---------------
  Fatal in file: mod_clm_urban.F90 at line:     2611
 clm now stopping
 -------------------------------------------
  Fatal in file: mod_clm_urban.F90 at line:     2611
 clm now stopping
 -------------------------------------------
Abort(1) on node 257 (rank 257 in comm 496): application called MPI_Abort(comm=0x84000002, 1) - process 257
  Fatal in file: mod_clm_urban.F90 at line:     2611
 clm now stopping
 -------------------------------------------
 Abort called by computing node          289 at 2026-01-15 12:11:31.661 +0100
 Execution terminated because of runtime error
  Fatal in file: mod_clm_urban.F90 at line:     2611
 clm now stopping
 -------------------------------------------
 Abort called by computing node          274 at 2026-01-15 12:11:31.661 +0100
 Execution terminated because of runtime error
Abort(1) on node 274 (rank 274 in comm 496): application called MPI_Abort(comm=0x84000002, 1) - process 274
  Fatal in file: mod_clm_urban.F90 at line:     2611
 clm now stopping
 -------------------------------------------
Abort(1) on node 289 (rank 289 in comm 496): application called MPI_Abort(comm=0x84000002, 1) - process 289
 Abort called by computing node          310 at 2026-01-15 12:11:31.661 +0100
 Execution terminated because of runtime error
 Abort called by computing node          240 at 2026-01-15 12:11:31.661 +0100
 Execution terminated because of runtime error
 Abort called by computing node          250 at 2026-01-15 12:11:31.661 +0100
 Execution terminated because of runtime error
Abort(1) on node 250 (rank 250 in comm 496): application called MPI_Abort(comm=0x84000002, 1) - process 250
 Abort called by computing node          264 at 2026-01-15 12:11:31.661 +0100
 Execution terminated because of runtime error
Abort(1) on node 264 (rank 264 in comm 496): application called MPI_Abort(comm=0x84000002, 1) - process 264
 Abort called by computing node          278 at 2026-01-15 12:11:31.661 +0100
 Execution terminated because of runtime error
Abort(1) on node 278 (rank 278 in comm 496): application called MPI_Abort(comm=0x84000002, 1) - process 278
Abort(1) on node 310 (rank 310 in comm 496): application called MPI_Abort(comm=0x84000002, 1) - process 310
 Abort called by computing node          320 at 2026-01-15 12:11:31.661 +0100
 Execution terminated because of runtime error
Abort(1) on node 320 (rank 320 in comm 496): application called MPI_Abort(comm=0x84000002, 1) - process 320
Abort(1) on node 240 (rank 240 in comm 496): application called MPI_Abort(comm=0x84000002, 1) - process 240
 Critical =                      NaN  > 0.001 !
 -------------- FATAL CALLED ---------------
  Fatal in file: mod_clm_urban.F90 at line:     2611
 clm now stopping
 -------------------------------------------
 Abort called by computing node          354 at 2026-01-15 12:11:31.659 +0100
 Execution terminated because of runtime error
Abort(1) on node 354 (rank 354 in comm 496): application called MPI_Abort(comm=0x84000002, 1) - process 354
 Critical =                      NaN  > 0.001 !
 -------------- FATAL CALLED ---------------
  Fatal in file: mod_clm_urban.F90 at line:     2611
 clm now stopping
 -------------------------------------------
 Abort called by computing node          171 at 2026-01-15 12:11:31.660 +0100
 Execution terminated because of runtime error
Abort(1) on node 171 (rank 171 in comm 496): application called MPI_Abort(comm=0x84000002, 1) - process 171
 urban net longwave radiation error: no convergence
 Critical =                      NaN  > 0.001 !
 -------------- FATAL CALLED ---------------
  Fatal in file: mod_clm_urban.F90 at line:     2611
 clm now stopping
 -------------------------------------------
 Abort called by computing node          366 at 2026-01-15 12:11:31.662 +0100
 Execution terminated because of runtime error
Abort(1) on node 366 (rank 366 in comm 496): application called MPI_Abort(comm=0x84000002, 1) - process 366
 urban net longwave radiation error: no convergence
 Critical =                      NaN  > 0.001 !
 -------------- FATAL CALLED ---------------
  Fatal in file: mod_clm_urban.F90 at line:     2611
 clm now stopping
 -------------------------------------------
 Abort called by computing node          191 at 2026-01-15 12:11:31.661 +0100
 Execution terminated because of runtime error
Abort(1) on node 191 (rank 191 in comm 496): application called MPI_Abort(comm=0x84000002, 1) - process 191
 urban net longwave radiation error: no convergence
 Critical =                      NaN  > 0.001 !
 -------------- FATAL CALLED ---------------
  Fatal in file: mod_clm_urban.F90 at line:     2611
 clm now stopping
 -------------------------------------------
 Abort called by computing node          177 at 2026-01-15 12:11:31.662 +0100
 Execution terminated because of runtime error
Abort(1) on node 177 (rank 177 in comm 496): application called MPI_Abort(comm=0x84000002, 1) - process 177
 urban net longwave radiation error: no convergence
 Critical =                      NaN  > 0.001 !
 -------------- FATAL CALLED ---------------
  Fatal in file: mod_clm_urban.F90 at line:     2611
 clm now stopping
 -------------------------------------------
 Abort called by computing node          175 at 2026-01-15 12:11:31.662 +0100
 Execution terminated because of runtime error
Abort(1) on node 175 (rank 175 in comm 496): application called MPI_Abort(comm=0x84000002, 1) - process 175
 urban net longwave radiation error: no convergence
 Critical =                      NaN  > 0.001 !
 -------------- FATAL CALLED ---------------
  Fatal in file: mod_clm_urban.F90 at line:     2611
 clm now stopping
 -------------------------------------------
 Abort called by computing node          209 at 2026-01-15 12:11:31.662 +0100
 Execution terminated because of runtime error
Abort(1) on node 209 (rank 209 in comm 496): application called MPI_Abort(comm=0x84000002, 1) - process 209
 urban net longwave radiation error: no convergence
 Critical =                      NaN  > 0.001 !
 -------------- FATAL CALLED ---------------
  Fatal in file: mod_clm_urban.F90 at line:     2611
 clm now stopping
 -------------------------------------------
 Abort called by computing node          234 at 2026-01-15 12:11:31.662 +0100
 Execution terminated because of runtime error
Abort(1) on node 234 (rank 234 in comm 496): application called MPI_Abort(comm=0x84000002, 1) - process 234
 Critical =                      NaN  > 0.001 !
 -------------- FATAL CALLED ---------------
  Fatal in file: mod_clm_urban.F90 at line:     2611
 clm now stopping
 -------------------------------------------
 Abort called by computing node          316 at 2026-01-15 12:11:31.661 +0100
 Execution terminated because of runtime error
Abort(1) on node 316 (rank 316 in comm 496): application called MPI_Abort(comm=0x84000002, 1) - process 316
 urban net longwave radiation error: no convergence
 Critical =                      NaN  > 0.001 !
 -------------- FATAL CALLED ---------------
  Fatal in file: mod_clm_urban.F90 at line:     2611
 clm now stopping
 -------------------------------------------
 Abort called by computing node          330 at 2026-01-15 12:11:31.663 +0100
 Execution terminated because of runtime error
Abort(1) on node 330 (rank 330 in comm 496): application called MPI_Abort(comm=0x84000002, 1) - process 330
