
  This is Terrain part of RegCM package version 5
   GIT Revision: 5.0.1 compiled at: data : Dec 03 2024  time: 16:32:11

 : this run start at  : 2025-12-18 23:08:34+0100
 : it is submitted by : mdasilva
 : it is running on   : lrdn3759.leonardo.local
 : in directory       : 
 /leonardo/home/userexternal/mdasilva/github_projects/shell/ictp/regcm_exp/tcycl
 one/article/domain_small/ctrl
                      
 Using non hydrostatic Moloch dynamic
 
 Doing Horizontal Grid with following parameters
 iy     =          644
 jx     =          644
 kz     =           51
 ds     =    4.44795693794183     
 clat   =    9.00000000000000     
 clon   =   -95.0000000000000     
 iproj  = ROTLLR
 Grid setup done
 Geo mapping done
 Calculated large extrema:
          MINLAT =   -7.00000000000000     
          MAXLAT =    25.0000000000000     
          MINLON =   -111.000000000000     
          MAXLON =   -81.0000000000000     
 Determined Grid coordinate range
 No resampling used.
 Static DEM data successfully read in
 Interpolated DEM on model GRID
 Static landcover BATS data successfully read in
 Interpolated landcover on model GRID
 Static texture data successfully read in
 Interpolated texture on model GRID
 Static bathymetry data successfully read in
 Interpolated bathymetry on model GRID
 Fudging data (if requested) succeeded
 Skip moisture creation, no moisture file to read
 Vertical Grid Description (mean over domain)
 
 --------------------------------------------------
 k        sigma       p(mb)          h(m)      T(K)
 --------------------------------------------------
 52       1.000     1013.25          0.00     288.1
 51       0.980     1005.79         62.29     287.7
 50       0.961      997.91        128.45     287.3
 49       0.941      989.60        198.78     286.9
 48       0.922      980.81        273.61     286.4
 47       0.902      971.53        353.26     285.9
 46       0.882      961.72        438.10     285.3
 45       0.863      951.35        528.52     284.7
 44       0.843      940.40        624.92     284.1
 43       0.824      928.83        727.74     283.4
 42       0.804      916.61        837.44     282.7
 41       0.784      903.71        954.52     282.0
 40       0.765      890.11       1079.51     281.1
 39       0.745      875.77       1212.97     280.3
 38       0.725      860.66       1355.49     279.4
 37       0.706      844.76       1507.72     278.4
 36       0.686      828.03       1670.33     277.3
 35       0.667      810.46       1844.06     276.2
 34       0.647      792.03       2029.67     275.0
 33       0.627      772.70       2228.00     273.7
 32       0.608      752.48       2439.91     272.3
 31       0.588      731.35       2666.35     270.8
 30       0.569      709.30       2908.32     269.3
 29       0.549      686.33       3166.89     267.6
 28       0.529      662.46       3443.19     265.8
 27       0.510      637.70       3738.45     263.9
 26       0.490      612.08       4053.94     261.8
 25       0.471      585.63       4391.07     259.7
 24       0.451      558.40       4751.30     257.3
 23       0.431      530.44       5136.20     254.8
 22       0.412      501.83       5547.45     252.1
 21       0.392      472.66       5986.85     249.3
 20       0.373      443.03       6456.30     246.2
 19       0.353      413.05       6957.85     243.0
 18       0.333      382.86       7493.66     239.5
 17       0.314      352.61       8066.06     235.8
 16       0.294      322.46       8677.54     231.8
 15       0.275      292.60       9330.72     227.6
 14       0.255      263.21      10028.44     223.1
 13       0.235      234.51      10773.70     218.2
 12       0.216      206.71      11569.72     216.6
 11       0.196      180.03      12419.92     217.7
 10       0.176      154.69      13327.98     218.1
  9       0.157      130.89      14297.78     218.5
  8       0.137      108.84      15333.51     219.0
  7       0.118       88.72      16439.62     219.5
  6       0.098       70.67      17620.84     220.0
  5       0.078       54.81      18882.26     220.6
  4       0.059       41.18      20229.29     221.2
  3       0.039       29.80      21667.69     221.8
  2       0.020       20.61      23203.64     222.5
  1      -0.000       13.48      24843.70     223.3
 Grid data written to output file
 Successfully completed terrain fields generation

  This is mksurfdata part of RegCM package version 5
   GIT Revision: 5.0.1 compiled at: data : Jan 27 2025  time: 11:58:15

 : this run start at  : 2025-12-18 23:15:12+0100
 : it is submitted by : mdasilva
 : it is running on   : lrdn3759.leonardo.local
 : in directory       : 
 /leonardo/home/userexternal/mdasilva/github_projects/shell/ictp/regcm_exp/tcycl
 one/article/domain_small/ctrl
                      
 Created topographic informations...
 Computing weights, R =      39.31474972 .......... Done.
 Computing weights, R =      11.79514432 .......... Done.
 Computing weights, R =      11.79442692 .......... Done.
 Computing weights, R =      11.79514432 .......... Done.
 Created special categories informations...
 Created pft informations...
 Computing weights, R =     117.94408035 .......... Done.
 Created lai/sai informations...
 Computing weights, R =      29.48606300 .......... Done.
 Computing weights, R =      11.79478669 .......... Done.
 Computing weights, R =      19.65767813 .......... Done.
 Created soil texture/color informations...
 Computing weights, R =     117.94408035 .......... Done.
 Computing weights, R =     117.94408035 .......... Done.
 Computing weights, R =     117.94408035 .......... Done.
 Created human population informations...
 Computing weights, R =     117.94408035 .......... Done.
 Computing weights, R =      19.65767670 .......... Done.
 Created VOC/horganic informations...
 Computing weights, R =      11.79514432 .......... Done.
 Computing weights, R =      11.79442692 .......... Done.
 Created LAKE/URBAN informations...
 Successfully completed CLM preprocessing.

  This is sst part of the RegCM version 5
   SVN Revision: 5.0.1 compiled at: data : Dec 03 2024  time: 16:32:23

 : this run start at    : 2025-12-18 23:20:47+0100
 : it is submitted by   : mdasilva
 : it is running on     : lrdn3759.leonardo.local
 : in directory         : 
 /leonardo/home/userexternal/mdasilva/github_projects/shell/ictp/regcm_exp/tcycl
 one/article/domain_small/ctrl
                       
 Opened /leonardo_work/ICT25_ESP/RCMDATA/ERA5/SSTD/sst_2023_10.nc
 Fill Value   =  -32767
 Add offset   =    289.042056362288     
 Scale factor =   6.040722982600369E-004
 Computing weights, R =      39.31469345 .......... Done.
 GLOBIDATE1 :  2023-10-19 00:00:00 UTC        
 GLOBIDATE2 :  2023-10-27 00:00:00 UTC        
 NSTEPS =            9
 WRITEN OUT SST DATA :  2023-10-19 00:00:00 UTC        
 WRITEN OUT SST DATA :  2023-10-20 00:00:00 UTC        
 WRITEN OUT SST DATA :  2023-10-21 00:00:00 UTC        
 WRITEN OUT SST DATA :  2023-10-22 00:00:00 UTC        
 WRITEN OUT SST DATA :  2023-10-23 00:00:00 UTC        
 WRITEN OUT SST DATA :  2023-10-24 00:00:00 UTC        
 WRITEN OUT SST DATA :  2023-10-25 00:00:00 UTC        
 WRITEN OUT SST DATA :  2023-10-26 00:00:00 UTC        
 WRITEN OUT SST DATA :  2023-10-27 00:00:00 UTC        
 Input ready at : Thu Dec 18 23:20:49 2025
 Successfully generated SST

  This is icbc part of the RegCM version 5
   SVN Revision: 5.0.1 compiled at: data : Aug 07 2025  time: 12:17:06

 : this run start at    : 2025-12-18 23:20:49+0100
 : it is submitted by   : mdasilva
 : it is running on     : lrdn3759.leonardo.local
 : in directory         : 
 /leonardo/home/userexternal/mdasilva/github_projects/shell/ictp/regcm_exp/tcycl
 one/article/domain_small/ctrl
                       
 Using Moloch non-hydrostatic dynamical core
 GLOBIDATE1 :  2023-10-19 00:00:00 UTC        
 GLOBIDATE2 :  2023-10-27 00:00:00 UTC        
 NSTEPS     :           33
 Computing weights, R =      39.31469345 .......... Done.
 Computing weights, R =      39.31469345 .......... Done.
 Computing weights, R =      39.31469345 .......... Done.
      131072 /leonardo_work/ICT25_ESP/RCMDATA/ERA5/2023/tatm_2023_10.nc
  2.061811361603481E-003   251.632628457112     
      196608 /leonardo_work/ICT25_ESP/RCMDATA/ERA5/2023/geop_2023_10.nc
   7.38400786626585        235635.714246067     
      262144 /leonardo_work/ICT25_ESP/RCMDATA/ERA5/2023/qhum_2023_10.nc
  4.024191313448453E-007  1.308834570112860E-002
      327680 /leonardo_work/ICT25_ESP/RCMDATA/ERA5/2023/uwnd_2023_10.nc
  3.369716814086629E-003   25.2393048266516     
      393216 /leonardo_work/ICT25_ESP/RCMDATA/ERA5/2023/vwnd_2023_10.nc
  2.907983430849009E-003   4.57844102781583     
 READ IN fields at DATE: 2023-10-19 00:00:00 UTC        
 READ IN fields at DATE: 2023-10-19 06:00:00 UTC        
 READ IN fields at DATE: 2023-10-19 12:00:00 UTC        
 READ IN fields at DATE: 2023-10-19 18:00:00 UTC        
 READ IN fields at DATE: 2023-10-20 00:00:00 UTC        
 READ IN fields at DATE: 2023-10-20 06:00:00 UTC        
 READ IN fields at DATE: 2023-10-20 12:00:00 UTC        
 READ IN fields at DATE: 2023-10-20 18:00:00 UTC        
 READ IN fields at DATE: 2023-10-21 00:00:00 UTC        
 READ IN fields at DATE: 2023-10-21 06:00:00 UTC        
 READ IN fields at DATE: 2023-10-21 12:00:00 UTC        
 READ IN fields at DATE: 2023-10-21 18:00:00 UTC        
 READ IN fields at DATE: 2023-10-22 00:00:00 UTC        
 READ IN fields at DATE: 2023-10-22 06:00:00 UTC        
 READ IN fields at DATE: 2023-10-22 12:00:00 UTC        
 READ IN fields at DATE: 2023-10-22 18:00:00 UTC        
 READ IN fields at DATE: 2023-10-23 00:00:00 UTC        
 READ IN fields at DATE: 2023-10-23 06:00:00 UTC        
 READ IN fields at DATE: 2023-10-23 12:00:00 UTC        
 READ IN fields at DATE: 2023-10-23 18:00:00 UTC        
 READ IN fields at DATE: 2023-10-24 00:00:00 UTC        
 READ IN fields at DATE: 2023-10-24 06:00:00 UTC        
 READ IN fields at DATE: 2023-10-24 12:00:00 UTC        
 READ IN fields at DATE: 2023-10-24 18:00:00 UTC        
 READ IN fields at DATE: 2023-10-25 00:00:00 UTC        
 READ IN fields at DATE: 2023-10-25 06:00:00 UTC        
 READ IN fields at DATE: 2023-10-25 12:00:00 UTC        
 READ IN fields at DATE: 2023-10-25 18:00:00 UTC        
 READ IN fields at DATE: 2023-10-26 00:00:00 UTC        
 READ IN fields at DATE: 2023-10-26 06:00:00 UTC        
 READ IN fields at DATE: 2023-10-26 12:00:00 UTC        
 READ IN fields at DATE: 2023-10-26 18:00:00 UTC        
 READ IN fields at DATE: 2023-10-27 00:00:00 UTC        
 Input ready at : Thu Dec 18 23:23:28 2025
 Successfully completed ICBC
