
  This is Terrain part of RegCM package version 5
   GIT Revision: 5.0.1 compiled at: data : Dec 03 2024  time: 16:32:11

 : this run start at  : 2026-06-01 16:51:30+0200
 : it is submitted by : mdasilva
 : it is running on   : lrdn4186.leonardo.local
 : in directory       : 
 /leonardo/home/userexternal/mdasilva/github_projects/shell/ictp/regcm_exp/otis_
 exp/article/exps_v5/domain_large/ctrl
                      
 Using non hydrostatic Moloch dynamic
 
 Doing Horizontal Grid with following parameters
 iy     =         1074
 jx     =         1174
 kz     =           51
 ds     =    4.44795693794183     
 clat   =    9.00000000000000     
 clon   =   -95.0000000000000     
 iproj  = ROTLLR
 Grid setup done
 Geo mapping done
 Calculated large extrema:
          MINLAT =   -17.0000000000000     
          MAXLAT =    36.0000000000000     
          MINLON =   -123.000000000000     
          MAXLON =   -71.0000000000000     
 Determined Grid coordinate range
 No resampling used.
 Static DEM data successfully read in
 Interpolated DEM on model GRID
 Static landcover BATS data successfully read in
 Interpolated landcover on model GRID
 Static texture data successfully read in
 Interpolated texture on model GRID
 Static bathymetry data successfully read in
 Interpolated bathymetry on model GRID
 Fudging data (if requested) succeeded
 Skip moisture creation, no moisture file to read
 Vertical Grid Description (mean over domain)
 
 --------------------------------------------------
 k        sigma       p(mb)          h(m)      T(K)
 --------------------------------------------------
 52       1.000     1013.25          0.00     288.1
 51       0.980     1005.79         62.25     287.7
 50       0.961      997.93        128.29     287.3
 49       0.941      989.64        198.43     286.9
 48       0.922      980.88        272.98     286.4
 47       0.902      971.64        352.30     285.9
 46       0.882      961.87        436.74     285.3
 45       0.863      951.56        526.69     284.7
 44       0.843      940.66        622.57     284.1
 43       0.824      929.15        724.81     283.4
 42       0.804      917.00        833.88     282.7
 41       0.784      904.18        950.27     282.0
 40       0.765      890.65       1074.53     281.2
 39       0.745      876.38       1207.21     280.3
 38       0.725      861.35       1348.92     279.4
 37       0.706      845.53       1500.30     278.4
 36       0.686      828.88       1662.03     277.4
 35       0.667      811.39       1834.84     276.2
 34       0.647      793.03       2019.51     275.0
 33       0.627      773.78       2216.87     273.8
 32       0.608      753.63       2427.79     272.4
 31       0.588      732.56       2653.23     270.9
 30       0.569      710.57       2894.18     269.4
 29       0.549      687.66       3151.72     267.7
 28       0.529      663.85       3426.98     265.9
 27       0.510      639.13       3721.19     264.0
 26       0.490      613.54       4035.64     262.0
 25       0.471      587.12       4371.73     259.8
 24       0.451      559.91       4730.91     257.4
 23       0.431      531.96       5114.78     255.0
 22       0.412      503.36       5525.02     252.3
 21       0.392      474.18       5963.41     249.4
 20       0.373      444.53       6431.87     246.4
 19       0.353      414.53       6932.45     243.2
 18       0.333      384.30       7467.32     239.7
 17       0.314      354.00       8038.81     236.0
 16       0.294      323.80       8649.40     232.0
 15       0.275      293.87       9301.73     227.8
 14       0.255      264.42       9998.64     223.3
 13       0.235      235.64      10743.12     218.4
 12       0.216      207.75      11538.41     216.6
 11       0.196      180.98      12387.93     217.7
 10       0.176      155.55      13295.35     218.1
  9       0.157      131.65      14264.58     218.5
  8       0.137      109.51      15299.79     219.0
  7       0.118       89.29      16405.43     219.5
  6       0.098       71.16      17586.25     220.0
  5       0.078       55.20      18847.33     220.6
  4       0.059       41.50      20194.09     221.2
  3       0.039       30.05      21632.30     221.8
  2       0.020       20.79      23168.12     222.5
  1      -0.000       13.61      24808.15     223.2
 Grid data written to output file
 Successfully completed terrain fields generation

  This is mksurfdata part of RegCM package version 5
   GIT Revision: 5.0.1 compiled at: data : Jan 27 2025  time: 11:58:15

 : this run start at  : 2026-06-01 16:51:38+0200
 : it is submitted by : mdasilva
 : it is running on   : lrdn4186.leonardo.local
 : in directory       : 
 /leonardo/home/userexternal/mdasilva/github_projects/shell/ictp/regcm_exp/otis_
 exp/article/exps_v5/domain_large/ctrl
                      
 Created topographic informations...
 Computing weights, R =      39.31474972 .......... Done.
 Computing weights, R =      11.79514432 .......... Done.
 Computing weights, R =      11.79442692 .......... Done.
 Computing weights, R =      11.79514432 .......... Done.
 Created special categories informations...
 Created pft informations...
 Computing weights, R =     117.94408035 .......... Done.
 Created lai/sai informations...
 Computing weights, R =      29.48606300 .......... Done.
 Computing weights, R =      11.79478669 .......... Done.
 Computing weights, R =      19.65767813 .......... Done.
 Created soil texture/color informations...
 Computing weights, R =     117.94408035 .......... Done.
 Computing weights, R =     117.94408035 .......... Done.
 Computing weights, R =     117.94408035 .......... Done.
 Created human population informations...
 Computing weights, R =     117.94408035 .......... Done.
 Computing weights, R =      19.65767670 .......... Done.
 Created VOC/horganic informations...
 Computing weights, R =      11.79514432 .......... Done.
 Computing weights, R =      11.79442692 .......... Done.
 Created LAKE/URBAN informations...
 Successfully completed CLM preprocessing.

  This is sst part of the RegCM version 5
   SVN Revision: 5.0.1 compiled at: data : Dec 03 2024  time: 16:32:23

 : this run start at    : 2026-06-01 17:07:17+0200
 : it is submitted by   : mdasilva
 : it is running on     : lrdn4186.leonardo.local
 : in directory         : 
 /leonardo/home/userexternal/mdasilva/github_projects/shell/ictp/regcm_exp/otis_
 exp/article/exps_v5/domain_large/ctrl
                       
 Opened /leonardo_work/ICT26_ESP/RCMDATA/ERA5/SSTD/sst_2023_10.nc
 Fill Value   =  -32767
 Add offset   =    289.042056362288     
 Scale factor =   6.040722982600369E-004
 Computing weights, R =      39.31469345 .......... Done.
 GLOBIDATE1 :  2023-10-20 00:00:00 UTC        
 GLOBIDATE2 :  2023-10-27 00:00:00 UTC        
 NSTEPS =            8
 WRITEN OUT SST DATA :  2023-10-20 00:00:00 UTC        
 WRITEN OUT SST DATA :  2023-10-21 00:00:00 UTC        
 WRITEN OUT SST DATA :  2023-10-22 00:00:00 UTC        
 WRITEN OUT SST DATA :  2023-10-23 00:00:00 UTC        
 WRITEN OUT SST DATA :  2023-10-24 00:00:00 UTC        
 WRITEN OUT SST DATA :  2023-10-25 00:00:00 UTC        
 WRITEN OUT SST DATA :  2023-10-26 00:00:00 UTC        
 WRITEN OUT SST DATA :  2023-10-27 00:00:00 UTC        
 Input ready at : Mon Jun  1 17:07:20 2026
 Successfully generated SST

  This is icbc part of the RegCM version 5
   SVN Revision: 5.0.1 compiled at: data : Aug 07 2025  time: 12:17:06

 : this run start at    : 2026-06-01 17:07:20+0200
 : it is submitted by   : mdasilva
 : it is running on     : lrdn4186.leonardo.local
 : in directory         : 
 /leonardo/home/userexternal/mdasilva/github_projects/shell/ictp/regcm_exp/otis_
 exp/article/exps_v5/domain_large/ctrl
                       
 Using Moloch non-hydrostatic dynamical core
 GLOBIDATE1 :  2023-10-20 00:00:00 UTC        
 GLOBIDATE2 :  2023-10-27 00:00:00 UTC        
 NSTEPS     :           29
 Computing weights, R =      39.31469345 .......... Done.
 Computing weights, R =      39.31469345 .......... Done.
 Computing weights, R =      39.31469345 .......... Done.
      131072 /leonardo_work/ICT26_ESP/RCMDATA/ERA5/2023/tatm_2023_10.nc
  2.061811361603481E-003   251.632628457112     
      196608 /leonardo_work/ICT26_ESP/RCMDATA/ERA5/2023/geop_2023_10.nc
   7.38400786626585        235635.714246067     
      262144 /leonardo_work/ICT26_ESP/RCMDATA/ERA5/2023/qhum_2023_10.nc
  4.024191313448453E-007  1.308834570112860E-002
      327680 /leonardo_work/ICT26_ESP/RCMDATA/ERA5/2023/uwnd_2023_10.nc
  3.369716814086629E-003   25.2393048266516     
      393216 /leonardo_work/ICT26_ESP/RCMDATA/ERA5/2023/vwnd_2023_10.nc
  2.907983430849009E-003   4.57844102781583     
 READ IN fields at DATE: 2023-10-20 00:00:00 UTC        
 READ IN fields at DATE: 2023-10-20 06:00:00 UTC        
 READ IN fields at DATE: 2023-10-20 12:00:00 UTC        
 READ IN fields at DATE: 2023-10-20 18:00:00 UTC        
 READ IN fields at DATE: 2023-10-21 00:00:00 UTC        
 READ IN fields at DATE: 2023-10-21 06:00:00 UTC        
 READ IN fields at DATE: 2023-10-21 12:00:00 UTC        
 READ IN fields at DATE: 2023-10-21 18:00:00 UTC        
 READ IN fields at DATE: 2023-10-22 00:00:00 UTC        
 READ IN fields at DATE: 2023-10-22 06:00:00 UTC        
 READ IN fields at DATE: 2023-10-22 12:00:00 UTC        
 READ IN fields at DATE: 2023-10-22 18:00:00 UTC        
 READ IN fields at DATE: 2023-10-23 00:00:00 UTC        
 READ IN fields at DATE: 2023-10-23 06:00:00 UTC        
 READ IN fields at DATE: 2023-10-23 12:00:00 UTC        
 READ IN fields at DATE: 2023-10-23 18:00:00 UTC        
 READ IN fields at DATE: 2023-10-24 00:00:00 UTC        
 READ IN fields at DATE: 2023-10-24 06:00:00 UTC        
 READ IN fields at DATE: 2023-10-24 12:00:00 UTC        
 READ IN fields at DATE: 2023-10-24 18:00:00 UTC        
 READ IN fields at DATE: 2023-10-25 00:00:00 UTC        
 READ IN fields at DATE: 2023-10-25 06:00:00 UTC        
 READ IN fields at DATE: 2023-10-25 12:00:00 UTC        
 READ IN fields at DATE: 2023-10-25 18:00:00 UTC        
 READ IN fields at DATE: 2023-10-26 00:00:00 UTC        
 READ IN fields at DATE: 2023-10-26 06:00:00 UTC        
 READ IN fields at DATE: 2023-10-26 12:00:00 UTC        
 READ IN fields at DATE: 2023-10-26 18:00:00 UTC        
 READ IN fields at DATE: 2023-10-27 00:00:00 UTC        
 Input ready at : Mon Jun  1 17:15:49 2026
 Successfully completed ICBC
