ls: cannot access /marconi/home/userexternal/mdasilva/user/mdasilva/EUR-11/WDM7-Europe/pressure/*ATM.2001??*.nc: No such file or directory
cdi  warning (cdf_check_variables): Number of time steps undefined, skipped variable ps!
cdi  warning (cdf_check_variables): Number of time steps undefined, skipped variable pr!
cdi  warning (cdf_check_variables): Number of time steps undefined, skipped variable ts!
cdi  warning (cdf_check_variables): Number of time steps undefined, skipped variable ua!
cdi  warning (cdf_check_variables): Number of time steps undefined, skipped variable va!
cdi  warning (cdf_check_variables): Number of time steps undefined, skipped variable wa!
cdi  warning (cdf_check_variables): Number of time steps undefined, skipped variable ta!
cdi  warning (cdf_check_variables): Number of time steps undefined, skipped variable hus!
cdi  warning (cdf_check_variables): Number of time steps undefined, skipped variable clw!
cdi  warning (cdf_check_variables): Number of time steps undefined, skipped variable rh!
cdi  warning (cdf_check_variables): Number of time steps undefined, skipped variable cli!
cdi  warning (cdf_check_variables): Number of time steps undefined, skipped variable clr!
cdi  warning (cdf_check_variables): Number of time steps undefined, skipped variable cls!
cdi  warning (cdf_check_variables): Number of time steps undefined, skipped variable gra!
cdi  warning (cdf_check_variables): Number of time steps undefined, skipped variable hail!
cdi  warning (cdf_check_variables): Number of time steps undefined, skipped variable zf!
cdi  warning (cdf_check_variables): Number of time steps undefined, skipped variable zh!
cdi  warning (cdf_check_variables): Number of time steps undefined, skipped variable pf!
cdi  warning (cdf_check_variables): Number of time steps undefined, skipped variable ph!
cdi  warning (cdf_check_variables): Number of time steps undefined, skipped variable hgt!
cdi  warning (cdf_check_variables): Number of time steps undefined, skipped variable mslp!
cdo    selname (Warning): Variable name clw not found!

cdo    selname (Abort): No variables selected!
