Unloading profile/base
  ERROR: Module evaluation aborted
Loading netcdf-fortran/4.6.1--oneapi--2023.2.0
  Loading requirement: bzip2/1.0.8--oneapi--2023.2.0-775effc
    lz4/1.9.4--oneapi--2023.2.0-whwwyrc snappy/1.1.10--oneapi--2023.2.0-ta4wo5m
    zlib-ng/2.1.4--oneapi--2023.2.0 zstd/1.5.5--oneapi--2023.2.0-7fv2v7i
    c-blosc/1.21.5--oneapi--2023.2.0-e7safqx pkgconf/1.9.5-gr2lx34
    hdf5/1.14.3--oneapi--2023.2.0 libszip/2.1.1--oneapi--2023.2.0
    netcdf-c/4.9.2--oneapi--2023.2.0
EUR-11_ATM.2001010100
EUR-11_ATM.2001010100_pressure
 Nothing to do: no vertical dimension or no time
EUR-11_ATM.2001020100
EUR-11_ATM.2001020100_pressure
 Nothing to do: no vertical dimension or no time
EUR-11_ATM.2001030100
EUR-11_ATM.2001030100_pressure
 Nothing to do: no vertical dimension or no time
EUR-11_ATM.2001040100
EUR-11_ATM.2001040100_pressure
 Nothing to do: no vertical dimension or no time
EUR-11_ATM.2001050100
EUR-11_ATM.2001050100_pressure
 Nothing to do: no vertical dimension or no time
EUR-11_ATM.2001060100
EUR-11_ATM.2001060100_pressure
 Nothing to do: no vertical dimension or no time
EUR-11_ATM.2001070100
