
--------------- INIT PLOT ----------------
/marconi/home/userexternal/mdasilva/github_projects/pypostdoc/sam_3km/sam_3km_cyclone/paper/plot_graph_pdf_precipitation_day-1hr.py:349: UserWarning: Matplotlib is currently using agg, which is a non-GUI backend, so cannot show the figure.
  plt.show()
1 A422
2 A360
3 A657
4 A908
1 A422
2 A360
3 A657
4 A908
1 A422
2 A360
3 A657
4 A908
1 A422
2 A360
3 A657
4 A908
1 A422
2 A360
3 A657
4 A908
1 A422
2 A360
3 A657
4 A908
1 A422
2 A360
3 A657
4 A908
1 A422
2 A360
3 A657
4 A908
1 A422
2 A360
3 A657
4 A908
1 A422
2 A360
3 A657
4 A908

--------------- THE END PLOT ----------------
