
--------------- INIT PLOT ----------------
/marconi/home/userexternal/mdasilva/github_projects/pypostdoc/sam_3km/sam_3km_cyclone/paper/plot_maps_precipitation_95-99th_1hr.py:318: UserWarning: Matplotlib is currently using agg, which is a non-GUI backend, so cannot show the figure.
  plt.show()
A422
A360
A657
A908
A756
A045
A549
A534
A617
A826
A615
A053
A508
A924
A253
A909
A024
A223
A934
A336
A750
A434
A377
A628
A910
A340
A113
A719
A409
A566
A013
A054
A021
A044
A353
A867
A505
A309
A310
A940
A736
A606
A120
A725
A220
A827
A375
A204
A565
A502
A315
A128
A429
A741
A221
A746
A402
A748
A755
A759
A705
A764
A201
A447
A521
F501
A840
A765
A135
A110
A845
A418
A326
A226
A744
A001
A927
A042
A421
A228
A433
A238
A432
A544
A348
A329
A859
A812
A769
A939
A023
A316
A344
A530
A838
A352
A897
A604
A236
B803
A313
A519
A884
A702
A376
A905
A912
A706
A607
A620
A043
A898
A347
A879
A811
A365
A887
A541
A248
A337
A554
A405
A926
A629
A205
A341
A738
A742
A202
A361
A819
A034
A237
A548
A730
A206
A895
A869
A876
A117
A222
A049
B806
A913
A520
A241
A431
A557
A374
A416
A724
A355
A760
A919
A720
A342
A036
A056
A853
A406
A108
A901
A448
A807
A860
A538
A443
A849
A537
A038
A848
A564
A843
A252
A881
A536
A721
A762
A603
A631
A029
A109
A893
A140
A828
A543
A224
A217
A138
A413
A351
A535
A311
A806
A524
A452
A039
A305
A846
A708
A854
A046
A322
A930
A875
A364
A022
A002
A014
A825
A532
A207
A426
A533
A314
A906
A546
A932
A019
A112
A349
A555
A883
A737
A439
A824
A712
A319
A410
A225
A823
A817
A372
A445
A028
A424
A451
A417
A408
A121
A231
A868
A455
A550
A015
A446
A714
A359
A739
A851
A373
A752
A251
A933
A407
A512
A035
A863
A753
A818
A709
A440
A836
A358
A339
A733
A559
A871
A758
A016
A450
A841
A320
A553
A821
A735
A914
A920
A518
A749
A111
A865
A055
A844
B804
A425
A614
A727
A404
A012
A866
A608
A412
A249
A317
A303
A567
A864
A820
A119
A101
A556
A133
A540
A240
A731
A438
A137
A531
A041
A632
A763
A835
A040
A122
A209
A246
A026
A722
A539
A526
A239
A032
A509
A334
A506
A332
A873
A003
A318
A878
A517
A304
A717
A627
A453
A842
A624
A928
A563
A822
A929
A144
A816
A235
A232
A354
A242
A570
A366
A716
A513
A210
A357
A009
A856
A327
A323
A571
A212
A010
A710
A850
A915
A047
A619
A027
A123
A308
A102
A529
A839
A516
A321
A562
A523
A330
A020
A018
A307
A430
A610
A343
A726
A371
A545
A033
A335
A051
A211
A855
A419
A560
A703
A937
A005
A801
B807
A245
A935
A244
A723
A427
A925
A136
A017
A747
A218
A126
A622
A707
A923
A637
A831
A436
A916
A369
A325
A718
A870
A301
A254
A766
A423
A609
A458
A104
A743
A626
A652
A636
A621
A602
A861
A802
A862
A813
A551
A050
A125
A025
A214
A907
A944
A134
A903
A525
A370
A552
A215
A936
A401
A456
A367
A048
A803
A256
A630
A415
A810
A052
A613
A233
A804
A250
A833
A931
A805
A830
A711
A921
A216
A832
A732
A333
A514
A331
A815
A942
A829
A203
A356
A740
A852
A616
A874
A715
A031
A857
A771
A701
A345
A547
A561
A770
A011
A889
A911
A667
A428
A894
A601
A522
A230
A943
A350
A441
A569
A751
A754
A659
A037
A917
A306
A837
A761
A713
A904
A227
A328
A899
A902
A324
A728
A527
A312
A618
A882
A368
A511
A213
A808
A834
A704
A528
A625
A234
A229
A768
A886
A219
A568
A507
A437
A542
A124
A346
A809
A814
A880
A611
A444
A363
A734
A515
A633
A872
A510
A922
A634
A938
A612
A414
A858
A247
A255
(816, 1440)

--------------- THE END PLOT ----------------
