#### vert-processing NoTo-SAM 2018-2021 clw ####
/marconi/home/userexternal/mdasilva/user/mdasilva/sam_3km/NoTo-SAM/pressure/SAM-3km_ATM.2018010100_pressure.nc ..
cdo    selname: Processed 1436760000 values from 5 variables over 125 timesteps [205.04s 102MB].
/marconi/home/userexternal/mdasilva/user/mdasilva/sam_3km/NoTo-SAM/pressure/SAM-3km_ATM.2018020100_pressure.nc ..
cdo    selname: Processed 1287336960 values from 5 variables over 112 timesteps [185.71s 102MB].
/marconi/home/userexternal/mdasilva/user/mdasilva/sam_3km/NoTo-SAM/pressure/SAM-3km_ATM.2018030100_pressure.nc ..
cdo    selname: Processed 1425265920 values from 5 variables over 124 timesteps [187.60s 103MB].
/marconi/home/userexternal/mdasilva/user/mdasilva/sam_3km/NoTo-SAM/pressure/SAM-3km_ATM.2018040100_pressure.nc ..
cdo    selname: Processed 1379289600 values from 5 variables over 120 timesteps [190.20s 103MB].
/marconi/home/userexternal/mdasilva/user/mdasilva/sam_3km/NoTo-SAM/pressure/SAM-3km_ATM.2018050100_pressure.nc ..
cdo    selname: Processed 1425265920 values from 5 variables over 124 timesteps [165.92s 110MB].
/marconi/home/userexternal/mdasilva/user/mdasilva/sam_3km/NoTo-SAM/pressure/SAM-3km_ATM.2018060100_pressure.nc ..
cdo    selname: Processed 1379289600 values from 5 variables over 120 timesteps [154.12s 108MB].
/marconi/home/userexternal/mdasilva/user/mdasilva/sam_3km/NoTo-SAM/pressure/SAM-3km_ATM.2018070100_pressure.nc ..
cdo    selname: Processed 1425265920 values from 5 variables over 124 timesteps [155.63s 106MB].
/marconi/home/userexternal/mdasilva/user/mdasilva/sam_3km/NoTo-SAM/pressure/SAM-3km_ATM.2018080100_pressure.nc ..
cdo    selname: Processed 1425265920 values from 5 variables over 124 timesteps [153.01s 102MB].
/marconi/home/userexternal/mdasilva/user/mdasilva/sam_3km/NoTo-SAM/pressure/SAM-3km_ATM.2018090100_pressure.nc ..
cdo    selname: Processed 1379289600 values from 5 variables over 120 timesteps [158.33s 102MB].
/marconi/home/userexternal/mdasilva/user/mdasilva/sam_3km/NoTo-SAM/pressure/SAM-3km_ATM.2018100100_pressure.nc ..
cdo    selname: Processed 1425265920 values from 5 variables over 124 timesteps [199.01s 106MB].
/marconi/home/userexternal/mdasilva/user/mdasilva/sam_3km/NoTo-SAM/pressure/SAM-3km_ATM.2018110100_pressure.nc ..
cdo    selname: Processed 1379289600 values from 5 variables over 120 timesteps [188.24s 102MB].
/marconi/home/userexternal/mdasilva/user/mdasilva/sam_3km/NoTo-SAM/pressure/SAM-3km_ATM.2018120100_pressure.nc ..
cdo    selname: Processed 1425265920 values from 5 variables over 124 timesteps [203.14s 103MB].
/marconi/home/userexternal/mdasilva/user/mdasilva/sam_3km/NoTo-SAM/pressure/SAM-3km_ATM.2019010100_pressure.nc ..
cdo    selname: Processed 1425265920 values from 5 variables over 124 timesteps [203.26s 101MB].
/marconi/home/userexternal/mdasilva/user/mdasilva/sam_3km/NoTo-SAM/pressure/SAM-3km_ATM.2019020100_pressure.nc ..
cdo    selname: Processed 1287336960 values from 5 variables over 112 timesteps [190.59s 104MB].
/marconi/home/userexternal/mdasilva/user/mdasilva/sam_3km/NoTo-SAM/pressure/SAM-3km_ATM.2019030100_pressure.nc ..
cdo    selname: Processed 1425265920 values from 5 variables over 124 timesteps [194.46s 110MB].
/marconi/home/userexternal/mdasilva/user/mdasilva/sam_3km/NoTo-SAM/pressure/SAM-3km_ATM.2019040100_pressure.nc ..
cdo    selname: Processed 1379289600 values from 5 variables over 120 timesteps [181.92s 102MB].
/marconi/home/userexternal/mdasilva/user/mdasilva/sam_3km/NoTo-SAM/pressure/SAM-3km_ATM.2019050100_pressure.nc ..
cdo    selname: Processed 1425265920 values from 5 variables over 124 timesteps [182.17s 101MB].
/marconi/home/userexternal/mdasilva/user/mdasilva/sam_3km/NoTo-SAM/pressure/SAM-3km_ATM.2019060100_pressure.nc ..
cdo    selname: Processed 1379289600 values from 5 variables over 120 timesteps [149.69s 103MB].
/marconi/home/userexternal/mdasilva/user/mdasilva/sam_3km/NoTo-SAM/pressure/SAM-3km_ATM.2019070100_pressure.nc ..
cdo    selname: Processed 1425265920 values from 5 variables over 124 timesteps [148.29s 108MB].
/marconi/home/userexternal/mdasilva/user/mdasilva/sam_3km/NoTo-SAM/pressure/SAM-3km_ATM.2019080100_pressure.nc ..
cdo    selname: Processed 1425265920 values from 5 variables over 124 timesteps [138.97s 106MB].
/marconi/home/userexternal/mdasilva/user/mdasilva/sam_3km/NoTo-SAM/pressure/SAM-3km_ATM.2019090100_pressure.nc ..
cdo    selname: Processed 1379289600 values from 5 variables over 120 timesteps [157.64s 104MB].
/marconi/home/userexternal/mdasilva/user/mdasilva/sam_3km/NoTo-SAM/pressure/SAM-3km_ATM.2019100100_pressure.nc ..
cdo    selname: Processed 1425265920 values from 5 variables over 124 timesteps [197.42s 104MB].
/marconi/home/userexternal/mdasilva/user/mdasilva/sam_3km/NoTo-SAM/pressure/SAM-3km_ATM.2019110100_pressure.nc ..
cdo    selname: Processed 1379289600 values from 5 variables over 120 timesteps [184.40s 105MB].
/marconi/home/userexternal/mdasilva/user/mdasilva/sam_3km/NoTo-SAM/pressure/SAM-3km_ATM.2019120100_pressure.nc ..
cdo    selname: Processed 1425265920 values from 5 variables over 124 timesteps [198.66s 106MB].
/marconi/home/userexternal/mdasilva/user/mdasilva/sam_3km/NoTo-SAM/pressure/SAM-3km_ATM.2020010100_pressure.nc ..
cdo    selname: Processed 1425265920 values from 5 variables over 124 timesteps [206.29s 106MB].
/marconi/home/userexternal/mdasilva/user/mdasilva/sam_3km/NoTo-SAM/pressure/SAM-3km_ATM.2020020100_pressure.nc ..
cdo    selname: Processed 1333313280 values from 5 variables over 116 timesteps [184.53s 108MB].
/marconi/home/userexternal/mdasilva/user/mdasilva/sam_3km/NoTo-SAM/pressure/SAM-3km_ATM.2020030100_pressure.nc ..
cdo    selname: Processed 1425265920 values from 5 variables over 124 timesteps [196.61s 108MB].
/marconi/home/userexternal/mdasilva/user/mdasilva/sam_3km/NoTo-SAM/pressure/SAM-3km_ATM.2020040100_pressure.nc ..
cdo    selname: Processed 1379289600 values from 5 variables over 120 timesteps [161.72s 106MB].
/marconi/home/userexternal/mdasilva/user/mdasilva/sam_3km/NoTo-SAM/pressure/SAM-3km_ATM.2020050100_pressure.nc ..
cdo    selname: Processed 1425265920 values from 5 variables over 124 timesteps [145.37s 105MB].
/marconi/home/userexternal/mdasilva/user/mdasilva/sam_3km/NoTo-SAM/pressure/SAM-3km_ATM.2020060100_pressure.nc ..
cdo    selname: Processed 1379289600 values from 5 variables over 120 timesteps [164.99s 106MB].
/marconi/home/userexternal/mdasilva/user/mdasilva/sam_3km/NoTo-SAM/pressure/SAM-3km_ATM.2020070100_pressure.nc ..
cdo    selname: Processed 1425265920 values from 5 variables over 124 timesteps [144.40s 104MB].
/marconi/home/userexternal/mdasilva/user/mdasilva/sam_3km/NoTo-SAM/pressure/SAM-3km_ATM.2020080100_pressure.nc ..
cdo    selname: Processed 1425265920 values from 5 variables over 124 timesteps [142.22s 105MB].
/marconi/home/userexternal/mdasilva/user/mdasilva/sam_3km/NoTo-SAM/pressure/SAM-3km_ATM.2020090100_pressure.nc ..
cdo    selname: Processed 1379289600 values from 5 variables over 120 timesteps [158.11s 105MB].
/marconi/home/userexternal/mdasilva/user/mdasilva/sam_3km/NoTo-SAM/pressure/SAM-3km_ATM.2020100100_pressure.nc ..
cdo    selname: Processed 1425265920 values from 5 variables over 124 timesteps [189.54s 103MB].
/marconi/home/userexternal/mdasilva/user/mdasilva/sam_3km/NoTo-SAM/pressure/SAM-3km_ATM.2020110100_pressure.nc ..
cdo    selname: Processed 1379289600 values from 5 variables over 120 timesteps [182.03s 107MB].
/marconi/home/userexternal/mdasilva/user/mdasilva/sam_3km/NoTo-SAM/pressure/SAM-3km_ATM.2020120100_pressure.nc ..
cdo    selname: Processed 1425265920 values from 5 variables over 124 timesteps [194.95s 106MB].
/marconi/home/userexternal/mdasilva/user/mdasilva/sam_3km/NoTo-SAM/pressure/SAM-3km_ATM.2021010100_pressure.nc ..
cdo    selname: Processed 1425265920 values from 5 variables over 124 timesteps [202.84s 103MB].
/marconi/home/userexternal/mdasilva/user/mdasilva/sam_3km/NoTo-SAM/pressure/SAM-3km_ATM.2021020100_pressure.nc ..
cdo    selname: Processed 1287336960 values from 5 variables over 112 timesteps [184.71s 103MB].
/marconi/home/userexternal/mdasilva/user/mdasilva/sam_3km/NoTo-SAM/pressure/SAM-3km_ATM.2021030100_pressure.nc ..
cdo    selname: Processed 1425265920 values from 5 variables over 124 timesteps [205.26s 103MB].
/marconi/home/userexternal/mdasilva/user/mdasilva/sam_3km/NoTo-SAM/pressure/SAM-3km_ATM.2021040100_pressure.nc ..
cdo    selname: Processed 1379289600 values from 5 variables over 120 timesteps [180.09s 100MB].
/marconi/home/userexternal/mdasilva/user/mdasilva/sam_3km/NoTo-SAM/pressure/SAM-3km_ATM.2021050100_pressure.nc ..
cdo    selname: Processed 1425265920 values from 5 variables over 124 timesteps [171.85s 104MB].
/marconi/home/userexternal/mdasilva/user/mdasilva/sam_3km/NoTo-SAM/pressure/SAM-3km_ATM.2021060100_pressure.nc ..
cdo    selname: Processed 1379289600 values from 5 variables over 120 timesteps [167.08s 106MB].
/marconi/home/userexternal/mdasilva/user/mdasilva/sam_3km/NoTo-SAM/pressure/SAM-3km_ATM.2021070100_pressure.nc ..
cdo    selname: Processed 1425265920 values from 5 variables over 124 timesteps [126.92s 103MB].
/marconi/home/userexternal/mdasilva/user/mdasilva/sam_3km/NoTo-SAM/pressure/SAM-3km_ATM.2021080100_pressure.nc ..
cdo    selname: Processed 1425265920 values from 5 variables over 124 timesteps [144.39s 103MB].
/marconi/home/userexternal/mdasilva/user/mdasilva/sam_3km/NoTo-SAM/pressure/SAM-3km_ATM.2021090100_pressure.nc ..
cdo    selname: Processed 1379289600 values from 5 variables over 120 timesteps [168.61s 105MB].
/marconi/home/userexternal/mdasilva/user/mdasilva/sam_3km/NoTo-SAM/pressure/SAM-3km_ATM.2021100100_pressure.nc ..
cdo    selname: Processed 1425265920 values from 5 variables over 124 timesteps [182.43s 106MB].
/marconi/home/userexternal/mdasilva/user/mdasilva/sam_3km/NoTo-SAM/pressure/SAM-3km_ATM.2021110100_pressure.nc ..
cdo    selname: Processed 1379289600 values from 5 variables over 120 timesteps [186.22s 102MB].
/marconi/home/userexternal/mdasilva/user/mdasilva/sam_3km/NoTo-SAM/pressure/SAM-3km_ATM.2021120100_pressure.nc ..
cdo    selname: Processed 1379289600 values from 5 variables over 120 timesteps [202.55s 104MB].
#### ... DJF ... ####
cdo(1) chname: Process started
cdo(2) selseason: Process started
