/marconi/home/userexternal/mdasilva/user/mdasilva/sam_3km/NoTo-SAM/pressure/SAM-3km_ATM.2018010100_pressure.nc
Wind needs rotating!
Rotating vectors in /marconi/home/userexternal/mdasilva/user/mdasilva/sam_3km/NoTo-SAM/pressure/SAM-3km_ATM.2018010100_pressure.nc.....
/marconi/home/userexternal/mdasilva/user/mdasilva/sam_3km/NoTo-SAM/pressure/SAM-3km_ATM.2018020100_pressure.nc
Wind needs rotating!
Rotating vectors in /marconi/home/userexternal/mdasilva/user/mdasilva/sam_3km/NoTo-SAM/pressure/SAM-3km_ATM.2018020100_pressure.nc.....
/marconi/home/userexternal/mdasilva/user/mdasilva/sam_3km/NoTo-SAM/pressure/SAM-3km_ATM.2018030100_pressure.nc
Wind needs rotating!
Rotating vectors in /marconi/home/userexternal/mdasilva/user/mdasilva/sam_3km/NoTo-SAM/pressure/SAM-3km_ATM.2018030100_pressure.nc.....
/marconi/home/userexternal/mdasilva/user/mdasilva/sam_3km/NoTo-SAM/pressure/SAM-3km_ATM.2018040100_pressure.nc
Wind needs rotating!
Rotating vectors in /marconi/home/userexternal/mdasilva/user/mdasilva/sam_3km/NoTo-SAM/pressure/SAM-3km_ATM.2018040100_pressure.nc.....
/marconi/home/userexternal/mdasilva/user/mdasilva/sam_3km/NoTo-SAM/pressure/SAM-3km_ATM.2018050100_pressure.nc
Wind needs rotating!
Rotating vectors in /marconi/home/userexternal/mdasilva/user/mdasilva/sam_3km/NoTo-SAM/pressure/SAM-3km_ATM.2018050100_pressure.nc.....
/marconi/home/userexternal/mdasilva/user/mdasilva/sam_3km/NoTo-SAM/pressure/SAM-3km_ATM.2018060100_pressure.nc
Wind needs rotating!
Rotating vectors in /marconi/home/userexternal/mdasilva/user/mdasilva/sam_3km/NoTo-SAM/pressure/SAM-3km_ATM.2018060100_pressure.nc.....
/marconi/home/userexternal/mdasilva/user/mdasilva/sam_3km/NoTo-SAM/pressure/SAM-3km_ATM.2018070100_pressure.nc
Wind needs rotating!
Rotating vectors in /marconi/home/userexternal/mdasilva/user/mdasilva/sam_3km/NoTo-SAM/pressure/SAM-3km_ATM.2018070100_pressure.nc.....
/marconi/home/userexternal/mdasilva/user/mdasilva/sam_3km/NoTo-SAM/pressure/SAM-3km_ATM.2018080100_pressure.nc
Wind needs rotating!
Rotating vectors in /marconi/home/userexternal/mdasilva/user/mdasilva/sam_3km/NoTo-SAM/pressure/SAM-3km_ATM.2018080100_pressure.nc.....
/marconi/home/userexternal/mdasilva/user/mdasilva/sam_3km/NoTo-SAM/pressure/SAM-3km_ATM.2018090100_pressure.nc
Wind needs rotating!
Rotating vectors in /marconi/home/userexternal/mdasilva/user/mdasilva/sam_3km/NoTo-SAM/pressure/SAM-3km_ATM.2018090100_pressure.nc.....
/marconi/home/userexternal/mdasilva/user/mdasilva/sam_3km/NoTo-SAM/pressure/SAM-3km_ATM.2018100100_pressure.nc
Wind needs rotating!
Rotating vectors in /marconi/home/userexternal/mdasilva/user/mdasilva/sam_3km/NoTo-SAM/pressure/SAM-3km_ATM.2018100100_pressure.nc.....
/marconi/home/userexternal/mdasilva/user/mdasilva/sam_3km/NoTo-SAM/pressure/SAM-3km_ATM.2018110100_pressure.nc
Wind needs rotating!
Rotating vectors in /marconi/home/userexternal/mdasilva/user/mdasilva/sam_3km/NoTo-SAM/pressure/SAM-3km_ATM.2018110100_pressure.nc.....
/marconi/home/userexternal/mdasilva/user/mdasilva/sam_3km/NoTo-SAM/pressure/SAM-3km_ATM.2018120100_pressure.nc
Wind needs rotating!
Rotating vectors in /marconi/home/userexternal/mdasilva/user/mdasilva/sam_3km/NoTo-SAM/pressure/SAM-3km_ATM.2018120100_pressure.nc.....
/marconi/home/userexternal/mdasilva/user/mdasilva/sam_3km/NoTo-SAM/pressure/SAM-3km_ATM.2019010100_pressure.nc
Wind needs rotating!
Rotating vectors in /marconi/home/userexternal/mdasilva/user/mdasilva/sam_3km/NoTo-SAM/pressure/SAM-3km_ATM.2019010100_pressure.nc.....
/marconi/home/userexternal/mdasilva/user/mdasilva/sam_3km/NoTo-SAM/pressure/SAM-3km_ATM.2019020100_pressure.nc
Wind needs rotating!
Rotating vectors in /marconi/home/userexternal/mdasilva/user/mdasilva/sam_3km/NoTo-SAM/pressure/SAM-3km_ATM.2019020100_pressure.nc.....
/marconi/home/userexternal/mdasilva/user/mdasilva/sam_3km/NoTo-SAM/pressure/SAM-3km_ATM.2019030100_pressure.nc
Wind needs rotating!
Rotating vectors in /marconi/home/userexternal/mdasilva/user/mdasilva/sam_3km/NoTo-SAM/pressure/SAM-3km_ATM.2019030100_pressure.nc.....
/marconi/home/userexternal/mdasilva/user/mdasilva/sam_3km/NoTo-SAM/pressure/SAM-3km_ATM.2019040100_pressure.nc
Wind needs rotating!
Rotating vectors in /marconi/home/userexternal/mdasilva/user/mdasilva/sam_3km/NoTo-SAM/pressure/SAM-3km_ATM.2019040100_pressure.nc.....
/marconi/home/userexternal/mdasilva/user/mdasilva/sam_3km/NoTo-SAM/pressure/SAM-3km_ATM.2019050100_pressure.nc
Wind needs rotating!
Rotating vectors in /marconi/home/userexternal/mdasilva/user/mdasilva/sam_3km/NoTo-SAM/pressure/SAM-3km_ATM.2019050100_pressure.nc.....
/marconi/home/userexternal/mdasilva/user/mdasilva/sam_3km/NoTo-SAM/pressure/SAM-3km_ATM.2019060100_pressure.nc
Wind needs rotating!
Rotating vectors in /marconi/home/userexternal/mdasilva/user/mdasilva/sam_3km/NoTo-SAM/pressure/SAM-3km_ATM.2019060100_pressure.nc.....
/marconi/home/userexternal/mdasilva/user/mdasilva/sam_3km/NoTo-SAM/pressure/SAM-3km_ATM.2019070100_pressure.nc
Wind needs rotating!
Rotating vectors in /marconi/home/userexternal/mdasilva/user/mdasilva/sam_3km/NoTo-SAM/pressure/SAM-3km_ATM.2019070100_pressure.nc.....
/marconi/home/userexternal/mdasilva/user/mdasilva/sam_3km/NoTo-SAM/pressure/SAM-3km_ATM.2019080100_pressure.nc
Wind needs rotating!
Rotating vectors in /marconi/home/userexternal/mdasilva/user/mdasilva/sam_3km/NoTo-SAM/pressure/SAM-3km_ATM.2019080100_pressure.nc.....
/marconi/home/userexternal/mdasilva/user/mdasilva/sam_3km/NoTo-SAM/pressure/SAM-3km_ATM.2019090100_pressure.nc
Wind needs rotating!
Rotating vectors in /marconi/home/userexternal/mdasilva/user/mdasilva/sam_3km/NoTo-SAM/pressure/SAM-3km_ATM.2019090100_pressure.nc.....
/marconi/home/userexternal/mdasilva/user/mdasilva/sam_3km/NoTo-SAM/pressure/SAM-3km_ATM.2019100100_pressure.nc
Wind needs rotating!
Rotating vectors in /marconi/home/userexternal/mdasilva/user/mdasilva/sam_3km/NoTo-SAM/pressure/SAM-3km_ATM.2019100100_pressure.nc.....
/marconi/home/userexternal/mdasilva/user/mdasilva/sam_3km/NoTo-SAM/pressure/SAM-3km_ATM.2019110100_pressure.nc
Wind needs rotating!
Rotating vectors in /marconi/home/userexternal/mdasilva/user/mdasilva/sam_3km/NoTo-SAM/pressure/SAM-3km_ATM.2019110100_pressure.nc.....
/marconi/home/userexternal/mdasilva/user/mdasilva/sam_3km/NoTo-SAM/pressure/SAM-3km_ATM.2019120100_pressure.nc
Wind needs rotating!
Rotating vectors in /marconi/home/userexternal/mdasilva/user/mdasilva/sam_3km/NoTo-SAM/pressure/SAM-3km_ATM.2019120100_pressure.nc.....
/marconi/home/userexternal/mdasilva/user/mdasilva/sam_3km/NoTo-SAM/pressure/SAM-3km_ATM.2020010100_pressure.nc
Wind needs rotating!
Rotating vectors in /marconi/home/userexternal/mdasilva/user/mdasilva/sam_3km/NoTo-SAM/pressure/SAM-3km_ATM.2020010100_pressure.nc.....
/marconi/home/userexternal/mdasilva/user/mdasilva/sam_3km/NoTo-SAM/pressure/SAM-3km_ATM.2020020100_pressure.nc
Wind needs rotating!
Rotating vectors in /marconi/home/userexternal/mdasilva/user/mdasilva/sam_3km/NoTo-SAM/pressure/SAM-3km_ATM.2020020100_pressure.nc.....
/marconi/home/userexternal/mdasilva/user/mdasilva/sam_3km/NoTo-SAM/pressure/SAM-3km_ATM.2020030100_pressure.nc
Wind needs rotating!
Rotating vectors in /marconi/home/userexternal/mdasilva/user/mdasilva/sam_3km/NoTo-SAM/pressure/SAM-3km_ATM.2020030100_pressure.nc.....
/marconi/home/userexternal/mdasilva/user/mdasilva/sam_3km/NoTo-SAM/pressure/SAM-3km_ATM.2020040100_pressure.nc
Wind needs rotating!
Rotating vectors in /marconi/home/userexternal/mdasilva/user/mdasilva/sam_3km/NoTo-SAM/pressure/SAM-3km_ATM.2020040100_pressure.nc.....
/marconi/home/userexternal/mdasilva/user/mdasilva/sam_3km/NoTo-SAM/pressure/SAM-3km_ATM.2020050100_pressure.nc
Wind needs rotating!
Rotating vectors in /marconi/home/userexternal/mdasilva/user/mdasilva/sam_3km/NoTo-SAM/pressure/SAM-3km_ATM.2020050100_pressure.nc.....
/marconi/home/userexternal/mdasilva/user/mdasilva/sam_3km/NoTo-SAM/pressure/SAM-3km_ATM.2020060100_pressure.nc
Wind needs rotating!
Rotating vectors in /marconi/home/userexternal/mdasilva/user/mdasilva/sam_3km/NoTo-SAM/pressure/SAM-3km_ATM.2020060100_pressure.nc.....
/marconi/home/userexternal/mdasilva/user/mdasilva/sam_3km/NoTo-SAM/pressure/SAM-3km_ATM.2020070100_pressure.nc
Wind needs rotating!
Rotating vectors in /marconi/home/userexternal/mdasilva/user/mdasilva/sam_3km/NoTo-SAM/pressure/SAM-3km_ATM.2020070100_pressure.nc.....
/marconi/home/userexternal/mdasilva/user/mdasilva/sam_3km/NoTo-SAM/pressure/SAM-3km_ATM.2020080100_pressure.nc
Wind needs rotating!
Rotating vectors in /marconi/home/userexternal/mdasilva/user/mdasilva/sam_3km/NoTo-SAM/pressure/SAM-3km_ATM.2020080100_pressure.nc.....
/marconi/home/userexternal/mdasilva/user/mdasilva/sam_3km/NoTo-SAM/pressure/SAM-3km_ATM.2020090100_pressure.nc
Wind needs rotating!
Rotating vectors in /marconi/home/userexternal/mdasilva/user/mdasilva/sam_3km/NoTo-SAM/pressure/SAM-3km_ATM.2020090100_pressure.nc.....
/marconi/home/userexternal/mdasilva/user/mdasilva/sam_3km/NoTo-SAM/pressure/SAM-3km_ATM.2020100100_pressure.nc
Wind needs rotating!
Rotating vectors in /marconi/home/userexternal/mdasilva/user/mdasilva/sam_3km/NoTo-SAM/pressure/SAM-3km_ATM.2020100100_pressure.nc.....
/marconi/home/userexternal/mdasilva/user/mdasilva/sam_3km/NoTo-SAM/pressure/SAM-3km_ATM.2020110100_pressure.nc
Wind needs rotating!
Rotating vectors in /marconi/home/userexternal/mdasilva/user/mdasilva/sam_3km/NoTo-SAM/pressure/SAM-3km_ATM.2020110100_pressure.nc.....
/marconi/home/userexternal/mdasilva/user/mdasilva/sam_3km/NoTo-SAM/pressure/SAM-3km_ATM.2020120100_pressure.nc
Wind needs rotating!
Rotating vectors in /marconi/home/userexternal/mdasilva/user/mdasilva/sam_3km/NoTo-SAM/pressure/SAM-3km_ATM.2020120100_pressure.nc.....
/marconi/home/userexternal/mdasilva/user/mdasilva/sam_3km/NoTo-SAM/pressure/SAM-3km_ATM.2021010100_pressure.nc
Wind needs rotating!
Rotating vectors in /marconi/home/userexternal/mdasilva/user/mdasilva/sam_3km/NoTo-SAM/pressure/SAM-3km_ATM.2021010100_pressure.nc.....
/marconi/home/userexternal/mdasilva/user/mdasilva/sam_3km/NoTo-SAM/pressure/SAM-3km_ATM.2021020100_pressure.nc
Wind needs rotating!
Rotating vectors in /marconi/home/userexternal/mdasilva/user/mdasilva/sam_3km/NoTo-SAM/pressure/SAM-3km_ATM.2021020100_pressure.nc.....
/marconi/home/userexternal/mdasilva/user/mdasilva/sam_3km/NoTo-SAM/pressure/SAM-3km_ATM.2021030100_pressure.nc
Wind needs rotating!
Rotating vectors in /marconi/home/userexternal/mdasilva/user/mdasilva/sam_3km/NoTo-SAM/pressure/SAM-3km_ATM.2021030100_pressure.nc.....
/marconi/home/userexternal/mdasilva/user/mdasilva/sam_3km/NoTo-SAM/pressure/SAM-3km_ATM.2021040100_pressure.nc
Wind needs rotating!
Rotating vectors in /marconi/home/userexternal/mdasilva/user/mdasilva/sam_3km/NoTo-SAM/pressure/SAM-3km_ATM.2021040100_pressure.nc.....
/marconi/home/userexternal/mdasilva/user/mdasilva/sam_3km/NoTo-SAM/pressure/SAM-3km_ATM.2021050100_pressure.nc
Wind needs rotating!
Rotating vectors in /marconi/home/userexternal/mdasilva/user/mdasilva/sam_3km/NoTo-SAM/pressure/SAM-3km_ATM.2021050100_pressure.nc.....
/marconi/home/userexternal/mdasilva/user/mdasilva/sam_3km/NoTo-SAM/pressure/SAM-3km_ATM.2021060100_pressure.nc
Wind needs rotating!
Rotating vectors in /marconi/home/userexternal/mdasilva/user/mdasilva/sam_3km/NoTo-SAM/pressure/SAM-3km_ATM.2021060100_pressure.nc.....
/marconi/home/userexternal/mdasilva/user/mdasilva/sam_3km/NoTo-SAM/pressure/SAM-3km_ATM.2021070100_pressure.nc
Wind needs rotating!
Rotating vectors in /marconi/home/userexternal/mdasilva/user/mdasilva/sam_3km/NoTo-SAM/pressure/SAM-3km_ATM.2021070100_pressure.nc.....
/marconi/home/userexternal/mdasilva/user/mdasilva/sam_3km/NoTo-SAM/pressure/SAM-3km_ATM.2021080100_pressure.nc
Wind needs rotating!
Rotating vectors in /marconi/home/userexternal/mdasilva/user/mdasilva/sam_3km/NoTo-SAM/pressure/SAM-3km_ATM.2021080100_pressure.nc.....
/marconi/home/userexternal/mdasilva/user/mdasilva/sam_3km/NoTo-SAM/pressure/SAM-3km_ATM.2021090100_pressure.nc
Wind needs rotating!
Rotating vectors in /marconi/home/userexternal/mdasilva/user/mdasilva/sam_3km/NoTo-SAM/pressure/SAM-3km_ATM.2021090100_pressure.nc.....
/marconi/home/userexternal/mdasilva/user/mdasilva/sam_3km/NoTo-SAM/pressure/SAM-3km_ATM.2021100100_pressure.nc
Wind needs rotating!
Rotating vectors in /marconi/home/userexternal/mdasilva/user/mdasilva/sam_3km/NoTo-SAM/pressure/SAM-3km_ATM.2021100100_pressure.nc.....
/marconi/home/userexternal/mdasilva/user/mdasilva/sam_3km/NoTo-SAM/pressure/SAM-3km_ATM.2021110100_pressure.nc
Wind needs rotating!
Rotating vectors in /marconi/home/userexternal/mdasilva/user/mdasilva/sam_3km/NoTo-SAM/pressure/SAM-3km_ATM.2021110100_pressure.nc.....
/marconi/home/userexternal/mdasilva/user/mdasilva/sam_3km/NoTo-SAM/pressure/SAM-3km_ATM.2021120100_pressure.nc
Wind needs rotating!
Rotating vectors in /marconi/home/userexternal/mdasilva/user/mdasilva/sam_3km/NoTo-SAM/pressure/SAM-3km_ATM.2021120100_pressure.nc.....
#### quv-processing NoTo-SAM 2018-2021 hus ####
cdo    selname: Processed 1436760000 values from 5 variables over 125 timesteps [204.75s 105MB].
cdo    selname: Processed 1287336960 values from 5 variables over 112 timesteps [185.23s 104MB].
cdo    selname: Processed 1425265920 values from 5 variables over 124 timesteps [202.10s 104MB].
cdo    selname: Processed 1379289600 values from 5 variables over 120 timesteps [193.73s 104MB].
cdo    selname: Processed 1425265920 values from 5 variables over 124 timesteps [198.50s 104MB].
cdo    selname: Processed 1379289600 values from 5 variables over 120 timesteps [188.91s 106MB].
cdo    selname: Processed 1425265920 values from 5 variables over 124 timesteps [193.99s 109MB].
cdo    selname: Processed 1425265920 values from 5 variables over 124 timesteps [196.29s 105MB].
cdo    selname: Processed 1379289600 values from 5 variables over 120 timesteps [192.57s 103MB].
cdo    selname: Processed 1425265920 values from 5 variables over 124 timesteps [199.56s 105MB].
