/marconi/home/userexternal/mdasilva/user/mdasilva/EUR-11/WDM7-Europe/pressure/EUR-11_ATM.2000010100_pressure.nc
Wind needs rotating!
Rotating vectors in /marconi/home/userexternal/mdasilva/user/mdasilva/EUR-11/WDM7-Europe/pressure/EUR-11_ATM.2000010100_pressure.nc.....
/marconi/home/userexternal/mdasilva/user/mdasilva/EUR-11/WDM7-Europe/pressure/EUR-11_ATM.2000020100_pressure.nc
Wind needs rotating!
Rotating vectors in /marconi/home/userexternal/mdasilva/user/mdasilva/EUR-11/WDM7-Europe/pressure/EUR-11_ATM.2000020100_pressure.nc.....
/marconi/home/userexternal/mdasilva/user/mdasilva/EUR-11/WDM7-Europe/pressure/EUR-11_ATM.2000030100_pressure.nc
Wind needs rotating!
Rotating vectors in /marconi/home/userexternal/mdasilva/user/mdasilva/EUR-11/WDM7-Europe/pressure/EUR-11_ATM.2000030100_pressure.nc.....
/marconi/home/userexternal/mdasilva/user/mdasilva/EUR-11/WDM7-Europe/pressure/EUR-11_ATM.2000040100_pressure.nc
Wind needs rotating!
Rotating vectors in /marconi/home/userexternal/mdasilva/user/mdasilva/EUR-11/WDM7-Europe/pressure/EUR-11_ATM.2000040100_pressure.nc.....
/marconi/home/userexternal/mdasilva/user/mdasilva/EUR-11/WDM7-Europe/pressure/EUR-11_ATM.2000050100_pressure.nc
Wind needs rotating!
Rotating vectors in /marconi/home/userexternal/mdasilva/user/mdasilva/EUR-11/WDM7-Europe/pressure/EUR-11_ATM.2000050100_pressure.nc.....
/marconi/home/userexternal/mdasilva/user/mdasilva/EUR-11/WDM7-Europe/pressure/EUR-11_ATM.2000060100_pressure.nc
Wind needs rotating!
Rotating vectors in /marconi/home/userexternal/mdasilva/user/mdasilva/EUR-11/WDM7-Europe/pressure/EUR-11_ATM.2000060100_pressure.nc.....
/marconi/home/userexternal/mdasilva/user/mdasilva/EUR-11/WDM7-Europe/pressure/EUR-11_ATM.2000070100_pressure.nc
Wind needs rotating!
Rotating vectors in /marconi/home/userexternal/mdasilva/user/mdasilva/EUR-11/WDM7-Europe/pressure/EUR-11_ATM.2000070100_pressure.nc.....
/marconi/home/userexternal/mdasilva/user/mdasilva/EUR-11/WDM7-Europe/pressure/EUR-11_ATM.2000080100_pressure.nc
Wind needs rotating!
Rotating vectors in /marconi/home/userexternal/mdasilva/user/mdasilva/EUR-11/WDM7-Europe/pressure/EUR-11_ATM.2000080100_pressure.nc.....
/marconi/home/userexternal/mdasilva/user/mdasilva/EUR-11/WDM7-Europe/pressure/EUR-11_ATM.2000090100_pressure.nc
Wind needs rotating!
Rotating vectors in /marconi/home/userexternal/mdasilva/user/mdasilva/EUR-11/WDM7-Europe/pressure/EUR-11_ATM.2000090100_pressure.nc.....
/marconi/home/userexternal/mdasilva/user/mdasilva/EUR-11/WDM7-Europe/pressure/EUR-11_ATM.2000100100_pressure.nc
Wind needs rotating!
Rotating vectors in /marconi/home/userexternal/mdasilva/user/mdasilva/EUR-11/WDM7-Europe/pressure/EUR-11_ATM.2000100100_pressure.nc.....
/marconi/home/userexternal/mdasilva/user/mdasilva/EUR-11/WDM7-Europe/pressure/EUR-11_ATM.2000110100_pressure.nc
Wind needs rotating!
Rotating vectors in /marconi/home/userexternal/mdasilva/user/mdasilva/EUR-11/WDM7-Europe/pressure/EUR-11_ATM.2000110100_pressure.nc.....
/marconi/home/userexternal/mdasilva/user/mdasilva/EUR-11/WDM7-Europe/pressure/EUR-11_ATM.2000120100_pressure.nc
Wind needs rotating!
Rotating vectors in /marconi/home/userexternal/mdasilva/user/mdasilva/EUR-11/WDM7-Europe/pressure/EUR-11_ATM.2000120100_pressure.nc.....
#### quv-processing WDM7-Europe 2000-2000 hus ####
#### ... DJF ... ####
cdo    remapdis: Distance-weighted averaged weights from lonlat (1440x721) to lonlat (418x204) grid
cdo    remapdis: Distance-weighted averaged weights from curvilinear (424x412) to lonlat (418x204) grid
#### ... MAM ... ####
cdo    remapdis: Distance-weighted averaged weights from lonlat (1440x721) to lonlat (418x204) grid
cdo    remapdis: Distance-weighted averaged weights from curvilinear (424x412) to lonlat (418x204) grid
#### ... JJA ... ####
cdo    remapdis: Distance-weighted averaged weights from lonlat (1440x721) to lonlat (418x204) grid
cdo    remapdis: Distance-weighted averaged weights from curvilinear (424x412) to lonlat (418x204) grid
#### ... SON ... ####
cdo    remapdis: Distance-weighted averaged weights from lonlat (1440x721) to lonlat (418x204) grid
cdo    remapdis: Distance-weighted averaged weights from curvilinear (424x412) to lonlat (418x204) grid
#### quv-processing WDM7-Europe 2000-2000 ua ####
#### ... DJF ... ####
cdo    remapdis: Distance-weighted averaged weights from lonlat (1440x721) to lonlat (418x204) grid
cdo    remapdis: Distance-weighted averaged weights from curvilinear (424x412) to lonlat (418x204) grid
#### ... MAM ... ####
cdo    remapdis: Distance-weighted averaged weights from lonlat (1440x721) to lonlat (418x204) grid
cdo    remapdis: Distance-weighted averaged weights from curvilinear (424x412) to lonlat (418x204) grid
#### ... JJA ... ####
cdo    remapdis: Distance-weighted averaged weights from lonlat (1440x721) to lonlat (418x204) grid
cdo    remapdis: Distance-weighted averaged weights from curvilinear (424x412) to lonlat (418x204) grid
#### ... SON ... ####
cdo    remapdis: Distance-weighted averaged weights from lonlat (1440x721) to lonlat (418x204) grid
cdo    remapdis: Distance-weighted averaged weights from curvilinear (424x412) to lonlat (418x204) grid
#### quv-processing WDM7-Europe 2000-2000 va ####
#### ... DJF ... ####
cdo    remapdis: Distance-weighted averaged weights from lonlat (1440x721) to lonlat (418x204) grid
cdo    remapdis: Distance-weighted averaged weights from curvilinear (424x412) to lonlat (418x204) grid
#### ... MAM ... ####
cdo    remapdis: Distance-weighted averaged weights from lonlat (1440x721) to lonlat (418x204) grid
cdo    remapdis: Distance-weighted averaged weights from curvilinear (424x412) to lonlat (418x204) grid
#### ... JJA ... ####
cdo    remapdis: Distance-weighted averaged weights from lonlat (1440x721) to lonlat (418x204) grid
cdo    remapdis: Distance-weighted averaged weights from curvilinear (424x412) to lonlat (418x204) grid
#### ... SON ... ####
cdo    remapdis: Distance-weighted averaged weights from lonlat (1440x721) to lonlat (418x204) grid
cdo    remapdis: Distance-weighted averaged weights from curvilinear (424x412) to lonlat (418x204) grid
#### process complete! ####
