/marconi/home/userexternal/mdasilva/user/mdasilva/SAM-3km-cyclone/NoTo-SAM/pressure/SAM-3km-cyclone_ATM.2023050100_pressure.nc
Wind needs rotating!
Rotating vectors in /marconi/home/userexternal/mdasilva/user/mdasilva/SAM-3km-cyclone/NoTo-SAM/pressure/SAM-3km-cyclone_ATM.2023050100_pressure.nc.....
/marconi/home/userexternal/mdasilva/user/mdasilva/SAM-3km-cyclone/NoTo-SAM/pressure/SAM-3km-cyclone_ATM.2023060100_pressure.nc
Wind needs rotating!
Rotating vectors in /marconi/home/userexternal/mdasilva/user/mdasilva/SAM-3km-cyclone/NoTo-SAM/pressure/SAM-3km-cyclone_ATM.2023060100_pressure.nc.....
/marconi/home/userexternal/mdasilva/user/mdasilva/SAM-3km-cyclone/NoTo-SAM/pressure/SAM-3km-cyclone_ATM.2023070100_pressure.nc
Wind needs rotating!
Rotating vectors in /marconi/home/userexternal/mdasilva/user/mdasilva/SAM-3km-cyclone/NoTo-SAM/pressure/SAM-3km-cyclone_ATM.2023070100_pressure.nc.....
/marconi/home/userexternal/mdasilva/user/mdasilva/SAM-3km-cyclone/NoTo-SAM/pressure/SAM-3km-cyclone_ATM.2023080100_pressure.nc
Wind needs rotating!
Rotating vectors in /marconi/home/userexternal/mdasilva/user/mdasilva/SAM-3km-cyclone/NoTo-SAM/pressure/SAM-3km-cyclone_ATM.2023080100_pressure.nc.....
#### quv-processing NoTo-SAM 2023-2023 hus ####
cdo    selname: Processed 2261976000 values from 7 variables over 125 timesteps [302.38s 134MB].
cdo    selname: Processed 2171496960 values from 7 variables over 120 timesteps [287.98s 128MB].
cdo    selname: Processed 2243880192 values from 7 variables over 124 timesteps [295.40s 122MB].
cdo    selname: Processed 2243880192 values from 7 variables over 124 timesteps [297.46s 124MB].
#### ... DJF ... ####
cdo(1) chname: Process started
cdo(2) selseason: Process started
