
/leonardo/home/userexternal/mdasilva/leonardo_work/CORDEX5/postproc/evaluate/obs

------------------------------- INIT POSTPROCESSING ERA5 -------------------------------

Select date

convert unit

Regrid and select subdomain
cdo    remapbil: Bilinear weights from lonlat (1440x721) to lonlat (1450x816) grid
cdo    remapbil: Bilinear weights from lonlat (1440x721) to lonlat (1450x816) grid
cdo    remapbil: Bilinear weights from lonlat (1440x721) to lonlat (1450x816) grid

Seasonal avg

Select date

convert unit

Regrid and select subdomain
cdo    remapbil: Bilinear weights from lonlat (1440x721) to lonlat (1450x816) grid

Seasonal avg

Select date

convert unit

Regrid and select subdomain
cdo    remapbil: Bilinear weights from lonlat (1440x721) to lonlat (1450x816) grid

Seasonal avg

Select date

convert unit

Regrid and select subdomain
cdo    remapbil: Bilinear weights from lonlat (1440x721) to lonlat (1450x816) grid

Seasonal avg

Select date

convert unit

Regrid and select subdomain
cdo    remapbil: Bilinear weights from lonlat (1440x721) to lonlat (1450x816) grid

Seasonal avg

Select date

convert unit

Regrid and select subdomain
cdo    remapbil: Bilinear weights from lonlat (1440x721) to lonlat (1450x816) grid

Seasonal avg

Select date

convert unit

Regrid and select subdomain
cdo    remapbil: Bilinear weights from lonlat (1440x721) to lonlat (1450x816) grid

Seasonal avg

Select date

convert unit

Regrid and select subdomain
cdo    remapbil: Bilinear weights from lonlat (1440x721) to lonlat (1450x816) grid

Seasonal avg

Select date

convert unit

Regrid and select subdomain
cdo    remapbil: Bilinear weights from lonlat (1440x721) to lonlat (1450x816) grid

Seasonal avg

Select date

convert unit

Regrid and select subdomain
cdo    remapbil: Bilinear weights from lonlat (1440x721) to lonlat (1450x816) grid

Seasonal avg

Select date

convert unit

Regrid and select subdomain
cdo    remapbil: Bilinear weights from lonlat (1440x721) to lonlat (1450x816) grid

Seasonal avg

Select date
cdi  warning (read_coordinates_vars): NetCDF: Variable not found - >isobaricInhPa<
cdi  warning (cdf_check_variables): Unsupported data type (char/string), skipped variable expver!
cdi  warning (set_coordinates_varids): Coordinates variable number can't be assigned!

convert unit

Regrid and select subdomain
cdo    remapbil: Bilinear weights from lonlat (1440x721) to lonlat (1450x816) grid

Seasonal avg

Select date
cdi  warning (read_coordinates_vars): NetCDF: Variable not found - >isobaricInhPa<
cdi  warning (cdf_check_variables): Unsupported data type (char/string), skipped variable expver!
cdi  warning (set_coordinates_varids): Coordinates variable number can't be assigned!

convert unit

Regrid and select subdomain
cdo    remapbil: Bilinear weights from lonlat (1440x721) to lonlat (1450x816) grid

Seasonal avg

Select date

convert unit

Regrid and select subdomain
cdo    remapbil: Bilinear weights from lonlat (1440x721) to lonlat (1450x816) grid

Seasonal avg

Select date

convert unit

Regrid and select subdomain
cdo    remapbil: Bilinear weights from lonlat (1440x721) to lonlat (1450x816) grid

Seasonal avg

Select date
cdi  warning (set_coordinates_varids): Coordinates variable number can't be assigned!
cdi  warning (set_coordinates_varids): Coordinates variable expver can't be assigned!

convert unit

Regrid and select subdomain
cdo    remapbil: Bilinear weights from lonlat (1440x721) to lonlat (1450x816) grid

Seasonal avg

Select date
cdi  warning (set_coordinates_varids): Coordinates variable number can't be assigned!
cdi  warning (set_coordinates_varids): Coordinates variable expver can't be assigned!

convert unit

Regrid and select subdomain
cdo    remapbil: Bilinear weights from lonlat (1440x721) to lonlat (1450x816) grid, with source mask (202815)
cdo    remapbil: Bilinear weights from lonlat (1440x721) to lonlat (1450x816) grid, with source mask (213053)
cdo    remapbil: Bilinear weights from lonlat (1440x721) to lonlat (1450x816) grid, with source mask (222342)
cdo    remapbil: Bilinear weights from lonlat (1440x721) to lonlat (1450x816) grid, with source mask (231196)
cdo    remapbil: Bilinear weights from lonlat (1440x721) to lonlat (1450x816) grid, with source mask (216758)
cdo    remapbil: Bilinear weights from lonlat (1440x721) to lonlat (1450x816) grid, with source mask (212780)
cdo    remapbil: Bilinear weights from lonlat (1440x721) to lonlat (1450x816) grid, with source mask (227033)
cdo    remapbil: Bilinear weights from lonlat (1440x721) to lonlat (1450x816) grid, with source mask (226323)
cdo    remapbil: Bilinear weights from lonlat (1440x721) to lonlat (1450x816) grid, with source mask (212760)
cdo    remapbil: Bilinear weights from lonlat (1440x721) to lonlat (1450x816) grid, with source mask (204548)
cdo    remapbil: Bilinear weights from lonlat (1440x721) to lonlat (1450x816) grid, with source mask (205172)
cdo    remapbil: Bilinear weights from lonlat (1440x721) to lonlat (1450x816) grid, with source mask (183913)
cdo    remapbil: Bilinear weights from lonlat (1440x721) to lonlat (1450x816) grid, with source mask (191708)
cdo    remapbil: Bilinear weights from lonlat (1440x721) to lonlat (1450x816) grid, with source mask (220880)
cdo    remapbil: Bilinear weights from lonlat (1440x721) to lonlat (1450x816) grid, with source mask (231651)
cdo    remapbil: Bilinear weights from lonlat (1440x721) to lonlat (1450x816) grid, with source mask (224738)
cdo    remapbil: Bilinear weights from lonlat (1440x721) to lonlat (1450x816) grid, with source mask (211458)
cdo    remapbil: Bilinear weights from lonlat (1440x721) to lonlat (1450x816) grid, with source mask (217001)
cdo    remapbil: Bilinear weights from lonlat (1440x721) to lonlat (1450x816) grid, with source mask (241346)
cdo    remapbil: Bilinear weights from lonlat (1440x721) to lonlat (1450x816) grid, with source mask (222339)
cdo    remapbil: Bilinear weights from lonlat (1440x721) to lonlat (1450x816) grid, with source mask (210339)
cdo    remapbil: Bilinear weights from lonlat (1440x721) to lonlat (1450x816) grid, with source mask (198685)
cdo    remapbil: Bilinear weights from lonlat (1440x721) to lonlat (1450x816) grid, with source mask (198906)
cdo    remapbil: Bilinear weights from lonlat (1440x721) to lonlat (1450x816) grid, with source mask (198446)
cdo    remapbil: Bilinear weights from lonlat (1440x721) to lonlat (1450x816) grid, with source mask (195467)
cdo    remapbil: Bilinear weights from lonlat (1440x721) to lonlat (1450x816) grid, with source mask (205810)
cdo    remapbil: Bilinear weights from lonlat (1440x721) to lonlat (1450x816) grid, with source mask (229714)
cdo    remapbil: Bilinear weights from lonlat (1440x721) to lonlat (1450x816) grid, with source mask (220970)
cdo    remapbil: Bilinear weights from lonlat (1440x721) to lonlat (1450x816) grid, with source mask (204640)
cdo    remapbil: Bilinear weights from lonlat (1440x721) to lonlat (1450x816) grid, with source mask (208612)
cdo    remapbil: Bilinear weights from lonlat (1440x721) to lonlat (1450x816) grid, with source mask (221357)
cdo    remapbil: Bilinear weights from lonlat (1440x721) to lonlat (1450x816) grid, with source mask (221644)
cdo    remapbil: Bilinear weights from lonlat (1440x721) to lonlat (1450x816) grid, with source mask (208254)
cdo    remapbil: Bilinear weights from lonlat (1440x721) to lonlat (1450x816) grid, with source mask (200046)
cdo    remapbil: Bilinear weights from lonlat (1440x721) to lonlat (1450x816) grid, with source mask (191094)
cdo    remapbil: Bilinear weights from lonlat (1440x721) to lonlat (1450x816) grid, with source mask (178788)
cdo    remapbil: Bilinear weights from lonlat (1440x721) to lonlat (1450x816) grid, with source mask (180456)
cdo    remapbil: Bilinear weights from lonlat (1440x721) to lonlat (1450x816) grid, with source mask (204168)
cdo    remapbil: Bilinear weights from lonlat (1440x721) to lonlat (1450x816) grid, with source mask (206182)
cdo    remapbil: Bilinear weights from lonlat (1440x721) to lonlat (1450x816) grid, with source mask (215320)
cdo    remapbil: Bilinear weights from lonlat (1440x721) to lonlat (1450x816) grid, with source mask (200261)
cdo    remapbil: Bilinear weights from lonlat (1440x721) to lonlat (1450x816) grid, with source mask (202804)
cdo    remapbil: Bilinear weights from lonlat (1440x721) to lonlat (1450x816) grid, with source mask (227763)
cdo    remapbil: Bilinear weights from lonlat (1440x721) to lonlat (1450x816) grid, with source mask (213565)
cdo    remapbil: Bilinear weights from lonlat (1440x721) to lonlat (1450x816) grid, with source mask (205111)
cdo    remapbil: Bilinear weights from lonlat (1440x721) to lonlat (1450x816) grid, with source mask (192442)
cdo    remapbil: Bilinear weights from lonlat (1440x721) to lonlat (1450x816) grid, with source mask (184876)
cdo    remapbil: Bilinear weights from lonlat (1440x721) to lonlat (1450x816) grid, with source mask (194594)
cdo    remapbil: Bilinear weights from lonlat (1440x721) to lonlat (1450x816) grid, with source mask (189660)
cdo    remapbil: Bilinear weights from lonlat (1440x721) to lonlat (1450x816) grid, with source mask (201071)
cdo    remapbil: Bilinear weights from lonlat (1440x721) to lonlat (1450x816) grid, with source mask (214429)
cdo    remapbil: Bilinear weights from lonlat (1440x721) to lonlat (1450x816) grid, with source mask (224372)
cdo    remapbil: Bilinear weights from lonlat (1440x721) to lonlat (1450x816) grid, with source mask (200036)
cdo    remapbil: Bilinear weights from lonlat (1440x721) to lonlat (1450x816) grid, with source mask (199697)
cdo    remapbil: Bilinear weights from lonlat (1440x721) to lonlat (1450x816) grid, with source mask (223533)
cdo    remapbil: Bilinear weights from lonlat (1440x721) to lonlat (1450x816) grid, with source mask (208411)
cdo    remapbil: Bilinear weights from lonlat (1440x721) to lonlat (1450x816) grid, with source mask (201539)
cdo    remapbil: Bilinear weights from lonlat (1440x721) to lonlat (1450x816) grid, with source mask (204091)
cdo    remapbil: Bilinear weights from lonlat (1440x721) to lonlat (1450x816) grid, with source mask (188062)
cdo    remapbil: Bilinear weights from lonlat (1440x721) to lonlat (1450x816) grid, with source mask (188365)
cdo    remapbil: Bilinear weights from lonlat (1440x721) to lonlat (1450x816) grid, with source mask (184388)
cdo    remapbil: Bilinear weights from lonlat (1440x721) to lonlat (1450x816) grid, with source mask (188131)
cdo    remapbil: Bilinear weights from lonlat (1440x721) to lonlat (1450x816) grid, with source mask (198680)
cdo    remapbil: Bilinear weights from lonlat (1440x721) to lonlat (1450x816) grid, with source mask (211403)
cdo    remapbil: Bilinear weights from lonlat (1440x721) to lonlat (1450x816) grid, with source mask (207772)
cdo    remapbil: Bilinear weights from lonlat (1440x721) to lonlat (1450x816) grid, with source mask (214428)
cdo    remapbil: Bilinear weights from lonlat (1440x721) to lonlat (1450x816) grid, with source mask (226771)
cdo    remapbil: Bilinear weights from lonlat (1440x721) to lonlat (1450x816) grid, with source mask (206419)
cdo    remapbil: Bilinear weights from lonlat (1440x721) to lonlat (1450x816) grid, with source mask (208375)
cdo    remapbil: Bilinear weights from lonlat (1440x721) to lonlat (1450x816) grid, with source mask (202542)
cdo    remapbil: Bilinear weights from lonlat (1440x721) to lonlat (1450x816) grid, with source mask (197975)
cdo    remapbil: Bilinear weights from lonlat (1440x721) to lonlat (1450x816) grid, with source mask (178548)
cdo    remapbil: Bilinear weights from lonlat (1440x721) to lonlat (1450x816) grid, with source mask (205100)
cdo    remapbil: Bilinear weights from lonlat (1440x721) to lonlat (1450x816) grid, with source mask (209711)
cdo    remapbil: Bilinear weights from lonlat (1440x721) to lonlat (1450x816) grid, with source mask (217732)
cdo    remapbil: Bilinear weights from lonlat (1440x721) to lonlat (1450x816) grid, with source mask (223708)
cdo    remapbil: Bilinear weights from lonlat (1440x721) to lonlat (1450x816) grid, with source mask (209026)
cdo    remapbil: Bilinear weights from lonlat (1440x721) to lonlat (1450x816) grid, with source mask (213228)
cdo    remapbil: Bilinear weights from lonlat (1440x721) to lonlat (1450x816) grid, with source mask (219812)
cdo    remapbil: Bilinear weights from lonlat (1440x721) to lonlat (1450x816) grid, with source mask (216641)
cdo    remapbil: Bilinear weights from lonlat (1440x721) to lonlat (1450x816) grid, with source mask (196765)
cdo    remapbil: Bilinear weights from lonlat (1440x721) to lonlat (1450x816) grid, with source mask (203495)
cdo    remapbil: Bilinear weights from lonlat (1440x721) to lonlat (1450x816) grid, with source mask (203535)
cdo    remapbil: Bilinear weights from lonlat (1440x721) to lonlat (1450x816) grid, with source mask (180427)
cdo    remapbil: Bilinear weights from lonlat (1440x721) to lonlat (1450x816) grid, with source mask (175965)
cdo    remapbil: Bilinear weights from lonlat (1440x721) to lonlat (1450x816) grid, with source mask (196820)
cdo    remapbil: Bilinear weights from lonlat (1440x721) to lonlat (1450x816) grid, with source mask (205741)
cdo    remapbil: Bilinear weights from lonlat (1440x721) to lonlat (1450x816) grid, with source mask (212147)
cdo    remapbil: Bilinear weights from lonlat (1440x721) to lonlat (1450x816) grid, with source mask (195894)
cdo    remapbil: Bilinear weights from lonlat (1440x721) to lonlat (1450x816) grid, with source mask (209280)
cdo    remapbil: Bilinear weights from lonlat (1440x721) to lonlat (1450x816) grid, with source mask (212907)
cdo    remapbil: Bilinear weights from lonlat (1440x721) to lonlat (1450x816) grid, with source mask (212706)
cdo    remapbil: Bilinear weights from lonlat (1440x721) to lonlat (1450x816) grid, with source mask (202601)
cdo    remapbil: Bilinear weights from lonlat (1440x721) to lonlat (1450x816) grid, with source mask (194255)
cdo    remapbil: Bilinear weights from lonlat (1440x721) to lonlat (1450x816) grid, with source mask (192541)
cdo    remapbil: Bilinear weights from lonlat (1440x721) to lonlat (1450x816) grid, with source mask (188443)
cdo    remapbil: Bilinear weights from lonlat (1440x721) to lonlat (1450x816) grid, with source mask (197375)
cdo    remapbil: Bilinear weights from lonlat (1440x721) to lonlat (1450x816) grid, with source mask (199362)
cdo    remapbil: Bilinear weights from lonlat (1440x721) to lonlat (1450x816) grid, with source mask (224885)
cdo    remapbil: Bilinear weights from lonlat (1440x721) to lonlat (1450x816) grid, with source mask (231445)
cdo    remapbil: Bilinear weights from lonlat (1440x721) to lonlat (1450x816) grid, with source mask (220679)
cdo    remapbil: Bilinear weights from lonlat (1440x721) to lonlat (1450x816) grid, with source mask (211297)
cdo    remapbil: Bilinear weights from lonlat (1440x721) to lonlat (1450x816) grid, with source mask (220942)
cdo    remapbil: Bilinear weights from lonlat (1440x721) to lonlat (1450x816) grid, with source mask (214633)
cdo    remapbil: Bilinear weights from lonlat (1440x721) to lonlat (1450x816) grid, with source mask (208117)
cdo    remapbil: Bilinear weights from lonlat (1440x721) to lonlat (1450x816) grid, with source mask (199065)
cdo    remapbil: Bilinear weights from lonlat (1440x721) to lonlat (1450x816) grid, with source mask (198561)
cdo    remapbil: Bilinear weights from lonlat (1440x721) to lonlat (1450x816) grid, with source mask (190637)
cdo    remapbil: Bilinear weights from lonlat (1440x721) to lonlat (1450x816) grid, with source mask (187106)
cdo    remapbil: Bilinear weights from lonlat (1440x721) to lonlat (1450x816) grid, with source mask (213487)
cdo    remapbil: Bilinear weights from lonlat (1440x721) to lonlat (1450x816) grid, with source mask (214848)
cdo    remapbil: Bilinear weights from lonlat (1440x721) to lonlat (1450x816) grid, with source mask (214585)
cdo    remapbil: Bilinear weights from lonlat (1440x721) to lonlat (1450x816) grid, with source mask (207931)
cdo    remapbil: Bilinear weights from lonlat (1440x721) to lonlat (1450x816) grid, with source mask (211879)
cdo    remapbil: Bilinear weights from lonlat (1440x721) to lonlat (1450x816) grid, with source mask (214696)
cdo    remapbil: Bilinear weights from lonlat (1440x721) to lonlat (1450x816) grid, with source mask (208004)
cdo    remapbil: Bilinear weights from lonlat (1440x721) to lonlat (1450x816) grid, with source mask (203279)
cdo    remapbil: Bilinear weights from lonlat (1440x721) to lonlat (1450x816) grid, with source mask (196767)
cdo    remapbil: Bilinear weights from lonlat (1440x721) to lonlat (1450x816) grid, with source mask (196828)
cdo    remapbil: Bilinear weights from lonlat (1440x721) to lonlat (1450x816) grid, with source mask (183411)

Seasonal avg

Delete files

------------------------------- THE END POSTPROCESSING ERA5 -------------------------------
