
  This is Terrain part of RegCM package version 5
   GIT Revision: 5.0.1 compiled at: data : Dec 03 2024  time: 16:32:11

 : this run start at  : 2026-05-26 23:18:18+0200
 : it is submitted by : mdasilva
 : it is running on   : lrdn4312.leonardo.local
 : in directory       : 
 /leonardo/home/userexternal/mdasilva/github_projects/shell/ictp/regcm_exp/sea/e
 xp2
                      
 Using non hydrostatic Moloch dynamic
 
 Doing Horizontal Grid with following parameters
 iy     =         1000
 jx     =         1000
 kz     =           50
 ds     =    4.44795693794183     
 clat   =   -1.00000000000000     
 clon   =    100.000000000000     
 iproj  = ROTLLR
 Grid setup done
 Geo mapping done
 Calculated large extrema:
          MINLAT =   -21.0000000000000     
          MAXLAT =    19.0000000000000     
          MINLON =    80.0000000000000     
          MAXLON =    120.000000000000     
 Determined Grid coordinate range
 No resampling used.
 Static DEM data successfully read in
 Interpolated DEM on model GRID
 Static landcover BATS data successfully read in
 Interpolated landcover on model GRID
 Static texture data successfully read in
 Interpolated texture on model GRID
 Fudging data (if requested) succeeded
 Skip moisture creation, no moisture file to read
 Vertical Grid Description (mean over domain)
 
 --------------------------------------------------
 k        sigma       p(mb)          h(m)      T(K)
 --------------------------------------------------
 51       1.000     1013.25          0.00     288.1
 50       0.980     1006.51         56.23     287.8
 49       0.960      999.30        116.74     287.4
 48       0.940      991.59        181.90     287.0
 47       0.920      983.33        252.06     286.5
 46       0.900      974.51        327.63     286.0
 45       0.880      965.07        409.04     285.5
 44       0.860      954.98        496.76     284.9
 43       0.840      944.21        591.28     284.3
 42       0.820      932.71        693.14     283.7
 41       0.800      920.44        802.93     282.9
 40       0.780      907.36        921.28     282.2
 39       0.760      893.43       1048.84     281.3
 38       0.740      878.61       1186.36     280.5
 37       0.720      862.86       1334.61     279.5
 36       0.700      846.14       1494.44     278.5
 35       0.680      828.40       1666.76     277.3
 34       0.660      809.62       1852.54     276.1
 33       0.640      789.75       2052.84     274.8
 32       0.620      768.78       2268.80     273.4
 31       0.600      746.67       2501.64     271.9
 30       0.580      723.42       2752.69     270.3
 29       0.560      699.00       3023.37     268.5
 28       0.540      673.44       3315.20     266.6
 27       0.520      646.72       3629.85     264.6
 26       0.500      618.89       3969.10     262.4
 25       0.480      589.97       4334.85     260.0
 24       0.460      560.04       4729.19     257.5
 23       0.440      529.15       5154.35     254.7
 22       0.420      497.41       5612.72     251.7
 21       0.400      464.94       6106.90     248.5
 20       0.380      431.87       6639.67     245.1
 19       0.360      398.38       7214.05     241.3
 18       0.340      364.67       7833.27     237.3
 17       0.320      330.95       8500.84     233.0
 16       0.300      297.47       9220.52     228.3
 15       0.280      264.51       9996.37     223.3
 14       0.260      232.35      10832.76     217.8
 13       0.240      201.31      11734.42     216.6
 12       0.220      171.70      12706.41     217.9
 11       0.200      143.83      13754.23     218.3
 10       0.180      118.01      14883.78     218.8
  9       0.160       94.52      16101.41     219.4
  8       0.140       73.60      17414.00     220.0
  7       0.120       55.41      18828.93     220.6
  6       0.100       40.07      20354.18     221.3
  5       0.080       27.59      21998.34     222.0
  4       0.060       17.86      23770.66     222.8
  3       0.040       10.70      25681.12     223.7
  2       0.020        5.78      27740.48     224.6
  1       0.000        2.72      29960.34     225.6
 Grid data written to output file
 Successfully completed terrain fields generation

  This is mksurfdata part of RegCM package version 5
   GIT Revision: 5.0.1 compiled at: data : Jan 27 2025  time: 11:58:15

 : this run start at  : 2026-05-26 23:18:23+0200
 : it is submitted by : mdasilva
 : it is running on   : lrdn4312.leonardo.local
 : in directory       : 
 /leonardo/home/userexternal/mdasilva/github_projects/shell/ictp/regcm_exp/sea/e
 xp2
                      
 Created topographic informations...
 Computing weights, R =      39.31474972 .......... Done.
 Computing weights, R =      11.79694390 .......... Done.
 Computing weights, R =      11.79442692 .......... Done.
 Computing weights, R =      11.79694390 .......... Done.
 Created special categories informations...
 Created pft informations...
 Computing weights, R =     117.94408035 .......... Done.
