
--------------- INIT POSPROCESSING MODEL ----------------
/marconi/home/userexternal/mdasilva/user/mdasilva/SAM-3km/output
INFO - MainProcess: Execution started
INFO - Subordinate 1: Saving variable capecin
INFO - Subordinate 1: Writing on file CORDEX/CMIP6/DD/NONE/ICTP/NONE/none/NN/RegCM5-0/v1-r1/6hr/CAPE/CAPE_NONE_NONE_none_NN_ICTP_RegCM5-0_v1-r1_6hr_202007010600-202008010000.nc
INFO - Subordinate 1: Finished writing on file CORDEX/CMIP6/DD/NONE/ICTP/NONE/none/NN/RegCM5-0/v1-r1/6hr/CAPE/CAPE_NONE_NONE_none_NN_ICTP_RegCM5-0_v1-r1_6hr_202007010600-202008010000.nc
INFO - Subordinate 1: Writing on file CORDEX/CMIP6/DD/NONE/ICTP/NONE/none/NN/RegCM5-0/v1-r1/6hr/CIN/CIN_NONE_NONE_none_NN_ICTP_RegCM5-0_v1-r1_6hr_202007010600-202008010000.nc
INFO - Subordinate 1: Finished writing on file CORDEX/CMIP6/DD/NONE/ICTP/NONE/none/NN/RegCM5-0/v1-r1/6hr/CIN/CIN_NONE_NONE_none_NN_ICTP_RegCM5-0_v1-r1_6hr_202007010600-202008010000.nc
INFO - Subordinate 1: Writing on file CORDEX/CMIP6/DD/NONE/ICTP/NONE/none/NN/RegCM5-0/v1-r1/day/CAPE/CAPE_NONE_NONE_none_NN_ICTP_RegCM5-0_v1-r1_day_20200701-20200731.nc
INFO - Subordinate 1: Finished writing on file CORDEX/CMIP6/DD/NONE/ICTP/NONE/none/NN/RegCM5-0/v1-r1/day/CAPE/CAPE_NONE_NONE_none_NN_ICTP_RegCM5-0_v1-r1_day_20200701-20200731.nc
INFO - Subordinate 1: Writing on file CORDEX/CMIP6/DD/NONE/ICTP/NONE/none/NN/RegCM5-0/v1-r1/day/CIN/CIN_NONE_NONE_none_NN_ICTP_RegCM5-0_v1-r1_day_20200701-20200731.nc
INFO - Subordinate 1: Finished writing on file CORDEX/CMIP6/DD/NONE/ICTP/NONE/none/NN/RegCM5-0/v1-r1/day/CIN/CIN_NONE_NONE_none_NN_ICTP_RegCM5-0_v1-r1_day_20200701-20200731.nc
INFO - Subordinate 1: Variable capecin saved using action number 0
INFO - MainProcess: Execution started
INFO - Subordinate 1: Saving variable capecin
INFO - Subordinate 1: Writing on file CORDEX/CMIP6/DD/NONE/ICTP/NONE/none/NN/RegCM5-0/v1-r1/6hr/CAPE/CAPE_NONE_NONE_none_NN_ICTP_RegCM5-0_v1-r1_6hr_202008010600-202009010000.nc
INFO - Subordinate 1: Finished writing on file CORDEX/CMIP6/DD/NONE/ICTP/NONE/none/NN/RegCM5-0/v1-r1/6hr/CAPE/CAPE_NONE_NONE_none_NN_ICTP_RegCM5-0_v1-r1_6hr_202008010600-202009010000.nc
INFO - Subordinate 1: Writing on file CORDEX/CMIP6/DD/NONE/ICTP/NONE/none/NN/RegCM5-0/v1-r1/6hr/CIN/CIN_NONE_NONE_none_NN_ICTP_RegCM5-0_v1-r1_6hr_202008010600-202009010000.nc
INFO - Subordinate 1: Finished writing on file CORDEX/CMIP6/DD/NONE/ICTP/NONE/none/NN/RegCM5-0/v1-r1/6hr/CIN/CIN_NONE_NONE_none_NN_ICTP_RegCM5-0_v1-r1_6hr_202008010600-202009010000.nc
INFO - Subordinate 1: Writing on file CORDEX/CMIP6/DD/NONE/ICTP/NONE/none/NN/RegCM5-0/v1-r1/day/CAPE/CAPE_NONE_NONE_none_NN_ICTP_RegCM5-0_v1-r1_day_20200801-20200831.nc
INFO - Subordinate 1: Finished writing on file CORDEX/CMIP6/DD/NONE/ICTP/NONE/none/NN/RegCM5-0/v1-r1/day/CAPE/CAPE_NONE_NONE_none_NN_ICTP_RegCM5-0_v1-r1_day_20200801-20200831.nc
INFO - Subordinate 1: Writing on file CORDEX/CMIP6/DD/NONE/ICTP/NONE/none/NN/RegCM5-0/v1-r1/day/CIN/CIN_NONE_NONE_none_NN_ICTP_RegCM5-0_v1-r1_day_20200801-20200831.nc
INFO - Subordinate 1: Finished writing on file CORDEX/CMIP6/DD/NONE/ICTP/NONE/none/NN/RegCM5-0/v1-r1/day/CIN/CIN_NONE_NONE_none_NN_ICTP_RegCM5-0_v1-r1_day_20200801-20200831.nc
INFO - Subordinate 1: Variable capecin saved using action number 0
INFO - MainProcess: Execution started
INFO - Subordinate 1: Saving variable capecin
