
--------------- INIT POSPROCESSING MODEL ----------------
/marconi/home/userexternal/mdasilva/user/mdasilva/SAM-3km/output
INFO - MainProcess: Execution started
INFO - Subordinate 1: Saving variable capecin
INFO - Subordinate 1: Writing on file CORDEX/CMIP6/DD/NONE/ICTP/NONE/none/NN/RegCM5-0/v1-r1/6hr/CAPE/CAPE_NONE_NONE_none_NN_ICTP_RegCM5-0_v1-r1_6hr_201801010000-201802010000.nc
INFO - Subordinate 1: Finished writing on file CORDEX/CMIP6/DD/NONE/ICTP/NONE/none/NN/RegCM5-0/v1-r1/6hr/CAPE/CAPE_NONE_NONE_none_NN_ICTP_RegCM5-0_v1-r1_6hr_201801010000-201802010000.nc
INFO - Subordinate 1: Writing on file CORDEX/CMIP6/DD/NONE/ICTP/NONE/none/NN/RegCM5-0/v1-r1/6hr/CIN/CIN_NONE_NONE_none_NN_ICTP_RegCM5-0_v1-r1_6hr_201801010000-201802010000.nc
INFO - Subordinate 1: Finished writing on file CORDEX/CMIP6/DD/NONE/ICTP/NONE/none/NN/RegCM5-0/v1-r1/6hr/CIN/CIN_NONE_NONE_none_NN_ICTP_RegCM5-0_v1-r1_6hr_201801010000-201802010000.nc
INFO - Subordinate 1: Writing on file CORDEX/CMIP6/DD/NONE/ICTP/NONE/none/NN/RegCM5-0/v1-r1/day/CAPE/CAPE_NONE_NONE_none_NN_ICTP_RegCM5-0_v1-r1_day_20180101-20180131.nc
INFO - Subordinate 1: Finished writing on file CORDEX/CMIP6/DD/NONE/ICTP/NONE/none/NN/RegCM5-0/v1-r1/day/CAPE/CAPE_NONE_NONE_none_NN_ICTP_RegCM5-0_v1-r1_day_20180101-20180131.nc
INFO - Subordinate 1: Writing on file CORDEX/CMIP6/DD/NONE/ICTP/NONE/none/NN/RegCM5-0/v1-r1/day/CIN/CIN_NONE_NONE_none_NN_ICTP_RegCM5-0_v1-r1_day_20180101-20180131.nc
INFO - Subordinate 1: Finished writing on file CORDEX/CMIP6/DD/NONE/ICTP/NONE/none/NN/RegCM5-0/v1-r1/day/CIN/CIN_NONE_NONE_none_NN_ICTP_RegCM5-0_v1-r1_day_20180101-20180131.nc
INFO - Subordinate 1: Variable capecin saved using action number 0
INFO - MainProcess: Execution started
INFO - Subordinate 1: Saving variable capecin
INFO - Subordinate 1: Writing on file CORDEX/CMIP6/DD/NONE/ICTP/NONE/none/NN/RegCM5-0/v1-r1/6hr/CAPE/CAPE_NONE_NONE_none_NN_ICTP_RegCM5-0_v1-r1_6hr_201802010600-201803010000.nc
INFO - Subordinate 1: Finished writing on file CORDEX/CMIP6/DD/NONE/ICTP/NONE/none/NN/RegCM5-0/v1-r1/6hr/CAPE/CAPE_NONE_NONE_none_NN_ICTP_RegCM5-0_v1-r1_6hr_201802010600-201803010000.nc
INFO - Subordinate 1: Writing on file CORDEX/CMIP6/DD/NONE/ICTP/NONE/none/NN/RegCM5-0/v1-r1/6hr/CIN/CIN_NONE_NONE_none_NN_ICTP_RegCM5-0_v1-r1_6hr_201802010600-201803010000.nc
INFO - Subordinate 1: Finished writing on file CORDEX/CMIP6/DD/NONE/ICTP/NONE/none/NN/RegCM5-0/v1-r1/6hr/CIN/CIN_NONE_NONE_none_NN_ICTP_RegCM5-0_v1-r1_6hr_201802010600-201803010000.nc
INFO - Subordinate 1: Writing on file CORDEX/CMIP6/DD/NONE/ICTP/NONE/none/NN/RegCM5-0/v1-r1/day/CAPE/CAPE_NONE_NONE_none_NN_ICTP_RegCM5-0_v1-r1_day_20180201-20180228.nc
INFO - Subordinate 1: Finished writing on file CORDEX/CMIP6/DD/NONE/ICTP/NONE/none/NN/RegCM5-0/v1-r1/day/CAPE/CAPE_NONE_NONE_none_NN_ICTP_RegCM5-0_v1-r1_day_20180201-20180228.nc
INFO - Subordinate 1: Writing on file CORDEX/CMIP6/DD/NONE/ICTP/NONE/none/NN/RegCM5-0/v1-r1/day/CIN/CIN_NONE_NONE_none_NN_ICTP_RegCM5-0_v1-r1_day_20180201-20180228.nc
INFO - Subordinate 1: Finished writing on file CORDEX/CMIP6/DD/NONE/ICTP/NONE/none/NN/RegCM5-0/v1-r1/day/CIN/CIN_NONE_NONE_none_NN_ICTP_RegCM5-0_v1-r1_day_20180201-20180228.nc
INFO - Subordinate 1: Variable capecin saved using action number 0
INFO - MainProcess: Execution started
INFO - Subordinate 1: Saving variable capecin
INFO - Subordinate 1: Writing on file CORDEX/CMIP6/DD/NONE/ICTP/NONE/none/NN/RegCM5-0/v1-r1/6hr/CAPE/CAPE_NONE_NONE_none_NN_ICTP_RegCM5-0_v1-r1_6hr_201803010600-201804010000.nc
INFO - Subordinate 1: Finished writing on file CORDEX/CMIP6/DD/NONE/ICTP/NONE/none/NN/RegCM5-0/v1-r1/6hr/CAPE/CAPE_NONE_NONE_none_NN_ICTP_RegCM5-0_v1-r1_6hr_201803010600-201804010000.nc
INFO - Subordinate 1: Writing on file CORDEX/CMIP6/DD/NONE/ICTP/NONE/none/NN/RegCM5-0/v1-r1/6hr/CIN/CIN_NONE_NONE_none_NN_ICTP_RegCM5-0_v1-r1_6hr_201803010600-201804010000.nc
INFO - Subordinate 1: Finished writing on file CORDEX/CMIP6/DD/NONE/ICTP/NONE/none/NN/RegCM5-0/v1-r1/6hr/CIN/CIN_NONE_NONE_none_NN_ICTP_RegCM5-0_v1-r1_6hr_201803010600-201804010000.nc
INFO - Subordinate 1: Writing on file CORDEX/CMIP6/DD/NONE/ICTP/NONE/none/NN/RegCM5-0/v1-r1/day/CAPE/CAPE_NONE_NONE_none_NN_ICTP_RegCM5-0_v1-r1_day_20180301-20180331.nc
INFO - Subordinate 1: Finished writing on file CORDEX/CMIP6/DD/NONE/ICTP/NONE/none/NN/RegCM5-0/v1-r1/day/CAPE/CAPE_NONE_NONE_none_NN_ICTP_RegCM5-0_v1-r1_day_20180301-20180331.nc
INFO - Subordinate 1: Writing on file CORDEX/CMIP6/DD/NONE/ICTP/NONE/none/NN/RegCM5-0/v1-r1/day/CIN/CIN_NONE_NONE_none_NN_ICTP_RegCM5-0_v1-r1_day_20180301-20180331.nc
INFO - Subordinate 1: Finished writing on file CORDEX/CMIP6/DD/NONE/ICTP/NONE/none/NN/RegCM5-0/v1-r1/day/CIN/CIN_NONE_NONE_none_NN_ICTP_RegCM5-0_v1-r1_day_20180301-20180331.nc
INFO - Subordinate 1: Variable capecin saved using action number 0
INFO - MainProcess: Execution started
INFO - Subordinate 1: Saving variable capecin
INFO - Subordinate 1: Writing on file CORDEX/CMIP6/DD/NONE/ICTP/NONE/none/NN/RegCM5-0/v1-r1/6hr/CAPE/CAPE_NONE_NONE_none_NN_ICTP_RegCM5-0_v1-r1_6hr_201804010600-201805010000.nc
INFO - Subordinate 1: Finished writing on file CORDEX/CMIP6/DD/NONE/ICTP/NONE/none/NN/RegCM5-0/v1-r1/6hr/CAPE/CAPE_NONE_NONE_none_NN_ICTP_RegCM5-0_v1-r1_6hr_201804010600-201805010000.nc
INFO - Subordinate 1: Writing on file CORDEX/CMIP6/DD/NONE/ICTP/NONE/none/NN/RegCM5-0/v1-r1/6hr/CIN/CIN_NONE_NONE_none_NN_ICTP_RegCM5-0_v1-r1_6hr_201804010600-201805010000.nc
INFO - Subordinate 1: Finished writing on file CORDEX/CMIP6/DD/NONE/ICTP/NONE/none/NN/RegCM5-0/v1-r1/6hr/CIN/CIN_NONE_NONE_none_NN_ICTP_RegCM5-0_v1-r1_6hr_201804010600-201805010000.nc
INFO - Subordinate 1: Writing on file CORDEX/CMIP6/DD/NONE/ICTP/NONE/none/NN/RegCM5-0/v1-r1/day/CAPE/CAPE_NONE_NONE_none_NN_ICTP_RegCM5-0_v1-r1_day_20180401-20180430.nc
INFO - Subordinate 1: Finished writing on file CORDEX/CMIP6/DD/NONE/ICTP/NONE/none/NN/RegCM5-0/v1-r1/day/CAPE/CAPE_NONE_NONE_none_NN_ICTP_RegCM5-0_v1-r1_day_20180401-20180430.nc
INFO - Subordinate 1: Writing on file CORDEX/CMIP6/DD/NONE/ICTP/NONE/none/NN/RegCM5-0/v1-r1/day/CIN/CIN_NONE_NONE_none_NN_ICTP_RegCM5-0_v1-r1_day_20180401-20180430.nc
INFO - Subordinate 1: Finished writing on file CORDEX/CMIP6/DD/NONE/ICTP/NONE/none/NN/RegCM5-0/v1-r1/day/CIN/CIN_NONE_NONE_none_NN_ICTP_RegCM5-0_v1-r1_day_20180401-20180430.nc
INFO - Subordinate 1: Variable capecin saved using action number 0
INFO - MainProcess: Execution started
INFO - Subordinate 1: Saving variable capecin
INFO - Subordinate 1: Writing on file CORDEX/CMIP6/DD/NONE/ICTP/NONE/none/NN/RegCM5-0/v1-r1/6hr/CAPE/CAPE_NONE_NONE_none_NN_ICTP_RegCM5-0_v1-r1_6hr_201805010600-201806010000.nc
INFO - Subordinate 1: Finished writing on file CORDEX/CMIP6/DD/NONE/ICTP/NONE/none/NN/RegCM5-0/v1-r1/6hr/CAPE/CAPE_NONE_NONE_none_NN_ICTP_RegCM5-0_v1-r1_6hr_201805010600-201806010000.nc
INFO - Subordinate 1: Writing on file CORDEX/CMIP6/DD/NONE/ICTP/NONE/none/NN/RegCM5-0/v1-r1/6hr/CIN/CIN_NONE_NONE_none_NN_ICTP_RegCM5-0_v1-r1_6hr_201805010600-201806010000.nc
INFO - Subordinate 1: Finished writing on file CORDEX/CMIP6/DD/NONE/ICTP/NONE/none/NN/RegCM5-0/v1-r1/6hr/CIN/CIN_NONE_NONE_none_NN_ICTP_RegCM5-0_v1-r1_6hr_201805010600-201806010000.nc
INFO - Subordinate 1: Writing on file CORDEX/CMIP6/DD/NONE/ICTP/NONE/none/NN/RegCM5-0/v1-r1/day/CAPE/CAPE_NONE_NONE_none_NN_ICTP_RegCM5-0_v1-r1_day_20180501-20180531.nc
INFO - Subordinate 1: Finished writing on file CORDEX/CMIP6/DD/NONE/ICTP/NONE/none/NN/RegCM5-0/v1-r1/day/CAPE/CAPE_NONE_NONE_none_NN_ICTP_RegCM5-0_v1-r1_day_20180501-20180531.nc
INFO - Subordinate 1: Writing on file CORDEX/CMIP6/DD/NONE/ICTP/NONE/none/NN/RegCM5-0/v1-r1/day/CIN/CIN_NONE_NONE_none_NN_ICTP_RegCM5-0_v1-r1_day_20180501-20180531.nc
INFO - Subordinate 1: Finished writing on file CORDEX/CMIP6/DD/NONE/ICTP/NONE/none/NN/RegCM5-0/v1-r1/day/CIN/CIN_NONE_NONE_none_NN_ICTP_RegCM5-0_v1-r1_day_20180501-20180531.nc
INFO - Subordinate 1: Variable capecin saved using action number 0
INFO - MainProcess: Execution started
INFO - Subordinate 1: Saving variable capecin
INFO - Subordinate 1: Writing on file CORDEX/CMIP6/DD/NONE/ICTP/NONE/none/NN/RegCM5-0/v1-r1/6hr/CAPE/CAPE_NONE_NONE_none_NN_ICTP_RegCM5-0_v1-r1_6hr_201806010600-201807010000.nc
INFO - Subordinate 1: Finished writing on file CORDEX/CMIP6/DD/NONE/ICTP/NONE/none/NN/RegCM5-0/v1-r1/6hr/CAPE/CAPE_NONE_NONE_none_NN_ICTP_RegCM5-0_v1-r1_6hr_201806010600-201807010000.nc
INFO - Subordinate 1: Writing on file CORDEX/CMIP6/DD/NONE/ICTP/NONE/none/NN/RegCM5-0/v1-r1/6hr/CIN/CIN_NONE_NONE_none_NN_ICTP_RegCM5-0_v1-r1_6hr_201806010600-201807010000.nc
INFO - Subordinate 1: Finished writing on file CORDEX/CMIP6/DD/NONE/ICTP/NONE/none/NN/RegCM5-0/v1-r1/6hr/CIN/CIN_NONE_NONE_none_NN_ICTP_RegCM5-0_v1-r1_6hr_201806010600-201807010000.nc
INFO - Subordinate 1: Writing on file CORDEX/CMIP6/DD/NONE/ICTP/NONE/none/NN/RegCM5-0/v1-r1/day/CAPE/CAPE_NONE_NONE_none_NN_ICTP_RegCM5-0_v1-r1_day_20180601-20180630.nc
INFO - Subordinate 1: Finished writing on file CORDEX/CMIP6/DD/NONE/ICTP/NONE/none/NN/RegCM5-0/v1-r1/day/CAPE/CAPE_NONE_NONE_none_NN_ICTP_RegCM5-0_v1-r1_day_20180601-20180630.nc
INFO - Subordinate 1: Writing on file CORDEX/CMIP6/DD/NONE/ICTP/NONE/none/NN/RegCM5-0/v1-r1/day/CIN/CIN_NONE_NONE_none_NN_ICTP_RegCM5-0_v1-r1_day_20180601-20180630.nc
INFO - Subordinate 1: Finished writing on file CORDEX/CMIP6/DD/NONE/ICTP/NONE/none/NN/RegCM5-0/v1-r1/day/CIN/CIN_NONE_NONE_none_NN_ICTP_RegCM5-0_v1-r1_day_20180601-20180630.nc
INFO - Subordinate 1: Variable capecin saved using action number 0
INFO - MainProcess: Execution started
INFO - Subordinate 1: Saving variable capecin
INFO - Subordinate 1: Writing on file CORDEX/CMIP6/DD/NONE/ICTP/NONE/none/NN/RegCM5-0/v1-r1/6hr/CAPE/CAPE_NONE_NONE_none_NN_ICTP_RegCM5-0_v1-r1_6hr_201807010600-201808010000.nc
INFO - Subordinate 1: Finished writing on file CORDEX/CMIP6/DD/NONE/ICTP/NONE/none/NN/RegCM5-0/v1-r1/6hr/CAPE/CAPE_NONE_NONE_none_NN_ICTP_RegCM5-0_v1-r1_6hr_201807010600-201808010000.nc
INFO - Subordinate 1: Writing on file CORDEX/CMIP6/DD/NONE/ICTP/NONE/none/NN/RegCM5-0/v1-r1/6hr/CIN/CIN_NONE_NONE_none_NN_ICTP_RegCM5-0_v1-r1_6hr_201807010600-201808010000.nc
INFO - Subordinate 1: Finished writing on file CORDEX/CMIP6/DD/NONE/ICTP/NONE/none/NN/RegCM5-0/v1-r1/6hr/CIN/CIN_NONE_NONE_none_NN_ICTP_RegCM5-0_v1-r1_6hr_201807010600-201808010000.nc
INFO - Subordinate 1: Writing on file CORDEX/CMIP6/DD/NONE/ICTP/NONE/none/NN/RegCM5-0/v1-r1/day/CAPE/CAPE_NONE_NONE_none_NN_ICTP_RegCM5-0_v1-r1_day_20180701-20180731.nc
INFO - Subordinate 1: Finished writing on file CORDEX/CMIP6/DD/NONE/ICTP/NONE/none/NN/RegCM5-0/v1-r1/day/CAPE/CAPE_NONE_NONE_none_NN_ICTP_RegCM5-0_v1-r1_day_20180701-20180731.nc
INFO - Subordinate 1: Writing on file CORDEX/CMIP6/DD/NONE/ICTP/NONE/none/NN/RegCM5-0/v1-r1/day/CIN/CIN_NONE_NONE_none_NN_ICTP_RegCM5-0_v1-r1_day_20180701-20180731.nc
INFO - Subordinate 1: Finished writing on file CORDEX/CMIP6/DD/NONE/ICTP/NONE/none/NN/RegCM5-0/v1-r1/day/CIN/CIN_NONE_NONE_none_NN_ICTP_RegCM5-0_v1-r1_day_20180701-20180731.nc
INFO - Subordinate 1: Variable capecin saved using action number 0
INFO - MainProcess: Execution started
INFO - Subordinate 1: Saving variable capecin
